Test ran at 2024-06-21 00:29:16.496681+00:00

SOLUTION:
matreshka_sql=21.0.0: Common SQL Database API
Origin: commit 64f17b82f6b542fbe1790c7c3f207721969f939b from https://github.com/reznikmm/matreshka-alire
Properties:
   Author: Vadim Godunko
   Description: Common SQL Database API
   License: BSD-3-Clause
   Maintainer: Vadim Godunko <vgodunko@gmail.com>
   Maintainer: Maxim Reznik <reznikmm@gmail.com>
   Maintainers_Logins: godunko
   Maintainers_Logins: reznikmm
   Name: matreshka_sql
   Project_File: build_matreshka_sql.gpr
   Tag: sql
   Tag: database
   Tag: db
   Version: 21.0.0
   Website: https://github.com/godunko/matreshka
Dependencies (direct):
   matreshka_league21.0.0
Dependencies (solution):
   gnat=11.2.4 (gnat_native) (installed)
   make=3.81.0
   matreshka_league=21.0.0
Dependencies (graph):
   matreshka_league=21.0.0 --> gnat=11.2.4 (gnat_native) (<2000)
   matreshka_league=21.0.0 --> make=3.81.0 (*)                  
   matreshka_sql=21.0.0    --> matreshka_league=21.0.0 (21.0.0) 


LOG:
Note: Deploying matreshka_sql=21.0.0...
Note: Deploying make=3.81.0...
Note: Deploying matreshka_league=21.0.0...
#=#=#                                                                          
##O#-#                                                                         

                                                                           0.1%
##############                                                            20.2%
###########################                                               38.6%
###########################################                               60.0%
###################################################                       72.2%
######################################################################    97.3%
######################################################################## 100.0%
Note: Running post_fetch actions for matreshka_league=21.0.0...
gnatmake -p -j0  -Pgnat/tools_configure.gpr
Setup
   [mkdir]        object directory for project Tools_Configure
Compile
   [Ada]          configure-driver.adb
   [Ada]          configure.adb
   [Ada]          configure-architecture.adb
   [Ada]          configure-instantiate.adb
   [Ada]          configure-internals.adb
   [Ada]          configure-rtl_version.adb
   [Ada]          configure-tests.ads
   [Ada]          configure-tests-asis.adb
   [Ada]          configure-tests-aws.adb
   [Ada]          configure-tests-firebird.adb
   [Ada]          configure-tests-gprbuild.adb
   [Ada]          configure-tests-install.adb
   [Ada]          configure-tests-installation_directories.adb
   [Ada]          configure-tests-modules.ads
   [Ada]          configure-tests-modules-amf.adb
   [Ada]          configure-tests-mysql.adb
   [Ada]          configure-tests-oci.adb
   [Ada]          configure-tests-operating_system.adb
   [Ada]          configure-tests-postgresql.adb
   [Ada]          configure-tests-sqlite3.adb
   [Ada]          configure-tests-valgrind.adb
   [Ada]          configure-version.adb
   [Ada]          configure-builder.adb
   [Ada]          configure-abstract_tests.adb
   [Ada]          configure-pkg_config.adb
   [Ada]          configure-component_switches.adb
Bind
   [gprbind]      configure-driver.bexch
   [Ada]          configure-driver.ali
Link
   [link]         configure-driver.adb
-macosx_version_min has been renamed to -macos_version_min
ld: warning: ignoring duplicate libraries: '-lSystem'
0  0x1047cbf43  __assert_rtn + 64
1  0x1046cdf43  ld::AtomPlacement::findAtom(unsigned char, unsigned long long, ld::AtomPlacement::AtomLoc const*&, long long&) const + 1411
2  0x1046ea431  ld::InputFiles::SliceParser::parseObjectFile(mach_o::Header const*) const + 19745
3  0x1046fab71  ld::InputFiles::parseAllFiles(void (ld::AtomFile const*) block_pointer)::$_7::operator()(unsigned long, ld::FileInfo const&) const + 657
4  0x7ff8070aedef  _dispatch_client_callout2 + 8
5  0x7ff8070c0547  _dispatch_apply_invoke3 + 431
6  0x7ff8070aedbc  _dispatch_client_callout + 8
7  0x7ff8070b004e  _dispatch_once_callout + 20
8  0x7ff8070c0a9b  _dispatch_apply_invoke_and_wait + 278
9  0x7ff8070bfcf8  _dispatch_apply_with_attr_f + 1225
10  0x7ff8070bfeaf  dispatch_apply + 45
11  0x104793972  ld::AtomFileConsolidator::parseFiles(bool) + 370
12  0x10471ad67  main + 12263
ld: Assertion failed: (resultIndex < sectData.atoms.size()), function findAtom, file Relocations.cpp, line 1336.
collect2: error: ld returned 1 exit status
gprbuild: link of configure-driver.adb failed
gprbuild: failed command was: /users/runner/.config/alire/cache/dependencies/gnat_native_11.2.4_9800548d/bin/gcc configure-driver.o b__configure-driver.o /Users/runner/work/alire-crates-ci/alire-crates-ci/test/dd5edf4e-7fd6-4091-b9f9-a1fc9d02f081/matreshka_sql_21.0.0_64f17b82/alire/cache/dependencies/matreshka_league_21.0.0_0c8f4d47/.objs/configure/configure.o /Users/runner/work/alire-crates-ci/alire-crates-ci/test/dd5edf4e-7fd6-4091-b9f9-a1fc9d02f081/matreshka_sql_21.0.0_64f17b82/alire/cache/dependencies/matreshka_league_21.0.0_0c8f4d47/.objs/configure/configure-component_switches.o /Users/runner/work/alire-crates-ci/alire-crates-ci/test/dd5edf4e-7fd6-4091-b9f9-a1fc9d02f081/matreshka_sql_21.0.0_64f17b82/alire/cache/dependencies/matreshka_league_21.0.0_0c8f4d47/.objs/configure/configure-instantiate.o /Users/runner/work/alire-crates-ci/alire-crates-ci/test/dd5edf4e-7fd6-4091-b9f9-a1fc9d02f081/matreshka_sql_21.0.0_64f17b82/alire/cache/dependencies/matreshka_league_21.0.0_0c8f4d47/.objs/configure/configure-internals.o /Users/runner/work/alire-crates-ci/alire-crates-ci/test/dd5edf4e-7fd6-4091-b9f9-a1fc9d02f081/matreshka_sql_21.0.0_64f17b82/alire/cache/dependencies/matreshka_league_21.0.0_0c8f4d47/.objs/configure/configure-abstract_tests.o /Users/runner/work/alire-crates-ci/alire-crates-ci/test/dd5edf4e-7fd6-4091-b9f9-a1fc9d02f081/matreshka_sql_21.0.0_64f17b82/alire/cache/dependencies/matreshka_league_21.0.0_0c8f4d47/.objs/configure/configure-builder.o /Users/runner/work/alire-crates-ci/alire-crates-ci/test/dd5edf4e-7fd6-4091-b9f9-a1fc9d02f081/matreshka_sql_21.0.0_64f17b82/alire/cache/dependencies/matreshka_league_21.0.0_0c8f4d47/.objs/configure/configure-architecture.o /Users/runner/work/alire-crates-ci/alire-crates-ci/test/dd5edf4e-7fd6-4091-b9f9-a1fc9d02f081/matreshka_sql_21.0.0_64f17b82/alire/cache/dependencies/matreshka_league_21.0.0_0c8f4d47/.objs/configure/configure-pkg_config.o /Users/runner/work/alire-crates-ci/alire-crates-ci/test/dd5edf4e-7fd6-4091-b9f9-a1fc9d02f081/matreshka_sql_21.0.0_64f17b82/alire/cache/dependencies/matreshka_league_21.0.0_0c8f4d47/.objs/configure/configure-rtl_version.o /Users/runner/work/alire-crates-ci/alire-crates-ci/test/dd5edf4e-7fd6-4091-b9f9-a1fc9d02f081/matreshka_sql_21.0.0_64f17b82/alire/cache/dependencies/matreshka_league_21.0.0_0c8f4d47/.objs/configure/configure-tests.o /Users/runner/work/alire-crates-ci/alire-crates-ci/test/dd5edf4e-7fd6-4091-b9f9-a1fc9d02f081/matreshka_sql_21.0.0_64f17b82/alire/cache/dependencies/matreshka_league_21.0.0_0c8f4d47/.objs/configure/configure-tests-asis.o /Users/runner/work/alire-crates-ci/alire-crates-ci/test/dd5edf4e-7fd6-4091-b9f9-a1fc9d02f081/matreshka_sql_21.0.0_64f17b82/alire/cache/dependencies/matreshka_league_21.0.0_0c8f4d47/.objs/configure/configure-tests-aws.o /Users/runner/work/alire-crates-ci/alire-crates-ci/test/dd5edf4e-7fd6-4091-b9f9-a1fc9d02f081/matreshka_sql_21.0.0_64f17b82/alire/cache/dependencies/matreshka_league_21.0.0_0c8f4d47/.objs/configure/configure-tests-firebird.o /Users/runner/work/alire-crates-ci/alire-crates-ci/test/dd5edf4e-7fd6-4091-b9f9-a1fc9d02f081/matreshka_sql_21.0.0_64f17b82/alire/cache/dependencies/matreshka_league_21.0.0_0c8f4d47/.objs/configure/configure-tests-gprbuild.o /Users/runner/work/alire-crates-ci/alire-crates-ci/test/dd5edf4e-7fd6-4091-b9f9-a1fc9d02f081/matreshka_sql_21.0.0_64f17b82/alire/cache/dependencies/matreshka_league_21.0.0_0c8f4d47/.objs/configure/configure-tests-install.o /Users/runner/work/alire-crates-ci/alire-crates-ci/test/dd5edf4e-7fd6-4091-b9f9-a1fc9d02f081/matreshka_sql_21.0.0_64f17b82/alire/cache/dependencies/matreshka_league_21.0.0_0c8f4d47/.objs/configure/configure-tests-installation_directories.o /Users/runner/work/alire-crates-ci/alire-crates-ci/test/dd5edf4e-7fd6-4091-b9f9-a1fc9d02f081/matreshka_sql_21.0.0_64f17b82/alire/cache/dependencies/matreshka_league_21.0.0_0c8f4d47/.objs/configure/configure-tests-modules.o /Users/runner/work/alire-crates-ci/alire-crates-ci/test/dd5edf4e-7fd6-4091-b9f9-a1fc9d02f081/matreshka_sql_21.0.0_64f17b82/alire/cache/dependencies/matreshka_league_21.0.0_0c8f4d47/.objs/configure/configure-tests-mysql.o /Users/runner/work/alire-crates-ci/alire-crates-ci/test/dd5edf4e-7fd6-4091-b9f9-a1fc9d02f081/matreshka_sql_21.0.0_64f17b82/alire/cache/dependencies/matreshka_league_21.0.0_0c8f4d47/.objs/configure/configure-tests-operating_system.o /Users/runner/work/alire-crates-ci/alire-crates-ci/test/dd5edf4e-7fd6-4091-b9f9-a1fc9d02f081/matreshka_sql_21.0.0_64f17b82/alire/cache/dependencies/matreshka_league_21.0.0_0c8f4d47/.objs/configure/configure-tests-modules-amf.o /Users/runner/work/alire-crates-ci/alire-crates-ci/test/dd5edf4e-7fd6-4091-b9f9-a1fc9d02f081/matreshka_sql_21.0.0_64f17b82/alire/cache/dependencies/matreshka_league_21.0.0_0c8f4d47/.objs/configure/configure-tests-oci.o /Users/runner/work/alire-crates-ci/alire-crates-ci/test/dd5edf4e-7fd6-4091-b9f9-a1fc9d02f081/matreshka_sql_21.0.0_64f17b82/alire/cache/dependencies/matreshka_league_21.0.0_0c8f4d47/.objs/configure/configure-tests-postgresql.o /Users/runner/work/alire-crates-ci/alire-crates-ci/test/dd5edf4e-7fd6-4091-b9f9-a1fc9d02f081/matreshka_sql_21.0.0_64f17b82/alire/cache/dependencies/matreshka_league_21.0.0_0c8f4d47/.objs/configure/configure-tests-sqlite3.o /Users/runner/work/alire-crates-ci/alire-crates-ci/test/dd5edf4e-7fd6-4091-b9f9-a1fc9d02f081/matreshka_sql_21.0.0_64f17b82/alire/cache/dependencies/matreshka_league_21.0.0_0c8f4d47/.objs/configure/configure-tests-valgrind.o /Users/runner/work/alire-crates-ci/alire-crates-ci/test/dd5edf4e-7fd6-4091-b9f9-a1fc9d02f081/matreshka_sql_21.0.0_64f17b82/alire/cache/dependencies/matreshka_league_21.0.0_0c8f4d47/.objs/configure/configure-version.o -L/Users/runner/work/alire-crates-ci/alire-crates-ci/test/dd5edf4e-7fd6-4091-b9f9-a1fc9d02f081/matreshka_sql_21.0.0_64f17b82/alire/cache/dependencies/matreshka_league_21.0.0_0c8f4d47/.objs/configure/ -L/Users/runner/work/alire-crates-ci/alire-crates-ci/test/dd5edf4e-7fd6-4091-b9f9-a1fc9d02f081/matreshka_sql_21.0.0_64f17b82/alire/cache/dependencies/matreshka_league_21.0.0_0c8f4d47/.objs/configure/ -L/users/runner/.config/alire/cache/dependencies/gnat_native_11.2.4_9800548d/lib/gcc/x86_64-apple-darwin19.6.0/11.2.0/adalib/ /users/runner/.config/alire/cache/dependencies/gnat_native_11.2.4_9800548d/lib/gcc/x86_64-apple-darwin19.6.0/11.2.0/adalib/libgnat.a -Wl,-rpath,@executable_path//.objs/configure -Wl,-rpath,@executable_path/../../../../../../../../../..//.config/alire/cache/dependencies/gnat_native_11.2.4_9800548d/lib/gcc/x86_64-apple-darwin19.6.0/11.2.0/adalib -o /Users/runner/work/alire-crates-ci/alire-crates-ci/test/dd5edf4e-7fd6-4091-b9f9-a1fc9d02f081/matreshka_sql_21.0.0_64f17b82/alire/cache/dependencies/matreshka_league_21.0.0_0c8f4d47//configure
make: *** [config] Error 5
stderr: Command ["make", "reconfig"] exited with code 2
stderr: ALIRE.CHECKED_ERROR
stderr: Command ["make", "reconfig"] exited with code 2
stderr: raised ALIRE.CHECKED_ERROR : alire-stored-error:1
Load address: 0x1001fd000
Call stack traceback locations:
0x100b05415 0x1007d8e83 0x1007de729 0x1007df909 0x1007ded1b 0x100950299 0x100950fd4 0x100967873 0x1009b3dc1 0x1009b23c2 0x1009679b8 0x100951346 0x10026d1cf 0x10027201c 0x1002f805c 0x1003033b8 0x1001fe605 0x100201914

stderr: A post-fetch action failed, re-run with -vv -d for details
ERROR: A post-fetch action failed, re-run with -vv -d for details
