Test ran at 2024-04-05 12:38:31.877122+00:00

SOLUTION:
matreshka_sql_sqlite3=21.0.0: SQLite binding for Ada
Origin: commit 0ae8347db103c231d60bc4b795461aa4e6c73696 from https://github.com/reznikmm/matreshka-alire
Properties:
   Author: Vadim Godunko
   Description: SQLite binding for Ada
   License: BSD-3-Clause
   Maintainer: Vadim Godunko <vgodunko@gmail.com>
   Maintainer: Maxim Reznik <reznikmm@gmail.com>
   Maintainers_Logins: godunko
   Maintainers_Logins: reznikmm
   Name: matreshka_sql_sqlite3
   Project_File: build_matreshka_sql_sqlite3.gpr
   Tag: sql
   Tag: database
   Tag: db
   Tag: sqlite
   Version: 21.0.0
   Website: https://github.com/godunko/matreshka
Dependencies (direct):
   libsqlite3*
   matreshka_league21.0.0
Dependencies (solution):
   gnat=13.1.0 (gnat_native) (installed)
   make=3.81.0
   matreshka_league=21.0.0
Dependencies (external):
   libsqlite3* (direct,hinted)
Dependencies (graph):
   matreshka_league=21.0.0      --> gnat=13.1.0 (gnat_native) (<2000)
   matreshka_league=21.0.0      --> make=3.81.0 (*)                  
   matreshka_sql_sqlite3=21.0.0 --> libsqlite3*                      
   matreshka_sql_sqlite3=21.0.0 --> matreshka_league=21.0.0 (21.0.0) 
Dependencies cannot be met


LOG:
