Test ran at 2025-02-02 13:19:25.892451+00:00

SOLUTION:
resources=0.1.0: Utility library to handle project resources at run-time
Origin: commit a418da627ec3d18f50f60edaee41a2f47f173a0e from https://github.com/alire-project/resources.git
Properties:
   Author: Alire Team
   Description: Utility library to handle project resources at run-time
   License: MIT
   Maintainer: Fabien Chouteau <fabien.chouteau@gmail.com>
   Maintainers_Logins: Fabien-Chouteau
   Maintainers_Logins: mosteo
   Name: resources
   Tag: utils
   Version: 0.1.0
   Website: https://github.com/alire-project/resources


LOG:
Note: Deploying resources=0.1.0...
Note: Building resources/resources.gpr...
Setup
   [mkdir]        object directory for project Resources
   [mkdir]        library directory for project Resources
Compile
   [C]            whereami.c
   [Ada]          resources.adb
Build Libraries
   [gprlib]       Resources.lexch
   [archive]      libResources.a
   [index]        libResources.a
Build finished successfully in 0.34 seconds.

resources=0.1.0 successfully retrieved and built.
There are no dependencies.
Found declared GPR file: resources.gpr
