Test ran at 2023-03-10 13:05:17.546057+00:00

SOLUTION:
remoteio=1.20871.1: Remote I/O Protocol Client Library for GNAT Ada
Origin: source archive remoteio-1.20871.1.tbz2 at http://repo.munts.com/alire/remoteio-1.20871.1.tbz2 with hashes sha256:dd202ee305680e5f3a31d1f7e9eddc766969eedda2104d3d36393353b2b8405d, sha512:8be9eaf1512a70be63e36eed799fbc643f4377c76f05c7268819187d82576189314179e1cf1cb14708c7cff82bfa95d5159f2b626b33015787eb12ef852ebe91
Available when: (case OS is Linux => True, Macos => True, Windows => True, others => False)
Properties:
   case OS is
      when Linux => Post_Fetch run: ${CRATE_DIR}/./sh -c ./src/scripts/postfetch.linux
      when Macos => Post_Fetch run: ${CRATE_DIR}/./sh -c ./src/scripts/postfetch.macos
      when Windows => Post_Fetch run: ${CRATE_DIR}/./sh -c ./src/scripts/postfetch.windows
   Author: Philip Munts
   Description: Remote I/O Protocol Client Library for GNAT Ada
   License: BSD-1-Clause
   Maintainer: Philip Munts <phil@munts.net>
   Maintainers_Logins: pmunts
   Name: remoteio
   Project_File: remoteio.gpr
   Tag: embedded
   Tag: linux
   Tag: remoteio
   Tag: adc
   Tag: dac
   Tag: gpio
   Tag: i2c
   Tag: motor
   Tag: pwm
   Tag: sensor
   Tag: serial
   Tag: servo
   Tag: spi
   Tag: stepper
   Version: 1.20871.1
   Website: https://github.com/pmunts/libsimpleio
Dependencies (direct):
   case OS is
      when Linux => libhidapi*
   case OS is
      when Linux => libusb*
Dependencies (external):
   libhidapi* (direct,hinted)
   libusb* (direct,hinted)
Dependencies (graph):
   remoteio=1.20871.1 --> libhidapi*
   remoteio=1.20871.1 --> libusb*   
Dependencies cannot be met


LOG:
