Test ran at 2022-09-26 01:20:39.479959+00:00

SOLUTION:
tiny_text=1.0.0: Low resolution bitmap font with a small memory footprint
Origin: commit f072a0c3f9cf6ea9d81cb26a05d3462c7f2d82f6 from https://github.com/JeremyGrosser/tiny_text.git
Properties:
   Author: Jeremy Grosser
   Description: Low resolution bitmap font with a small memory footprint
   License: MIT
   Maintainer: Jeremy Grosser <jeremy@synack.me>
   Maintainers_Logins: JeremyGrosser
   Name: tiny_text
   Tag: font
   Tag: hal
   Tag: bitmap
   Tag: text
   Version: 1.0.0
   Website: https://github.com/JeremyGrosser/tiny_text
Dependencies (direct):
   hal*
warning: Index 'community' version (1.2.0) is older than the newest supported by alr (1.2.1)
warning: You can disable this warning with configuration key 'warning.old_index'
Note: If you experience any problems loading this index, you may need to reset the community index with 'alr index --reset-community'. Note that this operation will delete any local changes to the community index.
Dependencies (solution):
   hal=0.3.0
Dependencies (graph):
   tiny_text=1.0.0 --> hal=0.3.0 (*)


LOG:
warning: Index 'community' version (1.2.0) is older than the newest supported by alr (1.2.1)
warning: You can disable this warning with configuration key 'warning.old_index'
Note: If you experience any problems loading this index, you may need to reset the community index with 'alr index --reset-community'. Note that this operation will delete any local changes to the community index.
Note: Deploying tiny_text=1.0.0...
Note: Migrating lockfile from /home/runner/work/alire-crates-ci/alire-crates-ci/test/f3aab666-840f-4fd1-a5da-7ecb16dbd3f8/tiny_text_1.0.0_f072a0c3/alire.lock to /home/runner/work/alire-crates-ci/alire-crates-ci/test/f3aab666-840f-4fd1-a5da-7ecb16dbd3f8/tiny_text_1.0.0_f072a0c3/alire/alire.lock
Note: Deploying hal=0.3.0...
Note: Building tiny_text/tiny_text.gpr...
Setup
   [mkdir]        object directory for project HAL
   [mkdir]        library directory for project HAL
   [mkdir]        object directory for project Tiny_Text
   [mkdir]        library directory for project Tiny_Text
Compile
   [Ada]          hal-touch_panel.ads
   [Ada]          hal-dsi.ads
   [Ada]          hal-bitmap.ads
   [Ada]          hal-i2c.ads
   [Ada]          hal-real_time_clock.ads
   [Ada]          hal-filesystem.ads
   [Ada]          hal-spi.ads
   [Ada]          hal-time.ads
   [Ada]          hal-gpio.ads
   [Ada]          hal-framebuffer.ads
   [Ada]          hal-uart.ads
   [Ada]          hal-sdmmc.adb
   [Ada]          hal-block_drivers.ads
   [Ada]          hal-audio.ads
   [Ada]          hal.ads
   [Ada]          tiny_text.adb
Build Libraries
   [gprlib]       hal.lexch
   [gprlib]       Tiny_Text.lexch
   [archive]      libhal.a
   [index]        libhal.a
   [archive]      libTiny_Text.a
   [index]        libTiny_Text.a
Build finished successfully in 0.80 seconds.

tiny_text=1.0.0 successfully retrieved and built.
Dependencies were solved as follows:

   + hal 0.3.0 (new)
Found declared GPR file: tiny_text.gpr
