Test ran at 2022-06-18 00:41:08.522372+00:00

SOLUTION:
slip=0.0.1: SLIP Protocol Implementation
Origin: commit b99d32df8530b4ef45a2c79c4bfb918b3a76710a from https://gitlab.com/bmilanov/slip.git
Properties:
   Author: Biser Milanov
   Description: SLIP Protocol Implementation
   License: BSD-3-Clause
   Maintainer: bmilanov11@gmail.com
   Maintainers_Logins: bmilanov
   Name: slip
   Tag: embedded
   Tag: protocols
   Tag: spark
   Version: 0.0.1
   Website: https://gitlab.com/bmilanov/slip


LOG:
Note: Deploying slip=0.0.1...
Note: Building slip/slip.gpr...
Setup
   [mkdir]        object directory for project slip
   [mkdir]        library directory for project slip
Compile
   [ada]          slip.adb
Build Libraries
   [gprlib]       slip.lexch
   [archive]      libslip.a
   [index]        libslip.a
Build finished successfully in 0.63 seconds.

slip=0.0.1 successfully retrieved and built.
There are no dependencies.
