Test ran at 2022-06-13 12:31:55.056239+00:00

SOLUTION:
microbit_bsp=0.2.0: Board Support Package for the BBC micro:bit v1
Origin: commit 74e9a20abe272d56c365255096255a311648c1f8 from https://github.com/Fabien-Chouteau/microbit_bsp.git
Properties:
   Description: Board Support Package for the BBC micro:bit v1
   License: BSD-3-Clause
   Long_Description: # microbit BSP

Board Support Package for the BBC micro:bit https://microbit.org/

This crate is a snapshot of [Ada Drivers
Library](https://github.com/AdaCore/Ada_Drivers_Library/tree/master/middleware).

Any bug report, issue, contribution must be adressed to the [Ada Drivers
Library](https://github.com/AdaCore/Ada_Drivers_Library/) repo.

   Maintainer: chouteau@adacore.com
   Maintainers_Logins: Fabien-Chouteau
   Name: microbit_bsp
   Tag: embedded
   Tag: nostd
   Tag: microbit
   Tag: bbc
   Tag: nrf51
   Tag: bsp
   Version: 0.2.0
   Website: https://github.com/AdaCore/Ada_Drivers_Library/
Dependencies (direct):
   embedded_components^0.1.0
   hal^0.1.0
   nrf5x_hal^0.1.0
Dependencies (solution):
   adl_middleware=0.1.1
   cortex_m=0.4.0
   embedded_components=0.1.0
   gnat_arm_elf=11.2.4 (installed)
   hal=0.3.0
   nrf5x_hal=0.1.0
Dependencies (graph):
   adl_middleware=0.1.1      --> hal=0.3.0 (^0.1.0)                
   cortex_m=0.4.0            --> gnat_arm_elf=11.2.4 (>=11)        
   cortex_m=0.4.0            --> hal=0.3.0 (~0.3)                  
   embedded_components=0.1.0 --> adl_middleware=0.1.1 (^0.1.0)     
   embedded_components=0.1.0 --> hal=0.3.0 (^0.1.0)                
   microbit_bsp=0.2.0        --> embedded_components=0.1.0 (^0.1.0)
   microbit_bsp=0.2.0        --> hal=0.3.0 (^0.1.0)                
   microbit_bsp=0.2.0        --> nrf5x_hal=0.1.0 (^0.1.0)          
   nrf5x_hal=0.1.0           --> cortex_m=0.4.0 (^0.2.0)           
   nrf5x_hal=0.1.0           --> hal=0.3.0 (^0.1.0)                


LOG:
Note: Deploying microbit_bsp=0.2.0...
Note: Deploying hal=0.3.0...
Note: Deploying adl_middleware=0.1.1...
Note: Deploying cortex_m=0.4.0...
Note: Deploying embedded_components=0.1.0...
Note: Deploying nrf5x_hal=0.1.0...
stderr: Configuration variable 'cortex_m.core not set and has no default value.
ERROR: Configuration variable 'cortex_m.core not set and has no default value.
