Test ran at 2023-08-26 00:39:16.295548+00:00

SOLUTION:
gnat_arm_elf=12.2.1: The GNAT Ada compiler - ARM cross-compiler
Provides: gnat=12.2.1
Origin: (case OS is Linux => (case Host_Arch is X86_64 => binary archive gnat-arm-elf-linux64-12.2.0-1.tar.gz at https://github.com/alire-project/GNAT-FSF-builds/releases/download/gnat-12.2.0-1/gnat-arm-elf-linux64-12.2.0-1.tar.gz), Macos => (case Host_Arch is X86_64 => binary archive gnat-arm-elf-darwin-12.2.0-1.tar.gz at https://github.com/alire-project/GNAT-FSF-builds/releases/download/gnat-12.2.0-1/gnat-arm-elf-darwin-12.2.0-1.tar.gz), Windows => (case Host_Arch is X86_64 => binary archive gnat-arm-elf-windows64-12.2.0-1.tar.gz at https://github.com/alire-project/GNAT-FSF-builds/releases/download/gnat-12.2.0-1/gnat-arm-elf-windows64-12.2.0-1.tar.gz)) with hash sha256:9be2ca0ea66cda44cdbbd136f0ef24517c7e25139df80d104b304cad8712d189
Properties:
   Auto_Gpr_With: auto-gpr-with=false
   Configuration: no modifiers
   Description: The GNAT Ada compiler - ARM cross-compiler
   Environment: PATH=${CRATE_ROOT}/bin:${PATH}
   License: GPL-3.0-or-later AND GPL-3.0-or-later WITH GCC-exception-3.1
   Maintainer: chouteau@adacore.com
   Maintainers_Logins: Fabien-Chouteau
   Name: gnat_arm_elf
   Version: 12.2.1


LOG:
Note: Deploying gnat_arm_elf=12.2.1...
#=#=#                                                                         

                                                                           0.0%
                                                                           0.2%
                                                                           0.9%
#                                                                          2.2%
####                                                                       5.7%
########                                                                  12.2%
##############                                                            20.5%
##################                                                        25.7%
####################                                                      28.6%
#####################                                                     30.0%
#######################                                                   33.0%
########################                                                  33.9%
############################                                              39.9%
###############################                                           44.2%
##################################                                        47.9%
######################################                                    52.9%
##########################################                                59.0%
#############################################                             63.1%
#################################################                         68.1%
####################################################                      72.5%
#######################################################                   76.6%
#########################################################                 80.2%
############################################################              84.3%
################################################################          89.3%
####################################################################      94.7%
#######################################################################   98.7%
######################################################################## 100.0%

gnat_arm_elf=12.2.1 successfully retrieved.
There are no dependencies.
Warning: Binary release does not contain default project file: gnat_arm_elf.gpr
