Test ran at 2022-06-13 13:06:22.516299+00:00

SOLUTION:
openglada_glfw=0.9.0: GLFW binding for use with OpenGLAda
Origin: source archive openglada_glfw-0.9.0.tgz at https://github.com/flyx/OpenGLAda/releases/download/v0.9.0/openglada_glfw-0.9.0.tgz with hash sha512:fc25165caf510898d8c804b0ca4d8f763d49e0bd144ac70a2547f935ee90804b6ea5a1389eee08bb5528546f87eedb5b4e5884360a3a562a57338acea95f0e91
Properties:
   Author: Felix Krause
   Description: GLFW binding for use with OpenGLAda
   License: MIT
   Maintainer: Felix Krause <contact@flyx.org>
   Maintainers_Logins: flyx
   Name: openglada_glfw
   Project_File: opengl-glfw.gpr
   Tag: opengl
   Tag: glfw
   Tag: binding
   Tag: gui
   Version: 0.9.0
   Website: http://flyx.github.io/OpenGLAda/
Dependencies (direct):
   libglfw3^3
   openglada~0.9.0
Dependencies (solution):
   libglfw3=3.3.2
   libx11=1.6.9
   openglada=0.9.0
Dependencies (graph):
   openglada=0.9.0      --> libx11=1.6.9 (^1)       
   openglada_glfw=0.9.0 --> libglfw3=3.3.2 (^3)     
   openglada_glfw=0.9.0 --> openglada=0.9.0 (~0.9.0)


LOG:
Note: Deploying openglada_glfw=0.9.0...
#=#=#                                                                         
##O#- #                                                                       

######################################################                    75.7%
######################################################################## 100.0%
Note: Migrating lockfile from /home/runner/work/alire-crates-ci/alire-crates-ci/test/f2f55e36-6466-4a9f-8b66-fba51fbbd999/openglada_glfw_0.9.0_fc25165c/alire.lock to /home/runner/work/alire-crates-ci/alire-crates-ci/test/f2f55e36-6466-4a9f-8b66-fba51fbbd999/openglada_glfw_0.9.0_fc25165c/alire/alire.lock
Note: Deploying libglfw3=3.3.2...
The system package 'libglfw3-dev' is about to be installed.
This action might require admin privileges and impact your system installation.
Do you want Alire to install this system package?
Using default: Yes
debconf: delaying package configuration, since apt-utils is not installed
Selecting previously unselected package libelf1:amd64.
(Reading database ... 
(Reading database ... 5%
(Reading database ... 10%
(Reading database ... 15%
(Reading database ... 20%
(Reading database ... 25%
(Reading database ... 30%
(Reading database ... 35%
(Reading database ... 40%
(Reading database ... 45%
(Reading database ... 50%
(Reading database ... 55%
(Reading database ... 60%
(Reading database ... 65%
(Reading database ... 70%
(Reading database ... 75%
(Reading database ... 80%
(Reading database ... 85%
(Reading database ... 90%
(Reading database ... 95%
(Reading database ... 100%
(Reading database ... 21805 files and directories currently installed.)
Preparing to unpack .../00-libelf1_0.176-1.1build1_amd64.deb ...
Unpacking libelf1:amd64 (0.176-1.1build1) ...
Selecting previously unselected package libicu66:amd64.
Preparing to unpack .../01-libicu66_66.1-2ubuntu2.1_amd64.deb ...
Unpacking libicu66:amd64 (66.1-2ubuntu2.1) ...
Selecting previously unselected package libxml2:amd64.
Preparing to unpack .../02-libxml2_2.9.10+dfsg-5ubuntu0.20.04.3_amd64.deb ...
Unpacking libxml2:amd64 (2.9.10+dfsg-5ubuntu0.20.04.3) ...
Selecting previously unselected package libdrm-common.
Preparing to unpack .../03-libdrm-common_2.4.107-8ubuntu1~20.04.2_all.deb ...
Unpacking libdrm-common (2.4.107-8ubuntu1~20.04.2) ...
Selecting previously unselected package libdrm2:amd64.
Preparing to unpack .../04-libdrm2_2.4.107-8ubuntu1~20.04.2_amd64.deb ...
Unpacking libdrm2:amd64 (2.4.107-8ubuntu1~20.04.2) ...
Preparing to unpack .../05-libx11-6_2%3a1.6.9-2ubuntu1.2_amd64.deb ...
Unpacking libx11-6:amd64 (2:1.6.9-2ubuntu1.2) over (2:1.6.9-2ubuntu1.1) ...
Selecting previously unselected package libdrm-amdgpu1:amd64.
Preparing to unpack .../06-libdrm-amdgpu1_2.4.107-8ubuntu1~20.04.2_amd64.deb ...
Unpacking libdrm-amdgpu1:amd64 (2.4.107-8ubuntu1~20.04.2) ...
Selecting previously unselected package libpciaccess0:amd64.
Preparing to unpack .../07-libpciaccess0_0.16-0ubuntu1_amd64.deb ...
Unpacking libpciaccess0:amd64 (0.16-0ubuntu1) ...
Selecting previously unselected package libdrm-intel1:amd64.
Preparing to unpack .../08-libdrm-intel1_2.4.107-8ubuntu1~20.04.2_amd64.deb ...
Unpacking libdrm-intel1:amd64 (2.4.107-8ubuntu1~20.04.2) ...
Selecting previously unselected package libdrm-nouveau2:amd64.
Preparing to unpack .../09-libdrm-nouveau2_2.4.107-8ubuntu1~20.04.2_amd64.deb ...
Unpacking libdrm-nouveau2:amd64 (2.4.107-8ubuntu1~20.04.2) ...
Selecting previously unselected package libdrm-radeon1:amd64.
Preparing to unpack .../10-libdrm-radeon1_2.4.107-8ubuntu1~20.04.2_amd64.deb ...
Unpacking libdrm-radeon1:amd64 (2.4.107-8ubuntu1~20.04.2) ...
Selecting previously unselected package libglvnd0:amd64.
Preparing to unpack .../11-libglvnd0_1.3.2-1~ubuntu0.20.04.2_amd64.deb ...
Unpacking libglvnd0:amd64 (1.3.2-1~ubuntu0.20.04.2) ...
Selecting previously unselected package libwayland-server0:amd64.
Preparing to unpack .../12-libwayland-server0_1.18.0-1_amd64.deb ...
Unpacking libwayland-server0:amd64 (1.18.0-1) ...
Selecting previously unselected package libgbm1:amd64.
Preparing to unpack .../13-libgbm1_21.2.6-0ubuntu0.1~20.04.2_amd64.deb ...
Unpacking libgbm1:amd64 (21.2.6-0ubuntu0.1~20.04.2) ...
Selecting previously unselected package libglapi-mesa:amd64.
Preparing to unpack .../14-libglapi-mesa_21.2.6-0ubuntu0.1~20.04.2_amd64.deb ...
Unpacking libglapi-mesa:amd64 (21.2.6-0ubuntu0.1~20.04.2) ...
Selecting previously unselected package libwayland-client0:amd64.
Preparing to unpack .../15-libwayland-client0_1.18.0-1_amd64.deb ...
Unpacking libwayland-client0:amd64 (1.18.0-1) ...
Selecting previously unselected package libx11-xcb1:amd64.
Preparing to unpack .../16-libx11-xcb1_2%3a1.6.9-2ubuntu1.2_amd64.deb ...
Unpacking libx11-xcb1:amd64 (2:1.6.9-2ubuntu1.2) ...
Selecting previously unselected package libxcb-dri2-0:amd64.
Preparing to unpack .../17-libxcb-dri2-0_1.14-2_amd64.deb ...
Unpacking libxcb-dri2-0:amd64 (1.14-2) ...
Selecting previously unselected package libxcb-dri3-0:amd64.
Preparing to unpack .../18-libxcb-dri3-0_1.14-2_amd64.deb ...
Unpacking libxcb-dri3-0:amd64 (1.14-2) ...
Selecting previously unselected package libxcb-present0:amd64.
Preparing to unpack .../19-libxcb-present0_1.14-2_amd64.deb ...
Unpacking libxcb-present0:amd64 (1.14-2) ...
Selecting previously unselected package libxcb-sync1:amd64.
Preparing to unpack .../20-libxcb-sync1_1.14-2_amd64.deb ...
Unpacking libxcb-sync1:amd64 (1.14-2) ...
Selecting previously unselected package libxcb-xfixes0:amd64.
Preparing to unpack .../21-libxcb-xfixes0_1.14-2_amd64.deb ...
Unpacking libxcb-xfixes0:amd64 (1.14-2) ...
Selecting previously unselected package libxshmfence1:amd64.
Preparing to unpack .../22-libxshmfence1_1.3-1_amd64.deb ...
Unpacking libxshmfence1:amd64 (1.3-1) ...
Selecting previously unselected package libegl-mesa0:amd64.
Preparing to unpack .../23-libegl-mesa0_21.2.6-0ubuntu0.1~20.04.2_amd64.deb ...
Unpacking libegl-mesa0:amd64 (21.2.6-0ubuntu0.1~20.04.2) ...
Selecting previously unselected package libegl1:amd64.
Preparing to unpack .../24-libegl1_1.3.2-1~ubuntu0.20.04.2_amd64.deb ...
Unpacking libegl1:amd64 (1.3.2-1~ubuntu0.20.04.2) ...
Selecting previously unselected package libxcb-glx0:amd64.
Preparing to unpack .../25-libxcb-glx0_1.14-2_amd64.deb ...
Unpacking libxcb-glx0:amd64 (1.14-2) ...
Selecting previously unselected package libxcb-shm0:amd64.
Preparing to unpack .../26-libxcb-shm0_1.14-2_amd64.deb ...
Unpacking libxcb-shm0:amd64 (1.14-2) ...
Selecting previously unselected package libxfixes3:amd64.
Preparing to unpack .../27-libxfixes3_1%3a5.0.3-2_amd64.deb ...
Unpacking libxfixes3:amd64 (1:5.0.3-2) ...
Selecting previously unselected package libxxf86vm1:amd64.
Preparing to unpack .../28-libxxf86vm1_1%3a1.1.4-1build1_amd64.deb ...
Unpacking libxxf86vm1:amd64 (1:1.1.4-1build1) ...
Selecting previously unselected package libllvm12:amd64.
Preparing to unpack .../29-libllvm12_1%3a12.0.0-3ubuntu1~20.04.5_amd64.deb ...
Unpacking libllvm12:amd64 (1:12.0.0-3ubuntu1~20.04.5) ...
Selecting previously unselected package libsensors-config.
Preparing to unpack .../30-libsensors-config_1%3a3.6.0-2ubuntu1.1_all.deb ...
Unpacking libsensors-config (1:3.6.0-2ubuntu1.1) ...
Selecting previously unselected package libsensors5:amd64.
Preparing to unpack .../31-libsensors5_1%3a3.6.0-2ubuntu1.1_amd64.deb ...
Unpacking libsensors5:amd64 (1:3.6.0-2ubuntu1.1) ...
Selecting previously unselected package libvulkan1:amd64.
Preparing to unpack .../32-libvulkan1_1.2.131.2-1_amd64.deb ...
Unpacking libvulkan1:amd64 (1.2.131.2-1) ...
Selecting previously unselected package libgl1-mesa-dri:amd64.
Preparing to unpack .../33-libgl1-mesa-dri_21.2.6-0ubuntu0.1~20.04.2_amd64.deb ...
Unpacking libgl1-mesa-dri:amd64 (21.2.6-0ubuntu0.1~20.04.2) ...
Selecting previously unselected package libglx-mesa0:amd64.
Preparing to unpack .../34-libglx-mesa0_21.2.6-0ubuntu0.1~20.04.2_amd64.deb ...
Unpacking libglx-mesa0:amd64 (21.2.6-0ubuntu0.1~20.04.2) ...
Selecting previously unselected package libglx0:amd64.
Preparing to unpack .../35-libglx0_1.3.2-1~ubuntu0.20.04.2_amd64.deb ...
Unpacking libglx0:amd64 (1.3.2-1~ubuntu0.20.04.2) ...
Selecting previously unselected package libgl1:amd64.
Preparing to unpack .../36-libgl1_1.3.2-1~ubuntu0.20.04.2_amd64.deb ...
Unpacking libgl1:amd64 (1.3.2-1~ubuntu0.20.04.2) ...
Selecting previously unselected package xorg-sgml-doctools.
Preparing to unpack .../37-xorg-sgml-doctools_1%3a1.11-1_all.deb ...
Unpacking xorg-sgml-doctools (1:1.11-1) ...
Selecting previously unselected package x11proto-dev.
Preparing to unpack .../38-x11proto-dev_2019.2-1ubuntu1_all.deb ...
Unpacking x11proto-dev (2019.2-1ubuntu1) ...
Selecting previously unselected package x11proto-core-dev.
Preparing to unpack .../39-x11proto-core-dev_2019.2-1ubuntu1_all.deb ...
Unpacking x11proto-core-dev (2019.2-1ubuntu1) ...
Selecting previously unselected package libxau-dev:amd64.
Preparing to unpack .../40-libxau-dev_1%3a1.0.9-0ubuntu1_amd64.deb ...
Unpacking libxau-dev:amd64 (1:1.0.9-0ubuntu1) ...
Selecting previously unselected package libxdmcp-dev:amd64.
Preparing to unpack .../41-libxdmcp-dev_1%3a1.1.3-0ubuntu1_amd64.deb ...
Unpacking libxdmcp-dev:amd64 (1:1.1.3-0ubuntu1) ...
Selecting previously unselected package xtrans-dev.
Preparing to unpack .../42-xtrans-dev_1.4.0-1_all.deb ...
Unpacking xtrans-dev (1.4.0-1) ...
Selecting previously unselected package libpthread-stubs0-dev:amd64.
Preparing to unpack .../43-libpthread-stubs0-dev_0.4-1_amd64.deb ...
Unpacking libpthread-stubs0-dev:amd64 (0.4-1) ...
Selecting previously unselected package libxcb1-dev:amd64.
Preparing to unpack .../44-libxcb1-dev_1.14-2_amd64.deb ...
Unpacking libxcb1-dev:amd64 (1.14-2) ...
Selecting previously unselected package libx11-dev:amd64.
Preparing to unpack .../45-libx11-dev_2%3a1.6.9-2ubuntu1.2_amd64.deb ...
Unpacking libx11-dev:amd64 (2:1.6.9-2ubuntu1.2) ...
Selecting previously unselected package libglx-dev:amd64.
Preparing to unpack .../46-libglx-dev_1.3.2-1~ubuntu0.20.04.2_amd64.deb ...
Unpacking libglx-dev:amd64 (1.3.2-1~ubuntu0.20.04.2) ...
Selecting previously unselected package libgl-dev:amd64.
Preparing to unpack .../47-libgl-dev_1.3.2-1~ubuntu0.20.04.2_amd64.deb ...
Unpacking libgl-dev:amd64 (1.3.2-1~ubuntu0.20.04.2) ...
Selecting previously unselected package libegl-dev:amd64.
Preparing to unpack .../48-libegl-dev_1.3.2-1~ubuntu0.20.04.2_amd64.deb ...
Unpacking libegl-dev:amd64 (1.3.2-1~ubuntu0.20.04.2) ...
Selecting previously unselected package libgles1:amd64.
Preparing to unpack .../49-libgles1_1.3.2-1~ubuntu0.20.04.2_amd64.deb ...
Unpacking libgles1:amd64 (1.3.2-1~ubuntu0.20.04.2) ...
Selecting previously unselected package libgles2:amd64.
Preparing to unpack .../50-libgles2_1.3.2-1~ubuntu0.20.04.2_amd64.deb ...
Unpacking libgles2:amd64 (1.3.2-1~ubuntu0.20.04.2) ...
Selecting previously unselected package libgles-dev:amd64.
Preparing to unpack .../51-libgles-dev_1.3.2-1~ubuntu0.20.04.2_amd64.deb ...
Unpacking libgles-dev:amd64 (1.3.2-1~ubuntu0.20.04.2) ...
Selecting previously unselected package libopengl0:amd64.
Preparing to unpack .../52-libopengl0_1.3.2-1~ubuntu0.20.04.2_amd64.deb ...
Unpacking libopengl0:amd64 (1.3.2-1~ubuntu0.20.04.2) ...
Selecting previously unselected package libopengl-dev:amd64.
Preparing to unpack .../53-libopengl-dev_1.3.2-1~ubuntu0.20.04.2_amd64.deb ...
Unpacking libopengl-dev:amd64 (1.3.2-1~ubuntu0.20.04.2) ...
Selecting previously unselected package libglvnd-dev:amd64.
Preparing to unpack .../54-libglvnd-dev_1.3.2-1~ubuntu0.20.04.2_amd64.deb ...
Unpacking libglvnd-dev:amd64 (1.3.2-1~ubuntu0.20.04.2) ...
Selecting previously unselected package libegl1-mesa-dev:amd64.
Preparing to unpack .../55-libegl1-mesa-dev_21.2.6-0ubuntu0.1~20.04.2_amd64.deb ...
Unpacking libegl1-mesa-dev:amd64 (21.2.6-0ubuntu0.1~20.04.2) ...
Selecting previously unselected package libglfw3:amd64.
Preparing to unpack .../56-libglfw3_3.3.2-1_amd64.deb ...
Unpacking libglfw3:amd64 (3.3.2-1) ...
Selecting previously unselected package libgl1-mesa-dev:amd64.
Preparing to unpack .../57-libgl1-mesa-dev_21.2.6-0ubuntu0.1~20.04.2_amd64.deb ...
Unpacking libgl1-mesa-dev:amd64 (21.2.6-0ubuntu0.1~20.04.2) ...
Selecting previously unselected package libglfw3-dev:amd64.
Preparing to unpack .../58-libglfw3-dev_3.3.2-1_amd64.deb ...
Unpacking libglfw3-dev:amd64 (3.3.2-1) ...
Selecting previously unselected package libvulkan-dev:amd64.
Preparing to unpack .../59-libvulkan-dev_1.2.131.2-1_amd64.deb ...
Unpacking libvulkan-dev:amd64 (1.2.131.2-1) ...
Selecting previously unselected package libwayland-cursor0:amd64.
Preparing to unpack .../60-libwayland-cursor0_1.18.0-1_amd64.deb ...
Unpacking libwayland-cursor0:amd64 (1.18.0-1) ...
Selecting previously unselected package libwayland-egl1:amd64.
Preparing to unpack .../61-libwayland-egl1_1.18.0-1_amd64.deb ...
Unpacking libwayland-egl1:amd64 (1.18.0-1) ...
Selecting previously unselected package libxcb-randr0:amd64.
Preparing to unpack .../62-libxcb-randr0_1.14-2_amd64.deb ...
Unpacking libxcb-randr0:amd64 (1.14-2) ...
Selecting previously unselected package x11proto-xext-dev.
Preparing to unpack .../63-x11proto-xext-dev_2019.2-1ubuntu1_all.deb ...
Unpacking x11proto-xext-dev (2019.2-1ubuntu1) ...
Selecting previously unselected package libxext-dev:amd64.
Preparing to unpack .../64-libxext-dev_2%3a1.3.4-0ubuntu1_amd64.deb ...
Unpacking libxext-dev:amd64 (2:1.3.4-0ubuntu1) ...
Selecting previously unselected package libxrender1:amd64.
Preparing to unpack .../65-libxrender1_1%3a0.9.10-1_amd64.deb ...
Unpacking libxrender1:amd64 (1:0.9.10-1) ...
Selecting previously unselected package libxrandr2:amd64.
Preparing to unpack .../66-libxrandr2_2%3a1.5.2-0ubuntu1_amd64.deb ...
Unpacking libxrandr2:amd64 (2:1.5.2-0ubuntu1) ...
Selecting previously unselected package x11proto-randr-dev.
Preparing to unpack .../67-x11proto-randr-dev_2019.2-1ubuntu1_all.deb ...
Unpacking x11proto-randr-dev (2019.2-1ubuntu1) ...
Selecting previously unselected package libxrender-dev:amd64.
Preparing to unpack .../68-libxrender-dev_1%3a0.9.10-1_amd64.deb ...
Unpacking libxrender-dev:amd64 (1:0.9.10-1) ...
Selecting previously unselected package libxrandr-dev:amd64.
Preparing to unpack .../69-libxrandr-dev_2%3a1.5.2-0ubuntu1_amd64.deb ...
Unpacking libxrandr-dev:amd64 (2:1.5.2-0ubuntu1) ...
Selecting previously unselected package mesa-vulkan-drivers:amd64.
Preparing to unpack .../70-mesa-vulkan-drivers_21.2.6-0ubuntu0.1~20.04.2_amd64.deb ...
Unpacking mesa-vulkan-drivers:amd64 (21.2.6-0ubuntu0.1~20.04.2) ...
Selecting previously unselected package libwayland-bin.
Preparing to unpack .../71-libwayland-bin_1.18.0-1_amd64.deb ...
Unpacking libwayland-bin (1.18.0-1) ...
Selecting previously unselected package libwayland-dev:amd64.
Preparing to unpack .../72-libwayland-dev_1.18.0-1_amd64.deb ...
Unpacking libwayland-dev:amd64 (1.18.0-1) ...
Setting up libxcb-dri3-0:amd64 (1.14-2) ...
Setting up libwayland-server0:amd64 (1.18.0-1) ...
Setting up libx11-xcb1:amd64 (2:1.6.9-2ubuntu1.2) ...
Setting up libpciaccess0:amd64 (0.16-0ubuntu1) ...
Setting up libxcb-xfixes0:amd64 (1.14-2) ...
Setting up libglvnd0:amd64 (1.3.2-1~ubuntu0.20.04.2) ...
Setting up libicu66:amd64 (66.1-2ubuntu2.1) ...
Setting up libxcb-glx0:amd64 (1.14-2) ...
Setting up libsensors-config (1:3.6.0-2ubuntu1.1) ...
Setting up libxcb-shm0:amd64 (1.14-2) ...
Setting up libpthread-stubs0-dev:amd64 (0.4-1) ...
Setting up libopengl0:amd64 (1.3.2-1~ubuntu0.20.04.2) ...
Setting up libxcb-present0:amd64 (1.14-2) ...
Setting up xtrans-dev (1.4.0-1) ...
Setting up libgles2:amd64 (1.3.2-1~ubuntu0.20.04.2) ...
Setting up libxcb-sync1:amd64 (1.14-2) ...
Setting up libllvm12:amd64 (1:12.0.0-3ubuntu1~20.04.5) ...
Setting up libgles1:amd64 (1.3.2-1~ubuntu0.20.04.2) ...
Setting up libsensors5:amd64 (1:3.6.0-2ubuntu1.1) ...
Setting up libglapi-mesa:amd64 (21.2.6-0ubuntu0.1~20.04.2) ...
Setting up libvulkan1:amd64 (1.2.131.2-1) ...
Setting up libxcb-dri2-0:amd64 (1.14-2) ...
Setting up libxshmfence1:amd64 (1.3-1) ...
Setting up libxcb-randr0:amd64 (1.14-2) ...
Setting up libx11-6:amd64 (2:1.6.9-2ubuntu1.2) ...
Setting up xorg-sgml-doctools (1:1.11-1) ...
Setting up libwayland-egl1:amd64 (1.18.0-1) ...
Setting up libopengl-dev:amd64 (1.3.2-1~ubuntu0.20.04.2) ...
Setting up libdrm-common (2.4.107-8ubuntu1~20.04.2) ...
Setting up libelf1:amd64 (0.176-1.1build1) ...
Setting up libxml2:amd64 (2.9.10+dfsg-5ubuntu0.20.04.3) ...
Setting up libwayland-client0:amd64 (1.18.0-1) ...
Setting up x11proto-dev (2019.2-1ubuntu1) ...
Setting up libvulkan-dev:amd64 (1.2.131.2-1) ...
Setting up libxau-dev:amd64 (1:1.0.9-0ubuntu1) ...
Setting up libxrender1:amd64 (1:0.9.10-1) ...
Setting up x11proto-randr-dev (2019.2-1ubuntu1) ...
Setting up libxxf86vm1:amd64 (1:1.1.4-1build1) ...
Setting up libxdmcp-dev:amd64 (1:1.1.3-0ubuntu1) ...
Setting up libwayland-bin (1.18.0-1) ...
Setting up libxfixes3:amd64 (1:5.0.3-2) ...
Setting up x11proto-core-dev (2019.2-1ubuntu1) ...
Setting up libxrandr2:amd64 (2:1.5.2-0ubuntu1) ...
Setting up x11proto-xext-dev (2019.2-1ubuntu1) ...
Setting up libdrm2:amd64 (2.4.107-8ubuntu1~20.04.2) ...
Setting up libwayland-cursor0:amd64 (1.18.0-1) ...
Setting up libdrm-amdgpu1:amd64 (2.4.107-8ubuntu1~20.04.2) ...
Setting up mesa-vulkan-drivers:amd64 (21.2.6-0ubuntu0.1~20.04.2) ...
Setting up libdrm-nouveau2:amd64 (2.4.107-8ubuntu1~20.04.2) ...
Setting up libxcb1-dev:amd64 (1.14-2) ...
Setting up libgbm1:amd64 (21.2.6-0ubuntu0.1~20.04.2) ...
Setting up libdrm-radeon1:amd64 (2.4.107-8ubuntu1~20.04.2) ...
Setting up libdrm-intel1:amd64 (2.4.107-8ubuntu1~20.04.2) ...
Setting up libgl1-mesa-dri:amd64 (21.2.6-0ubuntu0.1~20.04.2) ...
Setting up libx11-dev:amd64 (2:1.6.9-2ubuntu1.2) ...
Setting up libwayland-dev:amd64 (1.18.0-1) ...
Setting up libegl-mesa0:amd64 (21.2.6-0ubuntu0.1~20.04.2) ...
Setting up libxext-dev:amd64 (2:1.3.4-0ubuntu1) ...
Setting up libegl1:amd64 (1.3.2-1~ubuntu0.20.04.2) ...
Setting up libxrender-dev:amd64 (1:0.9.10-1) ...
Setting up libglx-mesa0:amd64 (21.2.6-0ubuntu0.1~20.04.2) ...
Setting up libglx0:amd64 (1.3.2-1~ubuntu0.20.04.2) ...
Setting up libxrandr-dev:amd64 (2:1.5.2-0ubuntu1) ...
Setting up libgl1:amd64 (1.3.2-1~ubuntu0.20.04.2) ...
Setting up libglx-dev:amd64 (1.3.2-1~ubuntu0.20.04.2) ...
Setting up libgl-dev:amd64 (1.3.2-1~ubuntu0.20.04.2) ...
Setting up libglfw3:amd64 (3.3.2-1) ...
Setting up libglfw3-dev:amd64 (3.3.2-1) ...
Setting up libegl-dev:amd64 (1.3.2-1~ubuntu0.20.04.2) ...
Setting up libgles-dev:amd64 (1.3.2-1~ubuntu0.20.04.2) ...
Setting up libglvnd-dev:amd64 (1.3.2-1~ubuntu0.20.04.2) ...
Setting up libgl1-mesa-dev:amd64 (21.2.6-0ubuntu0.1~20.04.2) ...
Setting up libegl1-mesa-dev:amd64 (21.2.6-0ubuntu0.1~20.04.2) ...
Processing triggers for libc-bin (2.31-0ubuntu9.1) ...
Note: Deploying libx11=1.6.9...
Note: Deploying openglada=0.9.0...
#=#=#                                                                         
##O#- #                                                                       

#######                                                                   10.5%
######################################################################## 100.0%
Note: Building openglada_glfw/opengl-glfw.gpr...
Setup
   [mkdir]        object directory for project OpenGL
   [mkdir]        library directory for project OpenGL
   [mkdir]        object directory for project OpenGL.Glfw
   [mkdir]        library directory for project OpenGL.Glfw
Compile
   [ada]          gl-api-subprogram_reference.adb
   [ada]          gl-glx.ads
   [ada]          gl-api-uints.ads
   [ada]          gl-load_function_pointers.adb
   [ada]          gl-api-doubles.ads
   [ada]          gl-api-singles.ads
   [ada]          gl-api-shorts.ads
   [ada]          gl-api.ads
   [ada]          gl-api-ints.ads
   [ada]          gl-files.adb
   [ada]          gl.adb
   [ada]          gl-blending.adb
   [ada]          gl-fixed-matrix.adb
   [ada]          gl-objects.adb
   [ada]          gl-objects-textures-with_2d_loader.adb
   [ada]          gl-enums-getter.adb
   [ada]          gl-objects-textures.adb
   [ada]          gl-objects-framebuffers.adb
   [ada]          gl-framebuffer.adb
   [ada]          gl-enums-queries.ads
   [ada]          gl-objects-textures-with_1d_loader.adb
   [ada]          gl-objects-queries.adb
   [ada]          gl-debug.adb
   [ada]          gl-algebra.adb
   [ada]          gl-pixels.adb
   [ada]          gl-enums.ads
   [ada]          gl-fixed.adb
   [ada]          gl-objects-programs.adb
   [ada]          gl-immediate.adb
   [ada]          gl-objects-lists.adb
   [ada]          gl-matrices.adb
   [ada]          gl-low_level-enums.ads
   [ada]          gl-enums-indexes.adb
   [ada]          gl-fixed-textures.adb
   [ada]          gl-objects-renderbuffers.adb
   [ada]          gl-objects-shaders.adb
   [ada]          gl-uniforms.adb
   [ada]          gl-buffers.adb
   [ada]          gl-low_level.ads
   [ada]          gl-context.adb
   [ada]          gl-objects-buffers.adb
   [ada]          gl-enums-textures.ads
   [ada]          gl-toggles.adb
   [ada]          gl-objects-textures-with_3d_loader.adb
   [ada]          gl-objects-textures-targets.adb
   [ada]          gl-raster.adb
   [ada]          gl-window.adb
   [ada]          gl-fixed-lighting.adb
   [ada]          gl-vectors.adb
   [ada]          gl-tessellation.adb
   [ada]          gl-errors.adb
   [ada]          gl-rasterization.adb
   [ada]          gl-helpers.adb
   [ada]          gl-attributes.adb
   [ada]          gl-culling.adb
   [ada]          gl-objects-vertex_arrays.adb
   [ada]          gl-types.ads
   [ada]          gl-types-colors.ads
   [ada]          gl-objects-shaders-lists.ads
   [ada]          glfw-monitors.adb
   [ada]          glfw-input.adb
   [ada]          glfw-windows-hints.adb
   [ada]          glfw-input-keys.ads
   [ada]          glfw-input-joysticks.adb
   [ada]          glfw-enums.ads
   [ada]          glfw-windows-context.adb
   [ada]          glfw-windows-clipboard.adb
   [ada]          glfw-input-mouse.ads
   [ada]          glfw-windows.adb
   [ada]          glfw.adb
   [ada]          glfw-api.ads
   [ada]          glfw-errors.adb
Build Libraries
   [gprlib]       OpenGLAda.lexch
   [archive]      libOpenGLAda.a
   [index]        libOpenGLAda.a
   [gprlib]       GlfwAda.lexch
   [archive]      libGlfwAda.a
   [index]        libGlfwAda.a
Build finished successfully in 9.18 seconds.

openglada_glfw=0.9.0 successfully retrieved and built.
Dependencies were solved as follows:

   + libglfw3  3.3.2 (new)         
   + libx11    1.6.9 (new,indirect)
   + openglada 0.9.0 (new)         
