Test ran at 2024-10-12 00:49:21.128286+00:00

SOLUTION:
raspberry_bsp=1.0.0: Board Support package for Raspberry PI v1, v2 and B+
Origin: commit a15c773223e31c3ba97dc806897ab1feec2ff5a3 from https://github.com/TamaMcGlinn/ada_raspio.git
Available when: (case OS is Windows => False)
Properties:
   Author: Tama McGlinn
   Description: Board Support package for Raspberry PI v1, v2 and B+
   License: MIT
   Maintainer: Tama McGlinn <t.mcglinn@gmail.com>
   Maintainers_Logins: TamaMcGlinn
   Name: raspberry_bsp
   Tag: raspberry
   Tag: pi
   Version: 1.0.0
   Website: https://github.com/TamaMcGlinn/ada_raspio


LOG:
Note: Deploying raspberry_bsp=1.0.0...
Note: Building raspberry_bsp/raspberry_bsp.gpr...
Setup
   [mkdir]        object directory for project Raspberry_BSP
   [mkdir]        library directory for project Raspberry_BSP
bcm2835_library.gpr:4:23: library directory "/usr/local/lib/" does not exist
gprbuild: "/Users/runner/work/alire-crates-ci/alire-crates-ci/test/b53e7237-034a-40f7-ad64-3a319a2b328f/raspberry_bsp_1.0.0_a15c7732/raspberry_bsp.gpr" processing failed
stderr: Command ["gprbuild", "-s", "-j0", "-p", "-P", "/Users/runner/work/alire-crates-ci/alire-crates-ci/test/b53e7237-034a-40f7-ad64-3a319a2b328f/raspberry_bsp_1.0.0_a15c7732/raspberry_bsp.gpr"] exited with code 4
ERROR: Command ["gprbuild", "-s", "-j0", "-p", "-P", "/Users/runner/work/alire-crates-ci/alire-crates-ci/test/b53e7237-034a-40f7-ad64-3a319a2b328f/raspberry_bsp_1.0.0_a15c7732/raspberry_bsp.gpr"] exited with code 4
stderr: ALIRE.CHECKED_ERROR
stderr: Command ["gprbuild", "-s", "-j0", "-p", "-P", "/Users/runner/work/alire-crates-ci/alire-crates-ci/test/b53e7237-034a-40f7-ad64-3a319a2b328f/raspberry_bsp_1.0.0_a15c7732/raspberry_bsp.gpr"] exited with code 4
stderr: raised ALIRE.CHECKED_ERROR : alire-stored-error:1
Load address: 0x100ca4000
Call stack traceback locations:
0x1015ac415 0x10127fe83 0x101492df9 0x101493581 0x1013f3ac3 0x1013f1f99 0x10140e873 0x10145adc1 0x10145981a 0x10140e9b8 0x1013f2349 0x100d039c1 0x100d14578 0x100d1901c 0x100d9f05c 0x100daa3b8 0x100ca5605 0x100ca8914


Warning: raspberry_bsp=1.0.0 successfully retrieved but its build failed.
There are no dependencies.
ERROR: Build ended with errors
