Test ran at 2024-06-11 01:30:05.662362+00:00

SOLUTION:
vss=24.0.0: Advanced string and text manipulation with Unicode support
Origin: source archive VSS-24.0.0.zip at https://github.com/adacore/VSS/archive/v24.0.0/VSS-24.0.0.zip with hash sha512:b4d0be7c8cdfc30d5221cdb568882b9a5e45d18264ed4e419091efa65da2227c84ba60b725ffb56820672e641922df45dbd790fac1f9b1aa1df75b605de4fc4e
Properties:
   Author: AdaCore
   Configuration: no modifiers
   Description: Advanced string and text manipulation with Unicode support
   License: Apache-2.0 WITH LLVM-exception
   Maintainer: Vadim Godunko <vgodunko@gmail.com>
   Maintainer: Maxim Reznik <reznikmm@gmail.com>
   Maintainers_Logins: godunko
   Maintainers_Logins: reznikmm
   Name: vss
   Project_File: gnat/vss_text.gpr
   Project_File: gnat/vss_json.gpr
   Project_File: gnat/vss_regexp.gpr
   Project_File: gnat/vss_xml.gpr
   Project_File: gnat/vss_xml_templates.gpr
   Tag: unicode
   Tag: json
   Tag: text
   Tag: xml
   Tag: template
   Version: 24.0.0
   Website: https://github.com/AdaCore/VSS
Dependencies (direct):
   gnat>=11 & <2000
Dependencies (external):
   gnat>=11 & <2000 (direct,hinted)
Dependencies (graph):
   vss=24.0.0 --> gnat>=11 & <2000
Dependencies cannot be met


LOG:
