Test ran at 2024-06-14 00:40:25.741358+00:00

SOLUTION:
basalt=0.3.0: Collection of formally verified building blocks
Origin: source archive v0.3.0.tar.gz at https://github.com/Componolit/basalt/archive/v0.3.0.tar.gz with hash sha512:bbbf5ac9ac03ef85125b93a23541848fddf42a6ba878a6d35fe0282338b5e0f5c68a3be97dd7e3964bb01744e3ae4589a6ace3faceab9de9971c9d7860c40ae1
Properties:
   Description: Collection of formally verified building blocks
   License: AGPL-3.0-only
   Maintainer: kliemann@adacore.com
   Maintainers_Logins: jklmnn
   Name: basalt
   Tag: embedded
   Tag: nostd
   Tag: queue
   Tag: spark
   Tag: stack
   Tag: string
   Tag: utils
   Version: 0.3.0


LOG:
Note: Deploying basalt=0.3.0...
#=#=#                                                                          
##O#-#                                                                         
Note: Building basalt/basalt.gpr...
Setup
   [mkdir]        object directory for project Basalt
   [mkdir]        library directory for project Basalt
Compile
   [Ada]          basalt-strings.adb
   [Ada]          basalt-slicer.adb
   [Ada]          basalt.ads
   [Ada]          basalt-stack.adb
   [Ada]          basalt-queue.adb
   [Ada]          basalt-strings_generic.adb
Build Libraries
   [gprlib]       basalt.lexch
   [link library] libbasalt.dylib
-macosx_version_min has been renamed to -macos_version_min
ld: warning: ignoring duplicate libraries: '-lSystem'
0  0x100e86f43  __assert_rtn + 64
1  0x100d88f43  ld::AtomPlacement::findAtom(unsigned char, unsigned long long, ld::AtomPlacement::AtomLoc const*&, long long&) const + 1411
2  0x100da5431  ld::InputFiles::SliceParser::parseObjectFile(mach_o::Header const*) const + 19745
3  0x100db5b71  ld::InputFiles::parseAllFiles(void (ld::AtomFile const*) block_pointer)::$_7::operator()(unsigned long, ld::FileInfo const&) const + 657
4  0x7ff80d5dadef  _dispatch_client_callout2 + 8
5  0x7ff80d5ec547  _dispatch_apply_invoke3 + 431
6  0x7ff80d5dadbc  _dispatch_client_callout + 8
7  0x7ff80d5dc04e  _dispatch_once_callout + 20
8  0x7ff80d5eb740  _dispatch_apply_invoke + 184
9  0x7ff80d5dadbc  _dispatch_client_callout + 8
10  0x7ff80d5ea2ca  _dispatch_root_queue_drain + 871
11  0x7ff80d5ea84f  _dispatch_worker_thread2 + 152
12  0x7ff80d778b43  _pthread_wqthread + 262
ld: Assertion failed: (resultIndex < sectData.atoms.size()), function findAtom, file Relocations.cpp, line 1336.
collect2: error: ld returned 1 exit status
gprlib: /users/runner/.config/alire/cache/dependencies/gnat_native_10.3.2_e112fd3f/bin/gcc execution error
gprbuild: could not build library for project basalt
stderr: Command ["gprbuild", "-s", "-j0", "-p", "-P", "/Users/runner/work/alire-crates-ci/alire-crates-ci/test/e09023f7-c882-4266-b725-31af1ee3f677/basalt_0.3.0_bbbf5ac9/basalt.gpr"] exited with code 4
ERROR: Command ["gprbuild", "-s", "-j0", "-p", "-P", "/Users/runner/work/alire-crates-ci/alire-crates-ci/test/e09023f7-c882-4266-b725-31af1ee3f677/basalt_0.3.0_bbbf5ac9/basalt.gpr"] exited with code 4
stderr: ALIRE.CHECKED_ERROR
stderr: Command ["gprbuild", "-s", "-j0", "-p", "-P", "/Users/runner/work/alire-crates-ci/alire-crates-ci/test/e09023f7-c882-4266-b725-31af1ee3f677/basalt_0.3.0_bbbf5ac9/basalt.gpr"] exited with code 4
stderr: raised ALIRE.CHECKED_ERROR : alire-stored-error:1
Load address: 0x102b93000
Call stack traceback locations:
0x10349b415 0x10316ee83 0x103381df9 0x103382581 0x1032e2ac3 0x1032e0f99 0x1032fd873 0x103349dc1 0x10334881a 0x1032fd9b8 0x1032e1349 0x102bf29c1 0x102c03578 0x102c0801c 0x102c8e05c 0x102c993b8 0x102b94605 0x102b97914


Warning: basalt=0.3.0 successfully retrieved but its build failed.
There are no dependencies.
ERROR: Build ended with errors
