Test ran at 2022-07-04 00:49:35.094774+00:00

SOLUTION:
dependency_graph_extractor=0.1.0: Extract dependency information from Ada projects
Origin: commit 71bc61cd13d542edf4732643f208273d435c33a9 from https://github.com/TNO/Dependency_Graph_Extractor-Ada.git
Properties:
   Author: Pierre van de Laar
   Description: Extract dependency information from Ada projects
   License: BSD-3-Clause
   Maintainer: Pierre van de Laar <pierre.van.de.laar@gmail.com>
   Maintainers_Logins: pjljvandelaar
   Name: dependency_graph_extractor
   Tag: extract
   Tag: dependency
   Tag: analysis
   Tag: graph
   Tag: graphml
   Version: 0.1.0
   Website: https://github.com/TNO/Dependency_Graph_Extractor-Ada
Dependencies (direct):
   libadalang^22.0.0
Dependencies (solution):
   gnat=11.2.4 (gnat_native) (installed)
   gnatcoll=22.0.0
   gnatcoll_gmp=22.0.0
   gnatcoll_iconv=22.0.0
   langkit_support=22.0.0
   libadalang=22.0.0
   libgpr=22.0.0
   xmlada=22.0.0
Dependencies (external):
   libgmp* (indirect,hinted)
Dependencies (graph):
   dependency_graph_extractor=0.1.0 --> libadalang=22.0.0 (^22.0.0)       
   gnatcoll=22.0.0                  --> libgpr=22.0.0 (~22.0.0)           
   gnatcoll_gmp=22.0.0              --> gnatcoll=22.0.0 (~22.0.0)         
   gnatcoll_gmp=22.0.0              --> libgmp*                           
   gnatcoll_iconv=22.0.0            --> gnatcoll=22.0.0 (~22.0.0)         
   langkit_support=22.0.0           --> gnatcoll=22.0.0 (^22)             
   langkit_support=22.0.0           --> gnatcoll_iconv=22.0.0 (^22)       
   libadalang=22.0.0                --> gnatcoll=22.0.0 (^22)             
   libadalang=22.0.0                --> gnatcoll_gmp=22.0.0 (^22)         
   libadalang=22.0.0                --> gnatcoll_iconv=22.0.0 (^22)       
   libadalang=22.0.0                --> langkit_support=22.0.0 (^22)      
   libgpr=22.0.0                    --> gnat=11.2.4 (gnat_native) (/=2020)
   libgpr=22.0.0                    --> xmlada=22.0.0 (~22.0.0)           
   xmlada=22.0.0                    --> gnat=11.2.4 (gnat_native) (>=11)  
Dependencies cannot be met


LOG:
