Test ran at 2024-10-01 13:10:59.696259+00:00

SOLUTION:
gnat_avr_elf=13.2.1: The GNAT Ada compiler - AVR cross-compiler
Provides: gnat=13.2.1
Origin: (case OS is Linux => (case Host_Arch is X86_64 => binary archive gnat-avr-elf-linux64-13.2.0-1.tar.gz at https://github.com/alire-project/GNAT-FSF-builds/releases/download/gnat-13.2.0-1/gnat-avr-elf-linux64-13.2.0-1.tar.gz), Macos => (case Host_Arch is X86_64 => binary archive gnat-avr-elf-darwin-13.2.0-1.tar.gz at https://github.com/alire-project/GNAT-FSF-builds/releases/download/gnat-13.2.0-1/gnat-avr-elf-darwin-13.2.0-1.tar.gz), Windows => (case Host_Arch is X86_64 => binary archive gnat-avr-elf-windows64-13.2.0-1.tar.gz at https://github.com/alire-project/GNAT-FSF-builds/releases/download/gnat-13.2.0-1/gnat-avr-elf-windows64-13.2.0-1.tar.gz)) with hash sha256:e8e44bd7b64d33e006878e20a6fa6e29e0a816cbe6cf81d7301b9915df9b4cd2
Properties:
   Auto_Gpr_With: auto-gpr-with=false
   Configuration: no modifiers
   Description: The GNAT Ada compiler - AVR cross-compiler
   Environment: PATH=${CRATE_ROOT}/bin:${PATH}
   License: GPL-3.0-or-later AND GPL-3.0-or-later WITH GCC-exception-3.1
   Maintainer: chouteau@adacore.com
   Maintainers_Logins: Fabien-Chouteau
   Name: gnat_avr_elf
   Version: 13.2.1


LOG:
Note: Deploying gnat_avr_elf=13.2.1...
#=#=#                                                                          

                                                                           0.1%
###                                                                        4.3%
######                                                                     8.5%
#########                                                                 12.8%
#########                                                                 13.5%
#############                                                             18.8%
#################                                                         23.9%
####################                                                      29.1%
########################                                                  33.5%
###########################                                               37.8%
###########################                                               38.4%
##############################                                            42.7%
##################################                                        47.8%
#####################################                                     52.0%
#######################################                                   55.5%
##########################################                                59.7%
##############################################                            64.8%
##################################################                        70.6%
####################################################                      72.5%
#######################################################                   76.8%
##########################################################                81.0%
#############################################################             85.3%
################################################################          89.5%
###################################################################       93.8%
######################################################################    98.4%
######################################################################## 100.0%

gnat_avr_elf=13.2.1 successfully retrieved.
There are no dependencies.
Warning: Binary release does not contain default project file: gnat_avr_elf.gpr
