Test ran at 2022-06-19 12:58:33.270467+00:00

SOLUTION:
gnatprove=11.2.3: Automatic formal verification of SPARK code
Origin: (case OS is Linux => (case Word_Size is Bits_64 => binary archive gnatprove-x86_64-linux-11.2.0-3.tar.gz at https://github.com/alire-project/GNAT-FSF-builds/releases/download/gnatprove-11.2.0-3/gnatprove-x86_64-linux-11.2.0-3.tar.gz), Macos => (case Word_Size is Bits_64 => binary archive gnatprove-x86_64-darwin-11.2.0-3.tar.gz at https://github.com/alire-project/GNAT-FSF-builds/releases/download/gnatprove-11.2.0-3/gnatprove-x86_64-darwin-11.2.0-3.tar.gz), Windows => (case Word_Size is Bits_64 => binary archive gnatprove-x86_64-windows64-11.2.0-3.tar.gz at https://github.com/alire-project/GNAT-FSF-builds/releases/download/gnatprove-11.2.0-3/gnatprove-x86_64-windows64-11.2.0-3.tar.gz)) with hash sha256:f7ece6d3edec1c6378054938614428e2f2f3a86ec994537b3e6943bb42fe2d22
Properties:
   Auto_Gpr_With: auto-gpr-with=false
   Configuration: no modifiers
   Description: Automatic formal verification of SPARK code
   Environment: PATH=${CRATE_ROOT}/bin:${PATH}
   License: GPL-3.0-or-later
   Maintainer: chouteau@adacore.com
   Maintainers_Logins: Fabien-Chouteau
   Name: gnatprove
   Version: 11.2.3


LOG:
Note: Deploying gnatprove=11.2.3...
#=#=#                                                                         
##O#-#                                                                        

                                                                           0.3%
#                                                                          2.1%
##                                                                         4.0%
###                                                                        4.2%
######                                                                     9.5%
#########                                                                 12.6%
###########                                                               15.8%
############                                                              17.9%
##############                                                            20.0%
#################                                                         24.1%
####################                                                      28.3%
#####################                                                     30.4%
#########################                                                 35.7%
###########################                                               37.8%
############################                                              39.9%
##############################                                            42.4%
###############################                                           44.1%
################################                                          45.1%
#################################                                         46.7%
#################################                                         47.2%
###################################                                       49.5%
########################################                                  55.6%
##########################################                                58.7%
############################################                              61.9%
##############################################                            64.2%
##################################################                        70.3%
####################################################                      73.5%
#######################################################                   76.6%
##########################################################                80.8%
#############################################################             85.0%
###############################################################           88.1%
#################################################################         91.2%
###################################################################       93.4%
######################################################################    97.6%
######################################################################## 100.0%
Note: Skipping build step for binary release gnatprove=11.2.3

gnatprove=11.2.3 successfully retrieved and deployed.
There are no dependencies.
