Test ran at 2024-12-23 00:49:30.291746+00:00

SOLUTION:
uri_mime=1.4.0: URI & MIME Type Parsing and Manupulation
Origin: source archive v1.4.0.tar.gz at https://git.sr.ht/~nytpu/uri-mime-ada/archive/v1.4.0.tar.gz with hashes sha256:2f7bb73e418dfa6adce3047107dc45ac9c14c811ce8b542c2aec45c6b326292a, sha512:da9eb3832cd149f8ac90440695b3dd2cf47b8675a5f1b4962bf402bf217347d1a00967e397da9da6055144deacba65869d1e01bfdb53afd40b9e6fb1a34bcb73
Properties:
   Author: nytpu
   Description: URI & MIME Type Parsing and Manupulation
   GPR Scenario: URI_MIME_BUILD_MODE := debug | optimize
   GPR Scenario: URI_MIME_COMPILE_CHECKS := enabled | disabled
   GPR Scenario: URI_MIME_CONTRACTS := enabled | disabled
   GPR Scenario: URI_MIME_LIBRARY_TYPE := dynamic | relocatable | static | static-pic
   GPR Scenario: URI_MIME_RUNTIME_CHECKS := enabled | disabled
   GPR Scenario: URI_MIME_STYLE_CHECKS := enabled | disabled
   License: MPL-2.0
   Maintainer: nytpu <alex@nytpu.com>
   Maintainers_Logins: nytpu
   Name: uri_mime
   Tag: uri
   Tag: url
   Tag: mime
   Tag: media-type
   Version: 1.4.0
   Website: https://git.sr.ht/~nytpu/uri-mime-ada


LOG:
Note: Deploying uri_mime=1.4.0...
#=#=#                                                                          
##O#-#                                                                         
##O=#  #                                                                       
#=#=-#  #                                                                      
-#O#- #   #                                                                    
-=#=#   #   #                                                                  
-=O#-#   #   #                                                                 
-=O=#  #   #   #                                                               
-=O=-#  #    #   #                                                             
-=O=- #   #   #    #                                                           
-=O=-   #   #   #     #                                                        
-=O=-    #   #    #     #                                                      
-=O=-      #   #     #    #                                                    
-=O=-        #   #     #    #                                                  
-=O=-         #    #     #     #                                               
-=O=-           #     #    #     #                                             
-=O=-             #     #     #     #                                          
-=O=-                #    #     #     #                                        
-=O=-                  #    #     #     #                                      
-=O=-                    #     #     #     #                                   
-=O=-                      #     #     #     #                                 
-=O=-                         #     #     #     #                              
-=O=-                           #     #     #     #                            
-=O=-                             #     #     #     #                          
-=O=-                                #     #     #    #                        
-=O=-                                  #     #     #     #                     
-=O=-                                     #     #    #     #                   
-=O=-                                       #     #    #     #                 
-=O=-                                         #     #     #    #               
-=O=-                                            #    #     #   #              
-=O=-                                              #     #    #   #            
-=O=-                                                #     #   #    #          
-=O=-                                                  #     #   #   #         
-=O=-                                                     #    #   #   #       
-=O=-                                                       #   #   #   #      
-=O=-                                                         #   #   #  #     
-=O=-                                                          #    #  #  #    
-=O=-                                                            #   #  #  #   
-=O=-                                                              #   # # #   
-=O=-                                                               #   # # #  
-=O=-                                                                 #  # ##  
-=O=-                                                                  #  # #  
-=O=-                                                                   #  ### 
-=O=-                                                                    # ##  
-=O=-                                                                     # #  
-=O=-                                                                      ##  
-=O=-                                                                      ##  
-=O=-                                                                      ### 
-=O=-                                                                     # #  
-=O=-                                                                    # ##  
-=O=-                                                                   # # #  
-=O=-                                                                  # # ##  
-=O=-                                                                #  #  ##  
-=O=-                                                               #  #  # #  
-=O=-                                                             #   #  # #   
-=O=-                                                           #   #   # #    
-=O=-                                                          #   #   # #     
-=O=-                                                        #   #   #  #      
-=O=-                                                      #   #    #  #       
-=O=-                                                    #    #   #   #        
-=O=-                                                 #     #   #   #          
-=O=-                                               #     #    #   #           
-=O=-                                             #    #     #   #             
-=O=-                                           #    #     #   #               
-=O=-                                        #     #     #    #                
-=O=-                                      #     #    #     #                  
-=O=-                                   #     #     #     #                    
-=O=-                                 #     #     #    #                       
-=O=-                               #     #     #    #                         
-=O=-                            #     #     #     #                           
-=O=-                          #     #     #     #                             
-=O=-                       #     #     #     #                                
-=O=-                     #     #     #     #                                  
-=O=-                   #     #     #     #                                    
-=O=-                 #    #     #     #                                       
-=O=-              #     #     #     #                                         
-=O=-            #     #    #     #                                            

######################################################################## 100.0%
stderr: Generating Outcome_Failure with message: release integrity test failed: expected [sha256:2f7bb73e418dfa6adce3047107dc45ac9c14c811ce8b542c2aec45c6b326292a] but got [sha256:c9c89d274726b86306e1c97d80360f820bce86042c34c9bb2487aac4ada6d606]
stderr: Generating Outcome_Failure with call stack:
stderr: raised AAA.DEBUG.STACK_TRACE.DEBUG_EXCEPTION : aaa-debug.adb:44
Load address: 0x102db9000
Call stack traceback locations:
0x1037e9a80 0x1036bfe2a 0x1032e6d04 0x1032e3b48 0x1032e5170 0x1034d98ed 0x10350b8c7 0x102e28d98 0x102e2e01c 0x102eb405c 0x102ebf3b8 0x102dba605 0x102dbd914

stderr: ALIRE.CHECKED_ERROR
stderr: release integrity test failed: expected [sha256:2f7bb73e418dfa6adce3047107dc45ac9c14c811ce8b542c2aec45c6b326292a] but got [sha256:c9c89d274726b86306e1c97d80360f820bce86042c34c9bb2487aac4ada6d606]
stderr: raised ALIRE.CHECKED_ERROR : alire-stored-error:1
Load address: 0x102db9000
Call stack traceback locations:
0x1036be814 0x1034d98ff 0x10350b8c7 0x102e28d98 0x102e2e01c 0x102eb405c 0x102ebf3b8 0x102dba605 0x102dbd914

ERROR: release integrity test failed: expected [sha256:2f7bb73e418dfa6adce3047107dc45ac9c14c811ce8b542c2aec45c6b326292a] but got [sha256:c9c89d274726b86306e1c97d80360f820bce86042c34c9bb2487aac4ada6d606]
