Test ran at 2022-05-31 16:24:36.251319+00:00

SOLUTION:
littlefs=0.1.0: Ada/SPARK binding for the LittleFS flash embedded filesystem
Origin: commit 90f31b47aad40519b9288d8adfbdf459310fff7f from https://github.com/Fabien-Chouteau/littlefs-ada.git
Properties:
   Author: Fabien Chouteau
   Description: Ada/SPARK binding for the LittleFS flash embedded filesystem
   License: BSD-3-Clause
   Maintainer: Fabien Chouteau <chouteau@adacore.com>
   Maintainers_Logins: Fabien-Chouteau
   Name: littlefs
   Tag: embedded
   Tag: filesystem
   Tag: nostd
   Tag: flash
   Version: 0.1.0
   Website: https://github.com/Fabien-Chouteau/littlefs-ada


LOG:
Note: Deploying release littlefs=0.1.0...
Cloning into '/Users/runner/work/alire-crates-ci/alire-crates-ci/test/9cb144cb-3b5e-4b2e-8a4e-f7193e982c73/alr-vsik.tmp'...
remote: Enumerating objects: 34, done.        
remote: Counting objects:   2% (1/34)        
remote: Counting objects:   5% (2/34)        
remote: Counting objects:   8% (3/34)        
remote: Counting objects:  11% (4/34)        
remote: Counting objects:  14% (5/34)        
remote: Counting objects:  17% (6/34)        
remote: Counting objects:  20% (7/34)        
remote: Counting objects:  23% (8/34)        
remote: Counting objects:  26% (9/34)        
remote: Counting objects:  29% (10/34)        
remote: Counting objects:  32% (11/34)        
remote: Counting objects:  35% (12/34)        
remote: Counting objects:  38% (13/34)        
remote: Counting objects:  41% (14/34)        
remote: Counting objects:  44% (15/34)        
remote: Counting objects:  47% (16/34)        
remote: Counting objects:  50% (17/34)        
remote: Counting objects:  52% (18/34)        
remote: Counting objects:  55% (19/34)        
remote: Counting objects:  58% (20/34)        
remote: Counting objects:  61% (21/34)        
remote: Counting objects:  64% (22/34)        
remote: Counting objects:  67% (23/34)        
remote: Counting objects:  70% (24/34)        
remote: Counting objects:  73% (25/34)        
remote: Counting objects:  76% (26/34)        
remote: Counting objects:  79% (27/34)        
remote: Counting objects:  82% (28/34)        
remote: Counting objects:  85% (29/34)        
remote: Counting objects:  88% (30/34)        
remote: Counting objects:  91% (31/34)        
remote: Counting objects:  94% (32/34)        
remote: Counting objects:  97% (33/34)        
remote: Counting objects: 100% (34/34)        
remote: Counting objects: 100% (34/34), done.        
remote: Compressing objects:   4% (1/24)        
remote: Compressing objects:   8% (2/24)        
remote: Compressing objects:  12% (3/24)        
remote: Compressing objects:  16% (4/24)        
remote: Compressing objects:  20% (5/24)        
remote: Compressing objects:  25% (6/24)        
remote: Compressing objects:  29% (7/24)        
remote: Compressing objects:  33% (8/24)        
remote: Compressing objects:  37% (9/24)        
remote: Compressing objects:  41% (10/24)        
remote: Compressing objects:  45% (11/24)        
remote: Compressing objects:  50% (12/24)        
remote: Compressing objects:  54% (13/24)        
remote: Compressing objects:  58% (14/24)        
remote: Compressing objects:  62% (15/24)        
remote: Compressing objects:  66% (16/24)        
remote: Compressing objects:  70% (17/24)        
remote: Compressing objects:  75% (18/24)        
remote: Compressing objects:  79% (19/24)        
remote: Compressing objects:  83% (20/24)        
remote: Compressing objects:  87% (21/24)        
remote: Compressing objects:  91% (22/24)        
remote: Compressing objects:  95% (23/24)        
remote: Compressing objects: 100% (24/24)        
remote: Compressing objects: 100% (24/24), done.        
remote: Total 34 (delta 7), reused 29 (delta 6), pack-reused 0        
Receiving objects:   2% (1/34)
Receiving objects:   5% (2/34)
Receiving objects:   8% (3/34)
Receiving objects:  11% (4/34)
Receiving objects:  14% (5/34)
Receiving objects:  17% (6/34)
Receiving objects:  20% (7/34)
Receiving objects:  23% (8/34)
Receiving objects:  26% (9/34)
Receiving objects:  29% (10/34)
Receiving objects:  32% (11/34)
Receiving objects:  35% (12/34)
Receiving objects:  38% (13/34)
Receiving objects:  41% (14/34)
Receiving objects:  44% (15/34)
Receiving objects:  47% (16/34)
Receiving objects:  50% (17/34)
Receiving objects:  52% (18/34)
Receiving objects:  55% (19/34)
Receiving objects:  58% (20/34)
Receiving objects:  61% (21/34)
Receiving objects:  64% (22/34)
Receiving objects:  67% (23/34)
Receiving objects:  70% (24/34)
Receiving objects:  73% (25/34)
Receiving objects:  76% (26/34)
Receiving objects:  79% (27/34)
Receiving objects:  82% (28/34)
Receiving objects:  85% (29/34)
Receiving objects:  88% (30/34)
Receiving objects:  91% (31/34)
Receiving objects:  94% (32/34)
Receiving objects:  97% (33/34)
Receiving objects: 100% (34/34)
Receiving objects: 100% (34/34), 15.30 KiB | 7.65 MiB/s, done.
Resolving deltas:   0% (0/7)
Resolving deltas:  14% (1/7)
Resolving deltas:  28% (2/7)
Resolving deltas:  42% (3/7)
Resolving deltas:  57% (4/7)
Resolving deltas:  71% (5/7)
Resolving deltas:  85% (6/7)
Resolving deltas: 100% (7/7)
Resolving deltas: 100% (7/7), done.
Submodule 'littlefs' (https://github.com/littlefs-project/littlefs) registered for path 'littlefs'
Cloning into '/Users/runner/work/alire-crates-ci/alire-crates-ci/test/9cb144cb-3b5e-4b2e-8a4e-f7193e982c73/alr-vsik.tmp/littlefs'...
remote: Enumerating objects: 3629, done.        
remote: Counting objects:   0% (1/485)        
remote: Counting objects:   1% (5/485)        
remote: Counting objects:   2% (10/485)        
remote: Counting objects:   3% (15/485)        
remote: Counting objects:   4% (20/485)        
remote: Counting objects:   5% (25/485)        
remote: Counting objects:   6% (30/485)        
remote: Counting objects:   7% (34/485)        
remote: Counting objects:   8% (39/485)        
remote: Counting objects:   9% (44/485)        
remote: Counting objects:  10% (49/485)        
remote: Counting objects:  11% (54/485)        
remote: Counting objects:  12% (59/485)        
remote: Counting objects:  13% (64/485)        
remote: Counting objects:  14% (68/485)        
remote: Counting objects:  15% (73/485)        
remote: Counting objects:  16% (78/485)        
remote: Counting objects:  17% (83/485)        
remote: Counting objects:  18% (88/485)        
remote: Counting objects:  19% (93/485)        
remote: Counting objects:  20% (97/485)        
remote: Counting objects:  21% (102/485)        
remote: Counting objects:  22% (107/485)        
remote: Counting objects:  23% (112/485)        
remote: Counting objects:  24% (117/485)        
remote: Counting objects:  25% (122/485)        
remote: Counting objects:  26% (127/485)        
remote: Counting objects:  27% (131/485)        
remote: Counting objects:  28% (136/485)        
remote: Counting objects:  29% (141/485)        
remote: Counting objects:  30% (146/485)        
remote: Counting objects:  31% (151/485)        
remote: Counting objects:  32% (156/485)        
remote: Counting objects:  33% (161/485)        
remote: Counting objects:  34% (165/485)        
remote: Counting objects:  35% (170/485)        
remote: Counting objects:  36% (175/485)        
remote: Counting objects:  37% (180/485)        
remote: Counting objects:  38% (185/485)        
remote: Counting objects:  39% (190/485)        
remote: Counting objects:  40% (194/485)        
remote: Counting objects:  41% (199/485)        
remote: Counting objects:  42% (204/485)        
remote: Counting objects:  43% (209/485)        
remote: Counting objects:  44% (214/485)        
remote: Counting objects:  45% (219/485)        
remote: Counting objects:  46% (224/485)        
remote: Counting objects:  47% (228/485)        
remote: Counting objects:  48% (233/485)        
remote: Counting objects:  49% (238/485)        
remote: Counting objects:  50% (243/485)        
remote: Counting objects:  51% (248/485)        
remote: Counting objects:  52% (253/485)        
remote: Counting objects:  53% (258/485)        
remote: Counting objects:  54% (262/485)        
remote: Counting objects:  55% (267/485)        
remote: Counting objects:  56% (272/485)        
remote: Counting objects:  57% (277/485)        
remote: Counting objects:  58% (282/485)        
remote: Counting objects:  59% (287/485)        
remote: Counting objects:  60% (291/485)        
remote: Counting objects:  61% (296/485)        
remote: Counting objects:  62% (301/485)        
remote: Counting objects:  63% (306/485)        
remote: Counting objects:  64% (311/485)        
remote: Counting objects:  65% (316/485)        
remote: Counting objects:  66% (321/485)        
remote: Counting objects:  67% (325/485)        
remote: Counting objects:  68% (330/485)        
remote: Counting objects:  69% (335/485)        
remote: Counting objects:  70% (340/485)        
remote: Counting objects:  71% (345/485)        
remote: Counting objects:  72% (350/485)        
remote: Counting objects:  73% (355/485)        
remote: Counting objects:  74% (359/485)        
remote: Counting objects:  75% (364/485)        
remote: Counting objects:  76% (369/485)        
remote: Counting objects:  77% (374/485)        
remote: Counting objects:  78% (379/485)        
remote: Counting objects:  79% (384/485)        
remote: Counting objects:  80% (388/485)        
remote: Counting objects:  81% (393/485)        
remote: Counting objects:  82% (398/485)        
remote: Counting objects:  83% (403/485)        
remote: Counting objects:  84% (408/485)        
remote: Counting objects:  85% (413/485)        
remote: Counting objects:  86% (418/485)        
remote: Counting objects:  87% (422/485)        
remote: Counting objects:  88% (427/485)        
remote: Counting objects:  89% (432/485)        
remote: Counting objects:  90% (437/485)        
remote: Counting objects:  91% (442/485)        
remote: Counting objects:  92% (447/485)        
remote: Counting objects:  93% (452/485)        
remote: Counting objects:  94% (456/485)        
remote: Counting objects:  95% (461/485)        
remote: Counting objects:  96% (466/485)        
remote: Counting objects:  97% (471/485)        
remote: Counting objects:  98% (476/485)        
remote: Counting objects:  99% (481/485)        
remote: Counting objects: 100% (485/485)        
remote: Counting objects: 100% (485/485), done.        
remote: Compressing objects:   0% (1/209)        
remote: Compressing objects:   1% (3/209)        
remote: Compressing objects:   2% (5/209)        
remote: Compressing objects:   3% (7/209)        
remote: Compressing objects:   4% (9/209)        
remote: Compressing objects:   5% (11/209)        
remote: Compressing objects:   6% (13/209)        
remote: Compressing objects:   7% (15/209)        
remote: Compressing objects:   8% (17/209)        
remote: Compressing objects:   9% (19/209)        
remote: Compressing objects:  10% (21/209)        
remote: Compressing objects:  11% (23/209)        
remote: Compressing objects:  12% (26/209)        
remote: Compressing objects:  13% (28/209)        
remote: Compressing objects:  14% (30/209)        
remote: Compressing objects:  15% (32/209)        
remote: Compressing objects:  16% (34/209)        
remote: Compressing objects:  17% (36/209)        
remote: Compressing objects:  18% (38/209)        
remote: Compressing objects:  19% (40/209)        
remote: Compressing objects:  20% (42/209)        
remote: Compressing objects:  21% (44/209)        
remote: Compressing objects:  22% (46/209)        
remote: Compressing objects:  23% (49/209)        
remote: Compressing objects:  24% (51/209)        
remote: Compressing objects:  25% (53/209)        
remote: Compressing objects:  26% (55/209)        
remote: Compressing objects:  27% (57/209)        
remote: Compressing objects:  28% (59/209)        
remote: Compressing objects:  29% (61/209)        
remote: Compressing objects:  30% (63/209)        
remote: Compressing objects:  31% (65/209)        
remote: Compressing objects:  32% (67/209)        
remote: Compressing objects:  33% (69/209)        
remote: Compressing objects:  34% (72/209)        
remote: Compressing objects:  35% (74/209)        
remote: Compressing objects:  36% (76/209)        
remote: Compressing objects:  37% (78/209)        
remote: Compressing objects:  38% (80/209)        
remote: Compressing objects:  39% (82/209)        
remote: Compressing objects:  40% (84/209)        
remote: Compressing objects:  41% (86/209)        
remote: Compressing objects:  42% (88/209)        
remote: Compressing objects:  43% (90/209)        
remote: Compressing objects:  44% (92/209)        
remote: Compressing objects:  45% (95/209)        
remote: Compressing objects:  46% (97/209)        
remote: Compressing objects:  47% (99/209)        
remote: Compressing objects:  48% (101/209)        
remote: Compressing objects:  49% (103/209)        
remote: Compressing objects:  50% (105/209)        
remote: Compressing objects:  51% (107/209)        
remote: Compressing objects:  52% (109/209)        
remote: Compressing objects:  53% (111/209)        
remote: Compressing objects:  54% (113/209)        
remote: Compressing objects:  55% (115/209)        
remote: Compressing objects:  56% (118/209)        
remote: Compressing objects:  57% (120/209)        
remote: Compressing objects:  58% (122/209)        
remote: Compressing objects:  59% (124/209)        
remote: Compressing objects:  60% (126/209)        
remote: Compressing objects:  61% (128/209)        
remote: Compressing objects:  62% (130/209)        
remote: Compressing objects:  63% (132/209)        
remote: Compressing objects:  64% (134/209)        
remote: Compressing objects:  65% (136/209)        
remote: Compressing objects:  66% (138/209)        
remote: Compressing objects:  67% (141/209)        
remote: Compressing objects:  68% (143/209)        
remote: Compressing objects:  69% (145/209)        
remote: Compressing objects:  70% (147/209)        
remote: Compressing objects:  71% (149/209)        
remote: Compressing objects:  72% (151/209)        
remote: Compressing objects:  73% (153/209)        
remote: Compressing objects:  74% (155/209)        
remote: Compressing objects:  75% (157/209)        
remote: Compressing objects:  76% (159/209)        
remote: Compressing objects:  77% (161/209)        
remote: Compressing objects:  78% (164/209)        
remote: Compressing objects:  79% (166/209)        
remote: Compressing objects:  80% (168/209)        
remote: Compressing objects:  81% (170/209)        
remote: Compressing objects:  82% (172/209)        
remote: Compressing objects:  83% (174/209)        
remote: Compressing objects:  84% (176/209)        
remote: Compressing objects:  85% (178/209)        
remote: Compressing objects:  86% (180/209)        
remote: Compressing objects:  87% (182/209)        
remote: Compressing objects:  88% (184/209)        
remote: Compressing objects:  89% (187/209)        
remote: Compressing objects:  90% (189/209)        
remote: Compressing objects:  91% (191/209)        
remote: Compressing objects:  92% (193/209)        
remote: Compressing objects:  93% (195/209)        
remote: Compressing objects:  94% (197/209)        
remote: Compressing objects:  95% (199/209)        
remote: Compressing objects:  96% (201/209)        
remote: Compressing objects:  97% (203/209)        
remote: Compressing objects:  98% (205/209)        
remote: Compressing objects:  99% (207/209)        
remote: Compressing objects: 100% (209/209)        
remote: Compressing objects: 100% (209/209), done.        
Receiving objects:   0% (1/3629)
Receiving objects:   1% (37/3629)
Receiving objects:   2% (73/3629)
Receiving objects:   3% (109/3629)
Receiving objects:   4% (146/3629)
Receiving objects:   5% (182/3629)
Receiving objects:   6% (218/3629)
Receiving objects:   7% (255/3629)
Receiving objects:   8% (291/3629)
Receiving objects:   9% (327/3629)
Receiving objects:  10% (363/3629)
Receiving objects:  11% (400/3629)
Receiving objects:  12% (436/3629)
Receiving objects:  13% (472/3629)
Receiving objects:  14% (509/3629)
Receiving objects:  15% (545/3629)
Receiving objects:  16% (581/3629)
Receiving objects:  17% (617/3629)
Receiving objects:  18% (654/3629)
Receiving objects:  19% (690/3629)
Receiving objects:  20% (726/3629)
Receiving objects:  21% (763/3629)
Receiving objects:  22% (799/3629)
Receiving objects:  23% (835/3629)
Receiving objects:  24% (871/3629)
Receiving objects:  25% (908/3629)
Receiving objects:  26% (944/3629)
Receiving objects:  27% (980/3629)
Receiving objects:  28% (1017/3629)
Receiving objects:  29% (1053/3629)
Receiving objects:  30% (1089/3629)
Receiving objects:  31% (1125/3629)
Receiving objects:  32% (1162/3629)
Receiving objects:  33% (1198/3629)
Receiving objects:  34% (1234/3629)
Receiving objects:  35% (1271/3629)
Receiving objects:  36% (1307/3629)
Receiving objects:  37% (1343/3629)
Receiving objects:  38% (1380/3629)
Receiving objects:  39% (1416/3629)
Receiving objects:  40% (1452/3629)
Receiving objects:  41% (1488/3629)
Receiving objects:  42% (1525/3629)
Receiving objects:  43% (1561/3629)
Receiving objects:  44% (1597/3629)
Receiving objects:  45% (1634/3629)
Receiving objects:  46% (1670/3629)
Receiving objects:  47% (1706/3629)
Receiving objects:  48% (1742/3629)
Receiving objects:  49% (1779/3629)
Receiving objects:  50% (1815/3629)
Receiving objects:  51% (1851/3629)
Receiving objects:  52% (1888/3629)
Receiving objects:  53% (1924/3629)
Receiving objects:  54% (1960/3629)
Receiving objects:  55% (1996/3629)
Receiving objects:  56% (2033/3629)
Receiving objects:  57% (2069/3629)
Receiving objects:  58% (2105/3629)
Receiving objects:  59% (2142/3629)
Receiving objects:  60% (2178/3629)
Receiving objects:  61% (2214/3629)
Receiving objects:  62% (2250/3629)
Receiving objects:  63% (2287/3629)
Receiving objects:  64% (2323/3629)
Receiving objects:  65% (2359/3629)
Receiving objects:  66% (2396/3629)
Receiving objects:  67% (2432/3629)
Receiving objects:  68% (2468/3629)
Receiving objects:  69% (2505/3629)
Receiving objects:  70% (2541/3629)
Receiving objects:  71% (2577/3629)
Receiving objects:  72% (2613/3629)
Receiving objects:  73% (2650/3629)
Receiving objects:  74% (2686/3629)
Receiving objects:  75% (2722/3629)
Receiving objects:  76% (2759/3629)
Receiving objects:  77% (2795/3629)
Receiving objects:  78% (2831/3629)
Receiving objects:  79% (2867/3629)
Receiving objects:  80% (2904/3629)
Receiving objects:  81% (2940/3629)
Receiving objects:  82% (2976/3629)
Receiving objects:  83% (3013/3629)
Receiving objects:  84% (3049/3629)
Receiving objects:  85% (3085/3629)
Receiving objects:  86% (3121/3629)
Receiving objects:  87% (3158/3629)
Receiving objects:  88% (3194/3629)
Receiving objects:  89% (3230/3629)
Receiving objects:  90% (3267/3629)
Receiving objects:  91% (3303/3629)
Receiving objects:  92% (3339/3629)
Receiving objects:  93% (3375/3629)
Receiving objects:  94% (3412/3629)
Receiving objects:  95% (3448/3629)
Receiving objects:  96% (3484/3629)
Receiving objects:  97% (3521/3629)
Receiving objects:  98% (3557/3629)
remote: Total 3629 (delta 322), reused 376 (delta 262), pack-reused 3144        
Receiving objects:  99% (3593/3629)
Receiving objects: 100% (3629/3629)
Receiving objects: 100% (3629/3629), 1.99 MiB | 28.28 MiB/s, done.
Resolving deltas:   0% (0/2505)
Resolving deltas:   1% (26/2505)
Resolving deltas:   2% (51/2505)
Resolving deltas:   3% (76/2505)
Resolving deltas:   4% (101/2505)
Resolving deltas:   5% (126/2505)
Resolving deltas:   6% (151/2505)
Resolving deltas:   7% (176/2505)
Resolving deltas:   8% (201/2505)
Resolving deltas:   9% (226/2505)
Resolving deltas:  10% (251/2505)
Resolving deltas:  11% (276/2505)
Resolving deltas:  12% (301/2505)
Resolving deltas:  13% (326/2505)
Resolving deltas:  14% (351/2505)
Resolving deltas:  15% (376/2505)
Resolving deltas:  16% (401/2505)
Resolving deltas:  17% (426/2505)
Resolving deltas:  18% (451/2505)
Resolving deltas:  19% (476/2505)
Resolving deltas:  20% (501/2505)
Resolving deltas:  21% (527/2505)
Resolving deltas:  22% (552/2505)
Resolving deltas:  23% (577/2505)
Resolving deltas:  24% (602/2505)
Resolving deltas:  25% (627/2505)
Resolving deltas:  26% (653/2505)
Resolving deltas:  27% (677/2505)
Resolving deltas:  28% (702/2505)
Resolving deltas:  29% (727/2505)
Resolving deltas:  30% (752/2505)
Resolving deltas:  31% (778/2505)
Resolving deltas:  32% (802/2505)
Resolving deltas:  33% (827/2505)
Resolving deltas:  34% (852/2505)
Resolving deltas:  35% (878/2505)
Resolving deltas:  36% (902/2505)
Resolving deltas:  37% (927/2505)
Resolving deltas:  38% (952/2505)
Resolving deltas:  39% (977/2505)
Resolving deltas:  40% (1002/2505)
Resolving deltas:  41% (1028/2505)
Resolving deltas:  42% (1053/2505)
Resolving deltas:  43% (1078/2505)
Resolving deltas:  44% (1103/2505)
Resolving deltas:  45% (1128/2505)
Resolving deltas:  46% (1153/2505)
Resolving deltas:  47% (1178/2505)
Resolving deltas:  48% (1203/2505)
Resolving deltas:  49% (1228/2505)
Resolving deltas:  50% (1253/2505)
Resolving deltas:  51% (1278/2505)
Resolving deltas:  52% (1303/2505)
Resolving deltas:  53% (1328/2505)
Resolving deltas:  54% (1353/2505)
Resolving deltas:  55% (1378/2505)
Resolving deltas:  56% (1403/2505)
Resolving deltas:  57% (1428/2505)
Resolving deltas:  58% (1453/2505)
Resolving deltas:  59% (1478/2505)
Resolving deltas:  60% (1503/2505)
Resolving deltas:  61% (1529/2505)
Resolving deltas:  62% (1554/2505)
Resolving deltas:  63% (1579/2505)
Resolving deltas:  64% (1605/2505)
Resolving deltas:  65% (1630/2505)
Resolving deltas:  66% (1654/2505)
Resolving deltas:  67% (1679/2505)
Resolving deltas:  68% (1704/2505)
Resolving deltas:  69% (1729/2505)
Resolving deltas:  70% (1755/2505)
Resolving deltas:  71% (1779/2505)
Resolving deltas:  72% (1804/2505)
Resolving deltas:  73% (1829/2505)
Resolving deltas:  74% (1854/2505)
Resolving deltas:  75% (1879/2505)
Resolving deltas:  76% (1904/2505)
Resolving deltas:  77% (1929/2505)
Resolving deltas:  78% (1954/2505)
Resolving deltas:  79% (1979/2505)
Resolving deltas:  80% (2004/2505)
Resolving deltas:  81% (2030/2505)
Resolving deltas:  82% (2055/2505)
Resolving deltas:  83% (2080/2505)
Resolving deltas:  84% (2105/2505)
Resolving deltas:  85% (2130/2505)
Resolving deltas:  86% (2155/2505)
Resolving deltas:  87% (2181/2505)
Resolving deltas:  88% (2205/2505)
Resolving deltas:  89% (2230/2505)
Resolving deltas:  90% (2255/2505)
Resolving deltas:  91% (2280/2505)
Resolving deltas:  92% (2305/2505)
Resolving deltas:  93% (2330/2505)
Resolving deltas:  94% (2355/2505)
Resolving deltas:  95% (2380/2505)
Resolving deltas:  96% (2405/2505)
Resolving deltas:  97% (2430/2505)
Resolving deltas:  98% (2455/2505)
Resolving deltas:  99% (2480/2505)
Resolving deltas: 100% (2505/2505)
Resolving deltas: 100% (2505/2505), done.
Submodule path 'littlefs': checked out '1a59954ec64ca168828a15242cc6de94ac75f9d1'
Setup
   [mkdir]        object directory for project Littlefs
   [mkdir]        library directory for project Littlefs
Compile
   [C]            lfs_util.c
   [C]            lfs.c
   [Ada]          littlefs.adb
Build Libraries
   [gprlib]       Littlefs.lexch
   [archive]      libLittlefs.a
   [index]        libLittlefs.a

littlefs=0.1.0 successfully retrieved and built.
There are no dependencies.
