Test ran at 2024-06-15 13:18:47.176999+00:00

SOLUTION:
libadalang=23.0.0: Ada semantic analysis library
Origin: source archive libadalang-23.0.0.tar.gz at https://github.com/AdaCore/libadalang/releases/download/v23.0.0/libadalang-23.0.0.tar.gz with hash sha512:f27a5d00c3aa7a9356c715ac5d1e8d7ce6377927822c97d4a9fa014da843eccdfcee168e4baba04bb6c2165c5e4dde9dab89e2e5fec1a330fae2f0d083ee989c
Properties:
   Author: AdaCore
   Description: Ada semantic analysis library
   License: Apache-2.0
   Maintainer: Pierre-Marie de Rodat <pmderodat@kawie.fr>
   Maintainers_Logins: pmderodat
   Name: libadalang
   Tag: libadalang
   Tag: static-analysis
   Version: 23.0.0
   Website: https://github.com/AdaCore/libadalang
Dependencies (direct):
   gnatcoll^23
   gnatcoll_gmp^23
   gnatcoll_iconv^23
   langkit_support^23
Dependencies (solution):
   gnat=12.2.1 (gnat_native) (installed)
   gnatcoll=23.0.0
   gnatcoll_gmp=23.0.0
   gnatcoll_iconv=23.0.0
   langkit_support=23.0.0
   libgpr=23.0.0
   xmlada=23.0.0
Dependencies (external):
   libgmp* (indirect,hinted)
Dependencies (graph):
   gnatcoll=23.0.0        --> libgpr=23.0.0 (~23.0.0)           
   gnatcoll_gmp=23.0.0    --> gnatcoll=23.0.0 (~23.0.0)         
   gnatcoll_gmp=23.0.0    --> libgmp*                           
   gnatcoll_iconv=23.0.0  --> gnatcoll=23.0.0 (~23.0.0)         
   langkit_support=23.0.0 --> gnatcoll=23.0.0 (^23)             
   langkit_support=23.0.0 --> gnatcoll_gmp=23.0.0 (^23)         
   langkit_support=23.0.0 --> gnatcoll_iconv=23.0.0 (^23)       
   libadalang=23.0.0      --> gnatcoll=23.0.0 (^23)             
   libadalang=23.0.0      --> gnatcoll_gmp=23.0.0 (^23)         
   libadalang=23.0.0      --> gnatcoll_iconv=23.0.0 (^23)       
   libadalang=23.0.0      --> langkit_support=23.0.0 (^23)      
   libgpr=23.0.0          --> gnat=12.2.1 (gnat_native) (/=2020)
   libgpr=23.0.0          --> xmlada=23.0.0 (~23.0.0)           
   xmlada=23.0.0          --> gnat=12.2.1 (gnat_native) (>=11)  
Dependencies cannot be met


LOG:
