Test ran at 2025-02-03 12:37:59.308810+00:00

SOLUTION:
matreshka_soap=21.0.0: Framework for work with SOAP 1.2
Origin: commit f0e001315430e87814c080acade5b26edb747b1e from https://github.com/reznikmm/matreshka-alire
Properties:
   Author: Vadim Godunko
   Description: Framework for work with SOAP 1.2
   License: BSD-3-Clause
   Maintainer: Vadim Godunko <vgodunko@gmail.com>
   Maintainer: Maxim Reznik <reznikmm@gmail.com>
   Maintainers_Logins: godunko
   Maintainers_Logins: reznikmm
   Name: matreshka_soap
   Project_File: build_matreshka_soap.gpr
   Tag: soap
   Tag: rpc
   Tag: protocol
   Tag: web
   Version: 21.0.0
   Website: https://github.com/godunko/matreshka
Dependencies (direct):
   matreshka_league21.0.0
   matreshka_xml21.0.0
Dependencies (solution):
   gnat=11.2.4 (gnat_native) (installed)
   make=3.81.0
   matreshka_league=21.0.0
   matreshka_xml=21.0.0
Dependencies (graph):
   matreshka_league=21.0.0 --> gnat=11.2.4 (gnat_native) (<2000)
   matreshka_league=21.0.0 --> make=3.81.0 (*)                  
   matreshka_soap=21.0.0   --> matreshka_league=21.0.0 (21.0.0) 
   matreshka_soap=21.0.0   --> matreshka_xml=21.0.0 (21.0.0)    
   matreshka_xml=21.0.0    --> matreshka_league=21.0.0 (21.0.0) 


LOG:
Note: Deploying matreshka_soap=21.0.0...
Note: Deploying make=3.81.0...
Note: Deploying matreshka_league=21.0.0...
#=#=#                                                                          
##O#-#                                                                         

                                                                           0.9%
############                                                              16.7%
##################################                                        47.5%
####################################################                      72.5%
######################################################################## 100.0%
Note: Running post_fetch actions for matreshka_league=21.0.0...
gnatmake -p -j0  -Pgnat/tools_configure.gpr
Setup
   [mkdir]        object directory for project Tools_Configure
Compile
   [Ada]          configure-driver.adb
   [Ada]          configure.adb
   [Ada]          configure-architecture.adb
   [Ada]          configure-instantiate.adb
   [Ada]          configure-internals.adb
   [Ada]          configure-rtl_version.adb
   [Ada]          configure-tests.ads
   [Ada]          configure-tests-asis.adb
   [Ada]          configure-tests-aws.adb
   [Ada]          configure-tests-firebird.adb
   [Ada]          configure-tests-gprbuild.adb
   [Ada]          configure-tests-install.adb
   [Ada]          configure-tests-installation_directories.adb
   [Ada]          configure-tests-modules.ads
   [Ada]          configure-tests-modules-amf.adb
   [Ada]          configure-tests-mysql.adb
   [Ada]          configure-tests-oci.adb
   [Ada]          configure-tests-operating_system.adb
   [Ada]          configure-tests-postgresql.adb
   [Ada]          configure-tests-sqlite3.adb
   [Ada]          configure-tests-valgrind.adb
   [Ada]          configure-version.adb
   [Ada]          configure-builder.adb
   [Ada]          configure-abstract_tests.adb
   [Ada]          configure-pkg_config.adb
   [Ada]          configure-component_switches.adb
Bind
   [gprbind]      configure-driver.bexch
   [Ada]          configure-driver.ali
Link
   [link]         configure-driver.adb
-macosx_version_min has been renamed to -macos_version_min
ld: warning: ignoring duplicate libraries: '-lSystem'
ld: warning: Support for dylib stub (MH_DYLIB_STUB) file '/Users/runner/.config/alire/cache/dependencies/gnat_native_11.2.4_9800548d/lib/libgcc_ext.10.5.dylib' is deprecated, text-based stubs should be used instead (with `GENERATE_TEXT_BASED_STUBS` build setting, or `tapi` tool)
ld: malformed mach-o missing relocations, LC_DYLD_INFO, or LC_DYLD_CHAINED_FIXUPS in '/Users/runner/.config/alire/cache/dependencies/gnat_native_11.2.4_9800548d/lib/libgcc_ext.10.5.dylib'
collect2: error: ld returned 1 exit status
gprbuild: link of configure-driver.adb failed
gprbuild: failed command was: /users/runner/.config/alire/cache/dependencies/gnat_native_11.2.4_9800548d/bin/gcc configure-driver.o b__configure-driver.o /Users/runner/work/alire-crates-ci/alire-crates-ci/test/e2e9b4ae-9231-4580-a824-f1a32b3ca0ee/matreshka_soap_21.0.0_f0e00131/alire/cache/dependencies/matreshka_league_21.0.0_0c8f4d47/.objs/configure/configure.o /Users/runner/work/alire-crates-ci/alire-crates-ci/test/e2e9b4ae-9231-4580-a824-f1a32b3ca0ee/matreshka_soap_21.0.0_f0e00131/alire/cache/dependencies/matreshka_league_21.0.0_0c8f4d47/.objs/configure/configure-component_switches.o /Users/runner/work/alire-crates-ci/alire-crates-ci/test/e2e9b4ae-9231-4580-a824-f1a32b3ca0ee/matreshka_soap_21.0.0_f0e00131/alire/cache/dependencies/matreshka_league_21.0.0_0c8f4d47/.objs/configure/configure-instantiate.o /Users/runner/work/alire-crates-ci/alire-crates-ci/test/e2e9b4ae-9231-4580-a824-f1a32b3ca0ee/matreshka_soap_21.0.0_f0e00131/alire/cache/dependencies/matreshka_league_21.0.0_0c8f4d47/.objs/configure/configure-internals.o /Users/runner/work/alire-crates-ci/alire-crates-ci/test/e2e9b4ae-9231-4580-a824-f1a32b3ca0ee/matreshka_soap_21.0.0_f0e00131/alire/cache/dependencies/matreshka_league_21.0.0_0c8f4d47/.objs/configure/configure-abstract_tests.o /Users/runner/work/alire-crates-ci/alire-crates-ci/test/e2e9b4ae-9231-4580-a824-f1a32b3ca0ee/matreshka_soap_21.0.0_f0e00131/alire/cache/dependencies/matreshka_league_21.0.0_0c8f4d47/.objs/configure/configure-builder.o /Users/runner/work/alire-crates-ci/alire-crates-ci/test/e2e9b4ae-9231-4580-a824-f1a32b3ca0ee/matreshka_soap_21.0.0_f0e00131/alire/cache/dependencies/matreshka_league_21.0.0_0c8f4d47/.objs/configure/configure-architecture.o /Users/runner/work/alire-crates-ci/alire-crates-ci/test/e2e9b4ae-9231-4580-a824-f1a32b3ca0ee/matreshka_soap_21.0.0_f0e00131/alire/cache/dependencies/matreshka_league_21.0.0_0c8f4d47/.objs/configure/configure-pkg_config.o /Users/runner/work/alire-crates-ci/alire-crates-ci/test/e2e9b4ae-9231-4580-a824-f1a32b3ca0ee/matreshka_soap_21.0.0_f0e00131/alire/cache/dependencies/matreshka_league_21.0.0_0c8f4d47/.objs/configure/configure-rtl_version.o /Users/runner/work/alire-crates-ci/alire-crates-ci/test/e2e9b4ae-9231-4580-a824-f1a32b3ca0ee/matreshka_soap_21.0.0_f0e00131/alire/cache/dependencies/matreshka_league_21.0.0_0c8f4d47/.objs/configure/configure-tests.o /Users/runner/work/alire-crates-ci/alire-crates-ci/test/e2e9b4ae-9231-4580-a824-f1a32b3ca0ee/matreshka_soap_21.0.0_f0e00131/alire/cache/dependencies/matreshka_league_21.0.0_0c8f4d47/.objs/configure/configure-tests-asis.o /Users/runner/work/alire-crates-ci/alire-crates-ci/test/e2e9b4ae-9231-4580-a824-f1a32b3ca0ee/matreshka_soap_21.0.0_f0e00131/alire/cache/dependencies/matreshka_league_21.0.0_0c8f4d47/.objs/configure/configure-tests-aws.o /Users/runner/work/alire-crates-ci/alire-crates-ci/test/e2e9b4ae-9231-4580-a824-f1a32b3ca0ee/matreshka_soap_21.0.0_f0e00131/alire/cache/dependencies/matreshka_league_21.0.0_0c8f4d47/.objs/configure/configure-tests-firebird.o /Users/runner/work/alire-crates-ci/alire-crates-ci/test/e2e9b4ae-9231-4580-a824-f1a32b3ca0ee/matreshka_soap_21.0.0_f0e00131/alire/cache/dependencies/matreshka_league_21.0.0_0c8f4d47/.objs/configure/configure-tests-gprbuild.o /Users/runner/work/alire-crates-ci/alire-crates-ci/test/e2e9b4ae-9231-4580-a824-f1a32b3ca0ee/matreshka_soap_21.0.0_f0e00131/alire/cache/dependencies/matreshka_league_21.0.0_0c8f4d47/.objs/configure/configure-tests-install.o /Users/runner/work/alire-crates-ci/alire-crates-ci/test/e2e9b4ae-9231-4580-a824-f1a32b3ca0ee/matreshka_soap_21.0.0_f0e00131/alire/cache/dependencies/matreshka_league_21.0.0_0c8f4d47/.objs/configure/configure-tests-installation_directories.o /Users/runner/work/alire-crates-ci/alire-crates-ci/test/e2e9b4ae-9231-4580-a824-f1a32b3ca0ee/matreshka_soap_21.0.0_f0e00131/alire/cache/dependencies/matreshka_league_21.0.0_0c8f4d47/.objs/configure/configure-tests-modules.o /Users/runner/work/alire-crates-ci/alire-crates-ci/test/e2e9b4ae-9231-4580-a824-f1a32b3ca0ee/matreshka_soap_21.0.0_f0e00131/alire/cache/dependencies/matreshka_league_21.0.0_0c8f4d47/.objs/configure/configure-tests-mysql.o /Users/runner/work/alire-crates-ci/alire-crates-ci/test/e2e9b4ae-9231-4580-a824-f1a32b3ca0ee/matreshka_soap_21.0.0_f0e00131/alire/cache/dependencies/matreshka_league_21.0.0_0c8f4d47/.objs/configure/configure-tests-operating_system.o /Users/runner/work/alire-crates-ci/alire-crates-ci/test/e2e9b4ae-9231-4580-a824-f1a32b3ca0ee/matreshka_soap_21.0.0_f0e00131/alire/cache/dependencies/matreshka_league_21.0.0_0c8f4d47/.objs/configure/configure-tests-modules-amf.o /Users/runner/work/alire-crates-ci/alire-crates-ci/test/e2e9b4ae-9231-4580-a824-f1a32b3ca0ee/matreshka_soap_21.0.0_f0e00131/alire/cache/dependencies/matreshka_league_21.0.0_0c8f4d47/.objs/configure/configure-tests-oci.o /Users/runner/work/alire-crates-ci/alire-crates-ci/test/e2e9b4ae-9231-4580-a824-f1a32b3ca0ee/matreshka_soap_21.0.0_f0e00131/alire/cache/dependencies/matreshka_league_21.0.0_0c8f4d47/.objs/configure/configure-tests-postgresql.o /Users/runner/work/alire-crates-ci/alire-crates-ci/test/e2e9b4ae-9231-4580-a824-f1a32b3ca0ee/matreshka_soap_21.0.0_f0e00131/alire/cache/dependencies/matreshka_league_21.0.0_0c8f4d47/.objs/configure/configure-tests-sqlite3.o /Users/runner/work/alire-crates-ci/alire-crates-ci/test/e2e9b4ae-9231-4580-a824-f1a32b3ca0ee/matreshka_soap_21.0.0_f0e00131/alire/cache/dependencies/matreshka_league_21.0.0_0c8f4d47/.objs/configure/configure-tests-valgrind.o /Users/runner/work/alire-crates-ci/alire-crates-ci/test/e2e9b4ae-9231-4580-a824-f1a32b3ca0ee/matreshka_soap_21.0.0_f0e00131/alire/cache/dependencies/matreshka_league_21.0.0_0c8f4d47/.objs/configure/configure-version.o -L/Users/runner/work/alire-crates-ci/alire-crates-ci/test/e2e9b4ae-9231-4580-a824-f1a32b3ca0ee/matreshka_soap_21.0.0_f0e00131/alire/cache/dependencies/matreshka_league_21.0.0_0c8f4d47/.objs/configure/ -L/Users/runner/work/alire-crates-ci/alire-crates-ci/test/e2e9b4ae-9231-4580-a824-f1a32b3ca0ee/matreshka_soap_21.0.0_f0e00131/alire/cache/dependencies/matreshka_league_21.0.0_0c8f4d47/.objs/configure/ -L/users/runner/.config/alire/cache/dependencies/gnat_native_11.2.4_9800548d/lib/gcc/x86_64-apple-darwin19.6.0/11.2.0/adalib/ /users/runner/.config/alire/cache/dependencies/gnat_native_11.2.4_9800548d/lib/gcc/x86_64-apple-darwin19.6.0/11.2.0/adalib/libgnat.a -Wl,-rpath,@executable_path//.objs/configure -Wl,-rpath,@executable_path/../../../../../../../../../..//.config/alire/cache/dependencies/gnat_native_11.2.4_9800548d/lib/gcc/x86_64-apple-darwin19.6.0/11.2.0/adalib -o /Users/runner/work/alire-crates-ci/alire-crates-ci/test/e2e9b4ae-9231-4580-a824-f1a32b3ca0ee/matreshka_soap_21.0.0_f0e00131/alire/cache/dependencies/matreshka_league_21.0.0_0c8f4d47//configure
make: *** [config] Error 5
stderr: Command ["make", "reconfig"] exited with code 2
stderr: ALIRE.CHECKED_ERROR
stderr: Command ["make", "reconfig"] exited with code 2
stderr: raised ALIRE.CHECKED_ERROR : alire-stored-error:1
Load address: 0x1026ec000
Call stack traceback locations:
0x102ff4415 0x102cc7e83 0x102ccd729 0x102cce909 0x102ccdd1b 0x102e3f299 0x102e3ffd4 0x102e56873 0x102ea2dc1 0x102ea13c2 0x102e569b8 0x102e40346 0x10275c1cf 0x10276101c 0x1027e705c 0x1027f23b8 0x1026ed605 0x1026f0914

stderr: A post-fetch action failed, re-run with -vv -d for details
ERROR: A post-fetch action failed, re-run with -vv -d for details
