Test ran at 2024-06-09 01:10:15.225949+00:00

SOLUTION:
orka_numerics=1.0.0: Tensors (multidimensional arrays) and integrators
Origin: commit b455160b0b24a89af4ae6423b186dc826915d487 from https://github.com/onox/orka.git
Properties:
   Author: onox
   Build Switches: 
   Description: Tensors (multidimensional arrays) and integrators
   License: Apache-2.0
   Maintainer: onox <denkpadje@gmail.com>
   Maintainers_Logins: onox
   Name: orka_numerics
   Tag: orka
   Tag: math
   Tag: vector
   Tag: matrix
   Tag: ndarray
   Tag: tensor
   Tag: numpy
   Tag: random
   Tag: statistics
   Tag: integration
   Tag: rk4
   Tag: kalman
   Tag: optimization
   Tag: leastsquares
   Tag: linearalgebra
   Tag: linalg
   Version: 1.0.0
   Website: https://github.com/onox/orka
Dependencies (direct):
   orka_types~1.0.0
Dependencies (solution):
   orka_types=1.0.0
Dependencies (graph):
   orka_numerics=1.0.0 --> orka_types=1.0.0 (~1.0.0)


LOG:
Failed to locate log
