Test ran at 2024-04-29 01:18:34.239975+00:00

SOLUTION:
openglada_glfw=0.9.0: GLFW binding for use with OpenGLAda
Origin: source archive openglada_glfw-0.9.0.tgz at https://github.com/flyx/OpenGLAda/releases/download/v0.9.0/openglada_glfw-0.9.0.tgz with hash sha512:fc25165caf510898d8c804b0ca4d8f763d49e0bd144ac70a2547f935ee90804b6ea5a1389eee08bb5528546f87eedb5b4e5884360a3a562a57338acea95f0e91
Properties:
   Author: Felix Krause
   Description: GLFW binding for use with OpenGLAda
   License: MIT
   Maintainer: Felix Krause <contact@flyx.org>
   Maintainers_Logins: flyx
   Name: openglada_glfw
   Project_File: opengl-glfw.gpr
   Tag: opengl
   Tag: glfw
   Tag: binding
   Tag: gui
   Version: 0.9.0
   Website: http://flyx.github.io/OpenGLAda/
Dependencies (direct):
   libglfw3^3
   openglada~0.9.0
Dependencies (solution):
   libglfw3=3.4.0
   libx11=1.8.9
   openglada=0.9.0
Dependencies (graph):
   openglada=0.9.0      --> libx11=1.8.9 (^1)       
   openglada_glfw=0.9.0 --> libglfw3=3.4.0 (^3)     
   openglada_glfw=0.9.0 --> openglada=0.9.0 (~0.9.0)


LOG:
Note: Deploying openglada_glfw=0.9.0...
#=#=#                                                                          

######################################################################## 100.0%
Note: Migrating lockfile from /home/runner/work/alire-crates-ci/alire-crates-ci/test/520159a1-daae-4bd7-b706-f62ce927d1ea/openglada_glfw_0.9.0_fc25165c/alire.lock to /home/runner/work/alire-crates-ci/alire-crates-ci/test/520159a1-daae-4bd7-b706-f62ce927d1ea/openglada_glfw_0.9.0_fc25165c/alire/alire.lock
Note: Deploying libglfw3=3.4.0...
The system package 'glfw' is about to be installed.
This action might require admin privileges and impact your system installation.
Do you want Alire to install this system package?
Using default: Yes
resolving dependencies...
looking for conflicting packages...

Package (3)             New Version  Net Change  Download Size

extra/libxkbcommon      1.7.0-2        0.79 MiB       0.21 MiB
extra/xkeyboard-config  2.41-1         6.54 MiB       0.86 MiB
extra/glfw              3.4-2          3.40 MiB       0.41 MiB

Total Download Size:    1.48 MiB
Total Installed Size:  10.73 MiB

:: Proceed with installation? [Y/n] 
:: Retrieving packages...
 xkeyboard-config-2.41-1-any downloading...
 glfw-3.4-2-x86_64 downloading...
 libxkbcommon-1.7.0-2-x86_64 downloading...
checking keyring...
checking package integrity...
loading package files...
checking for file conflicts...
:: Processing package changes...
installing xkeyboard-config...
installing libxkbcommon...
Optional dependencies for libxkbcommon
    libxkbcommon-x11: xkbcli interactive-x11
    wayland: xkbcli interactive-wayland [installed]
installing glfw...
:: Running post-transaction hooks...
(1/1) Arming ConditionNeedsUpdate...
Note: Deploying libx11=1.8.9...
Note: Deploying openglada=0.9.0...
#=#=#                                                                          

######################################################################## 100.0%
Note: Building openglada_glfw/opengl-glfw.gpr...
Setup
   [mkdir]        object directory for project OpenGL
   [mkdir]        library directory for project OpenGL
   [mkdir]        object directory for project OpenGL.Glfw
   [mkdir]        library directory for project OpenGL.Glfw
Compile
   [ada]          gl-api-subprogram_reference.adb
   [ada]          gl-glx.ads
   [ada]          gl-api-shorts.ads
   [ada]          gl-api.ads
   [ada]          gl-api-ints.ads
   [ada]          gl-api-uints.ads
   [ada]          gl-api-doubles.ads
   [ada]          gl-api-singles.ads
   [ada]          gl-load_function_pointers.adb
   [ada]          gl-objects-lists.adb
   [ada]          gl-enums.ads
   [ada]          gl-vectors.adb
   [ada]          gl-uniforms.adb
   [ada]          gl-files.adb
   [ada]          gl-blending.adb
   [ada]          gl-objects-buffers.adb
   [ada]          gl-fixed-textures.adb
   [ada]          gl-toggles.adb
   [ada]          gl-rasterization.adb
   [ada]          gl-fixed-lighting.adb
   [ada]          gl-objects-renderbuffers.adb
   [ada]          gl-objects-programs.adb
   [ada]          gl-attributes.adb
   [ada]          gl-framebuffer.adb
   [ada]          gl-objects.adb
   [ada]          gl-objects-vertex_arrays.adb
   [ada]          gl-objects-textures.adb
   [ada]          gl-low_level.ads
   [ada]          gl-pixels.adb
   [ada]          gl-objects-shaders.adb
   [ada]          gl-fixed-matrix.adb
   [ada]          gl-helpers.adb
   [ada]          gl-objects-framebuffers.adb
   [ada]          gl-culling.adb
   [ada]          gl-errors.adb
   [ada]          gl.adb
   [ada]          gl-enums-textures.ads
   [ada]          gl-matrices.adb
   [ada]          gl-immediate.adb
   [ada]          gl-tessellation.adb
   [ada]          gl-objects-textures-with_2d_loader.adb
   [ada]          gl-debug.adb
   [ada]          gl-objects-textures-with_1d_loader.adb
   [ada]          gl-enums-getter.adb
   [ada]          gl-objects-queries.adb
   [ada]          gl-window.adb
   [ada]          gl-buffers.adb
   [ada]          gl-objects-textures-targets.adb
   [ada]          gl-enums-queries.ads
   [ada]          gl-enums-indexes.adb
   [ada]          gl-algebra.adb
   [ada]          gl-fixed.adb
   [ada]          gl-low_level-enums.ads
   [ada]          gl-context.adb
   [ada]          gl-objects-textures-with_3d_loader.adb
   [ada]          gl-raster.adb
   [ada]          gl-objects-shaders-lists.ads
   [ada]          gl-types.ads
   [ada]          gl-types-colors.ads
   [ada]          glfw-input-keys.ads
   [ada]          glfw-api.ads
   [ada]          glfw-enums.ads
   [ada]          glfw-input.adb
   [ada]          glfw-windows-clipboard.adb
   [ada]          glfw-windows.adb
   [ada]          glfw-errors.adb
   [ada]          glfw-input-joysticks.adb
   [ada]          glfw-windows-context.adb
   [ada]          glfw-input-mouse.ads
   [ada]          glfw.adb
   [ada]          glfw-windows-hints.adb
   [ada]          glfw-monitors.adb
Build Libraries
   [gprlib]       OpenGLAda.lexch
   [gprlib]       GlfwAda.lexch
   [archive]      libOpenGLAda.a
   [index]        libOpenGLAda.a
   [archive]      libGlfwAda.a
   [index]        libGlfwAda.a
Build finished successfully in 6.31 seconds.

openglada_glfw=0.9.0 successfully retrieved and built.
Dependencies were solved as follows:

   + libglfw3  3.4.0 (new)         
   + libx11    1.8.9 (new,indirect)
   + openglada 0.9.0 (new)         
Found declared GPR file: opengl-glfw.gpr
