Test ran at 2022-05-31 04:21:49.862491+00:00

SOLUTION:
septum=0.0.6: An interactive context-based text search tool for large codebases.
Origin: commit 85a086e219abb0e0266d61ac622b651a6e39dc06 from https://github.com/pyjarrett/septum.git
Available when: (case OS is Linux => True, Macos => False, Windows => True)
Properties:
   Author: Paul Jarrett
   Description: An interactive context-based text search tool for large codebases.
   Executable: septum
   case OS is
      when Linux => GPR External: Septum_Platform := linux
      when Macos => GPR External: Septum_Platform := macos
      when Windows => GPR External: Septum_Platform := windows
   License: Apache-2.0
   Maintainer: Paul Jarrett <jarrett.paul.young@gmail.com>
   Maintainers_Logins: pyjarrett
   Name: septum
   Tag: search
   Tag: code
   Tag: text
   Version: 0.0.6
   Website: https://github.com/pyjarrett/septum
Dependencies (direct):
   atomic~0.3.0
   dir_iterators~0.0.3
   progress_indicators~0.0.1
   trendy_terminal~0.0.4
Dependencies (solution):
   ansiada=0.1.0
   atomic=0.3.0
   dir_iterators=0.0.3
   progress_indicators=0.0.1
   trendy_terminal=0.0.5
Dependencies (graph):
   progress_indicators=0.0.1 --> ansiada=0.1.0 (~0.1.0)            
   septum=0.0.6              --> atomic=0.3.0 (~0.3.0)             
   septum=0.0.6              --> dir_iterators=0.0.3 (~0.0.3)      
   septum=0.0.6              --> progress_indicators=0.0.1 (~0.0.1)
   septum=0.0.6              --> trendy_terminal=0.0.5 (~0.0.4)    


LOG:
Note: Deploying release septum=0.0.6...
Cloning into '/home/runner/work/alire-crates-ci/alire-crates-ci/test/62d88cc3-c3e0-44d1-93bd-dc62c45b9121/alr-mcof.tmp'...
remote: Enumerating objects: 1801, done.        
remote: Counting objects:   1% (1/94)        
remote: Counting objects:   2% (2/94)        
remote: Counting objects:   3% (3/94)        
remote: Counting objects:   4% (4/94)        
remote: Counting objects:   5% (5/94)        
remote: Counting objects:   6% (6/94)        
remote: Counting objects:   7% (7/94)        
remote: Counting objects:   8% (8/94)        
remote: Counting objects:   9% (9/94)        
remote: Counting objects:  10% (10/94)        
remote: Counting objects:  11% (11/94)        
remote: Counting objects:  12% (12/94)        
remote: Counting objects:  13% (13/94)        
remote: Counting objects:  14% (14/94)        
remote: Counting objects:  15% (15/94)        
remote: Counting objects:  17% (16/94)        
remote: Counting objects:  18% (17/94)        
remote: Counting objects:  19% (18/94)        
remote: Counting objects:  20% (19/94)        
remote: Counting objects:  21% (20/94)        
remote: Counting objects:  22% (21/94)        
remote: Counting objects:  23% (22/94)        
remote: Counting objects:  24% (23/94)        
remote: Counting objects:  25% (24/94)        
remote: Counting objects:  26% (25/94)        
remote: Counting objects:  27% (26/94)        
remote: Counting objects:  28% (27/94)        
remote: Counting objects:  29% (28/94)        
remote: Counting objects:  30% (29/94)        
remote: Counting objects:  31% (30/94)        
remote: Counting objects:  32% (31/94)        
remote: Counting objects:  34% (32/94)        
remote: Counting objects:  35% (33/94)        
remote: Counting objects:  36% (34/94)        
remote: Counting objects:  37% (35/94)        
remote: Counting objects:  38% (36/94)        
remote: Counting objects:  39% (37/94)        
remote: Counting objects:  40% (38/94)        
remote: Counting objects:  41% (39/94)        
remote: Counting objects:  42% (40/94)        
remote: Counting objects:  43% (41/94)        
remote: Counting objects:  44% (42/94)        
remote: Counting objects:  45% (43/94)        
remote: Counting objects:  46% (44/94)        
remote: Counting objects:  47% (45/94)        
remote: Counting objects:  48% (46/94)        
remote: Counting objects:  50% (47/94)        
remote: Counting objects:  51% (48/94)        
remote: Counting objects:  52% (49/94)        
remote: Counting objects:  53% (50/94)        
remote: Counting objects:  54% (51/94)        
remote: Counting objects:  55% (52/94)        
remote: Counting objects:  56% (53/94)        
remote: Counting objects:  57% (54/94)        
remote: Counting objects:  58% (55/94)        
remote: Counting objects:  59% (56/94)        
remote: Counting objects:  60% (57/94)        
remote: Counting objects:  61% (58/94)        
remote: Counting objects:  62% (59/94)        
remote: Counting objects:  63% (60/94)        
remote: Counting objects:  64% (61/94)        
remote: Counting objects:  65% (62/94)        
remote: Counting objects:  67% (63/94)        
remote: Counting objects:  68% (64/94)        
remote: Counting objects:  69% (65/94)        
remote: Counting objects:  70% (66/94)        
remote: Counting objects:  71% (67/94)        
remote: Counting objects:  72% (68/94)        
remote: Counting objects:  73% (69/94)        
remote: Counting objects:  74% (70/94)        
remote: Counting objects:  75% (71/94)        
remote: Counting objects:  76% (72/94)        
remote: Counting objects:  77% (73/94)        
remote: Counting objects:  78% (74/94)        
remote: Counting objects:  79% (75/94)        
remote: Counting objects:  80% (76/94)        
remote: Counting objects:  81% (77/94)        
remote: Counting objects:  82% (78/94)        
remote: Counting objects:  84% (79/94)        
remote: Counting objects:  85% (80/94)        
remote: Counting objects:  86% (81/94)        
remote: Counting objects:  87% (82/94)        
remote: Counting objects:  88% (83/94)        
remote: Counting objects:  89% (84/94)        
remote: Counting objects:  90% (85/94)        
remote: Counting objects:  91% (86/94)        
remote: Counting objects:  92% (87/94)        
remote: Counting objects:  93% (88/94)        
remote: Counting objects:  94% (89/94)        
remote: Counting objects:  95% (90/94)        
remote: Counting objects:  96% (91/94)        
remote: Counting objects:  97% (92/94)        
remote: Counting objects:  98% (93/94)        
remote: Counting objects: 100% (94/94)        
remote: Counting objects: 100% (94/94), done.        
remote: Compressing objects:   1% (1/53)        
remote: Compressing objects:   3% (2/53)        
remote: Compressing objects:   5% (3/53)        
remote: Compressing objects:   7% (4/53)        
remote: Compressing objects:   9% (5/53)        
remote: Compressing objects:  11% (6/53)        
remote: Compressing objects:  13% (7/53)        
remote: Compressing objects:  15% (8/53)        
remote: Compressing objects:  16% (9/53)        
remote: Compressing objects:  18% (10/53)        
remote: Compressing objects:  20% (11/53)        
remote: Compressing objects:  22% (12/53)        
remote: Compressing objects:  24% (13/53)        
remote: Compressing objects:  26% (14/53)        
remote: Compressing objects:  28% (15/53)        
remote: Compressing objects:  30% (16/53)        
remote: Compressing objects:  32% (17/53)        
remote: Compressing objects:  33% (18/53)        
remote: Compressing objects:  35% (19/53)        
remote: Compressing objects:  37% (20/53)        
remote: Compressing objects:  39% (21/53)        
remote: Compressing objects:  41% (22/53)        
remote: Compressing objects:  43% (23/53)        
remote: Compressing objects:  45% (24/53)        
remote: Compressing objects:  47% (25/53)        
remote: Compressing objects:  49% (26/53)        
remote: Compressing objects:  50% (27/53)        
remote: Compressing objects:  52% (28/53)        
remote: Compressing objects:  54% (29/53)        
remote: Compressing objects:  56% (30/53)        
remote: Compressing objects:  58% (31/53)        
remote: Compressing objects:  60% (32/53)        
remote: Compressing objects:  62% (33/53)        
remote: Compressing objects:  64% (34/53)        
remote: Compressing objects:  66% (35/53)        
remote: Compressing objects:  67% (36/53)        
remote: Compressing objects:  69% (37/53)        
remote: Compressing objects:  71% (38/53)        
remote: Compressing objects:  73% (39/53)        
remote: Compressing objects:  75% (40/53)        
remote: Compressing objects:  77% (41/53)        
remote: Compressing objects:  79% (42/53)        
remote: Compressing objects:  81% (43/53)        
remote: Compressing objects:  83% (44/53)        
remote: Compressing objects:  84% (45/53)        
remote: Compressing objects:  86% (46/53)        
remote: Compressing objects:  88% (47/53)        
remote: Compressing objects:  90% (48/53)        
remote: Compressing objects:  92% (49/53)        
remote: Compressing objects:  94% (50/53)        
remote: Compressing objects:  96% (51/53)        
remote: Compressing objects:  98% (52/53)        
remote: Compressing objects: 100% (53/53)        
remote: Compressing objects: 100% (53/53), done.        
Receiving objects:   0% (1/1801)
Receiving objects:   1% (19/1801)
Receiving objects:   2% (37/1801)
Receiving objects:   3% (55/1801)
Receiving objects:   4% (73/1801)
Receiving objects:   5% (91/1801)
Receiving objects:   6% (109/1801)
Receiving objects:   7% (127/1801)
Receiving objects:   8% (145/1801)
Receiving objects:   9% (163/1801)
Receiving objects:  10% (181/1801)
Receiving objects:  11% (199/1801)
Receiving objects:  12% (217/1801)
Receiving objects:  13% (235/1801)
Receiving objects:  14% (253/1801)
Receiving objects:  15% (271/1801)
Receiving objects:  16% (289/1801)
Receiving objects:  17% (307/1801)
Receiving objects:  18% (325/1801)
Receiving objects:  19% (343/1801)
Receiving objects:  20% (361/1801)
Receiving objects:  21% (379/1801)
Receiving objects:  22% (397/1801)
Receiving objects:  23% (415/1801)
Receiving objects:  24% (433/1801)
Receiving objects:  25% (451/1801)
Receiving objects:  26% (469/1801)
Receiving objects:  27% (487/1801)
Receiving objects:  28% (505/1801)
Receiving objects:  29% (523/1801)
Receiving objects:  30% (541/1801)
Receiving objects:  31% (559/1801)
Receiving objects:  32% (577/1801)
Receiving objects:  33% (595/1801)
Receiving objects:  34% (613/1801)
Receiving objects:  35% (631/1801)
Receiving objects:  36% (649/1801)
Receiving objects:  37% (667/1801)
Receiving objects:  38% (685/1801)
Receiving objects:  39% (703/1801)
Receiving objects:  40% (721/1801)
Receiving objects:  41% (739/1801)
Receiving objects:  42% (757/1801)
Receiving objects:  43% (775/1801)
Receiving objects:  44% (793/1801)
Receiving objects:  45% (811/1801)
Receiving objects:  46% (829/1801)
Receiving objects:  47% (847/1801)
Receiving objects:  48% (865/1801)
Receiving objects:  49% (883/1801)
Receiving objects:  50% (901/1801)
Receiving objects:  51% (919/1801)
Receiving objects:  52% (937/1801)
Receiving objects:  53% (955/1801)
Receiving objects:  54% (973/1801)
Receiving objects:  55% (991/1801)
Receiving objects:  56% (1009/1801)
Receiving objects:  57% (1027/1801)
Receiving objects:  58% (1045/1801)
Receiving objects:  59% (1063/1801)
Receiving objects:  60% (1081/1801)
Receiving objects:  61% (1099/1801)
Receiving objects:  62% (1117/1801)
Receiving objects:  63% (1135/1801)
Receiving objects:  64% (1153/1801)
Receiving objects:  65% (1171/1801)
Receiving objects:  66% (1189/1801)
Receiving objects:  67% (1207/1801)
Receiving objects:  68% (1225/1801)
Receiving objects:  69% (1243/1801)
Receiving objects:  70% (1261/1801)
Receiving objects:  71% (1279/1801)
Receiving objects:  72% (1297/1801)
Receiving objects:  73% (1315/1801)
Receiving objects:  74% (1333/1801)
Receiving objects:  75% (1351/1801)
Receiving objects:  76% (1369/1801)
Receiving objects:  77% (1387/1801)
Receiving objects:  78% (1405/1801)
Receiving objects:  79% (1423/1801)
Receiving objects:  80% (1441/1801)
Receiving objects:  81% (1459/1801)
Receiving objects:  82% (1477/1801)
Receiving objects:  83% (1495/1801)
Receiving objects:  84% (1513/1801)
Receiving objects:  85% (1531/1801)
Receiving objects:  86% (1549/1801)
Receiving objects:  87% (1567/1801)
Receiving objects:  88% (1585/1801)
Receiving objects:  89% (1603/1801)
Receiving objects:  90% (1621/1801)
Receiving objects:  91% (1639/1801)
Receiving objects:  92% (1657/1801)
Receiving objects:  93% (1675/1801)
Receiving objects:  94% (1693/1801)
remote: Total 1801 (delta 55), reused 57 (delta 40), pack-reused 1707        
Receiving objects:  95% (1711/1801)
Receiving objects:  96% (1729/1801)
Receiving objects:  97% (1747/1801)
Receiving objects:  98% (1765/1801)
Receiving objects:  99% (1783/1801)
Receiving objects: 100% (1801/1801)
Receiving objects: 100% (1801/1801), 409.86 KiB | 2.83 MiB/s, done.
Resolving deltas:   0% (0/1230)
Resolving deltas:   1% (13/1230)
Resolving deltas:   2% (25/1230)
Resolving deltas:   3% (37/1230)
Resolving deltas:   4% (50/1230)
Resolving deltas:   5% (62/1230)
Resolving deltas:   6% (74/1230)
Resolving deltas:   7% (87/1230)
Resolving deltas:   8% (99/1230)
Resolving deltas:   9% (111/1230)
Resolving deltas:  10% (123/1230)
Resolving deltas:  11% (136/1230)
Resolving deltas:  12% (148/1230)
Resolving deltas:  13% (160/1230)
Resolving deltas:  14% (173/1230)
Resolving deltas:  15% (185/1230)
Resolving deltas:  16% (197/1230)
Resolving deltas:  17% (210/1230)
Resolving deltas:  18% (222/1230)
Resolving deltas:  19% (234/1230)
Resolving deltas:  20% (246/1230)
Resolving deltas:  21% (259/1230)
Resolving deltas:  22% (271/1230)
Resolving deltas:  23% (283/1230)
Resolving deltas:  24% (296/1230)
Resolving deltas:  25% (308/1230)
Resolving deltas:  26% (320/1230)
Resolving deltas:  27% (333/1230)
Resolving deltas:  28% (345/1230)
Resolving deltas:  29% (357/1230)
Resolving deltas:  30% (369/1230)
Resolving deltas:  31% (382/1230)
Resolving deltas:  32% (394/1230)
Resolving deltas:  33% (406/1230)
Resolving deltas:  34% (419/1230)
Resolving deltas:  35% (431/1230)
Resolving deltas:  36% (443/1230)
Resolving deltas:  37% (456/1230)
Resolving deltas:  38% (468/1230)
Resolving deltas:  39% (480/1230)
Resolving deltas:  40% (492/1230)
Resolving deltas:  41% (505/1230)
Resolving deltas:  42% (517/1230)
Resolving deltas:  43% (529/1230)
Resolving deltas:  44% (542/1230)
Resolving deltas:  45% (554/1230)
Resolving deltas:  46% (566/1230)
Resolving deltas:  47% (579/1230)
Resolving deltas:  48% (591/1230)
Resolving deltas:  49% (603/1230)
Resolving deltas:  50% (615/1230)
Resolving deltas:  51% (628/1230)
Resolving deltas:  52% (640/1230)
Resolving deltas:  53% (652/1230)
Resolving deltas:  54% (665/1230)
Resolving deltas:  55% (677/1230)
Resolving deltas:  56% (689/1230)
Resolving deltas:  57% (702/1230)
Resolving deltas:  58% (714/1230)
Resolving deltas:  59% (726/1230)
Resolving deltas:  60% (738/1230)
Resolving deltas:  61% (751/1230)
Resolving deltas:  62% (763/1230)
Resolving deltas:  63% (775/1230)
Resolving deltas:  64% (788/1230)
Resolving deltas:  65% (800/1230)
Resolving deltas:  66% (812/1230)
Resolving deltas:  67% (825/1230)
Resolving deltas:  68% (837/1230)
Resolving deltas:  69% (849/1230)
Resolving deltas:  70% (861/1230)
Resolving deltas:  71% (874/1230)
Resolving deltas:  72% (886/1230)
Resolving deltas:  73% (898/1230)
Resolving deltas:  74% (911/1230)
Resolving deltas:  75% (923/1230)
Resolving deltas:  76% (935/1230)
Resolving deltas:  77% (948/1230)
Resolving deltas:  78% (960/1230)
Resolving deltas:  79% (972/1230)
Resolving deltas:  80% (984/1230)
Resolving deltas:  81% (997/1230)
Resolving deltas:  82% (1009/1230)
Resolving deltas:  83% (1021/1230)
Resolving deltas:  84% (1034/1230)
Resolving deltas:  85% (1046/1230)
Resolving deltas:  86% (1058/1230)
Resolving deltas:  87% (1071/1230)
Resolving deltas:  88% (1083/1230)
Resolving deltas:  89% (1095/1230)
Resolving deltas:  90% (1107/1230)
Resolving deltas:  91% (1120/1230)
Resolving deltas:  92% (1132/1230)
Resolving deltas:  93% (1144/1230)
Resolving deltas:  94% (1157/1230)
Resolving deltas:  95% (1169/1230)
Resolving deltas:  96% (1181/1230)
Resolving deltas:  97% (1194/1230)
Resolving deltas:  98% (1206/1230)
Resolving deltas:  99% (1219/1230)
Resolving deltas: 100% (1230/1230)
Resolving deltas: 100% (1230/1230), done.
Note: Deploying release ansiada=0.1.0...
Cloning into '/home/runner/work/alire-crates-ci/alire-crates-ci/test/62d88cc3-c3e0-44d1-93bd-dc62c45b9121/septum_0.0.6_85a086e2/alire/cache/dependencies/alr-zwpv.tmp'...
remote: Enumerating objects: 53, done.        
remote: Counting objects:   1% (1/53)        
remote: Counting objects:   3% (2/53)        
remote: Counting objects:   5% (3/53)        
remote: Counting objects:   7% (4/53)        
remote: Counting objects:   9% (5/53)        
remote: Counting objects:  11% (6/53)        
remote: Counting objects:  13% (7/53)        
remote: Counting objects:  15% (8/53)        
remote: Counting objects:  16% (9/53)        
remote: Counting objects:  18% (10/53)        
remote: Counting objects:  20% (11/53)        
remote: Counting objects:  22% (12/53)        
remote: Counting objects:  24% (13/53)        
remote: Counting objects:  26% (14/53)        
remote: Counting objects:  28% (15/53)        
remote: Counting objects:  30% (16/53)        
remote: Counting objects:  32% (17/53)        
remote: Counting objects:  33% (18/53)        
remote: Counting objects:  35% (19/53)        
remote: Counting objects:  37% (20/53)        
remote: Counting objects:  39% (21/53)        
remote: Counting objects:  41% (22/53)        
remote: Counting objects:  43% (23/53)        
remote: Counting objects:  45% (24/53)        
remote: Counting objects:  47% (25/53)        
remote: Counting objects:  49% (26/53)        
remote: Counting objects:  50% (27/53)        
remote: Counting objects:  52% (28/53)        
remote: Counting objects:  54% (29/53)        
remote: Counting objects:  56% (30/53)        
remote: Counting objects:  58% (31/53)        
remote: Counting objects:  60% (32/53)        
remote: Counting objects:  62% (33/53)        
remote: Counting objects:  64% (34/53)        
remote: Counting objects:  66% (35/53)        
remote: Counting objects:  67% (36/53)        
remote: Counting objects:  69% (37/53)        
remote: Counting objects:  71% (38/53)        
remote: Counting objects:  73% (39/53)        
remote: Counting objects:  75% (40/53)        
remote: Counting objects:  77% (41/53)        
remote: Counting objects:  79% (42/53)        
remote: Counting objects:  81% (43/53)        
remote: Counting objects:  83% (44/53)        
remote: Counting objects:  84% (45/53)        
remote: Counting objects:  86% (46/53)        
remote: Counting objects:  88% (47/53)        
remote: Counting objects:  90% (48/53)        
remote: Counting objects:  92% (49/53)        
remote: Counting objects:  94% (50/53)        
remote: Counting objects:  96% (51/53)        
remote: Counting objects:  98% (52/53)        
remote: Counting objects: 100% (53/53)        
remote: Counting objects: 100% (53/53), done.        
remote: Compressing objects:   2% (1/36)        
remote: Compressing objects:   5% (2/36)        
remote: Compressing objects:   8% (3/36)        
remote: Compressing objects:  11% (4/36)        
remote: Compressing objects:  13% (5/36)        
remote: Compressing objects:  16% (6/36)        
remote: Compressing objects:  19% (7/36)        
remote: Compressing objects:  22% (8/36)        
remote: Compressing objects:  25% (9/36)        
remote: Compressing objects:  27% (10/36)        
remote: Compressing objects:  30% (11/36)        
remote: Compressing objects:  33% (12/36)        
remote: Compressing objects:  36% (13/36)        
remote: Compressing objects:  38% (14/36)        
remote: Compressing objects:  41% (15/36)        
remote: Compressing objects:  44% (16/36)        
remote: Compressing objects:  47% (17/36)        
remote: Compressing objects:  50% (18/36)        
remote: Compressing objects:  52% (19/36)        
remote: Compressing objects:  55% (20/36)        
remote: Compressing objects:  58% (21/36)        
remote: Compressing objects:  61% (22/36)        
remote: Compressing objects:  63% (23/36)        
remote: Compressing objects:  66% (24/36)        
remote: Compressing objects:  69% (25/36)        
remote: Compressing objects:  72% (26/36)        
remote: Compressing objects:  75% (27/36)        
remote: Compressing objects:  77% (28/36)        
remote: Compressing objects:  80% (29/36)        
remote: Compressing objects:  83% (30/36)        
remote: Compressing objects:  86% (31/36)        
remote: Compressing objects:  88% (32/36)        
remote: Compressing objects:  91% (33/36)        
remote: Compressing objects:  94% (34/36)        
remote: Compressing objects:  97% (35/36)        
remote: Compressing objects: 100% (36/36)        
remote: Compressing objects: 100% (36/36), done.        
remote: Total 53 (delta 18), reused 39 (delta 12), pack-reused 0        
Receiving objects:   1% (1/53)
Receiving objects:   3% (2/53)
Receiving objects:   5% (3/53)
Receiving objects:   7% (4/53)
Receiving objects:   9% (5/53)
Receiving objects:  11% (6/53)
Receiving objects:  13% (7/53)
Receiving objects:  15% (8/53)
Receiving objects:  16% (9/53)
Receiving objects:  18% (10/53)
Receiving objects:  20% (11/53)
Receiving objects:  22% (12/53)
Receiving objects:  24% (13/53)
Receiving objects:  26% (14/53)
Receiving objects:  28% (15/53)
Receiving objects:  30% (16/53)
Receiving objects:  32% (17/53)
Receiving objects:  33% (18/53)
Receiving objects:  35% (19/53)
Receiving objects:  37% (20/53)
Receiving objects:  39% (21/53)
Receiving objects:  41% (22/53)
Receiving objects:  43% (23/53)
Receiving objects:  45% (24/53)
Receiving objects:  47% (25/53)
Receiving objects:  49% (26/53)
Receiving objects:  50% (27/53)
Receiving objects:  52% (28/53)
Receiving objects:  54% (29/53)
Receiving objects:  56% (30/53)
Receiving objects:  58% (31/53)
Receiving objects:  60% (32/53)
Receiving objects:  62% (33/53)
Receiving objects:  64% (34/53)
Receiving objects:  66% (35/53)
Receiving objects:  67% (36/53)
Receiving objects:  69% (37/53)
Receiving objects:  71% (38/53)
Receiving objects:  73% (39/53)
Receiving objects:  75% (40/53)
Receiving objects:  77% (41/53)
Receiving objects:  79% (42/53)
Receiving objects:  81% (43/53)
Receiving objects:  83% (44/53)
Receiving objects:  84% (45/53)
Receiving objects:  86% (46/53)
Receiving objects:  88% (47/53)
Receiving objects:  90% (48/53)
Receiving objects:  92% (49/53)
Receiving objects:  94% (50/53)
Receiving objects:  96% (51/53)
Receiving objects:  98% (52/53)
Receiving objects: 100% (53/53)
Receiving objects: 100% (53/53), 11.74 KiB | 11.74 MiB/s, done.
Resolving deltas:   0% (0/18)
Resolving deltas:   5% (1/18)
Resolving deltas:  11% (2/18)
Resolving deltas:  16% (3/18)
Resolving deltas:  22% (4/18)
Resolving deltas:  27% (5/18)
Resolving deltas:  33% (6/18)
Resolving deltas:  38% (7/18)
Resolving deltas:  44% (8/18)
Resolving deltas:  50% (9/18)
Resolving deltas:  55% (10/18)
Resolving deltas:  61% (11/18)
Resolving deltas:  66% (12/18)
Resolving deltas:  72% (13/18)
Resolving deltas:  77% (14/18)
Resolving deltas:  83% (15/18)
Resolving deltas:  88% (16/18)
Resolving deltas:  94% (17/18)
Resolving deltas: 100% (18/18)
Resolving deltas: 100% (18/18), done.
Note: Deploying release atomic=0.3.0...
Cloning into '/home/runner/work/alire-crates-ci/alire-crates-ci/test/62d88cc3-c3e0-44d1-93bd-dc62c45b9121/septum_0.0.6_85a086e2/alire/cache/dependencies/alr-tfom.tmp'...
remote: Enumerating objects: 139, done.        
remote: Counting objects:   0% (1/139)        
remote: Counting objects:   1% (2/139)        
remote: Counting objects:   2% (3/139)        
remote: Counting objects:   3% (5/139)        
remote: Counting objects:   4% (6/139)        
remote: Counting objects:   5% (7/139)        
remote: Counting objects:   6% (9/139)        
remote: Counting objects:   7% (10/139)        
remote: Counting objects:   8% (12/139)        
remote: Counting objects:   9% (13/139)        
remote: Counting objects:  10% (14/139)        
remote: Counting objects:  11% (16/139)        
remote: Counting objects:  12% (17/139)        
remote: Counting objects:  13% (19/139)        
remote: Counting objects:  14% (20/139)        
remote: Counting objects:  15% (21/139)        
remote: Counting objects:  16% (23/139)        
remote: Counting objects:  17% (24/139)        
remote: Counting objects:  18% (26/139)        
remote: Counting objects:  19% (27/139)        
remote: Counting objects:  20% (28/139)        
remote: Counting objects:  21% (30/139)        
remote: Counting objects:  22% (31/139)        
remote: Counting objects:  23% (32/139)        
remote: Counting objects:  24% (34/139)        
remote: Counting objects:  25% (35/139)        
remote: Counting objects:  26% (37/139)        
remote: Counting objects:  27% (38/139)        
remote: Counting objects:  28% (39/139)        
remote: Counting objects:  29% (41/139)        
remote: Counting objects:  30% (42/139)        
remote: Counting objects:  31% (44/139)        
remote: Counting objects:  32% (45/139)        
remote: Counting objects:  33% (46/139)        
remote: Counting objects:  34% (48/139)        
remote: Counting objects:  35% (49/139)        
remote: Counting objects:  36% (51/139)        
remote: Counting objects:  37% (52/139)        
remote: Counting objects:  38% (53/139)        
remote: Counting objects:  39% (55/139)        
remote: Counting objects:  40% (56/139)        
remote: Counting objects:  41% (57/139)        
remote: Counting objects:  42% (59/139)        
remote: Counting objects:  43% (60/139)        
remote: Counting objects:  44% (62/139)        
remote: Counting objects:  45% (63/139)        
remote: Counting objects:  46% (64/139)        
remote: Counting objects:  47% (66/139)        
remote: Counting objects:  48% (67/139)        
remote: Counting objects:  49% (69/139)        
remote: Counting objects:  50% (70/139)        
remote: Counting objects:  51% (71/139)        
remote: Counting objects:  52% (73/139)        
remote: Counting objects:  53% (74/139)        
remote: Counting objects:  54% (76/139)        
remote: Counting objects:  55% (77/139)        
remote: Counting objects:  56% (78/139)        
remote: Counting objects:  57% (80/139)        
remote: Counting objects:  58% (81/139)        
remote: Counting objects:  59% (83/139)        
remote: Counting objects:  60% (84/139)        
remote: Counting objects:  61% (85/139)        
remote: Counting objects:  62% (87/139)        
remote: Counting objects:  63% (88/139)        
remote: Counting objects:  64% (89/139)        
remote: Counting objects:  65% (91/139)        
remote: Counting objects:  66% (92/139)        
remote: Counting objects:  67% (94/139)        
remote: Counting objects:  68% (95/139)        
remote: Counting objects:  69% (96/139)        
remote: Counting objects:  70% (98/139)        
remote: Counting objects:  71% (99/139)        
remote: Counting objects:  72% (101/139)        
remote: Counting objects:  73% (102/139)        
remote: Counting objects:  74% (103/139)        
remote: Counting objects:  75% (105/139)        
remote: Counting objects:  76% (106/139)        
remote: Counting objects:  77% (108/139)        
remote: Counting objects:  78% (109/139)        
remote: Counting objects:  79% (110/139)        
remote: Counting objects:  80% (112/139)        
remote: Counting objects:  81% (113/139)        
remote: Counting objects:  82% (114/139)        
remote: Counting objects:  83% (116/139)        
remote: Counting objects:  84% (117/139)        
remote: Counting objects:  85% (119/139)        
remote: Counting objects:  86% (120/139)        
remote: Counting objects:  87% (121/139)        
remote: Counting objects:  88% (123/139)        
remote: Counting objects:  89% (124/139)        
remote: Counting objects:  90% (126/139)        
remote: Counting objects:  91% (127/139)        
remote: Counting objects:  92% (128/139)        
remote: Counting objects:  93% (130/139)        
remote: Counting objects:  94% (131/139)        
remote: Counting objects:  95% (133/139)        
remote: Counting objects:  96% (134/139)        
remote: Counting objects:  97% (135/139)        
remote: Counting objects:  98% (137/139)        
remote: Counting objects:  99% (138/139)        
remote: Counting objects: 100% (139/139)        
remote: Counting objects: 100% (139/139), done.        
remote: Compressing objects:   1% (1/72)        
remote: Compressing objects:   2% (2/72)        
remote: Compressing objects:   4% (3/72)        
remote: Compressing objects:   5% (4/72)        
remote: Compressing objects:   6% (5/72)        
remote: Compressing objects:   8% (6/72)        
remote: Compressing objects:   9% (7/72)        
remote: Compressing objects:  11% (8/72)        
remote: Compressing objects:  12% (9/72)        
remote: Compressing objects:  13% (10/72)        
remote: Compressing objects:  15% (11/72)        
remote: Compressing objects:  16% (12/72)        
remote: Compressing objects:  18% (13/72)        
remote: Compressing objects:  19% (14/72)        
remote: Compressing objects:  20% (15/72)        
remote: Compressing objects:  22% (16/72)        
remote: Compressing objects:  23% (17/72)        
remote: Compressing objects:  25% (18/72)        
remote: Compressing objects:  26% (19/72)        
remote: Compressing objects:  27% (20/72)        
remote: Compressing objects:  29% (21/72)        
remote: Compressing objects:  30% (22/72)        
remote: Compressing objects:  31% (23/72)        
remote: Compressing objects:  33% (24/72)        
remote: Compressing objects:  34% (25/72)        
remote: Compressing objects:  36% (26/72)        
remote: Compressing objects:  37% (27/72)        
remote: Compressing objects:  38% (28/72)        
remote: Compressing objects:  40% (29/72)        
remote: Compressing objects:  41% (30/72)        
remote: Compressing objects:  43% (31/72)        
remote: Compressing objects:  44% (32/72)        
remote: Compressing objects:  45% (33/72)        
remote: Compressing objects:  47% (34/72)        
remote: Compressing objects:  48% (35/72)        
remote: Compressing objects:  50% (36/72)        
remote: Compressing objects:  51% (37/72)        
remote: Compressing objects:  52% (38/72)        
remote: Compressing objects:  54% (39/72)        
remote: Compressing objects:  55% (40/72)        
remote: Compressing objects:  56% (41/72)        
remote: Compressing objects:  58% (42/72)        
remote: Compressing objects:  59% (43/72)        
remote: Compressing objects:  61% (44/72)        
remote: Compressing objects:  62% (45/72)        
remote: Compressing objects:  63% (46/72)        
remote: Compressing objects:  65% (47/72)        
remote: Compressing objects:  66% (48/72)        
remote: Compressing objects:  68% (49/72)        
remote: Compressing objects:  69% (50/72)        
remote: Compressing objects:  70% (51/72)        
remote: Compressing objects:  72% (52/72)        
remote: Compressing objects:  73% (53/72)        
remote: Compressing objects:  75% (54/72)        
remote: Compressing objects:  76% (55/72)        
remote: Compressing objects:  77% (56/72)        
remote: Compressing objects:  79% (57/72)        
remote: Compressing objects:  80% (58/72)        
remote: Compressing objects:  81% (59/72)        
remote: Compressing objects:  83% (60/72)        
remote: Compressing objects:  84% (61/72)        
remote: Compressing objects:  86% (62/72)        
remote: Compressing objects:  87% (63/72)        
remote: Compressing objects:  88% (64/72)        
remote: Compressing objects:  90% (65/72)        
remote: Compressing objects:  91% (66/72)        
remote: Compressing objects:  93% (67/72)        
remote: Compressing objects:  94% (68/72)        
remote: Compressing objects:  95% (69/72)        
remote: Compressing objects:  97% (70/72)        
remote: Compressing objects:  98% (71/72)        
remote: Compressing objects: 100% (72/72)        
remote: Compressing objects: 100% (72/72), done.        
Receiving objects:   0% (1/139)
Receiving objects:   1% (2/139)
Receiving objects:   2% (3/139)
Receiving objects:   3% (5/139)
Receiving objects:   4% (6/139)
Receiving objects:   5% (7/139)
Receiving objects:   6% (9/139)
Receiving objects:   7% (10/139)
Receiving objects:   8% (12/139)
Receiving objects:   9% (13/139)
Receiving objects:  10% (14/139)
Receiving objects:  11% (16/139)
Receiving objects:  12% (17/139)
Receiving objects:  13% (19/139)
Receiving objects:  14% (20/139)
Receiving objects:  15% (21/139)
Receiving objects:  16% (23/139)
Receiving objects:  17% (24/139)
Receiving objects:  18% (26/139)
Receiving objects:  19% (27/139)
Receiving objects:  20% (28/139)
Receiving objects:  21% (30/139)
Receiving objects:  22% (31/139)
Receiving objects:  23% (32/139)
Receiving objects:  24% (34/139)
Receiving objects:  25% (35/139)
Receiving objects:  26% (37/139)
Receiving objects:  27% (38/139)
Receiving objects:  28% (39/139)
Receiving objects:  29% (41/139)
Receiving objects:  30% (42/139)
Receiving objects:  31% (44/139)
Receiving objects:  32% (45/139)
Receiving objects:  33% (46/139)
Receiving objects:  34% (48/139)
Receiving objects:  35% (49/139)
Receiving objects:  36% (51/139)
Receiving objects:  37% (52/139)
Receiving objects:  38% (53/139)
Receiving objects:  39% (55/139)
Receiving objects:  40% (56/139)
Receiving objects:  41% (57/139)
Receiving objects:  42% (59/139)
Receiving objects:  43% (60/139)
Receiving objects:  44% (62/139)
Receiving objects:  45% (63/139)
Receiving objects:  46% (64/139)
Receiving objects:  47% (66/139)
Receiving objects:  48% (67/139)
Receiving objects:  49% (69/139)
Receiving objects:  50% (70/139)
Receiving objects:  51% (71/139)
Receiving objects:  52% (73/139)
Receiving objects:  53% (74/139)
Receiving objects:  54% (76/139)
Receiving objects:  55% (77/139)
Receiving objects:  56% (78/139)
Receiving objects:  57% (80/139)
Receiving objects:  58% (81/139)
Receiving objects:  59% (83/139)
Receiving objects:  60% (84/139)
Receiving objects:  61% (85/139)
Receiving objects:  62% (87/139)
Receiving objects:  63% (88/139)
Receiving objects:  64% (89/139)
Receiving objects:  65% (91/139)
Receiving objects:  66% (92/139)
Receiving objects:  67% (94/139)
Receiving objects:  68% (95/139)
Receiving objects:  69% (96/139)
Receiving objects:  70% (98/139)
Receiving objects:  71% (99/139)
Receiving objects:  72% (101/139)
Receiving objects:  73% (102/139)
Receiving objects:  74% (103/139)
remote: Total 139 (delta 68), reused 116 (delta 55), pack-reused 0        
Receiving objects:  75% (105/139)
Receiving objects:  76% (106/139)
Receiving objects:  77% (108/139)
Receiving objects:  78% (109/139)
Receiving objects:  79% (110/139)
Receiving objects:  80% (112/139)
Receiving objects:  81% (113/139)
Receiving objects:  82% (114/139)
Receiving objects:  83% (116/139)
Receiving objects:  84% (117/139)
Receiving objects:  85% (119/139)
Receiving objects:  86% (120/139)
Receiving objects:  87% (121/139)
Receiving objects:  88% (123/139)
Receiving objects:  89% (124/139)
Receiving objects:  90% (126/139)
Receiving objects:  91% (127/139)
Receiving objects:  92% (128/139)
Receiving objects:  93% (130/139)
Receiving objects:  94% (131/139)
Receiving objects:  95% (133/139)
Receiving objects:  96% (134/139)
Receiving objects:  97% (135/139)
Receiving objects:  98% (137/139)
Receiving objects:  99% (138/139)
Receiving objects: 100% (139/139)
Receiving objects: 100% (139/139), 30.39 KiB | 10.13 MiB/s, done.
Resolving deltas:   0% (0/68)
Resolving deltas:   1% (1/68)
Resolving deltas:   2% (2/68)
Resolving deltas:   4% (3/68)
Resolving deltas:   5% (4/68)
Resolving deltas:   7% (5/68)
Resolving deltas:   8% (6/68)
Resolving deltas:  10% (7/68)
Resolving deltas:  11% (8/68)
Resolving deltas:  13% (9/68)
Resolving deltas:  14% (10/68)
Resolving deltas:  16% (11/68)
Resolving deltas:  17% (12/68)
Resolving deltas:  19% (13/68)
Resolving deltas:  20% (14/68)
Resolving deltas:  22% (15/68)
Resolving deltas:  25% (17/68)
Resolving deltas:  26% (18/68)
Resolving deltas:  27% (19/68)
Resolving deltas:  29% (20/68)
Resolving deltas:  30% (21/68)
Resolving deltas:  32% (22/68)
Resolving deltas:  33% (23/68)
Resolving deltas:  35% (24/68)
Resolving deltas:  36% (25/68)
Resolving deltas:  38% (26/68)
Resolving deltas:  39% (27/68)
Resolving deltas:  41% (28/68)
Resolving deltas:  42% (29/68)
Resolving deltas:  44% (30/68)
Resolving deltas:  45% (31/68)
Resolving deltas:  47% (32/68)
Resolving deltas:  48% (33/68)
Resolving deltas:  50% (34/68)
Resolving deltas:  51% (35/68)
Resolving deltas:  52% (36/68)
Resolving deltas:  54% (37/68)
Resolving deltas:  55% (38/68)
Resolving deltas:  57% (39/68)
Resolving deltas:  58% (40/68)
Resolving deltas:  60% (41/68)
Resolving deltas:  61% (42/68)
Resolving deltas:  63% (43/68)
Resolving deltas:  64% (44/68)
Resolving deltas:  66% (45/68)
Resolving deltas:  67% (46/68)
Resolving deltas:  69% (47/68)
Resolving deltas:  70% (48/68)
Resolving deltas:  72% (49/68)
Resolving deltas:  73% (50/68)
Resolving deltas:  75% (51/68)
Resolving deltas:  76% (52/68)
Resolving deltas:  77% (53/68)
Resolving deltas:  79% (54/68)
Resolving deltas:  80% (55/68)
Resolving deltas:  82% (56/68)
Resolving deltas:  83% (57/68)
Resolving deltas:  85% (58/68)
Resolving deltas:  88% (60/68)
Resolving deltas:  89% (61/68)
Resolving deltas:  91% (62/68)
Resolving deltas:  92% (63/68)
Resolving deltas:  94% (64/68)
Resolving deltas:  95% (65/68)
Resolving deltas:  97% (66/68)
Resolving deltas:  98% (67/68)
Resolving deltas: 100% (68/68)
Resolving deltas: 100% (68/68), done.
Note: Deploying release dir_iterators=0.0.3...
Cloning into '/home/runner/work/alire-crates-ci/alire-crates-ci/test/62d88cc3-c3e0-44d1-93bd-dc62c45b9121/septum_0.0.6_85a086e2/alire/cache/dependencies/alr-poth.tmp'...
remote: Enumerating objects: 89, done.        
remote: Counting objects:   1% (1/89)        
remote: Counting objects:   2% (2/89)        
remote: Counting objects:   3% (3/89)        
remote: Counting objects:   4% (4/89)        
remote: Counting objects:   5% (5/89)        
remote: Counting objects:   6% (6/89)        
remote: Counting objects:   7% (7/89)        
remote: Counting objects:   8% (8/89)        
remote: Counting objects:  10% (9/89)        
remote: Counting objects:  11% (10/89)        
remote: Counting objects:  12% (11/89)        
remote: Counting objects:  13% (12/89)        
remote: Counting objects:  14% (13/89)        
remote: Counting objects:  15% (14/89)        
remote: Counting objects:  16% (15/89)        
remote: Counting objects:  17% (16/89)        
remote: Counting objects:  19% (17/89)        
remote: Counting objects:  20% (18/89)        
remote: Counting objects:  21% (19/89)        
remote: Counting objects:  22% (20/89)        
remote: Counting objects:  23% (21/89)        
remote: Counting objects:  24% (22/89)        
remote: Counting objects:  25% (23/89)        
remote: Counting objects:  26% (24/89)        
remote: Counting objects:  28% (25/89)        
remote: Counting objects:  29% (26/89)        
remote: Counting objects:  30% (27/89)        
remote: Counting objects:  31% (28/89)        
remote: Counting objects:  32% (29/89)        
remote: Counting objects:  33% (30/89)        
remote: Counting objects:  34% (31/89)        
remote: Counting objects:  35% (32/89)        
remote: Counting objects:  37% (33/89)        
remote: Counting objects:  38% (34/89)        
remote: Counting objects:  39% (35/89)        
remote: Counting objects:  40% (36/89)        
remote: Counting objects:  41% (37/89)        
remote: Counting objects:  42% (38/89)        
remote: Counting objects:  43% (39/89)        
remote: Counting objects:  44% (40/89)        
remote: Counting objects:  46% (41/89)        
remote: Counting objects:  47% (42/89)        
remote: Counting objects:  48% (43/89)        
remote: Counting objects:  49% (44/89)        
remote: Counting objects:  50% (45/89)        
remote: Counting objects:  51% (46/89)        
remote: Counting objects:  52% (47/89)        
remote: Counting objects:  53% (48/89)        
remote: Counting objects:  55% (49/89)        
remote: Counting objects:  56% (50/89)        
remote: Counting objects:  57% (51/89)        
remote: Counting objects:  58% (52/89)        
remote: Counting objects:  59% (53/89)        
remote: Counting objects:  60% (54/89)        
remote: Counting objects:  61% (55/89)        
remote: Counting objects:  62% (56/89)        
remote: Counting objects:  64% (57/89)        
remote: Counting objects:  65% (58/89)        
remote: Counting objects:  66% (59/89)        
remote: Counting objects:  67% (60/89)        
remote: Counting objects:  68% (61/89)        
remote: Counting objects:  69% (62/89)        
remote: Counting objects:  70% (63/89)        
remote: Counting objects:  71% (64/89)        
remote: Counting objects:  73% (65/89)        
remote: Counting objects:  74% (66/89)        
remote: Counting objects:  75% (67/89)        
remote: Counting objects:  76% (68/89)        
remote: Counting objects:  77% (69/89)        
remote: Counting objects:  78% (70/89)        
remote: Counting objects:  79% (71/89)        
remote: Counting objects:  80% (72/89)        
remote: Counting objects:  82% (73/89)        
remote: Counting objects:  83% (74/89)        
remote: Counting objects:  84% (75/89)        
remote: Counting objects:  85% (76/89)        
remote: Counting objects:  86% (77/89)        
remote: Counting objects:  87% (78/89)        
remote: Counting objects:  88% (79/89)        
remote: Counting objects:  89% (80/89)        
remote: Counting objects:  91% (81/89)        
remote: Counting objects:  92% (82/89)        
remote: Counting objects:  93% (83/89)        
remote: Counting objects:  94% (84/89)        
remote: Counting objects:  95% (85/89)        
remote: Counting objects:  96% (86/89)        
remote: Counting objects:  97% (87/89)        
remote: Counting objects:  98% (88/89)        
remote: Counting objects: 100% (89/89)        
remote: Counting objects: 100% (89/89), done.        
remote: Compressing objects:   1% (1/55)        
remote: Compressing objects:   3% (2/55)        
remote: Compressing objects:   5% (3/55)        
remote: Compressing objects:   7% (4/55)        
remote: Compressing objects:   9% (5/55)        
remote: Compressing objects:  10% (6/55)        
remote: Compressing objects:  12% (7/55)        
remote: Compressing objects:  14% (8/55)        
remote: Compressing objects:  16% (9/55)        
remote: Compressing objects:  18% (10/55)        
remote: Compressing objects:  20% (11/55)        
remote: Compressing objects:  21% (12/55)        
remote: Compressing objects:  23% (13/55)        
remote: Compressing objects:  25% (14/55)        
remote: Compressing objects:  27% (15/55)        
remote: Compressing objects:  29% (16/55)        
remote: Compressing objects:  30% (17/55)        
remote: Compressing objects:  32% (18/55)        
remote: Compressing objects:  34% (19/55)        
remote: Compressing objects:  36% (20/55)        
remote: Compressing objects:  38% (21/55)        
remote: Compressing objects:  40% (22/55)        
remote: Compressing objects:  41% (23/55)        
remote: Compressing objects:  43% (24/55)        
remote: Compressing objects:  45% (25/55)        
remote: Compressing objects:  47% (26/55)        
remote: Compressing objects:  49% (27/55)        
remote: Compressing objects:  50% (28/55)        
remote: Compressing objects:  52% (29/55)        
remote: Compressing objects:  54% (30/55)        
remote: Compressing objects:  56% (31/55)        
remote: Compressing objects:  58% (32/55)        
remote: Compressing objects:  60% (33/55)        
remote: Compressing objects:  61% (34/55)        
remote: Compressing objects:  63% (35/55)        
remote: Compressing objects:  65% (36/55)        
remote: Compressing objects:  67% (37/55)        
remote: Compressing objects:  69% (38/55)        
remote: Compressing objects:  70% (39/55)        
remote: Compressing objects:  72% (40/55)        
remote: Compressing objects:  74% (41/55)        
remote: Compressing objects:  76% (42/55)        
remote: Compressing objects:  78% (43/55)        
remote: Compressing objects:  80% (44/55)        
remote: Compressing objects:  81% (45/55)        
remote: Compressing objects:  83% (46/55)        
remote: Compressing objects:  85% (47/55)        
remote: Compressing objects:  87% (48/55)        
remote: Compressing objects:  89% (49/55)        
remote: Compressing objects:  90% (50/55)        
remote: Compressing objects:  92% (51/55)        
remote: Compressing objects:  94% (52/55)        
remote: Compressing objects:  96% (53/55)        
remote: Compressing objects:  98% (54/55)        
remote: Compressing objects: 100% (55/55)        
remote: Compressing objects: 100% (55/55), done.        
Receiving objects:   1% (1/89)
Receiving objects:   2% (2/89)
Receiving objects:   3% (3/89)
Receiving objects:   4% (4/89)
Receiving objects:   5% (5/89)
Receiving objects:   6% (6/89)
Receiving objects:   7% (7/89)
Receiving objects:   8% (8/89)
Receiving objects:  10% (9/89)
Receiving objects:  11% (10/89)
Receiving objects:  12% (11/89)
Receiving objects:  13% (12/89)
Receiving objects:  14% (13/89)
Receiving objects:  15% (14/89)
Receiving objects:  16% (15/89)
Receiving objects:  17% (16/89)
Receiving objects:  19% (17/89)
Receiving objects:  20% (18/89)
Receiving objects:  21% (19/89)
Receiving objects:  22% (20/89)
Receiving objects:  23% (21/89)
Receiving objects:  24% (22/89)
Receiving objects:  25% (23/89)
Receiving objects:  26% (24/89)
Receiving objects:  28% (25/89)
Receiving objects:  29% (26/89)
Receiving objects:  30% (27/89)
Receiving objects:  31% (28/89)
Receiving objects:  32% (29/89)
Receiving objects:  33% (30/89)
Receiving objects:  34% (31/89)
Receiving objects:  35% (32/89)
Receiving objects:  37% (33/89)
Receiving objects:  38% (34/89)
Receiving objects:  39% (35/89)
Receiving objects:  40% (36/89)
Receiving objects:  41% (37/89)
Receiving objects:  42% (38/89)
Receiving objects:  43% (39/89)
Receiving objects:  44% (40/89)
Receiving objects:  46% (41/89)
Receiving objects:  47% (42/89)
Receiving objects:  48% (43/89)
Receiving objects:  49% (44/89)
Receiving objects:  50% (45/89)
Receiving objects:  51% (46/89)
Receiving objects:  52% (47/89)
Receiving objects:  53% (48/89)
Receiving objects:  55% (49/89)
Receiving objects:  56% (50/89)
Receiving objects:  57% (51/89)
remote: Total 89 (delta 46), reused 60 (delta 27), pack-reused 0        
Receiving objects:  58% (52/89)
Receiving objects:  59% (53/89)
Receiving objects:  60% (54/89)
Receiving objects:  61% (55/89)
Receiving objects:  62% (56/89)
Receiving objects:  64% (57/89)
Receiving objects:  65% (58/89)
Receiving objects:  66% (59/89)
Receiving objects:  67% (60/89)
Receiving objects:  68% (61/89)
Receiving objects:  69% (62/89)
Receiving objects:  70% (63/89)
Receiving objects:  71% (64/89)
Receiving objects:  73% (65/89)
Receiving objects:  74% (66/89)
Receiving objects:  75% (67/89)
Receiving objects:  76% (68/89)
Receiving objects:  77% (69/89)
Receiving objects:  78% (70/89)
Receiving objects:  79% (71/89)
Receiving objects:  80% (72/89)
Receiving objects:  82% (73/89)
Receiving objects:  83% (74/89)
Receiving objects:  84% (75/89)
Receiving objects:  85% (76/89)
Receiving objects:  86% (77/89)
Receiving objects:  87% (78/89)
Receiving objects:  88% (79/89)
Receiving objects:  89% (80/89)
Receiving objects:  91% (81/89)
Receiving objects:  92% (82/89)
Receiving objects:  93% (83/89)
Receiving objects:  94% (84/89)
Receiving objects:  95% (85/89)
Receiving objects:  96% (86/89)
Receiving objects:  97% (87/89)
Receiving objects:  98% (88/89)
Receiving objects: 100% (89/89)
Receiving objects: 100% (89/89), 20.21 KiB | 20.21 MiB/s, done.
Resolving deltas:   0% (0/46)
Resolving deltas:   2% (1/46)
Resolving deltas:   4% (2/46)
Resolving deltas:   6% (3/46)
Resolving deltas:   8% (4/46)
Resolving deltas:  10% (5/46)
Resolving deltas:  13% (6/46)
Resolving deltas:  15% (7/46)
Resolving deltas:  17% (8/46)
Resolving deltas:  19% (9/46)
Resolving deltas:  21% (10/46)
Resolving deltas:  23% (11/46)
Resolving deltas:  26% (12/46)
Resolving deltas:  28% (13/46)
Resolving deltas:  30% (14/46)
Resolving deltas:  32% (15/46)
Resolving deltas:  34% (16/46)
Resolving deltas:  36% (17/46)
Resolving deltas:  39% (18/46)
Resolving deltas:  41% (19/46)
Resolving deltas:  43% (20/46)
Resolving deltas:  45% (21/46)
Resolving deltas:  47% (22/46)
Resolving deltas:  50% (23/46)
Resolving deltas:  52% (24/46)
Resolving deltas:  54% (25/46)
Resolving deltas:  56% (26/46)
Resolving deltas:  58% (27/46)
Resolving deltas:  60% (28/46)
Resolving deltas:  63% (29/46)
Resolving deltas:  65% (30/46)
Resolving deltas:  67% (31/46)
Resolving deltas:  69% (32/46)
Resolving deltas:  71% (33/46)
Resolving deltas:  73% (34/46)
Resolving deltas:  76% (35/46)
Resolving deltas:  78% (36/46)
Resolving deltas:  80% (37/46)
Resolving deltas:  82% (38/46)
Resolving deltas:  84% (39/46)
Resolving deltas:  86% (40/46)
Resolving deltas:  89% (41/46)
Resolving deltas:  91% (42/46)
Resolving deltas:  93% (43/46)
Resolving deltas:  95% (44/46)
Resolving deltas:  97% (45/46)
Resolving deltas: 100% (46/46)
Resolving deltas: 100% (46/46), done.
Note: Deploying release trendy_terminal=0.0.5...
Cloning into '/home/runner/work/alire-crates-ci/alire-crates-ci/test/62d88cc3-c3e0-44d1-93bd-dc62c45b9121/septum_0.0.6_85a086e2/alire/cache/dependencies/alr-uect.tmp'...
remote: Enumerating objects: 906, done.        
remote: Counting objects:   1% (1/81)        
remote: Counting objects:   2% (2/81)        
remote: Counting objects:   3% (3/81)        
remote: Counting objects:   4% (4/81)        
remote: Counting objects:   6% (5/81)        
remote: Counting objects:   7% (6/81)        
remote: Counting objects:   8% (7/81)        
remote: Counting objects:   9% (8/81)        
remote: Counting objects:  11% (9/81)        
remote: Counting objects:  12% (10/81)        
remote: Counting objects:  13% (11/81)        
remote: Counting objects:  14% (12/81)        
remote: Counting objects:  16% (13/81)        
remote: Counting objects:  17% (14/81)        
remote: Counting objects:  18% (15/81)        
remote: Counting objects:  19% (16/81)        
remote: Counting objects:  20% (17/81)        
remote: Counting objects:  22% (18/81)        
remote: Counting objects:  23% (19/81)        
remote: Counting objects:  24% (20/81)        
remote: Counting objects:  25% (21/81)        
remote: Counting objects:  27% (22/81)        
remote: Counting objects:  28% (23/81)        
remote: Counting objects:  29% (24/81)        
remote: Counting objects:  30% (25/81)        
remote: Counting objects:  32% (26/81)        
remote: Counting objects:  33% (27/81)        
remote: Counting objects:  34% (28/81)        
remote: Counting objects:  35% (29/81)        
remote: Counting objects:  37% (30/81)        
remote: Counting objects:  38% (31/81)        
remote: Counting objects:  39% (32/81)        
remote: Counting objects:  40% (33/81)        
remote: Counting objects:  41% (34/81)        
remote: Counting objects:  43% (35/81)        
remote: Counting objects:  44% (36/81)        
remote: Counting objects:  45% (37/81)        
remote: Counting objects:  46% (38/81)        
remote: Counting objects:  48% (39/81)        
remote: Counting objects:  49% (40/81)        
remote: Counting objects:  50% (41/81)        
remote: Counting objects:  51% (42/81)        
remote: Counting objects:  53% (43/81)        
remote: Counting objects:  54% (44/81)        
remote: Counting objects:  55% (45/81)        
remote: Counting objects:  56% (46/81)        
remote: Counting objects:  58% (47/81)        
remote: Counting objects:  59% (48/81)        
remote: Counting objects:  60% (49/81)        
remote: Counting objects:  61% (50/81)        
remote: Counting objects:  62% (51/81)        
remote: Counting objects:  64% (52/81)        
remote: Counting objects:  65% (53/81)        
remote: Counting objects:  66% (54/81)        
remote: Counting objects:  67% (55/81)        
remote: Counting objects:  69% (56/81)        
remote: Counting objects:  70% (57/81)        
remote: Counting objects:  71% (58/81)        
remote: Counting objects:  72% (59/81)        
remote: Counting objects:  74% (60/81)        
remote: Counting objects:  75% (61/81)        
remote: Counting objects:  76% (62/81)        
remote: Counting objects:  77% (63/81)        
remote: Counting objects:  79% (64/81)        
remote: Counting objects:  80% (65/81)        
remote: Counting objects:  81% (66/81)        
remote: Counting objects:  82% (67/81)        
remote: Counting objects:  83% (68/81)        
remote: Counting objects:  85% (69/81)        
remote: Counting objects:  86% (70/81)        
remote: Counting objects:  87% (71/81)        
remote: Counting objects:  88% (72/81)        
remote: Counting objects:  90% (73/81)        
remote: Counting objects:  91% (74/81)        
remote: Counting objects:  92% (75/81)        
remote: Counting objects:  93% (76/81)        
remote: Counting objects:  95% (77/81)        
remote: Counting objects:  96% (78/81)        
remote: Counting objects:  97% (79/81)        
remote: Counting objects:  98% (80/81)        
remote: Counting objects: 100% (81/81)        
remote: Counting objects: 100% (81/81), done.        
remote: Compressing objects:  50% (1/2)        
remote: Compressing objects: 100% (2/2)        
remote: Compressing objects: 100% (2/2), done.        
Receiving objects:   0% (1/906)
Receiving objects:   1% (10/906)
Receiving objects:   2% (19/906)
Receiving objects:   3% (28/906)
Receiving objects:   4% (37/906)
Receiving objects:   5% (46/906)
Receiving objects:   6% (55/906)
Receiving objects:   7% (64/906)
Receiving objects:   8% (73/906)
Receiving objects:   9% (82/906)
Receiving objects:  10% (91/906)
Receiving objects:  11% (100/906)
Receiving objects:  12% (109/906)
Receiving objects:  13% (118/906)
Receiving objects:  14% (127/906)
Receiving objects:  15% (136/906)
Receiving objects:  16% (145/906)
Receiving objects:  17% (155/906)
Receiving objects:  18% (164/906)
Receiving objects:  19% (173/906)
Receiving objects:  20% (182/906)
Receiving objects:  21% (191/906)
Receiving objects:  22% (200/906)
Receiving objects:  23% (209/906)
Receiving objects:  24% (218/906)
Receiving objects:  25% (227/906)
Receiving objects:  26% (236/906)
Receiving objects:  27% (245/906)
Receiving objects:  28% (254/906)
Receiving objects:  29% (263/906)
Receiving objects:  30% (272/906)
Receiving objects:  31% (281/906)
Receiving objects:  32% (290/906)
Receiving objects:  33% (299/906)
Receiving objects:  34% (309/906)
Receiving objects:  35% (318/906)
Receiving objects:  36% (327/906)
Receiving objects:  37% (336/906)
Receiving objects:  38% (345/906)
Receiving objects:  39% (354/906)
Receiving objects:  40% (363/906)
Receiving objects:  41% (372/906)
Receiving objects:  42% (381/906)
Receiving objects:  43% (390/906)
Receiving objects:  44% (399/906)
Receiving objects:  45% (408/906)
Receiving objects:  46% (417/906)
Receiving objects:  47% (426/906)
Receiving objects:  48% (435/906)
Receiving objects:  49% (444/906)
Receiving objects:  50% (453/906)
Receiving objects:  51% (463/906)
Receiving objects:  52% (472/906)
Receiving objects:  53% (481/906)
Receiving objects:  54% (490/906)
Receiving objects:  55% (499/906)
Receiving objects:  56% (508/906)
Receiving objects:  57% (517/906)
Receiving objects:  58% (526/906)
Receiving objects:  59% (535/906)
Receiving objects:  60% (544/906)
Receiving objects:  61% (553/906)
Receiving objects:  62% (562/906)
Receiving objects:  63% (571/906)
Receiving objects:  64% (580/906)
Receiving objects:  65% (589/906)
Receiving objects:  66% (598/906)
Receiving objects:  67% (608/906)
Receiving objects:  68% (617/906)
Receiving objects:  69% (626/906)
Receiving objects:  70% (635/906)
Receiving objects:  71% (644/906)
Receiving objects:  72% (653/906)
Receiving objects:  73% (662/906)
Receiving objects:  74% (671/906)
Receiving objects:  75% (680/906)
Receiving objects:  76% (689/906)
Receiving objects:  77% (698/906)
Receiving objects:  78% (707/906)
remote: Total 906 (delta 79), reused 79 (delta 79), pack-reused 825        
Receiving objects:  79% (716/906)
Receiving objects:  80% (725/906)
Receiving objects:  81% (734/906)
Receiving objects:  82% (743/906)
Receiving objects:  83% (752/906)
Receiving objects:  84% (762/906)
Receiving objects:  85% (771/906)
Receiving objects:  86% (780/906)
Receiving objects:  87% (789/906)
Receiving objects:  88% (798/906)
Receiving objects:  89% (807/906)
Receiving objects:  90% (816/906)
Receiving objects:  91% (825/906)
Receiving objects:  92% (834/906)
Receiving objects:  93% (843/906)
Receiving objects:  94% (852/906)
Receiving objects:  95% (861/906)
Receiving objects:  96% (870/906)
Receiving objects:  97% (879/906)
Receiving objects:  98% (888/906)
Receiving objects:  99% (897/906)
Receiving objects: 100% (906/906)
Receiving objects: 100% (906/906), 136.17 KiB | 1.13 MiB/s, done.
Resolving deltas:   0% (0/540)
Resolving deltas:   1% (6/540)
Resolving deltas:   2% (11/540)
Resolving deltas:   3% (17/540)
Resolving deltas:   4% (22/540)
Resolving deltas:   5% (27/540)
Resolving deltas:   6% (33/540)
Resolving deltas:   7% (38/540)
Resolving deltas:   8% (44/540)
Resolving deltas:   9% (49/540)
Resolving deltas:  10% (54/540)
Resolving deltas:  11% (60/540)
Resolving deltas:  12% (65/540)
Resolving deltas:  13% (71/540)
Resolving deltas:  14% (76/540)
Resolving deltas:  15% (81/540)
Resolving deltas:  16% (87/540)
Resolving deltas:  17% (92/540)
Resolving deltas:  18% (98/540)
Resolving deltas:  19% (103/540)
Resolving deltas:  20% (108/540)
Resolving deltas:  21% (114/540)
Resolving deltas:  22% (119/540)
Resolving deltas:  23% (125/540)
Resolving deltas:  24% (130/540)
Resolving deltas:  25% (135/540)
Resolving deltas:  26% (141/540)
Resolving deltas:  27% (146/540)
Resolving deltas:  28% (152/540)
Resolving deltas:  29% (157/540)
Resolving deltas:  30% (162/540)
Resolving deltas:  31% (168/540)
Resolving deltas:  32% (173/540)
Resolving deltas:  33% (179/540)
Resolving deltas:  34% (184/540)
Resolving deltas:  35% (189/540)
Resolving deltas:  36% (195/540)
Resolving deltas:  37% (200/540)
Resolving deltas:  38% (206/540)
Resolving deltas:  39% (211/540)
Resolving deltas:  40% (216/540)
Resolving deltas:  41% (222/540)
Resolving deltas:  42% (227/540)
Resolving deltas:  43% (233/540)
Resolving deltas:  44% (238/540)
Resolving deltas:  45% (243/540)
Resolving deltas:  46% (249/540)
Resolving deltas:  47% (254/540)
Resolving deltas:  48% (260/540)
Resolving deltas:  49% (265/540)
Resolving deltas:  50% (270/540)
Resolving deltas:  51% (276/540)
Resolving deltas:  52% (281/540)
Resolving deltas:  53% (287/540)
Resolving deltas:  54% (292/540)
Resolving deltas:  55% (297/540)
Resolving deltas:  56% (303/540)
Resolving deltas:  57% (308/540)
Resolving deltas:  58% (314/540)
Resolving deltas:  59% (319/540)
Resolving deltas:  60% (324/540)
Resolving deltas:  61% (330/540)
Resolving deltas:  62% (335/540)
Resolving deltas:  63% (341/540)
Resolving deltas:  64% (346/540)
Resolving deltas:  65% (351/540)
Resolving deltas:  66% (357/540)
Resolving deltas:  67% (362/540)
Resolving deltas:  68% (368/540)
Resolving deltas:  69% (373/540)
Resolving deltas:  70% (378/540)
Resolving deltas:  71% (384/540)
Resolving deltas:  72% (389/540)
Resolving deltas:  73% (395/540)
Resolving deltas:  74% (400/540)
Resolving deltas:  75% (405/540)
Resolving deltas:  76% (411/540)
Resolving deltas:  77% (416/540)
Resolving deltas:  78% (422/540)
Resolving deltas:  79% (427/540)
Resolving deltas:  80% (432/540)
Resolving deltas:  81% (438/540)
Resolving deltas:  82% (443/540)
Resolving deltas:  83% (449/540)
Resolving deltas:  84% (454/540)
Resolving deltas:  85% (459/540)
Resolving deltas:  86% (465/540)
Resolving deltas:  87% (470/540)
Resolving deltas:  88% (476/540)
Resolving deltas:  89% (481/540)
Resolving deltas:  90% (486/540)
Resolving deltas:  91% (492/540)
Resolving deltas:  92% (497/540)
Resolving deltas:  93% (503/540)
Resolving deltas:  94% (508/540)
Resolving deltas:  95% (513/540)
Resolving deltas:  96% (519/540)
Resolving deltas:  97% (524/540)
Resolving deltas:  98% (530/540)
Resolving deltas:  99% (535/540)
Resolving deltas: 100% (540/540)
Resolving deltas: 100% (540/540), done.
Note: Deploying release progress_indicators=0.0.1...
Cloning into '/home/runner/work/alire-crates-ci/alire-crates-ci/test/62d88cc3-c3e0-44d1-93bd-dc62c45b9121/septum_0.0.6_85a086e2/alire/cache/dependencies/alr-sobk.tmp'...
remote: Enumerating objects: 101, done.        
remote: Counting objects:   0% (1/101)        
remote: Counting objects:   1% (2/101)        
remote: Counting objects:   2% (3/101)        
remote: Counting objects:   3% (4/101)        
remote: Counting objects:   4% (5/101)        
remote: Counting objects:   5% (6/101)        
remote: Counting objects:   6% (7/101)        
remote: Counting objects:   7% (8/101)        
remote: Counting objects:   8% (9/101)        
remote: Counting objects:   9% (10/101)        
remote: Counting objects:  10% (11/101)        
remote: Counting objects:  11% (12/101)        
remote: Counting objects:  12% (13/101)        
remote: Counting objects:  13% (14/101)        
remote: Counting objects:  14% (15/101)        
remote: Counting objects:  15% (16/101)        
remote: Counting objects:  16% (17/101)        
remote: Counting objects:  17% (18/101)        
remote: Counting objects:  18% (19/101)        
remote: Counting objects:  19% (20/101)        
remote: Counting objects:  20% (21/101)        
remote: Counting objects:  21% (22/101)        
remote: Counting objects:  22% (23/101)        
remote: Counting objects:  23% (24/101)        
remote: Counting objects:  24% (25/101)        
remote: Counting objects:  25% (26/101)        
remote: Counting objects:  26% (27/101)        
remote: Counting objects:  27% (28/101)        
remote: Counting objects:  28% (29/101)        
remote: Counting objects:  29% (30/101)        
remote: Counting objects:  30% (31/101)        
remote: Counting objects:  31% (32/101)        
remote: Counting objects:  32% (33/101)        
remote: Counting objects:  33% (34/101)        
remote: Counting objects:  34% (35/101)        
remote: Counting objects:  35% (36/101)        
remote: Counting objects:  36% (37/101)        
remote: Counting objects:  37% (38/101)        
remote: Counting objects:  38% (39/101)        
remote: Counting objects:  39% (40/101)        
remote: Counting objects:  40% (41/101)        
remote: Counting objects:  41% (42/101)        
remote: Counting objects:  42% (43/101)        
remote: Counting objects:  43% (44/101)        
remote: Counting objects:  44% (45/101)        
remote: Counting objects:  45% (46/101)        
remote: Counting objects:  46% (47/101)        
remote: Counting objects:  47% (48/101)        
remote: Counting objects:  48% (49/101)        
remote: Counting objects:  49% (50/101)        
remote: Counting objects:  50% (51/101)        
remote: Counting objects:  51% (52/101)        
remote: Counting objects:  52% (53/101)        
remote: Counting objects:  53% (54/101)        
remote: Counting objects:  54% (55/101)        
remote: Counting objects:  55% (56/101)        
remote: Counting objects:  56% (57/101)        
remote: Counting objects:  57% (58/101)        
remote: Counting objects:  58% (59/101)        
remote: Counting objects:  59% (60/101)        
remote: Counting objects:  60% (61/101)        
remote: Counting objects:  61% (62/101)        
remote: Counting objects:  62% (63/101)        
remote: Counting objects:  63% (64/101)        
remote: Counting objects:  64% (65/101)        
remote: Counting objects:  65% (66/101)        
remote: Counting objects:  66% (67/101)        
remote: Counting objects:  67% (68/101)        
remote: Counting objects:  68% (69/101)        
remote: Counting objects:  69% (70/101)        
remote: Counting objects:  70% (71/101)        
remote: Counting objects:  71% (72/101)        
remote: Counting objects:  72% (73/101)        
remote: Counting objects:  73% (74/101)        
remote: Counting objects:  74% (75/101)        
remote: Counting objects:  75% (76/101)        
remote: Counting objects:  76% (77/101)        
remote: Counting objects:  77% (78/101)        
remote: Counting objects:  78% (79/101)        
remote: Counting objects:  79% (80/101)        
remote: Counting objects:  80% (81/101)        
remote: Counting objects:  81% (82/101)        
remote: Counting objects:  82% (83/101)        
remote: Counting objects:  83% (84/101)        
remote: Counting objects:  84% (85/101)        
remote: Counting objects:  85% (86/101)        
remote: Counting objects:  86% (87/101)        
remote: Counting objects:  87% (88/101)        
remote: Counting objects:  88% (89/101)        
remote: Counting objects:  89% (90/101)        
remote: Counting objects:  90% (91/101)        
remote: Counting objects:  91% (92/101)        
remote: Counting objects:  92% (93/101)        
remote: Counting objects:  93% (94/101)        
remote: Counting objects:  94% (95/101)        
remote: Counting objects:  95% (96/101)        
remote: Counting objects:  96% (97/101)        
remote: Counting objects:  97% (98/101)        
remote: Counting objects:  98% (99/101)        
remote: Counting objects:  99% (100/101)        
remote: Counting objects: 100% (101/101)        
remote: Counting objects: 100% (101/101), done.        
remote: Compressing objects:   1% (1/70)        
remote: Compressing objects:   2% (2/70)        
remote: Compressing objects:   4% (3/70)        
remote: Compressing objects:   5% (4/70)        
remote: Compressing objects:   7% (5/70)        
remote: Compressing objects:   8% (6/70)        
remote: Compressing objects:  10% (7/70)        
remote: Compressing objects:  11% (8/70)        
remote: Compressing objects:  12% (9/70)        
remote: Compressing objects:  14% (10/70)        
remote: Compressing objects:  15% (11/70)        
remote: Compressing objects:  17% (12/70)        
remote: Compressing objects:  18% (13/70)        
remote: Compressing objects:  20% (14/70)        
remote: Compressing objects:  21% (15/70)        
remote: Compressing objects:  22% (16/70)        
remote: Compressing objects:  24% (17/70)        
remote: Compressing objects:  25% (18/70)        
remote: Compressing objects:  27% (19/70)        
remote: Compressing objects:  28% (20/70)        
remote: Compressing objects:  30% (21/70)        
remote: Compressing objects:  31% (22/70)        
remote: Compressing objects:  32% (23/70)        
remote: Compressing objects:  34% (24/70)        
remote: Compressing objects:  35% (25/70)        
remote: Compressing objects:  37% (26/70)        
remote: Compressing objects:  38% (27/70)        
remote: Compressing objects:  40% (28/70)        
remote: Compressing objects:  41% (29/70)        
remote: Compressing objects:  42% (30/70)        
remote: Compressing objects:  44% (31/70)        
remote: Compressing objects:  45% (32/70)        
remote: Compressing objects:  47% (33/70)        
remote: Compressing objects:  48% (34/70)        
remote: Compressing objects:  50% (35/70)        
remote: Compressing objects:  51% (36/70)        
remote: Compressing objects:  52% (37/70)        
remote: Compressing objects:  54% (38/70)        
remote: Compressing objects:  55% (39/70)        
remote: Compressing objects:  57% (40/70)        
remote: Compressing objects:  58% (41/70)        
remote: Compressing objects:  60% (42/70)        
remote: Compressing objects:  61% (43/70)        
remote: Compressing objects:  62% (44/70)        
remote: Compressing objects:  64% (45/70)        
remote: Compressing objects:  65% (46/70)        
remote: Compressing objects:  67% (47/70)        
remote: Compressing objects:  68% (48/70)        
remote: Compressing objects:  70% (49/70)        
remote: Compressing objects:  71% (50/70)        
remote: Compressing objects:  72% (51/70)        
remote: Compressing objects:  74% (52/70)        
remote: Compressing objects:  75% (53/70)        
remote: Compressing objects:  77% (54/70)        
remote: Compressing objects:  78% (55/70)        
remote: Compressing objects:  80% (56/70)        
remote: Compressing objects:  81% (57/70)        
remote: Compressing objects:  82% (58/70)        
remote: Compressing objects:  84% (59/70)        
remote: Compressing objects:  85% (60/70)        
remote: Compressing objects:  87% (61/70)        
remote: Compressing objects:  88% (62/70)        
remote: Compressing objects:  90% (63/70)        
remote: Compressing objects:  91% (64/70)        
remote: Compressing objects:  92% (65/70)        
remote: Compressing objects:  94% (66/70)        
remote: Compressing objects:  95% (67/70)        
remote: Compressing objects:  97% (68/70)        
remote: Compressing objects:  98% (69/70)        
remote: Compressing objects: 100% (70/70)        
remote: Compressing objects: 100% (70/70), done.        
Receiving objects:   0% (1/101)
Receiving objects:   1% (2/101)
Receiving objects:   2% (3/101)
Receiving objects:   3% (4/101)
Receiving objects:   4% (5/101)
Receiving objects:   5% (6/101)
Receiving objects:   6% (7/101)
Receiving objects:   7% (8/101)
Receiving objects:   8% (9/101)
Receiving objects:   9% (10/101)
Receiving objects:  10% (11/101)
Receiving objects:  11% (12/101)
Receiving objects:  12% (13/101)
Receiving objects:  13% (14/101)
Receiving objects:  14% (15/101)
Receiving objects:  15% (16/101)
Receiving objects:  16% (17/101)
Receiving objects:  17% (18/101)
Receiving objects:  18% (19/101)
Receiving objects:  19% (20/101)
Receiving objects:  20% (21/101)
Receiving objects:  21% (22/101)
Receiving objects:  22% (23/101)
Receiving objects:  23% (24/101)
Receiving objects:  24% (25/101)
Receiving objects:  25% (26/101)
Receiving objects:  26% (27/101)
Receiving objects:  27% (28/101)
Receiving objects:  28% (29/101)
Receiving objects:  29% (30/101)
Receiving objects:  30% (31/101)
Receiving objects:  31% (32/101)
Receiving objects:  32% (33/101)
Receiving objects:  33% (34/101)
Receiving objects:  34% (35/101)
Receiving objects:  35% (36/101)
Receiving objects:  36% (37/101)
Receiving objects:  37% (38/101)
Receiving objects:  38% (39/101)
Receiving objects:  39% (40/101)
Receiving objects:  40% (41/101)
Receiving objects:  41% (42/101)
Receiving objects:  42% (43/101)
Receiving objects:  43% (44/101)
Receiving objects:  44% (45/101)
remote: Total 101 (delta 48), reused 62 (delta 21), pack-reused 0        
Receiving objects:  45% (46/101)
Receiving objects:  46% (47/101)
Receiving objects:  47% (48/101)
Receiving objects:  48% (49/101)
Receiving objects:  49% (50/101)
Receiving objects:  50% (51/101)
Receiving objects:  51% (52/101)
Receiving objects:  52% (53/101)
Receiving objects:  53% (54/101)
Receiving objects:  54% (55/101)
Receiving objects:  55% (56/101)
Receiving objects:  56% (57/101)
Receiving objects:  57% (58/101)
Receiving objects:  58% (59/101)
Receiving objects:  59% (60/101)
Receiving objects:  60% (61/101)
Receiving objects:  61% (62/101)
Receiving objects:  62% (63/101)
Receiving objects:  63% (64/101)
Receiving objects:  64% (65/101)
Receiving objects:  65% (66/101)
Receiving objects:  66% (67/101)
Receiving objects:  67% (68/101)
Receiving objects:  68% (69/101)
Receiving objects:  69% (70/101)
Receiving objects:  70% (71/101)
Receiving objects:  71% (72/101)
Receiving objects:  72% (73/101)
Receiving objects:  73% (74/101)
Receiving objects:  74% (75/101)
Receiving objects:  75% (76/101)
Receiving objects:  76% (77/101)
Receiving objects:  77% (78/101)
Receiving objects:  78% (79/101)
Receiving objects:  79% (80/101)
Receiving objects:  80% (81/101)
Receiving objects:  81% (82/101)
Receiving objects:  82% (83/101)
Receiving objects:  83% (84/101)
Receiving objects:  84% (85/101)
Receiving objects:  85% (86/101)
Receiving objects:  86% (87/101)
Receiving objects:  87% (88/101)
Receiving objects:  88% (89/101)
Receiving objects:  89% (90/101)
Receiving objects:  90% (91/101)
Receiving objects:  91% (92/101)
Receiving objects:  92% (93/101)
Receiving objects:  93% (94/101)
Receiving objects:  94% (95/101)
Receiving objects:  95% (96/101)
Receiving objects:  96% (97/101)
Receiving objects:  97% (98/101)
Receiving objects:  98% (99/101)
Receiving objects:  99% (100/101)
Receiving objects: 100% (101/101)
Receiving objects: 100% (101/101), 21.53 KiB | 847.00 KiB/s, done.
Resolving deltas:   0% (0/48)
Resolving deltas:   2% (1/48)
Resolving deltas:   4% (2/48)
Resolving deltas:   6% (3/48)
Resolving deltas:   8% (4/48)
Resolving deltas:  10% (5/48)
Resolving deltas:  12% (6/48)
Resolving deltas:  14% (7/48)
Resolving deltas:  16% (8/48)
Resolving deltas:  18% (9/48)
Resolving deltas:  20% (10/48)
Resolving deltas:  22% (11/48)
Resolving deltas:  25% (12/48)
Resolving deltas:  27% (13/48)
Resolving deltas:  29% (14/48)
Resolving deltas:  31% (15/48)
Resolving deltas:  33% (16/48)
Resolving deltas:  35% (17/48)
Resolving deltas:  37% (18/48)
Resolving deltas:  39% (19/48)
Resolving deltas:  41% (20/48)
Resolving deltas:  43% (21/48)
Resolving deltas:  45% (22/48)
Resolving deltas:  47% (23/48)
Resolving deltas:  50% (24/48)
Resolving deltas:  52% (25/48)
Resolving deltas:  54% (26/48)
Resolving deltas:  56% (27/48)
Resolving deltas:  58% (28/48)
Resolving deltas:  60% (29/48)
Resolving deltas:  62% (30/48)
Resolving deltas:  64% (31/48)
Resolving deltas:  66% (32/48)
Resolving deltas:  68% (33/48)
Resolving deltas:  70% (34/48)
Resolving deltas:  72% (35/48)
Resolving deltas:  75% (36/48)
Resolving deltas:  77% (37/48)
Resolving deltas:  79% (38/48)
Resolving deltas:  81% (39/48)
Resolving deltas:  83% (40/48)
Resolving deltas:  85% (41/48)
Resolving deltas:  87% (42/48)
Resolving deltas:  89% (43/48)
Resolving deltas:  91% (44/48)
Resolving deltas:  93% (45/48)
Resolving deltas:  95% (46/48)
Resolving deltas:  97% (47/48)
Resolving deltas: 100% (48/48)
Resolving deltas: 100% (48/48), done.
Setup
   [mkdir]        object directory for project Atomic
   [mkdir]        library directory for project Atomic
   [mkdir]        object directory for project Dir_Iterators
   [mkdir]        library directory for project Dir_Iterators
   [mkdir]        object directory for project ANSI
   [mkdir]        exec directory for project ANSI
   [mkdir]        object directory for project Progress_Indicators
   [mkdir]        library directory for project Progress_Indicators
   [mkdir]        object directory for project Trendy_Terminal
   [mkdir]        library directory for project Trendy_Terminal
   [mkdir]        object directory for project Septum
   [mkdir]        exec directory for project Septum
Compile
   [Ada]          septum.adb
   [Ada]          trendy_terminal-platform.adb
   [Ada]          trendy_terminal-linux.ads
   [Ada]          trendy_terminal-environments.adb
   [Ada]          trendy_terminal-completions.adb
   [Ada]          trendy_terminal-lines.adb
   [Ada]          trendy_terminal-io-line_editors.adb
   [Ada]          trendy_terminal-io.adb
   [Ada]          trendy_terminal-maps.adb
   [Ada]          trendy_terminal.ads
   [Ada]          trendy_terminal-vt100.adb
   [Ada]          trendy_terminal-string_vectors.ads
   [Ada]          trendy_terminal-histories.adb
   [Ada]          trendy_terminal-lines-line_vectors.ads
   [Ada]          progress_indicators-spinners.adb
   [Ada]          progress_indicators-work_trackers.adb
   [Ada]          progress_indicators-bars.adb
   [Ada]          progress_indicators.ads
   [Ada]          dir_iterators.ads
   [Ada]          dir_iterators-recursive.adb
   [Ada]          dir_iterators-ancestor.adb
   [Ada]          atomic-unsigned_32.ads
   [Ada]          atomic-signed_32.ads
   [Ada]          atomic.adb
   [Ada]          atomic-signed_8.ads
   [Ada]          atomic-signed_16.ads
   [Ada]          atomic-unsigned_8.ads
   [Ada]          atomic-unsigned_16.ads
   [Ada]          atomic-unsigned.adb
   [Ada]          atomic-signed.adb
   [Ada]          sp.ads
   [Ada]          sp-config.adb
   [Ada]          sp-interactive.adb
   [Ada]          ansi.ads
   [Ada]          sp-file_system.adb
   [Ada]          sp-platform.adb
   [Ada]          sp-strings.adb
   [Ada]          sp-commands.adb
   [Ada]          sp-filters.adb
   [Ada]          sp-searches.adb
   [Ada]          sp-terminal.adb
   [Ada]          sp-contexts.adb
   [Ada]          sp-memory.adb
   [Ada]          sp-progress.adb
   [Ada]          sp-cache.adb
Build Libraries
   [gprlib]       Atomic.lexch
   [gprlib]       Dir_Iterators.lexch
   [gprlib]       Progress_Indicators.lexch
   [archive]      libAtomic.a
   [archive]      libDir_Iterators.a
   [index]        libAtomic.a
   [index]        libDir_Iterators.a
   [gprlib]       Trendy_Terminal.lexch
   [archive]      libProgress_Indicators.a
   [archive]      libTrendy_Terminal.a
   [index]        libProgress_Indicators.a
   [index]        libTrendy_Terminal.a
Bind
   [gprbind]      septum.bexch
   [Ada]          septum.ali
Link
   [link]         septum.adb

septum=0.0.6 successfully retrieved and built.
Dependencies were solved as follows:

   + ansiada             0.1.0 (new,indirect)
   + atomic              0.3.0 (new)         
   + dir_iterators       0.0.3 (new)         
   + progress_indicators 0.0.1 (new)         
   + trendy_terminal     0.0.5 (new)         
