Test ran at 2024-12-16 00:49:11.764408+00:00

SOLUTION:
eagle_lander=1.2.0: Apollo 11 lunar lander simulator
Origin: source archive eagle_lander-1.2.zip at https://github.com/Fabien-Chouteau/eagle-lander/releases/download/v1.2/eagle_lander-1.2.zip with hash sha512:578532c24f4945d9ca2372e769c534a6f6fd92293090cecc7ad798b8247a8f52ecd6ffdbf3dd2a12b4210f1401677c480f3e9d603b96418eece6ce461d1f0479
Properties:
   Description: Apollo 11 lunar lander simulator
   License: GPL-3.0-only
   Maintainer: fabien.choutea@gmail.com
   Maintainers_Logins: Fabien-Chouteau
   Name: eagle_lander
   Project_File: eagle_lander.gpr
   Tag: simulator
   Tag: game
   Tag: gtk
   Version: 1.2.0
Dependencies (direct):
   gtkada^21
Dependencies (solution):
   gtkada=21.0.0
   libgtk3=3.24.41
   make=4.3.0
   pkg_config=1.8.1
Dependencies (graph):
   eagle_lander=1.2.0 --> gtkada=21.0.0 (^21) 
   gtkada=21.0.0      --> libgtk3=3.24.41 (^3)
   gtkada=21.0.0      --> make=4.3.0 (*)      
   gtkada=21.0.0      --> pkg_config=1.8.1 (*)


LOG:
Note: Deploying eagle_lander=1.2.0...
#=#=#                                                                          

######################################################################## 100.0%
Note: Deploying libgtk3=3.24.41...
The system package 'libgtk-3-dev' is about to be installed.
This action might require admin privileges and impact your system installation.
Do you want Alire to install this system package?
Using default: Yes
(Reading database ... 
(Reading database ... 5%
(Reading database ... 10%
(Reading database ... 15%
(Reading database ... 20%
(Reading database ... 25%
(Reading database ... 30%
(Reading database ... 35%
(Reading database ... 40%
(Reading database ... 45%
(Reading database ... 50%
(Reading database ... 55%
(Reading database ... 60%
(Reading database ... 65%
(Reading database ... 70%
(Reading database ... 75%
(Reading database ... 80%
(Reading database ... 85%
(Reading database ... 90%
(Reading database ... 95%
(Reading database ... 100%
(Reading database ... 219348 files and directories currently installed.)
Preparing to unpack .../000-libglib2.0-data_2.80.0-6ubuntu3.2_all.deb ...
Unpacking libglib2.0-data (2.80.0-6ubuntu3.2) over (2.80.0-6ubuntu3.1) ...
Preparing to unpack .../001-libglib2.0-bin_2.80.0-6ubuntu3.2_amd64.deb ...
Unpacking libglib2.0-bin (2.80.0-6ubuntu3.2) over (2.80.0-6ubuntu3.1) ...
Preparing to unpack .../002-gir1.2-glib-2.0_2.80.0-6ubuntu3.2_amd64.deb ...
Unpacking gir1.2-glib-2.0:amd64 (2.80.0-6ubuntu3.2) over (2.80.0-6ubuntu3.1) ...
Preparing to unpack .../003-libglib2.0-0t64_2.80.0-6ubuntu3.2_amd64.deb ...
Unpacking libglib2.0-0t64:amd64 (2.80.0-6ubuntu3.2) over (2.80.0-6ubuntu3.1) ...
Selecting previously unselected package bzip2-doc.
Preparing to unpack .../004-bzip2-doc_1.0.8-5.1build0.1_all.deb ...
Unpacking bzip2-doc (1.0.8-5.1build0.1) ...
Selecting previously unselected package gir1.2-atk-1.0:amd64.
Preparing to unpack .../005-gir1.2-atk-1.0_2.52.0-1build1_amd64.deb ...
Unpacking gir1.2-atk-1.0:amd64 (2.52.0-1build1) ...
Selecting previously unselected package gir1.2-freedesktop:amd64.
Preparing to unpack .../006-gir1.2-freedesktop_1.80.1-1_amd64.deb ...
Unpacking gir1.2-freedesktop:amd64 (1.80.1-1) ...
Selecting previously unselected package gir1.2-atspi-2.0:amd64.
Preparing to unpack .../007-gir1.2-atspi-2.0_2.52.0-1build1_amd64.deb ...
Unpacking gir1.2-atspi-2.0:amd64 (2.52.0-1build1) ...
Selecting previously unselected package gir1.2-glib-2.0-dev:amd64.
Preparing to unpack .../008-gir1.2-glib-2.0-dev_2.80.0-6ubuntu3.2_amd64.deb ...
Unpacking gir1.2-glib-2.0-dev:amd64 (2.80.0-6ubuntu3.2) ...
Selecting previously unselected package gir1.2-freedesktop-dev:amd64.
Preparing to unpack .../009-gir1.2-freedesktop-dev_1.80.1-1_amd64.deb ...
Unpacking gir1.2-freedesktop-dev:amd64 (1.80.1-1) ...
Selecting previously unselected package gir1.2-gdkpixbuf-2.0:amd64.
Preparing to unpack .../010-gir1.2-gdkpixbuf-2.0_2.42.10+dfsg-3ubuntu3.1_amd64.deb ...
Unpacking gir1.2-gdkpixbuf-2.0:amd64 (2.42.10+dfsg-3ubuntu3.1) ...
Selecting previously unselected package libharfbuzz-gobject0:amd64.
Preparing to unpack .../011-libharfbuzz-gobject0_8.3.0-2build2_amd64.deb ...
Unpacking libharfbuzz-gobject0:amd64 (8.3.0-2build2) ...
Selecting previously unselected package gir1.2-harfbuzz-0.0:amd64.
Preparing to unpack .../012-gir1.2-harfbuzz-0.0_8.3.0-2build2_amd64.deb ...
Unpacking gir1.2-harfbuzz-0.0:amd64 (8.3.0-2build2) ...
Selecting previously unselected package libpangoxft-1.0-0:amd64.
Preparing to unpack .../013-libpangoxft-1.0-0_1.52.1+ds-1build1_amd64.deb ...
Unpacking libpangoxft-1.0-0:amd64 (1.52.1+ds-1build1) ...
Selecting previously unselected package gir1.2-pango-1.0:amd64.
Preparing to unpack .../014-gir1.2-pango-1.0_1.52.1+ds-1build1_amd64.deb ...
Unpacking gir1.2-pango-1.0:amd64 (1.52.1+ds-1build1) ...
Selecting previously unselected package gir1.2-gtk-3.0:amd64.
Preparing to unpack .../015-gir1.2-gtk-3.0_3.24.41-4ubuntu1.2_amd64.deb ...
Unpacking gir1.2-gtk-3.0:amd64 (3.24.41-4ubuntu1.2) ...
Selecting previously unselected package libglib2.0-dev-bin.
Preparing to unpack .../016-libglib2.0-dev-bin_2.80.0-6ubuntu3.2_amd64.deb ...
Unpacking libglib2.0-dev-bin (2.80.0-6ubuntu3.2) ...
Selecting previously unselected package uuid-dev:amd64.
Preparing to unpack .../017-uuid-dev_2.39.3-9ubuntu6.1_amd64.deb ...
Unpacking uuid-dev:amd64 (2.39.3-9ubuntu6.1) ...
Selecting previously unselected package libblkid-dev:amd64.
Preparing to unpack .../018-libblkid-dev_2.39.3-9ubuntu6.1_amd64.deb ...
Unpacking libblkid-dev:amd64 (2.39.3-9ubuntu6.1) ...
Selecting previously unselected package libsepol-dev:amd64.
Preparing to unpack .../019-libsepol-dev_3.5-2build1_amd64.deb ...
Unpacking libsepol-dev:amd64 (3.5-2build1) ...
Selecting previously unselected package libselinux1-dev:amd64.
Preparing to unpack .../020-libselinux1-dev_3.5-2ubuntu2_amd64.deb ...
Unpacking libselinux1-dev:amd64 (3.5-2ubuntu2) ...
Selecting previously unselected package libmount-dev:amd64.
Preparing to unpack .../021-libmount-dev_2.39.3-9ubuntu6.1_amd64.deb ...
Unpacking libmount-dev:amd64 (2.39.3-9ubuntu6.1) ...
Selecting previously unselected package libgirepository-2.0-0:amd64.
Preparing to unpack .../022-libgirepository-2.0-0_2.80.0-6ubuntu3.2_amd64.deb ...
Unpacking libgirepository-2.0-0:amd64 (2.80.0-6ubuntu3.2) ...
Selecting previously unselected package libglib2.0-dev:amd64.
Preparing to unpack .../023-libglib2.0-dev_2.80.0-6ubuntu3.2_amd64.deb ...
Unpacking libglib2.0-dev:amd64 (2.80.0-6ubuntu3.2) ...
Selecting previously unselected package libatk1.0-dev:amd64.
Preparing to unpack .../024-libatk1.0-dev_2.52.0-1build1_amd64.deb ...
Unpacking libatk1.0-dev:amd64 (2.52.0-1build1) ...
Selecting previously unselected package libdbus-1-dev:amd64.
Preparing to unpack .../025-libdbus-1-dev_1.14.10-4ubuntu4.1_amd64.deb ...
Unpacking libdbus-1-dev:amd64 (1.14.10-4ubuntu4.1) ...
Selecting previously unselected package xorg-sgml-doctools.
Preparing to unpack .../026-xorg-sgml-doctools_1%3a1.11-1.1_all.deb ...
Unpacking xorg-sgml-doctools (1:1.11-1.1) ...
Selecting previously unselected package x11proto-dev.
Preparing to unpack .../027-x11proto-dev_2023.2-1_all.deb ...
Unpacking x11proto-dev (2023.2-1) ...
Selecting previously unselected package libxau-dev:amd64.
Preparing to unpack .../028-libxau-dev_1%3a1.0.9-1build6_amd64.deb ...
Unpacking libxau-dev:amd64 (1:1.0.9-1build6) ...
Selecting previously unselected package libxdmcp-dev:amd64.
Preparing to unpack .../029-libxdmcp-dev_1%3a1.1.3-0ubuntu6_amd64.deb ...
Unpacking libxdmcp-dev:amd64 (1:1.1.3-0ubuntu6) ...
Selecting previously unselected package xtrans-dev.
Preparing to unpack .../030-xtrans-dev_1.4.0-1_all.deb ...
Unpacking xtrans-dev (1.4.0-1) ...
Selecting previously unselected package libpthread-stubs0-dev:amd64.
Preparing to unpack .../031-libpthread-stubs0-dev_0.4-1build3_amd64.deb ...
Unpacking libpthread-stubs0-dev:amd64 (0.4-1build3) ...
Selecting previously unselected package libxcb1-dev:amd64.
Preparing to unpack .../032-libxcb1-dev_1.15-1ubuntu2_amd64.deb ...
Unpacking libxcb1-dev:amd64 (1.15-1ubuntu2) ...
Selecting previously unselected package libx11-dev:amd64.
Preparing to unpack .../033-libx11-dev_2%3a1.8.7-1build1_amd64.deb ...
Unpacking libx11-dev:amd64 (2:1.8.7-1build1) ...
Selecting previously unselected package libxext-dev:amd64.
Preparing to unpack .../034-libxext-dev_2%3a1.3.4-1build2_amd64.deb ...
Unpacking libxext-dev:amd64 (2:1.3.4-1build2) ...
Selecting previously unselected package libxfixes-dev:amd64.
Preparing to unpack .../035-libxfixes-dev_1%3a6.0.0-2build1_amd64.deb ...
Unpacking libxfixes-dev:amd64 (1:6.0.0-2build1) ...
Selecting previously unselected package libxi-dev:amd64.
Preparing to unpack .../036-libxi-dev_2%3a1.8.1-1build1_amd64.deb ...
Unpacking libxi-dev:amd64 (2:1.8.1-1build1) ...
Selecting previously unselected package libxtst-dev:amd64.
Preparing to unpack .../037-libxtst-dev_2%3a1.2.3-1.1build1_amd64.deb ...
Unpacking libxtst-dev:amd64 (2:1.2.3-1.1build1) ...
Selecting previously unselected package libatspi2.0-dev:amd64.
Preparing to unpack .../038-libatspi2.0-dev_2.52.0-1build1_amd64.deb ...
Unpacking libatspi2.0-dev:amd64 (2.52.0-1build1) ...
Selecting previously unselected package libatk-bridge2.0-dev:amd64.
Preparing to unpack .../039-libatk-bridge2.0-dev_2.52.0-1build1_amd64.deb ...
Unpacking libatk-bridge2.0-dev:amd64 (2.52.0-1build1) ...
Selecting previously unselected package libbrotli-dev:amd64.
Preparing to unpack .../040-libbrotli-dev_1.1.0-2build2_amd64.deb ...
Unpacking libbrotli-dev:amd64 (1.1.0-2build2) ...
Selecting previously unselected package libbz2-dev:amd64.
Preparing to unpack .../041-libbz2-dev_1.0.8-5.1build0.1_amd64.deb ...
Unpacking libbz2-dev:amd64 (1.0.8-5.1build0.1) ...
Selecting previously unselected package libcairo-script-interpreter2:amd64.
Preparing to unpack .../042-libcairo-script-interpreter2_1.18.0-3build1_amd64.deb ...
Unpacking libcairo-script-interpreter2:amd64 (1.18.0-3build1) ...
Selecting previously unselected package libpng-dev:amd64.
Preparing to unpack .../043-libpng-dev_1.6.43-5build1_amd64.deb ...
Unpacking libpng-dev:amd64 (1.6.43-5build1) ...
Selecting previously unselected package libfreetype-dev:amd64.
Preparing to unpack .../044-libfreetype-dev_2.13.2+dfsg-1build3_amd64.deb ...
Unpacking libfreetype-dev:amd64 (2.13.2+dfsg-1build3) ...
Selecting previously unselected package libfontconfig-dev:amd64.
Preparing to unpack .../045-libfontconfig-dev_2.15.0-1.1ubuntu2_amd64.deb ...
Unpacking libfontconfig-dev:amd64 (2.15.0-1.1ubuntu2) ...
Selecting previously unselected package libpixman-1-dev:amd64.
Preparing to unpack .../046-libpixman-1-dev_0.42.2-1build1_amd64.deb ...
Unpacking libpixman-1-dev:amd64 (0.42.2-1build1) ...
Selecting previously unselected package libice-dev:amd64.
Preparing to unpack .../047-libice-dev_2%3a1.0.10-1build3_amd64.deb ...
Unpacking libice-dev:amd64 (2:1.0.10-1build3) ...
Selecting previously unselected package libsm-dev:amd64.
Preparing to unpack .../048-libsm-dev_2%3a1.2.3-1build3_amd64.deb ...
Unpacking libsm-dev:amd64 (2:1.2.3-1build3) ...
Selecting previously unselected package libxcb-render0-dev:amd64.
Preparing to unpack .../049-libxcb-render0-dev_1.15-1ubuntu2_amd64.deb ...
Unpacking libxcb-render0-dev:amd64 (1.15-1ubuntu2) ...
Selecting previously unselected package libxcb-shm0-dev:amd64.
Preparing to unpack .../050-libxcb-shm0-dev_1.15-1ubuntu2_amd64.deb ...
Unpacking libxcb-shm0-dev:amd64 (1.15-1ubuntu2) ...
Selecting previously unselected package libxrender-dev:amd64.
Preparing to unpack .../051-libxrender-dev_1%3a0.9.10-1.1build1_amd64.deb ...
Unpacking libxrender-dev:amd64 (1:0.9.10-1.1build1) ...
Selecting previously unselected package libcairo2-dev:amd64.
Preparing to unpack .../052-libcairo2-dev_1.18.0-3build1_amd64.deb ...
Unpacking libcairo2-dev:amd64 (1.18.0-3build1) ...
Selecting previously unselected package libdatrie-dev:amd64.
Preparing to unpack .../053-libdatrie-dev_0.2.13-3build1_amd64.deb ...
Unpacking libdatrie-dev:amd64 (0.2.13-3build1) ...
Selecting previously unselected package libdeflate-dev:amd64.
Preparing to unpack .../054-libdeflate-dev_1.19-1build1.1_amd64.deb ...
Unpacking libdeflate-dev:amd64 (1.19-1build1.1) ...
Preparing to unpack .../055-libgbm1_24.0.9-0ubuntu0.3_amd64.deb ...
Unpacking libgbm1:amd64 (24.0.9-0ubuntu0.3) over (24.0.9-0ubuntu0.2) ...
Preparing to unpack .../056-libgl1-mesa-dri_24.0.9-0ubuntu0.3_amd64.deb ...
Unpacking libgl1-mesa-dri:amd64 (24.0.9-0ubuntu0.3) over (24.0.9-0ubuntu0.2) ...
Preparing to unpack .../057-libglx-mesa0_24.0.9-0ubuntu0.3_amd64.deb ...
Unpacking libglx-mesa0:amd64 (24.0.9-0ubuntu0.3) over (24.0.9-0ubuntu0.2) ...
Preparing to unpack .../058-libglapi-mesa_24.0.9-0ubuntu0.3_amd64.deb ...
Unpacking libglapi-mesa:amd64 (24.0.9-0ubuntu0.3) over (24.0.9-0ubuntu0.2) ...
Selecting previously unselected package libegl-mesa0:amd64.
Preparing to unpack .../059-libegl-mesa0_24.0.9-0ubuntu0.3_amd64.deb ...
Unpacking libegl-mesa0:amd64 (24.0.9-0ubuntu0.3) ...
Selecting previously unselected package libegl1:amd64.
Preparing to unpack .../060-libegl1_1.7.0-1build1_amd64.deb ...
Unpacking libegl1:amd64 (1.7.0-1build1) ...
Selecting previously unselected package libglx-dev:amd64.
Preparing to unpack .../061-libglx-dev_1.7.0-1build1_amd64.deb ...
Unpacking libglx-dev:amd64 (1.7.0-1build1) ...
Selecting previously unselected package libgl-dev:amd64.
Preparing to unpack .../062-libgl-dev_1.7.0-1build1_amd64.deb ...
Unpacking libgl-dev:amd64 (1.7.0-1build1) ...
Selecting previously unselected package libegl-dev:amd64.
Preparing to unpack .../063-libegl-dev_1.7.0-1build1_amd64.deb ...
Unpacking libegl-dev:amd64 (1.7.0-1build1) ...
Selecting previously unselected package libglvnd-core-dev:amd64.
Preparing to unpack .../064-libglvnd-core-dev_1.7.0-1build1_amd64.deb ...
Unpacking libglvnd-core-dev:amd64 (1.7.0-1build1) ...
Selecting previously unselected package libgles1:amd64.
Preparing to unpack .../065-libgles1_1.7.0-1build1_amd64.deb ...
Unpacking libgles1:amd64 (1.7.0-1build1) ...
Selecting previously unselected package libgles2:amd64.
Preparing to unpack .../066-libgles2_1.7.0-1build1_amd64.deb ...
Unpacking libgles2:amd64 (1.7.0-1build1) ...
Selecting previously unselected package libgles-dev:amd64.
Preparing to unpack .../067-libgles-dev_1.7.0-1build1_amd64.deb ...
Unpacking libgles-dev:amd64 (1.7.0-1build1) ...
Selecting previously unselected package libopengl0:amd64.
Preparing to unpack .../068-libopengl0_1.7.0-1build1_amd64.deb ...
Unpacking libopengl0:amd64 (1.7.0-1build1) ...
Selecting previously unselected package libopengl-dev:amd64.
Preparing to unpack .../069-libopengl-dev_1.7.0-1build1_amd64.deb ...
Unpacking libopengl-dev:amd64 (1.7.0-1build1) ...
Selecting previously unselected package libglvnd-dev:amd64.
Preparing to unpack .../070-libglvnd-dev_1.7.0-1build1_amd64.deb ...
Unpacking libglvnd-dev:amd64 (1.7.0-1build1) ...
Selecting previously unselected package libegl1-mesa-dev:amd64.
Preparing to unpack .../071-libegl1-mesa-dev_24.0.9-0ubuntu0.3_amd64.deb ...
Unpacking libegl1-mesa-dev:amd64 (24.0.9-0ubuntu0.3) ...
Selecting previously unselected package libepoxy-dev:amd64.
Preparing to unpack .../072-libepoxy-dev_1.5.10-1build1_amd64.deb ...
Unpacking libepoxy-dev:amd64 (1.5.10-1build1) ...
Selecting previously unselected package libfribidi-dev:amd64.
Preparing to unpack .../073-libfribidi-dev_1.0.13-3build1_amd64.deb ...
Unpacking libfribidi-dev:amd64 (1.0.13-3build1) ...
Selecting previously unselected package libgdk-pixbuf2.0-bin.
Preparing to unpack .../074-libgdk-pixbuf2.0-bin_2.42.10+dfsg-3ubuntu3.1_amd64.deb ...
Unpacking libgdk-pixbuf2.0-bin (2.42.10+dfsg-3ubuntu3.1) ...
Selecting previously unselected package libjpeg-turbo8-dev:amd64.
Preparing to unpack .../075-libjpeg-turbo8-dev_2.1.5-2ubuntu2_amd64.deb ...
Unpacking libjpeg-turbo8-dev:amd64 (2.1.5-2ubuntu2) ...
Selecting previously unselected package libjpeg8-dev:amd64.
Preparing to unpack .../076-libjpeg8-dev_8c-2ubuntu11_amd64.deb ...
Unpacking libjpeg8-dev:amd64 (8c-2ubuntu11) ...
Selecting previously unselected package libjpeg-dev:amd64.
Preparing to unpack .../077-libjpeg-dev_8c-2ubuntu11_amd64.deb ...
Unpacking libjpeg-dev:amd64 (8c-2ubuntu11) ...
Selecting previously unselected package libjbig-dev:amd64.
Preparing to unpack .../078-libjbig-dev_2.1-6.1ubuntu2_amd64.deb ...
Unpacking libjbig-dev:amd64 (2.1-6.1ubuntu2) ...
Selecting previously unselected package liblzma-dev:amd64.
Preparing to unpack .../079-liblzma-dev_5.6.1+really5.4.5-1build0.1_amd64.deb ...
Unpacking liblzma-dev:amd64 (5.6.1+really5.4.5-1build0.1) ...
Selecting previously unselected package libwebpdecoder3:amd64.
Preparing to unpack .../080-libwebpdecoder3_1.3.2-0.4build3_amd64.deb ...
Unpacking libwebpdecoder3:amd64 (1.3.2-0.4build3) ...
Selecting previously unselected package libsharpyuv-dev:amd64.
Preparing to unpack .../081-libsharpyuv-dev_1.3.2-0.4build3_amd64.deb ...
Unpacking libsharpyuv-dev:amd64 (1.3.2-0.4build3) ...
Selecting previously unselected package libwebp-dev:amd64.
Preparing to unpack .../082-libwebp-dev_1.3.2-0.4build3_amd64.deb ...
Unpacking libwebp-dev:amd64 (1.3.2-0.4build3) ...
Selecting previously unselected package libtiffxx6:amd64.
Preparing to unpack .../083-libtiffxx6_4.5.1+git230720-4ubuntu2.2_amd64.deb ...
Unpacking libtiffxx6:amd64 (4.5.1+git230720-4ubuntu2.2) ...
Selecting previously unselected package liblerc-dev:amd64.
Preparing to unpack .../084-liblerc-dev_4.0.0+ds-4ubuntu2_amd64.deb ...
Unpacking liblerc-dev:amd64 (4.0.0+ds-4ubuntu2) ...
Selecting previously unselected package libtiff-dev:amd64.
Preparing to unpack .../085-libtiff-dev_4.5.1+git230720-4ubuntu2.2_amd64.deb ...
Unpacking libtiff-dev:amd64 (4.5.1+git230720-4ubuntu2.2) ...
Selecting previously unselected package libgdk-pixbuf-2.0-dev:amd64.
Preparing to unpack .../086-libgdk-pixbuf-2.0-dev_2.42.10+dfsg-3ubuntu3.1_amd64.deb ...
Unpacking libgdk-pixbuf-2.0-dev:amd64 (2.42.10+dfsg-3ubuntu3.1) ...
Selecting previously unselected package libgraphite2-dev:amd64.
Preparing to unpack .../087-libgraphite2-dev_1.3.14-2build1_amd64.deb ...
Unpacking libgraphite2-dev:amd64 (1.3.14-2build1) ...
Selecting previously unselected package libharfbuzz-icu0:amd64.
Preparing to unpack .../088-libharfbuzz-icu0_8.3.0-2build2_amd64.deb ...
Unpacking libharfbuzz-icu0:amd64 (8.3.0-2build2) ...
Selecting previously unselected package libharfbuzz-subset0:amd64.
Preparing to unpack .../089-libharfbuzz-subset0_8.3.0-2build2_amd64.deb ...
Unpacking libharfbuzz-subset0:amd64 (8.3.0-2build2) ...
Selecting previously unselected package libharfbuzz-cairo0:amd64.
Preparing to unpack .../090-libharfbuzz-cairo0_8.3.0-2build2_amd64.deb ...
Unpacking libharfbuzz-cairo0:amd64 (8.3.0-2build2) ...
Selecting previously unselected package libharfbuzz-dev:amd64.
Preparing to unpack .../091-libharfbuzz-dev_8.3.0-2build2_amd64.deb ...
Unpacking libharfbuzz-dev:amd64 (8.3.0-2build2) ...
Selecting previously unselected package libthai-dev:amd64.
Preparing to unpack .../092-libthai-dev_0.1.29-2build1_amd64.deb ...
Unpacking libthai-dev:amd64 (0.1.29-2build1) ...
Selecting previously unselected package libxft-dev:amd64.
Preparing to unpack .../093-libxft-dev_2.3.6-1build1_amd64.deb ...
Unpacking libxft-dev:amd64 (2.3.6-1build1) ...
Selecting previously unselected package pango1.0-tools.
Preparing to unpack .../094-pango1.0-tools_1.52.1+ds-1build1_amd64.deb ...
Unpacking pango1.0-tools (1.52.1+ds-1build1) ...
Selecting previously unselected package libpango1.0-dev:amd64.
Preparing to unpack .../095-libpango1.0-dev_1.52.1+ds-1build1_amd64.deb ...
Unpacking libpango1.0-dev:amd64 (1.52.1+ds-1build1) ...
Selecting previously unselected package libxcomposite-dev:amd64.
Preparing to unpack .../096-libxcomposite-dev_1%3a0.4.5-1build3_amd64.deb ...
Unpacking libxcomposite-dev:amd64 (1:0.4.5-1build3) ...
Selecting previously unselected package libxcursor-dev:amd64.
Preparing to unpack .../097-libxcursor-dev_1%3a1.2.1-1build1_amd64.deb ...
Unpacking libxcursor-dev:amd64 (1:1.2.1-1build1) ...
Selecting previously unselected package libxdamage-dev:amd64.
Preparing to unpack .../098-libxdamage-dev_1%3a1.1.6-1build1_amd64.deb ...
Unpacking libxdamage-dev:amd64 (1:1.1.6-1build1) ...
Selecting previously unselected package libxinerama-dev:amd64.
Preparing to unpack .../099-libxinerama-dev_2%3a1.1.4-3build1_amd64.deb ...
Unpacking libxinerama-dev:amd64 (2:1.1.4-3build1) ...
Selecting previously unselected package libxkbcommon-dev:amd64.
Preparing to unpack .../100-libxkbcommon-dev_1.6.0-1build1_amd64.deb ...
Unpacking libxkbcommon-dev:amd64 (1.6.0-1build1) ...
Selecting previously unselected package libxrandr-dev:amd64.
Preparing to unpack .../101-libxrandr-dev_2%3a1.5.2-2build1_amd64.deb ...
Unpacking libxrandr-dev:amd64 (2:1.5.2-2build1) ...
Selecting previously unselected package wayland-protocols.
Preparing to unpack .../102-wayland-protocols_1.34-1_all.deb ...
Unpacking wayland-protocols (1.34-1) ...
Selecting previously unselected package libgtk-3-dev:amd64.
Preparing to unpack .../103-libgtk-3-dev_3.24.41-4ubuntu1.2_amd64.deb ...
Unpacking libgtk-3-dev:amd64 (3.24.41-4ubuntu1.2) ...
Selecting previously unselected package libpng-tools.
Preparing to unpack .../104-libpng-tools_1.6.43-5build1_amd64.deb ...
Unpacking libpng-tools (1.6.43-5build1) ...
Setting up libcairo-script-interpreter2:amd64 (1.18.0-3build1) ...
Setting up bzip2-doc (1.0.8-5.1build0.1) ...
Setting up libjpeg-turbo8-dev:amd64 (2.1.5-2ubuntu2) ...
Setting up libharfbuzz-icu0:amd64 (8.3.0-2build2) ...
Setting up libpixman-1-dev:amd64 (0.42.2-1build1) ...
Setting up libglvnd-core-dev:amd64 (1.7.0-1build1) ...
Setting up libgbm1:amd64 (24.0.9-0ubuntu0.3) ...
Setting up libpng-tools (1.6.43-5build1) ...
Setting up libfribidi-dev:amd64 (1.0.13-3build1) ...
Setting up libxkbcommon-dev:amd64 (1.6.0-1build1) ...
Setting up libpng-dev:amd64 (1.6.43-5build1) ...
Setting up libjbig-dev:amd64 (2.1-6.1ubuntu2) ...
Setting up libwebpdecoder3:amd64 (1.3.2-0.4build3) ...
Setting up libpthread-stubs0-dev:amd64 (0.4-1build3) ...
Setting up libopengl0:amd64 (1.7.0-1build1) ...
Setting up xtrans-dev (1.4.0-1) ...
Setting up libgraphite2-dev:amd64 (1.3.14-2build1) ...
Setting up libglib2.0-0t64:amd64 (2.80.0-6ubuntu3.2) ...
Setting up libglib2.0-data (2.80.0-6ubuntu3.2) ...
Setting up libgles2:amd64 (1.7.0-1build1) ...
Setting up libharfbuzz-cairo0:amd64 (8.3.0-2build2) ...
Setting up libdbus-1-dev:amd64 (1.14.10-4ubuntu4.1) ...
Setting up uuid-dev:amd64 (2.39.3-9ubuntu6.1) ...
Setting up libgles1:amd64 (1.7.0-1build1) ...
Setting up libsepol-dev:amd64 (3.5-2build1) ...
Setting up gir1.2-glib-2.0:amd64 (2.80.0-6ubuntu3.2) ...
Setting up liblerc-dev:amd64 (4.0.0+ds-4ubuntu2) ...
Setting up libglapi-mesa:amd64 (24.0.9-0ubuntu0.3) ...
Setting up liblzma-dev:amd64 (5.6.1+really5.4.5-1build0.1) ...
Setting up wayland-protocols (1.34-1) ...
Setting up libdatrie-dev:amd64 (0.2.13-3build1) ...
Setting up gir1.2-glib-2.0-dev:amd64 (2.80.0-6ubuntu3.2) ...
Setting up libgdk-pixbuf2.0-bin (2.42.10+dfsg-3ubuntu3.1) ...
Setting up libharfbuzz-subset0:amd64 (8.3.0-2build2) ...
Setting up xorg-sgml-doctools (1:1.11-1.1) ...
Setting up libopengl-dev:amd64 (1.7.0-1build1) ...
Setting up libjpeg8-dev:amd64 (8c-2ubuntu11) ...
Setting up libsharpyuv-dev:amd64 (1.3.2-0.4build3) ...
Setting up libtiffxx6:amd64 (4.5.1+git230720-4ubuntu2.2) ...
Setting up libdeflate-dev:amd64 (1.19-1build1.1) ...
Setting up libbrotli-dev:amd64 (1.1.0-2build2) ...
Setting up libbz2-dev:amd64 (1.0.8-5.1build0.1) ...
Setting up libglib2.0-dev-bin (2.80.0-6ubuntu3.2) ...
Setting up libblkid-dev:amd64 (2.39.3-9ubuntu6.1) ...
Setting up gir1.2-freedesktop:amd64 (1.80.1-1) ...
Setting up libpangoxft-1.0-0:amd64 (1.52.1+ds-1build1) ...
Setting up gir1.2-gdkpixbuf-2.0:amd64 (2.42.10+dfsg-3ubuntu3.1) ...
Setting up libgirepository-2.0-0:amd64 (2.80.0-6ubuntu3.2) ...
Setting up gir1.2-atk-1.0:amd64 (2.52.0-1build1) ...
Setting up libselinux1-dev:amd64 (3.5-2ubuntu2) ...
Setting up libgl1-mesa-dri:amd64 (24.0.9-0ubuntu0.3) ...
Setting up pango1.0-tools (1.52.1+ds-1build1) ...
Setting up libjpeg-dev:amd64 (8c-2ubuntu11) ...
Setting up libglib2.0-bin (2.80.0-6ubuntu3.2) ...
Setting up libharfbuzz-gobject0:amd64 (8.3.0-2build2) ...
Setting up gir1.2-atspi-2.0:amd64 (2.52.0-1build1) ...
Setting up gir1.2-harfbuzz-0.0:amd64 (8.3.0-2build2) ...
Setting up libfreetype-dev:amd64 (2.13.2+dfsg-1build3) ...
Setting up gir1.2-pango-1.0:amd64 (1.52.1+ds-1build1) ...
Setting up libegl-mesa0:amd64 (24.0.9-0ubuntu0.3) ...
Setting up libwebp-dev:amd64 (1.3.2-0.4build3) ...
Setting up libtiff-dev:amd64 (4.5.1+git230720-4ubuntu2.2) ...
Setting up gir1.2-freedesktop-dev:amd64 (1.80.1-1) ...
Setting up libthai-dev:amd64 (0.1.29-2build1) ...
Setting up libegl1:amd64 (1.7.0-1build1) ...
Setting up libmount-dev:amd64 (2.39.3-9ubuntu6.1) ...
Setting up libglx-mesa0:amd64 (24.0.9-0ubuntu0.3) ...
Setting up libfontconfig-dev:amd64 (2.15.0-1.1ubuntu2) ...
Setting up gir1.2-gtk-3.0:amd64 (3.24.41-4ubuntu1.2) ...
Setting up libglib2.0-dev:amd64 (2.80.0-6ubuntu3.2) ...
Setting up libatk1.0-dev:amd64 (2.52.0-1build1) ...
Setting up libgdk-pixbuf-2.0-dev:amd64 (2.42.10+dfsg-3ubuntu3.1) ...
Setting up libharfbuzz-dev:amd64 (8.3.0-2build2) ...
Processing triggers for libc-bin (2.39-0ubuntu8.3) ...
Processing triggers for man-db (2.12.0-4build2) ...
Processing triggers for sgml-base (1.31) ...
Processing triggers for install-info (7.1-3build2) ...
Setting up x11proto-dev (2023.2-1) ...
Setting up libxau-dev:amd64 (1:1.0.9-1build6) ...
Setting up libice-dev:amd64 (2:1.0.10-1build3) ...
Setting up libsm-dev:amd64 (2:1.2.3-1build3) ...
Setting up libxdmcp-dev:amd64 (1:1.1.3-0ubuntu6) ...
Setting up libxcb1-dev:amd64 (1.15-1ubuntu2) ...
Setting up libx11-dev:amd64 (2:1.8.7-1build1) ...
Setting up libxfixes-dev:amd64 (1:6.0.0-2build1) ...
Setting up libxcb-shm0-dev:amd64 (1.15-1ubuntu2) ...
Setting up libxcb-render0-dev:amd64 (1.15-1ubuntu2) ...
Setting up libxext-dev:amd64 (2:1.3.4-1build2) ...
Setting up libglx-dev:amd64 (1.7.0-1build1) ...
Setting up libxi-dev:amd64 (2:1.8.1-1build1) ...
Setting up libxrender-dev:amd64 (1:0.9.10-1.1build1) ...
Setting up libgl-dev:amd64 (1.7.0-1build1) ...
Setting up libxft-dev:amd64 (2.3.6-1build1) ...
Setting up libxtst-dev:amd64 (2:1.2.3-1.1build1) ...
Setting up libxdamage-dev:amd64 (1:1.1.6-1build1) ...
Setting up libatspi2.0-dev:amd64 (2.52.0-1build1) ...
Setting up libegl-dev:amd64 (1.7.0-1build1) ...
Setting up libxcomposite-dev:amd64 (1:0.4.5-1build3) ...
Setting up libxcursor-dev:amd64 (1:1.2.1-1build1) ...
Setting up libepoxy-dev:amd64 (1.5.10-1build1) ...
Setting up libatk-bridge2.0-dev:amd64 (2.52.0-1build1) ...
Setting up libxrandr-dev:amd64 (2:1.5.2-2build1) ...
Setting up libxinerama-dev:amd64 (2:1.1.4-3build1) ...
Setting up libcairo2-dev:amd64 (1.18.0-3build1) ...
Setting up libgles-dev:amd64 (1.7.0-1build1) ...
Setting up libglvnd-dev:amd64 (1.7.0-1build1) ...
Setting up libpango1.0-dev:amd64 (1.52.1+ds-1build1) ...
Setting up libegl1-mesa-dev:amd64 (24.0.9-0ubuntu0.3) ...
Setting up libgtk-3-dev:amd64 (3.24.41-4ubuntu1.2) ...

Running kernel seems to be up-to-date.

Restarting services...
 systemctl restart packagekit.service php8.3-fpm.service polkit.service udisks2.service

Service restarts being deferred:
 systemctl restart ModemManager.service
 systemctl restart networkd-dispatcher.service
 systemctl restart runner-provisioner.service

No containers need to be restarted.

No user sessions are running outdated binaries.

No VM guests are running outdated hypervisor (qemu) binaries on this host.
Note: Deploying make=4.3.0...
Note: Deploying pkg_config=1.8.1...
Note: Deploying gtkada=21.0.0...
#=#=#                                                                          
##O#-#                                                                         
##=O#- #                                                                       
# #=O#- #                                                                      
 # #=O#-  #                                                                    
  # #=O=#   #                                                                  
   # #=O=#   #                                                                 
    # -#O=-#   #                                                               
Note: Running post_fetch actions for gtkada=21.0.0...
checking build system type... x86_64-unknown-linux-gnu
checking host system type... x86_64-unknown-linux-gnu
checking target system type... x86_64-unknown-linux-gnu
checking for gcc... gcc
checking whether the C compiler works... yes
checking for C compiler default output file name... a.out
checking for suffix of executables... 
checking whether we are cross compiling... no
checking for suffix of object files... o
checking whether we are using the GNU C compiler... yes
checking whether gcc accepts -g... yes
checking for gcc option to accept ISO C89... none needed
checking for gprbuild... /home/runner/.config/alire/cache/dependencies/gprbuild_22.0.1_24dfc1b5/bin/gprbuild
checking for gprinstall... /home/runner/.config/alire/cache/dependencies/gprbuild_22.0.1_24dfc1b5/bin/gprinstall
checking that your gnat compiler works with a simple example... yes
checking whether NLS is requested... yes
checking for gettext in libc... yes
checking for pkg-config... /usr/bin/pkg-config
checking for GTK - version >= 3.14.0... yes
configure: creating ./config.status
config.status: creating Makefile
config.status: creating shared.gpr
config.status: creating po/Makefile
config.status: creating docs/gtkada_rm/html/static/index.html
configure: --------- Summary for Gtkada 18.0w -----------------
configure:   Shared libraries:       yes (default: static)
configure:   OpenGL:                 False
configure: --------------------------------------------
gnatprep -DGETTEXT_INTL=False -DHAVE_GETTEXT=True src/gtkada-intl.gpb src/gtkada-intl.adb
====== Building static libraries =====
/home/runner/.config/alire/cache/dependencies/gprbuild_22.0.1_24dfc1b5/bin/gprbuild  -j0 -m -p  -XLIBRARY_TYPE=static -Psrc/gtkada.gpr
Setup
   [mkdir]        object directory for project GtkAda
   [mkdir]        library directory for project GtkAda
Compile
   [Ada]          gdk-dnd.adb
   [Ada]          gdk-pixbuf.adb
   [Ada]          gdk-input.ads
   [Ada]          glib-error.adb
   [Ada]          glib-generic_properties.adb
   [Ada]          gtkada-handlers.ads
   [Ada]          gdk-types-keysyms.ads
gdk-dnd.adb:28:06: warning: unnecessary with of ancestor [-gnatwr]
   [Ada]          gtkada-file_selection.adb
   [Ada]          gtkada-builder.adb
   [Ada]          glib-messages.adb
   [Ada]          gtk-type_conversion.adb
   [Ada]          cairo-surface.adb
   [Ada]          gtkada-canvas_view-views.adb
   [Ada]          gdk-keyval.adb
   [Ada]          gtkada-c.adb
   [Ada]          glib-gnodes.adb
   [Ada]          gtk-rc.adb
   [Ada]          glib-values.adb
   [Ada]          gtk-handlers.adb
   [Ada]          gtkada-dialogs.adb
   [Ada]          gtkada-types.adb
   [Ada]          gdk-threads.ads
   [Ada]          gtkada-canvas_view.adb
   [Ada]          glib-unicode.adb
   [Ada]          gdk-cairo.adb
   [Ada]          gdk-property.adb
   [Ada]          gtk.ads
   [Ada]          gtkada-canvas_view-models.adb
   [Ada]          cairo-svg.adb
   [Ada]          glib-enums.ads
   [Ada]          cairo-font_options.adb
   [Ada]          gtkada-canvas.adb
   [Ada]          pango.ads
   [Ada]          glib-xml.adb
glib-xml.adb:662:28: warning: pragma Unreferenced given for "Success" [enabled by default]
   [Ada]          gtkada-canvas_view-models-layers.adb
   [Ada]          gtkada-multiline_entry.adb
   [Ada]          glib-object.adb
glib-object.adb:322:33: warning: pragma Unreferenced given for "Ignored" [enabled by default]
   [Ada]          glib-graphs.adb
   [Ada]          gdk-types.ads
   [Ada]          glib-gslist.adb
   [Ada]          gtk-dnd.adb
   [Ada]          gtkada-pixmaps.ads
   [Ada]          gtkada-intl.adb
   [Ada]          glib-types.adb
   [Ada]          gtk-tree_model-utils.adb
   [Ada]          gdk-visual.adb
   [Ada]          cairo-png.adb
   [Ada]          gtk-arguments.adb
   [Ada]          glib-main.adb
   [Ada]          gtkada.ads
   [Ada]          cairo-region.adb
   [Ada]          gtkada-multi_paned.adb
   [Ada]          gtk-marshallers.adb
   [Ada]          glib-module.adb
   [Ada]          glib-properties-creation.adb
   [Ada]          gdk-color.adb
   [Ada]          gtkada-canvas_view-rtrees.adb
   [Ada]          gtkada-bindings.adb
   [Ada]          pango-cairo.adb
   [Ada]          gtkada-canvas_view-astar.adb
   [Ada]          glib-type_conversion_hooks.adb
   [Ada]          gtkada-application.adb
   [Ada]          cairo-font_face.ads
   [Ada]          gtkada-canvas_view-objects.adb
   [Ada]          cairo-image_surface.adb
   [Ada]          gtkada-abstract_list_model.adb
   [Ada]          glib-key_file.adb
   [Ada]          cairo-pdf.adb
   [Ada]          cairo-pattern.ads
   [Ada]          glib-properties.adb
   [Ada]          cairo-matrix.ads
   [Ada]          gdk-display_manager.adb
   [Ada]          gdk-window_attr.adb
   [Ada]          glib-graphs-layouts.adb
   [Ada]          glib-convert.adb
   [Ada]          cairo-scaled_font.ads
   [Ada]          glib-xml_int.ads
   [Ada]          gtkada-mdi.adb
   [Ada]          gtk-text_child.adb
   [Ada]          fontconfig.adb
   [Ada]          gdk-rectangle.adb
   [Ada]          gtkada-printing.adb
   [Ada]          gdk-main.adb
   [Ada]          cairo.adb
   [Ada]          glib.adb
   [Ada]          gtkada-style.adb
gtk-text_child.ads:32:06: warning: unnecessary with of ancestor [-gnatwr]
   [Ada]          gtkada-abstract_tree_model.adb
   [Ada]          gtkada-canvas_view-links.adb
   [Ada]          gtk-bindings.adb
   [Ada]          glib-glist.adb
   [Ada]          gdk.ads
   [Ada]          gtk-binding_set.adb
   [Ada]          gtk-color_chooser.adb
   [Ada]          gtk-tool_button.adb
   [Ada]          gtk-style_provider.adb
   [Ada]          gtk-recent_chooser_widget.adb
   [Ada]          gtk-css_section.adb
   [Ada]          pango-font_metrics.adb
   [Ada]          gtk-builder.adb
   [Ada]          gtk-enums.adb
   [Ada]          pango-language.adb
   [Ada]          gtk-text_tag_table.adb
   [Ada]          gtk-orientable.adb
   [Ada]          gtk-gesture.adb
gtk-enums.adb:38:04: warning: possible aliasing problem for type "Chars_Ptr" [enabled by default]
gtk-enums.adb:38:04: warning: use -fno-strict-aliasing switch for references [enabled by default]
gtk-enums.adb:38:04: warning: or use "pragma No_Strict_Aliasing (Chars_Ptr);" [enabled by default]
   [Ada]          gtk-tree_view_column.adb
   [Ada]          gtk-color_selection.adb
   [Ada]          gtk-actionable.adb
   [Ada]          glib-action_map.adb
glib-action_map.ads:38:06: warning: unnecessary with of ancestor [-gnatwr]
   [Ada]          gtk-volume_button.adb
   [Ada]          gtk-gesture_long_press.adb
   [Ada]          gtk-tool_palette.adb
   [Ada]          gtk-toggle_button.adb
   [Ada]          gtk-gesture_zoom.adb
   [Ada]          gtk-tree_sortable.adb
   [Ada]          gtk-recent_chooser_dialog.adb
   [Ada]          gtk-accel_group.adb
   [Ada]          gtk-print_context.adb
   [Ada]          gdk-frame_clock.adb
   [Ada]          glib-iochannel.adb
   [Ada]          gtk-scrollable.adb
glib-iochannel.ads:33:06: warning: unnecessary with of ancestor [-gnatwr]
   [Ada]          gtk-settings.adb
   [Ada]          pango-attributes.adb
   [Ada]          gtk-scrollbar.adb
   [Ada]          gtk-tool_item.adb
   [Ada]          glib-utils.adb
   [Ada]          gtk-gesture_drag.adb
   [Ada]          gtk-css_provider.adb
   [Ada]          gtk-clipboard.adb
   [Ada]          gtk-gesture_rotate.adb
   [Ada]          gtk-activatable.adb
   [Ada]          gtk-cell_renderer_progress.adb
   [Ada]          gtk-symbolic_color.adb
   [Ada]          gtk-radio_tool_button.adb
   [Ada]          glib-notification.adb
   [Ada]          gtk-separator_menu_item.adb
   [Ada]          gtk-menu_bar.adb
glib-notification.ads:49:06: warning: unnecessary with of ancestor [-gnatwr]
   [Ada]          gtk-toggle_action.adb
   [Ada]          gtk-frame.adb
   [Ada]          gdk-drag_contexts.adb
gdk-drag_contexts.ads:26:06: warning: unnecessary with of ancestor [-gnatwr]
   [Ada]          gtk-cell_renderer_toggle.adb
   [Ada]          gtk-cell_renderer_spinner.adb
   [Ada]          gtk-table.adb
   [Ada]          gtk-tree_drag_source.adb
   [Ada]          gtk-cell_area_context.adb
   [Ada]          gtk-handle_box.adb
   [Ada]          gtk-tree_drag_dest.adb
   [Ada]          gtk-misc.adb
   [Ada]          gtk-button.adb
   [Ada]          gtk-icon_view.adb
   [Ada]          gtk-text_attributes.adb
   [Ada]          gtk-combo_box.adb
   [Ada]          gtk-file_chooser_button.adb
   [Ada]          gtk-label.adb
   [Ada]          gtk-theming_engine.adb
   [Ada]          gtk-file_chooser_widget.adb
   [Ada]          gtk-ui_manager.adb
   [Ada]          glib-poll.adb
glib-poll.ads:26:06: warning: unnecessary with of ancestor [-gnatwr]
   [Ada]          gtk-icon_theme.adb
   [Ada]          gtk-offscreen_window.adb
   [Ada]          gtk-menu_button.adb
   [Ada]          gdk-device_manager.adb
   [Ada]          gtk-stack.adb
   [Ada]          gtk-search_entry.adb
   [Ada]          gtk-overlay.adb
   [Ada]          gtk-recent_manager.adb
   [Ada]          gtk-list_box.adb
   [Ada]          glib-action_group.adb
   [Ada]          gtk-cell_renderer_spin.adb
   [Ada]          gtk-recent_action.adb
   [Ada]          gtk-icon_source.adb
   [Ada]          glib-option.adb
   [Ada]          pango-layout.adb
glib-action_group.ads:74:06: warning: unnecessary with of ancestor [-gnatwr]
   [Ada]          gtk-toolbar.adb
glib-option.ads:32:06: warning: unnecessary with of ancestor [-gnatwr]
   [Ada]          glib-simple_action_group.adb
   [Ada]          gtk-list_box_row.adb
glib-simple_action_group.ads:33:06: warning: unnecessary with of ancestor [-gnatwr]
   [Ada]          gtk-font_button.adb
   [Ada]          gtk-gentry.adb
   [Ada]          pango-font_family.adb
   [Ada]          gtk-cell_view.adb
   [Ada]          gtk-editable.adb
   [Ada]          gtk-application_window.adb
   [Ada]          gtk-menu.adb
   [Ada]          gtk-buildable.adb
   [Ada]          gtk-layout.adb
   [Ada]          gtk-arrow.adb
   [Ada]          gtk-level_bar.adb
   [Ada]          gtk-about_dialog.adb
   [Ada]          gdk-screen.adb
gdk-screen.ads:42:06: warning: unnecessary with of ancestor [-gnatwr]
   [Ada]          gtk-target_list.adb
   [Ada]          gtk-separator.adb
   [Ada]          gtk-radio_menu_item.adb
   [Ada]          gtk-text_mark.adb
   [Ada]          gtk-progress_bar.adb
   [Ada]          gtk-recent_filter.adb
   [Ada]          gtk-grange.adb
   [Ada]          gtk-cell_renderer.adb
   [Ada]          gtk-event_controller.adb
   [Ada]          gtk-status_icon.adb
   [Ada]          gtk-recent_info.adb
   [Ada]          glib-simple_action.adb
   [Ada]          pango-fontset.adb
   [Ada]          gtk-style_properties.adb
   [Ada]          gtk-alignment.adb
   [Ada]          pango-font_map.adb
   [Ada]          gtk-entry_buffer.adb
   [Ada]          pango-coverage.adb
   [Ada]          glib-cancellable.adb
   [Ada]          gdk-cursor.adb
glib-simple_action.ads:35:06: warning: unnecessary with of ancestor [-gnatwr]
   [Ada]          gtk-action_bar.adb
   [Ada]          gtk-action.adb
   [Ada]          gtk-flow_box_child.adb
   [Ada]          gtk-file_chooser_dialog.adb
glib-cancellable.ads:31:06: warning: unnecessary with of ancestor [-gnatwr]
   [Ada]          gtk-tree_model.adb
   [Ada]          gtk-switch.adb
   [Ada]          gtk-calendar.adb
   [Ada]          gtk-color_selection_dialog.adb
   [Ada]          gtk-scrolled_window.adb
   [Ada]          gtk-color_chooser_dialog.adb
   [Ada]          gtk-selection_data.adb
   [Ada]          glib-variant.adb
   [Ada]          gtk-gesture_multi_press.adb
glib-variant.ads:237:06: warning: unnecessary with of ancestor [-gnatwr]
   [Ada]          gtk-paned.adb
   [Ada]          gtk-header_bar.adb
   [Ada]          gtk-event_box.adb
   [Ada]          gtk-text_iter.adb
   [Ada]          gtk-scale.adb
   [Ada]          gdk-display.adb
   [Ada]          gtk-menu_item.adb
   [Ada]          gtk-check_menu_item.adb
gdk-display.ads:46:06: warning: unnecessary with of ancestor [-gnatwr]
   [Ada]          gtk-application.adb
   [Ada]          gtk-cell_renderer_accel.adb
   [Ada]          gtk-gesture_pan.adb
   [Ada]          gtk-viewport.adb
   [Ada]          gtk-aspect_frame.adb
   [Ada]          gtk-recent_chooser.adb
   [Ada]          gtk-gradient.adb
   [Ada]          gtk-font_selection.adb
   [Ada]          gtk-tree_view.adb
   [Ada]          gtk-cell_layout.adb
   [Ada]          gtk-grid.adb
   [Ada]          gtk-window.adb
   [Ada]          gtk-popover.adb
   [Ada]          gtk-message_dialog.adb
   [Ada]          gtk-text_view.adb
   [Ada]          gtk-cell_area_box.adb
   [Ada]          gtk-drawing_area.adb
   [Ada]          gtk-status_bar.adb
   [Ada]          gtk-toggle_tool_button.adb
   [Ada]          gtk-stack_switcher.adb
   [Ada]          gtk-gesture_swipe.adb
   [Ada]          gtk-style_context.adb
   [Ada]          glib-action.adb
glib-action.ads:56:06: warning: unnecessary with of ancestor [-gnatwr]
   [Ada]          gtk-im_multi_context.adb
   [Ada]          pango-matrix.adb
   [Ada]          gtk-tool_item_group.adb
   [Ada]          gtk-adjustment.adb
   [Ada]          gtk-search_bar.adb
   [Ada]          gtk-tree_selection.adb
   [Ada]          gtk-cell_renderer_pixbuf.adb
   [Ada]          gtk-bin.adb
   [Ada]          gtk-info_bar.adb
   [Ada]          gtk-im_context_simple.adb
   [Ada]          gdk-window.adb
   [Ada]          gtk-font_chooser.adb
   [Ada]          gtk-dialog.adb
gdk-window.ads:28:06: warning: unnecessary with of ancestor [-gnatwr]
   [Ada]          gtk-flow_box.adb
   [Ada]          gtk-cell_renderer_combo.adb
   [Ada]          glib-menu.adb
glib-menu.ads:37:06: warning: unnecessary with of ancestor [-gnatwr]
   [Ada]          gtk-fixed.adb
   [Ada]          gtk-file_filter.adb
   [Ada]          pango-context.adb
   [Ada]          pango-font_face.adb
   [Ada]          gtk-icon_set.adb
   [Ada]          pango-enums.adb
   [Ada]          gtk-tool_shell.adb
   [Ada]          gtk-tree_store.adb
   [Ada]          gtk-entry_completion.adb
   [Ada]          gtk-print_settings.adb
   [Ada]          gtk-text_child_anchor.adb
   [Ada]          gtk-print_operation_preview.adb
   [Ada]          gtk-accel_map.adb
   [Ada]          gtk-hbutton_box.adb
   [Ada]          gtk-radio_button.adb
   [Ada]          gtk-text_buffer.adb
   [Ada]          gtk-font_chooser_dialog.adb
   [Ada]          gtk-font_selection_dialog.adb
   [Ada]          gtk-tooltip.adb
   [Ada]          gtk-icon_factory.adb
   [Ada]          gtk-menu_tool_button.adb
   [Ada]          pango-tabs.adb
   [Ada]          gtk-tree_model_filter.adb
   [Ada]          gtk-image_menu_item.adb
   [Ada]          glib-spawn.adb
   [Ada]          gtk-color_button.adb
   [Ada]          gtk-size_group.adb
   [Ada]          gtk-tree_model_sort.adb
   [Ada]          gtk-accel_label.adb
   [Ada]          gtk-font_chooser_widget.adb
   [Ada]          gtk-action_group.adb
   [Ada]          gtk-cell_area.adb
   [Ada]          gtk-expander.adb
   [Ada]          glib-menu_model.adb
   [Ada]          gtk-tree_row_reference.adb
   [Ada]          gtk-box.adb
glib-menu_model.ads:140:06: warning: unnecessary with of ancestor [-gnatwr]
   [Ada]          gtk-notebook.adb
   [Ada]          gtk-stock.adb
   [Ada]          gtk-container.adb
   [Ada]          gtk-check_button.adb
   [Ada]          gtk-page_setup.adb
   [Ada]          gdk-frame_timings.adb
   [Ada]          pango-font.adb
   [Ada]          gtk-print_operation.adb
   [Ada]          gtk-style.adb
   [Ada]          gtk-widget.adb
   [Ada]          gtk-vbutton_box.adb
   [Ada]          gtk-revealer.adb
   [Ada]          gtk-image.adb
   [Ada]          gtk-im_context.adb
   [Ada]          gtk-separator_tool_item.adb
   [Ada]          gtk-color_chooser_widget.adb
   [Ada]          glib-string.adb
glib-string.ads:30:06: warning: unnecessary with of ancestor [-gnatwr]
   [Ada]          gtk-paper_size.adb
   [Ada]          gdk-device.adb
   [Ada]          glib-application.adb
   [Ada]          gtk-main.adb
gdk-device.ads:35:06: warning: unnecessary with of ancestor [-gnatwr]
   [Ada]          gtk-invisible.adb
   [Ada]          gtk-tearoff_menu_item.adb
   [Ada]          gtk-cell_renderer_text.adb
   [Ada]          gtk-file_chooser.adb
glib-application.ads:143:06: warning: unnecessary with of ancestor [-gnatwr]
   [Ada]          gtk-recent_chooser_menu.adb
   [Ada]          gtk-assistant.adb
   [Ada]          gtk-spinner.adb
   [Ada]          gtk-menu_shell.adb
   [Ada]          gtk-target_entry.adb
   [Ada]          gtk-radio_action.adb
   [Ada]          gtk-spin_button.adb
   [Ada]          gdk-rgba.adb
   [Ada]          gtk-scale_button.adb
   [Ada]          glib-g_icon.adb
glib-g_icon.ads:59:06: warning: unnecessary with of ancestor [-gnatwr]
   [Ada]          gtk-button_box.adb
   [Ada]          gtk-hsv.adb
   [Ada]          gdk-event.adb
   [Ada]          gtk-text_tag.adb
gdk-event.ads:50:06: warning: unnecessary with of ancestor [-gnatwr]
   [Ada]          gtk-link_button.adb
   [Ada]          gtk-combo_box_text.adb
   [Ada]          gtk-gesture_single.adb
   [Ada]          gtk-cell_editable.adb
   [Ada]          gtk-list_store.adb
   [C]            misc_generated.c
   [C]            misc.c
/home/runner/work/alire-crates-ci/alire-crates-ci/test/b299cb39-845e-4d57-85e2-686ba707d57b/eagle_lander_1.2.0_578532c2/alire/cache/dependencies/gtkada_21.0.0_3c1373c0/src/misc.c: In function 'ada_g_module_build_path':
/home/runner/work/alire-crates-ci/alire-crates-ci/test/b299cb39-845e-4d57-85e2-686ba707d57b/eagle_lander_1.2.0_578532c2/alire/cache/dependencies/gtkada_21.0.0_3c1373c0/src/misc.c:216:3: warning: 'g_module_build_path' is deprecated [-Wdeprecated-declarations]
  216 |   return g_module_build_path (directory, module_name);
      |   ^~~~~~
In file included from /usr/include/glib-2.0/gio/giomodule.h:31,
                 from /usr/include/glib-2.0/gio/gio.h:102,
                 from /usr/include/gtk-3.0/gdk/gdkapplaunchcontext.h:28,
                 from /usr/include/gtk-3.0/gdk/gdk.h:32,
                 from /home/runner/work/alire-crates-ci/alire-crates-ci/test/b299cb39-845e-4d57-85e2-686ba707d57b/eagle_lander_1.2.0_578532c2/alire/cache/dependencies/gtkada_21.0.0_3c1373c0/src/misc.c:38:
/usr/include/glib-2.0/gmodule.h:142:23: note: declared here
  142 | gchar*                g_module_build_path    (const gchar  *directory,
      |                       ^~~~~~~~~~~~~~~~~~~
gtk-list_store.adb:536:07: warning: useless assignment to "Iter", value overwritten at line 538 [-gnatwm]
Build Libraries
   [gprlib]       gtkada.lexch
   [archive]      libgtkada.a
   [index]        libgtkada.a
====== Building static-pic libraries =====
/home/runner/.config/alire/cache/dependencies/gprbuild_22.0.1_24dfc1b5/bin/gprbuild  -j0 -m -p  -XLIBRARY_TYPE=static-pic -Psrc/gtkada.gpr
Setup
   [mkdir]        object directory for project GtkAda
   [mkdir]        library directory for project GtkAda
Compile
   [Ada]          gdk-dnd.adb
   [Ada]          gdk-pixbuf.adb
   [Ada]          gdk-input.ads
   [Ada]          glib-error.adb
   [Ada]          glib-generic_properties.adb
   [Ada]          gtkada-handlers.ads
   [Ada]          gdk-types-keysyms.ads
gdk-dnd.adb:28:06: warning: unnecessary with of ancestor [-gnatwr]
   [Ada]          gtkada-file_selection.adb
   [Ada]          gtkada-builder.adb
   [Ada]          glib-messages.adb
   [Ada]          gtk-type_conversion.adb
   [Ada]          cairo-surface.adb
   [Ada]          gtkada-canvas_view-views.adb
   [Ada]          gdk-keyval.adb
   [Ada]          gtkada-c.adb
   [Ada]          glib-gnodes.adb
   [Ada]          gtk-rc.adb
   [Ada]          glib-values.adb
   [Ada]          gtk-handlers.adb
   [Ada]          gtkada-dialogs.adb
   [Ada]          gtkada-types.adb
   [Ada]          gdk-threads.ads
   [Ada]          gtkada-canvas_view.adb
   [Ada]          glib-unicode.adb
   [Ada]          gdk-cairo.adb
   [Ada]          gdk-property.adb
   [Ada]          gtk.ads
   [Ada]          gtkada-canvas_view-models.adb
   [Ada]          cairo-svg.adb
   [Ada]          glib-enums.ads
   [Ada]          cairo-font_options.adb
   [Ada]          gtkada-canvas.adb
   [Ada]          pango.ads
   [Ada]          glib-xml.adb
glib-xml.adb:662:28: warning: pragma Unreferenced given for "Success" [enabled by default]
   [Ada]          gtkada-canvas_view-models-layers.adb
   [Ada]          gtkada-multiline_entry.adb
   [Ada]          glib-object.adb
glib-object.adb:322:33: warning: pragma Unreferenced given for "Ignored" [enabled by default]
   [Ada]          glib-graphs.adb
   [Ada]          gdk-types.ads
   [Ada]          glib-gslist.adb
   [Ada]          gtk-dnd.adb
   [Ada]          gtkada-pixmaps.ads
   [Ada]          gtkada-intl.adb
   [Ada]          glib-types.adb
   [Ada]          gtk-tree_model-utils.adb
   [Ada]          gdk-visual.adb
   [Ada]          cairo-png.adb
   [Ada]          gtk-arguments.adb
   [Ada]          glib-main.adb
   [Ada]          gtkada.ads
   [Ada]          cairo-region.adb
   [Ada]          gtkada-multi_paned.adb
   [Ada]          gtk-marshallers.adb
   [Ada]          glib-module.adb
   [Ada]          glib-properties-creation.adb
   [Ada]          gdk-color.adb
   [Ada]          gtkada-canvas_view-rtrees.adb
   [Ada]          gtkada-bindings.adb
   [Ada]          pango-cairo.adb
   [Ada]          gtkada-canvas_view-astar.adb
   [Ada]          glib-type_conversion_hooks.adb
   [Ada]          gtkada-application.adb
   [Ada]          cairo-font_face.ads
   [Ada]          gtkada-canvas_view-objects.adb
   [Ada]          cairo-image_surface.adb
   [Ada]          gtkada-abstract_list_model.adb
   [Ada]          glib-key_file.adb
   [Ada]          cairo-pdf.adb
   [Ada]          cairo-pattern.ads
   [Ada]          glib-properties.adb
   [Ada]          cairo-matrix.ads
   [Ada]          gdk-display_manager.adb
   [Ada]          gdk-window_attr.adb
   [Ada]          glib-graphs-layouts.adb
   [Ada]          glib-convert.adb
   [Ada]          cairo-scaled_font.ads
   [Ada]          glib-xml_int.ads
   [Ada]          gtkada-mdi.adb
   [Ada]          gtk-text_child.adb
   [Ada]          fontconfig.adb
   [Ada]          gdk-rectangle.adb
   [Ada]          gtkada-printing.adb
   [Ada]          gdk-main.adb
   [Ada]          cairo.adb
   [Ada]          glib.adb
   [Ada]          gtkada-style.adb
gtk-text_child.ads:32:06: warning: unnecessary with of ancestor [-gnatwr]
   [Ada]          gtkada-abstract_tree_model.adb
   [Ada]          gtkada-canvas_view-links.adb
   [Ada]          gtk-bindings.adb
   [Ada]          glib-glist.adb
   [Ada]          gdk.ads
   [Ada]          gtk-binding_set.adb
   [Ada]          gtk-color_chooser.adb
   [Ada]          gtk-tool_button.adb
   [Ada]          gtk-style_provider.adb
   [Ada]          gtk-recent_chooser_widget.adb
   [Ada]          gtk-css_section.adb
   [Ada]          pango-font_metrics.adb
   [Ada]          gtk-builder.adb
   [Ada]          gtk-enums.adb
   [Ada]          pango-language.adb
   [Ada]          gtk-text_tag_table.adb
   [Ada]          gtk-orientable.adb
   [Ada]          gtk-gesture.adb
gtk-enums.adb:38:04: warning: possible aliasing problem for type "Chars_Ptr" [enabled by default]
gtk-enums.adb:38:04: warning: use -fno-strict-aliasing switch for references [enabled by default]
gtk-enums.adb:38:04: warning: or use "pragma No_Strict_Aliasing (Chars_Ptr);" [enabled by default]
   [Ada]          gtk-tree_view_column.adb
   [Ada]          gtk-color_selection.adb
   [Ada]          gtk-actionable.adb
   [Ada]          glib-action_map.adb
glib-action_map.ads:38:06: warning: unnecessary with of ancestor [-gnatwr]
   [Ada]          gtk-volume_button.adb
   [Ada]          gtk-gesture_long_press.adb
   [Ada]          gtk-tool_palette.adb
   [Ada]          gtk-toggle_button.adb
   [Ada]          gtk-gesture_zoom.adb
   [Ada]          gtk-tree_sortable.adb
   [Ada]          gtk-recent_chooser_dialog.adb
   [Ada]          gtk-accel_group.adb
   [Ada]          gtk-print_context.adb
   [Ada]          gdk-frame_clock.adb
   [Ada]          glib-iochannel.adb
   [Ada]          gtk-scrollable.adb
glib-iochannel.ads:33:06: warning: unnecessary with of ancestor [-gnatwr]
   [Ada]          gtk-settings.adb
   [Ada]          pango-attributes.adb
   [Ada]          gtk-scrollbar.adb
   [Ada]          gtk-tool_item.adb
   [Ada]          glib-utils.adb
   [Ada]          gtk-gesture_drag.adb
   [Ada]          gtk-css_provider.adb
   [Ada]          gtk-clipboard.adb
   [Ada]          gtk-gesture_rotate.adb
   [Ada]          gtk-activatable.adb
   [Ada]          gtk-cell_renderer_progress.adb
   [Ada]          gtk-symbolic_color.adb
   [Ada]          gtk-radio_tool_button.adb
   [Ada]          glib-notification.adb
glib-notification.ads:49:06: warning: unnecessary with of ancestor [-gnatwr]
   [Ada]          gtk-separator_menu_item.adb
   [Ada]          gtk-menu_bar.adb
   [Ada]          gtk-toggle_action.adb
   [Ada]          gtk-frame.adb
   [Ada]          gdk-drag_contexts.adb
gdk-drag_contexts.ads:26:06: warning: unnecessary with of ancestor [-gnatwr]
   [Ada]          gtk-cell_renderer_toggle.adb
   [Ada]          gtk-cell_renderer_spinner.adb
   [Ada]          gtk-table.adb
   [Ada]          gtk-tree_drag_source.adb
   [Ada]          gtk-cell_area_context.adb
   [Ada]          gtk-handle_box.adb
   [Ada]          gtk-tree_drag_dest.adb
   [Ada]          gtk-misc.adb
   [Ada]          gtk-button.adb
   [Ada]          gtk-icon_view.adb
   [Ada]          gtk-text_attributes.adb
   [Ada]          gtk-combo_box.adb
   [Ada]          gtk-file_chooser_button.adb
   [Ada]          gtk-label.adb
   [Ada]          gtk-theming_engine.adb
   [Ada]          gtk-file_chooser_widget.adb
   [Ada]          gtk-ui_manager.adb
   [Ada]          glib-poll.adb
glib-poll.ads:26:06: warning: unnecessary with of ancestor [-gnatwr]
   [Ada]          gtk-icon_theme.adb
   [Ada]          gtk-offscreen_window.adb
   [Ada]          gtk-menu_button.adb
   [Ada]          gdk-device_manager.adb
   [Ada]          gtk-stack.adb
   [Ada]          gtk-search_entry.adb
   [Ada]          gtk-overlay.adb
   [Ada]          gtk-recent_manager.adb
   [Ada]          gtk-list_box.adb
   [Ada]          glib-action_group.adb
   [Ada]          gtk-cell_renderer_spin.adb
   [Ada]          gtk-recent_action.adb
   [Ada]          gtk-icon_source.adb
   [Ada]          glib-option.adb
   [Ada]          pango-layout.adb
glib-action_group.ads:74:06: warning: unnecessary with of ancestor [-gnatwr]
   [Ada]          gtk-toolbar.adb
glib-option.ads:32:06: warning: unnecessary with of ancestor [-gnatwr]
   [Ada]          glib-simple_action_group.adb
   [Ada]          gtk-list_box_row.adb
glib-simple_action_group.ads:33:06: warning: unnecessary with of ancestor [-gnatwr]
   [Ada]          gtk-font_button.adb
   [Ada]          gtk-gentry.adb
   [Ada]          pango-font_family.adb
   [Ada]          gtk-cell_view.adb
   [Ada]          gtk-editable.adb
   [Ada]          gtk-application_window.adb
   [Ada]          gtk-menu.adb
   [Ada]          gtk-buildable.adb
   [Ada]          gtk-layout.adb
   [Ada]          gtk-arrow.adb
   [Ada]          gtk-level_bar.adb
   [Ada]          gtk-about_dialog.adb
   [Ada]          gdk-screen.adb
gdk-screen.ads:42:06: warning: unnecessary with of ancestor [-gnatwr]
   [Ada]          gtk-target_list.adb
   [Ada]          gtk-separator.adb
   [Ada]          gtk-radio_menu_item.adb
   [Ada]          gtk-text_mark.adb
   [Ada]          gtk-progress_bar.adb
   [Ada]          gtk-recent_filter.adb
   [Ada]          gtk-grange.adb
   [Ada]          gtk-cell_renderer.adb
   [Ada]          gtk-event_controller.adb
   [Ada]          gtk-status_icon.adb
   [Ada]          gtk-recent_info.adb
   [Ada]          glib-simple_action.adb
   [Ada]          pango-fontset.adb
   [Ada]          gtk-style_properties.adb
   [Ada]          gtk-alignment.adb
   [Ada]          pango-font_map.adb
   [Ada]          gtk-entry_buffer.adb
   [Ada]          pango-coverage.adb
glib-simple_action.ads:35:06: warning: unnecessary with of ancestor [-gnatwr]
   [Ada]          glib-cancellable.adb
   [Ada]          gdk-cursor.adb
   [Ada]          gtk-action_bar.adb
   [Ada]          gtk-action.adb
   [Ada]          gtk-flow_box_child.adb
   [Ada]          gtk-file_chooser_dialog.adb
glib-cancellable.ads:31:06: warning: unnecessary with of ancestor [-gnatwr]
   [Ada]          gtk-tree_model.adb
   [Ada]          gtk-switch.adb
   [Ada]          gtk-calendar.adb
   [Ada]          gtk-color_selection_dialog.adb
   [Ada]          gtk-scrolled_window.adb
   [Ada]          gtk-color_chooser_dialog.adb
   [Ada]          gtk-selection_data.adb
   [Ada]          glib-variant.adb
   [Ada]          gtk-gesture_multi_press.adb
   [Ada]          gtk-paned.adb
glib-variant.ads:237:06: warning: unnecessary with of ancestor [-gnatwr]
   [Ada]          gtk-header_bar.adb
   [Ada]          gtk-event_box.adb
   [Ada]          gtk-text_iter.adb
   [Ada]          gtk-scale.adb
   [Ada]          gdk-display.adb
   [Ada]          gtk-menu_item.adb
   [Ada]          gtk-check_menu_item.adb
gdk-display.ads:46:06: warning: unnecessary with of ancestor [-gnatwr]
   [Ada]          gtk-application.adb
   [Ada]          gtk-cell_renderer_accel.adb
   [Ada]          gtk-gesture_pan.adb
   [Ada]          gtk-viewport.adb
   [Ada]          gtk-aspect_frame.adb
   [Ada]          gtk-recent_chooser.adb
   [Ada]          gtk-gradient.adb
   [Ada]          gtk-font_selection.adb
   [Ada]          gtk-tree_view.adb
   [Ada]          gtk-cell_layout.adb
   [Ada]          gtk-grid.adb
   [Ada]          gtk-window.adb
   [Ada]          gtk-popover.adb
   [Ada]          gtk-message_dialog.adb
   [Ada]          gtk-text_view.adb
   [Ada]          gtk-cell_area_box.adb
   [Ada]          gtk-drawing_area.adb
   [Ada]          gtk-status_bar.adb
   [Ada]          gtk-toggle_tool_button.adb
   [Ada]          gtk-stack_switcher.adb
   [Ada]          gtk-gesture_swipe.adb
   [Ada]          gtk-style_context.adb
   [Ada]          glib-action.adb
glib-action.ads:56:06: warning: unnecessary with of ancestor [-gnatwr]
   [Ada]          gtk-im_multi_context.adb
   [Ada]          pango-matrix.adb
   [Ada]          gtk-tool_item_group.adb
   [Ada]          gtk-adjustment.adb
   [Ada]          gtk-search_bar.adb
   [Ada]          gtk-tree_selection.adb
   [Ada]          gtk-cell_renderer_pixbuf.adb
   [Ada]          gtk-bin.adb
   [Ada]          gtk-info_bar.adb
   [Ada]          gtk-im_context_simple.adb
   [Ada]          gdk-window.adb
   [Ada]          gtk-font_chooser.adb
   [Ada]          gtk-dialog.adb
gdk-window.ads:28:06: warning: unnecessary with of ancestor [-gnatwr]
   [Ada]          gtk-flow_box.adb
   [Ada]          gtk-cell_renderer_combo.adb
   [Ada]          glib-menu.adb
   [Ada]          gtk-fixed.adb
glib-menu.ads:37:06: warning: unnecessary with of ancestor [-gnatwr]
   [Ada]          gtk-file_filter.adb
   [Ada]          pango-context.adb
   [Ada]          pango-font_face.adb
   [Ada]          gtk-icon_set.adb
   [Ada]          pango-enums.adb
   [Ada]          gtk-tool_shell.adb
   [Ada]          gtk-tree_store.adb
   [Ada]          gtk-entry_completion.adb
   [Ada]          gtk-print_settings.adb
   [Ada]          gtk-text_child_anchor.adb
   [Ada]          gtk-print_operation_preview.adb
   [Ada]          gtk-accel_map.adb
   [Ada]          gtk-hbutton_box.adb
   [Ada]          gtk-radio_button.adb
   [Ada]          gtk-text_buffer.adb
   [Ada]          gtk-font_chooser_dialog.adb
   [Ada]          gtk-font_selection_dialog.adb
   [Ada]          gtk-tooltip.adb
   [Ada]          gtk-icon_factory.adb
   [Ada]          gtk-menu_tool_button.adb
   [Ada]          pango-tabs.adb
   [Ada]          gtk-tree_model_filter.adb
   [Ada]          gtk-image_menu_item.adb
   [Ada]          glib-spawn.adb
   [Ada]          gtk-color_button.adb
   [Ada]          gtk-size_group.adb
   [Ada]          gtk-tree_model_sort.adb
   [Ada]          gtk-accel_label.adb
   [Ada]          gtk-font_chooser_widget.adb
   [Ada]          gtk-action_group.adb
   [Ada]          gtk-cell_area.adb
   [Ada]          gtk-expander.adb
   [Ada]          glib-menu_model.adb
   [Ada]          gtk-tree_row_reference.adb
   [Ada]          gtk-box.adb
glib-menu_model.ads:140:06: warning: unnecessary with of ancestor [-gnatwr]
   [Ada]          gtk-notebook.adb
   [Ada]          gtk-stock.adb
   [Ada]          gtk-container.adb
   [Ada]          gtk-check_button.adb
   [Ada]          gtk-page_setup.adb
   [Ada]          gdk-frame_timings.adb
   [Ada]          pango-font.adb
   [Ada]          gtk-print_operation.adb
   [Ada]          gtk-style.adb
   [Ada]          gtk-widget.adb
   [Ada]          gtk-vbutton_box.adb
   [Ada]          gtk-revealer.adb
   [Ada]          gtk-image.adb
   [Ada]          gtk-im_context.adb
   [Ada]          gtk-separator_tool_item.adb
   [Ada]          gtk-color_chooser_widget.adb
   [Ada]          glib-string.adb
   [Ada]          gtk-paper_size.adb
glib-string.ads:30:06: warning: unnecessary with of ancestor [-gnatwr]
   [Ada]          gdk-device.adb
   [Ada]          glib-application.adb
   [Ada]          gtk-main.adb
gdk-device.ads:35:06: warning: unnecessary with of ancestor [-gnatwr]
   [Ada]          gtk-invisible.adb
   [Ada]          gtk-tearoff_menu_item.adb
   [Ada]          gtk-cell_renderer_text.adb
   [Ada]          gtk-file_chooser.adb
glib-application.ads:143:06: warning: unnecessary with of ancestor [-gnatwr]
   [Ada]          gtk-recent_chooser_menu.adb
   [Ada]          gtk-assistant.adb
   [Ada]          gtk-spinner.adb
   [Ada]          gtk-menu_shell.adb
   [Ada]          gtk-target_entry.adb
   [Ada]          gtk-radio_action.adb
   [Ada]          gtk-spin_button.adb
   [Ada]          gdk-rgba.adb
   [Ada]          gtk-scale_button.adb
   [Ada]          glib-g_icon.adb
glib-g_icon.ads:59:06: warning: unnecessary with of ancestor [-gnatwr]
   [Ada]          gtk-button_box.adb
   [Ada]          gtk-hsv.adb
   [Ada]          gdk-event.adb
   [Ada]          gtk-text_tag.adb
gdk-event.ads:50:06: warning: unnecessary with of ancestor [-gnatwr]
   [Ada]          gtk-link_button.adb
   [Ada]          gtk-combo_box_text.adb
   [Ada]          gtk-gesture_single.adb
   [Ada]          gtk-cell_editable.adb
   [Ada]          gtk-list_store.adb
   [C]            misc_generated.c
   [C]            misc.c
/home/runner/work/alire-crates-ci/alire-crates-ci/test/b299cb39-845e-4d57-85e2-686ba707d57b/eagle_lander_1.2.0_578532c2/alire/cache/dependencies/gtkada_21.0.0_3c1373c0/src/misc.c: In function 'ada_g_module_build_path':
/home/runner/work/alire-crates-ci/alire-crates-ci/test/b299cb39-845e-4d57-85e2-686ba707d57b/eagle_lander_1.2.0_578532c2/alire/cache/dependencies/gtkada_21.0.0_3c1373c0/src/misc.c:216:3: warning: 'g_module_build_path' is deprecated [-Wdeprecated-declarations]
  216 |   return g_module_build_path (directory, module_name);
      |   ^~~~~~
In file included from /usr/include/glib-2.0/gio/giomodule.h:31,
                 from /usr/include/glib-2.0/gio/gio.h:102,
                 from /usr/include/gtk-3.0/gdk/gdkapplaunchcontext.h:28,
                 from /usr/include/gtk-3.0/gdk/gdk.h:32,
                 from /home/runner/work/alire-crates-ci/alire-crates-ci/test/b299cb39-845e-4d57-85e2-686ba707d57b/eagle_lander_1.2.0_578532c2/alire/cache/dependencies/gtkada_21.0.0_3c1373c0/src/misc.c:38:
/usr/include/glib-2.0/gmodule.h:142:23: note: declared here
  142 | gchar*                g_module_build_path    (const gchar  *directory,
      |                       ^~~~~~~~~~~~~~~~~~~
gtk-list_store.adb:536:07: warning: useless assignment to "Iter", value overwritten at line 538 [-gnatwm]
Build Libraries
   [gprlib]       gtkada.lexch
   [archive]      libgtkada.a
   [index]        libgtkada.a
====== Building relocatable libraries =====
/home/runner/.config/alire/cache/dependencies/gprbuild_22.0.1_24dfc1b5/bin/gprbuild  -j0 -m -p  -XLIBRARY_TYPE=relocatable -Psrc/gtkada.gpr
Build Libraries
   [gprlib]       gtkada.lexch
   [link library] libgtkada.so
====== Building tools =====
/home/runner/.config/alire/cache/dependencies/gprbuild_22.0.1_24dfc1b5/bin/gprbuild  -j0 -m -p  -XLIBRARY_TYPE=static -Psrc/tools/tools.gpr
Setup
   [mkdir]        object directory for project Tools
Compile
   [Ada]          gdialog.adb
   [Ada]          gdk-dnd.adb
   [Ada]          gdk-pixbuf.adb
   [Ada]          gdk-input.ads
   [Ada]          glib-error.adb
   [Ada]          glib-generic_properties.adb
gdk-dnd.adb:28:06: warning: unnecessary with of ancestor [-gnatwr]
   [Ada]          gtkada-handlers.ads
   [Ada]          gdk-types-keysyms.ads
   [Ada]          gtkada-file_selection.adb
   [Ada]          gtkada-builder.adb
   [Ada]          glib-messages.adb
   [Ada]          gtk-type_conversion.adb
   [Ada]          cairo-surface.adb
   [Ada]          gtkada-canvas_view-views.adb
   [Ada]          gdk-keyval.adb
   [Ada]          gtkada-c.adb
   [Ada]          glib-gnodes.adb
   [Ada]          gtk-rc.adb
   [Ada]          glib-values.adb
   [Ada]          gtk-handlers.adb
   [Ada]          gtkada-dialogs.adb
   [Ada]          gtkada-types.adb
   [Ada]          gdk-threads.ads
   [Ada]          gtkada-canvas_view.adb
   [Ada]          glib-unicode.adb
   [Ada]          gdk-cairo.adb
   [Ada]          gdk-property.adb
   [Ada]          gtk.ads
   [Ada]          gtkada-canvas_view-models.adb
   [Ada]          cairo-svg.adb
   [Ada]          glib-enums.ads
   [Ada]          cairo-font_options.adb
   [Ada]          gtkada-canvas.adb
   [Ada]          pango.ads
   [Ada]          glib-xml.adb
glib-xml.adb:662:28: warning: pragma Unreferenced given for "Success" [enabled by default]
   [Ada]          gtkada-canvas_view-models-layers.adb
   [Ada]          gtkada-multiline_entry.adb
   [Ada]          glib-object.adb
glib-object.adb:322:33: warning: pragma Unreferenced given for "Ignored" [enabled by default]
   [Ada]          glib-graphs.adb
   [Ada]          gdk-types.ads
   [Ada]          glib-gslist.adb
   [Ada]          gtk-dnd.adb
   [Ada]          gtkada-pixmaps.ads
   [Ada]          gtkada-intl.adb
   [Ada]          glib-types.adb
   [Ada]          gtk-tree_model-utils.adb
   [Ada]          gdk-visual.adb
   [Ada]          cairo-png.adb
   [Ada]          gtk-arguments.adb
   [Ada]          glib-main.adb
   [Ada]          gtkada.ads
   [Ada]          cairo-region.adb
   [Ada]          gtkada-multi_paned.adb
   [Ada]          gtk-marshallers.adb
   [Ada]          glib-module.adb
   [Ada]          glib-properties-creation.adb
   [Ada]          gdk-color.adb
   [Ada]          gtkada-canvas_view-rtrees.adb
   [Ada]          gtkada-bindings.adb
   [Ada]          pango-cairo.adb
   [Ada]          gtkada-canvas_view-astar.adb
   [Ada]          glib-type_conversion_hooks.adb
   [Ada]          gtkada-application.adb
   [Ada]          cairo-font_face.ads
   [Ada]          gtkada-canvas_view-objects.adb
   [Ada]          cairo-image_surface.adb
   [Ada]          gtkada-abstract_list_model.adb
   [Ada]          glib-key_file.adb
   [Ada]          cairo-pdf.adb
   [Ada]          cairo-pattern.ads
   [Ada]          glib-properties.adb
   [Ada]          cairo-matrix.ads
   [Ada]          gdk-display_manager.adb
   [Ada]          gdk-window_attr.adb
   [Ada]          glib-graphs-layouts.adb
   [Ada]          glib-convert.adb
   [Ada]          cairo-scaled_font.ads
   [Ada]          glib-xml_int.ads
   [Ada]          gtkada-mdi.adb
   [Ada]          gtk-text_child.adb
   [Ada]          fontconfig.adb
   [Ada]          gdk-rectangle.adb
   [Ada]          gtkada-printing.adb
   [Ada]          gdk-main.adb
   [Ada]          cairo.adb
   [Ada]          glib.adb
   [Ada]          gtkada-style.adb
gtk-text_child.ads:32:06: warning: unnecessary with of ancestor [-gnatwr]
   [Ada]          gtkada-abstract_tree_model.adb
   [Ada]          gtkada-canvas_view-links.adb
   [Ada]          gtk-bindings.adb
   [Ada]          glib-glist.adb
   [Ada]          gdk.ads
   [Ada]          gtk-binding_set.adb
   [Ada]          gtk-color_chooser.adb
   [Ada]          gtk-tool_button.adb
   [Ada]          gtk-style_provider.adb
   [Ada]          gtk-recent_chooser_widget.adb
   [Ada]          gtk-css_section.adb
   [Ada]          pango-font_metrics.adb
   [Ada]          gtk-builder.adb
   [Ada]          gtk-enums.adb
   [Ada]          pango-language.adb
   [Ada]          gtk-text_tag_table.adb
   [Ada]          gtk-orientable.adb
   [Ada]          gtk-gesture.adb
gtk-enums.adb:38:04: warning: possible aliasing problem for type "Chars_Ptr" [enabled by default]
gtk-enums.adb:38:04: warning: use -fno-strict-aliasing switch for references [enabled by default]
gtk-enums.adb:38:04: warning: or use "pragma No_Strict_Aliasing (Chars_Ptr);" [enabled by default]
   [Ada]          gtk-tree_view_column.adb
   [Ada]          gtk-color_selection.adb
   [Ada]          gtk-actionable.adb
   [Ada]          glib-action_map.adb
   [Ada]          gtk-volume_button.adb
glib-action_map.ads:38:06: warning: unnecessary with of ancestor [-gnatwr]
   [Ada]          gtk-gesture_long_press.adb
   [Ada]          gtk-tool_palette.adb
   [Ada]          gtk-toggle_button.adb
   [Ada]          gtk-gesture_zoom.adb
   [Ada]          gtk-tree_sortable.adb
   [Ada]          gtk-recent_chooser_dialog.adb
   [Ada]          gtk-accel_group.adb
   [Ada]          gtk-print_context.adb
   [Ada]          gdk-frame_clock.adb
   [Ada]          glib-iochannel.adb
   [Ada]          gtk-scrollable.adb
glib-iochannel.ads:33:06: warning: unnecessary with of ancestor [-gnatwr]
   [Ada]          gtk-settings.adb
   [Ada]          pango-attributes.adb
   [Ada]          gtk-scrollbar.adb
   [Ada]          gtk-tool_item.adb
   [Ada]          glib-utils.adb
   [Ada]          gtk-gesture_drag.adb
   [Ada]          gtk-css_provider.adb
   [Ada]          gtk-clipboard.adb
   [Ada]          gtk-gesture_rotate.adb
   [Ada]          gtk-activatable.adb
   [Ada]          gtk-cell_renderer_progress.adb
   [Ada]          gtk-symbolic_color.adb
   [Ada]          gtk-radio_tool_button.adb
   [Ada]          glib-notification.adb
   [Ada]          gtk-separator_menu_item.adb
glib-notification.ads:49:06: warning: unnecessary with of ancestor [-gnatwr]
   [Ada]          gtk-menu_bar.adb
   [Ada]          gtk-toggle_action.adb
   [Ada]          gtk-frame.adb
   [Ada]          gdk-drag_contexts.adb
gdk-drag_contexts.ads:26:06: warning: unnecessary with of ancestor [-gnatwr]
   [Ada]          gtk-cell_renderer_toggle.adb
   [Ada]          gtk-cell_renderer_spinner.adb
   [Ada]          gtk-table.adb
   [Ada]          gtk-tree_drag_source.adb
   [Ada]          gtk-cell_area_context.adb
   [Ada]          gtk-handle_box.adb
   [Ada]          gtk-tree_drag_dest.adb
   [Ada]          gtk-misc.adb
   [Ada]          gtk-button.adb
   [Ada]          gtk-icon_view.adb
   [Ada]          gtk-text_attributes.adb
   [Ada]          gtk-combo_box.adb
   [Ada]          gtk-file_chooser_button.adb
   [Ada]          gtk-label.adb
   [Ada]          gtk-theming_engine.adb
   [Ada]          gtk-file_chooser_widget.adb
   [Ada]          gtk-ui_manager.adb
   [Ada]          glib-poll.adb
glib-poll.ads:26:06: warning: unnecessary with of ancestor [-gnatwr]
   [Ada]          gtk-icon_theme.adb
   [Ada]          gtk-offscreen_window.adb
   [Ada]          gtk-menu_button.adb
   [Ada]          gdk-device_manager.adb
   [Ada]          gtk-stack.adb
   [Ada]          gtk-search_entry.adb
   [Ada]          gtk-overlay.adb
   [Ada]          gtk-recent_manager.adb
   [Ada]          gtk-list_box.adb
   [Ada]          glib-action_group.adb
   [Ada]          gtk-cell_renderer_spin.adb
   [Ada]          gtk-recent_action.adb
   [Ada]          gtk-icon_source.adb
   [Ada]          glib-option.adb
   [Ada]          pango-layout.adb
glib-action_group.ads:74:06: warning: unnecessary with of ancestor [-gnatwr]
   [Ada]          gtk-toolbar.adb
glib-option.ads:32:06: warning: unnecessary with of ancestor [-gnatwr]
   [Ada]          glib-simple_action_group.adb
   [Ada]          gtk-list_box_row.adb
glib-simple_action_group.ads:33:06: warning: unnecessary with of ancestor [-gnatwr]
   [Ada]          gtk-font_button.adb
   [Ada]          gtk-gentry.adb
   [Ada]          pango-font_family.adb
   [Ada]          gtk-cell_view.adb
   [Ada]          gtk-editable.adb
   [Ada]          gtk-application_window.adb
   [Ada]          gtk-menu.adb
   [Ada]          gtk-buildable.adb
   [Ada]          gtk-layout.adb
   [Ada]          gtk-arrow.adb
   [Ada]          gtk-level_bar.adb
   [Ada]          gtk-about_dialog.adb
   [Ada]          gdk-screen.adb
gdk-screen.ads:42:06: warning: unnecessary with of ancestor [-gnatwr]
   [Ada]          gtk-target_list.adb
   [Ada]          gtk-separator.adb
   [Ada]          gtk-radio_menu_item.adb
   [Ada]          gtk-text_mark.adb
   [Ada]          gtk-progress_bar.adb
   [Ada]          gtk-recent_filter.adb
   [Ada]          gtk-grange.adb
   [Ada]          gtk-cell_renderer.adb
   [Ada]          gtk-event_controller.adb
   [Ada]          gtk-status_icon.adb
   [Ada]          gtk-recent_info.adb
   [Ada]          glib-simple_action.adb
   [Ada]          pango-fontset.adb
   [Ada]          gtk-style_properties.adb
   [Ada]          gtk-alignment.adb
   [Ada]          pango-font_map.adb
   [Ada]          gtk-entry_buffer.adb
   [Ada]          pango-coverage.adb
glib-simple_action.ads:35:06: warning: unnecessary with of ancestor [-gnatwr]
   [Ada]          glib-cancellable.adb
   [Ada]          gdk-cursor.adb
   [Ada]          gtk-action_bar.adb
   [Ada]          gtk-action.adb
   [Ada]          gtk-flow_box_child.adb
   [Ada]          gtk-file_chooser_dialog.adb
glib-cancellable.ads:31:06: warning: unnecessary with of ancestor [-gnatwr]
   [Ada]          gtk-tree_model.adb
   [Ada]          gtk-switch.adb
   [Ada]          gtk-calendar.adb
   [Ada]          gtk-color_selection_dialog.adb
   [Ada]          gtk-scrolled_window.adb
   [Ada]          gtk-color_chooser_dialog.adb
   [Ada]          gtk-selection_data.adb
   [Ada]          glib-variant.adb
   [Ada]          gtk-gesture_multi_press.adb
   [Ada]          gtk-paned.adb
glib-variant.ads:237:06: warning: unnecessary with of ancestor [-gnatwr]
   [Ada]          gtk-header_bar.adb
   [Ada]          gtk-event_box.adb
   [Ada]          gtk-text_iter.adb
   [Ada]          gtk-scale.adb
   [Ada]          gdk-display.adb
   [Ada]          gtk-menu_item.adb
   [Ada]          gtk-check_menu_item.adb
gdk-display.ads:46:06: warning: unnecessary with of ancestor [-gnatwr]
   [Ada]          gtk-application.adb
   [Ada]          gtk-cell_renderer_accel.adb
   [Ada]          gtk-gesture_pan.adb
   [Ada]          gtk-viewport.adb
   [Ada]          gtk-aspect_frame.adb
   [Ada]          gtk-recent_chooser.adb
   [Ada]          gtk-gradient.adb
   [Ada]          gtk-font_selection.adb
   [Ada]          gtk-tree_view.adb
   [Ada]          gtk-cell_layout.adb
   [Ada]          gtk-grid.adb
   [Ada]          gtk-window.adb
   [Ada]          gtk-popover.adb
   [Ada]          gtk-message_dialog.adb
   [Ada]          gtk-text_view.adb
   [Ada]          gtk-cell_area_box.adb
   [Ada]          gtk-drawing_area.adb
   [Ada]          gtk-status_bar.adb
   [Ada]          gtk-toggle_tool_button.adb
   [Ada]          gtk-stack_switcher.adb
   [Ada]          gtk-gesture_swipe.adb
   [Ada]          gtk-style_context.adb
   [Ada]          glib-action.adb
glib-action.ads:56:06: warning: unnecessary with of ancestor [-gnatwr]
   [Ada]          gtk-im_multi_context.adb
   [Ada]          pango-matrix.adb
   [Ada]          gtk-tool_item_group.adb
   [Ada]          gtk-adjustment.adb
   [Ada]          gtk-search_bar.adb
   [Ada]          gtk-tree_selection.adb
   [Ada]          gtk-cell_renderer_pixbuf.adb
   [Ada]          gtk-bin.adb
   [Ada]          gtk-info_bar.adb
   [Ada]          gtk-im_context_simple.adb
   [Ada]          gdk-window.adb
   [Ada]          gtk-font_chooser.adb
   [Ada]          gtk-dialog.adb
gdk-window.ads:28:06: warning: unnecessary with of ancestor [-gnatwr]
   [Ada]          gtk-flow_box.adb
   [Ada]          gtk-cell_renderer_combo.adb
   [Ada]          glib-menu.adb
   [Ada]          gtk-fixed.adb
glib-menu.ads:37:06: warning: unnecessary with of ancestor [-gnatwr]
   [Ada]          gtk-file_filter.adb
   [Ada]          pango-context.adb
   [Ada]          pango-font_face.adb
   [Ada]          gtk-icon_set.adb
   [Ada]          pango-enums.adb
   [Ada]          gtk-tool_shell.adb
   [Ada]          gtk-tree_store.adb
   [Ada]          gtk-entry_completion.adb
   [Ada]          gtk-print_settings.adb
   [Ada]          gtk-text_child_anchor.adb
   [Ada]          gtk-print_operation_preview.adb
   [Ada]          gtk-accel_map.adb
   [Ada]          gtk-hbutton_box.adb
   [Ada]          gtk-radio_button.adb
   [Ada]          gtk-text_buffer.adb
   [Ada]          gtk-font_chooser_dialog.adb
   [Ada]          gtk-font_selection_dialog.adb
   [Ada]          gtk-tooltip.adb
   [Ada]          gtk-icon_factory.adb
   [Ada]          gtk-menu_tool_button.adb
   [Ada]          pango-tabs.adb
   [Ada]          gtk-tree_model_filter.adb
   [Ada]          gtk-image_menu_item.adb
   [Ada]          glib-spawn.adb
   [Ada]          gtk-color_button.adb
   [Ada]          gtk-size_group.adb
   [Ada]          gtk-tree_model_sort.adb
   [Ada]          gtk-accel_label.adb
   [Ada]          gtk-font_chooser_widget.adb
   [Ada]          gtk-action_group.adb
   [Ada]          gtk-cell_area.adb
   [Ada]          gtk-expander.adb
   [Ada]          glib-menu_model.adb
   [Ada]          gtk-tree_row_reference.adb
   [Ada]          gtk-box.adb
glib-menu_model.ads:140:06: warning: unnecessary with of ancestor [-gnatwr]
   [Ada]          gtk-notebook.adb
   [Ada]          gtk-stock.adb
   [Ada]          gtk-container.adb
   [Ada]          gtk-check_button.adb
   [Ada]          gtk-page_setup.adb
   [Ada]          gdk-frame_timings.adb
   [Ada]          pango-font.adb
   [Ada]          gtk-print_operation.adb
   [Ada]          gtk-style.adb
   [Ada]          gtk-widget.adb
   [Ada]          gtk-vbutton_box.adb
   [Ada]          gtk-revealer.adb
   [Ada]          gtk-image.adb
   [Ada]          gtk-im_context.adb
   [Ada]          gtk-separator_tool_item.adb
   [Ada]          gtk-color_chooser_widget.adb
   [Ada]          glib-string.adb
glib-string.ads:30:06: warning: unnecessary with of ancestor [-gnatwr]
   [Ada]          gtk-paper_size.adb
   [Ada]          gdk-device.adb
   [Ada]          glib-application.adb
   [Ada]          gtk-main.adb
gdk-device.ads:35:06: warning: unnecessary with of ancestor [-gnatwr]
   [Ada]          gtk-invisible.adb
   [Ada]          gtk-tearoff_menu_item.adb
   [Ada]          gtk-cell_renderer_text.adb
   [Ada]          gtk-file_chooser.adb
glib-application.ads:143:06: warning: unnecessary with of ancestor [-gnatwr]
   [Ada]          gtk-recent_chooser_menu.adb
   [Ada]          gtk-assistant.adb
   [Ada]          gtk-spinner.adb
   [Ada]          gtk-menu_shell.adb
   [Ada]          gtk-target_entry.adb
   [Ada]          gtk-radio_action.adb
   [Ada]          gtk-spin_button.adb
   [Ada]          gdk-rgba.adb
   [Ada]          gtk-scale_button.adb
   [Ada]          glib-g_icon.adb
glib-g_icon.ads:59:06: warning: unnecessary with of ancestor [-gnatwr]
   [Ada]          gtk-button_box.adb
   [Ada]          gtk-hsv.adb
   [Ada]          gdk-event.adb
   [Ada]          gtk-text_tag.adb
   [Ada]          gtk-link_button.adb
gdk-event.ads:50:06: warning: unnecessary with of ancestor [-gnatwr]
   [Ada]          gtk-combo_box_text.adb
   [Ada]          gtk-gesture_single.adb
   [Ada]          gtk-cell_editable.adb
   [Ada]          gtk-list_store.adb
gtk-list_store.adb:536:07: warning: useless assignment to "Iter", value overwritten at line 538 [-gnatwm]
Build Libraries
   [gprlib]       gtkada.lexch
   [archive]      libgtkada.a
   [index]        libgtkada.a
Bind
   [gprbind]      gdialog.bexch
   [Ada]          gdialog.ali
Link
   [link]         gdialog.adb
gnatprep -r -c -DHAVE_GL=False -DWIN32=False testgtk/opengl/view_gl.gpb testgtk/opengl/view_gl.adb
====== Building tests =====
cd testgtk; /home/runner/.config/alire/cache/dependencies/gprbuild_22.0.1_24dfc1b5/bin/gprbuild  -j0 -m -p  -XLIBRARY_TYPE=static -Ptestgtk.gpr -aP ../src
Setup
   [mkdir]        object directory for project GtkAda_GL
   [mkdir]        library directory for project GtkAda_GL
Compile
   [Ada]          testgtk.adb
   [Ada]          test_rtree.adb
   [Ada]          gtk-glarea.ads
   [Ada]          global_exception_handler.adb
   [Ada]          main_windows.adb
   [Ada]          common.adb
   [Ada]          create_about.adb
   [Ada]          create_alignment.adb
   [Ada]          create_application.adb
   [Ada]          create_arrow.adb
   [Ada]          create_assistant.adb
   [Ada]          create_box.adb
   [Ada]          create_builder.adb
   [Ada]          create_button_box.adb
   [Ada]          create_buttons.adb
   [Ada]          create_cairo.adb
   [Ada]          create_calendar.adb
   [Ada]          create_canvas.adb
   [Ada]          create_canvas_view_animate.adb
   [Ada]          create_canvas_view_composite.adb
   [Ada]          create_canvas_view_edit.adb
   [Ada]          create_canvas_view_events.adb
   [Ada]          create_canvas_view_items.adb
   [Ada]          create_canvas_view_links.adb
   [Ada]          create_canvas_view_minimap.adb
   [Ada]          create_canvas_view_routes.adb
   [Ada]          create_canvas_view_rtrees.adb
   [Ada]          create_cell_view.adb
   [Ada]          create_check_buttons.adb
   [Ada]          create_clipboard.adb
   [Ada]          create_color_chooser.adb
   [Ada]          create_color_selection.adb
   [Ada]          create_combo_box.adb
   [Ada]          create_css_accordion.adb
   [Ada]          create_css_editor.adb
   [Ada]          create_cursors.adb
   [Ada]          create_dialog.adb
   [Ada]          create_dnd.adb
   [Ada]          create_entry.adb
   [Ada]          create_file_chooser.adb
   [Ada]          create_file_selection.adb
   [Ada]          create_fixed.adb
   [Ada]          create_flow_box.adb
   [Ada]          create_font_chooser.adb
   [Ada]          create_font_selection.adb
   [Ada]          create_frame.adb
   [Ada]          create_gestures.adb
   [Ada]          create_gtkada_builder.adb
   [Ada]          create_gtkada_dialog.adb
   [Ada]          create_icon_view.adb
   [Ada]          create_label.adb
   [Ada]          create_layout.adb
   [Ada]          create_link_buttons.adb
   [Ada]          create_main_loop.adb
   [Ada]          create_mdi.adb
   [Ada]          create_menu.adb
   [Ada]          create_notebook.adb
   [Ada]          create_opacity.adb
   [Ada]          create_paned.adb
   [Ada]          create_pixbuf.adb
   [Ada]          create_print.adb
   [Ada]          create_progress.adb
   [Ada]          create_radio_button.adb
   [Ada]          create_range.adb
   [Ada]          create_reparent.adb
   [Ada]          create_revealer.adb
   [Ada]          create_scrolled.adb
   [Ada]          create_selection.adb
   [Ada]          create_size_groups.adb
   [Ada]          create_sources.adb
   [Ada]          create_spin.adb
   [Ada]          create_spinners.adb
   [Ada]          create_splittable.adb
   [Ada]          create_stack.adb
   [Ada]          create_status.adb
   [Ada]          create_status_icons.adb
   [Ada]          create_task_monitor.adb
   [Ada]          create_test_idle.adb
   [Ada]          create_test_timeout.adb
   [Ada]          create_text_view.adb
   [Ada]          create_toggle_buttons.adb
   [Ada]          create_toolbar.adb
   [Ada]          create_tooltips.adb
   [Ada]          create_tree_filter.adb
   [Ada]          create_tree_view.adb
   [Ada]          create_ui_manager.adb
   [Ada]          libart_demo.adb
   [Ada]          view_gl.adb
   [Ada]          testcairo_drawing.adb
   [Ada]          task_worker.adb
Build Libraries
   [gprlib]       gtkada_gl.lexch
   [archive]      libgtkada_gl.a
   [index]        libgtkada_gl.a
Bind
   [gprbind]      testgtk.bexch
   [Ada]          testgtk.ali
   [gprbind]      test_rtree.bexch
   [Ada]          test_rtree.ali
Link
   [link]         testgtk.adb
   [link]         test_rtree.adb
/home/runner/.config/alire/cache/dependencies/gnat_native_12.2.1_11f3b811/bin/../lib/gcc/x86_64-pc-linux-gnu/12.2.0/../../../../x86_64-pc-linux-gnu/bin/ld: warning: /home/runner/work/alire-crates-ci/alire-crates-ci/test/b299cb39-845e-4d57-85e2-686ba707d57b/eagle_lander_1.2.0_578532c2/alire/cache/dependencies/gtkada_21.0.0_3c1373c0/testgtk/obj/create_css_accordion.o: requires executable stack (because the .note.GNU-stack section is executable)
/home/runner/.config/alire/cache/dependencies/gprbuild_22.0.1_24dfc1b5/bin/gprinstall  -p -f --project-subdir=lib/gnat --build-var=GTKADA_BUILD,LIBRARY_TYPE --install-name=gtkada --prefix=install_dir -XGTK_PREFIX=install_dir -XLIBRARY_TYPE=static --build-name=static \
	--sources-subdir=include/gtkada/gtkada.static \
	--lib-subdir=lib/gtkada/gtkada.static \
	-Psrc/gtkada.gpr
Install project GtkAda - static
warning: file does not exist '/home/runner/work/alire-crates-ci/alire-crates-ci/test/b299cb39-845e-4d57-85e2-686ba707d57b/eagle_lander_1.2.0_578532c2/alire/cache/dependencies/gtkada_21.0.0_3c1373c0/src/../docs/gtkada_ug/_build/html/*'
warning: file does not exist '/home/runner/work/alire-crates-ci/alire-crates-ci/test/b299cb39-845e-4d57-85e2-686ba707d57b/eagle_lander_1.2.0_578532c2/alire/cache/dependencies/gtkada_21.0.0_3c1373c0/src/../docs/gtkada_ug/_build/latex/GtkAda.pdf'
/home/runner/.config/alire/cache/dependencies/gprbuild_22.0.1_24dfc1b5/bin/gprinstall  -p -f --project-subdir=lib/gnat --build-var=GTKADA_BUILD,LIBRARY_TYPE --install-name=gtkada --prefix=install_dir -XGTK_PREFIX=install_dir -XLIBRARY_TYPE=static-pic --build-name=static-pic \
	--sources-subdir=include/gtkada/gtkada.static-pic \
	--lib-subdir=lib/gtkada/gtkada.static-pic \
	-Psrc/gtkada.gpr
Install project GtkAda - static-pic
warning: file does not exist '/home/runner/work/alire-crates-ci/alire-crates-ci/test/b299cb39-845e-4d57-85e2-686ba707d57b/eagle_lander_1.2.0_578532c2/alire/cache/dependencies/gtkada_21.0.0_3c1373c0/src/../docs/gtkada_ug/_build/html/*'
warning: file does not exist '/home/runner/work/alire-crates-ci/alire-crates-ci/test/b299cb39-845e-4d57-85e2-686ba707d57b/eagle_lander_1.2.0_578532c2/alire/cache/dependencies/gtkada_21.0.0_3c1373c0/src/../docs/gtkada_ug/_build/latex/GtkAda.pdf'
/home/runner/.config/alire/cache/dependencies/gprbuild_22.0.1_24dfc1b5/bin/gprinstall  -p -f --project-subdir=lib/gnat --build-var=GTKADA_BUILD,LIBRARY_TYPE --install-name=gtkada --prefix=install_dir -XGTK_PREFIX=install_dir -XLIBRARY_TYPE=relocatable --build-name=relocatable \
	--sources-subdir=include/gtkada/gtkada.relocatable \
	--lib-subdir=lib/gtkada/gtkada.relocatable \
	-Psrc/gtkada.gpr
Install project GtkAda - relocatable
warning: file does not exist '/home/runner/work/alire-crates-ci/alire-crates-ci/test/b299cb39-845e-4d57-85e2-686ba707d57b/eagle_lander_1.2.0_578532c2/alire/cache/dependencies/gtkada_21.0.0_3c1373c0/src/../docs/gtkada_ug/_build/html/*'
warning: file does not exist '/home/runner/work/alire-crates-ci/alire-crates-ci/test/b299cb39-845e-4d57-85e2-686ba707d57b/eagle_lander_1.2.0_578532c2/alire/cache/dependencies/gtkada_21.0.0_3c1373c0/src/../docs/gtkada_ug/_build/latex/GtkAda.pdf'
/home/runner/.config/alire/cache/dependencies/gprbuild_22.0.1_24dfc1b5/bin/gprinstall  -p -f --project-subdir=lib/gnat --build-var=GTKADA_BUILD,LIBRARY_TYPE --install-name=gtkada --prefix=install_dir -XGTK_PREFIX=install_dir -XLIBRARY_TYPE=static \
	--mode=usage -Psrc/tools/tools.gpr
Install project Tools
cd testgtk; /home/runner/.config/alire/cache/dependencies/gprbuild_22.0.1_24dfc1b5/bin/gprinstall  -p -f --project-subdir=lib/gnat --build-var=GTKADA_BUILD,LIBRARY_TYPE --install-name=gtkada --prefix=install_dir -XGTK_PREFIX=install_dir -XLIBRARY_TYPE=static \
	--mode=usage --exec-subdir=install_dir/share/examples/gtkada/testgtk \
	-Ptestgtk.gpr -aP ../src
Install project TestGtk
-----------------------------------------------------------------------
--  GtkAda has now been installed.                                   --
--  To use the library, you may need to update LD_LIBRARY_PATH       --
--  or to run ldconfig. You may also need to update GPR_PROJECT_PATH --
--  to include                                                       --
--  install_dir/lib/gnat
-----------------------------------------------------------------------
Note: Building eagle_lander/eagle_lander.gpr...
Compile
   [Ada]          main.adb
   [Ada]          gui.adb
   [Ada]          lander.adb
   [Ada]          timeline.adb
   [Ada]          geom.adb
   [Ada]          physics.ads
   [Ada]          panels.adb
   [Ada]          text_utils.adb
   [Ada]          background.adb
   [Ada]          lem_drawing.adb
   [Ada]          panels-altitude.adb
   [Ada]          panels-attitude.adb
   [Ada]          panels-thrust_to_weight.adb
Bind
   [gprbind]      main.bexch
   [Ada]          main.ali
Link
   [link]         main.adb
Build finished successfully in 2.81 seconds.

eagle_lander=1.2.0 successfully retrieved and built.
Dependencies were solved as follows:

   + gtkada     21.0.0  (new)         
   + libgtk3    3.24.41 (new,indirect)
   + make       4.3.0   (new,indirect)
   + pkg_config 1.8.1   (new,indirect)
Found declared GPR file: eagle_lander.gpr
