Test ran at 2022-06-02 00:39:03.733888+00:00

SOLUTION:
gnatcov=22.0.1: Coverage Analysis Tool
Origin: (case OS is Linux => (case Word_Size is Bits_64 => binary archive gnatcov-x86_64-linux-22.0-1.tar.gz at https://github.com/alire-project/GNAT-FSF-builds/releases/download/gnatcov-22.0-1/gnatcov-x86_64-linux-22.0-1.tar.gz), Macos => (case Word_Size is Bits_64 => binary archive gnatcov-x86_64-darwin-22.0-1.tar.gz at https://github.com/alire-project/GNAT-FSF-builds/releases/download/gnatcov-22.0-1/gnatcov-x86_64-darwin-22.0-1.tar.gz), Windows => (case Word_Size is Bits_64 => binary archive gnatcov-x86_64-windows64-22.0-1.tar.gz at https://github.com/alire-project/GNAT-FSF-builds/releases/download/gnatcov-22.0-1/gnatcov-x86_64-windows64-22.0-1.tar.gz)) with hash sha256:29e99b2faf507bf5919e7f60fa052694666de9326bd89a06eea18bad590a0448
Properties:
   Auto_Gpr_With: auto-gpr-with=false
   Configuration: no modifiers
   Description: Coverage Analysis Tool
   Environment: GPR_PROJECT_PATH=${GPR_PROJECT_PATH}:${CRATE_ROOT}/share/gnatcoverage/gnatcov_rts/
   Environment: PATH=${CRATE_ROOT}/bin:${PATH}
   Maintainer: chouteau@adacore.com
   Maintainers_Logins: Fabien-Chouteau
   Name: gnatcov
   Tag: coverage
   Tag: analysis
   Tag: test
   Version: 22.0.1


LOG:
Note: Deploying release gnatcov=22.0.1...
#=#=#                                                                         

                                                                           0.0%
######################                                                    31.2%
#############################################################             85.1%
######################################################################## 100.0%
gprbuild.exe: project file "gnatcov.gpr" not found in .;;C:\Users\runneradmin\.config\alire\cache\dependencies\gnat_native_11.2.4_2f9c5d6d;C:\Users\runneradmin\.config\alire\cache\dependencies\gprbuild_22.0.1_c842bbc5;D:\a\alire-crates-ci\alire-crates-ci\test\8ec3d2bf-978e-4e1b-94f0-2160b88512ca\gnatcov_22.0.1_29e99b2f;D:\a\alire-crates-ci\alire-crates-ci\test\8ec3d2bf-978e-4e1b-94f0-2160b88512ca\gnatcov_22.0.1_29e99b2f\share\gnatcoverage\gnatcov_rts
stderr: Command ["gprbuild", "-gnatwU", "-j0", "-p", "-P", "gnatcov.gpr"] exited with code 4
ERROR: Command ["gprbuild", "-gnatwU", "-j0", "-p", "-P", "gnatcov.gpr"] exited with code 4

Warning: gnatcov=22.0.1 successfully retrieved but its build failed.
There are no dependencies.
ERROR: Build ended with errors
