Test ran at 2022-09-15 01:12:35.178793+00:00

SOLUTION:
emojis=1.0.0: A library to replace names between colons with emojis
Origin: commit e9d5c4ef79b45a8be73c6e98dceb70c291d1fbed from https://github.com/onox/emojis.git
Properties:
   Author: onox
   Configuration: no modifiers
   Description: A library to replace names between colons with emojis
   License: Apache-2.0
   Maintainer: onox <denkpadje@gmail.com>
   Maintainers_Logins: onox
   Name: emojis
   Tag: emoji
   Tag: string
   Tag: text
   Tag: unicode
   Version: 1.0.0
   Website: https://github.com/onox/emojis


LOG:
Note: Deploying emojis=1.0.0...
Note: Building emojis/emojis.gpr...
Setup
   [mkdir]        object directory for project Emojis
   [mkdir]        library directory for project Emojis
Compile
   [Ada]          strings.adb
   [Ada]          emojis.adb
Build Libraries
   [gprlib]       emojis.lexch
   [archive]      libemojis.a
   [index]        libemojis.a
Build finished successfully in 3.62 seconds.

emojis=1.0.0 successfully retrieved and built.
There are no dependencies.
