Test ran at 2024-09-20 01:13:03.481244+00:00

SOLUTION:
openglada_images=0.9.0: Image loading library for OpenGLAda
Origin: source archive openglada_images-0.9.0.tgz at https://github.com/flyx/OpenGLAda/releases/download/v0.9.0/openglada_images-0.9.0.tgz with hash sha512:b50ef8e7efb037d23d698f8af470a8a715571348f734411acecaa58e48b2edafe06c5c1a395c616650222ad3a183ead952d89ffebf6be72d11d7fefe1c944e8d
Properties:
   Author: Felix Krause
   Description: Image loading library for OpenGLAda
   License: MIT
   Maintainer: Felix Krause <contact@flyx.org>
   Maintainers_Logins: flyx
   Name: openglada_images
   Project_File: opengl-images.gpr
   Tag: opengl
   Tag: rendering
   Tag: graphics
   Version: 0.9.0
   Website: http://flyx.github.io/OpenGLAda/
Dependencies (direct):
   gid^9.0.0
   openglada~0.9.0
Dependencies (solution):
   gid=9.0.0
   libx11=1.8.4
   openglada=0.9.0
Dependencies (graph):
   openglada=0.9.0        --> libx11=1.8.4 (^1)       
   openglada_images=0.9.0 --> gid=9.0.0 (^9.0.0)      
   openglada_images=0.9.0 --> openglada=0.9.0 (~0.9.0)


LOG:
Note: Deploying openglada_images=0.9.0...
#=#=#                                                                         
##O#-#                                                                        

######################################################################## 100.0%
Note: Migrating lockfile from /home/runner/work/alire-crates-ci/alire-crates-ci/test/e556e017-579b-4712-9b5b-dbd78d4509d1/openglada_images_0.9.0_b50ef8e7/alire.lock to /home/runner/work/alire-crates-ci/alire-crates-ci/test/e556e017-579b-4712-9b5b-dbd78d4509d1/openglada_images_0.9.0_b50ef8e7/alire/alire.lock
Note: Deploying gid=9.0.0...
#=#=#                                                                         
##=#=#                                                                        

######################################################################## 100.0%##-=#=-#                                                                      
# #-=#=-#                                                                     

######################################################################## 100.0%
Note: Deploying libx11=1.8.4...
The system package 'libx11-dev' is about to be installed.
This action might require admin privileges and impact your system installation.
Do you want Alire to install this system package?
Using default: Yes
debconf: delaying package configuration, since apt-utils is not installed
Selecting previously unselected package libpthread-stubs0-dev:amd64.
(Reading database ... 
(Reading database ... 5%
(Reading database ... 10%
(Reading database ... 15%
(Reading database ... 20%
(Reading database ... 25%
(Reading database ... 30%
(Reading database ... 35%
(Reading database ... 40%
(Reading database ... 45%
(Reading database ... 50%
(Reading database ... 55%
(Reading database ... 60%
(Reading database ... 65%
(Reading database ... 70%
(Reading database ... 75%
(Reading database ... 80%
(Reading database ... 85%
(Reading database ... 90%
(Reading database ... 95%
(Reading database ... 100%
(Reading database ... 23881 files and directories currently installed.)
Preparing to unpack .../0-libpthread-stubs0-dev_0.4-1_amd64.deb ...
Unpacking libpthread-stubs0-dev:amd64 (0.4-1) ...
Selecting previously unselected package xorg-sgml-doctools.
Preparing to unpack .../1-xorg-sgml-doctools_1%3a1.11-1.1_all.deb ...
Unpacking xorg-sgml-doctools (1:1.11-1.1) ...
Selecting previously unselected package x11proto-dev.
Preparing to unpack .../2-x11proto-dev_2022.1-1_all.deb ...
Unpacking x11proto-dev (2022.1-1) ...
Selecting previously unselected package libxau-dev:amd64.
Preparing to unpack .../3-libxau-dev_1%3a1.0.9-1_amd64.deb ...
Unpacking libxau-dev:amd64 (1:1.0.9-1) ...
Selecting previously unselected package libxdmcp-dev:amd64.
Preparing to unpack .../4-libxdmcp-dev_1%3a1.1.2-3_amd64.deb ...
Unpacking libxdmcp-dev:amd64 (1:1.1.2-3) ...
Selecting previously unselected package xtrans-dev.
Preparing to unpack .../5-xtrans-dev_1.4.0-1_all.deb ...
Unpacking xtrans-dev (1.4.0-1) ...
Selecting previously unselected package libxcb1-dev:amd64.
Preparing to unpack .../6-libxcb1-dev_1.15-1_amd64.deb ...
Unpacking libxcb1-dev:amd64 (1.15-1) ...
Selecting previously unselected package libx11-dev:amd64.
Preparing to unpack .../7-libx11-dev_2%3a1.8.4-2+deb12u2_amd64.deb ...
Unpacking libx11-dev:amd64 (2:1.8.4-2+deb12u2) ...
Setting up libpthread-stubs0-dev:amd64 (0.4-1) ...
Setting up xtrans-dev (1.4.0-1) ...
Setting up xorg-sgml-doctools (1:1.11-1.1) ...
Setting up x11proto-dev (2022.1-1) ...
Setting up libxau-dev:amd64 (1:1.0.9-1) ...
Setting up libxdmcp-dev:amd64 (1:1.1.2-3) ...
Setting up libxcb1-dev:amd64 (1.15-1) ...
Setting up libx11-dev:amd64 (2:1.8.4-2+deb12u2) ...
Note: Deploying openglada=0.9.0...
#=#=#                                                                         
##O#-#                                                                        

###########                                                               16.4%
######################################################################## 100.0%
Note: Building openglada_images/opengl-images.gpr...
Setup
   [mkdir]        object directory for project OpenGL
   [mkdir]        library directory for project OpenGL
   [mkdir]        object directory for project GID
   [mkdir]        object directory for project OpenGL.Images
   [mkdir]        library directory for project OpenGL.Images
Compile
   [Ada]          is_opaque.adb
   [Ada]          to_bmp.adb
   [Ada]          steg.adb
   [Ada]          mini.adb
   [Ada]          recurve.adb
   [Ada]          gid-buffering.adb
   [Ada]          gid.adb
   [Ada]          gid-decoding_tga.adb
   [Ada]          gid-decoding_png.adb
   [Ada]          gid-decoding_gif.adb
   [Ada]          gid-decoding_png-huffman.adb
   [Ada]          gid-decoding_bmp.adb
   [Ada]          gid-headers.adb
   [Ada]          gid-decoding_pnm.adb
   [Ada]          gid-decoding_jpg.adb
   [Ada]          gid-color_tables.adb
   [ada]          gl-api-subprogram_reference.adb
   [ada]          gl-glx.ads
   [ada]          gl-api-shorts.ads
   [ada]          gl-api-ints.ads
   [ada]          gl-api-singles.ads
   [ada]          gl-api-uints.ads
   [ada]          gl-api-doubles.ads
   [ada]          gl-api.ads
   [ada]          gl-load_function_pointers.adb
   [ada]          gl-immediate.adb
   [ada]          gl-pixels.adb
   [ada]          gl-culling.adb
   [ada]          gl-objects-queries.adb
   [ada]          gl-enums.ads
   [ada]          gl-uniforms.adb
   [ada]          gl-objects-framebuffers.adb
   [ada]          gl-objects-textures-targets.adb
   [ada]          gl-enums-textures.ads
   [ada]          gl-fixed-lighting.adb
   [ada]          gl-objects-programs.adb
   [ada]          gl-vectors.adb
   [ada]          gl-toggles.adb
   [ada]          gl-enums-indexes.adb
   [ada]          gl-objects-vertex_arrays.adb
   [ada]          gl-objects-textures-with_1d_loader.adb
   [ada]          gl-attributes.adb
   [ada]          gl-objects-renderbuffers.adb
   [ada]          gl-objects-shaders.adb
   [ada]          gl-fixed.adb
   [ada]          gl-matrices.adb
   [ada]          gl-raster.adb
   [ada]          gl-objects-lists.adb
   [ada]          gl-files.adb
   [ada]          gl-objects-buffers.adb
   [ada]          gl-rasterization.adb
   [ada]          gl-objects-textures-with_2d_loader.adb
   [ada]          gl-buffers.adb
   [ada]          gl.adb
   [ada]          gl-objects-textures.adb
   [ada]          gl-low_level-enums.ads
   [ada]          gl-low_level.ads
   [ada]          gl-fixed-textures.adb
   [ada]          gl-tessellation.adb
   [ada]          gl-framebuffer.adb
   [ada]          gl-fixed-matrix.adb
   [ada]          gl-debug.adb
   [ada]          gl-blending.adb
   [ada]          gl-algebra.adb
gl-algebra.ads:109:62: warning: array aggregate using () is an obsolescent syntax, use [] instead [-gnatwj]
gl-algebra.ads:111:62: warning: array aggregate using () is an obsolescent syntax, use [] instead [-gnatwj]
gl-algebra.ads:113:62: warning: array aggregate using () is an obsolescent syntax, use [] instead [-gnatwj]

   compilation of gl-algebra.adb failed

gprbuild: *** compilation phase failed
stderr: Command ["gprbuild", "-s", "-j0", "-p", "-P", "/home/runner/work/alire-crates-ci/alire-crates-ci/test/e556e017-579b-4712-9b5b-dbd78d4509d1/openglada_images_0.9.0_b50ef8e7/opengl-images.gpr"] exited with code 4
ERROR: Command ["gprbuild", "-s", "-j0", "-p", "-P", "/home/runner/work/alire-crates-ci/alire-crates-ci/test/e556e017-579b-4712-9b5b-dbd78d4509d1/openglada_images_0.9.0_b50ef8e7/opengl-images.gpr"] exited with code 4
stderr: ALIRE.CHECKED_ERROR
stderr: Command ["gprbuild", "-s", "-j0", "-p", "-P", "/home/runner/work/alire-crates-ci/alire-crates-ci/test/e556e017-579b-4712-9b5b-dbd78d4509d1/openglada_images_0.9.0_b50ef8e7/opengl-images.gpr"] exited with code 4
stderr: raised ALIRE.CHECKED_ERROR : alire-stored-error:1
[/usr/bin/alr]
0xd7ada2 Alire.Raise_Checked_Error at alire.adb:251
0xa423cf Alire.Os_Lib.Subprocess.Checked_Spawn at alire-os_lib-subprocess.adb:110
0xc5cdee Alire.Spawn.Command at alire-spawn.adb:21
0xc5d51c Alire.Spawn.Gprbuild at alire-spawn.adb:41
0xbc1550 Alire.Roots.Build.Build_Single_Release.Call_Gprbuild at alire-roots.adb:140
0xbbfbaf Alire.Roots.Build.Build_Single_Release at alire-roots.adb:171
0xbdb95e Alire.Roots.Traverse.Traverse_Wrap at alire-roots.adb:1364
0xc25a8b Alire.Solutions.Traverse.Visit at alire-solutions.adb:1443
0xc246a2 Alire.Solutions.Traverse at alire-solutions.adb:1518
0xbdbaac Alire.Roots.Traverse at alire-roots.adb:1368
0xbbff40 Alire.Roots.Build at alire-roots.adb:196
0x4a0334 Alr.Commands.Build.Execute at alr-commands-build.adb:58
0x4b065a Alr.Commands.Get.Retrieve at alr-commands-get.adb:187
0x4b4e77 Alr.Commands.Get.Execute at alr-commands-get.adb:348
0x53bb7e Alr.Commands.Sub_Cmd.Execute at clic-subcommand-instance.adb:742
0x54756f Alr.Commands.Execute at alr-commands.adb:492
0x43cb1a Alr.Main at alr-main.adb:10
0x43f3e7 Main at b__alr-main.adb:2132
[/lib/x86_64-linux-gnu/libc.so.6]
0x7f1b0edd8248
0x7f1b0edd8303
[/usr/bin/alr]
0x43c9f8 _start at ???
0xfffffffffffffffe


Warning: openglada_images=0.9.0 successfully retrieved but its build failed.
Dependencies were solved as follows:

   + gid       9.0.0 (new)         
   + libx11    1.8.4 (new,indirect)
   + openglada 0.9.0 (new)         
ERROR: Build ended with errors
