Test ran at 2024-04-05 01:22:56.166402+00:00

SOLUTION:
orka_egl=1.0.0: Ada 2012 bindings for EGL
Origin: commit b455160b0b24a89af4ae6423b186dc826915d487 from https://github.com/onox/orka.git
Available when: (case OS is Linux => True, others => False)
Properties:
   Author: onox
   Build Switches: 
   Description: Ada 2012 bindings for EGL
   Executable: orka_egl_info
   License: Apache-2.0
   Maintainer: onox <denkpadje@gmail.com>
   Maintainers_Logins: onox
   Name: orka_egl
   Project_File: orka_egl.gpr
   Project_File: orka_egl_info.gpr
   Tag: egl
   Tag: opengl
   Tag: orka
   Version: 1.0.0
   Website: https://github.com/onox/orka
Dependencies (direct):
   libegl*
Dependencies (external):
   libegl* (direct,hinted)
Dependencies (graph):
   orka_egl=1.0.0 --> libegl*
Dependencies cannot be met


LOG:
Failed to locate log
