Test ran at 2024-05-17 01:42:54.302415+00:00

SOLUTION:
septum=0.0.7: An interactive context-based text search tool for large codebases.
Origin: commit 88e658cae59bbaad518f7e5ba8a55f92b569ed87 from https://github.com/pyjarrett/septum.git
Properties:
   Author: Paul Jarrett
   Description: An interactive context-based text search tool for large codebases.
   Executable: septum
   case OS is
      when Linux => GPR External: Septum_Platform := linux
      when Macos => GPR External: Septum_Platform := macos
      when Windows => GPR External: Septum_Platform := windows
   License: Apache-2.0
   Maintainer: Paul Jarrett <jarrett.paul.young@gmail.com>
   Maintainers_Logins: pyjarrett
   Name: septum
   Tag: search
   Tag: code
   Tag: text
   Version: 0.0.7
   Website: https://github.com/pyjarrett/septum
Dependencies (direct):
   atomic~0.3.0
   dir_iterators~0.0.3
   progress_indicators~0.0.1
   trendy_terminal~0.0.5
Dependencies (solution):
   ansiada=0.1.0
   atomic=0.3.0
   dir_iterators=0.0.4
   progress_indicators=0.0.1
   trendy_terminal=0.0.5
Dependencies (graph):
   progress_indicators=0.0.1 --> ansiada=0.1.0 (~0.1.0)            
   septum=0.0.7              --> atomic=0.3.0 (~0.3.0)             
   septum=0.0.7              --> dir_iterators=0.0.4 (~0.0.3)      
   septum=0.0.7              --> progress_indicators=0.0.1 (~0.0.1)
   septum=0.0.7              --> trendy_terminal=0.0.5 (~0.0.5)    


LOG:
Note: Deploying septum=0.0.7...
Note: Deploying ansiada=0.1.0...
Note: Deploying atomic=0.3.0...
Note: Deploying dir_iterators=0.0.4...
Note: Deploying trendy_terminal=0.0.5...
Note: Deploying progress_indicators=0.0.1...
Note: Building ansiada/ansi.gpr...
Setup
   [mkdir]        object directory for project ANSI
   [mkdir]        exec directory for project ANSI
Compile
   [Ada]          ansi-demo.adb
   [Ada]          ansi.ads
Bind
   [gprbind]      ansi-demo.bexch
   [Ada]          ansi-demo.ali
Link
   [link]         ansi-demo.adb
-macosx_version_min has been renamed to -macos_version_min
ld: warning: ignoring duplicate libraries: '-lSystem'
0  0x104566f43  __assert_rtn + 64
1  0x104468f43  ld::AtomPlacement::findAtom(unsigned char, unsigned long long, ld::AtomPlacement::AtomLoc const*&, long long&) const + 1411
2  0x104485431  ld::InputFiles::SliceParser::parseObjectFile(mach_o::Header const*) const + 19745
3  0x104495e44  ld::InputFiles::parseAllFiles(void (ld::AtomFile const*) block_pointer)::$_7::operator()(unsigned long, ld::FileInfo const&) const + 1380
4  0x7ff81b116def  _dispatch_client_callout2 + 8
5  0x7ff81b128547  _dispatch_apply_invoke3 + 431
6  0x7ff81b116dbc  _dispatch_client_callout + 8
7  0x7ff81b11804e  _dispatch_once_callout + 20
8  0x7ff81b127740  _dispatch_apply_invoke + 184
9  0x7ff81b116dbc  _dispatch_client_callout + 8
10  0x7ff81b1262ca  _dispatch_root_queue_drain + 871
11  0x7ff81b12684f  _dispatch_worker_thread2 + 152
12  0x7ff81b2b4b43  _pthread_wqthread + 262
ld: Assertion failed: (resultIndex < sectData.atoms.size()), function findAtom, file Relocations.cpp, line 1336.
collect2: error: ld returned 1 exit status
gprbuild: link of ansi-demo.adb failed
gprbuild: failed command was: /users/runner/.config/alire/cache/dependencies/gnat_native_10.3.2_e112fd3f/bin/gcc ansi-demo.o b__ansi-demo.o /Users/runner/work/alire-crates-ci/alire-crates-ci/test/813c58b5-8529-47bd-a8e9-2e0392ff54f9/septum_0.0.7_88e658ca/alire/cache/dependencies/ansiada_0.1.0_27a89150/obj/ansi.o -L/Users/runner/work/alire-crates-ci/alire-crates-ci/test/813c58b5-8529-47bd-a8e9-2e0392ff54f9/septum_0.0.7_88e658ca/alire/cache/dependencies/ansiada_0.1.0_27a89150/obj/ -L/Users/runner/work/alire-crates-ci/alire-crates-ci/test/813c58b5-8529-47bd-a8e9-2e0392ff54f9/septum_0.0.7_88e658ca/alire/cache/dependencies/ansiada_0.1.0_27a89150/obj/ -L/users/runner/.config/alire/cache/dependencies/gnat_native_10.3.2_e112fd3f/lib/gcc/x86_64-apple-darwin19.6.0/10.3.0/adalib/ /users/runner/.config/alire/cache/dependencies/gnat_native_10.3.2_e112fd3f/lib/gcc/x86_64-apple-darwin19.6.0/10.3.0/adalib/libgnat.a -Wl,-rpath,@executable_path/..//obj -Wl,-rpath,@executable_path/../../../../../../../../../../..//.config/alire/cache/dependencies/gnat_native_10.3.2_e112fd3f/lib/gcc/x86_64-apple-darwin19.6.0/10.3.0/adalib -o /Users/runner/work/alire-crates-ci/alire-crates-ci/test/813c58b5-8529-47bd-a8e9-2e0392ff54f9/septum_0.0.7_88e658ca/alire/cache/dependencies/ansiada_0.1.0_27a89150/bin//ansi-demo
stderr: Command ["gprbuild", "-s", "-j0", "-p", "-P", "/Users/runner/work/alire-crates-ci/alire-crates-ci/test/813c58b5-8529-47bd-a8e9-2e0392ff54f9/septum_0.0.7_88e658ca/alire/cache/dependencies/ansiada_0.1.0_27a89150/ansi.gpr"] exited with code 4
ERROR: Command ["gprbuild", "-s", "-j0", "-p", "-P", "/Users/runner/work/alire-crates-ci/alire-crates-ci/test/813c58b5-8529-47bd-a8e9-2e0392ff54f9/septum_0.0.7_88e658ca/alire/cache/dependencies/ansiada_0.1.0_27a89150/ansi.gpr"] exited with code 4
stderr: ALIRE.CHECKED_ERROR
stderr: Command ["gprbuild", "-s", "-j0", "-p", "-P", "/Users/runner/work/alire-crates-ci/alire-crates-ci/test/813c58b5-8529-47bd-a8e9-2e0392ff54f9/septum_0.0.7_88e658ca/alire/cache/dependencies/ansiada_0.1.0_27a89150/ansi.gpr"] exited with code 4
stderr: raised ALIRE.CHECKED_ERROR : alire-stored-error:1
Load address: 0x100847000
Call stack traceback locations:
0x10114f415 0x100e22e83 0x101035df9 0x101036581 0x100f96ac3 0x100f94f99 0x100fb1873 0x100ffddc1 0x100ffc3c2 0x100fb19b8 0x100f95349 0x1008a69c1 0x1008b7578 0x1008bc01c 0x10094205c 0x10094d3b8 0x100848605 0x10084b914


Warning: septum=0.0.7 successfully retrieved but its build failed.
Dependencies were solved as follows:

   + ansiada             0.1.0 (new,indirect)
   + atomic              0.3.0 (new)         
   + dir_iterators       0.0.4 (new)         
   + progress_indicators 0.0.1 (new)         
   + trendy_terminal     0.0.5 (new)         
ERROR: Build ended with errors
