Test ran at 2022-09-25 01:30:15.069309+00:00

SOLUTION:
uxstrings=0.4.0+alpha-20220803: Unicode Extended Strings utilities
Origin: commit 44d56c604ade12623e2033979f1ef3f1bfda0b96 from https://github.com/Blady-Com/UXStrings.git
Properties:
   Author: Pascal Pignard
   Description: Unicode Extended Strings utilities
   License: CECILL-2.1
   Maintainer: Pascal Pignard <blady.net@orange.fr>
   Maintainers_Logins: Blady-Com
   Name: uxstrings
   Project_File: lib_uxstrings1.gpr
   Tag: unicode
   Tag: dynamic
   Tag: string
   Version: 0.4.0+alpha-20220803
   Website: https://github.com/Blady-Com/UXStrings
Dependencies (direct):
   gnat>=2021 | (>=12 & <2000)
   simple_components^4.62.0
Dependencies (solution):
   gnat=12.1.0 (gnat_external)
   simple_components=4.62.0
Dependencies (external):
   libgnutls^3.5.8 (indirect,hinted)
   unixodbc^2.3 (indirect,hinted)
Dependencies (graph):
   simple_components=4.62.0       --> gnat=12.1.0 (gnat_external) (>=2021 | (>=12 & <2000))
   simple_components=4.62.0       --> libgnutls^3.5.8                                      
   simple_components=4.62.0       --> unixodbc^2.3                                         
   uxstrings=0.4.0+alpha-20220803 --> gnat=12.1.0 (gnat_external) (>=2021 | (>=12 & <2000))
   uxstrings=0.4.0+alpha-20220803 --> simple_components=4.62.0 (^4.62.0)                   
Dependencies cannot be met


LOG:
Failed to locate log
