Test ran at 2022-05-31 04:58:51.531013+00:00

SOLUTION:
semantic_versioning=2.1.0: Semantic Versioning in Ada
Origin: commit cc69201134c0a8d695b767a1fd1bf4fd8f6f3880 from https://github.com/alire-project/semantic_versioning.git
Properties:
   Author: Alejandro R. Mosteo
   Description: Semantic Versioning in Ada
   License: LGPL-3.0-only
   Maintainer: alejandro@mosteo.com
   Maintainers_Logins: mosteo
   Name: semantic_versioning
   Tag: semver
   Tag: semantic
   Tag: versioning
   Version: 2.1
   Website: https://github.com/alire-project/semantic_versioning


LOG:
Note: Deploying release semantic_versioning=2.1.0...
Cloning into '/home/runner/work/alire-crates-ci/alire-crates-ci/test/cd94082d-5333-4ba1-9e3e-648bfa8ac497/alr-iiie.tmp'...
remote: Enumerating objects: 354, done.        
remote: Counting objects:   1% (1/91)        
remote: Counting objects:   2% (2/91)        
remote: Counting objects:   3% (3/91)        
remote: Counting objects:   4% (4/91)        
remote: Counting objects:   5% (5/91)        
remote: Counting objects:   6% (6/91)        
remote: Counting objects:   7% (7/91)        
remote: Counting objects:   8% (8/91)        
remote: Counting objects:   9% (9/91)        
remote: Counting objects:  10% (10/91)        
remote: Counting objects:  12% (11/91)        
remote: Counting objects:  13% (12/91)        
remote: Counting objects:  14% (13/91)        
remote: Counting objects:  15% (14/91)        
remote: Counting objects:  16% (15/91)        
remote: Counting objects:  17% (16/91)        
remote: Counting objects:  18% (17/91)        
remote: Counting objects:  19% (18/91)        
remote: Counting objects:  20% (19/91)        
remote: Counting objects:  21% (20/91)        
remote: Counting objects:  23% (21/91)        
remote: Counting objects:  24% (22/91)        
remote: Counting objects:  25% (23/91)        
remote: Counting objects:  26% (24/91)        
remote: Counting objects:  27% (25/91)        
remote: Counting objects:  28% (26/91)        
remote: Counting objects:  29% (27/91)        
remote: Counting objects:  30% (28/91)        
remote: Counting objects:  31% (29/91)        
remote: Counting objects:  32% (30/91)        
remote: Counting objects:  34% (31/91)        
remote: Counting objects:  35% (32/91)        
remote: Counting objects:  36% (33/91)        
remote: Counting objects:  37% (34/91)        
remote: Counting objects:  38% (35/91)        
remote: Counting objects:  39% (36/91)        
remote: Counting objects:  40% (37/91)        
remote: Counting objects:  41% (38/91)        
remote: Counting objects:  42% (39/91)        
remote: Counting objects:  43% (40/91)        
remote: Counting objects:  45% (41/91)        
remote: Counting objects:  46% (42/91)        
remote: Counting objects:  47% (43/91)        
remote: Counting objects:  48% (44/91)        
remote: Counting objects:  49% (45/91)        
remote: Counting objects:  50% (46/91)        
remote: Counting objects:  51% (47/91)        
remote: Counting objects:  52% (48/91)        
remote: Counting objects:  53% (49/91)        
remote: Counting objects:  54% (50/91)        
remote: Counting objects:  56% (51/91)        
remote: Counting objects:  57% (52/91)        
remote: Counting objects:  58% (53/91)        
remote: Counting objects:  59% (54/91)        
remote: Counting objects:  60% (55/91)        
remote: Counting objects:  61% (56/91)        
remote: Counting objects:  62% (57/91)        
remote: Counting objects:  63% (58/91)        
remote: Counting objects:  64% (59/91)        
remote: Counting objects:  65% (60/91)        
remote: Counting objects:  67% (61/91)        
remote: Counting objects:  68% (62/91)        
remote: Counting objects:  69% (63/91)        
remote: Counting objects:  70% (64/91)        
remote: Counting objects:  71% (65/91)        
remote: Counting objects:  72% (66/91)        
remote: Counting objects:  73% (67/91)        
remote: Counting objects:  74% (68/91)        
remote: Counting objects:  75% (69/91)        
remote: Counting objects:  76% (70/91)        
remote: Counting objects:  78% (71/91)        
remote: Counting objects:  79% (72/91)        
remote: Counting objects:  80% (73/91)        
remote: Counting objects:  81% (74/91)        
remote: Counting objects:  82% (75/91)        
remote: Counting objects:  83% (76/91)        
remote: Counting objects:  84% (77/91)        
remote: Counting objects:  85% (78/91)        
remote: Counting objects:  86% (79/91)        
remote: Counting objects:  87% (80/91)        
remote: Counting objects:  89% (81/91)        
remote: Counting objects:  90% (82/91)        
remote: Counting objects:  91% (83/91)        
remote: Counting objects:  92% (84/91)        
remote: Counting objects:  93% (85/91)        
remote: Counting objects:  94% (86/91)        
remote: Counting objects:  95% (87/91)        
remote: Counting objects:  96% (88/91)        
remote: Counting objects:  97% (89/91)        
remote: Counting objects:  98% (90/91)        
remote: Counting objects: 100% (91/91)        
remote: Counting objects: 100% (91/91), done.        
remote: Compressing objects:   1% (1/64)        
remote: Compressing objects:   3% (2/64)        
remote: Compressing objects:   4% (3/64)        
remote: Compressing objects:   6% (4/64)        
remote: Compressing objects:   7% (5/64)        
remote: Compressing objects:   9% (6/64)        
remote: Compressing objects:  10% (7/64)        
remote: Compressing objects:  12% (8/64)        
remote: Compressing objects:  14% (9/64)        
remote: Compressing objects:  15% (10/64)        
remote: Compressing objects:  17% (11/64)        
remote: Compressing objects:  18% (12/64)        
remote: Compressing objects:  20% (13/64)        
remote: Compressing objects:  21% (14/64)        
remote: Compressing objects:  23% (15/64)        
remote: Compressing objects:  25% (16/64)        
remote: Compressing objects:  26% (17/64)        
remote: Compressing objects:  28% (18/64)        
remote: Compressing objects:  29% (19/64)        
remote: Compressing objects:  31% (20/64)        
remote: Compressing objects:  32% (21/64)        
remote: Compressing objects:  34% (22/64)        
remote: Compressing objects:  35% (23/64)        
remote: Compressing objects:  37% (24/64)        
remote: Compressing objects:  39% (25/64)        
remote: Compressing objects:  40% (26/64)        
remote: Compressing objects:  42% (27/64)        
remote: Compressing objects:  43% (28/64)        
remote: Compressing objects:  45% (29/64)        
remote: Compressing objects:  46% (30/64)        
remote: Compressing objects:  48% (31/64)        
remote: Compressing objects:  50% (32/64)        
remote: Compressing objects:  51% (33/64)        
remote: Compressing objects:  53% (34/64)        
remote: Compressing objects:  54% (35/64)        
remote: Compressing objects:  56% (36/64)        
remote: Compressing objects:  57% (37/64)        
remote: Compressing objects:  59% (38/64)        
remote: Compressing objects:  60% (39/64)        
remote: Compressing objects:  62% (40/64)        
remote: Compressing objects:  64% (41/64)        
remote: Compressing objects:  65% (42/64)        
remote: Compressing objects:  67% (43/64)        
remote: Compressing objects:  68% (44/64)        
remote: Compressing objects:  70% (45/64)        
remote: Compressing objects:  71% (46/64)        
remote: Compressing objects:  73% (47/64)        
remote: Compressing objects:  75% (48/64)        
remote: Compressing objects:  76% (49/64)        
remote: Compressing objects:  78% (50/64)        
remote: Compressing objects:  79% (51/64)        
remote: Compressing objects:  81% (52/64)        
remote: Compressing objects:  82% (53/64)        
remote: Compressing objects:  84% (54/64)        
remote: Compressing objects:  85% (55/64)        
remote: Compressing objects:  87% (56/64)        
remote: Compressing objects:  89% (57/64)        
remote: Compressing objects:  90% (58/64)        
remote: Compressing objects:  92% (59/64)        
remote: Compressing objects:  93% (60/64)        
remote: Compressing objects:  95% (61/64)        
remote: Compressing objects:  96% (62/64)        
remote: Compressing objects:  98% (63/64)        
remote: Compressing objects: 100% (64/64)        
remote: Compressing objects: 100% (64/64), done.        
Receiving objects:   0% (1/354)
Receiving objects:   1% (4/354)
Receiving objects:   2% (8/354)
Receiving objects:   3% (11/354)
Receiving objects:   4% (15/354)
Receiving objects:   5% (18/354)
Receiving objects:   6% (22/354)
Receiving objects:   7% (25/354)
Receiving objects:   8% (29/354)
Receiving objects:   9% (32/354)
Receiving objects:  10% (36/354)
Receiving objects:  11% (39/354)
Receiving objects:  12% (43/354)
Receiving objects:  13% (47/354)
Receiving objects:  14% (50/354)
Receiving objects:  15% (54/354)
Receiving objects:  16% (57/354)
Receiving objects:  17% (61/354)
Receiving objects:  18% (64/354)
Receiving objects:  19% (68/354)
Receiving objects:  20% (71/354)
Receiving objects:  21% (75/354)
Receiving objects:  22% (78/354)
Receiving objects:  23% (82/354)
Receiving objects:  24% (85/354)
Receiving objects:  25% (89/354)
Receiving objects:  26% (93/354)
Receiving objects:  27% (96/354)
Receiving objects:  28% (100/354)
Receiving objects:  29% (103/354)
Receiving objects:  30% (107/354)
Receiving objects:  31% (110/354)
Receiving objects:  32% (114/354)
Receiving objects:  33% (117/354)
Receiving objects:  34% (121/354)
Receiving objects:  35% (124/354)
Receiving objects:  36% (128/354)
Receiving objects:  37% (131/354)
Receiving objects:  38% (135/354)
Receiving objects:  39% (139/354)
Receiving objects:  40% (142/354)
Receiving objects:  41% (146/354)
Receiving objects:  42% (149/354)
Receiving objects:  43% (153/354)
Receiving objects:  44% (156/354)
Receiving objects:  45% (160/354)
Receiving objects:  46% (163/354)
Receiving objects:  47% (167/354)
Receiving objects:  48% (170/354)
Receiving objects:  49% (174/354)
Receiving objects:  50% (177/354)
Receiving objects:  51% (181/354)
Receiving objects:  52% (185/354)
Receiving objects:  53% (188/354)
Receiving objects:  54% (192/354)
Receiving objects:  55% (195/354)
Receiving objects:  56% (199/354)
Receiving objects:  57% (202/354)
Receiving objects:  58% (206/354)
Receiving objects:  59% (209/354)
Receiving objects:  60% (213/354)
Receiving objects:  61% (216/354)
Receiving objects:  62% (220/354)
Receiving objects:  63% (224/354)
Receiving objects:  64% (227/354)
Receiving objects:  65% (231/354)
Receiving objects:  66% (234/354)
Receiving objects:  67% (238/354)
Receiving objects:  68% (241/354)
Receiving objects:  69% (245/354)
Receiving objects:  70% (248/354)
Receiving objects:  71% (252/354)
Receiving objects:  72% (255/354)
Receiving objects:  73% (259/354)
Receiving objects:  74% (262/354)
Receiving objects:  75% (266/354)
Receiving objects:  76% (270/354)
Receiving objects:  77% (273/354)
Receiving objects:  78% (277/354)
Receiving objects:  79% (280/354)
Receiving objects:  80% (284/354)
Receiving objects:  81% (287/354)
Receiving objects:  82% (291/354)
Receiving objects:  83% (294/354)
Receiving objects:  84% (298/354)
Receiving objects:  85% (301/354)
Receiving objects:  86% (305/354)
Receiving objects:  87% (308/354)
Receiving objects:  88% (312/354)
Receiving objects:  89% (316/354)
Receiving objects:  90% (319/354)
Receiving objects:  91% (323/354)
remote: Total 354 (delta 46), reused 52 (delta 19), pack-reused 263        
Receiving objects:  92% (326/354)
Receiving objects:  93% (330/354)
Receiving objects:  94% (333/354)
Receiving objects:  95% (337/354)
Receiving objects:  96% (340/354)
Receiving objects:  97% (344/354)
Receiving objects:  98% (347/354)
Receiving objects:  99% (351/354)
Receiving objects: 100% (354/354)
Receiving objects: 100% (354/354), 87.24 KiB | 7.93 MiB/s, done.
Resolving deltas:   0% (0/211)
Resolving deltas:   1% (3/211)
Resolving deltas:   2% (5/211)
Resolving deltas:   3% (7/211)
Resolving deltas:   4% (9/211)
Resolving deltas:   5% (11/211)
Resolving deltas:   6% (13/211)
Resolving deltas:   7% (15/211)
Resolving deltas:   8% (17/211)
Resolving deltas:   9% (19/211)
Resolving deltas:  10% (22/211)
Resolving deltas:  11% (24/211)
Resolving deltas:  12% (26/211)
Resolving deltas:  13% (28/211)
Resolving deltas:  14% (30/211)
Resolving deltas:  15% (32/211)
Resolving deltas:  16% (34/211)
Resolving deltas:  17% (36/211)
Resolving deltas:  18% (38/211)
Resolving deltas:  19% (41/211)
Resolving deltas:  20% (43/211)
Resolving deltas:  21% (45/211)
Resolving deltas:  22% (47/211)
Resolving deltas:  23% (49/211)
Resolving deltas:  24% (51/211)
Resolving deltas:  25% (53/211)
Resolving deltas:  26% (55/211)
Resolving deltas:  27% (57/211)
Resolving deltas:  28% (60/211)
Resolving deltas:  29% (62/211)
Resolving deltas:  30% (64/211)
Resolving deltas:  31% (66/211)
Resolving deltas:  32% (68/211)
Resolving deltas:  33% (70/211)
Resolving deltas:  34% (72/211)
Resolving deltas:  35% (74/211)
Resolving deltas:  36% (76/211)
Resolving deltas:  37% (79/211)
Resolving deltas:  38% (81/211)
Resolving deltas:  39% (83/211)
Resolving deltas:  40% (85/211)
Resolving deltas:  41% (87/211)
Resolving deltas:  42% (89/211)
Resolving deltas:  43% (91/211)
Resolving deltas:  44% (93/211)
Resolving deltas:  45% (95/211)
Resolving deltas:  46% (98/211)
Resolving deltas:  47% (100/211)
Resolving deltas:  48% (102/211)
Resolving deltas:  49% (104/211)
Resolving deltas:  50% (106/211)
Resolving deltas:  51% (108/211)
Resolving deltas:  52% (110/211)
Resolving deltas:  53% (112/211)
Resolving deltas:  54% (114/211)
Resolving deltas:  55% (117/211)
Resolving deltas:  56% (119/211)
Resolving deltas:  57% (121/211)
Resolving deltas:  58% (123/211)
Resolving deltas:  59% (125/211)
Resolving deltas:  60% (128/211)
Resolving deltas:  61% (129/211)
Resolving deltas:  62% (131/211)
Resolving deltas:  63% (133/211)
Resolving deltas:  64% (136/211)
Resolving deltas:  65% (138/211)
Resolving deltas:  66% (140/211)
Resolving deltas:  67% (142/211)
Resolving deltas:  68% (144/211)
Resolving deltas:  69% (147/211)
Resolving deltas:  70% (148/211)
Resolving deltas:  71% (150/211)
Resolving deltas:  72% (152/211)
Resolving deltas:  73% (155/211)
Resolving deltas:  74% (157/211)
Resolving deltas:  75% (159/211)
Resolving deltas:  76% (161/211)
Resolving deltas:  77% (163/211)
Resolving deltas:  78% (165/211)
Resolving deltas:  79% (167/211)
Resolving deltas:  80% (169/211)
Resolving deltas:  81% (171/211)
Resolving deltas:  82% (174/211)
Resolving deltas:  83% (176/211)
Resolving deltas:  84% (178/211)
Resolving deltas:  85% (180/211)
Resolving deltas:  86% (182/211)
Resolving deltas:  87% (184/211)
Resolving deltas:  88% (186/211)
Resolving deltas:  89% (188/211)
Resolving deltas:  90% (190/211)
Resolving deltas:  91% (193/211)
Resolving deltas:  92% (195/211)
Resolving deltas:  93% (197/211)
Resolving deltas:  94% (199/211)
Resolving deltas:  95% (201/211)
Resolving deltas:  96% (203/211)
Resolving deltas:  97% (205/211)
Resolving deltas:  98% (207/211)
Resolving deltas:  99% (209/211)
Resolving deltas: 100% (211/211)
Resolving deltas: 100% (211/211), done.
Setup
   [mkdir]        object directory for project Semantic_Versioning
   [mkdir]        exec directory for project Semantic_Versioning
Compile
   [Ada]          semantic_versioning-demo.adb
   [Ada]          semantic_versioning-parser.adb
   [Ada]          semantic_versioning-extended-parser.adb
   [Ada]          semantic_versioning.adb
   [Ada]          semantic_versioning-extended.adb
   [Ada]          semantic_versioning-basic.adb
Bind
   [gprbind]      semantic_versioning-demo.bexch
   [gprbind]      semantic_versioning-parser.bexch
   [Ada]          semantic_versioning-demo.ali
   [Ada]          semantic_versioning-parser.ali
   [gprbind]      semantic_versioning-extended-parser.bexch
   [Ada]          semantic_versioning-extended-parser.ali
Link
   [link]         semantic_versioning-demo.adb
   [link]         semantic_versioning-parser.adb
   [link]         semantic_versioning-extended-parser.adb

semantic_versioning=2.1.0 successfully retrieved and built.
There are no dependencies.
