Test ran at 2024-10-08 01:06:07.533298+00:00

SOLUTION:
gnat_arm_elf=12.2.1: The GNAT Ada compiler - ARM cross-compiler
Provides: gnat=12.2.1
Origin: (case OS is Linux => (case Host_Arch is X86_64 => binary archive gnat-arm-elf-linux64-12.2.0-1.tar.gz at https://github.com/alire-project/GNAT-FSF-builds/releases/download/gnat-12.2.0-1/gnat-arm-elf-linux64-12.2.0-1.tar.gz), Macos => (case Host_Arch is X86_64 => binary archive gnat-arm-elf-darwin-12.2.0-1.tar.gz at https://github.com/alire-project/GNAT-FSF-builds/releases/download/gnat-12.2.0-1/gnat-arm-elf-darwin-12.2.0-1.tar.gz), Windows => (case Host_Arch is X86_64 => binary archive gnat-arm-elf-windows64-12.2.0-1.tar.gz at https://github.com/alire-project/GNAT-FSF-builds/releases/download/gnat-12.2.0-1/gnat-arm-elf-windows64-12.2.0-1.tar.gz)) with hash sha256:351564ba5d651acc0290ec4b27679abffd757cd4f58bd07403f69d3ab94682d5
Properties:
   Auto_Gpr_With: auto-gpr-with=false
   Configuration: no modifiers
   Description: The GNAT Ada compiler - ARM cross-compiler
   Environment: PATH=${CRATE_ROOT}/bin:${PATH}
   License: GPL-3.0-or-later AND GPL-3.0-or-later WITH GCC-exception-3.1
   Maintainer: chouteau@adacore.com
   Maintainers_Logins: Fabien-Chouteau
   Name: gnat_arm_elf
   Version: 12.2.1


LOG:
Note: Deploying gnat_arm_elf=12.2.1...
#=#=#                                                                         

                                                                           0.0%
#                                                                          2.6%
###                                                                        5.1%
#####                                                                      7.6%
#######                                                                   10.2%
#########                                                                 12.7%
##########                                                                15.3%
############                                                              17.7%
##############                                                            20.3%
################                                                          23.6%
##################                                                        25.3%
####################                                                      27.8%
#####################                                                     30.3%
#######################                                                   32.9%
#########################                                                 35.4%
#############################                                             40.3%
##############################                                            43.0%
################################                                          45.5%
##################################                                        48.0%
#####################################                                     51.9%
########################################                                  55.6%
###########################################                               60.7%
#############################################                             63.2%
###############################################                           65.7%
##################################################                        69.8%
####################################################                      73.3%
#######################################################                   76.8%
########################################################                  78.8%
###########################################################               82.0%
############################################################              83.6%
#############################################################             85.9%
###############################################################           88.4%
###############################################################           88.5%
#################################################################         91.0%
###################################################################       93.5%
#####################################################################     96.0%
######################################################################    98.6%
######################################################################## 100.0%

gnat_arm_elf=12.2.1 successfully retrieved.
There are no dependencies.
Warning: Binary release does not contain default project file: gnat_arm_elf.gpr
