Test ran at 2025-01-21 12:30:15.297419+00:00

SOLUTION:
matreshka_amf_mofext=21.0.0: The UML mofext for AMF
Origin: commit 1ae53d45dcee2172c03ed7856a6f194d6deb4f27 from https://github.com/reznikmm/matreshka-alire
Properties:
   Author: Vadim Godunko
   Description: The UML mofext for AMF
   License: BSD-3-Clause
   Maintainer: Vadim Godunko <vgodunko@gmail.com>
   Maintainer: Maxim Reznik <reznikmm@gmail.com>
   Maintainers_Logins: godunko
   Maintainers_Logins: reznikmm
   Name: matreshka_amf_mofext
   Project_File: build_matreshka_amf_mofext.gpr
   Tag: uml
   Tag: meta
   Tag: diagram
   Version: 21.0.0
   Website: https://github.com/godunko/matreshka
Dependencies (direct):
   matreshka_amf_uml21.0.0
   matreshka_league21.0.0
Dependencies (solution):
   gnat=10.3.2 (gnat_native) (installed)
   make=3.81.0
   matreshka_amf=21.0.0
   matreshka_amf_dd=21.0.0
   matreshka_amf_uml=21.0.0
   matreshka_league=21.0.0
   matreshka_xml=21.0.0
Dependencies (graph):
   matreshka_amf=21.0.0        --> matreshka_league=21.0.0 (21.0.0) 
   matreshka_amf=21.0.0        --> matreshka_xml=21.0.0 (21.0.0)    
   matreshka_amf_dd=21.0.0     --> matreshka_amf=21.0.0 (21.0.0)    
   matreshka_amf_dd=21.0.0     --> matreshka_league=21.0.0 (21.0.0) 
   matreshka_amf_mofext=21.0.0 --> matreshka_amf_uml=21.0.0 (21.0.0)
   matreshka_amf_mofext=21.0.0 --> matreshka_league=21.0.0 (21.0.0) 
   matreshka_amf_uml=21.0.0    --> matreshka_amf_dd=21.0.0 (21.0.0) 
   matreshka_amf_uml=21.0.0    --> matreshka_league=21.0.0 (21.0.0) 
   matreshka_league=21.0.0     --> gnat=10.3.2 (gnat_native) (<2000)
   matreshka_league=21.0.0     --> make=3.81.0 (*)                  
   matreshka_xml=21.0.0        --> matreshka_league=21.0.0 (21.0.0) 


LOG:
Note: Deploying matreshka_amf_mofext=21.0.0...
Note: Deploying make=3.81.0...
Note: Deploying matreshka_league=21.0.0...
#=#=#                                                                          
##O#-#                                                                         

                                                                           0.0%
#########                                                                 12.6%
##########################                                                36.3%
#######################################                                   55.5%
########################################################                  78.9%
####################################################################      94.7%
######################################################################## 100.0%
Note: Running post_fetch actions for matreshka_league=21.0.0...
gnatmake -p -j0  -Pgnat/tools_configure.gpr
Setup
   [mkdir]        object directory for project Tools_Configure
Compile
   [Ada]          configure-driver.adb
   [Ada]          configure.adb
   [Ada]          configure-architecture.adb
   [Ada]          configure-instantiate.adb
   [Ada]          configure-internals.adb
   [Ada]          configure-rtl_version.adb
   [Ada]          configure-tests.ads
   [Ada]          configure-tests-asis.adb
   [Ada]          configure-tests-aws.adb
   [Ada]          configure-tests-firebird.adb
   [Ada]          configure-tests-gprbuild.adb
   [Ada]          configure-tests-install.adb
   [Ada]          configure-tests-installation_directories.adb
   [Ada]          configure-tests-modules.ads
   [Ada]          configure-tests-modules-amf.adb
   [Ada]          configure-tests-mysql.adb
   [Ada]          configure-tests-oci.adb
   [Ada]          configure-tests-operating_system.adb
   [Ada]          configure-tests-postgresql.adb
   [Ada]          configure-tests-sqlite3.adb
   [Ada]          configure-tests-valgrind.adb
   [Ada]          configure-version.adb
   [Ada]          configure-builder.adb
   [Ada]          configure-abstract_tests.adb
   [Ada]          configure-pkg_config.adb
   [Ada]          configure-component_switches.adb
Bind
   [gprbind]      configure-driver.bexch
   [Ada]          configure-driver.ali
Link
   [link]         configure-driver.adb
-macosx_version_min has been renamed to -macos_version_min
ld: warning: ignoring duplicate libraries: '-lSystem'
ld: warning: Support for dylib stub (MH_DYLIB_STUB) file '/Users/runner/.config/alire/cache/dependencies/gnat_native_10.3.2_e112fd3f/lib/libgcc_ext.10.5.dylib' is deprecated, text-based stubs should be used instead (with `GENERATE_TEXT_BASED_STUBS` build setting, or `tapi` tool)
ld: malformed mach-o missing relocations, LC_DYLD_INFO, or LC_DYLD_CHAINED_FIXUPS in '/Users/runner/.config/alire/cache/dependencies/gnat_native_10.3.2_e112fd3f/lib/libgcc_ext.10.5.dylib'
collect2: error: ld returned 1 exit status
gprbuild: link of configure-driver.adb failed
gprbuild: failed command was: /users/runner/.config/alire/cache/dependencies/gnat_native_10.3.2_e112fd3f/bin/gcc configure-driver.o b__configure-driver.o /Users/runner/work/alire-crates-ci/alire-crates-ci/test/990a25f6-722a-43e0-8e06-05d8e82fc20d/matreshka_amf_mofext_21.0.0_1ae53d45/alire/cache/dependencies/matreshka_league_21.0.0_0c8f4d47/.objs/configure/configure.o /Users/runner/work/alire-crates-ci/alire-crates-ci/test/990a25f6-722a-43e0-8e06-05d8e82fc20d/matreshka_amf_mofext_21.0.0_1ae53d45/alire/cache/dependencies/matreshka_league_21.0.0_0c8f4d47/.objs/configure/configure-component_switches.o /Users/runner/work/alire-crates-ci/alire-crates-ci/test/990a25f6-722a-43e0-8e06-05d8e82fc20d/matreshka_amf_mofext_21.0.0_1ae53d45/alire/cache/dependencies/matreshka_league_21.0.0_0c8f4d47/.objs/configure/configure-instantiate.o /Users/runner/work/alire-crates-ci/alire-crates-ci/test/990a25f6-722a-43e0-8e06-05d8e82fc20d/matreshka_amf_mofext_21.0.0_1ae53d45/alire/cache/dependencies/matreshka_league_21.0.0_0c8f4d47/.objs/configure/configure-internals.o /Users/runner/work/alire-crates-ci/alire-crates-ci/test/990a25f6-722a-43e0-8e06-05d8e82fc20d/matreshka_amf_mofext_21.0.0_1ae53d45/alire/cache/dependencies/matreshka_league_21.0.0_0c8f4d47/.objs/configure/configure-abstract_tests.o /Users/runner/work/alire-crates-ci/alire-crates-ci/test/990a25f6-722a-43e0-8e06-05d8e82fc20d/matreshka_amf_mofext_21.0.0_1ae53d45/alire/cache/dependencies/matreshka_league_21.0.0_0c8f4d47/.objs/configure/configure-builder.o /Users/runner/work/alire-crates-ci/alire-crates-ci/test/990a25f6-722a-43e0-8e06-05d8e82fc20d/matreshka_amf_mofext_21.0.0_1ae53d45/alire/cache/dependencies/matreshka_league_21.0.0_0c8f4d47/.objs/configure/configure-architecture.o /Users/runner/work/alire-crates-ci/alire-crates-ci/test/990a25f6-722a-43e0-8e06-05d8e82fc20d/matreshka_amf_mofext_21.0.0_1ae53d45/alire/cache/dependencies/matreshka_league_21.0.0_0c8f4d47/.objs/configure/configure-pkg_config.o /Users/runner/work/alire-crates-ci/alire-crates-ci/test/990a25f6-722a-43e0-8e06-05d8e82fc20d/matreshka_amf_mofext_21.0.0_1ae53d45/alire/cache/dependencies/matreshka_league_21.0.0_0c8f4d47/.objs/configure/configure-rtl_version.o /Users/runner/work/alire-crates-ci/alire-crates-ci/test/990a25f6-722a-43e0-8e06-05d8e82fc20d/matreshka_amf_mofext_21.0.0_1ae53d45/alire/cache/dependencies/matreshka_league_21.0.0_0c8f4d47/.objs/configure/configure-tests.o /Users/runner/work/alire-crates-ci/alire-crates-ci/test/990a25f6-722a-43e0-8e06-05d8e82fc20d/matreshka_amf_mofext_21.0.0_1ae53d45/alire/cache/dependencies/matreshka_league_21.0.0_0c8f4d47/.objs/configure/configure-tests-asis.o /Users/runner/work/alire-crates-ci/alire-crates-ci/test/990a25f6-722a-43e0-8e06-05d8e82fc20d/matreshka_amf_mofext_21.0.0_1ae53d45/alire/cache/dependencies/matreshka_league_21.0.0_0c8f4d47/.objs/configure/configure-tests-aws.o /Users/runner/work/alire-crates-ci/alire-crates-ci/test/990a25f6-722a-43e0-8e06-05d8e82fc20d/matreshka_amf_mofext_21.0.0_1ae53d45/alire/cache/dependencies/matreshka_league_21.0.0_0c8f4d47/.objs/configure/configure-tests-firebird.o /Users/runner/work/alire-crates-ci/alire-crates-ci/test/990a25f6-722a-43e0-8e06-05d8e82fc20d/matreshka_amf_mofext_21.0.0_1ae53d45/alire/cache/dependencies/matreshka_league_21.0.0_0c8f4d47/.objs/configure/configure-tests-gprbuild.o /Users/runner/work/alire-crates-ci/alire-crates-ci/test/990a25f6-722a-43e0-8e06-05d8e82fc20d/matreshka_amf_mofext_21.0.0_1ae53d45/alire/cache/dependencies/matreshka_league_21.0.0_0c8f4d47/.objs/configure/configure-tests-install.o /Users/runner/work/alire-crates-ci/alire-crates-ci/test/990a25f6-722a-43e0-8e06-05d8e82fc20d/matreshka_amf_mofext_21.0.0_1ae53d45/alire/cache/dependencies/matreshka_league_21.0.0_0c8f4d47/.objs/configure/configure-tests-installation_directories.o /Users/runner/work/alire-crates-ci/alire-crates-ci/test/990a25f6-722a-43e0-8e06-05d8e82fc20d/matreshka_amf_mofext_21.0.0_1ae53d45/alire/cache/dependencies/matreshka_league_21.0.0_0c8f4d47/.objs/configure/configure-tests-modules.o /Users/runner/work/alire-crates-ci/alire-crates-ci/test/990a25f6-722a-43e0-8e06-05d8e82fc20d/matreshka_amf_mofext_21.0.0_1ae53d45/alire/cache/dependencies/matreshka_league_21.0.0_0c8f4d47/.objs/configure/configure-tests-mysql.o /Users/runner/work/alire-crates-ci/alire-crates-ci/test/990a25f6-722a-43e0-8e06-05d8e82fc20d/matreshka_amf_mofext_21.0.0_1ae53d45/alire/cache/dependencies/matreshka_league_21.0.0_0c8f4d47/.objs/configure/configure-tests-operating_system.o /Users/runner/work/alire-crates-ci/alire-crates-ci/test/990a25f6-722a-43e0-8e06-05d8e82fc20d/matreshka_amf_mofext_21.0.0_1ae53d45/alire/cache/dependencies/matreshka_league_21.0.0_0c8f4d47/.objs/configure/configure-tests-modules-amf.o /Users/runner/work/alire-crates-ci/alire-crates-ci/test/990a25f6-722a-43e0-8e06-05d8e82fc20d/matreshka_amf_mofext_21.0.0_1ae53d45/alire/cache/dependencies/matreshka_league_21.0.0_0c8f4d47/.objs/configure/configure-tests-oci.o /Users/runner/work/alire-crates-ci/alire-crates-ci/test/990a25f6-722a-43e0-8e06-05d8e82fc20d/matreshka_amf_mofext_21.0.0_1ae53d45/alire/cache/dependencies/matreshka_league_21.0.0_0c8f4d47/.objs/configure/configure-tests-postgresql.o /Users/runner/work/alire-crates-ci/alire-crates-ci/test/990a25f6-722a-43e0-8e06-05d8e82fc20d/matreshka_amf_mofext_21.0.0_1ae53d45/alire/cache/dependencies/matreshka_league_21.0.0_0c8f4d47/.objs/configure/configure-tests-sqlite3.o /Users/runner/work/alire-crates-ci/alire-crates-ci/test/990a25f6-722a-43e0-8e06-05d8e82fc20d/matreshka_amf_mofext_21.0.0_1ae53d45/alire/cache/dependencies/matreshka_league_21.0.0_0c8f4d47/.objs/configure/configure-tests-valgrind.o /Users/runner/work/alire-crates-ci/alire-crates-ci/test/990a25f6-722a-43e0-8e06-05d8e82fc20d/matreshka_amf_mofext_21.0.0_1ae53d45/alire/cache/dependencies/matreshka_league_21.0.0_0c8f4d47/.objs/configure/configure-version.o -L/Users/runner/work/alire-crates-ci/alire-crates-ci/test/990a25f6-722a-43e0-8e06-05d8e82fc20d/matreshka_amf_mofext_21.0.0_1ae53d45/alire/cache/dependencies/matreshka_league_21.0.0_0c8f4d47/.objs/configure/ -L/Users/runner/work/alire-crates-ci/alire-crates-ci/test/990a25f6-722a-43e0-8e06-05d8e82fc20d/matreshka_amf_mofext_21.0.0_1ae53d45/alire/cache/dependencies/matreshka_league_21.0.0_0c8f4d47/.objs/configure/ -L/users/runner/.config/alire/cache/dependencies/gnat_native_10.3.2_e112fd3f/lib/gcc/x86_64-apple-darwin19.6.0/10.3.0/adalib/ /users/runner/.config/alire/cache/dependencies/gnat_native_10.3.2_e112fd3f/lib/gcc/x86_64-apple-darwin19.6.0/10.3.0/adalib/libgnat.a -Wl,-rpath,@executable_path//.objs/configure -Wl,-rpath,@executable_path/../../../../../../../../../..//.config/alire/cache/dependencies/gnat_native_10.3.2_e112fd3f/lib/gcc/x86_64-apple-darwin19.6.0/10.3.0/adalib -o /Users/runner/work/alire-crates-ci/alire-crates-ci/test/990a25f6-722a-43e0-8e06-05d8e82fc20d/matreshka_amf_mofext_21.0.0_1ae53d45/alire/cache/dependencies/matreshka_league_21.0.0_0c8f4d47//configure
make: *** [config] Error 5
stderr: Command ["make", "reconfig"] exited with code 2
stderr: ALIRE.CHECKED_ERROR
stderr: Command ["make", "reconfig"] exited with code 2
stderr: raised ALIRE.CHECKED_ERROR : alire-stored-error:1
Load address: 0x1027c2000
Call stack traceback locations:
0x1030ca415 0x102d9de83 0x102da3729 0x102da4909 0x102da3d1b 0x102f15299 0x102f15fd4 0x102f2c873 0x102f78dc1 0x102f773c2 0x102f2c9b8 0x102f16346 0x1028321cf 0x10283701c 0x1028bd05c 0x1028c83b8 0x1027c3605 0x1027c6914

stderr: A post-fetch action failed, re-run with -vv -d for details
ERROR: A post-fetch action failed, re-run with -vv -d for details
