Test ran at 2022-06-20 13:11:45.563630+00:00

SOLUTION:
matreshka_sql_firebird=21.0.0: Firebird SQL binding for Ada
Origin: commit 3f0d1ed6f8ca07fbe19bcb05ec8018a24d36c815 from https://github.com/reznikmm/matreshka-alire
Properties:
   Author: Vadim Godunko
   Description: Firebird SQL binding for Ada
   License: BSD-3-Clause
   Maintainer: Vadim Godunko <vgodunko@gmail.com>
   Maintainer: Maxim Reznik <reznikmm@gmail.com>
   Maintainers_Logins: godunko
   Maintainers_Logins: reznikmm
   Name: matreshka_sql_firebird
   Project_File: build_matreshka_sql_firebird.gpr
   Tag: sql
   Tag: database
   Tag: db
   Tag: firebird
   Version: 21.0.0
   Website: https://forge.ada-ru.org/matreshka
Dependencies (direct):
   libfbclient*
   matreshka_league21.0.0
   matreshka_sql21.0.0
Dependencies (solution):
   make=4.3.0
   matreshka_league=21.0.0
   matreshka_sql=21.0.0
Dependencies (external):
   libfbclient* (direct,hinted)
Dependencies (graph):
   matreshka_league=21.0.0       --> make=4.3.0 (*)                  
   matreshka_sql=21.0.0          --> matreshka_league=21.0.0 (21.0.0)
   matreshka_sql_firebird=21.0.0 --> libfbclient*                    
   matreshka_sql_firebird=21.0.0 --> matreshka_league=21.0.0 (21.0.0)
   matreshka_sql_firebird=21.0.0 --> matreshka_sql=21.0.0 (21.0.0)   
Dependencies cannot be met


LOG:
