Test ran at 2024-02-28 01:15:11.847440+00:00

SOLUTION:
gnat_native=13.2.1: The GNAT Ada compiler - Native
Provides: gnat=13.2.1
Origin: (case OS is Linux => (case Host_Arch is X86_64 => binary archive gnat-x86_64-linux-13.2.0-1.tar.gz at https://github.com/alire-project/GNAT-FSF-builds/releases/download/gnat-13.2.0-1/gnat-x86_64-linux-13.2.0-1.tar.gz), Macos => (case Host_Arch is X86_64 => binary archive gnat-x86_64-darwin-13.2.0-1.tar.gz at https://github.com/alire-project/GNAT-FSF-builds/releases/download/gnat-13.2.0-1/gnat-x86_64-darwin-13.2.0-1.tar.gz), Windows => (case Host_Arch is X86_64 => binary archive gnat-x86_64-windows64-13.2.0-1.tar.gz at https://github.com/alire-project/GNAT-FSF-builds/releases/download/gnat-13.2.0-1/gnat-x86_64-windows64-13.2.0-1.tar.gz)) with hash sha256:788a01f91f54259a6a9fb44f0c1f36b83cbf0ef06a8e6a9c601a4c46581a07a8
Properties:
   Auto_Gpr_With: auto-gpr-with=false
   Configuration: no modifiers
   Description: The GNAT Ada compiler - Native
   Environment: PATH=${CRATE_ROOT}/bin:${PATH}
   License: GPL-3.0-or-later AND GPL-3.0-or-later WITH GCC-exception-3.1
   Maintainer: chouteau@adacore.com
   Maintainers_Logins: Fabien-Chouteau
   Name: gnat_native
   Version: 13.2.1


LOG:
Note: Deploying gnat_native=13.2.1...
#=#=#                                                                         
##O#-#                                                                        
##O=#  #                                                                      

                                                                           0.2%
######                                                                     8.9%
#############                                                             19.0%
####################                                                      29.0%
############################                                              39.3%
###################################                                       49.2%
##########################################                                59.0%
#################################################                         69.1%
#######################################################                   77.2%
##############################################################            87.4%
######################################################################    97.5%
######################################################################## 100.0%

gnat_native=13.2.1 successfully retrieved.
There are no dependencies.
Warning: Binary release does not contain default project file: gnat_native.gpr
