Test ran at 2024-05-16 00:43:26.674301+00:00

SOLUTION:
protobuf=1.0.0: Google Protocol Buffers implementation in Ada
Origin: source archive 1.0.0.tar.gz at https://github.com/reznikmm/protobuf/archive/1.0.0.tar.gz with hash sha512:439627662874582db8787e6a6311f99c61bac6be95d2e66cf6c891ecf5a1f109dc483c3ce1f183727b696ddc9ce38c5b11d0cfa85d3cec36251c62159c35fe93
Properties:
   Author: Maxim Reznik
   Description: Google Protocol Buffers implementation in Ada
   Environment: PATH=${CRATE_ROOT}/.objs/compiler:${PATH}
   Executable: protoc-gen-ada
   License: MIT
   Maintainer: Maxim Reznik <reznikmm@gmail.com>
   Maintainers_Logins: reznikmm
   Name: protobuf
   Project_File: gnat/protoc_gen_ada.gpr
   Tag: protocol
   Tag: rpc
   Tag: generator
   Version: 1.0.0
   Website: https://github.com/reznikmm/protobuf
Dependencies (direct):
   ada_pretty*
   matreshka_league*
Dependencies (solution):
   ada_pretty=1.0.0
   gnat=11.2.4 (gnat_native) (installed)
   make=3.81.0
   matreshka_league=21.0.0
Dependencies (graph):
   ada_pretty=1.0.0        --> matreshka_league=21.0.0 (*)      
   matreshka_league=21.0.0 --> gnat=11.2.4 (gnat_native) (<2000)
   matreshka_league=21.0.0 --> make=3.81.0 (*)                  
   protobuf=1.0.0          --> ada_pretty=1.0.0 (*)             
   protobuf=1.0.0          --> matreshka_league=21.0.0 (*)      


LOG:
Note: Deploying protobuf=1.0.0...
#=#=#                                                                         
##O#-#                                                                        
##O=#  #                                                                      
#=#=-#  #                                                                     
 #=#=-#   #                                                                   
Note: Deploying make=3.81.0...
Note: Deploying matreshka_league=21.0.0...
#=#=#                                                                         
##O#-#                                                                        

                                                                           0.0%
########                                                                  11.3%
######################                                                    31.3%
###################################                                       50.0%
####################################################                      72.5%
######################################################################## 100.0%
Note: Running post_fetch actions for matreshka_league=21.0.0...
gnatmake -p -j0  -Pgnat/tools_configure.gpr
Setup
   [mkdir]        object directory for project Tools_Configure
Compile
   [Ada]          configure-driver.adb
   [Ada]          configure.adb
   [Ada]          configure-architecture.adb
   [Ada]          configure-instantiate.adb
   [Ada]          configure-internals.adb
   [Ada]          configure-rtl_version.adb
   [Ada]          configure-tests.ads
   [Ada]          configure-tests-asis.adb
   [Ada]          configure-tests-aws.adb
   [Ada]          configure-tests-firebird.adb
   [Ada]          configure-tests-gprbuild.adb
   [Ada]          configure-tests-install.adb
   [Ada]          configure-tests-installation_directories.adb
   [Ada]          configure-tests-modules.ads
   [Ada]          configure-tests-modules-amf.adb
   [Ada]          configure-tests-mysql.adb
   [Ada]          configure-tests-oci.adb
   [Ada]          configure-tests-operating_system.adb
   [Ada]          configure-tests-postgresql.adb
   [Ada]          configure-tests-sqlite3.adb
   [Ada]          configure-tests-valgrind.adb
   [Ada]          configure-version.adb
   [Ada]          configure-builder.adb
   [Ada]          configure-abstract_tests.adb
   [Ada]          configure-pkg_config.adb
   [Ada]          configure-component_switches.adb
Bind
   [gprbind]      configure-driver.bexch
   [Ada]          configure-driver.ali
Link
   [link]         configure-driver.adb
-macosx_version_min has been renamed to -macos_version_min
ld: warning: ignoring duplicate libraries: '-lSystem'
0  0x10415bf43  __assert_rtn + 64
1  0x10405df43  ld::AtomPlacement::findAtom(unsigned char, unsigned long long, ld::AtomPlacement::AtomLoc const*&, long long&) const + 1411
2  0x10407a431  ld::InputFiles::SliceParser::parseObjectFile(mach_o::Header const*) const + 19745
3  0x10408ab71  ld::InputFiles::parseAllFiles(void (ld::AtomFile const*) block_pointer)::$_7::operator()(unsigned long, ld::FileInfo const&) const + 657
4  0x7ff81608adef  _dispatch_client_callout2 + 8
5  0x7ff81609c547  _dispatch_apply_invoke3 + 431
6  0x7ff81608adbc  _dispatch_client_callout + 8
7  0x7ff81608c04e  _dispatch_once_callout + 20
8  0x7ff81609ca9b  _dispatch_apply_invoke_and_wait + 278
9  0x7ff81609bcf8  _dispatch_apply_with_attr_f + 1225
10  0x7ff81609beaf  dispatch_apply + 45
11  0x104123972  ld::AtomFileConsolidator::parseFiles(bool) + 370
12  0x1040aad67  main + 12263
ld: Assertion failed: (resultIndex < sectData.atoms.size()), function findAtom, file Relocations.cpp, line 1336.
collect2: error: ld returned 1 exit status
gprbuild: link of configure-driver.adb failed
gprbuild: failed command was: /users/runner/.config/alire/cache/dependencies/gnat_native_11.2.4_9800548d/bin/gcc configure-driver.o b__configure-driver.o /Users/runner/work/alire-crates-ci/alire-crates-ci/test/6cf5534f-c3f6-4440-b7e8-a982dcf3c4d5/protobuf_1.0.0_43962766/alire/cache/dependencies/matreshka_league_21.0.0_0c8f4d47/.objs/configure/configure.o /Users/runner/work/alire-crates-ci/alire-crates-ci/test/6cf5534f-c3f6-4440-b7e8-a982dcf3c4d5/protobuf_1.0.0_43962766/alire/cache/dependencies/matreshka_league_21.0.0_0c8f4d47/.objs/configure/configure-component_switches.o /Users/runner/work/alire-crates-ci/alire-crates-ci/test/6cf5534f-c3f6-4440-b7e8-a982dcf3c4d5/protobuf_1.0.0_43962766/alire/cache/dependencies/matreshka_league_21.0.0_0c8f4d47/.objs/configure/configure-instantiate.o /Users/runner/work/alire-crates-ci/alire-crates-ci/test/6cf5534f-c3f6-4440-b7e8-a982dcf3c4d5/protobuf_1.0.0_43962766/alire/cache/dependencies/matreshka_league_21.0.0_0c8f4d47/.objs/configure/configure-internals.o /Users/runner/work/alire-crates-ci/alire-crates-ci/test/6cf5534f-c3f6-4440-b7e8-a982dcf3c4d5/protobuf_1.0.0_43962766/alire/cache/dependencies/matreshka_league_21.0.0_0c8f4d47/.objs/configure/configure-abstract_tests.o /Users/runner/work/alire-crates-ci/alire-crates-ci/test/6cf5534f-c3f6-4440-b7e8-a982dcf3c4d5/protobuf_1.0.0_43962766/alire/cache/dependencies/matreshka_league_21.0.0_0c8f4d47/.objs/configure/configure-builder.o /Users/runner/work/alire-crates-ci/alire-crates-ci/test/6cf5534f-c3f6-4440-b7e8-a982dcf3c4d5/protobuf_1.0.0_43962766/alire/cache/dependencies/matreshka_league_21.0.0_0c8f4d47/.objs/configure/configure-architecture.o /Users/runner/work/alire-crates-ci/alire-crates-ci/test/6cf5534f-c3f6-4440-b7e8-a982dcf3c4d5/protobuf_1.0.0_43962766/alire/cache/dependencies/matreshka_league_21.0.0_0c8f4d47/.objs/configure/configure-pkg_config.o /Users/runner/work/alire-crates-ci/alire-crates-ci/test/6cf5534f-c3f6-4440-b7e8-a982dcf3c4d5/protobuf_1.0.0_43962766/alire/cache/dependencies/matreshka_league_21.0.0_0c8f4d47/.objs/configure/configure-rtl_version.o /Users/runner/work/alire-crates-ci/alire-crates-ci/test/6cf5534f-c3f6-4440-b7e8-a982dcf3c4d5/protobuf_1.0.0_43962766/alire/cache/dependencies/matreshka_league_21.0.0_0c8f4d47/.objs/configure/configure-tests.o /Users/runner/work/alire-crates-ci/alire-crates-ci/test/6cf5534f-c3f6-4440-b7e8-a982dcf3c4d5/protobuf_1.0.0_43962766/alire/cache/dependencies/matreshka_league_21.0.0_0c8f4d47/.objs/configure/configure-tests-asis.o /Users/runner/work/alire-crates-ci/alire-crates-ci/test/6cf5534f-c3f6-4440-b7e8-a982dcf3c4d5/protobuf_1.0.0_43962766/alire/cache/dependencies/matreshka_league_21.0.0_0c8f4d47/.objs/configure/configure-tests-aws.o /Users/runner/work/alire-crates-ci/alire-crates-ci/test/6cf5534f-c3f6-4440-b7e8-a982dcf3c4d5/protobuf_1.0.0_43962766/alire/cache/dependencies/matreshka_league_21.0.0_0c8f4d47/.objs/configure/configure-tests-firebird.o /Users/runner/work/alire-crates-ci/alire-crates-ci/test/6cf5534f-c3f6-4440-b7e8-a982dcf3c4d5/protobuf_1.0.0_43962766/alire/cache/dependencies/matreshka_league_21.0.0_0c8f4d47/.objs/configure/configure-tests-gprbuild.o /Users/runner/work/alire-crates-ci/alire-crates-ci/test/6cf5534f-c3f6-4440-b7e8-a982dcf3c4d5/protobuf_1.0.0_43962766/alire/cache/dependencies/matreshka_league_21.0.0_0c8f4d47/.objs/configure/configure-tests-install.o /Users/runner/work/alire-crates-ci/alire-crates-ci/test/6cf5534f-c3f6-4440-b7e8-a982dcf3c4d5/protobuf_1.0.0_43962766/alire/cache/dependencies/matreshka_league_21.0.0_0c8f4d47/.objs/configure/configure-tests-installation_directories.o /Users/runner/work/alire-crates-ci/alire-crates-ci/test/6cf5534f-c3f6-4440-b7e8-a982dcf3c4d5/protobuf_1.0.0_43962766/alire/cache/dependencies/matreshka_league_21.0.0_0c8f4d47/.objs/configure/configure-tests-modules.o /Users/runner/work/alire-crates-ci/alire-crates-ci/test/6cf5534f-c3f6-4440-b7e8-a982dcf3c4d5/protobuf_1.0.0_43962766/alire/cache/dependencies/matreshka_league_21.0.0_0c8f4d47/.objs/configure/configure-tests-mysql.o /Users/runner/work/alire-crates-ci/alire-crates-ci/test/6cf5534f-c3f6-4440-b7e8-a982dcf3c4d5/protobuf_1.0.0_43962766/alire/cache/dependencies/matreshka_league_21.0.0_0c8f4d47/.objs/configure/configure-tests-operating_system.o /Users/runner/work/alire-crates-ci/alire-crates-ci/test/6cf5534f-c3f6-4440-b7e8-a982dcf3c4d5/protobuf_1.0.0_43962766/alire/cache/dependencies/matreshka_league_21.0.0_0c8f4d47/.objs/configure/configure-tests-modules-amf.o /Users/runner/work/alire-crates-ci/alire-crates-ci/test/6cf5534f-c3f6-4440-b7e8-a982dcf3c4d5/protobuf_1.0.0_43962766/alire/cache/dependencies/matreshka_league_21.0.0_0c8f4d47/.objs/configure/configure-tests-oci.o /Users/runner/work/alire-crates-ci/alire-crates-ci/test/6cf5534f-c3f6-4440-b7e8-a982dcf3c4d5/protobuf_1.0.0_43962766/alire/cache/dependencies/matreshka_league_21.0.0_0c8f4d47/.objs/configure/configure-tests-postgresql.o /Users/runner/work/alire-crates-ci/alire-crates-ci/test/6cf5534f-c3f6-4440-b7e8-a982dcf3c4d5/protobuf_1.0.0_43962766/alire/cache/dependencies/matreshka_league_21.0.0_0c8f4d47/.objs/configure/configure-tests-sqlite3.o /Users/runner/work/alire-crates-ci/alire-crates-ci/test/6cf5534f-c3f6-4440-b7e8-a982dcf3c4d5/protobuf_1.0.0_43962766/alire/cache/dependencies/matreshka_league_21.0.0_0c8f4d47/.objs/configure/configure-tests-valgrind.o /Users/runner/work/alire-crates-ci/alire-crates-ci/test/6cf5534f-c3f6-4440-b7e8-a982dcf3c4d5/protobuf_1.0.0_43962766/alire/cache/dependencies/matreshka_league_21.0.0_0c8f4d47/.objs/configure/configure-version.o -L/Users/runner/work/alire-crates-ci/alire-crates-ci/test/6cf5534f-c3f6-4440-b7e8-a982dcf3c4d5/protobuf_1.0.0_43962766/alire/cache/dependencies/matreshka_league_21.0.0_0c8f4d47/.objs/configure/ -L/Users/runner/work/alire-crates-ci/alire-crates-ci/test/6cf5534f-c3f6-4440-b7e8-a982dcf3c4d5/protobuf_1.0.0_43962766/alire/cache/dependencies/matreshka_league_21.0.0_0c8f4d47/.objs/configure/ -L/users/runner/.config/alire/cache/dependencies/gnat_native_11.2.4_9800548d/lib/gcc/x86_64-apple-darwin19.6.0/11.2.0/adalib/ /users/runner/.config/alire/cache/dependencies/gnat_native_11.2.4_9800548d/lib/gcc/x86_64-apple-darwin19.6.0/11.2.0/adalib/libgnat.a -Wl,-rpath,@executable_path//.objs/configure -Wl,-rpath,@executable_path/../../../../../../../../../..//.config/alire/cache/dependencies/gnat_native_11.2.4_9800548d/lib/gcc/x86_64-apple-darwin19.6.0/11.2.0/adalib -o /Users/runner/work/alire-crates-ci/alire-crates-ci/test/6cf5534f-c3f6-4440-b7e8-a982dcf3c4d5/protobuf_1.0.0_43962766/alire/cache/dependencies/matreshka_league_21.0.0_0c8f4d47//configure
make: *** [config] Error 5
stderr: Command ["make", "reconfig"] exited with code 2
stderr: ALIRE.CHECKED_ERROR
stderr: Command ["make", "reconfig"] exited with code 2
stderr: raised ALIRE.CHECKED_ERROR : alire-stored-error:1
Load address: 0x104c3b000
Call stack traceback locations:
0x105543415 0x105216e83 0x10521c729 0x10521d909 0x10521cd1b 0x10538e299 0x10538efd4 0x1053a5873 0x1053f1dc1 0x1053f03c2 0x1053a59b8 0x10538f346 0x104cab1cf 0x104cb001c 0x104d3605c 0x104d413b8 0x104c3c605 0x104c3f914

stderr: A post-fetch action failed, re-run with -vv -d for details
ERROR: A post-fetch action failed, re-run with -vv -d for details
