Test ran at 2022-05-23 04:12:12.921610+00:00

SOLUTION:
gnat_avr_elf=11.2.4: The GNAT Ada compiler - AVR cross-compiler
Provides: gnat=11.2.4
Origin: (case OS is Linux => (case Word_Size is Bits_64 => binary archive gnat-avr-elf-linux64-11.2.0-4.tar.gz at https://github.com/alire-project/GNAT-FSF-builds/releases/download/gnat-11.2.0-4/gnat-avr-elf-linux64-11.2.0-4.tar.gz), Macos => (case Word_Size is Bits_64 => binary archive gnat-avr-elf-darwin-11.2.0-4.tar.gz at https://github.com/alire-project/GNAT-FSF-builds/releases/download/gnat-11.2.0-4/gnat-avr-elf-darwin-11.2.0-4.tar.gz), Windows => (case Word_Size is Bits_64 => binary archive gnat-avr-elf-windows64-11.2.0-4.tar.gz at https://github.com/alire-project/GNAT-FSF-builds/releases/download/gnat-11.2.0-4/gnat-avr-elf-windows64-11.2.0-4.tar.gz)) with hash sha256:aa9d26936210036ae062f74232b17ce46a4a4518411960e223dd9c877869eea9
Properties:
   Auto_Gpr_With: auto-gpr-with=false
   Configuration: no modifiers
   Description: The GNAT Ada compiler - AVR cross-compiler
   Environment: PATH=${CRATE_ROOT}/bin:${PATH}
   License: GPL-3.0-or-later AND GPL-3.0-or-later WITH GCC-exception-3.1
   Maintainer: chouteau@adacore.com
   Maintainers_Logins: Fabien-Chouteau
   Name: gnat_avr_elf
   Version: 11.2.4


LOG:
Note: Deploying release gnat_avr_elf=11.2.4...
#=#=#                                                                         
##O#-#                                                                        

                                                                           0.0%
###                                                                        4.2%
#####                                                                      7.2%
########                                                                  11.9%
##########                                                                14.4%
#############                                                             18.2%
###############                                                           21.6%
###################                                                       26.7%
######################                                                    31.2%
#########################                                                 35.9%
#############################                                             40.7%
################################                                          45.5%
####################################                                      50.3%
#######################################                                   55.1%
###########################################                               59.9%
##############################################                            64.7%
##################################################                        69.5%
#####################################################                     74.3%
#########################################################                 79.3%
############################################################              83.8%
###############################################################           88.4%
##################################################################        91.7%
#####################################################################     95.9%
######################################################################## 100.0%
gprbuild: project file "gnat_avr_elf.gpr" not found in .::/home/runner/work/alire-crates-ci/alire-crates-ci/test/e7999dd1-9896-4191-8f0b-285c24cad97d/gnat_avr_elf_11.2.4_aa9d2693
stderr: Command ["gprbuild", "-gnatwU", "-j0", "-p", "-P", "gnat_avr_elf.gpr"] exited with code 4
ERROR: Command ["gprbuild", "-gnatwU", "-j0", "-p", "-P", "gnat_avr_elf.gpr"] exited with code 4

Warning: gnat_avr_elf=11.2.4 successfully retrieved but its build failed.
There are no dependencies.
ERROR: Build ended with errors
