Test ran at 2024-03-25 01:15:38.891675+00:00

SOLUTION:
ltp_305=0.2.0: Driver for Pimoroni LED
Origin: commit f11f3114399b2266ebc87faf8741c6129f161e13 from https://github.com/hgrodriguez/ltp_305.git
Properties:
   Author: Jeremy Grosser
   Description: Driver for Pimoroni LED
   License: BSD-3-Clause
   Maintainer: Jeremy Grosser <jeremy@synack.me>
   Maintainer: Holger Rodriguez <github@roseng.ch>
   Maintainers_Logins: JeremyGrosser
   Maintainers_Logins: hgrodriguez
   Name: ltp_305
   Tag: embedded
   Tag: led
   Tag: rp2040
   Tag: i2c
   Version: 0.2.0
   Website: https://github.com/hgrodriguez/ltp_305
Dependencies (direct):
   hal~0.3.0
Dependencies (solution):
   hal=0.3.0
Dependencies (graph):
   ltp_305=0.2.0 --> hal=0.3.0 (~0.3.0)


LOG:
Spawning: alr -d -n get --build ltp_305=0.2.0
Note: Deploying ltp_305=0.2.0...
Note: Building ltp_305=0.2.0/ltp_305.gpr...
Setup
   [mkdir]        object directory for project Ltp_305
   [mkdir]        library directory for project Ltp_305
Compile
   [Ada]          ltp_305_config.ads
   [Ada]          ltp_305-font.adb
   [Ada]          ltp_305.adb
Build Libraries
   [gprlib]       ltp_305.lexch
   [archive]      libltp_305.a
   [index]        libltp_305.a

ltp_305=0.2.0 successfully retrieved and built.
Dependencies were solved as follows:

   + hal 0.3.0 (new)
Found declared GPR file: ltp_305.gpr
