Test ran at 2024-11-27 12:44:47.464468+00:00

SOLUTION:
gnatprove=12.1.1: Automatic formal verification of SPARK code
Origin: (case OS is Linux => (case Host_Arch is X86_64 => binary archive gnatprove-x86_64-linux-12.1.0-1.tar.gz at https://github.com/alire-project/GNAT-FSF-builds/releases/download/gnatprove-12.1.0-1/gnatprove-x86_64-linux-12.1.0-1.tar.gz), Macos => (case Host_Arch is X86_64 => binary archive gnatprove-x86_64-darwin-12.1.0-1.tar.gz at https://github.com/alire-project/GNAT-FSF-builds/releases/download/gnatprove-12.1.0-1/gnatprove-x86_64-darwin-12.1.0-1.tar.gz), Windows => (case Host_Arch is X86_64 => binary archive gnatprove-x86_64-windows64-12.1.0-1.tar.gz at https://github.com/alire-project/GNAT-FSF-builds/releases/download/gnatprove-12.1.0-1/gnatprove-x86_64-windows64-12.1.0-1.tar.gz)) with hash sha256:e1e1ce47c7097b0a7a8cecbb132784f6e6cbcc0550ad8d96cf3dce39db47464d
Properties:
   Auto_Gpr_With: auto-gpr-with=false
   Configuration: no modifiers
   Description: Automatic formal verification of SPARK code
   Environment: PATH=${CRATE_ROOT}/bin:${PATH}
   License: GPL-3.0-or-later
   Maintainer: chouteau@adacore.com
   Maintainers_Logins: Fabien-Chouteau
   Name: gnatprove
   Version: 12.1.1


LOG:
Note: Deploying gnatprove=12.1.1...
#=#=#                                                                         

                                                                           0.4%
######                                                                     9.7%
##############                                                            19.8%
######################                                                    31.0%
#############################                                             41.2%
####################################                                      50.6%
#######################################                                   54.6%
########################################                                  55.7%
#########################################                                 57.9%
###############################################                           66.0%
######################################################                    76.3%
#######################################################                   77.1%
###############################################################           87.7%
#################################################################         90.9%
######################################################################## 100.0%

gnatprove=12.1.1 successfully retrieved.
There are no dependencies.
Warning: Binary release does not contain default project file: gnatprove.gpr
