Test ran at 2024-10-18 00:36:21.289383+00:00

SOLUTION:
itsybitsy_bsp=0.0.4: Board support package for Arduino ItsyBitsy
Origin: commit 7d01d9d21b36f10312c11a5b9d682feee85645de from https://github.com/hgrodriguez/itsybitsy_bsp.git
Properties:
   Author: Holger Rodriguez
   Description: Board support package for Arduino ItsyBitsy
   License: BSD-3-Clause
   Maintainer: Holger Rodriguez <github@roseng.ch>
   Maintainers_Logins: hgrodriguez
   Name: itsybitsy_bsp
   Tag: embedded
   Tag: nostd
   Tag: itsybitsy
   Tag: rp2040
   Tag: bsp
   Version: 0.0.4
   Website: https://pico-doc.synack.me/
Dependencies (direct):
   hal~0.1
   rp2040_hal^1
Dependencies (solution):
   atomic=0.5.0
   bbqueue=0.3.1
   cortex_m=0.3.0
   gnat=11.2.4 (gnat_arm_elf) (installed)
   gnat_arm_elf=11.2.4 (installed)
   hal=0.1.0
   rp2040_hal=1.6.0
   usb_embedded=0.2.0
Dependencies (graph):
   bbqueue=0.3.1       --> atomic=0.5.0 (~0.5)              
   bbqueue=0.3.1       --> gnat=11.2.4 (gnat_arm_elf) (>=10)
   cortex_m=0.3.0      --> hal=0.1.0 (^0.1.0)               
   itsybitsy_bsp=0.0.4 --> hal=0.1.0 (~0.1)                 
   itsybitsy_bsp=0.0.4 --> rp2040_hal=1.6.0 (^1)            
   rp2040_hal=1.6.0    --> cortex_m=0.3.0 (~0.3)            
   rp2040_hal=1.6.0    --> gnat_arm_elf=11.2.4 (^11.2)      
   rp2040_hal=1.6.0    --> hal=0.1.0 (~0.1)                 
   rp2040_hal=1.6.0    --> usb_embedded=0.2.0 (~0.2)        
   usb_embedded=0.2.0  --> bbqueue=0.3.1 (~0.3.0)           
   usb_embedded=0.2.0  --> hal=0.1.0 (~0.1.0)               


LOG:
Note: Deploying itsybitsy_bsp=0.0.4...
Note: Deploying gnat_arm_elf=11.2.4...
#=#=#                                                                         

                                                                           0.1%
                                                                           0.7%
#                                                                          2.1%
###                                                                        5.5%
########                                                                  11.9%
###############                                                           21.2%
#################                                                         24.2%
######################                                                    31.0%
#########################                                                 35.1%
##############################                                            42.4%
####################################                                      51.1%
##########################################                                59.7%
#################################################                         68.7%
###################################################                       71.0%
#######################################################                   77.0%
#############################################################             84.8%
##################################################################        93.0%
######################################################################## 100.0%
Note: gnat_arm_elf=11.2.4 installed successfully.
Note: Deploying atomic=0.5.0...
Note: Deploying hal=0.1.0...
#=#=#                                                                         

######################################################################## 100.0%
Note: Deploying bbqueue=0.3.1...
Note: Deploying cortex_m=0.3.0...
Note: Deploying usb_embedded=0.2.0...
Note: Deploying rp2040_hal=1.6.0...
Note: Building itsybitsy_bsp/itsybitsy_bsp.gpr...
Setup
   [mkdir]        object directory for project HAL
   [mkdir]        library directory for project HAL
   [mkdir]        object directory for project Atomic
   [mkdir]        library directory for project Atomic
   [mkdir]        object directory for project BBqueue
   [mkdir]        library directory for project BBqueue
   [mkdir]        object directory for project Usb_Embedded
   [mkdir]        library directory for project Usb_Embedded
   [mkdir]        object directory for project Cortex_M0
   [mkdir]        library directory for project Cortex_M0
   [mkdir]        object directory for project Rp2040_Hal
   [mkdir]        library directory for project Rp2040_Hal
   [mkdir]        object directory for project Itsybitsy_Bsp
   [mkdir]        library directory for project Itsybitsy_Bsp
Compile
   [Ada]          cortex_m-nvic.adb
   [Ada]          cortex_m-cache.adb
   [Ada]          cortex_m_svd-nvic.ads
   [Ada]          cortex_m_svd-debug.ads
   [Ada]          cortex_m_svd-scb.ads
   [Ada]          cortex_m_svd-systick.ads
   [Ada]          cortex_m_svd-dwt.ads
   [Ada]          cortex_m_svd.ads
   [Ada]          cortex_m-dwt.adb
   [Ada]          cortex_m.ads
   [Ada]          cortex_m-debug.adb
   [Ada]          memory_barriers.adb
   [Ada]          semihosting-filesystem.adb
   [Ada]          semihosting.adb
   [Ada]          cortex_m-systick.adb
   [Ada]          atomic-critical_section.adb
   [Ada]          atomic.adb
   [Ada]          atomic-signed.adb
   [Ada]          atomic-unsigned.adb
   [Ada]          atomic_config.ads
   [Ada]          atomic-unsigned_32.ads
   [Ada]          atomic-unsigned_16.ads
   [Ada]          atomic-signed_16.ads
   [Ada]          atomic-unsigned_8.ads
   [Ada]          atomic-signed_8.ads
   [Ada]          atomic-signed_32.ads
   [Ada]          bbqueue-buffers-framed.adb
   [Ada]          bbqueue.adb
   [Ada]          bbqueue-buffers.adb
   [Ada]          usb-device-hid-mouse.adb
   [Ada]          usb-hal-device.ads
   [Ada]          usb-device-control.adb
   [Ada]          usb-device-hid-gamepad.adb
   [Ada]          usb-utils.adb
   [Ada]          usb-lang.ads
   [Ada]          usb-hal.ads
   [Ada]          usb-logging-device.adb
   [Ada]          usb-device-hid-keyboard.adb
   [Ada]          usb.adb
   [Ada]          usb-logging.ads
   [Ada]          usb-device-midi.adb
   [Ada]          usb-device-hid.adb
   [Ada]          usb-device-hid-joystick.adb
   [Ada]          usb-device-serial.adb
   [Ada]          usb-device.adb
   [Asm_Cpp]      crt0.S
   [Ada]          rp-device.ads
   [Ada]          rp2040_svd-vreg_and_chip_reset.ads
   [Ada]          rp2040_svd-tbman.ads
   [Ada]          rp2040_svd-spi.ads
   [Ada]          rp2040_svd-xosc.ads
   [Ada]          rp2040_svd-sysinfo.ads
   [Ada]          rp2040_svd-usbctrl_regs.ads
   [Ada]          rp2040_svd.ads
   [Ada]          rp2040_svd-usbctrl_dpram.ads
   [Ada]          rp2040_svd-syscfg.ads
   [Ada]          rp2040_svd-dma.ads
   [Ada]          rp2040_svd-xip_ctrl.ads
   [Ada]          rp2040_svd-watchdog.ads
   [Ada]          rp2040_svd-ppb.ads
   [Ada]          rp2040_svd-interrupts.ads
   [Ada]          rp2040_svd-pwm.ads
   [Ada]          rp2040_svd-xip_ssi.ads
   [Ada]          rp2040_svd-busctrl.ads
   [Ada]          rp2040_svd-io_qspi.ads
   [Ada]          rp2040_svd-uart.ads
   [Ada]          rp2040_svd-pio.ads
   [Ada]          rp2040_svd-timer.ads
   [Ada]          rp2040_svd-pads_bank0.ads
   [Ada]          rp2040_svd-pads_qspi.ads
   [Ada]          rp2040_svd-clocks.ads
   [Ada]          rp2040_svd-adc.ads
   [Ada]          rp2040_svd-psm.ads
   [Ada]          rp2040_svd-sio.ads
   [Ada]          rp2040_svd-rosc.ads
   [Ada]          rp2040_svd-rtc.ads
   [Ada]          rp2040_svd-io_bank0.ads
   [Ada]          rp2040_svd-resets.ads
   [Ada]          rp2040_svd-pll.ads
   [Ada]          rp2040_svd-i2c.ads
   [Ada]          rp-spi.adb
   [Ada]          rp-i2c_master.adb
   [Ada]          rp-pio.adb
   [Ada]          rp-rtc.adb
   [Ada]          rp-multicore.adb
   [Ada]          rp-watchdog.adb
   [Ada]          rp-rom.adb
   [Ada]          rp-multicore-spinlocks.adb
   [Ada]          rp-flash-cache.adb
   [Ada]          rp-pio-audio_i2s_pio.ads
   [Ada]          rp-multicore-fifo.adb
   [Ada]          rp-reset.adb
   [Ada]          rp-pio-ws2812_pio.ads
   [Ada]          rp-rom-floating_point.adb
   [Ada]          rp-gpio.adb
   [Ada]          rp-uart.adb
   [Ada]          rp-flash.adb
   [Ada]          rp-clock.adb
   [Ada]          rp-pio-audio_i2s.adb
   [Ada]          rp-pio-ws2812.adb
   [Ada]          rp-adc.adb
   [Ada]          rp-interpolator.ads
   [Ada]          rp-usb_device.adb
   [Ada]          rp-pwm.adb
   [Ada]          rp-pio-encoding.ads
   [Ada]          rp-dma.adb
   [Ada]          rp-timer.adb
   [Ada]          rp.ads
   [Ada]          rp_interrupts.adb
   [Ada]          hal-i2c.ads
   [Ada]          hal-framebuffer.ads
   [Ada]          hal-bitmap.ads
   [Ada]          hal-filesystem.ads
   [Ada]          hal-gpio.ads
   [Ada]          hal-spi.ads
   [Ada]          hal.ads
   [Ada]          hal-uart.ads
   [Ada]          hal-sdmmc.adb
   [Ada]          hal-audio.ads
   [Ada]          hal-real_time_clock.ads
   [Ada]          hal-touch_panel.ads
   [Ada]          hal-time.ads
   [Ada]          hal-block_drivers.ads
   [Ada]          hal-dsi.ads
   [Ada]          itsybitsy_bsp.ads
Build Libraries
   [gprlib]       hal.lexch
   [gprlib]       Atomic.lexch
   [gprlib]       Bbqueue.lexch
   [archive]      libhal.a
   [archive]      libAtomic.a
   [index]        libhal.a
   [index]        libAtomic.a
   [gprlib]       Usb_Embedded.lexch
   [archive]      libBbqueue.a
   [index]        libBbqueue.a
   [gprlib]       cortex_m0.lexch
   [gprlib]       rp2040_hal.lexch
   [archive]      libUsb_Embedded.a
   [archive]      libcortex_m0.a
   [index]        libUsb_Embedded.a
   [index]        libcortex_m0.a
   [gprlib]       itsybitsy_bsp.lexch
   [archive]      librp2040_hal.a
   [index]        librp2040_hal.a
   [archive]      libitsybitsy_bsp.a
   [index]        libitsybitsy_bsp.a
Build finished successfully in 5.42 seconds.

itsybitsy_bsp=0.0.4 successfully retrieved and built.
Dependencies were solved as follows:

   +  atomic       0.5.0  (new,indirect)                       
   +  bbqueue      0.3.1  (new,indirect)                       
   +  cortex_m     0.3.0  (new,indirect)                       
   +i gnat         11.2.4 (new,installed,gnat_arm_elf,indirect)
   +i gnat_arm_elf 11.2.4 (new,installed,indirect)             
   +  hal          0.1.0  (new)                                
   +  rp2040_hal   1.6.0  (new)                                
   +  usb_embedded 0.2.0  (new,indirect)                       
Found declared GPR file: itsybitsy_bsp.gpr
