Test ran at 2025-01-22 02:03:03.657325+00:00

SOLUTION:
excel_writer=18.0.0: Produce Excel spreadsheets
Origin: source archive excel_writer_18.zip at https://sourceforge.net/projects/excel-writer/files/excel-writer/excel_writer_18.zip with hash sha512:ae0dcf496dbf106fd0928d45dad8a9c8967909a653ae7b08a74cef9e7cfcc3909f0af8726ecf61e34c0dc861fc972f7c575eb6c910a677e1f85c4cbcfa76d76b
Properties:
   Author: Gautier de Montmollin
   Description: Produce Excel spreadsheets
   Executable: excel_out_demo
   License: MIT
   Long_Description: Excel_Out is a standalone, portable Ada package for writing Excel spreadsheets with basic formattings, easily and programmatically.

Enables the automatic production of reports.

No interaction needed with Excel or MS Office. 

Includes a CSV parser with related tools.

   Maintainer: alejandro@mosteo.com
   Maintainers_Logins: mosteo
   Maintainers_Logins: zertovitch
   Name: excel_writer
   Project_File: excel_out_gnat.gpr
   Tag: excel
   Tag: spreadsheet
   Tag: xls
   Tag: csv
   Version: 18.0.0
   Website: https://excel-writer.sourceforge.io/


LOG:
Note: Deploying excel_writer=18.0.0...

######################################################################## 100.0%
######################################################################## 100.0%
######################################################################## 100.0%
######################################################################## 100.0%#=#=#                                                                          

#############################################                             63.3%
######################################################################## 100.0%
Note: Building excel_writer/excel_out_gnat.gpr...
Setup
   [mkdir]        object directory for project Excel_Out_Gnat
Compile
   [Ada]          excel_out_demo.adb
   [Ada]          biff_dump.adb
   [Ada]          spreadsheet_references_demo.adb
   [Ada]          csv2tex.adb
   [Ada]          csv2html.adb
   [Ada]          csv2xls.adb
   [Ada]          ew_test.adb
   [Ada]          spreadsheet_references.adb
   [Ada]          excel_out.adb
   [Ada]          csv.adb
   [Ada]          ieee_754.ads
   [Ada]          ieee_754-generic_double_precision.adb
Bind
   [gprbind]      excel_out_demo.bexch
   [gprbind]      biff_dump.bexch
   [gprbind]      spreadsheet_references_demo.bexch
   [Ada]          biff_dump.ali
   [Ada]          spreadsheet_references_demo.ali
   [Ada]          excel_out_demo.ali
   [gprbind]      csv2tex.bexch
   [gprbind]      csv2html.bexch
   [gprbind]      csv2xls.bexch
   [Ada]          csv2tex.ali
   [Ada]          csv2html.ali
   [Ada]          csv2xls.ali
   [gprbind]      ew_test.bexch
   [Ada]          ew_test.ali
Link
   [link]         excel_out_demo.adb
   [link]         biff_dump.adb
   [link]         spreadsheet_references_demo.adb
-macosx_version_min has been renamed to -macos_version_min
-macosx_version_min has been renamed to -macos_version_min
-macosx_version_min has been renamed to -macos_version_min
   [link]         csv2tex.adb
   [link]         csv2html.adb
   [link]         csv2xls.adb
-macosx_version_min has been renamed to -macos_version_min
-macosx_version_min has been renamed to -macos_version_min
-macosx_version_min has been renamed to -macos_version_min
   [link]         ew_test.adb
-macosx_version_min has been renamed to -macos_version_min
Build finished successfully in 6.97 seconds.

excel_writer=18.0.0 successfully retrieved and built.
There are no dependencies.
Found declared GPR file: excel_out_gnat.gpr
