Test ran at 2024-04-28 12:27:41.082711+00:00

SOLUTION:
uri_ada=2.0.0: Processing of URI strings
Origin: commit 02a0780d7757e9e79b3410c3a34960655cacea3d from https://github.com/mosteo/uri-ada.git
Properties:
   Author: Alejandro R. Mosteo
   Description: Processing of URI strings
   License: MIT
   Maintainer: Alejandro R. Mosteo <alejandro@mosteo.com>
   Maintainers_Logins: mosteo
   Name: uri_ada
   Tag: uri
   Tag: url
   Tag: utility
   Version: 2.0


LOG:
Note: Deploying uri_ada=2.0.0...
Note: Building uri_ada/uri_ada.gpr...
Setup
   [mkdir]        object directory for project URI_Ada
   [mkdir]        exec directory for project URI_Ada
Compile
   [Ada]          uri_ada-test.adb
   [Ada]          uri_ada.adb
Bind
   [gprbind]      uri_ada-test.bexch
   [Ada]          uri_ada-test.ali
Link
   [link]         uri_ada-test.adb
-macosx_version_min has been renamed to -macos_version_min
ld: warning: ignoring duplicate libraries: '-lSystem'
0  0x100397f43  __assert_rtn + 64
1  0x100299f43  ld::AtomPlacement::findAtom(unsigned char, unsigned long long, ld::AtomPlacement::AtomLoc const*&, long long&) const + 1411
2  0x1002b6431  ld::InputFiles::SliceParser::parseObjectFile(mach_o::Header const*) const + 19745
3  0x1002c6b71  ld::InputFiles::parseAllFiles(void (ld::AtomFile const*) block_pointer)::$_7::operator()(unsigned long, ld::FileInfo const&) const + 657
4  0x7ff805706def  _dispatch_client_callout2 + 8
5  0x7ff805718547  _dispatch_apply_invoke3 + 431
6  0x7ff805706dbc  _dispatch_client_callout + 8
7  0x7ff80570804e  _dispatch_once_callout + 20
8  0x7ff805717740  _dispatch_apply_invoke + 184
9  0x7ff805706dbc  _dispatch_client_callout + 8
10  0x7ff8057162ca  _dispatch_root_queue_drain + 871
11  0x7ff80571684f  _dispatch_worker_thread2 + 152
12  0x7ff8058a4b43  _pthread_wqthread + 262
ld: Assertion failed: (resultIndex < sectData.atoms.size()), function findAtom, file Relocations.cpp, line 1336.
collect2: error: ld returned 1 exit status
gprbuild: link of uri_ada-test.adb failed
gprbuild: failed command was: /users/runner/.config/alire/cache/dependencies/gnat_native_11.2.4_9800548d/bin/gcc uri_ada-test.o b__uri_ada-test.o /Users/runner/work/alire-crates-ci/alire-crates-ci/test/892eaf1c-f4be-4e03-b550-bc50cf6a4785/uri_ada_2.0.0_02a0780d/obj/uri_ada.o -g -L/Users/runner/work/alire-crates-ci/alire-crates-ci/test/892eaf1c-f4be-4e03-b550-bc50cf6a4785/uri_ada_2.0.0_02a0780d/obj/ -L/Users/runner/work/alire-crates-ci/alire-crates-ci/test/892eaf1c-f4be-4e03-b550-bc50cf6a4785/uri_ada_2.0.0_02a0780d/obj/ -L/users/runner/.config/alire/cache/dependencies/gnat_native_11.2.4_9800548d/lib/gcc/x86_64-apple-darwin19.6.0/11.2.0/adalib/ /users/runner/.config/alire/cache/dependencies/gnat_native_11.2.4_9800548d/lib/gcc/x86_64-apple-darwin19.6.0/11.2.0/adalib/libgnat.a -Wl,-rpath,@executable_path/..//obj -Wl,-rpath,@executable_path/../../../../../../..//.config/alire/cache/dependencies/gnat_native_11.2.4_9800548d/lib/gcc/x86_64-apple-darwin19.6.0/11.2.0/adalib -o /Users/runner/work/alire-crates-ci/alire-crates-ci/test/892eaf1c-f4be-4e03-b550-bc50cf6a4785/uri_ada_2.0.0_02a0780d/bin//uri_ada-test
stderr: Command ["gprbuild", "-s", "-j0", "-p", "-P", "/Users/runner/work/alire-crates-ci/alire-crates-ci/test/892eaf1c-f4be-4e03-b550-bc50cf6a4785/uri_ada_2.0.0_02a0780d/uri_ada.gpr"] exited with code 4
ERROR: Command ["gprbuild", "-s", "-j0", "-p", "-P", "/Users/runner/work/alire-crates-ci/alire-crates-ci/test/892eaf1c-f4be-4e03-b550-bc50cf6a4785/uri_ada_2.0.0_02a0780d/uri_ada.gpr"] exited with code 4
stderr: ALIRE.CHECKED_ERROR
stderr: Command ["gprbuild", "-s", "-j0", "-p", "-P", "/Users/runner/work/alire-crates-ci/alire-crates-ci/test/892eaf1c-f4be-4e03-b550-bc50cf6a4785/uri_ada_2.0.0_02a0780d/uri_ada.gpr"] exited with code 4
stderr: raised ALIRE.CHECKED_ERROR : alire-stored-error:1
Load address: 0x104a8a000
Call stack traceback locations:
0x105392415 0x105065e83 0x105278df9 0x105279581 0x1051d9ac3 0x1051d7f99 0x1051f4873 0x105240dc1 0x10523f81a 0x1051f49b8 0x1051d8349 0x104ae99c1 0x104afa578 0x104aff01c 0x104b8505c 0x104b903b8 0x104a8b605 0x104a8e914


Warning: uri_ada=2.0.0 successfully retrieved but its build failed.
There are no dependencies.
ERROR: Build ended with errors
