Test ran at 2023-12-05 01:47:33.925663+00:00

SOLUTION:
aws=23.0.0: Ada Web Server
Origin: source archive aws-23.0.0.zip at https://github.com/AdaCore/aws/releases/download/v23.0.0/aws-23.0.0.zip with hash sha512:6c406859155c76bf9ca954e12eebf4f9985bbdef8c0151273df4eb86c6f5f9018e5800d7359f61a6a0b25eaa548de511180113f8abfdf38b211f594c5cbdfca5
Properties:
   Post_Fetch run: ${CRATE_DIR}/./make setup ZLIB=false DEMOS=false LAL=false XMLADA=false SOCKET=openssl prefix=install_dir PRJ_BUILD=Release
   Author: AdaCore
   Description: Ada Web Server
   GPR Scenario: LIBRARY_TYPE := static | relocatable
   GPR Scenario: PRJ_BUILD := Debug | Release
   GPR Scenario: PRJ_SOCKLIB := gnat | ipv6 | ipv4
   GPR Scenario: PRJ_TARGET := Windows_NT | UNIX | Darwin | vxworks | freebsd
   case OS is
      when Linux => (GPR External: PRJ_TARGET := UNIX and GPR External: TARGET := x86_64-pc-linux-gnu)
      when Macos => (GPR External: PRJ_TARGET := Darwin and GPR External: TARGET := x86_64-apple-darwin19.6.0)
      when Windows => (GPR External: PRJ_TARGET := Windows_NT and GPR External: TARGET := x86_64-w64-mingw32)
   GPR External: PRJ_LAL := Disabled
   GPR External: PRJ_LDAP := Disabled
   License: GPL-3.0-only WITH GCC-exception-3.1
   Maintainer: chouteau@adacore.com
   Maintainers_Logins: Fabien-Chouteau
   Name: aws
   Project_File: aws.gpr
   Tag: aws
   Tag: web
   Tag: server
   Tag: http
   Tag: https
   Tag: soap
   Tag: wsdl
   Tag: ssl
   Version: 23.0.0
   Website: https://github.com/adacore/aws
Dependencies (direct):
   gnat>=12
   gnatcoll~23.0.0
   make*
   openssl*
   xmlada~23.0.0
Dependencies (solution):
   gnat=13.1.1 (gnat_external) (installed)
   gnatcoll=23.0.0
   libgpr=23.0.0
   make=4.4.0
   openssl=3.0.9
   xmlada=23.0.0
Dependencies (graph):
   aws=23.0.0      --> gnat=13.1.1 (gnat_external) (>=12)  
   aws=23.0.0      --> gnatcoll=23.0.0 (~23.0.0)           
   aws=23.0.0      --> make=4.4.0 (*)                      
   aws=23.0.0      --> openssl=3.0.9 (*)                   
   aws=23.0.0      --> xmlada=23.0.0 (~23.0.0)             
   gnatcoll=23.0.0 --> libgpr=23.0.0 (~23.0.0)             
   libgpr=23.0.0   --> gnat=13.1.1 (gnat_external) (/=2020)
   libgpr=23.0.0   --> xmlada=23.0.0 (~23.0.0)             
   xmlada=23.0.0   --> gnat=13.1.1 (gnat_external) (>=11)  


LOG:
Note: Deploying aws=23.0.0...
#=#=#                                                                         

######################################################################## 100.0%
Note: Deploying make=4.4.0...
Note: Deploying openssl=3.0.9...
The system package 'openssl-devel' is about to be installed.
This action might require admin privileges and impact your system installation.
Do you want Alire to install this system package?
Using default: Yes
Last metadata expiration check: 0:02:58 ago on Tue Dec  5 01:44:27 2023.
Dependencies resolved.
================================================================================
 Package              Architecture  Version                Repository      Size
================================================================================
Installing:
 openssl-devel        x86_64        1:3.0.9-2.fc38         updates        2.6 M
Upgrading:
 openssl-libs         x86_64        1:3.0.9-2.fc38         updates        2.1 M

Transaction Summary
================================================================================
Install  1 Package
Upgrade  1 Package

Total download size: 4.8 M
Downloading Packages:
(1/2): openssl-devel-3.0.9-2.fc38.x86_64.rpm    5.9 MB/s | 2.6 MB     00:00    
(2/2): openssl-libs-3.0.9-2.fc38.x86_64.rpm     4.3 MB/s | 2.1 MB     00:00    
--------------------------------------------------------------------------------
Total                                           5.6 MB/s | 4.8 MB     00:00     
Running transaction check
Transaction check succeeded.
Running transaction test
Transaction test succeeded.
Running transaction
  Preparing        :                                                        1/1 
  Upgrading        : openssl-libs-1:3.0.9-2.fc38.x86_64                     1/3 
  Installing       : openssl-devel-1:3.0.9-2.fc38.x86_64                    2/3 
  Cleanup          : openssl-libs-1:3.0.9-1.fc38.x86_64                     3/3 
  Running scriptlet: openssl-libs-1:3.0.9-1.fc38.x86_64                     3/3 
  Verifying        : openssl-devel-1:3.0.9-2.fc38.x86_64                    1/3 
  Verifying        : openssl-libs-1:3.0.9-2.fc38.x86_64                     2/3 
  Verifying        : openssl-libs-1:3.0.9-1.fc38.x86_64                     3/3 

Upgraded:
  openssl-libs-1:3.0.9-2.fc38.x86_64                                            
Installed:
  openssl-devel-1:3.0.9-2.fc38.x86_64                                           

Complete!
Note: Deploying xmlada=23.0.0...
#=#=#                                                                         
##O#-#                                                                        
##=O#- #                                                                      
Note: Running post_fetch actions for xmlada=23.0.0...
checking build system type... x86_64-pc-linux-gnu
checking host system type... x86_64-pc-linux-gnu
checking target system type... x86_64-pc-linux-gnu
checking whether gnat can build shared libs... yes
checking for a BSD-compatible install... /usr/bin/install -c
checking whether ln -s works... yes
configure: creating ./config.status
config.status: creating xmlada_shared.gpr
config.status: creating Makefile
config.status: creating tests/dom/default.gpr
Note: Deploying libgpr=23.0.0...
#=#=#                                                                         
##O#-#                                                                        
##=O#- #                                                                      
Note: Deploying gnatcoll=23.0.0...
#=#=#                                                                         

############################                                              40.2%
######################################################################## 100.0%
Note: Running post_fetch actions for aws=23.0.0...
make[1]: Entering directory '/home/runner/work/alire-crates-ci/alire-crates-ci/test/18b1a4ac-f38d-4459-b1f2-cfdfa22d1f87/aws_23.0.0_6c406859/config'
Bind
   [gprbind]      xoscons.bexch
   [Ada]          xoscons.ali
Link
   [link]         xoscons.adb
Setup OS specific definitions
make[1]: Leaving directory '/home/runner/work/alire-crates-ci/alire-crates-ci/test/18b1a4ac-f38d-4459-b1f2-cfdfa22d1f87/aws_23.0.0_6c406859/config'
make[1]: Entering directory '/home/runner/work/alire-crates-ci/alire-crates-ci/test/18b1a4ac-f38d-4459-b1f2-cfdfa22d1f87/aws_23.0.0_6c406859/regtests'
Can not generate system tags. The test are disabled
make[1]: Leaving directory '/home/runner/work/alire-crates-ci/alire-crates-ci/test/18b1a4ac-f38d-4459-b1f2-cfdfa22d1f87/aws_23.0.0_6c406859/regtests'
make[1]: Entering directory '/home/runner/work/alire-crates-ci/alire-crates-ci/test/18b1a4ac-f38d-4459-b1f2-cfdfa22d1f87/aws_23.0.0_6c406859/demos'
make[1]: Nothing to be done for 'setup'.
make[1]: Leaving directory '/home/runner/work/alire-crates-ci/alire-crates-ci/test/18b1a4ac-f38d-4459-b1f2-cfdfa22d1f87/aws_23.0.0_6c406859/demos'
make[1]: Entering directory '/home/runner/work/alire-crates-ci/alire-crates-ci/test/18b1a4ac-f38d-4459-b1f2-cfdfa22d1f87/aws_23.0.0_6c406859/templates_parser'
make[1]: Leaving directory '/home/runner/work/alire-crates-ci/alire-crates-ci/test/18b1a4ac-f38d-4459-b1f2-cfdfa22d1f87/aws_23.0.0_6c406859/templates_parser'
make[1]: Entering directory '/home/runner/work/alire-crates-ci/alire-crates-ci/test/18b1a4ac-f38d-4459-b1f2-cfdfa22d1f87/aws_23.0.0_6c406859/templates_parser'
make[1]: Leaving directory '/home/runner/work/alire-crates-ci/alire-crates-ci/test/18b1a4ac-f38d-4459-b1f2-cfdfa22d1f87/aws_23.0.0_6c406859/templates_parser'
Note: Building aws/aws.gpr...
Setup
   [mkdir]        object directory for project Zlib
   [mkdir]        library directory for project Zlib
   [mkdir]        object directory for project Include
   [mkdir]        library directory for project Include
   [mkdir]        object directory for project XmlAda_Sax
   [mkdir]        library directory for project XmlAda_Sax
   [mkdir]        object directory for project XmlAda_Schema
   [mkdir]        object directory for project GPR
   [mkdir]        library directory for project GPR
   [mkdir]        object directory for project GnatColl
   [mkdir]        library directory for project GnatColl
   [mkdir]        object directory for project SSL
   [mkdir]        library directory for project SSL
   [mkdir]        object directory for project Src
   [mkdir]        library directory for project Src
   [mkdir]        library directory for project AWS
src.gpr:39:37: "../.build/x86_64-pc-linux-gnu/setup/src" is not a valid directory
gprbuild: "/home/runner/work/alire-crates-ci/alire-crates-ci/test/18b1a4ac-f38d-4459-b1f2-cfdfa22d1f87/aws_23.0.0_6c406859/aws.gpr" processing failed
stderr: Command ["gprbuild", "-s", "-j0", "-p", "-P", "/home/runner/work/alire-crates-ci/alire-crates-ci/test/18b1a4ac-f38d-4459-b1f2-cfdfa22d1f87/aws_23.0.0_6c406859/aws.gpr"] exited with code 4
ERROR: Command ["gprbuild", "-s", "-j0", "-p", "-P", "/home/runner/work/alire-crates-ci/alire-crates-ci/test/18b1a4ac-f38d-4459-b1f2-cfdfa22d1f87/aws_23.0.0_6c406859/aws.gpr"] exited with code 4
stderr: ALIRE.CHECKED_ERROR
stderr: Command ["gprbuild", "-s", "-j0", "-p", "-P", "/home/runner/work/alire-crates-ci/alire-crates-ci/test/18b1a4ac-f38d-4459-b1f2-cfdfa22d1f87/aws_23.0.0_6c406859/aws.gpr"] exited with code 4
stderr: raised ALIRE.CHECKED_ERROR : alire-stored-error:1
[/usr/bin/alr]
0xd7ada2 Alire.Raise_Checked_Error at alire.adb:251
0xa423cf Alire.Os_Lib.Subprocess.Checked_Spawn at alire-os_lib-subprocess.adb:110
0xc5cdee Alire.Spawn.Command at alire-spawn.adb:21
0xc5d51c Alire.Spawn.Gprbuild at alire-spawn.adb:41
0xbc1550 Alire.Roots.Build.Build_Single_Release.Call_Gprbuild at alire-roots.adb:140
0xbbfbaf Alire.Roots.Build.Build_Single_Release at alire-roots.adb:171
0xbdb95e Alire.Roots.Traverse.Traverse_Wrap at alire-roots.adb:1364
0xc25a8b Alire.Solutions.Traverse.Visit at alire-solutions.adb:1443
0xc246a2 Alire.Solutions.Traverse at alire-solutions.adb:1518
0xbdbaac Alire.Roots.Traverse at alire-roots.adb:1368
0xbbff40 Alire.Roots.Build at alire-roots.adb:196
0x4a0334 Alr.Commands.Build.Execute at alr-commands-build.adb:58
0x4b065a Alr.Commands.Get.Retrieve at alr-commands-get.adb:187
0x4b4e77 Alr.Commands.Get.Execute at alr-commands-get.adb:348
0x53bb7e Alr.Commands.Sub_Cmd.Execute at clic-subcommand-instance.adb:742
0x54756f Alr.Commands.Execute at alr-commands.adb:492
0x43cb1a Alr.Main at alr-main.adb:10
0x43f3e7 Main at b__alr-main.adb:2132
[/lib64/libc.so.6]
0x7f5f4f30bb48
0x7f5f4f30bc09
[/usr/bin/alr]
0x43c9f8 _start at ???
0xfffffffffffffffe


Warning: aws=23.0.0 successfully retrieved but its build failed.
Dependencies were solved as follows:

   +i gnat     13.1.1 (new,installed,gnat_external)
   +  gnatcoll 23.0.0 (new)                        
   +  libgpr   23.0.0 (new,indirect)               
   +  make     4.4.0  (new)                        
   +  openssl  3.0.9  (new)                        
   +  xmlada   23.0.0 (new)                        
ERROR: Build ended with errors
