Test ran at 2023-05-30 01:29:41.226583+00:00

SOLUTION:
adacl=5.12.0: Ada Class Library
Origin: source archive adacl-5.12.0.tgz at https://sourceforge.net/projects/adacl/files/Alire/adacl-5.12.0.tgz with hashes sha256:1c234e74c42b3023082b59974d959c4bb94f21ea02332db6b4a008016dcb2ac1, sha512:b9ba3c03a3fe03e6accf0559b9f2852205fa4cfea867f8607435ee4f85e2a5e4669a75a02fe6ccd44c990ebaad7fa1e17f23f23ceb42d9a41c6038f3c3202f51
Properties:
   Test run: ${CRATE_DIR}/test/alr run
   Author: Martin Krischik <krischik@users.sourceforge.net>
   Build Switches: 
   Description: Ada Class Library
   License: GPL-3.0-or-later
   Long_Description: A class library for Ada for those who like OO programming.

Currently the following functionality is migrated to Ada 2022: 

* getopt commandline argument parser
* string utilities
* trace utility
* reference counted smart pointer
* AUnit compatible informative asserts

Development versions and testsuite available using the follwowing index:

```sh
alr index --add "git+https://github.com/krischik/alire-index.git#develop" --name krischik
```

Source code and testsuite available on [SourceForge](https://git.code.sf.net/p/adacl/git)

   Maintainer: Martin Krischik <krischik@users.sourceforge.net>
   Maintainers_Logins: krischik
   Name: adacl
   Tag: library
   Tag: command-line
   Tag: trace
   Tag: logging
   Tag: string
   Tag: aunit
   Tag: assert
   Tag: ada2022
   Version: 5.12.0
   Website: https://sourceforge.net/projects/adacl/
Dependencies (direct):
   gnat>=12 & <2000
Dependencies (external):
   gnat>=12 & <2000 (direct,hinted)
Dependencies (graph):
   adacl=5.12.0 --> gnat>=12 & <2000
Dependencies cannot be met


LOG:
