Test ran at 2024-03-02 12:54:25.557899+00:00

SOLUTION:
openglada_glfw=0.9.0: GLFW binding for use with OpenGLAda
Origin: source archive openglada_glfw-0.9.0.tgz at https://github.com/flyx/OpenGLAda/releases/download/v0.9.0/openglada_glfw-0.9.0.tgz with hash sha512:fc25165caf510898d8c804b0ca4d8f763d49e0bd144ac70a2547f935ee90804b6ea5a1389eee08bb5528546f87eedb5b4e5884360a3a562a57338acea95f0e91
Properties:
   Author: Felix Krause
   Description: GLFW binding for use with OpenGLAda
   License: MIT
   Maintainer: Felix Krause <contact@flyx.org>
   Maintainers_Logins: flyx
   Name: openglada_glfw
   Project_File: opengl-glfw.gpr
   Tag: opengl
   Tag: glfw
   Tag: binding
   Tag: gui
   Version: 0.9.0
   Website: http://flyx.github.io/OpenGLAda/
Dependencies (direct):
   libglfw3^3
   openglada~0.9.0
Dependencies (solution):
   libglfw3=3.4.0
   libx11=1.8.7
   openglada=0.9.0
Dependencies (graph):
   openglada=0.9.0      --> libx11=1.8.7 (^1)       
   openglada_glfw=0.9.0 --> libglfw3=3.4.0 (^3)     
   openglada_glfw=0.9.0 --> openglada=0.9.0 (~0.9.0)


LOG:
Note: Deploying openglada_glfw=0.9.0...
#=#=#                                                                          

#############                                                             18.9%
######################################################################## 100.0%
Note: Migrating lockfile from /home/runner/work/alire-crates-ci/alire-crates-ci/test/320d17c8-8606-4ad2-adb9-569d4f523392/openglada_glfw_0.9.0_fc25165c/alire.lock to /home/runner/work/alire-crates-ci/alire-crates-ci/test/320d17c8-8606-4ad2-adb9-569d4f523392/openglada_glfw_0.9.0_fc25165c/alire/alire.lock
Note: Deploying libglfw3=3.4.0...
The system package 'glfw' is about to be installed.
This action might require admin privileges and impact your system installation.
Do you want Alire to install this system package?
Using default: Yes
resolving dependencies...
looking for conflicting packages...
warning: dependency cycle detected:
warning: mesa will be installed before its libglvnd dependency

Package (26)             New Version              Net Change  Download Size

extra/default-cursors    2-1                        0.00 MiB       0.00 MiB
extra/libdrm             2.4.120-1                  1.22 MiB       0.33 MiB
core/libedit             20230828_3.1-1             0.28 MiB       0.11 MiB
extra/libglvnd           1.7.0-1                    3.70 MiB       0.35 MiB
extra/libomxil-bellagio  0.9.3-4                    0.58 MiB       0.12 MiB
extra/libpciaccess       0.18-1                     0.06 MiB       0.02 MiB
extra/libunwind          1.7.2-1                    0.26 MiB       0.11 MiB
extra/libx11             1.8.7-1                    9.79 MiB       2.02 MiB
extra/libxau             1.0.11-2                   0.02 MiB       0.01 MiB
extra/libxcb             1.16-1                     3.86 MiB       1.00 MiB
extra/libxdamage         1.1.6-1                    0.02 MiB       0.01 MiB
extra/libxdmcp           1.1.4-2                    0.13 MiB       0.03 MiB
extra/libxext            1.3.6-1                    0.30 MiB       0.10 MiB
extra/libxfixes          6.0.1-1                    0.04 MiB       0.01 MiB
extra/libxkbcommon       1.6.0-1                    0.79 MiB       0.20 MiB
extra/libxshmfence       1.3.2-1                    0.02 MiB       0.01 MiB
extra/libxxf86vm         1.1.5-1                    0.03 MiB       0.02 MiB
extra/llvm-libs          16.0.6-1                 131.52 MiB      31.23 MiB
extra/lm_sensors         1:3.6.0.r41.g31d1f125-2    0.47 MiB       0.13 MiB
extra/mesa               1:24.0.2-1                94.69 MiB      18.44 MiB
extra/vulkan-icd-loader  1.3.276-1                  0.53 MiB       0.14 MiB
extra/wayland            1.22.0-1                   0.78 MiB       0.13 MiB
extra/xcb-proto          1.16.0-1                   1.04 MiB       0.13 MiB
extra/xkeyboard-config   2.41-1                     6.54 MiB       0.86 MiB
extra/xorgproto          2023.2-1                   1.43 MiB       0.24 MiB
extra/glfw               3.4-2                      3.40 MiB       0.41 MiB

Total Download Size:    56.16 MiB
Total Installed Size:  261.49 MiB

:: Proceed with installation? [Y/n] 
:: Retrieving packages...
 llvm-libs-16.0.6-1-x86_64 downloading...
 mesa-1:24.0.2-1-x86_64 downloading...
 libx11-1.8.7-1-x86_64 downloading...
 libxcb-1.16-1-x86_64 downloading...
 xkeyboard-config-2.41-1-any downloading...
 glfw-3.4-2-x86_64 downloading...
 libglvnd-1.7.0-1-x86_64 downloading...
 libdrm-2.4.120-1-x86_64 downloading...
 xorgproto-2023.2-1-any downloading...
 libxkbcommon-1.6.0-1-x86_64 downloading...
 vulkan-icd-loader-1.3.276-1-x86_64 downloading...
 wayland-1.22.0-1-x86_64 downloading...
 lm_sensors-1:3.6.0.r41.g31d1f125-2-x86_64 downloading...
 xcb-proto-1.16.0-1-any downloading...
 libomxil-bellagio-0.9.3-4-x86_64 downloading...
 libunwind-1.7.2-1-x86_64 downloading...
 libedit-20230828_3.1-1-x86_64 downloading...
 libxext-1.3.6-1-x86_64 downloading...
 libxdmcp-1.1.4-2-x86_64 downloading...
 libpciaccess-0.18-1-x86_64 downloading...
 libxxf86vm-1.1.5-1-x86_64 downloading...
 libxfixes-6.0.1-1-x86_64 downloading...
 libxau-1.0.11-2-x86_64 downloading...
 libxdamage-1.1.6-1-x86_64 downloading...
 libxshmfence-1.3.2-1-x86_64 downloading...
 default-cursors-2-1-any downloading...
checking keyring...
checking package integrity...
loading package files...
checking for file conflicts...
:: Processing package changes...
installing xcb-proto...
installing xorgproto...
installing libxdmcp...
installing libxau...
installing libxcb...
installing libx11...
installing libxext...
installing libpciaccess...
installing libdrm...
Optional dependencies for libdrm
    cairo: needed for modetest tool
installing libunwind...
installing libxfixes...
installing libxdamage...
installing libxshmfence...
installing libxxf86vm...
installing libedit...
installing llvm-libs...
installing lm_sensors...
Optional dependencies for lm_sensors
    rrdtool: for logging with sensord
    perl: for sensor detection and configuration convert [installed]
installing vulkan-icd-loader...
Optional dependencies for vulkan-icd-loader
    vulkan-driver: packaged vulkan driver
installing default-cursors...
Optional dependencies for default-cursors
    adwaita-cursors: default cursor theme
installing wayland...
installing libomxil-bellagio...
installing mesa...
Optional dependencies for mesa
    opengl-man-pages: for the OpenGL API man pages
installing libglvnd...
installing xkeyboard-config...
installing libxkbcommon...
Optional dependencies for libxkbcommon
    libxkbcommon-x11: xkbcli interactive-x11
    wayland: xkbcli interactive-wayland [installed]
installing glfw...
:: Running post-transaction hooks...
(1/2) Reloading system manager configuration...
  Skipped: Current root is not booted.
(2/2) Arming ConditionNeedsUpdate...
Note: Deploying libx11=1.8.7...
Note: Deploying openglada=0.9.0...
#=#=#                                                                          

###########                                                               16.4%
######################################################################## 100.0%
Note: Building openglada_glfw/opengl-glfw.gpr...
Setup
   [mkdir]        object directory for project OpenGL
   [mkdir]        library directory for project OpenGL
   [mkdir]        object directory for project OpenGL.Glfw
   [mkdir]        library directory for project OpenGL.Glfw
Compile
   [ada]          gl-api-subprogram_reference.adb
   [ada]          gl-glx.ads
   [ada]          gl-api.ads
   [ada]          gl-api-shorts.ads
   [ada]          gl-load_function_pointers.adb
   [ada]          gl-api-ints.ads
   [ada]          gl-api-singles.ads
   [ada]          gl-api-uints.ads
   [ada]          gl-api-doubles.ads
   [ada]          gl-enums-textures.ads
   [ada]          gl-low_level.ads
   [ada]          gl-immediate.adb
   [ada]          gl-objects-textures-with_3d_loader.adb
   [ada]          gl-uniforms.adb
   [ada]          gl-enums-queries.ads
   [ada]          gl-framebuffer.adb
   [ada]          gl-objects-textures-targets.adb
   [ada]          gl-low_level-enums.ads
   [ada]          gl-enums.ads
   [ada]          gl-matrices.adb
   [ada]          gl-enums-getter.adb
   [ada]          gl-objects-queries.adb
   [ada]          gl-toggles.adb
   [ada]          gl-rasterization.adb
   [ada]          gl-fixed-matrix.adb
   [ada]          gl.adb
   [ada]          gl-buffers.adb
   [ada]          gl-objects-renderbuffers.adb
   [ada]          gl-enums-indexes.adb
   [ada]          gl-objects-textures-with_1d_loader.adb
   [ada]          gl-debug.adb
   [ada]          gl-attributes.adb
   [ada]          gl-tessellation.adb
   [ada]          gl-objects-programs.adb
   [ada]          gl-algebra.adb
   [ada]          gl-files.adb
   [ada]          gl-window.adb
   [ada]          gl-objects.adb
   [ada]          gl-fixed-textures.adb
   [ada]          gl-blending.adb
   [ada]          gl-objects-textures.adb
   [ada]          gl-vectors.adb
   [ada]          gl-objects-buffers.adb
   [ada]          gl-objects-vertex_arrays.adb
   [ada]          gl-context.adb
   [ada]          gl-objects-framebuffers.adb
   [ada]          gl-objects-lists.adb
   [ada]          gl-objects-textures-with_2d_loader.adb
   [ada]          gl-objects-shaders.adb
   [ada]          gl-fixed.adb
   [ada]          gl-errors.adb
   [ada]          gl-pixels.adb
   [ada]          gl-culling.adb
   [ada]          gl-fixed-lighting.adb
   [ada]          gl-raster.adb
   [ada]          gl-helpers.adb
   [ada]          gl-types-colors.ads
   [ada]          gl-objects-shaders-lists.ads
   [ada]          gl-types.ads
   [ada]          glfw-api.ads
   [ada]          glfw-windows.adb
   [ada]          glfw-input-mouse.ads
   [ada]          glfw-input.adb
   [ada]          glfw-enums.ads
   [ada]          glfw-input-joysticks.adb
   [ada]          glfw.adb
   [ada]          glfw-monitors.adb
   [ada]          glfw-windows-clipboard.adb
   [ada]          glfw-input-keys.ads
   [ada]          glfw-windows-hints.adb
   [ada]          glfw-windows-context.adb
   [ada]          glfw-errors.adb
Build Libraries
   [gprlib]       OpenGLAda.lexch
   [gprlib]       GlfwAda.lexch
   [archive]      libOpenGLAda.a
   [index]        libOpenGLAda.a
   [archive]      libGlfwAda.a
   [index]        libGlfwAda.a
Build finished successfully in 6.10 seconds.

openglada_glfw=0.9.0 successfully retrieved and built.
Dependencies were solved as follows:

   + libglfw3  3.4.0 (new)         
   + libx11    1.8.7 (new,indirect)
   + openglada 0.9.0 (new)         
Found declared GPR file: opengl-glfw.gpr
