Test ran at 2025-02-05 00:54:10.856930+00:00

SOLUTION:
lace_box2d=0.1.0: Provides a thin Ada binding to the 'box2d' C++ project.
Origin: source archive lace_box2d-0.1.0.tgz at https://github.com/charlie5/lace-alire/releases/download/v0.1.0/lace_box2d-0.1.0.tgz with hashes sha256:fecf3d54be600eca17eadd1b49ad5c16bf98f07bf5f21738c106c5d22a8cc863, sha512:4dee47dbb76f612e130c39d0c4dd0c10b281118bc3d87451beab4f8abcde85730dbb02873fddd8a82ac1290a0a8ed3ef0844edba77af33616625532726c029da
Properties:
   Author: Rod Kay
   Description: Provides a thin Ada binding to the 'box2d' C++ project.
   License: ISC
   Maintainer: Rod Kay <rodakay5@gmail.com>
   Maintainers_Logins: charlie5
   Name: lace_box2d
   Project_File: library/box2d_thin.gpr
   Version: 0.1.0
Dependencies (direct):
   lace_c_math~0.1
Dependencies (solution):
   lace_c_math=0.1.0
   lace_math=0.1.0
   lace_shared=0.1.0
   lace_swig=0.1.0
Dependencies (graph):
   lace_box2d=0.1.0  --> lace_c_math=0.1.0 (~0.1)
   lace_c_math=0.1.0 --> lace_math=0.1.0 (~0.1)
   lace_c_math=0.1.0 --> lace_swig=0.1.0 (~0.1)
   lace_math=0.1.0   --> lace_shared=0.1.0 (~0.1)


LOG:
Spawning: alr -d -n get --build lace_box2d=0.1.0
Note: Deploying lace_box2d=0.1.0...
#=#=#                                                                          

###############################                                           43.3%
######################################################################## 100.0%
Note: Building lace_box2d=0.1.0/library/box2d_thin.gpr...
Setup
   [mkdir]        object directory for project Box2d_contrib
Compile
   [C++]          b2_body.cpp
   [C++]          b2_contact_manager.cpp
   [C++]          b2_contact.cpp
   [C++]          b2_wheel_joint.cpp
   [C++]          b2_fixture.cpp
   [C++]          b2_joint.cpp
   [C++]          b2_pulley_joint.cpp
   [C++]          b2_prismatic_joint.cpp
   [C++]          b2_mouse_joint.cpp
   [C++]          b2_island.cpp
   [C++]          b2_motor_joint.cpp
   [C++]          b2_contact_solver.cpp
   [C++]          b2_friction_joint.cpp
   [C++]          b2_chain_circle_contact.cpp
   [C++]          b2_circle_contact.cpp
   [C++]          b2_world.cpp
   [C++]          b2_chain_polygon_contact.cpp
   [C++]          b2_edge_polygon_contact.cpp
   [C++]          b2_world_callbacks.cpp
   [C++]          b2_distance_joint.cpp
   [C++]          b2_weld_joint.cpp
   [C++]          b2_edge_circle_contact.cpp
   [C++]          b2_revolute_joint.cpp
   [C++]          b2_gear_joint.cpp
   [C++]          b2_polygon_contact.cpp
   [C++]          b2_polygon_circle_contact.cpp
   [C++]          b2_circle_shape.cpp
   [C++]          b2_chain_shape.cpp
   [C++]          b2_collide_circle.cpp
   [C++]          b2_collide_edge.cpp
   [C++]          b2_edge_shape.cpp
   [C++]          b2_collide_polygon.cpp
   [C++]          b2_time_of_impact.cpp
   [C++]          b2_polygon_shape.cpp
   [C++]          b2_dynamic_tree.cpp
   [C++]          b2_distance.cpp
   [C++]          b2_collision.cpp
   [C++]          b2_broad_phase.cpp
   [C++]          b2_draw.cpp
   [C++]          b2_math.cpp
   [C++]          b2_settings.cpp
   [C++]          b2_block_allocator.cpp
   [C++]          b2_timer.cpp
   [C++]          b2_stack_allocator.cpp
   [C++]          b2_rope.cpp
   [c++]          box2d-space.cpp
   [c++]          box2d-object.cpp
   [c++]          box2d-joint.cpp
   [c++]          box2d-shape.cpp
   [c++]          box2d-conversions.cpp
   [C++]          box2d_c_wrap.cxx
   [Ada]          box2d_c-binding.ads
   [Ada]          box2d_c-b2d_ray_collision.ads
   [Ada]          box2d_c-joint_cursor.ads
   [Ada]          box2d_c.ads
   [Ada]          box2d_c-pointers.ads
   [Ada]          box2d_c-b2d_contact.ads
   [Ada]          box2d_c-pointer_pointers.ads

lace_box2d=0.1.0 successfully retrieved and built.
Dependencies were solved as follows:

   + lace_c_math 0.1.0 (new)
   + lace_math   0.1.0 (new,indirect)
   + lace_shared 0.1.0 (new,indirect)
   + lace_swig   0.1.0 (new,indirect)
Found declared GPR file: library/box2d_thin.gpr
