Test ran at 2022-08-08 12:25:38.600689+00:00

SOLUTION:
ado=2.0.0: Ada Database Objects (Core library)
Origin: source archive 2.0.0.tar.gz at https://github.com/stcarrez/ada-ado/archive/2.0.0.tar.gz with hash sha512:27870ba6654bccb0a3a4d07e15c021eaa46cff309bba6bb69179c68ba545843a364fba5d78c580a41976a0ee890cca801dfb510c82d442d0c573fea2f8fd0269
Properties:
   Post_Fetch run: ${CRATE_DIR}/./rm -f config.gpr
   Description: Ada Database Objects (Core library)
   GPR Scenario: ADO_LIBRARY_TYPE := relocatable | static | static-pic
   GPR Scenario: BUILD := distrib | debug | optimize | profile | coverage
   License: Apache-2.0
   Maintainer: Stephane.Carrez@gmail.com
   Maintainers_Logins: stcarrez
   Name: ado
   Project_File: .alire/ado.gpr
   Version: 2.0.0
Dependencies (direct):
   utilada^2.0.0
   utilada_xml^2.0.0
Dependencies (solution):
   gnat=12.1.2 (gnat_native) (installed)
   utilada=2.5.0
   utilada_xml=2.5.0
   xmlada=22.0.0
Dependencies (graph):
   ado=2.0.0         --> utilada=2.5.0 (^2.0.0)          
   ado=2.0.0         --> utilada_xml=2.5.0 (^2.0.0)      
   utilada_xml=2.5.0 --> utilada=2.5.0 (^2.5.0)          
   utilada_xml=2.5.0 --> xmlada=22.0.0 (*)               
   xmlada=22.0.0     --> gnat=12.1.2 (gnat_native) (>=11)


LOG:
Note: Deploying ado=2.0.0...
#=#=#                                                                         
##O#- #                                                                       
##O=#  #                                                                      
#=#=-#  #                                                                     
 #=#=-#   #                                                                   
Note: Deploying gnat_native=12.1.2...
#=#=#                                                                         
##O#- #                                                                       

                                                                           0.0%
##                                                                         2.8%
###                                                                        4.6%
####                                                                       6.2%
######                                                                     9.2%
########                                                                  11.9%
#########                                                                 13.7%
##########                                                                15.3%
#############                                                             18.3%
##############                                                            19.9%
###############                                                           21.4%
#################                                                         24.4%
##################                                                        25.9%
###################                                                       27.5%
#####################                                                     30.3%
#######################                                                   32.0%
########################                                                  33.6%
##########################                                                36.2%
##########################                                                37.4%
###########################                                               38.1%
############################                                              39.7%
#############################                                             41.2%
##############################                                            42.7%
###############################                                           44.3%
################################                                          45.8%
##################################                                        47.3%
###################################                                       48.8%
####################################                                      50.4%
#####################################                                     51.9%
######################################                                    53.4%
#######################################                                   54.9%
########################################                                  56.5%
#########################################                                 58.0%
##########################################                                59.5%
###########################################                               61.0%
#############################################                             62.6%
##############################################                            64.1%
###############################################                           65.6%
################################################                          67.1%
#################################################                         68.7%
##################################################                        70.2%
###################################################                       71.5%
###################################################                       72.1%
####################################################                      73.2%
#####################################################                     74.4%
######################################################                    75.1%
######################################################                    76.3%
#######################################################                   77.4%
########################################################                  78.2%
#########################################################                 79.3%
#########################################################                 80.5%
##########################################################                81.2%
###########################################################               82.1%
###########################################################               83.0%
############################################################              83.9%
#############################################################             85.1%
#############################################################             85.8%
##############################################################            87.0%
###############################################################           88.1%
###############################################################           88.9%
################################################################          90.0%
#################################################################         90.9%
#################################################################         91.5%
##################################################################        92.4%
###################################################################       93.1%
###################################################################       93.9%
####################################################################      94.6%
####################################################################      95.4%
#####################################################################     96.1%
#####################################################################     97.0%
######################################################################    97.6%
######################################################################    98.5%
#######################################################################   99.2%
######################################################################## 100.0%
Note: gnat_native=12.1.2 installed successfully.
Note: Deploying utilada=2.5.0...
Note: Deploying xmlada=22.0.0...
#=#=#                                                                         
##O#- #                                                                       
##O=#  #                                                                      
#-#O=#  #                                                                     
Note: Running post_fetch actions for xmlada=22.0.0...
checking build system type... x86_64-unknown-linux-gnu
checking host system type... x86_64-unknown-linux-gnu
checking target system type... x86_64-unknown-linux-gnu
checking whether gnat can build shared libs... yes
checking for a BSD-compatible install... /usr/bin/install -c
checking whether ln -s works... yes
configure: creating ./config.status
config.status: creating xmlada_shared.gpr
config.status: creating Makefile
config.status: creating tests/dom/default.gpr
Note: Deploying utilada_xml=2.5.0...
Note: Running post_fetch actions for ado=2.0.0...
Note: Building ado/.alire/ado.gpr...
Setup
   [mkdir]        object directory for project UtilAda_Core
   [mkdir]        library directory for project UtilAda_Core
   [mkdir]        object directory for project UtilAda_Sys
   [mkdir]        library directory for project UtilAda_Sys
   [mkdir]        object directory for project XmlAda_Sax
   [mkdir]        library directory for project XmlAda_Sax
   [mkdir]        object directory for project UtilAda_Xml
   [mkdir]        library directory for project UtilAda_Xml
   [mkdir]        object directory for project Ado
   [mkdir]        library directory for project Ado
Compile
   [Ada]          input_sources-http.adb
   [Ada]          input_sources-strings.adb
   [Ada]          input_sources-file.adb
   [Ada]          input_sources.adb
   [Ada]          input_sources-socket.adb
   [Ada]          unicode-names-phoenician.ads
   [Ada]          unicode-names-old_south_arabian.ads
   [Ada]          unicode-names-bamum_supplement.ads
   [Ada]          unicode-ccs-iso_8859_3.adb
   [Ada]          unicode-names-ornamental_dingbats.ads
   [Ada]          unicode-names-miao.ads
   [Ada]          unicode-names-gothic.ads
   [Ada]          unicode-names-hatran.ads
   [Ada]          unicode-names-enclosed_ideographic_sup.ads
   [Ada]          unicode-names-gujarati.ads
   [Ada]          unicode-names-phonetic_extensions.ads
   [Ada]          unicode-names-misc_symbols_pictographs.ads
   [Ada]          unicode-names-common_indic_number_forms.ads
   [Ada]          unicode-names-ipa_extensions.ads
   [Ada]          unicode-names-khmer.ads
   [Ada]          unicode-names-oriya.ads
   [Ada]          unicode-ccs-iso_8859_1.adb
   [Ada]          unicode-names-katakana_phonetic_ext.ads
   [Ada]          unicode-names-inscriptional_parthian.ads
   [Ada]          unicode-names-tai_le.ads
   [Ada]          unicode-names-bopomofo.ads
   [Ada]          unicode-names-syloti_nagri.ads
   [Ada]          unicode-names-modi.ads
   [Ada]          unicode-names-combining_diacritical_ext.ads
   [Ada]          unicode-names-tirhuta.ads
   [Ada]          unicode-names-cypriot_syllabary.ads
   [Ada]          unicode-names-sundanese_supplement.ads
   [Ada]          unicode-names-arrows.ads
   [Ada]          unicode-names-shorthand_format_controls.ads
   [Ada]          unicode-names-counting_rod_numerals.ads
   [Ada]          unicode-names-miscellaneous_symbols.ads
   [Ada]          unicode-names-vedic_extensions.ads
   [Ada]          unicode-names-small_form_variants.ads
   [Ada]          unicode-names-myanmar_extended_b.ads
   [Ada]          unicode-encodings.adb
   [Ada]          unicode-names-tagbanwa.ads
   [Ada]          unicode-names-palmyrene.ads
   [Ada]          unicode-names-coptic_epact_numbers.ads
   [Ada]          unicode-names-latin_extended_d.ads
   [Ada]          unicode-names-supplemental_punctuation.ads
   [Ada]          unicode-names-sharada.ads
   [Ada]          unicode-names-sup_math_operators.ads
   [Ada]          unicode-names-playing_cards.ads
   [Ada]          unicode-names-currency_symbols.ads
   [Ada]          unicode-names-lydian.ads
   [Ada]          unicode-names-latin_extended_b.ads
   [Ada]          unicode-names-myanmar.ads
   [Ada]          unicode-names-ancient_greek_music.ads
   [Ada]          unicode-names-inscriptional_pahlavi.ads
   [Ada]          unicode-names-chakma.ads
   [Ada]          unicode-names-specials.ads
   [Ada]          unicode-names-dingbats.ads
   [Ada]          unicode-names-ancient_symbols.ads
   [Ada]          unicode-names-combining_diacritical.ads
   [Ada]          unicode-names-alpha_presentation_forms.ads
   [Ada]          unicode-names-arabic.ads
   [Ada]          unicode-names-nabataean.ads
   [Ada]          unicode-names-samaritan.ads
   [Ada]          unicode-names-syriac.ads
   [Ada]          unicode-names-katakana.ads
   [Ada]          unicode-names-pau_cin_hau.ads
   [Ada]          unicode-names-mathematical_operators.ads
   [Ada]          unicode-names-cyrillic_supplement.ads
   [Ada]          unicode-names-yijing_hexagram_symbols.ads
   [Ada]          unicode-names-cjk_radicals_supplement.ads
   [Ada]          unicode-names-mongolian.ads
   [Ada]          unicode-names-kangxi_radicals.ads
   [Ada]          unicode-names-devanagari_extended.ads
   [Ada]          unicode-names-hiragana.ads
   [Ada]          unicode-names-hangul_jamo_extended_b.ads
   [Ada]          unicode-names-runic.ads
   [Ada]          unicode-names-ahom.ads
   [Ada]          unicode-names-cuneiform.ads
   [Ada]          unicode-names-anatolian_hieroglyphs.ads
   [Ada]          unicode-names-egyptian_hieroglyphs.ads
   [Ada]          unicode-names-multani.ads
   [Ada]          unicode-names-meetei_mayek_extensions.ads
   [Ada]          unicode-names-ethiopic_extended_a.ads
   [Ada]          unicode-names-math_alphanumeric_symb.ads
   [Ada]          unicode-names-cjk_compat_ideographs.ads
   [Ada]          unicode-ccs-iso_8859_2.adb
   [Ada]          unicode-ccs-windows_1251.adb
   [Ada]          unicode-names-arabic_supplement.ads
   [Ada]          unicode-names-phaistos_disc.ads
   [Ada]          unicode-names-kannada.ads
   [Ada]          unicode-names-latin_extended_c.ads
   [Ada]          unicode-names-cherokee.ads
   [Ada]          unicode-names-old_hungarian.ads
   [Ada]          unicode-names-modifier_tone_letters.ads
   [Ada]          unicode-names-sutton_signwriting.ads
   [Ada]          unicode-names-bamum.ads
   [Ada]          unicode-names-deseret.ads
   [Ada]          unicode-names-cjk_compatibility.ads
   [Ada]          unicode-names-warang_citi.ads
   [Ada]          unicode-names-kharoshthi.ads
   [Ada]          unicode-names-khudawadi.ads
   [Ada]          unicode-names-hebrew.ads
   [Ada]          unicode-names-ancient_greek_numbers.ads
   [Ada]          unicode-ccs-windows_1252.adb
   [Ada]          unicode-names-old_italic.ads
   [Ada]          unicode-names-khojki.ads
   [Ada]          unicode-names-supplemental_arrows_b.ads
   [Ada]          unicode-names-glagolitic.ads
   [Ada]          unicode-names-bopomofo_extended.ads
   [Ada]          unicode-names-hangul_jamo.ads
   [Ada]          unicode-names-brahmi.ads
   [Ada]          unicode-names-carian.ads
   [Ada]          unicode-names-buhid.ads
   [Ada]          unicode-names-hangul_compatibility_jamo.ads
   [Ada]          unicode-names-tagalog.ads
   [Ada]          unicode-names-arabic_present_formsa.ads
   [Ada]          unicode-names-old_permic.ads
   [Ada]          unicode-names-osmanya.ads
   [Ada]          unicode-names-tai_tham.ads
   [Ada]          unicode-names-ugaritic.ads
   [Ada]          unicode-names-cjk_symbols_and_punct.ads
   [Ada]          unicode-names-latin_extended_additional.ads
   [Ada]          unicode-names-kana_supplement.ads
   [Ada]          unicode-names-devanagari.ads
   [Ada]          unicode-names-yi_radicals.ads
   [Ada]          unicode-names-arabic_present_formsb.ads
   [Ada]          unicode-names-georgian_supplement.ads
   [Ada]          unicode-names-latin_extended_a.ads
   [Ada]          unicode-names-cham.ads
   [Ada]          unicode-names-malayalam.ads
   [Ada]          unicode-names-ethiopic_extended.ads
   [Ada]          unicode-names-takri.ads
   [Ada]          unicode-names-musical_symbols.ads
   [Ada]          unicode-names-linear_b_syllabary.ads
   [Ada]          unicode-names-transport_and_map_symbols.ads
   [Ada]          unicode-names-thai.ads
   [Ada]          unicode-names-ol_chiki.ads
   [Ada]          unicode-names-siddham.ads
   [Ada]          unicode-names-misc_math_symbols_a.ads
   [Ada]          unicode-ces-basic_8bit.adb
   [Ada]          unicode-ccs.adb
   [Ada]          unicode-names-optical_chars_recognition.ads
   [Ada]          unicode-names-lisu.ads
   [Ada]          unicode-names-meroitic_cursive.ads
   [Ada]          unicode-names-miscellaneous_technical.ads
   [Ada]          unicode-ces-utf8.adb
   [Ada]          unicode-names-tags.ads
   [Ada]          unicode.adb
   [Ada]          unicode-names-box_drawing.ads
   [Ada]          unicode-names-cjk_strokes.ads
   [Ada]          unicode-names-block_elements.ads
   [Ada]          unicode-names-spacing_modifier_letters.ads
   [Ada]          unicode-names-geometric_shapes.ads
   [Ada]          unicode-names-telugu.ads
   [Ada]          unicode-names-batak.ads
   [Ada]          unicode-ces-utf16.adb
   [Ada]          unicode-names-gurmukhi.ads
   [Ada]          unicode-names-linear_b_ideograms.ads
   [Ada]          unicode-names-arabic_math_alpha_symb.ads
   [Ada]          unicode-names-domino_tiles.ads
   [Ada]          unicode-names-supplemental_arrows_a.ads
   [Ada]          unicode-names-phonetic_ext_sup.ads
   [Ada]          unicode-names-combining_half_marks.ads
   [Ada]          unicode-names-ogham.ads
   [Ada]          unicode-names-armenian.ads
   [Ada]          unicode-names-tifinagh.ads
   [Ada]          unicode-names-mro.ads
   [Ada]          unicode-names-old_persian.ads
   [Ada]          unicode-names-psalter_pahlavi.ads
   [Ada]          unicode-names-georgian.ads
   [Ada]          unicode-names-bassa_vah.ads
   [Ada]          unicode-names-greek_extended.ads
   [Ada]          unicode-names-lao.ads
   [Ada]          unicode-names-kanbun.ads
   [Ada]          unicode-names-bengali.ads
   [Ada]          unicode-names-meroitic_hieroglyphs.ads
   [Ada]          unicode-names-rejang.ads
   [Ada]          unicode-names-khmer_symbols.ads
   [Ada]          unicode-names-sora_sompeng.ads
   [Ada]          unicode-names-mahajani.ads
   [Ada]          unicode-names-geometric_shapes_extended.ads
   [Ada]          unicode-names-half_full_width_forms.ads
   [Ada]          unicode-names-limbu.ads
   [Ada]          unicode-names-old_turkic.ads
   [Ada]          unicode-names-cjk_compat_ideo_sup.ads
   [Ada]          unicode-names-phags_pa.ads
   [Ada]          unicode-names-lepcha.ads
   [Ada]          unicode-names-shavian.ads
   [Ada]          unicode-names-letterlike_symbols.ads
   [Ada]          unicode-names-greek_and_coptic.ads
   [Ada]          unicode-names.ads
   [Ada]          unicode-names-super_and_sub_scripts.ads
   [Ada]          unicode-names-nko.ads
   [Ada]          unicode-names-canadian_aboriginal.ads
   [Ada]          unicode-names-caucasian_albanian.ads
   [Ada]          unicode-names-kayah_li.ads
   [Ada]          unicode-names-general_punctuation.ads
   [Ada]          unicode-names-manichaean.ads
   [Ada]          unicode-names-pahawh_hmong.ads
   [Ada]          unicode-names-elbasan.ads
   [Ada]          unicode-names-yi_syllables.ads
   [Ada]          unicode-names-ideograph_descr_chars.ads
   [Ada]          unicode-names-enclosed_alphanum_sup.ads
   [Ada]          unicode-names-mandaic.ads
   [Ada]          unicode-names-supplemental_arrows_c.ads
   [Ada]          unicode-names-latin_1_supplement.ads
   [Ada]          unicode-names-hanunoo.ads
   [Ada]          unicode-names-rumi_numeral_symbols.ads
   [Ada]          unicode-names-misc_symbols_and_arrows.ads
   [Ada]          unicode-names-combining_diacritical_sup.ads
   [Ada]          unicode-names-balinese.ads
   [Ada]          unicode-names-imperial_aramaic.ads
   [Ada]          unicode-names-braille_patterns.ads
   [Ada]          unicode-names-tamil.ads
   [Ada]          unicode-ccs-iso_8859_4.adb
   [Ada]          unicode-names-sinhala_archaic_numbers.ads
   [Ada]          unicode-names-duployan.ads
   [Ada]          unicode-names-mende_kikakui.ads
   [Ada]          unicode-names-basic_latin.ads
   [Ada]          unicode-names-tibetan.ads
   [Ada]          unicode-names-vai.ads
   [Ada]          unicode-names-cjk_letters_months.ads
   [Ada]          unicode-names-arabic_extended_a.ads
   [Ada]          unicode-names-cherokee_supplement.ads
   [Ada]          unicode-ces.adb
   [Ada]          unicode-names-latin_extended_e.ads
   [Ada]          unicode-names-mahjong_tiles.ads
   [Ada]          unicode-names-variation_selectors_sup.ads
   [Ada]          unicode-names-cjk_compatibility_forms.ads
   [Ada]          unicode-ces-utf32.adb
   [Ada]          unicode-names-lycian.ads
   [Ada]          unicode-names-canadian_aboriginal_ext.ads
   [Ada]          unicode-names-new_tai_lue.ads
   [Ada]          unicode-names-tai_viet.ads
   [Ada]          unicode-names-kaithi.ads
   [Ada]          unicode-names-alchemical_symbols.ads
   [Ada]          unicode-ccs-iso_8859_15.adb
   [Ada]          unicode-names-sundanese.ads
   [Ada]          unicode-names-coptic.ads
   [Ada]          unicode-names-avestan.ads
   [Ada]          unicode-names-hangul_jamo_extended_a.ads
   [Ada]          unicode-names-ethiopic.ads
   [Ada]          unicode-names-enclosed_alphanumerics.ads
   [Ada]          unicode-names-misc_math_symbols_b.ads
   [Ada]          unicode-names-buginese.ads
   [Ada]          unicode-names-thaana.ads
   [Ada]          unicode-names-byzantine_musical_symbols.ads
   [Ada]          unicode-names-cyrillic_extended_a.ads
   [Ada]          unicode-names-ethiopic_supplement.ads
   [Ada]          unicode-names-aegean_numbers.ads
   [Ada]          unicode-names-sinhala.ads
   [Ada]          unicode-names-number_forms.ads
   [Ada]          unicode-names-sup_symbols_pictographs.ads
   [Ada]          unicode-names-variation_selectors.ads
   [Ada]          unicode-names-combining_diacritical_sym.ads
   [Ada]          unicode-names-grantha.ads
   [Ada]          unicode-names-emoticons.ads
   [Ada]          unicode-names-early_dynastic_cuneiform.ads
   [Ada]          unicode-names-saurashtra.ads
   [Ada]          unicode-names-cyrillic_extended_b.ads
   [Ada]          unicode-names-vertical_forms.ads
   [Ada]          unicode-names-cyrillic.ads
   [Ada]          unicode-names-javanese.ads
   [Ada]          unicode-names-tai_xuan_jing_symbols.ads
   [Ada]          unicode-names-myanmar_extended_a.ads
   [Ada]          unicode-names-cuneiform_num_punctuation.ads
   [Ada]          unicode-names-old_north_arabian.ads
   [Ada]          unicode-names-meetei_mayek.ads
   [Ada]          unicode-names-control_pictures.ads
   [Ada]          unicode-names-linear_a.ads
   [Ada]          sax-models.adb
   [Ada]          sax-pointers.adb
   [Ada]          sax-htable.adb
   [Ada]          sax-attributes.adb
   [Ada]          sax.ads
   [Ada]          sax-encodings.ads
   [Ada]          sax-symbols.adb
   [Ada]          sax-locators.adb
   [Ada]          sax-utils.adb
   [Ada]          sax-exceptions.adb
   [Ada]          sax-state_machines.adb
   [Ada]          sax-readers.adb
   [Ada]          util-serialize-io-xml.adb
   [Ada]          util-systems-constants.ads
   [Ada]          util-systems-types.ads
   [Ada]          util-systems-os.ads
   [Ada]          util-properties-basic.adb
   [Ada]          util-properties.adb
   [Ada]          util-properties-bundles.adb
   [Ada]          util-properties-discrete.adb
   [Ada]          util-log-appenders-consoles.adb
   [Ada]          util-log-appenders-factories.adb
   [Ada]          util-log-appenders-formatter.adb
   [Ada]          util-log-appenders-rolling_files.adb
   [Ada]          util-log-appenders.adb
   [Ada]          util-log.adb
   [Ada]          util-log-locations.adb
   [Ada]          util-log-loggers.adb
   [Ada]          util-log-appenders-files.adb
   [Ada]          util-files-rolling.adb
   [Ada]          util-files.adb
   [Ada]          util-events.adb
   [Ada]          util-events-channels.adb
   [Ada]          util-events-timers.adb
   [Ada]          util-dates-iso8601.adb
   [Ada]          util-dates.adb
   [Ada]          util-dates-formats.adb
   [Ada]          util-dates-rfc7231.adb
   [Ada]          util-dates-simple_format.adb
   [Ada]          util-commands.adb
   [Ada]          util-commands-consoles.adb
   [Ada]          util-commands-drivers.adb
   [Ada]          util-commands-parsers-gnat_parser.adb
   [Ada]          util-commands-consoles-text.adb
   [Ada]          util-commands-parsers.adb
   [Ada]          util-beans-basic-lists.adb
   [Ada]          util-beans-objects-iterators.adb
   [Ada]          util-beans-objects-hash.adb
   [Ada]          util-beans-lists-strings.adb
   [Ada]          util-beans-objects-lists.adb
   [Ada]          util-beans.ads
   [Ada]          util-beans-lists.ads
   [Ada]          util-beans-objects-records.adb
   [Ada]          util-beans-ranges.ads
   [Ada]          util-beans-objects-enums.adb
   [Ada]          util-beans-objects-maps.adb
   [Ada]          util-beans-objects-pairs.adb
   [Ada]          util-beans-objects-vectors.adb
   [Ada]          util-beans-objects-datasets.adb
   [Ada]          util-beans-basic-ranges.adb
   [Ada]          util-beans-factory.adb
   [Ada]          util-beans-methods.ads
   [Ada]          util-beans-basic.ads
   [Ada]          util-beans-objects.adb
   [Ada]          util-beans-objects-to_access.adb
   [Ada]          util-beans-objects-time.adb
   [Ada]          util-systems.ads
   [Ada]          util-texts-builders.adb
   [Ada]          util-texts-formats.adb
   [Ada]          util-texts.ads
   [Ada]          util-texts-tokenizers.adb
   [Ada]          util-texts-transforms.adb
   [Ada]          util-strings-transforms.adb
   [Ada]          util-strings.adb
   [Ada]          util-strings-builders-transforms.ads
   [Ada]          util-strings-builders.ads
   [Ada]          util-strings-vectors.ads
   [Ada]          util-strings-sets.ads
   [Ada]          util-strings-maps.ads
   [Ada]          util-strings-formats.adb
   [Ada]          util-strings-tokenizers.ads
   [Ada]          util-listeners-lifecycles.adb
   [Ada]          util-listeners-observers.adb
   [Ada]          util-listeners.ads
   [Ada]          util-concurrent-counters.adb
   [Ada]          util-concurrent-locks.adb
   [Ada]          util-concurrent-fifos.adb
   [Ada]          util-concurrent-arrays.adb
   [Ada]          util-concurrent-copies.adb
   [Ada]          util-concurrent-pools.adb
   [Ada]          util-concurrent-sequence_queues.adb
   [Ada]          util-concurrent.ads
   [Ada]          util.ads
   [Ada]          util-refs.adb
   [Ada]          util-stacks.adb
   [Ada]          util-locales.adb
   [Ada]          util-executors.adb
   [Ada]          util-algorithms.ads
   [Ada]          util-nullables.ads
   [Ada]          util-blobs.adb
   [Ada]          util-systems-dlls.adb
   [Ada]          util-streams-raw.adb
   [Ada]          util-processes-os.adb
   [Ada]          util-processes.adb
   [Ada]          util-processes-tools.adb
   [Ada]          util-http-cookies.adb
   [Ada]          util-http-clients-mockups.adb
   [Ada]          util-http-mimes.adb
   [Ada]          util-http-tools.adb
   [Ada]          util-http-clients.adb
   [Ada]          util-http-headers.adb
   [Ada]          util-http-mockups.adb
   [Ada]          util-http-rest-rest_get_vector.adb
util-http-mockups.adb:123:07: (style) subprogram body has no previous spec
   [Ada]          util-http-rest.adb
   [Ada]          util-http-parts.adb
   [Ada]          util-http.adb
   [Ada]          util-mail.adb
   [Ada]          util-encoders-base16.adb
   [Ada]          util-encoders-uri.adb
   [Ada]          util-encoders-kdf.ads
   [Ada]          util-encoders.adb
   [Ada]          util-encoders-sha1.adb
   [Ada]          util-encoders-hmac-sha256.adb
   [Ada]          util-encoders-aes.adb
   [Ada]          util-encoders-kdf-pbkdf2_hmac_sha256.ads
   [Ada]          util-encoders-kdf-pbkdf2.adb
   [Ada]          util-encoders-sha256.adb
   [Ada]          util-encoders-hmac-sha1.adb
   [Ada]          util-encoders-ecc.adb
   [Ada]          util-encoders-hmac.ads
   [Ada]          util-encoders-quoted_printable.adb
   [Ada]          util-encoders-base64.adb
   [Ada]          util-measures.adb
   [Ada]          util-streams-texts-tr.ads
   [Ada]          util-streams-texts.adb
   [Ada]          util-streams-buffered.adb
   [Ada]          util-streams-pipes.adb
   [Ada]          util-streams.adb
   [Ada]          util-streams-aes.adb
   [Ada]          util-streams-texts-wtr.ads
   [Ada]          util-streams-files.adb
   [Ada]          util-streams-sockets.adb
   [Ada]          util-streams-base16.ads
   [Ada]          util-streams-base64.ads
   [Ada]          util-streams-buffered-encoders.adb
   [Ada]          util-properties-form.adb
   [Ada]          util-beans-objects-readers.adb
   [Ada]          util-serialize-io.adb
   [Ada]          util-serialize-io-form.adb
   [Ada]          util-serialize-io-csv.adb
   [Ada]          util-serialize-io-json.adb
   [Ada]          util-serialize-mappers-record_mapper.adb
   [Ada]          util-serialize-mappers-vector_mapper.adb
   [Ada]          util-serialize-mappers.adb
   [Ada]          util-serialize.ads
   [Ada]          util-properties-json.adb
   [Ada]          util-serialize-contexts.adb
   [Ada]          util-serialize-tools.adb
   [Ada]          ado-model.adb
   [Ada]          ado-schemas-databases.adb
   [Ada]          ado-queries-loaders.adb
   [Ada]          ado-parameters.adb
ado-queries-loaders.adb:216:39: (style) "and then" required
ado-queries-loaders.adb:216:60: (style) "and then" required
ado-queries-loaders.adb:223:39: (style) "and then" required
ado-queries-loaders.adb:223:60: (style) "and then" required
   [Ada]          ado-caches-discrete.adb
ado-parameters.adb:524:26: (style) "or else" required
ado-parameters.adb:605:24: (style) "and then" required
ado-parameters.adb:611:25: (style) "and then" required
ado-parameters.adb:618:43: (style) "and then" required
ado-parameters.adb:629:46: (style) "and then" required
ado-parameters.adb:629:60: (style) "and then" required
ado-parameters.adb:629:78: (style) "and then" required
ado-parameters.adb:630:24: (style) "and then" required
ado-parameters.adb:630:42: (style) "and then" required
ado-parameters.adb:630:56: (style) "and then" required
ado-parameters.adb:708:04: (style) missing "overriding" indicator in body of "Add_Parameter"
ado-parameters.adb:731:04: (style) missing "overriding" indicator in body of "Length"
ado-parameters.adb:739:04: (style) missing "overriding" indicator in body of "Clear"
ado-parameters.adb:747:04: (style) missing "overriding" indicator in body of "Set_Parameters"
ado-parameters.adb:757:04: (style) missing "overriding" indicator in body of "Element"
ado-parameters.adb:766:04: (style) missing "overriding" indicator in body of "Query_Element"
ado-parameters.ads:257:04: (style) missing "overriding" indicator in declaration of "Add_Parameter"
ado-parameters.ads:260:04: (style) missing "overriding" indicator in declaration of "Set_Parameters"
ado-parameters.ads:264:04: (style) missing "overriding" indicator in declaration of "Length"
ado-parameters.ads:267:04: (style) missing "overriding" indicator in declaration of "Element"
ado-parameters.ads:271:04: (style) missing "overriding" indicator in declaration of "Query_Element"
ado-parameters.ads:276:04: (style) missing "overriding" indicator in declaration of "Clear"
   [Ada]          ado-utils-serialize.adb
ado-caches-discrete.adb:20:01: (style) multiple blank lines
   [Ada]          ado-sessions-factory.adb
   [Ada]          ado-queries.adb
ado-sessions-factory.adb:98:44: (style) "and then" required
ado-sessions-factory.adb:121:44: (style) "and then" required
   [Ada]          ado-dialects.adb
   [Ada]          ado-sequences.adb
   [Ada]          ado-sequences-hilo.adb
ado-sequences-hilo.adb:55:04: (style) missing "overriding" indicator in body of "Allocate"
   [Ada]          ado-datasets.adb
ado-sequences.adb:195:04: (style) missing "overriding" indicator in body of "Finalize"
   [Ada]          ado-sessions.adb
   [Ada]          ado-objects.adb
   [Ada]          ado-utils-streams.adb
   [Ada]          ado-utils.adb
ado-objects.adb:336:01: (style) multiple blank lines
ado-objects.adb:343:04: (style) missing "overriding" indicator in body of "="
ado-objects.adb:350:29: (style) "or else" required
ado-objects.adb:360:29: (style) "and then" required
ado-objects.adb:790:30: (style) bad indentation
ado-objects.ads:200:06: (style) missing "overriding" indicator in declaration of "="
ado-objects.ads:368:04: (style) missing "overriding" indicator in declaration of "="
   [Ada]          ado-connections.adb
   [Ada]          ado-objects-cache.adb
   [Ada]          ado-sql.adb
ado-sql.adb:29:04: (style) missing "overriding" indicator in body of "Clear"
ado-sql.adb:138:04: (style) missing "overriding" indicator in body of "Set_Dialect"
ado-sql.adb:165:09: (style) "and then" required
ado-sql.adb:183:09: (style) "and then" required
ado-sql.adb:202:04: (style) missing "overriding" indicator in body of "Set_Parameters"
ado-sql.adb:242:04: (style) missing "overriding" indicator in body of "Set_Dialect"
ado-sql.ads:98:04: (style) missing "overriding" indicator in declaration of "Set_Dialect"
ado-sql.ads:120:04: (style) missing "overriding" indicator in declaration of "Set_Parameters"
ado-sql.ads:135:04: (style) missing "overriding" indicator in declaration of "Set_Dialect"
   [Ada]          ado.adb
   [Ada]          ado-c.adb
ado-c.adb:56:04: (style) missing "overriding" indicator in body of "Finalize"
ado-c.ads:50:04: (style) missing "overriding" indicator in declaration of "Finalize"
   [Ada]          ado-statements.adb
ado-objects-cache.ads:21:06: warning: unnecessary with of ancestor [-gnatwr]
   [Ada]          ado-sessions-entities.adb
   [Ada]          ado-caches.adb
ado-statements.adb:36:04: (style) missing "overriding" indicator in body of "Add_Parameter"
ado-statements.adb:42:04: (style) missing "overriding" indicator in body of "Set_Parameters"
ado-statements.adb:51:04: (style) missing "overriding" indicator in body of "Length"
ado-statements.adb:59:04: (style) missing "overriding" indicator in body of "Element"
ado-statements.adb:68:04: (style) missing "overriding" indicator in body of "Query_Element"
ado-statements.adb:79:04: (style) missing "overriding" indicator in body of "Clear"
ado-statements.adb:221:22: (style) "and then" required
ado-statements.adb:325:30: (style) "and then" required
ado-statements.adb:393:28: (style) "and then" required
ado-statements.ads:108:04: (style) missing "overriding" indicator in declaration of "Add_Parameter"
ado-statements.ads:111:04: (style) missing "overriding" indicator in declaration of "Set_Parameters"
ado-statements.ads:115:04: (style) missing "overriding" indicator in declaration of "Length"
ado-statements.ads:118:04: (style) missing "overriding" indicator in declaration of "Element"
ado-statements.ads:122:04: (style) missing "overriding" indicator in declaration of "Query_Element"
ado-statements.ads:128:04: (style) missing "overriding" indicator in declaration of "Clear"
   [Ada]          ado-statements-create.adb
   [Ada]          ado-configs.adb
   [Ada]          ado-sessions-sources.adb
ado-configs.adb:75:27: (style) "or else" required
ado-configs.adb:75:45: (style) "or else" required
ado-configs.adb:131:21: (style) "and then" required
ado-configs.adb:136:01: (style) multiple blank lines
ado-configs.adb:224:27: (style) "or else" required
ado-configs.adb:224:45: (style) "or else" required
   [Ada]          ado-schemas-entities.adb
   [Ada]          ado-schemas.adb
ado-schemas.adb:31:01: (style) multiple blank lines
ado-schemas.adb:249:04: (style) missing "overriding" indicator in body of "Finalize"
ado-schemas.ads:180:04: (style) missing "overriding" indicator in declaration of "Finalize"
   [Ada]          ado-audits.adb
ado-audits.adb:39:26: (style) "and then" required
Build Libraries
   [gprlib]       utilada_core.lexch
   [gprlib]       utilada_base.lexch
   [archive]      libutilada_core.a
   [index]        libutilada_core.a
   [gprlib]       utilada_sys.lexch
   [archive]      libutilada_base.a
   [index]        libutilada_base.a
   [gprlib]       xmlada_unicode.lexch
   [archive]      libutilada_sys.a
   [gprlib]       xmlada_input_sources.lexch
   [archive]      libxmlada_unicode.a
   [index]        libutilada_sys.a
   [index]        libxmlada_unicode.a
   [gprlib]       xmlada_sax.lexch
   [archive]      libxmlada_input_sources.a
   [index]        libxmlada_input_sources.a
   [gprlib]       utilada_xml.lexch
   [archive]      libxmlada_sax.a
   [index]        libxmlada_sax.a
   [gprlib]       ado.lexch
   [archive]      libutilada_xml.a
   [index]        libutilada_xml.a
   [archive]      libado.a
   [index]        libado.a
Build finished successfully in 45.65 seconds.

ado=2.0.0 successfully retrieved and built.
Dependencies were solved as follows:

   +i gnat        12.1.2 (new,installed,gnat_native,indirect)
   +  utilada     2.5.0  (new)                               
   +  utilada_xml 2.5.0  (new)                               
   +  xmlada      22.0.0 (new,indirect)                      
