Test ran at 2024-08-19 13:55:26.033409+00:00

SOLUTION:
gnatprove=12.1.1: Automatic formal verification of SPARK code
Origin: (case OS is Linux => (case Host_Arch is X86_64 => binary archive gnatprove-x86_64-linux-12.1.0-1.tar.gz at https://github.com/alire-project/GNAT-FSF-builds/releases/download/gnatprove-12.1.0-1/gnatprove-x86_64-linux-12.1.0-1.tar.gz), Macos => (case Host_Arch is X86_64 => binary archive gnatprove-x86_64-darwin-12.1.0-1.tar.gz at https://github.com/alire-project/GNAT-FSF-builds/releases/download/gnatprove-12.1.0-1/gnatprove-x86_64-darwin-12.1.0-1.tar.gz), Windows => (case Host_Arch is X86_64 => binary archive gnatprove-x86_64-windows64-12.1.0-1.tar.gz at https://github.com/alire-project/GNAT-FSF-builds/releases/download/gnatprove-12.1.0-1/gnatprove-x86_64-windows64-12.1.0-1.tar.gz)) with hash sha256:eaf963490fc0b8c4467854b8f4a7659e4df39094699b014b90d9cd87b46cb987
Properties:
   Auto_Gpr_With: auto-gpr-with=false
   Configuration: no modifiers
   Description: Automatic formal verification of SPARK code
   Environment: PATH=${CRATE_ROOT}/bin:${PATH}
   License: GPL-3.0-or-later
   Maintainer: chouteau@adacore.com
   Maintainers_Logins: Fabien-Chouteau
   Name: gnatprove
   Version: 12.1.1


LOG:
Note: Deploying gnatprove=12.1.1...
#=#=#                                                                          
##O#-#                                                                         

                                                                           0.0%
#                                                                          1.9%
####                                                                       5.7%
####                                                                       6.7%
#######                                                                   10.3%
###########                                                               15.4%
##############                                                            20.6%
##################                                                        25.8%
#####################                                                     29.5%
########################                                                  33.7%
###########################                                               38.1%
###############################                                           43.3%
###################################                                       48.7%
######################################                                    53.0%
#########################################                                 57.9%
############################################                              61.8%
################################################                          66.9%
##################################################                        70.7%
#####################################################                     74.4%
#######################################################                   77.2%
##########################################################                81.6%
##############################################################            87.1%
#################################################################         91.4%
####################################################################      95.8%
######################################################################## 100.0%

gnatprove=12.1.1 successfully retrieved.
There are no dependencies.
Warning: Binary release does not contain default project file: gnatprove.gpr
