Test ran at 2024-06-11 13:25:53.239225+00:00

SOLUTION:
startup_gen=24.0.0: Generates startup files (crt0 and linker script)
Origin: source archive startup-gen-24.0.0.zip at https://github.com/adacore/startup-gen/archive/v24.0.0/startup-gen-24.0.0.zip with hash sha512:73ac30e197c88178a98a2c984e48735fe0a0ddac6d685bd0a769c246cbbc032581a5022a4d575b7c849973a47a789c40db40dc032b287ac69d49324b839ce813
Properties:
   Author: AdaCore
   Configuration: no modifiers
   Description: Generates startup files (crt0 and linker script)
   Executable: startup-gen
   License: GPL-3.0-or-later
   Maintainer: chouteau@adacore.com
   Maintainers_Logins: Fabien-Chouteau
   Name: startup_gen
   Project_File: startup_gen.gpr
   Tag: embedded
   Tag: zfp
   Tag: nostd
   Version: 24.0.0
   Website: https://github.com/AdaCore/startup-gen
Dependencies (direct):
   gnatcoll~24.0.0
   libgpr~24.0.0
   templates_parser~24.0.0
Dependencies (solution):
   gnatcoll=24.0.0
   libgpr=24.0.0
   templates_parser=24.0.0
   xmlada=24.0.0
Dependencies (external):
   gnat(/=2020) & (>=11) (indirect,hinted)
Dependencies (graph):
   gnatcoll=24.0.0         --> libgpr=24.0.0 (~24.0.0)          
   libgpr=24.0.0           --> gnat/=2020                       
   libgpr=24.0.0           --> xmlada=24.0.0 (~24.0.0)          
   startup_gen=24.0.0      --> gnatcoll=24.0.0 (~24.0.0)        
   startup_gen=24.0.0      --> libgpr=24.0.0 (~24.0.0)          
   startup_gen=24.0.0      --> templates_parser=24.0.0 (~24.0.0)
   templates_parser=24.0.0 --> xmlada=24.0.0 (~24.0.0)          
   xmlada=24.0.0           --> gnat>=11                         
Dependencies cannot be met


LOG:
