Test ran at 2022-05-30 17:00:43.149466+00:00

SOLUTION:
emojis=1.0.0: A library to replace names between colons with emojis
Origin: commit e9d5c4ef79b45a8be73c6e98dceb70c291d1fbed from https://github.com/onox/emojis.git
Properties:
   Author: onox
   Configuration: no modifiers
   Description: A library to replace names between colons with emojis
   License: Apache-2.0
   Maintainer: onox <denkpadje@gmail.com>
   Maintainers_Logins: onox
   Name: emojis
   Tag: emoji
   Tag: string
   Tag: text
   Tag: unicode
   Version: 1.0.0
   Website: https://github.com/onox/emojis


LOG:
Note: Deploying release emojis=1.0.0...
Cloning into '/home/runner/work/alire-crates-ci/alire-crates-ci/test/0da6ddbd-632e-4d9d-8fbc-3b3d967adff2/alr-wczk.tmp'...
remote: Enumerating objects: 49, done.        
remote: Counting objects:   2% (1/49)        
remote: Counting objects:   4% (2/49)        
remote: Counting objects:   6% (3/49)        
remote: Counting objects:   8% (4/49)        
remote: Counting objects:  10% (5/49)        
remote: Counting objects:  12% (6/49)        
remote: Counting objects:  14% (7/49)        
remote: Counting objects:  16% (8/49)        
remote: Counting objects:  18% (9/49)        
remote: Counting objects:  20% (10/49)        
remote: Counting objects:  22% (11/49)        
remote: Counting objects:  24% (12/49)        
remote: Counting objects:  26% (13/49)        
remote: Counting objects:  28% (14/49)        
remote: Counting objects:  30% (15/49)        
remote: Counting objects:  32% (16/49)        
remote: Counting objects:  34% (17/49)        
remote: Counting objects:  36% (18/49)        
remote: Counting objects:  38% (19/49)        
remote: Counting objects:  40% (20/49)        
remote: Counting objects:  42% (21/49)        
remote: Counting objects:  44% (22/49)        
remote: Counting objects:  46% (23/49)        
remote: Counting objects:  48% (24/49)        
remote: Counting objects:  51% (25/49)        
remote: Counting objects:  53% (26/49)        
remote: Counting objects:  55% (27/49)        
remote: Counting objects:  57% (28/49)        
remote: Counting objects:  59% (29/49)        
remote: Counting objects:  61% (30/49)        
remote: Counting objects:  63% (31/49)        
remote: Counting objects:  65% (32/49)        
remote: Counting objects:  67% (33/49)        
remote: Counting objects:  69% (34/49)        
remote: Counting objects:  71% (35/49)        
remote: Counting objects:  73% (36/49)        
remote: Counting objects:  75% (37/49)        
remote: Counting objects:  77% (38/49)        
remote: Counting objects:  79% (39/49)        
remote: Counting objects:  81% (40/49)        
remote: Counting objects:  83% (41/49)        
remote: Counting objects:  85% (42/49)        
remote: Counting objects:  87% (43/49)        
remote: Counting objects:  89% (44/49)        
remote: Counting objects:  91% (45/49)        
remote: Counting objects:  93% (46/49)        
remote: Counting objects:  95% (47/49)        
remote: Counting objects:  97% (48/49)        
remote: Counting objects: 100% (49/49)        
remote: Counting objects: 100% (49/49), done.        
remote: Compressing objects:   3% (1/29)        
remote: Compressing objects:   6% (2/29)        
remote: Compressing objects:  10% (3/29)        
remote: Compressing objects:  13% (4/29)        
remote: Compressing objects:  17% (5/29)        
remote: Compressing objects:  20% (6/29)        
remote: Compressing objects:  24% (7/29)        
remote: Compressing objects:  27% (8/29)        
remote: Compressing objects:  31% (9/29)        
remote: Compressing objects:  34% (10/29)        
remote: Compressing objects:  37% (11/29)        
remote: Compressing objects:  41% (12/29)        
remote: Compressing objects:  44% (13/29)        
remote: Compressing objects:  48% (14/29)        
remote: Compressing objects:  51% (15/29)        
remote: Compressing objects:  55% (16/29)        
remote: Compressing objects:  58% (17/29)        
remote: Compressing objects:  62% (18/29)        
remote: Compressing objects:  65% (19/29)        
remote: Compressing objects:  68% (20/29)        
remote: Compressing objects:  72% (21/29)        
remote: Compressing objects:  75% (22/29)        
remote: Compressing objects:  79% (23/29)        
remote: Compressing objects:  82% (24/29)        
remote: Compressing objects:  86% (25/29)        
remote: Compressing objects:  89% (26/29)        
remote: Compressing objects:  93% (27/29)        
remote: Compressing objects:  96% (28/29)        
remote: Compressing objects: 100% (29/29)        
remote: Compressing objects: 100% (29/29), done.        
remote: Total 49 (delta 14), reused 46 (delta 11), pack-reused 0        
Setup
   [mkdir]        object directory for project Emojis
   [mkdir]        library directory for project Emojis
Compile
   [Ada]          strings.adb
   [Ada]          emojis.adb
Build Libraries
   [gprlib]       emojis.lexch
   [archive]      libemojis.a
   [index]        libemojis.a

emojis=1.0.0 successfully retrieved and built.
There are no dependencies.
