Test ran at 2024-06-10 13:35:08.412068+00:00

SOLUTION:
aflex=1.5.2021: An Ada Lexical Analyzer Generator
Origin: commit 33198b8fef131732d44279e7dd7fb24535cdb18f from https://github.com/Ada-France/aflex.git
Properties:
   Author: John Self
   Configuration: no modifiers
   Description: An Ada Lexical Analyzer Generator
   Executable: aflex
   GPR Scenario: AFLEX_BUILD := distrib | debug | optimize | profile | coverage
   License: Unlicense
   Long_Description: Aflex is a lexical analyzer generating tool similar to the Unix tool lex.

The first implementation was written by John Self of the Arcadia project
at the University of California, Irvine.  The last version that was released
appeared to be the aflex 1.4a released in 1994.

Aflex was used and improved by P2Ada, the Pascal to Ada translator.
This version of Aflex is derived from the P2Ada aflex implementation
released in August 2010.

This version brings a number of improvements:

- Aflex generates the spec and body files as separate files so that
  there is no need to use gnatchop to split the DFA and IO files.
- Aflex uses the lex file name to generate the package name and
  it supports child package with the `%unit` directive.


   Maintainer: Stephane.Carrez@gmail.com
   Maintainers_Logins: stcarrez
   Name: aflex
   Tag: parser
   Tag: generator
   Tag: grammar
   Version: 1.5.2021
   Website: https://github.com/Ada-France/aflex


LOG:
Note: Deploying aflex=1.5.2021...
Note: Building aflex/aflex.gpr...
Setup
   [mkdir]        object directory for project aflex
   [mkdir]        exec directory for project aflex
Compile
   [Ada]          aflex.adb
   [Ada]          dfa.adb
   [Ada]          gen.adb
   [Ada]          main_body.adb
   [Ada]          misc.adb
   [Ada]          misc_defs.adb
   [Ada]          template_manager.adb
   [Ada]          command_line_interface.adb
   [Ada]          ecs.adb
   [Ada]          external_file_manager.adb
   [Ada]          int_io.ads
   [Ada]          parse_tokens.ads
   [Ada]          parser.adb
   [Ada]          skeleton_manager.adb
   [Ada]          tstring.ads
   [Ada]          scanner.adb
   [Ada]          ccl.adb
   [Ada]          nfa.adb
   [Ada]          tblcmp.adb
   [Ada]          file_string.ads
   [Ada]          aflex_scanner.adb
   [Ada]          parse_goto.ads
   [Ada]          parse_shift_reduce.ads
   [Ada]          sym.adb
   [Ada]          vstrings.adb
   [Ada]          ascan_dfa.adb
   [Ada]          ascan_io.adb
Bind
   [gprbind]      aflex.bexch
   [Ada]          aflex.ali
Link
   [link]         aflex.adb
-macosx_version_min has been renamed to -macos_version_min
ld: warning: -s is obsolete
ld: warning: ignoring duplicate libraries: '-lSystem'
0  0x104efcf43  __assert_rtn + 64
1  0x104dfef43  ld::AtomPlacement::findAtom(unsigned char, unsigned long long, ld::AtomPlacement::AtomLoc const*&, long long&) const + 1411
2  0x104e1b431  ld::InputFiles::SliceParser::parseObjectFile(mach_o::Header const*) const + 19745
3  0x104e2bb71  ld::InputFiles::parseAllFiles(void (ld::AtomFile const*) block_pointer)::$_7::operator()(unsigned long, ld::FileInfo const&) const + 657
4  0x7ff817f06def  _dispatch_client_callout2 + 8
5  0x7ff817f18547  _dispatch_apply_invoke3 + 431
6  0x7ff817f06dbc  _dispatch_client_callout + 8
7  0x7ff817f0804e  _dispatch_once_callout + 20
8  0x7ff817f17740  _dispatch_apply_invoke + 184
9  0x7ff817f06dbc  _dispatch_client_callout + 8
10  0x7ff817f162ca  _dispatch_root_queue_drain + 871
11  0x7ff817f1684f  _dispatch_worker_thread2 + 152
12  0x7ff8180a4b43  _pthread_wqthread + 262
ld: Assertion failed: (resultIndex < sectData.atoms.size()), function findAtom, file Relocations.cpp, line 1336.
collect2: error: ld returned 1 exit status
gprbuild: link of aflex.adb failed
gprbuild: failed command was: /users/runner/.config/alire/cache/dependencies/gnat_native_11.2.4_9800548d/bin/gcc aflex.o b__aflex.o /Users/runner/work/alire-crates-ci/alire-crates-ci/test/2c6c938b-f39e-4dc3-92c0-56836c28f9b8/aflex_1.5.2021_33198b8f/obj/ascan_dfa.o /Users/runner/work/alire-crates-ci/alire-crates-ci/test/2c6c938b-f39e-4dc3-92c0-56836c28f9b8/aflex_1.5.2021_33198b8f/obj/ascan_io.o /Users/runner/work/alire-crates-ci/alire-crates-ci/test/2c6c938b-f39e-4dc3-92c0-56836c28f9b8/aflex_1.5.2021_33198b8f/obj/int_io.o /Users/runner/work/alire-crates-ci/alire-crates-ci/test/2c6c938b-f39e-4dc3-92c0-56836c28f9b8/aflex_1.5.2021_33198b8f/obj/parse_goto.o /Users/runner/work/alire-crates-ci/alire-crates-ci/test/2c6c938b-f39e-4dc3-92c0-56836c28f9b8/aflex_1.5.2021_33198b8f/obj/parse_shift_reduce.o /Users/runner/work/alire-crates-ci/alire-crates-ci/test/2c6c938b-f39e-4dc3-92c0-56836c28f9b8/aflex_1.5.2021_33198b8f/obj/parse_tokens.o /Users/runner/work/alire-crates-ci/alire-crates-ci/test/2c6c938b-f39e-4dc3-92c0-56836c28f9b8/aflex_1.5.2021_33198b8f/obj/vstrings.o /Users/runner/work/alire-crates-ci/alire-crates-ci/test/2c6c938b-f39e-4dc3-92c0-56836c28f9b8/aflex_1.5.2021_33198b8f/obj/file_string.o /Users/runner/work/alire-crates-ci/alire-crates-ci/test/2c6c938b-f39e-4dc3-92c0-56836c28f9b8/aflex_1.5.2021_33198b8f/obj/tstring.o /Users/runner/work/alire-crates-ci/alire-crates-ci/test/2c6c938b-f39e-4dc3-92c0-56836c28f9b8/aflex_1.5.2021_33198b8f/obj/command_line_interface.o /Users/runner/work/alire-crates-ci/alire-crates-ci/test/2c6c938b-f39e-4dc3-92c0-56836c28f9b8/aflex_1.5.2021_33198b8f/obj/misc_defs.o /Users/runner/work/alire-crates-ci/alire-crates-ci/test/2c6c938b-f39e-4dc3-92c0-56836c28f9b8/aflex_1.5.2021_33198b8f/obj/skeleton_manager.o /Users/runner/work/alire-crates-ci/alire-crates-ci/test/2c6c938b-f39e-4dc3-92c0-56836c28f9b8/aflex_1.5.2021_33198b8f/obj/misc.o /Users/runner/work/alire-crates-ci/alire-crates-ci/test/2c6c938b-f39e-4dc3-92c0-56836c28f9b8/aflex_1.5.2021_33198b8f/obj/ccl.o /Users/runner/work/alire-crates-ci/alire-crates-ci/test/2c6c938b-f39e-4dc3-92c0-56836c28f9b8/aflex_1.5.2021_33198b8f/obj/ecs.o /Users/runner/work/alire-crates-ci/alire-crates-ci/test/2c6c938b-f39e-4dc3-92c0-56836c28f9b8/aflex_1.5.2021_33198b8f/obj/external_file_manager.o /Users/runner/work/alire-crates-ci/alire-crates-ci/test/2c6c938b-f39e-4dc3-92c0-56836c28f9b8/aflex_1.5.2021_33198b8f/obj/nfa.o /Users/runner/work/alire-crates-ci/alire-crates-ci/test/2c6c938b-f39e-4dc3-92c0-56836c28f9b8/aflex_1.5.2021_33198b8f/obj/main_body.o /Users/runner/work/alire-crates-ci/alire-crates-ci/test/2c6c938b-f39e-4dc3-92c0-56836c28f9b8/aflex_1.5.2021_33198b8f/obj/aflex_scanner.o /Users/runner/work/alire-crates-ci/alire-crates-ci/test/2c6c938b-f39e-4dc3-92c0-56836c28f9b8/aflex_1.5.2021_33198b8f/obj/sym.o /Users/runner/work/alire-crates-ci/alire-crates-ci/test/2c6c938b-f39e-4dc3-92c0-56836c28f9b8/aflex_1.5.2021_33198b8f/obj/parser.o /Users/runner/work/alire-crates-ci/alire-crates-ci/test/2c6c938b-f39e-4dc3-92c0-56836c28f9b8/aflex_1.5.2021_33198b8f/obj/scanner.o /Users/runner/work/alire-crates-ci/alire-crates-ci/test/2c6c938b-f39e-4dc3-92c0-56836c28f9b8/aflex_1.5.2021_33198b8f/obj/gen.o /Users/runner/work/alire-crates-ci/alire-crates-ci/test/2c6c938b-f39e-4dc3-92c0-56836c28f9b8/aflex_1.5.2021_33198b8f/obj/tblcmp.o /Users/runner/work/alire-crates-ci/alire-crates-ci/test/2c6c938b-f39e-4dc3-92c0-56836c28f9b8/aflex_1.5.2021_33198b8f/obj/dfa.o /Users/runner/work/alire-crates-ci/alire-crates-ci/test/2c6c938b-f39e-4dc3-92c0-56836c28f9b8/aflex_1.5.2021_33198b8f/obj/template_manager.o -s -L/Users/runner/work/alire-crates-ci/alire-crates-ci/test/2c6c938b-f39e-4dc3-92c0-56836c28f9b8/aflex_1.5.2021_33198b8f/obj/ -L/Users/runner/work/alire-crates-ci/alire-crates-ci/test/2c6c938b-f39e-4dc3-92c0-56836c28f9b8/aflex_1.5.2021_33198b8f/obj/ -L/users/runner/.config/alire/cache/dependencies/gnat_native_11.2.4_9800548d/lib/gcc/x86_64-apple-darwin19.6.0/11.2.0/adalib/ /users/runner/.config/alire/cache/dependencies/gnat_native_11.2.4_9800548d/lib/gcc/x86_64-apple-darwin19.6.0/11.2.0/adalib/libgnat.a -Wl,-rpath,@executable_path/..//obj -Wl,-rpath,@executable_path/../../../../../../..//.config/alire/cache/dependencies/gnat_native_11.2.4_9800548d/lib/gcc/x86_64-apple-darwin19.6.0/11.2.0/adalib -o /Users/runner/work/alire-crates-ci/alire-crates-ci/test/2c6c938b-f39e-4dc3-92c0-56836c28f9b8/aflex_1.5.2021_33198b8f/bin//aflex
stderr: Command ["gprbuild", "-s", "-j0", "-p", "-P", "/Users/runner/work/alire-crates-ci/alire-crates-ci/test/2c6c938b-f39e-4dc3-92c0-56836c28f9b8/aflex_1.5.2021_33198b8f/aflex.gpr"] exited with code 4
ERROR: Command ["gprbuild", "-s", "-j0", "-p", "-P", "/Users/runner/work/alire-crates-ci/alire-crates-ci/test/2c6c938b-f39e-4dc3-92c0-56836c28f9b8/aflex_1.5.2021_33198b8f/aflex.gpr"] exited with code 4
stderr: ALIRE.CHECKED_ERROR
stderr: Command ["gprbuild", "-s", "-j0", "-p", "-P", "/Users/runner/work/alire-crates-ci/alire-crates-ci/test/2c6c938b-f39e-4dc3-92c0-56836c28f9b8/aflex_1.5.2021_33198b8f/aflex.gpr"] exited with code 4
stderr: raised ALIRE.CHECKED_ERROR : alire-stored-error:1
Load address: 0x100477000
Call stack traceback locations:
0x100d7f415 0x100a52e83 0x100c65df9 0x100c66581 0x100bc6ac3 0x100bc4f99 0x100be1873 0x100c2ddc1 0x100c2c81a 0x100be19b8 0x100bc5349 0x1004d69c1 0x1004e7578 0x1004ec01c 0x10057205c 0x10057d3b8 0x100478605 0x10047b914


Warning: aflex=1.5.2021 successfully retrieved but its build failed.
There are no dependencies.
ERROR: Build ended with errors
