Test ran at 2024-12-18 12:35:48.702513+00:00

SOLUTION:
pico_bsp=2.0.0: Board support package for Raspberry Pi Pico
Origin: commit fb355059bdfe79975500044b12acc8a2b37d0503 from https://github.com/JeremyGrosser/pico_bsp.git
Properties:
   Author: Jeremy Grosser
   Config set: rp2040_hal {Flash_Chip := w25qxx}
   Configuration: no modifiers
   Description: Board support package for Raspberry Pi Pico
   License: BSD-3-Clause
   Maintainer: Jeremy Grosser <jeremy@synack.me>
   Maintainers_Logins: JeremyGrosser
   Name: pico_bsp
   Tag: embedded
   Tag: nostd
   Tag: raspberrypi
   Tag: pico
   Tag: rp2040
   Tag: bsp
   Version: 2.0.0
   Website: https://pico-doc.synack.me/
Dependencies (direct):
   hal~0.3
   rp2040_hal^2.0
Dependencies (solution):
   atomic=0.5.0
   bbqueue=0.3.1
   cortex_m=0.5.0
   gnat=12.2.1 (gnat_arm_elf) (installed)
   gnat_arm_elf=12.2.1 (installed)
   hal=0.3.0
   rp2040_hal=2.0.1
   usb_embedded=0.3.0
Dependencies (graph):
   bbqueue=0.3.1      --> atomic=0.5.0 (~0.5)              
   bbqueue=0.3.1      --> gnat=12.2.1 (gnat_arm_elf) (>=10)
   cortex_m=0.5.0     --> gnat_arm_elf=12.2.1 (>=12)       
   cortex_m=0.5.0     --> hal=0.3.0 (~0.3)                 
   pico_bsp=2.0.0     --> hal=0.3.0 (~0.3)                 
   pico_bsp=2.0.0     --> rp2040_hal=2.0.1 (^2.0)          
   rp2040_hal=2.0.1   --> atomic=0.5.0 (~0.5)              
   rp2040_hal=2.0.1   --> cortex_m=0.5.0 (~0.5)            
   rp2040_hal=2.0.1   --> gnat_arm_elf=12.2.1 (^12.2)      
   rp2040_hal=2.0.1   --> hal=0.3.0 (~0.3)                 
   rp2040_hal=2.0.1   --> usb_embedded=0.3.0 (~0.3)        
   usb_embedded=0.3.0 --> bbqueue=0.3.1 (~0.3.0)           
   usb_embedded=0.3.0 --> hal=0.3.0 (~0.3)                 


LOG:
Note: Deploying pico_bsp=2.0.0...
Note: Deploying gnat_arm_elf=12.2.1...
#=#=#                                                                          
##O#-#                                                                         

                                                                           0.0%
#                                                                          1.9%
#                                                                          2.6%
##                                                                         3.7%
##                                                                         3.7%
###                                                                        5.1%
####                                                                       6.2%
#####                                                                      7.2%
#####                                                                      7.7%
######                                                                     8.6%
######                                                                     8.7%
#######                                                                   10.3%
########                                                                  11.9%
#########                                                                 12.8%
##########                                                                14.8%
###########                                                               15.4%
###########                                                               16.4%
###########                                                               16.4%
############                                                              17.0%
############                                                              18.0%
##############                                                            20.1%
##############                                                            20.6%
################                                                          22.7%
################                                                          23.1%
##################                                                        25.0%
##################                                                        25.7%
###################                                                       27.3%
####################                                                      28.3%
#####################                                                     30.3%
######################                                                    30.8%
######################                                                    31.9%
#######################                                                   33.0%
########################                                                  33.4%
#########################                                                 35.0%
#########################                                                 36.0%
###########################                                               38.0%
###########################                                               38.6%
#############################                                             40.6%
#############################                                             41.1%
###############################                                           43.2%
###############################                                           43.7%
################################                                          45.7%
#################################                                         46.2%
##################################                                        47.9%
###################################                                       48.8%
####################################                                      50.5%
####################################                                      51.4%
######################################                                    53.1%
######################################                                    53.9%
########################################                                  56.0%
########################################                                  56.5%
##########################################                                58.6%
##########################################                                59.2%
###########################################                               60.1%
###########################################                               60.1%
############################################                              61.7%
#############################################                             63.3%
##############################################                            64.2%
###############################################                           66.1%
################################################                          66.8%
#################################################                         68.5%
#################################################                         69.4%
##################################################                        70.5%
##################################################                        70.5%
###################################################                       71.9%
####################################################                      73.0%
#####################################################                     74.0%
#####################################################                     74.5%
######################################################                    76.4%
#######################################################                   77.1%
########################################################                  79.1%
#########################################################                 79.6%
##########################################################                81.7%
###########################################################               82.2%
############################################################              84.4%
#############################################################             84.8%
##############################################################            86.9%
##############################################################            87.4%
###############################################################           88.4%
###############################################################           88.4%
################################################################          89.9%
#################################################################         90.9%
#################################################################         91.0%
##################################################################        92.5%
###################################################################       93.5%
###################################################################       93.6%
####################################################################      95.1%
#####################################################################     96.1%
#####################################################################     96.1%
######################################################################    97.6%
#######################################################################   99.7%
######################################################################## 100.0%
Note: gnat_arm_elf=12.2.1 installed successfully.
Note: Deploying atomic=0.5.0...
Note: Deploying hal=0.3.0...
Note: Deploying bbqueue=0.3.1...
Note: Deploying cortex_m=0.5.0...
Note: Deploying usb_embedded=0.3.0...
Note: Deploying rp2040_hal=2.0.1...
Note: Building pico_bsp/pico_bsp.gpr...
Setup
   [mkdir]        object directory for project HAL
   [mkdir]        library directory for project HAL
   [mkdir]        object directory for project Atomic
   [mkdir]        library directory for project Atomic
   [mkdir]        object directory for project Cortex_M
   [mkdir]        library directory for project Cortex_M
   [mkdir]        object directory for project BBqueue
   [mkdir]        library directory for project BBqueue
   [mkdir]        object directory for project Usb_Embedded
   [mkdir]        library directory for project Usb_Embedded
   [mkdir]        object directory for project Rp2040_Hal
   [mkdir]        library directory for project Rp2040_Hal
   [mkdir]        object directory for project Pico_Bsp
   [mkdir]        library directory for project Pico_Bsp
Compile
   [Ada]          bbqueue.adb
   [Ada]          bbqueue-buffers-framed.adb
   [Ada]          bbqueue-buffers.adb
   [Ada]          usb_embedded_config.ads
   [Ada]          usb-hal-device.ads
   [Ada]          usb-logging.ads
   [Ada]          usb-device-hid-gamepad.adb
   [Ada]          usb-device-hid-joystick.adb
   [Ada]          usb.adb
   [Ada]          usb-device-serial.adb
   [Ada]          usb-lang.ads
   [Ada]          usb-hal.ads
   [Ada]          usb-device-hid.adb
   [Ada]          usb-device-hid-keyboard.adb
   [Ada]          usb-device-hid-mouse.adb
   [Ada]          usb-device.adb
   [Ada]          usb-device-control.adb
   [Ada]          usb-device-midi.adb
   [Ada]          usb-utils.adb
   [Ada]          usb-logging-device__null.adb
   [Ada]          cortex_m-nvic.adb
   [Ada]          cortex_m-cache.adb
   [Ada]          cortex_m_svd.ads
   [Ada]          cortex_m_svd-scb.ads
   [Ada]          cortex_m_svd-nvic.ads
   [Ada]          cortex_m_svd-dwt.ads
   [Ada]          cortex_m_svd-systick.ads
   [Ada]          cortex_m_svd-debug.ads
   [Ada]          cortex_m_config.ads
   [Ada]          cortex_m-hints.adb
   [Ada]          cortex_m.ads
   [Ada]          memory_barriers.adb
   [Ada]          semihosting-filesystem.adb
   [Ada]          cortex_m-systick.adb
   [Ada]          cortex_m-debug.adb
   [Ada]          cortex_m-dwt.adb
   [Ada]          semihosting.adb
   [Ada]          atomic-critical_section.adb
   [Ada]          atomic-signed.adb
   [Ada]          atomic.adb
   [Ada]          atomic-unsigned.adb
   [Ada]          atomic_config.ads
   [Ada]          atomic-unsigned_8.ads
   [Ada]          atomic-signed_16.ads
   [Ada]          atomic-signed_8.ads
   [Ada]          atomic-unsigned_16.ads
   [Ada]          atomic-unsigned_32.ads
   [Ada]          atomic-signed_32.ads
   [Asm_Cpp]      crt0.S
   [Ada]          rp2040_hal_config.ads
   [Ada]          rp-timer-interrupts.adb
   [Ada]          rp_interrupts.adb
   [Ada]          rp-gpio-interrupts.adb
   [Ada]          rp-pwm-interrupts.adb
   [Ada]          rp-device.ads
   [Ada]          rp2040_svd-pio.ads
   [Ada]          rp2040_svd-pwm.ads
   [Ada]          rp2040_svd-psm.ads
   [Ada]          rp2040_svd.ads
   [Ada]          rp2040_svd-vreg_and_chip_reset.ads
   [Ada]          rp2040_svd-busctrl.ads
   [Ada]          rp2040_svd-timer.ads
   [Ada]          rp2040_svd-io_bank0.ads
   [Ada]          rp2040_svd-io_qspi.ads
   [Ada]          rp2040_svd-spi.ads
   [Ada]          rp2040_svd-syscfg.ads
   [Ada]          rp2040_svd-rtc.ads
   [Ada]          rp2040_svd-xip_ctrl.ads
   [Ada]          rp2040_svd-i2c.ads
   [Ada]          rp2040_svd-rosc.ads
   [Ada]          rp2040_svd-usbctrl_dpram.ads
   [Ada]          rp2040_svd-pll.ads
   [Ada]          rp2040_svd-interrupts.ads
   [Ada]          rp2040_svd-dma.ads
   [Ada]          rp2040_svd-clocks.ads
   [Ada]          rp2040_svd-pads_qspi.ads
   [Ada]          rp2040_svd-sysinfo.ads
   [Ada]          rp2040_svd-tbman.ads
   [Ada]          rp2040_svd-ppb.ads
   [Ada]          rp2040_svd-pads_bank0.ads
   [Ada]          rp2040_svd-resets.ads
   [Ada]          rp2040_svd-xosc.ads
   [Ada]          rp2040_svd-uart.ads
   [Ada]          rp2040_svd-usbctrl_regs.ads
   [Ada]          rp2040_svd-xip_ssi.ads
   [Ada]          rp2040_svd-adc.ads
   [Ada]          rp2040_svd-watchdog.ads
   [Ada]          rp2040_svd-sio.ads
   [Ada]          rp-spi.adb
   [Ada]          rp-multicore.adb
   [Ada]          rp-rom.adb
   [Ada]          rp-dma.adb
   [Ada]          rp-pio-audio_i2s_pio.ads
   [Ada]          rp-rtc.adb
   [Ada]          rp-adc.adb
   [Ada]          rp-interpolator.ads
   [Ada]          rp-multicore-spinlocks.adb
   [Ada]          rp-usb_device.adb
   [Ada]          rp-i2c_master.adb
   [Ada]          rp-pio-ws2812.adb
   [Ada]          rp-reset.adb
   [Ada]          rp-pio.adb
   [Ada]          rp-pwm.adb
   [Ada]          rp-pio-audio_i2s.adb
   [Ada]          rp-flash.adb
   [Ada]          rp-i2c.adb
   [Ada]          rp-timer.adb
   [Ada]          rp-pio-encoding.ads
   [Ada]          rp-multicore-fifo.adb
   [Ada]          rp-rom-floating_point.adb
   [Ada]          rp-flash-cache.adb
   [Ada]          rp-pio-ws2812_pio.ads
   [Ada]          rp-watchdog.adb
   [Ada]          rp-clock.adb
   [Ada]          rp-gpio.adb
   [Ada]          rp-uart.adb
   [Ada]          rp.ads
   [Ada]          hal-bitmap.ads
   [Ada]          hal-block_drivers.ads
   [Ada]          hal-spi.ads
   [Ada]          hal-framebuffer.ads
   [Ada]          hal-dsi.ads
   [Ada]          hal-filesystem.ads
   [Ada]          hal-time.ads
   [Ada]          hal-sdmmc.adb
   [Ada]          hal.ads
   [Ada]          hal-i2c.ads
   [Ada]          hal-audio.ads
   [Ada]          hal-gpio.ads
   [Ada]          hal-real_time_clock.ads
   [Ada]          hal-uart.ads
   [Ada]          hal-touch_panel.ads
   [Ada]          pico_bsp_config.ads
   [Ada]          pico.ads
   [Ada]          pico-pimoroni-rgb_keypad.adb
   [Ada]          pico-audio_i2s.ads
   [Ada]          pico-pimoroni.ads
   [Ada]          pico-pimoroni-audio_pack.ads
Build Libraries
   [gprlib]       hal.lexch
   [gprlib]       Atomic.lexch
   [gprlib]       Cortex_M.lexch
   [archive]      libhal.a
   [archive]      libAtomic.a
   [index]        libhal.a
   [index]        libAtomic.a
   [gprlib]       Bbqueue.lexch
   [gprlib]       Usb_Embedded.lexch
   [archive]      libCortex_M.a
   [archive]      libBbqueue.a
   [index]        libCortex_M.a
   [index]        libBbqueue.a
   [gprlib]       Rp2040_Hal.lexch
   [archive]      libUsb_Embedded.a
   [index]        libUsb_Embedded.a
   [gprlib]       Pico_Bsp.lexch
   [archive]      libRp2040_Hal.a
   [index]        libRp2040_Hal.a
   [archive]      libPico_Bsp.a
   [index]        libPico_Bsp.a
Build finished successfully in 6.37 seconds.

pico_bsp=2.0.0 successfully retrieved and built.
Dependencies were solved as follows:

   +  atomic       0.5.0  (new,indirect)                       
   +  bbqueue      0.3.1  (new,indirect)                       
   +  cortex_m     0.5.0  (new,indirect)                       
   +i gnat         12.2.1 (new,installed,gnat_arm_elf,indirect)
   +i gnat_arm_elf 12.2.1 (new,installed,indirect)             
   +  hal          0.3.0  (new)                                
   +  rp2040_hal   2.0.1  (new)                                
   +  usb_embedded 0.3.0  (new,indirect)                       
Found declared GPR file: pico_bsp.gpr
