Test ran at 2025-02-04 22:22:42.871522+00:00

SOLUTION:
virtapu=0.2.0: A virtual Audio Processing Unit to simulate 8-bit era game sounds
Origin: commit 1146b446c0322ae7e72b56972aff384395e6a3a9 from https://github.com/Fabien-Chouteau/virtapu.git
Properties:
   Author: Fabien Chouteau
   Description: A virtual Audio Processing Unit to simulate 8-bit era game sounds
   License: MIT
   Long_Description: # VirtAPU

A virtual Audio Processing Unit to simulate 8-bit era game sounds

 - Arbitrary number of voice(s)
 - 4 sounds:
   - Pulse
   - Triangle
   - Noise1 (LFSR 1)
   - Noise2 (LFSR 6)
 - Pulse witdth modulation
 - Decay
 - Frequency sweep
 - Sequencer

   Maintainer: fabien.chouteau@gmail.com
   Maintainers_Logins: Fabien-Chouteau
   Name: virtapu
   Project_File: virtapu.gpr
   Tag: nostd
   Tag: audio
   Tag: synth
   Tag: game
   Version: 0.2.0
   Website: https://github.com/Fabien-Chouteau/virtapu


LOG:
Spawning: alr -d -n get --build virtapu=0.2.0
Note: Deploying virtapu=0.2.0...
Note: Building virtapu=0.2.0/virtapu.gpr...
Setup
   [mkdir]        object directory for project Virtapu
   [mkdir]        library directory for project Virtapu
Compile
   [Ada]          virtapu.adb
Build Libraries
   [gprlib]       Virtapu.lexch
   [archive]      libVirtapu.a
   [index]        libVirtapu.a

virtapu=0.2.0 successfully retrieved and built.
There are no dependencies.
Found declared GPR file: virtapu.gpr
