Test ran at 2024-10-05 00:46:49.740537+00:00

SOLUTION:
ansiada=1.0.0: ANSI escape sequences
Origin: commit dc770a5a6cdaad8668c32b0cd4625a7d648f8ca2 from https://github.com/mosteo/ansi-ada.git
Properties:
   Author: Alejandro R. Mosteo
   Description: ANSI escape sequences
   License: MIT
   Maintainer: Alejandro R. Mosteo <alejandro@mosteo.com>
   Maintainers_Logins: mosteo
   Name: ansiada
   Tag: ansi
   Tag: terminal
   Version: 1.0.0


LOG:
Note: Deploying ansiada=1.0.0...
Note: Building ansiada/ansiada.gpr...
Setup
   [mkdir]        object directory for project Ansiada
   [mkdir]        library directory for project Ansiada
Compile
   [Ada]          ansiada_config.ads
   [Ada]          ansiada.ads
Build Libraries
   [gprlib]       Ansiada.lexch
   [archive]      libAnsiada.a
   [index]        libAnsiada.a
Build finished successfully in 0.41 seconds.

ansiada=1.0.0 successfully retrieved and built.
There are no dependencies.
Found declared GPR file: ansiada.gpr
