Test ran at 2024-06-29 12:34:16.948819+00:00

SOLUTION:
hello=1.0.2: 'Hello, world!' demonstration project
Origin: commit 5715870bf1637ac06c87a3db580d4efdfd5daeed from https://github.com/alire-project/hello.git
Properties:
   Author: Alejandro R. Mosteo
   Description: 'Hello, world!' demonstration project
   Executable: hello
   License: MIT
   Maintainer: Alejandro R. Mosteo <alejandro@mosteo.com>
   Maintainers_Logins: mosteo
   Name: hello
   Tag: hello
   Tag: demo
   Version: 1.0.2
   Website: https://github.com/alire-project/hello
Dependencies (direct):
   libhello^1.0
Dependencies (solution):
   libhello=1.0.1
Dependencies (graph):
   hello=1.0.2 --> libhello=1.0.1 (^1.0)


LOG:
Note: Deploying hello=1.0.2...
Note: Deploying libhello=1.0.1...
Note: Building hello/hello.gpr...
Setup
   [mkdir]        object directory for project Libhello
   [mkdir]        library directory for project Libhello
   [mkdir]        object directory for project Hello
   [mkdir]        exec directory for project Hello
Compile
   [Ada]          hello.adb
   [Ada]          libhello_config.ads
   [Ada]          libhello.adb
Build Libraries
   [gprlib]       Libhello.lexch
   [archive]      libLibhello.a
   [index]        libLibhello.a
Bind
   [gprbind]      hello.bexch
   [Ada]          hello.ali
Link
   [link]         hello.adb
-macosx_version_min has been renamed to -macos_version_min
0  0x10498af43  __assert_rtn + 64
1  0x10488cf43  ld::AtomPlacement::findAtom(unsigned char, unsigned long long, ld::AtomPlacement::AtomLoc const*&, long long&) const + 1411
2  0x1048a9431  ld::InputFiles::SliceParser::parseObjectFile(mach_o::Header const*) const + 19745
3  0x1048b9e44  ld::InputFiles::parseAllFiles(void (ld::AtomFile const*) block_pointer)::$_7::operator()(unsigned long, ld::FileInfo const&) const + 1380
4  0x7ff801efadef  _dispatch_client_callout2 + 8
5  0x7ff801f0c547  _dispatch_apply_invoke3 + 431
6  0x7ff801efadbc  _dispatch_client_callout + 8
7  0x7ff801efc04e  _dispatch_once_callout + 20
8  0x7ff801f0b740  _dispatch_apply_invoke + 184
9  0x7ff801efadbc  _dispatch_client_callout + 8
10  0x7ff801f0a2ca  _dispatch_root_queue_drain + 871
11  0x7ff801f0a84f  _dispatch_worker_thread2 + 152
12  0x7ff802098b43  _pthread_wqthread + 262
ld: Assertion failed: (resultIndex < sectData.atoms.size()), function findAtom, file Relocations.cpp, line 1336.
collect2: error: ld returned 1 exit status
gprbuild: link of hello.adb failed
gprbuild: failed command was: /users/runner/.config/alire/cache/dependencies/gnat_native_13.1.0_071d715c/bin/gcc hello.o b__hello.o /Users/runner/work/alire-crates-ci/alire-crates-ci/test/f234e0a7-2762-451f-9a91-80f9e48f8805/hello_1.0.2_5715870b/alire/cache/dependencies/libhello_1.0.1_3c15bc7f/lib/libLibhello.a -L/Users/runner/work/alire-crates-ci/alire-crates-ci/test/f234e0a7-2762-451f-9a91-80f9e48f8805/hello_1.0.2_5715870b/obj/development/ -L/Users/runner/work/alire-crates-ci/alire-crates-ci/test/f234e0a7-2762-451f-9a91-80f9e48f8805/hello_1.0.2_5715870b/obj/development/ -L/Users/runner/work/alire-crates-ci/alire-crates-ci/test/f234e0a7-2762-451f-9a91-80f9e48f8805/hello_1.0.2_5715870b/alire/cache/dependencies/libhello_1.0.1_3c15bc7f/lib/ -L/users/runner/.config/alire/cache/dependencies/gnat_native_13.1.0_071d715c/lib/gcc/x86_64-apple-darwin21.6.0/13.1.0/adalib/ /users/runner/.config/alire/cache/dependencies/gnat_native_13.1.0_071d715c/lib/gcc/x86_64-apple-darwin21.6.0/13.1.0/adalib/libgnat.a -Wl,-rpath,@executable_path/..//obj/development -Wl,-rpath,@executable_path/..//alire/cache/dependencies/libhello_1.0.1_3c15bc7f/lib -Wl,-rpath,@executable_path/../../../../../../..//.config/alire/cache/dependencies/gnat_native_13.1.0_071d715c/lib/gcc/x86_64-apple-darwin21.6.0/13.1.0/adalib -o /Users/runner/work/alire-crates-ci/alire-crates-ci/test/f234e0a7-2762-451f-9a91-80f9e48f8805/hello_1.0.2_5715870b/bin//hello
stderr: Command ["gprbuild", "-s", "-j0", "-p", "-P", "/Users/runner/work/alire-crates-ci/alire-crates-ci/test/f234e0a7-2762-451f-9a91-80f9e48f8805/hello_1.0.2_5715870b/hello.gpr"] exited with code 4
ERROR: Command ["gprbuild", "-s", "-j0", "-p", "-P", "/Users/runner/work/alire-crates-ci/alire-crates-ci/test/f234e0a7-2762-451f-9a91-80f9e48f8805/hello_1.0.2_5715870b/hello.gpr"] exited with code 4
stderr: ALIRE.CHECKED_ERROR
stderr: Command ["gprbuild", "-s", "-j0", "-p", "-P", "/Users/runner/work/alire-crates-ci/alire-crates-ci/test/f234e0a7-2762-451f-9a91-80f9e48f8805/hello_1.0.2_5715870b/hello.gpr"] exited with code 4
stderr: raised ALIRE.CHECKED_ERROR : alire-stored-error:1
Load address: 0x100025000
Call stack traceback locations:
0x10092d415 0x100600e83 0x100813df9 0x100814581 0x100774ac3 0x100772f99 0x10078f873 0x1007dbdc1 0x1007da81a 0x10078f9b8 0x100773349 0x1000849c1 0x100095578 0x10009a01c 0x10012005c 0x10012b3b8 0x100026605 0x100029914


Warning: hello=1.0.2 successfully retrieved but its build failed.
Dependencies were solved as follows:

   + libhello 1.0.1 (new)
ERROR: Build ended with errors
