Test ran at 2024-02-27 01:18:20.940760+00:00

SOLUTION:
geo_coords=1.0.0: Geo coordinates calculation for determining Location, Distance, Bearing
Origin: commit 564bd7a2b3b9ef78047e7abdeb4cbf47c5a7d9d2 from https://github.com/TechnicalVillager/geo_coords.git
Properties:
   Author: Saiffullah Sabir Mohamed
   Description: Geo coordinates calculation for determining Location, Distance, Bearing
   License: MIT
   Maintainer: Saiffullah Sabir Mohamed <saif25596@outlook.com>
   Maintainers_Logins: TechnicalVillager
   Name: geo_coords
   Tag: geo
   Tag: coordinates
   Tag: latitude
   Tag: longitude
   Tag: distance
   Tag: bearing
   Tag: haversine
   Version: 1.0.0
   Website: https://github.com/TechnicalVillager/geo_coords


LOG:
Note: Deploying geo_coords=1.0.0...
Note: Building geo_coords/geo_coords.gpr...
Setup
   [mkdir]        object directory for project Geo_Coords
   [mkdir]        library directory for project Geo_Coords
Compile
   [Ada]          geo_coords_config.ads
   [Ada]          geo_coords_utilities.adb
   [Ada]          geo_coords.adb
   [Ada]          geo_coords_types.ads
Build Libraries
   [gprlib]       Geo_Coords.lexch
   [archive]      libGeo_Coords.a
   [index]        libGeo_Coords.a
Build finished successfully in 0.74 seconds.

geo_coords=1.0.0 successfully retrieved and built.
There are no dependencies.
Found declared GPR file: geo_coords.gpr
