Test ran at 2024-09-01 12:44:17.091215+00:00

SOLUTION:
sh1107=1.2.2: Driver for the SH1107/OLED 128x128 monochrome display
Origin: commit 57e4354c248ce43c29553733b2a3046edf7deb72 from https://github.com/hgrodriguez/sh1107.git
Properties:
   Author: Holger Rodriguez
   Description: Driver for the SH1107/OLED 128x128 monochrome display
   License: BSD-3-Clause
   Maintainer: Holger Rodriguez <github@roseng.ch>
   Maintainers_Logins: hgrodriguez
   Name: sh1107
   Tag: embedded
   Tag: rp2040
   Version: 1.2.2
   Website: https://github.com/hgrodriguez/sh1107
Dependencies (direct):
   embedded_components~0.1.0
Dependencies (solution):
   adl_middleware=0.2.0
   embedded_components=0.1.0
   hal=0.3.0
Dependencies (graph):
   adl_middleware=0.2.0      --> hal=0.3.0 (~0.3.0)                
   embedded_components=0.1.0 --> adl_middleware=0.2.0 (^0.1.0)     
   embedded_components=0.1.0 --> hal=0.3.0 (^0.1.0)                
   sh1107=1.2.2              --> embedded_components=0.1.0 (~0.1.0)


LOG:
Note: Deploying sh1107=1.2.2...
Note: Deploying hal=0.3.0...
Note: Deploying adl_middleware=0.2.0...
Note: Deploying embedded_components=0.1.0...
Note: Building sh1107/sh1107.gpr...
Setup
   [mkdir]        object directory for project HAL
   [mkdir]        library directory for project HAL
   [mkdir]        object directory for project Adl_Middleware
   [mkdir]        library directory for project Adl_Middleware
   [mkdir]        object directory for project Embedded_Components
   [mkdir]        library directory for project Embedded_Components
   [mkdir]        object directory for project Sh1107
   [mkdir]        library directory for project Sh1107
Compile
   [Ada]          adl_middleware_config.ads
   [Ada]          pathname_manipulation.adb
   [Ada]          filesystem-fat-directories.adb
   [Ada]          partitions.adb
   [Ada]          filesystem.ads
   [Ada]          filesystem-fat.adb
   [Ada]          filesystem-mbr.adb
   [Ada]          file_io.adb
   [Ada]          filesystem-fat-files.adb
   [Ada]          soft_drawing_bitmap.adb
   [Ada]          bitmap_file_output.adb
   [Ada]          memory_mapped_bitmap.adb
   [Ada]          bitmap_color_conversion.adb
   [Ada]          monitor-block_drivers.adb
   [Ada]          monitor.ads
   [Ada]          simple_synthesizer.adb
   [Ada]          neopixel.adb
   [Ada]          hex_dump.adb
   [Ada]          logging.adb
   [Ada]          file_block_drivers.adb
   [Ada]          logging_with_categories.adb
   [Ada]          logging_with_priority.adb
   [Ada]          bluetooth_low_energy-beacon.adb
   [Ada]          bluetooth_low_energy-packets.adb
   [Ada]          bluetooth_low_energy.adb
   [Ada]          command_line-filesystem-remove_directory.adb
   [Ada]          command_line-filesystem-list_directory.adb
   [Ada]          command_line.adb
   [Ada]          command_line-filesystem-cat.adb
   [Ada]          command_line-filesystem.adb
   [Ada]          command_line-filesystem-touch.adb
   [Ada]          sdmmc_init.adb
   [Ada]          adl_config.ads
   [Ada]          hal-i2c.ads
   [Ada]          hal-touch_panel.ads
   [Ada]          hal-audio.ads
   [Ada]          hal-filesystem.ads
   [Ada]          hal-block_drivers.ads
   [Ada]          hal-gpio.ads
   [Ada]          hal-real_time_clock.ads
   [Ada]          hal.ads
   [Ada]          hal-time.ads
   [Ada]          hal-spi.ads
   [Ada]          hal-dsi.ads
   [Ada]          hal-bitmap.ads
   [Ada]          hal-uart.ads
   [Ada]          hal-framebuffer.ads
   [Ada]          hal-sdmmc.adb
   [Ada]          bbq10kbd.adb
   [Ada]          cs43l22.adb
   [Ada]          sgtl5000.adb
   [Ada]          wm8994.adb
cs43l22.adb:50:27: warning: pragma Unreferenced given for "Status" [enabled by default]
sgtl5000.adb:69:27: warning: pragma Unreferenced given for "Status" [enabled by default]
wm8994.adb:62:27: warning: pragma Unreferenced given for "Status" [enabled by default]

   compilation of wm8994.adb failed
   compilation of sgtl5000.adb failed
   compilation of cs43l22.adb failed

gprbuild: *** compilation phase failed
stderr: Command ["gprbuild", "-s", "-j0", "-p", "-P", "/home/runner/work/alire-crates-ci/alire-crates-ci/test/9795f0fa-ef8e-4247-93e4-61f609085421/sh1107_1.2.2_57e4354c/sh1107.gpr"] exited with code 4
ERROR: Command ["gprbuild", "-s", "-j0", "-p", "-P", "/home/runner/work/alire-crates-ci/alire-crates-ci/test/9795f0fa-ef8e-4247-93e4-61f609085421/sh1107_1.2.2_57e4354c/sh1107.gpr"] exited with code 4
stderr: ALIRE.CHECKED_ERROR
stderr: Command ["gprbuild", "-s", "-j0", "-p", "-P", "/home/runner/work/alire-crates-ci/alire-crates-ci/test/9795f0fa-ef8e-4247-93e4-61f609085421/sh1107_1.2.2_57e4354c/sh1107.gpr"] exited with code 4
stderr: raised ALIRE.CHECKED_ERROR : alire-stored-error:1
[/home/runner/work/alire-crates-ci/alire-crates-ci/alire_install/bin/alr]
0xd7ada2 Alire.Raise_Checked_Error at alire.adb:251
0xa423cf Alire.Os_Lib.Subprocess.Checked_Spawn at alire-os_lib-subprocess.adb:110
0xc5cdee Alire.Spawn.Command at alire-spawn.adb:21
0xc5d51c Alire.Spawn.Gprbuild at alire-spawn.adb:41
0xbc1550 Alire.Roots.Build.Build_Single_Release.Call_Gprbuild at alire-roots.adb:140
0xbbfbaf Alire.Roots.Build.Build_Single_Release at alire-roots.adb:171
0xbdb95e Alire.Roots.Traverse.Traverse_Wrap at alire-roots.adb:1364
0xc25a8b Alire.Solutions.Traverse.Visit at alire-solutions.adb:1443
0xc246a2 Alire.Solutions.Traverse at alire-solutions.adb:1518
0xbdbaac Alire.Roots.Traverse at alire-roots.adb:1368
0xbbff40 Alire.Roots.Build at alire-roots.adb:196
0x4a0334 Alr.Commands.Build.Execute at alr-commands-build.adb:58
0x4b065a Alr.Commands.Get.Retrieve at alr-commands-get.adb:187
0x4b4e77 Alr.Commands.Get.Execute at alr-commands-get.adb:348
0x53bb7e Alr.Commands.Sub_Cmd.Execute at clic-subcommand-instance.adb:742
0x54756f Alr.Commands.Execute at alr-commands.adb:492
0x43cb1a Alr.Main at alr-main.adb:10
0x43f3e7 Main at b__alr-main.adb:2132
[/lib/x86_64-linux-gnu/libc.so.6]
0x7f4998029d8e
0x7f4998029e3e
[/home/runner/work/alire-crates-ci/alire-crates-ci/alire_install/bin/alr]
0x43c9f8 _start at ???
0xfffffffffffffffe


Warning: sh1107=1.2.2 successfully retrieved but its build failed.
Dependencies were solved as follows:

   + adl_middleware      0.2.0 (new,indirect)
   + embedded_components 0.1.0 (new)         
   + hal                 0.3.0 (new,indirect)
ERROR: Build ended with errors
