Test ran at 2025-01-11 01:53:15.246959+00:00

SOLUTION:
fastpbkdf2_ada=2.0.0: Binding and an Ada wrapper to fastpbkdf2
Origin: commit ef1c2f3ad47ef550709434f65ff49395f486fd19 from https://github.com/AntonMeep/fastpbkdf2_ada.git
Properties:
   Author: Anton Fediushin
   Description: Binding and an Ada wrapper to fastpbkdf2
   License: ISC
   Maintainer: Anton Fediushin <imantonmeep@gmail.com>
   Maintainers_Logins: AntonMeep
   Name: fastpbkdf2_ada
   Tag: pbkdf2
   Tag: cryptography
   Version: 2.0.0
   Website: https://github.com/AntonMeep/fastpbkdf2_ada
Dependencies (direct):
   openssl~1.1.1
Dependencies (external):
   openssl~1.1.1 (direct,hinted)
Dependencies (graph):
   fastpbkdf2_ada=2.0.0 --> openssl~1.1.1
Dependencies cannot be met


LOG:
