Test ran at 2024-10-23 13:30:54.146222+00:00

SOLUTION:
raspberry_bsp=1.0.0: Board Support package for Raspberry PI v1, v2 and B+
Origin: commit a15c773223e31c3ba97dc806897ab1feec2ff5a3 from https://github.com/TamaMcGlinn/ada_raspio.git
Available when: (case OS is Windows => False)
Properties:
   Author: Tama McGlinn
   Description: Board Support package for Raspberry PI v1, v2 and B+
   License: MIT
   Maintainer: Tama McGlinn <t.mcglinn@gmail.com>
   Maintainers_Logins: TamaMcGlinn
   Name: raspberry_bsp
   Tag: raspberry
   Tag: pi
   Version: 1.0.0
   Website: https://github.com/TamaMcGlinn/ada_raspio


LOG:
Note: Deploying raspberry_bsp=1.0.0...
Note: Building raspberry_bsp/raspberry_bsp.gpr...
Setup
   [mkdir]        object directory for project Raspberry_BSP
   [mkdir]        library directory for project Raspberry_BSP
bcm2835_library.gpr:4:23: library directory "/usr/local/lib/" does not exist
gprbuild: "/Users/runner/work/alire-crates-ci/alire-crates-ci/test/a9602f38-2606-4370-b4e7-a4f06035786b/raspberry_bsp_1.0.0_a15c7732/raspberry_bsp.gpr" processing failed
stderr: Command ["gprbuild", "-s", "-j0", "-p", "-P", "/Users/runner/work/alire-crates-ci/alire-crates-ci/test/a9602f38-2606-4370-b4e7-a4f06035786b/raspberry_bsp_1.0.0_a15c7732/raspberry_bsp.gpr"] exited with code 4
ERROR: Command ["gprbuild", "-s", "-j0", "-p", "-P", "/Users/runner/work/alire-crates-ci/alire-crates-ci/test/a9602f38-2606-4370-b4e7-a4f06035786b/raspberry_bsp_1.0.0_a15c7732/raspberry_bsp.gpr"] exited with code 4
stderr: ALIRE.CHECKED_ERROR
stderr: Command ["gprbuild", "-s", "-j0", "-p", "-P", "/Users/runner/work/alire-crates-ci/alire-crates-ci/test/a9602f38-2606-4370-b4e7-a4f06035786b/raspberry_bsp_1.0.0_a15c7732/raspberry_bsp.gpr"] exited with code 4
stderr: raised ALIRE.CHECKED_ERROR : alire-stored-error:1
Load address: 0x100968000
Call stack traceback locations:
0x101270415 0x100f43e83 0x101156df9 0x101157581 0x1010b7ac3 0x1010b5f99 0x1010d2873 0x10111edc1 0x10111d81a 0x1010d29b8 0x1010b6349 0x1009c79c1 0x1009d8578 0x1009dd01c 0x100a6305c 0x100a6e3b8 0x100969605 0x10096c914


Warning: raspberry_bsp=1.0.0 successfully retrieved but its build failed.
There are no dependencies.
ERROR: Build ended with errors
