Test ran at 2022-07-13 00:30:39.313896+00:00

SOLUTION:
zipada=56.0.2: Manage Zip Archives and raw LZMA streams
Origin: commit b304349946fd09247bdfbb4c7b1eba8009a706d7 from https://github.com/mosteo/zip-ada.git
Properties:
   Author: Gautier de Montmollin
   Description: Manage Zip Archives and raw LZMA streams
   Executable: bunzip
   Executable: bwt_dec
   Executable: bwt_demo
   Executable: bwt_enc
   Executable: comp_zip
   Executable: demo_csv_into_zip
   Executable: demo_unzip
   Executable: demo_zip
   Executable: find_zip
   Executable: lzhuf
   Executable: lzma_dec
   Executable: lzma_enc
   Executable: rezip
   Executable: unzipada
   Executable: zipada
   Executable: zip_dir_list
   License: MIT
   Maintainer: alejandro@mosteo.com
   Maintainers_Logins: mosteo
   Maintainers_Logins: zertovitch
   Name: zipada
   Project_File: zipada.gpr
   Tag: zip
   Version: 56.0.2


LOG:
Note: Deploying zipada=56.0.2...
Note: Building zipada/zipada.gpr...
Compile
   [Ada]          zipada.adb
   [Ada]          unzipada.adb
unzipada.adb:243:27: warning: condition is always True
   [Ada]          comp_zip.adb
   [Ada]          rezip.adb
   [Ada]          lzma_dec.adb
   [Ada]          lzma_enc.adb
   [Ada]          my_feedback.adb
   [Ada]          my_get_password.adb
   [Ada]          my_resolve_conflict.adb
   [Ada]          my_tell_data.adb
   [Ada]          show_license.adb
   [Ada]          summary.adb
   [Ada]          unzip.adb
   [Ada]          zip.adb
   [Ada]          comp_zip_prc.adb
   [Ada]          zip-compress.adb
   [Ada]          zip-create.adb
   [Ada]          zip_streams.adb
   [Ada]          rezip_lib.adb
   [Ada]          lzma.ads
   [Ada]          lzma-decoding.adb
   [Ada]          my_dots.ads
   [Ada]          unzip-decompress.adb
   [Ada]          zip-headers.adb
   [Ada]          lzma-encoding.adb
   [Ada]          unzip-streams.adb
   [Ada]          zip-compress-deflate.adb
   [Ada]          zip-compress-lzma_e.adb
   [Ada]          zip-compress-reduce.adb
   [Ada]          zip-compress-shrink.adb
   [Ada]          zip-crc_crypto.adb
   [Ada]          dual_io.adb
   [Ada]          flexible_temp_files.adb
   [Ada]          lz77.adb
   [Ada]          bzip2.adb
   [Ada]          bzip2-decoding.adb
   [Ada]          unzip-decompress-huffman.adb
   [Ada]          length_limited_huffman_code_lengths.adb
Bind
   [gprbind]      zipada.bexch
   [gprbind]      unzipada.bexch
   [Ada]          zipada.ali
   [Ada]          unzipada.ali
   [gprbind]      comp_zip.bexch
   [Ada]          comp_zip.ali
   [gprbind]      rezip.bexch
   [Ada]          rezip.ali
   [gprbind]      lzma_dec.bexch
   [Ada]          lzma_dec.ali
   [gprbind]      lzma_enc.bexch
   [Ada]          lzma_enc.ali
Link
   [link]         zipada.adb
   [link]         unzipada.adb
   [link]         comp_zip.adb
   [link]         rezip.adb
   [link]         lzma_dec.adb
   [link]         lzma_enc.adb
Build finished successfully in 15.44 seconds.

zipada=56.0.2 successfully retrieved and built.
There are no dependencies.
