Test ran at 2024-06-11 13:27:09.789871+00:00

SOLUTION:
mage=0.6.1: Mini Ada Game Engine - A very simple game engine written in Ada
Origin: commit e5032cff2299566ec3321653a1e6b0d27f8ea993 from https://gitlab.com/leogermond/mage.git
Properties:
   Author: Leo Germond
   Description: Mini Ada Game Engine - A very simple game engine written in Ada
   License: Apache-2.0
   Maintainer: Leo Germond <germond@adacore.com>
   Maintainers_Logins: leogermond
   Name: mage
   Tag: game
   Tag: engine
   Tag: sdl
   Version: 0.6.1
   Website: www.gitlab.com/leogermond/mage
Dependencies (direct):
   sdlada^2.5.4-1
Dependencies (solution):
   libsdl2=2.0.20
   libsdl2_image=2.0.5
   libsdl2_mixer=2.0.4
   libsdl2_ttf=2.0.18
   make=4.3.0
   sdlada=2.5.20
Dependencies (graph):
   mage=0.6.1    --> sdlada=2.5.20 (^2.5.4-1)    
   sdlada=2.5.20 --> libsdl2=2.0.20 (^2.0.0)     
   sdlada=2.5.20 --> libsdl2_image=2.0.5 (^2.0.0)
   sdlada=2.5.20 --> libsdl2_mixer=2.0.4 (^2.0.0)
   sdlada=2.5.20 --> libsdl2_ttf=2.0.18 (^2.0.0) 
   sdlada=2.5.20 --> make=4.3.0 (*)              


LOG:
Note: Deploying mage=0.6.1...
Note: Deploying libsdl2=2.0.20...
Note: Deploying libsdl2_image=2.0.5...
Note: Deploying libsdl2_mixer=2.0.4...
Note: Deploying libsdl2_ttf=2.0.18...
Note: Deploying make=4.3.0...
Note: Deploying sdlada=2.5.20...
Note: Running pre_build actions for sdlada=2.5.20...
make: Entering directory '/home/runner/work/alire-crates-ci/alire-crates-ci/test/e765c3e6-3f2c-4627-86e8-512bc8950681/mage_0.6.1_e5032cff/alire/cache/dependencies/sdlada_2.5.20_cd53c280/build/gnat'
mkdir -p gen/src/
gprbuild -p -gnat2012 -XSDL_MODE=debug -XSDL_PLATFORM=linux \
	-Ptools.gpr
Setup
   [mkdir]        object directory for project Tools
Compile
   [Ada]          gen_keyboard.adb
   [Ada]          scancodes.ads
   [Ada]          utils.adb
Bind
   [gprbind]      gen_keyboard.bexch
   [Ada]          gen_keyboard.ali
Link
   [link]         gen_keyboard.adb
./gen/debug/tools/gen_keyboard > gen/src/sdl-events-keyboards.ads
make: Leaving directory '/home/runner/work/alire-crates-ci/alire-crates-ci/test/e765c3e6-3f2c-4627-86e8-512bc8950681/mage_0.6.1_e5032cff/alire/cache/dependencies/sdlada_2.5.20_cd53c280/build/gnat'
Note: Building mage/mage.gpr...
Setup
   [mkdir]        object directory for project SDLAda
   [mkdir]        object directory for project Mage
   [mkdir]        library directory for project Mage
Compile
   [C]            version_ttf.c
   [C]            version_images.c
   [C]            version.c
   [Ada]          sdl-ttfs-versions.adb
   [Ada]          sdl-ttfs.adb
   [Ada]          sdl-ttfs-makers.adb
   [Ada]          sdl-images-versions.adb
   [Ada]          sdl-images.adb
   [Ada]          sdl-images-io.adb
   [Ada]          sdl-video-windows-manager.adb
   [Ada]          sdl-video-windows-makers.adb
   [Ada]          sdl-video-surfaces.adb
   [Ada]          sdl-video-palettes.adb
   [Ada]          sdl-video-renderers-makers.adb
   [Ada]          sdl-video-displays.adb
   [Ada]          sdl-video-renderers.adb
   [Ada]          sdl-video-windows.adb
   [Ada]          sdl-video.adb
   [Ada]          sdl-video-gl.adb
   [Ada]          sdl-video-rectangles.adb
   [Ada]          sdl-video-pixels.ads
   [Ada]          sdl-video-pixel_formats.adb
   [Ada]          sdl-video-textures-makers.adb
   [Ada]          sdl-video-surfaces-makers.adb
   [Ada]          sdl-video-textures.adb
   [Ada]          sdl-rwops-streams.adb
   [Ada]          sdl-rwops.adb
   [Ada]          sdl-inputs-keyboards.adb
   [Ada]          sdl-inputs-joysticks-makers.adb
   [Ada]          sdl-inputs.ads
   [Ada]          sdl-inputs-mice.adb
   [Ada]          sdl-inputs-mice-cursors.adb
   [Ada]          sdl-inputs-joysticks-game_controllers-makers.adb
   [Ada]          sdl-inputs-joysticks.adb
   [Ada]          sdl-inputs-joysticks-game_controllers.adb
   [Ada]          sdl-events-events.adb
   [Ada]          sdl-events-joysticks.adb
   [Ada]          sdl-events-keyboards.adb
   [Ada]          sdl-events-joysticks-game_controllers.adb
   [Ada]          sdl-events-controllers.ads
   [Ada]          sdl-events-touches.ads
   [Ada]          sdl-events-mice.ads
   [Ada]          sdl-events-files.ads
   [Ada]          sdl-events-windows.ads
   [Ada]          sdl-events.ads
   [Ada]          sdl-audio.adb
   [Ada]          sdl-audio-sample_formats.ads
   [Ada]          sdl-audio-devices.adb
   [Ada]          sdl-hints.adb
   [Ada]          sdl-platform.adb
   [Ada]          sdl-cpus.adb
   [Ada]          sdl-c_pointers.ads
   [Ada]          sdl-clipboard.adb
   [Ada]          sdl.adb
   [Ada]          sdl-log.adb
   [Ada]          sdl-timers.ads
   [Ada]          sdl-libraries.adb
   [Ada]          sdl-versions.adb
   [Ada]          sdl-error.adb
   [Ada]          sdl-power.adb
   [Ada]          mage_config.ads
   [Ada]          mage-draw.adb
   [Ada]          mage-event.adb
   [Ada]          mage-input.adb
   [Ada]          mage-model.ads
   [Ada]          mage.adb
   [Ada]          mage-apps.ads
   [Ada]          mage-log.adb
   [Ada]          mage-apps-simple_loop.adb
   [Ada]          mage_config-hardware.No.ads
Build Libraries
   [gprlib]       sdlada.lexch
   [gprlib]       Mage.lexch
   [archive]      libsdlada.a
   [index]        libsdlada.a
   [archive]      libMage.a
   [index]        libMage.a
Build finished successfully in 6.40 seconds.

mage=0.6.1 successfully retrieved and built.
Dependencies were solved as follows:

   + libsdl2       2.0.20 (new,indirect)
   + libsdl2_image 2.0.5  (new,indirect)
   + libsdl2_mixer 2.0.4  (new,indirect)
   + libsdl2_ttf   2.0.18 (new,indirect)
   + make          4.3.0  (new,indirect)
   + sdlada        2.5.20 (new)         
Found declared GPR file: mage.gpr
