Test ran at 2024-04-28 00:47:02.481920+00:00

SOLUTION:
avrada_examples=1.0.1: Sample applications in Ada for AVR microcontrollers
Origin: commit 72780c766d5e3cb674d012c1775015d4442ce6e0 from https://github.com/RREE/AVRAda_Examples.git
Properties:
   Author: Rolf Ebert
   Description: Sample applications in Ada for AVR microcontrollers
   License: GPL-2.0-or-later WITH GCC-exception-3.1
   Maintainer: Rolf Ebert <rolf.ebert.gcc@gmx.de>
   Maintainers_Logins: RREE
   Name: avrada_examples
   Project_File: avrada_examples.gpr
   Tag: avr
   Tag: embedded
   Tag: demo
   Version: 1.0.1
   Website: https://sourceforge.net/projects/avr-ada/


LOG:
Note: Deploying avrada_examples=1.0.1...
Note: Building avrada_examples/avrada_examples.gpr...
Setup
   [mkdir]        object directory for project AVRAda_Examples
Compile
   [Ada]          avrada_examples.adb
Bind
   [gprbind]      avrada_examples.bexch
   [Ada]          avrada_examples.ali
Link
   [link]         avrada_examples.adb
-macosx_version_min has been renamed to -macos_version_min
0  0x102d6ff43  __assert_rtn + 64
1  0x102c71f43  ld::AtomPlacement::findAtom(unsigned char, unsigned long long, ld::AtomPlacement::AtomLoc const*&, long long&) const + 1411
2  0x102c8e431  ld::InputFiles::SliceParser::parseObjectFile(mach_o::Header const*) const + 19745
3  0x102c9ee44  ld::InputFiles::parseAllFiles(void (ld::AtomFile const*) block_pointer)::$_7::operator()(unsigned long, ld::FileInfo const&) const + 1380
4  0x7ff81a09adef  _dispatch_client_callout2 + 8
5  0x7ff81a0ac547  _dispatch_apply_invoke3 + 431
6  0x7ff81a09adbc  _dispatch_client_callout + 8
7  0x7ff81a09c04e  _dispatch_once_callout + 20
8  0x7ff81a0ab740  _dispatch_apply_invoke + 184
9  0x7ff81a09adbc  _dispatch_client_callout + 8
10  0x7ff81a0aa2ca  _dispatch_root_queue_drain + 871
11  0x7ff81a0aa84f  _dispatch_worker_thread2 + 152
12  0x7ff81a238b43  _pthread_wqthread + 262
ld: Assertion failed: (resultIndex < sectData.atoms.size()), function findAtom, file Relocations.cpp, line 1336.
collect2: error: ld returned 1 exit status
gprbuild: link of avrada_examples.adb failed
gprbuild: failed command was: /users/runner/.config/alire/cache/dependencies/gnat_native_12.2.1_77267eb1/bin/gcc avrada_examples.o b__avrada_examples.o -L/Users/runner/work/alire-crates-ci/alire-crates-ci/test/04787504-83cd-449b-b329-ac92016983fc/avrada_examples_1.0.1_72780c76/.obj/ -L/Users/runner/work/alire-crates-ci/alire-crates-ci/test/04787504-83cd-449b-b329-ac92016983fc/avrada_examples_1.0.1_72780c76/.obj/ -L/users/runner/.config/alire/cache/dependencies/gnat_native_12.2.1_77267eb1/lib/gcc/x86_64-apple-darwin19.6.0/12.2.0/adalib/ /users/runner/.config/alire/cache/dependencies/gnat_native_12.2.1_77267eb1/lib/gcc/x86_64-apple-darwin19.6.0/12.2.0/adalib/libgnat.a -Wl,-rpath,@executable_path//.obj -Wl,-rpath,@executable_path/../../../../../..//.config/alire/cache/dependencies/gnat_native_12.2.1_77267eb1/lib/gcc/x86_64-apple-darwin19.6.0/12.2.0/adalib -o /Users/runner/work/alire-crates-ci/alire-crates-ci/test/04787504-83cd-449b-b329-ac92016983fc/avrada_examples_1.0.1_72780c76//avrada_examples
stderr: Command ["gprbuild", "-s", "-j0", "-p", "-P", "/Users/runner/work/alire-crates-ci/alire-crates-ci/test/04787504-83cd-449b-b329-ac92016983fc/avrada_examples_1.0.1_72780c76/avrada_examples.gpr"] exited with code 4
ERROR: Command ["gprbuild", "-s", "-j0", "-p", "-P", "/Users/runner/work/alire-crates-ci/alire-crates-ci/test/04787504-83cd-449b-b329-ac92016983fc/avrada_examples_1.0.1_72780c76/avrada_examples.gpr"] exited with code 4
stderr: ALIRE.CHECKED_ERROR
stderr: Command ["gprbuild", "-s", "-j0", "-p", "-P", "/Users/runner/work/alire-crates-ci/alire-crates-ci/test/04787504-83cd-449b-b329-ac92016983fc/avrada_examples_1.0.1_72780c76/avrada_examples.gpr"] exited with code 4
stderr: raised ALIRE.CHECKED_ERROR : alire-stored-error:1
Load address: 0x1028f5000
Call stack traceback locations:
0x1031fd415 0x102ed0e83 0x1030e3df9 0x1030e4581 0x103044ac3 0x103042f99 0x10305f873 0x1030abdc1 0x1030aa81a 0x10305f9b8 0x103043349 0x1029549c1 0x102965578 0x10296a01c 0x1029f005c 0x1029fb3b8 0x1028f6605 0x1028f9914


Warning: avrada_examples=1.0.1 successfully retrieved but its build failed.
There are no dependencies.
ERROR: Build ended with errors
