Test ran at 2022-09-15 01:38:47.011020+00:00

SOLUTION:
gtkada=21.0.0: An Ada graphical toolkit based on Gtk+
Origin: source archive gtkada-21.0.0.zip at https://github.com/AdaCore/gtkada/archive/v21.0.0/gtkada-21.0.0.zip with hash sha512:3c1373c0a1168ae875398a0b5a1941234f6620ac114088980b83558c984c4566b87796fb4098de371af206ca6a4ae0fb4c6390119c5606a9f6a5b142916ce8d8
Properties:
   Post_Fetch run: ${CRATE_DIR}/./sed -i s/| -mingw32\*/| -mingw32\* | -msys\*/g config.sub
   Post_Fetch run: ${CRATE_DIR}/./bash configure --with-GL=no
   Post_Fetch run: ${CRATE_DIR}/./make all install prefix=install_dir
   Author: AdaCore
   Description: An Ada graphical toolkit based on Gtk+
   case Distribution is
      when Msys2 => (Environment: C_INCLUDE_PATH=${C_INCLUDE_PATH}:${DISTRIB_ROOT}/mingw64/x86_64-w64-mingw32/include and Environment: LIBRARY_PATH=${LIBRARY_PATH}:${DISTRIB_ROOT}/mingw64/x86_64-w64-mingw32/lib)
   GPR Scenario: LIBRARY_TYPE := static | static-pic | relocatable
   License: GPL-3.0-only WITH GCC-exception-3.1
   Maintainer: chouteau@adacore.com
   Maintainers_Logins: Fabien-Chouteau
   Name: gtkada
   Project_File: install_dir/lib/gnat/gtkada.gpr
   Tag: gtk
   Tag: gui
   Version: 21.0.0
   Website: https://github.com/adacore/gtkada
Dependencies (direct):
   case OS is
      when Windows => winpthreads*
   libgtk3^3
   make*
   pkg_config*
Dependencies (solution):
   libgtk3=3.24.33
   make=4.3.0
   pkg_config=0.29.2
Dependencies (graph):
   gtkada=21.0.0 --> libgtk3=3.24.33 (^3) 
   gtkada=21.0.0 --> make=4.3.0 (*)       
   gtkada=21.0.0 --> pkg_config=0.29.2 (*)


LOG:
Note: Deploying gtkada=21.0.0...
#=#=#                                                                         
##O#-#                                                                        
##O=#  #                                                                      
#-#O=#  #                                                                     
 #-#O=#   #                                                                   
  #-#O=-#   #                                                                 
   #-#O=-#   #                                                                
    #-=#=- #   #                                                              
     #-=#=-  #   #                                                            
      #-=O#-  #    #                                                          
        #=O=#   #     #                                                       
         #=O=#    #     #                                                     
Note: Deploying libgtk3=3.24.33...
The system package 'libgtk-3-dev' is about to be installed.
This action might require admin privileges and impact your system installation.
Do you want Alire to install this system package?
Using default: Yes
debconf: delaying package configuration, since apt-utils is not installed
(Reading database ... 
(Reading database ... 5%
(Reading database ... 10%
(Reading database ... 15%
(Reading database ... 20%
(Reading database ... 25%
(Reading database ... 30%
(Reading database ... 35%
(Reading database ... 40%
(Reading database ... 45%
(Reading database ... 50%
(Reading database ... 55%
(Reading database ... 60%
(Reading database ... 65%
(Reading database ... 70%
(Reading database ... 75%
(Reading database ... 80%
(Reading database ... 85%
(Reading database ... 90%
(Reading database ... 95%
(Reading database ... 100%
(Reading database ... 27198 files and directories currently installed.)
Preparing to unpack .../libsystemd0_249.11-0ubuntu3.4_amd64.deb ...
Unpacking libsystemd0:amd64 (249.11-0ubuntu3.4) over (249.11-0ubuntu3.1) ...
Setting up libsystemd0:amd64 (249.11-0ubuntu3.4) ...
Selecting previously unselected package libargon2-1:amd64.
(Reading database ... 
(Reading database ... 5%
(Reading database ... 10%
(Reading database ... 15%
(Reading database ... 20%
(Reading database ... 25%
(Reading database ... 30%
(Reading database ... 35%
(Reading database ... 40%
(Reading database ... 45%
(Reading database ... 50%
(Reading database ... 55%
(Reading database ... 60%
(Reading database ... 65%
(Reading database ... 70%
(Reading database ... 75%
(Reading database ... 80%
(Reading database ... 85%
(Reading database ... 90%
(Reading database ... 95%
(Reading database ... 100%
(Reading database ... 27198 files and directories currently installed.)
Preparing to unpack .../0-libargon2-1_0~20171227-0.3_amd64.deb ...
Unpacking libargon2-1:amd64 (0~20171227-0.3) ...
Selecting previously unselected package libdevmapper1.02.1:amd64.
Preparing to unpack .../1-libdevmapper1.02.1_2%3a1.02.175-2.1ubuntu4_amd64.deb ...
Unpacking libdevmapper1.02.1:amd64 (2:1.02.175-2.1ubuntu4) ...
Selecting previously unselected package libjson-c5:amd64.
Preparing to unpack .../2-libjson-c5_0.15-3~ubuntu1.22.04.1_amd64.deb ...
Unpacking libjson-c5:amd64 (0.15-3~ubuntu1.22.04.1) ...
Selecting previously unselected package libcryptsetup12:amd64.
Preparing to unpack .../3-libcryptsetup12_2%3a2.4.3-1ubuntu1.1_amd64.deb ...
Unpacking libcryptsetup12:amd64 (2:2.4.3-1ubuntu1.1) ...
Selecting previously unselected package libip4tc2:amd64.
Preparing to unpack .../4-libip4tc2_1.8.7-1ubuntu5_amd64.deb ...
Unpacking libip4tc2:amd64 (1.8.7-1ubuntu5) ...
Selecting previously unselected package libkmod2:amd64.
Preparing to unpack .../5-libkmod2_29-1ubuntu1_amd64.deb ...
Unpacking libkmod2:amd64 (29-1ubuntu1) ...
Selecting previously unselected package systemd.
Preparing to unpack .../6-systemd_249.11-0ubuntu3.4_amd64.deb ...
Unpacking systemd (249.11-0ubuntu3.4) ...
Setting up libargon2-1:amd64 (0~20171227-0.3) ...
Setting up libdevmapper1.02.1:amd64 (2:1.02.175-2.1ubuntu4) ...
Setting up libjson-c5:amd64 (0.15-3~ubuntu1.22.04.1) ...
Setting up libcryptsetup12:amd64 (2:2.4.3-1ubuntu1.1) ...
Setting up libip4tc2:amd64 (1.8.7-1ubuntu5) ...
Setting up libkmod2:amd64 (29-1ubuntu1) ...
Setting up systemd (249.11-0ubuntu3.4) ...
Created symlink /etc/systemd/system/getty.target.wants/getty@tty1.service → /lib/systemd/system/getty@.service.
Created symlink /etc/systemd/system/multi-user.target.wants/remote-fs.target → /lib/systemd/system/remote-fs.target.
Created symlink /etc/systemd/system/dbus-org.freedesktop.resolve1.service → /lib/systemd/system/systemd-resolved.service.
Created symlink /etc/systemd/system/multi-user.target.wants/systemd-resolved.service → /lib/systemd/system/systemd-resolved.service.
ln: failed to create symbolic link '/etc/resolv.conf': Device or resource busy
Created symlink /etc/systemd/system/sysinit.target.wants/systemd-pstore.service → /lib/systemd/system/systemd-pstore.service.
Initializing machine ID from D-Bus machine ID.
Selecting previously unselected package systemd-sysv.
(Reading database ... 
(Reading database ... 5%
(Reading database ... 10%
(Reading database ... 15%
(Reading database ... 20%
(Reading database ... 25%
(Reading database ... 30%
(Reading database ... 35%
(Reading database ... 40%
(Reading database ... 45%
(Reading database ... 50%
(Reading database ... 55%
(Reading database ... 60%
(Reading database ... 65%
(Reading database ... 70%
(Reading database ... 75%
(Reading database ... 80%
(Reading database ... 85%
(Reading database ... 90%
(Reading database ... 95%
(Reading database ... 100%
(Reading database ... 27999 files and directories currently installed.)
Preparing to unpack .../00-systemd-sysv_249.11-0ubuntu3.4_amd64.deb ...
Unpacking systemd-sysv (249.11-0ubuntu3.4) ...
Selecting previously unselected package dmsetup.
Preparing to unpack .../01-dmsetup_2%3a1.02.175-2.1ubuntu4_amd64.deb ...
Unpacking dmsetup (2:1.02.175-2.1ubuntu4) ...
Selecting previously unselected package libnss-systemd:amd64.
Preparing to unpack .../02-libnss-systemd_249.11-0ubuntu3.4_amd64.deb ...
Unpacking libnss-systemd:amd64 (249.11-0ubuntu3.4) ...
Selecting previously unselected package libpam-systemd:amd64.
Preparing to unpack .../03-libpam-systemd_249.11-0ubuntu3.4_amd64.deb ...
Unpacking libpam-systemd:amd64 (249.11-0ubuntu3.4) ...
Selecting previously unselected package python3-dbus.
Preparing to unpack .../04-python3-dbus_1.2.18-3build1_amd64.deb ...
Unpacking python3-dbus (1.2.18-3build1) ...
Selecting previously unselected package python3-gi.
Preparing to unpack .../05-python3-gi_3.42.1-0ubuntu1_amd64.deb ...
Unpacking python3-gi (3.42.1-0ubuntu1) ...
Selecting previously unselected package networkd-dispatcher.
Preparing to unpack .../06-networkd-dispatcher_2.1-2ubuntu0.22.04.2_all.deb ...
Unpacking networkd-dispatcher (2.1-2ubuntu0.22.04.2) ...
Selecting previously unselected package systemd-timesyncd.
Preparing to unpack .../07-systemd-timesyncd_249.11-0ubuntu3.4_amd64.deb ...
Unpacking systemd-timesyncd (249.11-0ubuntu3.4) ...
Selecting previously unselected package hicolor-icon-theme.
Preparing to unpack .../08-hicolor-icon-theme_0.17-2_all.deb ...
Unpacking hicolor-icon-theme (0.17-2) ...
Selecting previously unselected package libgdk-pixbuf2.0-common.
Preparing to unpack .../09-libgdk-pixbuf2.0-common_2.42.8+dfsg-1ubuntu0.1_all.deb ...
Unpacking libgdk-pixbuf2.0-common (2.42.8+dfsg-1ubuntu0.1) ...
Selecting previously unselected package libgdk-pixbuf-2.0-0:amd64.
Preparing to unpack .../10-libgdk-pixbuf-2.0-0_2.42.8+dfsg-1ubuntu0.1_amd64.deb ...
Unpacking libgdk-pixbuf-2.0-0:amd64 (2.42.8+dfsg-1ubuntu0.1) ...
Selecting previously unselected package gtk-update-icon-cache.
Preparing to unpack .../11-gtk-update-icon-cache_3.24.33-1ubuntu2_amd64.deb ...
Unpacking gtk-update-icon-cache (3.24.33-1ubuntu2) ...
Selecting previously unselected package humanity-icon-theme.
Preparing to unpack .../12-humanity-icon-theme_0.6.16_all.deb ...
Unpacking humanity-icon-theme (0.6.16) ...
Selecting previously unselected package ubuntu-mono.
Preparing to unpack .../13-ubuntu-mono_20.10-0ubuntu2_all.deb ...
Unpacking ubuntu-mono (20.10-0ubuntu2) ...
Selecting previously unselected package adwaita-icon-theme.
Preparing to unpack .../14-adwaita-icon-theme_41.0-1ubuntu1_all.deb ...
Unpacking adwaita-icon-theme (41.0-1ubuntu1) ...
Selecting previously unselected package libatspi2.0-0:amd64.
Preparing to unpack .../15-libatspi2.0-0_2.44.0-3_amd64.deb ...
Unpacking libatspi2.0-0:amd64 (2.44.0-3) ...
Selecting previously unselected package libxtst6:amd64.
Preparing to unpack .../16-libxtst6_2%3a1.2.3-1build4_amd64.deb ...
Unpacking libxtst6:amd64 (2:1.2.3-1build4) ...
Selecting previously unselected package dbus-user-session.
Preparing to unpack .../17-dbus-user-session_1.12.20-2ubuntu4_amd64.deb ...
Unpacking dbus-user-session (1.12.20-2ubuntu4) ...
Selecting previously unselected package libdconf1:amd64.
Preparing to unpack .../18-libdconf1_0.40.0-3_amd64.deb ...
Unpacking libdconf1:amd64 (0.40.0-3) ...
Selecting previously unselected package dconf-service.
Preparing to unpack .../19-dconf-service_0.40.0-3_amd64.deb ...
Unpacking dconf-service (0.40.0-3) ...
Selecting previously unselected package dconf-gsettings-backend:amd64.
Preparing to unpack .../20-dconf-gsettings-backend_0.40.0-3_amd64.deb ...
Unpacking dconf-gsettings-backend:amd64 (0.40.0-3) ...
Selecting previously unselected package session-migration.
Preparing to unpack .../21-session-migration_0.3.6_amd64.deb ...
Unpacking session-migration (0.3.6) ...
Selecting previously unselected package gsettings-desktop-schemas.
Preparing to unpack .../22-gsettings-desktop-schemas_42.0-1ubuntu1_all.deb ...
Unpacking gsettings-desktop-schemas (42.0-1ubuntu1) ...
Selecting previously unselected package at-spi2-core.
Preparing to unpack .../23-at-spi2-core_2.44.0-3_amd64.deb ...
Unpacking at-spi2-core (2.44.0-3) ...
Selecting previously unselected package libatk1.0-data.
Preparing to unpack .../24-libatk1.0-data_2.36.0-3build1_all.deb ...
Unpacking libatk1.0-data (2.36.0-3build1) ...
Selecting previously unselected package libatk1.0-0:amd64.
Preparing to unpack .../25-libatk1.0-0_2.36.0-3build1_amd64.deb ...
Unpacking libatk1.0-0:amd64 (2.36.0-3build1) ...
Selecting previously unselected package gir1.2-atk-1.0:amd64.
Preparing to unpack .../26-gir1.2-atk-1.0_2.36.0-3build1_amd64.deb ...
Unpacking gir1.2-atk-1.0:amd64 (2.36.0-3build1) ...
Selecting previously unselected package gir1.2-freedesktop:amd64.
Preparing to unpack .../27-gir1.2-freedesktop_1.72.0-1_amd64.deb ...
Unpacking gir1.2-freedesktop:amd64 (1.72.0-1) ...
Selecting previously unselected package gir1.2-atspi-2.0:amd64.
Preparing to unpack .../28-gir1.2-atspi-2.0_2.44.0-3_amd64.deb ...
Unpacking gir1.2-atspi-2.0:amd64 (2.44.0-3) ...
Selecting previously unselected package gir1.2-gdkpixbuf-2.0:amd64.
Preparing to unpack .../29-gir1.2-gdkpixbuf-2.0_2.42.8+dfsg-1ubuntu0.1_amd64.deb ...
Unpacking gir1.2-gdkpixbuf-2.0:amd64 (2.42.8+dfsg-1ubuntu0.1) ...
Selecting previously unselected package gir1.2-harfbuzz-0.0:amd64.
Preparing to unpack .../30-gir1.2-harfbuzz-0.0_2.7.4-1ubuntu3.1_amd64.deb ...
Unpacking gir1.2-harfbuzz-0.0:amd64 (2.7.4-1ubuntu3.1) ...
Preparing to unpack .../31-libfreetype6_2.11.1+dfsg-1ubuntu0.1_amd64.deb ...
Unpacking libfreetype6:amd64 (2.11.1+dfsg-1ubuntu0.1) over (2.11.1+dfsg-1build1) ...
Selecting previously unselected package libxft2:amd64.
Preparing to unpack .../32-libxft2_2.3.4-1_amd64.deb ...
Unpacking libxft2:amd64 (2.3.4-1) ...
Selecting previously unselected package libpangoxft-1.0-0:amd64.
Preparing to unpack .../33-libpangoxft-1.0-0_1.50.6+ds-2_amd64.deb ...
Unpacking libpangoxft-1.0-0:amd64 (1.50.6+ds-2) ...
Selecting previously unselected package gir1.2-pango-1.0:amd64.
Preparing to unpack .../34-gir1.2-pango-1.0_1.50.6+ds-2_amd64.deb ...
Unpacking gir1.2-pango-1.0:amd64 (1.50.6+ds-2) ...
Selecting previously unselected package libatk-bridge2.0-0:amd64.
Preparing to unpack .../35-libatk-bridge2.0-0_2.38.0-3_amd64.deb ...
Unpacking libatk-bridge2.0-0:amd64 (2.38.0-3) ...
Selecting previously unselected package libcairo-gobject2:amd64.
Preparing to unpack .../36-libcairo-gobject2_1.16.0-5ubuntu2_amd64.deb ...
Unpacking libcairo-gobject2:amd64 (1.16.0-5ubuntu2) ...
Selecting previously unselected package liblcms2-2:amd64.
Preparing to unpack .../37-liblcms2-2_2.12~rc1-2build2_amd64.deb ...
Unpacking liblcms2-2:amd64 (2.12~rc1-2build2) ...
Selecting previously unselected package libcolord2:amd64.
Preparing to unpack .../38-libcolord2_1.4.6-1_amd64.deb ...
Unpacking libcolord2:amd64 (1.4.6-1) ...
Selecting previously unselected package libavahi-common-data:amd64.
Preparing to unpack .../39-libavahi-common-data_0.8-5ubuntu5_amd64.deb ...
Unpacking libavahi-common-data:amd64 (0.8-5ubuntu5) ...
Selecting previously unselected package libavahi-common3:amd64.
Preparing to unpack .../40-libavahi-common3_0.8-5ubuntu5_amd64.deb ...
Unpacking libavahi-common3:amd64 (0.8-5ubuntu5) ...
Selecting previously unselected package libavahi-client3:amd64.
Preparing to unpack .../41-libavahi-client3_0.8-5ubuntu5_amd64.deb ...
Unpacking libavahi-client3:amd64 (0.8-5ubuntu5) ...
Selecting previously unselected package libcups2:amd64.
Preparing to unpack .../42-libcups2_2.4.1op1-1ubuntu4.1_amd64.deb ...
Unpacking libcups2:amd64 (2.4.1op1-1ubuntu4.1) ...
Selecting previously unselected package libepoxy0:amd64.
Preparing to unpack .../43-libepoxy0_1.5.10-1_amd64.deb ...
Unpacking libepoxy0:amd64 (1.5.10-1) ...
Selecting previously unselected package libxcomposite1:amd64.
Preparing to unpack .../44-libxcomposite1_1%3a0.4.5-1build2_amd64.deb ...
Unpacking libxcomposite1:amd64 (1:0.4.5-1build2) ...
Selecting previously unselected package libxdamage1:amd64.
Preparing to unpack .../45-libxdamage1_1%3a1.1.5-2build2_amd64.deb ...
Unpacking libxdamage1:amd64 (1:1.1.5-2build2) ...
Selecting previously unselected package libgtk-3-common.
Preparing to unpack .../46-libgtk-3-common_3.24.33-1ubuntu2_all.deb ...
Unpacking libgtk-3-common (3.24.33-1ubuntu2) ...
Selecting previously unselected package libgtk-3-0:amd64.
Preparing to unpack .../47-libgtk-3-0_3.24.33-1ubuntu2_amd64.deb ...
Unpacking libgtk-3-0:amd64 (3.24.33-1ubuntu2) ...
Selecting previously unselected package gir1.2-gtk-3.0:amd64.
Preparing to unpack .../48-gir1.2-gtk-3.0_3.24.33-1ubuntu2_amd64.deb ...
Unpacking gir1.2-gtk-3.0:amd64 (3.24.33-1ubuntu2) ...
Selecting previously unselected package icu-devtools.
Preparing to unpack .../49-icu-devtools_70.1-2_amd64.deb ...
Unpacking icu-devtools (70.1-2) ...
Selecting previously unselected package libatk1.0-dev:amd64.
Preparing to unpack .../50-libatk1.0-dev_2.36.0-3build1_amd64.deb ...
Unpacking libatk1.0-dev:amd64 (2.36.0-3build1) ...
Selecting previously unselected package libxtst-dev:amd64.
Preparing to unpack .../51-libxtst-dev_2%3a1.2.3-1build4_amd64.deb ...
Unpacking libxtst-dev:amd64 (2:1.2.3-1build4) ...
Selecting previously unselected package libatspi2.0-dev:amd64.
Preparing to unpack .../52-libatspi2.0-dev_2.44.0-3_amd64.deb ...
Unpacking libatspi2.0-dev:amd64 (2.44.0-3) ...
Selecting previously unselected package libatk-bridge2.0-dev:amd64.
Preparing to unpack .../53-libatk-bridge2.0-dev_2.38.0-3_amd64.deb ...
Unpacking libatk-bridge2.0-dev:amd64 (2.38.0-3) ...
Selecting previously unselected package libbrotli-dev:amd64.
Preparing to unpack .../54-libbrotli-dev_1.0.9-2build6_amd64.deb ...
Unpacking libbrotli-dev:amd64 (1.0.9-2build6) ...
Selecting previously unselected package liblzo2-2:amd64.
Preparing to unpack .../55-liblzo2-2_2.10-2build3_amd64.deb ...
Unpacking liblzo2-2:amd64 (2.10-2build3) ...
Selecting previously unselected package libcairo-script-interpreter2:amd64.
Preparing to unpack .../56-libcairo-script-interpreter2_1.16.0-5ubuntu2_amd64.deb ...
Unpacking libcairo-script-interpreter2:amd64 (1.16.0-5ubuntu2) ...
Selecting previously unselected package libpng-dev:amd64.
Preparing to unpack .../57-libpng-dev_1.6.37-3build5_amd64.deb ...
Unpacking libpng-dev:amd64 (1.6.37-3build5) ...
Selecting previously unselected package libfreetype-dev:amd64.
Preparing to unpack .../58-libfreetype-dev_2.11.1+dfsg-1ubuntu0.1_amd64.deb ...
Unpacking libfreetype-dev:amd64 (2.11.1+dfsg-1ubuntu0.1) ...
Selecting previously unselected package libfreetype6-dev:amd64.
Preparing to unpack .../59-libfreetype6-dev_2.11.1+dfsg-1ubuntu0.1_amd64.deb ...
Unpacking libfreetype6-dev:amd64 (2.11.1+dfsg-1ubuntu0.1) ...
Selecting previously unselected package libfontconfig-dev:amd64.
Preparing to unpack .../60-libfontconfig-dev_2.13.1-4.2ubuntu5_amd64.deb ...
Unpacking libfontconfig-dev:amd64 (2.13.1-4.2ubuntu5) ...
Selecting previously unselected package libfontconfig1-dev:amd64.
Preparing to unpack .../61-libfontconfig1-dev_2.13.1-4.2ubuntu5_amd64.deb ...
Unpacking libfontconfig1-dev:amd64 (2.13.1-4.2ubuntu5) ...
Selecting previously unselected package libpixman-1-dev:amd64.
Preparing to unpack .../62-libpixman-1-dev_0.40.0-1build4_amd64.deb ...
Unpacking libpixman-1-dev:amd64 (0.40.0-1build4) ...
Selecting previously unselected package libxcb-render0-dev:amd64.
Preparing to unpack .../63-libxcb-render0-dev_1.14-3ubuntu3_amd64.deb ...
Unpacking libxcb-render0-dev:amd64 (1.14-3ubuntu3) ...
Selecting previously unselected package libxcb-shm0-dev:amd64.
Preparing to unpack .../64-libxcb-shm0-dev_1.14-3ubuntu3_amd64.deb ...
Unpacking libxcb-shm0-dev:amd64 (1.14-3ubuntu3) ...
Selecting previously unselected package libcairo2-dev:amd64.
Preparing to unpack .../65-libcairo2-dev_1.16.0-5ubuntu2_amd64.deb ...
Unpacking libcairo2-dev:amd64 (1.16.0-5ubuntu2) ...
Selecting previously unselected package libdatrie-dev:amd64.
Preparing to unpack .../66-libdatrie-dev_0.2.13-2_amd64.deb ...
Unpacking libdatrie-dev:amd64 (0.2.13-2) ...
Selecting previously unselected package libdeflate-dev:amd64.
Preparing to unpack .../67-libdeflate-dev_1.10-2_amd64.deb ...
Unpacking libdeflate-dev:amd64 (1.10-2) ...
Selecting previously unselected package libepoxy-dev:amd64.
Preparing to unpack .../68-libepoxy-dev_1.5.10-1_amd64.deb ...
Unpacking libepoxy-dev:amd64 (1.5.10-1) ...
Selecting previously unselected package libfribidi-dev:amd64.
Preparing to unpack .../69-libfribidi-dev_1.0.8-2ubuntu3.1_amd64.deb ...
Unpacking libfribidi-dev:amd64 (1.0.8-2ubuntu3.1) ...
Selecting previously unselected package libgdk-pixbuf2.0-bin.
Preparing to unpack .../70-libgdk-pixbuf2.0-bin_2.42.8+dfsg-1ubuntu0.1_amd64.deb ...
Unpacking libgdk-pixbuf2.0-bin (2.42.8+dfsg-1ubuntu0.1) ...
Selecting previously unselected package libjpeg-turbo8-dev:amd64.
Preparing to unpack .../71-libjpeg-turbo8-dev_2.1.2-0ubuntu1_amd64.deb ...
Unpacking libjpeg-turbo8-dev:amd64 (2.1.2-0ubuntu1) ...
Selecting previously unselected package libjpeg8-dev:amd64.
Preparing to unpack .../72-libjpeg8-dev_8c-2ubuntu10_amd64.deb ...
Unpacking libjpeg8-dev:amd64 (8c-2ubuntu10) ...
Selecting previously unselected package libjpeg-dev:amd64.
Preparing to unpack .../73-libjpeg-dev_8c-2ubuntu10_amd64.deb ...
Unpacking libjpeg-dev:amd64 (8c-2ubuntu10) ...
Selecting previously unselected package libjbig-dev:amd64.
Preparing to unpack .../74-libjbig-dev_2.1-3.1build3_amd64.deb ...
Unpacking libjbig-dev:amd64 (2.1-3.1build3) ...
Selecting previously unselected package liblzma-dev:amd64.
Preparing to unpack .../75-liblzma-dev_5.2.5-2ubuntu1_amd64.deb ...
Unpacking liblzma-dev:amd64 (5.2.5-2ubuntu1) ...
Selecting previously unselected package libtiffxx5:amd64.
Preparing to unpack .../76-libtiffxx5_4.3.0-6_amd64.deb ...
Unpacking libtiffxx5:amd64 (4.3.0-6) ...
Selecting previously unselected package libtiff-dev:amd64.
Preparing to unpack .../77-libtiff-dev_4.3.0-6_amd64.deb ...
Unpacking libtiff-dev:amd64 (4.3.0-6) ...
Selecting previously unselected package libgdk-pixbuf-2.0-dev:amd64.
Preparing to unpack .../78-libgdk-pixbuf-2.0-dev_2.42.8+dfsg-1ubuntu0.1_amd64.deb ...
Unpacking libgdk-pixbuf-2.0-dev:amd64 (2.42.8+dfsg-1ubuntu0.1) ...
Selecting previously unselected package libgraphite2-dev:amd64.
Preparing to unpack .../79-libgraphite2-dev_1.3.14-1build2_amd64.deb ...
Unpacking libgraphite2-dev:amd64 (1.3.14-1build2) ...
Selecting previously unselected package libgtk-3-bin.
Preparing to unpack .../80-libgtk-3-bin_3.24.33-1ubuntu2_amd64.deb ...
Unpacking libgtk-3-bin (3.24.33-1ubuntu2) ...
Selecting previously unselected package libharfbuzz-icu0:amd64.
Preparing to unpack .../81-libharfbuzz-icu0_2.7.4-1ubuntu3.1_amd64.deb ...
Unpacking libharfbuzz-icu0:amd64 (2.7.4-1ubuntu3.1) ...
Selecting previously unselected package libharfbuzz-gobject0:amd64.
Preparing to unpack .../82-libharfbuzz-gobject0_2.7.4-1ubuntu3.1_amd64.deb ...
Unpacking libharfbuzz-gobject0:amd64 (2.7.4-1ubuntu3.1) ...
Selecting previously unselected package libicu-dev:amd64.
Preparing to unpack .../83-libicu-dev_70.1-2_amd64.deb ...
Unpacking libicu-dev:amd64 (70.1-2) ...
Selecting previously unselected package libharfbuzz-dev:amd64.
Preparing to unpack .../84-libharfbuzz-dev_2.7.4-1ubuntu3.1_amd64.deb ...
Unpacking libharfbuzz-dev:amd64 (2.7.4-1ubuntu3.1) ...
Selecting previously unselected package libthai-dev:amd64.
Preparing to unpack .../85-libthai-dev_0.1.29-1build1_amd64.deb ...
Unpacking libthai-dev:amd64 (0.1.29-1build1) ...
Selecting previously unselected package libxft-dev:amd64.
Preparing to unpack .../86-libxft-dev_2.3.4-1_amd64.deb ...
Unpacking libxft-dev:amd64 (2.3.4-1) ...
Selecting previously unselected package pango1.0-tools.
Preparing to unpack .../87-pango1.0-tools_1.50.6+ds-2_amd64.deb ...
Unpacking pango1.0-tools (1.50.6+ds-2) ...
Selecting previously unselected package libpango1.0-dev:amd64.
Preparing to unpack .../88-libpango1.0-dev_1.50.6+ds-2_amd64.deb ...
Unpacking libpango1.0-dev:amd64 (1.50.6+ds-2) ...
Selecting previously unselected package libxcomposite-dev:amd64.
Preparing to unpack .../89-libxcomposite-dev_1%3a0.4.5-1build2_amd64.deb ...
Unpacking libxcomposite-dev:amd64 (1:0.4.5-1build2) ...
Selecting previously unselected package libxdamage-dev:amd64.
Preparing to unpack .../90-libxdamage-dev_1%3a1.1.5-2build2_amd64.deb ...
Unpacking libxdamage-dev:amd64 (1:1.1.5-2build2) ...
Selecting previously unselected package wayland-protocols.
Preparing to unpack .../91-wayland-protocols_1.25-1_all.deb ...
Unpacking wayland-protocols (1.25-1) ...
Selecting previously unselected package libgtk-3-dev:amd64.
Preparing to unpack .../92-libgtk-3-dev_3.24.33-1ubuntu2_amd64.deb ...
Unpacking libgtk-3-dev:amd64 (3.24.33-1ubuntu2) ...
Selecting previously unselected package libpng-tools.
Preparing to unpack .../93-libpng-tools_1.6.37-3build5_amd64.deb ...
Unpacking libpng-tools (1.6.37-3build5) ...
Selecting previously unselected package librsvg2-2:amd64.
Preparing to unpack .../94-librsvg2-2_2.52.5+dfsg-3_amd64.deb ...
Unpacking librsvg2-2:amd64 (2.52.5+dfsg-3) ...
Selecting previously unselected package librsvg2-common:amd64.
Preparing to unpack .../95-librsvg2-common_2.52.5+dfsg-3_amd64.deb ...
Unpacking librsvg2-common:amd64 (2.52.5+dfsg-3) ...
Setting up liblcms2-2:amd64 (2.12~rc1-2build2) ...
Setting up session-migration (0.3.6) ...
Created symlink /etc/systemd/user/graphical-session-pre.target.wants/session-migration.service → /usr/lib/systemd/user/session-migration.service.
Setting up libjpeg-turbo8-dev:amd64 (2.1.2-0ubuntu1) ...
Setting up systemd-sysv (249.11-0ubuntu3.4) ...
Setting up python3-dbus (1.2.18-3build1) ...
Setting up gir1.2-freedesktop:amd64 (1.72.0-1) ...
Setting up libharfbuzz-icu0:amd64 (2.7.4-1ubuntu3.1) ...
Setting up libpixman-1-dev:amd64 (0.40.0-1build4) ...
Setting up libxdamage1:amd64 (1:1.1.5-2build2) ...
Setting up hicolor-icon-theme (0.17-2) ...
Setting up libpng-tools (1.6.37-3build5) ...
Setting up libxtst6:amd64 (2:1.2.3-1build4) ...
Setting up libfribidi-dev:amd64 (1.0.8-2ubuntu3.1) ...
Setting up libgdk-pixbuf2.0-common (2.42.8+dfsg-1ubuntu0.1) ...
Setting up libpng-dev:amd64 (1.6.37-3build5) ...
Setting up libjbig-dev:amd64 (2.1-3.1build3) ...
Setting up libnss-systemd:amd64 (249.11-0ubuntu3.4) ...
First installation detected...
Checking NSS setup...
Setting up liblzo2-2:amd64 (2.10-2build3) ...
Setting up libharfbuzz-gobject0:amd64 (2.7.4-1ubuntu3.1) ...
Setting up libatspi2.0-0:amd64 (2.44.0-3) ...
Setting up gir1.2-harfbuzz-0.0:amd64 (2.7.4-1ubuntu3.1) ...
Setting up libcolord2:amd64 (1.4.6-1) ...
Setting up libdconf1:amd64 (0.40.0-3) ...
Setting up libxcb-shm0-dev:amd64 (1.14-3ubuntu3) ...
Setting up libgraphite2-dev:amd64 (1.3.14-1build2) ...
Setting up libfreetype6:amd64 (2.11.1+dfsg-1ubuntu0.1) ...
Setting up libepoxy0:amd64 (1.5.10-1) ...
Setting up libavahi-common-data:amd64 (0.8-5ubuntu5) ...
Setting up python3-gi (3.42.1-0ubuntu1) ...
Setting up systemd-timesyncd (249.11-0ubuntu3.4) ...
Created symlink /etc/systemd/system/dbus-org.freedesktop.timesync1.service → /lib/systemd/system/systemd-timesyncd.service.
Created symlink /etc/systemd/system/sysinit.target.wants/systemd-timesyncd.service → /lib/systemd/system/systemd-timesyncd.service.
Setting up icu-devtools (70.1-2) ...
Setting up libxcb-render0-dev:amd64 (1.14-3ubuntu3) ...
Setting up liblzma-dev:amd64 (5.2.5-2ubuntu1) ...
Setting up libatk1.0-data (2.36.0-3build1) ...
Setting up wayland-protocols (1.25-1) ...
Setting up libdatrie-dev:amd64 (0.2.13-2) ...
Setting up dmsetup (2:1.02.175-2.1ubuntu4) ...
Setting up libpam-systemd:amd64 (249.11-0ubuntu3.4) ...
debconf: unable to initialize frontend: Dialog
debconf: (Dialog frontend will not work on a dumb terminal, an emacs shell buffer, or without a controlling terminal.)
debconf: falling back to frontend: Readline
Setting up libgdk-pixbuf-2.0-0:amd64 (2.42.8+dfsg-1ubuntu0.1) ...
Setting up libcairo-gobject2:amd64 (1.16.0-5ubuntu2) ...
Setting up libatk1.0-0:amd64 (2.36.0-3build1) ...
Setting up libjpeg8-dev:amd64 (8c-2ubuntu10) ...
Setting up libdeflate-dev:amd64 (1.10-2) ...
Setting up libxcomposite1:amd64 (1:0.4.5-1build2) ...
Setting up libicu-dev:amd64 (70.1-2) ...
Setting up libbrotli-dev:amd64 (1.0.9-2build6) ...
Setting up libtiffxx5:amd64 (4.3.0-6) ...
Setting up libxtst-dev:amd64 (2:1.2.3-1build4) ...
Setting up libxdamage-dev:amd64 (1:1.1.5-2build2) ...
Setting up networkd-dispatcher (2.1-2ubuntu0.22.04.2) ...
Created symlink /etc/systemd/system/multi-user.target.wants/networkd-dispatcher.service → /lib/systemd/system/networkd-dispatcher.service.
Setting up libcairo-script-interpreter2:amd64 (1.16.0-5ubuntu2) ...
Setting up gtk-update-icon-cache (3.24.33-1ubuntu2) ...
Setting up libxft2:amd64 (2.3.4-1) ...
Setting up libpangoxft-1.0-0:amd64 (1.50.6+ds-2) ...
Setting up gir1.2-gdkpixbuf-2.0:amd64 (2.42.8+dfsg-1ubuntu0.1) ...
Setting up gir1.2-atk-1.0:amd64 (2.36.0-3build1) ...
Setting up libxcomposite-dev:amd64 (1:0.4.5-1build2) ...
Setting up libepoxy-dev:amd64 (1.5.10-1) ...
Setting up pango1.0-tools (1.50.6+ds-2) ...
Setting up libavahi-common3:amd64 (0.8-5ubuntu5) ...
Setting up libjpeg-dev:amd64 (8c-2ubuntu10) ...
Setting up gir1.2-atspi-2.0:amd64 (2.44.0-3) ...
Setting up libfreetype-dev:amd64 (2.11.1+dfsg-1ubuntu0.1) ...
Setting up librsvg2-2:amd64 (2.52.5+dfsg-3) ...
Setting up libatk-bridge2.0-0:amd64 (2.38.0-3) ...
Setting up dbus-user-session (1.12.20-2ubuntu4) ...
Setting up gir1.2-pango-1.0:amd64 (1.50.6+ds-2) ...
Setting up libtiff-dev:amd64 (4.3.0-6) ...
Setting up librsvg2-common:amd64 (2.52.5+dfsg-3) ...
Setting up libthai-dev:amd64 (0.1.29-1build1) ...
Setting up libgdk-pixbuf2.0-bin (2.42.8+dfsg-1ubuntu0.1) ...
Setting up libavahi-client3:amd64 (0.8-5ubuntu5) ...
Setting up libatk1.0-dev:amd64 (2.36.0-3build1) ...
Setting up libgdk-pixbuf-2.0-dev:amd64 (2.42.8+dfsg-1ubuntu0.1) ...
Setting up libatspi2.0-dev:amd64 (2.44.0-3) ...
Setting up libharfbuzz-dev:amd64 (2.7.4-1ubuntu3.1) ...
Setting up libfontconfig-dev:amd64 (2.13.1-4.2ubuntu5) ...
Setting up libatk-bridge2.0-dev:amd64 (2.38.0-3) ...
Setting up dconf-service (0.40.0-3) ...
Setting up libfreetype6-dev:amd64 (2.11.1+dfsg-1ubuntu0.1) ...
Setting up libcups2:amd64 (2.4.1op1-1ubuntu4.1) ...
Setting up libcairo2-dev:amd64 (1.16.0-5ubuntu2) ...
Setting up libxft-dev:amd64 (2.3.4-1) ...
Setting up libfontconfig1-dev:amd64 (2.13.1-4.2ubuntu5) ...
Setting up dconf-gsettings-backend:amd64 (0.40.0-3) ...
Setting up libpango1.0-dev:amd64 (1.50.6+ds-2) ...
Setting up libgtk-3-common (3.24.33-1ubuntu2) ...
Setting up gsettings-desktop-schemas (42.0-1ubuntu1) ...
Setting up adwaita-icon-theme (41.0-1ubuntu1) ...
update-alternatives: using /usr/share/icons/Adwaita/cursor.theme to provide /usr/share/icons/default/index.theme (x-cursor-theme) in auto mode
Setting up humanity-icon-theme (0.6.16) ...
Setting up ubuntu-mono (20.10-0ubuntu2) ...
Processing triggers for dbus (1.12.20-2ubuntu4) ...
Processing triggers for libglib2.0-0:amd64 (2.72.1-1) ...
Setting up libgtk-3-0:amd64 (3.24.33-1ubuntu2) ...
Processing triggers for libc-bin (2.35-0ubuntu3) ...
Setting up gir1.2-gtk-3.0:amd64 (3.24.33-1ubuntu2) ...
Setting up libgtk-3-bin (3.24.33-1ubuntu2) ...
Setting up at-spi2-core (2.44.0-3) ...
Setting up libgtk-3-dev:amd64 (3.24.33-1ubuntu2) ...
Processing triggers for libgdk-pixbuf-2.0-0:amd64 (2.42.8+dfsg-1ubuntu0.1) ...
Note: Deploying make=4.3.0...
Note: Deploying pkg_config=0.29.2...
Note: Running post_fetch actions for gtkada=21.0.0...
checking build system type... x86_64-unknown-linux-gnu
checking host system type... x86_64-unknown-linux-gnu
checking target system type... x86_64-unknown-linux-gnu
checking for gcc... gcc
checking whether the C compiler works... yes
checking for C compiler default output file name... a.out
checking for suffix of executables... 
checking whether we are cross compiling... no
checking for suffix of object files... o
checking whether we are using the GNU C compiler... yes
checking whether gcc accepts -g... yes
checking for gcc option to accept ISO C89... none needed
checking for gprbuild... /usr/bin/gprbuild
checking for gprinstall... /usr/bin/gprinstall
checking that your gnat compiler works with a simple example... yes
checking whether NLS is requested... yes
checking for gettext in libc... yes
checking for pkg-config... /usr/bin/pkg-config
checking for GTK - version >= 3.14.0... yes
configure: creating ./config.status
config.status: creating Makefile
config.status: creating shared.gpr
config.status: creating po/Makefile
config.status: creating docs/gtkada_rm/html/static/index.html
configure: --------- Summary for Gtkada 18.0w -----------------
configure:   Shared libraries:       yes (default: static)
configure:   OpenGL:                 False
configure: --------------------------------------------
gnatprep -DGETTEXT_INTL=False -DHAVE_GETTEXT=True src/gtkada-intl.gpb src/gtkada-intl.adb
====== Building static libraries =====
/usr/bin/gprbuild  -j0 -m -p  -XLIBRARY_TYPE=static -Psrc/gtkada.gpr
Setup
   [mkdir]        object directory for project GtkAda
   [mkdir]        library directory for project GtkAda
Compile
   [Ada]          gdk-types-keysyms.ads
   [Ada]          glib-types.adb
   [Ada]          gtkada.ads
   [Ada]          gdk-threads.ads
   [Ada]          gtk-handlers.adb
   [Ada]          glib-graphs-layouts.adb
   [Ada]          gdk-color.adb
   [Ada]          glib-graphs.adb
   [Ada]          gtkada-c.adb
   [Ada]          glib-convert.adb
   [Ada]          glib-key_file.adb
   [Ada]          gtkada-types.adb
   [Ada]          gdk-pixbuf.adb
   [Ada]          gtkada-canvas_view-objects.adb
   [Ada]          cairo-font_options.adb
   [Ada]          gdk-keyval.adb
   [Ada]          cairo-matrix.ads
   [Ada]          cairo-image_surface.adb
   [Ada]          gtkada-bindings.adb
   [Ada]          gdk-types.ads
   [Ada]          gtk.ads
   [Ada]          gdk-rectangle.adb
   [Ada]          gtkada-style.adb
   [Ada]          gdk.ads
   [Ada]          glib-properties-creation.adb
   [Ada]          gtk-marshallers.adb
   [Ada]          gtkada-canvas_view-models.adb
   [Ada]          gtkada-intl.adb
   [Ada]          gtkada-canvas_view.adb
   [Ada]          glib-gslist.adb
   [Ada]          gtk-type_conversion.adb
   [Ada]          glib-messages.adb
   [Ada]          cairo-surface.adb
   [Ada]          glib-properties.adb
   [Ada]          cairo-region.adb
   [Ada]          glib-type_conversion_hooks.adb
   [Ada]          gtkada-canvas.adb
   [Ada]          gdk-property.adb
   [Ada]          cairo.adb
   [Ada]          gtk-arguments.adb
   [Ada]          gtkada-abstract_tree_model.adb
   [Ada]          cairo-scaled_font.ads
   [Ada]          gdk-dnd.adb
   [Ada]          gtkada-pixmaps.ads
   [Ada]          gtkada-abstract_list_model.adb
   [Ada]          glib-enums.ads
   [Ada]          gtkada-printing.adb
   [Ada]          glib-xml.adb
   [Ada]          cairo-pdf.adb
   [Ada]          glib.adb
   [Ada]          cairo-font_face.ads
   [Ada]          gtk-dnd.adb
   [Ada]          gtkada-canvas_view-rtrees.adb
   [Ada]          pango.ads
   [Ada]          fontconfig.adb
   [Ada]          gdk-window_attr.adb
   [Ada]          glib-module.adb
   [Ada]          gtkada-handlers.ads
   [Ada]          gdk-visual.adb
   [Ada]          gtk-rc.adb
   [Ada]          gtkada-canvas_view-models-layers.adb
   [Ada]          cairo-pattern.ads
   [Ada]          glib-gnodes.adb
   [Ada]          gtk-text_child.adb
   [Ada]          gdk-input.ads
   [Ada]          glib-xml_int.ads
   [Ada]          gdk-cairo.adb
   [Ada]          glib-object.adb
   [Ada]          glib-glist.adb
   [Ada]          gtkada-canvas_view-links.adb
   [Ada]          gtk-bindings.adb
   [Ada]          glib-values.adb
   [Ada]          cairo-png.adb
   [Ada]          gtkada-canvas_view-astar.adb
   [Ada]          gtkada-application.adb
   [Ada]          pango-cairo.adb
   [Ada]          gdk-display_manager.adb
   [Ada]          gtkada-multi_paned.adb
   [Ada]          gtkada-file_selection.adb
   [Ada]          gtk-tree_model-utils.adb
   [Ada]          cairo-svg.adb
   [Ada]          glib-error.adb
   [Ada]          glib-unicode.adb
   [Ada]          gdk-main.adb
   [Ada]          gtkada-canvas_view-views.adb
   [Ada]          gtkada-builder.adb
   [Ada]          gtkada-mdi.adb
   [Ada]          glib-generic_properties.adb
   [Ada]          glib-main.adb
   [Ada]          gtkada-multiline_entry.adb
   [Ada]          gtkada-dialogs.adb
   [Ada]          gtk-tree_row_reference.adb
   [Ada]          gtk-recent_action.adb
   [Ada]          gtk-font_chooser_dialog.adb
   [Ada]          pango-font_family.adb
   [Ada]          glib-spawn.adb
   [Ada]          gtk-tool_item_group.adb
   [Ada]          gtk-font_selection.adb
   [Ada]          gtk-cell_view.adb
   [Ada]          gtk-notebook.adb
   [Ada]          gtk-orientable.adb
   [Ada]          gtk-clipboard.adb
   [Ada]          gtk-toggle_tool_button.adb
   [Ada]          gtk-gesture_pan.adb
   [Ada]          gtk-action_bar.adb
   [Ada]          gtk-spinner.adb
   [Ada]          gtk-bin.adb
   [Ada]          gtk-radio_action.adb
   [Ada]          gtk-text_view.adb
   [Ada]          gdk-device_manager.adb
   [Ada]          gtk-message_dialog.adb
   [Ada]          gtk-gesture_rotate.adb
   [Ada]          gtk-toolbar.adb
   [Ada]          gtk-cell_area_context.adb
   [Ada]          gtk-page_setup.adb
   [Ada]          gtk-offscreen_window.adb
   [Ada]          pango-enums.adb
   [Ada]          gtk-button.adb
   [Ada]          gtk-cell_renderer_spin.adb
   [Ada]          gtk-menu_tool_button.adb
   [Ada]          gtk-label.adb
   [Ada]          gtk-calendar.adb
   [Ada]          gtk-dialog.adb
   [Ada]          gtk-vbutton_box.adb
   [Ada]          gtk-scrollable.adb
   [Ada]          gtk-im_multi_context.adb
   [Ada]          pango-tabs.adb
   [Ada]          gtk-font_chooser_widget.adb
   [Ada]          gtk-layout.adb
   [Ada]          gtk-flow_box_child.adb
   [Ada]          gtk-application_window.adb
   [Ada]          gtk-link_button.adb
   [Ada]          gtk-event_controller.adb
   [Ada]          gtk-info_bar.adb
   [Ada]          gtk-frame.adb
   [Ada]          gtk-fixed.adb
   [Ada]          glib-g_icon.adb
   [Ada]          glib-application.adb
   [Ada]          gtk-image.adb
   [Ada]          gtk-text_iter.adb
   [Ada]          glib-action.adb
   [Ada]          gtk-color_chooser.adb
   [Ada]          gtk-icon_set.adb
   [Ada]          gtk-status_icon.adb
   [Ada]          pango-language.adb
   [Ada]          gtk-style_properties.adb
   [Ada]          gtk-builder.adb
   [Ada]          gtk-separator.adb
   [Ada]          gtk-entry_buffer.adb
   [Ada]          gtk-gesture_zoom.adb
   [Ada]          gtk-icon_theme.adb
   [Ada]          gtk-font_chooser.adb
   [Ada]          gtk-scrollbar.adb
   [Ada]          gtk-separator_menu_item.adb
   [Ada]          gtk-gesture.adb
   [Ada]          pango-font_face.adb
   [Ada]          gtk-actionable.adb
   [Ada]          glib-simple_action.adb
   [Ada]          gtk-hsv.adb
   [Ada]          gtk-menu_button.adb
   [Ada]          gtk-search_entry.adb
   [Ada]          gtk-style.adb
   [Ada]          gtk-misc.adb
   [Ada]          glib-iochannel.adb
   [Ada]          gtk-assistant.adb
   [Ada]          gtk-symbolic_color.adb
   [Ada]          gtk-popover.adb
   [Ada]          gtk-selection_data.adb
   [Ada]          gtk-paper_size.adb
   [Ada]          gtk-tool_item.adb
   [Ada]          gtk-cell_layout.adb
   [Ada]          gdk-display.adb
   [Ada]          gtk-grid.adb
   [Ada]          gtk-text_attributes.adb
   [Ada]          gtk-font_button.adb
   [Ada]          pango-fontset.adb
   [Ada]          gtk-ui_manager.adb
   [Ada]          pango-matrix.adb
   [Ada]          glib-menu.adb
   [Ada]          gtk-progress_bar.adb
   [Ada]          glib-string.adb
   [Ada]          gtk-radio_tool_button.adb
   [Ada]          gtk-cell_renderer_progress.adb
   [Ada]          gtk-tree_model_sort.adb
   [Ada]          gtk-buildable.adb
   [Ada]          gtk-separator_tool_item.adb
   [Ada]          gtk-flow_box.adb
   [Ada]          gtk-accel_map.adb
   [Ada]          gdk-frame_clock.adb
   [Ada]          gtk-im_context.adb
   [Ada]          gtk-grange.adb
   [Ada]          glib-action_group.adb
   [Ada]          gtk-list_store.adb
   [Ada]          gtk-entry_completion.adb
   [Ada]          gtk-print_settings.adb
   [Ada]          gtk-tree_model_filter.adb
   [Ada]          gtk-accel_label.adb
   [Ada]          pango-font_metrics.adb
   [Ada]          gtk-editable.adb
   [Ada]          gtk-tree_store.adb
   [Ada]          pango-context.adb
   [Ada]          gtk-combo_box_text.adb
   [Ada]          gdk-window.adb
   [Ada]          gtk-scale.adb
   [Ada]          gtk-tearoff_menu_item.adb
   [Ada]          gtk-toggle_button.adb
   [Ada]          gtk-target_list.adb
   [Ada]          gtk-size_group.adb
   [Ada]          gtk-application.adb
   [Ada]          gtk-menu_shell.adb
   [Ada]          gtk-activatable.adb
   [Ada]          gtk-button_box.adb
   [Ada]          gtk-box.adb
   [Ada]          glib-utils.adb
   [Ada]          gtk-icon_source.adb
   [Ada]          gtk-event_box.adb
   [Ada]          gtk-check_button.adb
   [Ada]          gtk-tool_button.adb
   [Ada]          glib-option.adb
   [Ada]          gtk-action.adb
   [Ada]          gtk-color_selection_dialog.adb
   [Ada]          gtk-gradient.adb
   [Ada]          gtk-text_tag.adb
   [Ada]          gtk-stack.adb
   [Ada]          gtk-print_operation.adb
   [Ada]          glib-variant.adb
   [Ada]          gtk-menu.adb
   [Ada]          gtk-gentry.adb
   [Ada]          gtk-hbutton_box.adb
   [Ada]          glib-simple_action_group.adb
   [Ada]          gtk-main.adb
   [Ada]          glib-action_map.adb
   [Ada]          gtk-combo_box.adb
   [Ada]          gdk-event.adb
   [Ada]          gtk-tree_drag_dest.adb
   [Ada]          gtk-file_chooser_widget.adb
   [Ada]          gtk-volume_button.adb
   [Ada]          gtk-icon_view.adb
   [Ada]          gtk-cell_renderer_text.adb
   [Ada]          gdk-rgba.adb
   [Ada]          gtk-paned.adb
   [Ada]          gtk-radio_button.adb
   [Ada]          gtk-color_button.adb
   [Ada]          gtk-about_dialog.adb
   [Ada]          gtk-scale_button.adb
   [Ada]          gdk-screen.adb
   [Ada]          gtk-spin_button.adb
   [Ada]          gtk-tooltip.adb
   [Ada]          gtk-binding_set.adb
   [Ada]          gtk-window.adb
   [Ada]          gtk-cell_area.adb
   [Ada]          glib-poll.adb
   [Ada]          gtk-print_context.adb
   [Ada]          gtk-table.adb
   [Ada]          gtk-aspect_frame.adb
   [Ada]          gtk-theming_engine.adb
   [Ada]          gtk-revealer.adb
   [Ada]          gtk-cell_renderer_spinner.adb
   [Ada]          gtk-list_box_row.adb
   [Ada]          gtk-widget.adb
   [Ada]          gtk-css_provider.adb
   [Ada]          gtk-drawing_area.adb
   [Ada]          gtk-color_chooser_widget.adb
   [Ada]          gtk-toggle_action.adb
   [Ada]          gtk-gesture_long_press.adb
   [Ada]          gtk-style_context.adb
   [Ada]          gtk-image_menu_item.adb
   [Ada]          gtk-text_tag_table.adb
   [Ada]          gtk-container.adb
   [Ada]          gtk-recent_chooser.adb
   [Ada]          gtk-text_child_anchor.adb
   [Ada]          gtk-tree_view_column.adb
   [Ada]          gtk-tree_sortable.adb
   [Ada]          gtk-recent_filter.adb
   [Ada]          gtk-tree_view.adb
   [Ada]          gdk-drag_contexts.adb
   [Ada]          gtk-adjustment.adb
   [Ada]          gtk-list_box.adb
   [Ada]          gtk-expander.adb
   [Ada]          gtk-text_buffer.adb
   [Ada]          gtk-recent_chooser_menu.adb
   [Ada]          gtk-gesture_swipe.adb
   [Ada]          gtk-menu_bar.adb
   [Ada]          gtk-switch.adb
   [Ada]          gtk-handle_box.adb
   [Ada]          gtk-viewport.adb
   [Ada]          gtk-header_bar.adb
   [Ada]          pango-font_map.adb
   [Ada]          gtk-cell_renderer_accel.adb
   [Ada]          gtk-recent_chooser_widget.adb
   [Ada]          glib-notification.adb
   [Ada]          gdk-cursor.adb
   [Ada]          gtk-color_chooser_dialog.adb
   [Ada]          gtk-file_chooser_button.adb
   [Ada]          pango-coverage.adb
   [Ada]          gtk-recent_info.adb
   [Ada]          gtk-level_bar.adb
   [Ada]          gtk-alignment.adb
   [Ada]          gtk-font_selection_dialog.adb
   [Ada]          gtk-arrow.adb
   [Ada]          gtk-style_provider.adb
   [Ada]          pango-attributes.adb
   [Ada]          gtk-im_context_simple.adb
   [Ada]          gtk-color_selection.adb
   [Ada]          gtk-recent_manager.adb
   [Ada]          gtk-cell_area_box.adb
   [Ada]          gtk-file_chooser.adb
   [Ada]          gtk-file_filter.adb
   [Ada]          gtk-cell_renderer.adb
   [Ada]          gtk-text_mark.adb
   [Ada]          gtk-cell_renderer_pixbuf.adb
   [Ada]          gtk-tree_model.adb
   [Ada]          gtk-tree_drag_source.adb
   [Ada]          gtk-enums.adb
   [Ada]          gtk-overlay.adb
   [Ada]          gdk-frame_timings.adb
   [Ada]          gtk-tree_selection.adb
   [Ada]          gtk-action_group.adb
   [Ada]          gtk-cell_renderer_combo.adb
   [Ada]          gtk-stock.adb
   [Ada]          gtk-status_bar.adb
   [Ada]          gtk-file_chooser_dialog.adb
   [Ada]          gtk-gesture_drag.adb
   [Ada]          gtk-accel_group.adb
   [Ada]          gtk-cell_renderer_toggle.adb
   [Ada]          gtk-scrolled_window.adb
   [Ada]          gtk-radio_menu_item.adb
   [Ada]          gtk-tool_palette.adb
   [Ada]          glib-menu_model.adb
   [Ada]          gtk-stack_switcher.adb
   [Ada]          gtk-print_operation_preview.adb
   [Ada]          pango-font.adb
   [Ada]          gtk-cell_editable.adb
   [Ada]          gtk-recent_chooser_dialog.adb
   [Ada]          gtk-menu_item.adb
   [Ada]          gtk-tool_shell.adb
   [Ada]          gtk-target_entry.adb
   [Ada]          gtk-settings.adb
   [Ada]          pango-layout.adb
   [Ada]          gtk-css_section.adb
   [Ada]          gtk-search_bar.adb
   [Ada]          gtk-invisible.adb
   [Ada]          gdk-device.adb
   [Ada]          gtk-icon_factory.adb
   [Ada]          gtk-gesture_multi_press.adb
   [Ada]          glib-cancellable.adb
   [Ada]          gtk-check_menu_item.adb
   [Ada]          gtk-gesture_single.adb
   [C]            misc.c
   [C]            misc_generated.c
Build Libraries
   [gprlib]       gtkada.lexch
   [archive]      libgtkada.a
   [index]        libgtkada.a
====== Building static-pic libraries =====
/usr/bin/gprbuild  -j0 -m -p  -XLIBRARY_TYPE=static-pic -Psrc/gtkada.gpr
Setup
   [mkdir]        object directory for project GtkAda
   [mkdir]        library directory for project GtkAda
Compile
   [Ada]          gdk-types-keysyms.ads
   [Ada]          glib-types.adb
   [Ada]          gtkada.ads
   [Ada]          gdk-threads.ads
   [Ada]          gtk-handlers.adb
   [Ada]          glib-graphs-layouts.adb
   [Ada]          gdk-color.adb
   [Ada]          glib-graphs.adb
   [Ada]          gtkada-c.adb
   [Ada]          glib-convert.adb
   [Ada]          glib-key_file.adb
   [Ada]          gtkada-types.adb
   [Ada]          gdk-pixbuf.adb
   [Ada]          gtkada-canvas_view-objects.adb
   [Ada]          cairo-font_options.adb
   [Ada]          gdk-keyval.adb
   [Ada]          cairo-matrix.ads
   [Ada]          cairo-image_surface.adb
   [Ada]          gtkada-bindings.adb
   [Ada]          gdk-types.ads
   [Ada]          gtk.ads
   [Ada]          gdk-rectangle.adb
   [Ada]          gtkada-style.adb
   [Ada]          gdk.ads
   [Ada]          glib-properties-creation.adb
   [Ada]          gtk-marshallers.adb
   [Ada]          gtkada-canvas_view-models.adb
   [Ada]          gtkada-intl.adb
   [Ada]          gtkada-canvas_view.adb
   [Ada]          glib-gslist.adb
   [Ada]          gtk-type_conversion.adb
   [Ada]          glib-messages.adb
   [Ada]          cairo-surface.adb
   [Ada]          glib-properties.adb
   [Ada]          cairo-region.adb
   [Ada]          glib-type_conversion_hooks.adb
   [Ada]          gtkada-canvas.adb
   [Ada]          gdk-property.adb
   [Ada]          cairo.adb
   [Ada]          gtk-arguments.adb
   [Ada]          gtkada-abstract_tree_model.adb
   [Ada]          cairo-scaled_font.ads
   [Ada]          gdk-dnd.adb
   [Ada]          gtkada-pixmaps.ads
   [Ada]          gtkada-abstract_list_model.adb
   [Ada]          glib-enums.ads
   [Ada]          gtkada-printing.adb
   [Ada]          glib-xml.adb
   [Ada]          cairo-pdf.adb
   [Ada]          glib.adb
   [Ada]          cairo-font_face.ads
   [Ada]          gtk-dnd.adb
   [Ada]          gtkada-canvas_view-rtrees.adb
   [Ada]          pango.ads
   [Ada]          fontconfig.adb
   [Ada]          gdk-window_attr.adb
   [Ada]          glib-module.adb
   [Ada]          gtkada-handlers.ads
   [Ada]          gdk-visual.adb
   [Ada]          gtk-rc.adb
   [Ada]          gtkada-canvas_view-models-layers.adb
   [Ada]          cairo-pattern.ads
   [Ada]          glib-gnodes.adb
   [Ada]          gtk-text_child.adb
   [Ada]          gdk-input.ads
   [Ada]          glib-xml_int.ads
   [Ada]          gdk-cairo.adb
   [Ada]          glib-object.adb
   [Ada]          glib-glist.adb
   [Ada]          gtkada-canvas_view-links.adb
   [Ada]          gtk-bindings.adb
   [Ada]          glib-values.adb
   [Ada]          cairo-png.adb
   [Ada]          gtkada-canvas_view-astar.adb
   [Ada]          gtkada-application.adb
   [Ada]          pango-cairo.adb
   [Ada]          gdk-display_manager.adb
   [Ada]          gtkada-multi_paned.adb
   [Ada]          gtkada-file_selection.adb
   [Ada]          gtk-tree_model-utils.adb
   [Ada]          cairo-svg.adb
   [Ada]          glib-error.adb
   [Ada]          glib-unicode.adb
   [Ada]          gdk-main.adb
   [Ada]          gtkada-canvas_view-views.adb
   [Ada]          gtkada-builder.adb
   [Ada]          gtkada-mdi.adb
   [Ada]          glib-generic_properties.adb
   [Ada]          glib-main.adb
   [Ada]          gtkada-multiline_entry.adb
   [Ada]          gtkada-dialogs.adb
   [Ada]          gtk-tree_row_reference.adb
   [Ada]          gtk-recent_action.adb
   [Ada]          gtk-font_chooser_dialog.adb
   [Ada]          pango-font_family.adb
   [Ada]          glib-spawn.adb
   [Ada]          gtk-tool_item_group.adb
   [Ada]          gtk-font_selection.adb
   [Ada]          gtk-cell_view.adb
   [Ada]          gtk-notebook.adb
   [Ada]          gtk-orientable.adb
   [Ada]          gtk-clipboard.adb
   [Ada]          gtk-toggle_tool_button.adb
   [Ada]          gtk-gesture_pan.adb
   [Ada]          gtk-action_bar.adb
   [Ada]          gtk-spinner.adb
   [Ada]          gtk-bin.adb
   [Ada]          gtk-radio_action.adb
   [Ada]          gtk-text_view.adb
   [Ada]          gdk-device_manager.adb
   [Ada]          gtk-message_dialog.adb
   [Ada]          gtk-gesture_rotate.adb
   [Ada]          gtk-toolbar.adb
   [Ada]          gtk-cell_area_context.adb
   [Ada]          gtk-page_setup.adb
   [Ada]          gtk-offscreen_window.adb
   [Ada]          pango-enums.adb
   [Ada]          gtk-button.adb
   [Ada]          gtk-cell_renderer_spin.adb
   [Ada]          gtk-menu_tool_button.adb
   [Ada]          gtk-label.adb
   [Ada]          gtk-calendar.adb
   [Ada]          gtk-dialog.adb
   [Ada]          gtk-vbutton_box.adb
   [Ada]          gtk-scrollable.adb
   [Ada]          gtk-im_multi_context.adb
   [Ada]          pango-tabs.adb
   [Ada]          gtk-font_chooser_widget.adb
   [Ada]          gtk-layout.adb
   [Ada]          gtk-flow_box_child.adb
   [Ada]          gtk-application_window.adb
   [Ada]          gtk-link_button.adb
   [Ada]          gtk-event_controller.adb
   [Ada]          gtk-info_bar.adb
   [Ada]          gtk-frame.adb
   [Ada]          gtk-fixed.adb
   [Ada]          glib-g_icon.adb
   [Ada]          glib-application.adb
   [Ada]          gtk-image.adb
   [Ada]          gtk-text_iter.adb
   [Ada]          glib-action.adb
   [Ada]          gtk-color_chooser.adb
   [Ada]          gtk-icon_set.adb
   [Ada]          gtk-status_icon.adb
   [Ada]          pango-language.adb
   [Ada]          gtk-style_properties.adb
   [Ada]          gtk-builder.adb
   [Ada]          gtk-separator.adb
   [Ada]          gtk-entry_buffer.adb
   [Ada]          gtk-gesture_zoom.adb
   [Ada]          gtk-icon_theme.adb
   [Ada]          gtk-font_chooser.adb
   [Ada]          gtk-scrollbar.adb
   [Ada]          gtk-separator_menu_item.adb
   [Ada]          gtk-gesture.adb
   [Ada]          pango-font_face.adb
   [Ada]          gtk-actionable.adb
   [Ada]          glib-simple_action.adb
   [Ada]          gtk-hsv.adb
   [Ada]          gtk-menu_button.adb
   [Ada]          gtk-search_entry.adb
   [Ada]          gtk-style.adb
   [Ada]          gtk-misc.adb
   [Ada]          glib-iochannel.adb
   [Ada]          gtk-assistant.adb
   [Ada]          gtk-symbolic_color.adb
   [Ada]          gtk-popover.adb
   [Ada]          gtk-selection_data.adb
   [Ada]          gtk-paper_size.adb
   [Ada]          gtk-tool_item.adb
   [Ada]          gtk-cell_layout.adb
   [Ada]          gdk-display.adb
   [Ada]          gtk-grid.adb
   [Ada]          gtk-text_attributes.adb
   [Ada]          gtk-font_button.adb
   [Ada]          pango-fontset.adb
   [Ada]          gtk-ui_manager.adb
   [Ada]          pango-matrix.adb
   [Ada]          glib-menu.adb
   [Ada]          gtk-progress_bar.adb
   [Ada]          glib-string.adb
   [Ada]          gtk-radio_tool_button.adb
   [Ada]          gtk-cell_renderer_progress.adb
   [Ada]          gtk-tree_model_sort.adb
   [Ada]          gtk-buildable.adb
   [Ada]          gtk-separator_tool_item.adb
   [Ada]          gtk-flow_box.adb
   [Ada]          gtk-accel_map.adb
   [Ada]          gdk-frame_clock.adb
   [Ada]          gtk-im_context.adb
   [Ada]          gtk-grange.adb
   [Ada]          glib-action_group.adb
   [Ada]          gtk-list_store.adb
   [Ada]          gtk-entry_completion.adb
   [Ada]          gtk-print_settings.adb
   [Ada]          gtk-tree_model_filter.adb
   [Ada]          gtk-accel_label.adb
   [Ada]          pango-font_metrics.adb
   [Ada]          gtk-editable.adb
   [Ada]          gtk-tree_store.adb
   [Ada]          pango-context.adb
   [Ada]          gtk-combo_box_text.adb
   [Ada]          gdk-window.adb
   [Ada]          gtk-scale.adb
   [Ada]          gtk-tearoff_menu_item.adb
   [Ada]          gtk-toggle_button.adb
   [Ada]          gtk-target_list.adb
   [Ada]          gtk-size_group.adb
   [Ada]          gtk-application.adb
   [Ada]          gtk-menu_shell.adb
   [Ada]          gtk-activatable.adb
   [Ada]          gtk-button_box.adb
   [Ada]          gtk-box.adb
   [Ada]          glib-utils.adb
   [Ada]          gtk-icon_source.adb
   [Ada]          gtk-event_box.adb
   [Ada]          gtk-check_button.adb
   [Ada]          gtk-tool_button.adb
   [Ada]          glib-option.adb
   [Ada]          gtk-action.adb
   [Ada]          gtk-color_selection_dialog.adb
   [Ada]          gtk-gradient.adb
   [Ada]          gtk-text_tag.adb
   [Ada]          gtk-stack.adb
   [Ada]          gtk-print_operation.adb
   [Ada]          glib-variant.adb
   [Ada]          gtk-menu.adb
   [Ada]          gtk-gentry.adb
   [Ada]          gtk-hbutton_box.adb
   [Ada]          glib-simple_action_group.adb
   [Ada]          gtk-main.adb
   [Ada]          glib-action_map.adb
   [Ada]          gtk-combo_box.adb
   [Ada]          gdk-event.adb
   [Ada]          gtk-tree_drag_dest.adb
   [Ada]          gtk-file_chooser_widget.adb
   [Ada]          gtk-volume_button.adb
   [Ada]          gtk-icon_view.adb
   [Ada]          gtk-cell_renderer_text.adb
   [Ada]          gdk-rgba.adb
   [Ada]          gtk-paned.adb
   [Ada]          gtk-radio_button.adb
   [Ada]          gtk-color_button.adb
   [Ada]          gtk-about_dialog.adb
   [Ada]          gtk-scale_button.adb
   [Ada]          gdk-screen.adb
   [Ada]          gtk-spin_button.adb
   [Ada]          gtk-tooltip.adb
   [Ada]          gtk-binding_set.adb
   [Ada]          gtk-window.adb
   [Ada]          gtk-cell_area.adb
   [Ada]          glib-poll.adb
   [Ada]          gtk-print_context.adb
   [Ada]          gtk-table.adb
   [Ada]          gtk-aspect_frame.adb
   [Ada]          gtk-theming_engine.adb
   [Ada]          gtk-revealer.adb
   [Ada]          gtk-cell_renderer_spinner.adb
   [Ada]          gtk-list_box_row.adb
   [Ada]          gtk-widget.adb
   [Ada]          gtk-css_provider.adb
   [Ada]          gtk-drawing_area.adb
   [Ada]          gtk-color_chooser_widget.adb
   [Ada]          gtk-toggle_action.adb
   [Ada]          gtk-gesture_long_press.adb
   [Ada]          gtk-style_context.adb
   [Ada]          gtk-image_menu_item.adb
   [Ada]          gtk-text_tag_table.adb
   [Ada]          gtk-container.adb
   [Ada]          gtk-recent_chooser.adb
   [Ada]          gtk-text_child_anchor.adb
   [Ada]          gtk-tree_view_column.adb
   [Ada]          gtk-tree_sortable.adb
   [Ada]          gtk-recent_filter.adb
   [Ada]          gtk-tree_view.adb
   [Ada]          gdk-drag_contexts.adb
   [Ada]          gtk-adjustment.adb
   [Ada]          gtk-list_box.adb
   [Ada]          gtk-expander.adb
   [Ada]          gtk-text_buffer.adb
   [Ada]          gtk-recent_chooser_menu.adb
   [Ada]          gtk-gesture_swipe.adb
   [Ada]          gtk-menu_bar.adb
   [Ada]          gtk-switch.adb
   [Ada]          gtk-handle_box.adb
   [Ada]          gtk-viewport.adb
   [Ada]          gtk-header_bar.adb
   [Ada]          pango-font_map.adb
   [Ada]          gtk-cell_renderer_accel.adb
   [Ada]          gtk-recent_chooser_widget.adb
   [Ada]          glib-notification.adb
   [Ada]          gdk-cursor.adb
   [Ada]          gtk-color_chooser_dialog.adb
   [Ada]          gtk-file_chooser_button.adb
   [Ada]          pango-coverage.adb
   [Ada]          gtk-recent_info.adb
   [Ada]          gtk-level_bar.adb
   [Ada]          gtk-alignment.adb
   [Ada]          gtk-font_selection_dialog.adb
   [Ada]          gtk-arrow.adb
   [Ada]          gtk-style_provider.adb
   [Ada]          pango-attributes.adb
   [Ada]          gtk-im_context_simple.adb
   [Ada]          gtk-color_selection.adb
   [Ada]          gtk-recent_manager.adb
   [Ada]          gtk-cell_area_box.adb
   [Ada]          gtk-file_chooser.adb
   [Ada]          gtk-file_filter.adb
   [Ada]          gtk-cell_renderer.adb
   [Ada]          gtk-text_mark.adb
   [Ada]          gtk-cell_renderer_pixbuf.adb
   [Ada]          gtk-tree_model.adb
   [Ada]          gtk-tree_drag_source.adb
   [Ada]          gtk-enums.adb
   [Ada]          gtk-overlay.adb
   [Ada]          gdk-frame_timings.adb
   [Ada]          gtk-tree_selection.adb
   [Ada]          gtk-action_group.adb
   [Ada]          gtk-cell_renderer_combo.adb
   [Ada]          gtk-stock.adb
   [Ada]          gtk-status_bar.adb
   [Ada]          gtk-file_chooser_dialog.adb
   [Ada]          gtk-gesture_drag.adb
   [Ada]          gtk-accel_group.adb
   [Ada]          gtk-cell_renderer_toggle.adb
   [Ada]          gtk-scrolled_window.adb
   [Ada]          gtk-radio_menu_item.adb
   [Ada]          gtk-tool_palette.adb
   [Ada]          glib-menu_model.adb
   [Ada]          gtk-stack_switcher.adb
   [Ada]          gtk-print_operation_preview.adb
   [Ada]          pango-font.adb
   [Ada]          gtk-cell_editable.adb
   [Ada]          gtk-recent_chooser_dialog.adb
   [Ada]          gtk-menu_item.adb
   [Ada]          gtk-tool_shell.adb
   [Ada]          gtk-target_entry.adb
   [Ada]          gtk-settings.adb
   [Ada]          pango-layout.adb
   [Ada]          gtk-css_section.adb
   [Ada]          gtk-search_bar.adb
   [Ada]          gtk-invisible.adb
   [Ada]          gdk-device.adb
   [Ada]          gtk-icon_factory.adb
   [Ada]          gtk-gesture_multi_press.adb
   [Ada]          glib-cancellable.adb
   [Ada]          gtk-check_menu_item.adb
   [Ada]          gtk-gesture_single.adb
   [C]            misc.c
   [C]            misc_generated.c
Build Libraries
   [gprlib]       gtkada.lexch
   [archive]      libgtkada.a
   [index]        libgtkada.a
====== Building relocatable libraries =====
/usr/bin/gprbuild  -j0 -m -p  -XLIBRARY_TYPE=relocatable -Psrc/gtkada.gpr
Build Libraries
   [gprlib]       gtkada.lexch
   [link library] libgtkada.so
====== Building tools =====
/usr/bin/gprbuild  -j0 -m -p  -XLIBRARY_TYPE=static -Psrc/tools/tools.gpr
Setup
   [mkdir]        object directory for project Tools
Compile
   [Ada]          gdialog.adb
   [Ada]          gdk-types-keysyms.ads
   [Ada]          glib-types.adb
   [Ada]          gtkada.ads
   [Ada]          gdk-threads.ads
   [Ada]          gtk-handlers.adb
   [Ada]          glib-graphs-layouts.adb
   [Ada]          gdk-color.adb
   [Ada]          glib-graphs.adb
   [Ada]          gtkada-c.adb
   [Ada]          glib-convert.adb
   [Ada]          glib-key_file.adb
   [Ada]          gtkada-types.adb
   [Ada]          gdk-pixbuf.adb
   [Ada]          gtkada-canvas_view-objects.adb
   [Ada]          cairo-font_options.adb
   [Ada]          gdk-keyval.adb
   [Ada]          cairo-matrix.ads
   [Ada]          cairo-image_surface.adb
   [Ada]          gtkada-bindings.adb
   [Ada]          gdk-types.ads
   [Ada]          gtk.ads
   [Ada]          gdk-rectangle.adb
   [Ada]          gtkada-style.adb
   [Ada]          gdk.ads
   [Ada]          glib-properties-creation.adb
   [Ada]          gtk-marshallers.adb
   [Ada]          gtkada-canvas_view-models.adb
   [Ada]          gtkada-intl.adb
   [Ada]          gtkada-canvas_view.adb
   [Ada]          glib-gslist.adb
   [Ada]          gtk-type_conversion.adb
   [Ada]          glib-messages.adb
   [Ada]          cairo-surface.adb
   [Ada]          glib-properties.adb
   [Ada]          cairo-region.adb
   [Ada]          glib-type_conversion_hooks.adb
   [Ada]          gtkada-canvas.adb
   [Ada]          gdk-property.adb
   [Ada]          cairo.adb
   [Ada]          gtk-arguments.adb
   [Ada]          gtkada-abstract_tree_model.adb
   [Ada]          cairo-scaled_font.ads
   [Ada]          gdk-dnd.adb
   [Ada]          gtkada-pixmaps.ads
   [Ada]          gtkada-abstract_list_model.adb
   [Ada]          glib-enums.ads
   [Ada]          gtkada-printing.adb
   [Ada]          glib-xml.adb
   [Ada]          cairo-pdf.adb
   [Ada]          glib.adb
   [Ada]          cairo-font_face.ads
   [Ada]          gtk-dnd.adb
   [Ada]          gtkada-canvas_view-rtrees.adb
   [Ada]          pango.ads
   [Ada]          fontconfig.adb
   [Ada]          gdk-window_attr.adb
   [Ada]          glib-module.adb
   [Ada]          gtkada-handlers.ads
   [Ada]          gdk-visual.adb
   [Ada]          gtk-rc.adb
   [Ada]          gtkada-canvas_view-models-layers.adb
   [Ada]          cairo-pattern.ads
   [Ada]          glib-gnodes.adb
   [Ada]          gtk-text_child.adb
   [Ada]          gdk-input.ads
   [Ada]          glib-xml_int.ads
   [Ada]          gdk-cairo.adb
   [Ada]          glib-object.adb
   [Ada]          glib-glist.adb
   [Ada]          gtkada-canvas_view-links.adb
   [Ada]          gtk-bindings.adb
   [Ada]          glib-values.adb
   [Ada]          cairo-png.adb
   [Ada]          gtkada-canvas_view-astar.adb
   [Ada]          gtkada-application.adb
   [Ada]          pango-cairo.adb
   [Ada]          gdk-display_manager.adb
   [Ada]          gtkada-multi_paned.adb
   [Ada]          gtkada-file_selection.adb
   [Ada]          gtk-tree_model-utils.adb
   [Ada]          cairo-svg.adb
   [Ada]          glib-error.adb
   [Ada]          glib-unicode.adb
   [Ada]          gdk-main.adb
   [Ada]          gtkada-canvas_view-views.adb
   [Ada]          gtkada-builder.adb
   [Ada]          gtkada-mdi.adb
   [Ada]          glib-generic_properties.adb
   [Ada]          glib-main.adb
   [Ada]          gtkada-multiline_entry.adb
   [Ada]          gtkada-dialogs.adb
   [Ada]          gtk-tree_row_reference.adb
   [Ada]          gtk-recent_action.adb
   [Ada]          gtk-font_chooser_dialog.adb
   [Ada]          pango-font_family.adb
   [Ada]          glib-spawn.adb
   [Ada]          gtk-tool_item_group.adb
   [Ada]          gtk-font_selection.adb
   [Ada]          gtk-cell_view.adb
   [Ada]          gtk-notebook.adb
   [Ada]          gtk-orientable.adb
   [Ada]          gtk-clipboard.adb
   [Ada]          gtk-toggle_tool_button.adb
   [Ada]          gtk-gesture_pan.adb
   [Ada]          gtk-action_bar.adb
   [Ada]          gtk-spinner.adb
   [Ada]          gtk-bin.adb
   [Ada]          gtk-radio_action.adb
   [Ada]          gtk-text_view.adb
   [Ada]          gdk-device_manager.adb
   [Ada]          gtk-message_dialog.adb
   [Ada]          gtk-gesture_rotate.adb
   [Ada]          gtk-toolbar.adb
   [Ada]          gtk-cell_area_context.adb
   [Ada]          gtk-page_setup.adb
   [Ada]          gtk-offscreen_window.adb
   [Ada]          pango-enums.adb
   [Ada]          gtk-button.adb
   [Ada]          gtk-cell_renderer_spin.adb
   [Ada]          gtk-menu_tool_button.adb
   [Ada]          gtk-label.adb
   [Ada]          gtk-calendar.adb
   [Ada]          gtk-dialog.adb
   [Ada]          gtk-vbutton_box.adb
   [Ada]          gtk-scrollable.adb
   [Ada]          gtk-im_multi_context.adb
   [Ada]          pango-tabs.adb
   [Ada]          gtk-font_chooser_widget.adb
   [Ada]          gtk-layout.adb
   [Ada]          gtk-flow_box_child.adb
   [Ada]          gtk-application_window.adb
   [Ada]          gtk-link_button.adb
   [Ada]          gtk-event_controller.adb
   [Ada]          gtk-info_bar.adb
   [Ada]          gtk-frame.adb
   [Ada]          gtk-fixed.adb
   [Ada]          glib-g_icon.adb
   [Ada]          glib-application.adb
   [Ada]          gtk-image.adb
   [Ada]          gtk-text_iter.adb
   [Ada]          glib-action.adb
   [Ada]          gtk-color_chooser.adb
   [Ada]          gtk-icon_set.adb
   [Ada]          gtk-status_icon.adb
   [Ada]          pango-language.adb
   [Ada]          gtk-style_properties.adb
   [Ada]          gtk-builder.adb
   [Ada]          gtk-separator.adb
   [Ada]          gtk-entry_buffer.adb
   [Ada]          gtk-gesture_zoom.adb
   [Ada]          gtk-icon_theme.adb
   [Ada]          gtk-font_chooser.adb
   [Ada]          gtk-scrollbar.adb
   [Ada]          gtk-separator_menu_item.adb
   [Ada]          gtk-gesture.adb
   [Ada]          pango-font_face.adb
   [Ada]          gtk-actionable.adb
   [Ada]          glib-simple_action.adb
   [Ada]          gtk-hsv.adb
   [Ada]          gtk-menu_button.adb
   [Ada]          gtk-search_entry.adb
   [Ada]          gtk-style.adb
   [Ada]          gtk-misc.adb
   [Ada]          glib-iochannel.adb
   [Ada]          gtk-assistant.adb
   [Ada]          gtk-symbolic_color.adb
   [Ada]          gtk-popover.adb
   [Ada]          gtk-selection_data.adb
   [Ada]          gtk-paper_size.adb
   [Ada]          gtk-tool_item.adb
   [Ada]          gtk-cell_layout.adb
   [Ada]          gdk-display.adb
   [Ada]          gtk-grid.adb
   [Ada]          gtk-text_attributes.adb
   [Ada]          gtk-font_button.adb
   [Ada]          pango-fontset.adb
   [Ada]          gtk-ui_manager.adb
   [Ada]          pango-matrix.adb
   [Ada]          glib-menu.adb
   [Ada]          gtk-progress_bar.adb
   [Ada]          glib-string.adb
   [Ada]          gtk-radio_tool_button.adb
   [Ada]          gtk-cell_renderer_progress.adb
   [Ada]          gtk-tree_model_sort.adb
   [Ada]          gtk-buildable.adb
   [Ada]          gtk-separator_tool_item.adb
   [Ada]          gtk-flow_box.adb
   [Ada]          gtk-accel_map.adb
   [Ada]          gdk-frame_clock.adb
   [Ada]          gtk-im_context.adb
   [Ada]          gtk-grange.adb
   [Ada]          glib-action_group.adb
   [Ada]          gtk-list_store.adb
   [Ada]          gtk-entry_completion.adb
   [Ada]          gtk-print_settings.adb
   [Ada]          gtk-tree_model_filter.adb
   [Ada]          gtk-accel_label.adb
   [Ada]          pango-font_metrics.adb
   [Ada]          gtk-editable.adb
   [Ada]          gtk-tree_store.adb
   [Ada]          pango-context.adb
   [Ada]          gtk-combo_box_text.adb
   [Ada]          gdk-window.adb
   [Ada]          gtk-scale.adb
   [Ada]          gtk-tearoff_menu_item.adb
   [Ada]          gtk-toggle_button.adb
   [Ada]          gtk-target_list.adb
   [Ada]          gtk-size_group.adb
   [Ada]          gtk-application.adb
   [Ada]          gtk-menu_shell.adb
   [Ada]          gtk-activatable.adb
   [Ada]          gtk-button_box.adb
   [Ada]          gtk-box.adb
   [Ada]          glib-utils.adb
   [Ada]          gtk-icon_source.adb
   [Ada]          gtk-event_box.adb
   [Ada]          gtk-check_button.adb
   [Ada]          gtk-tool_button.adb
   [Ada]          glib-option.adb
   [Ada]          gtk-action.adb
   [Ada]          gtk-color_selection_dialog.adb
   [Ada]          gtk-gradient.adb
   [Ada]          gtk-text_tag.adb
   [Ada]          gtk-stack.adb
   [Ada]          gtk-print_operation.adb
   [Ada]          glib-variant.adb
   [Ada]          gtk-menu.adb
   [Ada]          gtk-gentry.adb
   [Ada]          gtk-hbutton_box.adb
   [Ada]          glib-simple_action_group.adb
   [Ada]          gtk-main.adb
   [Ada]          glib-action_map.adb
   [Ada]          gtk-combo_box.adb
   [Ada]          gdk-event.adb
   [Ada]          gtk-tree_drag_dest.adb
   [Ada]          gtk-file_chooser_widget.adb
   [Ada]          gtk-volume_button.adb
   [Ada]          gtk-icon_view.adb
   [Ada]          gtk-cell_renderer_text.adb
   [Ada]          gdk-rgba.adb
   [Ada]          gtk-paned.adb
   [Ada]          gtk-radio_button.adb
   [Ada]          gtk-color_button.adb
   [Ada]          gtk-about_dialog.adb
   [Ada]          gtk-scale_button.adb
   [Ada]          gdk-screen.adb
   [Ada]          gtk-spin_button.adb
   [Ada]          gtk-tooltip.adb
   [Ada]          gtk-binding_set.adb
   [Ada]          gtk-window.adb
   [Ada]          gtk-cell_area.adb
   [Ada]          glib-poll.adb
   [Ada]          gtk-print_context.adb
   [Ada]          gtk-table.adb
   [Ada]          gtk-aspect_frame.adb
   [Ada]          gtk-theming_engine.adb
   [Ada]          gtk-revealer.adb
   [Ada]          gtk-cell_renderer_spinner.adb
   [Ada]          gtk-list_box_row.adb
   [Ada]          gtk-widget.adb
   [Ada]          gtk-css_provider.adb
   [Ada]          gtk-drawing_area.adb
   [Ada]          gtk-color_chooser_widget.adb
   [Ada]          gtk-toggle_action.adb
   [Ada]          gtk-gesture_long_press.adb
   [Ada]          gtk-style_context.adb
   [Ada]          gtk-image_menu_item.adb
   [Ada]          gtk-text_tag_table.adb
   [Ada]          gtk-container.adb
   [Ada]          gtk-recent_chooser.adb
   [Ada]          gtk-text_child_anchor.adb
   [Ada]          gtk-tree_view_column.adb
   [Ada]          gtk-tree_sortable.adb
   [Ada]          gtk-recent_filter.adb
   [Ada]          gtk-tree_view.adb
   [Ada]          gdk-drag_contexts.adb
   [Ada]          gtk-adjustment.adb
   [Ada]          gtk-list_box.adb
   [Ada]          gtk-expander.adb
   [Ada]          gtk-text_buffer.adb
   [Ada]          gtk-recent_chooser_menu.adb
   [Ada]          gtk-gesture_swipe.adb
   [Ada]          gtk-menu_bar.adb
   [Ada]          gtk-switch.adb
   [Ada]          gtk-handle_box.adb
   [Ada]          gtk-viewport.adb
   [Ada]          gtk-header_bar.adb
   [Ada]          pango-font_map.adb
   [Ada]          gtk-cell_renderer_accel.adb
   [Ada]          gtk-recent_chooser_widget.adb
   [Ada]          glib-notification.adb
   [Ada]          gdk-cursor.adb
   [Ada]          gtk-color_chooser_dialog.adb
   [Ada]          gtk-file_chooser_button.adb
   [Ada]          pango-coverage.adb
   [Ada]          gtk-recent_info.adb
   [Ada]          gtk-level_bar.adb
   [Ada]          gtk-alignment.adb
   [Ada]          gtk-font_selection_dialog.adb
   [Ada]          gtk-arrow.adb
   [Ada]          gtk-style_provider.adb
   [Ada]          pango-attributes.adb
   [Ada]          gtk-im_context_simple.adb
   [Ada]          gtk-color_selection.adb
   [Ada]          gtk-recent_manager.adb
   [Ada]          gtk-cell_area_box.adb
   [Ada]          gtk-file_chooser.adb
   [Ada]          gtk-file_filter.adb
   [Ada]          gtk-cell_renderer.adb
   [Ada]          gtk-text_mark.adb
   [Ada]          gtk-cell_renderer_pixbuf.adb
   [Ada]          gtk-tree_model.adb
   [Ada]          gtk-tree_drag_source.adb
   [Ada]          gtk-enums.adb
   [Ada]          gtk-overlay.adb
   [Ada]          gdk-frame_timings.adb
   [Ada]          gtk-tree_selection.adb
   [Ada]          gtk-action_group.adb
   [Ada]          gtk-cell_renderer_combo.adb
   [Ada]          gtk-stock.adb
   [Ada]          gtk-status_bar.adb
   [Ada]          gtk-file_chooser_dialog.adb
   [Ada]          gtk-gesture_drag.adb
   [Ada]          gtk-accel_group.adb
   [Ada]          gtk-cell_renderer_toggle.adb
   [Ada]          gtk-scrolled_window.adb
   [Ada]          gtk-radio_menu_item.adb
   [Ada]          gtk-tool_palette.adb
   [Ada]          glib-menu_model.adb
   [Ada]          gtk-stack_switcher.adb
   [Ada]          gtk-print_operation_preview.adb
   [Ada]          pango-font.adb
   [Ada]          gtk-cell_editable.adb
   [Ada]          gtk-recent_chooser_dialog.adb
   [Ada]          gtk-menu_item.adb
   [Ada]          gtk-tool_shell.adb
   [Ada]          gtk-target_entry.adb
   [Ada]          gtk-settings.adb
   [Ada]          pango-layout.adb
   [Ada]          gtk-css_section.adb
   [Ada]          gtk-search_bar.adb
   [Ada]          gtk-invisible.adb
   [Ada]          gdk-device.adb
   [Ada]          gtk-icon_factory.adb
   [Ada]          gtk-gesture_multi_press.adb
   [Ada]          glib-cancellable.adb
   [Ada]          gtk-check_menu_item.adb
   [Ada]          gtk-gesture_single.adb
Build Libraries
   [gprlib]       gtkada.lexch
   [archive]      libgtkada.a
   [index]        libgtkada.a
Bind
   [gprbind]      gdialog.bexch
   [Ada]          gdialog.ali
Link
   [link]         gdialog.adb
gnatprep -r -c -DHAVE_GL=False -DWIN32=False testgtk/opengl/view_gl.gpb testgtk/opengl/view_gl.adb
====== Building tests =====
cd testgtk; /usr/bin/gprbuild  -j0 -m -p  -XLIBRARY_TYPE=static -Ptestgtk.gpr -aP ../src
Setup
   [mkdir]        object directory for project GtkAda_GL
   [mkdir]        library directory for project GtkAda_GL
Compile
   [Ada]          testgtk.adb
   [Ada]          test_rtree.adb
   [Ada]          gtk-glarea.ads
   [Ada]          global_exception_handler.adb
   [Ada]          main_windows.adb
   [Ada]          common.adb
   [Ada]          create_about.adb
   [Ada]          create_alignment.adb
   [Ada]          create_application.adb
   [Ada]          create_arrow.adb
   [Ada]          create_assistant.adb
   [Ada]          create_box.adb
   [Ada]          create_builder.adb
   [Ada]          create_button_box.adb
   [Ada]          create_buttons.adb
   [Ada]          create_cairo.adb
   [Ada]          create_calendar.adb
   [Ada]          create_canvas.adb
   [Ada]          create_canvas_view_animate.adb
   [Ada]          create_canvas_view_composite.adb
   [Ada]          create_canvas_view_edit.adb
   [Ada]          create_canvas_view_events.adb
   [Ada]          create_canvas_view_items.adb
   [Ada]          create_canvas_view_links.adb
   [Ada]          create_canvas_view_minimap.adb
   [Ada]          create_canvas_view_routes.adb
   [Ada]          create_canvas_view_rtrees.adb
   [Ada]          create_cell_view.adb
   [Ada]          create_check_buttons.adb
   [Ada]          create_clipboard.adb
   [Ada]          create_color_chooser.adb
   [Ada]          create_color_selection.adb
   [Ada]          create_combo_box.adb
   [Ada]          create_css_accordion.adb
   [Ada]          create_css_editor.adb
   [Ada]          create_cursors.adb
   [Ada]          create_dialog.adb
   [Ada]          create_dnd.adb
   [Ada]          create_entry.adb
   [Ada]          create_file_chooser.adb
   [Ada]          create_file_selection.adb
   [Ada]          create_fixed.adb
   [Ada]          create_flow_box.adb
   [Ada]          create_font_chooser.adb
   [Ada]          create_font_selection.adb
   [Ada]          create_frame.adb
   [Ada]          create_gestures.adb
   [Ada]          create_gtkada_builder.adb
   [Ada]          create_gtkada_dialog.adb
   [Ada]          create_icon_view.adb
   [Ada]          create_label.adb
   [Ada]          create_layout.adb
   [Ada]          create_link_buttons.adb
   [Ada]          create_main_loop.adb
   [Ada]          create_mdi.adb
   [Ada]          create_menu.adb
   [Ada]          create_notebook.adb
   [Ada]          create_opacity.adb
   [Ada]          create_paned.adb
   [Ada]          create_pixbuf.adb
   [Ada]          create_print.adb
   [Ada]          create_progress.adb
   [Ada]          create_radio_button.adb
   [Ada]          create_range.adb
   [Ada]          create_reparent.adb
   [Ada]          create_revealer.adb
   [Ada]          create_scrolled.adb
   [Ada]          create_selection.adb
   [Ada]          create_size_groups.adb
   [Ada]          create_sources.adb
   [Ada]          create_spin.adb
   [Ada]          create_spinners.adb
   [Ada]          create_splittable.adb
   [Ada]          create_stack.adb
   [Ada]          create_status.adb
   [Ada]          create_status_icons.adb
   [Ada]          create_task_monitor.adb
   [Ada]          create_test_idle.adb
   [Ada]          create_test_timeout.adb
   [Ada]          create_text_view.adb
   [Ada]          create_toggle_buttons.adb
   [Ada]          create_toolbar.adb
   [Ada]          create_tooltips.adb
   [Ada]          create_tree_filter.adb
   [Ada]          create_tree_view.adb
   [Ada]          create_ui_manager.adb
   [Ada]          libart_demo.adb
   [Ada]          view_gl.adb
   [Ada]          testcairo_drawing.adb
   [Ada]          task_worker.adb
Build Libraries
   [gprlib]       gtkada_gl.lexch
   [archive]      libgtkada_gl.a
   [index]        libgtkada_gl.a
Bind
   [gprbind]      testgtk.bexch
   [gprbind]      test_rtree.bexch
   [Ada]          testgtk.ali
   [Ada]          test_rtree.ali
Link
   [link]         testgtk.adb
   [link]         test_rtree.adb
/usr/bin/gprinstall  -p -f --project-subdir=lib/gnat --build-var=GTKADA_BUILD,LIBRARY_TYPE --install-name=gtkada --prefix=install_dir -XGTK_PREFIX=install_dir -XLIBRARY_TYPE=static --build-name=static \
	--sources-subdir=include/gtkada/gtkada.static \
	--lib-subdir=lib/gtkada/gtkada.static \
	-Psrc/gtkada.gpr
Install project GtkAda - static
warning: file does not exist '/home/runner/work/alire-crates-ci/alire-crates-ci/test/a0f95307-aa82-477c-b622-8f75bcff4309/gtkada_21.0.0_3c1373c0/src/../docs/gtkada_ug/_build/html/*'
warning: file does not exist '/home/runner/work/alire-crates-ci/alire-crates-ci/test/a0f95307-aa82-477c-b622-8f75bcff4309/gtkada_21.0.0_3c1373c0/src/../docs/gtkada_ug/_build/latex/GtkAda.pdf'
/usr/bin/gprinstall  -p -f --project-subdir=lib/gnat --build-var=GTKADA_BUILD,LIBRARY_TYPE --install-name=gtkada --prefix=install_dir -XGTK_PREFIX=install_dir -XLIBRARY_TYPE=static-pic --build-name=static-pic \
	--sources-subdir=include/gtkada/gtkada.static-pic \
	--lib-subdir=lib/gtkada/gtkada.static-pic \
	-Psrc/gtkada.gpr
Install project GtkAda - static-pic
warning: file does not exist '/home/runner/work/alire-crates-ci/alire-crates-ci/test/a0f95307-aa82-477c-b622-8f75bcff4309/gtkada_21.0.0_3c1373c0/src/../docs/gtkada_ug/_build/html/*'
warning: file does not exist '/home/runner/work/alire-crates-ci/alire-crates-ci/test/a0f95307-aa82-477c-b622-8f75bcff4309/gtkada_21.0.0_3c1373c0/src/../docs/gtkada_ug/_build/latex/GtkAda.pdf'
/usr/bin/gprinstall  -p -f --project-subdir=lib/gnat --build-var=GTKADA_BUILD,LIBRARY_TYPE --install-name=gtkada --prefix=install_dir -XGTK_PREFIX=install_dir -XLIBRARY_TYPE=relocatable --build-name=relocatable \
	--sources-subdir=include/gtkada/gtkada.relocatable \
	--lib-subdir=lib/gtkada/gtkada.relocatable \
	-Psrc/gtkada.gpr
Install project GtkAda - relocatable
warning: file does not exist '/home/runner/work/alire-crates-ci/alire-crates-ci/test/a0f95307-aa82-477c-b622-8f75bcff4309/gtkada_21.0.0_3c1373c0/src/../docs/gtkada_ug/_build/html/*'
warning: file does not exist '/home/runner/work/alire-crates-ci/alire-crates-ci/test/a0f95307-aa82-477c-b622-8f75bcff4309/gtkada_21.0.0_3c1373c0/src/../docs/gtkada_ug/_build/latex/GtkAda.pdf'
/usr/bin/gprinstall  -p -f --project-subdir=lib/gnat --build-var=GTKADA_BUILD,LIBRARY_TYPE --install-name=gtkada --prefix=install_dir -XGTK_PREFIX=install_dir -XLIBRARY_TYPE=static \
	--mode=usage -Psrc/tools/tools.gpr
Install project Tools
cd testgtk; /usr/bin/gprinstall  -p -f --project-subdir=lib/gnat --build-var=GTKADA_BUILD,LIBRARY_TYPE --install-name=gtkada --prefix=install_dir -XGTK_PREFIX=install_dir -XLIBRARY_TYPE=static \
	--mode=usage --exec-subdir=install_dir/share/examples/gtkada/testgtk \
	-Ptestgtk.gpr -aP ../src
Install project TestGtk
-----------------------------------------------------------------------
--  GtkAda has now been installed.                                   --
--  To use the library, you may need to update LD_LIBRARY_PATH       --
--  or to run ldconfig. You may also need to update GPR_PROJECT_PATH --
--  to include                                                       --
--  install_dir/lib/gnat
-----------------------------------------------------------------------
Note: Building gtkada/install_dir/lib/gnat/gtkada.gpr...
Build finished successfully in 0.32 seconds.

gtkada=21.0.0 successfully retrieved and built.
Dependencies were solved as follows:

   + libgtk3    3.24.33 (new)
   + make       4.3.0   (new)
   + pkg_config 0.29.2  (new)
