Test ran at 2024-06-07 01:14:09.442993+00:00

SOLUTION:
agpl=1.0.0: Ada General Purpose Library with a robotics flavor
Origin: source archive v1.0.0.tar.gz at https://github.com/mosteo/agpl/archive/v1.0.0.tar.gz with hash sha512:b5da332019cb2a2f91540bfe570f8820ce9d56e93449d1839e0f2e1c4d52d9bc759ac78826887c6da038dc23bd1f7444ac04c0518d6280ae718e6ce4f9222881
Properties:
   Author: alejandro@mosteo.com
   Description: Ada General Purpose Library with a robotics flavor
   GPR Scenario: Agpl_Include_Boost := True | False
   GPR Scenario: Agpl_Include_Concorde := True | False
   GPR Scenario: Agpl_Include_Db := True | False
   GPR Scenario: Agpl_Include_PngIO := True | False
   License: LGPL-3.0-only
   Maintainer: alejandro@mosteo.com
   Maintainers_Logins: mosteo
   Name: agpl
   Version: 1.0.0
Dependencies (direct):
   libgsl*
Dependencies (external):
   libgsl* (direct,hinted)
Dependencies (graph):
   agpl=1.0.0 --> libgsl*
Dependencies cannot be met


LOG:
