Test ran at 2022-06-05 01:28:20.092337+00:00

SOLUTION:
mandelbrot_ascii=1.0.0: Mandelbrot renderer using Unicode glyphs
Origin: source archive v1.0.tar.gz at https://github.com/mosteo/mandelbrot_ascii/archive/v1.0.tar.gz with hash sha512:974d55bd22891e95195e725846538b7a78272e7f3d60196aa495939014a3a64b63230abe854f6a7e1f549ea2855849b15bd245a9888b8a6a587b77084782bb11
Properties:
   Author: David Given
   Description: Mandelbrot renderer using Unicode glyphs
   Maintainer: Alejandro R. Mosteo <alejandro@mosteo.com>
   Maintainers_Logins: mosteo
   Name: mandelbrot_ascii
   Version: 1.0.0


LOG:
Note: Deploying release mandelbrot_ascii=1.0.0...
#=#=#                                                                         
##O#-#                                                                        
##O=#  #                                                                      
Setup
   [mkdir]        object directory for project Mandelbrot_Ascii
   [mkdir]        exec directory for project Mandelbrot_Ascii
Compile
   [Ada]          mandelbrot_ascii.adb
mandelbrot_ascii.adb:51:05: warning: "width" is not modified, could be declared constant
mandelbrot_ascii.adb:52:05: warning: "height" is not modified, could be declared constant
mandelbrot_ascii.adb:53:05: warning: "xdelta" is not modified, could be declared constant
mandelbrot_ascii.adb:54:05: warning: "ydelta" is not modified, could be declared constant
Bind
   [gprbind]      mandelbrot_ascii.bexch
   [Ada]          mandelbrot_ascii.ali
Link
   [link]         mandelbrot_ascii.adb

mandelbrot_ascii=1.0.0 successfully retrieved and built.
There are no dependencies.
