Test ran at 2025-02-04 22:23:49.127876+00:00

SOLUTION:
sciada=0.4.0: Collection of Scientific Operations
Origin: commit af24740d7b5d51436497abaf2bb59398752b6ae3 from https://gitlab.com/stcarrez/ada-sci.git
Properties:
   Author: Stephane.Carrez@gmail.com
   Configuration: no modifiers
   Description: Collection of Scientific Operations
   GPR Scenario: SCIADA_BUILD := distrib | debug | optimize | profile | coverage
   GPR Scenario: SCIADA_LIBRARY_TYPE := relocatable | static | static-pic
   License: Apache-2.0
   Long_Description: SCI Ada provides a collections of algorithms commonly used for data analysis:

- [SCI.Correlations.*](https://gitlab.com/stcarrez/ada-sci/-/blob/main/src/sci-correlations.ads?ref_type=heads) computes correlations between values,
- [SCI.Occurrences.*](https://gitlab.com/stcarrez/ada-sci/-/blob/main/src/sci-occurrences.ads?ref_type=heads) helps in identifying occurrences of items,
- [SCI.Similarities.*](https://gitlab.com/stcarrez/ada-sci/-/blob/main/src/sci-similarities.ads?ref_type=heads) provides metrics to compute similarities between sets.
- [SCI.Sparse.*](https://gitlab.com/stcarrez/ada-sci/-/blob/main/src/sci-sparse.ads?ref_type=heads) defines sparse arrays.
- [SCI.Statistics.*](https://gitlab.com/stcarrez/ada-sci/-/blob/main/src/sci-statistics.ads?ref_type=heads) defines some classical statistics operations.
- [SCI.Vectorizers.*](https://gitlab.com/stcarrez/ada-sci/-/blob/main/src/sci-vectorizers.ads?ref_type=heads) transforms a list of tokens to a vector.

## Documentation

- [Programmer's Guide](https://ada-sci.readthedocs.io/en/latest/)

   Maintainer: Stephane.Carrez@gmail.com
   Maintainers_Logins: stcarrez
   Name: sciada
   Tag: sci
   Tag: scientific
   Tag: correlations
   Tag: occurrences
   Tag: similarities
   Tag: statistics
   Version: 0.4.0
   Website: https://gitlab.com/stcarrez/ada-sci


LOG:
Spawning: alr -d -n get --build sciada=0.4.0
Note: Deploying sciada=0.4.0...
Note: Building sciada=0.4.0/sciada.gpr...
Setup
   [mkdir]        object directory for project SciAda
   [mkdir]        library directory for project SciAda
Compile
   [Ada]          sci-statistics.ads
   [Ada]          sci-sparse-coo_arrays.adb
   [Ada]          sci-similarities.adb
   [Ada]          sci-correlations.ads
   [Ada]          sci-similarities-indefinite_ordered_sets.adb
   [Ada]          sci-statistics-descriptive.adb
   [Ada]          sci-vectorizers-counters.adb
   [Ada]          sci.ads
   [Ada]          sci-occurrences.ads
   [Ada]          sci-similarities-coo_arrays.adb
   [Ada]          sci-vectorizers-transformers.adb
   [Ada]          sci-correlations-pearson.adb
   [Ada]          sci-vectorizers-indefinite_counters.adb
   [Ada]          sci-numbers.ads
   [Ada]          sci-occurrences-arrays.adb
   [Ada]          sci-vectorizers.ads
   [Ada]          sci-similarities-indefinite_hashed_sets.adb
   [Ada]          sci-sparse.ads
   [Ada]          sci-occurrences-finites.adb
Build Libraries
   [gprlib]       sciada.lexch
   [archive]      libsciada.a
   [index]        libsciada.a

sciada=0.4.0 successfully retrieved and built.
There are no dependencies.
Found declared GPR file: sciada.gpr
