Test ran at 2024-03-15 12:51:06.133202+00:00

SOLUTION:
gnat_arm_elf=12.2.1: The GNAT Ada compiler - ARM cross-compiler
Provides: gnat=12.2.1
Origin: (case OS is Linux => (case Host_Arch is X86_64 => binary archive gnat-arm-elf-linux64-12.2.0-1.tar.gz at https://github.com/alire-project/GNAT-FSF-builds/releases/download/gnat-12.2.0-1/gnat-arm-elf-linux64-12.2.0-1.tar.gz), Macos => (case Host_Arch is X86_64 => binary archive gnat-arm-elf-darwin-12.2.0-1.tar.gz at https://github.com/alire-project/GNAT-FSF-builds/releases/download/gnat-12.2.0-1/gnat-arm-elf-darwin-12.2.0-1.tar.gz), Windows => (case Host_Arch is X86_64 => binary archive gnat-arm-elf-windows64-12.2.0-1.tar.gz at https://github.com/alire-project/GNAT-FSF-builds/releases/download/gnat-12.2.0-1/gnat-arm-elf-windows64-12.2.0-1.tar.gz)) with hash sha256:351564ba5d651acc0290ec4b27679abffd757cd4f58bd07403f69d3ab94682d5
Properties:
   Auto_Gpr_With: auto-gpr-with=false
   Configuration: no modifiers
   Description: The GNAT Ada compiler - ARM cross-compiler
   Environment: PATH=${CRATE_ROOT}/bin:${PATH}
   License: GPL-3.0-or-later AND GPL-3.0-or-later WITH GCC-exception-3.1
   Maintainer: chouteau@adacore.com
   Maintainers_Logins: Fabien-Chouteau
   Name: gnat_arm_elf
   Version: 12.2.1


LOG:
Note: Deploying gnat_arm_elf=12.2.1...
#=#=#                                                                         

###                                                                        5.2%
##########                                                                14.8%
################                                                          22.6%
#######################                                                   32.5%
##############################                                            42.1%
#####################################                                     52.0%
############################################                              62.0%
###################################################                       72.1%
###########################################################               82.0%
##################################################################        92.0%
######################################################################## 100.0%

gnat_arm_elf=12.2.1 successfully retrieved.
There are no dependencies.
Warning: Binary release does not contain default project file: gnat_arm_elf.gpr
