Test ran at 2024-03-20 00:28:29.388365+00:00

SOLUTION:
avrada_rts=2.0.1: Minimal run time system (RTS) for AVR 8bit controllers
Origin: commit 92a5f15aa224e5848fea1be3aa8694f256bae9b6 from https://github.com/RREE/AVRAda_RTS.git
Properties:
   Author: Adacore
   Author: Rolf Ebert
   Config type: AVR_MCU : String default: 'atmega328p'
   Config type: Clock_Frequency : Integer range 0 .. 9223372036854775807 default: '0'
   Config type: Sec_Stack_Size : Integer range 0 .. 1024 default: '63'
   Configuration: no modifiers
   Description: Minimal run time system (RTS) for AVR 8bit controllers
   License: GPL-2.0-or-later WITH GCC-exception-3.1
   Maintainer: Rolf Ebert <rolf.ebert@gcc.gmx.de>
   Maintainers_Logins: RREE
   Name: avrada_rts
   Tag: avr
   Tag: embedded
   Tag: rts
   Version: 2.0.1
   Website: https://sourceforge.net/projects/avr-ada/
Dependencies (direct):
   gnat_avr_elf^11 | ^12.2
Dependencies (solution):
   gnat_avr_elf=12.2.1 (installed)
Dependencies (graph):
   avrada_rts=2.0.1 --> gnat_avr_elf=12.2.1 (^11 | ^12.2)


LOG:
Note: Deploying avrada_rts=2.0.1...
Note: Deploying gnat_avr_elf=12.2.1...
#=#=#                                                                         
##O#-#                                                                        
##O=#  #                                                                      

                                                                           0.0%
                                                                           0.5%
                                                                           1.4%
##                                                                         2.9%
####                                                                       5.7%
#######                                                                   10.7%
###########                                                               15.3%
#############                                                             18.3%
##############                                                            20.2%
################                                                          23.0%
##################                                                        25.6%
####################                                                      28.7%
######################                                                    31.7%
#######################                                                   32.9%
#########################                                                 35.6%
###########################                                               38.3%
#############################                                             40.8%
###############################                                           44.4%
##################################                                        47.4%
####################################                                      50.4%
######################################                                    53.4%
########################################                                  56.0%
#########################################                                 57.8%
###########################################                               60.5%
#############################################                             63.5%
###############################################                           66.5%
##################################################                        69.5%
####################################################                      72.3%
######################################################                    75.4%
########################################################                  78.8%
###########################################################               82.1%
#############################################################             85.1%
###############################################################           88.0%
#################################################################         91.1%
##################################################################        92.7%
####################################################################      95.6%
######################################################################    97.6%
######################################################################## 100.0%
Note: gnat_avr_elf=12.2.1 installed successfully.
Note: Building avrada_rts/avrada_rts.gpr...
Setup
   [mkdir]        object directory for project AVRAda_RTS
   [mkdir]        library directory for project AVRAda_RTS
Compile
   [Asm_CPP]      ada_u32_img.S
   [Ada]          avrada_rts_config.ads
   [Ada]          a-cgarso.adb
   [Ada]          gnat.ads
   [Ada]          unchconv.ads
   [Ada]          machcode.ads
   [Ada]          s-assert.adb
   [Ada]          s-gccbui.ads
   [Ada]          s-unstyp.ads
   [Ada]          s-maccod.ads
   [Ada]          interfac.ads
   [Ada]          a-caldel.ads
   [Ada]          s-sssita.adb
   [Ada]          a-uncdea.ads
   [Ada]          a-unccon.ads
   [Ada]          i-c.ads
   [Ada]          a-calend.ads
   [Ada]          g-souinf.ads
   [Ada]          a-cgcaso.adb
   [Ada]          system.ads
   [Ada]          a-chlat1.ads
   [Ada]          a-contai.ads
   [Ada]          s-stalib.ads
   [Ada]          a-chlat9.ads
   [Ada]          s-bitops.adb
   [Ada]          s-parame.ads
   [Ada]          s-intimg.ads
   [Ada]          unchdeal.ads
   [Ada]          s-memory.adb
   [Ada]          ada.ads
   [Ada]          s-secsta.adb
   [Ada]          a-tags.adb
   [Ada]          a-charac.ads
   [Ada]          s-stoele.adb
   [Ada]          a-except.adb
Build Libraries
   [gprlib]       gnat.lexch
   [archive]      libgnat.a
   [index]        libgnat.a
Build finished successfully in 0.28 seconds.

avrada_rts=2.0.1 successfully retrieved and built.
Dependencies were solved as follows:

   +i gnat_avr_elf 12.2.1 (new,installed)
Found declared GPR file: avrada_rts.gpr
