Test ran at 2024-02-14 13:16:33.367566+00:00

SOLUTION:
rclada=0.1.0: ROS2 Ada Client Library
Origin: commit e390763f633c441d0d92a5f9e0c72a544c1d6fbd from https://github.com/ada-ros/rclada_alire.git
Available when: (case Distribution is Ubuntu => True, others => False)
Properties:
   Post_Fetch run: ${CRATE_DIR}/././build.bash
   Pre_Build run: ${CRATE_DIR}/././build.bash
   Author: Alejandro R. Mosteo
   Description: ROS2 Ada Client Library
   Environment: GPR_PROJECT_PATH=${GPR_PROJECT_PATH}:${CRATE_ROOT}/install/rclada/share/gprauto:${CRATE_ROOT}/install/rclada_common/share/gpr:${CRATE_ROOT}/install/rosidl_generator_ada/share/gpr:${CRATE_ROOT}/install/rosidl_generator_ada/share/gprauto
   Environment: LD_LIBRARY_PATH=${LD_LIBRARY_PATH}:/opt/ros/foxy/lib
   Environment: RCLADA_INSTALL_DIR=${CRATE_ROOT}/install
   License: LGPL-3.0-only
   Maintainer: Alejandro R. Mosteo <alejandro@mosteo.com>
   Maintainers_Logins: mosteo
   Name: rclada
   Project_File: install/rclada/share/gpr/rcl.gpr
   Tag: ros
   Tag: robotics
   Tag: client
   Version: 0.1.0
   Website: https://github.com/ada-ros/ada4ros2
Dependencies (direct):
   ros2_foxy*
Dependencies (external):
   ros2_foxy* (direct,hinted)
      Hint: For installation instructions, visit https://index.ros.org/doc/ros2/Installation/#installationguide
Dependencies (graph):
   rclada=0.1.0 --> ros2_foxy*
Dependencies cannot be met


LOG:
