Test ran at 2024-03-22 01:28:30.472984+00:00

SOLUTION:
lvgl_ada_simulator=1.0.0: Native simulator of an LVGL display
Origin: commit 7750e873429279c5f5cc461a578a559251f77a63 from https://github.com/Fabien-Chouteau/lvgl-ada-simulator.git
Properties:
   Author: Fabien Chouteau
   Description: Native simulator of an LVGL display
   License: MIT
   Maintainer: Fabien Chouteau <fabien.chouteau@gmail.com>
   Maintainers_Logins: Fabien-Chouteau
   Name: lvgl_ada_simulator
   Tag: gui
   Tag: lvgl
   Tag: simulator
   Version: 1.0.0
   Website: https://github.com/Fabien-Chouteau/lvgl-ada-simulator
Dependencies (direct):
   asfml^2.5.3
   lvgl_ada^1
Dependencies (solution):
   asfml=2.5.4
   libcsfml=2.5.0
   lvgl_ada=1.0.0
Dependencies (graph):
   asfml=2.5.4              --> libcsfml=2.5.0 (^2.5)
   lvgl_ada_simulator=1.0.0 --> asfml=2.5.4 (^2.5.3)
   lvgl_ada_simulator=1.0.0 --> lvgl_ada=1.0.0 (^1)


LOG:
Spawning: alr -d -n get --build lvgl_ada_simulator=1.0.0
Note: Deploying lvgl_ada_simulator=1.0.0...
Note: Deploying libcsfml=2.5.0...
The system package 'libcsfml-dev' is about to be installed.
This action might require admin privileges and impact your system installation.
Do you want Alire to install this system package?
Using default: Yes
debconf: delaying package configuration, since apt-utils is not installed
Selecting previously unselected package libapparmor1:amd64.
(Reading database ... 
(Reading database ... 5%
(Reading database ... 10%
(Reading database ... 15%
(Reading database ... 20%
(Reading database ... 25%
(Reading database ... 30%
(Reading database ... 35%
(Reading database ... 40%
(Reading database ... 45%
(Reading database ... 50%
(Reading database ... 55%
(Reading database ... 60%
(Reading database ... 65%
(Reading database ... 70%
(Reading database ... 75%
(Reading database ... 80%
(Reading database ... 85%
(Reading database ... 90%
(Reading database ... 95%
(Reading database ... 100%
(Reading database ... 22750 files and directories currently installed.)
Preparing to unpack .../00-libapparmor1_3.0.4-2ubuntu2.3_amd64.deb ...
Unpacking libapparmor1:amd64 (3.0.4-2ubuntu2.3) ...
Selecting previously unselected package libdbus-1-3:amd64.
Preparing to unpack .../01-libdbus-1-3_1.12.20-2ubuntu4.1_amd64.deb ...
Unpacking libdbus-1-3:amd64 (1.12.20-2ubuntu4.1) ...
Selecting previously unselected package dbus.
Preparing to unpack .../02-dbus_1.12.20-2ubuntu4.1_amd64.deb ...
Unpacking dbus (1.12.20-2ubuntu4.1) ...
Selecting previously unselected package libelf1:amd64.
Preparing to unpack .../03-libelf1_0.186-1build1_amd64.deb ...
Unpacking libelf1:amd64 (0.186-1build1) ...
Selecting previously unselected package libicu70:amd64.
Preparing to unpack .../04-libicu70_70.1-2_amd64.deb ...
Unpacking libicu70:amd64 (70.1-2) ...
Selecting previously unselected package libxml2:amd64.
Preparing to unpack .../05-libxml2_2.9.13+dfsg-1ubuntu0.4_amd64.deb ...
Unpacking libxml2:amd64 (2.9.13+dfsg-1ubuntu0.4) ...
Selecting previously unselected package libdrm-common.
Preparing to unpack .../06-libdrm-common_2.4.113-2~ubuntu0.22.04.1_all.deb ...
Unpacking libdrm-common (2.4.113-2~ubuntu0.22.04.1) ...
Selecting previously unselected package libdrm2:amd64.
Preparing to unpack .../07-libdrm2_2.4.113-2~ubuntu0.22.04.1_amd64.deb ...
Unpacking libdrm2:amd64 (2.4.113-2~ubuntu0.22.04.1) ...
Selecting previously unselected package alsa-topology-conf.
Preparing to unpack .../08-alsa-topology-conf_1.2.5.1-2_all.deb ...
Unpacking alsa-topology-conf (1.2.5.1-2) ...
Selecting previously unselected package libasound2-data.
Preparing to unpack .../09-libasound2-data_1.2.6.1-1ubuntu1_all.deb ...
Unpacking libasound2-data (1.2.6.1-1ubuntu1) ...
Selecting previously unselected package libasound2:amd64.
Preparing to unpack .../10-libasound2_1.2.6.1-1ubuntu1_amd64.deb ...
Unpacking libasound2:amd64 (1.2.6.1-1ubuntu1) ...
Selecting previously unselected package alsa-ucm-conf.
Preparing to unpack .../11-alsa-ucm-conf_1.2.6.3-1ubuntu1.11_all.deb ...
Unpacking alsa-ucm-conf (1.2.6.3-1ubuntu1.11) ...
Selecting previously unselected package libasyncns0:amd64.
Preparing to unpack .../12-libasyncns0_0.8-6build2_amd64.deb ...
Unpacking libasyncns0:amd64 (0.8-6build2) ...
Selecting previously unselected package libogg0:amd64.
Preparing to unpack .../13-libogg0_1.3.5-0ubuntu3_amd64.deb ...
Unpacking libogg0:amd64 (1.3.5-0ubuntu3) ...
Selecting previously unselected package libflac8:amd64.
Preparing to unpack .../14-libflac8_1.3.3-2ubuntu0.2_amd64.deb ...
Unpacking libflac8:amd64 (1.3.3-2ubuntu0.2) ...
Selecting previously unselected package libopenal-data.
Preparing to unpack .../15-libopenal-data_1%3a1.19.1-2build3_all.deb ...
Unpacking libopenal-data (1:1.19.1-2build3) ...
Selecting previously unselected package libsndio7.0:amd64.
Preparing to unpack .../16-libsndio7.0_1.8.1-1.1_amd64.deb ...
Unpacking libsndio7.0:amd64 (1.8.1-1.1) ...
Selecting previously unselected package libopenal1:amd64.
Preparing to unpack .../17-libopenal1_1%3a1.19.1-2build3_amd64.deb ...
Unpacking libopenal1:amd64 (1:1.19.1-2build3) ...
Selecting previously unselected package libsfml-system2.5:amd64.
Preparing to unpack .../18-libsfml-system2.5_2.5.1+dfsg-2_amd64.deb ...
Unpacking libsfml-system2.5:amd64 (2.5.1+dfsg-2) ...
Selecting previously unselected package libvorbis0a:amd64.
Preparing to unpack .../19-libvorbis0a_1.3.7-1build2_amd64.deb ...
Unpacking libvorbis0a:amd64 (1.3.7-1build2) ...
Selecting previously unselected package libvorbisenc2:amd64.
Preparing to unpack .../20-libvorbisenc2_1.3.7-1build2_amd64.deb ...
Unpacking libvorbisenc2:amd64 (1.3.7-1build2) ...
Selecting previously unselected package libvorbisfile3:amd64.
Preparing to unpack .../21-libvorbisfile3_1.3.7-1build2_amd64.deb ...
Unpacking libvorbisfile3:amd64 (1.3.7-1build2) ...
Selecting previously unselected package libsfml-audio2.5:amd64.
Preparing to unpack .../22-libsfml-audio2.5_2.5.1+dfsg-2_amd64.deb ...
Unpacking libsfml-audio2.5:amd64 (2.5.1+dfsg-2) ...
Selecting previously unselected package libcsfml-audio2.5:amd64.
Preparing to unpack .../23-libcsfml-audio2.5_2.5-1.1_amd64.deb ...
Unpacking libcsfml-audio2.5:amd64 (2.5-1.1) ...
Selecting previously unselected package libglvnd0:amd64.
Preparing to unpack .../24-libglvnd0_1.4.0-1_amd64.deb ...
Unpacking libglvnd0:amd64 (1.4.0-1) ...
Selecting previously unselected package libglapi-mesa:amd64.
Preparing to unpack .../25-libglapi-mesa_23.2.1-1ubuntu3.1~22.04.2_amd64.deb ...
Unpacking libglapi-mesa:amd64 (23.2.1-1ubuntu3.1~22.04.2) ...
Selecting previously unselected package libx11-xcb1:amd64.
Preparing to unpack .../26-libx11-xcb1_2%3a1.7.5-1ubuntu0.3_amd64.deb ...
Unpacking libx11-xcb1:amd64 (2:1.7.5-1ubuntu0.3) ...
Selecting previously unselected package libxcb-dri2-0:amd64.
Preparing to unpack .../27-libxcb-dri2-0_1.14-3ubuntu3_amd64.deb ...
Unpacking libxcb-dri2-0:amd64 (1.14-3ubuntu3) ...
Selecting previously unselected package libxcb-dri3-0:amd64.
Preparing to unpack .../28-libxcb-dri3-0_1.14-3ubuntu3_amd64.deb ...
Unpacking libxcb-dri3-0:amd64 (1.14-3ubuntu3) ...
Selecting previously unselected package libxcb-glx0:amd64.
Preparing to unpack .../29-libxcb-glx0_1.14-3ubuntu3_amd64.deb ...
Unpacking libxcb-glx0:amd64 (1.14-3ubuntu3) ...
Selecting previously unselected package libxcb-present0:amd64.
Preparing to unpack .../30-libxcb-present0_1.14-3ubuntu3_amd64.deb ...
Unpacking libxcb-present0:amd64 (1.14-3ubuntu3) ...
Selecting previously unselected package libxcb-randr0:amd64.
Preparing to unpack .../31-libxcb-randr0_1.14-3ubuntu3_amd64.deb ...
Unpacking libxcb-randr0:amd64 (1.14-3ubuntu3) ...
Selecting previously unselected package libxcb-shm0:amd64.
Preparing to unpack .../32-libxcb-shm0_1.14-3ubuntu3_amd64.deb ...
Unpacking libxcb-shm0:amd64 (1.14-3ubuntu3) ...
Selecting previously unselected package libxcb-sync1:amd64.
Preparing to unpack .../33-libxcb-sync1_1.14-3ubuntu3_amd64.deb ...
Unpacking libxcb-sync1:amd64 (1.14-3ubuntu3) ...
Selecting previously unselected package libxcb-xfixes0:amd64.
Preparing to unpack .../34-libxcb-xfixes0_1.14-3ubuntu3_amd64.deb ...
Unpacking libxcb-xfixes0:amd64 (1.14-3ubuntu3) ...
Selecting previously unselected package libxfixes3:amd64.
Preparing to unpack .../35-libxfixes3_1%3a6.0.0-1_amd64.deb ...
Unpacking libxfixes3:amd64 (1:6.0.0-1) ...
Selecting previously unselected package libxshmfence1:amd64.
Preparing to unpack .../36-libxshmfence1_1.3-1build4_amd64.deb ...
Unpacking libxshmfence1:amd64 (1.3-1build4) ...
Selecting previously unselected package libxxf86vm1:amd64.
Preparing to unpack .../37-libxxf86vm1_1%3a1.1.4-1build3_amd64.deb ...
Unpacking libxxf86vm1:amd64 (1:1.1.4-1build3) ...
Selecting previously unselected package libdrm-amdgpu1:amd64.
Preparing to unpack .../38-libdrm-amdgpu1_2.4.113-2~ubuntu0.22.04.1_amd64.deb ...
Unpacking libdrm-amdgpu1:amd64 (2.4.113-2~ubuntu0.22.04.1) ...
Selecting previously unselected package libpciaccess0:amd64.
Preparing to unpack .../39-libpciaccess0_0.16-3_amd64.deb ...
Unpacking libpciaccess0:amd64 (0.16-3) ...
Selecting previously unselected package libdrm-intel1:amd64.
Preparing to unpack .../40-libdrm-intel1_2.4.113-2~ubuntu0.22.04.1_amd64.deb ...
Unpacking libdrm-intel1:amd64 (2.4.113-2~ubuntu0.22.04.1) ...
Selecting previously unselected package libdrm-nouveau2:amd64.
Preparing to unpack .../41-libdrm-nouveau2_2.4.113-2~ubuntu0.22.04.1_amd64.deb ...
Unpacking libdrm-nouveau2:amd64 (2.4.113-2~ubuntu0.22.04.1) ...
Selecting previously unselected package libdrm-radeon1:amd64.
Preparing to unpack .../42-libdrm-radeon1_2.4.113-2~ubuntu0.22.04.1_amd64.deb ...
Unpacking libdrm-radeon1:amd64 (2.4.113-2~ubuntu0.22.04.1) ...
Selecting previously unselected package libllvm15:amd64.
Preparing to unpack .../43-libllvm15_1%3a15.0.7-0ubuntu0.22.04.3_amd64.deb ...
Unpacking libllvm15:amd64 (1:15.0.7-0ubuntu0.22.04.3) ...
Selecting previously unselected package libsensors-config.
Preparing to unpack .../44-libsensors-config_1%3a3.6.0-7ubuntu1_all.deb ...
Unpacking libsensors-config (1:3.6.0-7ubuntu1) ...
Selecting previously unselected package libsensors5:amd64.
Preparing to unpack .../45-libsensors5_1%3a3.6.0-7ubuntu1_amd64.deb ...
Unpacking libsensors5:amd64 (1:3.6.0-7ubuntu1) ...
Selecting previously unselected package libgl1-mesa-dri:amd64.
Preparing to unpack .../46-libgl1-mesa-dri_23.2.1-1ubuntu3.1~22.04.2_amd64.deb ...
Unpacking libgl1-mesa-dri:amd64 (23.2.1-1ubuntu3.1~22.04.2) ...
Selecting previously unselected package libglx-mesa0:amd64.
Preparing to unpack .../47-libglx-mesa0_23.2.1-1ubuntu3.1~22.04.2_amd64.deb ...
Unpacking libglx-mesa0:amd64 (23.2.1-1ubuntu3.1~22.04.2) ...
Selecting previously unselected package libglx0:amd64.
Preparing to unpack .../48-libglx0_1.4.0-1_amd64.deb ...
Unpacking libglx0:amd64 (1.4.0-1) ...
Selecting previously unselected package libgl1:amd64.
Preparing to unpack .../49-libgl1_1.4.0-1_amd64.deb ...
Unpacking libgl1:amd64 (1.4.0-1) ...
Selecting previously unselected package libxrender1:amd64.
Preparing to unpack .../50-libxrender1_1%3a0.9.10-1build4_amd64.deb ...
Unpacking libxrender1:amd64 (1:0.9.10-1build4) ...
Selecting previously unselected package libxrandr2:amd64.
Preparing to unpack .../51-libxrandr2_2%3a1.5.2-1build1_amd64.deb ...
Unpacking libxrandr2:amd64 (2:1.5.2-1build1) ...
Selecting previously unselected package libsfml-window2.5:amd64.
Preparing to unpack .../52-libsfml-window2.5_2.5.1+dfsg-2_amd64.deb ...
Unpacking libsfml-window2.5:amd64 (2.5.1+dfsg-2) ...
Selecting previously unselected package libsfml-graphics2.5:amd64.
Preparing to unpack .../53-libsfml-graphics2.5_2.5.1+dfsg-2_amd64.deb ...
Unpacking libsfml-graphics2.5:amd64 (2.5.1+dfsg-2) ...
Selecting previously unselected package libcsfml-graphics2.5:amd64.
Preparing to unpack .../54-libcsfml-graphics2.5_2.5-1.1_amd64.deb ...
Unpacking libcsfml-graphics2.5:amd64 (2.5-1.1) ...
Selecting previously unselected package libsfml-network2.5:amd64.
Preparing to unpack .../55-libsfml-network2.5_2.5.1+dfsg-2_amd64.deb ...
Unpacking libsfml-network2.5:amd64 (2.5.1+dfsg-2) ...
Selecting previously unselected package libcsfml-network2.5:amd64.
Preparing to unpack .../56-libcsfml-network2.5_2.5-1.1_amd64.deb ...
Unpacking libcsfml-network2.5:amd64 (2.5-1.1) ...
Selecting previously unselected package libcsfml-system2.5:amd64.
Preparing to unpack .../57-libcsfml-system2.5_2.5-1.1_amd64.deb ...
Unpacking libcsfml-system2.5:amd64 (2.5-1.1) ...
Selecting previously unselected package libcsfml-window2.5:amd64.
Preparing to unpack .../58-libcsfml-window2.5_2.5-1.1_amd64.deb ...
Unpacking libcsfml-window2.5:amd64 (2.5-1.1) ...
Selecting previously unselected package libwayland-server0:amd64.
Preparing to unpack .../59-libwayland-server0_1.20.0-1ubuntu0.1_amd64.deb ...
Unpacking libwayland-server0:amd64 (1.20.0-1ubuntu0.1) ...
Selecting previously unselected package libgbm1:amd64.
Preparing to unpack .../60-libgbm1_23.2.1-1ubuntu3.1~22.04.2_amd64.deb ...
Unpacking libgbm1:amd64 (23.2.1-1ubuntu3.1~22.04.2) ...
Selecting previously unselected package libwayland-client0:amd64.
Preparing to unpack .../61-libwayland-client0_1.20.0-1ubuntu0.1_amd64.deb ...
Unpacking libwayland-client0:amd64 (1.20.0-1ubuntu0.1) ...
Selecting previously unselected package libegl-mesa0:amd64.
Preparing to unpack .../62-libegl-mesa0_23.2.1-1ubuntu3.1~22.04.2_amd64.deb ...
Unpacking libegl-mesa0:amd64 (23.2.1-1ubuntu3.1~22.04.2) ...
Selecting previously unselected package libegl1:amd64.
Preparing to unpack .../63-libegl1_1.4.0-1_amd64.deb ...
Unpacking libegl1:amd64 (1.4.0-1) ...
Selecting previously unselected package xorg-sgml-doctools.
Preparing to unpack .../64-xorg-sgml-doctools_1%3a1.11-1.1_all.deb ...
Unpacking xorg-sgml-doctools (1:1.11-1.1) ...
Selecting previously unselected package x11proto-dev.
Preparing to unpack .../65-x11proto-dev_2021.5-1_all.deb ...
Unpacking x11proto-dev (2021.5-1) ...
Selecting previously unselected package libxau-dev:amd64.
Preparing to unpack .../66-libxau-dev_1%3a1.0.9-1build5_amd64.deb ...
Unpacking libxau-dev:amd64 (1:1.0.9-1build5) ...
Selecting previously unselected package libxdmcp-dev:amd64.
Preparing to unpack .../67-libxdmcp-dev_1%3a1.1.3-0ubuntu5_amd64.deb ...
Unpacking libxdmcp-dev:amd64 (1:1.1.3-0ubuntu5) ...
Selecting previously unselected package xtrans-dev.
Preparing to unpack .../68-xtrans-dev_1.4.0-1_all.deb ...
Unpacking xtrans-dev (1.4.0-1) ...
Selecting previously unselected package libpthread-stubs0-dev:amd64.
Preparing to unpack .../69-libpthread-stubs0-dev_0.4-1build2_amd64.deb ...
Unpacking libpthread-stubs0-dev:amd64 (0.4-1build2) ...
Selecting previously unselected package libxcb1-dev:amd64.
Preparing to unpack .../70-libxcb1-dev_1.14-3ubuntu3_amd64.deb ...
Unpacking libxcb1-dev:amd64 (1.14-3ubuntu3) ...
Selecting previously unselected package libx11-dev:amd64.
Preparing to unpack .../71-libx11-dev_2%3a1.7.5-1ubuntu0.3_amd64.deb ...
Unpacking libx11-dev:amd64 (2:1.7.5-1ubuntu0.3) ...
Selecting previously unselected package libglx-dev:amd64.
Preparing to unpack .../72-libglx-dev_1.4.0-1_amd64.deb ...
Unpacking libglx-dev:amd64 (1.4.0-1) ...
Selecting previously unselected package libgl-dev:amd64.
Preparing to unpack .../73-libgl-dev_1.4.0-1_amd64.deb ...
Unpacking libgl-dev:amd64 (1.4.0-1) ...
Selecting previously unselected package libegl-dev:amd64.
Preparing to unpack .../74-libegl-dev_1.4.0-1_amd64.deb ...
Unpacking libegl-dev:amd64 (1.4.0-1) ...
Selecting previously unselected package libgl1-amber-dri:amd64.
Preparing to unpack .../75-libgl1-amber-dri_21.3.9-0ubuntu1~22.04.1_amd64.deb ...
Unpacking libgl1-amber-dri:amd64 (21.3.9-0ubuntu1~22.04.1) ...
Selecting previously unselected package libgles1:amd64.
Preparing to unpack .../76-libgles1_1.4.0-1_amd64.deb ...
Unpacking libgles1:amd64 (1.4.0-1) ...
Selecting previously unselected package libgles2:amd64.
Preparing to unpack .../77-libgles2_1.4.0-1_amd64.deb ...
Unpacking libgles2:amd64 (1.4.0-1) ...
Selecting previously unselected package libgles-dev:amd64.
Preparing to unpack .../78-libgles-dev_1.4.0-1_amd64.deb ...
Unpacking libgles-dev:amd64 (1.4.0-1) ...
Selecting previously unselected package libopengl0:amd64.
Preparing to unpack .../79-libopengl0_1.4.0-1_amd64.deb ...
Unpacking libopengl0:amd64 (1.4.0-1) ...
Selecting previously unselected package libglu1-mesa:amd64.
Preparing to unpack .../80-libglu1-mesa_9.0.2-1_amd64.deb ...
Unpacking libglu1-mesa:amd64 (9.0.2-1) ...
Selecting previously unselected package libglu1-mesa-dev:amd64.
Preparing to unpack .../81-libglu1-mesa-dev_9.0.2-1_amd64.deb ...
Unpacking libglu1-mesa-dev:amd64 (9.0.2-1) ...
Selecting previously unselected package libopengl-dev:amd64.
Preparing to unpack .../82-libopengl-dev_1.4.0-1_amd64.deb ...
Unpacking libopengl-dev:amd64 (1.4.0-1) ...
Selecting previously unselected package libopus0:amd64.
Preparing to unpack .../83-libopus0_1.3.1-0.1build2_amd64.deb ...
Unpacking libopus0:amd64 (1.3.1-0.1build2) ...
Selecting previously unselected package libsndfile1:amd64.
Preparing to unpack .../84-libsndfile1_1.0.31-2ubuntu0.1_amd64.deb ...
Unpacking libsndfile1:amd64 (1.0.31-2ubuntu0.1) ...
Selecting previously unselected package libpulse0:amd64.
Preparing to unpack .../85-libpulse0_1%3a15.99.1+dfsg1-1ubuntu2.1_amd64.deb ...
Unpacking libpulse0:amd64 (1:15.99.1+dfsg1-1ubuntu2.1) ...
Selecting previously unselected package libglvnd-core-dev:amd64.
Preparing to unpack .../86-libglvnd-core-dev_1.4.0-1_amd64.deb ...
Unpacking libglvnd-core-dev:amd64 (1.4.0-1) ...
Selecting previously unselected package libglvnd-dev:amd64.
Preparing to unpack .../87-libglvnd-dev_1.4.0-1_amd64.deb ...
Unpacking libglvnd-dev:amd64 (1.4.0-1) ...
Selecting previously unselected package libgl1-mesa-dev:amd64.
Preparing to unpack .../88-libgl1-mesa-dev_23.2.1-1ubuntu3.1~22.04.2_amd64.deb ...
Unpacking libgl1-mesa-dev:amd64 (23.2.1-1ubuntu3.1~22.04.2) ...
Selecting previously unselected package libcsfml-dev:amd64.
Preparing to unpack .../89-libcsfml-dev_2.5-1.1_amd64.deb ...
Unpacking libcsfml-dev:amd64 (2.5-1.1) ...
Setting up libxcb-dri3-0:amd64 (1.14-3ubuntu3) ...
Setting up libwayland-server0:amd64 (1.20.0-1ubuntu0.1) ...
Setting up libx11-xcb1:amd64 (2:1.7.5-1ubuntu0.3) ...
Setting up libpciaccess0:amd64 (0.16-3) ...
Setting up libapparmor1:amd64 (3.0.4-2ubuntu2.3) ...
Setting up libxcb-xfixes0:amd64 (1.14-3ubuntu3) ...
Setting up libogg0:amd64 (1.3.5-0ubuntu3) ...
Setting up libglvnd-core-dev:amd64 (1.4.0-1) ...
Setting up libxrender1:amd64 (1:0.9.10-1build4) ...
Setting up libglvnd0:amd64 (1.4.0-1) ...
Setting up libxcb-glx0:amd64 (1.14-3ubuntu3) ...
Setting up libsensors-config (1:3.6.0-7ubuntu1) ...
Setting up libxcb-shm0:amd64 (1.14-3ubuntu3) ...
Setting up libpthread-stubs0-dev:amd64 (0.4-1build2) ...
Setting up libopengl0:amd64 (1.4.0-1) ...
Setting up libxxf86vm1:amd64 (1:1.1.4-1build3) ...
Setting up libflac8:amd64 (1.3.3-2ubuntu0.2) ...
Setting up libxcb-present0:amd64 (1.14-3ubuntu3) ...
Setting up libasound2-data (1.2.6.1-1ubuntu1) ...
Setting up xtrans-dev (1.4.0-1) ...
Setting up libgles2:amd64 (1.4.0-1) ...
Setting up libxfixes3:amd64 (1:6.0.0-1) ...
Setting up libxcb-sync1:amd64 (1.14-3ubuntu3) ...
Setting up libgles1:amd64 (1.4.0-1) ...
Setting up libdbus-1-3:amd64 (1.12.20-2ubuntu4.1) ...
Setting up dbus (1.12.20-2ubuntu4.1) ...
Setting up libopus0:amd64 (1.3.1-0.1build2) ...
Setting up libvorbis0a:amd64 (1.3.7-1build2) ...
Setting up libxrandr2:amd64 (2:1.5.2-1build1) ...
Setting up libsensors5:amd64 (1:3.6.0-7ubuntu1) ...
Setting up libsfml-system2.5:amd64 (2.5.1+dfsg-2) ...
Setting up libglapi-mesa:amd64 (23.2.1-1ubuntu3.1~22.04.2) ...
Setting up libxcb-dri2-0:amd64 (1.14-3ubuntu3) ...
Setting up alsa-topology-conf (1.2.5.1-2) ...
Setting up libasyncns0:amd64 (0.8-6build2) ...
Setting up libxshmfence1:amd64 (1.3-1build4) ...
Setting up libxcb-randr0:amd64 (1.14-3ubuntu3) ...
Setting up libasound2:amd64 (1.2.6.1-1ubuntu1) ...
Setting up libopenal-data (1:1.19.1-2build3) ...
Setting up xorg-sgml-doctools (1:1.11-1.1) ...
Setting up libglu1-mesa:amd64 (9.0.2-1) ...
Setting up libopengl-dev:amd64 (1.4.0-1) ...
Setting up libcsfml-system2.5:amd64 (2.5-1.1) ...
Setting up libdrm-common (2.4.113-2~ubuntu0.22.04.1) ...
Setting up libelf1:amd64 (0.186-1build1) ...
Setting up libvorbisenc2:amd64 (1.3.7-1build2) ...
Setting up libicu70:amd64 (70.1-2) ...
Setting up libsfml-network2.5:amd64 (2.5.1+dfsg-2) ...
Setting up libwayland-client0:amd64 (1.20.0-1ubuntu0.1) ...
Setting up x11proto-dev (2021.5-1) ...
Setting up libxau-dev:amd64 (1:1.0.9-1build5) ...
Setting up alsa-ucm-conf (1.2.6.3-1ubuntu1.11) ...
Setting up libvorbisfile3:amd64 (1.3.7-1build2) ...
Setting up libxdmcp-dev:amd64 (1:1.1.3-0ubuntu5) ...
Setting up libsndio7.0:amd64 (1.8.1-1.1) ...
Setting up libcsfml-network2.5:amd64 (2.5-1.1) ...
Setting up libdrm2:amd64 (2.4.113-2~ubuntu0.22.04.1) ...
Setting up libsndfile1:amd64 (1.0.31-2ubuntu0.1) ...
Setting up libxml2:amd64 (2.9.13+dfsg-1ubuntu0.4) ...
Setting up libdrm-amdgpu1:amd64 (2.4.113-2~ubuntu0.22.04.1) ...
Setting up libdrm-nouveau2:amd64 (2.4.113-2~ubuntu0.22.04.1) ...
Setting up libxcb1-dev:amd64 (1.14-3ubuntu3) ...
Setting up libgbm1:amd64 (23.2.1-1ubuntu3.1~22.04.2) ...
Setting up libpulse0:amd64 (1:15.99.1+dfsg1-1ubuntu2.1) ...
Setting up libdrm-radeon1:amd64 (2.4.113-2~ubuntu0.22.04.1) ...
Setting up libdrm-intel1:amd64 (2.4.113-2~ubuntu0.22.04.1) ...
Setting up libx11-dev:amd64 (2:1.7.5-1ubuntu0.3) ...
Setting up libopenal1:amd64 (1:1.19.1-2build3) ...
Setting up libegl-mesa0:amd64 (23.2.1-1ubuntu3.1~22.04.2) ...
Setting up libsfml-audio2.5:amd64 (2.5.1+dfsg-2) ...
Setting up libllvm15:amd64 (1:15.0.7-0ubuntu0.22.04.3) ...
Setting up libegl1:amd64 (1.4.0-1) ...
Setting up libcsfml-audio2.5:amd64 (2.5-1.1) ...
Setting up libgl1-amber-dri:amd64 (21.3.9-0ubuntu1~22.04.1) ...
Setting up libgl1-mesa-dri:amd64 (23.2.1-1ubuntu3.1~22.04.2) ...
Setting up libglx-mesa0:amd64 (23.2.1-1ubuntu3.1~22.04.2) ...
Setting up libglx0:amd64 (1.4.0-1) ...
Setting up libgl1:amd64 (1.4.0-1) ...
Setting up libsfml-window2.5:amd64 (2.5.1+dfsg-2) ...
Setting up libglx-dev:amd64 (1.4.0-1) ...
Setting up libgl-dev:amd64 (1.4.0-1) ...
Setting up libcsfml-window2.5:amd64 (2.5-1.1) ...
Setting up libsfml-graphics2.5:amd64 (2.5.1+dfsg-2) ...
Setting up libegl-dev:amd64 (1.4.0-1) ...
Setting up libcsfml-graphics2.5:amd64 (2.5-1.1) ...
Setting up libglu1-mesa-dev:amd64 (9.0.2-1) ...
Setting up libgles-dev:amd64 (1.4.0-1) ...
Setting up libcsfml-dev:amd64 (2.5-1.1) ...
Setting up libglvnd-dev:amd64 (1.4.0-1) ...
Setting up libgl1-mesa-dev:amd64 (23.2.1-1ubuntu3.1~22.04.2) ...
Processing triggers for libc-bin (2.35-0ubuntu3.3) ...
Note: Deploying lvgl_ada=1.0.0...
Note: Deploying asfml=2.5.4...
Warning: Configuration variable 'lvgl_ada.density_per_inch' not set and has no default value.
Warning: Configuration variable 'lvgl_ada.pixel_bit_depth' not set and has no default value.
Warning: Configuration variable 'lvgl_ada.horizontal_resolution' not set and has no default value.
Warning: Configuration variable 'lvgl_ada.vertical_resolution' not set and has no default value.
stderr: Configuration variables without a default remain unset
ERROR: Configuration variables without a default remain unset
