Test ran at 2024-06-29 12:33:37.804136+00:00

SOLUTION:
matreshka_league=21.0.0: League - universal string library. Part of Matreshka framework
Origin: source archive matreshka-21.0.tar.gz at https://github.com/godunko/matreshka/releases/download/21.0/matreshka-21.0.tar.gz with hash sha512:0c8f4d478d64e761967b3bcb7aae56fe08c4dd254acfe17a704cf21d2ba9f4b8faed470268c8c6dfa2b6e0dcab64e5fdaae04361657b8d5fa85dd35e6a76e9b2
Properties:
   Post_Fetch run: ${CRATE_DIR}/./make reconfig
   Author: Vadim Godunko
   Description: League - universal string library. Part of Matreshka framework
   License: BSD-3-Clause
   Maintainer: Vadim Godunko <vgodunko@gmail.com>
   Maintainer: Maxim Reznik <reznikmm@gmail.com>
   Maintainers_Logins: godunko
   Maintainers_Logins: reznikmm
   Name: matreshka_league
   Project_File: gnat/matreshka_league.gpr
   Tag: unicode
   Tag: xml
   Tag: sax
   Tag: json
   Tag: encoding
   Tag: regexp
   Tag: time
   Version: 21.0.0
   Website: https://github.com/godunko/matreshka
Dependencies (direct):
   case OS is
      when Macos => gnat<2000
   make*
Dependencies (solution):
   gnat=11.2.4 (gnat_native) (installed)
   make=3.81.0
Dependencies (graph):
   matreshka_league=21.0.0 --> gnat=11.2.4 (gnat_native) (<2000)
   matreshka_league=21.0.0 --> make=3.81.0 (*)                  


LOG:
Note: Deploying matreshka_league=21.0.0...
#=#=#                                                                          

                                                                           0.1%
############                                                              18.0%
####################################################                      73.6%
######################################################################## 100.0%
Note: Deploying make=3.81.0...
Note: Running post_fetch actions for matreshka_league=21.0.0...
gnatmake -p -j0  -Pgnat/tools_configure.gpr
Setup
   [mkdir]        object directory for project Tools_Configure
Compile
   [Ada]          configure-driver.adb
   [Ada]          configure.adb
   [Ada]          configure-architecture.adb
   [Ada]          configure-instantiate.adb
   [Ada]          configure-internals.adb
   [Ada]          configure-rtl_version.adb
   [Ada]          configure-tests.ads
   [Ada]          configure-tests-asis.adb
   [Ada]          configure-tests-aws.adb
   [Ada]          configure-tests-firebird.adb
   [Ada]          configure-tests-gprbuild.adb
   [Ada]          configure-tests-install.adb
   [Ada]          configure-tests-installation_directories.adb
   [Ada]          configure-tests-modules.ads
   [Ada]          configure-tests-modules-amf.adb
   [Ada]          configure-tests-mysql.adb
   [Ada]          configure-tests-oci.adb
   [Ada]          configure-tests-operating_system.adb
   [Ada]          configure-tests-postgresql.adb
   [Ada]          configure-tests-sqlite3.adb
   [Ada]          configure-tests-valgrind.adb
   [Ada]          configure-version.adb
   [Ada]          configure-builder.adb
   [Ada]          configure-abstract_tests.adb
   [Ada]          configure-pkg_config.adb
   [Ada]          configure-component_switches.adb
Bind
   [gprbind]      configure-driver.bexch
   [Ada]          configure-driver.ali
Link
   [link]         configure-driver.adb
-macosx_version_min has been renamed to -macos_version_min
ld: warning: ignoring duplicate libraries: '-lSystem'
0  0x102c5ef43  __assert_rtn + 64
1  0x102b60f43  ld::AtomPlacement::findAtom(unsigned char, unsigned long long, ld::AtomPlacement::AtomLoc const*&, long long&) const + 1411
2  0x102b7d431  ld::InputFiles::SliceParser::parseObjectFile(mach_o::Header const*) const + 19745
3  0x102b8db71  ld::InputFiles::parseAllFiles(void (ld::AtomFile const*) block_pointer)::$_7::operator()(unsigned long, ld::FileInfo const&) const + 657
4  0x7ff81ad26def  _dispatch_client_callout2 + 8
5  0x7ff81ad38547  _dispatch_apply_invoke3 + 431
6  0x7ff81ad26dbc  _dispatch_client_callout + 8
7  0x7ff81ad2804e  _dispatch_once_callout + 20
8  0x7ff81ad37740  _dispatch_apply_invoke + 184
9  0x7ff81ad26dbc  _dispatch_client_callout + 8
10  0x7ff81ad362ca  _dispatch_root_queue_drain + 871
11  0x7ff81ad3684f  _dispatch_worker_thread2 + 152
12  0x7ff81aec4b43  _pthread_wqthread + 262
ld: Assertion failed: (resultIndex < sectData.atoms.size()), function findAtom, file Relocations.cpp, line 1336.
collect2: error: ld returned 1 exit status
gprbuild: link of configure-driver.adb failed
gprbuild: failed command was: /users/runner/.config/alire/cache/dependencies/gnat_native_11.2.4_9800548d/bin/gcc configure-driver.o b__configure-driver.o /Users/runner/work/alire-crates-ci/alire-crates-ci/test/567352c4-3af0-4eae-bbcb-e8d8127ead71/matreshka_league_21.0.0_0c8f4d47/.objs/configure/configure.o /Users/runner/work/alire-crates-ci/alire-crates-ci/test/567352c4-3af0-4eae-bbcb-e8d8127ead71/matreshka_league_21.0.0_0c8f4d47/.objs/configure/configure-component_switches.o /Users/runner/work/alire-crates-ci/alire-crates-ci/test/567352c4-3af0-4eae-bbcb-e8d8127ead71/matreshka_league_21.0.0_0c8f4d47/.objs/configure/configure-instantiate.o /Users/runner/work/alire-crates-ci/alire-crates-ci/test/567352c4-3af0-4eae-bbcb-e8d8127ead71/matreshka_league_21.0.0_0c8f4d47/.objs/configure/configure-internals.o /Users/runner/work/alire-crates-ci/alire-crates-ci/test/567352c4-3af0-4eae-bbcb-e8d8127ead71/matreshka_league_21.0.0_0c8f4d47/.objs/configure/configure-abstract_tests.o /Users/runner/work/alire-crates-ci/alire-crates-ci/test/567352c4-3af0-4eae-bbcb-e8d8127ead71/matreshka_league_21.0.0_0c8f4d47/.objs/configure/configure-builder.o /Users/runner/work/alire-crates-ci/alire-crates-ci/test/567352c4-3af0-4eae-bbcb-e8d8127ead71/matreshka_league_21.0.0_0c8f4d47/.objs/configure/configure-architecture.o /Users/runner/work/alire-crates-ci/alire-crates-ci/test/567352c4-3af0-4eae-bbcb-e8d8127ead71/matreshka_league_21.0.0_0c8f4d47/.objs/configure/configure-pkg_config.o /Users/runner/work/alire-crates-ci/alire-crates-ci/test/567352c4-3af0-4eae-bbcb-e8d8127ead71/matreshka_league_21.0.0_0c8f4d47/.objs/configure/configure-rtl_version.o /Users/runner/work/alire-crates-ci/alire-crates-ci/test/567352c4-3af0-4eae-bbcb-e8d8127ead71/matreshka_league_21.0.0_0c8f4d47/.objs/configure/configure-tests.o /Users/runner/work/alire-crates-ci/alire-crates-ci/test/567352c4-3af0-4eae-bbcb-e8d8127ead71/matreshka_league_21.0.0_0c8f4d47/.objs/configure/configure-tests-asis.o /Users/runner/work/alire-crates-ci/alire-crates-ci/test/567352c4-3af0-4eae-bbcb-e8d8127ead71/matreshka_league_21.0.0_0c8f4d47/.objs/configure/configure-tests-aws.o /Users/runner/work/alire-crates-ci/alire-crates-ci/test/567352c4-3af0-4eae-bbcb-e8d8127ead71/matreshka_league_21.0.0_0c8f4d47/.objs/configure/configure-tests-firebird.o /Users/runner/work/alire-crates-ci/alire-crates-ci/test/567352c4-3af0-4eae-bbcb-e8d8127ead71/matreshka_league_21.0.0_0c8f4d47/.objs/configure/configure-tests-gprbuild.o /Users/runner/work/alire-crates-ci/alire-crates-ci/test/567352c4-3af0-4eae-bbcb-e8d8127ead71/matreshka_league_21.0.0_0c8f4d47/.objs/configure/configure-tests-install.o /Users/runner/work/alire-crates-ci/alire-crates-ci/test/567352c4-3af0-4eae-bbcb-e8d8127ead71/matreshka_league_21.0.0_0c8f4d47/.objs/configure/configure-tests-installation_directories.o /Users/runner/work/alire-crates-ci/alire-crates-ci/test/567352c4-3af0-4eae-bbcb-e8d8127ead71/matreshka_league_21.0.0_0c8f4d47/.objs/configure/configure-tests-modules.o /Users/runner/work/alire-crates-ci/alire-crates-ci/test/567352c4-3af0-4eae-bbcb-e8d8127ead71/matreshka_league_21.0.0_0c8f4d47/.objs/configure/configure-tests-mysql.o /Users/runner/work/alire-crates-ci/alire-crates-ci/test/567352c4-3af0-4eae-bbcb-e8d8127ead71/matreshka_league_21.0.0_0c8f4d47/.objs/configure/configure-tests-operating_system.o /Users/runner/work/alire-crates-ci/alire-crates-ci/test/567352c4-3af0-4eae-bbcb-e8d8127ead71/matreshka_league_21.0.0_0c8f4d47/.objs/configure/configure-tests-modules-amf.o /Users/runner/work/alire-crates-ci/alire-crates-ci/test/567352c4-3af0-4eae-bbcb-e8d8127ead71/matreshka_league_21.0.0_0c8f4d47/.objs/configure/configure-tests-oci.o /Users/runner/work/alire-crates-ci/alire-crates-ci/test/567352c4-3af0-4eae-bbcb-e8d8127ead71/matreshka_league_21.0.0_0c8f4d47/.objs/configure/configure-tests-postgresql.o /Users/runner/work/alire-crates-ci/alire-crates-ci/test/567352c4-3af0-4eae-bbcb-e8d8127ead71/matreshka_league_21.0.0_0c8f4d47/.objs/configure/configure-tests-sqlite3.o /Users/runner/work/alire-crates-ci/alire-crates-ci/test/567352c4-3af0-4eae-bbcb-e8d8127ead71/matreshka_league_21.0.0_0c8f4d47/.objs/configure/configure-tests-valgrind.o /Users/runner/work/alire-crates-ci/alire-crates-ci/test/567352c4-3af0-4eae-bbcb-e8d8127ead71/matreshka_league_21.0.0_0c8f4d47/.objs/configure/configure-version.o -L/Users/runner/work/alire-crates-ci/alire-crates-ci/test/567352c4-3af0-4eae-bbcb-e8d8127ead71/matreshka_league_21.0.0_0c8f4d47/.objs/configure/ -L/Users/runner/work/alire-crates-ci/alire-crates-ci/test/567352c4-3af0-4eae-bbcb-e8d8127ead71/matreshka_league_21.0.0_0c8f4d47/.objs/configure/ -L/users/runner/.config/alire/cache/dependencies/gnat_native_11.2.4_9800548d/lib/gcc/x86_64-apple-darwin19.6.0/11.2.0/adalib/ /users/runner/.config/alire/cache/dependencies/gnat_native_11.2.4_9800548d/lib/gcc/x86_64-apple-darwin19.6.0/11.2.0/adalib/libgnat.a -Wl,-rpath,@executable_path//.objs/configure -Wl,-rpath,@executable_path/../../../../../..//.config/alire/cache/dependencies/gnat_native_11.2.4_9800548d/lib/gcc/x86_64-apple-darwin19.6.0/11.2.0/adalib -o /Users/runner/work/alire-crates-ci/alire-crates-ci/test/567352c4-3af0-4eae-bbcb-e8d8127ead71/matreshka_league_21.0.0_0c8f4d47//configure
make: *** [config] Error 5
stderr: Command ["make", "reconfig"] exited with code 2
stderr: ALIRE.CHECKED_ERROR
stderr: Command ["make", "reconfig"] exited with code 2
stderr: raised ALIRE.CHECKED_ERROR : alire-stored-error:1
Load address: 0x10472e000
Call stack traceback locations:
0x105036415 0x104d09e83 0x104d0f729 0x104d10909 0x104d0fd1b 0x104e81299 0x104e81992 0x104e98873 0x104ee4dc1 0x104ee381a 0x104e989b8 0x104e82346 0x10479e1cf 0x1047a301c 0x10482905c 0x1048343b8 0x10472f605 0x104732914

stderr: A post-fetch action failed, re-run with -vv -d for details
ERROR: A post-fetch action failed, re-run with -vv -d for details
