Test ran at 2024-11-07 13:03:44.742194+00:00

SOLUTION:
ada_lua=0.1.0: An Ada binding for lua
Origin: commit 0aa4afc28577adf5106d6bd13bed6a086b6e9a8c from https://github.com/AdaCore/ada-lua.git
Properties:
   Author: Nicolas Roche <roche@adacore.com>
   Description: An Ada binding for lua
   License: GPL-3.0-or-later WITH GCC-exception-3.1
   Maintainer: Nicolas Roche <roche@adacore.com>
   Maintainers_Logins: Nikokrock
   Maintainers_Logins: Fabien-Chouteau
   Name: ada_lua
   Tag: lua
   Tag: binding
   Tag: script
   Version: 0.1.0
   Website: https://github.com/adacore/ada-lua
Dependencies (direct):
   liblua~5.3
Dependencies (solution):
   liblua=5.3.6
Dependencies (graph):
   ada_lua=0.1.0 --> liblua=5.3.6 (~5.3)


LOG:
Note: Deploying ada_lua=0.1.0...
Note: Deploying liblua=5.3.6...
The system package 'liblua5.3-dev' is about to be installed.
This action might require admin privileges and impact your system installation.
Do you want Alire to install this system package?
Using default: Yes
debconf: delaying package configuration, since apt-utils is not installed
Selecting previously unselected package libmagic-mgc.
(Reading database ... 
(Reading database ... 5%
(Reading database ... 10%
(Reading database ... 15%
(Reading database ... 20%
(Reading database ... 25%
(Reading database ... 30%
(Reading database ... 35%
(Reading database ... 40%
(Reading database ... 45%
(Reading database ... 50%
(Reading database ... 55%
(Reading database ... 60%
(Reading database ... 65%
(Reading database ... 70%
(Reading database ... 75%
(Reading database ... 80%
(Reading database ... 85%
(Reading database ... 90%
(Reading database ... 95%
(Reading database ... 100%
(Reading database ... 37106 files and directories currently installed.)
Preparing to unpack .../00-libmagic-mgc_1%3a5.44-3_amd64.deb ...
Unpacking libmagic-mgc (1:5.44-3) ...
Selecting previously unselected package libmagic1:amd64.
Preparing to unpack .../01-libmagic1_1%3a5.44-3_amd64.deb ...
Unpacking libmagic1:amd64 (1:5.44-3) ...
Selecting previously unselected package file.
Preparing to unpack .../02-file_1%3a5.44-3_amd64.deb ...
Unpacking file (1:5.44-3) ...
Selecting previously unselected package autoconf.
Preparing to unpack .../03-autoconf_2.71-3_all.deb ...
Unpacking autoconf (2.71-3) ...
Selecting previously unselected package autotools-dev.
Preparing to unpack .../04-autotools-dev_20220109.1_all.deb ...
Unpacking autotools-dev (20220109.1) ...
Selecting previously unselected package automake.
Preparing to unpack .../05-automake_1%3a1.16.5-1.3_all.deb ...
Unpacking automake (1:1.16.5-1.3) ...
Selecting previously unselected package libltdl7:amd64.
Preparing to unpack .../06-libltdl7_2.4.7-7~deb12u1_amd64.deb ...
Unpacking libltdl7:amd64 (2.4.7-7~deb12u1) ...
Selecting previously unselected package libltdl-dev:amd64.
Preparing to unpack .../07-libltdl-dev_2.4.7-7~deb12u1_amd64.deb ...
Unpacking libltdl-dev:amd64 (2.4.7-7~deb12u1) ...
Selecting previously unselected package liblua5.3-0:amd64.
Preparing to unpack .../08-liblua5.3-0_5.3.6-2_amd64.deb ...
Unpacking liblua5.3-0:amd64 (5.3.6-2) ...
Selecting previously unselected package libncurses6:amd64.
Preparing to unpack .../09-libncurses6_6.4-4_amd64.deb ...
Unpacking libncurses6:amd64 (6.4-4) ...
Selecting previously unselected package libncurses-dev:amd64.
Preparing to unpack .../10-libncurses-dev_6.4-4_amd64.deb ...
Unpacking libncurses-dev:amd64 (6.4-4) ...
Selecting previously unselected package libreadline-dev:amd64.
Preparing to unpack .../11-libreadline-dev_8.2-1.3_amd64.deb ...
Unpacking libreadline-dev:amd64 (8.2-1.3) ...
Selecting previously unselected package liblua5.3-dev:amd64.
Preparing to unpack .../12-liblua5.3-dev_5.3.6-2_amd64.deb ...
Unpacking liblua5.3-dev:amd64 (5.3.6-2) ...
Selecting previously unselected package libtool.
Preparing to unpack .../13-libtool_2.4.7-7~deb12u1_all.deb ...
Unpacking libtool (2.4.7-7~deb12u1) ...
Selecting previously unselected package libtool-bin.
Preparing to unpack .../14-libtool-bin_2.4.7-7~deb12u1_amd64.deb ...
Unpacking libtool-bin (2.4.7-7~deb12u1) ...
Setting up libmagic-mgc (1:5.44-3) ...
Setting up libmagic1:amd64 (1:5.44-3) ...
Setting up file (1:5.44-3) ...
Setting up autotools-dev (20220109.1) ...
Setting up libncurses6:amd64 (6.4-4) ...
Setting up libltdl7:amd64 (2.4.7-7~deb12u1) ...
Setting up autoconf (2.71-3) ...
Setting up liblua5.3-0:amd64 (5.3.6-2) ...
Setting up automake (1:1.16.5-1.3) ...
update-alternatives: using /usr/bin/automake-1.16 to provide /usr/bin/automake (automake) in auto mode
Setting up libncurses-dev:amd64 (6.4-4) ...
Setting up libtool (2.4.7-7~deb12u1) ...
Setting up libreadline-dev:amd64 (8.2-1.3) ...
Setting up libltdl-dev:amd64 (2.4.7-7~deb12u1) ...
Setting up libtool-bin (2.4.7-7~deb12u1) ...
Setting up liblua5.3-dev:amd64 (5.3.6-2) ...
Processing triggers for libc-bin (2.36-9+deb12u8) ...
Note: Building ada_lua/ada_lua.gpr...
Setup
   [mkdir]        object directory for project Ada_Lua
   [mkdir]        library directory for project Ada_Lua
Compile
   [Ada]          lua.adb
   [Ada]          lua-utils.adb
   [Ada]          lua-ada_limited_types.adb
   [Ada]          lua-ada_types.adb
Build Libraries
   [gprlib]       Ada_Lua.lexch
   [archive]      libAda_Lua.a
   [index]        libAda_Lua.a
Build finished successfully in 0.45 seconds.

ada_lua=0.1.0 successfully retrieved and built.
Dependencies were solved as follows:

   + liblua 5.3.6 (new)
Found declared GPR file: ada_lua.gpr
