Test ran at 2024-04-08 12:42:00.413286+00:00

SOLUTION:
ado_all=2.3.0: Ada Database Objects (All drivers)
Origin: commit a59fa70f33f842a76bbe68bfcdc97ada1add756c from https://gitlab.com/stcarrez/ada-ado.git
Properties:
   Post_Fetch run: ${CRATE_DIR}/./gnatprep -DHAVE_MYSQL=True -DHAVE_SQLITE=True -DHAVE_POSTGRESQL=True src/drivers/ado-drivers-initialize.gpb src/drivers/ado-drivers-initialize.adb
   Author: Stephane.Carrez@gmail.com
   Configuration: no modifiers
   Description: Ada Database Objects (All drivers)
   GPR Scenario: ADO_LIBRARY_TYPE := relocatable | static | static-pic
   GPR Scenario: BUILD := distrib | debug | optimize | profile | coverage
   License: Apache-2.0
   Long_Description: [![Build Status](https://img.shields.io/jenkins/s/https/jenkins.vacs.fr/Ada-ADO.svg)](https://jenkins.vacs.fr/job/Ada-ADO/)
[![Test Status](https://img.shields.io/jenkins/t/https/jenkins.vacs.fr/Ada-ADO.svg)](https://jenkins.vacs.fr/job/Ada-ADO/)
[![codecov](https://codecov.io/gh/stcarrez/ada-ado/branch/master/graph/badge.svg)](https://codecov.io/gh/stcarrez/ada-ado)
[![Documentation Status](https://readthedocs.org/projects/ada-ado/badge/?version=latest)](https://ada-ado.readthedocs.io/en/latest/?badge=latest)

This is the MySQL driver for the Ada Database Objects library.


   Maintainer: Stephane.Carrez@gmail.com
   Maintainers_Logins: stcarrez
   Name: ado_all
   Project_File: .alire/all/ado_all.gpr
   Tag: database
   Tag: uml
   Tag: sql
   Tag: mysql
   Tag: mariadb
   Tag: sqlite
   Tag: postgresql
   Version: 2.3.0
   Website: https://gitlab.com/stcarrez/ada-ado
Dependencies (direct):
   ado_mysql^2.3.0
   ado_postgresql^2.3.0
   ado_sqlite^2.3.0
Dependencies (solution):
   ado=2.3.0
   ado_mysql=2.3.0
   ado_postgresql=2.3.0
   ado_sqlite=2.3.0
   gnat=12.2.1 (gnat_native) (installed)
   utilada=2.5.0
   utilada_xml=2.5.0
   xmlada=23.0.0
Dependencies (external):
   libmariadb* (indirect,hinted)
   libpq* (indirect,hinted)
   libsqlite3* (indirect,hinted)
Dependencies (graph):
   ado=2.3.0            --> utilada=2.5.0 (^2.5.0)          
   ado=2.3.0            --> utilada_xml=2.5.0 (^2.5.0)      
   ado_all=2.3.0        --> ado_mysql=2.3.0 (^2.3.0)        
   ado_all=2.3.0        --> ado_postgresql=2.3.0 (^2.3.0)   
   ado_all=2.3.0        --> ado_sqlite=2.3.0 (^2.3.0)       
   ado_mysql=2.3.0      --> ado=2.3.0 (^2.3.0)              
   ado_mysql=2.3.0      --> libmariadb*                     
   ado_postgresql=2.3.0 --> ado=2.3.0 (^2.3.0)              
   ado_postgresql=2.3.0 --> libpq*                          
   ado_sqlite=2.3.0     --> ado=2.3.0 (^2.3.0)              
   ado_sqlite=2.3.0     --> libsqlite3*                     
   utilada_xml=2.5.0    --> utilada=2.5.0 (^2.5.0)          
   utilada_xml=2.5.0    --> xmlada=23.0.0 (*)               
   xmlada=23.0.0        --> gnat=12.2.1 (gnat_native) (>=11)
Dependencies cannot be met


LOG:
