Test ran at 2025-01-07 12:38:19.265295+00:00

SOLUTION:
ajunitgen=1.0.1: Generator of JUnit-compatible XML reports
Origin: commit 080ca96388e12dd7b5863463acbad3dc862e06ee from https://github.com/mosteo/ajunitgen.git
Properties:
   Author: Alejandro R. Mosteo
   Description: Generator of JUnit-compatible XML reports
   License: LGPL-3.0-only
   Maintainer: alejandro@mosteo.com
   Maintainers_Logins: mosteo
   Name: ajunitgen
   Tag: junit
   Tag: xml
   Version: 1.0.1
Dependencies (direct):
   xml_ez_out^1.6
Dependencies (solution):
   xml_ez_out=1.6.0
Dependencies (graph):
   ajunitgen=1.0.1 --> xml_ez_out=1.6.0 (^1.6)


LOG:
Note: Deploying ajunitgen=1.0.1...
Note: Deploying xml_ez_out=1.6.0...
#=#=#                                                                          
##O#-#                                                                         
##O=#  #                                                                       
#=#=-#  #                                                                      
Note: Building xml_ez_out/xml_ez_out.gpr...
Compile
   [Ada]          tmeztf.adb
   [Ada]          mckae.ads
   [Ada]          mckae-xml.ads
   [Ada]          mckae-xml-ez_out.ads
   [Ada]          mckae-xml-ez_out-generic_medium.adb
   [Ada]          mckae-xml-ez_out-string_stream.adb
   [Ada]          mckae-xml-ez_out-text_file.ads
Bind
   [gprbind]      tmeztf.bexch
   [Ada]          tmeztf.ali
Link
   [link]         tmeztf.adb
-macosx_version_min has been renamed to -macos_version_min
ld: warning: ignoring duplicate libraries: '-lSystem'
ld: warning: Support for dylib stub (MH_DYLIB_STUB) file '/Users/runner/.config/alire/cache/dependencies/gnat_native_11.2.4_9800548d/lib/libgcc_ext.10.5.dylib' is deprecated, text-based stubs should be used instead (with `GENERATE_TEXT_BASED_STUBS` build setting, or `tapi` tool)
ld: malformed mach-o missing relocations, LC_DYLD_INFO, or LC_DYLD_CHAINED_FIXUPS in '/Users/runner/.config/alire/cache/dependencies/gnat_native_11.2.4_9800548d/lib/libgcc_ext.10.5.dylib'
collect2: error: ld returned 1 exit status
gprbuild: link of tmeztf.adb failed
gprbuild: failed command was: /users/runner/.config/alire/cache/dependencies/gnat_native_11.2.4_9800548d/bin/gcc tmeztf.o b__tmeztf.o /Users/runner/work/alire-crates-ci/alire-crates-ci/test/e97423bd-776d-4836-8d94-44f96de782df/ajunitgen_1.0.1_080ca963/alire/cache/dependencies/xml_ez_out_1.6.0_c90d08dc/mckae.o /Users/runner/work/alire-crates-ci/alire-crates-ci/test/e97423bd-776d-4836-8d94-44f96de782df/ajunitgen_1.0.1_080ca963/alire/cache/dependencies/xml_ez_out_1.6.0_c90d08dc/mckae-xml.o /Users/runner/work/alire-crates-ci/alire-crates-ci/test/e97423bd-776d-4836-8d94-44f96de782df/ajunitgen_1.0.1_080ca963/alire/cache/dependencies/xml_ez_out_1.6.0_c90d08dc/mckae-xml-ez_out.o /Users/runner/work/alire-crates-ci/alire-crates-ci/test/e97423bd-776d-4836-8d94-44f96de782df/ajunitgen_1.0.1_080ca963/alire/cache/dependencies/xml_ez_out_1.6.0_c90d08dc/mckae-xml-ez_out-generic_medium.o /Users/runner/work/alire-crates-ci/alire-crates-ci/test/e97423bd-776d-4836-8d94-44f96de782df/ajunitgen_1.0.1_080ca963/alire/cache/dependencies/xml_ez_out_1.6.0_c90d08dc/mckae-xml-ez_out-string_stream.o /Users/runner/work/alire-crates-ci/alire-crates-ci/test/e97423bd-776d-4836-8d94-44f96de782df/ajunitgen_1.0.1_080ca963/alire/cache/dependencies/xml_ez_out_1.6.0_c90d08dc/mckae-xml-ez_out-text_file.o -L/Users/runner/work/alire-crates-ci/alire-crates-ci/test/e97423bd-776d-4836-8d94-44f96de782df/ajunitgen_1.0.1_080ca963/alire/cache/dependencies/xml_ez_out_1.6.0_c90d08dc/ -L/Users/runner/work/alire-crates-ci/alire-crates-ci/test/e97423bd-776d-4836-8d94-44f96de782df/ajunitgen_1.0.1_080ca963/alire/cache/dependencies/xml_ez_out_1.6.0_c90d08dc/ -L/users/runner/.config/alire/cache/dependencies/gnat_native_11.2.4_9800548d/lib/gcc/x86_64-apple-darwin19.6.0/11.2.0/adalib/ /users/runner/.config/alire/cache/dependencies/gnat_native_11.2.4_9800548d/lib/gcc/x86_64-apple-darwin19.6.0/11.2.0/adalib/libgnat.a -Wl,-rpath,@executable_path/ -Wl,-rpath,@executable_path/../../../../../../../../../..//.config/alire/cache/dependencies/gnat_native_11.2.4_9800548d/lib/gcc/x86_64-apple-darwin19.6.0/11.2.0/adalib -o tmeztf
stderr: Command ["gprbuild", "-s", "-j0", "-p", "-P", "/Users/runner/work/alire-crates-ci/alire-crates-ci/test/e97423bd-776d-4836-8d94-44f96de782df/ajunitgen_1.0.1_080ca963/alire/cache/dependencies/xml_ez_out_1.6.0_c90d08dc/xml_ez_out.gpr"] exited with code 4
ERROR: Command ["gprbuild", "-s", "-j0", "-p", "-P", "/Users/runner/work/alire-crates-ci/alire-crates-ci/test/e97423bd-776d-4836-8d94-44f96de782df/ajunitgen_1.0.1_080ca963/alire/cache/dependencies/xml_ez_out_1.6.0_c90d08dc/xml_ez_out.gpr"] exited with code 4
stderr: ALIRE.CHECKED_ERROR
stderr: Command ["gprbuild", "-s", "-j0", "-p", "-P", "/Users/runner/work/alire-crates-ci/alire-crates-ci/test/e97423bd-776d-4836-8d94-44f96de782df/ajunitgen_1.0.1_080ca963/alire/cache/dependencies/xml_ez_out_1.6.0_c90d08dc/xml_ez_out.gpr"] exited with code 4
stderr: raised ALIRE.CHECKED_ERROR : alire-stored-error:1
Load address: 0x1026bc000
Call stack traceback locations:
0x102fc4415 0x102c97e83 0x102eaadf9 0x102eab581 0x102e0bac3 0x102e09f99 0x102e26873 0x102e72dc1 0x102e713c2 0x102e269b8 0x102e0a349 0x10271b9c1 0x10272c578 0x10273101c 0x1027b705c 0x1027c23b8 0x1026bd605 0x1026c0914


Warning: ajunitgen=1.0.1 successfully retrieved but its build failed.
Dependencies were solved as follows:

   + xml_ez_out 1.6.0 (new)
ERROR: Build ended with errors
