Test ran at 2025-01-19 13:49:01.959610+00:00

SOLUTION:
aws=23.0.0: Ada Web Server
Origin: source archive aws-23.0.0.zip at https://github.com/AdaCore/aws/releases/download/v23.0.0/aws-23.0.0.zip with hash sha512:6c406859155c76bf9ca954e12eebf4f9985bbdef8c0151273df4eb86c6f5f9018e5800d7359f61a6a0b25eaa548de511180113f8abfdf38b211f594c5cbdfca5
Properties:
   Post_Fetch run: ${CRATE_DIR}/./make setup ZLIB=false DEMOS=false LAL=false XMLADA=false SOCKET=openssl prefix=install_dir PRJ_BUILD=Release
   Author: AdaCore
   Description: Ada Web Server
   GPR Scenario: LIBRARY_TYPE := static | relocatable
   GPR Scenario: PRJ_BUILD := Debug | Release
   GPR Scenario: PRJ_SOCKLIB := gnat | ipv6 | ipv4
   GPR Scenario: PRJ_TARGET := Windows_NT | UNIX | Darwin | vxworks | freebsd
   case OS is
      when Linux => (GPR External: PRJ_TARGET := UNIX and GPR External: TARGET := x86_64-pc-linux-gnu)
      when Macos => (GPR External: PRJ_TARGET := Darwin and GPR External: TARGET := x86_64-apple-darwin19.6.0)
      when Windows => (GPR External: PRJ_TARGET := Windows_NT and GPR External: TARGET := x86_64-w64-mingw32)
   GPR External: PRJ_LAL := Disabled
   GPR External: PRJ_LDAP := Disabled
   License: GPL-3.0-only WITH GCC-exception-3.1
   Maintainer: chouteau@adacore.com
   Maintainers_Logins: Fabien-Chouteau
   Name: aws
   Project_File: aws.gpr
   Tag: aws
   Tag: web
   Tag: server
   Tag: http
   Tag: https
   Tag: soap
   Tag: wsdl
   Tag: ssl
   Version: 23.0.0
   Website: https://github.com/adacore/aws
Dependencies (direct):
   gnat>=12
   gnatcoll~23.0.0
   make*
   openssl*
   xmlada~23.0.0
Dependencies (solution):
   gnat=13.1.0 (gnat_native) (installed)
   gnatcoll=23.0.0
   libgpr=23.0.0
   make=3.81.0
   xmlada=23.0.0
Dependencies (external):
   openssl* (direct,hinted)
Dependencies (graph):
   aws=23.0.0      --> gnat=13.1.0 (gnat_native) (>=12)  
   aws=23.0.0      --> gnatcoll=23.0.0 (~23.0.0)         
   aws=23.0.0      --> make=3.81.0 (*)                   
   aws=23.0.0      --> openssl*                          
   aws=23.0.0      --> xmlada=23.0.0 (~23.0.0)           
   gnatcoll=23.0.0 --> libgpr=23.0.0 (~23.0.0)           
   libgpr=23.0.0   --> gnat=13.1.0 (gnat_native) (/=2020)
   libgpr=23.0.0   --> xmlada=23.0.0 (~23.0.0)           
   xmlada=23.0.0   --> gnat=13.1.0 (gnat_native) (>=11)  
Dependencies cannot be met


LOG:
