Test ran at 2024-09-29 01:30:56.017106+00:00

SOLUTION:
lace_xml=0.1.0: Provides simple XML read/write support.
Origin: source archive lace_xml-0.1.0.tgz at https://github.com/charlie5/lace-alire/releases/download/v0.1.0/lace_xml-0.1.0.tgz with hashes sha256:b6aa904a368c5e56323203633b139613569ec31f780a66ee9af2e350b6d2de7d, sha512:bbec9447d5acc2831b2626fd13eda605b4e035cf445c8f9b235d4a2aba146b1df1bc1f88a0169f27aa0026050e1d4cbc7949d83bf93ed74259627a6d7f3b8816
Properties:
   Author: Rod Kay
   Description: Provides simple XML read/write support.
   License: ISC
   Maintainer: Rod Kay <rodakay5@gmail.com>
   Maintainers_Logins: charlie5
   Name: lace_xml
   Project_File: library/xml.gpr
   Version: 0.1.0
Dependencies (direct):
   lace_shared~0.1
   libexpat*
Dependencies (solution):
   lace_shared=0.1.0
   libexpat=2.6.2
Dependencies (graph):
   lace_xml=0.1.0 --> lace_shared=0.1.0 (~0.1)
   lace_xml=0.1.0 --> libexpat=2.6.2 (*)      


LOG:
Note: Deploying lace_xml=0.1.0...
#=#=#                                                                          

############################                                              39.4%
######################################################################## 100.0%
Note: Deploying lace_shared=0.1.0...
#=#=#                                                                          

######################################################################## 100.0%
Note: Deploying libexpat=2.6.2...
Note: Building lace_xml/library/xml.gpr...
Setup
   [mkdir]        object directory for project Xml
Compile
   [Ada]          xml-reader.adb
   [Ada]          xml.adb
   [Ada]          xml-writer.adb
xml.adb:43:07: warning: variable "Depth" is not referenced [-gnatwu]
Build finished successfully in 0.98 seconds.

lace_xml=0.1.0 successfully retrieved and built.
Dependencies were solved as follows:

   + lace_shared 0.1.0 (new)
   + libexpat    2.6.2 (new)
Found declared GPR file: library/xml.gpr
