Test ran at 2025-02-02 13:37:12.838782+00:00

SOLUTION:
mage_hat=0.3.0: A hat that jumps around and behaves magically
Origin: commit 255dc3724001a82c1b8f619f971663a8b67e5def from https://gitlab.com/leogermond/mage_hat.git
Properties:
   Author: Léo Germond
   Description: A hat that jumps around and behaves magically
   Executable: mage_hat
   License: Apache-2.0
   Maintainer: Léo Germond <germond@adacore.com>
   Maintainers_Logins: leogermond
   Name: mage_hat
   Tag: game
   Tag: demo
   Tag: magic
   Version: 0.3.0
   Website: https://gitlab.com/leogermond/mage_hat
Dependencies (direct):
   mage~0.6.0
Dependencies (solution):
   mage=0.6.1
   make=3.81.0
   sdlada=2.5.5
Dependencies (external):
   libsdl2^2.0.0 (indirect,hinted)
   libsdl2_image^2.0.0 (indirect,hinted)
   libsdl2_ttf^2.0.0 (indirect,hinted)
Dependencies (graph):
   mage=0.6.1     --> sdlada=2.5.5 (^2.5.4-1)
   mage_hat=0.3.0 --> mage=0.6.1 (~0.6.0)    
   sdlada=2.5.5   --> libsdl2^2.0.0          
   sdlada=2.5.5   --> libsdl2_image^2.0.0    
   sdlada=2.5.5   --> libsdl2_ttf^2.0.0      
   sdlada=2.5.5   --> make=3.81.0 (*)        
Dependencies cannot be met


LOG:
