Test ran at 2024-05-21 00:47:43.542206+00:00

SOLUTION:
hangman=1.0.0: Hangman game for the console
Origin: source archive v1.0.tar.gz at https://github.com/alire-project/Hangman/archive/v1.0.tar.gz with hash sha512:be628ad574b3072b2b854bf8f272c6c9d95cf9b2d88e7baa9a09754519ba6dc393b7fc7241547a9efc9705bfc77ca427a164ae8a52cfa5d739367f0bbaba7903
Properties:
   Author: Jon Hollan, Mark Hoffman, & Brandon Ball
   Description: Hangman game for the console
   Executable: hangmain
   Maintainer: alejandro@mosteo.com
   Maintainers_Logins: mosteo
   Name: hangman
   Version: 1.0.0


LOG:
Note: Deploying hangman=1.0.0...
#=#=#                                                                         
##O#-#                                                                        
Note: Building hangman/hangman.gpr...
Setup
   [mkdir]        object directory for project Hangman
   [mkdir]        exec directory for project Hangman
Compile
   [Ada]          hangmain.adb
hangmain.adb:2:09: warning: unit "Ada.integer_text_io" is not referenced [-gnatwu]
hangmain.adb:3:20: warning: no entities of "Ada.Characters.Handling" are referenced [-gnatwu]
hangmain.adb:3:31: warning: use clause for package "Handling" has no effect [-gnatwu]
hangmain.adb:5:17: warning: no entities of "Ada.Strings.Maps" are referenced [-gnatwu]
hangmain.adb:5:24: warning: use clause for package "Maps" has no effect [-gnatwu]
hangmain.adb:7:18: warning: unit "Ada.Numerics.Discrete_Random" is not referenced [-gnatwu]
hangmain.adb:8:09: warning: unit "ada.io_exceptions" is not referenced [-gnatwu]
hangmain.adb:24:09: warning: variable "totalcount" is assigned but never read [-gnatwm]
   [Ada]          hangman.adb
hangman.adb:2:09: warning: no entities of "Ada.Integer_Text_IO" are referenced [-gnatwu]
hangman.adb:2:27: warning: use clause for package "Integer_Text_IO" has no effect [-gnatwu]
hangman.adb:4:06: warning: redundant with clause in body [-gnatwr]
hangman.adb:4:29: warning: "Unbounded" is already use-visible through previous use_clause at hangman.ads:2 [-gnatwr]
hangman.adb:4:29: warning: use clause for package "Unbounded" has no effect [-gnatwu]
hangman.adb:5:06: warning: redundant with clause [-gnatwr]
hangman.adb:5:09: warning: no entities of "Ada.Integer_Text_IO" are referenced [-gnatwu]
hangman.adb:5:27: warning: use clause for package "Integer_Text_IO" has no effect [-gnatwu]
hangman.adb:5:34: warning: "Integer_Text_IO" is already use-visible through previous use_clause at line 2 [-gnatwr]
hangman.adb:6:06: warning: redundant with clause [-gnatwr]
hangman.adb:6:09: warning: no entities of "ada.integer_text_io" are referenced [-gnatwu]
hangman.adb:7:01: warning: use clause for package "Integer_Text_IO" has no effect [-gnatwu]
hangman.adb:7:08: warning: "Integer_Text_IO" is already use-visible through previous use_clause at line 5 [-gnatwr]
hangman.adb:123:01: warning: variable "Test_File" is not referenced [-gnatwu]
Bind
   [gprbind]      hangmain.bexch
   [Ada]          hangmain.ali
Link
   [link]         hangmain.adb
-macosx_version_min has been renamed to -macos_version_min
0  0x1003c5f43  __assert_rtn + 64
1  0x1002c7f43  ld::AtomPlacement::findAtom(unsigned char, unsigned long long, ld::AtomPlacement::AtomLoc const*&, long long&) const + 1411
2  0x1002e4431  ld::InputFiles::SliceParser::parseObjectFile(mach_o::Header const*) const + 19745
3  0x1002f4b71  ld::InputFiles::parseAllFiles(void (ld::AtomFile const*) block_pointer)::$_7::operator()(unsigned long, ld::FileInfo const&) const + 657
4  0x7ff8075aedef  _dispatch_client_callout2 + 8
5  0x7ff8075c0547  _dispatch_apply_invoke3 + 431
6  0x7ff8075aedbc  _dispatch_client_callout + 8
7  0x7ff8075b004e  _dispatch_once_callout + 20
8  0x7ff8075bf740  _dispatch_apply_invoke + 184
9  0x7ff8075aedbc  _dispatch_client_callout + 8
10  0x7ff8075be2ca  _dispatch_root_queue_drain + 871
11  0x7ff8075be84f  _dispatch_worker_thread2 + 152
12  0x7ff80774cb43  _pthread_wqthread + 262
ld: Assertion failed: (resultIndex < sectData.atoms.size()), function findAtom, file Relocations.cpp, line 1336.
collect2: error: ld returned 1 exit status
gprbuild: link of hangmain.adb failed
gprbuild: failed command was: /users/runner/.config/alire/cache/dependencies/gnat_native_12.2.1_77267eb1/bin/gcc hangmain.o b__hangmain.o /Users/runner/work/alire-crates-ci/alire-crates-ci/test/985649be-1ba7-4963-868c-08aa89416da3/hangman_1.0.0_be628ad5/obj/hangman.o -g -L/Users/runner/work/alire-crates-ci/alire-crates-ci/test/985649be-1ba7-4963-868c-08aa89416da3/hangman_1.0.0_be628ad5/obj/ -L/Users/runner/work/alire-crates-ci/alire-crates-ci/test/985649be-1ba7-4963-868c-08aa89416da3/hangman_1.0.0_be628ad5/obj/ -L/users/runner/.config/alire/cache/dependencies/gnat_native_12.2.1_77267eb1/lib/gcc/x86_64-apple-darwin19.6.0/12.2.0/adalib/ /users/runner/.config/alire/cache/dependencies/gnat_native_12.2.1_77267eb1/lib/gcc/x86_64-apple-darwin19.6.0/12.2.0/adalib/libgnat.a -Wl,-rpath,@executable_path/..//obj -Wl,-rpath,@executable_path/../../../../../../..//.config/alire/cache/dependencies/gnat_native_12.2.1_77267eb1/lib/gcc/x86_64-apple-darwin19.6.0/12.2.0/adalib -o /Users/runner/work/alire-crates-ci/alire-crates-ci/test/985649be-1ba7-4963-868c-08aa89416da3/hangman_1.0.0_be628ad5/bin//hangmain
stderr: Command ["gprbuild", "-s", "-j0", "-p", "-P", "/Users/runner/work/alire-crates-ci/alire-crates-ci/test/985649be-1ba7-4963-868c-08aa89416da3/hangman_1.0.0_be628ad5/hangman.gpr"] exited with code 4
ERROR: Command ["gprbuild", "-s", "-j0", "-p", "-P", "/Users/runner/work/alire-crates-ci/alire-crates-ci/test/985649be-1ba7-4963-868c-08aa89416da3/hangman_1.0.0_be628ad5/hangman.gpr"] exited with code 4
stderr: ALIRE.CHECKED_ERROR
stderr: Command ["gprbuild", "-s", "-j0", "-p", "-P", "/Users/runner/work/alire-crates-ci/alire-crates-ci/test/985649be-1ba7-4963-868c-08aa89416da3/hangman_1.0.0_be628ad5/hangman.gpr"] exited with code 4
stderr: raised ALIRE.CHECKED_ERROR : alire-stored-error:1
Load address: 0x1008aa000
Call stack traceback locations:
0x1011b2415 0x100e85e83 0x101098df9 0x101099581 0x100ff9ac3 0x100ff7f99 0x101014873 0x101060dc1 0x10105f81a 0x1010149b8 0x100ff8349 0x1009099c1 0x10091a578 0x10091f01c 0x1009a505c 0x1009b03b8 0x1008ab605 0x1008ae914


Warning: hangman=1.0.0 successfully retrieved but its build failed.
There are no dependencies.
ERROR: Build ended with errors
