Test ran at 2024-09-02 00:44:05.395862+00:00

SOLUTION:
avrada_mcu=2.2.0: Device (MCU) specific definitions for AVR microcontrollers
Origin: commit b6f5cf0d6b9e4981ce79c6ed7f3dd28600c08dbf from https://github.com/RREE/AVRAda_MCU.git
Properties:
   Author: Rolf Ebert
   Description: Device (MCU) specific definitions for AVR microcontrollers
   License: GPL-2.0-or-later WITH GCC-exception-3.1
   Maintainer: Rolf Ebert <rolf.ebert.gcc@gmx.de>
   Maintainers_Logins: RREE
   Name: avrada_mcu
   Tag: avr
   Tag: embedded
   Tag: rts
   Version: 2.2.0
   Website: https://sourceforge.net/projects/avr-ada/
Dependencies (direct):
   avrada_rts^2.0.1
   gnat_avr_elf^11 | ^12.2
Dependencies (solution):
   avrada_rts=2.0.1
   gnat_avr_elf=12.2.1 (installed)
Dependencies (graph):
   avrada_mcu=2.2.0 --> avrada_rts=2.0.1 (^2.0.1)        
   avrada_mcu=2.2.0 --> gnat_avr_elf=12.2.1 (^11 | ^12.2)
   avrada_rts=2.0.1 --> gnat_avr_elf=12.2.1 (^11 | ^12.2)


LOG:
Note: Deploying avrada_mcu=2.2.0...
Note: Deploying gnat_avr_elf=12.2.1...
#=#=#                                                                          
##O#-#                                                                         

                                                                           0.0%
###                                                                        5.5%
######                                                                     8.7%
############                                                              17.4%
################                                                          23.6%
##################                                                        26.2%
########################                                                  33.6%
###########################                                               37.6%
###############################                                           43.7%
#################################                                         46.0%
#####################################                                     52.4%
#########################################                                 57.5%
###############################################                           66.2%
###################################################                       71.9%
########################################################                  78.5%
############################################################              84.0%
##################################################################        92.2%
#####################################################################     97.2%
######################################################################    97.9%
#######################################################################   99.2%
######################################################################## 100.0%
Note: gnat_avr_elf=12.2.1 installed successfully.
Note: Deploying avrada_rts=2.0.1...
Note: Building avrada_mcu/avrada_mcu.gpr...
Setup
   [mkdir]        object directory for project AVRAda_RTS
   [mkdir]        library directory for project AVRAda_RTS
   [mkdir]        object directory for project AVRAda_MCU
   [mkdir]        library directory for project AVRAda_MCU
Compile
   [Asm_CPP]      ada_u32_img.s
   [Ada]          avrada_rts_config.ads
   [Ada]          i-c.ads
   [Ada]          s-intimg.ads
   [Ada]          a-calend.ads
   [Ada]          s-stalib.ads
   [Ada]          s-memory.adb
   [Ada]          a-chlat9.ads
   [Ada]          a-cgarso.adb
   [Ada]          gnat.ads
   [Ada]          unchconv.ads
   [Ada]          s-assert.adb
   [Ada]          unchdeal.ads
   [Ada]          a-unccon.ads
   [Ada]          s-unstyp.ads
   [Ada]          s-parame.ads
   [Ada]          machcode.ads
   [Ada]          a-contai.ads
   [Ada]          a-uncdea.ads
   [Ada]          s-stoele.adb
   [Ada]          s-bitops.adb
   [Ada]          a-charac.ads
   [Ada]          s-sssita.adb
   [Ada]          ada.ads
   [Ada]          s-maccod.ads
   [Ada]          g-souinf.ads
   [Ada]          a-tags.adb
   [Ada]          interfac.ads
   [Ada]          s-secsta.adb
   [Ada]          a-chlat1.ads
   [Ada]          a-caldel.ads
   [Ada]          a-cgcaso.adb
   [Ada]          system.ads
   [Ada]          a-except.adb
   [Ada]          s-gccbui.ads
   [Ada]          avr-mcu.ads
   [Ada]          avr-atmega328p-bootloader.ads
   [Ada]          avr-atmega328p.ads
   [Ada]          avr.adb
Build Libraries
   [gprlib]       gnat.lexch
   [gprlib]       avrada_mcu.lexch
   [archive]      libgnat.a
   [index]        libgnat.a
   [archive]      libavrada_mcu.a
   [index]        libavrada_mcu.a
Build finished successfully in 5.95 seconds.

avrada_mcu=2.2.0 successfully retrieved and built.
Dependencies were solved as follows:

   +  avrada_rts   2.0.1  (new)          
   +i gnat_avr_elf 12.2.1 (new,installed)
Found declared GPR file: avrada_mcu.gpr
