Test ran at 2022-09-20 01:13:05.931077+00:00

SOLUTION:
gprbuild=22.0.1: The GPRBuild Ada/multilanguage build tool
Origin: (case OS is Linux => (case Word_Size is Bits_64 => binary archive gprbuild-x86_64-linux-22.0.0-1.tar.gz at https://github.com/alire-project/GNAT-FSF-builds/releases/download/gprbuild-22.0.0-1/gprbuild-x86_64-linux-22.0.0-1.tar.gz), Macos => (case Word_Size is Bits_64 => binary archive gprbuild-x86_64-darwin-22.0.0-1.tar.gz at https://github.com/alire-project/GNAT-FSF-builds/releases/download/gprbuild-22.0.0-1/gprbuild-x86_64-darwin-22.0.0-1.tar.gz), Windows => (case Word_Size is Bits_64 => binary archive gprbuild-x86_64-windows64-22.0.0-1.tar.gz at https://github.com/alire-project/GNAT-FSF-builds/releases/download/gprbuild-22.0.0-1/gprbuild-x86_64-windows64-22.0.0-1.tar.gz)) with hash sha256:24dfc1b54655edd4f85589e7e7dbd0bee24d087f25d5b0f13d3224fe7acf85b8
Properties:
   Auto_Gpr_With: auto-gpr-with=false
   Configuration: no modifiers
   Description: The GPRBuild Ada/multilanguage build tool
   Environment: PATH=${CRATE_ROOT}/bin:${PATH}
   Maintainer: chouteau@adacore.com
   Maintainers_Logins: Fabien-Chouteau
   Name: gprbuild
   Version: 22.0.1


LOG:
Note: Deploying gprbuild=22.0.1...
#=#=#                                                                         
##O#- #                                                                       
##O=#  #                                                                      

###                                                                        4.4%
########                                                                  11.4%
#############                                                             19.3%
#################                                                         24.7%
#####################                                                     29.8%
############################                                              39.6%
################################                                          44.8%
###################################                                       49.9%
#########################################                                 57.6%
##############################################                            64.9%
#####################################################                     74.7%
############################################################              83.8%
################################################################          89.4%
#######################################################################   99.1%
######################################################################## 100.0%
Note: Skipping build step for binary release gprbuild=22.0.1

gprbuild=22.0.1 successfully retrieved and deployed.
There are no dependencies.
