Test ran at 2024-01-06 13:06:24.462461+00:00

SOLUTION:
sdlada=2.5.5: Ada 2012 SDL 2.x bindings.
Origin: commit 429c594de613c5ba2f0d7c59f8708956697e14f1 from https://github.com/Lucretia/sdlada.git
Available when: (case Distribution is others => True)
Properties:
   Pre_Build run: ${CRATE_DIR}/./make -C ./build/gnat tools
   Author: Luke A. Guest
   Description: Ada 2012 SDL 2.x bindings.
   case Distribution is
      when Msys2 => Environment: C_INCLUDE_PATH=${C_INCLUDE_PATH}:${DISTRIB_ROOT}/mingw64/include/SDL2
   GPR Scenario: SDL_MODE := debug | release
   GPR Scenario: SDL_PLATFORM := linux | bsd | windows | macosx | macos_homebrew | ios | android
   case OS is
      when Linux => GPR External: SDL_PLATFORM := linux
      when Macos => GPR External: SDL_PLATFORM := macos_homebrew
      when Windows => GPR External: SDL_PLATFORM := windows
   GPR External: BUILD_MODE := release
   License: Zlib
   Maintainer: Luke A. Guest <laguest@archeia.com>
   Maintainers_Logins: Lucretia
   Name: sdlada
   Project_File: build/gnat/sdlada.gpr
   Tag: gamedev
   Tag: games
   Tag: portable
   Tag: cross-platform
   Version: 2.5.5
   Website: https://github.com/Lucretia/sdlada
Dependencies (direct):
   libsdl2^2.0.0
   libsdl2_image^2.0.0
   libsdl2_ttf^2.0.0
   make*
Dependencies (solution):
   libsdl2=2.28.5
   libsdl2_image=2.8.2
   libsdl2_ttf=2.20.2
   make=4.4.1
Dependencies (graph):
   sdlada=2.5.5 --> libsdl2=2.28.5 (^2.0.0)     
   sdlada=2.5.5 --> libsdl2_image=2.8.2 (^2.0.0)
   sdlada=2.5.5 --> libsdl2_ttf=2.20.2 (^2.0.0) 
   sdlada=2.5.5 --> make=4.4.1 (*)              


LOG:
Note: Deploying sdlada=2.5.5...
Note: Deploying libsdl2=2.28.5...
The system package 'sdl2' is about to be installed.
This action might require admin privileges and impact your system installation.
Do you want Alire to install this system package?
Using default: Yes
resolving dependencies...
looking for conflicting packages...

Package (4)       New Version  Net Change  Download Size

extra/hidapi      0.14.0-2       0.13 MiB       0.04 MiB
extra/libxcursor  1.2.1-3        0.06 MiB       0.03 MiB
extra/libxrender  0.9.11-1       0.10 MiB       0.03 MiB
extra/sdl2        2.28.5-1       4.45 MiB       0.97 MiB

Total Download Size:   1.07 MiB
Total Installed Size:  4.74 MiB

:: Proceed with installation? [Y/n] 
:: Retrieving packages...
 sdl2-2.28.5-1-x86_64 downloading...
 hidapi-0.14.0-2-x86_64 downloading...
 libxcursor-1.2.1-3-x86_64 downloading...
 libxrender-0.9.11-1-x86_64 downloading...
checking keyring...
checking package integrity...
loading package files...
checking for file conflicts...
:: Processing package changes...
installing libxrender...
installing libxcursor...
installing hidapi...
Optional dependencies for hidapi
    libusb: for hidapi-libusb [installed]
installing sdl2...
Optional dependencies for sdl2
    alsa-lib: ALSA audio driver
    libpulse: PulseAudio audio driver
    jack: JACK audio driver
    pipewire: PipeWire audio driver
    libdecor: Wayland client decorations
:: Running post-transaction hooks...
(1/1) Arming ConditionNeedsUpdate...
Note: Deploying libsdl2_image=2.8.2...
The system package 'sdl2_image' is about to be installed.
This action might require admin privileges and impact your system installation.
Do you want Alire to install this system package?
Using default: Yes
resolving dependencies...
looking for conflicting packages...

Package (19)         New Version       Net Change  Download Size

extra/aom            3.8.0-2             8.91 MiB       2.75 MiB
extra/dav1d          1.3.0-1             1.77 MiB       0.61 MiB
extra/giflib         5.2.1-2             0.30 MiB       0.07 MiB
extra/gperftools     2.13-2              2.36 MiB       0.58 MiB
extra/highway        1.0.7-1             6.11 MiB       0.86 MiB
extra/imath          3.1.9-2            26.85 MiB       4.02 MiB
extra/jbigkit        2.1-7               0.16 MiB       0.05 MiB
extra/libavif        1.0.3-1             0.39 MiB       0.14 MiB
extra/libdeflate     1.19-1              0.12 MiB       0.05 MiB
extra/libjpeg-turbo  3.0.1-1             2.39 MiB       0.52 MiB
extra/libjxl         0.8.2-2            10.50 MiB       2.03 MiB
extra/libpng         1.6.40-2            0.57 MiB       0.24 MiB
extra/libtiff        4.6.0-2             5.06 MiB       0.94 MiB
extra/libwebp        1.3.2-1             1.07 MiB       0.34 MiB
extra/libyuv         r2426+464c51a0-1    1.85 MiB       0.30 MiB
extra/openexr        3.2.1-1             7.16 MiB       1.21 MiB
extra/rav1e          0.6.6-3             7.46 MiB       1.52 MiB
extra/svt-av1        1.8.0-1             7.28 MiB       2.02 MiB
extra/sdl2_image     2.8.2-1             0.20 MiB       0.07 MiB

Total Download Size:   18.33 MiB
Total Installed Size:  90.50 MiB

:: Proceed with installation? [Y/n] 
:: Retrieving packages...
 imath-3.1.9-2-x86_64 downloading...
 aom-3.8.0-2-x86_64 downloading...
 libjxl-0.8.2-2-x86_64 downloading...
 svt-av1-1.8.0-1-x86_64 downloading...
 rav1e-0.6.6-3-x86_64 downloading...
 openexr-3.2.1-1-x86_64 downloading...
 libtiff-4.6.0-2-x86_64 downloading...
 highway-1.0.7-1-x86_64 downloading...
 dav1d-1.3.0-1-x86_64 downloading...
 gperftools-2.13-2-x86_64 downloading...
 libjpeg-turbo-3.0.1-1-x86_64 downloading...
 libwebp-1.3.2-1-x86_64 downloading...
 libyuv-r2426+464c51a0-1-x86_64 downloading...
 libpng-1.6.40-2-x86_64 downloading...
 libavif-1.0.3-1-x86_64 downloading...
 giflib-5.2.1-2-x86_64 downloading...
 sdl2_image-2.8.2-1-x86_64 downloading...
 libdeflate-1.19-1-x86_64 downloading...
 jbigkit-2.1-7-x86_64 downloading...
checking keyring...
checking package integrity...
loading package files...
checking for file conflicts...
:: Processing package changes...
installing libpng...
installing jbigkit...
installing libjpeg-turbo...
Optional dependencies for libjpeg-turbo
    java-runtime>11: for TurboJPEG Java wrapper
installing libtiff...
Optional dependencies for libtiff
    freeglut: for using tiffgt
installing giflib...
installing libwebp...
installing aom...
installing dav1d...
Optional dependencies for dav1d
    dav1d-doc: HTML documentation
installing rav1e...
installing svt-av1...
installing libyuv...
installing libavif...
installing gperftools...
Optional dependencies for gperftools
    graphviz: pprof graph generation
    perl: pprof and pprof-symbolize commands [installed]
installing highway...
installing imath...
Optional dependencies for imath
    python: python bindings [installed]
    boost-libs: python bindings
installing libdeflate...
installing openexr...
installing libjxl...
Optional dependencies for libjxl
    gdk-pixbuf2: for gdk-pixbuf loader
    gimp: for gimp plugin
    java-runtime: for JNI bindings
installing sdl2_image...
:: Running post-transaction hooks...
(1/1) Arming ConditionNeedsUpdate...
Note: Deploying libsdl2_ttf=2.20.2...
The system package 'sdl2_ttf' is about to be installed.
This action might require admin privileges and impact your system installation.
Do you want Alire to install this system package?
Using default: Yes
resolving dependencies...
looking for conflicting packages...
warning: dependency cycle detected:
warning: harfbuzz will be installed before its freetype2 dependency

Package (4)      New Version  Net Change  Download Size

extra/freetype2  2.13.2-1       1.63 MiB       0.51 MiB
extra/graphite   1:1.3.14-3     0.20 MiB       0.08 MiB
extra/harfbuzz   8.3.0-2        3.90 MiB       0.98 MiB
extra/sdl2_ttf   2.20.2-1       1.48 MiB       0.62 MiB

Total Download Size:   2.20 MiB
Total Installed Size:  7.22 MiB

:: Proceed with installation? [Y/n] 
:: Retrieving packages...
 harfbuzz-8.3.0-2-x86_64 downloading...
 sdl2_ttf-2.20.2-1-x86_64 downloading...
 freetype2-2.13.2-1-x86_64 downloading...
 graphite-1:1.3.14-3-x86_64 downloading...
checking keyring...
checking package integrity...
loading package files...
checking for file conflicts...
:: Processing package changes...
installing graphite...
Optional dependencies for graphite
    graphite-docs: Documentation
installing harfbuzz...
Optional dependencies for harfbuzz
    harfbuzz-utils: utilities
installing freetype2...
installing sdl2_ttf...
:: Running post-transaction hooks...
(1/1) Arming ConditionNeedsUpdate...
Note: Deploying make=4.4.1...
Note: Running pre_build actions for sdlada=2.5.5...
make: Entering directory '/home/runner/work/alire-crates-ci/alire-crates-ci/test/4f3947b9-04d5-4892-8304-1cdf55ab334e/sdlada_2.5.5_429c594d/build/gnat'
mkdir -p gen/src/
gprbuild -p -gnat2012 -XSDL_MODE=debug -XSDL_PLATFORM=linux \
	-Ptools.gpr
Setup
   [mkdir]        object directory for project Tools
Compile
   [Ada]          gen_keyboard.adb
   [Ada]          scancodes.ads
   [Ada]          utils.adb
Bind
   [gprbind]      gen_keyboard.bexch
   [Ada]          gen_keyboard.ali
Link
   [link]         gen_keyboard.adb
./gen/debug/tools/gen_keyboard > gen/src/sdl-events-keyboards.ads
make: Leaving directory '/home/runner/work/alire-crates-ci/alire-crates-ci/test/4f3947b9-04d5-4892-8304-1cdf55ab334e/sdlada_2.5.5_429c594d/build/gnat'
Note: Building sdlada/build/gnat/sdlada.gpr...
Setup
   [mkdir]        object directory for project SDLAda
Compile
   [C]            version_ttf.c
   [C]            version_images.c
   [C]            version.c
   [Ada]          sdl-ttfs-versions.adb
   [Ada]          sdl-ttfs.adb
   [Ada]          sdl-ttfs-makers.adb
   [Ada]          sdl-images.adb
   [Ada]          sdl-images-versions.adb
   [Ada]          sdl-images-io.adb
   [Ada]          sdl-events-events.adb
   [Ada]          sdl-timers.ads
   [Ada]          sdl-video-palettes.adb
   [Ada]          sdl-power.adb
   [Ada]          sdl-video-pixel_formats.adb
   [Ada]          sdl-events-mice.ads
   [Ada]          sdl-video-textures.adb
sdl-video-palettes.ads:59:42: warning: 8 bits of "RGB_Colour" unused [enabled by default]
   [Ada]          sdl-video-gl.adb
   [Ada]          sdl-video-pixels.ads
sdl-video-pixel_formats.ads:28:09: warning: unit "Ada.Unchecked_Conversion" is not referenced [-gnatwu]
   [Ada]          sdl-events-joysticks.adb
sdl-video-textures.adb:25:09: warning: unit "Ada.Unchecked_Conversion" is not referenced [-gnatwu]
   [Ada]          sdl-c_pointers.ads
   [Ada]          sdl-video-textures-makers.adb
sdl-video-pixels.ads:78:12: warning: type "Element_Array_2D" is not referenced [-gnatwu]
   [Ada]          sdl-events-touches.ads
   [Ada]          sdl-log.adb
   [Ada]          sdl-video-windows-makers.adb
   [Ada]          sdl-events.ads
   [Ada]          sdl-video-windows-manager.adb
sdl-events.ads:31:09: warning: unit "Ada.Unchecked_Conversion" is not referenced [-gnatwu]
   [Ada]          sdl-events-controllers.ads
   [Ada]          sdl-rwops-streams.adb
sdl-video-gl.adb:49:07: warning: literal "Attribute_Retained_Backing" is not referenced [-gnatwu]
   [Ada]          sdl-hints.adb
   [Ada]          sdl-cpus.adb
   [Ada]          sdl-video-renderers.adb
   [Ada]          sdl-video-renderers-makers.adb
   [Ada]          sdl-platform.adb
   [Ada]          sdl-inputs-mice.adb
   [Ada]          sdl-inputs-mice-cursors.adb
   [Ada]          sdl-inputs.ads
   [Ada]          sdl-inputs-joysticks-game_controllers.adb
   [Ada]          sdl-events-joysticks-game_controllers.adb
   [Ada]          sdl-versions.adb
   [Ada]          sdl-video-displays.adb
   [Ada]          sdl-video-surfaces-makers.adb
   [Ada]          sdl-events-files.ads
   [Ada]          sdl-video-windows.adb
   [Ada]          sdl-inputs-joysticks-makers.adb
sdl-video-displays.adb:24:06: warning: unnecessary with of ancestor [-gnatwr]
   [Ada]          sdl-inputs-joysticks-game_controllers-makers.adb
   [Ada]          sdl-video.adb
   [Ada]          sdl-clipboard.adb
   [Ada]          sdl-error.adb
   [Ada]          sdl-libraries.adb
   [Ada]          sdl-video-surfaces.adb
sdl-clipboard.adb:24:06: warning: unnecessary with of ancestor [-gnatwr]
   [Ada]          sdl-inputs-joysticks.adb
   [Ada]          sdl-inputs-keyboards.adb
   [Ada]          sdl-rwops.adb
   [Ada]          sdl-events-keyboards.adb
   [Ada]          sdl-events-windows.ads
   [Ada]          sdl.adb
sdl-video-surfaces.ads:31:06: warning: unnecessary with of ancestor [-gnatwr]
sdl-video-surfaces.ads:212:57: warning: aggregate not fully initialized [-gnatwv]
   [Ada]          sdl-video-rectangles.adb
sdl-video-rectangles.adb:23:09: warning: unit "Ada.Unchecked_Conversion" is not referenced [-gnatwu]
Build Libraries
   [gprlib]       sdlada.lexch
   [archive]      libsdlada.a
   [index]        libsdlada.a
Build finished successfully in 4.54 seconds.

sdlada=2.5.5 successfully retrieved and built.
Dependencies were solved as follows:

   + libsdl2       2.28.5 (new)
   + libsdl2_image 2.8.2  (new)
   + libsdl2_ttf   2.20.2 (new)
   + make          4.4.1  (new)
Found declared GPR file: build/gnat/sdlada.gpr
