Test ran at 2022-07-07 12:38:12.757800+00:00

SOLUTION:
dcf=2.0.2: Ada 2012 library for document container files, a Zip-based format
Origin: source archive dcf-2.0.2.tgz at https://github.com/onox/dcf-ada/releases/download/v2.0.2/dcf-2.0.2.tgz with hash sha512:9ba2652fb7ac8b2768a8c3f9b56a0f643572411f56c29b1bed3f426042750657d3edfe5fc203176f9a3a6ef1e4c82a6b883c102f5f810209afdccb303d48258f
Properties:
   Author: onox
   Author: Gautier de Montmollin
   Description: Ada 2012 library for document container files, a Zip-based format
   License: MIT
   Long_Description: An Ada 2012 library for document container files, a Zip-based archive format standardized in ISO/IEC 21320-1:2015
   Maintainer: onox <denkpadje@gmail.com>
   Maintainers_Logins: onox
   Name: dcf
   Tag: zip
   Tag: document
   Tag: container
   Version: 2.0.2
   Website: https://github.com/onox/dcf-ada


LOG:
Note: Deploying dcf=2.0.2...
#=#=#                                                                         
##O#-#                                                                        
##O=#  #                                                                      

################                                                          22.9%
######################################################################## 100.0%
Note: Migrating lockfile from D:\a\alire-crates-ci\alire-crates-ci\test\5c24f031-7fe7-4f12-808e-dd5efd904735\dcf_2.0.2_9ba2652f\alire.lock to D:\a\alire-crates-ci\alire-crates-ci\test\5c24f031-7fe7-4f12-808e-dd5efd904735\dcf_2.0.2_9ba2652f\alire\alire.lock
Note: Building dcf/dcf.gpr...
Setup
   [mkdir]        object directory for project Dcf
   [mkdir]        library directory for project Dcf
Compile
   [Ada]          dcf.ads
   [Ada]          dcf-zip.adb
   [Ada]          dcf-zip-headers.adb
   [Ada]          dcf-zip-create.adb
   [Ada]          dcf-zip-crc.adb
   [Ada]          dcf-zip-compress.adb
   [Ada]          dcf-zip-compress-deflate.adb
   [Ada]          dcf-unzip.ads
   [Ada]          dcf-unzip-streams.adb
   [Ada]          dcf-unzip-decompress.adb
   [Ada]          dcf-unzip-decompress-huffman.adb
   [Ada]          dcf-streams.adb
   [Ada]          dcf-streams-calendar.adb
   [Ada]          dcf-lz77.adb
   [Ada]          dcf-length_limited_huffman_code_lengths.adb
Build Libraries
   [gprlib]       Dcf.lexch
   [archive]      libDcf.a
   [index]        libDcf.a
Build finished successfully in 4.92 seconds.

dcf=2.0.2 successfully retrieved and built.
There are no dependencies.
