Test ran at 2024-06-14 12:32:39.946509+00:00

SOLUTION:
uri_ada=2.0.0: Processing of URI strings
Origin: commit 02a0780d7757e9e79b3410c3a34960655cacea3d from https://github.com/mosteo/uri-ada.git
Properties:
   Author: Alejandro R. Mosteo
   Description: Processing of URI strings
   License: MIT
   Maintainer: Alejandro R. Mosteo <alejandro@mosteo.com>
   Maintainers_Logins: mosteo
   Name: uri_ada
   Tag: uri
   Tag: url
   Tag: utility
   Version: 2.0


LOG:
Note: Deploying uri_ada=2.0.0...
Note: Building uri_ada/uri_ada.gpr...
Setup
   [mkdir]        object directory for project URI_Ada
   [mkdir]        exec directory for project URI_Ada
Compile
   [Ada]          uri_ada-test.adb
   [Ada]          uri_ada.adb
Bind
   [gprbind]      uri_ada-test.bexch
   [Ada]          uri_ada-test.ali
Link
   [link]         uri_ada-test.adb
-macosx_version_min has been renamed to -macos_version_min
0  0x1022d6f43  __assert_rtn + 64
1  0x1021d8f43  ld::AtomPlacement::findAtom(unsigned char, unsigned long long, ld::AtomPlacement::AtomLoc const*&, long long&) const + 1411
2  0x1021f5431  ld::InputFiles::SliceParser::parseObjectFile(mach_o::Header const*) const + 19745
3  0x102205b71  ld::InputFiles::parseAllFiles(void (ld::AtomFile const*) block_pointer)::$_7::operator()(unsigned long, ld::FileInfo const&) const + 657
4  0x7ff812266def  _dispatch_client_callout2 + 8
5  0x7ff812278547  _dispatch_apply_invoke3 + 431
6  0x7ff812266dbc  _dispatch_client_callout + 8
7  0x7ff81226804e  _dispatch_once_callout + 20
8  0x7ff812277740  _dispatch_apply_invoke + 184
9  0x7ff812266dbc  _dispatch_client_callout + 8
10  0x7ff8122762ca  _dispatch_root_queue_drain + 871
11  0x7ff81227684f  _dispatch_worker_thread2 + 152
12  0x7ff812404b43  _pthread_wqthread + 262
ld: Assertion failed: (resultIndex < sectData.atoms.size()), function findAtom, file Relocations.cpp, line 1336.
collect2: error: ld returned 1 exit status
gprbuild: link of uri_ada-test.adb failed
gprbuild: failed command was: /users/runner/.config/alire/cache/dependencies/gnat_native_12.2.1_77267eb1/bin/gcc uri_ada-test.o b__uri_ada-test.o /Users/runner/work/alire-crates-ci/alire-crates-ci/test/6357451f-bef6-4843-9a3c-57a0313ac2ae/uri_ada_2.0.0_02a0780d/obj/uri_ada.o -g -L/Users/runner/work/alire-crates-ci/alire-crates-ci/test/6357451f-bef6-4843-9a3c-57a0313ac2ae/uri_ada_2.0.0_02a0780d/obj/ -L/Users/runner/work/alire-crates-ci/alire-crates-ci/test/6357451f-bef6-4843-9a3c-57a0313ac2ae/uri_ada_2.0.0_02a0780d/obj/ -L/users/runner/.config/alire/cache/dependencies/gnat_native_12.2.1_77267eb1/lib/gcc/x86_64-apple-darwin19.6.0/12.2.0/adalib/ /users/runner/.config/alire/cache/dependencies/gnat_native_12.2.1_77267eb1/lib/gcc/x86_64-apple-darwin19.6.0/12.2.0/adalib/libgnat.a -Wl,-rpath,@executable_path/..//obj -Wl,-rpath,@executable_path/../../../../../../..//.config/alire/cache/dependencies/gnat_native_12.2.1_77267eb1/lib/gcc/x86_64-apple-darwin19.6.0/12.2.0/adalib -o /Users/runner/work/alire-crates-ci/alire-crates-ci/test/6357451f-bef6-4843-9a3c-57a0313ac2ae/uri_ada_2.0.0_02a0780d/bin//uri_ada-test
stderr: Command ["gprbuild", "-s", "-j0", "-p", "-P", "/Users/runner/work/alire-crates-ci/alire-crates-ci/test/6357451f-bef6-4843-9a3c-57a0313ac2ae/uri_ada_2.0.0_02a0780d/uri_ada.gpr"] exited with code 4
ERROR: Command ["gprbuild", "-s", "-j0", "-p", "-P", "/Users/runner/work/alire-crates-ci/alire-crates-ci/test/6357451f-bef6-4843-9a3c-57a0313ac2ae/uri_ada_2.0.0_02a0780d/uri_ada.gpr"] exited with code 4
stderr: ALIRE.CHECKED_ERROR
stderr: Command ["gprbuild", "-s", "-j0", "-p", "-P", "/Users/runner/work/alire-crates-ci/alire-crates-ci/test/6357451f-bef6-4843-9a3c-57a0313ac2ae/uri_ada_2.0.0_02a0780d/uri_ada.gpr"] exited with code 4
stderr: raised ALIRE.CHECKED_ERROR : alire-stored-error:1
Load address: 0x104d6b000
Call stack traceback locations:
0x105673415 0x105346e83 0x105559df9 0x10555a581 0x1054baac3 0x1054b8f99 0x1054d5873 0x105521dc1 0x10552081a 0x1054d59b8 0x1054b9349 0x104dca9c1 0x104ddb578 0x104de001c 0x104e6605c 0x104e713b8 0x104d6c605 0x104d6f914


Warning: uri_ada=2.0.0 successfully retrieved but its build failed.
There are no dependencies.
ERROR: Build ended with errors
