Test ran at 2024-05-04 01:36:40.075695+00:00

SOLUTION:
hac=0.21.0: HAC Ada Compiler: a small, quick Ada compiler covering a subset of Ada
Origin: source archive hac-2022-09-24-v.0.21.zip at https://sourceforge.net/projects/hacadacompiler/files/hac-2022-09-24-v.0.21.zip with hash sha512:656077fb92abf13f313f5179cc6749004aa9d4840cc30d1fb3815bc995f1c8d8d3efa8d912d03ca818bcde0402ab62ca4ee8792f10f561685668265f13775352
Properties:
   Author: Gautier de Montmollin
   Description: HAC Ada Compiler: a small, quick Ada compiler covering a subset of Ada
   GPR Scenario: HAC_Build_Mode := Debug | Fast | Small
   License: MIT
   Maintainer: gdemont@hotmail.com
   Maintainers_Logins: zertovitch
   Name: hac
   Project_File: hac.gpr
   Tag: hac
   Tag: compiler
   Version: 0.21.0
   Website: https://hacadacompiler.sourceforge.io/


LOG:
Note: Deploying hac=0.21.0...
#=#=#                                                                         
##=#=#                                                                        
##-=#=-#                                                                      
# #-=#=-#                                                                     

######################################################################## 100.0% # #=O#-  #                                                                   
  # #=O=#   #                                                                 

                                                                           0.6%
####                                                                       6.0%
###############################                                           43.5%
######################################################################## 100.0%
Note: Building hac/hac.gpr...
Compile
   [Ada]          hac.adb
   [Ada]          hac_mini.adb
   [Ada]          hac_multi.adb
   [Ada]          exchange_native_side.adb
   [Ada]          hac_sys.ads
   [Ada]          hac_sys-builder.adb
   [Ada]          hac_sys-pcode.adb
   [Ada]          hac_sys-pcode-interpreter.adb
   [Ada]          hac_pkg.adb
   [Ada]          hac_sys-co_defs.adb
   [Ada]          hac_sys-pcode-interpreter-in_defs.adb
   [Ada]          hat.adb
   [Ada]          show_license.adb
   [Ada]          hac_sys-defs.adb
   [Ada]          exchange_native_side_pkg.adb
   [Ada]          hac_sys-errors.adb
   [Ada]          hac_sys-compiler.adb
   [Ada]          hac_sys-parser.adb
   [Ada]          hac_sys-parser-helpers.adb
   [Ada]          hac_sys-librarian.adb
   [Ada]          hac_sys-interfacing.adb
   [Ada]          hac_sys-pcode-interpreter-calls.adb
   [Ada]          hac_sys-pcode-interpreter-composite_data.adb
   [Ada]          hac_sys-pcode-interpreter-exceptions.adb
   [Ada]          hac_sys-pcode-interpreter-multi_statement.adb
   [Ada]          hac_sys-pcode-interpreter-operators.adb
   [Ada]          hac_sys-pcode-interpreter-tasking.adb
   [Ada]          exchange_common.ads
   [Ada]          hac_sys-compiler-pcode_emit.adb
   [Ada]          hac_sys-parser-modularity.adb
   [Ada]          hac_sys-parser-packages.adb
   [Ada]          hac_sys-scanner.adb
   [Ada]          hac_sys-parser-const_var.adb
   [Ada]          hac_sys-parser-enter_def.adb
   [Ada]          hac_sys-parser-statements.adb
   [Ada]          hac_sys-parser-tasking.adb
   [Ada]          hac_sys-parser-type_def.adb
   [Ada]          hac_sys-librarian-built_in_packages.adb
   [Ada]          hac_sys-parser-expressions.adb
   [Ada]          hac_sys-parser-ranges.adb
   [Ada]          hac_sys-multi_precision_integers.adb
   [Ada]          hac_sys-parser-calls.adb
   [Ada]          hac_sys-parser-standard_procedures.adb
   [Ada]          hac_sys-parser-attributes.adb
   [Ada]          hac_sys-parser-standard_functions.adb
   [Ada]          hac_sys-parser-type_conversion.adb
Bind
   [gprbind]      hac.bexch
   [gprbind]      hac_mini.bexch
   [gprbind]      hac_multi.bexch
   [Ada]          hac.ali
   [Ada]          hac_mini.ali
   [Ada]          hac_multi.ali
   [gprbind]      exchange_native_side.bexch
   [Ada]          exchange_native_side.ali
Link
   [link]         hac.adb
   [link]         hac_mini.adb
   [link]         hac_multi.adb
-macosx_version_min has been renamed to -macos_version_min
-macosx_version_min has been renamed to -macos_version_min
-macosx_version_min has been renamed to -macos_version_min
0  0x104836f43  __assert_rtn + 64
1  0x104738f43  ld::AtomPlacement::findAtom(unsigned char, unsigned long long, ld::AtomPlacement::AtomLoc const*&, long long&) const + 1411
2  0x104755431  ld::InputFiles::SliceParser::parseObjectFile(mach_o::Header const*) const + 19745
3  0x104765b71  ld::InputFiles::parseAllFiles(void (ld::AtomFile const*) block_pointer)::$_7::operator()(unsigned long, ld::FileInfo const&) const + 657
4  0x7ff811dbadef  _dispatch_client_callout2 + 8
5  0x7ff811dcc547  _dispatch_apply_invoke3 + 431
6  0x7ff811dbadbc  _dispatch_client_callout + 8
7  0x7ff811dbc04e  _dispatch_once_callout + 20
8  0x7ff811dcb740  _dispatch_apply_invoke + 184
9  0x7ff811dbadbc  _dispatch_client_callout + 8
10  0x7ff811dca2ca  _dispatch_root_queue_drain + 871
11  0x7ff811dca84f  _dispatch_worker_thread2 + 152
12  0x7ff811f58b43  _pthread_wqthread + 262
ld: Assertion failed: (resultIndex < sectData.atoms.size()), function findAtom, file Relocations.cpp, line 1336.
0  0x102a79f43  __assert_rtn + 64
1  0x10297bf43  ld::AtomPlacement::findAtom(unsigned char, unsigned long long, ld::AtomPlacement::AtomLoc const*&, long long&) const + 1411
2  0x102998431  ld::InputFiles::SliceParser::parseObjectFile(mach_o::Header const*) const + 19745
3  0x1029a8b71  ld::InputFiles::parseAllFiles(void (ld::AtomFile const*) block_pointer)::$_7::operator()(unsigned long, ld::FileInfo const&) const + 657
4  0x7ff811dbadef  _dispatch_client_callout2 + 8
5  0x7ff811dcc547  _dispatch_apply_invoke3 + 431
6  0x7ff811dbadbc  _dispatch_client_callout + 8
7  0x7ff811dbc04e  _dispatch_once_callout + 20
8  0x7ff811dcb740  _dispatch_apply_invoke + 184
9  0x7ff811dbadbc  _dispatch_client_callout + 8
10  0x7ff811dca2ca  _dispatch_root_queue_drain + 871
11  0x7ff811dca84f  _dispatch_worker_thread2 + 152
12  0x7ff811f58b43  _pthread_wqthread + 262
ld: Assertion failed: (resultIndex < sectData.atoms.size()), function findAtom, file Relocations.cpp, line 1336.
0  0x1025c6f43  __assert_rtn + 64
1  0x1024c8f43  ld::AtomPlacement::findAtom(unsigned char, unsigned long long, ld::AtomPlacement::AtomLoc const*&, long long&) const + 1411
2  0x1024e5431  ld::InputFiles::SliceParser::parseObjectFile(mach_o::Header const*) const + 19745
3  0x1024f5b71  ld::InputFiles::parseAllFiles(void (ld::AtomFile const*) block_pointer)::$_7::operator()(unsigned long, ld::FileInfo const&) const + 657
4  0x7ff811dbadef  _dispatch_client_callout2 + 8
5  0x7ff811dcc547  _dispatch_apply_invoke3 + 431
6  0x7ff811dbadbc  _dispatch_client_callout + 8
7  0x7ff811dbc04e  _dispatch_once_callout + 20
8  0x7ff811dcb740  _dispatch_apply_invoke + 184
9  0x7ff811dbadbc  _dispatch_client_callout + 8
10  0x7ff811dca2ca  _dispatch_root_queue_drain + 871
11  0x7ff811dca84f  _dispatch_worker_thread2 + 152
12  0x7ff811f58b43  _pthread_wqthread + 262
ld: Assertion failed: (resultIndex < sectData.atoms.size()), function findAtom, file Relocations.cpp, line 1336.
collect2: error: ld returned 1 exit status
collect2: error: ld returned 1 exit status
collect2: error: ld returned 1 exit status
   link of hac.adb failed
   failed command was: /users/runner/.config/alire/cache/dependencies/gnat_native_12.2.1_77267eb1/bin/gcc hac.o b__hac.o /Users/runner/work/alire-crates-ci/alire-crates-ci/test/8d26b990-b788-4bbc-bba7-89fc20f6a203/hac_0.21.0_656077fb/obj/debug/hac_sys.o /Users/runner/work/alire-crates-ci/alire-crates-ci/test/8d26b990-b788-4bbc-bba7-89fc20f6a203/hac_0.21.0_656077fb/obj/debug/hat.o /Users/runner/work/alire-crates-ci/alire-crates-ci/test/8d26b990-b788-4bbc-bba7-89fc20f6a203/hac_0.21.0_656077fb/obj/debug/hac_sys-defs.o /Users/runner/work/alire-crates-ci/alire-crates-ci/test/8d26b990-b788-4bbc-bba7-89fc20f6a203/hac_0.21.0_656077fb/obj/debug/hac_sys-multi_precision_integers.o /Users/runner/work/alire-crates-ci/alire-crates-ci/test/8d26b990-b788-4bbc-bba7-89fc20f6a203/hac_0.21.0_656077fb/obj/debug/hac_sys-co_defs.o /Users/runner/work/alire-crates-ci/alire-crates-ci/test/8d26b990-b788-4bbc-bba7-89fc20f6a203/hac_0.21.0_656077fb/obj/debug/hac_sys-errors.o /Users/runner/work/alire-crates-ci/alire-crates-ci/test/8d26b990-b788-4bbc-bba7-89fc20f6a203/hac_0.21.0_656077fb/obj/debug/hac_sys-pcode.o /Users/runner/work/alire-crates-ci/alire-crates-ci/test/8d26b990-b788-4bbc-bba7-89fc20f6a203/hac_0.21.0_656077fb/obj/debug/hac_sys-scanner.o /Users/runner/work/alire-crates-ci/alire-crates-ci/test/8d26b990-b788-4bbc-bba7-89fc20f6a203/hac_0.21.0_656077fb/obj/debug/hac_sys-compiler-pcode_emit.o /Users/runner/work/alire-crates-ci/alire-crates-ci/test/8d26b990-b788-4bbc-bba7-89fc20f6a203/hac_0.21.0_656077fb/obj/debug/hac_sys-parser-enter_def.o /Users/runner/work/alire-crates-ci/alire-crates-ci/test/8d26b990-b788-4bbc-bba7-89fc20f6a203/hac_0.21.0_656077fb/obj/debug/hac_sys-parser-helpers.o /Users/runner/work/alire-crates-ci/alire-crates-ci/test/8d26b990-b788-4bbc-bba7-89fc20f6a203/hac_0.21.0_656077fb/obj/debug/hac_sys-parser-calls.o /Users/runner/work/alire-crates-ci/alire-crates-ci/test/8d26b990-b788-4bbc-bba7-89fc20f6a203/hac_0.21.0_656077fb/obj/debug/hac_sys-compiler.o /Users/runner/work/alire-crates-ci/alire-crates-ci/test/8d26b990-b788-4bbc-bba7-89fc20f6a203/hac_0.21.0_656077fb/obj/debug/hac_sys-librarian.o /Users/runner/work/alire-crates-ci/alire-crates-ci/test/8d26b990-b788-4bbc-bba7-89fc20f6a203/hac_0.21.0_656077fb/obj/debug/hac_sys-librarian-built_in_packages.o /Users/runner/work/alire-crates-ci/alire-crates-ci/test/8d26b990-b788-4bbc-bba7-89fc20f6a203/hac_0.21.0_656077fb/obj/debug/hac_sys-parser-modularity.o /Users/runner/work/alire-crates-ci/alire-crates-ci/test/8d26b990-b788-4bbc-bba7-89fc20f6a203/hac_0.21.0_656077fb/obj/debug/hac_sys-parser-ranges.o /Users/runner/work/alire-crates-ci/alire-crates-ci/test/8d26b990-b788-4bbc-bba7-89fc20f6a203/hac_0.21.0_656077fb/obj/debug/hac_sys-parser-attributes.o /Users/runner/work/alire-crates-ci/alire-crates-ci/test/8d26b990-b788-4bbc-bba7-89fc20f6a203/hac_0.21.0_656077fb/obj/debug/hac_sys-parser-standard_functions.o /Users/runner/work/alire-crates-ci/alire-crates-ci/test/8d26b990-b788-4bbc-bba7-89fc20f6a203/hac_0.21.0_656077fb/obj/debug/hac_sys-parser-standard_procedures.o /Users/runner/work/alire-crates-ci/alire-crates-ci/test/8d26b990-b788-4bbc-bba7-89fc20f6a203/hac_0.21.0_656077fb/obj/debug/hac_sys-parser-statements.o /Users/runner/work/alire-crates-ci/alire-crates-ci/test/8d26b990-b788-4bbc-bba7-89fc20f6a203/hac_0.21.0_656077fb/obj/debug/hac_sys-parser-tasking.o /Users/runner/work/alire-crates-ci/alire-crates-ci/test/8d26b990-b788-4bbc-bba7-89fc20f6a203/hac_0.21.0_656077fb/obj/debug/hac_sys-parser-type_conversion.o /Users/runner/work/alire-crates-ci/alire-crates-ci/test/8d26b990-b788-4bbc-bba7-89fc20f6a203/hac_0.21.0_656077fb/obj/debug/hac_sys-parser-expressions.o /Users/runner/work/alire-crates-ci/alire-crates-ci/test/8d26b990-b788-4bbc-bba7-89fc20f6a203/hac_0.21.0_656077fb/obj/debug/hac_sys-parser-type_def.o /Users/runner/work/alire-crates-ci/alire-crates-ci/test/8d26b990-b788-4bbc-bba7-89fc20f6a203/hac_0.21.0_656077fb/obj/debug/hac_sys-parser.o /Users/runner/work/alire-crates-ci/alire-crates-ci/test/8d26b990-b788-4bbc-bba7-89fc20f6a203/hac_0.21.0_656077fb/obj/debug/hac_sys-parser-const_var.o /Users/runner/work/alire-crates-ci/alire-crates-ci/test/8d26b990-b788-4bbc-bba7-89fc20f6a203/hac_0.21.0_656077fb/obj/debug/hac_sys-parser-packages.o /Users/runner/work/alire-crates-ci/alire-crates-ci/test/8d26b990-b788-4bbc-bba7-89fc20f6a203/hac_0.21.0_656077fb/obj/debug/hac_pkg.o /Users/runner/work/alire-crates-ci/alire-crates-ci/test/8d26b990-b788-4bbc-bba7-89fc20f6a203/hac_0.21.0_656077fb/obj/debug/hac_sys-builder.o /Users/runner/work/alire-crates-ci/alire-crates-ci/test/8d26b990-b788-4bbc-bba7-89fc20f6a203/hac_0.21.0_656077fb/obj/debug/hac_sys-pcode-interpreter-in_defs.o /Users/runner/work/alire-crates-ci/alire-crates-ci/test/8d26b990-b788-4bbc-bba7-89fc20f6a203/hac_0.21.0_656077fb/obj/debug/hac_sys-interfacing.o /Users/runner/work/alire-crates-ci/alire-crates-ci/test/8d26b990-b788-4bbc-bba7-89fc20f6a203/hac_0.21.0_656077fb/obj/debug/hac_sys-pcode-interpreter-composite_data.o /Users/runner/work/alire-crates-ci/alire-crates-ci/test/8d26b990-b788-4bbc-bba7-89fc20f6a203/hac_0.21.0_656077fb/obj/debug/hac_sys-pcode-interpreter-exceptions.o /Users/runner/work/alire-crates-ci/alire-crates-ci/test/8d26b990-b788-4bbc-bba7-89fc20f6a203/hac_0.21.0_656077fb/obj/debug/hac_sys-pcode-interpreter-multi_statement.o /Users/runner/work/alire-crates-ci/alire-crates-ci/test/8d26b990-b788-4bbc-bba7-89fc20f6a203/hac_0.21.0_656077fb/obj/debug/hac_sys-pcode-interpreter-operators.o /Users/runner/work/alire-crates-ci/alire-crates-ci/test/8d26b990-b788-4bbc-bba7-89fc20f6a203/hac_0.21.0_656077fb/obj/debug/hac_sys-pcode-interpreter-tasking.o /Users/runner/work/alire-crates-ci/alire-crates-ci/test/8d26b990-b788-4bbc-bba7-89fc20f6a203/hac_0.21.0_656077fb/obj/debug/hac_sys-pcode-interpreter.o /Users/runner/work/alire-crates-ci/alire-crates-ci/test/8d26b990-b788-4bbc-bba7-89fc20f6a203/hac_0.21.0_656077fb/obj/debug/hac_sys-pcode-interpreter-calls.o /Users/runner/work/alire-crates-ci/alire-crates-ci/test/8d26b990-b788-4bbc-bba7-89fc20f6a203/hac_0.21.0_656077fb/obj/debug/show_license.o -g -L/Users/runner/work/alire-crates-ci/alire-crates-ci/test/8d26b990-b788-4bbc-bba7-89fc20f6a203/hac_0.21.0_656077fb/obj/debug/ -L/Users/runner/work/alire-crates-ci/alire-crates-ci/test/8d26b990-b788-4bbc-bba7-89fc20f6a203/hac_0.21.0_656077fb/obj/debug/ -L/users/runner/.config/alire/cache/dependencies/gnat_native_12.2.1_77267eb1/lib/gcc/x86_64-apple-darwin19.6.0/12.2.0/adalib/ /users/runner/.config/alire/cache/dependencies/gnat_native_12.2.1_77267eb1/lib/gcc/x86_64-apple-darwin19.6.0/12.2.0/adalib/libgnat.a -lm -Wl,-rpath,@executable_path//obj/debug -Wl,-rpath,@executable_path/../../../../../..//.config/alire/cache/dependencies/gnat_native_12.2.1_77267eb1/lib/gcc/x86_64-apple-darwin19.6.0/12.2.0/adalib -o /Users/runner/work/alire-crates-ci/alire-crates-ci/test/8d26b990-b788-4bbc-bba7-89fc20f6a203/hac_0.21.0_656077fb//hac 
   link of hac_mini.adb failed
   failed command was: /users/runner/.config/alire/cache/dependencies/gnat_native_12.2.1_77267eb1/bin/gcc hac_mini.o b__hac_mini.o /Users/runner/work/alire-crates-ci/alire-crates-ci/test/8d26b990-b788-4bbc-bba7-89fc20f6a203/hac_0.21.0_656077fb/obj/debug/hac_sys.o /Users/runner/work/alire-crates-ci/alire-crates-ci/test/8d26b990-b788-4bbc-bba7-89fc20f6a203/hac_0.21.0_656077fb/obj/debug/hat.o /Users/runner/work/alire-crates-ci/alire-crates-ci/test/8d26b990-b788-4bbc-bba7-89fc20f6a203/hac_0.21.0_656077fb/obj/debug/hac_sys-defs.o /Users/runner/work/alire-crates-ci/alire-crates-ci/test/8d26b990-b788-4bbc-bba7-89fc20f6a203/hac_0.21.0_656077fb/obj/debug/hac_sys-multi_precision_integers.o /Users/runner/work/alire-crates-ci/alire-crates-ci/test/8d26b990-b788-4bbc-bba7-89fc20f6a203/hac_0.21.0_656077fb/obj/debug/hac_sys-co_defs.o /Users/runner/work/alire-crates-ci/alire-crates-ci/test/8d26b990-b788-4bbc-bba7-89fc20f6a203/hac_0.21.0_656077fb/obj/debug/hac_sys-errors.o /Users/runner/work/alire-crates-ci/alire-crates-ci/test/8d26b990-b788-4bbc-bba7-89fc20f6a203/hac_0.21.0_656077fb/obj/debug/hac_sys-pcode.o /Users/runner/work/alire-crates-ci/alire-crates-ci/test/8d26b990-b788-4bbc-bba7-89fc20f6a203/hac_0.21.0_656077fb/obj/debug/hac_sys-scanner.o /Users/runner/work/alire-crates-ci/alire-crates-ci/test/8d26b990-b788-4bbc-bba7-89fc20f6a203/hac_0.21.0_656077fb/obj/debug/hac_sys-compiler-pcode_emit.o /Users/runner/work/alire-crates-ci/alire-crates-ci/test/8d26b990-b788-4bbc-bba7-89fc20f6a203/hac_0.21.0_656077fb/obj/debug/hac_sys-parser-enter_def.o /Users/runner/work/alire-crates-ci/alire-crates-ci/test/8d26b990-b788-4bbc-bba7-89fc20f6a203/hac_0.21.0_656077fb/obj/debug/hac_sys-parser-helpers.o /Users/runner/work/alire-crates-ci/alire-crates-ci/test/8d26b990-b788-4bbc-bba7-89fc20f6a203/hac_0.21.0_656077fb/obj/debug/hac_sys-parser-calls.o /Users/runner/work/alire-crates-ci/alire-crates-ci/test/8d26b990-b788-4bbc-bba7-89fc20f6a203/hac_0.21.0_656077fb/obj/debug/hac_sys-compiler.o /Users/runner/work/alire-crates-ci/alire-crates-ci/test/8d26b990-b788-4bbc-bba7-89fc20f6a203/hac_0.21.0_656077fb/obj/debug/hac_sys-librarian.o /Users/runner/work/alire-crates-ci/alire-crates-ci/test/8d26b990-b788-4bbc-bba7-89fc20f6a203/hac_0.21.0_656077fb/obj/debug/hac_sys-librarian-built_in_packages.o /Users/runner/work/alire-crates-ci/alire-crates-ci/test/8d26b990-b788-4bbc-bba7-89fc20f6a203/hac_0.21.0_656077fb/obj/debug/hac_sys-parser-modularity.o /Users/runner/work/alire-crates-ci/alire-crates-ci/test/8d26b990-b788-4bbc-bba7-89fc20f6a203/hac_0.21.0_656077fb/obj/debug/hac_sys-parser-ranges.o /Users/runner/work/alire-crates-ci/alire-crates-ci/test/8d26b990-b788-4bbc-bba7-89fc20f6a203/hac_0.21.0_656077fb/obj/debug/hac_sys-parser-attributes.o /Users/runner/work/alire-crates-ci/alire-crates-ci/test/8d26b990-b788-4bbc-bba7-89fc20f6a203/hac_0.21.0_656077fb/obj/debug/hac_sys-parser-standard_functions.o /Users/runner/work/alire-crates-ci/alire-crates-ci/test/8d26b990-b788-4bbc-bba7-89fc20f6a203/hac_0.21.0_656077fb/obj/debug/hac_sys-parser-standard_procedures.o /Users/runner/work/alire-crates-ci/alire-crates-ci/test/8d26b990-b788-4bbc-bba7-89fc20f6a203/hac_0.21.0_656077fb/obj/debug/hac_sys-parser-statements.o /Users/runner/work/alire-crates-ci/alire-crates-ci/test/8d26b990-b788-4bbc-bba7-89fc20f6a203/hac_0.21.0_656077fb/obj/debug/hac_sys-parser-tasking.o /Users/runner/work/alire-crates-ci/alire-crates-ci/test/8d26b990-b788-4bbc-bba7-89fc20f6a203/hac_0.21.0_656077fb/obj/debug/hac_sys-parser-type_conversion.o /Users/runner/work/alire-crates-ci/alire-crates-ci/test/8d26b990-b788-4bbc-bba7-89fc20f6a203/hac_0.21.0_656077fb/obj/debug/hac_sys-parser-expressions.o /Users/runner/work/alire-crates-ci/alire-crates-ci/test/8d26b990-b788-4bbc-bba7-89fc20f6a203/hac_0.21.0_656077fb/obj/debug/hac_sys-parser-type_def.o /Users/runner/work/alire-crates-ci/alire-crates-ci/test/8d26b990-b788-4bbc-bba7-89fc20f6a203/hac_0.21.0_656077fb/obj/debug/hac_sys-parser.o /Users/runner/work/alire-crates-ci/alire-crates-ci/test/8d26b990-b788-4bbc-bba7-89fc20f6a203/hac_0.21.0_656077fb/obj/debug/hac_sys-parser-const_var.o /Users/runner/work/alire-crates-ci/alire-crates-ci/test/8d26b990-b788-4bbc-bba7-89fc20f6a203/hac_0.21.0_656077fb/obj/debug/hac_sys-parser-packages.o /Users/runner/work/alire-crates-ci/alire-crates-ci/test/8d26b990-b788-4bbc-bba7-89fc20f6a203/hac_0.21.0_656077fb/obj/debug/hac_sys-builder.o /Users/runner/work/alire-crates-ci/alire-crates-ci/test/8d26b990-b788-4bbc-bba7-89fc20f6a203/hac_0.21.0_656077fb/obj/debug/hac_sys-pcode-interpreter-in_defs.o /Users/runner/work/alire-crates-ci/alire-crates-ci/test/8d26b990-b788-4bbc-bba7-89fc20f6a203/hac_0.21.0_656077fb/obj/debug/hac_sys-interfacing.o /Users/runner/work/alire-crates-ci/alire-crates-ci/test/8d26b990-b788-4bbc-bba7-89fc20f6a203/hac_0.21.0_656077fb/obj/debug/hac_sys-pcode-interpreter-composite_data.o /Users/runner/work/alire-crates-ci/alire-crates-ci/test/8d26b990-b788-4bbc-bba7-89fc20f6a203/hac_0.21.0_656077fb/obj/debug/hac_sys-pcode-interpreter-exceptions.o /Users/runner/work/alire-crates-ci/alire-crates-ci/test/8d26b990-b788-4bbc-bba7-89fc20f6a203/hac_0.21.0_656077fb/obj/debug/hac_sys-pcode-interpreter-multi_statement.o /Users/runner/work/alire-crates-ci/alire-crates-ci/test/8d26b990-b788-4bbc-bba7-89fc20f6a203/hac_0.21.0_656077fb/obj/debug/hac_sys-pcode-interpreter-operators.o /Users/runner/work/alire-crates-ci/alire-crates-ci/test/8d26b990-b788-4bbc-bba7-89fc20f6a203/hac_0.21.0_656077fb/obj/debug/hac_sys-pcode-interpreter-tasking.o /Users/runner/work/alire-crates-ci/alire-crates-ci/test/8d26b990-b788-4bbc-bba7-89fc20f6a203/hac_0.21.0_656077fb/obj/debug/hac_sys-pcode-interpreter.o /Users/runner/work/alire-crates-ci/alire-crates-ci/test/8d26b990-b788-4bbc-bba7-89fc20f6a203/hac_0.21.0_656077fb/obj/debug/hac_sys-pcode-interpreter-calls.o -g -L/Users/runner/work/alire-crates-ci/alire-crates-ci/test/8d26b990-b788-4bbc-bba7-89fc20f6a203/hac_0.21.0_656077fb/obj/debug/ -L/Users/runner/work/alire-crates-ci/alire-crates-ci/test/8d26b990-b788-4bbc-bba7-89fc20f6a203/hac_0.21.0_656077fb/obj/debug/ -L/users/runner/.config/alire/cache/dependencies/gnat_native_12.2.1_77267eb1/lib/gcc/x86_64-apple-darwin19.6.0/12.2.0/adalib/ /users/runner/.config/alire/cache/dependencies/gnat_native_12.2.1_77267eb1/lib/gcc/x86_64-apple-darwin19.6.0/12.2.0/adalib/libgnat.a -lm -Wl,-rpath,@executable_path//obj/debug -Wl,-rpath,@executable_path/../../../../../..//.config/alire/cache/dependencies/gnat_native_12.2.1_77267eb1/lib/gcc/x86_64-apple-darwin19.6.0/12.2.0/adalib -o /Users/runner/work/alire-crates-ci/alire-crates-ci/test/8d26b990-b788-4bbc-bba7-89fc20f6a203/hac_0.21.0_656077fb//hac_mini 
   link of hac_multi.adb failed
   failed command was: /users/runner/.config/alire/cache/dependencies/gnat_native_12.2.1_77267eb1/bin/gcc hac_multi.o b__hac_multi.o /Users/runner/work/alire-crates-ci/alire-crates-ci/test/8d26b990-b788-4bbc-bba7-89fc20f6a203/hac_0.21.0_656077fb/obj/debug/hac_sys.o /Users/runner/work/alire-crates-ci/alire-crates-ci/test/8d26b990-b788-4bbc-bba7-89fc20f6a203/hac_0.21.0_656077fb/obj/debug/hat.o /Users/runner/work/alire-crates-ci/alire-crates-ci/test/8d26b990-b788-4bbc-bba7-89fc20f6a203/hac_0.21.0_656077fb/obj/debug/hac_sys-defs.o /Users/runner/work/alire-crates-ci/alire-crates-ci/test/8d26b990-b788-4bbc-bba7-89fc20f6a203/hac_0.21.0_656077fb/obj/debug/hac_sys-multi_precision_integers.o /Users/runner/work/alire-crates-ci/alire-crates-ci/test/8d26b990-b788-4bbc-bba7-89fc20f6a203/hac_0.21.0_656077fb/obj/debug/hac_sys-co_defs.o /Users/runner/work/alire-crates-ci/alire-crates-ci/test/8d26b990-b788-4bbc-bba7-89fc20f6a203/hac_0.21.0_656077fb/obj/debug/hac_sys-errors.o /Users/runner/work/alire-crates-ci/alire-crates-ci/test/8d26b990-b788-4bbc-bba7-89fc20f6a203/hac_0.21.0_656077fb/obj/debug/hac_sys-pcode.o /Users/runner/work/alire-crates-ci/alire-crates-ci/test/8d26b990-b788-4bbc-bba7-89fc20f6a203/hac_0.21.0_656077fb/obj/debug/hac_sys-scanner.o /Users/runner/work/alire-crates-ci/alire-crates-ci/test/8d26b990-b788-4bbc-bba7-89fc20f6a203/hac_0.21.0_656077fb/obj/debug/hac_sys-compiler-pcode_emit.o /Users/runner/work/alire-crates-ci/alire-crates-ci/test/8d26b990-b788-4bbc-bba7-89fc20f6a203/hac_0.21.0_656077fb/obj/debug/hac_sys-parser-enter_def.o /Users/runner/work/alire-crates-ci/alire-crates-ci/test/8d26b990-b788-4bbc-bba7-89fc20f6a203/hac_0.21.0_656077fb/obj/debug/hac_sys-parser-helpers.o /Users/runner/work/alire-crates-ci/alire-crates-ci/test/8d26b990-b788-4bbc-bba7-89fc20f6a203/hac_0.21.0_656077fb/obj/debug/hac_sys-parser-calls.o /Users/runner/work/alire-crates-ci/alire-crates-ci/test/8d26b990-b788-4bbc-bba7-89fc20f6a203/hac_0.21.0_656077fb/obj/debug/hac_sys-compiler.o /Users/runner/work/alire-crates-ci/alire-crates-ci/test/8d26b990-b788-4bbc-bba7-89fc20f6a203/hac_0.21.0_656077fb/obj/debug/hac_sys-librarian.o /Users/runner/work/alire-crates-ci/alire-crates-ci/test/8d26b990-b788-4bbc-bba7-89fc20f6a203/hac_0.21.0_656077fb/obj/debug/hac_sys-librarian-built_in_packages.o /Users/runner/work/alire-crates-ci/alire-crates-ci/test/8d26b990-b788-4bbc-bba7-89fc20f6a203/hac_0.21.0_656077fb/obj/debug/hac_sys-parser-modularity.o /Users/runner/work/alire-crates-ci/alire-crates-ci/test/8d26b990-b788-4bbc-bba7-89fc20f6a203/hac_0.21.0_656077fb/obj/debug/hac_sys-parser-ranges.o /Users/runner/work/alire-crates-ci/alire-crates-ci/test/8d26b990-b788-4bbc-bba7-89fc20f6a203/hac_0.21.0_656077fb/obj/debug/hac_sys-parser-attributes.o /Users/runner/work/alire-crates-ci/alire-crates-ci/test/8d26b990-b788-4bbc-bba7-89fc20f6a203/hac_0.21.0_656077fb/obj/debug/hac_sys-parser-standard_functions.o /Users/runner/work/alire-crates-ci/alire-crates-ci/test/8d26b990-b788-4bbc-bba7-89fc20f6a203/hac_0.21.0_656077fb/obj/debug/hac_sys-parser-standard_procedures.o /Users/runner/work/alire-crates-ci/alire-crates-ci/test/8d26b990-b788-4bbc-bba7-89fc20f6a203/hac_0.21.0_656077fb/obj/debug/hac_sys-parser-statements.o /Users/runner/work/alire-crates-ci/alire-crates-ci/test/8d26b990-b788-4bbc-bba7-89fc20f6a203/hac_0.21.0_656077fb/obj/debug/hac_sys-parser-tasking.o /Users/runner/work/alire-crates-ci/alire-crates-ci/test/8d26b990-b788-4bbc-bba7-89fc20f6a203/hac_0.21.0_656077fb/obj/debug/hac_sys-parser-type_conversion.o /Users/runner/work/alire-crates-ci/alire-crates-ci/test/8d26b990-b788-4bbc-bba7-89fc20f6a203/hac_0.21.0_656077fb/obj/debug/hac_sys-parser-expressions.o /Users/runner/work/alire-crates-ci/alire-crates-ci/test/8d26b990-b788-4bbc-bba7-89fc20f6a203/hac_0.21.0_656077fb/obj/debug/hac_sys-parser-type_def.o /Users/runner/work/alire-crates-ci/alire-crates-ci/test/8d26b990-b788-4bbc-bba7-89fc20f6a203/hac_0.21.0_656077fb/obj/debug/hac_sys-parser.o /Users/runner/work/alire-crates-ci/alire-crates-ci/test/8d26b990-b788-4bbc-bba7-89fc20f6a203/hac_0.21.0_656077fb/obj/debug/hac_sys-parser-const_var.o /Users/runner/work/alire-crates-ci/alire-crates-ci/test/8d26b990-b788-4bbc-bba7-89fc20f6a203/hac_0.21.0_656077fb/obj/debug/hac_sys-parser-packages.o /Users/runner/work/alire-crates-ci/alire-crates-ci/test/8d26b990-b788-4bbc-bba7-89fc20f6a203/hac_0.21.0_656077fb/obj/debug/hac_sys-builder.o /Users/runner/work/alire-crates-ci/alire-crates-ci/test/8d26b990-b788-4bbc-bba7-89fc20f6a203/hac_0.21.0_656077fb/obj/debug/hac_sys-pcode-interpreter-in_defs.o /Users/runner/work/alire-crates-ci/alire-crates-ci/test/8d26b990-b788-4bbc-bba7-89fc20f6a203/hac_0.21.0_656077fb/obj/debug/hac_sys-interfacing.o /Users/runner/work/alire-crates-ci/alire-crates-ci/test/8d26b990-b788-4bbc-bba7-89fc20f6a203/hac_0.21.0_656077fb/obj/debug/hac_sys-pcode-interpreter-composite_data.o /Users/runner/work/alire-crates-ci/alire-crates-ci/test/8d26b990-b788-4bbc-bba7-89fc20f6a203/hac_0.21.0_656077fb/obj/debug/hac_sys-pcode-interpreter-exceptions.o /Users/runner/work/alire-crates-ci/alire-crates-ci/test/8d26b990-b788-4bbc-bba7-89fc20f6a203/hac_0.21.0_656077fb/obj/debug/hac_sys-pcode-interpreter-multi_statement.o /Users/runner/work/alire-crates-ci/alire-crates-ci/test/8d26b990-b788-4bbc-bba7-89fc20f6a203/hac_0.21.0_656077fb/obj/debug/hac_sys-pcode-interpreter-operators.o /Users/runner/work/alire-crates-ci/alire-crates-ci/test/8d26b990-b788-4bbc-bba7-89fc20f6a203/hac_0.21.0_656077fb/obj/debug/hac_sys-pcode-interpreter-tasking.o /Users/runner/work/alire-crates-ci/alire-crates-ci/test/8d26b990-b788-4bbc-bba7-89fc20f6a203/hac_0.21.0_656077fb/obj/debug/hac_sys-pcode-interpreter.o /Users/runner/work/alire-crates-ci/alire-crates-ci/test/8d26b990-b788-4bbc-bba7-89fc20f6a203/hac_0.21.0_656077fb/obj/debug/hac_sys-pcode-interpreter-calls.o -g -L/Users/runner/work/alire-crates-ci/alire-crates-ci/test/8d26b990-b788-4bbc-bba7-89fc20f6a203/hac_0.21.0_656077fb/obj/debug/ -L/Users/runner/work/alire-crates-ci/alire-crates-ci/test/8d26b990-b788-4bbc-bba7-89fc20f6a203/hac_0.21.0_656077fb/obj/debug/ -L/users/runner/.config/alire/cache/dependencies/gnat_native_12.2.1_77267eb1/lib/gcc/x86_64-apple-darwin19.6.0/12.2.0/adalib/ /users/runner/.config/alire/cache/dependencies/gnat_native_12.2.1_77267eb1/lib/gcc/x86_64-apple-darwin19.6.0/12.2.0/adalib/libgnarl.a /users/runner/.config/alire/cache/dependencies/gnat_native_12.2.1_77267eb1/lib/gcc/x86_64-apple-darwin19.6.0/12.2.0/adalib/libgnat.a -lm -Wl,-rpath,@executable_path//obj/debug -Wl,-rpath,@executable_path/../../../../../..//.config/alire/cache/dependencies/gnat_native_12.2.1_77267eb1/lib/gcc/x86_64-apple-darwin19.6.0/12.2.0/adalib -o /Users/runner/work/alire-crates-ci/alire-crates-ci/test/8d26b990-b788-4bbc-bba7-89fc20f6a203/hac_0.21.0_656077fb//hac_multi 
gprbuild: *** link phase failed
stderr: Command ["gprbuild", "-s", "-j0", "-p", "-P", "/Users/runner/work/alire-crates-ci/alire-crates-ci/test/8d26b990-b788-4bbc-bba7-89fc20f6a203/hac_0.21.0_656077fb/hac.gpr"] exited with code 4
ERROR: Command ["gprbuild", "-s", "-j0", "-p", "-P", "/Users/runner/work/alire-crates-ci/alire-crates-ci/test/8d26b990-b788-4bbc-bba7-89fc20f6a203/hac_0.21.0_656077fb/hac.gpr"] exited with code 4
stderr: ALIRE.CHECKED_ERROR
stderr: Command ["gprbuild", "-s", "-j0", "-p", "-P", "/Users/runner/work/alire-crates-ci/alire-crates-ci/test/8d26b990-b788-4bbc-bba7-89fc20f6a203/hac_0.21.0_656077fb/hac.gpr"] exited with code 4
stderr: raised ALIRE.CHECKED_ERROR : alire-stored-error:1
Load address: 0x102a5c000
Call stack traceback locations:
0x103364415 0x103037e83 0x10324adf9 0x10324b581 0x1031abac3 0x1031a9f99 0x1031c6873 0x103212dc1 0x10321181a 0x1031c69b8 0x1031aa349 0x102abb9c1 0x102acc578 0x102ad101c 0x102b5705c 0x102b623b8 0x102a5d605 0x102a60914


Warning: hac=0.21.0 successfully retrieved but its build failed.
There are no dependencies.
ERROR: Build ended with errors
