Test ran at 2024-07-08 13:38:57.571251+00:00

SOLUTION:
ada_pretty=1.0.0: Ada Pretty Printer Library
Origin: source archive 1.0.0.tar.gz at https://github.com/reznikmm/ada-pretty/archive/1.0.0.tar.gz with hash sha512:cdcd41f8dc5d0638a6beae2fd212c88ffa42c99a8d397eec8f734d5f0befc5632439e5673140c3f59d2d0cb203ccce0fb4fe9de9ede2cec222a77f5e8577932f
Properties:
   Author: Maxim Reznik
   Description: Ada Pretty Printer Library
   License: MIT
   Maintainer: Maxim Reznik <reznikmm@gmail.com>
   Maintainers_Logins: reznikmm
   Name: ada_pretty
   Project_File: gnat/ada_pretty.gpr
   Tag: pretty
   Tag: printing
   Tag: generator
   Version: 1.0.0
   Website: https://github.com/reznikmm/ada-pretty/
Dependencies (direct):
   matreshka_league*
Dependencies (solution):
   gnat=10.3.2 (gnat_native) (installed)
   make=3.81.0
   matreshka_league=21.0.0
Dependencies (graph):
   ada_pretty=1.0.0        --> matreshka_league=21.0.0 (*)      
   matreshka_league=21.0.0 --> gnat=10.3.2 (gnat_native) (<2000)
   matreshka_league=21.0.0 --> make=3.81.0 (*)                  


LOG:
Note: Deploying ada_pretty=1.0.0...
#=#=#                                                                          
##O#-#                                                                         
##O=#  #                                                                       
#=#=-#  #                                                                      
Note: Deploying make=3.81.0...
Note: Deploying matreshka_league=21.0.0...
#=#=#                                                                          
##O#-#                                                                         

                                                                           0.1%
##########                                                                14.5%
##########################                                                36.1%
##########################################                                58.9%
##########################################################                81.2%
######################################################################## 100.0%
Note: Running post_fetch actions for matreshka_league=21.0.0...
gnatmake -p -j0  -Pgnat/tools_configure.gpr
Setup
   [mkdir]        object directory for project Tools_Configure
Compile
   [Ada]          configure-driver.adb
   [Ada]          configure.adb
   [Ada]          configure-architecture.adb
   [Ada]          configure-instantiate.adb
   [Ada]          configure-internals.adb
   [Ada]          configure-rtl_version.adb
   [Ada]          configure-tests.ads
   [Ada]          configure-tests-asis.adb
   [Ada]          configure-tests-aws.adb
   [Ada]          configure-tests-firebird.adb
   [Ada]          configure-tests-gprbuild.adb
   [Ada]          configure-tests-install.adb
   [Ada]          configure-tests-installation_directories.adb
   [Ada]          configure-tests-modules.ads
   [Ada]          configure-tests-modules-amf.adb
   [Ada]          configure-tests-mysql.adb
   [Ada]          configure-tests-oci.adb
   [Ada]          configure-tests-operating_system.adb
   [Ada]          configure-tests-postgresql.adb
   [Ada]          configure-tests-sqlite3.adb
   [Ada]          configure-tests-valgrind.adb
   [Ada]          configure-version.adb
   [Ada]          configure-builder.adb
   [Ada]          configure-abstract_tests.adb
   [Ada]          configure-pkg_config.adb
   [Ada]          configure-component_switches.adb
Bind
   [gprbind]      configure-driver.bexch
   [Ada]          configure-driver.ali
Link
   [link]         configure-driver.adb
-macosx_version_min has been renamed to -macos_version_min
ld: warning: ignoring duplicate libraries: '-lSystem'
0  0x100b10f43  __assert_rtn + 64
1  0x100a12f43  ld::AtomPlacement::findAtom(unsigned char, unsigned long long, ld::AtomPlacement::AtomLoc const*&, long long&) const + 1411
2  0x100a2f431  ld::InputFiles::SliceParser::parseObjectFile(mach_o::Header const*) const + 19745
3  0x100a3fb71  ld::InputFiles::parseAllFiles(void (ld::AtomFile const*) block_pointer)::$_7::operator()(unsigned long, ld::FileInfo const&) const + 657
4  0x7ff80428edef  _dispatch_client_callout2 + 8
5  0x7ff8042a0547  _dispatch_apply_invoke3 + 431
6  0x7ff80428edbc  _dispatch_client_callout + 8
7  0x7ff80429004e  _dispatch_once_callout + 20
8  0x7ff8042a0a9b  _dispatch_apply_invoke_and_wait + 278
9  0x7ff80429fcf8  _dispatch_apply_with_attr_f + 1225
10  0x7ff80429feaf  dispatch_apply + 45
11  0x100ad8972  ld::AtomFileConsolidator::parseFiles(bool) + 370
12  0x100a5fd67  main + 12263
ld: Assertion failed: (resultIndex < sectData.atoms.size()), function findAtom, file Relocations.cpp, line 1336.
collect2: error: ld returned 1 exit status
gprbuild: link of configure-driver.adb failed
gprbuild: failed command was: /users/runner/.config/alire/cache/dependencies/gnat_native_10.3.2_e112fd3f/bin/gcc configure-driver.o b__configure-driver.o /Users/runner/work/alire-crates-ci/alire-crates-ci/test/b1825dcd-0af8-41a5-90e5-3248d5650240/ada_pretty_1.0.0_cdcd41f8/alire/cache/dependencies/matreshka_league_21.0.0_0c8f4d47/.objs/configure/configure.o /Users/runner/work/alire-crates-ci/alire-crates-ci/test/b1825dcd-0af8-41a5-90e5-3248d5650240/ada_pretty_1.0.0_cdcd41f8/alire/cache/dependencies/matreshka_league_21.0.0_0c8f4d47/.objs/configure/configure-component_switches.o /Users/runner/work/alire-crates-ci/alire-crates-ci/test/b1825dcd-0af8-41a5-90e5-3248d5650240/ada_pretty_1.0.0_cdcd41f8/alire/cache/dependencies/matreshka_league_21.0.0_0c8f4d47/.objs/configure/configure-instantiate.o /Users/runner/work/alire-crates-ci/alire-crates-ci/test/b1825dcd-0af8-41a5-90e5-3248d5650240/ada_pretty_1.0.0_cdcd41f8/alire/cache/dependencies/matreshka_league_21.0.0_0c8f4d47/.objs/configure/configure-internals.o /Users/runner/work/alire-crates-ci/alire-crates-ci/test/b1825dcd-0af8-41a5-90e5-3248d5650240/ada_pretty_1.0.0_cdcd41f8/alire/cache/dependencies/matreshka_league_21.0.0_0c8f4d47/.objs/configure/configure-abstract_tests.o /Users/runner/work/alire-crates-ci/alire-crates-ci/test/b1825dcd-0af8-41a5-90e5-3248d5650240/ada_pretty_1.0.0_cdcd41f8/alire/cache/dependencies/matreshka_league_21.0.0_0c8f4d47/.objs/configure/configure-builder.o /Users/runner/work/alire-crates-ci/alire-crates-ci/test/b1825dcd-0af8-41a5-90e5-3248d5650240/ada_pretty_1.0.0_cdcd41f8/alire/cache/dependencies/matreshka_league_21.0.0_0c8f4d47/.objs/configure/configure-architecture.o /Users/runner/work/alire-crates-ci/alire-crates-ci/test/b1825dcd-0af8-41a5-90e5-3248d5650240/ada_pretty_1.0.0_cdcd41f8/alire/cache/dependencies/matreshka_league_21.0.0_0c8f4d47/.objs/configure/configure-pkg_config.o /Users/runner/work/alire-crates-ci/alire-crates-ci/test/b1825dcd-0af8-41a5-90e5-3248d5650240/ada_pretty_1.0.0_cdcd41f8/alire/cache/dependencies/matreshka_league_21.0.0_0c8f4d47/.objs/configure/configure-rtl_version.o /Users/runner/work/alire-crates-ci/alire-crates-ci/test/b1825dcd-0af8-41a5-90e5-3248d5650240/ada_pretty_1.0.0_cdcd41f8/alire/cache/dependencies/matreshka_league_21.0.0_0c8f4d47/.objs/configure/configure-tests.o /Users/runner/work/alire-crates-ci/alire-crates-ci/test/b1825dcd-0af8-41a5-90e5-3248d5650240/ada_pretty_1.0.0_cdcd41f8/alire/cache/dependencies/matreshka_league_21.0.0_0c8f4d47/.objs/configure/configure-tests-asis.o /Users/runner/work/alire-crates-ci/alire-crates-ci/test/b1825dcd-0af8-41a5-90e5-3248d5650240/ada_pretty_1.0.0_cdcd41f8/alire/cache/dependencies/matreshka_league_21.0.0_0c8f4d47/.objs/configure/configure-tests-aws.o /Users/runner/work/alire-crates-ci/alire-crates-ci/test/b1825dcd-0af8-41a5-90e5-3248d5650240/ada_pretty_1.0.0_cdcd41f8/alire/cache/dependencies/matreshka_league_21.0.0_0c8f4d47/.objs/configure/configure-tests-firebird.o /Users/runner/work/alire-crates-ci/alire-crates-ci/test/b1825dcd-0af8-41a5-90e5-3248d5650240/ada_pretty_1.0.0_cdcd41f8/alire/cache/dependencies/matreshka_league_21.0.0_0c8f4d47/.objs/configure/configure-tests-gprbuild.o /Users/runner/work/alire-crates-ci/alire-crates-ci/test/b1825dcd-0af8-41a5-90e5-3248d5650240/ada_pretty_1.0.0_cdcd41f8/alire/cache/dependencies/matreshka_league_21.0.0_0c8f4d47/.objs/configure/configure-tests-install.o /Users/runner/work/alire-crates-ci/alire-crates-ci/test/b1825dcd-0af8-41a5-90e5-3248d5650240/ada_pretty_1.0.0_cdcd41f8/alire/cache/dependencies/matreshka_league_21.0.0_0c8f4d47/.objs/configure/configure-tests-installation_directories.o /Users/runner/work/alire-crates-ci/alire-crates-ci/test/b1825dcd-0af8-41a5-90e5-3248d5650240/ada_pretty_1.0.0_cdcd41f8/alire/cache/dependencies/matreshka_league_21.0.0_0c8f4d47/.objs/configure/configure-tests-modules.o /Users/runner/work/alire-crates-ci/alire-crates-ci/test/b1825dcd-0af8-41a5-90e5-3248d5650240/ada_pretty_1.0.0_cdcd41f8/alire/cache/dependencies/matreshka_league_21.0.0_0c8f4d47/.objs/configure/configure-tests-mysql.o /Users/runner/work/alire-crates-ci/alire-crates-ci/test/b1825dcd-0af8-41a5-90e5-3248d5650240/ada_pretty_1.0.0_cdcd41f8/alire/cache/dependencies/matreshka_league_21.0.0_0c8f4d47/.objs/configure/configure-tests-operating_system.o /Users/runner/work/alire-crates-ci/alire-crates-ci/test/b1825dcd-0af8-41a5-90e5-3248d5650240/ada_pretty_1.0.0_cdcd41f8/alire/cache/dependencies/matreshka_league_21.0.0_0c8f4d47/.objs/configure/configure-tests-modules-amf.o /Users/runner/work/alire-crates-ci/alire-crates-ci/test/b1825dcd-0af8-41a5-90e5-3248d5650240/ada_pretty_1.0.0_cdcd41f8/alire/cache/dependencies/matreshka_league_21.0.0_0c8f4d47/.objs/configure/configure-tests-oci.o /Users/runner/work/alire-crates-ci/alire-crates-ci/test/b1825dcd-0af8-41a5-90e5-3248d5650240/ada_pretty_1.0.0_cdcd41f8/alire/cache/dependencies/matreshka_league_21.0.0_0c8f4d47/.objs/configure/configure-tests-postgresql.o /Users/runner/work/alire-crates-ci/alire-crates-ci/test/b1825dcd-0af8-41a5-90e5-3248d5650240/ada_pretty_1.0.0_cdcd41f8/alire/cache/dependencies/matreshka_league_21.0.0_0c8f4d47/.objs/configure/configure-tests-sqlite3.o /Users/runner/work/alire-crates-ci/alire-crates-ci/test/b1825dcd-0af8-41a5-90e5-3248d5650240/ada_pretty_1.0.0_cdcd41f8/alire/cache/dependencies/matreshka_league_21.0.0_0c8f4d47/.objs/configure/configure-tests-valgrind.o /Users/runner/work/alire-crates-ci/alire-crates-ci/test/b1825dcd-0af8-41a5-90e5-3248d5650240/ada_pretty_1.0.0_cdcd41f8/alire/cache/dependencies/matreshka_league_21.0.0_0c8f4d47/.objs/configure/configure-version.o -L/Users/runner/work/alire-crates-ci/alire-crates-ci/test/b1825dcd-0af8-41a5-90e5-3248d5650240/ada_pretty_1.0.0_cdcd41f8/alire/cache/dependencies/matreshka_league_21.0.0_0c8f4d47/.objs/configure/ -L/Users/runner/work/alire-crates-ci/alire-crates-ci/test/b1825dcd-0af8-41a5-90e5-3248d5650240/ada_pretty_1.0.0_cdcd41f8/alire/cache/dependencies/matreshka_league_21.0.0_0c8f4d47/.objs/configure/ -L/users/runner/.config/alire/cache/dependencies/gnat_native_10.3.2_e112fd3f/lib/gcc/x86_64-apple-darwin19.6.0/10.3.0/adalib/ /users/runner/.config/alire/cache/dependencies/gnat_native_10.3.2_e112fd3f/lib/gcc/x86_64-apple-darwin19.6.0/10.3.0/adalib/libgnat.a -Wl,-rpath,@executable_path//.objs/configure -Wl,-rpath,@executable_path/../../../../../../../../../..//.config/alire/cache/dependencies/gnat_native_10.3.2_e112fd3f/lib/gcc/x86_64-apple-darwin19.6.0/10.3.0/adalib -o /Users/runner/work/alire-crates-ci/alire-crates-ci/test/b1825dcd-0af8-41a5-90e5-3248d5650240/ada_pretty_1.0.0_cdcd41f8/alire/cache/dependencies/matreshka_league_21.0.0_0c8f4d47//configure
make: *** [config] Error 5
stderr: Command ["make", "reconfig"] exited with code 2
stderr: ALIRE.CHECKED_ERROR
stderr: Command ["make", "reconfig"] exited with code 2
stderr: raised ALIRE.CHECKED_ERROR : alire-stored-error:1
Load address: 0x100e40000
Call stack traceback locations:
0x101748415 0x10141be83 0x101421729 0x101422909 0x101421d1b 0x101593299 0x101593fd4 0x1015aa873 0x1015f6dc1 0x1015f53c2 0x1015aa9b8 0x101594346 0x100eb01cf 0x100eb501c 0x100f3b05c 0x100f463b8 0x100e41605 0x100e44914

stderr: A post-fetch action failed, re-run with -vv -d for details
ERROR: A post-fetch action failed, re-run with -vv -d for details
