Test ran at 2022-08-07 00:50:49.831891+00:00

SOLUTION:
emojis=1.0.0: A library to replace names between colons with emojis
Origin: commit e9d5c4ef79b45a8be73c6e98dceb70c291d1fbed from https://github.com/onox/emojis.git
Properties:
   Author: onox
   Configuration: no modifiers
   Description: A library to replace names between colons with emojis
   License: Apache-2.0
   Maintainer: onox <denkpadje@gmail.com>
   Maintainers_Logins: onox
   Name: emojis
   Tag: emoji
   Tag: string
   Tag: text
   Tag: unicode
   Version: 1.0.0
   Website: https://github.com/onox/emojis


LOG:
Note: Deploying emojis=1.0.0...
Note: Building emojis/emojis.gpr...
Setup
   [mkdir]        object directory for project Emojis
   [mkdir]        library directory for project Emojis
Compile
   [Ada]          strings.adb
   [Ada]          emojis.adb
Build Libraries
   [gprlib]       emojis.lexch
   [archive]      libemojis.a
C:\Users\runneradmin\.config\alire\cache\dependencies\gnat_native_11.2.4_2f9c5d6d/bin\ar.exe: D:\a\alire-crates-ci\alire-crates-ci\test\64effb46-a3d1-4868-8281-8f894d03c0f7\emojis_1.0.0_e9d5c4ef\build\obj\emojis.o: plugin needed to handle lto object
   [index]        libemojis.a
C:\Users\runneradmin\.config\alire\cache\dependencies\gnat_native_11.2.4_2f9c5d6d/bin\ranlib.exe: D:\a\alire-crates-ci\alire-crates-ci\test\64effb46-a3d1-4868-8281-8f894d03c0f7\emojis_1.0.0_e9d5c4ef\build\lib\libemojis.a(emojis.o): plugin needed to handle lto object
Build finished successfully in 3.84 seconds.

emojis=1.0.0 successfully retrieved and built.
There are no dependencies.
