Test ran at 2024-05-25 12:33:19.599260+00:00

SOLUTION:
avrada_examples=1.0.1: Sample applications in Ada for AVR microcontrollers
Origin: commit 72780c766d5e3cb674d012c1775015d4442ce6e0 from https://github.com/RREE/AVRAda_Examples.git
Properties:
   Author: Rolf Ebert
   Description: Sample applications in Ada for AVR microcontrollers
   License: GPL-2.0-or-later WITH GCC-exception-3.1
   Maintainer: Rolf Ebert <rolf.ebert.gcc@gmx.de>
   Maintainers_Logins: RREE
   Name: avrada_examples
   Project_File: avrada_examples.gpr
   Tag: avr
   Tag: embedded
   Tag: demo
   Version: 1.0.1
   Website: https://sourceforge.net/projects/avr-ada/


LOG:
Note: Deploying avrada_examples=1.0.1...
Note: Building avrada_examples/avrada_examples.gpr...
Setup
   [mkdir]        object directory for project AVRAda_Examples
Compile
   [Ada]          avrada_examples.adb
Bind
   [gprbind]      avrada_examples.bexch
   [Ada]          avrada_examples.ali
Link
   [link]         avrada_examples.adb
-macosx_version_min has been renamed to -macos_version_min
ld: warning: ignoring duplicate libraries: '-lSystem'
0  0x104837f43  __assert_rtn + 64
1  0x104739f43  ld::AtomPlacement::findAtom(unsigned char, unsigned long long, ld::AtomPlacement::AtomLoc const*&, long long&) const + 1411
2  0x104756431  ld::InputFiles::SliceParser::parseObjectFile(mach_o::Header const*) const + 19745
3  0x104766e44  ld::InputFiles::parseAllFiles(void (ld::AtomFile const*) block_pointer)::$_7::operator()(unsigned long, ld::FileInfo const&) const + 1380
4  0x7ff813ddadef  _dispatch_client_callout2 + 8
5  0x7ff813dec547  _dispatch_apply_invoke3 + 431
6  0x7ff813ddadbc  _dispatch_client_callout + 8
7  0x7ff813ddc04e  _dispatch_once_callout + 20
8  0x7ff813deb740  _dispatch_apply_invoke + 184
9  0x7ff813ddadbc  _dispatch_client_callout + 8
10  0x7ff813dea2ca  _dispatch_root_queue_drain + 871
11  0x7ff813dea84f  _dispatch_worker_thread2 + 152
12  0x7ff813f78b43  _pthread_wqthread + 262
ld: Assertion failed: (resultIndex < sectData.atoms.size()), function findAtom, file Relocations.cpp, line 1336.
collect2: error: ld returned 1 exit status
gprbuild: link of avrada_examples.adb failed
gprbuild: failed command was: /users/runner/.config/alire/cache/dependencies/gnat_native_10.3.2_e112fd3f/bin/gcc avrada_examples.o b__avrada_examples.o -L/Users/runner/work/alire-crates-ci/alire-crates-ci/test/dcb45edb-3fc8-4027-ad96-3871ac4e0416/avrada_examples_1.0.1_72780c76/.obj/ -L/Users/runner/work/alire-crates-ci/alire-crates-ci/test/dcb45edb-3fc8-4027-ad96-3871ac4e0416/avrada_examples_1.0.1_72780c76/.obj/ -L/users/runner/.config/alire/cache/dependencies/gnat_native_10.3.2_e112fd3f/lib/gcc/x86_64-apple-darwin19.6.0/10.3.0/adalib/ /users/runner/.config/alire/cache/dependencies/gnat_native_10.3.2_e112fd3f/lib/gcc/x86_64-apple-darwin19.6.0/10.3.0/adalib/libgnat.a -Wl,-rpath,@executable_path//.obj -Wl,-rpath,@executable_path/../../../../../..//.config/alire/cache/dependencies/gnat_native_10.3.2_e112fd3f/lib/gcc/x86_64-apple-darwin19.6.0/10.3.0/adalib -o /Users/runner/work/alire-crates-ci/alire-crates-ci/test/dcb45edb-3fc8-4027-ad96-3871ac4e0416/avrada_examples_1.0.1_72780c76//avrada_examples
stderr: Command ["gprbuild", "-s", "-j0", "-p", "-P", "/Users/runner/work/alire-crates-ci/alire-crates-ci/test/dcb45edb-3fc8-4027-ad96-3871ac4e0416/avrada_examples_1.0.1_72780c76/avrada_examples.gpr"] exited with code 4
ERROR: Command ["gprbuild", "-s", "-j0", "-p", "-P", "/Users/runner/work/alire-crates-ci/alire-crates-ci/test/dcb45edb-3fc8-4027-ad96-3871ac4e0416/avrada_examples_1.0.1_72780c76/avrada_examples.gpr"] exited with code 4
stderr: ALIRE.CHECKED_ERROR
stderr: Command ["gprbuild", "-s", "-j0", "-p", "-P", "/Users/runner/work/alire-crates-ci/alire-crates-ci/test/dcb45edb-3fc8-4027-ad96-3871ac4e0416/avrada_examples_1.0.1_72780c76/avrada_examples.gpr"] exited with code 4
stderr: raised ALIRE.CHECKED_ERROR : alire-stored-error:1
Load address: 0x1045e4000
Call stack traceback locations:
0x104eec415 0x104bbfe83 0x104dd2df9 0x104dd3581 0x104d33ac3 0x104d31f99 0x104d4e873 0x104d9adc1 0x104d9981a 0x104d4e9b8 0x104d32349 0x1046439c1 0x104654578 0x10465901c 0x1046df05c 0x1046ea3b8 0x1045e5605 0x1045e8914


Warning: avrada_examples=1.0.1 successfully retrieved but its build failed.
There are no dependencies.
ERROR: Build ended with errors
