Test ran at 2025-02-05 01:11:09.361478+00:00

SOLUTION:
pico_bsp=2.2.0: Board support package for Raspberry Pi Pico
Origin: commit 4256840550d5891728409c1b5e97d0e3f9bdb50d from https://github.com/JeremyGrosser/pico_bsp.git
Properties:
   Author: Jeremy Grosser
   Config set: rp2040_hal {Flash_Chip := w25qxx}
   Configuration: no modifiers
   Description: Board support package for Raspberry Pi Pico
   License: BSD-3-Clause
   Maintainer: Jeremy Grosser <jeremy@synack.me>
   Maintainers_Logins: JeremyGrosser
   Name: pico_bsp
   Tag: embedded
   Tag: nostd
   Tag: raspberrypi
   Tag: pico
   Tag: rp2040
   Tag: bsp
   Version: 2.2.0
   Website: https://pico-doc.synack.me/
Dependencies (direct):
   rp2040_hal^2
Dependencies (solution):
   atomic=1.0.0
   bbqueue=1.0.0
   cortex_m=1.0.0
   gnat=14.2.1 (gnat_arm_elf)
   gnat_arm_elf=14.2.1
   hal=1.0.0
   rp2040_hal=2.4.1
   usb_embedded=1.0.0
Dependencies (graph):
   bbqueue=1.0.0      --> atomic=1.0.0 (^1.0.0)
   bbqueue=1.0.0      --> gnat=14.2.1 (gnat_arm_elf) (>=10)
   cortex_m=1.0.0     --> gnat_arm_elf=14.2.1 (>=12)
   cortex_m=1.0.0     --> hal=1.0.0 (^1.0.0)
   pico_bsp=2.2.0     --> rp2040_hal=2.4.1 (^2)
   rp2040_hal=2.4.1   --> atomic=1.0.0 (^1)
   rp2040_hal=2.4.1   --> cortex_m=1.0.0 (^1)
   rp2040_hal=2.4.1   --> gnat_arm_elf=14.2.1 (^14)
   rp2040_hal=2.4.1   --> hal=1.0.0 (^1)
   rp2040_hal=2.4.1   --> usb_embedded=1.0.0 (^1)
   usb_embedded=1.0.0 --> bbqueue=1.0.0 (^1.0.0)
   usb_embedded=1.0.0 --> hal=1.0.0 (^1.0.0)


LOG:
Spawning: alr -d -n get --build pico_bsp=2.2.0
Note: Deploying pico_bsp=2.2.0...
Note: Deploying atomic=1.0.0...
Note: Deploying gnat_arm_elf=14.2.1...
#=#=#                                                                          

                                                                           0.0%
##                                                                         3.8%
####                                                                       6.6%
######                                                                     9.1%
########                                                                  11.7%
##########                                                                14.5%
############                                                              16.9%
##############                                                            19.6%
###############                                                           22.1%
##################                                                        25.1%
###################                                                       26.5%
######################                                                    30.7%
#######################                                                   33.1%
#########################                                                 35.6%
###########################                                               38.3%
##############################                                            41.9%
################################                                          44.5%
##################################                                        47.6%
##################################                                        48.5%
#####################################                                     51.6%
######################################                                    53.0%
#######################################                                   55.2%
#########################################                                 57.3%
##########################################                                58.5%
############################################                              61.8%
###############################################                           65.6%
#################################################                         68.5%
####################################################                      72.8%
#######################################################                   77.2%
##########################################################                81.1%
############################################################              83.4%
#############################################################             86.0%
################################################################          90.0%
##################################################################        92.7%
###################################################################       93.3%
###################################################################       93.4%
###################################################################       93.5%
###################################################################       93.9%
####################################################################      95.2%
######################################################################    98.3%
######################################################################## 100.0%
Note: gnat_arm_elf=14.2.1 installed successfully.
Note: Deploying hal=1.0.0...
Note: Deploying bbqueue=1.0.0...
Note: Deploying cortex_m=1.0.0...
Note: Deploying usb_embedded=1.0.0...
Note: Deploying rp2040_hal=2.4.1...
Note: Alire has selected automatically this toolchain:
   gprbuild=22.0.1
   gnat_native=14.2.1
You can select a different toolchain at any time with `alr toolchain --select`
Download will start now:
Note: Deploying gprbuild=22.0.1...
#=#=#                                                                          

                                                                           0.1%
#######################################                                   55.5%
######################################################################## 100.0%
Note: gprbuild=22.0.1 installed successfully.
Note: Deploying gnat_native=14.2.1...
#=#=#                                                                          

                                                                           0.0%
######                                                                     8.6%
########                                                                  12.3%
#############                                                             18.3%
#################                                                         24.5%
#######################                                                   32.2%
############################                                              39.7%
##############################                                            42.6%
################################                                          44.5%
################################                                          45.1%
################################                                          45.6%
#################################                                         46.1%
##################################                                        48.3%
########################################                                  55.6%
###########################################                               60.4%
#############################################                             63.2%
#################################################                         68.5%
######################################################                    75.4%
########################################################                  78.6%
#############################################################             85.5%
##################################################################        92.8%
#######################################################################   99.8%
######################################################################## 100.0%
Note: gnat_native=14.2.1 installed successfully.
Note: Building pico_bsp=2.2.0/pico_bsp.gpr...
Setup
   [mkdir]        object directory for project Atomic
   [mkdir]        library directory for project Atomic
   [mkdir]        object directory for project HAL
   [mkdir]        library directory for project HAL
   [mkdir]        object directory for project Cortex_M
   [mkdir]        library directory for project Cortex_M
   [mkdir]        object directory for project Bbqueue
   [mkdir]        library directory for project Bbqueue
   [mkdir]        object directory for project Usb_Embedded
   [mkdir]        library directory for project Usb_Embedded
   [mkdir]        object directory for project Rp2040_Hal
   [mkdir]        library directory for project Rp2040_Hal
   [mkdir]        object directory for project Pico_Bsp
   [mkdir]        library directory for project Pico_Bsp
Compile
   [Ada]          bbqueue_config.ads
   [Ada]          bbqueue.adb
   [Ada]          bbqueue-buffers-framed.adb
   [Ada]          bbqueue-buffers.adb
   [Ada]          usb_embedded_config.ads
   [Ada]          usb-logging.ads
   [Ada]          usb.adb
   [Ada]          usb-hal-device.ads
   [Ada]          usb-utils.adb
   [Ada]          usb-lang.ads
   [Ada]          usb-hal.ads
   [Ada]          usb-device-midi.adb
   [Ada]          usb-device-hid.adb
   [Ada]          usb-device-serial.adb
   [Ada]          usb-device-hid-joystick.adb
   [Ada]          usb-device-hid-keyboard.adb
   [Ada]          usb-device-control.adb
   [Ada]          usb-device-hid-gamepad.adb
   [Ada]          usb-device.adb
   [Ada]          usb-device-hid-mouse.adb
   [Ada]          usb-logging-device__null.adb
   [Ada]          hal-touch_panel.ads
   [Ada]          hal-sdmmc.adb
   [Ada]          hal-uart.ads
   [Ada]          hal-filesystem.ads
   [Ada]          hal-audio.ads
   [Ada]          hal-block_drivers.ads
   [Ada]          hal-i2c.ads
   [Ada]          hal.ads
   [Ada]          hal-time.ads
   [Ada]          hal-real_time_clock.ads
   [Ada]          hal-bitmap.ads
   [Ada]          hal-dsi.ads
   [Ada]          hal-framebuffer.ads
   [Ada]          hal-gpio.ads
   [Ada]          hal-spi.ads
   [Ada]          hal-flash.ads
   [Ada]          cortex_m-nvic.adb
   [Ada]          cortex_m-cache.adb
   [Ada]          cortex_m_svd-systick.ads
   [Ada]          cortex_m_svd-dwt.ads
   [Ada]          cortex_m_svd-debug.ads
   [Ada]          cortex_m_svd-scb.ads
   [Ada]          cortex_m_svd.ads
   [Ada]          cortex_m_svd-nvic.ads
   [Ada]          cortex_m_config.ads
   [Ada]          cortex_m-hints.adb
   [Ada]          memory_barriers.adb
   [Ada]          semihosting-filesystem.adb
   [Ada]          cortex_m-systick.adb
   [Ada]          cortex_m.ads
   [Ada]          semihosting.adb
   [Ada]          cortex_m-dwt.adb
   [Ada]          cortex_m-debug.adb
   [Ada]          atomic-critical_section.adb
   [Ada]          atomic.adb
   [Ada]          atomic-signed.adb
   [Ada]          atomic-unsigned.adb
   [Ada]          atomic_config.ads
   [Ada]          atomic-unsigned_16.ads
   [Ada]          atomic-unsigned_8.ads
   [Ada]          atomic-signed_8.ads
   [Ada]          atomic-unsigned_32.ads
   [Ada]          atomic-signed_32.ads
   [Ada]          atomic-signed_16.ads
   [Asm_Cpp]      crt0.S
   [Ada]          rp2040_hal_config.ads
   [Ada]          rp-pwm-interrupts.adb
   [Ada]          rp-timer-interrupts.adb
   [Ada]          rp_interrupts.adb
   [Ada]          rp-gpio-interrupts.adb
   [Ada]          rp-device.ads
   [Ada]          rp2040_svd-resets.ads
   [Ada]          rp2040_svd-ppb.ads
   [Ada]          rp2040_svd-spi.ads
   [Ada]          rp2040_svd-sysinfo.ads
   [Ada]          rp2040_svd-pads_qspi.ads
   [Ada]          rp2040_svd-watchdog.ads
   [Ada]          rp2040_svd-rosc.ads
   [Ada]          rp2040_svd-busctrl.ads
   [Ada]          rp2040_svd-pads_bank0.ads
   [Ada]          rp2040_svd-usbctrl_regs.ads
   [Ada]          rp2040_svd-usbctrl_dpram.ads
   [Ada]          rp2040_svd-adc.ads
   [Ada]          rp2040_svd.ads
   [Ada]          rp2040_svd-xip_ctrl.ads
   [Ada]          rp2040_svd-timer.ads
   [Ada]          rp2040_svd-sio.ads
   [Ada]          rp2040_svd-tbman.ads
   [Ada]          rp2040_svd-vreg_and_chip_reset.ads
   [Ada]          rp2040_svd-pll.ads
   [Ada]          rp2040_svd-rtc.ads
   [Ada]          rp2040_svd-io_qspi.ads
   [Ada]          rp2040_svd-uart.ads
   [Ada]          rp2040_svd-pwm.ads
   [Ada]          rp2040_svd-interrupts.ads
   [Ada]          rp2040_svd-psm.ads
   [Ada]          rp2040_svd-i2c.ads
   [Ada]          rp2040_svd-pio.ads
   [Ada]          rp2040_svd-syscfg.ads
   [Ada]          rp2040_svd-clocks.ads
   [Ada]          rp2040_svd-xosc.ads
   [Ada]          rp2040_svd-xip_ssi.ads
   [Ada]          rp2040_svd-io_bank0.ads
   [Ada]          rp2040_svd-dma.ads
   [Ada]          rp-multicore.adb
   [Ada]          rp-gpio.adb
   [Ada]          rp-reset.adb
   [Ada]          rp-pio-audio_i2s.adb
   [Ada]          rp-pio.adb
   [Ada]          rp-spi.adb
   [Ada]          rp-rom-floating_point.adb
   [Ada]          rp-watchdog.adb
   [Ada]          rp-dma.adb
   [Ada]          rp-pwm.adb
   [Ada]          rp-i2c_master.adb
   [Ada]          rp-pio-touch_sense_charge_pio.ads
   [Ada]          rp-timer.adb
   [Ada]          rp-rom.adb
   [Ada]          rp-adc.adb
   [Ada]          rp-flash-cache.adb
   [Ada]          rp-i2c.adb
   [Ada]          rp-pio-touch_sense_discharge_pio.ads
   [Ada]          rp-pio-audio_i2s_pio.ads
   [Ada]          rp-usb_device.adb
   [Ada]          rp-flash.adb
   [Ada]          rp-uart.adb
   [Ada]          rp-pio-ws2812.adb
   [Ada]          rp-rtc.adb
   [Ada]          rp-multicore-spinlocks.adb
   [Ada]          rp-pio-ws2812_pio.ads
   [Ada]          rp-pio-encoding.ads
   [Ada]          rp-clock.adb
   [Ada]          rp-interpolator.ads
   [Ada]          rp-pio-touch_sense.adb
   [Ada]          rp-multicore-fifo.adb
   [Ada]          rp.ads
   [Ada]          pico_bsp_config.ads
   [Ada]          pico-audio_i2s.ads
   [Ada]          pico.ads
   [Ada]          pico-pimoroni-rgb_keypad.adb
   [Ada]          pico-pimoroni-audio_pack.ads
   [Ada]          pico-pimoroni.ads
Build Libraries
   [gprlib]       Atomic.lexch
   [gprlib]       hal.lexch
   [gprlib]       Cortex_M.lexch
   [archive]      libAtomic.a
   [archive]      libhal.a
   [index]        libAtomic.a
   [index]        libhal.a
   [gprlib]       Bbqueue.lexch
   [gprlib]       Usb_Embedded.lexch
   [archive]      libCortex_M.a
   [archive]      libBbqueue.a
   [index]        libBbqueue.a
   [index]        libCortex_M.a
   [gprlib]       Rp2040_Hal.lexch
   [archive]      libUsb_Embedded.a
   [index]        libUsb_Embedded.a
   [gprlib]       Pico_Bsp.lexch
   [archive]      libRp2040_Hal.a
   [index]        libRp2040_Hal.a
   [archive]      libPico_Bsp.a
   [index]        libPico_Bsp.a

pico_bsp=2.2.0 successfully retrieved and built.
Dependencies were solved as follows:

   +  atomic       1.0.0  (new,indirect)
   +  bbqueue      1.0.0  (new,indirect)
   +  cortex_m     1.0.0  (new,indirect)
   +b gnat         14.2.1 (new,gnat_arm_elf,indirect,binary)
   +b gnat_arm_elf 14.2.1 (new,indirect,binary)
   +  hal          1.0.0  (new,indirect)
   +  rp2040_hal   2.4.1  (new)
   +  usb_embedded 1.0.0  (new,indirect)
Found declared GPR file: pico_bsp.gpr
