Test ran at 2024-09-27 00:53:21.102846+00:00

SOLUTION:
raspberry_bsp=1.0.0: Board Support package for Raspberry PI v1, v2 and B+
Origin: commit a15c773223e31c3ba97dc806897ab1feec2ff5a3 from https://github.com/TamaMcGlinn/ada_raspio.git
Available when: (case OS is Windows => False)
Properties:
   Author: Tama McGlinn
   Description: Board Support package for Raspberry PI v1, v2 and B+
   License: MIT
   Maintainer: Tama McGlinn <t.mcglinn@gmail.com>
   Maintainers_Logins: TamaMcGlinn
   Name: raspberry_bsp
   Tag: raspberry
   Tag: pi
   Version: 1.0.0
   Website: https://github.com/TamaMcGlinn/ada_raspio


LOG:
Note: Deploying raspberry_bsp=1.0.0...
Note: Building raspberry_bsp/raspberry_bsp.gpr...
Setup
   [mkdir]        object directory for project Raspberry_BSP
   [mkdir]        library directory for project Raspberry_BSP
bcm2835_library.gpr:4:23: library directory "/usr/local/lib/" does not exist
gprbuild: "/Users/runner/work/alire-crates-ci/alire-crates-ci/test/af894d32-7e6f-42cb-ae1e-0cc68414fc8e/raspberry_bsp_1.0.0_a15c7732/raspberry_bsp.gpr" processing failed
stderr: Command ["gprbuild", "-s", "-j0", "-p", "-P", "/Users/runner/work/alire-crates-ci/alire-crates-ci/test/af894d32-7e6f-42cb-ae1e-0cc68414fc8e/raspberry_bsp_1.0.0_a15c7732/raspberry_bsp.gpr"] exited with code 4
ERROR: Command ["gprbuild", "-s", "-j0", "-p", "-P", "/Users/runner/work/alire-crates-ci/alire-crates-ci/test/af894d32-7e6f-42cb-ae1e-0cc68414fc8e/raspberry_bsp_1.0.0_a15c7732/raspberry_bsp.gpr"] exited with code 4
stderr: ALIRE.CHECKED_ERROR
stderr: Command ["gprbuild", "-s", "-j0", "-p", "-P", "/Users/runner/work/alire-crates-ci/alire-crates-ci/test/af894d32-7e6f-42cb-ae1e-0cc68414fc8e/raspberry_bsp_1.0.0_a15c7732/raspberry_bsp.gpr"] exited with code 4
stderr: raised ALIRE.CHECKED_ERROR : alire-stored-error:1
Load address: 0x1009e9000
Call stack traceback locations:
0x1012f1415 0x100fc4e83 0x1011d7df9 0x1011d8581 0x101138ac3 0x101136f99 0x101153873 0x10119fdc1 0x10119e81a 0x1011539b8 0x101137349 0x100a489c1 0x100a59578 0x100a5e01c 0x100ae405c 0x100aef3b8 0x1009ea605 0x1009ed914


Warning: raspberry_bsp=1.0.0 successfully retrieved but its build failed.
There are no dependencies.
ERROR: Build ended with errors
