Test ran at 2022-06-19 01:21:13.726199+00:00

SOLUTION:
libsimpleio=1.20223.1: Linux Simple I/O Library bindings for GNAT Ada
Origin: source archive libsimpleio-1.20223.1.tbz2 at http://repo.munts.com/alire/libsimpleio-1.20223.1.tbz2 with hashes sha256:74e686884f2083eca80ebbd85967ebc5315f017294bde359b726c9bcc32032a9, sha512:e57b86760f570375450d8a966f90691791811dda6c328e0416235913c49bcdd475157a674d146c4c783bf0831e873999bfca287fe916de65a3aebacbf75fa51e
Available when: (case OS is Linux => True, others => False)
Properties:
   Author: Philip Munts
   Description: Linux Simple I/O Library bindings for GNAT Ada
   License: BSD-1-Clause
   Maintainer: Philip Munts <phil@munts.net>
   Maintainers_Logins: pmunts
   Name: libsimpleio
   Project_File: libsimpleio.gpr
   Project_File: programs.gpr
   Tag: embedded
   Tag: linux
   Tag: libsimpleio
   Tag: remoteio
   Tag: beaglebone
   Tag: pocketbeagle
   Tag: raspberrypi
   Tag: adc
   Tag: dac
   Tag: gpio
   Tag: hid
   Tag: i2c
   Tag: motor
   Tag: pwm
   Tag: sensor
   Tag: serial
   Tag: servo
   Tag: spi
   Tag: stepper
   Tag: watchdog
   Version: 1.20223.1
   Website: https://github.com/pmunts/libsimpleio


LOG:
Note: Deploying libsimpleio=1.20223.1...
#=#=#                                                                         

#######                                                                    9.8%
#######################################################################  100.0%
######################################################################## 100.0%
Note: Building libsimpleio/libsimpleio.gpr (1/2)...
Setup
   [mkdir]        object directory for project libsimpleio
   [mkdir]        library directory for project libsimpleio
Compile
   [C]            c_libpwm.c
   [C]            c_libi2c.c
   [C]            c_libdac.c
   [C]            c_libserial.c
   [C]            c_libspi.c
   [C]            c_liblinx.c
   [C]            c_libipv4.c
   [C]            c_libwatchdog.c
   [C]            c_libadc.c
   [C]            c_libhidraw.c
   [C]            c_errmsg.c
   [C]            c_libevent.c
   [C]            c_liblinux.c
   [C]            c_libstream.c
   [C]            c_libgpio.c
   [Ada]          clickboard-htu21d-remoteio.ads
   [Ada]          clickboard-expand2-remoteio.ads
   [Ada]          clickboard-remoteio.adb
   [Ada]          clickboard-adc-remoteio.ads
   [Ada]          clickboard-pwm_click-remoteio.ads
   [Ada]          clickboard-altitude-remoteio.ads
   [Ada]          clickboard-thermo3-remoteio.ads
   [Ada]          clickboard-sevensegment-remoteio.adb
clickboard-thermo3-remoteio.ads:45:05: warning: formal parameter "speed" is not referenced
   [Ada]          clickboard-thermo-remoteio.ads
   [Ada]          clickboard-servers.adb
   [Ada]          clickboard-leds_8x8-remoteio.ads
   [Ada]          clickboard-htu21d-simpleio.ads
   [Ada]          clickboard-thermo3-simpleio.ads
   [Ada]          clickboard-adc-simpleio.ads
   [Ada]          clickboard-expand2-simpleio.ads
   [Ada]          clickboard-altitude-simpleio.ads
   [Ada]          clickboard-sevensegment-simpleio.adb
   [Ada]          clickboard-shields.adb
   [Ada]          clickboard-simpleio.adb
   [Ada]          clickboard-pwm_click-simpleio.ads
   [Ada]          clickboard-leds_8x8-simpleio.ads
   [Ada]          clickboard-thermo-simpleio.ads
   [Ada]          clickboard-template.ads
   [Ada]          clickboard-expand2.ads
   [Ada]          clickboard-altitude.ads
   [Ada]          clickboard-adc.adb
   [Ada]          clickboard-thermo3.ads
   [Ada]          clickboard-htu21d.ads
   [Ada]          clickboard-sevensegment.adb
   [Ada]          clickboard.ads
   [Ada]          clickboard-pwm_click.ads
   [Ada]          clickboard-leds_8x8.adb
   [Ada]          clickboard-thermo.ads
   [Ada]          remoteio-dispatch.ads
   [Ada]          remoteio-dac.adb
   [Ada]          remoteio-server-dev.adb
   [Ada]          remoteio-gpio.adb
   [Ada]          remoteio-adc.adb
   [Ada]          remoteio-server-udp.adb
   [Ada]          remoteio-server-foundation.adb
remoteio-server-foundation.adb:35:03: warning: variable "disp" is assigned but never read
remoteio-server-foundation.adb:45:49: warning: "error" modified by call, but value overwritten at line 49
   [Ada]          remoteio-pwm.adb
   [Ada]          remoteio-server-message64.adb
   [Ada]          remoteio-server-serial.adb
   [Ada]          remoteio-executive.adb
   [Ada]          remoteio-common.adb
   [Ada]          remoteio-i2c.adb
   [Ada]          remoteio-spi.adb
   [Ada]          remoteio-server.ads
   [Ada]          remoteio-client-libsimpleio.ads
   [Ada]          remoteio-client-udp.ads
   [Ada]          gpio-remoteio.adb
   [Ada]          remoteio-raspberrypi.ads
   [Ada]          remoteio-munts_0016.ads
   [Ada]          remoteio-client.adb
   [Ada]          adc-remoteio.adb
   [Ada]          remoteio-munts_0015.ads
   [Ada]          pwm-remoteio.adb
   [Ada]          remoteio-arduino.ads
   [Ada]          remoteio-abstract_device.adb
   [Ada]          remoteio-client-serial.adb
   [Ada]          remoteio-client-stream.ads
remoteio-client-serial.adb:32:07: warning: use of an anonymous access type allocator
   [Ada]          spi-remoteio.adb
   [Ada]          i2c-remoteio.adb
spi-remoteio.adb:85:36: warning: "resp" modified by call, but value might not be referenced
   [Ada]          remoteio-munts_0018.ads
i2c-remoteio.adb:79:42: warning: "resp" modified by call, but value might not be referenced
   [Ada]          dac-remoteio.adb
   [Ada]          remoteio-pocketbeagle.ads
   [Ada]          remoteio.ads
   [Ada]          adc-libsimpleio.adb
   [Ada]          logging-libsimpleio.adb
logging-libsimpleio.adb:52:23: warning: "error" modified by call, but value overwritten at line 53
logging-libsimpleio.adb:72:23: warning: "error" modified by call, but value might not be referenced
logging-libsimpleio.adb:84:62: warning: "err" modified by call, but value might not be referenced
logging-libsimpleio.adb:95:18: warning: "err" modified by call, but value might not be referenced
logging-libsimpleio.adb:106:07: warning: "err" modified by call, but value might not be referenced
logging-libsimpleio.adb:116:63: warning: "err" modified by call, but value might not be referenced
logging-libsimpleio.adb:126:62: warning: "err" modified by call, but value might not be referenced
logging-libsimpleio.adb:135:43: warning: "err" modified by call, but value might not be referenced
logging-libsimpleio.adb:144:07: warning: "err" modified by call, but value might not be referenced
logging-libsimpleio.adb:152:63: warning: "err" modified by call, but value might not be referenced
   [Ada]          watchdog-libsimpleio.adb
   [Ada]          gpio-pwm-libsimpleio.ads
   [Ada]          gpio-userled.adb
   [Ada]          messaging-fixed-libsimpleio_datagram.adb
   [Ada]          munts_0018-i2c.ads
   [Ada]          pwm-libsimpleio.adb
   [Ada]          device.ads
   [Ada]          beaglebone.ads
   [Ada]          munts_0018-analog.ads
   [Ada]          munts_0018-button_template.ads
   [Ada]          munts_0018.adb
   [Ada]          pocketbeagle.ads
   [Ada]          messaging-fixed-libsimpleio_stream.adb
   [Ada]          munts_0018-pwm.adb
   [Ada]          munts_0018-button.ads
   [Ada]          munts_0018-button_interrupt.ads
   [Ada]          message64-datagram_libsimpleio.ads
   [Ada]          message64-stream_libsimpleio.ads
   [Ada]          i2c-libsimpleio.adb
   [Ada]          spi-libsimpleio.adb
   [Ada]          dac-libsimpleio.adb
   [Ada]          hid-libsimpleio.adb
   [Ada]          munts_0018-led.ads
   [Ada]          gpio-libsimpleio.adb
   [Ada]          raspberrypi.ads
   [Ada]          pwm-cli.adb
   [Ada]          message64-stream.ads
   [Ada]          external_command.adb
   [Ada]          email_sendmail.adb
   [Ada]          stream_framing_protocol.adb
   [Ada]          debug.adb
   [Ada]          message64-udp.ads
   [Ada]          email_mail.adb
   [Ada]          messaging-fixed-gnat_udp.adb
   [Ada]          thermistor.adb
   [Ada]          gpio-pwm.adb
   [Ada]          motor-servo.adb
   [Ada]          servo-pwm.ads
   [Ada]          messaging-fixed-ada_streams.adb
   [Ada]          motor-pwm.adb
   [Ada]          watchdog.ads
   [Ada]          pwm.ads
   [Ada]          motor.ads
   [Ada]          analog.ads
   [Ada]          humidity.ads
   [Ada]          gyroscope.ads
   [Ada]          messaging-text.ads
   [Ada]          joystick.ads
   [Ada]          dac.adb
   [Ada]          spi.ads
   [Ada]          resistance.ads
   [Ada]          servo.ads
   [Ada]          messaging-fixed.ads
   [Ada]          magnetometer.ads
   [Ada]          i2c.adb
   [Ada]          stepper.ads
   [Ada]          adc.adb
   [Ada]          logging.ads
   [Ada]          messaging.adb
   [Ada]          message64.ads
   [Ada]          pressure.ads
   [Ada]          io_interfaces.ads
   [Ada]          angle.ads
   [Ada]          temperature.ads
   [Ada]          voltage.ads
   [Ada]          hid.adb
   [Ada]          accelerometer.ads
   [Ada]          gpio.ads
   [Ada]          servo-pwm_template.adb
   [Ada]          truecolor.ads
   [Ada]          tlc1543.adb
   [Ada]          lps25h.adb
tlc1543.adb:101:26: warning: formal parameter "self" is not referenced
   [Ada]          mcp23017-gpio.adb
lps25h.adb:63:03: warning: constant "WHO_AM_I" is not referenced
lps25h.adb:69:03: warning: constant "INT_CFG" is not referenced
lps25h.adb:70:03: warning: constant "INT_SOURCE" is not referenced
lps25h.adb:71:03: warning: constant "STATUS_REG" is not referenced
lps25h.adb:77:03: warning: constant "FIFO_CTRL" is not referenced
lps25h.adb:78:03: warning: constant "FIFO_STATUS" is not referenced
lps25h.adb:79:03: warning: constant "THS_P_L" is not referenced
lps25h.adb:80:03: warning: constant "THS_P_H" is not referenced
lps25h.adb:81:03: warning: constant "RPDS_L" is not referenced
lps25h.adb:82:03: warning: constant "RPDS_H" is not referenced
   [Ada]          pca9534.adb
   [Ada]          max31855.adb
   [Ada]          mcp2221.adb
   [Ada]          pca8574.adb
mcp2221.adb:87:23: warning: "resp" modified by call, but value might not be referenced
   [Ada]          mcp3202.adb
   [Ada]          pca8574-gpio.adb
mcp3202.adb:62:26: warning: formal parameter "Self" is not referenced
   [Ada]          mcp4822.adb
   [Ada]          htu21d.adb
mcp4822.adb:61:26: warning: formal parameter "Self" is not referenced
   [Ada]          tmp102.adb
htu21d.adb:41:03: warning: named number "CMD_GET_CONFIG" is not referenced
   [Ada]          th02.adb
   [Ada]          mcp23017-byte.adb
   [Ada]          pca9685-pwm.adb
   [Ada]          max7219.adb
   [Ada]          grove_tb6612-stepper.adb
   [Ada]          pca9685.adb
   [Ada]          lsm9ds1.adb
grove_tb6612-stepper.adb:28:01: warning: "Stepper.Steps" is already use-visible through previous use_type_clause at grove_tb6612-stepper.ads:32
   [Ada]          hid-munts.ads
   [Ada]          cytron_md13s.adb
lsm9ds1.adb:63:03: warning: constant "WHO_AM_I" is not referenced
lsm9ds1.adb:67:03: warning: constant "ORIENT_CFG_G" is not referenced
lsm9ds1.adb:68:03: warning: constant "INT_GEN_SRC_G" is not referenced
lsm9ds1.adb:70:03: warning: constant "OUT_TEMP_H" is not referenced
lsm9ds1.adb:71:03: warning: constant "STATUS_REG_G" is not referenced
lsm9ds1.adb:72:03: warning: constant "OUT_X_L_G" is not referenced
lsm9ds1.adb:73:03: warning: constant "OUT_X_H_G" is not referenced
lsm9ds1.adb:74:03: warning: constant "OUT_Y_L_G" is not referenced
lsm9ds1.adb:75:03: warning: constant "OUT_Y_H_G" is not referenced
lsm9ds1.adb:76:03: warning: constant "OUT_Z_L_G" is not referenced
lsm9ds1.adb:77:03: warning: constant "OUT_Z_H_G" is not referenced
lsm9ds1.adb:85:03: warning: constant "INT_GEN_SRC_XL" is not referenced
lsm9ds1.adb:86:03: warning: constant "STATUS_REG_XL" is not referenced
lsm9ds1.adb:88:03: warning: constant "OUT_X_H_XL" is not referenced
lsm9ds1.adb:89:03: warning: constant "OUT_Y_L_XL" is not referenced
lsm9ds1.adb:90:03: warning: constant "OUT_Y_H_XL" is not referenced
lsm9ds1.adb:91:03: warning: constant "OUT_Z_L_XL" is not referenced
lsm9ds1.adb:92:03: warning: constant "OUT_Z_H_XL" is not referenced
lsm9ds1.adb:93:03: warning: constant "FIFO_CTRL" is not referenced
lsm9ds1.adb:94:03: warning: constant "FIFO_SRC" is not referenced
lsm9ds1.adb:106:03: warning: constant "OFFSET_X_REG_L_M" is not referenced
lsm9ds1.adb:107:03: warning: constant "OFFSET_X_REG_H_M" is not referenced
lsm9ds1.adb:108:03: warning: constant "OFFSET_Y_REG_L_M" is not referenced
lsm9ds1.adb:109:03: warning: constant "OFFSET_Y_REG_H_M" is not referenced
lsm9ds1.adb:110:03: warning: constant "OFFSET_Z_REG_L_M" is not referenced
lsm9ds1.adb:111:03: warning: constant "OFFSET_Z_REG_H_M" is not referenced
lsm9ds1.adb:112:03: warning: constant "WHO_AM_I_M" is not referenced
lsm9ds1.adb:118:03: warning: constant "STATUS_REG_M" is not referenced
lsm9ds1.adb:120:03: warning: constant "OUT_X_H_M" is not referenced
lsm9ds1.adb:121:03: warning: constant "OUT_Y_L_M" is not referenced
lsm9ds1.adb:122:03: warning: constant "OUT_Y_H_M" is not referenced
lsm9ds1.adb:123:03: warning: constant "OUT_Z_L_M" is not referenced
lsm9ds1.adb:124:03: warning: constant "OUT_Z_H_M" is not referenced
lsm9ds1.adb:125:03: warning: constant "INT_CFG_M" is not referenced
lsm9ds1.adb:126:03: warning: constant "INT_SRC_M" is not referenced
lsm9ds1.adb:127:03: warning: constant "INT_THS_L" is not referenced
lsm9ds1.adb:128:03: warning: constant "INT_THS_H" is not referenced
lsm9ds1.adb:153:12: warning: function "ReadRegister" is not referenced
lsm9ds1.adb:249:16: warning: formal parameter "Self" is not referenced
   [Ada]          mcp3204.adb
   [Ada]          grove_temperature.adb
mcp3204.adb:62:26: warning: formal parameter "Self" is not referenced
   [Ada]          mcp2221-gpio.adb
   [Ada]          grove_tb6612.adb
mcp2221-gpio.adb:130:27: warning: "resp" modified by call, but value might not be referenced
   [Ada]          bmp280.adb
   [Ada]          a4988.adb
   [Ada]          pca9685-gpio.adb
bmp280.adb:34:03: warning: constant "REG_ID" is not referenced
bmp280.adb:35:03: warning: constant "REG_RESET" is not referenced
bmp280.adb:40:03: warning: constant "REG_PLSB" is not referenced
bmp280.adb:41:03: warning: constant "REG_PXLSB" is not referenced
bmp280.adb:42:03: warning: constant "REG_TMSB" is not referenced
bmp280.adb:43:03: warning: constant "REG_TLSB" is not referenced
bmp280.adb:44:03: warning: constant "REG_TXLSB" is not referenced
   [Ada]          tcs3472.adb
   [Ada]          mcp2221-adc.adb
mcp2221-adc.adb:52:26: warning: formal parameter "Self" is not referenced
   [Ada]          grove_adc.ads
   [Ada]          pca9534-gpio.adb
tcs3472.adb:34:03: warning: constant "AILTL" is not referenced
tcs3472.adb:35:03: warning: constant "AILTH" is not referenced
tcs3472.adb:36:03: warning: constant "AIHTL" is not referenced
tcs3472.adb:37:03: warning: constant "AIHTH" is not referenced
tcs3472.adb:38:03: warning: constant "PERS" is not referenced
tcs3472.adb:40:03: warning: constant "CONTROL" is not referenced
tcs3472.adb:41:03: warning: constant "ID" is not referenced
tcs3472.adb:44:03: warning: constant "CDATAH" is not referenced
tcs3472.adb:45:03: warning: constant "RDATAL" is not referenced
tcs3472.adb:46:03: warning: constant "RDATAH" is not referenced
tcs3472.adb:47:03: warning: constant "GDATAL" is not referenced
tcs3472.adb:48:03: warning: constant "GDATAH" is not referenced
tcs3472.adb:49:03: warning: constant "BDATAL" is not referenced
tcs3472.adb:50:03: warning: constant "BDATAH" is not referenced
tcs3472.adb:62:03: warning: constant "AIEN" is not referenced
tcs3472.adb:66:03: warning: constant "POWERON" is not referenced
tcs3472.adb:67:03: warning: constant "ACQUIRE" is not referenced
   [Ada]          mcp2221-i2c.adb
   [Ada]          hdc1080.adb
mcp2221-i2c.adb:61:30: warning: "respmsg" modified by call, but value overwritten at line 68
mcp2221-i2c.adb:106:30: warning: "respmsg" modified by call, but value might not be referenced
mcp2221-i2c.adb:147:30: warning: "respmsg" modified by call, but value overwritten at line 160
mcp2221-i2c.adb:160:30: warning: "respmsg" modified by call, but value overwritten at line 167
   [Ada]          mcp2221-libsimpleio.adb
   [Ada]          mcp23017-word.adb
   [Ada]          mpl3115a2.adb
   [Ada]          grove_tb6612-motor.adb
   [Ada]          hts221.adb
   [Ada]          grove_temperature_humidity.ads
   [Ada]          mcp3208.adb
hts221.adb:40:12: warning: function "ToUnsigned16" is not referenced
hts221.adb:52:03: warning: constant "WHO_AM_I" is not referenced
hts221.adb:57:03: warning: constant "STATUS_REG" is not referenced
hts221.adb:59:03: warning: constant "HUMIDITY_OUT_H" is not referenced
hts221.adb:61:03: warning: constant "TEMP_OUT_H" is not referenced
hts221.adb:66:03: warning: constant "CALIB_4" is not referenced
hts221.adb:69:03: warning: constant "CALIB_7" is not referenced
hts221.adb:70:03: warning: constant "CALIB_8" is not referenced
hts221.adb:71:03: warning: constant "CALIB_9" is not referenced
hts221.adb:73:03: warning: constant "CALIB_B" is not referenced
hts221.adb:75:03: warning: constant "CALIB_D" is not referenced
hts221.adb:77:03: warning: constant "CALIB_F" is not referenced
   [Ada]          ads1015.adb
mcp3208.adb:62:26: warning: formal parameter "Self" is not referenced
   [Ada]          mcp23017.adb
   [Ada]          adc121c021.adb
ads1015.adb:25:40: warning: literal "LowThreshold" is not referenced
ads1015.adb:25:54: warning: literal "HighThreshold" is not referenced
ads1015.adb:123:26: warning: formal parameter "Self" is not referenced
   [Ada]          libdac.ads
   [Ada]          libpwm.ads
   [Ada]          libgpio.ads
   [Ada]          liblinux.ads
   [Ada]          libwatchdog.ads
   [Ada]          libi2c.ads
adc121c021.adb:35:03: warning: constant "AlertStatus" is not referenced
adc121c021.adb:37:03: warning: constant "AlertLowLimit" is not referenced
adc121c021.adb:38:03: warning: constant "AlertHighLimit" is not referenced
adc121c021.adb:39:03: warning: constant "AlertHysteresis" is not referenced
adc121c021.adb:40:03: warning: constant "LowestConversion" is not referenced
adc121c021.adb:41:03: warning: constant "HighestConversion" is not referenced
adc121c021.adb:49:12: warning: function "ReadRegister8" is not referenced
adc121c021.adb:95:13: warning: procedure "WriteRegister16" is not referenced
adc121c021.adb:129:26: warning: formal parameter "Self" is not referenced
   [Ada]          libspi.ads
   [Ada]          errno.ads
   [Ada]          libevent.ads
   [Ada]          libipv4.ads
   [Ada]          libserial.ads
   [Ada]          libhidraw.ads
   [Ada]          libstream.ads
   [Ada]          libadc.ads
Build Libraries
   [gprlib]       libsimpleio.lexch
   [archive]      liblibsimpleio.a
   [index]        liblibsimpleio.a
Note: Building libsimpleio/programs.gpr (2/2)...
Setup
   [mkdir]        exec directory for project Programs
Compile
   [Ada]          test_hello.adb
Bind
   [gprbind]      test_hello.bexch
   [Ada]          test_hello.ali
Link
   [link]         test_hello.adb
Build finished successfully in 17.02 seconds.

libsimpleio=1.20223.1 successfully retrieved and built.
There are no dependencies.
