Test ran at 2024-04-27 01:40:28.689432+00:00

SOLUTION:
xml_ez_out=1.6.0: Creation of XML-formatted output from Ada programs
Origin: source archive alr-1.6.tar.gz at https://github.com/alire-project/xmlezout/archive/alr-1.6.tar.gz with hash sha512:c90d08dcdb96bf39f1e06def716ea9936b2aec25fec2ea4f3314c53a2befefa4ea84c037c35abe6d7675af1c91a8847f6ce4e5e8dd32da1008f2ba43ed79151b
Properties:
   Author: Marc A. Criley
   Description: Creation of XML-formatted output from Ada programs
   Executable: tmeztf
   Maintainer: alejandro@mosteo.com
   Maintainers_Logins: mosteo
   Name: xml_ez_out
   Version: 1.6.0
   Website: http://www.mckae.com/xmlEz.html


LOG:
Note: Deploying xml_ez_out=1.6.0...
#=#=#                                                                         
##O#-#                                                                        
##O=#  #                                                                      
#=#=-#  #                                                                     
Note: Building xml_ez_out/xml_ez_out.gpr...
Compile
   [Ada]          tmeztf.adb
   [Ada]          mckae.ads
   [Ada]          mckae-xml.ads
   [Ada]          mckae-xml-ez_out.ads
   [Ada]          mckae-xml-ez_out-generic_medium.adb
   [Ada]          mckae-xml-ez_out-string_stream.adb
   [Ada]          mckae-xml-ez_out-text_file.ads
Bind
   [gprbind]      tmeztf.bexch
   [Ada]          tmeztf.ali
Link
   [link]         tmeztf.adb
-macosx_version_min has been renamed to -macos_version_min
0  0x100f29f43  __assert_rtn + 64
1  0x100e2bf43  ld::AtomPlacement::findAtom(unsigned char, unsigned long long, ld::AtomPlacement::AtomLoc const*&, long long&) const + 1411
2  0x100e48431  ld::InputFiles::SliceParser::parseObjectFile(mach_o::Header const*) const + 19745
3  0x100e58b71  ld::InputFiles::parseAllFiles(void (ld::AtomFile const*) block_pointer)::$_7::operator()(unsigned long, ld::FileInfo const&) const + 657
4  0x7ff808702def  _dispatch_client_callout2 + 8
5  0x7ff808714547  _dispatch_apply_invoke3 + 431
6  0x7ff808702dbc  _dispatch_client_callout + 8
7  0x7ff80870404e  _dispatch_once_callout + 20
8  0x7ff808714a9b  _dispatch_apply_invoke_and_wait + 278
9  0x7ff808713cf8  _dispatch_apply_with_attr_f + 1225
10  0x7ff808713eaf  dispatch_apply + 45
11  0x100ef1972  ld::AtomFileConsolidator::parseFiles(bool) + 370
12  0x100e78d67  main + 12263
ld: Assertion failed: (resultIndex < sectData.atoms.size()), function findAtom, file Relocations.cpp, line 1336.
collect2: error: ld returned 1 exit status
gprbuild: link of tmeztf.adb failed
gprbuild: failed command was: /users/runner/.config/alire/cache/dependencies/gnat_native_13.1.0_071d715c/bin/gcc tmeztf.o b__tmeztf.o /Users/runner/work/alire-crates-ci/alire-crates-ci/test/488e44c4-532f-4f5a-8bec-fd554d7e8175/xml_ez_out_1.6.0_c90d08dc/mckae.o /Users/runner/work/alire-crates-ci/alire-crates-ci/test/488e44c4-532f-4f5a-8bec-fd554d7e8175/xml_ez_out_1.6.0_c90d08dc/mckae-xml.o /Users/runner/work/alire-crates-ci/alire-crates-ci/test/488e44c4-532f-4f5a-8bec-fd554d7e8175/xml_ez_out_1.6.0_c90d08dc/mckae-xml-ez_out.o /Users/runner/work/alire-crates-ci/alire-crates-ci/test/488e44c4-532f-4f5a-8bec-fd554d7e8175/xml_ez_out_1.6.0_c90d08dc/mckae-xml-ez_out-generic_medium.o /Users/runner/work/alire-crates-ci/alire-crates-ci/test/488e44c4-532f-4f5a-8bec-fd554d7e8175/xml_ez_out_1.6.0_c90d08dc/mckae-xml-ez_out-string_stream.o /Users/runner/work/alire-crates-ci/alire-crates-ci/test/488e44c4-532f-4f5a-8bec-fd554d7e8175/xml_ez_out_1.6.0_c90d08dc/mckae-xml-ez_out-text_file.o -L/Users/runner/work/alire-crates-ci/alire-crates-ci/test/488e44c4-532f-4f5a-8bec-fd554d7e8175/xml_ez_out_1.6.0_c90d08dc/ -L/Users/runner/work/alire-crates-ci/alire-crates-ci/test/488e44c4-532f-4f5a-8bec-fd554d7e8175/xml_ez_out_1.6.0_c90d08dc/ -L/users/runner/.config/alire/cache/dependencies/gnat_native_13.1.0_071d715c/lib/gcc/x86_64-apple-darwin21.6.0/13.1.0/adalib/ /users/runner/.config/alire/cache/dependencies/gnat_native_13.1.0_071d715c/lib/gcc/x86_64-apple-darwin21.6.0/13.1.0/adalib/libgnat.a -Wl,-rpath,@executable_path/ -Wl,-rpath,@executable_path/../../../../../..//.config/alire/cache/dependencies/gnat_native_13.1.0_071d715c/lib/gcc/x86_64-apple-darwin21.6.0/13.1.0/adalib -o tmeztf
stderr: Command ["gprbuild", "-s", "-j0", "-p", "-P", "/Users/runner/work/alire-crates-ci/alire-crates-ci/test/488e44c4-532f-4f5a-8bec-fd554d7e8175/xml_ez_out_1.6.0_c90d08dc/xml_ez_out.gpr"] exited with code 4
ERROR: Command ["gprbuild", "-s", "-j0", "-p", "-P", "/Users/runner/work/alire-crates-ci/alire-crates-ci/test/488e44c4-532f-4f5a-8bec-fd554d7e8175/xml_ez_out_1.6.0_c90d08dc/xml_ez_out.gpr"] exited with code 4
stderr: ALIRE.CHECKED_ERROR
stderr: Command ["gprbuild", "-s", "-j0", "-p", "-P", "/Users/runner/work/alire-crates-ci/alire-crates-ci/test/488e44c4-532f-4f5a-8bec-fd554d7e8175/xml_ez_out_1.6.0_c90d08dc/xml_ez_out.gpr"] exited with code 4
stderr: raised ALIRE.CHECKED_ERROR : alire-stored-error:1
Load address: 0x104b4d000
Call stack traceback locations:
0x105455415 0x105128e83 0x10533bdf9 0x10533c581 0x10529cac3 0x10529af99 0x1052b7873 0x105303dc1 0x10530281a 0x1052b79b8 0x10529b349 0x104bac9c1 0x104bbd578 0x104bc201c 0x104c4805c 0x104c533b8 0x104b4e605 0x104b51914


Warning: xml_ez_out=1.6.0 successfully retrieved but its build failed.
There are no dependencies.
ERROR: Build ended with errors
