Test ran at 2022-09-24 13:15:37.605633+00:00

SOLUTION:
langkit_support=22.0.0: Runtime support library for Langkit-generated libraries
Origin: source archive langkit_support-22.0.0.tar.gz at https://github.com/AdaCore/langkit/releases/download/v22.0.0/langkit_support-22.0.0.tar.gz with hash sha512:d43df3a95d87cdbdfbe94dd353fbc7dc746f27e6d71576cfbeca5f3972d37832dd406b5945623da2e93b18133baf6c6bf12d1b7a14fd2e403d2c6f2f41cb6b3b
Properties:
   Author: AdaCore
   Description: Runtime support library for Langkit-generated libraries
   case Toolchain is
      when System => GPR External: LIBRARY_TYPE := relocatable
   License: GPL-3.0-only WITH GCC-exception-3.1
   Maintainer: Pierre-Marie de Rodat <pmderodat@kawie.fr>
   Maintainers_Logins: pmderodat
   Name: langkit_support
   Version: 22.0.0
   Website: https://github.com/AdaCore/langkit
Dependencies (direct):
   gnatcoll^22
   gnatcoll_iconv^22
Dependencies (solution):
   gnat=12.1.2 (gnat_arm_elf) (installed)
   gnatcoll=22.0.0
   gnatcoll_iconv=22.0.0
   libgpr=22.0.0
   xmlada=22.0.0
Dependencies (graph):
   gnatcoll=22.0.0        --> libgpr=22.0.0 (~22.0.0)            
   gnatcoll_iconv=22.0.0  --> gnatcoll=22.0.0 (~22.0.0)          
   langkit_support=22.0.0 --> gnatcoll=22.0.0 (^22)              
   langkit_support=22.0.0 --> gnatcoll_iconv=22.0.0 (^22)        
   libgpr=22.0.0          --> gnat=12.1.2 (gnat_arm_elf) (/=2020)
   libgpr=22.0.0          --> xmlada=22.0.0 (~22.0.0)            
   xmlada=22.0.0          --> gnat=12.1.2 (gnat_arm_elf) (>=11)  


LOG:
Note: Deploying langkit_support=22.0.0...
#=#=#                                                                         

######################################################################## 100.0%
Note: Deploying xmlada=22.0.0...
#=#=#                                                                         

########                                                                  11.9%
######################################################################## 100.0%
Note: Running post_fetch actions for xmlada=22.0.0...
checking build system type... x86_64-unknown-linux-gnu
checking host system type... x86_64-unknown-linux-gnu
checking target system type... x86_64-unknown-linux-gnu
checking whether gnat can build shared libs... yes
checking for a BSD-compatible install... /usr/bin/install -c
checking whether ln -s works... yes
configure: creating ./config.status
config.status: creating xmlada_shared.gpr
config.status: creating Makefile
config.status: creating tests/dom/default.gpr
Note: Deploying libgpr=22.0.0...
#=#=#                                                                         
##O#-#                                                                        
##=O#- #                                                                      
Note: Deploying gnatcoll=22.0.0...
#=#=#                                                                         
##O#-#                                                                        
##=O#- #                                                                      
Note: Deploying gnatcoll_iconv=22.0.0...
#=#=#                                                                         
##O#-#                                                                        
Note: Building langkit_support/langkit_support.gpr...
gnatcoll.gpr:254:07: warning: value "windows" is not used as label
Setup
   [mkdir]        object directory for project XmlAda_Sax
   [mkdir]        library directory for project XmlAda_Sax
   [mkdir]        object directory for project XmlAda_Schema
   [mkdir]        object directory for project GPR
   [mkdir]        library directory for project GPR
   [mkdir]        object directory for project GnatColl
   [mkdir]        library directory for project GnatColl
   [mkdir]        object directory for project GnatColl_Iconv
   [mkdir]        library directory for project GnatColl_Iconv
   [mkdir]        object directory for project Langkit_Support
   [mkdir]        library directory for project Langkit_Support
Compile
   [C]            iconv_support.c
   [Ada]          gnatcoll-iconv.adb
   [Ada]          schema-readers.adb
   [Ada]          schema-validators-xsd_grammar.adb
   [Ada]          schema.adb
   [Ada]          schema-validators.adb
   [Ada]          schema-simple_types.adb
   [Ada]          schema-decimal.adb
   [Ada]          schema-date_time.adb
   [Ada]          schema-schema_readers.adb
   [Ada]          schema-dom_readers.adb
   [Ada]          dom-core-comments.ads
   [Ada]          dom-core-character_datas.adb
   [Ada]          dom-core-document_fragments.ads
   [Ada]          dom-core-attrs.adb
   [Ada]          dom-core-processing_instructions.ads
   [Ada]          dom-core-texts.adb
   [Ada]          dom-core-nodes.adb
   [Ada]          dom-core-documents.adb
   [Ada]          dom-core-elements.adb
   [Ada]          dom-readers.adb
   [Ada]          dom-core-cdata_sections.ads
   [Ada]          dom.ads
   [Ada]          dom-core-document_types.adb
   [Ada]          dom-core-notations.adb
   [Ada]          dom-core.adb
   [Ada]          dom-core-entity_references.ads
   [Ada]          input_sources.adb
   [Ada]          input_sources-socket.adb
   [Ada]          input_sources-http.adb
   [Ada]          input_sources-file.adb
   [Ada]          input_sources-strings.adb
   [Ada]          sax-locators.adb
   [Ada]          sax-symbols.adb
   [Ada]          sax-encodings.ads
   [Ada]          sax-utils.adb
   [Ada]          sax-attributes.adb
   [Ada]          sax-state_machines.adb
   [Ada]          sax-exceptions.adb
   [Ada]          sax-models.adb
   [Ada]          sax-pointers.adb
   [Ada]          sax-htable.adb
   [Ada]          sax-readers.adb
   [Ada]          sax.ads
   [Ada]          unicode-names-supplemental_punctuation.ads
   [Ada]          unicode-names-samaritan.ads
   [Ada]          unicode-names-mathematical_operators.ads
   [Ada]          unicode-names-variation_selectors.ads
   [Ada]          unicode-names-vedic_extensions.ads
   [Ada]          unicode-names-ol_chiki.ads
   [Ada]          unicode-ccs-windows_1251.adb
   [Ada]          unicode-names-latin_1_supplement.ads
   [Ada]          unicode-names-lycian.ads
   [Ada]          unicode-names-deseret.ads
   [Ada]          unicode-names-myanmar_extended_b.ads
   [Ada]          unicode-names-control_pictures.ads
   [Ada]          unicode-names-sinhala.ads
   [Ada]          unicode-names-old_hungarian.ads
   [Ada]          unicode-names-hangul_jamo_extended_a.ads
   [Ada]          unicode-names-tai_le.ads
   [Ada]          unicode-names-saurashtra.ads
   [Ada]          unicode-names-common_indic_number_forms.ads
   [Ada]          unicode-ces.adb
   [Ada]          unicode-names-canadian_aboriginal.ads
   [Ada]          unicode-names-batak.ads
   [Ada]          unicode-names-kana_supplement.ads
   [Ada]          unicode-names-canadian_aboriginal_ext.ads
   [Ada]          unicode-names-nabataean.ads
   [Ada]          unicode-names-new_tai_lue.ads
   [Ada]          unicode-names-kanbun.ads
   [Ada]          unicode-names-khmer_symbols.ads
   [Ada]          unicode-names-musical_symbols.ads
   [Ada]          unicode-names-limbu.ads
   [Ada]          unicode-names-lao.ads
   [Ada]          unicode-names-katakana_phonetic_ext.ads
   [Ada]          unicode-names-buginese.ads
   [Ada]          unicode-names-playing_cards.ads
   [Ada]          unicode-names-sharada.ads
   [Ada]          unicode-names-sup_math_operators.ads
   [Ada]          unicode-names-thaana.ads
   [Ada]          unicode-names-miscellaneous_symbols.ads
   [Ada]          unicode-names-sundanese_supplement.ads
   [Ada]          unicode-names-early_dynastic_cuneiform.ads
   [Ada]          unicode-names-currency_symbols.ads
   [Ada]          unicode.adb
   [Ada]          unicode-names-phonetic_extensions.ads
   [Ada]          unicode-names-khudawadi.ads
   [Ada]          unicode-names-number_forms.ads
   [Ada]          unicode-names-grantha.ads
   [Ada]          unicode-names-bengali.ads
   [Ada]          unicode-names-vai.ads
   [Ada]          unicode-names-devanagari_extended.ads
   [Ada]          unicode-names-letterlike_symbols.ads
   [Ada]          unicode-names-tai_tham.ads
   [Ada]          unicode-names-pahawh_hmong.ads
   [Ada]          unicode-names-kayah_li.ads
   [Ada]          unicode-names-old_north_arabian.ads
   [Ada]          unicode-names-geometric_shapes.ads
   [Ada]          unicode-names-tifinagh.ads
   [Ada]          unicode-names-emoticons.ads
   [Ada]          unicode-names-mandaic.ads
   [Ada]          unicode-names-rumi_numeral_symbols.ads
   [Ada]          unicode-names-ideograph_descr_chars.ads
   [Ada]          unicode-names-mahajani.ads
   [Ada]          unicode-names-kaithi.ads
   [Ada]          unicode-names-cypriot_syllabary.ads
   [Ada]          unicode-names-phags_pa.ads
   [Ada]          unicode-names-lydian.ads
   [Ada]          unicode-names-bamum.ads
   [Ada]          unicode-names-counting_rod_numerals.ads
   [Ada]          unicode-names-coptic_epact_numbers.ads
   [Ada]          unicode-names-yi_radicals.ads
   [Ada]          unicode-names-cyrillic_extended_a.ads
   [Ada]          unicode-names.ads
   [Ada]          unicode-names-half_full_width_forms.ads
   [Ada]          unicode-names-hangul_jamo_extended_b.ads
   [Ada]          unicode-names-hatran.ads
   [Ada]          unicode-ccs-iso_8859_15.adb
   [Ada]          unicode-names-old_turkic.ads
   [Ada]          unicode-names-arabic_extended_a.ads
   [Ada]          unicode-ccs-windows_1252.adb
   [Ada]          unicode-names-glagolitic.ads
   [Ada]          unicode-names-dingbats.ads
   [Ada]          unicode-names-geometric_shapes_extended.ads
   [Ada]          unicode-names-ethiopic_supplement.ads
   [Ada]          unicode-names-yijing_hexagram_symbols.ads
   [Ada]          unicode-names-misc_symbols_pictographs.ads
   [Ada]          unicode-names-multani.ads
   [Ada]          unicode-ccs-iso_8859_4.adb
   [Ada]          unicode-names-enclosed_ideographic_sup.ads
   [Ada]          unicode-names-hebrew.ads
   [Ada]          unicode-names-enclosed_alphanum_sup.ads
   [Ada]          unicode-names-miao.ads
   [Ada]          unicode-names-cjk_symbols_and_punct.ads
   [Ada]          unicode-names-meroitic_cursive.ads
   [Ada]          unicode-names-osmanya.ads
   [Ada]          unicode-names-bamum_supplement.ads
   [Ada]          unicode-names-latin_extended_a.ads
   [Ada]          unicode-names-latin_extended_c.ads
   [Ada]          unicode-names-cuneiform.ads
   [Ada]          unicode-names-old_italic.ads
   [Ada]          unicode-names-cherokee.ads
   [Ada]          unicode-names-rejang.ads
   [Ada]          unicode-names-arabic.ads
   [Ada]          unicode-names-kangxi_radicals.ads
   [Ada]          unicode-names-siddham.ads
   [Ada]          unicode-ccs-iso_8859_2.adb
   [Ada]          unicode-names-supplemental_arrows_c.ads
   [Ada]          unicode-names-ethiopic.ads
   [Ada]          unicode-names-transport_and_map_symbols.ads
   [Ada]          unicode-names-gurmukhi.ads
   [Ada]          unicode-names-katakana.ads
   [Ada]          unicode-names-cuneiform_num_punctuation.ads
   [Ada]          unicode-names-old_permic.ads
   [Ada]          unicode-names-alpha_presentation_forms.ads
   [Ada]          unicode-names-palmyrene.ads
   [Ada]          unicode-names-cyrillic_supplement.ads
   [Ada]          unicode-names-old_persian.ads
   [Ada]          unicode-names-kannada.ads
   [Ada]          unicode-names-tags.ads
   [Ada]          unicode-names-cham.ads
   [Ada]          unicode-names-arabic_supplement.ads
   [Ada]          unicode-names-arabic_present_formsa.ads
   [Ada]          unicode-names-box_drawing.ads
   [Ada]          unicode-names-cjk_compatibility_forms.ads
   [Ada]          unicode-names-ipa_extensions.ads
   [Ada]          unicode-names-syloti_nagri.ads
   [Ada]          unicode-names-super_and_sub_scripts.ads
   [Ada]          unicode-names-elbasan.ads
   [Ada]          unicode-names-cjk_compat_ideographs.ads
   [Ada]          unicode-names-telugu.ads
   [Ada]          unicode-names-sutton_signwriting.ads
   [Ada]          unicode-names-enclosed_alphanumerics.ads
   [Ada]          unicode-names-linear_b_syllabary.ads
   [Ada]          unicode-names-variation_selectors_sup.ads
   [Ada]          unicode-names-cjk_strokes.ads
   [Ada]          unicode-names-block_elements.ads
   [Ada]          unicode-names-small_form_variants.ads
   [Ada]          unicode-names-oriya.ads
   [Ada]          unicode-names-ethiopic_extended.ads
   [Ada]          unicode-names-general_punctuation.ads
   [Ada]          unicode-names-cyrillic.ads
   [Ada]          unicode-names-egyptian_hieroglyphs.ads
   [Ada]          unicode-names-misc_math_symbols_b.ads
   [Ada]          unicode-names-latin_extended_b.ads
   [Ada]          unicode-names-misc_math_symbols_a.ads
   [Ada]          unicode-names-takri.ads
   [Ada]          unicode-names-ancient_greek_music.ads
   [Ada]          unicode-names-javanese.ads
   [Ada]          unicode-names-optical_chars_recognition.ads
   [Ada]          unicode-ccs-iso_8859_3.adb
   [Ada]          unicode-names-coptic.ads
   [Ada]          unicode-names-ethiopic_extended_a.ads
   [Ada]          unicode-names-malayalam.ads
   [Ada]          unicode-names-myanmar_extended_a.ads
   [Ada]          unicode-names-shavian.ads
   [Ada]          unicode-names-warang_citi.ads
   [Ada]          unicode-names-buhid.ads
   [Ada]          unicode-names-brahmi.ads
   [Ada]          unicode-names-pau_cin_hau.ads
   [Ada]          unicode-names-spacing_modifier_letters.ads
   [Ada]          unicode-names-ornamental_dingbats.ads
   [Ada]          unicode-names-cjk_radicals_supplement.ads
   [Ada]          unicode-encodings.adb
   [Ada]          unicode-names-tirhuta.ads
   [Ada]          unicode-names-miscellaneous_technical.ads
   [Ada]          unicode-names-sora_sompeng.ads
   [Ada]          unicode-names-bopomofo.ads
   [Ada]          unicode-names-cherokee_supplement.ads
   [Ada]          unicode-names-ahom.ads
   [Ada]          unicode-ces-utf32.adb
   [Ada]          unicode-names-phoenician.ads
   [Ada]          unicode-names-chakma.ads
   [Ada]          unicode-names-linear_b_ideograms.ads
   [Ada]          unicode-names-thai.ads
   [Ada]          unicode-names-inscriptional_pahlavi.ads
   [Ada]          unicode-names-mende_kikakui.ads
   [Ada]          unicode-names-khmer.ads
   [Ada]          unicode-names-georgian_supplement.ads
   [Ada]          unicode-names-tai_xuan_jing_symbols.ads
   [Ada]          unicode-names-nko.ads
   [Ada]          unicode-names-manichaean.ads
   [Ada]          unicode-names-georgian.ads
   [Ada]          unicode-names-carian.ads
   [Ada]          unicode-names-supplemental_arrows_b.ads
   [Ada]          unicode-ces-utf16.adb
   [Ada]          unicode-names-caucasian_albanian.ads
   [Ada]          unicode-names-cjk_compat_ideo_sup.ads
   [Ada]          unicode-names-ancient_symbols.ads
   [Ada]          unicode-names-runic.ads
   [Ada]          unicode-names-shorthand_format_controls.ads
   [Ada]          unicode-ccs-iso_8859_1.adb
   [Ada]          unicode-names-cyrillic_extended_b.ads
   [Ada]          unicode-names-vertical_forms.ads
   [Ada]          unicode-names-latin_extended_e.ads
   [Ada]          unicode-names-tamil.ads
   [Ada]          unicode-names-duployan.ads
   [Ada]          unicode-names-meroitic_hieroglyphs.ads
   [Ada]          unicode-names-linear_a.ads
   [Ada]          unicode-names-braille_patterns.ads
   [Ada]          unicode-names-sinhala_archaic_numbers.ads
   [Ada]          unicode-names-ugaritic.ads
   [Ada]          unicode-names-ancient_greek_numbers.ads
   [Ada]          unicode-names-ogham.ads
   [Ada]          unicode-names-arabic_math_alpha_symb.ads
   [Ada]          unicode-ces-basic_8bit.adb
   [Ada]          unicode-names-hiragana.ads
   [Ada]          unicode-ccs.adb
   [Ada]          unicode-names-phonetic_ext_sup.ads
   [Ada]          unicode-names-gothic.ads
   [Ada]          unicode-names-old_south_arabian.ads
   [Ada]          unicode-names-arrows.ads
   [Ada]          unicode-names-combining_diacritical_ext.ads
   [Ada]          unicode-names-tagbanwa.ads
   [Ada]          unicode-names-domino_tiles.ads
   [Ada]          unicode-names-modifier_tone_letters.ads
   [Ada]          unicode-names-tai_viet.ads
   [Ada]          unicode-names-armenian.ads
   [Ada]          unicode-names-imperial_aramaic.ads
   [Ada]          unicode-names-phaistos_disc.ads
   [Ada]          unicode-names-latin_extended_additional.ads
   [Ada]          unicode-names-kharoshthi.ads
   [Ada]          unicode-names-yi_syllables.ads
   [Ada]          unicode-names-meetei_mayek.ads
   [Ada]          unicode-names-anatolian_hieroglyphs.ads
   [Ada]          unicode-names-combining_half_marks.ads
   [Ada]          unicode-names-greek_and_coptic.ads
   [Ada]          unicode-names-meetei_mayek_extensions.ads
   [Ada]          unicode-names-khojki.ads
   [Ada]          unicode-names-aegean_numbers.ads
   [Ada]          unicode-names-myanmar.ads
   [Ada]          unicode-names-balinese.ads
   [Ada]          unicode-names-hangul_jamo.ads
   [Ada]          unicode-names-bassa_vah.ads
   [Ada]          unicode-names-alchemical_symbols.ads
   [Ada]          unicode-names-lepcha.ads
   [Ada]          unicode-names-greek_extended.ads
   [Ada]          unicode-names-mongolian.ads
   [Ada]          unicode-names-avestan.ads
   [Ada]          unicode-names-psalter_pahlavi.ads
   [Ada]          unicode-names-devanagari.ads
   [Ada]          unicode-names-math_alphanumeric_symb.ads
   [Ada]          unicode-names-sundanese.ads
   [Ada]          unicode-names-hangul_compatibility_jamo.ads
   [Ada]          unicode-names-combining_diacritical_sym.ads
   [Ada]          unicode-ces-utf8.adb
   [Ada]          unicode-names-syriac.ads
   [Ada]          unicode-names-tibetan.ads
   [Ada]          unicode-names-basic_latin.ads
   [Ada]          unicode-names-inscriptional_parthian.ads
   [Ada]          unicode-names-modi.ads
   [Ada]          unicode-names-combining_diacritical.ads
   [Ada]          unicode-names-gujarati.ads
   [Ada]          unicode-names-supplemental_arrows_a.ads
   [Ada]          unicode-names-lisu.ads
   [Ada]          unicode-names-misc_symbols_and_arrows.ads
   [Ada]          unicode-names-byzantine_musical_symbols.ads
   [Ada]          unicode-names-arabic_present_formsb.ads
   [Ada]          unicode-names-hanunoo.ads
   [Ada]          unicode-names-mro.ads
   [Ada]          unicode-names-cjk_letters_months.ads
   [Ada]          unicode-names-cjk_compatibility.ads
   [Ada]          unicode-names-mahjong_tiles.ads
   [Ada]          unicode-names-bopomofo_extended.ads
   [Ada]          unicode-names-tagalog.ads
   [Ada]          unicode-names-latin_extended_d.ads
   [Ada]          unicode-names-sup_symbols_pictographs.ads
   [Ada]          unicode-names-specials.ads
   [Ada]          unicode-names-combining_diacritical_sup.ads
   [C]            gpr_imports.c
   [Ada]          gpr-debug.adb
   [Ada]          gpr-pp.adb
   [Ada]          gpr-compilation.adb
   [Ada]          gpr-sinput.adb
   [Ada]          gpr-opt.ads
   [Ada]          gpr-compilation-process-waiter.adb
   [Ada]          gpr-strt.adb
   [Ada]          gpr-script.adb
   [Ada]          gpr-compilation-slave.adb
   [Ada]          gpr-names.adb
   [Ada]          gpr-knowledge.adb
sax-pointers.ads:57:58: missing ";"
sax-pointers.ads:62:46: "Encapsulated" is undefined (more references follow)
sax-utils.ads:171:53: "Smart_Pointers" is not the name of a generic package
sax-utils.ads:174:28: "Symbol_Table_Pointers" is undefined (more references follow)
schema-validators.ads:912:44: "Smart_Pointers" is not the name of a generic package
schema-validators.ads:914:28: "XML_Grammars" is undefined (more references follow)
schema-validators.ads:914:28: possible misspelling of "XML_Grammar"

   compilation of gpr-knowledge.adb failed

gprbuild: *** compilation phase failed
stderr: Command ["gprbuild", "-s", "-j0", "-p", "-P", "/home/runner/work/alire-crates-ci/alire-crates-ci/test/1dadbea4-590c-42a4-89a9-cd5538d1b9d6/langkit_support_22.0.0_d43df3a9/langkit_support.gpr"] exited with code 4
ERROR: Command ["gprbuild", "-s", "-j0", "-p", "-P", "/home/runner/work/alire-crates-ci/alire-crates-ci/test/1dadbea4-590c-42a4-89a9-cd5538d1b9d6/langkit_support_22.0.0_d43df3a9/langkit_support.gpr"] exited with code 4
stderr: ALIRE.CHECKED_ERROR
stderr: Command ["gprbuild", "-s", "-j0", "-p", "-P", "/home/runner/work/alire-crates-ci/alire-crates-ci/test/1dadbea4-590c-42a4-89a9-cd5538d1b9d6/langkit_support_22.0.0_d43df3a9/langkit_support.gpr"] exited with code 4
stderr: raised ALIRE.CHECKED_ERROR : alire-stored-error:1
[/usr/bin/alr]
0xd7ab1a Alire.Raise_Checked_Error at alire.adb:251
0xa4211b Alire.Os_Lib.Subprocess.Checked_Spawn at alire-os_lib-subprocess.adb:110
0xc5cb66 Alire.Spawn.Command at alire-spawn.adb:21
0xc5d294 Alire.Spawn.Gprbuild at alire-spawn.adb:41
0xbc12c8 Alire.Roots.Build.Build_Single_Release.Call_Gprbuild at alire-roots.adb:140
0xbbf927 Alire.Roots.Build.Build_Single_Release at alire-roots.adb:171
0xbdb6d6 Alire.Roots.Traverse.Traverse_Wrap at alire-roots.adb:1364
0xc25803 Alire.Solutions.Traverse.Visit at alire-solutions.adb:1443
0xc2441a Alire.Solutions.Traverse at alire-solutions.adb:1518
0xbdb824 Alire.Roots.Traverse at alire-roots.adb:1368
0xbbfcb8 Alire.Roots.Build at alire-roots.adb:196
0x4a0334 Alr.Commands.Build.Execute at alr-commands-build.adb:58
0x4b065a Alr.Commands.Get.Retrieve at alr-commands-get.adb:187
0x4b4e77 Alr.Commands.Get.Execute at alr-commands-get.adb:348
0x53bb7e Alr.Commands.Sub_Cmd.Execute at clic-subcommand-instance.adb:742
0x54756f Alr.Commands.Execute at alr-commands.adb:492
0x43cb1a Alr.Main at alr-main.adb:10
0x43f3e7 Main at b__alr-main.adb:2132
[/lib/x86_64-linux-gnu/libc.so.6]
0x7f9894ab3d08
[/usr/bin/alr]
0x43c9f8 _start at ???
0xfffffffffffffffe


Warning: langkit_support=22.0.0 successfully retrieved but its build failed.
Dependencies were solved as follows:

   +i gnat           12.1.2 (new,installed,gnat_arm_elf,indirect)
   +  gnatcoll       22.0.0 (new)                                
   +  gnatcoll_iconv 22.0.0 (new)                                
   +  libgpr         22.0.0 (new,indirect)                       
   +  xmlada         22.0.0 (new,indirect)                       
ERROR: Build ended with errors
