Test ran at 2023-03-29 01:30:09.187015+00:00

SOLUTION:
uxstrings=0.4.1+alpha-20230223: Unicode Extended Strings utilities
Origin: commit 845ba9f799514dad0ab5ff4b981b17f716f7afab from https://github.com/Blady-Com/UXStrings.git
Properties:
   Author: Pascal Pignard
   Description: Unicode Extended Strings utilities
   License: CECILL-2.1
   Maintainer: Pascal Pignard <blady.net@orange.fr>
   Maintainers_Logins: Blady-Com
   Name: uxstrings
   Project_File: lib_uxstrings1.gpr
   Tag: unicode
   Tag: dynamic
   Tag: string
   Version: 0.4.1+alpha-20230223
   Website: https://github.com/Blady-Com/UXStrings
Dependencies (direct):
   gnat>=2021 | (>=12 & <2000)
   simple_components^4.62.0
Dependencies (solution):
   libgnutls=3.7.3
   simple_components=4.62.0
   unixodbc=2.3.9
Dependencies (external):
   gnat>=2021 | (>=12 & <2000) (direct,hinted)
Dependencies (graph):
   simple_components=4.62.0       --> gnat>=2021 | (>=12 & <2000)       
   simple_components=4.62.0       --> libgnutls=3.7.3 (^3.5.8)          
   simple_components=4.62.0       --> unixodbc=2.3.9 (^2.3)             
   uxstrings=0.4.1+alpha-20230223 --> gnat>=2021 | (>=12 & <2000)       
   uxstrings=0.4.1+alpha-20230223 --> simple_components=4.62.0 (^4.62.0)
Dependencies cannot be met


LOG:
Failed to locate log
