Test ran at 2022-07-31 00:37:10.192023+00:00

SOLUTION:
gnat_arm_elf=12.1.2: The GNAT Ada compiler - ARM cross-compiler
Provides: gnat=12.1.2
Origin: (case OS is Linux => (case Word_Size is Bits_64 => binary archive gnat-arm-elf-linux64-12.1.0-2.tar.gz at https://github.com/alire-project/GNAT-FSF-builds/releases/download/gnat-12.1.0-2/gnat-arm-elf-linux64-12.1.0-2.tar.gz), Macos => (case Word_Size is Bits_64 => binary archive gnat-arm-elf-darwin-12.1.0-2.tar.gz at https://github.com/alire-project/GNAT-FSF-builds/releases/download/gnat-12.1.0-2/gnat-arm-elf-darwin-12.1.0-2.tar.gz), Windows => (case Word_Size is Bits_64 => binary archive gnat-arm-elf-windows64-12.1.0-2.tar.gz at https://github.com/alire-project/GNAT-FSF-builds/releases/download/gnat-12.1.0-2/gnat-arm-elf-windows64-12.1.0-2.tar.gz)) with hash sha256:a6123685359c70a32bb82cd7cdbc0a9578d35bcbc30c95effdd1a71dbb15ed0a
Properties:
   Auto_Gpr_With: auto-gpr-with=false
   Configuration: no modifiers
   Description: The GNAT Ada compiler - ARM cross-compiler
   Environment: PATH=${CRATE_ROOT}/bin:${PATH}
   License: GPL-3.0-or-later AND GPL-3.0-or-later WITH GCC-exception-3.1
   Maintainer: chouteau@adacore.com
   Maintainers_Logins: Fabien-Chouteau
   Name: gnat_arm_elf
   Version: 12.1.2


LOG:
Note: Deploying gnat_arm_elf=12.1.2...
#=#=#                                                                         

                                                                           0.0%
                                                                           0.3%
                                                                           1.2%
##                                                                         3.5%
#####                                                                      8.3%
#######                                                                   11.0%
########                                                                  11.1%
########                                                                  12.1%
##########                                                                14.7%
############                                                              17.2%
#############                                                             19.2%
################                                                          22.2%
##################                                                        26.3%
###################                                                       27.3%
######################                                                    31.6%
#########################                                                 35.6%
############################                                              39.4%
#############################                                             41.0%
################################                                          44.9%
###################################                                       48.8%
#####################################                                     52.6%
########################################                                  56.9%
##########################################                                59.6%
#############################################                             63.7%
################################################                          66.7%
##################################################                        69.5%
###################################################                       71.2%
#####################################################                     73.8%
########################################################                  77.8%
#########################################################                 79.8%
##########################################################                80.9%
###########################################################               82.7%
############################################################              83.9%
###############################################################           87.9%
################################################################          90.0%
##################################################################        93.0%
####################################################################      95.4%
######################################################################    98.0%
######################################################################## 100.0%
Note: Skipping build step for binary release gnat_arm_elf=12.1.2

gnat_arm_elf=12.1.2 successfully retrieved and deployed.
There are no dependencies.
