Test ran at 2022-06-19 13:14:02.698279+00:00

SOLUTION:
lace_collada=0.1.0: A Collada parser.
Origin: source archive lace_collada-0.1.0.tgz at https://github.com/charlie5/lace-alire/releases/download/v0.1.0/lace_collada-0.1.0.tgz with hashes sha256:99d5bbb7863743b5f6a31576b80c15325d110d1a12ccfaf024565f77271d6481, sha512:03fcc505057e6d4f299f5da67e9d47ea9abe2481cbd269a07222eb697eba08942a5714eb69573794b533d943696fb83828e9aeced09001eb60ef11286b29499c
Properties:
   Author: Rod Kay
   Description: A Collada parser.
   License: ISC
   Maintainer: Rod Kay <rodakay5@gmail.com>
   Maintainers_Logins: charlie5
   Name: lace_collada
   Project_File: library/collada.gpr
   Version: 0.1.0
Dependencies (direct):
   lace_math~0.1
   lace_xml~0.1
Dependencies (solution):
   lace_math=0.1.0
   lace_shared=0.1.0
   lace_xml=0.1.0
   libexpat=2.2.9
Dependencies (graph):
   lace_collada=0.1.0 --> lace_math=0.1.0 (~0.1)  
   lace_collada=0.1.0 --> lace_xml=0.1.0 (~0.1)   
   lace_math=0.1.0    --> lace_shared=0.1.0 (~0.1)
   lace_xml=0.1.0     --> lace_shared=0.1.0 (~0.1)
   lace_xml=0.1.0     --> libexpat=2.2.9 (*)      


LOG:
Note: Deploying lace_collada=0.1.0...
#=#=#                                                                         
##O#- #                                                                       

#########################################################                 80.2%
######################################################################## 100.0%
Note: Deploying lace_shared=0.1.0...
#=#=#                                                                         
##O#- #                                                                       

######################################################################## 100.0%
Note: Deploying libexpat=2.2.9...
Note: Deploying lace_math=0.1.0...
#=#=#                                                                         
##O#- #                                                                       

##############                                                            19.7%
######################################################################## 100.0%
Note: Deploying lace_xml=0.1.0...
#=#=#                                                                         
##O#- #                                                                       

###############                                                           21.0%
######################################################################## 100.0%
Note: Building lace_collada/library/collada.gpr...
Setup
   [mkdir]        object directory for project Xml
   [mkdir]        object directory for project Math
   [mkdir]        object directory for project Collada
Compile
   [Ada]          long_math.ads
   [Ada]          float_math-algebra.ads
   [Ada]          float_math-analysis.ads
float_math-analysis.ads:5:01: warning: in instantiation at any_math-any_analysis.ads:6
float_math-analysis.ads:5:01: warning: insufficient -O value
   [Ada]          float_math-arithmetic.ads
float_math-arithmetic.ads:5:01: warning: in instantiation at any_math-any_arithmetic.ads:6
float_math-arithmetic.ads:5:01: warning: insufficient -O value
   [Ada]          float_math-geometry-d3.ads
   [Ada]          float_math-geometry-d2.ads
   [Ada]          float_math-geometry-d3-modeller-forge.ads
   [Ada]          float_math-geometry.ads
   [Ada]          float_math-geometry-d3-modeller.ads
   [Ada]          float_math-algebra-linear.ads
   [Ada]          float_math-algebra-linear-d2.ads
   [Ada]          float_math-algebra-linear-d3.ads
   [Ada]          float_math-fast_trigonometry.ads
float_math-fast_trigonometry.ads:5:01: warning: in instantiation at cached_trigonometry.ads:11
float_math-fast_trigonometry.ads:5:01: warning: in instantiation at any_math-any_fast_trigonometry.ads:8
float_math-fast_trigonometry.ads:5:01: warning: insufficient -O value
   [Ada]          float_math-random.ads
   [Ada]          float_math-fast_rotation.ads
   [Ada]          float_math-computational.ads
float_math-fast_rotation.ads:5:01: warning: in instantiation at cached_rotation.ads:20
float_math-fast_rotation.ads:5:01: warning: in instantiation at any_math-any_fast_rotation.adb:17
float_math-fast_rotation.ads:5:01: warning: insufficient -O value
   [Ada]          float_math-statistics.ads
float_math-computational.ads:4:01: warning: in instantiation at any_math-any_computational.ads:6
float_math-computational.ads:4:01: warning: insufficient -O value
   [Ada]          float_math.ads
float_math-statistics.ads:4:01: warning: in instantiation at any_math-any_statistics.ads:6
float_math-statistics.ads:4:01: warning: insufficient -O value
   [Ada]          short_math.ads
   [Ada]          any_math-any_computational.ads
   [Ada]          any_math-any_statistics.ads
   [Ada]          cached_rotation.adb
   [Ada]          cached_trigonometry.adb
   [Ada]          any_math-any_fast_trigonometry.ads
   [Ada]          any_math-any_fast_rotation.adb
   [Ada]          any_math-any_geometry.adb
   [Ada]          any_math-any_geometry-any_d3-any_modeller-any_forge.adb
any_math-any_geometry.ads:64:62: warning: others choice is redundant
any_math-any_geometry.ads:64:62: warning: previous choices cover all components
   [Ada]          any_math-any_geometry-any_d2.adb
   [Ada]          any_math-any_geometry-any_d3-any_modeller.adb
   [Ada]          any_math-any_geometry-any_d3.adb
   [Ada]          any_math-any_arithmetic.ads
   [Ada]          any_math-any_analysis.ads
   [Ada]          any_math-any_algebra-any_linear-any_d2.adb
   [Ada]          any_math-any_algebra-any_linear.adb
   [Ada]          any_math-any_algebra.ads
   [Ada]          any_math-any_algebra-any_linear-any_d3.adb
   [Ada]          any_math.adb
   [Ada]          any_math-any_random.adb
   [Ada]          xml.adb
   [Ada]          xml-reader.adb
   [Ada]          xml-writer.adb
   [Ada]          collada-asset.ads
   [Ada]          collada-library-geometries.adb
xml.adb:43:07: warning: variable "Depth" is not referenced
   [Ada]          collada-libraries.ads
   [Ada]          collada-library-visual_scenes.adb
   [Ada]          collada-library-controllers.adb
   [Ada]          collada-library.adb
   [Ada]          collada-library-animations.adb
   [Ada]          collada-document.adb
   [Ada]          collada.adb
collada-document.adb:766:28: warning: variable "the_xml_Type" is not referenced
collada-document.adb:768:28: warning: variable "the_xml_Translate" is not referenced
collada-document.adb:769:28: warning: variable "the_xml_Scale" is not referenced
collada-document.adb:770:28: warning: variable "the_xml_Rotates" is not referenced
collada-document.adb:771:28: warning: variable "the_xml_Children" is not referenced
Build finished successfully in 5.94 seconds.

lace_collada=0.1.0 successfully retrieved and built.
Dependencies were solved as follows:

   + lace_math   0.1.0 (new)         
   + lace_shared 0.1.0 (new,indirect)
   + lace_xml    0.1.0 (new)         
   + libexpat    2.2.9 (new,indirect)
