Test ran at 2024-03-23 12:57:19.813233+00:00

SOLUTION:
libgnatdoc=23.0.0: GNAT Documentation Generation Tool (as a library)
Origin: source archive gnatdoc-23.0.0.tar.gz at https://github.com/AdaCore/gnatdoc/archive/refs/tags/v23.0.0.tar.gz with hash sha512:0e9095ced08086a3be03e20b49ddb436d4efb396001e9d6877b0612adc3d8e2a08f1d5146d07c9acf5dc59a73418f7a3ec3231aba63c9644e6829c387703e6ae
Properties:
   Author: AdaCore
   Configuration: no modifiers
   Description: GNAT Documentation Generation Tool (as a library)
   License: GPL-3.0-only WITH GCC-exception-3.1
   Maintainer: Vadim Godunko <vgodunko@gmail.com>
   Maintainer: Maxim Reznik <reznikmm@gmail.com>
   Maintainers_Logins: godunko
   Maintainers_Logins: reznikmm
   Name: libgnatdoc
   Project_File: gnat/libgnatdoc.gpr
   Tag: documentation
   Tag: tools
   Version: 23.0.0
   Website: https://github.com/AdaCore/gnatdoc
Dependencies (direct):
   libadalang23.0.0
   markdown23.0.0
   vss23.0.0
Dependencies (solution):
   gnat=13.2.1 (gnat_native)
   gnatcoll=23.0.0
   gnatcoll_gmp=23.0.0
   gnatcoll_iconv=23.0.0
   langkit_support=23.0.0
   libadalang=23.0.0
   libgmp=6.2.1
   libgpr=23.0.0
   markdown=23.0.0
   vss=23.0.0
   xmlada=23.0.0
Dependencies (graph):
   gnatcoll=23.0.0        --> libgpr=23.0.0 (~23.0.0)
   gnatcoll_gmp=23.0.0    --> gnatcoll=23.0.0 (~23.0.0)
   gnatcoll_gmp=23.0.0    --> libgmp=6.2.1 (*)
   gnatcoll_iconv=23.0.0  --> gnatcoll=23.0.0 (~23.0.0)
   langkit_support=23.0.0 --> gnatcoll=23.0.0 (^23)
   langkit_support=23.0.0 --> gnatcoll_gmp=23.0.0 (^23)
   langkit_support=23.0.0 --> gnatcoll_iconv=23.0.0 (^23)
   libadalang=23.0.0      --> gnatcoll=23.0.0 (^23)
   libadalang=23.0.0      --> gnatcoll_gmp=23.0.0 (^23)
   libadalang=23.0.0      --> gnatcoll_iconv=23.0.0 (^23)
   libadalang=23.0.0      --> langkit_support=23.0.0 (^23)
   libgnatdoc=23.0.0      --> libadalang=23.0.0 (23.0.0)
   libgnatdoc=23.0.0      --> markdown=23.0.0 (23.0.0)
   libgnatdoc=23.0.0      --> vss=23.0.0 (23.0.0)
   libgpr=23.0.0          --> gnat=13.2.1 (gnat_native) (/=2020)
   libgpr=23.0.0          --> xmlada=23.0.0 (~23.0.0)
   markdown=23.0.0        --> vss=23.0.0 (>=23.0.0)
   vss=23.0.0             --> gnat=13.2.1 (gnat_native) (>=12 & <=2000)
   xmlada=23.0.0          --> gnat=13.2.1 (gnat_native) (>=11)


LOG:
Spawning: alr -d -n get --build libgnatdoc=23.0.0
Note: Deploying libgnatdoc=23.0.0...
#=#=#                                                                         
##O#-#                                                                        
##O=#  #                                                                      
Note: Deploying libgmp=6.2.1...
The system package 'libgmp-dev' is about to be installed.
This action might require admin privileges and impact your system installation.
Do you want Alire to install this system package?
Using default: Yes
debconf: delaying package configuration, since apt-utils is not installed
Selecting previously unselected package libgmpxx4ldbl:amd64.
(Reading database ... 
(Reading database ... 5%
(Reading database ... 10%
(Reading database ... 15%
(Reading database ... 20%
(Reading database ... 25%
(Reading database ... 30%
(Reading database ... 35%
(Reading database ... 40%
(Reading database ... 45%
(Reading database ... 50%
(Reading database ... 55%
(Reading database ... 60%
(Reading database ... 65%
(Reading database ... 70%
(Reading database ... 75%
(Reading database ... 80%
(Reading database ... 85%
(Reading database ... 90%
(Reading database ... 95%
(Reading database ... 100%
(Reading database ... 23180 files and directories currently installed.)
Preparing to unpack .../libgmpxx4ldbl_2%3a6.2.1+dfsg-3ubuntu1_amd64.deb ...
Unpacking libgmpxx4ldbl:amd64 (2:6.2.1+dfsg-3ubuntu1) ...
Selecting previously unselected package libgmp-dev:amd64.
Preparing to unpack .../libgmp-dev_2%3a6.2.1+dfsg-3ubuntu1_amd64.deb ...
Unpacking libgmp-dev:amd64 (2:6.2.1+dfsg-3ubuntu1) ...
Setting up libgmpxx4ldbl:amd64 (2:6.2.1+dfsg-3ubuntu1) ...
Setting up libgmp-dev:amd64 (2:6.2.1+dfsg-3ubuntu1) ...
Processing triggers for libc-bin (2.35-0ubuntu3.3) ...
Note: Deploying vss=23.0.0...
#=#=#                                                                         
##O#-#                                                                        
##O=#  #                                                                      
#=#=-#  #                                                                     
Note: Deploying xmlada=23.0.0...
#=#=#                                                                         
##O#-#                                                                        
##O=#  #                                                                      
#=#=-#  #                                                                     
 #=#=-#   #                                                                   
Note: Deploying libgpr=23.0.0...
#=#=#                                                                         
##O#-#                                                                        
##O=#  #                                                                      
#=#=-#  #                                                                     
Note: Deploying markdown=23.0.0...
#=#=#                                                                         
##O#-#                                                                        
##O=#  #                                                                      
Note: Deploying gnatcoll=23.0.0...
#=#=#                                                                         
##O#-#                                                                        
##O=#  #                                                                      
#=#=-#  #                                                                     
Note: Deploying gnatcoll_gmp=23.0.0...
#=#=#                                                                         
##O#-#                                                                        
##O=#  #                                                                      
#=#=-#  #                                                                     
Note: Deploying gnatcoll_iconv=23.0.0...
#=#=#                                                                         
##O#-#                                                                        
##O=#  #                                                                      
Note: Deploying langkit_support=23.0.0...
#=#=#                                                                         
##O#-#                                                                        

####                                                                       6.6%
######################################################################## 100.0%
Note: Deploying libadalang=23.0.0...
#=#=#                                                                         
##O#-#                                                                        

                                                                           0.7%
######################################################################## 100.0%
Note: Running post-fetch actions for xmlada=23.0.0...
checking build system type... x86_64-pc-linux-gnu
checking host system type... x86_64-pc-linux-gnu
checking target system type... x86_64-pc-linux-gnu
checking whether gnat can build shared libs... yes
checking for a BSD-compatible install... /usr/bin/install -c
checking whether ln -s works... yes
configure: creating ./config.status
config.status: creating xmlada_shared.gpr
config.status: creating Makefile
config.status: creating tests/dom/default.gpr
Note: Building libgnatdoc=23.0.0/gnat/libgnatdoc.gpr...
Setup
   [mkdir]        object directory for project XmlAda_Sax
   [mkdir]        library directory for project XmlAda_Sax
   [mkdir]        object directory for project XmlAda_Schema
   [mkdir]        object directory for project GPR
   [mkdir]        library directory for project GPR
   [mkdir]        object directory for project GnatColl
   [mkdir]        library directory for project GnatColl
   [mkdir]        object directory for project GnatColl_GMP
   [mkdir]        library directory for project GnatColl_GMP
   [mkdir]        object directory for project GnatColl_Iconv
   [mkdir]        library directory for project GnatColl_Iconv
   [mkdir]        object directory for project Langkit_Support
   [mkdir]        library directory for project Langkit_Support
   [mkdir]        object directory for project Libadalang
   [mkdir]        library directory for project Libadalang
   [mkdir]        object directory for project VSS_GNAT
   [mkdir]        library directory for project VSS_GNAT
   [mkdir]        object directory for project LibGNATdoc
Compile
   [Ada]          a-suvsau.adb
   [Ada]          a-szuvau.adb
   [Ada]          vss-implementation-ucd_casing_utf8.ads
   [Ada]          vss-implementation-ucd_normalization_common.ads
vss-strings.ads:61:11: "String_Literal" is not a valid aspect identifier

   compilation of vss-implementation-ucd_casing_utf8.ads failed

gprbuild: *** compilation phase failed
stderr: Command ["gprbuild", "-s", "-j0", "-p", "-P", "/home/runner/work/alire-crates-ci/alire-crates-ci/test/82183819-14c8-4fe8-8918-199fddb94673/libgnatdoc_23.0.0_0e9095ce/gnat/libgnatdoc.gpr"] exited with code 4
ERROR: Command ["gprbuild", "-s", "-j0", "-p", "-P", "/home/runner/work/alire-crates-ci/alire-crates-ci/test/82183819-14c8-4fe8-8918-199fddb94673/libgnatdoc_23.0.0_0e9095ce/gnat/libgnatdoc.gpr"] exited with code 4
stderr: ALIRE.CHECKED_ERROR
stderr: Command ["gprbuild", "-s", "-j0", "-p", "-P", "/home/runner/work/alire-crates-ci/alire-crates-ci/test/82183819-14c8-4fe8-8918-199fddb94673/libgnatdoc_23.0.0_0e9095ce/gnat/libgnatdoc.gpr"] exited with code 4
stderr: raised ALIRE.CHECKED_ERROR : alire-stored-error:1
[/usr/bin/alr]
0xe4810a Alire.Raise_Checked_Error at alire.adb:272
0xa90404 Alire.Os_Lib.Subprocess.Checked_Spawn at alire-os_lib-subprocess.adb:111
0xd153f3 Alire.Spawn.Command at alire-spawn.adb:21
0xd15b11 Alire.Spawn.Gprbuild at alire-spawn.adb:41
0xc45693 Alire.Roots.Build at alire-roots.adb:182
0xc43936 Alire.Roots.Build at alire-roots.adb:248
0xc6b083 Alire.Roots.Traverse at alire-roots.adb:2053
0xcd9c00 Alire.Solutions.Traverse.Visit at alire-solutions.adb:1480
0xcd8a70 Alire.Solutions.Traverse at alire-solutions.adb:1563
0xc6b1be Alire.Roots.Traverse at alire-roots.adb:2057
0xc6b3f5 Alire.Roots.Traverse at alire-roots.adb:2037
0xc440f1 Alire.Roots.Build at alire-roots.adb:281
0xc441d7 Alire.Roots.Build at alire-roots.adb:107
0x4a4206 Alr.Commands.Get.Retrieve at alr-commands-get.adb:195
0x4a87b2 Alr.Commands.Get.Execute at alr-commands-get.adb:368
0x4a8a49 Alr.Commands.Get.Execute at alr-commands-get.adb:246
0x53939b Alr.Commands.Sub_Cmd.Execute at clic-subcommand-instance.adb:749
0x54587e Alr.Commands.Execute at alr-commands.adb:561
0x436183 Alr.Main at alr-main.adb:13
0x438de1 Main at b__alr-main.adb:2257
[/lib/x86_64-linux-gnu/libc.so.6]
0x7f18fcb2ad8e
0x7f18fcb2ae3e
[/usr/bin/alr]
0x43601c _start at ???
0xfffffffffffffffe


Warning: libgnatdoc=23.0.0 successfully retrieved but its build failed.
Dependencies were solved as follows:

   +b gnat            13.2.1 (new,gnat_native,indirect,binary)
   +  gnatcoll        23.0.0 (new,indirect)
   +  gnatcoll_gmp    23.0.0 (new,indirect)
   +  gnatcoll_iconv  23.0.0 (new,indirect)
   +  langkit_support 23.0.0 (new,indirect)
   +  libadalang      23.0.0 (new)
   +b libgmp          6.2.1  (new,indirect,system package)
   +  libgpr          23.0.0 (new,indirect)
   +  markdown        23.0.0 (new)
   +  vss             23.0.0 (new)
   +  xmlada          23.0.0 (new,indirect)
ERROR: Build ended with errors
