Test ran at 2022-05-31 12:24:17.159252+00:00

SOLUTION:
geste_examples=1.0.1: Example for the GESTE game engine
Origin: source archive GESTE_Examples-1.0.1.zip at https://github.com/Fabien-Chouteau/GESTE-examples/releases/download/v1.0.1/GESTE_Examples-1.0.1.zip with hash sha512:14248ed4296726bdd851acad9800320724f7d50d721336f48058d71eccfc670514cc841d0797af35b0d885bd13c7fa2af526419302f3912708d69e6df2694679
Properties:
   Author: Fabien Chouteau <fabien.chouteau@gmail.com>
   Description: Example for the GESTE game engine
   License: BSD-3-Clause
   Maintainer: fabien.chouteau@gmail.com
   Maintainers_Logins: Fabien-Chouteau
   Name: geste_examples
   Project_File: platformer/platformer.gpr
   Project_File: RPG/RPG.gpr
   Project_File: racing/racing.gpr
   Version: 1.0.1
   Website: https://github.com/Fabien-Chouteau/GESTE-examples
Dependencies (direct):
   geste^1.0.0
   sdlada^2.3.1
Dependencies (solution):
   geste=1.1.0
   libsdl2=2.0.10
   libsdl2_image=2.0.5
   libsdl2_ttf=2.0.15
   make=4.2.1
   sdlada=2.5.4-1
Dependencies (graph):
   geste_examples=1.0.1 --> geste=1.1.0 (^1.0.0)      
   geste_examples=1.0.1 --> sdlada=2.5.4-1 (^2.3.1)   
   sdlada=2.5.4-1       --> libsdl2=2.0.10 (^2.0)     
   sdlada=2.5.4-1       --> libsdl2_image=2.0.5 (^2.0)
   sdlada=2.5.4-1       --> libsdl2_ttf=2.0.15 (^2.0) 
   sdlada=2.5.4-1       --> make=4.2.1 (*)            


LOG:
Note: Deploying release geste_examples=1.0.1...
#=#=#                                                                         
##O#- #                                                                       
##O=#  #                                                                      

######################################################################## 100.0%
Note: Deploying release geste=1.1.0...
#=#=#                                                                         
##O#- #                                                                       

                                                                           0.1%
####################################################                      73.1%
######################################################################## 100.0%
Note: Deploying release libsdl2=2.0.10...
Note: Deploying release libsdl2_image=2.0.5...
Note: Deploying release libsdl2_ttf=2.0.15...
Note: Deploying release make=4.2.1...
Note: Deploying release sdlada=2.5.4-1...
Cloning into '/home/runner/work/alire-crates-ci/alire-crates-ci/test/5a9d4d9d-ea78-4888-b94c-00ecc2bfa4f4/geste_examples_1.0.1_14248ed4/alire/cache/dependencies/alr-wfmz.tmp'...
remote: Enumerating objects: 2830, done.        
remote: Counting objects:   4% (1/21)        
remote: Counting objects:   9% (2/21)        
remote: Counting objects:  14% (3/21)        
remote: Counting objects:  19% (4/21)        
remote: Counting objects:  23% (5/21)        
remote: Counting objects:  28% (6/21)        
remote: Counting objects:  33% (7/21)        
remote: Counting objects:  38% (8/21)        
remote: Counting objects:  42% (9/21)        
remote: Counting objects:  47% (10/21)        
remote: Counting objects:  52% (11/21)        
remote: Counting objects:  57% (12/21)        
remote: Counting objects:  61% (13/21)        
remote: Counting objects:  66% (14/21)        
remote: Counting objects:  71% (15/21)        
remote: Counting objects:  76% (16/21)        
remote: Counting objects:  80% (17/21)        
remote: Counting objects:  85% (18/21)        
remote: Counting objects:  90% (19/21)        
remote: Counting objects:  95% (20/21)        
remote: Counting objects: 100% (21/21)        
remote: Counting objects: 100% (21/21), done.        
remote: Compressing objects:   8% (1/12)        
remote: Compressing objects:  16% (2/12)        
remote: Compressing objects:  25% (3/12)        
remote: Compressing objects:  33% (4/12)        
remote: Compressing objects:  41% (5/12)        
remote: Compressing objects:  50% (6/12)        
remote: Compressing objects:  58% (7/12)        
remote: Compressing objects:  66% (8/12)        
remote: Compressing objects:  75% (9/12)        
remote: Compressing objects:  83% (10/12)        
remote: Compressing objects:  91% (11/12)        
remote: Compressing objects: 100% (12/12)        
remote: Compressing objects: 100% (12/12), done.        
Receiving objects:   0% (1/2830)
Receiving objects:   1% (29/2830)
Receiving objects:   2% (57/2830)
Receiving objects:   3% (85/2830)
Receiving objects:   4% (114/2830)
Receiving objects:   5% (142/2830)
Receiving objects:   6% (170/2830)
Receiving objects:   7% (199/2830)
Receiving objects:   8% (227/2830)
Receiving objects:   9% (255/2830)
Receiving objects:  10% (283/2830)
Receiving objects:  11% (312/2830)
Receiving objects:  12% (340/2830)
Receiving objects:  13% (368/2830)
Receiving objects:  14% (397/2830)
Receiving objects:  15% (425/2830)
Receiving objects:  16% (453/2830)
Receiving objects:  17% (482/2830)
Receiving objects:  18% (510/2830)
Receiving objects:  19% (538/2830)
Receiving objects:  20% (566/2830)
Receiving objects:  21% (595/2830)
Receiving objects:  22% (623/2830)
Receiving objects:  23% (651/2830)
Receiving objects:  24% (680/2830)
Receiving objects:  25% (708/2830)
Receiving objects:  26% (736/2830)
Receiving objects:  27% (765/2830)
Receiving objects:  28% (793/2830)
Receiving objects:  29% (821/2830)
Receiving objects:  30% (849/2830)
Receiving objects:  31% (878/2830)
Receiving objects:  32% (906/2830)
Receiving objects:  33% (934/2830)
Receiving objects:  34% (963/2830)
Receiving objects:  35% (991/2830)
Receiving objects:  36% (1019/2830)
Receiving objects:  37% (1048/2830)
Receiving objects:  38% (1076/2830)
Receiving objects:  39% (1104/2830)
Receiving objects:  40% (1132/2830)
Receiving objects:  41% (1161/2830)
Receiving objects:  42% (1189/2830)
Receiving objects:  43% (1217/2830)
Receiving objects:  44% (1246/2830)
Receiving objects:  45% (1274/2830)
Receiving objects:  46% (1302/2830)
Receiving objects:  47% (1331/2830)
Receiving objects:  48% (1359/2830)
Receiving objects:  49% (1387/2830)
Receiving objects:  50% (1415/2830)
Receiving objects:  51% (1444/2830)
Receiving objects:  52% (1472/2830)
Receiving objects:  53% (1500/2830)
Receiving objects:  54% (1529/2830)
Receiving objects:  55% (1557/2830)
Receiving objects:  56% (1585/2830)
Receiving objects:  57% (1614/2830)
Receiving objects:  58% (1642/2830)
Receiving objects:  59% (1670/2830)
Receiving objects:  60% (1698/2830)
Receiving objects:  61% (1727/2830)
Receiving objects:  62% (1755/2830)
Receiving objects:  63% (1783/2830)
Receiving objects:  64% (1812/2830)
Receiving objects:  65% (1840/2830)
Receiving objects:  66% (1868/2830)
Receiving objects:  67% (1897/2830)
Receiving objects:  68% (1925/2830)
Receiving objects:  69% (1953/2830)
Receiving objects:  70% (1981/2830)
Receiving objects:  71% (2010/2830)
Receiving objects:  72% (2038/2830)
Receiving objects:  73% (2066/2830)
Receiving objects:  74% (2095/2830)
Receiving objects:  75% (2123/2830)
Receiving objects:  76% (2151/2830)
Receiving objects:  77% (2180/2830)
Receiving objects:  78% (2208/2830)
Receiving objects:  79% (2236/2830)
Receiving objects:  80% (2264/2830)
Receiving objects:  81% (2293/2830)
Receiving objects:  82% (2321/2830)
Receiving objects:  83% (2349/2830)
Receiving objects:  84% (2378/2830)
Receiving objects:  85% (2406/2830)
Receiving objects:  86% (2434/2830)
Receiving objects:  87% (2463/2830)
Receiving objects:  88% (2491/2830)
Receiving objects:  89% (2519/2830)
Receiving objects:  90% (2547/2830)
Receiving objects:  91% (2576/2830)
remote: Total 2830 (delta 10), reused 18 (delta 9), pack-reused 2809        
Receiving objects:  92% (2604/2830)
Receiving objects:  93% (2632/2830)
Receiving objects:  94% (2661/2830)
Receiving objects:  95% (2689/2830)
Receiving objects:  96% (2717/2830)
Receiving objects:  97% (2746/2830)
Receiving objects:  98% (2774/2830)
Receiving objects:  99% (2802/2830)
Receiving objects: 100% (2830/2830)
Receiving objects: 100% (2830/2830), 623.76 KiB | 3.76 MiB/s, done.
Resolving deltas:   0% (0/2099)
Resolving deltas:   1% (21/2099)
Resolving deltas:   2% (42/2099)
Resolving deltas:   3% (63/2099)
Resolving deltas:   4% (84/2099)
Resolving deltas:   5% (105/2099)
Resolving deltas:   6% (126/2099)
Resolving deltas:   7% (147/2099)
Resolving deltas:   8% (168/2099)
Resolving deltas:   9% (189/2099)
Resolving deltas:  10% (210/2099)
Resolving deltas:  11% (231/2099)
Resolving deltas:  12% (252/2099)
Resolving deltas:  13% (273/2099)
Resolving deltas:  14% (294/2099)
Resolving deltas:  15% (315/2099)
Resolving deltas:  16% (336/2099)
Resolving deltas:  17% (357/2099)
Resolving deltas:  18% (378/2099)
Resolving deltas:  19% (399/2099)
Resolving deltas:  20% (420/2099)
Resolving deltas:  21% (441/2099)
Resolving deltas:  22% (462/2099)
Resolving deltas:  23% (483/2099)
Resolving deltas:  24% (504/2099)
Resolving deltas:  25% (525/2099)
Resolving deltas:  26% (546/2099)
Resolving deltas:  27% (567/2099)
Resolving deltas:  28% (588/2099)
Resolving deltas:  29% (609/2099)
Resolving deltas:  30% (630/2099)
Resolving deltas:  31% (651/2099)
Resolving deltas:  32% (672/2099)
Resolving deltas:  33% (693/2099)
Resolving deltas:  34% (714/2099)
Resolving deltas:  35% (735/2099)
Resolving deltas:  36% (756/2099)
Resolving deltas:  37% (777/2099)
Resolving deltas:  38% (798/2099)
Resolving deltas:  39% (819/2099)
Resolving deltas:  40% (840/2099)
Resolving deltas:  41% (861/2099)
Resolving deltas:  42% (882/2099)
Resolving deltas:  43% (903/2099)
Resolving deltas:  44% (924/2099)
Resolving deltas:  45% (945/2099)
Resolving deltas:  46% (966/2099)
Resolving deltas:  47% (987/2099)
Resolving deltas:  48% (1008/2099)
Resolving deltas:  49% (1029/2099)
Resolving deltas:  50% (1050/2099)
Resolving deltas:  51% (1071/2099)
Resolving deltas:  52% (1092/2099)
Resolving deltas:  53% (1113/2099)
Resolving deltas:  54% (1134/2099)
Resolving deltas:  55% (1156/2099)
Resolving deltas:  56% (1176/2099)
Resolving deltas:  57% (1197/2099)
Resolving deltas:  58% (1218/2099)
Resolving deltas:  59% (1239/2099)
Resolving deltas:  60% (1260/2099)
Resolving deltas:  61% (1281/2099)
Resolving deltas:  62% (1302/2099)
Resolving deltas:  63% (1323/2099)
Resolving deltas:  64% (1344/2099)
Resolving deltas:  65% (1365/2099)
Resolving deltas:  66% (1386/2099)
Resolving deltas:  67% (1407/2099)
Resolving deltas:  68% (1429/2099)
Resolving deltas:  69% (1449/2099)
Resolving deltas:  70% (1470/2099)
Resolving deltas:  71% (1491/2099)
Resolving deltas:  72% (1512/2099)
Resolving deltas:  73% (1533/2099)
Resolving deltas:  74% (1554/2099)
Resolving deltas:  75% (1575/2099)
Resolving deltas:  76% (1596/2099)
Resolving deltas:  77% (1617/2099)
Resolving deltas:  78% (1638/2099)
Resolving deltas:  79% (1659/2099)
Resolving deltas:  80% (1680/2099)
Resolving deltas:  81% (1701/2099)
Resolving deltas:  82% (1722/2099)
Resolving deltas:  83% (1743/2099)
Resolving deltas:  84% (1764/2099)
Resolving deltas:  85% (1785/2099)
Resolving deltas:  86% (1806/2099)
Resolving deltas:  87% (1827/2099)
Resolving deltas:  88% (1848/2099)
Resolving deltas:  89% (1869/2099)
Resolving deltas:  90% (1890/2099)
Resolving deltas:  91% (1911/2099)
Resolving deltas:  92% (1932/2099)
Resolving deltas:  93% (1953/2099)
Resolving deltas:  94% (1974/2099)
Resolving deltas:  95% (1995/2099)
Resolving deltas:  96% (2016/2099)
Resolving deltas:  97% (2037/2099)
Resolving deltas:  98% (2058/2099)
Resolving deltas:  99% (2079/2099)
Resolving deltas: 100% (2099/2099)
Resolving deltas: 100% (2099/2099), done.
Note: Running post_fetch actions for sdlada=2.5.4-1...
make: Entering directory '/home/runner/work/alire-crates-ci/alire-crates-ci/test/5a9d4d9d-ea78-4888-b94c-00ecc2bfa4f4/geste_examples_1.0.1_14248ed4/alire/cache/dependencies/sdlada_2.5.4_7981bbd6/build/gnat'
gprbuild -p -gnat2012 -XSDL_MODE=debug -XSDL_PLATFORM=linux \
	-Ptools.gpr
Setup
   [mkdir]        object directory for project Tools
Compile
   [Ada]          gen_keyboard.adb
   [Ada]          scancodes.ads
   [Ada]          utils.adb
Bind
   [gprbind]      gen_keyboard.bexch
   [Ada]          gen_keyboard.ali
Link
   [link]         gen_keyboard.adb
./gen/debug/tools/gen_keyboard > gen/src/sdl-events-keyboards.ads
gprbuild -p -gnat2012 -XSDL_MODE=debug -XSDL_PLATFORM=linux \
	-Psdlada.gpr
Setup
   [mkdir]        object directory for project SDLAda
Compile
   [C]            version_ttf.c
   [C]            version_images.c
   [C]            version.c
   [Ada]          sdl-ttfs-versions.adb
   [Ada]          sdl-ttfs-makers.adb
   [Ada]          sdl-ttfs.adb
   [Ada]          sdl-images.adb
   [Ada]          sdl-images-io.adb
   [Ada]          sdl-images-versions.adb
   [Ada]          sdl-power.adb
   [Ada]          sdl-events.ads
   [Ada]          sdl-inputs-mice-cursors.adb
   [Ada]          sdl-events-windows.ads
   [Ada]          sdl-libraries.adb
   [Ada]          sdl-video-gl.adb
sdl-video-gl.adb:49:07: warning: literal "Attribute_Retained_Backing" is not referenced
   [Ada]          sdl-video.adb
   [Ada]          sdl-error.adb
   [Ada]          sdl-versions.adb
   [Ada]          sdl-video-rectangles.adb
   [Ada]          sdl-events-joysticks.adb
   [Ada]          sdl-video-textures.adb
   [Ada]          sdl-inputs-joysticks-game_controllers-makers.adb
   [Ada]          sdl-video-renderers.adb
   [Ada]          sdl-inputs.ads
   [Ada]          sdl-video-pixel_formats.adb
   [Ada]          sdl-video-renderers-makers.adb
   [Ada]          sdl-events-files.ads
   [Ada]          sdl-events-mice.ads
   [Ada]          sdl-video-windows-makers.adb
   [Ada]          sdl-cpus.adb
   [Ada]          sdl-video-textures-makers.adb
   [Ada]          sdl-video-windows.adb
   [Ada]          sdl-events-controllers.ads
   [Ada]          sdl-clipboard.adb
   [Ada]          sdl-hints.adb
   [Ada]          sdl-events-joysticks-game_controllers.adb
   [Ada]          sdl-video-palettes.adb
sdl-video-palettes.ads:59:42: warning: 8 bits of "RGB_Colour" unused
   [Ada]          sdl-rwops.adb
   [Ada]          sdl-inputs-keyboards.adb
   [Ada]          sdl-inputs-joysticks.adb
   [Ada]          sdl-inputs-mice.adb
   [Ada]          sdl-inputs-joysticks-game_controllers.adb
   [Ada]          sdl-events-keyboards.adb
   [Ada]          sdl-video-displays.adb
   [Ada]          sdl-video-surfaces-makers.adb
   [Ada]          sdl-events-events.adb
   [Ada]          sdl-inputs-joysticks-makers.adb
   [Ada]          sdl-timers.ads
   [Ada]          sdl.adb
   [Ada]          sdl-video-pixels.ads
   [Ada]          sdl-log.adb
   [Ada]          sdl-video-surfaces.adb
sdl-video-surfaces.ads:212:57: warning: aggregate not fully initialized
   [Ada]          sdl-events-touches.ads
   [Ada]          sdl-c_pointers.ads
   [Ada]          sdl-rwops-streams.adb
   [Ada]          sdl-video-windows-manager.adb
   [Ada]          sdl-platform.adb
Build Libraries
   [gprlib]       sdlada.lexch
   [archive]      libsdlada.a
   [index]        libsdlada.a
gprbuild -p -gnat2012 -XSDL_MODE=debug -XSDL_PLATFORM=linux \
	-Ptest_maths_build.gpr
Setup
   [mkdir]        object directory for project Test_Maths_Build
Compile
   [C]            maths_sub.c
   [Ada]          maths.adb
Build Libraries
   [gprlib]       testmaths.lexch
   [link library] libtestmaths.so
gprbuild -p -gnat2012 -XSDL_MODE=debug -XSDL_PLATFORM=linux \
	-Ptests.gpr -cargs `sdl2-config --cflags` -largs `sdl2-config --libs` -lSDL2_ttf -lSDL2_image
Compile
   [Ada]          test.adb
   [Ada]          version.adb
   [Ada]          platform.adb
platform.adb:19:34: warning: condition is always False
   [Ada]          error.adb
   [Ada]          libraries.adb
   [Ada]          clipboard.adb
   [Ada]          stream.adb
   [Ada]          stream2.adb
stream2.adb:180:16: warning: variable "Start_Time" is assigned but never read
stream2.adb:181:16: warning: variable "End_Time" is assigned but never read
   [Ada]          surface.adb
   [Ada]          rwops.adb
   [Ada]          timers.adb
   [Ada]          create_window.adb
   [Ada]          mouse.adb
   [Ada]          load_surface.adb
load_surface.adb:20:51: warning: equality should be parenthesized here
   [Ada]          ttf.adb
Bind
   [gprbind]      test.bexch
   [Ada]          test.ali
   [gprbind]      version.bexch
   [Ada]          version.ali
   [gprbind]      platform.bexch
   [Ada]          platform.ali
   [gprbind]      error.bexch
   [Ada]          error.ali
   [gprbind]      libraries.bexch
   [Ada]          libraries.ali
   [gprbind]      clipboard.bexch
   [Ada]          clipboard.ali
   [gprbind]      stream.bexch
   [Ada]          stream.ali
   [gprbind]      stream2.bexch
   [Ada]          stream2.ali
   [gprbind]      surface.bexch
   [Ada]          surface.ali
   [gprbind]      rwops.bexch
   [Ada]          rwops.ali
   [gprbind]      timers.bexch
   [Ada]          timers.ali
   [gprbind]      create_window.bexch
   [Ada]          create_window.ali
   [gprbind]      mouse.bexch
   [Ada]          mouse.ali
   [gprbind]      load_surface.bexch
   [Ada]          load_surface.ali
   [gprbind]      ttf.bexch
   [Ada]          ttf.ali
Link
   [link]         test.adb
   [link]         version.adb
   [link]         platform.adb
   [link]         error.adb
   [link]         libraries.adb
   [link]         clipboard.adb
   [link]         stream.adb
   [link]         stream2.adb
   [link]         surface.adb
   [link]         rwops.adb
   [link]         timers.adb
   [link]         create_window.adb
   [link]         mouse.adb
   [link]         load_surface.adb
   [link]         ttf.adb
make: Leaving directory '/home/runner/work/alire-crates-ci/alire-crates-ci/test/5a9d4d9d-ea78-4888-b94c-00ecc2bfa4f4/geste_examples_1.0.1_14248ed4/alire/cache/dependencies/sdlada_2.5.4_7981bbd6/build/gnat'
Setup
   [mkdir]        object directory for project GESTE
   [mkdir]        object directory for project Platformer
Compile
   [Ada]          main.adb
   [Ada]          game.adb
   [Ada]          geste.adb
   [Ada]          geste-text.adb
   [Ada]          geste_config.ads
   [Ada]          geste_fonts.ads
   [Ada]          geste_fonts-freemono5pt7b.ads
   [Ada]          keyboard.adb
   [Ada]          levels.adb
   [Ada]          player.adb
   [Ada]          render.adb
   [Ada]          game_assets.ads
sdl_display.adb:58:31: no candidate interpretations match the actuals:
sdl_display.adb:58:31: too many arguments in call to "SDL.Video.Windows.Makers.Create"
sdl_display.adb:62:14: expected type "Interfaces.C.int"
sdl_display.adb:62:14: found type "Standard.Integer"
sdl_display.adb:62:14:   ==> in call to "Create" at sdl-video-windows-makers.ads:42
sdl_display.adb:73:27: expected type "Interfaces.C.int"
sdl_display.adb:73:27: found type "Standard.Integer"
sdl_display.adb:74:27: expected type "Interfaces.C.int"
sdl_display.adb:74:27: found type "Standard.Integer"
sdl_display.adb:117:52: expected type "Standard.Integer"
sdl_display.adb:117:52: found type "Interfaces.C.int"
sdl_display.adb:118:52: expected type "Standard.Integer"
sdl_display.adb:118:52: found type "Interfaces.C.int"
sdl_display.adb:155:52: expected type "Standard.Integer"
sdl_display.adb:155:52: found type "Interfaces.C.int"
sdl_display.adb:156:52: expected type "Standard.Integer"
sdl_display.adb:156:52: found type "Interfaces.C.int"

   compilation of render.adb failed

gprbuild: *** compilation phase failed
stderr: Command ["gprbuild", "-gnatwU", "-j0", "-p", "-P", "platformer/platformer.gpr"] exited with code 4
ERROR: Command ["gprbuild", "-gnatwU", "-j0", "-p", "-P", "platformer/platformer.gpr"] exited with code 4

Warning: geste_examples=1.0.1 successfully retrieved but its build failed.
Dependencies were solved as follows:

   + geste         1.1.0   (new)         
   + libsdl2       2.0.10  (new,indirect)
   + libsdl2_image 2.0.5   (new,indirect)
   + libsdl2_ttf   2.0.15  (new,indirect)
   + make          4.2.1   (new,indirect)
   + sdlada        2.5.4-1 (new)         
ERROR: Build ended with errors
