Test ran at 2022-06-30 12:23:13.838851+00:00

SOLUTION:
wikiada=1.2.0: Wiki Engine with parser and renderer for several wiki syntaxes
Origin: source archive 1.2.0.tar.gz at https://github.com/stcarrez/ada-wiki/archive/1.2.0.tar.gz with hash sha512:a57d94178f711de0f9a9d708168b5bf38f20213e609a9b0c5124f25dc294ba4d9d524e1a945c393f516eb2ffbce9f0c808083578804e69515214b1c1115208ff
Properties:
   Post_Fetch run: ${CRATE_DIR}/./rm -f config.gpr
   Description: Wiki Engine with parser and renderer for several wiki syntaxes
   GPR Scenario: BUILD := distrib | debug | optimize | profile | coverage
   GPR Scenario: WIKI_LIBRARY_TYPE := relocatable | static | static-pic
   License: Apache-2.0
   Maintainer: Stephane.Carrez@gmail.com
   Maintainers_Logins: stcarrez
   Name: wikiada
   Project_File: .alire/wikiada.gpr
   Version: 1.2.0
Dependencies (direct):
   utilada^2.0.0
Dependencies (solution):
   utilada=2.1.0
Dependencies (graph):
   wikiada=1.2.0 --> utilada=2.1.0 (^2.0.0)


LOG:
Note: Deploying wikiada=1.2.0...
#=#=#                                                                         
##O#-#                                                                        
Note: Deploying utilada=2.1.0...
#=#=#                                                                         
##O#-#                                                                        
##=O#- #                                                                      
Note: Running post_fetch actions for wikiada=1.2.0...
Note: Building wikiada/.alire/wikiada.gpr...
Setup
   [mkdir]        object directory for project UtilAda_Core
   [mkdir]        library directory for project UtilAda_Core
   [mkdir]        object directory for project WikiAda
   [mkdir]        library directory for project WikiAda
Compile
   [Ada]          util-texts-transforms.adb
   [Ada]          util-texts-formats.adb
   [Ada]          util-texts.ads
   [Ada]          util-texts-builders.adb
   [Ada]          util-texts-tokenizers.adb
   [Ada]          util-strings-sets.ads
   [Ada]          util-strings-tokenizers.ads
   [Ada]          util-strings.adb
   [Ada]          util-strings-transforms.adb
   [Ada]          util-strings-builders.ads
   [Ada]          util-strings-builders-transforms.ads
   [Ada]          util-strings-vectors.ads
   [Ada]          util-strings-maps.ads
   [Ada]          util-listeners.ads
   [Ada]          util-listeners-observers.adb
   [Ada]          util-listeners-lifecycles.adb
   [Ada]          util-concurrent-counters.adb
   [Ada]          util-concurrent-locks.adb
   [Ada]          util-concurrent-sequence_queues.adb
   [Ada]          util-concurrent-copies.adb
   [Ada]          util-concurrent-arrays.adb
   [Ada]          util-concurrent-pools.adb
   [Ada]          util-concurrent-fifos.adb
   [Ada]          util-concurrent.ads
   [Ada]          util-nullables.ads
   [Ada]          util.ads
   [Ada]          util-algorithms.ads
   [Ada]          util-stacks.adb
   [Ada]          util-executors.adb
   [Ada]          util-refs.adb
   [Ada]          util-locales.adb
   [Ada]          wiki-documents.adb
util-nullables.ads:47:21: warning: equality should be parenthesized here
util-nullables.ads:61:21: warning: equality should be parenthesized here
util-nullables.ads:75:21: warning: equality should be parenthesized here
util-nullables.ads:89:21: warning: equality should be parenthesized here
util-nullables.ads:103:21: warning: equality should be parenthesized here
   [Ada]          wiki-render-text.adb
   [Ada]          wiki-parsers-html-entities.ads
   [Ada]          wiki-helpers-parser.adb
   [Ada]          wiki.adb
   [Ada]          wiki-plugins-conditions.adb
   [Ada]          wiki-filters-collectors.adb
   [Ada]          wiki-parsers-html.adb
   [Ada]          wiki-streams-html-builders.adb
   [Ada]          wiki-helpers.adb
   [Ada]          wiki-plugins-templates.adb
   [Ada]          wiki-render-html.adb
   [Ada]          wiki-streams-html-text_io.adb
   [Ada]          wiki-parsers.adb
   [Ada]          wiki-streams-builders.adb
   [Ada]          wiki-streams.ads
   [Ada]          wiki-plugins.ads
   [Ada]          wiki-attributes.adb
   [Ada]          wiki-strings.ads
   [Ada]          wiki-filters.adb
   [Ada]          wiki-render.adb
   [Ada]          wiki-nodes-lists.adb
wiki-nodes-lists.adb:28:32: non-local pointer cannot point to local object

   compilation of wiki-nodes-lists.adb failed

gprbuild: *** compilation phase failed
stderr: Command ["gprbuild", "-s", "-j0", "-p", "-P", "/Users/runner/work/alire-crates-ci/alire-crates-ci/test/68982dab-4712-4431-be73-9ad6beea2eb4/wikiada_1.2.0_a57d9417/.alire/wikiada.gpr"] exited with code 4
ERROR: Command ["gprbuild", "-s", "-j0", "-p", "-P", "/Users/runner/work/alire-crates-ci/alire-crates-ci/test/68982dab-4712-4431-be73-9ad6beea2eb4/wikiada_1.2.0_a57d9417/.alire/wikiada.gpr"] exited with code 4
stderr: ALIRE.CHECKED_ERROR
stderr: Command ["gprbuild", "-s", "-j0", "-p", "-P", "/Users/runner/work/alire-crates-ci/alire-crates-ci/test/68982dab-4712-4431-be73-9ad6beea2eb4/wikiada_1.2.0_a57d9417/.alire/wikiada.gpr"] exited with code 4
stderr: raised ALIRE.CHECKED_ERROR : alire-stored-error:1
Load address: 0x103508000
Call stack traceback locations:
0x103e1012d 0x103ae5867 0x103cf80d9 0x103cf8861 0x103c58dc7 0x103c5729d 0x103c73b77 0x103cc00a9 0x103cbeb02 0x103c73cbc 0x103c5764d 0x10356af01 0x10357bab8 0x10358055c 0x10360659c 0x1036118f8 0x10350cb45 0x10350fe54


Warning: wikiada=1.2.0 successfully retrieved but its build failed.
Dependencies were solved as follows:

   + utilada 2.1.0 (new)
ERROR: Build ended with errors
