Test ran at 2023-06-07 13:10:15.952681+00:00

SOLUTION:
eeprom_i2c=6.0.0: EEPROM I2C drivers library for embedded platforms
Origin: commit 929d80dc84fcbe4a766f6de0df974f38ae535e10 from https://github.com/hgrodriguez/eeprom_i2c.git
Properties:
   Author: Holger Rodriguez
   Description: EEPROM I2C drivers library for embedded platforms
   License: BSD-3-Clause
   Maintainer: Holger Rodriguez <github@roseng.ch>
   Maintainers_Logins: hgrodriguez
   Name: eeprom_i2c
   Tag: embedded
   Tag: nostd
   Tag: eeprom
   Tag: rp2040
   Tag: i2c
   Version: 6.0.0
   Website: https://github.com/hgrodriguez/eeprom_i2c
Dependencies (direct):
   hal~0.3.0
Dependencies (solution):
   hal=0.3.0
Dependencies (graph):
   eeprom_i2c=6.0.0 --> hal=0.3.0 (~0.3.0)


LOG:
Note: Deploying eeprom_i2c=6.0.0...
Note: Deploying hal=0.3.0...
Note: Building eeprom_i2c/eeprom_i2c.gpr...
Setup
   [mkdir]        object directory for project HAL
   [mkdir]        library directory for project HAL
   [mkdir]        object directory for project Eeprom_I2c
   [mkdir]        library directory for project Eeprom_I2c
Compile
   [Ada]          hal-time.ads
   [Ada]          hal-sdmmc.adb
   [Ada]          hal-framebuffer.ads
   [Ada]          hal-dsi.ads
   [Ada]          hal-gpio.ads
   [Ada]          hal-real_time_clock.ads
   [Ada]          hal.ads
   [Ada]          hal-i2c.ads
   [Ada]          hal-touch_panel.ads
   [Ada]          hal-bitmap.ads
   [Ada]          hal-filesystem.ads
   [Ada]          hal-audio.ads
   [Ada]          hal-block_drivers.ads
   [Ada]          hal-uart.ads
   [Ada]          hal-spi.ads
   [Ada]          eeprom_i2c-mc24xx64.ads
   [Ada]          eeprom_i2c-mc24xx16.ads
   [Ada]          eeprom_i2c-mc24xx256.ads
   [Ada]          eeprom_i2c-mc24xx512.ads
   [Ada]          eeprom_i2c-mc24xx02.ads
   [Ada]          eeprom_i2c-mc24xx01.ads
   [Ada]          eeprom_i2c.adb
Build Libraries
   [gprlib]       hal.lexch
   [gprlib]       Eeprom_I2c.lexch
   [archive]      libhal.a
   [index]        libhal.a
   [archive]      libEeprom_I2c.a
   [index]        libEeprom_I2c.a
Build finished successfully in 0.83 seconds.

eeprom_i2c=6.0.0 successfully retrieved and built.
Dependencies were solved as follows:

   + hal 0.3.0 (new)
Found declared GPR file: eeprom_i2c.gpr
