Test ran at 2022-05-27 18:57:29.887779+00:00

SOLUTION:
serverfaces=1.3.0: Web Server Faces JSR 252, JSR 314 and JSR 344
Origin: source archive 1.3.0.tar.gz at https://github.com/stcarrez/ada-asf/archive/1.3.0.tar.gz with hash sha512:74425bce8321e220d97da08131b49c2d1811fe174f16d4e3a4fccb3c244029b736b138a3d008821ba01ca7472152d37709d5eef08d3cccd32a59130c0649b613
Properties:
   Post_Fetch run: ${CRATE_DIR}/./rm -f config.gpr
   Description: Web Server Faces JSR 252, JSR 314 and JSR 344
   GPR Scenario: BUILD := distrib | debug | optimize | profile | coverage
   GPR Scenario: SECURITY_LIBRARY_TYPE := relocatable | static | static-pic
   License: Apache-2.0
   Maintainer: Stephane.Carrez@gmail.com
   Maintainers_Logins: stcarrez
   Name: serverfaces
   Project_File: .alire/asf.gpr
   Version: 1.3.0
Dependencies (direct):
   security^1.2.1
   servletada^1.3.0
   utilada^2.0.0
Dependencies (solution):
   security=1.2.1
   servletada=1.3.0
   utilada=2.1.0
   utilada_xml=2.1.0
   xmlada=21.0.0
Dependencies (graph):
   security=1.2.1    --> utilada=2.1.0 (^2.0.0)    
   security=1.2.1    --> utilada_xml=2.1.0 (^2.0.0)
   serverfaces=1.3.0 --> security=1.2.1 (^1.2.1)   
   serverfaces=1.3.0 --> servletada=1.3.0 (^1.3.0) 
   serverfaces=1.3.0 --> utilada=2.1.0 (^2.0.0)    
   servletada=1.3.0  --> security=1.2.1 (^1.2.1)   
   servletada=1.3.0  --> utilada=2.1.0 (^2.0.0)    
   utilada_xml=2.1.0 --> utilada=2.1.0 (^2.1.0)    
   utilada_xml=2.1.0 --> xmlada=21.0.0 (*)         


LOG:
Note: Deploying release serverfaces=1.3.0...
#=#=#                                                                         
##O#-#                                                                        
##O=#  #                                                                      
#=#=-#  #                                                                     
 #=#=-#   #                                                                   
  #=#=- #   #                                                                 
Note: Deploying release utilada=2.1.0...
#=#=#                                                                         
##O#-#                                                                        
##O=#  #                                                                      
#-#O=#  #                                                                     
Note: Deploying release xmlada=21.0.0...
#=#=#                                                                         
##O#-#                                                                        
##O=#  #                                                                      
#-#O=#  #                                                                     
Note: Running post_fetch actions for xmlada=21.0.0...
checking build system type... x86_64-unknown-linux-gnu
checking host system type... x86_64-unknown-linux-gnu
checking target system type... x86_64-unknown-linux-gnu
checking whether gnat can build shared libs... yes
checking for a BSD-compatible install... /usr/bin/install -c
checking whether ln -s works... yes
configure: creating ./config.status
config.status: creating xmlada_shared.gpr
config.status: creating Makefile
config.status: creating tests/dom/default.gpr
Note: Deploying release utilada_xml=2.1.0...
#=#=#                                                                         
##O#-#                                                                        
##O=#  #                                                                      
#=#=-#  #                                                                     
 #=#=-#   #                                                                   
Note: Deploying release security=1.2.1...
#=#=#                                                                         
##O#-#                                                                        
##O=#  #                                                                      
#=#=-#  #                                                                     
Note: Running post_fetch actions for security=1.2.1...
Note: Deploying release servletada=1.3.0...
#=#=#                                                                         
##O#-#                                                                        
##O=#  #                                                                      
#=#=-#  #                                                                     
Note: Running post_fetch actions for servletada=1.3.0...
Note: Running post_fetch actions for serverfaces=1.3.0...
asf.gpr:3:06: unknown project file: "elada"
servletada.gpr:3:06: unknown project file: "elada"
servletada.gpr:3:06: imported by "/home/runner/work/alire-crates-ci/alire-crates-ci/test/3584d6b1-2ae9-42ea-bdc3-c4bbea5db91e/serverfaces_1.3.0_74425bce/alire/cache/dependencies/servletada_1.3.0_7ba99a77/.alire/servletada.gpr"
servletada.gpr:3:06: imported by "/home/runner/work/alire-crates-ci/alire-crates-ci/test/3584d6b1-2ae9-42ea-bdc3-c4bbea5db91e/serverfaces_1.3.0_74425bce/.alire/asf.gpr"
gprbuild: ".alire/asf.gpr" processing failed
stderr: Command ["gprbuild", "-gnatwU", "-j0", "-p", "-P", ".alire/asf.gpr"] exited with code 4
ERROR: Command ["gprbuild", "-gnatwU", "-j0", "-p", "-P", ".alire/asf.gpr"] exited with code 4

Warning: serverfaces=1.3.0 successfully retrieved but its build failed.
Dependencies were solved as follows:

   + security    1.2.1  (new)         
   + servletada  1.3.0  (new)         
   + utilada     2.1.0  (new)         
   + utilada_xml 2.1.0  (new,indirect)
   + xmlada      21.0.0 (new,indirect)
ERROR: Build ended with errors
