Test ran at 2025-01-20 13:28:08.994642+00:00

SOLUTION:
hello=1.0.2: 'Hello, world!' demonstration project
Origin: commit 5715870bf1637ac06c87a3db580d4efdfd5daeed from https://github.com/alire-project/hello.git
Properties:
   Author: Alejandro R. Mosteo
   Description: 'Hello, world!' demonstration project
   Executable: hello
   License: MIT
   Maintainer: Alejandro R. Mosteo <alejandro@mosteo.com>
   Maintainers_Logins: mosteo
   Name: hello
   Tag: hello
   Tag: demo
   Version: 1.0.2
   Website: https://github.com/alire-project/hello
Dependencies (direct):
   libhello^1.0
Dependencies (solution):
   libhello=1.0.1
Dependencies (graph):
   hello=1.0.2 --> libhello=1.0.1 (^1.0)


LOG:
Note: Deploying hello=1.0.2...
Note: Deploying libhello=1.0.1...
Note: Building hello/hello.gpr...
Setup
   [mkdir]        object directory for project Libhello
   [mkdir]        library directory for project Libhello
   [mkdir]        object directory for project Hello
   [mkdir]        exec directory for project Hello
Compile
   [Ada]          hello.adb
   [Ada]          libhello_config.ads
   [Ada]          libhello.adb
Build Libraries
   [gprlib]       Libhello.lexch
   [archive]      libLibhello.a
   [index]        libLibhello.a
Bind
   [gprbind]      hello.bexch
   [Ada]          hello.ali
Link
   [link]         hello.adb
-macosx_version_min has been renamed to -macos_version_min
ld: warning: ignoring duplicate libraries: '-lSystem'
ld: warning: Support for dylib stub (MH_DYLIB_STUB) file '/Users/runner/.config/alire/cache/dependencies/gnat_native_10.3.2_e112fd3f/lib/libgcc_ext.10.5.dylib' is deprecated, text-based stubs should be used instead (with `GENERATE_TEXT_BASED_STUBS` build setting, or `tapi` tool)
ld: malformed mach-o missing relocations, LC_DYLD_INFO, or LC_DYLD_CHAINED_FIXUPS in '/Users/runner/.config/alire/cache/dependencies/gnat_native_10.3.2_e112fd3f/lib/libgcc_ext.10.5.dylib'
collect2: error: ld returned 1 exit status
gprbuild: link of hello.adb failed
gprbuild: failed command was: /users/runner/.config/alire/cache/dependencies/gnat_native_10.3.2_e112fd3f/bin/gcc hello.o b__hello.o /Users/runner/work/alire-crates-ci/alire-crates-ci/test/cc66406b-2522-4a16-aea8-3b41daf71bc1/hello_1.0.2_5715870b/alire/cache/dependencies/libhello_1.0.1_3c15bc7f/lib/libLibhello.a -L/Users/runner/work/alire-crates-ci/alire-crates-ci/test/cc66406b-2522-4a16-aea8-3b41daf71bc1/hello_1.0.2_5715870b/obj/development/ -L/Users/runner/work/alire-crates-ci/alire-crates-ci/test/cc66406b-2522-4a16-aea8-3b41daf71bc1/hello_1.0.2_5715870b/obj/development/ -L/Users/runner/work/alire-crates-ci/alire-crates-ci/test/cc66406b-2522-4a16-aea8-3b41daf71bc1/hello_1.0.2_5715870b/alire/cache/dependencies/libhello_1.0.1_3c15bc7f/lib/ -L/users/runner/.config/alire/cache/dependencies/gnat_native_10.3.2_e112fd3f/lib/gcc/x86_64-apple-darwin19.6.0/10.3.0/adalib/ /users/runner/.config/alire/cache/dependencies/gnat_native_10.3.2_e112fd3f/lib/gcc/x86_64-apple-darwin19.6.0/10.3.0/adalib/libgnat.a -Wl,-rpath,@executable_path/..//obj/development -Wl,-rpath,@executable_path/..//alire/cache/dependencies/libhello_1.0.1_3c15bc7f/lib -Wl,-rpath,@executable_path/../../../../../../..//.config/alire/cache/dependencies/gnat_native_10.3.2_e112fd3f/lib/gcc/x86_64-apple-darwin19.6.0/10.3.0/adalib -o /Users/runner/work/alire-crates-ci/alire-crates-ci/test/cc66406b-2522-4a16-aea8-3b41daf71bc1/hello_1.0.2_5715870b/bin//hello
stderr: Command ["gprbuild", "-s", "-j0", "-p", "-P", "/Users/runner/work/alire-crates-ci/alire-crates-ci/test/cc66406b-2522-4a16-aea8-3b41daf71bc1/hello_1.0.2_5715870b/hello.gpr"] exited with code 4
ERROR: Command ["gprbuild", "-s", "-j0", "-p", "-P", "/Users/runner/work/alire-crates-ci/alire-crates-ci/test/cc66406b-2522-4a16-aea8-3b41daf71bc1/hello_1.0.2_5715870b/hello.gpr"] exited with code 4
stderr: ALIRE.CHECKED_ERROR
stderr: Command ["gprbuild", "-s", "-j0", "-p", "-P", "/Users/runner/work/alire-crates-ci/alire-crates-ci/test/cc66406b-2522-4a16-aea8-3b41daf71bc1/hello_1.0.2_5715870b/hello.gpr"] exited with code 4
stderr: raised ALIRE.CHECKED_ERROR : alire-stored-error:1
Load address: 0x10009f000
Call stack traceback locations:
0x1009a7415 0x10067ae83 0x10088ddf9 0x10088e581 0x1007eeac3 0x1007ecf99 0x100809873 0x100855dc1 0x10085481a 0x1008099b8 0x1007ed349 0x1000fe9c1 0x10010f578 0x10011401c 0x10019a05c 0x1001a53b8 0x1000a0605 0x1000a3914


Warning: hello=1.0.2 successfully retrieved but its build failed.
Dependencies were solved as follows:

   + libhello 1.0.1 (new)
ERROR: Build ended with errors
