Test ran at 2024-03-21 01:26:31.159338+00:00

SOLUTION:
pla_util=2.1.2: A power line adapter utility
Origin: commit 815e4700a92579abb89946d2d6f1991bf59bfdb7 from https://github.com/serock/pla-util.git
Available when: (case OS is Linux => True, others => False)
Properties:
   Author: John Serock
   Build Switches: 
   Configuration: no modifiers
   Description: A power line adapter utility
   Executable: pla-util
   License: GPL-3.0-or-later
   Maintainer: john.serock@gmail.com
   Maintainers_Logins: serock
   Name: pla_util
   Project_File: pla_util.gpr
   Tag: powerline
   Version: 2.1.2
   Website: https://github.com/serock/pla-util
Dependencies (direct):
   libpcap^1.8.1
Dependencies (solution):
   libpcap=1.10.1
Dependencies (graph):
   pla_util=2.1.2 --> libpcap=1.10.1 (^1.8.1)


LOG:
Note: Deploying pla_util=2.1.2...
Note: Deploying libpcap=1.10.1...
The system package 'libpcap-dev' is about to be installed.
This action might require admin privileges and impact your system installation.
Do you want Alire to install this system package?
Using default: Yes
debconf: delaying package configuration, since apt-utils is not installed
Selecting previously unselected package libpcap0.8:amd64.
(Reading database ... 
(Reading database ... 5%
(Reading database ... 10%
(Reading database ... 15%
(Reading database ... 20%
(Reading database ... 25%
(Reading database ... 30%
(Reading database ... 35%
(Reading database ... 40%
(Reading database ... 45%
(Reading database ... 50%
(Reading database ... 55%
(Reading database ... 60%
(Reading database ... 65%
(Reading database ... 70%
(Reading database ... 75%
(Reading database ... 80%
(Reading database ... 85%
(Reading database ... 90%
(Reading database ... 95%
(Reading database ... 100%
(Reading database ... 28866 files and directories currently installed.)
Preparing to unpack .../libpcap0.8_1.10.1-4build1_amd64.deb ...
Unpacking libpcap0.8:amd64 (1.10.1-4build1) ...
Selecting previously unselected package libpcap0.8-dev:amd64.
Preparing to unpack .../libpcap0.8-dev_1.10.1-4build1_amd64.deb ...
Unpacking libpcap0.8-dev:amd64 (1.10.1-4build1) ...
Selecting previously unselected package libpcap-dev:amd64.
Preparing to unpack .../libpcap-dev_1.10.1-4build1_amd64.deb ...
Unpacking libpcap-dev:amd64 (1.10.1-4build1) ...
Setting up libpcap0.8:amd64 (1.10.1-4build1) ...
Setting up libpcap0.8-dev:amd64 (1.10.1-4build1) ...
Setting up libpcap-dev:amd64 (1.10.1-4build1) ...
Processing triggers for libc-bin (2.35-0ubuntu3.3) ...
Note: Building pla_util/pla_util.gpr...
Setup
   [mkdir]        object directory for project Pla_Util
   [mkdir]        exec directory for project Pla_Util
Compile
   [Ada]          pla_util.adb
unrecognized switch -gnatw_q ignored
   [Ada]          console.adb
unrecognized switch -gnatw_q ignored
   [Ada]          config.ads
   [Ada]          firmware_boot_strings.ads
   [Ada]          hfid_strings.ads
   [Ada]          pla_util_config.ads
unrecognized switch -gnatw_q ignored
   [Ada]          power_line_adapter_sets.ads
unrecognized switch -gnatw_q ignored
   [Ada]          power_line_adapters.adb
unrecognized switch -gnatw_q ignored
   [Ada]          commands.adb
unrecognized switch -gnatw_q ignored
   [Ada]          mac_addresses.adb
unrecognized switch -gnatw_q ignored
   [Ada]          messages.adb
unrecognized switch -gnatw_q ignored
   [Ada]          messages-constructors.adb
unrecognized switch -gnatw_q ignored
   [Ada]          octets.ads
unrecognized switch -gnatw_q ignored
   [Ada]          power_line_adapters-network.adb
unrecognized switch -gnatw_q ignored
   [Ada]          to_bounded_string.adb
unrecognized switch -gnatw_q ignored
   [Ada]          packets.ads
unrecognized switch -gnatw_q ignored
unrecognized switch -gnatw_q ignored
   [Ada]          packets-network_devices.adb
   [Ada]          power_line_adapters-constructors.adb
unrecognized switch -gnatw_q ignored
unrecognized switch -gnatw_q ignored
   [Ada]          packets-device_locators.adb
   [Ada]          packets-filters.adb
unrecognized switch -gnatw_q ignored
   [Ada]          packets-pcap.ads
unrecognized switch -gnatw_q ignored
packets-device_locators.adb:114:04: warning: no warning suppressed by this pragma [-gnatw.w]
   [Ada]          packets-pcap-devices.ads
unrecognized switch -gnatw_q ignored
unrecognized switch -gnatw_q ignored
unrecognized switch -gnatw_q ignored
unrecognized switch -gnatw_q ignored
Bind
   [gprbind]      pla_util.bexch
   [Ada]          pla_util.ali
Link
   [link]         pla_util.adb
Build finished successfully in 3.70 seconds.

pla_util=2.1.2 successfully retrieved and built.
Dependencies were solved as follows:

   + libpcap 1.10.1 (new)
Found declared GPR file: pla_util.gpr
