Test ran at 2024-09-02 13:13:25.192524+00:00

SOLUTION:
mage=0.6.1: Mini Ada Game Engine - A very simple game engine written in Ada
Origin: commit e5032cff2299566ec3321653a1e6b0d27f8ea993 from https://gitlab.com/leogermond/mage.git
Properties:
   Author: Leo Germond
   Description: Mini Ada Game Engine - A very simple game engine written in Ada
   License: Apache-2.0
   Maintainer: Leo Germond <germond@adacore.com>
   Maintainers_Logins: leogermond
   Name: mage
   Tag: game
   Tag: engine
   Tag: sdl
   Version: 0.6.1
   Website: www.gitlab.com/leogermond/mage
Dependencies (direct):
   sdlada^2.5.4-1
Dependencies (solution):
   libsdl2=2.30.0
   libsdl2_image=2.8.2
   libsdl2_mixer=2.8.0
   libsdl2_ttf=2.22.0
   make=4.3.0
   sdlada=2.5.20
Dependencies (graph):
   mage=0.6.1    --> sdlada=2.5.20 (^2.5.4-1)    
   sdlada=2.5.20 --> libsdl2=2.30.0 (^2.0.0)     
   sdlada=2.5.20 --> libsdl2_image=2.8.2 (^2.0.0)
   sdlada=2.5.20 --> libsdl2_mixer=2.8.0 (^2.0.0)
   sdlada=2.5.20 --> libsdl2_ttf=2.22.0 (^2.0.0) 
   sdlada=2.5.20 --> make=4.3.0 (*)              


LOG:
Note: Deploying mage=0.6.1...
Note: Deploying libsdl2=2.30.0...
The system package 'libsdl2-dev' is about to be installed.
This action might require admin privileges and impact your system installation.
Do you want Alire to install this system package?
Using default: Yes
debconf: delaying package configuration, since apt-utils is not installed
(Reading database ... 
(Reading database ... 5%
(Reading database ... 10%
(Reading database ... 15%
(Reading database ... 20%
(Reading database ... 25%
(Reading database ... 30%
(Reading database ... 35%
(Reading database ... 40%
(Reading database ... 45%
(Reading database ... 50%
(Reading database ... 55%
(Reading database ... 60%
(Reading database ... 65%
(Reading database ... 70%
(Reading database ... 75%
(Reading database ... 80%
(Reading database ... 85%
(Reading database ... 90%
(Reading database ... 95%
(Reading database ... 100%
(Reading database ... 24268 files and directories currently installed.)
Preparing to unpack .../bsdutils_1%3a2.39.3-9ubuntu6.1_amd64.deb ...
Unpacking bsdutils (1:2.39.3-9ubuntu6.1) over (1:2.39.3-9ubuntu6) ...
Setting up bsdutils (1:2.39.3-9ubuntu6.1) ...
(Reading database ... 
(Reading database ... 5%
(Reading database ... 10%
(Reading database ... 15%
(Reading database ... 20%
(Reading database ... 25%
(Reading database ... 30%
(Reading database ... 35%
(Reading database ... 40%
(Reading database ... 45%
(Reading database ... 50%
(Reading database ... 55%
(Reading database ... 60%
(Reading database ... 65%
(Reading database ... 70%
(Reading database ... 75%
(Reading database ... 80%
(Reading database ... 85%
(Reading database ... 90%
(Reading database ... 95%
(Reading database ... 100%
(Reading database ... 24268 files and directories currently installed.)
Preparing to unpack .../util-linux_2.39.3-9ubuntu6.1_amd64.deb ...
Unpacking util-linux (2.39.3-9ubuntu6.1) over (2.39.3-9ubuntu6) ...
Setting up util-linux (2.39.3-9ubuntu6.1) ...
(Reading database ... 
(Reading database ... 5%
(Reading database ... 10%
(Reading database ... 15%
(Reading database ... 20%
(Reading database ... 25%
(Reading database ... 30%
(Reading database ... 35%
(Reading database ... 40%
(Reading database ... 45%
(Reading database ... 50%
(Reading database ... 55%
(Reading database ... 60%
(Reading database ... 65%
(Reading database ... 70%
(Reading database ... 75%
(Reading database ... 80%
(Reading database ... 85%
(Reading database ... 90%
(Reading database ... 95%
(Reading database ... 100%
(Reading database ... 24268 files and directories currently installed.)
Preparing to unpack .../mount_2.39.3-9ubuntu6.1_amd64.deb ...
Unpacking mount (2.39.3-9ubuntu6.1) over (2.39.3-9ubuntu6) ...
Selecting previously unselected package libargon2-1:amd64.
Preparing to unpack .../libargon2-1_0~20190702+dfsg-4build1_amd64.deb ...
Unpacking libargon2-1:amd64 (0~20190702+dfsg-4build1) ...
Preparing to unpack .../libblkid1_2.39.3-9ubuntu6.1_amd64.deb ...
Unpacking libblkid1:amd64 (2.39.3-9ubuntu6.1) over (2.39.3-9ubuntu6) ...
Setting up libblkid1:amd64 (2.39.3-9ubuntu6.1) ...
(Reading database ... 
(Reading database ... 5%
(Reading database ... 10%
(Reading database ... 15%
(Reading database ... 20%
(Reading database ... 25%
(Reading database ... 30%
(Reading database ... 35%
(Reading database ... 40%
(Reading database ... 45%
(Reading database ... 50%
(Reading database ... 55%
(Reading database ... 60%
(Reading database ... 65%
(Reading database ... 70%
(Reading database ... 75%
(Reading database ... 80%
(Reading database ... 85%
(Reading database ... 90%
(Reading database ... 95%
(Reading database ... 100%
(Reading database ... 24272 files and directories currently installed.)
Preparing to unpack .../libudev1_255.4-1ubuntu8.4_amd64.deb ...
Unpacking libudev1:amd64 (255.4-1ubuntu8.4) over (255.4-1ubuntu8.1) ...
Setting up libudev1:amd64 (255.4-1ubuntu8.4) ...
Selecting previously unselected package libdevmapper1.02.1:amd64.
(Reading database ... 
(Reading database ... 5%
(Reading database ... 10%
(Reading database ... 15%
(Reading database ... 20%
(Reading database ... 25%
(Reading database ... 30%
(Reading database ... 35%
(Reading database ... 40%
(Reading database ... 45%
(Reading database ... 50%
(Reading database ... 55%
(Reading database ... 60%
(Reading database ... 65%
(Reading database ... 70%
(Reading database ... 75%
(Reading database ... 80%
(Reading database ... 85%
(Reading database ... 90%
(Reading database ... 95%
(Reading database ... 100%
(Reading database ... 24272 files and directories currently installed.)
Preparing to unpack .../libdevmapper1.02.1_2%3a1.02.185-3ubuntu3_amd64.deb ...
Unpacking libdevmapper1.02.1:amd64 (2:1.02.185-3ubuntu3) ...
Selecting previously unselected package libjson-c5:amd64.
Preparing to unpack .../libjson-c5_0.17-1build1_amd64.deb ...
Unpacking libjson-c5:amd64 (0.17-1build1) ...
Preparing to unpack .../libuuid1_2.39.3-9ubuntu6.1_amd64.deb ...
Unpacking libuuid1:amd64 (2.39.3-9ubuntu6.1) over (2.39.3-9ubuntu6) ...
Setting up libuuid1:amd64 (2.39.3-9ubuntu6.1) ...
Selecting previously unselected package libcryptsetup12:amd64.
(Reading database ... 
(Reading database ... 5%
(Reading database ... 10%
(Reading database ... 15%
(Reading database ... 20%
(Reading database ... 25%
(Reading database ... 30%
(Reading database ... 35%
(Reading database ... 40%
(Reading database ... 45%
(Reading database ... 50%
(Reading database ... 55%
(Reading database ... 60%
(Reading database ... 65%
(Reading database ... 70%
(Reading database ... 75%
(Reading database ... 80%
(Reading database ... 85%
(Reading database ... 90%
(Reading database ... 95%
(Reading database ... 100%
(Reading database ... 24283 files and directories currently installed.)
Preparing to unpack .../libcryptsetup12_2%3a2.7.0-1ubuntu4_amd64.deb ...
Unpacking libcryptsetup12:amd64 (2:2.7.0-1ubuntu4) ...
Selecting previously unselected package libfdisk1:amd64.
Preparing to unpack .../libfdisk1_2.39.3-9ubuntu6.1_amd64.deb ...
Unpacking libfdisk1:amd64 (2.39.3-9ubuntu6.1) ...
Selecting previously unselected package libkmod2:amd64.
Preparing to unpack .../libkmod2_31+20240202-2ubuntu7_amd64.deb ...
Unpacking libkmod2:amd64 (31+20240202-2ubuntu7) ...
Preparing to unpack .../libmount1_2.39.3-9ubuntu6.1_amd64.deb ...
Unpacking libmount1:amd64 (2.39.3-9ubuntu6.1) over (2.39.3-9ubuntu6) ...
Setting up libmount1:amd64 (2.39.3-9ubuntu6.1) ...
Selecting previously unselected package libsystemd-shared:amd64.
(Reading database ... 
(Reading database ... 5%
(Reading database ... 10%
(Reading database ... 15%
(Reading database ... 20%
(Reading database ... 25%
(Reading database ... 30%
(Reading database ... 35%
(Reading database ... 40%
(Reading database ... 45%
(Reading database ... 50%
(Reading database ... 55%
(Reading database ... 60%
(Reading database ... 65%
(Reading database ... 70%
(Reading database ... 75%
(Reading database ... 80%
(Reading database ... 85%
(Reading database ... 90%
(Reading database ... 95%
(Reading database ... 100%
(Reading database ... 24303 files and directories currently installed.)
Preparing to unpack .../libsystemd-shared_255.4-1ubuntu8.4_amd64.deb ...
Unpacking libsystemd-shared:amd64 (255.4-1ubuntu8.4) ...
Preparing to unpack .../libsystemd0_255.4-1ubuntu8.4_amd64.deb ...
Unpacking libsystemd0:amd64 (255.4-1ubuntu8.4) over (255.4-1ubuntu8.1) ...
Setting up libsystemd0:amd64 (255.4-1ubuntu8.4) ...
Selecting previously unselected package systemd-dev.
(Reading database ... 
(Reading database ... 5%
(Reading database ... 10%
(Reading database ... 15%
(Reading database ... 20%
(Reading database ... 25%
(Reading database ... 30%
(Reading database ... 35%
(Reading database ... 40%
(Reading database ... 45%
(Reading database ... 50%
(Reading database ... 55%
(Reading database ... 60%
(Reading database ... 65%
(Reading database ... 70%
(Reading database ... 75%
(Reading database ... 80%
(Reading database ... 85%
(Reading database ... 90%
(Reading database ... 95%
(Reading database ... 100%
(Reading database ... 24311 files and directories currently installed.)
Preparing to unpack .../systemd-dev_255.4-1ubuntu8.4_all.deb ...
Unpacking systemd-dev (255.4-1ubuntu8.4) ...
Selecting previously unselected package systemd.
Preparing to unpack .../systemd_255.4-1ubuntu8.4_amd64.deb ...
Unpacking systemd (255.4-1ubuntu8.4) ...
Setting up libargon2-1:amd64 (0~20190702+dfsg-4build1) ...
Setting up libdevmapper1.02.1:amd64 (2:1.02.185-3ubuntu3) ...
Setting up libjson-c5:amd64 (0.17-1build1) ...
Setting up libcryptsetup12:amd64 (2:2.7.0-1ubuntu4) ...
Setting up libfdisk1:amd64 (2.39.3-9ubuntu6.1) ...
Setting up libkmod2:amd64 (31+20240202-2ubuntu7) ...
Setting up libsystemd-shared:amd64 (255.4-1ubuntu8.4) ...
Setting up systemd-dev (255.4-1ubuntu8.4) ...
Setting up mount (2.39.3-9ubuntu6.1) ...
Setting up systemd (255.4-1ubuntu8.4) ...
Created symlink /etc/systemd/system/getty.target.wants/getty@tty1.service → /usr/lib/systemd/system/getty@.service.

Created symlink /etc/systemd/system/multi-user.target.wants/remote-fs.target → /usr/lib/systemd/system/remote-fs.target.

Created symlink /etc/systemd/system/sysinit.target.wants/systemd-pstore.service → /usr/lib/systemd/system/systemd-pstore.service.

Initializing machine ID from D-Bus machine ID.

[0;1;31m/usr/lib/tmpfiles.d/systemd-network.conf:10: Failed to resolve user 'systemd-network': No such process[0m

[0;1;31m/usr/lib/tmpfiles.d/systemd-network.conf:11: Failed to resolve user 'systemd-network': No such process[0m

[0;1;31m/usr/lib/tmpfiles.d/systemd-network.conf:12: Failed to resolve user 'systemd-network': No such process[0m

[0;1;31m/usr/lib/tmpfiles.d/systemd-network.conf:13: Failed to resolve user 'systemd-network': No such process[0m

[0;1;31m/usr/lib/tmpfiles.d/systemd.conf:22: Failed to resolve group 'systemd-journal': No such process[0m

[0;1;31m/usr/lib/tmpfiles.d/systemd.conf:23: Failed to resolve group 'systemd-journal': No such process[0m

[0;1;31m/usr/lib/tmpfiles.d/systemd.conf:28: Failed to resolve group 'systemd-journal': No such process[0m

[0;1;31m/usr/lib/tmpfiles.d/systemd.conf:29: Failed to resolve group 'systemd-journal': No such process[0m

[0;1;31m/usr/lib/tmpfiles.d/systemd.conf:30: Failed to resolve group 'systemd-journal': No such process[0m

Creating group 'systemd-journal' with GID 999.

Creating group 'systemd-network' with GID 998.

Creating user 'systemd-network' (systemd Network Management) with UID 998 and GID 998.

Selecting previously unselected package systemd-sysv.
(Reading database ... 
(Reading database ... 5%
(Reading database ... 10%
(Reading database ... 15%
(Reading database ... 20%
(Reading database ... 25%
(Reading database ... 30%
(Reading database ... 35%
(Reading database ... 40%
(Reading database ... 45%
(Reading database ... 50%
(Reading database ... 55%
(Reading database ... 60%
(Reading database ... 65%
(Reading database ... 70%
(Reading database ... 75%
(Reading database ... 80%
(Reading database ... 85%
(Reading database ... 90%
(Reading database ... 95%
(Reading database ... 100%
(Reading database ... 25281 files and directories currently installed.)
Preparing to unpack .../systemd-sysv_255.4-1ubuntu8.4_amd64.deb ...
Unpacking systemd-sysv (255.4-1ubuntu8.4) ...
Selecting previously unselected package sgml-base.
Preparing to unpack .../sgml-base_1.31_all.deb ...
Unpacking sgml-base (1.31) ...
Preparing to unpack .../libsmartcols1_2.39.3-9ubuntu6.1_amd64.deb ...
Unpacking libsmartcols1:amd64 (2.39.3-9ubuntu6.1) over (2.39.3-9ubuntu6) ...
Setting up libsmartcols1:amd64 (2.39.3-9ubuntu6.1) ...
Selecting previously unselected package libpam-systemd:amd64.
(Reading database ... 
(Reading database ... 5%
(Reading database ... 10%
(Reading database ... 15%
(Reading database ... 20%
(Reading database ... 25%
(Reading database ... 30%
(Reading database ... 35%
(Reading database ... 40%
(Reading database ... 45%
(Reading database ... 50%
(Reading database ... 55%
(Reading database ... 60%
(Reading database ... 65%
(Reading database ... 70%
(Reading database ... 75%
(Reading database ... 80%
(Reading database ... 85%
(Reading database ... 90%
(Reading database ... 95%
(Reading database ... 100%
(Reading database ... 25325 files and directories currently installed.)
Preparing to unpack .../000-libpam-systemd_255.4-1ubuntu8.4_amd64.deb ...
Unpacking libpam-systemd:amd64 (255.4-1ubuntu8.4) ...
Selecting previously unselected package dbus-user-session.
Preparing to unpack .../001-dbus-user-session_1.14.10-4ubuntu4.1_amd64.deb ...
Unpacking dbus-user-session (1.14.10-4ubuntu4.1) ...
Selecting previously unselected package dmsetup.
Preparing to unpack .../002-dmsetup_2%3a1.02.185-3ubuntu3_amd64.deb ...
Unpacking dmsetup (2:1.02.185-3ubuntu3) ...
Selecting previously unselected package libglib2.0-0t64:amd64.
Preparing to unpack .../003-libglib2.0-0t64_2.80.0-6ubuntu3.1_amd64.deb ...
Unpacking libglib2.0-0t64:amd64 (2.80.0-6ubuntu3.1) ...
Selecting previously unselected package gir1.2-glib-2.0:amd64.
Preparing to unpack .../004-gir1.2-glib-2.0_2.80.0-6ubuntu3.1_amd64.deb ...
Unpacking gir1.2-glib-2.0:amd64 (2.80.0-6ubuntu3.1) ...
Selecting previously unselected package libgirepository-1.0-1:amd64.
Preparing to unpack .../005-libgirepository-1.0-1_1.80.1-1_amd64.deb ...
Unpacking libgirepository-1.0-1:amd64 (1.80.1-1) ...
Selecting previously unselected package gir1.2-girepository-2.0:amd64.
Preparing to unpack .../006-gir1.2-girepository-2.0_1.80.1-1_amd64.deb ...
Unpacking gir1.2-girepository-2.0:amd64 (1.80.1-1) ...
Selecting previously unselected package libfribidi0:amd64.
Preparing to unpack .../007-libfribidi0_1.0.13-3build1_amd64.deb ...
Unpacking libfribidi0:amd64 (1.0.13-3build1) ...
Selecting previously unselected package libglib2.0-data.
Preparing to unpack .../008-libglib2.0-data_2.80.0-6ubuntu3.1_all.deb ...
Unpacking libglib2.0-data (2.80.0-6ubuntu3.1) ...
Selecting previously unselected package libnss-systemd:amd64.
Preparing to unpack .../009-libnss-systemd_255.4-1ubuntu8.4_amd64.deb ...
Unpacking libnss-systemd:amd64 (255.4-1ubuntu8.4) ...
Selecting previously unselected package python3-dbus.
Preparing to unpack .../010-python3-dbus_1.3.2-5build3_amd64.deb ...
Unpacking python3-dbus (1.3.2-5build3) ...
Selecting previously unselected package python3-gi.
Preparing to unpack .../011-python3-gi_3.48.2-1_amd64.deb ...
Unpacking python3-gi (3.48.2-1) ...
Selecting previously unselected package networkd-dispatcher.
Preparing to unpack .../012-networkd-dispatcher_2.2.4-1_all.deb ...
Unpacking networkd-dispatcher (2.2.4-1) ...
Selecting previously unselected package shared-mime-info.
Preparing to unpack .../013-shared-mime-info_2.4-4_amd64.deb ...
Unpacking shared-mime-info (2.4-4) ...
Selecting previously unselected package systemd-resolved.
Preparing to unpack .../014-systemd-resolved_255.4-1ubuntu8.4_amd64.deb ...
Unpacking systemd-resolved (255.4-1ubuntu8.4) ...
Selecting previously unselected package systemd-timesyncd.
Preparing to unpack .../015-systemd-timesyncd_255.4-1ubuntu8.4_amd64.deb ...
Unpacking systemd-timesyncd (255.4-1ubuntu8.4) ...
Selecting previously unselected package xdg-user-dirs.
Preparing to unpack .../016-xdg-user-dirs_0.18-1build1_amd64.deb ...
Unpacking xdg-user-dirs (0.18-1build1) ...
Selecting previously unselected package xkb-data.
Preparing to unpack .../017-xkb-data_2.41-2ubuntu1.1_all.deb ...
Unpacking xkb-data (2.41-2ubuntu1.1) ...
Selecting previously unselected package libxkbcommon0:amd64.
Preparing to unpack .../018-libxkbcommon0_1.6.0-1build1_amd64.deb ...
Unpacking libxkbcommon0:amd64 (1.6.0-1build1) ...
Selecting previously unselected package libgdk-pixbuf2.0-common.
Preparing to unpack .../019-libgdk-pixbuf2.0-common_2.42.10+dfsg-3ubuntu3.1_all.deb ...
Unpacking libgdk-pixbuf2.0-common (2.42.10+dfsg-3ubuntu3.1) ...
Selecting previously unselected package libgdk-pixbuf-2.0-0:amd64.
Preparing to unpack .../020-libgdk-pixbuf-2.0-0_2.42.10+dfsg-3ubuntu3.1_amd64.deb ...
Unpacking libgdk-pixbuf-2.0-0:amd64 (2.42.10+dfsg-3ubuntu3.1) ...
Selecting previously unselected package gtk-update-icon-cache.
Preparing to unpack .../021-gtk-update-icon-cache_3.24.41-4ubuntu1.1_amd64.deb ...
Unpacking gtk-update-icon-cache (3.24.41-4ubuntu1.1) ...
Selecting previously unselected package hicolor-icon-theme.
Preparing to unpack .../022-hicolor-icon-theme_0.17-2_all.deb ...
Unpacking hicolor-icon-theme (0.17-2) ...
Selecting previously unselected package humanity-icon-theme.
Preparing to unpack .../023-humanity-icon-theme_0.6.16_all.deb ...
Unpacking humanity-icon-theme (0.6.16) ...
Selecting previously unselected package ubuntu-mono.
Preparing to unpack .../024-ubuntu-mono_24.04-0ubuntu1_all.deb ...
Unpacking ubuntu-mono (24.04-0ubuntu1) ...
Selecting previously unselected package adwaita-icon-theme.
Preparing to unpack .../025-adwaita-icon-theme_46.0-1_all.deb ...
Unpacking adwaita-icon-theme (46.0-1) ...
Selecting previously unselected package at-spi2-common.
Preparing to unpack .../026-at-spi2-common_2.52.0-1build1_all.deb ...
Unpacking at-spi2-common (2.52.0-1build1) ...
Selecting previously unselected package libxi6:amd64.
Preparing to unpack .../027-libxi6_2%3a1.8.1-1build1_amd64.deb ...
Unpacking libxi6:amd64 (2:1.8.1-1build1) ...
Selecting previously unselected package libatspi2.0-0t64:amd64.
Preparing to unpack .../028-libatspi2.0-0t64_2.52.0-1build1_amd64.deb ...
Unpacking libatspi2.0-0t64:amd64 (2.52.0-1build1) ...
Selecting previously unselected package x11-common.
Preparing to unpack .../029-x11-common_1%3a7.7+23ubuntu3_all.deb ...
Unpacking x11-common (1:7.7+23ubuntu3) ...
Selecting previously unselected package libxtst6:amd64.
Preparing to unpack .../030-libxtst6_2%3a1.2.3-1.1build1_amd64.deb ...
Unpacking libxtst6:amd64 (2:1.2.3-1.1build1) ...
Selecting previously unselected package libdconf1:amd64.
Preparing to unpack .../031-libdconf1_0.40.0-4build2_amd64.deb ...
Unpacking libdconf1:amd64 (0.40.0-4build2) ...
Selecting previously unselected package dconf-service.
Preparing to unpack .../032-dconf-service_0.40.0-4build2_amd64.deb ...
Unpacking dconf-service (0.40.0-4build2) ...
Selecting previously unselected package dconf-gsettings-backend:amd64.
Preparing to unpack .../033-dconf-gsettings-backend_0.40.0-4build2_amd64.deb ...
Unpacking dconf-gsettings-backend:amd64 (0.40.0-4build2) ...
Selecting previously unselected package session-migration.
Preparing to unpack .../034-session-migration_0.3.9build1_amd64.deb ...
Unpacking session-migration (0.3.9build1) ...
Selecting previously unselected package gsettings-desktop-schemas.
Preparing to unpack .../035-gsettings-desktop-schemas_46.1-0ubuntu1_all.deb ...
Unpacking gsettings-desktop-schemas (46.1-0ubuntu1) ...
Selecting previously unselected package at-spi2-core.
Preparing to unpack .../036-at-spi2-core_2.52.0-1build1_amd64.deb ...
Unpacking at-spi2-core (2.52.0-1build1) ...
Selecting previously unselected package fontconfig.
Preparing to unpack .../037-fontconfig_2.15.0-1.1ubuntu2_amd64.deb ...
Unpacking fontconfig (2.15.0-1.1ubuntu2) ...
Selecting previously unselected package libibus-1.0-5:amd64.
Preparing to unpack .../038-libibus-1.0-5_1.5.29-2_amd64.deb ...
Unpacking libibus-1.0-5:amd64 (1.5.29-2) ...
Selecting previously unselected package gir1.2-ibus-1.0:amd64.
Preparing to unpack .../039-gir1.2-ibus-1.0_1.5.29-2_amd64.deb ...
Unpacking gir1.2-ibus-1.0:amd64 (1.5.29-2) ...
Selecting previously unselected package libasound2-dev:amd64.
Preparing to unpack .../040-libasound2-dev_1.2.11-1build2_amd64.deb ...
Unpacking libasound2-dev:amd64 (1.2.11-1build2) ...
Selecting previously unselected package libatk1.0-0t64:amd64.
Preparing to unpack .../041-libatk1.0-0t64_2.52.0-1build1_amd64.deb ...
Unpacking libatk1.0-0t64:amd64 (2.52.0-1build1) ...
Selecting previously unselected package libatk-bridge2.0-0t64:amd64.
Preparing to unpack .../042-libatk-bridge2.0-0t64_2.52.0-1build1_amd64.deb ...
Unpacking libatk-bridge2.0-0t64:amd64 (2.52.0-1build1) ...
Selecting previously unselected package libavahi-common-data:amd64.
Preparing to unpack .../043-libavahi-common-data_0.8-13ubuntu6_amd64.deb ...
Unpacking libavahi-common-data:amd64 (0.8-13ubuntu6) ...
Selecting previously unselected package libavahi-common3:amd64.
Preparing to unpack .../044-libavahi-common3_0.8-13ubuntu6_amd64.deb ...
Unpacking libavahi-common3:amd64 (0.8-13ubuntu6) ...
Selecting previously unselected package libavahi-client3:amd64.
Preparing to unpack .../045-libavahi-client3_0.8-13ubuntu6_amd64.deb ...
Unpacking libavahi-client3:amd64 (0.8-13ubuntu6) ...
Selecting previously unselected package libpixman-1-0:amd64.
Preparing to unpack .../046-libpixman-1-0_0.42.2-1build1_amd64.deb ...
Unpacking libpixman-1-0:amd64 (0.42.2-1build1) ...
Selecting previously unselected package libxcb-render0:amd64.
Preparing to unpack .../047-libxcb-render0_1.15-1ubuntu2_amd64.deb ...
Unpacking libxcb-render0:amd64 (1.15-1ubuntu2) ...
Selecting previously unselected package libcairo2:amd64.
Preparing to unpack .../048-libcairo2_1.18.0-3build1_amd64.deb ...
Unpacking libcairo2:amd64 (1.18.0-3build1) ...
Selecting previously unselected package libcairo-gobject2:amd64.
Preparing to unpack .../049-libcairo-gobject2_1.18.0-3build1_amd64.deb ...
Unpacking libcairo-gobject2:amd64 (1.18.0-3build1) ...
Selecting previously unselected package liblcms2-2:amd64.
Preparing to unpack .../050-liblcms2-2_2.14-2build1_amd64.deb ...
Unpacking liblcms2-2:amd64 (2.14-2build1) ...
Selecting previously unselected package libcolord2:amd64.
Preparing to unpack .../051-libcolord2_1.4.7-1build2_amd64.deb ...
Unpacking libcolord2:amd64 (1.4.7-1build2) ...
Selecting previously unselected package libcups2t64:amd64.
Preparing to unpack .../052-libcups2t64_2.4.7-1.2ubuntu7.2_amd64.deb ...
Unpacking libcups2t64:amd64 (2.4.7-1.2ubuntu7.2) ...
Selecting previously unselected package libdatrie1:amd64.
Preparing to unpack .../053-libdatrie1_0.2.13-3build1_amd64.deb ...
Unpacking libdatrie1:amd64 (0.2.13-3build1) ...
Selecting previously unselected package libpkgconf3:amd64.
Preparing to unpack .../054-libpkgconf3_1.8.1-2build1_amd64.deb ...
Unpacking libpkgconf3:amd64 (1.8.1-2build1) ...
Selecting previously unselected package pkgconf-bin.
Preparing to unpack .../055-pkgconf-bin_1.8.1-2build1_amd64.deb ...
Unpacking pkgconf-bin (1.8.1-2build1) ...
Selecting previously unselected package pkgconf:amd64.
Preparing to unpack .../056-pkgconf_1.8.1-2build1_amd64.deb ...
Unpacking pkgconf:amd64 (1.8.1-2build1) ...
Selecting previously unselected package xml-core.
Preparing to unpack .../057-xml-core_0.19_all.deb ...
Unpacking xml-core (0.19) ...
Selecting previously unselected package libdbus-1-dev:amd64.
Preparing to unpack .../058-libdbus-1-dev_1.14.10-4ubuntu4.1_amd64.deb ...
Unpacking libdbus-1-dev:amd64 (1.14.10-4ubuntu4.1) ...
Selecting previously unselected package libdecor-0-0:amd64.
Preparing to unpack .../059-libdecor-0-0_0.2.2-1build2_amd64.deb ...
Unpacking libdecor-0-0:amd64 (0.2.2-1build2) ...
Selecting previously unselected package libwayland-server0:amd64.
Preparing to unpack .../060-libwayland-server0_1.22.0-2.1build1_amd64.deb ...
Unpacking libwayland-server0:amd64 (1.22.0-2.1build1) ...
Selecting previously unselected package libwayland-cursor0:amd64.
Preparing to unpack .../061-libwayland-cursor0_1.22.0-2.1build1_amd64.deb ...
Unpacking libwayland-cursor0:amd64 (1.22.0-2.1build1) ...
Selecting previously unselected package libwayland-egl1:amd64.
Preparing to unpack .../062-libwayland-egl1_1.22.0-2.1build1_amd64.deb ...
Unpacking libwayland-egl1:amd64 (1.22.0-2.1build1) ...
Selecting previously unselected package libwayland-bin.
Preparing to unpack .../063-libwayland-bin_1.22.0-2.1build1_amd64.deb ...
Unpacking libwayland-bin (1.22.0-2.1build1) ...
Selecting previously unselected package libffi-dev:amd64.
Preparing to unpack .../064-libffi-dev_3.4.6-1build1_amd64.deb ...
Unpacking libffi-dev:amd64 (3.4.6-1build1) ...
Selecting previously unselected package libwayland-dev:amd64.
Preparing to unpack .../065-libwayland-dev_1.22.0-2.1build1_amd64.deb ...
Unpacking libwayland-dev:amd64 (1.22.0-2.1build1) ...
Selecting previously unselected package libdecor-0-dev:amd64.
Preparing to unpack .../066-libdecor-0-dev_0.2.2-1build2_amd64.deb ...
Unpacking libdecor-0-dev:amd64 (0.2.2-1build2) ...
Selecting previously unselected package libepoxy0:amd64.
Preparing to unpack .../067-libepoxy0_1.5.10-1build1_amd64.deb ...
Unpacking libepoxy0:amd64 (1.5.10-1build1) ...
Selecting previously unselected package libgraphite2-3:amd64.
Preparing to unpack .../068-libgraphite2-3_1.3.14-2build1_amd64.deb ...
Unpacking libgraphite2-3:amd64 (1.3.14-2build1) ...
Selecting previously unselected package libharfbuzz0b:amd64.
Preparing to unpack .../069-libharfbuzz0b_8.3.0-2build2_amd64.deb ...
Unpacking libharfbuzz0b:amd64 (8.3.0-2build2) ...
Selecting previously unselected package libthai-data.
Preparing to unpack .../070-libthai-data_0.1.29-2build1_all.deb ...
Unpacking libthai-data (0.1.29-2build1) ...
Selecting previously unselected package libthai0:amd64.
Preparing to unpack .../071-libthai0_0.1.29-2build1_amd64.deb ...
Unpacking libthai0:amd64 (0.1.29-2build1) ...
Selecting previously unselected package libpango-1.0-0:amd64.
Preparing to unpack .../072-libpango-1.0-0_1.52.1+ds-1build1_amd64.deb ...
Unpacking libpango-1.0-0:amd64 (1.52.1+ds-1build1) ...
Selecting previously unselected package libpangoft2-1.0-0:amd64.
Preparing to unpack .../073-libpangoft2-1.0-0_1.52.1+ds-1build1_amd64.deb ...
Unpacking libpangoft2-1.0-0:amd64 (1.52.1+ds-1build1) ...
Selecting previously unselected package libpangocairo-1.0-0:amd64.
Preparing to unpack .../074-libpangocairo-1.0-0_1.52.1+ds-1build1_amd64.deb ...
Unpacking libpangocairo-1.0-0:amd64 (1.52.1+ds-1build1) ...
Selecting previously unselected package libxcomposite1:amd64.
Preparing to unpack .../075-libxcomposite1_1%3a0.4.5-1build3_amd64.deb ...
Unpacking libxcomposite1:amd64 (1:0.4.5-1build3) ...
Selecting previously unselected package libxdamage1:amd64.
Preparing to unpack .../076-libxdamage1_1%3a1.1.6-1build1_amd64.deb ...
Unpacking libxdamage1:amd64 (1:1.1.6-1build1) ...
Selecting previously unselected package libxinerama1:amd64.
Preparing to unpack .../077-libxinerama1_2%3a1.1.4-3build1_amd64.deb ...
Unpacking libxinerama1:amd64 (2:1.1.4-3build1) ...
Selecting previously unselected package libgtk-3-common.
Preparing to unpack .../078-libgtk-3-common_3.24.41-4ubuntu1.1_all.deb ...
Unpacking libgtk-3-common (3.24.41-4ubuntu1.1) ...
Selecting previously unselected package libgtk-3-0t64:amd64.
Preparing to unpack .../079-libgtk-3-0t64_3.24.41-4ubuntu1.1_amd64.deb ...
Unpacking libgtk-3-0t64:amd64 (3.24.41-4ubuntu1.1) ...
Selecting previously unselected package libdecor-0-plugin-1-gtk:amd64.
Preparing to unpack .../080-libdecor-0-plugin-1-gtk_0.2.2-1build2_amd64.deb ...
Unpacking libdecor-0-plugin-1-gtk:amd64 (0.2.2-1build2) ...
Selecting previously unselected package libpciaccess-dev:amd64.
Preparing to unpack .../081-libpciaccess-dev_0.17-3build1_amd64.deb ...
Unpacking libpciaccess-dev:amd64 (0.17-3build1) ...
Selecting previously unselected package libdrm-dev:amd64.
Preparing to unpack .../082-libdrm-dev_2.4.120-2build1_amd64.deb ...
Unpacking libdrm-dev:amd64 (2.4.120-2build1) ...
Selecting previously unselected package libgbm1:amd64.
Preparing to unpack .../083-libgbm1_24.0.9-0ubuntu0.1_amd64.deb ...
Unpacking libgbm1:amd64 (24.0.9-0ubuntu0.1) ...
Selecting previously unselected package libegl-mesa0:amd64.
Preparing to unpack .../084-libegl-mesa0_24.0.9-0ubuntu0.1_amd64.deb ...
Unpacking libegl-mesa0:amd64 (24.0.9-0ubuntu0.1) ...
Selecting previously unselected package libegl1:amd64.
Preparing to unpack .../085-libegl1_1.7.0-1build1_amd64.deb ...
Unpacking libegl1:amd64 (1.7.0-1build1) ...
Selecting previously unselected package libegl-dev:amd64.
Preparing to unpack .../086-libegl-dev_1.7.0-1build1_amd64.deb ...
Unpacking libegl-dev:amd64 (1.7.0-1build1) ...
Selecting previously unselected package libgbm-dev:amd64.
Preparing to unpack .../087-libgbm-dev_24.0.9-0ubuntu0.1_amd64.deb ...
Unpacking libgbm-dev:amd64 (24.0.9-0ubuntu0.1) ...
Selecting previously unselected package libgdk-pixbuf2.0-bin.
Preparing to unpack .../088-libgdk-pixbuf2.0-bin_2.42.10+dfsg-3ubuntu3.1_amd64.deb ...
Unpacking libgdk-pixbuf2.0-bin (2.42.10+dfsg-3ubuntu3.1) ...
Selecting previously unselected package libgirepository-2.0-0:amd64.
Preparing to unpack .../089-libgirepository-2.0-0_2.80.0-6ubuntu3.1_amd64.deb ...
Unpacking libgirepository-2.0-0:amd64 (2.80.0-6ubuntu3.1) ...
Selecting previously unselected package libgles1:amd64.
Preparing to unpack .../090-libgles1_1.7.0-1build1_amd64.deb ...
Unpacking libgles1:amd64 (1.7.0-1build1) ...
Selecting previously unselected package libgles2:amd64.
Preparing to unpack .../091-libgles2_1.7.0-1build1_amd64.deb ...
Unpacking libgles2:amd64 (1.7.0-1build1) ...
Selecting previously unselected package libgles-dev:amd64.
Preparing to unpack .../092-libgles-dev_1.7.0-1build1_amd64.deb ...
Unpacking libgles-dev:amd64 (1.7.0-1build1) ...
Selecting previously unselected package libglib2.0-bin.
Preparing to unpack .../093-libglib2.0-bin_2.80.0-6ubuntu3.1_amd64.deb ...
Unpacking libglib2.0-bin (2.80.0-6ubuntu3.1) ...
Selecting previously unselected package python3-packaging.
Preparing to unpack .../094-python3-packaging_24.0-1_all.deb ...
Unpacking python3-packaging (24.0-1) ...
Selecting previously unselected package libglib2.0-dev-bin.
Preparing to unpack .../095-libglib2.0-dev-bin_2.80.0-6ubuntu3.1_amd64.deb ...
Unpacking libglib2.0-dev-bin (2.80.0-6ubuntu3.1) ...
Selecting previously unselected package uuid-dev:amd64.
Preparing to unpack .../096-uuid-dev_2.39.3-9ubuntu6.1_amd64.deb ...
Unpacking uuid-dev:amd64 (2.39.3-9ubuntu6.1) ...
Selecting previously unselected package libblkid-dev:amd64.
Preparing to unpack .../097-libblkid-dev_2.39.3-9ubuntu6.1_amd64.deb ...
Unpacking libblkid-dev:amd64 (2.39.3-9ubuntu6.1) ...
Selecting previously unselected package libsepol-dev:amd64.
Preparing to unpack .../098-libsepol-dev_3.5-2build1_amd64.deb ...
Unpacking libsepol-dev:amd64 (3.5-2build1) ...
Selecting previously unselected package libpcre2-16-0:amd64.
Preparing to unpack .../099-libpcre2-16-0_10.42-4ubuntu2_amd64.deb ...
Unpacking libpcre2-16-0:amd64 (10.42-4ubuntu2) ...
Selecting previously unselected package libpcre2-32-0:amd64.
Preparing to unpack .../100-libpcre2-32-0_10.42-4ubuntu2_amd64.deb ...
Unpacking libpcre2-32-0:amd64 (10.42-4ubuntu2) ...
Selecting previously unselected package libpcre2-posix3:amd64.
Preparing to unpack .../101-libpcre2-posix3_10.42-4ubuntu2_amd64.deb ...
Unpacking libpcre2-posix3:amd64 (10.42-4ubuntu2) ...
Selecting previously unselected package libpcre2-dev:amd64.
Preparing to unpack .../102-libpcre2-dev_10.42-4ubuntu2_amd64.deb ...
Unpacking libpcre2-dev:amd64 (10.42-4ubuntu2) ...
Selecting previously unselected package libselinux1-dev:amd64.
Preparing to unpack .../103-libselinux1-dev_3.5-2ubuntu2_amd64.deb ...
Unpacking libselinux1-dev:amd64 (3.5-2ubuntu2) ...
Selecting previously unselected package libmount-dev:amd64.
Preparing to unpack .../104-libmount-dev_2.39.3-9ubuntu6.1_amd64.deb ...
Unpacking libmount-dev:amd64 (2.39.3-9ubuntu6.1) ...
Selecting previously unselected package libglib2.0-dev:amd64.
Preparing to unpack .../105-libglib2.0-dev_2.80.0-6ubuntu3.1_amd64.deb ...
Unpacking libglib2.0-dev:amd64 (2.80.0-6ubuntu3.1) ...
Selecting previously unselected package libgtk-3-bin.
Preparing to unpack .../106-libgtk-3-bin_3.24.41-4ubuntu1.1_amd64.deb ...
Unpacking libgtk-3-bin (3.24.41-4ubuntu1.1) ...
Selecting previously unselected package libibus-1.0-dev:amd64.
Preparing to unpack .../107-libibus-1.0-dev_1.5.29-2_amd64.deb ...
Unpacking libibus-1.0-dev:amd64 (1.5.29-2) ...
Selecting previously unselected package libice6:amd64.
Preparing to unpack .../108-libice6_2%3a1.0.10-1build3_amd64.deb ...
Unpacking libice6:amd64 (2:1.0.10-1build3) ...
Selecting previously unselected package libice-dev:amd64.
Preparing to unpack .../109-libice-dev_2%3a1.0.10-1build3_amd64.deb ...
Unpacking libice-dev:amd64 (2:1.0.10-1build3) ...
Selecting previously unselected package libpulse-mainloop-glib0:amd64.
Preparing to unpack .../110-libpulse-mainloop-glib0_1%3a16.1+dfsg1-2ubuntu10_amd64.deb ...
Unpacking libpulse-mainloop-glib0:amd64 (1:16.1+dfsg1-2ubuntu10) ...
Selecting previously unselected package libpulse-dev:amd64.
Preparing to unpack .../111-libpulse-dev_1%3a16.1+dfsg1-2ubuntu10_amd64.deb ...
Unpacking libpulse-dev:amd64 (1:16.1+dfsg1-2ubuntu10) ...
Selecting previously unselected package librsvg2-2:amd64.
Preparing to unpack .../112-librsvg2-2_2.58.0+dfsg-1build1_amd64.deb ...
Unpacking librsvg2-2:amd64 (2.58.0+dfsg-1build1) ...
Selecting previously unselected package librsvg2-common:amd64.
Preparing to unpack .../113-librsvg2-common_2.58.0+dfsg-1build1_amd64.deb ...
Unpacking librsvg2-common:amd64 (2.58.0+dfsg-1build1) ...
Selecting previously unselected package libsamplerate0:amd64.
Preparing to unpack .../114-libsamplerate0_0.2.2-4build1_amd64.deb ...
Unpacking libsamplerate0:amd64 (0.2.2-4build1) ...
Selecting previously unselected package libsamplerate0-dev:amd64.
Preparing to unpack .../115-libsamplerate0-dev_0.2.2-4build1_amd64.deb ...
Unpacking libsamplerate0-dev:amd64 (0.2.2-4build1) ...
Selecting previously unselected package libxss1:amd64.
Preparing to unpack .../116-libxss1_1%3a1.2.3-1build3_amd64.deb ...
Unpacking libxss1:amd64 (1:1.2.3-1build3) ...
Selecting previously unselected package libsdl2-2.0-0:amd64.
Preparing to unpack .../117-libsdl2-2.0-0_2.30.0+dfsg-1build3_amd64.deb ...
Unpacking libsdl2-2.0-0:amd64 (2.30.0+dfsg-1build3) ...
Selecting previously unselected package libsndio-dev:amd64.
Preparing to unpack .../118-libsndio-dev_1.9.0-0.3build3_amd64.deb ...
Unpacking libsndio-dev:amd64 (1.9.0-0.3build3) ...
Selecting previously unselected package libudev-dev:amd64.
Preparing to unpack .../119-libudev-dev_255.4-1ubuntu8.4_amd64.deb ...
Unpacking libudev-dev:amd64 (255.4-1ubuntu8.4) ...
Selecting previously unselected package libxrender-dev:amd64.
Preparing to unpack .../120-libxrender-dev_1%3a0.9.10-1.1build1_amd64.deb ...
Unpacking libxrender-dev:amd64 (1:0.9.10-1.1build1) ...
Selecting previously unselected package libxfixes-dev:amd64.
Preparing to unpack .../121-libxfixes-dev_1%3a6.0.0-2build1_amd64.deb ...
Unpacking libxfixes-dev:amd64 (1:6.0.0-2build1) ...
Selecting previously unselected package libxcursor-dev:amd64.
Preparing to unpack .../122-libxcursor-dev_1%3a1.2.1-1build1_amd64.deb ...
Unpacking libxcursor-dev:amd64 (1:1.2.1-1build1) ...
Selecting previously unselected package libxext-dev:amd64.
Preparing to unpack .../123-libxext-dev_2%3a1.3.4-1build2_amd64.deb ...
Unpacking libxext-dev:amd64 (2:1.3.4-1build2) ...
Selecting previously unselected package libxi-dev:amd64.
Preparing to unpack .../124-libxi-dev_2%3a1.8.1-1build1_amd64.deb ...
Unpacking libxi-dev:amd64 (2:1.8.1-1build1) ...
Selecting previously unselected package libxinerama-dev:amd64.
Preparing to unpack .../125-libxinerama-dev_2%3a1.1.4-3build1_amd64.deb ...
Unpacking libxinerama-dev:amd64 (2:1.1.4-3build1) ...
Selecting previously unselected package libxkbcommon-dev:amd64.
Preparing to unpack .../126-libxkbcommon-dev_1.6.0-1build1_amd64.deb ...
Unpacking libxkbcommon-dev:amd64 (1.6.0-1build1) ...
Selecting previously unselected package libxrandr-dev:amd64.
Preparing to unpack .../127-libxrandr-dev_2%3a1.5.2-2build1_amd64.deb ...
Unpacking libxrandr-dev:amd64 (2:1.5.2-2build1) ...
Selecting previously unselected package libxss-dev:amd64.
Preparing to unpack .../128-libxss-dev_1%3a1.2.3-1build3_amd64.deb ...
Unpacking libxss-dev:amd64 (1:1.2.3-1build3) ...
Selecting previously unselected package libsm6:amd64.
Preparing to unpack .../129-libsm6_2%3a1.2.3-1build3_amd64.deb ...
Unpacking libsm6:amd64 (2:1.2.3-1build3) ...
Selecting previously unselected package libxt6t64:amd64.
Preparing to unpack .../130-libxt6t64_1%3a1.2.1-1.2build1_amd64.deb ...
Unpacking libxt6t64:amd64 (1:1.2.1-1.2build1) ...
Selecting previously unselected package libsm-dev:amd64.
Preparing to unpack .../131-libsm-dev_2%3a1.2.3-1build3_amd64.deb ...
Unpacking libsm-dev:amd64 (2:1.2.3-1build3) ...
Selecting previously unselected package libxt-dev:amd64.
Preparing to unpack .../132-libxt-dev_1%3a1.2.1-1.2build1_amd64.deb ...
Unpacking libxt-dev:amd64 (1:1.2.1-1.2build1) ...
Selecting previously unselected package libxv1:amd64.
Preparing to unpack .../133-libxv1_2%3a1.0.11-1.1build1_amd64.deb ...
Unpacking libxv1:amd64 (2:1.0.11-1.1build1) ...
Selecting previously unselected package libxv-dev:amd64.
Preparing to unpack .../134-libxv-dev_2%3a1.0.11-1.1build1_amd64.deb ...
Unpacking libxv-dev:amd64 (2:1.0.11-1.1build1) ...
Selecting previously unselected package libxxf86vm-dev:amd64.
Preparing to unpack .../135-libxxf86vm-dev_1%3a1.1.4-1build4_amd64.deb ...
Unpacking libxxf86vm-dev:amd64 (1:1.1.4-1build4) ...
Selecting previously unselected package libsdl2-dev:amd64.
Preparing to unpack .../136-libsdl2-dev_2.30.0+dfsg-1build3_amd64.deb ...
Unpacking libsdl2-dev:amd64 (2.30.0+dfsg-1build3) ...
Setting up libgraphite2-3:amd64 (1.3.14-2build1) ...
Setting up liblcms2-2:amd64 (2.14-2build1) ...
Setting up libpixman-1-0:amd64 (0.42.2-1build1) ...
Setting up libwayland-server0:amd64 (1.22.0-2.1build1) ...
Setting up fontconfig (2.15.0-1.1ubuntu2) ...
Regenerating fonts cache... done.
Setting up systemd-sysv (255.4-1ubuntu8.4) ...
Setting up libsndio-dev:amd64 (1.9.0-0.3build3) ...
Setting up libxdamage1:amd64 (1:1.1.6-1build1) ...
Setting up libpciaccess-dev:amd64 (0.17-3build1) ...
Setting up hicolor-icon-theme (0.17-2) ...
Setting up libxi6:amd64 (2:1.8.1-1build1) ...
Setting up libdatrie1:amd64 (0.2.13-3build1) ...
Setting up xdg-user-dirs (0.18-1build1) ...
Setting up libgbm1:amd64 (24.0.9-0ubuntu0.1) ...
Setting up libxcb-render0:amd64 (1.15-1ubuntu2) ...
Setting up libxxf86vm-dev:amd64 (1:1.1.4-1build4) ...
Setting up libgdk-pixbuf2.0-common (2.42.10+dfsg-3ubuntu3.1) ...
Setting up x11-common (1:7.7+23ubuntu3) ...
debconf: unable to initialize frontend: Dialog
debconf: (Dialog frontend will not work on a dumb terminal, an emacs shell buffer, or without a controlling terminal.)
debconf: falling back to frontend: Readline
debconf: unable to initialize frontend: Readline
debconf: (This frontend requires a controlling tty.)
debconf: falling back to frontend: Teletype
invoke-rc.d: could not determine current runlevel
invoke-rc.d: policy-rc.d denied execution of start.
Setting up libnss-systemd:amd64 (255.4-1ubuntu8.4) ...
Setting up xkb-data (2.41-2ubuntu1.1) ...
Setting up libffi-dev:amd64 (3.4.6-1build1) ...
Setting up libcairo2:amd64 (1.18.0-3build1) ...
Setting up libgbm-dev:amd64 (24.0.9-0ubuntu0.1) ...
Setting up libpcre2-16-0:amd64 (10.42-4ubuntu2) ...
Setting up libxfixes-dev:amd64 (1:6.0.0-2build1) ...
Setting up libwayland-bin (1.22.0-2.1build1) ...
Setting up libpcre2-32-0:amd64 (10.42-4ubuntu2) ...
Setting up libglib2.0-0t64:amd64 (2.80.0-6ubuntu3.1) ...
Setting up libegl-mesa0:amd64 (24.0.9-0ubuntu0.1) ...
Setting up libglib2.0-data (2.80.0-6ubuntu3.1) ...
Setting up python3-packaging (24.0-1) ...
Setting up libpkgconf3:amd64 (1.8.1-2build1) ...
Setting up libgles2:amd64 (1.7.0-1build1) ...
Setting up libepoxy0:amd64 (1.5.10-1build1) ...
Setting up uuid-dev:amd64 (2.39.3-9ubuntu6.1) ...
Setting up libavahi-common-data:amd64 (0.8-13ubuntu6) ...
Setting up libpulse-mainloop-glib0:amd64 (1:16.1+dfsg1-2ubuntu10) ...
Setting up libatspi2.0-0t64:amd64 (2.52.0-1build1) ...
Setting up libgles1:amd64 (1.7.0-1build1) ...
Setting up libfribidi0:amd64 (1.0.13-3build1) ...
Setting up shared-mime-info (2.4-4) ...
Setting up libxinerama1:amd64 (2:1.1.4-3build1) ...
Setting up libxv1:amd64 (2:1.0.11-1.1build1) ...
Setting up systemd-timesyncd (255.4-1ubuntu8.4) ...
Creating group 'systemd-timesync' with GID 997.

Creating user 'systemd-timesync' (systemd Time Synchronization) with UID 997 and GID 997.

Created symlink /etc/systemd/system/dbus-org.freedesktop.timesync1.service → /usr/lib/systemd/system/systemd-timesyncd.service.

Created symlink /etc/systemd/system/sysinit.target.wants/systemd-timesyncd.service → /usr/lib/systemd/system/systemd-timesyncd.service.

Setting up libudev-dev:amd64 (255.4-1ubuntu8.4) ...
Setting up libsepol-dev:amd64 (3.5-2build1) ...
Setting up pkgconf-bin (1.8.1-2build1) ...
Setting up gir1.2-glib-2.0:amd64 (2.80.0-6ubuntu3.1) ...
Setting up libxext-dev:amd64 (2:1.3.4-1build2) ...
Setting up libpcre2-posix3:amd64 (10.42-4ubuntu2) ...
Setting up dmsetup (2:1.02.185-3ubuntu3) ...
Setting up at-spi2-common (2.52.0-1build1) ...
Setting up libwayland-cursor0:amd64 (1.22.0-2.1build1) ...
Setting up libegl1:amd64 (1.7.0-1build1) ...
Setting up libpam-systemd:amd64 (255.4-1ubuntu8.4) ...
debconf: unable to initialize frontend: Dialog
debconf: (Dialog frontend will not work on a dumb terminal, an emacs shell buffer, or without a controlling terminal.)
debconf: falling back to frontend: Readline
debconf: unable to initialize frontend: Readline
debconf: (This frontend requires a controlling tty.)
debconf: falling back to frontend: Teletype
Setting up libdecor-0-0:amd64 (0.2.2-1build2) ...
Setting up libharfbuzz0b:amd64 (8.3.0-2build2) ...
Setting up libthai-data (0.1.29-2build1) ...
Setting up libgirepository-1.0-1:amd64 (1.80.1-1) ...
Setting up libgdk-pixbuf-2.0-0:amd64 (2.42.10+dfsg-3ubuntu3.1) ...
Setting up sgml-base (1.31) ...
Setting up libcairo-gobject2:amd64 (1.18.0-3build1) ...
Setting up libwayland-egl1:amd64 (1.22.0-2.1build1) ...
Setting up libxss1:amd64 (1:1.2.3-1build3) ...
Setting up libxi-dev:amd64 (2:1.8.1-1build1) ...
Setting up libasound2-dev:amd64 (1.2.11-1build2) ...
Setting up libsamplerate0:amd64 (0.2.2-4build1) ...
Setting up libxcomposite1:amd64 (1:0.4.5-1build3) ...
Setting up libxrender-dev:amd64 (1:0.9.10-1.1build1) ...
Setting up systemd-resolved (255.4-1ubuntu8.4) ...
Converting /etc/resolv.conf to a symlink to /run/systemd/resolve/stub-resolv.conf...
mv: cannot move '/etc/resolv.conf' to '/etc/.resolv.conf.systemd-resolved.bak': Device or resource busy
Cannot take a backup of /etc/resolv.conf.
ln: failed to create symbolic link '/etc/resolv.conf': Device or resource busy
Cannot install symlink from /etc/resolv.conf to ../run/systemd/resolve/stub-resolv.conf
Creating group 'systemd-resolve' with GID 996.

Creating user 'systemd-resolve' (systemd Resolver) with UID 996 and GID 996.

Created symlink /etc/systemd/system/dbus-org.freedesktop.resolve1.service → /usr/lib/systemd/system/systemd-resolved.service.

Created symlink /etc/systemd/system/sysinit.target.wants/systemd-resolved.service → /usr/lib/systemd/system/systemd-resolved.service.

Setting up libxkbcommon0:amd64 (1.6.0-1build1) ...
Setting up libglib2.0-dev-bin (2.80.0-6ubuntu3.1) ...
Setting up libblkid-dev:amd64 (2.39.3-9ubuntu6.1) ...
Setting up gtk-update-icon-cache (3.24.41-4ubuntu1.1) ...
Setting up libice6:amd64 (2:1.0.10-1build3) ...
Setting up session-migration (0.3.9build1) ...
Created symlink /etc/systemd/user/graphical-session-pre.target.wants/session-migration.service → /usr/lib/systemd/user/session-migration.service.

Setting up python3-dbus (1.3.2-5build3) ...
Setting up libdrm-dev:amd64 (2.4.120-2build1) ...
Setting up libatk1.0-0t64:amd64 (2.52.0-1build1) ...
Setting up libpcre2-dev:amd64 (10.42-4ubuntu2) ...
Setting up libice-dev:amd64 (2:1.0.10-1build3) ...
Setting up libegl-dev:amd64 (1.7.0-1build1) ...
Setting up libgirepository-2.0-0:amd64 (2.80.0-6ubuntu3.1) ...
Setting up libselinux1-dev:amd64 (3.5-2ubuntu2) ...
Setting up libxcursor-dev:amd64 (1:1.2.1-1build1) ...
Setting up libxtst6:amd64 (2:1.2.3-1.1build1) ...
Setting up libxkbcommon-dev:amd64 (1.6.0-1build1) ...
Setting up libibus-1.0-5:amd64 (1.5.29-2) ...
Setting up libavahi-common3:amd64 (0.8-13ubuntu6) ...
Setting up libglib2.0-bin (2.80.0-6ubuntu3.1) ...
Setting up libxss-dev:amd64 (1:1.2.3-1build3) ...
Setting up libwayland-dev:amd64 (1.22.0-2.1build1) ...
Setting up libcolord2:amd64 (1.4.7-1build2) ...
Setting up pkgconf:amd64 (1.8.1-2build1) ...
Setting up libdconf1:amd64 (0.40.0-4build2) ...
Setting up libdecor-0-dev:amd64 (0.2.2-1build2) ...
Setting up libthai0:amd64 (0.1.29-2build1) ...
Setting up libxv-dev:amd64 (2:1.0.11-1.1build1) ...
Setting up dbus-user-session (1.14.10-4ubuntu4.1) ...
Setting up libxrandr-dev:amd64 (2:1.5.2-2build1) ...
Setting up gir1.2-girepository-2.0:amd64 (1.80.1-1) ...
Setting up python3-gi (3.48.2-1) ...
Setting up libxinerama-dev:amd64 (2:1.1.4-3build1) ...
Setting up libgdk-pixbuf2.0-bin (2.42.10+dfsg-3ubuntu3.1) ...
Setting up xml-core (0.19) ...
Setting up libgles-dev:amd64 (1.7.0-1build1) ...
Setting up libsdl2-2.0-0:amd64 (2.30.0+dfsg-1build3) ...
Setting up gir1.2-ibus-1.0:amd64 (1.5.29-2) ...
Setting up libsm6:amd64 (2:1.2.3-1build3) ...
Setting up libavahi-client3:amd64 (0.8-13ubuntu6) ...
Setting up libmount-dev:amd64 (2.39.3-9ubuntu6.1) ...
Setting up networkd-dispatcher (2.2.4-1) ...
Created symlink /etc/systemd/system/multi-user.target.wants/networkd-dispatcher.service → /usr/lib/systemd/system/networkd-dispatcher.service.

Setting up libatk-bridge2.0-0t64:amd64 (2.52.0-1build1) ...
Setting up libsm-dev:amd64 (2:1.2.3-1build3) ...
Setting up libpango-1.0-0:amd64 (1.52.1+ds-1build1) ...
Setting up libsamplerate0-dev:amd64 (0.2.2-4build1) ...
Setting up dconf-service (0.40.0-4build2) ...
Setting up libglib2.0-dev:amd64 (2.80.0-6ubuntu3.1) ...
Setting up libxt6t64:amd64 (1:1.2.1-1.2build1) ...
Setting up libpulse-dev:amd64 (1:16.1+dfsg1-2ubuntu10) ...
Setting up libpangoft2-1.0-0:amd64 (1.52.1+ds-1build1) ...
Setting up libcups2t64:amd64 (2.4.7-1.2ubuntu7.2) ...
Setting up libpangocairo-1.0-0:amd64 (1.52.1+ds-1build1) ...
Setting up dconf-gsettings-backend:amd64 (0.40.0-4build2) ...
Setting up librsvg2-2:amd64 (2.58.0+dfsg-1build1) ...
Setting up libxt-dev:amd64 (1:1.2.1-1.2build1) ...
Setting up librsvg2-common:amd64 (2.58.0+dfsg-1build1) ...
Setting up libgtk-3-common (3.24.41-4ubuntu1.1) ...
Setting up gsettings-desktop-schemas (46.1-0ubuntu1) ...
Setting up at-spi2-core (2.52.0-1build1) ...
Setting up adwaita-icon-theme (46.0-1) ...
update-alternatives: using /usr/share/icons/Adwaita/cursor.theme to provide /usr/share/icons/default/index.theme (x-cursor-theme) in auto mode
Setting up libgtk-3-0t64:amd64 (3.24.41-4ubuntu1.1) ...
Setting up libdecor-0-plugin-1-gtk:amd64 (0.2.2-1build2) ...
Setting up libgtk-3-bin (3.24.41-4ubuntu1.1) ...
Setting up humanity-icon-theme (0.6.16) ...
Setting up ubuntu-mono (24.04-0ubuntu1) ...
Processing triggers for dbus (1.14.10-4ubuntu4.1) ...
Processing triggers for libc-bin (2.39-0ubuntu8.2) ...
Processing triggers for sgml-base (1.31) ...
Setting up libdbus-1-dev:amd64 (1.14.10-4ubuntu4.1) ...
Setting up libibus-1.0-dev:amd64 (1.5.29-2) ...
Setting up libsdl2-dev:amd64 (2.30.0+dfsg-1build3) ...
Processing triggers for libgdk-pixbuf-2.0-0:amd64 (2.42.10+dfsg-3ubuntu3.1) ...
Note: Deploying libsdl2_image=2.8.2...
The system package 'libsdl2-image-dev' is about to be installed.
This action might require admin privileges and impact your system installation.
Do you want Alire to install this system package?
Using default: Yes
debconf: delaying package configuration, since apt-utils is not installed
(Reading database ... 
(Reading database ... 5%
(Reading database ... 10%
(Reading database ... 15%
(Reading database ... 20%
(Reading database ... 25%
(Reading database ... 30%
(Reading database ... 35%
(Reading database ... 40%
(Reading database ... 45%
(Reading database ... 50%
(Reading database ... 55%
(Reading database ... 60%
(Reading database ... 65%
(Reading database ... 70%
(Reading database ... 75%
(Reading database ... 80%
(Reading database ... 85%
(Reading database ... 90%
(Reading database ... 95%
(Reading database ... 100%
(Reading database ... 41467 files and directories currently installed.)
Preparing to unpack .../libzstd1_1.5.5+dfsg2-2build1.1_amd64.deb ...
Unpacking libzstd1:amd64 (1.5.5+dfsg2-2build1.1) over (1.5.5+dfsg2-2build1) ...
Setting up libzstd1:amd64 (1.5.5+dfsg2-2build1.1) ...
(Reading database ... 
(Reading database ... 5%
(Reading database ... 10%
(Reading database ... 15%
(Reading database ... 20%
(Reading database ... 25%
(Reading database ... 30%
(Reading database ... 35%
(Reading database ... 40%
(Reading database ... 45%
(Reading database ... 50%
(Reading database ... 55%
(Reading database ... 60%
(Reading database ... 65%
(Reading database ... 70%
(Reading database ... 75%
(Reading database ... 80%
(Reading database ... 85%
(Reading database ... 90%
(Reading database ... 95%
(Reading database ... 100%
(Reading database ... 41467 files and directories currently installed.)
Preparing to unpack .../00-libdeflate0_1.19-1build1.1_amd64.deb ...
Unpacking libdeflate0:amd64 (1.19-1build1.1) over (1.19-1build1) ...
Selecting previously unselected package libdeflate-dev:amd64.
Preparing to unpack .../01-libdeflate-dev_1.19-1build1.1_amd64.deb ...
Unpacking libdeflate-dev:amd64 (1.19-1build1.1) ...
Selecting previously unselected package libjpeg-turbo8-dev:amd64.
Preparing to unpack .../02-libjpeg-turbo8-dev_2.1.5-2ubuntu2_amd64.deb ...
Unpacking libjpeg-turbo8-dev:amd64 (2.1.5-2ubuntu2) ...
Selecting previously unselected package libjpeg8-dev:amd64.
Preparing to unpack .../03-libjpeg8-dev_8c-2ubuntu11_amd64.deb ...
Unpacking libjpeg8-dev:amd64 (8c-2ubuntu11) ...
Selecting previously unselected package libjpeg-dev:amd64.
Preparing to unpack .../04-libjpeg-dev_8c-2ubuntu11_amd64.deb ...
Unpacking libjpeg-dev:amd64 (8c-2ubuntu11) ...
Selecting previously unselected package liblerc-dev:amd64.
Preparing to unpack .../05-liblerc-dev_4.0.0+ds-4ubuntu2_amd64.deb ...
Unpacking liblerc-dev:amd64 (4.0.0+ds-4ubuntu2) ...
Selecting previously unselected package libpng-dev:amd64.
Preparing to unpack .../06-libpng-dev_1.6.43-5build1_amd64.deb ...
Unpacking libpng-dev:amd64 (1.6.43-5build1) ...
Selecting previously unselected package libpng-tools.
Preparing to unpack .../07-libpng-tools_1.6.43-5build1_amd64.deb ...
Unpacking libpng-tools (1.6.43-5build1) ...
Selecting previously unselected package libwebpdemux2:amd64.
Preparing to unpack .../08-libwebpdemux2_1.3.2-0.4build3_amd64.deb ...
Unpacking libwebpdemux2:amd64 (1.3.2-0.4build3) ...
Selecting previously unselected package libsdl2-image-2.0-0:amd64.
Preparing to unpack .../09-libsdl2-image-2.0-0_2.8.2+dfsg-1build2_amd64.deb ...
Unpacking libsdl2-image-2.0-0:amd64 (2.8.2+dfsg-1build2) ...
Selecting previously unselected package libjbig-dev:amd64.
Preparing to unpack .../10-libjbig-dev_2.1-6.1ubuntu2_amd64.deb ...
Unpacking libjbig-dev:amd64 (2.1-6.1ubuntu2) ...
Selecting previously unselected package libzstd-dev:amd64.
Preparing to unpack .../11-libzstd-dev_1.5.5+dfsg2-2build1.1_amd64.deb ...
Unpacking libzstd-dev:amd64 (1.5.5+dfsg2-2build1.1) ...
Selecting previously unselected package libwebpmux3:amd64.
Preparing to unpack .../12-libwebpmux3_1.3.2-0.4build3_amd64.deb ...
Unpacking libwebpmux3:amd64 (1.3.2-0.4build3) ...
Selecting previously unselected package libwebpdecoder3:amd64.
Preparing to unpack .../13-libwebpdecoder3_1.3.2-0.4build3_amd64.deb ...
Unpacking libwebpdecoder3:amd64 (1.3.2-0.4build3) ...
Selecting previously unselected package libsharpyuv-dev:amd64.
Preparing to unpack .../14-libsharpyuv-dev_1.3.2-0.4build3_amd64.deb ...
Unpacking libsharpyuv-dev:amd64 (1.3.2-0.4build3) ...
Selecting previously unselected package libwebp-dev:amd64.
Preparing to unpack .../15-libwebp-dev_1.3.2-0.4build3_amd64.deb ...
Unpacking libwebp-dev:amd64 (1.3.2-0.4build3) ...
Selecting previously unselected package libtiffxx6:amd64.
Preparing to unpack .../16-libtiffxx6_4.5.1+git230720-4ubuntu2.1_amd64.deb ...
Unpacking libtiffxx6:amd64 (4.5.1+git230720-4ubuntu2.1) ...
Selecting previously unselected package libtiff-dev:amd64.
Preparing to unpack .../17-libtiff-dev_4.5.1+git230720-4ubuntu2.1_amd64.deb ...
Unpacking libtiff-dev:amd64 (4.5.1+git230720-4ubuntu2.1) ...
Selecting previously unselected package libsdl2-image-dev:amd64.
Preparing to unpack .../18-libsdl2-image-dev_2.8.2+dfsg-1build2_amd64.deb ...
Unpacking libsdl2-image-dev:amd64 (2.8.2+dfsg-1build2) ...
Setting up libjpeg-turbo8-dev:amd64 (2.1.5-2ubuntu2) ...
Setting up libzstd-dev:amd64 (1.5.5+dfsg2-2build1.1) ...
Setting up libpng-tools (1.6.43-5build1) ...
Setting up libwebpdemux2:amd64 (1.3.2-0.4build3) ...
Setting up libpng-dev:amd64 (1.6.43-5build1) ...
Setting up libjbig-dev:amd64 (2.1-6.1ubuntu2) ...
Setting up libdeflate0:amd64 (1.19-1build1.1) ...
Setting up libwebpdecoder3:amd64 (1.3.2-0.4build3) ...
Setting up liblerc-dev:amd64 (4.0.0+ds-4ubuntu2) ...
Setting up libjpeg8-dev:amd64 (8c-2ubuntu11) ...
Setting up libsharpyuv-dev:amd64 (1.3.2-0.4build3) ...
Setting up libwebpmux3:amd64 (1.3.2-0.4build3) ...
Setting up libtiffxx6:amd64 (4.5.1+git230720-4ubuntu2.1) ...
Setting up libdeflate-dev:amd64 (1.19-1build1.1) ...
Setting up libsdl2-image-2.0-0:amd64 (2.8.2+dfsg-1build2) ...
Setting up libjpeg-dev:amd64 (8c-2ubuntu11) ...
Setting up libwebp-dev:amd64 (1.3.2-0.4build3) ...
Setting up libtiff-dev:amd64 (4.5.1+git230720-4ubuntu2.1) ...
Setting up libsdl2-image-dev:amd64 (2.8.2+dfsg-1build2) ...
Processing triggers for libc-bin (2.39-0ubuntu8.2) ...
Note: Deploying libsdl2_mixer=2.8.0...
The system package 'libsdl2-mixer-dev' is about to be installed.
This action might require admin privileges and impact your system installation.
Do you want Alire to install this system package?
Using default: Yes
debconf: delaying package configuration, since apt-utils is not installed
Selecting previously unselected package libgpm2:amd64.
(Reading database ... 
(Reading database ... 5%
(Reading database ... 10%
(Reading database ... 15%
(Reading database ... 20%
(Reading database ... 25%
(Reading database ... 30%
(Reading database ... 35%
(Reading database ... 40%
(Reading database ... 45%
(Reading database ... 50%
(Reading database ... 55%
(Reading database ... 60%
(Reading database ... 65%
(Reading database ... 70%
(Reading database ... 75%
(Reading database ... 80%
(Reading database ... 85%
(Reading database ... 90%
(Reading database ... 95%
(Reading database ... 100%
(Reading database ... 41744 files and directories currently installed.)
Preparing to unpack .../00-libgpm2_1.20.7-11_amd64.deb ...
Unpacking libgpm2:amd64 (1.20.7-11) ...
Selecting previously unselected package libncurses6:amd64.
Preparing to unpack .../01-libncurses6_6.4+20240113-1ubuntu2_amd64.deb ...
Unpacking libncurses6:amd64 (6.4+20240113-1ubuntu2) ...
Selecting previously unselected package libogg-dev:amd64.
Preparing to unpack .../02-libogg-dev_1.3.5-3build1_amd64.deb ...
Unpacking libogg-dev:amd64 (1.3.5-3build1) ...
Selecting previously unselected package libflac-dev:amd64.
Preparing to unpack .../03-libflac-dev_1.4.3+ds-2.1ubuntu2_amd64.deb ...
Unpacking libflac-dev:amd64 (1.4.3+ds-2.1ubuntu2) ...
Selecting previously unselected package libinstpatch-1.0-2:amd64.
Preparing to unpack .../04-libinstpatch-1.0-2_1.1.6-1build2_amd64.deb ...
Unpacking libinstpatch-1.0-2:amd64 (1.1.6-1build2) ...
Selecting previously unselected package libjack0:amd64.
Preparing to unpack .../05-libjack0_1%3a0.126.0-2build3_amd64.deb ...
Unpacking libjack0:amd64 (1:0.126.0-2build3) ...
Selecting previously unselected package libwebrtc-audio-processing1:amd64.
Preparing to unpack .../06-libwebrtc-audio-processing1_0.3.1-0ubuntu6_amd64.deb ...
Unpacking libwebrtc-audio-processing1:amd64 (0.3.1-0ubuntu6) ...
Selecting previously unselected package libspa-0.2-modules:amd64.
Preparing to unpack .../07-libspa-0.2-modules_1.0.5-1ubuntu1_amd64.deb ...
Unpacking libspa-0.2-modules:amd64 (1.0.5-1ubuntu1) ...
Selecting previously unselected package libpipewire-0.3-0t64:amd64.
Preparing to unpack .../08-libpipewire-0.3-0t64_1.0.5-1ubuntu1_amd64.deb ...
Unpacking libpipewire-0.3-0t64:amd64 (1.0.5-1ubuntu1) ...
Selecting previously unselected package timgm6mb-soundfont.
Preparing to unpack .../09-timgm6mb-soundfont_1.3-5_all.deb ...
Unpacking timgm6mb-soundfont (1.3-5) ...
Selecting previously unselected package libfluidsynth3:amd64.
Preparing to unpack .../10-libfluidsynth3_2.3.4-1build3_amd64.deb ...
Unpacking libfluidsynth3:amd64 (2.3.4-1build3) ...
Selecting previously unselected package libout123-0t64:amd64.
Preparing to unpack .../11-libout123-0t64_1.32.5-1ubuntu1_amd64.deb ...
Unpacking libout123-0t64:amd64 (1.32.5-1ubuntu1) ...
Selecting previously unselected package libsyn123-0t64:amd64.
Preparing to unpack .../12-libsyn123-0t64_1.32.5-1ubuntu1_amd64.deb ...
Unpacking libsyn123-0t64:amd64 (1.32.5-1ubuntu1) ...
Selecting previously unselected package libmpg123-dev:amd64.
Preparing to unpack .../13-libmpg123-dev_1.32.5-1ubuntu1_amd64.deb ...
Unpacking libmpg123-dev:amd64 (1.32.5-1ubuntu1) ...
Selecting previously unselected package libopus-dev:amd64.
Preparing to unpack .../14-libopus-dev_1.4-1build1_amd64.deb ...
Unpacking libopus-dev:amd64 (1.4-1build1) ...
Selecting previously unselected package libvorbis-dev:amd64.
Preparing to unpack .../15-libvorbis-dev_1.3.7-1build3_amd64.deb ...
Unpacking libvorbis-dev:amd64 (1.3.7-1build3) ...
Selecting previously unselected package libsndfile1-dev:amd64.
Preparing to unpack .../16-libsndfile1-dev_1.2.2-1ubuntu5_amd64.deb ...
Unpacking libsndfile1-dev:amd64 (1.2.2-1ubuntu5) ...
Selecting previously unselected package libinstpatch-dev:amd64.
Preparing to unpack .../17-libinstpatch-dev_1.1.6-1build2_amd64.deb ...
Unpacking libinstpatch-dev:amd64 (1.1.6-1build2) ...
Selecting previously unselected package libjack-dev:amd64.
Preparing to unpack .../18-libjack-dev_1%3a0.126.0-2build3_amd64.deb ...
Unpacking libjack-dev:amd64 (1:0.126.0-2build3) ...
Selecting previously unselected package libspa-0.2-dev:amd64.
Preparing to unpack .../19-libspa-0.2-dev_1.0.5-1ubuntu1_amd64.deb ...
Unpacking libspa-0.2-dev:amd64 (1.0.5-1ubuntu1) ...
Selecting previously unselected package libpipewire-0.3-dev:amd64.
Preparing to unpack .../20-libpipewire-0.3-dev_1.0.5-1ubuntu1_amd64.deb ...
Unpacking libpipewire-0.3-dev:amd64 (1.0.5-1ubuntu1) ...
Selecting previously unselected package libncurses-dev:amd64.
Preparing to unpack .../21-libncurses-dev_6.4+20240113-1ubuntu2_amd64.deb ...
Unpacking libncurses-dev:amd64 (6.4+20240113-1ubuntu2) ...
Selecting previously unselected package libreadline-dev:amd64.
Preparing to unpack .../22-libreadline-dev_8.2-4build1_amd64.deb ...
Unpacking libreadline-dev:amd64 (8.2-4build1) ...
Selecting previously unselected package libsystemd-dev:amd64.
Preparing to unpack .../23-libsystemd-dev_255.4-1ubuntu8.4_amd64.deb ...
Unpacking libsystemd-dev:amd64 (255.4-1ubuntu8.4) ...
Selecting previously unselected package libfluidsynth-dev:amd64.
Preparing to unpack .../24-libfluidsynth-dev_2.3.4-1build3_amd64.deb ...
Unpacking libfluidsynth-dev:amd64 (2.3.4-1build3) ...
Selecting previously unselected package libmodplug1:amd64.
Preparing to unpack .../25-libmodplug1_1%3a0.8.9.0-3build1_amd64.deb ...
Unpacking libmodplug1:amd64 (1:0.8.9.0-3build1) ...
Selecting previously unselected package libmodplug-dev:amd64.
Preparing to unpack .../26-libmodplug-dev_1%3a0.8.9.0-3build1_amd64.deb ...
Unpacking libmodplug-dev:amd64 (1:0.8.9.0-3build1) ...
Selecting previously unselected package libopusfile0:amd64.
Preparing to unpack .../27-libopusfile0_0.12-4build3_amd64.deb ...
Unpacking libopusfile0:amd64 (0.12-4build3) ...
Selecting previously unselected package libopusfile-dev:amd64.
Preparing to unpack .../28-libopusfile-dev_0.12-4build3_amd64.deb ...
Unpacking libopusfile-dev:amd64 (0.12-4build3) ...
Selecting previously unselected package libpipewire-0.3-common.
Preparing to unpack .../29-libpipewire-0.3-common_1.0.5-1ubuntu1_all.deb ...
Unpacking libpipewire-0.3-common (1.0.5-1ubuntu1) ...
Selecting previously unselected package libsdl2-mixer-2.0-0:amd64.
Preparing to unpack .../30-libsdl2-mixer-2.0-0_2.8.0+dfsg-1build3_amd64.deb ...
Unpacking libsdl2-mixer-2.0-0:amd64 (2.8.0+dfsg-1build3) ...
Selecting previously unselected package libsdl2-mixer-dev:amd64.
Preparing to unpack .../31-libsdl2-mixer-dev_2.8.0+dfsg-1build3_amd64.deb ...
Unpacking libsdl2-mixer-dev:amd64 (2.8.0+dfsg-1build3) ...
Setting up libpipewire-0.3-common (1.0.5-1ubuntu1) ...
Setting up libmodplug1:amd64 (1:0.8.9.0-3build1) ...
Setting up libmodplug-dev:amd64 (1:0.8.9.0-3build1) ...
Setting up libgpm2:amd64 (1.20.7-11) ...
Setting up libwebrtc-audio-processing1:amd64 (0.3.1-0ubuntu6) ...
Setting up libogg-dev:amd64 (1.3.5-3build1) ...
Setting up libopus-dev:amd64 (1.4-1build1) ...
Setting up libsyn123-0t64:amd64 (1.32.5-1ubuntu1) ...
Setting up libspa-0.2-modules:amd64 (1.0.5-1ubuntu1) ...
Setting up libjack0:amd64 (1:0.126.0-2build3) ...
Setting up libncurses6:amd64 (6.4+20240113-1ubuntu2) ...
Setting up libout123-0t64:amd64 (1.32.5-1ubuntu1) ...
Setting up libjack-dev:amd64 (1:0.126.0-2build3) ...
Setting up libspa-0.2-dev:amd64 (1.0.5-1ubuntu1) ...
Setting up timgm6mb-soundfont (1.3-5) ...
update-alternatives: using /usr/share/sounds/sf2/TimGM6mb.sf2 to provide /usr/share/sounds/sf2/default-GM.sf2 (default-GM.sf2) in auto mode
update-alternatives: using /usr/share/sounds/sf2/TimGM6mb.sf2 to provide /usr/share/sounds/sf3/default-GM.sf3 (default-GM.sf3) in auto mode
Setting up libopusfile0:amd64 (0.12-4build3) ...
Setting up libpipewire-0.3-0t64:amd64 (1.0.5-1ubuntu1) ...
Setting up libinstpatch-1.0-2:amd64 (1.1.6-1build2) ...
Setting up libsystemd-dev:amd64 (255.4-1ubuntu8.4) ...
Setting up libfluidsynth3:amd64 (2.3.4-1build3) ...
Setting up libvorbis-dev:amd64 (1.3.7-1build3) ...
Setting up libflac-dev:amd64 (1.4.3+ds-2.1ubuntu2) ...
Setting up libncurses-dev:amd64 (6.4+20240113-1ubuntu2) ...
Setting up libopusfile-dev:amd64 (0.12-4build3) ...
Setting up libreadline-dev:amd64 (8.2-4build1) ...
Setting up libmpg123-dev:amd64 (1.32.5-1ubuntu1) ...
Setting up libsdl2-mixer-2.0-0:amd64 (2.8.0+dfsg-1build3) ...
Setting up libsndfile1-dev:amd64 (1.2.2-1ubuntu5) ...
Setting up libpipewire-0.3-dev:amd64 (1.0.5-1ubuntu1) ...
Setting up libinstpatch-dev:amd64 (1.1.6-1build2) ...
Setting up libfluidsynth-dev:amd64 (2.3.4-1build3) ...
Setting up libsdl2-mixer-dev:amd64 (2.8.0+dfsg-1build3) ...
Processing triggers for libc-bin (2.39-0ubuntu8.2) ...
Note: Deploying libsdl2_ttf=2.22.0...
The system package 'libsdl2-ttf-dev' is about to be installed.
This action might require admin privileges and impact your system installation.
Do you want Alire to install this system package?
Using default: Yes
debconf: delaying package configuration, since apt-utils is not installed
(Reading database ... 
(Reading database ... 5%
(Reading database ... 10%
(Reading database ... 15%
(Reading database ... 20%
(Reading database ... 25%
(Reading database ... 30%
(Reading database ... 35%
(Reading database ... 40%
(Reading database ... 45%
(Reading database ... 50%
(Reading database ... 55%
(Reading database ... 60%
(Reading database ... 65%
(Reading database ... 70%
(Reading database ... 75%
(Reading database ... 80%
(Reading database ... 85%
(Reading database ... 90%
(Reading database ... 95%
(Reading database ... 100%
(Reading database ... 43624 files and directories currently installed.)
Preparing to unpack .../bzip2_1.0.8-5.1build0.1_amd64.deb ...
Unpacking bzip2 (1.0.8-5.1build0.1) over (1.0.8-5.1) ...
Preparing to unpack .../libbz2-1.0_1.0.8-5.1build0.1_amd64.deb ...
Unpacking libbz2-1.0:amd64 (1.0.8-5.1build0.1) over (1.0.8-5.1) ...
Setting up libbz2-1.0:amd64 (1.0.8-5.1build0.1) ...
Selecting previously unselected package bzip2-doc.
(Reading database ... 
(Reading database ... 5%
(Reading database ... 10%
(Reading database ... 15%
(Reading database ... 20%
(Reading database ... 25%
(Reading database ... 30%
(Reading database ... 35%
(Reading database ... 40%
(Reading database ... 45%
(Reading database ... 50%
(Reading database ... 55%
(Reading database ... 60%
(Reading database ... 65%
(Reading database ... 70%
(Reading database ... 75%
(Reading database ... 80%
(Reading database ... 85%
(Reading database ... 90%
(Reading database ... 95%
(Reading database ... 100%
(Reading database ... 43624 files and directories currently installed.)
Preparing to unpack .../00-bzip2-doc_1.0.8-5.1build0.1_all.deb ...
Unpacking bzip2-doc (1.0.8-5.1build0.1) ...
Selecting previously unselected package gir1.2-freedesktop:amd64.
Preparing to unpack .../01-gir1.2-freedesktop_1.80.1-1_amd64.deb ...
Unpacking gir1.2-freedesktop:amd64 (1.80.1-1) ...
Selecting previously unselected package gir1.2-glib-2.0-dev:amd64.
Preparing to unpack .../02-gir1.2-glib-2.0-dev_2.80.0-6ubuntu3.1_amd64.deb ...
Unpacking gir1.2-glib-2.0-dev:amd64 (2.80.0-6ubuntu3.1) ...
Selecting previously unselected package gir1.2-freedesktop-dev:amd64.
Preparing to unpack .../03-gir1.2-freedesktop-dev_1.80.1-1_amd64.deb ...
Unpacking gir1.2-freedesktop-dev:amd64 (1.80.1-1) ...
Selecting previously unselected package libharfbuzz-gobject0:amd64.
Preparing to unpack .../04-libharfbuzz-gobject0_8.3.0-2build2_amd64.deb ...
Unpacking libharfbuzz-gobject0:amd64 (8.3.0-2build2) ...
Selecting previously unselected package gir1.2-harfbuzz-0.0:amd64.
Preparing to unpack .../05-gir1.2-harfbuzz-0.0_8.3.0-2build2_amd64.deb ...
Unpacking gir1.2-harfbuzz-0.0:amd64 (8.3.0-2build2) ...
Selecting previously unselected package icu-devtools.
Preparing to unpack .../06-icu-devtools_74.2-1ubuntu3.1_amd64.deb ...
Unpacking icu-devtools (74.2-1ubuntu3.1) ...
Selecting previously unselected package libbrotli-dev:amd64.
Preparing to unpack .../07-libbrotli-dev_1.1.0-2build2_amd64.deb ...
Unpacking libbrotli-dev:amd64 (1.1.0-2build2) ...
Selecting previously unselected package libbz2-dev:amd64.
Preparing to unpack .../08-libbz2-dev_1.0.8-5.1build0.1_amd64.deb ...
Unpacking libbz2-dev:amd64 (1.0.8-5.1build0.1) ...
Selecting previously unselected package libfreetype-dev:amd64.
Preparing to unpack .../09-libfreetype-dev_2.13.2+dfsg-1build3_amd64.deb ...
Unpacking libfreetype-dev:amd64 (2.13.2+dfsg-1build3) ...
Selecting previously unselected package libgraphite2-dev:amd64.
Preparing to unpack .../10-libgraphite2-dev_1.3.14-2build1_amd64.deb ...
Unpacking libgraphite2-dev:amd64 (1.3.14-2build1) ...
Selecting previously unselected package libharfbuzz-cairo0:amd64.
Preparing to unpack .../11-libharfbuzz-cairo0_8.3.0-2build2_amd64.deb ...
Unpacking libharfbuzz-cairo0:amd64 (8.3.0-2build2) ...
Selecting previously unselected package libharfbuzz-icu0:amd64.
Preparing to unpack .../12-libharfbuzz-icu0_8.3.0-2build2_amd64.deb ...
Unpacking libharfbuzz-icu0:amd64 (8.3.0-2build2) ...
Selecting previously unselected package libharfbuzz-subset0:amd64.
Preparing to unpack .../13-libharfbuzz-subset0_8.3.0-2build2_amd64.deb ...
Unpacking libharfbuzz-subset0:amd64 (8.3.0-2build2) ...
Selecting previously unselected package libicu-dev:amd64.
Preparing to unpack .../14-libicu-dev_74.2-1ubuntu3.1_amd64.deb ...
Unpacking libicu-dev:amd64 (74.2-1ubuntu3.1) ...
Selecting previously unselected package libharfbuzz-dev:amd64.
Preparing to unpack .../15-libharfbuzz-dev_8.3.0-2build2_amd64.deb ...
Unpacking libharfbuzz-dev:amd64 (8.3.0-2build2) ...
Selecting previously unselected package libsdl2-ttf-2.0-0:amd64.
Preparing to unpack .../16-libsdl2-ttf-2.0-0_2.22.0+dfsg-1_amd64.deb ...
Unpacking libsdl2-ttf-2.0-0:amd64 (2.22.0+dfsg-1) ...
Selecting previously unselected package libsdl2-ttf-dev:amd64.
Preparing to unpack .../17-libsdl2-ttf-dev_2.22.0+dfsg-1_amd64.deb ...
Unpacking libsdl2-ttf-dev:amd64 (2.22.0+dfsg-1) ...
Setting up bzip2-doc (1.0.8-5.1build0.1) ...
Setting up gir1.2-freedesktop:amd64 (1.80.1-1) ...
Setting up libharfbuzz-icu0:amd64 (8.3.0-2build2) ...
Setting up libharfbuzz-gobject0:amd64 (8.3.0-2build2) ...
Setting up bzip2 (1.0.8-5.1build0.1) ...
Setting up gir1.2-harfbuzz-0.0:amd64 (8.3.0-2build2) ...
Setting up libgraphite2-dev:amd64 (1.3.14-2build1) ...
Setting up libharfbuzz-cairo0:amd64 (8.3.0-2build2) ...
Setting up icu-devtools (74.2-1ubuntu3.1) ...
Setting up gir1.2-glib-2.0-dev:amd64 (2.80.0-6ubuntu3.1) ...
Setting up libharfbuzz-subset0:amd64 (8.3.0-2build2) ...
Setting up libsdl2-ttf-2.0-0:amd64 (2.22.0+dfsg-1) ...
Setting up libicu-dev:amd64 (74.2-1ubuntu3.1) ...
Setting up libbrotli-dev:amd64 (1.1.0-2build2) ...
Setting up libbz2-dev:amd64 (1.0.8-5.1build0.1) ...
Setting up libfreetype-dev:amd64 (2.13.2+dfsg-1build3) ...
Setting up gir1.2-freedesktop-dev:amd64 (1.80.1-1) ...
Setting up libharfbuzz-dev:amd64 (8.3.0-2build2) ...
Setting up libsdl2-ttf-dev:amd64 (2.22.0+dfsg-1) ...
Processing triggers for libc-bin (2.39-0ubuntu8.2) ...
Note: Deploying make=4.3.0...
Note: Deploying sdlada=2.5.20...
Note: Running pre_build actions for sdlada=2.5.20...
make: Entering directory '/home/runner/work/alire-crates-ci/alire-crates-ci/test/7b5cbbab-c47b-49cd-9faa-4aa109453a08/mage_0.6.1_e5032cff/alire/cache/dependencies/sdlada_2.5.20_cd53c280/build/gnat'
mkdir -p gen/src/
gprbuild -p -gnat2012 -XSDL_MODE=debug -XSDL_PLATFORM=linux \
	-Ptools.gpr
Setup
   [mkdir]        object directory for project Tools
Compile
   [Ada]          gen_keyboard.adb
   [Ada]          scancodes.ads
   [Ada]          utils.adb
Bind
   [gprbind]      gen_keyboard.bexch
   [Ada]          gen_keyboard.ali
Link
   [link]         gen_keyboard.adb
./gen/debug/tools/gen_keyboard > gen/src/sdl-events-keyboards.ads
make: Leaving directory '/home/runner/work/alire-crates-ci/alire-crates-ci/test/7b5cbbab-c47b-49cd-9faa-4aa109453a08/mage_0.6.1_e5032cff/alire/cache/dependencies/sdlada_2.5.20_cd53c280/build/gnat'
Note: Building mage/mage.gpr...
Setup
   [mkdir]        object directory for project SDLAda
   [mkdir]        object directory for project Mage
   [mkdir]        library directory for project Mage
Compile
   [C]            version_ttf.c
   [C]            version_images.c
   [C]            version.c
   [Ada]          sdl-ttfs.adb
   [Ada]          sdl-ttfs-versions.adb
   [Ada]          sdl-ttfs-makers.adb
   [Ada]          sdl-images.adb
   [Ada]          sdl-images-versions.adb
   [Ada]          sdl-images-io.adb
   [Ada]          sdl-video-windows-manager.adb
   [Ada]          sdl-video-renderers-makers.adb
   [Ada]          sdl-video-surfaces.adb
   [Ada]          sdl-video-palettes.adb
   [Ada]          sdl-video.adb
   [Ada]          sdl-video-pixel_formats.adb
   [Ada]          sdl-video-textures.adb
   [Ada]          sdl-video-windows-makers.adb
   [Ada]          sdl-video-textures-makers.adb
   [Ada]          sdl-video-rectangles.adb
   [Ada]          sdl-video-surfaces-makers.adb
   [Ada]          sdl-video-gl.adb
   [Ada]          sdl-video-renderers.adb
   [Ada]          sdl-video-pixels.ads
   [Ada]          sdl-video-displays.adb
   [Ada]          sdl-video-windows.adb
   [Ada]          sdl-rwops.adb
   [Ada]          sdl-rwops-streams.adb
   [Ada]          sdl-inputs.ads
   [Ada]          sdl-inputs-mice-cursors.adb
   [Ada]          sdl-inputs-joysticks-game_controllers.adb
   [Ada]          sdl-inputs-joysticks.adb
   [Ada]          sdl-inputs-joysticks-game_controllers-makers.adb
   [Ada]          sdl-inputs-joysticks-makers.adb
   [Ada]          sdl-inputs-keyboards.adb
   [Ada]          sdl-inputs-mice.adb
   [Ada]          sdl-events-mice.ads
   [Ada]          sdl-events-events.adb
   [Ada]          sdl-events-controllers.ads
   [Ada]          sdl-events-keyboards.adb
   [Ada]          sdl-events-windows.ads
   [Ada]          sdl-events-joysticks-game_controllers.adb
   [Ada]          sdl-events-files.ads
   [Ada]          sdl-events-touches.ads
   [Ada]          sdl-events.ads
   [Ada]          sdl-events-joysticks.adb
   [Ada]          sdl-audio-sample_formats.ads
   [Ada]          sdl-audio-devices.adb
   [Ada]          sdl-audio.adb
   [Ada]          sdl-versions.adb
   [Ada]          sdl-log.adb
   [Ada]          sdl-clipboard.adb
   [Ada]          sdl-c_pointers.ads
   [Ada]          sdl-power.adb
   [Ada]          sdl-cpus.adb
   [Ada]          sdl-timers.ads
   [Ada]          sdl-error.adb
   [Ada]          sdl-hints.adb
   [Ada]          sdl-platform.adb
   [Ada]          sdl-libraries.adb
   [Ada]          sdl.adb
   [Ada]          mage_config.ads
   [Ada]          mage-apps.ads
   [Ada]          mage-apps-simple_loop.adb
   [Ada]          mage-model.ads
   [Ada]          mage-event.adb
   [Ada]          mage.adb
   [Ada]          mage-input.adb
   [Ada]          mage-draw.adb
   [Ada]          mage-log.adb
   [Ada]          mage_config-hardware.No.ads
Build Libraries
   [gprlib]       sdlada.lexch
   [gprlib]       Mage.lexch
   [archive]      libsdlada.a
   [index]        libsdlada.a
   [archive]      libMage.a
   [index]        libMage.a
Build finished successfully in 8.67 seconds.

mage=0.6.1 successfully retrieved and built.
Dependencies were solved as follows:

   + libsdl2       2.30.0 (new,indirect)
   + libsdl2_image 2.8.2  (new,indirect)
   + libsdl2_mixer 2.8.0  (new,indirect)
   + libsdl2_ttf   2.22.0 (new,indirect)
   + make          4.3.0  (new,indirect)
   + sdlada        2.5.20 (new)         
Found declared GPR file: mage.gpr
