Test ran at 2024-05-13 01:14:03.768156+00:00

SOLUTION:
gnatcoll_python3=23.0.0: GNAT Components Collection - python3 binding
Origin: source archive gnatcoll-bindings-23.0.0.zip at https://github.com/AdaCore/gnatcoll-bindings/archive/v23.0.0/gnatcoll-bindings-23.0.0.zip with hash sha512:57de4a1ad9e6741e11227e767334a00b6e71a0f2887eda7a4887d8a4c7728676476332c2a77d48a30b80ed3e50e4e0552d07a34ad75e33b716f619a363291bfe
Available when: (case Distribution is Debian => True, Msys2 => True, Ubuntu => True, others => False)
Properties:
   Author: AdaCore
   Description: GNAT Components Collection - python3 binding
   case Distribution is
      when Debian => Environment: C_INCLUDE_PATH=${C_INCLUDE_PATH}:${DISTRIB_ROOT}/usr/include/python3.7/:${DISTRIB_ROOT}/usr/include/python3.8/
      when Msys2 => Environment: C_INCLUDE_PATH=${C_INCLUDE_PATH}:${DISTRIB_ROOT}/mingw64/include/python3.10/
      when Ubuntu => Environment: C_INCLUDE_PATH=${C_INCLUDE_PATH}:${DISTRIB_ROOT}/usr/include/python3.7/:${DISTRIB_ROOT}/usr/include/python3.8/
   GPR Scenario: GNATCOLL_BUILD_MODE := DEBUG | PROD
   GPR Scenario: LIBRARY_TYPE := static | relocatable | static-pic
   License: GPL-3.0-only WITH GCC-exception-3.1
   Maintainer: chouteau@adacore.com
   Maintainers_Logins: Fabien-Chouteau
   Name: gnatcoll_python3
   Project_File: python3/gnatcoll_python.gpr
   Tag: gnatcoll
   Tag: bindings
   Tag: python
   Tag: python3
   Version: 23.0.0
   Website: https://github.com/adacore/gnatcoll-bindings
Dependencies (direct):
   gnatcoll~23.0.0
   libpython3dev^3.10
Dependencies (solution):
   gnat=13.2.1 (gnat_external) (installed)
   gnatcoll=23.0.0
   libgpr=23.0.0
   xmlada=23.0.0
Dependencies (external):
   libpython3dev^3.10 (direct,hinted)
Dependencies (graph):
   gnatcoll=23.0.0         --> libgpr=23.0.0 (~23.0.0)             
   gnatcoll_python3=23.0.0 --> gnatcoll=23.0.0 (~23.0.0)           
   gnatcoll_python3=23.0.0 --> libpython3dev^3.10                  
   libgpr=23.0.0           --> gnat=13.2.1 (gnat_external) (/=2020)
   libgpr=23.0.0           --> xmlada=23.0.0 (~23.0.0)             
   xmlada=23.0.0           --> gnat=13.2.1 (gnat_external) (>=11)  
Dependencies cannot be met


LOG:
