Test ran at 2024-06-11 13:15:03.293109+00:00

SOLUTION:
emacs_wisitoken_grammar_mode=1.3.0: parser for Emacs wisitoken-grammar mode
Origin: commit 97b377b32e65815bf743b329c948a96693190a2c from https://git.savannah.nongnu.org/git/ada-mode.git
Properties:
   Pre_Build run: ${CRATE_DIR}/./make -f Alire.make wisitoken_grammar_1_re2c.c
   Author: Stephen Leake
   Description: parser for Emacs wisitoken-grammar mode
   Executable: wisitoken_grammar_mode_parse
   License: GPL-3.0-or-later
   Long_Description: Generalized LR error-correcting parser for WisiToken grammar source
files, generated using WisiToken, interfaced to Emacs via the wisi
package.

Provides semantic highlighting, indent, single-file navigation. 

   Maintainer: Stephen Leake <stephen_leake@stephe-leake.org>
   Maintainers_Logins: stephe-ada-guru
   Name: emacs_wisitoken_grammar_mode
   Project_File: emacs_wisitoken_grammar_mode.gpr
   Tag: indent
   Tag: highlight
   Tag: parser
   Tag: emacs
   Version: 1.3.0
   Website: https://elpa.gnu.org/packages/wisitoken-grammar-mode.html
Dependencies (direct):
   emacs_wisi~4.2.0
   gnat(>=11 & <2000) | >=2021
   re2c>=2.2
   stephes_ada_library~3.7.2
   wisitoken~4.1.0
Dependencies (solution):
   emacs_wisi=4.2.0
   gnat=13.2.1 (gnat_external) (installed)
   gnatcoll=22.0.0
   libgpr=22.0.0
   re2c=3.1.0
   stephes_ada_library=3.7.3
   wisitoken=4.1.0
   xmlada=22.0.0
Dependencies (graph):
   emacs_wisi=4.2.0                   --> gnat=13.2.1 (gnat_external) ((>=11 & <2000) | >=2021)
   emacs_wisi=4.2.0                   --> stephes_ada_library=3.7.3 (~3.7.2)                   
   emacs_wisi=4.2.0                   --> wisitoken=4.1.0 (~4.1.0)                             
   emacs_wisitoken_grammar_mode=1.3.0 --> emacs_wisi=4.2.0 (~4.2.0)                            
   emacs_wisitoken_grammar_mode=1.3.0 --> gnat=13.2.1 (gnat_external) ((>=11 & <2000) | >=2021)
   emacs_wisitoken_grammar_mode=1.3.0 --> re2c=3.1.0 (>=2.2)                                   
   emacs_wisitoken_grammar_mode=1.3.0 --> stephes_ada_library=3.7.3 (~3.7.2)                   
   emacs_wisitoken_grammar_mode=1.3.0 --> wisitoken=4.1.0 (~4.1.0)                             
   gnatcoll=22.0.0                    --> libgpr=22.0.0 (~22.0.0)                              
   libgpr=22.0.0                      --> gnat=13.2.1 (gnat_external) (/=2020)                 
   libgpr=22.0.0                      --> xmlada=22.0.0 (~22.0.0)                              
   stephes_ada_library=3.7.3          --> gnat=13.2.1 (gnat_external) ((>=11 & <2000) | >=2021)
   wisitoken=4.1.0                    --> gnat=13.2.1 (gnat_external) ((>=11 & <2000) | >=2021)
   wisitoken=4.1.0                    --> gnatcoll=22.0.0 (^22.0.0)                            
   wisitoken=4.1.0                    --> stephes_ada_library=3.7.3 (~3.7.2)                   
   xmlada=22.0.0                      --> gnat=13.2.1 (gnat_external) (>=11)                   


LOG:
Note: Deploying emacs_wisitoken_grammar_mode=1.3.0...
warning: remote HEAD refers to nonexistent ref, unable to checkout
Note: Deploying re2c=3.1.0...
The system package 're2c' is about to be installed.
This action might require admin privileges and impact your system installation.
Do you want Alire to install this system package?
Using default: Yes
resolving dependencies...
looking for conflicting packages...

Package (1)  New Version  Net Change  Download Size

extra/re2c   3.1-1          2.03 MiB       0.35 MiB

Total Download Size:   0.35 MiB
Total Installed Size:  2.03 MiB

:: Proceed with installation? [Y/n] 
:: Retrieving packages...
 re2c-3.1-1-x86_64 downloading...
checking keyring...
checking package integrity...
loading package files...
checking for file conflicts...
:: Processing package changes...
installing re2c...
:: Running post-transaction hooks...
(1/1) Arming ConditionNeedsUpdate...
Note: Deploying stephes_ada_library=3.7.3...
warning: remote HEAD refers to nonexistent ref, unable to checkout
Note: Deploying xmlada=22.0.0...
#=#=#                                                                          
##O#-#                                                                         
##=O#- #                                                                       
Note: Running post_fetch actions for xmlada=22.0.0...
checking build system type... x86_64-unknown-linux-gnu
checking host system type... x86_64-unknown-linux-gnu
checking target system type... x86_64-unknown-linux-gnu
checking whether gnat can build shared libs... yes
checking for a BSD-compatible install... /usr/bin/install -c
checking whether ln -s works... yes
configure: creating ./config.status
config.status: creating xmlada_shared.gpr
config.status: creating Makefile
config.status: creating tests/dom/default.gpr
Note: Deploying libgpr=22.0.0...
#=#=#                                                                          
##O#-#                                                                         
##=O#- #                                                                       
Note: Deploying gnatcoll=22.0.0...
#=#=#                                                                          
##O#-#                                                                         
##=O#- #                                                                       
Note: Deploying wisitoken=4.1.0...
#=#=#                                                                          
##O#-#                                                                         
##O=#  #                                                                       
#=#=-#  #                                                                      
-#O#- #   #                                                                    
-=#=#   #   #                                                                  
-=O#-#   #   #                                                                 
-=O=#  #   #   #                                                               
-=O=-#  #    #   #                                                             
-=O=- #   #   #    #                                                           
-=O=-   #   #   #     #                                                        
-=O=-    #   #    #     #                                                      
-=O=-      #   #     #    #                                                    
-=O=-        #   #     #    #                                                  
-=O=-         #    #     #     #                                               
-=O=-           #     #    #     #                                             
-=O=-             #     #     #     #                                          
-=O=-                #    #     #     #                                        
-=O=-                  #    #     #     #                                      
-=O=-                    #     #     #     #                                   
-=O=-                      #     #     #     #                                 
-=O=-                         #     #     #     #                              
-=O=-                           #     #     #     #                            
-=O=-                             #     #     #     #                          
-=O=-                                #     #     #    #                        
-=O=-                                  #     #     #     #                     
-=O=-                                     #     #    #     #                   
-=O=-                                       #     #    #     #                 
-=O=-                                         #     #     #    #               
-=O=-                                            #    #     #   #              
-=O=-                                              #     #    #   #            
-=O=-                                                #     #   #    #          
-=O=-                                                  #     #   #   #         
-=O=-                                                     #    #   #   #       
-=O=-                                                       #   #   #   #      
-=O=-                                                         #   #   #  #     
-=O=-                                                          #    #  #  #    
-=O=-                                                            #   #  #  #   
-=O=-                                                              #   # # #   
-=O=-                                                               #   # # #  
-=O=-                                                                 #  # ##  
-=O=-                                                                  #  # #  
-=O=-                                                                   #  ### 
-=O=-                                                                    # ##  
-=O=-                                                                     # #  
-=O=-                                                                      ##  
-=O=-                                                                      ##  
-=O=-                                                                      ### 
-=O=-                                                                     # #  
-=O=-                                                                    # ##  
-=O=-                                                                   # # #  
-=O=-                                                                  # # ##  
-=O=-                                                                #  #  ##  
-=O=-                                                               #  #  # #  
-=O=-                                                             #   #  # #   
-=O=-                                                           #   #   # #    
-=O=-                                                          #   #   # #     
-=O=-                                                        #   #   #  #      
-=O=-                                                      #   #    #  #       
-=O=-                                                    #    #   #   #        
-=O=-                                                 #     #   #   #          
-=O=-                                               #     #    #   #           
-=O=-                                             #    #     #   #             
-=O=-                                           #    #     #   #               
-=O=-                                        #     #     #    #                
-=O=-                                      #     #    #     #                  
-=O=-                                   #     #     #     #                    
-=O=-                                 #     #     #    #                       
-=O=-                               #     #     #    #                         
-=O=-                            #     #     #     #                           
-=O=-                          #     #     #     #                             
-=O=-                       #     #     #     #                                
-=O=-                     #     #     #     #                                  
-=O=-                   #     #     #     #                                    
-=O=-                 #    #     #     #                                       
-=O=-              #     #     #     #                                         
-=O=-            #     #    #     #                                            
-=O=-          #     #    #     #                                              
-=O=-        #    #     #     #                                                
-=O=-       #   #     #    #                                                   
-=O=-     #   #    #     #                                                     
-=O=-   #    #   #     #                                                       
-=O=-  #   #   #     #                                                         
-=O=-#   #   #    #                                                            
-=O=#   #   #   #                                                              
-=O#- #   #   #                                                                
-=#=-#  #    #                                                                 
-#O=#  #   #                                                                   
-#O#-#   #                                                                     
#=#=#   #                                                                      
##O#- #                                                                        
#=#=-#                                                                         
##O=#                                                                          
##O#-                                                                          
#=#=-                                                                          
##O=-                                                                          
##O=-                                                                          
##O=-                                                                          
#=#=-                                                                          
##O#-                                                                          
#=#=#                                                                          
##O#-#                                                                         
##O=#  #                                                                       
#=#=-#  #                                                                      
-#O#- #   #                                                                    
-=#=#   #   #                                                                  
-=O#-#   #   #                                                                 
-=O=#  #   #   #                                                               
-=O=-#  #    #   #                                                             
-=O=- #   #   #    #                                                           
-=O=-   #   #   #     #                                                        
-=O=-    #   #    #     #                                                      
-=O=-      #   #     #    #                                                    
-=O=-        #   #     #    #                                                  
-=O=-         #    #     #     #                                               
-=O=-           #     #    #     #                                             
-=O=-             #     #     #     #                                          
-=O=-                #    #     #     #                                        
-=O=-                  #    #     #     #                                      
-=O=-                    #     #     #     #                                   
-=O=-                      #     #     #     #                                 
-=O=-                         #     #     #     #                              
-=O=-                           #     #     #     #                            
-=O=-                             #     #     #     #                          
-=O=-                                #     #     #    #                        
-=O=-                                  #     #     #     #                     
-=O=-                                     #     #    #     #                   
-=O=-                                       #     #    #     #                 
-=O=-                                         #     #     #    #               
-=O=-                                            #    #     #   #              
-=O=-                                              #     #    #   #            
-=O=-                                                #     #   #    #          
-=O=-                                                  #     #   #   #         
-=O=-                                                     #    #   #   #       
-=O=-                                                       #   #   #   #      
-=O=-                                                         #   #   #  #     
curl: (28) Failed to connect to download.savannah.nongnu.org port 443 after 135236 ms: Couldn't connect to server

stderr: Command ["curl", "https://download.savannah.nongnu.org/releases/ada-mode/wisitoken-4.1.0.tgz", "--location", "--progress-bar", "--output", "/home/runner/work/alire-crates-ci/alire-crates-ci/test/cbe8aef9-7055-4f26-90a9-3ef8928f5f36/emacs_wisitoken_grammar_mode_1.3.0_97b377b3/alire/cache/dependencies/alr-cken.tmp/wisitoken-4.1.0.tgz"] exited with code 28
stderr: Generating Outcome_Failure with message: Command ["curl", "https://download.savannah.nongnu.org/releases/ada-mode/wisitoken-4.1.0.tgz", "--location", "--progress-bar", "--output", "/home/runner/work/alire-crates-ci/alire-crates-ci/test/cbe8aef9-7055-4f26-90a9-3ef8928f5f36/emacs_wisitoken_grammar_mode_1.3.0_97b377b3/alire/cache/dependencies/alr-cken.tmp/wisitoken-4.1.0.tgz"] exited with code 28
stderr: Generating Outcome_Failure with call stack:
stderr: raised AAA.DEBUG.STACK_TRACE.DEBUG_EXCEPTION : aaa-debug.adb:44
[/usr/sbin/alr]
0xea121b aaa__debug__stack_trace at ???
0xd798cb Alire.Outcome_Failure at alire.adb:193
0x7f16f6 Alire.Errors.Get at alire-errors.adb:101
0xa40fba Alire.Os_Lib.Download.File at alire-os_lib-download.adb:51
0x9744c0 Alire.Origins.Deployers.Source_Archive.Fetch at alire-origins-deployers-source_archive.adb:152
0x98cf6f Alire.Origins.Deployers.Deploy_Steps at alire-origins-deployers.adb:111
0x98e678 Alire.Origins.Deployers.Deploy at alire-origins-deployers.adb:161
0xb93507 Alire.Releases.Deploy at alire-releases.adb:310
0xbc59ed Alire.Roots.Deploy_Dependencies.Deploy_Release at alire-roots.adb:405
0xbdb95e Alire.Roots.Traverse.Traverse_Wrap at alire-roots.adb:1364
0xc25a8b Alire.Solutions.Traverse.Visit at alire-solutions.adb:1443
0xc241fa Alire.Solutions.Traverse at alire-solutions.adb:1502
0xbdbaac Alire.Roots.Traverse at alire-roots.adb:1368
0xbc5d8e Alire.Roots.Deploy_Dependencies at alire-roots.adb:434
0x4b0337 Alr.Commands.Get.Retrieve at alr-commands-get.adb:173
0x4b4e77 Alr.Commands.Get.Execute at alr-commands-get.adb:348
0x53bb7e Alr.Commands.Sub_Cmd.Execute at clic-subcommand-instance.adb:742
0x54756f Alr.Commands.Execute at alr-commands.adb:492
0x43cb1a Alr.Main at alr-main.adb:10
0x43f3e7 Main at b__alr-main.adb:2132
[/usr/bin/..//lib/libc.so.6]
0x7f98f7962cce
0x7f98f7962d88
[/usr/sbin/alr]
0x43c9f8 _start at ???
0xfffffffffffffffe

stderr: ALIRE.CHECKED_ERROR
stderr: Command ["curl", "https://download.savannah.nongnu.org/releases/ada-mode/wisitoken-4.1.0.tgz", "--location", "--progress-bar", "--output", "/home/runner/work/alire-crates-ci/alire-crates-ci/test/cbe8aef9-7055-4f26-90a9-3ef8928f5f36/emacs_wisitoken_grammar_mode_1.3.0_97b377b3/alire/cache/dependencies/alr-cken.tmp/wisitoken-4.1.0.tgz"] exited with code 28
stderr: raised ALIRE.CHECKED_ERROR : alire-stored-error:2
[/usr/sbin/alr]
0xd78101 Alire.Assert at alire.adb:129
0xb93519 Alire.Releases.Deploy at alire-releases.adb:310
0xbc59ed Alire.Roots.Deploy_Dependencies.Deploy_Release at alire-roots.adb:405
0xbdb95e Alire.Roots.Traverse.Traverse_Wrap at alire-roots.adb:1364
0xc25a8b Alire.Solutions.Traverse.Visit at alire-solutions.adb:1443
0xc241fa Alire.Solutions.Traverse at alire-solutions.adb:1502
0xbdbaac Alire.Roots.Traverse at alire-roots.adb:1368
0xbc5d8e Alire.Roots.Deploy_Dependencies at alire-roots.adb:434
0x4b0337 Alr.Commands.Get.Retrieve at alr-commands-get.adb:173
0x4b4e77 Alr.Commands.Get.Execute at alr-commands-get.adb:348
0x53bb7e Alr.Commands.Sub_Cmd.Execute at clic-subcommand-instance.adb:742
0x54756f Alr.Commands.Execute at alr-commands.adb:492
0x43cb1a Alr.Main at alr-main.adb:10
0x43f3e7 Main at b__alr-main.adb:2132
[/usr/bin/..//lib/libc.so.6]
0x7f98f7962cce
0x7f98f7962d88
[/usr/sbin/alr]
0x43c9f8 _start at ???
0xfffffffffffffffe

ERROR: Command ["curl", "https://download.savannah.nongnu.org/releases/ada-mode/wisitoken-4.1.0.tgz", "--location", "--progress-bar", "--output", "/home/runner/work/alire-crates-ci/alire-crates-ci/test/cbe8aef9-7055-4f26-90a9-3ef8928f5f36/emacs_wisitoken_grammar_mode_1.3.0_97b377b3/alire/cache/dependencies/alr-cken.tmp/wisitoken-4.1.0.tgz"] exited with code 28
