Test ran at 2024-06-18 13:23:54.684299+00:00

SOLUTION:
automate=3.0.0: Ada finite-state machine generator
Origin: commit b83dfb7701b9f27aaa2c6b40467c99c55f1ee92f from https://github.com/Blady-Com/Automate.git
Properties:
   Author: Pascal Pignard
   Description: Ada finite-state machine generator
   Executable: genauto
   case OS is
      when Macos => GPR External: GENAUTO_LINKER_FLAGS := -Wl,-no_pie
   License: CECILL-2.1
   Maintainer: Pascal Pignard <blady.net@orange.fr>
   Maintainers_Logins: Blady-Com
   Name: automate
   Tag: automaton
   Tag: generator
   Version: 3.0.0
   Website: https://github.com/Blady-Com/Automate
Dependencies (direct):
   uxstrings>=0.6
Dependencies (solution):
   gnat=13.2.0 (gnat_external)
   simple_components=4.68.0
   uxstrings=0.6.0+alpha-20231007
Dependencies (external):
   libgnutls^3.7 (indirect,hinted)
   unixodbc^2.3 (indirect,hinted)
Dependencies (graph):
   automate=3.0.0                 --> uxstrings=0.6.0+alpha-20231007 (>=0.6)               
   simple_components=4.68.0       --> gnat=13.2.0 (gnat_external) (>=2021 | (>=12 & <2000))
   simple_components=4.68.0       --> libgnutls^3.7                                        
   simple_components=4.68.0       --> unixodbc^2.3                                         
   uxstrings=0.6.0+alpha-20231007 --> gnat=13.2.0 (gnat_external) (>=2021 | (>=12 & <2000))
   uxstrings=0.6.0+alpha-20231007 --> simple_components=4.68.0 (^4.62.0)                   
Dependencies cannot be met


LOG:
