Test ran at 2024-04-09 13:05:36.474701+00:00

SOLUTION:
gnatdoc=24.0.0: GNAT Documentation Generation Tool
Origin: source archive gnatdoc-24.0.0.zip at https://github.com/adacore/gnatdoc/archive/v24.0.0/gnatdoc-24.0.0.zip with hash sha512:8cc57c734dc1337ac7ac2256285afdfac591ed55fa2834e53893e2476780d05569f92a72a34efeda6294dc40f950b7f1ca21c3dc1c262d3e434ca978b02924be
Properties:
   Author: AdaCore
   Configuration: no modifiers
   Description: GNAT Documentation Generation Tool
   Executable: bin/gnatdoc
   License: GPL-3.0-or-later WITH GCC-exception-3.1
   Maintainer: Vadim Godunko <vgodunko@gmail.com>
   Maintainer: Maxim Reznik <reznikmm@gmail.com>
   Maintainers_Logins: godunko
   Maintainers_Logins: reznikmm
   Name: gnatdoc
   Project_File: gnat/gnatdoc.gpr
   Tag: documentation
   Tag: tools
   Version: 24.0.0
   Website: https://github.com/AdaCore/gnatdoc
Dependencies (direct):
   libadalang^24
   libgpr2^24
   markdown^24
   vss^24
Dependencies (solution):
   adasat=24.0.0
   gnat=13.2.1 (gnat_external) (installed)
   gnatcoll=24.0.0
   gnatcoll_gmp=24.0.0
   gnatcoll_iconv=24.0.0
   langkit_support=24.0.0
   libadalang=24.0.0
   libgmp=6.2.1
   libgpr=24.0.0
   libgpr2=24.0.0
   markdown=24.0.0
   vss=24.0.0
   xmlada=24.0.0
Dependencies (graph):
   gnatcoll=24.0.0        --> libgpr=24.0.0 (~24.0.0)                   
   gnatcoll_gmp=24.0.0    --> gnatcoll=24.0.0 (~24.0.0)                 
   gnatcoll_gmp=24.0.0    --> libgmp=6.2.1 (*)                          
   gnatcoll_iconv=24.0.0  --> gnatcoll=24.0.0 (~24.0.0)                 
   gnatdoc=24.0.0         --> libadalang=24.0.0 (^24)                   
   gnatdoc=24.0.0         --> libgpr2=24.0.0 (^24)                      
   gnatdoc=24.0.0         --> markdown=24.0.0 (^24)                     
   gnatdoc=24.0.0         --> vss=24.0.0 (^24)                          
   langkit_support=24.0.0 --> adasat=24.0.0 (^24)                       
   langkit_support=24.0.0 --> gnatcoll=24.0.0 (^24)                     
   langkit_support=24.0.0 --> gnatcoll_gmp=24.0.0 (^24)                 
   langkit_support=24.0.0 --> gnatcoll_iconv=24.0.0 (^24)               
   libadalang=24.0.0      --> gnatcoll=24.0.0 (^24)                     
   libadalang=24.0.0      --> gnatcoll_gmp=24.0.0 (^24)                 
   libadalang=24.0.0      --> gnatcoll_iconv=24.0.0 (^24)               
   libadalang=24.0.0      --> langkit_support=24.0.0 (^24)              
   libadalang=24.0.0      --> libgpr2=24.0.0 (^24)                      
   libgpr=24.0.0          --> gnat=13.2.1 (gnat_external) (/=2020)      
   libgpr=24.0.0          --> xmlada=24.0.0 (~24.0.0)                   
   libgpr2=24.0.0         --> gnatcoll=24.0.0 (~24.0.0)                 
   libgpr2=24.0.0         --> gnatcoll_gmp=24.0.0 (~24.0.0)             
   libgpr2=24.0.0         --> gnatcoll_iconv=24.0.0 (~24.0.0)           
   markdown=24.0.0        --> vss=24.0.0 (~24.0.0)                      
   vss=24.0.0             --> gnat=13.2.1 (gnat_external) (>=11 & <2000)
   xmlada=24.0.0          --> gnat=13.2.1 (gnat_external) (>=11)        


LOG:
Note: Deploying gnatdoc=24.0.0...
#=#=#                                                                         
##O#-#                                                                        
##O=#  #                                                                      
#=#=-#  #                                                                     
 #=#=-#   #                                                                   
  #=#=- #   #                                                                 
Note: Deploying adasat=24.0.0...
#=#=#                                                                         
##O#-#                                                                        
##O=#  #                                                                      
#=#=-#  #                                                                     
 #=#=-#   #                                                                   
Note: Deploying libgmp=6.2.1...
The system package 'gmp-devel' is about to be installed.
This action might require admin privileges and impact your system installation.
Do you want Alire to install this system package?
Using default: Yes
Last metadata expiration check: 0:15:18 ago on Tue Apr  9 12:50:08 2024.
Dependencies resolved.
================================================================================
 Package           Architecture   Version                  Repository      Size
================================================================================
Installing:
 gmp-devel         x86_64         1:6.2.1-5.fc39           fedora         173 k
Installing dependencies:
 gmp-c++           x86_64         1:6.2.1-5.fc39           fedora          18 k

Transaction Summary
================================================================================
Install  2 Packages

Total download size: 191 k
Installed size: 382 k
Downloading Packages:
(1/2): gmp-c++-6.2.1-5.fc39.x86_64.rpm          145 kB/s |  18 kB     00:00    
(2/2): gmp-devel-6.2.1-5.fc39.x86_64.rpm        931 kB/s | 173 kB     00:00    
--------------------------------------------------------------------------------
Total                                           504 kB/s | 191 kB     00:00     
Running transaction check
Transaction check succeeded.
Running transaction test
Transaction test succeeded.
Running transaction
  Preparing        :                                                        1/1 
  Installing       : gmp-c++-1:6.2.1-5.fc39.x86_64                          1/2 
  Installing       : gmp-devel-1:6.2.1-5.fc39.x86_64                        2/2 
  Running scriptlet: gmp-devel-1:6.2.1-5.fc39.x86_64                        2/2 
  Verifying        : gmp-c++-1:6.2.1-5.fc39.x86_64                          1/2 
  Verifying        : gmp-devel-1:6.2.1-5.fc39.x86_64                        2/2 

Installed:
  gmp-c++-1:6.2.1-5.fc39.x86_64         gmp-devel-1:6.2.1-5.fc39.x86_64        

Complete!
Note: Deploying vss=24.0.0...
#=#=#                                                                         
##O#-#                                                                        
##O=#  #                                                                      
#=#=-#  #                                                                     
 #=#=-#   #                                                                   
  #=#=- #   #                                                                 
   #=#=- #   #                                                                
Note: Deploying xmlada=24.0.0...
#=#=#                                                                         
##O#-#                                                                        
##O=#  #                                                                      
#=#=-#  #                                                                     
 #=#=-#   #                                                                   
  #=#=- #   #                                                                 
   #=#=- #   #                                                                
    #=O#-  #   #                                                              
Note: Running post_fetch actions for xmlada=24.0.0...
checking build system type... x86_64-pc-linux-gnu
checking host system type... x86_64-pc-linux-gnu
checking target system type... x86_64-pc-linux-gnu
checking whether gnat can build shared libs... yes
checking for a BSD-compatible install... /usr/bin/install -c
checking whether ln -s works... yes
configure: creating ./config.status
config.status: creating xmlada_shared.gpr
config.status: creating Makefile
config.status: creating tests/dom/default.gpr
Note: Deploying libgpr=24.0.0...
#=#=#                                                                         
##O#-#                                                                        
##O=#  #                                                                      
#=#=-#  #                                                                     
 #=#=-#   #                                                                   
  #=#=- #   #                                                                 
   #=#=- #   #                                                                
Note: Deploying markdown=24.0.0...
#=#=#                                                                         
##O#-#                                                                        
##O=#  #                                                                      
#=#=-#  #                                                                     
 #=#=-#   #                                                                   
Note: Deploying gnatcoll=24.0.0...
#=#=#                                                                         
##O#-#                                                                        
##O=#  #                                                                      
#=#=-#  #                                                                     
 #=#=-#   #                                                                   
  #=#=- #   #                                                                 
   #=#=- #   #                                                                
    #=O#-  #   #                                                              
Note: Deploying gnatcoll_gmp=24.0.0...
#=#=#                                                                         
##O#-#                                                                        
##O=#  #                                                                      

#                                                                          2.4%
###########                                                               15.8%
###########################################################               82.0%
######################################################################## 100.0%
Note: Deploying gnatcoll_iconv=24.0.0...
#=#=#                                                                         
##O#-#                                                                        
##O=#  #                                                                      

###                                                                        4.6%
######################                                                    31.0%
######################################################################## 100.0%
Note: Deploying langkit_support=24.0.0...
#=#=#                                                                         
##O#-#                                                                        
##O=#  #                                                                      

#################                                                         24.2%
######################################################################## 100.0%
Note: Deploying libgpr2=24.0.0...
#=#=#                                                                         
##O#-#                                                                        
##O=#  #                                                                      

#                                                                          1.8%
######################################################################## 100.0%
Note: Deploying libadalang=24.0.0...
#=#=#                                                                         
##O#-#                                                                        
stderr: Generating Outcome_Failure with message: release integrity test failed: expected [sha512:a13580751fc9b2e370d496e0092cf94aa9438f22c492e6b89d5e714dc9e9ada120b1da90b578d4a1223ed09b463abaabd41e3d4edee0d33b10d7f6bd543cfa52] but got [sha512:f09754654bd367a290074b47e311ba9f29fa20a61f5e25c71d73a7729f25e48c8055596cc2b906b796626447a2c57ae104639723ed6499b9b95dc6026dca3e34]
stderr: Generating Outcome_Failure with call stack:
stderr: raised AAA.DEBUG.STACK_TRACE.DEBUG_EXCEPTION : aaa-debug.adb:44
[/usr/bin/alr]
0xea121b aaa__debug__stack_trace at ???
0xd798cb Alire.Outcome_Failure at alire.adb:193
0x990017 Alire.Origins.Deployers.Verify_Hashes at alire-origins-deployers.adb:210
0x98d107 Alire.Origins.Deployers.Deploy_Steps at alire-origins-deployers.adb:117
0x98e678 Alire.Origins.Deployers.Deploy at alire-origins-deployers.adb:161
0xb93507 Alire.Releases.Deploy at alire-releases.adb:310
0xbc59ed Alire.Roots.Deploy_Dependencies.Deploy_Release at alire-roots.adb:405
0xbdb95e Alire.Roots.Traverse.Traverse_Wrap at alire-roots.adb:1364
0xc25a8b Alire.Solutions.Traverse.Visit at alire-solutions.adb:1443
0xc241fa Alire.Solutions.Traverse at alire-solutions.adb:1502
0xbdbaac Alire.Roots.Traverse at alire-roots.adb:1368
0xbc5d8e Alire.Roots.Deploy_Dependencies at alire-roots.adb:434
0x4b0337 Alr.Commands.Get.Retrieve at alr-commands-get.adb:173
0x4b4e77 Alr.Commands.Get.Execute at alr-commands-get.adb:348
0x53bb7e Alr.Commands.Sub_Cmd.Execute at clic-subcommand-instance.adb:742
0x54756f Alr.Commands.Execute at alr-commands.adb:492
0x43cb1a Alr.Main at alr-main.adb:10
0x43f3e7 Main at b__alr-main.adb:2132
[/lib64/libc.so.6]
0x7f3f28abd148
0x7f3f28abd209
[/usr/bin/alr]
0x43c9f8 _start at ???
0xfffffffffffffffe

stderr: ALIRE.CHECKED_ERROR
stderr: release integrity test failed: expected [sha512:a13580751fc9b2e370d496e0092cf94aa9438f22c492e6b89d5e714dc9e9ada120b1da90b578d4a1223ed09b463abaabd41e3d4edee0d33b10d7f6bd543cfa52] but got [sha512:f09754654bd367a290074b47e311ba9f29fa20a61f5e25c71d73a7729f25e48c8055596cc2b906b796626447a2c57ae104639723ed6499b9b95dc6026dca3e34]
stderr: raised ALIRE.CHECKED_ERROR : alire-stored-error:1
[/usr/bin/alr]
0xd78101 Alire.Assert at alire.adb:129
0xb93519 Alire.Releases.Deploy at alire-releases.adb:310
0xbc59ed Alire.Roots.Deploy_Dependencies.Deploy_Release at alire-roots.adb:405
0xbdb95e Alire.Roots.Traverse.Traverse_Wrap at alire-roots.adb:1364
0xc25a8b Alire.Solutions.Traverse.Visit at alire-solutions.adb:1443
0xc241fa Alire.Solutions.Traverse at alire-solutions.adb:1502
0xbdbaac Alire.Roots.Traverse at alire-roots.adb:1368
0xbc5d8e Alire.Roots.Deploy_Dependencies at alire-roots.adb:434
0x4b0337 Alr.Commands.Get.Retrieve at alr-commands-get.adb:173
0x4b4e77 Alr.Commands.Get.Execute at alr-commands-get.adb:348
0x53bb7e Alr.Commands.Sub_Cmd.Execute at clic-subcommand-instance.adb:742
0x54756f Alr.Commands.Execute at alr-commands.adb:492
0x43cb1a Alr.Main at alr-main.adb:10
0x43f3e7 Main at b__alr-main.adb:2132
[/lib64/libc.so.6]
0x7f3f28abd148
0x7f3f28abd209
[/usr/bin/alr]
0x43c9f8 _start at ???
0xfffffffffffffffe

ERROR: release integrity test failed: expected [sha512:a13580751fc9b2e370d496e0092cf94aa9438f22c492e6b89d5e714dc9e9ada120b1da90b578d4a1223ed09b463abaabd41e3d4edee0d33b10d7f6bd543cfa52] but got [sha512:f09754654bd367a290074b47e311ba9f29fa20a61f5e25c71d73a7729f25e48c8055596cc2b906b796626447a2c57ae104639723ed6499b9b95dc6026dca3e34]
