Test ran at 2024-03-27 00:43:17.883445+00:00

SOLUTION:
excel_writer=17.0.1: Produce Excel spreadsheets
Origin: source archive excel_writer_17_r2.zip at https://sourceforge.net/projects/excel-writer/files/excel-writer/excel_writer_17_r2.zip with hash sha512:acea6a01ff44f28ea57a53ea62d0d167daf2de26eb2b220c5b10503d53da144a38fb3363a789901356baa74f9617f03993527b63e4120f4291b8d24a413581e0
Properties:
   Author: Gautier de Montmollin
   Description: Produce Excel spreadsheets
   License: MIT
   Maintainer: alejandro@mosteo.com
   Maintainers_Logins: mosteo
   Maintainers_Logins: zertovitch
   Name: excel_writer
   Project_File: excel_out_gnat.gpr
   Tag: excel
   Tag: spreadsheet
   Version: 17.0.1


LOG:
Note: Deploying excel_writer=17.0.1...
#=#=#                                                                          
##=#=#                                                                         

######################################################################## 100.0%
########################################################                  78.8%
######################################################################## 100.0%
Note: Building excel_writer/excel_out_gnat.gpr...
Setup
   [mkdir]        object directory for project Excel_Out_Gnat
Compile
   [Ada]          excel_out_demo.adb
   [Ada]          biff_dump.adb
   [Ada]          spreadsheet_references_demo.adb
   [Ada]          csv2tex.adb
   [Ada]          csv2html.adb
   [Ada]          csv2xls.adb
   [Ada]          ew_test.adb
   [Ada]          csv.adb
   [Ada]          spreadsheet_references.adb
   [Ada]          excel_out.adb
   [Ada]          ieee_754.ads
   [Ada]          ieee_754-generic_double_precision.adb
Bind
   [gprbind]      excel_out_demo.bexch
   [gprbind]      biff_dump.bexch
   [gprbind]      spreadsheet_references_demo.bexch
   [gprbind]      csv2tex.bexch
   [Ada]          spreadsheet_references_demo.ali
   [Ada]          biff_dump.ali
   [Ada]          excel_out_demo.ali
   [Ada]          csv2tex.ali
   [gprbind]      csv2html.bexch
   [gprbind]      csv2xls.bexch
   [Ada]          csv2html.ali
   [Ada]          csv2xls.ali
   [gprbind]      ew_test.bexch
   [Ada]          ew_test.ali
Link
   [link]         excel_out_demo.adb
   [link]         biff_dump.adb
   [link]         spreadsheet_references_demo.adb
   [link]         csv2tex.adb
   [link]         csv2html.adb
   [link]         csv2xls.adb
   [link]         ew_test.adb
Build finished successfully in 5.99 seconds.

excel_writer=17.0.1 successfully retrieved and built.
There are no dependencies.
Found declared GPR file: excel_out_gnat.gpr
