Test ran at 2024-02-15 12:45:29.685522+00:00

SOLUTION:
openglada_glfw=0.9.0: GLFW binding for use with OpenGLAda
Origin: source archive openglada_glfw-0.9.0.tgz at https://github.com/flyx/OpenGLAda/releases/download/v0.9.0/openglada_glfw-0.9.0.tgz with hash sha512:fc25165caf510898d8c804b0ca4d8f763d49e0bd144ac70a2547f935ee90804b6ea5a1389eee08bb5528546f87eedb5b4e5884360a3a562a57338acea95f0e91
Properties:
   Author: Felix Krause
   Description: GLFW binding for use with OpenGLAda
   License: MIT
   Maintainer: Felix Krause <contact@flyx.org>
   Maintainers_Logins: flyx
   Name: openglada_glfw
   Project_File: opengl-glfw.gpr
   Tag: opengl
   Tag: glfw
   Tag: binding
   Tag: gui
   Version: 0.9.0
   Website: http://flyx.github.io/OpenGLAda/
Dependencies (direct):
   libglfw3^3
   openglada~0.9.0
Dependencies (solution):
   libglfw3=3.3.6
   libx11=1.7.5
   openglada=0.9.0
Dependencies (graph):
   openglada=0.9.0      --> libx11=1.7.5 (^1)       
   openglada_glfw=0.9.0 --> libglfw3=3.3.6 (^3)     
   openglada_glfw=0.9.0 --> openglada=0.9.0 (~0.9.0)


LOG:
Note: Deploying openglada_glfw=0.9.0...
#=#=#                                                                         

######################################################################## 100.0%
Note: Migrating lockfile from /home/runner/work/alire-crates-ci/alire-crates-ci/test/d1c02acb-cd22-48ba-8d89-17905507df40/openglada_glfw_0.9.0_fc25165c/alire.lock to /home/runner/work/alire-crates-ci/alire-crates-ci/test/d1c02acb-cd22-48ba-8d89-17905507df40/openglada_glfw_0.9.0_fc25165c/alire/alire.lock
Note: Deploying libglfw3=3.3.6...
The system package 'libglfw3-dev' is about to be installed.
This action might require admin privileges and impact your system installation.
Do you want Alire to install this system package?
Using default: Yes
Selecting previously unselected package libglfw3:amd64.
(Reading database ... 
(Reading database ... 5%
(Reading database ... 10%
(Reading database ... 15%
(Reading database ... 20%
(Reading database ... 25%
(Reading database ... 30%
(Reading database ... 35%
(Reading database ... 40%
(Reading database ... 45%
(Reading database ... 50%
(Reading database ... 55%
(Reading database ... 60%
(Reading database ... 65%
(Reading database ... 70%
(Reading database ... 75%
(Reading database ... 80%
(Reading database ... 85%
(Reading database ... 90%
(Reading database ... 95%
(Reading database ... 100%
(Reading database ... 275562 files and directories currently installed.)
Preparing to unpack .../libglfw3_3.3.6-1_amd64.deb ...
Unpacking libglfw3:amd64 (3.3.6-1) ...
Selecting previously unselected package libglfw3-dev:amd64.
Preparing to unpack .../libglfw3-dev_3.3.6-1_amd64.deb ...
Unpacking libglfw3-dev:amd64 (3.3.6-1) ...
Selecting previously unselected package libvulkan-dev:amd64.
Preparing to unpack .../libvulkan-dev_1.3.204.1-2_amd64.deb ...
Unpacking libvulkan-dev:amd64 (1.3.204.1-2) ...
Setting up libglfw3:amd64 (3.3.6-1) ...
Setting up libvulkan-dev:amd64 (1.3.204.1-2) ...
Setting up libglfw3-dev:amd64 (3.3.6-1) ...
Processing triggers for libc-bin (2.35-0ubuntu3.6) ...
NEEDRESTART-VER: 3.5
NEEDRESTART-KCUR: 6.2.0-1019-azure
NEEDRESTART-KEXP: 6.2.0-1019-azure
NEEDRESTART-KSTA: 1
NEEDRESTART-SVC: runner-provisioner.service
Note: Deploying libx11=1.7.5...
Note: Deploying openglada=0.9.0...
#=#=#                                                                         

######################################################################## 100.0%
Note: Building openglada_glfw/opengl-glfw.gpr...
Setup
   [mkdir]        object directory for project OpenGL
   [mkdir]        library directory for project OpenGL
   [mkdir]        object directory for project OpenGL.Glfw
   [mkdir]        library directory for project OpenGL.Glfw
Compile
   [ada]          gl-api-subprogram_reference.adb
   [ada]          gl-glx.ads
   [ada]          gl-api.ads
   [ada]          gl-api-shorts.ads
   [ada]          gl-load_function_pointers.adb
   [ada]          gl-api-ints.ads
   [ada]          gl-api-singles.ads
   [ada]          gl-api-uints.ads
   [ada]          gl-api-doubles.ads
   [ada]          gl-enums-textures.ads
   [ada]          gl-low_level.ads
   [ada]          gl-immediate.adb
   [ada]          gl-objects-textures-with_3d_loader.adb
   [ada]          gl-uniforms.adb
   [ada]          gl-enums-queries.ads
   [ada]          gl-framebuffer.adb
   [ada]          gl-objects-textures-targets.adb
   [ada]          gl-low_level-enums.ads
   [ada]          gl-enums.ads
   [ada]          gl-matrices.adb
   [ada]          gl-enums-getter.adb
   [ada]          gl-objects-queries.adb
   [ada]          gl-toggles.adb
   [ada]          gl-rasterization.adb
   [ada]          gl-fixed-matrix.adb
   [ada]          gl.adb
   [ada]          gl-buffers.adb
   [ada]          gl-objects-renderbuffers.adb
   [ada]          gl-enums-indexes.adb
   [ada]          gl-objects-textures-with_1d_loader.adb
   [ada]          gl-debug.adb
   [ada]          gl-attributes.adb
   [ada]          gl-tessellation.adb
   [ada]          gl-objects-programs.adb
   [ada]          gl-algebra.adb
gl-algebra.ads:109:62: warning: array aggregate using () is an obsolescent syntax, use [] instead [-gnatwj]
gl-algebra.ads:111:62: warning: array aggregate using () is an obsolescent syntax, use [] instead [-gnatwj]
gl-algebra.ads:113:62: warning: array aggregate using () is an obsolescent syntax, use [] instead [-gnatwj]

   compilation of gl-algebra.adb failed

gprbuild: *** compilation phase failed
stderr: Command ["gprbuild", "-s", "-j0", "-p", "-P", "/home/runner/work/alire-crates-ci/alire-crates-ci/test/d1c02acb-cd22-48ba-8d89-17905507df40/openglada_glfw_0.9.0_fc25165c/opengl-glfw.gpr"] exited with code 4
ERROR: Command ["gprbuild", "-s", "-j0", "-p", "-P", "/home/runner/work/alire-crates-ci/alire-crates-ci/test/d1c02acb-cd22-48ba-8d89-17905507df40/openglada_glfw_0.9.0_fc25165c/opengl-glfw.gpr"] exited with code 4
stderr: ALIRE.CHECKED_ERROR
stderr: Command ["gprbuild", "-s", "-j0", "-p", "-P", "/home/runner/work/alire-crates-ci/alire-crates-ci/test/d1c02acb-cd22-48ba-8d89-17905507df40/openglada_glfw_0.9.0_fc25165c/opengl-glfw.gpr"] exited with code 4
stderr: raised ALIRE.CHECKED_ERROR : alire-stored-error:1
[/home/runner/work/alire-crates-ci/alire-crates-ci/alire_install/bin/alr]
0xd7ada2 Alire.Raise_Checked_Error at alire.adb:251
0xa423cf Alire.Os_Lib.Subprocess.Checked_Spawn at alire-os_lib-subprocess.adb:110
0xc5cdee Alire.Spawn.Command at alire-spawn.adb:21
0xc5d51c Alire.Spawn.Gprbuild at alire-spawn.adb:41
0xbc1550 Alire.Roots.Build.Build_Single_Release.Call_Gprbuild at alire-roots.adb:140
0xbbfbaf Alire.Roots.Build.Build_Single_Release at alire-roots.adb:171
0xbdb95e Alire.Roots.Traverse.Traverse_Wrap at alire-roots.adb:1364
0xc25a8b Alire.Solutions.Traverse.Visit at alire-solutions.adb:1443
0xc246a2 Alire.Solutions.Traverse at alire-solutions.adb:1518
0xbdbaac Alire.Roots.Traverse at alire-roots.adb:1368
0xbbff40 Alire.Roots.Build at alire-roots.adb:196
0x4a0334 Alr.Commands.Build.Execute at alr-commands-build.adb:58
0x4b065a Alr.Commands.Get.Retrieve at alr-commands-get.adb:187
0x4b4e77 Alr.Commands.Get.Execute at alr-commands-get.adb:348
0x53bb7e Alr.Commands.Sub_Cmd.Execute at clic-subcommand-instance.adb:742
0x54756f Alr.Commands.Execute at alr-commands.adb:492
0x43cb1a Alr.Main at alr-main.adb:10
0x43f3e7 Main at b__alr-main.adb:2132
[/lib/x86_64-linux-gnu/libc.so.6]
0x7f1db2429d8e
0x7f1db2429e3e
[/home/runner/work/alire-crates-ci/alire-crates-ci/alire_install/bin/alr]
0x43c9f8 _start at ???
0xfffffffffffffffe


Warning: openglada_glfw=0.9.0 successfully retrieved but its build failed.
Dependencies were solved as follows:

   + libglfw3  3.3.6 (new)         
   + libx11    1.7.5 (new,indirect)
   + openglada 0.9.0 (new)         
ERROR: Build ended with errors
