Test ran at 2022-07-07 00:50:08.711209+00:00

SOLUTION:
lvgl_ada_simulator=0.1.1: SDL simulator for the LVGL embedded GUI framework
Origin: source archive lvgl_ada_simulator-0.1.1.zip at https://github.com/Fabien-Chouteau/lvgl-ada-simulator/releases/download/v0.1.1/lvgl_ada_simulator-0.1.1.zip with hash sha512:524f51bade2407b0c525c4e4b6c30ce4a8f8d75161ff5e8fd1152f45ea2e73fbc20ab15db1120322dd879efa4f401969518dd01e71c25889b3de994c911f32f9
Properties:
   Description: SDL simulator for the LVGL embedded GUI framework
   License: MIT
   Maintainer: fabien.chouteau@gmail.com
   Maintainers_Logins: Fabien-Chouteau
   Name: lvgl_ada_simulator
   Project_File: lvgl_ada_simulator.gpr
   Tag: gui
   Tag: lvgl
   Version: 0.1.1
Dependencies (direct):
   lvgl_ada^0.1.0
   sdlada^2.3.1
Dependencies (solution):
   libsdl2=2.0.10
   libsdl2_image=2.0.5
   libsdl2_ttf=2.0.15
   lvgl_ada=0.2.0
   make=4.2.1
   sdlada=2.5.4-1
Dependencies (graph):
   lvgl_ada_simulator=0.1.1 --> lvgl_ada=0.2.0 (^0.1.0)   
   lvgl_ada_simulator=0.1.1 --> sdlada=2.5.4-1 (^2.3.1)   
   sdlada=2.5.4-1           --> libsdl2=2.0.10 (^2.0)     
   sdlada=2.5.4-1           --> libsdl2_image=2.0.5 (^2.0)
   sdlada=2.5.4-1           --> libsdl2_ttf=2.0.15 (^2.0) 
   sdlada=2.5.4-1           --> make=4.2.1 (*)            


LOG:
Note: Deploying lvgl_ada_simulator=0.1.1...
#=#=#                                                                         
##O#- #                                                                       

######################################################################## 100.0%
Note: Deploying libsdl2=2.0.10...
The system package 'libsdl2-dev' is about to be installed.
This action might require admin privileges and impact your system installation.
Do you want Alire to install this system package?
Using default: Yes
Selecting previously unselected package libibus-1.0-5:amd64.
(Reading database ... 
(Reading database ... 5%
(Reading database ... 10%
(Reading database ... 15%
(Reading database ... 20%
(Reading database ... 25%
(Reading database ... 30%
(Reading database ... 35%
(Reading database ... 40%
(Reading database ... 45%
(Reading database ... 50%
(Reading database ... 55%
(Reading database ... 60%
(Reading database ... 65%
(Reading database ... 70%
(Reading database ... 75%
(Reading database ... 80%
(Reading database ... 85%
(Reading database ... 90%
(Reading database ... 95%
(Reading database ... 100%
(Reading database ... 236007 files and directories currently installed.)
Preparing to unpack .../00-libibus-1.0-5_1.5.22-2ubuntu2.1_amd64.deb ...
Unpacking libibus-1.0-5:amd64 (1.5.22-2ubuntu2.1) ...
Selecting previously unselected package gir1.2-ibus-1.0:amd64.
Preparing to unpack .../01-gir1.2-ibus-1.0_1.5.22-2ubuntu2.1_amd64.deb ...
Unpacking gir1.2-ibus-1.0:amd64 (1.5.22-2ubuntu2.1) ...
Selecting previously unselected package libasound2-dev:amd64.
Preparing to unpack .../02-libasound2-dev_1.2.2-2.1ubuntu2.5_amd64.deb ...
Unpacking libasound2-dev:amd64 (1.2.2-2.1ubuntu2.5) ...
Selecting previously unselected package libasyncns0:amd64.
Preparing to unpack .../03-libasyncns0_0.8-6_amd64.deb ...
Unpacking libasyncns0:amd64 (0.8-6) ...
Selecting previously unselected package libdbus-1-dev:amd64.
Preparing to unpack .../04-libdbus-1-dev_1.12.16-2ubuntu2.2_amd64.deb ...
Unpacking libdbus-1-dev:amd64 (1.12.16-2ubuntu2.2) ...
Selecting previously unselected package libegl-mesa0:amd64.
Preparing to unpack .../05-libegl-mesa0_21.2.6-0ubuntu0.1~20.04.2_amd64.deb ...
Unpacking libegl-mesa0:amd64 (21.2.6-0ubuntu0.1~20.04.2) ...
Selecting previously unselected package libegl1:amd64.
Preparing to unpack .../06-libegl1_1.3.2-1~ubuntu0.20.04.2_amd64.deb ...
Unpacking libegl1:amd64 (1.3.2-1~ubuntu0.20.04.2) ...
Selecting previously unselected package libglx-dev:amd64.
Preparing to unpack .../07-libglx-dev_1.3.2-1~ubuntu0.20.04.2_amd64.deb ...
Unpacking libglx-dev:amd64 (1.3.2-1~ubuntu0.20.04.2) ...
Selecting previously unselected package libgl-dev:amd64.
Preparing to unpack .../08-libgl-dev_1.3.2-1~ubuntu0.20.04.2_amd64.deb ...
Unpacking libgl-dev:amd64 (1.3.2-1~ubuntu0.20.04.2) ...
Selecting previously unselected package libegl-dev:amd64.
Preparing to unpack .../09-libegl-dev_1.3.2-1~ubuntu0.20.04.2_amd64.deb ...
Unpacking libegl-dev:amd64 (1.3.2-1~ubuntu0.20.04.2) ...
Selecting previously unselected package libgles1:amd64.
Preparing to unpack .../10-libgles1_1.3.2-1~ubuntu0.20.04.2_amd64.deb ...
Unpacking libgles1:amd64 (1.3.2-1~ubuntu0.20.04.2) ...
Selecting previously unselected package libgles2:amd64.
Preparing to unpack .../11-libgles2_1.3.2-1~ubuntu0.20.04.2_amd64.deb ...
Unpacking libgles2:amd64 (1.3.2-1~ubuntu0.20.04.2) ...
Selecting previously unselected package libgles-dev:amd64.
Preparing to unpack .../12-libgles-dev_1.3.2-1~ubuntu0.20.04.2_amd64.deb ...
Unpacking libgles-dev:amd64 (1.3.2-1~ubuntu0.20.04.2) ...
Selecting previously unselected package libopengl0:amd64.
Preparing to unpack .../13-libopengl0_1.3.2-1~ubuntu0.20.04.2_amd64.deb ...
Unpacking libopengl0:amd64 (1.3.2-1~ubuntu0.20.04.2) ...
Selecting previously unselected package libopengl-dev:amd64.
Preparing to unpack .../14-libopengl-dev_1.3.2-1~ubuntu0.20.04.2_amd64.deb ...
Unpacking libopengl-dev:amd64 (1.3.2-1~ubuntu0.20.04.2) ...
Selecting previously unselected package libglvnd-dev:amd64.
Preparing to unpack .../15-libglvnd-dev_1.3.2-1~ubuntu0.20.04.2_amd64.deb ...
Unpacking libglvnd-dev:amd64 (1.3.2-1~ubuntu0.20.04.2) ...
Selecting previously unselected package libegl1-mesa-dev:amd64.
Preparing to unpack .../16-libegl1-mesa-dev_21.2.6-0ubuntu0.1~20.04.2_amd64.deb ...
Unpacking libegl1-mesa-dev:amd64 (21.2.6-0ubuntu0.1~20.04.2) ...
Selecting previously unselected package libflac8:amd64.
Preparing to unpack .../17-libflac8_1.3.3-1build1_amd64.deb ...
Unpacking libflac8:amd64 (1.3.3-1build1) ...
Selecting previously unselected package libgles2-mesa-dev:amd64.
Preparing to unpack .../18-libgles2-mesa-dev_21.2.6-0ubuntu0.1~20.04.2_amd64.deb ...
Unpacking libgles2-mesa-dev:amd64 (21.2.6-0ubuntu0.1~20.04.2) ...
Selecting previously unselected package libglu1-mesa:amd64.
Preparing to unpack .../19-libglu1-mesa_9.0.1-1build1_amd64.deb ...
Unpacking libglu1-mesa:amd64 (9.0.1-1build1) ...
Selecting previously unselected package libgl1-mesa-dev:amd64.
Preparing to unpack .../20-libgl1-mesa-dev_21.2.6-0ubuntu0.1~20.04.2_amd64.deb ...
Unpacking libgl1-mesa-dev:amd64 (21.2.6-0ubuntu0.1~20.04.2) ...
Selecting previously unselected package libglu1-mesa-dev:amd64.
Preparing to unpack .../21-libglu1-mesa-dev_9.0.1-1build1_amd64.deb ...
Unpacking libglu1-mesa-dev:amd64 (9.0.1-1build1) ...
Selecting previously unselected package libibus-1.0-dev:amd64.
Preparing to unpack .../22-libibus-1.0-dev_1.5.22-2ubuntu2.1_amd64.deb ...
Unpacking libibus-1.0-dev:amd64 (1.5.22-2ubuntu2.1) ...
Selecting previously unselected package libvorbisenc2:amd64.
Preparing to unpack .../23-libvorbisenc2_1.3.6-2ubuntu1_amd64.deb ...
Unpacking libvorbisenc2:amd64 (1.3.6-2ubuntu1) ...
Selecting previously unselected package libsndfile1:amd64.
Preparing to unpack .../24-libsndfile1_1.0.28-7ubuntu0.1_amd64.deb ...
Unpacking libsndfile1:amd64 (1.0.28-7ubuntu0.1) ...
Selecting previously unselected package libpulse0:amd64.
Preparing to unpack .../25-libpulse0_1%3a13.99.1-1ubuntu3.13_amd64.deb ...
Unpacking libpulse0:amd64 (1:13.99.1-1ubuntu3.13) ...
Selecting previously unselected package libpulse-mainloop-glib0:amd64.
Preparing to unpack .../26-libpulse-mainloop-glib0_1%3a13.99.1-1ubuntu3.13_amd64.deb ...
Unpacking libpulse-mainloop-glib0:amd64 (1:13.99.1-1ubuntu3.13) ...
Selecting previously unselected package libpulse-dev:amd64.
Preparing to unpack .../27-libpulse-dev_1%3a13.99.1-1ubuntu3.13_amd64.deb ...
Unpacking libpulse-dev:amd64 (1:13.99.1-1ubuntu3.13) ...
Selecting previously unselected package libsdl2-2.0-0:amd64.
Preparing to unpack .../28-libsdl2-2.0-0_2.0.10+dfsg1-3_amd64.deb ...
Unpacking libsdl2-2.0-0:amd64 (2.0.10+dfsg1-3) ...
Selecting previously unselected package libsndio7.0:amd64.
Preparing to unpack .../29-libsndio7.0_1.5.0-3_amd64.deb ...
Unpacking libsndio7.0:amd64 (1.5.0-3) ...
Selecting previously unselected package libsndio-dev:amd64.
Preparing to unpack .../30-libsndio-dev_1.5.0-3_amd64.deb ...
Unpacking libsndio-dev:amd64 (1.5.0-3) ...
Selecting previously unselected package libudev-dev:amd64.
Preparing to unpack .../31-libudev-dev_245.4-4ubuntu3.17_amd64.deb ...
Unpacking libudev-dev:amd64 (245.4-4ubuntu3.17) ...
Selecting previously unselected package libwayland-bin.
Preparing to unpack .../32-libwayland-bin_1.18.0-1_amd64.deb ...
Unpacking libwayland-bin (1.18.0-1) ...
Selecting previously unselected package libwayland-dev:amd64.
Preparing to unpack .../33-libwayland-dev_1.18.0-1_amd64.deb ...
Unpacking libwayland-dev:amd64 (1.18.0-1) ...
Selecting previously unselected package libxfixes-dev:amd64.
Preparing to unpack .../34-libxfixes-dev_1%3a5.0.3-2_amd64.deb ...
Unpacking libxfixes-dev:amd64 (1:5.0.3-2) ...
Selecting previously unselected package libxcursor-dev:amd64.
Preparing to unpack .../35-libxcursor-dev_1%3a1.2.0-2_amd64.deb ...
Unpacking libxcursor-dev:amd64 (1:1.2.0-2) ...
Selecting previously unselected package x11proto-input-dev.
Preparing to unpack .../36-x11proto-input-dev_2019.2-1ubuntu1_all.deb ...
Unpacking x11proto-input-dev (2019.2-1ubuntu1) ...
Selecting previously unselected package libxi-dev:amd64.
Preparing to unpack .../37-libxi-dev_2%3a1.7.10-0ubuntu1_amd64.deb ...
Unpacking libxi-dev:amd64 (2:1.7.10-0ubuntu1) ...
Selecting previously unselected package x11proto-xinerama-dev.
Preparing to unpack .../38-x11proto-xinerama-dev_2019.2-1ubuntu1_all.deb ...
Unpacking x11proto-xinerama-dev (2019.2-1ubuntu1) ...
Selecting previously unselected package libxinerama-dev:amd64.
Preparing to unpack .../39-libxinerama-dev_2%3a1.1.4-2_amd64.deb ...
Unpacking libxinerama-dev:amd64 (2:1.1.4-2) ...
Selecting previously unselected package libxkbcommon-dev:amd64.
Preparing to unpack .../40-libxkbcommon-dev_0.10.0-1_amd64.deb ...
Unpacking libxkbcommon-dev:amd64 (0.10.0-1) ...
Selecting previously unselected package x11proto-randr-dev.
Preparing to unpack .../41-x11proto-randr-dev_2019.2-1ubuntu1_all.deb ...
Unpacking x11proto-randr-dev (2019.2-1ubuntu1) ...
Selecting previously unselected package libxrandr-dev:amd64.
Preparing to unpack .../42-libxrandr-dev_2%3a1.5.2-0ubuntu1_amd64.deb ...
Unpacking libxrandr-dev:amd64 (2:1.5.2-0ubuntu1) ...
Selecting previously unselected package x11proto-scrnsaver-dev.
Preparing to unpack .../43-x11proto-scrnsaver-dev_2019.2-1ubuntu1_all.deb ...
Unpacking x11proto-scrnsaver-dev (2019.2-1ubuntu1) ...
Selecting previously unselected package libxss-dev:amd64.
Preparing to unpack .../44-libxss-dev_1%3a1.2.3-1_amd64.deb ...
Unpacking libxss-dev:amd64 (1:1.2.3-1) ...
Selecting previously unselected package libxv-dev:amd64.
Preparing to unpack .../45-libxv-dev_2%3a1.0.11-1_amd64.deb ...
Unpacking libxv-dev:amd64 (2:1.0.11-1) ...
Selecting previously unselected package x11proto-xf86vidmode-dev.
Preparing to unpack .../46-x11proto-xf86vidmode-dev_2019.2-1ubuntu1_all.deb ...
Unpacking x11proto-xf86vidmode-dev (2019.2-1ubuntu1) ...
Selecting previously unselected package libxxf86vm-dev:amd64.
Preparing to unpack .../47-libxxf86vm-dev_1%3a1.1.4-1build1_amd64.deb ...
Unpacking libxxf86vm-dev:amd64 (1:1.1.4-1build1) ...
Selecting previously unselected package libsdl2-dev:amd64.
Preparing to unpack .../48-libsdl2-dev_2.0.10+dfsg1-3_amd64.deb ...
Unpacking libsdl2-dev:amd64 (2.0.10+dfsg1-3) ...
Setting up x11proto-randr-dev (2019.2-1ubuntu1) ...
Setting up libxkbcommon-dev:amd64 (0.10.0-1) ...
Setting up libibus-1.0-5:amd64 (1.5.22-2ubuntu2.1) ...
Setting up x11proto-xinerama-dev (2019.2-1ubuntu1) ...
Setting up libopengl0:amd64 (1.3.2-1~ubuntu0.20.04.2) ...
Setting up libflac8:amd64 (1.3.3-1build1) ...
Setting up libxfixes-dev:amd64 (1:5.0.3-2) ...
Setting up libxv-dev:amd64 (2:1.0.11-1) ...
Setting up libwayland-bin (1.18.0-1) ...
Setting up libxrandr-dev:amd64 (2:1.5.2-0ubuntu1) ...
Setting up libegl-mesa0:amd64 (21.2.6-0ubuntu0.1~20.04.2) ...
Setting up libgles2:amd64 (1.3.2-1~ubuntu0.20.04.2) ...
Setting up libdbus-1-dev:amd64 (1.12.16-2ubuntu2.2) ...
Setting up libgles1:amd64 (1.3.2-1~ubuntu0.20.04.2) ...
Setting up x11proto-input-dev (2019.2-1ubuntu1) ...
Setting up libudev-dev:amd64 (245.4-4ubuntu3.17) ...
Setting up libxinerama-dev:amd64 (2:1.1.4-2) ...
Setting up libsndio7.0:amd64 (1.5.0-3) ...
Setting up x11proto-xf86vidmode-dev (2019.2-1ubuntu1) ...
Setting up libasyncns0:amd64 (0.8-6) ...
Setting up libegl1:amd64 (1.3.2-1~ubuntu0.20.04.2) ...
Setting up libglx-dev:amd64 (1.3.2-1~ubuntu0.20.04.2) ...
Setting up libglu1-mesa:amd64 (9.0.1-1build1) ...
Setting up libopengl-dev:amd64 (1.3.2-1~ubuntu0.20.04.2) ...
Setting up libxi-dev:amd64 (2:1.7.10-0ubuntu1) ...
Setting up libasound2-dev:amd64 (1.2.2-2.1ubuntu2.5) ...
Setting up x11proto-scrnsaver-dev (2019.2-1ubuntu1) ...
Setting up gir1.2-ibus-1.0:amd64 (1.5.22-2ubuntu2.1) ...
Setting up libgl-dev:amd64 (1.3.2-1~ubuntu0.20.04.2) ...
Setting up libvorbisenc2:amd64 (1.3.6-2ubuntu1) ...
Setting up libsndio-dev:amd64 (1.5.0-3) ...
Setting up libegl-dev:amd64 (1.3.2-1~ubuntu0.20.04.2) ...
Setting up libxcursor-dev:amd64 (1:1.2.0-2) ...
Setting up libxxf86vm-dev:amd64 (1:1.1.4-1build1) ...
Setting up libxss-dev:amd64 (1:1.2.3-1) ...
Setting up libwayland-dev:amd64 (1.18.0-1) ...
Setting up libibus-1.0-dev:amd64 (1.5.22-2ubuntu2.1) ...
Setting up libglu1-mesa-dev:amd64 (9.0.1-1build1) ...
Setting up libsndfile1:amd64 (1.0.28-7ubuntu0.1) ...
Setting up libgles-dev:amd64 (1.3.2-1~ubuntu0.20.04.2) ...
Setting up libpulse0:amd64 (1:13.99.1-1ubuntu3.13) ...
Setting up libglvnd-dev:amd64 (1.3.2-1~ubuntu0.20.04.2) ...
Setting up libpulse-mainloop-glib0:amd64 (1:13.99.1-1ubuntu3.13) ...
Setting up libpulse-dev:amd64 (1:13.99.1-1ubuntu3.13) ...
Setting up libgl1-mesa-dev:amd64 (21.2.6-0ubuntu0.1~20.04.2) ...
Setting up libsdl2-2.0-0:amd64 (2.0.10+dfsg1-3) ...
Setting up libegl1-mesa-dev:amd64 (21.2.6-0ubuntu0.1~20.04.2) ...
Setting up libgles2-mesa-dev:amd64 (21.2.6-0ubuntu0.1~20.04.2) ...
Setting up libsdl2-dev:amd64 (2.0.10+dfsg1-3) ...
Processing triggers for man-db (2.9.1-1) ...
Processing triggers for libc-bin (2.31-0ubuntu9.9) ...
Note: Deploying libsdl2_image=2.0.5...
The system package 'libsdl2-image-dev' is about to be installed.
This action might require admin privileges and impact your system installation.
Do you want Alire to install this system package?
Using default: Yes
Selecting previously unselected package libsdl2-image-2.0-0:amd64.
(Reading database ... 
(Reading database ... 5%
(Reading database ... 10%
(Reading database ... 15%
(Reading database ... 20%
(Reading database ... 25%
(Reading database ... 30%
(Reading database ... 35%
(Reading database ... 40%
(Reading database ... 45%
(Reading database ... 50%
(Reading database ... 55%
(Reading database ... 60%
(Reading database ... 65%
(Reading database ... 70%
(Reading database ... 75%
(Reading database ... 80%
(Reading database ... 85%
(Reading database ... 90%
(Reading database ... 95%
(Reading database ... 100%
(Reading database ... 236951 files and directories currently installed.)
Preparing to unpack .../libsdl2-image-2.0-0_2.0.5+dfsg1-2_amd64.deb ...
Unpacking libsdl2-image-2.0-0:amd64 (2.0.5+dfsg1-2) ...
Selecting previously unselected package libsdl2-image-dev:amd64.
Preparing to unpack .../libsdl2-image-dev_2.0.5+dfsg1-2_amd64.deb ...
Unpacking libsdl2-image-dev:amd64 (2.0.5+dfsg1-2) ...
Setting up libsdl2-image-2.0-0:amd64 (2.0.5+dfsg1-2) ...
Setting up libsdl2-image-dev:amd64 (2.0.5+dfsg1-2) ...
Processing triggers for libc-bin (2.31-0ubuntu9.9) ...
Note: Deploying libsdl2_ttf=2.0.15...
The system package 'libsdl2-ttf-dev' is about to be installed.
This action might require admin privileges and impact your system installation.
Do you want Alire to install this system package?
Using default: Yes
Selecting previously unselected package libsdl2-ttf-2.0-0:amd64.
(Reading database ... 
(Reading database ... 5%
(Reading database ... 10%
(Reading database ... 15%
(Reading database ... 20%
(Reading database ... 25%
(Reading database ... 30%
(Reading database ... 35%
(Reading database ... 40%
(Reading database ... 45%
(Reading database ... 50%
(Reading database ... 55%
(Reading database ... 60%
(Reading database ... 65%
(Reading database ... 70%
(Reading database ... 75%
(Reading database ... 80%
(Reading database ... 85%
(Reading database ... 90%
(Reading database ... 95%
(Reading database ... 100%
(Reading database ... 236967 files and directories currently installed.)
Preparing to unpack .../libsdl2-ttf-2.0-0_2.0.15+dfsg1-1_amd64.deb ...
Unpacking libsdl2-ttf-2.0-0:amd64 (2.0.15+dfsg1-1) ...
Selecting previously unselected package libsdl2-ttf-dev:amd64.
Preparing to unpack .../libsdl2-ttf-dev_2.0.15+dfsg1-1_amd64.deb ...
Unpacking libsdl2-ttf-dev:amd64 (2.0.15+dfsg1-1) ...
Setting up libsdl2-ttf-2.0-0:amd64 (2.0.15+dfsg1-1) ...
Setting up libsdl2-ttf-dev:amd64 (2.0.15+dfsg1-1) ...
Processing triggers for libc-bin (2.31-0ubuntu9.9) ...
Note: Deploying lvgl_ada=0.2.0...
Note: Deploying make=4.2.1...
Note: Deploying sdlada=2.5.4-1...
Note: Running post_fetch actions for sdlada=2.5.4-1...
make: Entering directory '/home/runner/work/alire-crates-ci/alire-crates-ci/test/2d85773f-caaa-4b25-a229-d0d9461d166e/lvgl_ada_simulator_0.1.1_524f51ba/alire/cache/dependencies/sdlada_2.5.4_7981bbd6/build/gnat'
gprbuild -p -gnat2012 -XSDL_MODE=debug -XSDL_PLATFORM=linux \
	-Ptools.gpr
Setup
   [mkdir]        object directory for project Tools
Compile
   [Ada]          gen_keyboard.adb
   [Ada]          scancodes.ads
   [Ada]          utils.adb
Bind
   [gprbind]      gen_keyboard.bexch
   [Ada]          gen_keyboard.ali
Link
   [link]         gen_keyboard.adb
./gen/debug/tools/gen_keyboard > gen/src/sdl-events-keyboards.ads
gprbuild -p -gnat2012 -XSDL_MODE=debug -XSDL_PLATFORM=linux \
	-Psdlada.gpr
Setup
   [mkdir]        object directory for project SDLAda
Compile
   [C]            version_ttf.c
   [C]            version_images.c
   [C]            version.c
   [Ada]          sdl-ttfs.adb
   [Ada]          sdl-ttfs-makers.adb
   [Ada]          sdl-ttfs-versions.adb
   [Ada]          sdl-images-io.adb
   [Ada]          sdl-images-versions.adb
   [Ada]          sdl-images.adb
   [Ada]          sdl-rwops.adb
   [Ada]          sdl-inputs-joysticks.adb
   [Ada]          sdl-video-surfaces.adb
   [Ada]          sdl-video-windows-manager.adb
   [Ada]          sdl-events-windows.ads
   [Ada]          sdl-c_pointers.ads
   [Ada]          sdl-events-joysticks-game_controllers.adb
   [Ada]          sdl-events-files.ads
   [Ada]          sdl-platform.adb
   [Ada]          sdl-video-rectangles.adb
   [Ada]          sdl-events.ads
   [Ada]          sdl-inputs-keyboards.adb
   [Ada]          sdl-events-mice.ads
   [Ada]          sdl-inputs-mice.adb
   [Ada]          sdl-video-windows.adb
   [Ada]          sdl-inputs-mice-cursors.adb
   [Ada]          sdl-video-renderers.adb
   [Ada]          sdl-versions.adb
   [Ada]          sdl-power.adb
   [Ada]          sdl-video-textures-makers.adb
   [Ada]          sdl-video-pixel_formats.adb
   [Ada]          sdl-log.adb
   [Ada]          sdl-libraries.adb
   [Ada]          sdl-video-windows-makers.adb
   [Ada]          sdl-events-controllers.ads
   [Ada]          sdl-timers.ads
   [Ada]          sdl-inputs-joysticks-game_controllers-makers.adb
   [Ada]          sdl-rwops-streams.adb
   [Ada]          sdl-video-renderers-makers.adb
   [Ada]          sdl-video-gl.adb
sdl-video-gl.adb:49:07: warning: literal "Attribute_Retained_Backing" is not referenced
   [Ada]          sdl-inputs.ads
   [Ada]          sdl-inputs-joysticks-game_controllers.adb
   [Ada]          sdl-video-textures.adb
   [Ada]          sdl-cpus.adb
   [Ada]          sdl-events-touches.ads
   [Ada]          sdl-error.adb
   [Ada]          sdl-hints.adb
   [Ada]          sdl-video-displays.adb
   [Ada]          sdl-events-keyboards.adb
   [Ada]          sdl-video-pixels.ads
   [Ada]          sdl-inputs-joysticks-makers.adb
   [Ada]          sdl-video-surfaces-makers.adb
   [Ada]          sdl-video-palettes.adb
sdl-video-palettes.ads:59:42: warning: 8 bits of "RGB_Colour" unused
   [Ada]          sdl-clipboard.adb
   [Ada]          sdl-events-events.adb
   [Ada]          sdl-video.adb
   [Ada]          sdl.adb
   [Ada]          sdl-events-joysticks.adb
Build Libraries
   [gprlib]       sdlada.lexch
   [archive]      libsdlada.a
   [index]        libsdlada.a
gprbuild -p -gnat2012 -XSDL_MODE=debug -XSDL_PLATFORM=linux \
	-Ptest_maths_build.gpr
Setup
   [mkdir]        object directory for project Test_Maths_Build
Compile
   [C]            maths_sub.c
   [Ada]          maths.adb
Build Libraries
   [gprlib]       testmaths.lexch
   [link library] libtestmaths.so
gprbuild -p -gnat2012 -XSDL_MODE=debug -XSDL_PLATFORM=linux \
	-Ptests.gpr -cargs `sdl2-config --cflags` -largs `sdl2-config --libs` -lSDL2_ttf -lSDL2_image
Compile
   [Ada]          test.adb
   [Ada]          version.adb
   [Ada]          platform.adb
platform.adb:19:34: warning: condition is always False
   [Ada]          error.adb
   [Ada]          libraries.adb
   [Ada]          clipboard.adb
   [Ada]          stream.adb
   [Ada]          stream2.adb
stream2.adb:180:16: warning: variable "Start_Time" is assigned but never read
stream2.adb:181:16: warning: variable "End_Time" is assigned but never read
   [Ada]          surface.adb
   [Ada]          rwops.adb
   [Ada]          timers.adb
   [Ada]          create_window.adb
   [Ada]          mouse.adb
   [Ada]          load_surface.adb
   [Ada]          ttf.adb
Bind
   [gprbind]      test.bexch
   [Ada]          test.ali
   [gprbind]      version.bexch
   [Ada]          version.ali
   [gprbind]      platform.bexch
   [Ada]          platform.ali
   [gprbind]      error.bexch
   [Ada]          error.ali
   [gprbind]      libraries.bexch
   [Ada]          libraries.ali
   [gprbind]      clipboard.bexch
   [Ada]          clipboard.ali
   [gprbind]      stream.bexch
   [Ada]          stream.ali
   [gprbind]      stream2.bexch
   [Ada]          stream2.ali
   [gprbind]      surface.bexch
   [Ada]          surface.ali
   [gprbind]      rwops.bexch
   [Ada]          rwops.ali
   [gprbind]      timers.bexch
   [Ada]          timers.ali
   [gprbind]      create_window.bexch
   [Ada]          create_window.ali
   [gprbind]      mouse.bexch
   [Ada]          mouse.ali
   [gprbind]      load_surface.bexch
   [Ada]          load_surface.ali
   [gprbind]      ttf.bexch
   [Ada]          ttf.ali
Link
   [link]         test.adb
   [link]         version.adb
   [link]         platform.adb
   [link]         error.adb
   [link]         libraries.adb
   [link]         clipboard.adb
   [link]         stream.adb
   [link]         stream2.adb
   [link]         surface.adb
   [link]         rwops.adb
   [link]         timers.adb
   [link]         create_window.adb
   [link]         mouse.adb
   [link]         load_surface.adb
   [link]         ttf.adb
make: Leaving directory '/home/runner/work/alire-crates-ci/alire-crates-ci/test/2d85773f-caaa-4b25-a229-d0d9461d166e/lvgl_ada_simulator_0.1.1_524f51ba/alire/cache/dependencies/sdlada_2.5.4_7981bbd6/build/gnat'
stderr: Configuration variable 'lvgl_ada.density_per_inch not set and has no default value.
ERROR: Configuration variable 'lvgl_ada.density_per_inch not set and has no default value.
