Test ran at 2024-12-20 00:52:43.263555+00:00

SOLUTION:
gnat_avr_elf=12.2.1: The GNAT Ada compiler - AVR cross-compiler
Provides: gnat=12.2.1
Origin: (case OS is Linux => (case Host_Arch is X86_64 => binary archive gnat-avr-elf-linux64-12.2.0-1.tar.gz at https://github.com/alire-project/GNAT-FSF-builds/releases/download/gnat-12.2.0-1/gnat-avr-elf-linux64-12.2.0-1.tar.gz), Macos => (case Host_Arch is X86_64 => binary archive gnat-avr-elf-darwin-12.2.0-1.tar.gz at https://github.com/alire-project/GNAT-FSF-builds/releases/download/gnat-12.2.0-1/gnat-avr-elf-darwin-12.2.0-1.tar.gz), Windows => (case Host_Arch is X86_64 => binary archive gnat-avr-elf-windows64-12.2.0-1.tar.gz at https://github.com/alire-project/GNAT-FSF-builds/releases/download/gnat-12.2.0-1/gnat-avr-elf-windows64-12.2.0-1.tar.gz)) with hash sha256:8e59f77f4f5ff0670d4063712d1f4afa9e5793e200c6608007a28ba23f0bcf94
Properties:
   Auto_Gpr_With: auto-gpr-with=false
   Configuration: no modifiers
   Description: The GNAT Ada compiler - AVR cross-compiler
   Environment: PATH=${CRATE_ROOT}/bin:${PATH}
   License: GPL-3.0-or-later AND GPL-3.0-or-later WITH GCC-exception-3.1
   Maintainer: chouteau@adacore.com
   Maintainers_Logins: Fabien-Chouteau
   Name: gnat_avr_elf
   Version: 12.2.1


LOG:
Note: Deploying gnat_avr_elf=12.2.1...
#=#=#                                                                          

                                                                           0.0%
###                                                                        4.7%
######                                                                     9.3%
##########                                                                14.0%
#############                                                             18.6%
################                                                          23.2%
####################                                                      27.9%
####################                                                      28.8%
####################                                                      28.8%
#######################                                                   32.5%
##########################                                                37.2%
##############################                                            41.8%
#################################                                         46.5%
####################################                                      51.2%
#####################################                                     52.0%
######################################                                    52.8%
########################################                                  55.8%
###########################################                               60.4%
##############################################                            65.0%
##################################################                        69.7%
#####################################################                     74.4%
########################################################                  79.0%
############################################################              83.6%
###############################################################           88.3%
###################################################################       93.5%
######################################################################    97.6%
#######################################################################   99.4%
#######################################################################   99.4%
######################################################################## 100.0%

gnat_avr_elf=12.2.1 successfully retrieved.
There are no dependencies.
Warning: Binary release does not contain default project file: gnat_avr_elf.gpr
