Test ran at 2025-02-04 12:37:38.778861+00:00

SOLUTION:
openglada_glfw=0.9.0: GLFW binding for use with OpenGLAda
Origin: source archive openglada_glfw-0.9.0.tgz at https://github.com/flyx/OpenGLAda/releases/download/v0.9.0/openglada_glfw-0.9.0.tgz with hash sha512:fc25165caf510898d8c804b0ca4d8f763d49e0bd144ac70a2547f935ee90804b6ea5a1389eee08bb5528546f87eedb5b4e5884360a3a562a57338acea95f0e91
Properties:
   Author: Felix Krause
   Description: GLFW binding for use with OpenGLAda
   License: MIT
   Maintainer: Felix Krause <contact@flyx.org>
   Maintainers_Logins: flyx
   Name: openglada_glfw
   Project_File: opengl-glfw.gpr
   Tag: opengl
   Tag: glfw
   Tag: binding
   Tag: gui
   Version: 0.9.0
   Website: http://flyx.github.io/OpenGLAda/
Dependencies (direct):
   libglfw3^3
   openglada~0.9.0
Dependencies (solution):
   openglada=0.9.0
Dependencies (external):
   libglfw3^3 (direct,hinted)
Dependencies (graph):
   openglada_glfw=0.9.0 --> libglfw3^3              
   openglada_glfw=0.9.0 --> openglada=0.9.0 (~0.9.0)
Dependencies cannot be met


LOG:
