Test ran at 2024-12-17 12:25:38.811161+00:00

SOLUTION:
brackelib=0.0.2: Library which contains various utility packages.
Origin: commit e08b60411a7469999cf69419780c76237aaa4d35 from https://github.com/bracke/brackelib.git
Properties:
   Author: Bent Bracke
   Description: Library which contains various utility packages.
   License: CC0-1.0
   Long_Description: Ada library which contains various utility packages. Currently only a few implementations of abstract data types.
   Maintainer: Bent Bracke <bent@bracke.dk>
   Maintainers_Logins: bracke
   Name: brackelib
   Tag: utility
   Tag: adt
   Tag: stack
   Tag: queue
   Version: 0.0.2
   Website: https://github.com/bracke/brackelib


LOG:
Note: Deploying brackelib=0.0.2...
Note: Building brackelib/brackelib.gpr...
Setup
   [mkdir]        object directory for project Brackelib
   [mkdir]        library directory for project Brackelib
Compile
   [Ada]          brackelib-stacks.adb
   [Ada]          brackelib.ads
   [Ada]          brackelib-queues.adb
Build Libraries
   [gprlib]       Brackelib.lexch
   [archive]      libBrackelib.a
   [index]        libBrackelib.a
Build finished successfully in 0.23 seconds.

brackelib=0.0.2 successfully retrieved and built.
There are no dependencies.
Found declared GPR file: brackelib.gpr
