Test ran at 2022-06-04 12:52:11.662046+00:00

SOLUTION:
rp2040_hal=1.5.0: Drivers and HAL for the RP2040 micro-controller family
Origin: commit fee519d49256de7ffb4ffa7820bd70b809f3a7d4 from https://github.com/JeremyGrosser/rp2040_hal.git
Properties:
   Author: Jeremy Grosser
   Config set: atomic {Backend := armv6m}
   Config type: Flash_Chip : Enum (w25qxx, generic_qspi, generic_03) default: 'w25qxx'
   Config type: Use_Startup : Boolean default: 'TRUE'
   Configuration: no modifiers
   Description: Drivers and HAL for the RP2040 micro-controller family
   License: BSD-3-Clause
   Maintainer: Jeremy Grosser <jeremy@synack.me>
   Maintainers_Logins: JeremyGrosser
   Name: rp2040_hal
   Tag: embedded
   Tag: nostd
   Tag: rp2040
   Tag: raspberrypi
   Tag: drivers
   Version: 1.5.0
   Website: https://pico-doc.synack.me/
Dependencies (direct):
   cortex_m~0.3
   gnat_arm_elf^11.2
   hal~0.1
   usb_embedded~0.2
Dependencies (solution):
   atomic=0.4.1
   bbqueue=0.3.0
   cortex_m=0.3.0
   gnat=11.2.4 (gnat_arm_elf) (installed)
   gnat_arm_elf=11.2.4 (installed)
   hal=0.1.0
   usb_embedded=0.2.0
Dependencies (graph):
   bbqueue=0.3.0      --> atomic=0.4.1 (~0.4)              
   bbqueue=0.3.0      --> gnat=11.2.4 (gnat_arm_elf) (>=10)
   cortex_m=0.3.0     --> hal=0.1.0 (^0.1.0)               
   rp2040_hal=1.5.0   --> cortex_m=0.3.0 (~0.3)            
   rp2040_hal=1.5.0   --> gnat_arm_elf=11.2.4 (^11.2)      
   rp2040_hal=1.5.0   --> hal=0.1.0 (~0.1)                 
   rp2040_hal=1.5.0   --> usb_embedded=0.2.0 (~0.2)        
   usb_embedded=0.2.0 --> bbqueue=0.3.0 (~0.3.0)           
   usb_embedded=0.2.0 --> hal=0.1.0 (~0.1.0)               


LOG:
Note: Deploying release rp2040_hal=1.5.0...
Cloning into '/Users/runner/work/alire-crates-ci/alire-crates-ci/test/69c86a2f-cd35-49f6-9b32-ab145820049b/alr-fvfo.tmp'...
remote: Enumerating objects: 2320, done.        
remote: Counting objects:   0% (1/290)        
remote: Counting objects:   1% (3/290)        
remote: Counting objects:   2% (6/290)        
remote: Counting objects:   3% (9/290)        
remote: Counting objects:   4% (12/290)        
remote: Counting objects:   5% (15/290)        
remote: Counting objects:   6% (18/290)        
remote: Counting objects:   7% (21/290)        
remote: Counting objects:   8% (24/290)        
remote: Counting objects:   9% (27/290)        
remote: Counting objects:  10% (29/290)        
remote: Counting objects:  11% (32/290)        
remote: Counting objects:  12% (35/290)        
remote: Counting objects:  13% (38/290)        
remote: Counting objects:  14% (41/290)        
remote: Counting objects:  15% (44/290)        
remote: Counting objects:  16% (47/290)        
remote: Counting objects:  17% (50/290)        
remote: Counting objects:  18% (53/290)        
remote: Counting objects:  19% (56/290)        
remote: Counting objects:  20% (58/290)        
remote: Counting objects:  21% (61/290)        
remote: Counting objects:  22% (64/290)        
remote: Counting objects:  23% (67/290)        
remote: Counting objects:  24% (70/290)        
remote: Counting objects:  25% (73/290)        
remote: Counting objects:  26% (76/290)        
remote: Counting objects:  27% (79/290)        
remote: Counting objects:  28% (82/290)        
remote: Counting objects:  29% (85/290)        
remote: Counting objects:  30% (87/290)        
remote: Counting objects:  31% (90/290)        
remote: Counting objects:  32% (93/290)        
remote: Counting objects:  33% (96/290)        
remote: Counting objects:  34% (99/290)        
remote: Counting objects:  35% (102/290)        
remote: Counting objects:  36% (105/290)        
remote: Counting objects:  37% (108/290)        
remote: Counting objects:  38% (111/290)        
remote: Counting objects:  39% (114/290)        
remote: Counting objects:  40% (116/290)        
remote: Counting objects:  41% (119/290)        
remote: Counting objects:  42% (122/290)        
remote: Counting objects:  43% (125/290)        
remote: Counting objects:  44% (128/290)        
remote: Counting objects:  45% (131/290)        
remote: Counting objects:  46% (134/290)        
remote: Counting objects:  47% (137/290)        
remote: Counting objects:  48% (140/290)        
remote: Counting objects:  49% (143/290)        
remote: Counting objects:  50% (145/290)        
remote: Counting objects:  51% (148/290)        
remote: Counting objects:  52% (151/290)        
remote: Counting objects:  53% (154/290)        
remote: Counting objects:  54% (157/290)        
remote: Counting objects:  55% (160/290)        
remote: Counting objects:  56% (163/290)        
remote: Counting objects:  57% (166/290)        
remote: Counting objects:  58% (169/290)        
remote: Counting objects:  59% (172/290)        
remote: Counting objects:  60% (174/290)        
remote: Counting objects:  61% (177/290)        
remote: Counting objects:  62% (180/290)        
remote: Counting objects:  63% (183/290)        
remote: Counting objects:  64% (186/290)        
remote: Counting objects:  65% (189/290)        
remote: Counting objects:  66% (192/290)        
remote: Counting objects:  67% (195/290)        
remote: Counting objects:  68% (198/290)        
remote: Counting objects:  69% (201/290)        
remote: Counting objects:  70% (203/290)        
remote: Counting objects:  71% (206/290)        
remote: Counting objects:  72% (209/290)        
remote: Counting objects:  73% (212/290)        
remote: Counting objects:  74% (215/290)        
remote: Counting objects:  75% (218/290)        
remote: Counting objects:  76% (221/290)        
remote: Counting objects:  77% (224/290)        
remote: Counting objects:  78% (227/290)        
remote: Counting objects:  79% (230/290)        
remote: Counting objects:  80% (232/290)        
remote: Counting objects:  81% (235/290)        
remote: Counting objects:  82% (238/290)        
remote: Counting objects:  83% (241/290)        
remote: Counting objects:  84% (244/290)        
remote: Counting objects:  85% (247/290)        
remote: Counting objects:  86% (250/290)        
remote: Counting objects:  87% (253/290)        
remote: Counting objects:  88% (256/290)        
remote: Counting objects:  89% (259/290)        
remote: Counting objects:  90% (261/290)        
remote: Counting objects:  91% (264/290)        
remote: Counting objects:  92% (267/290)        
remote: Counting objects:  93% (270/290)        
remote: Counting objects:  94% (273/290)        
remote: Counting objects:  95% (276/290)        
remote: Counting objects:  96% (279/290)        
remote: Counting objects:  97% (282/290)        
remote: Counting objects:  98% (285/290)        
remote: Counting objects:  99% (288/290)        
remote: Counting objects: 100% (290/290)        
remote: Counting objects: 100% (290/290), done.        
remote: Compressing objects:   0% (1/161)        
remote: Compressing objects:   1% (2/161)        
remote: Compressing objects:   2% (4/161)        
remote: Compressing objects:   3% (5/161)        
remote: Compressing objects:   4% (7/161)        
remote: Compressing objects:   5% (9/161)        
remote: Compressing objects:   6% (10/161)        
remote: Compressing objects:   7% (12/161)        
remote: Compressing objects:   8% (13/161)        
remote: Compressing objects:   9% (15/161)        
remote: Compressing objects:  10% (17/161)        
remote: Compressing objects:  11% (18/161)        
remote: Compressing objects:  12% (20/161)        
remote: Compressing objects:  13% (21/161)        
remote: Compressing objects:  14% (23/161)        
remote: Compressing objects:  15% (25/161)        
remote: Compressing objects:  16% (26/161)        
remote: Compressing objects:  17% (28/161)        
remote: Compressing objects:  18% (29/161)        
remote: Compressing objects:  19% (31/161)        
remote: Compressing objects:  20% (33/161)        
remote: Compressing objects:  21% (34/161)        
remote: Compressing objects:  22% (36/161)        
remote: Compressing objects:  23% (38/161)        
remote: Compressing objects:  24% (39/161)        
remote: Compressing objects:  25% (41/161)        
remote: Compressing objects:  26% (42/161)        
remote: Compressing objects:  27% (44/161)        
remote: Compressing objects:  28% (46/161)        
remote: Compressing objects:  29% (47/161)        
remote: Compressing objects:  30% (49/161)        
remote: Compressing objects:  31% (50/161)        
remote: Compressing objects:  32% (52/161)        
remote: Compressing objects:  33% (54/161)        
remote: Compressing objects:  34% (55/161)        
remote: Compressing objects:  35% (57/161)        
remote: Compressing objects:  36% (58/161)        
remote: Compressing objects:  37% (60/161)        
remote: Compressing objects:  38% (62/161)        
remote: Compressing objects:  39% (63/161)        
remote: Compressing objects:  40% (65/161)        
remote: Compressing objects:  41% (67/161)        
remote: Compressing objects:  42% (68/161)        
remote: Compressing objects:  43% (70/161)        
remote: Compressing objects:  44% (71/161)        
remote: Compressing objects:  45% (73/161)        
remote: Compressing objects:  46% (75/161)        
remote: Compressing objects:  47% (76/161)        
remote: Compressing objects:  48% (78/161)        
remote: Compressing objects:  49% (79/161)        
remote: Compressing objects:  50% (81/161)        
remote: Compressing objects:  51% (83/161)        
remote: Compressing objects:  52% (84/161)        
remote: Compressing objects:  53% (86/161)        
remote: Compressing objects:  54% (87/161)        
remote: Compressing objects:  55% (89/161)        
remote: Compressing objects:  56% (91/161)        
remote: Compressing objects:  57% (92/161)        
remote: Compressing objects:  58% (94/161)        
remote: Compressing objects:  59% (95/161)        
remote: Compressing objects:  60% (97/161)        
remote: Compressing objects:  61% (99/161)        
remote: Compressing objects:  62% (100/161)        
remote: Compressing objects:  63% (102/161)        
remote: Compressing objects:  64% (104/161)        
remote: Compressing objects:  65% (105/161)        
remote: Compressing objects:  66% (107/161)        
remote: Compressing objects:  67% (108/161)        
remote: Compressing objects:  68% (110/161)        
remote: Compressing objects:  69% (112/161)        
remote: Compressing objects:  70% (113/161)        
remote: Compressing objects:  71% (115/161)        
remote: Compressing objects:  72% (116/161)        
remote: Compressing objects:  73% (118/161)        
remote: Compressing objects:  74% (120/161)        
remote: Compressing objects:  75% (121/161)        
remote: Compressing objects:  76% (123/161)        
remote: Compressing objects:  77% (124/161)        
remote: Compressing objects:  78% (126/161)        
remote: Compressing objects:  79% (128/161)        
remote: Compressing objects:  80% (129/161)        
remote: Compressing objects:  81% (131/161)        
remote: Compressing objects:  82% (133/161)        
remote: Compressing objects:  83% (134/161)        
remote: Compressing objects:  84% (136/161)        
remote: Compressing objects:  85% (137/161)        
remote: Compressing objects:  86% (139/161)        
remote: Compressing objects:  87% (141/161)        
remote: Compressing objects:  88% (142/161)        
remote: Compressing objects:  89% (144/161)        
remote: Compressing objects:  90% (145/161)        
remote: Compressing objects:  91% (147/161)        
remote: Compressing objects:  92% (149/161)        
remote: Compressing objects:  93% (150/161)        
remote: Compressing objects:  94% (152/161)        
remote: Compressing objects:  95% (153/161)        
remote: Compressing objects:  96% (155/161)        
remote: Compressing objects:  97% (157/161)        
remote: Compressing objects:  98% (158/161)        
remote: Compressing objects:  99% (160/161)        
remote: Compressing objects: 100% (161/161)        
remote: Compressing objects: 100% (161/161), done.        
Receiving objects:   0% (1/2320)
Receiving objects:   1% (24/2320)
Receiving objects:   2% (47/2320)
Receiving objects:   3% (70/2320)
Receiving objects:   4% (93/2320)
Receiving objects:   5% (116/2320)
Receiving objects:   6% (140/2320)
Receiving objects:   7% (163/2320)
Receiving objects:   8% (186/2320)
Receiving objects:   9% (209/2320)
Receiving objects:  10% (232/2320)
Receiving objects:  11% (256/2320)
Receiving objects:  12% (279/2320)
Receiving objects:  13% (302/2320)
Receiving objects:  14% (325/2320)
Receiving objects:  15% (348/2320)
Receiving objects:  16% (372/2320)
Receiving objects:  17% (395/2320)
Receiving objects:  18% (418/2320)
Receiving objects:  19% (441/2320)
Receiving objects:  20% (464/2320)
Receiving objects:  21% (488/2320)
Receiving objects:  22% (511/2320)
Receiving objects:  23% (534/2320)
Receiving objects:  24% (557/2320)
Receiving objects:  25% (580/2320)
Receiving objects:  26% (604/2320)
Receiving objects:  27% (627/2320)
Receiving objects:  28% (650/2320)
Receiving objects:  29% (673/2320)
Receiving objects:  30% (696/2320)
Receiving objects:  31% (720/2320)
Receiving objects:  32% (743/2320)
Receiving objects:  33% (766/2320)
Receiving objects:  34% (789/2320)
Receiving objects:  35% (812/2320)
Receiving objects:  36% (836/2320)
Receiving objects:  37% (859/2320)
Receiving objects:  38% (882/2320)
Receiving objects:  39% (905/2320)
Receiving objects:  40% (928/2320)
Receiving objects:  41% (952/2320)
Receiving objects:  42% (975/2320)
Receiving objects:  43% (998/2320)
Receiving objects:  44% (1021/2320)
Receiving objects:  45% (1044/2320)
Receiving objects:  46% (1068/2320)
Receiving objects:  47% (1091/2320)
Receiving objects:  48% (1114/2320)
Receiving objects:  49% (1137/2320)
Receiving objects:  50% (1160/2320)
Receiving objects:  51% (1184/2320)
Receiving objects:  52% (1207/2320)
Receiving objects:  53% (1230/2320)
Receiving objects:  54% (1253/2320)
Receiving objects:  55% (1276/2320)
Receiving objects:  56% (1300/2320)
Receiving objects:  57% (1323/2320)
Receiving objects:  58% (1346/2320)
Receiving objects:  59% (1369/2320)
Receiving objects:  60% (1392/2320)
Receiving objects:  61% (1416/2320)
Receiving objects:  62% (1439/2320)
Receiving objects:  63% (1462/2320)
Receiving objects:  64% (1485/2320)
Receiving objects:  65% (1508/2320)
Receiving objects:  66% (1532/2320)
Receiving objects:  67% (1555/2320)
Receiving objects:  68% (1578/2320)
Receiving objects:  69% (1601/2320)
Receiving objects:  70% (1624/2320)
Receiving objects:  71% (1648/2320)
Receiving objects:  72% (1671/2320)
Receiving objects:  73% (1694/2320)
Receiving objects:  74% (1717/2320)
Receiving objects:  75% (1740/2320)
Receiving objects:  76% (1764/2320)
Receiving objects:  77% (1787/2320)
Receiving objects:  78% (1810/2320)
Receiving objects:  79% (1833/2320)
Receiving objects:  80% (1856/2320)
Receiving objects:  81% (1880/2320)
Receiving objects:  82% (1903/2320)
Receiving objects:  83% (1926/2320)
Receiving objects:  84% (1949/2320)
Receiving objects:  85% (1972/2320)
Receiving objects:  86% (1996/2320)
Receiving objects:  87% (2019/2320)
Receiving objects:  88% (2042/2320)
Receiving objects:  89% (2065/2320)
Receiving objects:  90% (2088/2320)
Receiving objects:  91% (2112/2320)
Receiving objects:  92% (2135/2320)
Receiving objects:  93% (2158/2320)
Receiving objects:  94% (2181/2320)
Receiving objects:  95% (2204/2320)
Receiving objects:  96% (2228/2320)
Receiving objects:  97% (2251/2320)
Receiving objects:  98% (2274/2320)
Receiving objects:  99% (2297/2320)
remote: Total 2320 (delta 176), reused 187 (delta 125), pack-reused 2030        
Receiving objects: 100% (2320/2320)
Receiving objects: 100% (2320/2320), 584.58 KiB | 6.29 MiB/s, done.
Resolving deltas:   0% (0/1503)
Resolving deltas:   1% (16/1503)
Resolving deltas:   2% (32/1503)
Resolving deltas:   3% (47/1503)
Resolving deltas:   4% (61/1503)
Resolving deltas:   5% (76/1503)
Resolving deltas:   6% (91/1503)
Resolving deltas:   7% (106/1503)
Resolving deltas:   8% (121/1503)
Resolving deltas:   9% (136/1503)
Resolving deltas:  10% (151/1503)
Resolving deltas:  11% (166/1503)
Resolving deltas:  12% (181/1503)
Resolving deltas:  13% (196/1503)
Resolving deltas:  14% (211/1503)
Resolving deltas:  15% (227/1503)
Resolving deltas:  16% (241/1503)
Resolving deltas:  17% (256/1503)
Resolving deltas:  18% (272/1503)
Resolving deltas:  19% (286/1503)
Resolving deltas:  20% (301/1503)
Resolving deltas:  21% (316/1503)
Resolving deltas:  22% (331/1503)
Resolving deltas:  23% (346/1503)
Resolving deltas:  24% (361/1503)
Resolving deltas:  25% (377/1503)
Resolving deltas:  26% (391/1503)
Resolving deltas:  27% (407/1503)
Resolving deltas:  28% (421/1503)
Resolving deltas:  29% (436/1503)
Resolving deltas:  30% (451/1503)
Resolving deltas:  31% (466/1503)
Resolving deltas:  32% (481/1503)
Resolving deltas:  33% (496/1503)
Resolving deltas:  34% (513/1503)
Resolving deltas:  35% (528/1503)
Resolving deltas:  36% (542/1503)
Resolving deltas:  37% (557/1503)
Resolving deltas:  38% (572/1503)
Resolving deltas:  39% (588/1503)
Resolving deltas:  40% (602/1503)
Resolving deltas:  41% (618/1503)
Resolving deltas:  42% (632/1503)
Resolving deltas:  43% (647/1503)
Resolving deltas:  44% (662/1503)
Resolving deltas:  45% (677/1503)
Resolving deltas:  46% (692/1503)
Resolving deltas:  47% (707/1503)
Resolving deltas:  48% (722/1503)
Resolving deltas:  49% (738/1503)
Resolving deltas:  50% (753/1503)
Resolving deltas:  51% (767/1503)
Resolving deltas:  52% (782/1503)
Resolving deltas:  53% (797/1503)
Resolving deltas:  54% (812/1503)
Resolving deltas:  55% (827/1503)
Resolving deltas:  56% (842/1503)
Resolving deltas:  57% (857/1503)
Resolving deltas:  58% (873/1503)
Resolving deltas:  59% (887/1503)
Resolving deltas:  60% (902/1503)
Resolving deltas:  61% (919/1503)
Resolving deltas:  62% (932/1503)
Resolving deltas:  63% (947/1503)
Resolving deltas:  64% (962/1503)
Resolving deltas:  65% (977/1503)
Resolving deltas:  66% (992/1503)
Resolving deltas:  67% (1008/1503)
Resolving deltas:  68% (1023/1503)
Resolving deltas:  69% (1038/1503)
Resolving deltas:  70% (1053/1503)
Resolving deltas:  71% (1068/1503)
Resolving deltas:  72% (1084/1503)
Resolving deltas:  73% (1099/1503)
Resolving deltas:  74% (1115/1503)
Resolving deltas:  75% (1128/1503)
Resolving deltas:  76% (1143/1503)
Resolving deltas:  77% (1158/1503)
Resolving deltas:  78% (1173/1503)
Resolving deltas:  79% (1188/1503)
Resolving deltas:  80% (1203/1503)
Resolving deltas:  81% (1220/1503)
Resolving deltas:  82% (1233/1503)
Resolving deltas:  83% (1248/1503)
Resolving deltas:  84% (1263/1503)
Resolving deltas:  85% (1278/1503)
Resolving deltas:  86% (1293/1503)
Resolving deltas:  87% (1308/1503)
Resolving deltas:  88% (1323/1503)
Resolving deltas:  89% (1338/1503)
Resolving deltas:  90% (1353/1503)
Resolving deltas:  91% (1368/1503)
Resolving deltas:  92% (1383/1503)
Resolving deltas:  93% (1399/1503)
Resolving deltas:  94% (1413/1503)
Resolving deltas:  95% (1428/1503)
Resolving deltas:  96% (1443/1503)
Resolving deltas:  97% (1458/1503)
Resolving deltas:  98% (1473/1503)
Resolving deltas:  99% (1488/1503)
Resolving deltas: 100% (1503/1503)
Resolving deltas: 100% (1503/1503), done.
Note: Deploying release gnat_arm_elf=11.2.4...
#=#=#                                                                         
##O#-#                                                                        

                                                                           0.0%
                                                                           1.0%
##                                                                         3.3%
###                                                                        5.0%
#####                                                                      7.7%
######                                                                     8.4%
#######                                                                   11.1%
#########                                                                 13.4%
##########                                                                14.4%
############                                                              16.8%
#############                                                             18.8%
##############                                                            20.2%
################                                                          22.8%
#################                                                         23.8%
###################                                                       26.9%
####################                                                      28.9%
######################                                                    31.9%
########################                                                  33.6%
#########################                                                 35.3%
###########################                                               38.6%
#############################                                             40.3%
##############################                                            41.9%
###############################                                           43.6%
################################                                          45.3%
#################################                                         47.0%
##################################                                        48.3%
####################################                                      50.4%
####################################                                      51.4%
######################################                                    53.7%
########################################                                  55.7%
##########################################                                58.7%
###########################################                               59.9%
############################################                              62.2%
##############################################                            65.0%
###############################################                           65.5%
#################################################                         68.1%
##################################################                        70.5%
###################################################                       71.5%
#####################################################                     73.9%
######################################################                    75.1%
#######################################################                   77.2%
########################################################                  78.6%
##########################################################                80.6%
##########################################################                81.9%
############################################################              83.8%
#############################################################             85.9%
##############################################################            87.3%
#################################################################         90.3%
#################################################################         90.7%
###################################################################       93.3%
####################################################################      95.7%
#####################################################################     96.9%
######################################################################    97.4%
######################################################################    98.2%
#######################################################################   99.1%
######################################################################## 100.0%
Note: gnat_arm_elf=11.2.4 installed successfully.
Note: Deploying release atomic=0.4.1...
Cloning into '/Users/runner/work/alire-crates-ci/alire-crates-ci/test/69c86a2f-cd35-49f6-9b32-ab145820049b/rp2040_hal_1.5.0_fee519d4/alire/cache/dependencies/alr-oasr.tmp'...
remote: Enumerating objects: 139, done.        
remote: Counting objects:   0% (1/139)        
remote: Counting objects:   1% (2/139)        
remote: Counting objects:   2% (3/139)        
remote: Counting objects:   3% (5/139)        
remote: Counting objects:   4% (6/139)        
remote: Counting objects:   5% (7/139)        
remote: Counting objects:   6% (9/139)        
remote: Counting objects:   7% (10/139)        
remote: Counting objects:   8% (12/139)        
remote: Counting objects:   9% (13/139)        
remote: Counting objects:  10% (14/139)        
remote: Counting objects:  11% (16/139)        
remote: Counting objects:  12% (17/139)        
remote: Counting objects:  13% (19/139)        
remote: Counting objects:  14% (20/139)        
remote: Counting objects:  15% (21/139)        
remote: Counting objects:  16% (23/139)        
remote: Counting objects:  17% (24/139)        
remote: Counting objects:  18% (26/139)        
remote: Counting objects:  19% (27/139)        
remote: Counting objects:  20% (28/139)        
remote: Counting objects:  21% (30/139)        
remote: Counting objects:  22% (31/139)        
remote: Counting objects:  23% (32/139)        
remote: Counting objects:  24% (34/139)        
remote: Counting objects:  25% (35/139)        
remote: Counting objects:  26% (37/139)        
remote: Counting objects:  27% (38/139)        
remote: Counting objects:  28% (39/139)        
remote: Counting objects:  29% (41/139)        
remote: Counting objects:  30% (42/139)        
remote: Counting objects:  31% (44/139)        
remote: Counting objects:  32% (45/139)        
remote: Counting objects:  33% (46/139)        
remote: Counting objects:  34% (48/139)        
remote: Counting objects:  35% (49/139)        
remote: Counting objects:  36% (51/139)        
remote: Counting objects:  37% (52/139)        
remote: Counting objects:  38% (53/139)        
remote: Counting objects:  39% (55/139)        
remote: Counting objects:  40% (56/139)        
remote: Counting objects:  41% (57/139)        
remote: Counting objects:  42% (59/139)        
remote: Counting objects:  43% (60/139)        
remote: Counting objects:  44% (62/139)        
remote: Counting objects:  45% (63/139)        
remote: Counting objects:  46% (64/139)        
remote: Counting objects:  47% (66/139)        
remote: Counting objects:  48% (67/139)        
remote: Counting objects:  49% (69/139)        
remote: Counting objects:  50% (70/139)        
remote: Counting objects:  51% (71/139)        
remote: Counting objects:  52% (73/139)        
remote: Counting objects:  53% (74/139)        
remote: Counting objects:  54% (76/139)        
remote: Counting objects:  55% (77/139)        
remote: Counting objects:  56% (78/139)        
remote: Counting objects:  57% (80/139)        
remote: Counting objects:  58% (81/139)        
remote: Counting objects:  59% (83/139)        
remote: Counting objects:  60% (84/139)        
remote: Counting objects:  61% (85/139)        
remote: Counting objects:  62% (87/139)        
remote: Counting objects:  63% (88/139)        
remote: Counting objects:  64% (89/139)        
remote: Counting objects:  65% (91/139)        
remote: Counting objects:  66% (92/139)        
remote: Counting objects:  67% (94/139)        
remote: Counting objects:  68% (95/139)        
remote: Counting objects:  69% (96/139)        
remote: Counting objects:  70% (98/139)        
remote: Counting objects:  71% (99/139)        
remote: Counting objects:  72% (101/139)        
remote: Counting objects:  73% (102/139)        
remote: Counting objects:  74% (103/139)        
remote: Counting objects:  75% (105/139)        
remote: Counting objects:  76% (106/139)        
remote: Counting objects:  77% (108/139)        
remote: Counting objects:  78% (109/139)        
remote: Counting objects:  79% (110/139)        
remote: Counting objects:  80% (112/139)        
remote: Counting objects:  81% (113/139)        
remote: Counting objects:  82% (114/139)        
remote: Counting objects:  83% (116/139)        
remote: Counting objects:  84% (117/139)        
remote: Counting objects:  85% (119/139)        
remote: Counting objects:  86% (120/139)        
remote: Counting objects:  87% (121/139)        
remote: Counting objects:  88% (123/139)        
remote: Counting objects:  89% (124/139)        
remote: Counting objects:  90% (126/139)        
remote: Counting objects:  91% (127/139)        
remote: Counting objects:  92% (128/139)        
remote: Counting objects:  93% (130/139)        
remote: Counting objects:  94% (131/139)        
remote: Counting objects:  95% (133/139)        
remote: Counting objects:  96% (134/139)        
remote: Counting objects:  97% (135/139)        
remote: Counting objects:  98% (137/139)        
remote: Counting objects:  99% (138/139)        
remote: Counting objects: 100% (139/139)        
remote: Counting objects: 100% (139/139), done.        
remote: Compressing objects:   1% (1/72)        
remote: Compressing objects:   2% (2/72)        
remote: Compressing objects:   4% (3/72)        
remote: Compressing objects:   5% (4/72)        
remote: Compressing objects:   6% (5/72)        
remote: Compressing objects:   8% (6/72)        
remote: Compressing objects:   9% (7/72)        
remote: Compressing objects:  11% (8/72)        
remote: Compressing objects:  12% (9/72)        
remote: Compressing objects:  13% (10/72)        
remote: Compressing objects:  15% (11/72)        
remote: Compressing objects:  16% (12/72)        
remote: Compressing objects:  18% (13/72)        
remote: Compressing objects:  19% (14/72)        
remote: Compressing objects:  20% (15/72)        
remote: Compressing objects:  22% (16/72)        
remote: Compressing objects:  23% (17/72)        
remote: Compressing objects:  25% (18/72)        
remote: Compressing objects:  26% (19/72)        
remote: Compressing objects:  27% (20/72)        
remote: Compressing objects:  29% (21/72)        
remote: Compressing objects:  30% (22/72)        
remote: Compressing objects:  31% (23/72)        
remote: Compressing objects:  33% (24/72)        
remote: Compressing objects:  34% (25/72)        
remote: Compressing objects:  36% (26/72)        
remote: Compressing objects:  37% (27/72)        
remote: Compressing objects:  38% (28/72)        
remote: Compressing objects:  40% (29/72)        
remote: Compressing objects:  41% (30/72)        
remote: Compressing objects:  43% (31/72)        
remote: Compressing objects:  44% (32/72)        
remote: Compressing objects:  45% (33/72)        
remote: Compressing objects:  47% (34/72)        
remote: Compressing objects:  48% (35/72)        
remote: Compressing objects:  50% (36/72)        
remote: Compressing objects:  51% (37/72)        
remote: Compressing objects:  52% (38/72)        
remote: Compressing objects:  54% (39/72)        
remote: Compressing objects:  55% (40/72)        
remote: Compressing objects:  56% (41/72)        
remote: Compressing objects:  58% (42/72)        
remote: Compressing objects:  59% (43/72)        
remote: Compressing objects:  61% (44/72)        
remote: Compressing objects:  62% (45/72)        
remote: Compressing objects:  63% (46/72)        
remote: Compressing objects:  65% (47/72)        
remote: Compressing objects:  66% (48/72)        
remote: Compressing objects:  68% (49/72)        
remote: Compressing objects:  69% (50/72)        
remote: Compressing objects:  70% (51/72)        
remote: Compressing objects:  72% (52/72)        
remote: Compressing objects:  73% (53/72)        
remote: Compressing objects:  75% (54/72)        
remote: Compressing objects:  76% (55/72)        
remote: Compressing objects:  77% (56/72)        
remote: Compressing objects:  79% (57/72)        
remote: Compressing objects:  80% (58/72)        
remote: Compressing objects:  81% (59/72)        
remote: Compressing objects:  83% (60/72)        
remote: Compressing objects:  84% (61/72)        
remote: Compressing objects:  86% (62/72)        
remote: Compressing objects:  87% (63/72)        
remote: Compressing objects:  88% (64/72)        
remote: Compressing objects:  90% (65/72)        
remote: Compressing objects:  91% (66/72)        
remote: Compressing objects:  93% (67/72)        
remote: Compressing objects:  94% (68/72)        
remote: Compressing objects:  95% (69/72)        
remote: Compressing objects:  97% (70/72)        
remote: Compressing objects:  98% (71/72)        
remote: Compressing objects: 100% (72/72)        
remote: Compressing objects: 100% (72/72), done.        
Receiving objects:   0% (1/139)
Receiving objects:   1% (2/139)
Receiving objects:   2% (3/139)
Receiving objects:   3% (5/139)
Receiving objects:   4% (6/139)
Receiving objects:   5% (7/139)
Receiving objects:   6% (9/139)
Receiving objects:   7% (10/139)
Receiving objects:   8% (12/139)
Receiving objects:   9% (13/139)
Receiving objects:  10% (14/139)
Receiving objects:  11% (16/139)
Receiving objects:  12% (17/139)
Receiving objects:  13% (19/139)
Receiving objects:  14% (20/139)
Receiving objects:  15% (21/139)
Receiving objects:  16% (23/139)
Receiving objects:  17% (24/139)
Receiving objects:  18% (26/139)
Receiving objects:  19% (27/139)
Receiving objects:  20% (28/139)
Receiving objects:  21% (30/139)
Receiving objects:  22% (31/139)
Receiving objects:  23% (32/139)
Receiving objects:  24% (34/139)
Receiving objects:  25% (35/139)
Receiving objects:  26% (37/139)
Receiving objects:  27% (38/139)
Receiving objects:  28% (39/139)
Receiving objects:  29% (41/139)
Receiving objects:  30% (42/139)
Receiving objects:  31% (44/139)
Receiving objects:  32% (45/139)
Receiving objects:  33% (46/139)
Receiving objects:  34% (48/139)
Receiving objects:  35% (49/139)
Receiving objects:  36% (51/139)
Receiving objects:  37% (52/139)
Receiving objects:  38% (53/139)
Receiving objects:  39% (55/139)
Receiving objects:  40% (56/139)
Receiving objects:  41% (57/139)
Receiving objects:  42% (59/139)
Receiving objects:  43% (60/139)
Receiving objects:  44% (62/139)
Receiving objects:  45% (63/139)
Receiving objects:  46% (64/139)
Receiving objects:  47% (66/139)
Receiving objects:  48% (67/139)
Receiving objects:  49% (69/139)
Receiving objects:  50% (70/139)
Receiving objects:  51% (71/139)
Receiving objects:  52% (73/139)
Receiving objects:  53% (74/139)
Receiving objects:  54% (76/139)
Receiving objects:  55% (77/139)
Receiving objects:  56% (78/139)
Receiving objects:  57% (80/139)
Receiving objects:  58% (81/139)
Receiving objects:  59% (83/139)
Receiving objects:  60% (84/139)
Receiving objects:  61% (85/139)
Receiving objects:  62% (87/139)
Receiving objects:  63% (88/139)
Receiving objects:  64% (89/139)
Receiving objects:  65% (91/139)
Receiving objects:  66% (92/139)
Receiving objects:  67% (94/139)
Receiving objects:  68% (95/139)
Receiving objects:  69% (96/139)
Receiving objects:  70% (98/139)
Receiving objects:  71% (99/139)
Receiving objects:  72% (101/139)
Receiving objects:  73% (102/139)
Receiving objects:  74% (103/139)
remote: Total 139 (delta 68), reused 116 (delta 55), pack-reused 0        
Receiving objects:  75% (105/139)
Receiving objects:  76% (106/139)
Receiving objects:  77% (108/139)
Receiving objects:  78% (109/139)
Receiving objects:  79% (110/139)
Receiving objects:  80% (112/139)
Receiving objects:  81% (113/139)
Receiving objects:  82% (114/139)
Receiving objects:  83% (116/139)
Receiving objects:  84% (117/139)
Receiving objects:  85% (119/139)
Receiving objects:  86% (120/139)
Receiving objects:  87% (121/139)
Receiving objects:  88% (123/139)
Receiving objects:  89% (124/139)
Receiving objects:  90% (126/139)
Receiving objects:  91% (127/139)
Receiving objects:  92% (128/139)
Receiving objects:  93% (130/139)
Receiving objects:  94% (131/139)
Receiving objects:  95% (133/139)
Receiving objects:  96% (134/139)
Receiving objects:  97% (135/139)
Receiving objects:  98% (137/139)
Receiving objects:  99% (138/139)
Receiving objects: 100% (139/139)
Receiving objects: 100% (139/139), 30.39 KiB | 2.03 MiB/s, done.
Resolving deltas:   0% (0/68)
Resolving deltas:   1% (1/68)
Resolving deltas:   2% (2/68)
Resolving deltas:   4% (3/68)
Resolving deltas:   7% (5/68)
Resolving deltas:   8% (6/68)
Resolving deltas:  10% (7/68)
Resolving deltas:  11% (8/68)
Resolving deltas:  13% (9/68)
Resolving deltas:  14% (10/68)
Resolving deltas:  16% (11/68)
Resolving deltas:  17% (12/68)
Resolving deltas:  19% (13/68)
Resolving deltas:  20% (14/68)
Resolving deltas:  22% (15/68)
Resolving deltas:  23% (16/68)
Resolving deltas:  26% (18/68)
Resolving deltas:  27% (19/68)
Resolving deltas:  29% (20/68)
Resolving deltas:  30% (21/68)
Resolving deltas:  32% (22/68)
Resolving deltas:  33% (23/68)
Resolving deltas:  35% (24/68)
Resolving deltas:  36% (25/68)
Resolving deltas:  38% (26/68)
Resolving deltas:  39% (27/68)
Resolving deltas:  41% (28/68)
Resolving deltas:  44% (30/68)
Resolving deltas:  45% (31/68)
Resolving deltas:  47% (32/68)
Resolving deltas:  48% (33/68)
Resolving deltas:  50% (34/68)
Resolving deltas:  51% (35/68)
Resolving deltas:  52% (36/68)
Resolving deltas:  54% (37/68)
Resolving deltas:  55% (38/68)
Resolving deltas:  57% (39/68)
Resolving deltas:  58% (40/68)
Resolving deltas:  60% (41/68)
Resolving deltas:  61% (42/68)
Resolving deltas:  63% (43/68)
Resolving deltas:  64% (44/68)
Resolving deltas:  66% (45/68)
Resolving deltas:  67% (46/68)
Resolving deltas:  69% (47/68)
Resolving deltas:  70% (48/68)
Resolving deltas:  73% (50/68)
Resolving deltas:  75% (51/68)
Resolving deltas:  76% (52/68)
Resolving deltas:  77% (53/68)
Resolving deltas:  79% (54/68)
Resolving deltas:  80% (55/68)
Resolving deltas:  82% (56/68)
Resolving deltas:  83% (57/68)
Resolving deltas:  85% (58/68)
Resolving deltas:  86% (59/68)
Resolving deltas:  88% (60/68)
Resolving deltas:  89% (61/68)
Resolving deltas:  91% (62/68)
Resolving deltas:  92% (63/68)
Resolving deltas:  94% (64/68)
Resolving deltas:  95% (65/68)
Resolving deltas:  97% (66/68)
Resolving deltas:  98% (67/68)
Resolving deltas: 100% (68/68)
Resolving deltas: 100% (68/68), done.
Note: Deploying release hal=0.1.0...
#=#=#                                                                         

############                                                              17.1%
######################################################################## 100.0%
Note: Deploying release bbqueue=0.3.0...
Cloning into '/Users/runner/work/alire-crates-ci/alire-crates-ci/test/69c86a2f-cd35-49f6-9b32-ab145820049b/rp2040_hal_1.5.0_fee519d4/alire/cache/dependencies/alr-utlg.tmp'...
remote: Enumerating objects: 262, done.        
remote: Counting objects:   6% (1/15)        
remote: Counting objects:  13% (2/15)        
remote: Counting objects:  20% (3/15)        
remote: Counting objects:  26% (4/15)        
remote: Counting objects:  33% (5/15)        
remote: Counting objects:  40% (6/15)        
remote: Counting objects:  46% (7/15)        
remote: Counting objects:  53% (8/15)        
remote: Counting objects:  60% (9/15)        
remote: Counting objects:  66% (10/15)        
remote: Counting objects:  73% (11/15)        
remote: Counting objects:  80% (12/15)        
remote: Counting objects:  86% (13/15)        
remote: Counting objects:  93% (14/15)        
remote: Counting objects: 100% (15/15)        
remote: Counting objects: 100% (15/15), done.        
remote: Compressing objects:  16% (1/6)        
remote: Compressing objects:  33% (2/6)        
remote: Compressing objects:  50% (3/6)        
remote: Compressing objects:  66% (4/6)        
remote: Compressing objects:  83% (5/6)        
remote: Compressing objects: 100% (6/6)        
remote: Compressing objects: 100% (6/6), done.        
Receiving objects:   0% (1/262)
Receiving objects:   1% (3/262)
Receiving objects:   2% (6/262)
Receiving objects:   3% (8/262)
Receiving objects:   4% (11/262)
Receiving objects:   5% (14/262)
Receiving objects:   6% (16/262)
Receiving objects:   7% (19/262)
Receiving objects:   8% (21/262)
Receiving objects:   9% (24/262)
Receiving objects:  10% (27/262)
Receiving objects:  11% (29/262)
Receiving objects:  12% (32/262)
Receiving objects:  13% (35/262)
Receiving objects:  14% (37/262)
Receiving objects:  15% (40/262)
Receiving objects:  16% (42/262)
Receiving objects:  17% (45/262)
Receiving objects:  18% (48/262)
Receiving objects:  19% (50/262)
Receiving objects:  20% (53/262)
Receiving objects:  21% (56/262)
Receiving objects:  22% (58/262)
Receiving objects:  23% (61/262)
remote: Total 262 (delta 9), reused 9 (delta 9), pack-reused 247        
Receiving objects:  24% (63/262)
Receiving objects:  25% (66/262)
Receiving objects:  26% (69/262)
Receiving objects:  27% (71/262)
Receiving objects:  28% (74/262)
Receiving objects:  29% (76/262)
Receiving objects:  30% (79/262)
Receiving objects:  31% (82/262)
Receiving objects:  32% (84/262)
Receiving objects:  33% (87/262)
Receiving objects:  34% (90/262)
Receiving objects:  35% (92/262)
Receiving objects:  36% (95/262)
Receiving objects:  37% (97/262)
Receiving objects:  38% (100/262)
Receiving objects:  39% (103/262)
Receiving objects:  40% (105/262)
Receiving objects:  41% (108/262)
Receiving objects:  42% (111/262)
Receiving objects:  43% (113/262)
Receiving objects:  44% (116/262)
Receiving objects:  45% (118/262)
Receiving objects:  46% (121/262)
Receiving objects:  47% (124/262)
Receiving objects:  48% (126/262)
Receiving objects:  49% (129/262)
Receiving objects:  50% (131/262)
Receiving objects:  51% (134/262)
Receiving objects:  52% (137/262)
Receiving objects:  53% (139/262)
Receiving objects:  54% (142/262)
Receiving objects:  55% (145/262)
Receiving objects:  56% (147/262)
Receiving objects:  57% (150/262)
Receiving objects:  58% (152/262)
Receiving objects:  59% (155/262)
Receiving objects:  60% (158/262)
Receiving objects:  61% (160/262)
Receiving objects:  62% (163/262)
Receiving objects:  63% (166/262)
Receiving objects:  64% (168/262)
Receiving objects:  65% (171/262)
Receiving objects:  66% (173/262)
Receiving objects:  67% (176/262)
Receiving objects:  68% (179/262)
Receiving objects:  69% (181/262)
Receiving objects:  70% (184/262)
Receiving objects:  71% (187/262)
Receiving objects:  72% (189/262)
Receiving objects:  73% (192/262)
Receiving objects:  74% (194/262)
Receiving objects:  75% (197/262)
Receiving objects:  76% (200/262)
Receiving objects:  77% (202/262)
Receiving objects:  78% (205/262)
Receiving objects:  79% (207/262)
Receiving objects:  80% (210/262)
Receiving objects:  81% (213/262)
Receiving objects:  82% (215/262)
Receiving objects:  83% (218/262)
Receiving objects:  84% (221/262)
Receiving objects:  85% (223/262)
Receiving objects:  86% (226/262)
Receiving objects:  87% (228/262)
Receiving objects:  88% (231/262)
Receiving objects:  89% (234/262)
Receiving objects:  90% (236/262)
Receiving objects:  91% (239/262)
Receiving objects:  92% (242/262)
Receiving objects:  93% (244/262)
Receiving objects:  94% (247/262)
Receiving objects:  95% (249/262)
Receiving objects:  96% (252/262)
Receiving objects:  97% (255/262)
Receiving objects:  98% (257/262)
Receiving objects:  99% (260/262)
Receiving objects: 100% (262/262)
Receiving objects: 100% (262/262), 64.31 KiB | 9.19 MiB/s, done.
Resolving deltas:   0% (0/155)
Resolving deltas:   1% (2/155)
Resolving deltas:   2% (4/155)
Resolving deltas:   3% (5/155)
Resolving deltas:   4% (7/155)
Resolving deltas:   5% (8/155)
Resolving deltas:   6% (10/155)
Resolving deltas:   7% (11/155)
Resolving deltas:   8% (13/155)
Resolving deltas:   9% (14/155)
Resolving deltas:  10% (17/155)
Resolving deltas:  11% (18/155)
Resolving deltas:  12% (19/155)
Resolving deltas:  13% (21/155)
Resolving deltas:  14% (22/155)
Resolving deltas:  15% (24/155)
Resolving deltas:  16% (25/155)
Resolving deltas:  17% (27/155)
Resolving deltas:  18% (28/155)
Resolving deltas:  19% (30/155)
Resolving deltas:  20% (31/155)
Resolving deltas:  21% (33/155)
Resolving deltas:  22% (35/155)
Resolving deltas:  23% (36/155)
Resolving deltas:  24% (38/155)
Resolving deltas:  25% (39/155)
Resolving deltas:  26% (41/155)
Resolving deltas:  27% (43/155)
Resolving deltas:  28% (44/155)
Resolving deltas:  29% (46/155)
Resolving deltas:  30% (47/155)
Resolving deltas:  31% (49/155)
Resolving deltas:  32% (50/155)
Resolving deltas:  33% (52/155)
Resolving deltas:  34% (53/155)
Resolving deltas:  35% (55/155)
Resolving deltas:  36% (57/155)
Resolving deltas:  37% (58/155)
Resolving deltas:  38% (59/155)
Resolving deltas:  39% (61/155)
Resolving deltas:  40% (62/155)
Resolving deltas:  41% (64/155)
Resolving deltas:  42% (66/155)
Resolving deltas:  43% (67/155)
Resolving deltas:  44% (69/155)
Resolving deltas:  45% (70/155)
Resolving deltas:  46% (72/155)
Resolving deltas:  47% (73/155)
Resolving deltas:  48% (75/155)
Resolving deltas:  49% (76/155)
Resolving deltas:  50% (78/155)
Resolving deltas:  51% (80/155)
Resolving deltas:  52% (81/155)
Resolving deltas:  53% (83/155)
Resolving deltas:  54% (84/155)
Resolving deltas:  55% (86/155)
Resolving deltas:  56% (88/155)
Resolving deltas:  57% (89/155)
Resolving deltas:  58% (90/155)
Resolving deltas:  59% (92/155)
Resolving deltas:  60% (93/155)
Resolving deltas:  61% (95/155)
Resolving deltas:  62% (97/155)
Resolving deltas:  63% (98/155)
Resolving deltas:  64% (100/155)
Resolving deltas:  65% (101/155)
Resolving deltas:  66% (103/155)
Resolving deltas:  67% (104/155)
Resolving deltas:  68% (106/155)
Resolving deltas:  69% (107/155)
Resolving deltas:  70% (109/155)
Resolving deltas:  71% (111/155)
Resolving deltas:  72% (112/155)
Resolving deltas:  73% (114/155)
Resolving deltas:  74% (115/155)
Resolving deltas:  75% (117/155)
Resolving deltas:  76% (118/155)
Resolving deltas:  77% (120/155)
Resolving deltas:  78% (121/155)
Resolving deltas:  79% (123/155)
Resolving deltas:  80% (124/155)
Resolving deltas:  81% (126/155)
Resolving deltas:  83% (130/155)
Resolving deltas:  84% (131/155)
Resolving deltas:  85% (132/155)
Resolving deltas:  86% (134/155)
Resolving deltas:  87% (135/155)
Resolving deltas:  88% (137/155)
Resolving deltas:  89% (138/155)
Resolving deltas:  90% (140/155)
Resolving deltas:  91% (142/155)
Resolving deltas:  92% (144/155)
Resolving deltas:  93% (145/155)
Resolving deltas:  94% (146/155)
Resolving deltas:  95% (148/155)
Resolving deltas:  96% (150/155)
Resolving deltas:  97% (151/155)
Resolving deltas:  98% (152/155)
Resolving deltas:  99% (154/155)
Resolving deltas: 100% (155/155)
Resolving deltas: 100% (155/155), done.
Note: Deploying release cortex_m=0.3.0...
Cloning into '/Users/runner/work/alire-crates-ci/alire-crates-ci/test/69c86a2f-cd35-49f6-9b32-ab145820049b/rp2040_hal_1.5.0_fee519d4/alire/cache/dependencies/alr-ratm.tmp'...
remote: Enumerating objects: 135, done.        
remote: Counting objects:   0% (1/135)        
remote: Counting objects:   1% (2/135)        
remote: Counting objects:   2% (3/135)        
remote: Counting objects:   3% (5/135)        
remote: Counting objects:   4% (6/135)        
remote: Counting objects:   5% (7/135)        
remote: Counting objects:   6% (9/135)        
remote: Counting objects:   7% (10/135)        
remote: Counting objects:   8% (11/135)        
remote: Counting objects:   9% (13/135)        
remote: Counting objects:  10% (14/135)        
remote: Counting objects:  11% (15/135)        
remote: Counting objects:  12% (17/135)        
remote: Counting objects:  13% (18/135)        
remote: Counting objects:  14% (19/135)        
remote: Counting objects:  15% (21/135)        
remote: Counting objects:  16% (22/135)        
remote: Counting objects:  17% (23/135)        
remote: Counting objects:  18% (25/135)        
remote: Counting objects:  19% (26/135)        
remote: Counting objects:  20% (27/135)        
remote: Counting objects:  21% (29/135)        
remote: Counting objects:  22% (30/135)        
remote: Counting objects:  23% (32/135)        
remote: Counting objects:  24% (33/135)        
remote: Counting objects:  25% (34/135)        
remote: Counting objects:  26% (36/135)        
remote: Counting objects:  27% (37/135)        
remote: Counting objects:  28% (38/135)        
remote: Counting objects:  29% (40/135)        
remote: Counting objects:  30% (41/135)        
remote: Counting objects:  31% (42/135)        
remote: Counting objects:  32% (44/135)        
remote: Counting objects:  33% (45/135)        
remote: Counting objects:  34% (46/135)        
remote: Counting objects:  35% (48/135)        
remote: Counting objects:  36% (49/135)        
remote: Counting objects:  37% (50/135)        
remote: Counting objects:  38% (52/135)        
remote: Counting objects:  39% (53/135)        
remote: Counting objects:  40% (54/135)        
remote: Counting objects:  41% (56/135)        
remote: Counting objects:  42% (57/135)        
remote: Counting objects:  43% (59/135)        
remote: Counting objects:  44% (60/135)        
remote: Counting objects:  45% (61/135)        
remote: Counting objects:  46% (63/135)        
remote: Counting objects:  47% (64/135)        
remote: Counting objects:  48% (65/135)        
remote: Counting objects:  49% (67/135)        
remote: Counting objects:  50% (68/135)        
remote: Counting objects:  51% (69/135)        
remote: Counting objects:  52% (71/135)        
remote: Counting objects:  53% (72/135)        
remote: Counting objects:  54% (73/135)        
remote: Counting objects:  55% (75/135)        
remote: Counting objects:  56% (76/135)        
remote: Counting objects:  57% (77/135)        
remote: Counting objects:  58% (79/135)        
remote: Counting objects:  59% (80/135)        
remote: Counting objects:  60% (81/135)        
remote: Counting objects:  61% (83/135)        
remote: Counting objects:  62% (84/135)        
remote: Counting objects:  63% (86/135)        
remote: Counting objects:  64% (87/135)        
remote: Counting objects:  65% (88/135)        
remote: Counting objects:  66% (90/135)        
remote: Counting objects:  67% (91/135)        
remote: Counting objects:  68% (92/135)        
remote: Counting objects:  69% (94/135)        
remote: Counting objects:  70% (95/135)        
remote: Counting objects:  71% (96/135)        
remote: Counting objects:  72% (98/135)        
remote: Counting objects:  73% (99/135)        
remote: Counting objects:  74% (100/135)        
remote: Counting objects:  75% (102/135)        
remote: Counting objects:  76% (103/135)        
remote: Counting objects:  77% (104/135)        
remote: Counting objects:  78% (106/135)        
remote: Counting objects:  79% (107/135)        
remote: Counting objects:  80% (108/135)        
remote: Counting objects:  81% (110/135)        
remote: Counting objects:  82% (111/135)        
remote: Counting objects:  83% (113/135)        
remote: Counting objects:  84% (114/135)        
remote: Counting objects:  85% (115/135)        
remote: Counting objects:  86% (117/135)        
remote: Counting objects:  87% (118/135)        
remote: Counting objects:  88% (119/135)        
remote: Counting objects:  89% (121/135)        
remote: Counting objects:  90% (122/135)        
remote: Counting objects:  91% (123/135)        
remote: Counting objects:  92% (125/135)        
remote: Counting objects:  93% (126/135)        
remote: Counting objects:  94% (127/135)        
remote: Counting objects:  95% (129/135)        
remote: Counting objects:  96% (130/135)        
remote: Counting objects:  97% (131/135)        
remote: Counting objects:  98% (133/135)        
remote: Counting objects:  99% (134/135)        
remote: Counting objects: 100% (135/135)        
remote: Counting objects: 100% (135/135), done.        
remote: Compressing objects:   1% (1/68)        
remote: Compressing objects:   2% (2/68)        
remote: Compressing objects:   4% (3/68)        
remote: Compressing objects:   5% (4/68)        
remote: Compressing objects:   7% (5/68)        
remote: Compressing objects:   8% (6/68)        
remote: Compressing objects:  10% (7/68)        
remote: Compressing objects:  11% (8/68)        
remote: Compressing objects:  13% (9/68)        
remote: Compressing objects:  14% (10/68)        
remote: Compressing objects:  16% (11/68)        
remote: Compressing objects:  17% (12/68)        
remote: Compressing objects:  19% (13/68)        
remote: Compressing objects:  20% (14/68)        
remote: Compressing objects:  22% (15/68)        
remote: Compressing objects:  23% (16/68)        
remote: Compressing objects:  25% (17/68)        
remote: Compressing objects:  26% (18/68)        
remote: Compressing objects:  27% (19/68)        
remote: Compressing objects:  29% (20/68)        
remote: Compressing objects:  30% (21/68)        
remote: Compressing objects:  32% (22/68)        
remote: Compressing objects:  33% (23/68)        
remote: Compressing objects:  35% (24/68)        
remote: Compressing objects:  36% (25/68)        
remote: Compressing objects:  38% (26/68)        
remote: Compressing objects:  39% (27/68)        
remote: Compressing objects:  41% (28/68)        
remote: Compressing objects:  42% (29/68)        
remote: Compressing objects:  44% (30/68)        
remote: Compressing objects:  45% (31/68)        
remote: Compressing objects:  47% (32/68)        
remote: Compressing objects:  48% (33/68)        
remote: Compressing objects:  50% (34/68)        
remote: Compressing objects:  51% (35/68)        
remote: Compressing objects:  52% (36/68)        
remote: Compressing objects:  54% (37/68)        
remote: Compressing objects:  55% (38/68)        
remote: Compressing objects:  57% (39/68)        
remote: Compressing objects:  58% (40/68)        
remote: Compressing objects:  60% (41/68)        
remote: Compressing objects:  61% (42/68)        
remote: Compressing objects:  63% (43/68)        
remote: Compressing objects:  64% (44/68)        
remote: Compressing objects:  66% (45/68)        
remote: Compressing objects:  67% (46/68)        
remote: Compressing objects:  69% (47/68)        
remote: Compressing objects:  70% (48/68)        
remote: Compressing objects:  72% (49/68)        
remote: Compressing objects:  73% (50/68)        
remote: Compressing objects:  75% (51/68)        
remote: Compressing objects:  76% (52/68)        
remote: Compressing objects:  77% (53/68)        
remote: Compressing objects:  79% (54/68)        
remote: Compressing objects:  80% (55/68)        
remote: Compressing objects:  82% (56/68)        
remote: Compressing objects:  83% (57/68)        
remote: Compressing objects:  85% (58/68)        
remote: Compressing objects:  86% (59/68)        
remote: Compressing objects:  88% (60/68)        
remote: Compressing objects:  89% (61/68)        
remote: Compressing objects:  91% (62/68)        
remote: Compressing objects:  92% (63/68)        
remote: Compressing objects:  94% (64/68)        
remote: Compressing objects:  95% (65/68)        
remote: Compressing objects:  97% (66/68)        
remote: Compressing objects:  98% (67/68)        
remote: Compressing objects: 100% (68/68)        
remote: Compressing objects: 100% (68/68), done.        
Receiving objects:   0% (1/135)
Receiving objects:   1% (2/135)
Receiving objects:   2% (3/135)
Receiving objects:   3% (5/135)
Receiving objects:   4% (6/135)
Receiving objects:   5% (7/135)
Receiving objects:   6% (9/135)
Receiving objects:   7% (10/135)
Receiving objects:   8% (11/135)
Receiving objects:   9% (13/135)
Receiving objects:  10% (14/135)
Receiving objects:  11% (15/135)
Receiving objects:  12% (17/135)
Receiving objects:  13% (18/135)
Receiving objects:  14% (19/135)
Receiving objects:  15% (21/135)
Receiving objects:  16% (22/135)
Receiving objects:  17% (23/135)
Receiving objects:  18% (25/135)
Receiving objects:  19% (26/135)
Receiving objects:  20% (27/135)
Receiving objects:  21% (29/135)
Receiving objects:  22% (30/135)
Receiving objects:  23% (32/135)
Receiving objects:  24% (33/135)
Receiving objects:  25% (34/135)
Receiving objects:  26% (36/135)
Receiving objects:  27% (37/135)
Receiving objects:  28% (38/135)
Receiving objects:  29% (40/135)
Receiving objects:  30% (41/135)
Receiving objects:  31% (42/135)
Receiving objects:  32% (44/135)
Receiving objects:  33% (45/135)
Receiving objects:  34% (46/135)
Receiving objects:  35% (48/135)
Receiving objects:  36% (49/135)
Receiving objects:  37% (50/135)
Receiving objects:  38% (52/135)
Receiving objects:  39% (53/135)
Receiving objects:  40% (54/135)
Receiving objects:  41% (56/135)
Receiving objects:  42% (57/135)
Receiving objects:  43% (59/135)
Receiving objects:  44% (60/135)
Receiving objects:  45% (61/135)
Receiving objects:  46% (63/135)
Receiving objects:  47% (64/135)
Receiving objects:  48% (65/135)
Receiving objects:  49% (67/135)
Receiving objects:  50% (68/135)
Receiving objects:  51% (69/135)
Receiving objects:  52% (71/135)
Receiving objects:  53% (72/135)
Receiving objects:  54% (73/135)
Receiving objects:  55% (75/135)
Receiving objects:  56% (76/135)
Receiving objects:  57% (77/135)
Receiving objects:  58% (79/135)
Receiving objects:  59% (80/135)
Receiving objects:  60% (81/135)
Receiving objects:  61% (83/135)
Receiving objects:  62% (84/135)
Receiving objects:  63% (86/135)
Receiving objects:  64% (87/135)
Receiving objects:  65% (88/135)
Receiving objects:  66% (90/135)
Receiving objects:  67% (91/135)
Receiving objects:  68% (92/135)
Receiving objects:  69% (94/135)
Receiving objects:  70% (95/135)
Receiving objects:  71% (96/135)
Receiving objects:  72% (98/135)
Receiving objects:  73% (99/135)
Receiving objects:  74% (100/135)
Receiving objects:  75% (102/135)
Receiving objects:  76% (103/135)
Receiving objects:  77% (104/135)
remote: Total 135 (delta 85), reused 106 (delta 65), pack-reused 0        
Receiving objects:  78% (106/135)
Receiving objects:  79% (107/135)
Receiving objects:  80% (108/135)
Receiving objects:  81% (110/135)
Receiving objects:  82% (111/135)
Receiving objects:  83% (113/135)
Receiving objects:  84% (114/135)
Receiving objects:  85% (115/135)
Receiving objects:  86% (117/135)
Receiving objects:  87% (118/135)
Receiving objects:  88% (119/135)
Receiving objects:  89% (121/135)
Receiving objects:  90% (122/135)
Receiving objects:  91% (123/135)
Receiving objects:  92% (125/135)
Receiving objects:  93% (126/135)
Receiving objects:  94% (127/135)
Receiving objects:  95% (129/135)
Receiving objects:  96% (130/135)
Receiving objects:  97% (131/135)
Receiving objects:  98% (133/135)
Receiving objects:  99% (134/135)
Receiving objects: 100% (135/135)
Receiving objects: 100% (135/135), 56.47 KiB | 5.65 MiB/s, done.
Resolving deltas:   0% (0/85)
Resolving deltas:   1% (1/85)
Resolving deltas:   2% (2/85)
Resolving deltas:   3% (3/85)
Resolving deltas:   4% (4/85)
Resolving deltas:   5% (5/85)
Resolving deltas:   7% (6/85)
Resolving deltas:   8% (7/85)
Resolving deltas:   9% (8/85)
Resolving deltas:  10% (9/85)
Resolving deltas:  11% (10/85)
Resolving deltas:  12% (11/85)
Resolving deltas:  15% (13/85)
Resolving deltas:  16% (14/85)
Resolving deltas:  17% (15/85)
Resolving deltas:  18% (16/85)
Resolving deltas:  20% (17/85)
Resolving deltas:  21% (18/85)
Resolving deltas:  22% (19/85)
Resolving deltas:  23% (20/85)
Resolving deltas:  24% (21/85)
Resolving deltas:  25% (22/85)
Resolving deltas:  27% (23/85)
Resolving deltas:  28% (24/85)
Resolving deltas:  29% (25/85)
Resolving deltas:  30% (26/85)
Resolving deltas:  31% (27/85)
Resolving deltas:  32% (28/85)
Resolving deltas:  34% (29/85)
Resolving deltas:  35% (30/85)
Resolving deltas:  36% (31/85)
Resolving deltas:  38% (33/85)
Resolving deltas:  40% (34/85)
Resolving deltas:  41% (35/85)
Resolving deltas:  42% (36/85)
Resolving deltas:  43% (37/85)
Resolving deltas:  44% (38/85)
Resolving deltas:  45% (39/85)
Resolving deltas:  47% (40/85)
Resolving deltas:  49% (42/85)
Resolving deltas:  50% (43/85)
Resolving deltas:  51% (44/85)
Resolving deltas:  54% (46/85)
Resolving deltas:  55% (47/85)
Resolving deltas:  56% (48/85)
Resolving deltas:  57% (49/85)
Resolving deltas:  58% (50/85)
Resolving deltas:  60% (51/85)
Resolving deltas:  61% (52/85)
Resolving deltas:  62% (53/85)
Resolving deltas:  63% (54/85)
Resolving deltas:  64% (55/85)
Resolving deltas:  65% (56/85)
Resolving deltas:  67% (57/85)
Resolving deltas:  68% (58/85)
Resolving deltas:  69% (59/85)
Resolving deltas:  70% (60/85)
Resolving deltas:  71% (61/85)
Resolving deltas:  72% (62/85)
Resolving deltas:  75% (64/85)
Resolving deltas:  76% (65/85)
Resolving deltas:  77% (66/85)
Resolving deltas:  78% (67/85)
Resolving deltas:  80% (68/85)
Resolving deltas:  81% (69/85)
Resolving deltas:  82% (70/85)
Resolving deltas:  84% (72/85)
Resolving deltas:  85% (73/85)
Resolving deltas:  87% (74/85)
Resolving deltas:  88% (75/85)
Resolving deltas:  90% (77/85)
Resolving deltas:  91% (78/85)
Resolving deltas:  92% (79/85)
Resolving deltas:  95% (81/85)
Resolving deltas:  96% (82/85)
Resolving deltas:  97% (83/85)
Resolving deltas:  98% (84/85)
Resolving deltas: 100% (85/85)
Resolving deltas: 100% (85/85), done.
Note: Deploying release usb_embedded=0.2.0...
Cloning into '/Users/runner/work/alire-crates-ci/alire-crates-ci/test/69c86a2f-cd35-49f6-9b32-ab145820049b/rp2040_hal_1.5.0_fee519d4/alire/cache/dependencies/alr-hqwb.tmp'...
remote: Enumerating objects: 437, done.        
remote: Counting objects:   0% (1/437)        
remote: Counting objects:   1% (5/437)        
remote: Counting objects:   2% (9/437)        
remote: Counting objects:   3% (14/437)        
remote: Counting objects:   4% (18/437)        
remote: Counting objects:   5% (22/437)        
remote: Counting objects:   6% (27/437)        
remote: Counting objects:   7% (31/437)        
remote: Counting objects:   8% (35/437)        
remote: Counting objects:   9% (40/437)        
remote: Counting objects:  10% (44/437)        
remote: Counting objects:  11% (49/437)        
remote: Counting objects:  12% (53/437)        
remote: Counting objects:  13% (57/437)        
remote: Counting objects:  14% (62/437)        
remote: Counting objects:  15% (66/437)        
remote: Counting objects:  16% (70/437)        
remote: Counting objects:  17% (75/437)        
remote: Counting objects:  18% (79/437)        
remote: Counting objects:  19% (84/437)        
remote: Counting objects:  20% (88/437)        
remote: Counting objects:  21% (92/437)        
remote: Counting objects:  22% (97/437)        
remote: Counting objects:  23% (101/437)        
remote: Counting objects:  24% (105/437)        
remote: Counting objects:  25% (110/437)        
remote: Counting objects:  26% (114/437)        
remote: Counting objects:  27% (118/437)        
remote: Counting objects:  28% (123/437)        
remote: Counting objects:  29% (127/437)        
remote: Counting objects:  30% (132/437)        
remote: Counting objects:  31% (136/437)        
remote: Counting objects:  32% (140/437)        
remote: Counting objects:  33% (145/437)        
remote: Counting objects:  34% (149/437)        
remote: Counting objects:  35% (153/437)        
remote: Counting objects:  36% (158/437)        
remote: Counting objects:  37% (162/437)        
remote: Counting objects:  38% (167/437)        
remote: Counting objects:  39% (171/437)        
remote: Counting objects:  40% (175/437)        
remote: Counting objects:  41% (180/437)        
remote: Counting objects:  42% (184/437)        
remote: Counting objects:  43% (188/437)        
remote: Counting objects:  44% (193/437)        
remote: Counting objects:  45% (197/437)        
remote: Counting objects:  46% (202/437)        
remote: Counting objects:  47% (206/437)        
remote: Counting objects:  48% (210/437)        
remote: Counting objects:  49% (215/437)        
remote: Counting objects:  50% (219/437)        
remote: Counting objects:  51% (223/437)        
remote: Counting objects:  52% (228/437)        
remote: Counting objects:  53% (232/437)        
remote: Counting objects:  54% (236/437)        
remote: Counting objects:  55% (241/437)        
remote: Counting objects:  56% (245/437)        
remote: Counting objects:  57% (250/437)        
remote: Counting objects:  58% (254/437)        
remote: Counting objects:  59% (258/437)        
remote: Counting objects:  60% (263/437)        
remote: Counting objects:  61% (267/437)        
remote: Counting objects:  62% (271/437)        
remote: Counting objects:  63% (276/437)        
remote: Counting objects:  64% (280/437)        
remote: Counting objects:  65% (285/437)        
remote: Counting objects:  66% (289/437)        
remote: Counting objects:  67% (293/437)        
remote: Counting objects:  68% (298/437)        
remote: Counting objects:  69% (302/437)        
remote: Counting objects:  70% (306/437)        
remote: Counting objects:  71% (311/437)        
remote: Counting objects:  72% (315/437)        
remote: Counting objects:  73% (320/437)        
remote: Counting objects:  74% (324/437)        
remote: Counting objects:  75% (328/437)        
remote: Counting objects:  76% (333/437)        
remote: Counting objects:  77% (337/437)        
remote: Counting objects:  78% (341/437)        
remote: Counting objects:  79% (346/437)        
remote: Counting objects:  80% (350/437)        
remote: Counting objects:  81% (354/437)        
remote: Counting objects:  82% (359/437)        
remote: Counting objects:  83% (363/437)        
remote: Counting objects:  84% (368/437)        
remote: Counting objects:  85% (372/437)        
remote: Counting objects:  86% (376/437)        
remote: Counting objects:  87% (381/437)        
remote: Counting objects:  88% (385/437)        
remote: Counting objects:  89% (389/437)        
remote: Counting objects:  90% (394/437)        
remote: Counting objects:  91% (398/437)        
remote: Counting objects:  92% (403/437)        
remote: Counting objects:  93% (407/437)        
remote: Counting objects:  94% (411/437)        
remote: Counting objects:  95% (416/437)        
remote: Counting objects:  96% (420/437)        
remote: Counting objects:  97% (424/437)        
remote: Counting objects:  98% (429/437)        
remote: Counting objects:  99% (433/437)        
remote: Counting objects: 100% (437/437)        
remote: Counting objects: 100% (437/437), done.        
remote: Compressing objects:   0% (1/224)        
remote: Compressing objects:   1% (3/224)        
remote: Compressing objects:   2% (5/224)        
remote: Compressing objects:   3% (7/224)        
remote: Compressing objects:   4% (9/224)        
remote: Compressing objects:   5% (12/224)        
remote: Compressing objects:   6% (14/224)        
remote: Compressing objects:   7% (16/224)        
remote: Compressing objects:   8% (18/224)        
remote: Compressing objects:   9% (21/224)        
remote: Compressing objects:  10% (23/224)        
remote: Compressing objects:  11% (25/224)        
remote: Compressing objects:  12% (27/224)        
remote: Compressing objects:  13% (30/224)        
remote: Compressing objects:  14% (32/224)        
remote: Compressing objects:  15% (34/224)        
remote: Compressing objects:  16% (36/224)        
remote: Compressing objects:  17% (39/224)        
remote: Compressing objects:  18% (41/224)        
remote: Compressing objects:  19% (43/224)        
remote: Compressing objects:  20% (45/224)        
remote: Compressing objects:  21% (48/224)        
remote: Compressing objects:  22% (50/224)        
remote: Compressing objects:  23% (52/224)        
remote: Compressing objects:  24% (54/224)        
remote: Compressing objects:  25% (56/224)        
remote: Compressing objects:  26% (59/224)        
remote: Compressing objects:  27% (61/224)        
remote: Compressing objects:  28% (63/224)        
remote: Compressing objects:  29% (65/224)        
remote: Compressing objects:  30% (68/224)        
remote: Compressing objects:  31% (70/224)        
remote: Compressing objects:  32% (72/224)        
remote: Compressing objects:  33% (74/224)        
remote: Compressing objects:  34% (77/224)        
remote: Compressing objects:  35% (79/224)        
remote: Compressing objects:  36% (81/224)        
remote: Compressing objects:  37% (83/224)        
remote: Compressing objects:  38% (86/224)        
remote: Compressing objects:  39% (88/224)        
remote: Compressing objects:  40% (90/224)        
remote: Compressing objects:  41% (92/224)        
remote: Compressing objects:  42% (95/224)        
remote: Compressing objects:  43% (97/224)        
remote: Compressing objects:  44% (99/224)        
remote: Compressing objects:  45% (101/224)        
remote: Compressing objects:  46% (104/224)        
remote: Compressing objects:  47% (106/224)        
remote: Compressing objects:  48% (108/224)        
remote: Compressing objects:  49% (110/224)        
remote: Compressing objects:  50% (112/224)        
remote: Compressing objects:  51% (115/224)        
remote: Compressing objects:  52% (117/224)        
remote: Compressing objects:  53% (119/224)        
remote: Compressing objects:  54% (121/224)        
remote: Compressing objects:  55% (124/224)        
remote: Compressing objects:  56% (126/224)        
remote: Compressing objects:  57% (128/224)        
remote: Compressing objects:  58% (130/224)        
remote: Compressing objects:  59% (133/224)        
remote: Compressing objects:  60% (135/224)        
remote: Compressing objects:  61% (137/224)        
remote: Compressing objects:  62% (139/224)        
remote: Compressing objects:  63% (142/224)        
remote: Compressing objects:  64% (144/224)        
remote: Compressing objects:  65% (146/224)        
remote: Compressing objects:  66% (148/224)        
remote: Compressing objects:  67% (151/224)        
remote: Compressing objects:  68% (153/224)        
remote: Compressing objects:  69% (155/224)        
remote: Compressing objects:  70% (157/224)        
remote: Compressing objects:  71% (160/224)        
remote: Compressing objects:  72% (162/224)        
remote: Compressing objects:  73% (164/224)        
remote: Compressing objects:  74% (166/224)        
remote: Compressing objects:  75% (168/224)        
remote: Compressing objects:  76% (171/224)        
remote: Compressing objects:  77% (173/224)        
remote: Compressing objects:  78% (175/224)        
remote: Compressing objects:  79% (177/224)        
remote: Compressing objects:  80% (180/224)        
remote: Compressing objects:  81% (182/224)        
remote: Compressing objects:  82% (184/224)        
remote: Compressing objects:  83% (186/224)        
remote: Compressing objects:  84% (189/224)        
remote: Compressing objects:  85% (191/224)        
remote: Compressing objects:  86% (193/224)        
remote: Compressing objects:  87% (195/224)        
remote: Compressing objects:  88% (198/224)        
remote: Compressing objects:  89% (200/224)        
remote: Compressing objects:  90% (202/224)        
remote: Compressing objects:  91% (204/224)        
remote: Compressing objects:  92% (207/224)        
remote: Compressing objects:  93% (209/224)        
remote: Compressing objects:  94% (211/224)        
remote: Compressing objects:  95% (213/224)        
remote: Compressing objects:  96% (216/224)        
remote: Compressing objects:  97% (218/224)        
remote: Compressing objects:  98% (220/224)        
remote: Compressing objects:  99% (222/224)        
remote: Compressing objects: 100% (224/224)        
remote: Compressing objects: 100% (224/224), done.        
Receiving objects:   0% (1/437)
Receiving objects:   1% (5/437)
Receiving objects:   2% (9/437)
Receiving objects:   3% (14/437)
Receiving objects:   4% (18/437)
Receiving objects:   5% (22/437)
Receiving objects:   6% (27/437)
Receiving objects:   7% (31/437)
Receiving objects:   8% (35/437)
Receiving objects:   9% (40/437)
Receiving objects:  10% (44/437)
Receiving objects:  11% (49/437)
Receiving objects:  12% (53/437)
Receiving objects:  13% (57/437)
Receiving objects:  14% (62/437)
Receiving objects:  15% (66/437)
Receiving objects:  16% (70/437)
Receiving objects:  17% (75/437)
Receiving objects:  18% (79/437)
Receiving objects:  19% (84/437)
Receiving objects:  20% (88/437)
Receiving objects:  21% (92/437)
Receiving objects:  22% (97/437)
Receiving objects:  23% (101/437)
Receiving objects:  24% (105/437)
Receiving objects:  25% (110/437)
Receiving objects:  26% (114/437)
Receiving objects:  27% (118/437)
Receiving objects:  28% (123/437)
Receiving objects:  29% (127/437)
Receiving objects:  30% (132/437)
Receiving objects:  31% (136/437)
Receiving objects:  32% (140/437)
Receiving objects:  33% (145/437)
Receiving objects:  34% (149/437)
Receiving objects:  35% (153/437)
Receiving objects:  36% (158/437)
Receiving objects:  37% (162/437)
Receiving objects:  38% (167/437)
Receiving objects:  39% (171/437)
Receiving objects:  40% (175/437)
Receiving objects:  41% (180/437)
Receiving objects:  42% (184/437)
Receiving objects:  43% (188/437)
Receiving objects:  44% (193/437)
Receiving objects:  45% (197/437)
Receiving objects:  46% (202/437)
Receiving objects:  47% (206/437)
Receiving objects:  48% (210/437)
Receiving objects:  49% (215/437)
Receiving objects:  50% (219/437)
Receiving objects:  51% (223/437)
Receiving objects:  52% (228/437)
Receiving objects:  53% (232/437)
Receiving objects:  54% (236/437)
Receiving objects:  55% (241/437)
Receiving objects:  56% (245/437)
Receiving objects:  57% (250/437)
Receiving objects:  58% (254/437)
Receiving objects:  59% (258/437)
Receiving objects:  60% (263/437)
Receiving objects:  61% (267/437)
Receiving objects:  62% (271/437)
Receiving objects:  63% (276/437)
Receiving objects:  64% (280/437)
Receiving objects:  65% (285/437)
Receiving objects:  66% (289/437)
Receiving objects:  67% (293/437)
Receiving objects:  68% (298/437)
Receiving objects:  69% (302/437)
Receiving objects:  70% (306/437)
Receiving objects:  71% (311/437)
Receiving objects:  72% (315/437)
Receiving objects:  73% (320/437)
Receiving objects:  74% (324/437)
Receiving objects:  75% (328/437)
Receiving objects:  76% (333/437)
Receiving objects:  77% (337/437)
Receiving objects:  78% (341/437)
Receiving objects:  79% (346/437)
Receiving objects:  80% (350/437)
Receiving objects:  81% (354/437)
Receiving objects:  82% (359/437)
Receiving objects:  83% (363/437)
Receiving objects:  84% (368/437)
Receiving objects:  85% (372/437)
Receiving objects:  86% (376/437)
Receiving objects:  87% (381/437)
Receiving objects:  88% (385/437)
Receiving objects:  89% (389/437)
Receiving objects:  90% (394/437)
Receiving objects:  91% (398/437)
Receiving objects:  92% (403/437)
Receiving objects:  93% (407/437)
Receiving objects:  94% (411/437)
Receiving objects:  95% (416/437)
remote: Total 437 (delta 264), reused 354 (delta 189), pack-reused 0        
Receiving objects:  96% (420/437)
Receiving objects:  97% (424/437)
Receiving objects:  98% (429/437)
Receiving objects:  99% (433/437)
Receiving objects: 100% (437/437)
Receiving objects: 100% (437/437), 165.72 KiB | 7.21 MiB/s, done.
Resolving deltas:   0% (0/264)
Resolving deltas:   1% (3/264)
Resolving deltas:   2% (6/264)
Resolving deltas:   3% (8/264)
Resolving deltas:   4% (11/264)
Resolving deltas:   5% (14/264)
Resolving deltas:   6% (16/264)
Resolving deltas:   7% (19/264)
Resolving deltas:   8% (22/264)
Resolving deltas:   9% (24/264)
Resolving deltas:  10% (27/264)
Resolving deltas:  11% (30/264)
Resolving deltas:  12% (32/264)
Resolving deltas:  13% (35/264)
Resolving deltas:  14% (37/264)
Resolving deltas:  15% (40/264)
Resolving deltas:  16% (43/264)
Resolving deltas:  17% (45/264)
Resolving deltas:  18% (48/264)
Resolving deltas:  19% (51/264)
Resolving deltas:  20% (53/264)
Resolving deltas:  21% (56/264)
Resolving deltas:  22% (59/264)
Resolving deltas:  23% (62/264)
Resolving deltas:  24% (64/264)
Resolving deltas:  25% (66/264)
Resolving deltas:  26% (69/264)
Resolving deltas:  27% (72/264)
Resolving deltas:  28% (74/264)
Resolving deltas:  29% (77/264)
Resolving deltas:  30% (80/264)
Resolving deltas:  31% (83/264)
Resolving deltas:  32% (85/264)
Resolving deltas:  33% (89/264)
Resolving deltas:  34% (90/264)
Resolving deltas:  35% (93/264)
Resolving deltas:  36% (96/264)
Resolving deltas:  37% (98/264)
Resolving deltas:  38% (101/264)
Resolving deltas:  39% (103/264)
Resolving deltas:  40% (106/264)
Resolving deltas:  41% (110/264)
Resolving deltas:  42% (111/264)
Resolving deltas:  43% (114/264)
Resolving deltas:  44% (117/264)
Resolving deltas:  45% (119/264)
Resolving deltas:  46% (122/264)
Resolving deltas:  47% (125/264)
Resolving deltas:  48% (127/264)
Resolving deltas:  49% (131/264)
Resolving deltas:  50% (132/264)
Resolving deltas:  51% (135/264)
Resolving deltas:  52% (138/264)
Resolving deltas:  53% (140/264)
Resolving deltas:  54% (143/264)
Resolving deltas:  55% (146/264)
Resolving deltas:  56% (148/264)
Resolving deltas:  57% (151/264)
Resolving deltas:  58% (154/264)
Resolving deltas:  59% (156/264)
Resolving deltas:  60% (159/264)
Resolving deltas:  61% (162/264)
Resolving deltas:  62% (165/264)
Resolving deltas:  63% (168/264)
Resolving deltas:  64% (170/264)
Resolving deltas:  65% (172/264)
Resolving deltas:  66% (175/264)
Resolving deltas:  67% (177/264)
Resolving deltas:  68% (180/264)
Resolving deltas:  69% (183/264)
Resolving deltas:  70% (185/264)
Resolving deltas:  71% (188/264)
Resolving deltas:  72% (192/264)
Resolving deltas:  73% (194/264)
Resolving deltas:  74% (196/264)
Resolving deltas:  75% (198/264)
Resolving deltas:  76% (201/264)
Resolving deltas:  77% (204/264)
Resolving deltas:  78% (206/264)
Resolving deltas:  79% (209/264)
Resolving deltas:  80% (212/264)
Resolving deltas:  81% (214/264)
Resolving deltas:  82% (217/264)
Resolving deltas:  83% (220/264)
Resolving deltas:  84% (222/264)
Resolving deltas:  85% (225/264)
Resolving deltas:  86% (228/264)
Resolving deltas:  87% (230/264)
Resolving deltas:  88% (233/264)
Resolving deltas:  89% (235/264)
Resolving deltas:  90% (239/264)
Resolving deltas:  91% (241/264)
Resolving deltas:  92% (244/264)
Resolving deltas:  93% (246/264)
Resolving deltas:  94% (249/264)
Resolving deltas:  95% (251/264)
Resolving deltas:  96% (254/264)
Resolving deltas:  97% (257/264)
Resolving deltas:  98% (259/264)
Resolving deltas:  99% (262/264)
Resolving deltas: 100% (264/264)
Resolving deltas: 100% (264/264), done.
Setup
   [mkdir]        object directory for project HAL
   [mkdir]        library directory for project HAL
   [mkdir]        object directory for project Atomic
   [mkdir]        library directory for project Atomic
   [mkdir]        object directory for project BBqueue
   [mkdir]        library directory for project BBqueue
   [mkdir]        object directory for project Usb_Embedded
   [mkdir]        library directory for project Usb_Embedded
   [mkdir]        object directory for project Cortex_M0
   [mkdir]        library directory for project Cortex_M0
   [mkdir]        object directory for project Rp2040_Hal
   [mkdir]        library directory for project Rp2040_Hal
Compile
   [Ada]          cortex_m-nvic.adb
   [Ada]          cortex_m-cache.adb
   [Ada]          cortex_m_svd-systick.ads
   [Ada]          cortex_m_svd-scb.ads
   [Ada]          cortex_m_svd-debug.ads
   [Ada]          cortex_m_svd.ads
   [Ada]          cortex_m_svd-dwt.ads
   [Ada]          cortex_m_svd-nvic.ads
   [Ada]          cortex_m-systick.adb
   [Ada]          cortex_m-dwt.adb
   [Ada]          semihosting-filesystem.adb
   [Ada]          cortex_m-debug.adb
   [Ada]          semihosting.adb
   [Ada]          cortex_m.ads
   [Ada]          memory_barriers.adb
   [Ada]          atomic-critical_section.adb
   [Ada]          atomic.adb
   [Ada]          atomic-unsigned.adb
   [Ada]          atomic-signed.adb
   [Ada]          atomic-unsigned_32.ads
   [Ada]          atomic-signed_32.ads
   [Ada]          atomic-unsigned_8.ads
   [Ada]          atomic-signed_8.ads
   [Ada]          atomic-signed_16.ads
   [Ada]          atomic-unsigned_16.ads
   [Ada]          bbqueue-buffers-framed.adb
   [Ada]          bbqueue-buffers.adb
   [Ada]          bbqueue.adb
   [Ada]          usb-device-hid.adb
   [Ada]          usb-device-hid-joystick.adb
   [Ada]          usb-device-hid-keyboard.adb
   [Ada]          usb-logging-device.adb
   [Ada]          usb-hal.ads
   [Ada]          usb-device.adb
   [Ada]          usb.adb
   [Ada]          usb-utils.adb
   [Ada]          usb-hal-device.ads
   [Ada]          usb-device-hid-mouse.adb
   [Ada]          usb-logging.ads
   [Ada]          usb-device-serial.adb
   [Ada]          usb-device-control.adb
   [Ada]          usb-device-midi.adb
   [Ada]          usb-lang.ads
   [Ada]          usb-device-hid-gamepad.adb
   [Ada]          hal-bitmap.ads
   [Ada]          hal-gpio.ads
   [Ada]          hal-sdmmc.adb
   [Ada]          hal-i2c.ads
   [Ada]          hal-audio.ads
   [Ada]          hal-touch_panel.ads
   [Ada]          hal-framebuffer.ads
   [Ada]          hal-filesystem.ads
   [Ada]          hal.ads
   [Ada]          hal-uart.ads
   [Ada]          hal-dsi.ads
   [Ada]          hal-block_drivers.ads
   [Ada]          hal-spi.ads
   [Ada]          hal-time.ads
   [Ada]          hal-real_time_clock.ads
   [Asm_Cpp]      crt0.s
   [Ada]          rp-device.ads
   [Ada]          rp2040_svd-xip_ssi.ads
   [Ada]          rp2040_svd-vreg_and_chip_reset.ads
   [Ada]          rp2040_svd-dma.ads
   [Ada]          rp2040_svd-rosc.ads
   [Ada]          rp2040_svd-psm.ads
   [Ada]          rp2040_svd-syscfg.ads
   [Ada]          rp2040_svd-busctrl.ads
   [Ada]          rp2040_svd-io_qspi.ads
   [Ada]          rp2040_svd-i2c.ads
   [Ada]          rp2040_svd-interrupts.ads
   [Ada]          rp2040_svd-uart.ads
   [Ada]          rp2040_svd-usbctrl_dpram.ads
   [Ada]          rp2040_svd-ppb.ads
   [Ada]          rp2040_svd-usbctrl_regs.ads
   [Ada]          rp2040_svd.ads
   [Ada]          rp2040_svd-tbman.ads
   [Ada]          rp2040_svd-xip_ctrl.ads
   [Ada]          rp2040_svd-pll.ads
   [Ada]          rp2040_svd-resets.ads
   [Ada]          rp2040_svd-xosc.ads
   [Ada]          rp2040_svd-clocks.ads
   [Ada]          rp2040_svd-sio.ads
   [Ada]          rp2040_svd-pads_bank0.ads
   [Ada]          rp2040_svd-spi.ads
   [Ada]          rp2040_svd-pwm.ads
   [Ada]          rp2040_svd-rtc.ads
   [Ada]          rp2040_svd-watchdog.ads
   [Ada]          rp2040_svd-timer.ads
   [Ada]          rp2040_svd-io_bank0.ads
   [Ada]          rp2040_svd-pio.ads
   [Ada]          rp2040_svd-sysinfo.ads
   [Ada]          rp2040_svd-pads_qspi.ads
   [Ada]          rp2040_svd-adc.ads
   [Ada]          rp-rom.adb
   [Ada]          rp-multicore-fifo.adb
   [Ada]          rp-rtc.adb
   [Ada]          rp-pwm.adb
   [Ada]          rp-rom-floating_point.adb
   [Ada]          rp-spi.adb
   [Ada]          rp-interpolator.ads
   [Ada]          rp-pio.adb
   [Ada]          rp-pio-audio_i2s_pio.ads
   [Ada]          rp-clock.adb
   [Ada]          rp-adc.adb
   [Ada]          rp-uart.adb
   [Ada]          rp-usb_device.adb
   [Ada]          rp-pio-encoding.ads
   [Ada]          rp-flash-cache.adb
   [Ada]          rp-timer.adb
   [Ada]          rp-dma.adb
   [Ada]          rp-reset.adb
   [Ada]          rp-multicore.adb
   [Ada]          rp-i2c_master.adb
   [Ada]          rp-pio-audio_i2s.adb
   [Ada]          rp-pio-ws2812.adb
   [Ada]          rp-watchdog.adb
   [Ada]          rp-multicore-spinlocks.adb
   [Ada]          rp-gpio.adb
   [Ada]          rp-flash.adb
   [Ada]          rp-pio-ws2812_pio.ads
   [Ada]          rp.ads
   [Ada]          rp_interrupts.adb
Build Libraries
   [gprlib]       hal.lexch
   [gprlib]       Atomic.lexch
   [gprlib]       Bbqueue.lexch
   [archive]      libhal.a
   [archive]      libAtomic.a
   [index]        libAtomic.a
   [index]        libhal.a
   [gprlib]       Usb_Embedded.lexch
   [archive]      libBbqueue.a
   [index]        libBbqueue.a
   [gprlib]       cortex_m0.lexch
   [gprlib]       rp2040_hal.lexch
   [archive]      libUsb_Embedded.a
   [archive]      libcortex_m0.a
   [index]        libUsb_Embedded.a
   [index]        libcortex_m0.a
   [archive]      librp2040_hal.a
   [index]        librp2040_hal.a

rp2040_hal=1.5.0 successfully retrieved and built.
Dependencies were solved as follows:

   +  atomic       0.4.1  (new,indirect)                       
   +  bbqueue      0.3.0  (new,indirect)                       
   +  cortex_m     0.3.0  (new)                                
   +i gnat         11.2.4 (new,installed,gnat_arm_elf,indirect)
   +i gnat_arm_elf 11.2.4 (new,installed)                      
   +  hal          0.1.0  (new)                                
   +  usb_embedded 0.2.0  (new)                                
