Test ran at 2025-02-03 00:41:36.893060+00:00

SOLUTION:
loga=1.0.0: Simple library for simple logging. Like npm package "debug", but for Ada
Origin: commit e810ee037029e00fc3cacdde598fe981db51efd5 from https://github.com/mangl-auf/loga.git
Properties:
   Author: Cyrill Korshnyak ł
   Description: Simple library for simple logging. Like npm package "debug", but for Ada
   License: Unlicense
   Maintainer: Cyrill Korshnyak <kirillkorshnyak@yandex.com>
   Maintainers_Logins: mangl-auf
   Name: loga
   Tag: logging
   Version: 1.0.0
   Website: https://github.com/mangl-auf/loga/


LOG:
Note: Deploying loga=1.0.0...
Note: Migrating lockfile from /Users/runner/work/alire-crates-ci/alire-crates-ci/test/295a6ade-1cb6-4f6e-9749-be4cc6cbaf11/loga_1.0.0_e810ee03/alire.lock to /Users/runner/work/alire-crates-ci/alire-crates-ci/test/295a6ade-1cb6-4f6e-9749-be4cc6cbaf11/loga_1.0.0_e810ee03/alire/alire.lock
Note: Building loga/loga.gpr...
Setup
   [mkdir]        object directory for project Loga
   [mkdir]        library directory for project Loga
Compile
   [Ada]          loga.adb
Build Libraries
   [gprlib]       loga.lexch
   [archive]      libloga.a
   [index]        libloga.a
Build finished successfully in 2.20 seconds.

loga=1.0.0 successfully retrieved and built.
There are no dependencies.
Found declared GPR file: loga.gpr
