Test ran at 2024-09-11 00:44:19.359738+00:00

SOLUTION:
raspberry_bsp=1.0.0: Board Support package for Raspberry PI v1, v2 and B+
Origin: commit a15c773223e31c3ba97dc806897ab1feec2ff5a3 from https://github.com/TamaMcGlinn/ada_raspio.git
Available when: (case OS is Windows => False)
Properties:
   Author: Tama McGlinn
   Description: Board Support package for Raspberry PI v1, v2 and B+
   License: MIT
   Maintainer: Tama McGlinn <t.mcglinn@gmail.com>
   Maintainers_Logins: TamaMcGlinn
   Name: raspberry_bsp
   Tag: raspberry
   Tag: pi
   Version: 1.0.0
   Website: https://github.com/TamaMcGlinn/ada_raspio


LOG:
Note: Deploying raspberry_bsp=1.0.0...
Note: Building raspberry_bsp/raspberry_bsp.gpr...
Setup
   [mkdir]        object directory for project Raspberry_BSP
   [mkdir]        library directory for project Raspberry_BSP
bcm2835_library.gpr:4:23: library directory "/usr/local/lib/" does not exist
gprbuild: "/Users/runner/work/alire-crates-ci/alire-crates-ci/test/bc292289-88b8-46f2-881e-31d178fc5503/raspberry_bsp_1.0.0_a15c7732/raspberry_bsp.gpr" processing failed
stderr: Command ["gprbuild", "-s", "-j0", "-p", "-P", "/Users/runner/work/alire-crates-ci/alire-crates-ci/test/bc292289-88b8-46f2-881e-31d178fc5503/raspberry_bsp_1.0.0_a15c7732/raspberry_bsp.gpr"] exited with code 4
ERROR: Command ["gprbuild", "-s", "-j0", "-p", "-P", "/Users/runner/work/alire-crates-ci/alire-crates-ci/test/bc292289-88b8-46f2-881e-31d178fc5503/raspberry_bsp_1.0.0_a15c7732/raspberry_bsp.gpr"] exited with code 4
stderr: ALIRE.CHECKED_ERROR
stderr: Command ["gprbuild", "-s", "-j0", "-p", "-P", "/Users/runner/work/alire-crates-ci/alire-crates-ci/test/bc292289-88b8-46f2-881e-31d178fc5503/raspberry_bsp_1.0.0_a15c7732/raspberry_bsp.gpr"] exited with code 4
stderr: raised ALIRE.CHECKED_ERROR : alire-stored-error:1
Load address: 0x100e93000
Call stack traceback locations:
0x10179b415 0x10146ee83 0x101681df9 0x101682581 0x1015e2ac3 0x1015e0f99 0x1015fd873 0x101649dc1 0x10164881a 0x1015fd9b8 0x1015e1349 0x100ef29c1 0x100f03578 0x100f0801c 0x100f8e05c 0x100f993b8 0x100e94605 0x100e97914


Warning: raspberry_bsp=1.0.0 successfully retrieved but its build failed.
There are no dependencies.
ERROR: Build ended with errors
