Test ran at 2024-06-15 13:11:36.549957+00:00

SOLUTION:
cashe=1.0.0: A fixed-point decimal money library written in Ada.
Origin: commit d142893b6036e384daa3e8a9172f133c204ee5a7 from https://github.com/AJ-Ianozi/Cashe.git
Properties:
   Author: AJ Ianozi
   Description: A fixed-point decimal money library written in Ada.
   License: MIT
   Maintainer: AJ Ianozi <aj@ianozi.com>
   Maintainers_Logins: AJ-Ianozi
   Name: cashe
   Tag: currency
   Tag: money
   Tag: decimal
   Tag: finance
   Version: 1.0.0
   Website: https://github.com/AJ-Ianozi/Cashe/
Dependencies (direct):
   gnat>=12 & <2000
   iso^2.0.0
Dependencies (solution):
   iso=2.0.0
Dependencies (external):
   gnat>=12 & <2000 (direct,hinted)
Dependencies (graph):
   cashe=1.0.0 --> gnat>=12 & <2000  
   cashe=1.0.0 --> iso=2.0.0 (^2.0.0)
Dependencies cannot be met


LOG:
