Test ran at 2025-02-03 13:05:29.889619+00:00

SOLUTION:
lace_bullet=0.1.0: Provides a thin Ada binding to the 'bullet' C++ project.
Origin: source archive lace_bullet-0.1.0.tgz at https://github.com/charlie5/lace-alire/releases/download/v0.1.0/lace_bullet-0.1.0.tgz with hashes sha256:2c009b790f92ee15fd63bde07bb3ba0747d3fd0d7465be28c12e22b9b3dc3475, sha512:cec42c7241bca4ca854d5dbe93df5ad4615a4d5b092fc79ac1cac2caf691e6f223e50bf10434d51731e78f051c9a252306dbe2f4e267c61a5af8a7c7d7ea5dd6
Properties:
   Author: Rod Kay
   Description: Provides a thin Ada binding to the 'bullet' C++ project.
   case Distribution is
      when Msys2 => Environment: C_INCLUDE_PATH=${C_INCLUDE_PATH}:${DISTRIB_ROOT}/mingw64/include/bullet
   License: ISC
   Maintainer: Rod Kay <rodakay5@gmail.com>
   Maintainers_Logins: charlie5
   Name: lace_bullet
   Project_File: library/bullet_thin.gpr
   Version: 0.1.0
Dependencies (direct):
   lace_c_math~0.1
   libbullet*
Dependencies (solution):
   lace_c_math=0.1.0
   lace_math=0.1.0
   lace_shared=0.1.0
   lace_swig=0.1.0
Dependencies (external):
   libbullet* (direct,hinted)
Dependencies (graph):
   lace_bullet=0.1.0 --> lace_c_math=0.1.0 (~0.1)
   lace_bullet=0.1.0 --> libbullet*              
   lace_c_math=0.1.0 --> lace_math=0.1.0 (~0.1)  
   lace_c_math=0.1.0 --> lace_swig=0.1.0 (~0.1)  
   lace_math=0.1.0   --> lace_shared=0.1.0 (~0.1)
Dependencies cannot be met


LOG:
