Test ran at 2024-11-22 00:45:39.730949+00:00

SOLUTION:
rsfile=1.0.1: Randomly pick a file with probability proportional to its size
Origin: commit f3d684685a9f41a94a20f80ce114a33cca028475 from https://github.com/mosteo/rsfile.git
Properties:
   Author: Alejandro R. Mosteo
   Configuration: no modifiers
   Description: Randomly pick a file with probability proportional to its size
   Executable: rsfile
   License: GPL-3.0-only
   Maintainer: Alejandro R. Mosteo <alejandro@mosteo.com>
   Maintainers_Logins: mosteo
   Name: rsfile
   Tag: command-line
   Tag: tool
   Tag: random
   Tag: file-size
   Version: 1.0.1


LOG:
Note: Deploying rsfile=1.0.1...
Note: Building rsfile/rsfile.gpr...
Setup
   [mkdir]        object directory for project Rsfile
Compile
   [Ada]          rsfile.adb
Bind
   [gprbind]      rsfile.bexch
   [Ada]          rsfile.ali
Link
   [link]         rsfile.adb
-macosx_version_min has been renamed to -macos_version_min
ld: warning: ignoring duplicate libraries: '-lSystem'
ld: warning: Support for dylib stub (MH_DYLIB_STUB) file '/Users/runner/.config/alire/cache/dependencies/gnat_native_10.3.2_e112fd3f/lib/libgcc_ext.10.5.dylib' is deprecated, text-based stubs should be used instead (with `GENERATE_TEXT_BASED_STUBS` build setting, or `tapi` tool)
ld: malformed mach-o missing relocations, LC_DYLD_INFO, or LC_DYLD_CHAINED_FIXUPS in '/Users/runner/.config/alire/cache/dependencies/gnat_native_10.3.2_e112fd3f/lib/libgcc_ext.10.5.dylib'
collect2: error: ld returned 1 exit status
gprbuild: link of rsfile.adb failed
gprbuild: failed command was: /users/runner/.config/alire/cache/dependencies/gnat_native_10.3.2_e112fd3f/bin/gcc rsfile.o b__rsfile.o -L/Users/runner/work/alire-crates-ci/alire-crates-ci/test/76286845-8bdd-42b9-889f-f4c61f1adefd/rsfile_1.0.1_f3d68468/obj/ -L/Users/runner/work/alire-crates-ci/alire-crates-ci/test/76286845-8bdd-42b9-889f-f4c61f1adefd/rsfile_1.0.1_f3d68468/obj/ -L/users/runner/.config/alire/cache/dependencies/gnat_native_10.3.2_e112fd3f/lib/gcc/x86_64-apple-darwin19.6.0/10.3.0/adalib/ -shared-libgcc -lgnat-10 -Wl,-rpath,@executable_path/ -Wl,-rpath,@executable_path/../../../../../../..//.config/alire/cache/dependencies/gnat_native_10.3.2_e112fd3f/lib/gcc/x86_64-apple-darwin19.6.0/10.3.0/adalib -Wl,-rpath,@executable_path/../../../../../../..//.config/alire/cache/dependencies/gnat_native_10.3.2_e112fd3f/lib -o rsfile
stderr: Command ["gprbuild", "-s", "-j0", "-p", "-P", "/Users/runner/work/alire-crates-ci/alire-crates-ci/test/76286845-8bdd-42b9-889f-f4c61f1adefd/rsfile_1.0.1_f3d68468/rsfile.gpr"] exited with code 4
ERROR: Command ["gprbuild", "-s", "-j0", "-p", "-P", "/Users/runner/work/alire-crates-ci/alire-crates-ci/test/76286845-8bdd-42b9-889f-f4c61f1adefd/rsfile_1.0.1_f3d68468/rsfile.gpr"] exited with code 4
stderr: ALIRE.CHECKED_ERROR
stderr: Command ["gprbuild", "-s", "-j0", "-p", "-P", "/Users/runner/work/alire-crates-ci/alire-crates-ci/test/76286845-8bdd-42b9-889f-f4c61f1adefd/rsfile_1.0.1_f3d68468/rsfile.gpr"] exited with code 4
stderr: raised ALIRE.CHECKED_ERROR : alire-stored-error:1
Load address: 0x100893000
Call stack traceback locations:
0x10119b415 0x100e6ee83 0x101081df9 0x101082581 0x100fe2ac3 0x100fe0f99 0x100ffd873 0x101049dc1 0x10104881a 0x100ffd9b8 0x100fe1349 0x1008f29c1 0x100903578 0x10090801c 0x10098e05c 0x1009993b8 0x100894605 0x100897914


Warning: rsfile=1.0.1 successfully retrieved but its build failed.
There are no dependencies.
ERROR: Build ended with errors
