Test ran at 2024-05-25 12:23:25.263692+00:00

SOLUTION:
xml_ez_out=1.6.0: Creation of XML-formatted output from Ada programs
Origin: source archive alr-1.6.tar.gz at https://github.com/alire-project/xmlezout/archive/alr-1.6.tar.gz with hash sha512:c90d08dcdb96bf39f1e06def716ea9936b2aec25fec2ea4f3314c53a2befefa4ea84c037c35abe6d7675af1c91a8847f6ce4e5e8dd32da1008f2ba43ed79151b
Properties:
   Author: Marc A. Criley
   Description: Creation of XML-formatted output from Ada programs
   Executable: tmeztf
   Maintainer: alejandro@mosteo.com
   Maintainers_Logins: mosteo
   Name: xml_ez_out
   Version: 1.6.0
   Website: http://www.mckae.com/xmlEz.html


LOG:
Note: Deploying xml_ez_out=1.6.0...
#=#=#                                                                         
##O#-#                                                                        
##O=#  #                                                                      
#=#=-#  #                                                                     
-#O#- #   #                                                                   
Note: Building xml_ez_out/xml_ez_out.gpr...
Compile
   [Ada]          tmeztf.adb
   [Ada]          mckae.ads
   [Ada]          mckae-xml.ads
   [Ada]          mckae-xml-ez_out.ads
   [Ada]          mckae-xml-ez_out-generic_medium.adb
   [Ada]          mckae-xml-ez_out-string_stream.adb
   [Ada]          mckae-xml-ez_out-text_file.ads
Bind
   [gprbind]      tmeztf.bexch
   [Ada]          tmeztf.ali
Link
   [link]         tmeztf.adb
-macosx_version_min has been renamed to -macos_version_min
0  0x1042bdf43  __assert_rtn + 64
1  0x1041bff43  ld::AtomPlacement::findAtom(unsigned char, unsigned long long, ld::AtomPlacement::AtomLoc const*&, long long&) const + 1411
2  0x1041dc431  ld::InputFiles::SliceParser::parseObjectFile(mach_o::Header const*) const + 19745
3  0x1041ecb71  ld::InputFiles::parseAllFiles(void (ld::AtomFile const*) block_pointer)::$_7::operator()(unsigned long, ld::FileInfo const&) const + 657
4  0x7ff80486edef  _dispatch_client_callout2 + 8
5  0x7ff804880547  _dispatch_apply_invoke3 + 431
6  0x7ff80486edbc  _dispatch_client_callout + 8
7  0x7ff80487004e  _dispatch_once_callout + 20
8  0x7ff804880a9b  _dispatch_apply_invoke_and_wait + 278
9  0x7ff80487fcf8  _dispatch_apply_with_attr_f + 1225
10  0x7ff80487feaf  dispatch_apply + 45
11  0x104285972  ld::AtomFileConsolidator::parseFiles(bool) + 370
12  0x10420cd67  main + 12263
ld: Assertion failed: (resultIndex < sectData.atoms.size()), function findAtom, file Relocations.cpp, line 1336.
collect2: error: ld returned 1 exit status
gprbuild: link of tmeztf.adb failed
gprbuild: failed command was: /users/runner/.config/alire/cache/dependencies/gnat_native_12.2.1_77267eb1/bin/gcc tmeztf.o b__tmeztf.o /Users/runner/work/alire-crates-ci/alire-crates-ci/test/8192d073-50df-4486-991f-2654dc0b1eb6/xml_ez_out_1.6.0_c90d08dc/mckae.o /Users/runner/work/alire-crates-ci/alire-crates-ci/test/8192d073-50df-4486-991f-2654dc0b1eb6/xml_ez_out_1.6.0_c90d08dc/mckae-xml.o /Users/runner/work/alire-crates-ci/alire-crates-ci/test/8192d073-50df-4486-991f-2654dc0b1eb6/xml_ez_out_1.6.0_c90d08dc/mckae-xml-ez_out.o /Users/runner/work/alire-crates-ci/alire-crates-ci/test/8192d073-50df-4486-991f-2654dc0b1eb6/xml_ez_out_1.6.0_c90d08dc/mckae-xml-ez_out-generic_medium.o /Users/runner/work/alire-crates-ci/alire-crates-ci/test/8192d073-50df-4486-991f-2654dc0b1eb6/xml_ez_out_1.6.0_c90d08dc/mckae-xml-ez_out-string_stream.o /Users/runner/work/alire-crates-ci/alire-crates-ci/test/8192d073-50df-4486-991f-2654dc0b1eb6/xml_ez_out_1.6.0_c90d08dc/mckae-xml-ez_out-text_file.o -L/Users/runner/work/alire-crates-ci/alire-crates-ci/test/8192d073-50df-4486-991f-2654dc0b1eb6/xml_ez_out_1.6.0_c90d08dc/ -L/Users/runner/work/alire-crates-ci/alire-crates-ci/test/8192d073-50df-4486-991f-2654dc0b1eb6/xml_ez_out_1.6.0_c90d08dc/ -L/users/runner/.config/alire/cache/dependencies/gnat_native_12.2.1_77267eb1/lib/gcc/x86_64-apple-darwin19.6.0/12.2.0/adalib/ /users/runner/.config/alire/cache/dependencies/gnat_native_12.2.1_77267eb1/lib/gcc/x86_64-apple-darwin19.6.0/12.2.0/adalib/libgnat.a -Wl,-rpath,@executable_path/ -Wl,-rpath,@executable_path/../../../../../..//.config/alire/cache/dependencies/gnat_native_12.2.1_77267eb1/lib/gcc/x86_64-apple-darwin19.6.0/12.2.0/adalib -o tmeztf
stderr: Command ["gprbuild", "-s", "-j0", "-p", "-P", "/Users/runner/work/alire-crates-ci/alire-crates-ci/test/8192d073-50df-4486-991f-2654dc0b1eb6/xml_ez_out_1.6.0_c90d08dc/xml_ez_out.gpr"] exited with code 4
ERROR: Command ["gprbuild", "-s", "-j0", "-p", "-P", "/Users/runner/work/alire-crates-ci/alire-crates-ci/test/8192d073-50df-4486-991f-2654dc0b1eb6/xml_ez_out_1.6.0_c90d08dc/xml_ez_out.gpr"] exited with code 4
stderr: ALIRE.CHECKED_ERROR
stderr: Command ["gprbuild", "-s", "-j0", "-p", "-P", "/Users/runner/work/alire-crates-ci/alire-crates-ci/test/8192d073-50df-4486-991f-2654dc0b1eb6/xml_ez_out_1.6.0_c90d08dc/xml_ez_out.gpr"] exited with code 4
stderr: raised ALIRE.CHECKED_ERROR : alire-stored-error:1
Load address: 0x1004fa000
Call stack traceback locations:
0x100e02415 0x100ad5e83 0x100ce8df9 0x100ce9581 0x100c49ac3 0x100c47f99 0x100c64873 0x100cb0dc1 0x100caf81a 0x100c649b8 0x100c48349 0x1005599c1 0x10056a578 0x10056f01c 0x1005f505c 0x1006003b8 0x1004fb605 0x1004fe914


Warning: xml_ez_out=1.6.0 successfully retrieved but its build failed.
There are no dependencies.
ERROR: Build ended with errors
