Test ran at 2022-09-19 13:20:03.012637+00:00

SOLUTION:
gnat_arm_elf=12.1.2: The GNAT Ada compiler - ARM cross-compiler
Provides: gnat=12.1.2
Origin: (case OS is Linux => (case Word_Size is Bits_64 => binary archive gnat-arm-elf-linux64-12.1.0-2.tar.gz at https://github.com/alire-project/GNAT-FSF-builds/releases/download/gnat-12.1.0-2/gnat-arm-elf-linux64-12.1.0-2.tar.gz), Macos => (case Word_Size is Bits_64 => binary archive gnat-arm-elf-darwin-12.1.0-2.tar.gz at https://github.com/alire-project/GNAT-FSF-builds/releases/download/gnat-12.1.0-2/gnat-arm-elf-darwin-12.1.0-2.tar.gz), Windows => (case Word_Size is Bits_64 => binary archive gnat-arm-elf-windows64-12.1.0-2.tar.gz at https://github.com/alire-project/GNAT-FSF-builds/releases/download/gnat-12.1.0-2/gnat-arm-elf-windows64-12.1.0-2.tar.gz)) with hash sha256:89ba9262ad168e2e7bf00efa5348bcae86454a9018d9058f0f5d69cc1c6bb5f0
Properties:
   Auto_Gpr_With: auto-gpr-with=false
   Configuration: no modifiers
   Description: The GNAT Ada compiler - ARM cross-compiler
   Environment: PATH=${CRATE_ROOT}/bin:${PATH}
   License: GPL-3.0-or-later AND GPL-3.0-or-later WITH GCC-exception-3.1
   Maintainer: chouteau@adacore.com
   Maintainers_Logins: Fabien-Chouteau
   Name: gnat_arm_elf
   Version: 12.1.2


LOG:
Note: Deploying gnat_arm_elf=12.1.2...
#=#=#                                                                         

                                                                           0.0%
#                                                                          2.4%
#####                                                                      8.2%
########                                                                  11.3%
##########                                                                14.4%
############                                                              17.5%
##############                                                            19.6%
#################                                                         24.6%
####################                                                      27.8%
#####################                                                     29.9%
#########################                                                 35.9%
############################                                              39.9%
###############################                                           43.2%
#################################                                         46.3%
####################################                                      50.4%
######################################                                    53.5%
########################################                                  56.6%
##########################################                                58.7%
#############################################                             63.4%
################################################                          67.9%
###################################################                       71.9%
######################################################                    75.6%
########################################################                  78.4%
##########################################################                81.7%
#############################################################             86.1%
###############################################################           88.5%
#################################################################         91.2%
###################################################################       93.6%
#####################################################################     96.7%
#######################################################################   99.7%
######################################################################## 100.0%
Note: Skipping build step for binary release gnat_arm_elf=12.1.2

gnat_arm_elf=12.1.2 successfully retrieved and deployed.
There are no dependencies.
