Test ran at 2025-02-05 01:37:13.503472+00:00

SOLUTION:
conic_fit=0.1.0: Least squares fitting of quadratic curves and surfaces
Origin: commit fdbecb47e68e17279a4ace4c36ed029f46c664c3 from https://github.com/reznikmm/conic_fit.git
Properties:
   Author: Max Reznik
   Build Switches: 
   Configuration: no modifiers
   Description: Least squares fitting of quadratic curves and surfaces
   License: MIT OR Apache-2.0 WITH LLVM-exception
   Maintainer: Max Reznik <reznikmm@gmail.com>
   Maintainers_Logins: reznikmm
   Name: conic_fit
   Project_File: gnat/conic_fit.gpr
   Tag: ellipse
   Tag: fitting
   Tag: projection
   Version: 0.1.0
   Website: https://github.com/reznikmm/conic_fit


LOG:
Spawning: alr -d -n get --build conic_fit=0.1.0
Note: Deploying conic_fit=0.1.0...
Note: Building conic_fit=0.1.0/gnat/conic_fit.gpr...
Setup
   [mkdir]        object directory for project Conic_Fit
   [mkdir]        library directory for project Conic_Fit
Compile
   [Ada]          conic_fit-generic_sphere.adb
   [Ada]          conic_fit-generic_ellipse.adb
   [Ada]          conic_fit-ellipse.ads
   [Ada]          conic_fit-generic_ellipsoid.adb
   [Ada]          conic_fit-sphere.ads
   [Ada]          conic_fit-float_vectors.ads
   [Ada]          conic_fit-linear_least_squares.adb
   [Ada]          conic_fit-generic_vectors.ads
   [Ada]          conic_fit-ellipsoid.ads
   [Ada]          conic_fit.ads
Build Libraries
   [gprlib]       Conic_Fit.lexch
   [archive]      libConic_Fit.a
   [index]        libConic_Fit.a

conic_fit=0.1.0 successfully retrieved and built.
There are no dependencies.
Found declared GPR file: gnat/conic_fit.gpr
