Test ran at 2025-02-04 01:22:28.807863+00:00

SOLUTION:
pygamer_simulator=1.0.0: SDL simulator of the AdaFruit PyGamer console
Origin: commit c0b428bdaf94de296ec3591a11f8ae79f48cc0d3 from https://github.com/Fabien-Chouteau/pygamer-simulator.git
Properties:
   Description: SDL simulator of the AdaFruit PyGamer console
   License: BSD-3-Clause
   Maintainer: fabien.chouteau@gmail.com
   Maintainers_Logins: Fabien-Chouteau
   Name: pygamer_simulator
   Project_File: pygamer_simulator.gpr
   Tag: pygamer
   Tag: adafruit
   Tag: game
   Tag: console
   Tag: simulator
   Version: 1.0.0
   Website: https://github.com/Fabien-Chouteau/pygamer-simulator
Dependencies (direct):
   asfml2.5.1
   hal~0.1.0
Dependencies (solution):
   asfml=2.5.1
   hal=0.1.0
   libcsfml=2.6.1
Dependencies (graph):
   asfml=2.5.1             --> libcsfml=2.6.1 (^2.5)
   pygamer_simulator=1.0.0 --> asfml=2.5.1 (2.5.1)  
   pygamer_simulator=1.0.0 --> hal=0.1.0 (~0.1.0)   


LOG:
Note: Deploying pygamer_simulator=1.0.0...
Note: Deploying hal=0.1.0...
#=#=#                                                                          

######################################################################## 100.0%
Note: Deploying libcsfml=2.6.1...
The system package 'CSFML-devel' is about to be installed.
This action might require admin privileges and impact your system installation.
Do you want Alire to install this system package?
Using default: Yes
Last metadata expiration check: 0:14:37 ago on Tue Feb  4 01:07:25 2025.
Dependencies resolved.
================================================================================
 Package                       Arch      Version               Repository  Size
================================================================================
Installing:
 CSFML-devel                   x86_64    2.6.1-1.fc40          updates     93 k
Installing dependencies:
 CSFML                         x86_64    2.6.1-1.fc40          updates     98 k
 SFML                          x86_64    2.6.2-1.fc40          updates    353 k
 SFML-devel                    x86_64    2.6.2-1.fc40          updates    926 k
 abattis-cantarell-vf-fonts    noarch    0.301-12.fc40         fedora     120 k
 autoconf                      noarch    2.71-10.fc40          fedora     733 k
 automake                      noarch    1.16.5-16.fc40        fedora     697 k
 brotli                        x86_64    1.1.0-3.fc40          fedora      20 k
 brotli-devel                  x86_64    1.1.0-3.fc40          fedora      34 k
 bzip2-devel                   x86_64    1.0.8-18.fc40         fedora     214 k
 cairo                         x86_64    1.18.0-3.fc40         fedora     709 k
 cairo-devel                   x86_64    1.18.0-3.fc40         fedora     193 k
 cmake                         x86_64    3.30.5-1.fc40         updates     11 M
 cmake-data                    noarch    3.30.5-1.fc40         updates    2.3 M
 cmake-filesystem              x86_64    3.30.5-1.fc40         updates     17 k
 default-fonts-core-sans       noarch    4.0-13.fc40           updates     31 k
 flac-devel                    x86_64    1.4.3-4.fc40          fedora     403 k
 flac-libs                     x86_64    1.4.3-4.fc40          fedora     262 k
 fontconfig                    x86_64    2.15.0-6.fc40         updates    270 k
 fontconfig-devel              x86_64    2.15.0-6.fc40         updates    165 k
 fonts-filesystem              noarch    1:2.0.5-14.fc40       fedora     8.2 k
 freetype                      x86_64    2.13.2-5.fc40         fedora     410 k
 freetype-devel                x86_64    2.13.2-5.fc40         fedora     951 k
 gettext                       x86_64    0.22.5-4.fc40         updates    1.1 M
 gettext-envsubst              x86_64    0.22.5-4.fc40         updates     38 k
 gettext-libs                  x86_64    0.22.5-4.fc40         updates    666 k
 gettext-runtime               x86_64    0.22.5-4.fc40         updates    121 k
 glib2-devel                   x86_64    2.80.0-1.fc40         fedora     1.5 M
 google-noto-fonts-common      noarch    20240301-2.fc40       fedora      17 k
 google-noto-sans-vf-fonts     noarch    20240301-2.fc40       fedora     593 k
 graphite2                     x86_64    1.3.14-15.fc40        fedora      95 k
 graphite2-devel               x86_64    1.3.14-15.fc40        fedora      21 k
 harfbuzz                      x86_64    8.5.0-1.fc40          updates    1.0 M
 harfbuzz-devel                x86_64    8.5.0-1.fc40          updates    446 k
 harfbuzz-icu                  x86_64    8.5.0-1.fc40          updates     16 k
 jsoncpp                       x86_64    1.9.5-7.fc40          fedora      99 k
 libX11                        x86_64    1.8.10-2.fc40         updates    650 k
 libX11-common                 noarch    1.8.10-2.fc40         updates    176 k
 libX11-devel                  x86_64    1.8.10-2.fc40         updates    1.0 M
 libX11-xcb                    x86_64    1.8.10-2.fc40         updates     12 k
 libXau                        x86_64    1.0.11-6.fc40         fedora      32 k
 libXau-devel                  x86_64    1.0.11-6.fc40         fedora      14 k
 libXcursor                    x86_64    1.2.1-7.fc40          fedora      30 k
 libXext                       x86_64    1.3.6-1.fc40          fedora      39 k
 libXext-devel                 x86_64    1.3.6-1.fc40          fedora      86 k
 libXfixes                     x86_64    6.0.1-3.fc40          fedora      19 k
 libXrandr                     x86_64    1.5.4-3.fc40          fedora      28 k
 libXrender                    x86_64    0.9.11-6.fc40         fedora      27 k
 libXrender-devel              x86_64    0.9.11-6.fc40         fedora      19 k
 libblkid-devel                x86_64    2.40-0.9.rc1.fc40     fedora      18 k
 libffi-devel                  x86_64    3.4.4-7.fc40          fedora      28 k
 libicu                        x86_64    74.2-1.fc40           fedora      10 M
 libicu-devel                  x86_64    74.2-1.fc40           fedora     930 k
 libmount-devel                x86_64    2.40-0.9.rc1.fc40     fedora      19 k
 libmysofa                     x86_64    1.3.3-1.fc40          updates     44 k
 libogg                        x86_64    2:1.3.5-8.fc40        fedora      33 k
 libogg-devel                  x86_64    2:1.3.5-8.fc40        fedora      13 k
 libpng                        x86_64    2:1.6.40-3.fc40       fedora     120 k
 libpng-devel                  x86_64    2:1.6.40-3.fc40       fedora     291 k
 libselinux-devel              x86_64    3.6-4.fc40            fedora     151 k
 libsepol-devel                x86_64    3.6-3.fc40            fedora      49 k
 libtextstyle                  x86_64    0.22.5-4.fc40         updates     88 k
 libuv                         x86_64    1:1.50.0-1.fc40       updates    261 k
 libvorbis                     x86_64    1:1.3.7-10.fc40       fedora     187 k
 libvorbis-devel               x86_64    1:1.3.7-10.fc40       fedora      18 k
 libxcb                        x86_64    1.17.0-2.fc40         updates    240 k
 libxcb-devel                  x86_64    1.17.0-2.fc40         updates    1.4 M
 libxml2-devel                 x86_64    2.12.5-1.fc40         fedora     525 k
 m4                            x86_64    1.4.19-9.fc40         fedora     305 k
 openal-soft                   x86_64    1.23.1-5.fc40         fedora     584 k
 openal-soft-devel             x86_64    1.23.1-5.fc40         fedora      94 k
 pcre2-devel                   x86_64    10.42-2.fc40.2        fedora     505 k
 pcre2-utf16                   x86_64    10.42-2.fc40.2        fedora     216 k
 pcre2-utf32                   x86_64    10.42-2.fc40.2        fedora     203 k
 perl-File-Compare             noarch    1.100.700-507.fc40    updates     12 k
 perl-File-Copy                noarch    2.41-507.fc40         updates     19 k
 perl-Thread-Queue             noarch    3.14-503.fc40         fedora      21 k
 perl-threads                  x86_64    1:2.36-503.fc40       fedora      58 k
 perl-threads-shared           x86_64    1.68-502.fc40         fedora      45 k
 pixman                        x86_64    0.43.4-1.fc40         updates    293 k
 pixman-devel                  x86_64    0.43.4-1.fc40         updates     17 k
 python3-packaging             noarch    23.2-4.fc40           fedora     125 k
 rhash                         x86_64    1.4.3-4.fc40          fedora     194 k
 sysprof-capture-devel         x86_64    46.0-1.fc40           fedora      54 k
 vim-filesystem                noarch    2:9.1.1000-1.fc40     updates     16 k
 xml-common                    noarch    0.6.3-63.fc40         fedora      31 k
 xorg-x11-proto-devel          noarch    2024.1-2.fc40         updates    300 k
 xz-devel                      x86_64    1:5.4.6-3.fc40        fedora      67 k
 zlib-ng-compat-devel          x86_64    2.1.6-2.fc40          fedora      36 k

Transaction Summary
================================================================================
Install  89 Packages

Total download size: 45 M
Installed size: 176 M
Downloading Packages:
(1/89): abattis-cantarell-vf-fonts-0.301-12.fc4 685 kB/s | 120 kB     00:00    
(2/89): brotli-1.1.0-3.fc40.x86_64.rpm          498 kB/s |  20 kB     00:00    
(3/89): autoconf-2.71-10.fc40.noarch.rpm        3.2 MB/s | 733 kB     00:00    
(4/89): automake-1.16.5-16.fc40.noarch.rpm      3.0 MB/s | 697 kB     00:00    
(5/89): bzip2-devel-1.0.8-18.fc40.x86_64.rpm    5.3 MB/s | 214 kB     00:00    
(6/89): brotli-devel-1.1.0-3.fc40.x86_64.rpm    653 kB/s |  34 kB     00:00    
(7/89): cairo-1.18.0-3.fc40.x86_64.rpm          8.3 MB/s | 709 kB     00:00    
(8/89): cairo-devel-1.18.0-3.fc40.x86_64.rpm    3.7 MB/s | 193 kB     00:00    
(9/89): flac-libs-1.4.3-4.fc40.x86_64.rpm       6.0 MB/s | 262 kB     00:00    
(10/89): flac-devel-1.4.3-4.fc40.x86_64.rpm     3.9 MB/s | 403 kB     00:00    
(11/89): freetype-2.13.2-5.fc40.x86_64.rpm      7.0 MB/s | 410 kB     00:00    
(12/89): fonts-filesystem-2.0.5-14.fc40.noarch.  63 kB/s | 8.2 kB     00:00    
(13/89): freetype-devel-2.13.2-5.fc40.x86_64.rp  11 MB/s | 951 kB     00:00    
(14/89): glib2-devel-2.80.0-1.fc40.x86_64.rpm    21 MB/s | 1.5 MB     00:00    
(15/89): google-noto-fonts-common-20240301-2.fc 349 kB/s |  17 kB     00:00    
(16/89): google-noto-sans-vf-fonts-20240301-2.f  11 MB/s | 593 kB     00:00    
(17/89): graphite2-devel-1.3.14-15.fc40.x86_64. 407 kB/s |  21 kB     00:00    
(18/89): jsoncpp-1.9.5-7.fc40.x86_64.rpm        2.5 MB/s |  99 kB     00:00    
(19/89): libXau-1.0.11-6.fc40.x86_64.rpm        834 kB/s |  32 kB     00:00    
(20/89): libXau-devel-1.0.11-6.fc40.x86_64.rpm  300 kB/s |  14 kB     00:00    
(21/89): libXcursor-1.2.1-7.fc40.x86_64.rpm     694 kB/s |  30 kB     00:00    
(22/89): libXext-1.3.6-1.fc40.x86_64.rpm        942 kB/s |  39 kB     00:00    
(23/89): libXext-devel-1.3.6-1.fc40.x86_64.rpm  2.5 MB/s |  86 kB     00:00    
(24/89): libXfixes-6.0.1-3.fc40.x86_64.rpm      339 kB/s |  19 kB     00:00    
(25/89): graphite2-1.3.14-15.fc40.x86_64.rpm    443 kB/s |  95 kB     00:00    
(26/89): libXrandr-1.5.4-3.fc40.x86_64.rpm      614 kB/s |  28 kB     00:00    
(27/89): libXrender-0.9.11-6.fc40.x86_64.rpm    615 kB/s |  27 kB     00:00    
(28/89): libXrender-devel-0.9.11-6.fc40.x86_64. 450 kB/s |  19 kB     00:00    
(29/89): libblkid-devel-2.40-0.9.rc1.fc40.x86_6 407 kB/s |  18 kB     00:00    
(30/89): libffi-devel-3.4.4-7.fc40.x86_64.rpm   581 kB/s |  28 kB     00:00    
(31/89): libicu-devel-74.2-1.fc40.x86_64.rpm     13 MB/s | 930 kB     00:00    
(32/89): libmount-devel-2.40-0.9.rc1.fc40.x86_6 233 kB/s |  19 kB     00:00    
(33/89): libogg-1.3.5-8.fc40.x86_64.rpm         673 kB/s |  33 kB     00:00    
(34/89): libogg-devel-1.3.5-8.fc40.x86_64.rpm   431 kB/s |  13 kB     00:00    
(35/89): libicu-74.2-1.fc40.x86_64.rpm           56 MB/s |  10 MB     00:00    
(36/89): libpng-1.6.40-3.fc40.x86_64.rpm        2.0 MB/s | 120 kB     00:00    
(37/89): libpng-devel-1.6.40-3.fc40.x86_64.rpm  5.5 MB/s | 291 kB     00:00    
(38/89): libsepol-devel-3.6-3.fc40.x86_64.rpm   1.2 MB/s |  49 kB     00:00    
(39/89): libselinux-devel-3.6-4.fc40.x86_64.rpm 3.2 MB/s | 151 kB     00:00    
(40/89): libvorbis-1.3.7-10.fc40.x86_64.rpm     4.2 MB/s | 187 kB     00:00    
(41/89): libvorbis-devel-1.3.7-10.fc40.x86_64.r 494 kB/s |  18 kB     00:00    
(42/89): libxml2-devel-2.12.5-1.fc40.x86_64.rpm  11 MB/s | 525 kB     00:00    
(43/89): m4-1.4.19-9.fc40.x86_64.rpm             10 MB/s | 305 kB     00:00    
(44/89): openal-soft-1.23.1-5.fc40.x86_64.rpm    13 MB/s | 584 kB     00:00    
(45/89): pcre2-devel-10.42-2.fc40.2.x86_64.rpm  9.0 MB/s | 505 kB     00:00    
(46/89): openal-soft-devel-1.23.1-5.fc40.x86_64 1.6 MB/s |  94 kB     00:00    
(47/89): pcre2-utf16-10.42-2.fc40.2.x86_64.rpm  5.1 MB/s | 216 kB     00:00    
(48/89): perl-Thread-Queue-3.14-503.fc40.noarch 923 kB/s |  21 kB     00:00    
(49/89): perl-threads-2.36-503.fc40.x86_64.rpm  2.4 MB/s |  58 kB     00:00    
(50/89): pcre2-utf32-10.42-2.fc40.2.x86_64.rpm  4.3 MB/s | 203 kB     00:00    
(51/89): perl-threads-shared-1.68-502.fc40.x86_ 1.9 MB/s |  45 kB     00:00    
(52/89): python3-packaging-23.2-4.fc40.noarch.r 3.1 MB/s | 125 kB     00:00    
(53/89): rhash-1.4.3-4.fc40.x86_64.rpm          4.2 MB/s | 194 kB     00:00    
(54/89): xml-common-0.6.3-63.fc40.noarch.rpm    1.3 MB/s |  31 kB     00:00    
(55/89): xz-devel-5.4.6-3.fc40.x86_64.rpm       1.8 MB/s |  67 kB     00:00    
(56/89): sysprof-capture-devel-46.0-1.fc40.x86_ 638 kB/s |  54 kB     00:00    
(57/89): zlib-ng-compat-devel-2.1.6-2.fc40.x86_ 1.1 MB/s |  36 kB     00:00    
(58/89): CSFML-2.6.1-1.fc40.x86_64.rpm          618 kB/s |  98 kB     00:00    
(59/89): SFML-2.6.2-1.fc40.x86_64.rpm           1.9 MB/s | 353 kB     00:00    
(60/89): CSFML-devel-2.6.1-1.fc40.x86_64.rpm    375 kB/s |  93 kB     00:00    
(61/89): SFML-devel-2.6.2-1.fc40.x86_64.rpm     6.0 MB/s | 926 kB     00:00    
(62/89): cmake-filesystem-3.30.5-1.fc40.x86_64. 587 kB/s |  17 kB     00:00    
(63/89): cmake-3.30.5-1.fc40.x86_64.rpm          62 MB/s |  11 MB     00:00    
(64/89): cmake-data-3.30.5-1.fc40.noarch.rpm     19 MB/s | 2.3 MB     00:00    
(65/89): default-fonts-core-sans-4.0-13.fc40.no 755 kB/s |  31 kB     00:00    
(66/89): fontconfig-2.15.0-6.fc40.x86_64.rpm    8.0 MB/s | 270 kB     00:00    
(67/89): gettext-0.22.5-4.fc40.x86_64.rpm        29 MB/s | 1.1 MB     00:00    
(68/89): gettext-envsubst-0.22.5-4.fc40.x86_64. 1.2 MB/s |  38 kB     00:00    
(69/89): gettext-libs-0.22.5-4.fc40.x86_64.rpm   20 MB/s | 666 kB     00:00    
(70/89): gettext-runtime-0.22.5-4.fc40.x86_64.r 4.0 MB/s | 121 kB     00:00    
(71/89): fontconfig-devel-2.15.0-6.fc40.x86_64. 1.5 MB/s | 165 kB     00:00    
(72/89): harfbuzz-8.5.0-1.fc40.x86_64.rpm        27 MB/s | 1.0 MB     00:00    
(73/89): harfbuzz-icu-8.5.0-1.fc40.x86_64.rpm   543 kB/s |  16 kB     00:00    
(74/89): libX11-1.8.10-2.fc40.x86_64.rpm         18 MB/s | 650 kB     00:00    
(75/89): libX11-common-1.8.10-2.fc40.noarch.rpm 5.6 MB/s | 176 kB     00:00    
(76/89): libX11-xcb-1.8.10-2.fc40.x86_64.rpm    398 kB/s |  12 kB     00:00    
(77/89): libmysofa-1.3.3-1.fc40.x86_64.rpm      1.4 MB/s |  44 kB     00:00    
(78/89): libtextstyle-0.22.5-4.fc40.x86_64.rpm  2.6 MB/s |  88 kB     00:00    
(79/89): libuv-1.50.0-1.fc40.x86_64.rpm         8.2 MB/s | 261 kB     00:00    
(80/89): libxcb-1.17.0-2.fc40.x86_64.rpm        7.6 MB/s | 240 kB     00:00    
(81/89): harfbuzz-devel-8.5.0-1.fc40.x86_64.rpm 1.8 MB/s | 446 kB     00:00    
(82/89): perl-File-Compare-1.100.700-507.fc40.n 412 kB/s |  12 kB     00:00    
(83/89): perl-File-Copy-2.41-507.fc40.noarch.rp 677 kB/s |  19 kB     00:00    
(84/89): pixman-0.43.4-1.fc40.x86_64.rpm        9.4 MB/s | 293 kB     00:00    
(85/89): pixman-devel-0.43.4-1.fc40.x86_64.rpm  581 kB/s |  17 kB     00:00    
(86/89): vim-filesystem-9.1.1000-1.fc40.noarch. 567 kB/s |  16 kB     00:00    
(87/89): libxcb-devel-1.17.0-2.fc40.x86_64.rpm  2.7 MB/s | 1.4 MB     00:00    
(88/89): xorg-x11-proto-devel-2024.1-2.fc40.noa 754 kB/s | 300 kB     00:00    
(89/89): libX11-devel-1.8.10-2.fc40.x86_64.rpm  1.0 MB/s | 1.0 MB     00:00    
--------------------------------------------------------------------------------
Total                                           2.5 MB/s |  45 MB     00:17     
Running transaction check
Transaction check succeeded.
Running transaction test
Transaction test succeeded.
Running transaction
  Preparing        :                                                        1/1 
  Installing       : cmake-filesystem-3.30.5-1.fc40.x86_64                 1/89 
  Installing       : zlib-ng-compat-devel-2.1.6-2.fc40.x86_64              2/89 
  Installing       : xorg-x11-proto-devel-2024.1-2.fc40.noarch             3/89 
  Installing       : libogg-2:1.3.5-8.fc40.x86_64                          4/89 
  Installing       : libpng-2:1.6.40-3.fc40.x86_64                         5/89 
  Installing       : fonts-filesystem-1:2.0.5-14.fc40.noarch               6/89 
  Installing       : libpng-devel-2:1.6.40-3.fc40.x86_64                   7/89 
  Installing       : flac-libs-1.4.3-4.fc40.x86_64                         8/89 
  Installing       : libvorbis-1:1.3.7-10.fc40.x86_64                      9/89 
  Installing       : pixman-0.43.4-1.fc40.x86_64                          10/89 
  Installing       : libtextstyle-0.22.5-4.fc40.x86_64                    11/89 
  Installing       : gettext-libs-0.22.5-4.fc40.x86_64                    12/89 
  Installing       : perl-threads-1:2.36-503.fc40.x86_64                  13/89 
  Installing       : openal-soft-1.23.1-5.fc40.x86_64                     14/89 
  Installing       : libicu-74.2-1.fc40.x86_64                            15/89 
  Installing       : libXau-1.0.11-6.fc40.x86_64                          16/89 
  Installing       : libxcb-1.17.0-2.fc40.x86_64                          17/89 
  Installing       : graphite2-1.3.14-15.fc40.x86_64                      18/89 
  Installing       : graphite2-devel-1.3.14-15.fc40.x86_64                19/89 
  Installing       : libXau-devel-1.0.11-6.fc40.x86_64                    20/89 
  Installing       : libxcb-devel-1.17.0-2.fc40.x86_64                    21/89 
  Installing       : libicu-devel-74.2-1.fc40.x86_64                      22/89 
  Installing       : perl-threads-shared-1.68-502.fc40.x86_64             23/89 
  Installing       : perl-Thread-Queue-3.14-503.fc40.noarch               24/89 
  Installing       : pixman-devel-0.43.4-1.fc40.x86_64                    25/89 
  Installing       : abattis-cantarell-vf-fonts-0.301-12.fc40.noarch      26/89 
  Installing       : vim-filesystem-2:9.1.1000-1.fc40.noarch              27/89 
  Installing       : perl-File-Copy-2.41-507.fc40.noarch                  28/89 
  Installing       : perl-File-Compare-1.100.700-507.fc40.noarch          29/89 
  Installing       : libuv-1:1.50.0-1.fc40.x86_64                         30/89 
  Installing       : libmysofa-1.3.3-1.fc40.x86_64                        31/89 
  Installing       : openal-soft-devel-1.23.1-5.fc40.x86_64               32/89 
  Installing       : libX11-xcb-1.8.10-2.fc40.x86_64                      33/89 
  Installing       : libX11-common-1.8.10-2.fc40.noarch                   34/89 
  Installing       : libX11-1.8.10-2.fc40.x86_64                          35/89 
  Installing       : libXrender-0.9.11-6.fc40.x86_64                      36/89 
  Installing       : libXext-1.3.6-1.fc40.x86_64                          37/89 
  Installing       : libX11-devel-1.8.10-2.fc40.x86_64                    38/89 
  Installing       : libXext-devel-1.3.6-1.fc40.x86_64                    39/89 
  Installing       : libXrender-devel-0.9.11-6.fc40.x86_64                40/89 
  Installing       : libXrandr-1.5.4-3.fc40.x86_64                        41/89 
  Installing       : libXfixes-6.0.1-3.fc40.x86_64                        42/89 
  Installing       : libXcursor-1.2.1-7.fc40.x86_64                       43/89 
  Installing       : gettext-envsubst-0.22.5-4.fc40.x86_64                44/89 
  Installing       : gettext-runtime-0.22.5-4.fc40.x86_64                 45/89 
  Installing       : gettext-0.22.5-4.fc40.x86_64                         46/89 
  Installing       : xz-devel-1:5.4.6-3.fc40.x86_64                       47/89 
  Installing       : libxml2-devel-2.12.5-1.fc40.x86_64                   48/89 
  Running scriptlet: xml-common-0.6.3-63.fc40.noarch                      49/89 
  Installing       : xml-common-0.6.3-63.fc40.noarch                      49/89 
  Installing       : sysprof-capture-devel-46.0-1.fc40.x86_64             50/89 
  Installing       : rhash-1.4.3-4.fc40.x86_64                            51/89 
  Installing       : python3-packaging-23.2-4.fc40.noarch                 52/89 
  Installing       : pcre2-utf32-10.42-2.fc40.2.x86_64                    53/89 
  Installing       : pcre2-utf16-10.42-2.fc40.2.x86_64                    54/89 
  Installing       : pcre2-devel-10.42-2.fc40.2.x86_64                    55/89 
  Installing       : m4-1.4.19-9.fc40.x86_64                              56/89 
  Installing       : autoconf-2.71-10.fc40.noarch                         57/89 
  Installing       : automake-1.16.5-16.fc40.noarch                       58/89 
  Installing       : libogg-devel-2:1.3.5-8.fc40.x86_64                   59/89 
  Installing       : flac-devel-1.4.3-4.fc40.x86_64                       60/89 
  Installing       : libvorbis-devel-1:1.3.7-10.fc40.x86_64               61/89 
  Installing       : libsepol-devel-3.6-3.fc40.x86_64                     62/89 
  Installing       : libselinux-devel-3.6-4.fc40.x86_64                   63/89 
  Installing       : libffi-devel-3.4.4-7.fc40.x86_64                     64/89 
  Installing       : libblkid-devel-2.40-0.9.rc1.fc40.x86_64              65/89 
  Installing       : libmount-devel-2.40-0.9.rc1.fc40.x86_64              66/89 
  Installing       : glib2-devel-2.80.0-1.fc40.x86_64                     67/89 
  Installing       : jsoncpp-1.9.5-7.fc40.x86_64                          68/89 
  Installing       : cmake-data-3.30.5-1.fc40.noarch                      69/89 
  Installing       : cmake-3.30.5-1.fc40.x86_64                           70/89 
  Installing       : google-noto-fonts-common-20240301-2.fc40.noarch      71/89 
  Installing       : google-noto-sans-vf-fonts-20240301-2.fc40.noarch     72/89 
  Installing       : default-fonts-core-sans-4.0-13.fc40.noarch           73/89 
  Installing       : cairo-1.18.0-3.fc40.x86_64                           74/89 
  Installing       : harfbuzz-8.5.0-1.fc40.x86_64                         75/89 
  Installing       : freetype-2.13.2-5.fc40.x86_64                        76/89 
  Installing       : fontconfig-2.15.0-6.fc40.x86_64                      77/89 
  Running scriptlet: fontconfig-2.15.0-6.fc40.x86_64                      77/89 
  Installing       : SFML-2.6.2-1.fc40.x86_64                             78/89 
  Installing       : CSFML-2.6.1-1.fc40.x86_64                            79/89 
  Installing       : harfbuzz-icu-8.5.0-1.fc40.x86_64                     80/89 
  Installing       : bzip2-devel-1.0.8-18.fc40.x86_64                     81/89 
  Installing       : brotli-1.1.0-3.fc40.x86_64                           82/89 
  Installing       : brotli-devel-1.1.0-3.fc40.x86_64                     83/89 
  Installing       : freetype-devel-2.13.2-5.fc40.x86_64                  84/89 
  Installing       : fontconfig-devel-2.15.0-6.fc40.x86_64                85/89 
  Installing       : cairo-devel-1.18.0-3.fc40.x86_64                     86/89 
  Installing       : harfbuzz-devel-8.5.0-1.fc40.x86_64                   87/89 
  Installing       : SFML-devel-2.6.2-1.fc40.x86_64                       88/89 
  Installing       : CSFML-devel-2.6.1-1.fc40.x86_64                      89/89 
  Running scriptlet: fontconfig-2.15.0-6.fc40.x86_64                      89/89 
  Running scriptlet: CSFML-devel-2.6.1-1.fc40.x86_64                      89/89 

Installed:
  CSFML-2.6.1-1.fc40.x86_64                                                     
  CSFML-devel-2.6.1-1.fc40.x86_64                                               
  SFML-2.6.2-1.fc40.x86_64                                                      
  SFML-devel-2.6.2-1.fc40.x86_64                                                
  abattis-cantarell-vf-fonts-0.301-12.fc40.noarch                               
  autoconf-2.71-10.fc40.noarch                                                  
  automake-1.16.5-16.fc40.noarch                                                
  brotli-1.1.0-3.fc40.x86_64                                                    
  brotli-devel-1.1.0-3.fc40.x86_64                                              
  bzip2-devel-1.0.8-18.fc40.x86_64                                              
  cairo-1.18.0-3.fc40.x86_64                                                    
  cairo-devel-1.18.0-3.fc40.x86_64                                              
  cmake-3.30.5-1.fc40.x86_64                                                    
  cmake-data-3.30.5-1.fc40.noarch                                               
  cmake-filesystem-3.30.5-1.fc40.x86_64                                         
  default-fonts-core-sans-4.0-13.fc40.noarch                                    
  flac-devel-1.4.3-4.fc40.x86_64                                                
  flac-libs-1.4.3-4.fc40.x86_64                                                 
  fontconfig-2.15.0-6.fc40.x86_64                                               
  fontconfig-devel-2.15.0-6.fc40.x86_64                                         
  fonts-filesystem-1:2.0.5-14.fc40.noarch                                       
  freetype-2.13.2-5.fc40.x86_64                                                 
  freetype-devel-2.13.2-5.fc40.x86_64                                           
  gettext-0.22.5-4.fc40.x86_64                                                  
  gettext-envsubst-0.22.5-4.fc40.x86_64                                         
  gettext-libs-0.22.5-4.fc40.x86_64                                             
  gettext-runtime-0.22.5-4.fc40.x86_64                                          
  glib2-devel-2.80.0-1.fc40.x86_64                                              
  google-noto-fonts-common-20240301-2.fc40.noarch                               
  google-noto-sans-vf-fonts-20240301-2.fc40.noarch                              
  graphite2-1.3.14-15.fc40.x86_64                                               
  graphite2-devel-1.3.14-15.fc40.x86_64                                         
  harfbuzz-8.5.0-1.fc40.x86_64                                                  
  harfbuzz-devel-8.5.0-1.fc40.x86_64                                            
  harfbuzz-icu-8.5.0-1.fc40.x86_64                                              
  jsoncpp-1.9.5-7.fc40.x86_64                                                   
  libX11-1.8.10-2.fc40.x86_64                                                   
  libX11-common-1.8.10-2.fc40.noarch                                            
  libX11-devel-1.8.10-2.fc40.x86_64                                             
  libX11-xcb-1.8.10-2.fc40.x86_64                                               
  libXau-1.0.11-6.fc40.x86_64                                                   
  libXau-devel-1.0.11-6.fc40.x86_64                                             
  libXcursor-1.2.1-7.fc40.x86_64                                                
  libXext-1.3.6-1.fc40.x86_64                                                   
  libXext-devel-1.3.6-1.fc40.x86_64                                             
  libXfixes-6.0.1-3.fc40.x86_64                                                 
  libXrandr-1.5.4-3.fc40.x86_64                                                 
  libXrender-0.9.11-6.fc40.x86_64                                               
  libXrender-devel-0.9.11-6.fc40.x86_64                                         
  libblkid-devel-2.40-0.9.rc1.fc40.x86_64                                       
  libffi-devel-3.4.4-7.fc40.x86_64                                              
  libicu-74.2-1.fc40.x86_64                                                     
  libicu-devel-74.2-1.fc40.x86_64                                               
  libmount-devel-2.40-0.9.rc1.fc40.x86_64                                       
  libmysofa-1.3.3-1.fc40.x86_64                                                 
  libogg-2:1.3.5-8.fc40.x86_64                                                  
  libogg-devel-2:1.3.5-8.fc40.x86_64                                            
  libpng-2:1.6.40-3.fc40.x86_64                                                 
  libpng-devel-2:1.6.40-3.fc40.x86_64                                           
  libselinux-devel-3.6-4.fc40.x86_64                                            
  libsepol-devel-3.6-3.fc40.x86_64                                              
  libtextstyle-0.22.5-4.fc40.x86_64                                             
  libuv-1:1.50.0-1.fc40.x86_64                                                  
  libvorbis-1:1.3.7-10.fc40.x86_64                                              
  libvorbis-devel-1:1.3.7-10.fc40.x86_64                                        
  libxcb-1.17.0-2.fc40.x86_64                                                   
  libxcb-devel-1.17.0-2.fc40.x86_64                                             
  libxml2-devel-2.12.5-1.fc40.x86_64                                            
  m4-1.4.19-9.fc40.x86_64                                                       
  openal-soft-1.23.1-5.fc40.x86_64                                              
  openal-soft-devel-1.23.1-5.fc40.x86_64                                        
  pcre2-devel-10.42-2.fc40.2.x86_64                                             
  pcre2-utf16-10.42-2.fc40.2.x86_64                                             
  pcre2-utf32-10.42-2.fc40.2.x86_64                                             
  perl-File-Compare-1.100.700-507.fc40.noarch                                   
  perl-File-Copy-2.41-507.fc40.noarch                                           
  perl-Thread-Queue-3.14-503.fc40.noarch                                        
  perl-threads-1:2.36-503.fc40.x86_64                                           
  perl-threads-shared-1.68-502.fc40.x86_64                                      
  pixman-0.43.4-1.fc40.x86_64                                                   
  pixman-devel-0.43.4-1.fc40.x86_64                                             
  python3-packaging-23.2-4.fc40.noarch                                          
  rhash-1.4.3-4.fc40.x86_64                                                     
  sysprof-capture-devel-46.0-1.fc40.x86_64                                      
  vim-filesystem-2:9.1.1000-1.fc40.noarch                                       
  xml-common-0.6.3-63.fc40.noarch                                               
  xorg-x11-proto-devel-2024.1-2.fc40.noarch                                     
  xz-devel-1:5.4.6-3.fc40.x86_64                                                
  zlib-ng-compat-devel-2.1.6-2.fc40.x86_64                                      

Complete!
Note: Deploying asfml=2.5.1...
Note: Building pygamer_simulator/pygamer_simulator.gpr...
Setup
   [mkdir]        object directory for project ASFML
   [mkdir]        library directory for project ASFML
   [mkdir]        object directory for project HAL
   [mkdir]        library directory for project HAL
   [mkdir]        object directory for project PyGamer_Simulator
Compile
   [Ada]          hal-touch_panel.ads
   [Ada]          hal-sdmmc.adb
   [Ada]          hal-uart.ads
   [Ada]          hal-filesystem.ads
   [Ada]          hal-audio.ads
   [Ada]          hal-block_drivers.ads
   [Ada]          hal-i2c.ads
   [Ada]          hal.ads
   [Ada]          hal-time.ads
   [Ada]          hal-real_time_clock.ads
   [Ada]          hal-bitmap.ads
   [Ada]          hal-dsi.ads
   [Ada]          hal-framebuffer.ads
   [Ada]          hal-gpio.ads
   [Ada]          hal-spi.ads
   [Ada]          sf-window-touch.ads
   [Ada]          sf-graphics-convexshape.ads
   [Ada]          sf-graphics-circleshape.ads
   [Ada]          sf-network-tcpsocket.ads
   [Ada]          sf-network-http.adb
   [Ada]          sf-graphics-fontinfo.ads
   [Ada]          sf-graphics-transform.ads
   [Ada]          sf.ads
   [Ada]          sf-window-joystickidentification.ads
   [Ada]          sf-system-time.ads
   [Ada]          sf-audio-soundbufferrecorder.adb
   [Ada]          sf-graphics-shape.ads
   [Ada]          sf-window-cursor.ads
   [Ada]          sf-window-window.adb
   [Ada]          sf-system-vector3.ads
   [Ada]          sf-network-tcplistener.ads
   [Ada]          sf-system-clock.ads
   [Ada]          sf-graphics-blendmode.ads
   [Ada]          sf-audio-soundbuffer.adb
   [Ada]          sf-window-gl.ads
   [Ada]          sf-audio.ads
   [Ada]          sf-graphics-renderstates.ads
   [Ada]          sf-window-clipboard.adb
   [Ada]          sf-graphics-vertexbuffer.ads
   [Ada]          sf-graphics-glsl.ads
   [Ada]          sf-graphics-vertexarray.ads
   [Ada]          sf-audio-music.adb
   [Ada]          sf-system-inputstream.ads
   [Ada]          sf-window-glu.ads
   [Ada]          sf-system.ads
   [Ada]          sf-network-udpsocket.ads
   [Ada]          sf-window-mouse.ads
   [Ada]          sf-graphics-renderwindow.adb
   [Ada]          sf-window-sensor.ads
   [Ada]          sf-network-packet.adb
   [Ada]          sf-audio-listener.ads
   [Ada]          sf-graphics-image.adb
   [Ada]          sf-graphics-rect.ads
   [Ada]          sf-audio-sound.ads
   [Ada]          sf-graphics-shader.ads
   [Ada]          sf-window-joystick.ads
   [Ada]          sf-graphics-rendertexture.ads
   [Ada]          sf-window-keyboard.ads
   [Ada]          sf-audio-soundstream.ads
   [Ada]          sf-graphics-primitivetype.ads
   [Ada]          sf-graphics-color.ads
   [Ada]          sf-system-mutex.ads
   [Ada]          sf-graphics-glyph.ads
   [Ada]          sf-system-vector2.ads
   [Ada]          sf-graphics-transformable.ads
   [Ada]          sf-graphics-font.adb
   [Ada]          sf-network-socketselector.ads
   [Ada]          sf-network-ipaddress.adb
   [Ada]          sf-window-windowhandle.ads
   [Ada]          sf-system-thread.ads
   [Ada]          sf-graphics.ads
   [Ada]          sf-system-sleep.adb
   [Ada]          sf-graphics-text.adb
   [Ada]          sf-window-event.ads
   [Ada]          sf-graphics-texture.adb
   [Ada]          sf-audio-soundrecorder.adb
   [Ada]          sf-network.ads
   [Ada]          sf-window.ads
   [Ada]          sf-graphics-rectangleshape.ads
   [Ada]          sf-graphics-sprite.ads
   [Ada]          sf-network-socketstatus.ads
   [Ada]          sf-window-videomode.ads
   [Ada]          sf-graphics-vertex.ads
   [Ada]          sf-window-context.ads
   [Ada]          sf-graphics-view.ads
   [Ada]          sf-network-ftp.adb
   [Ada]          sf-audio-soundstatus.ads
   [Ada]          pygamer-screen.adb
   [Ada]          pygamer.adb
   [Ada]          pygamer-audio.adb
   [Ada]          pygamer-time.adb
   [Ada]          simulator_assets.adb
   [Ada]          pygamer-controls.adb
pygamer.adb:24:04: warning: possible aliasing problem for type "sfView_Ptr" [enabled by default]
pygamer.adb:24:04: warning: use -fno-strict-aliasing switch for references [enabled by default]
pygamer.adb:24:04: warning: or use "pragma No_Strict_Aliasing (sfView_Ptr);" [enabled by default]
Build Libraries
   [gprlib]       asfml.lexch
   [gprlib]       hal.lexch
   [archive]      libhal.a
   [archive]      libasfml.a
   [index]        libhal.a
   [index]        libasfml.a
Build finished successfully in 2.48 seconds.

pygamer_simulator=1.0.0 successfully retrieved and built.
Dependencies were solved as follows:

   + asfml    2.5.1 (new)         
   + hal      0.1.0 (new)         
   + libcsfml 2.6.1 (new,indirect)
Found declared GPR file: pygamer_simulator.gpr
