Test ran at 2022-07-22 12:28:04.905947+00:00

SOLUTION:
wikiada=1.2.0: Wiki Engine with parser and renderer for several wiki syntaxes
Origin: source archive 1.2.0.tar.gz at https://github.com/stcarrez/ada-wiki/archive/1.2.0.tar.gz with hash sha512:a57d94178f711de0f9a9d708168b5bf38f20213e609a9b0c5124f25dc294ba4d9d524e1a945c393f516eb2ffbce9f0c808083578804e69515214b1c1115208ff
Properties:
   Post_Fetch run: ${CRATE_DIR}/./rm -f config.gpr
   Description: Wiki Engine with parser and renderer for several wiki syntaxes
   GPR Scenario: BUILD := distrib | debug | optimize | profile | coverage
   GPR Scenario: WIKI_LIBRARY_TYPE := relocatable | static | static-pic
   License: Apache-2.0
   Maintainer: Stephane.Carrez@gmail.com
   Maintainers_Logins: stcarrez
   Name: wikiada
   Project_File: .alire/wikiada.gpr
   Version: 1.2.0
Dependencies (direct):
   utilada^2.0.0
Dependencies (solution):
   utilada=2.1.0
Dependencies (graph):
   wikiada=1.2.0 --> utilada=2.1.0 (^2.0.0)


LOG:
Note: Deploying wikiada=1.2.0...
#=#=#                                                                         
##O#-#                                                                        
##O=#  #                                                                      
#=#=-#  #                                                                     
-#O#- #   #                                                                   
Note: Deploying utilada=2.1.0...
#=#=#                                                                         
##O#-#                                                                        
##O=#  #                                                                      
#-#O=#  #                                                                     
Note: Running post_fetch actions for wikiada=1.2.0...
Note: Building wikiada/.alire/wikiada.gpr...
Setup
   [mkdir]        object directory for project UtilAda_Core
   [mkdir]        library directory for project UtilAda_Core
   [mkdir]        object directory for project WikiAda
   [mkdir]        library directory for project WikiAda
Compile
   [Ada]          util-texts.ads
   [Ada]          util-texts-transforms.adb
   [Ada]          util-texts-tokenizers.adb
   [Ada]          util-texts-formats.adb
   [Ada]          util-texts-builders.adb
   [Ada]          util-strings.adb
   [Ada]          util-strings-vectors.ads
   [Ada]          util-strings-transforms.adb
   [Ada]          util-strings-tokenizers.ads
   [Ada]          util-strings-sets.ads
   [Ada]          util-strings-maps.ads
   [Ada]          util-strings-builders.ads
   [Ada]          util-strings-builders-transforms.ads
   [Ada]          util-listeners.ads
   [Ada]          util-listeners-observers.adb
   [Ada]          util-listeners-lifecycles.adb
   [Ada]          util-concurrent-counters.adb
   [Ada]          util-concurrent.ads
   [Ada]          util-concurrent-sequence_queues.adb
   [Ada]          util-concurrent-pools.adb
   [Ada]          util-concurrent-locks.adb
   [Ada]          util-concurrent-fifos.adb
   [Ada]          util-concurrent-copies.adb
   [Ada]          util-concurrent-arrays.adb
   [Ada]          util.ads
   [Ada]          util-stacks.adb
   [Ada]          util-refs.adb
   [Ada]          util-nullables.ads
   [Ada]          util-locales.adb
util-nullables.ads:47:21: warning: equality should be parenthesized here
util-nullables.ads:61:21: warning: equality should be parenthesized here
util-nullables.ads:75:21: warning: equality should be parenthesized here
util-nullables.ads:89:21: warning: equality should be parenthesized here
util-nullables.ads:103:21: warning: equality should be parenthesized here
   [Ada]          util-executors.adb
   [Ada]          util-algorithms.ads
   [Ada]          wiki.adb
   [Ada]          wiki-utils.adb
   [Ada]          wiki-strings.ads
   [Ada]          wiki-streams.ads
   [Ada]          wiki-streams-text_io.adb
   [Ada]          wiki-streams-html.adb
   [Ada]          wiki-streams-html-text_io.adb
   [Ada]          wiki-streams-html-builders.adb
   [Ada]          wiki-streams-builders.adb
   [Ada]          wiki-render.adb
   [Ada]          wiki-render-wiki.adb
   [Ada]          wiki-render-text.adb
   [Ada]          wiki-render-links.adb
   [Ada]          wiki-render-html.adb
   [Ada]          wiki-plugins.ads
   [Ada]          wiki-plugins-templates.adb
   [Ada]          wiki-plugins-conditions.adb
   [Ada]          wiki-parsers.adb
   [Ada]          wiki-parsers-html.adb
   [Ada]          wiki-parsers-html-entities.ads
   [Ada]          wiki-nodes.adb
   [Ada]          wiki-nodes-lists.adb
wiki-nodes-lists.adb:28:32: non-local pointer cannot point to local object

   compilation of wiki-nodes-lists.adb failed

gprbuild: *** compilation phase failed
stderr: Command ["gprbuild", "-s", "-j0", "-p", "-P", "D:\a\alire-crates-ci\alire-crates-ci\test\1f53d8f7-2019-46e4-98a5-0f269aff0116\wikiada_1.2.0_a57d9417\.alire/wikiada.gpr"] exited with code 4
ERROR: Command ["gprbuild", "-s", "-j0", "-p", "-P", "D:\a\alire-crates-ci\alire-crates-ci\test\1f53d8f7-2019-46e4-98a5-0f269aff0116\wikiada_1.2.0_a57d9417\.alire/wikiada.gpr"] exited with code 4
stderr: ALIRE.CHECKED_ERROR
stderr: Command ["gprbuild", "-s", "-j0", "-p", "-P", "D:\a\alire-crates-ci\alire-crates-ci\test\1f53d8f7-2019-46e4-98a5-0f269aff0116\wikiada_1.2.0_a57d9417\.alire/wikiada.gpr"] exited with code 4
stderr: raised ALIRE.CHECKED_ERROR : alire-stored-error:1
[D:\a\alire-crates-ci\alire-crates-ci\alire_install\bin\alr.exe]
0xdc4c9b Semantic_Versioning.Basic.At_Least at alire.adb:251
0xa61b82 Semantic_Versioning.Basic.At_Least at alire-os_lib-subprocess.adb:110
0xc98383 Semantic_Versioning.Basic.At_Least at alire-spawn.adb:21
0xc98ad4 Semantic_Versioning.Basic.At_Least at alire-spawn.adb:41
0xbf9000 Semantic_Versioning.Basic.At_Least at alire-roots.adb:140
0xbf7507 Semantic_Versioning.Basic.At_Least at alire-roots.adb:171
0xc13f83 Semantic_Versioning.Basic.At_Least at alire-roots.adb:1364
0xc5ee28 Semantic_Versioning.Basic.At_Least at alire-solutions.adb:1434
0xc5da50 Semantic_Versioning.Basic.At_Least at alire-solutions.adb:1509
0xc140c4 Semantic_Versioning.Basic.At_Least at alire-roots.adb:1368
0xbf7877 Semantic_Versioning.Basic.At_Least at alire-roots.adb:196
0x47726b Semantic_Versioning.Basic.At_Least at alr-commands-build.adb:58
0x488aa6 Semantic_Versioning.Basic.At_Least at alr-commands-get.adb:187
0x48d3cc Semantic_Versioning.Basic.At_Least at alr-commands-get.adb:348
0x51c0a3 Semantic_Versioning.Basic.At_Least at clic-subcommand-instance.adb:742
0x528a27 Semantic_Versioning.Basic.At_Least at alr-commands.adb:492
0x401761 Alr.Main at alr-main.adb:10
0x404bd6 Main at b__alr-main.adb:2130
0x401423 __tmainCRTStartup at ???
0x40113b mainCRTStartup at ???
[C:\Windows\System32\KERNEL32.DLL]
0x7ffd9dd44ece
[C:\Windows\SYSTEM32\ntdll.dll]
0x7ffd9efae399


Warning: wikiada=1.2.0 successfully retrieved but its build failed.
Dependencies were solved as follows:

   + utilada 2.1.0 (new)
ERROR: Build ended with errors
