Test ran at 2024-09-28 12:28:42.565396+00:00

SOLUTION:
lace_gel_full_demo=0.1.0: A demo of most of GEL's features.
Origin: source archive lace_gel_full_demo-0.1.0.tgz at https://github.com/charlie5/lace-alire/releases/download/v0.1.0/lace_gel_full_demo-0.1.0.tgz with hashes sha256:4610c5882117d0c041c95801a3e62220a8ce7be58104ea87493dd7a73541adae, sha512:35462a04b3dea65f352f2459d556d04a918b899261e1c09cd5edea860ff6eafd006886627f61d7c1b1d124bd9ce56010f7d4ffeed2997557454648bcf1f3f8c0
Properties:
   Author: Rod Kay
   Description: A demo of most of GEL's features.
   Executable: launch_full_demo
   License: ISC
   Maintainer: Rod Kay <rodakay5@gmail.com>
   Maintainers_Logins: charlie5
   Name: lace_gel_full_demo
   Project_File: full_demo.gpr
   Version: 0.1.0
Dependencies (direct):
   lace_gel~0.1
Dependencies (solution):
   lace=0.1.0
   lace_box2d=0.1.0
   lace_bullet=0.1.0
   lace_c_math=0.1.0
   lace_collada=0.1.0
   lace_gel=0.1.0
   lace_math=0.1.0
   lace_opengl=0.1.0
   lace_physics=0.1.0
   lace_shared=0.1.0
   lace_swig=0.1.0
   lace_xml=0.1.0
   libbullet=3.6.0
   libexpat=2.4.7
   libfreetype=2.11.1
   libsdl2=2.0.20
   libsdl2_image=2.0.5
   libsdl2_ttf=2.0.18
   make=4.3.0
   sdlada=2.5.4-1
Dependencies (graph):
   lace=0.1.0               --> lace_shared=0.1.0 (~0.1)  
   lace_box2d=0.1.0         --> lace_c_math=0.1.0 (~0.1)  
   lace_bullet=0.1.0        --> lace_c_math=0.1.0 (~0.1)  
   lace_bullet=0.1.0        --> libbullet=3.6.0 (*)       
   lace_c_math=0.1.0        --> lace_math=0.1.0 (~0.1)    
   lace_c_math=0.1.0        --> lace_swig=0.1.0 (~0.1)    
   lace_collada=0.1.0       --> lace_math=0.1.0 (~0.1)    
   lace_collada=0.1.0       --> lace_xml=0.1.0 (~0.1)     
   lace_gel=0.1.0           --> lace_opengl=0.1.0 (~0.1)  
   lace_gel=0.1.0           --> lace_physics=0.1.0 (~0.1) 
   lace_gel=0.1.0           --> sdlada=2.5.4-1 (2.5.4-1)  
   lace_gel_full_demo=0.1.0 --> lace_gel=0.1.0 (~0.1)     
   lace_math=0.1.0          --> lace_shared=0.1.0 (~0.1)  
   lace_opengl=0.1.0        --> lace_collada=0.1.0 (~0.1) 
   lace_opengl=0.1.0        --> libfreetype=2.11.1 (^2)   
   lace_physics=0.1.0       --> lace=0.1.0 (~0.1)         
   lace_physics=0.1.0       --> lace_box2d=0.1.0 (~0.1)   
   lace_physics=0.1.0       --> lace_bullet=0.1.0 (~0.1)  
   lace_xml=0.1.0           --> lace_shared=0.1.0 (~0.1)  
   lace_xml=0.1.0           --> libexpat=2.4.7 (*)        
   sdlada=2.5.4-1           --> libsdl2=2.0.20 (^2.0)     
   sdlada=2.5.4-1           --> libsdl2_image=2.0.5 (^2.0)
   sdlada=2.5.4-1           --> libsdl2_ttf=2.0.18 (^2.0) 
   sdlada=2.5.4-1           --> make=4.3.0 (*)            


LOG:
Note: Deploying lace_gel_full_demo=0.1.0...
#=#=#                                                                         

                                                                           0.9%
######################################################################## 100.0%
Note: Deploying lace_shared=0.1.0...
#=#=#                                                                         

######################################################################## 100.0%
Note: Deploying lace_swig=0.1.0...
#=#=#                                                                         

######################################################################## 100.0%
Note: Deploying libbullet=3.6.0...
The system package 'libbullet-dev' is about to be installed.
This action might require admin privileges and impact your system installation.
Do you want Alire to install this system package?
Using default: Yes
Selecting previously unselected package libbullet3.06:amd64.
(Reading database ... 
(Reading database ... 5%
(Reading database ... 10%
(Reading database ... 15%
(Reading database ... 20%
(Reading database ... 25%
(Reading database ... 30%
(Reading database ... 35%
(Reading database ... 40%
(Reading database ... 45%
(Reading database ... 50%
(Reading database ... 55%
(Reading database ... 60%
(Reading database ... 65%
(Reading database ... 70%
(Reading database ... 75%
(Reading database ... 80%
(Reading database ... 85%
(Reading database ... 90%
(Reading database ... 95%
(Reading database ... 100%
(Reading database ... 268142 files and directories currently installed.)
Preparing to unpack .../libbullet3.06_3.06+dfsg-4build2_amd64.deb ...
Unpacking libbullet3.06:amd64 (3.06+dfsg-4build2) ...
Selecting previously unselected package libbullet-dev:amd64.
Preparing to unpack .../libbullet-dev_3.06+dfsg-4build2_amd64.deb ...
Unpacking libbullet-dev:amd64 (3.06+dfsg-4build2) ...
Setting up libbullet3.06:amd64 (3.06+dfsg-4build2) ...
Setting up libbullet-dev:amd64 (3.06+dfsg-4build2) ...
Processing triggers for libc-bin (2.35-0ubuntu3.8) ...
NEEDRESTART-VER: 3.5
NEEDRESTART-KCUR: 6.8.0-1014-azure
NEEDRESTART-KEXP: 6.8.0-1014-azure
NEEDRESTART-KSTA: 1
NEEDRESTART-SVC: runner-provisioner.service
Note: Deploying libexpat=2.4.7...
Note: Deploying libfreetype=2.11.1...
Note: Deploying libsdl2=2.0.20...
Note: Deploying libsdl2_image=2.0.5...
Note: Deploying libsdl2_ttf=2.0.18...
Note: Deploying make=4.3.0...
Note: Deploying lace=0.1.0...
#=#=#                                                                         

#############                                                             18.8%
######################################################################## 100.0%
Note: Deploying lace_math=0.1.0...
#=#=#                                                                         

##########                                                                14.7%
######################################################################## 100.0%
Note: Deploying lace_xml=0.1.0...
#=#=#                                                                         

######################                                                    31.2%
######################################################################## 100.0%
Note: Deploying sdlada=2.5.4-1...
Note: Running post_fetch actions for sdlada=2.5.4-1...
make: Entering directory '/home/runner/work/alire-crates-ci/alire-crates-ci/test/b7100a25-0535-4310-974e-a1feab1f7b06/lace_gel_full_demo_0.1.0_4610c588/alire/cache/dependencies/sdlada_2.5.4_7981bbd6/build/gnat'
gprbuild -p -gnat2012 -XSDL_MODE=debug -XSDL_PLATFORM=linux \
	-Ptools.gpr
Setup
   [mkdir]        object directory for project Tools
Compile
   [Ada]          gen_keyboard.adb
   [Ada]          scancodes.ads
   [Ada]          utils.adb
Bind
   [gprbind]      gen_keyboard.bexch
   [Ada]          gen_keyboard.ali
Link
   [link]         gen_keyboard.adb
./gen/debug/tools/gen_keyboard > gen/src/sdl-events-keyboards.ads
gprbuild -p -gnat2012 -XSDL_MODE=debug -XSDL_PLATFORM=linux \
	-Psdlada.gpr
Setup
   [mkdir]        object directory for project SDLAda
Compile
   [C]            version_ttf.c
   [C]            version_images.c
   [C]            version.c
   [Ada]          sdl-ttfs-versions.adb
   [Ada]          sdl-ttfs-makers.adb
   [Ada]          sdl-ttfs.adb
   [Ada]          sdl-images-io.adb
   [Ada]          sdl-images.adb
   [Ada]          sdl-images-versions.adb
   [Ada]          sdl-events-windows.ads
   [Ada]          sdl-video-rectangles.adb
   [Ada]          sdl-error.adb
   [Ada]          sdl-video-windows-makers.adb
   [Ada]          sdl-timers.ads
   [Ada]          sdl-inputs-joysticks-makers.adb
   [Ada]          sdl-events-controllers.ads
   [Ada]          sdl-events-files.ads
   [Ada]          sdl-c_pointers.ads
   [Ada]          sdl-events.ads
   [Ada]          sdl-video-surfaces-makers.adb
   [Ada]          sdl-inputs-mice-cursors.adb
   [Ada]          sdl-hints.adb
   [Ada]          sdl-inputs-keyboards.adb
   [Ada]          sdl-video-textures.adb
   [Ada]          sdl-video-windows.adb
   [Ada]          sdl-libraries.adb
   [Ada]          sdl-rwops-streams.adb
   [Ada]          sdl-video-pixel_formats.adb
   [Ada]          sdl-video-renderers.adb
   [Ada]          sdl-inputs-joysticks-game_controllers-makers.adb
   [Ada]          sdl-events-keyboards.adb
   [Ada]          sdl-video-gl.adb
sdl-video-gl.adb:49:07: warning: literal "Attribute_Retained_Backing" is not referenced
   [Ada]          sdl-platform.adb
   [Ada]          sdl-video-palettes.adb
sdl-video-palettes.ads:59:42: warning: 8 bits of "RGB_Colour" unused
   [Ada]          sdl-cpus.adb
   [Ada]          sdl-video-surfaces.adb
   [Ada]          sdl-video.adb
   [Ada]          sdl-events-joysticks.adb
   [Ada]          sdl.adb
   [Ada]          sdl-inputs-mice.adb
   [Ada]          sdl-video-windows-manager.adb
   [Ada]          sdl-events-events.adb
   [Ada]          sdl-rwops.adb
   [Ada]          sdl-video-textures-makers.adb
   [Ada]          sdl-video-pixels.ads
   [Ada]          sdl-versions.adb
   [Ada]          sdl-video-renderers-makers.adb
   [Ada]          sdl-power.adb
   [Ada]          sdl-events-touches.ads
   [Ada]          sdl-video-displays.adb
   [Ada]          sdl-inputs-joysticks-game_controllers.adb
   [Ada]          sdl-events-mice.ads
   [Ada]          sdl-inputs.ads
   [Ada]          sdl-clipboard.adb
   [Ada]          sdl-events-joysticks-game_controllers.adb
   [Ada]          sdl-inputs-joysticks.adb
   [Ada]          sdl-log.adb
Build Libraries
   [gprlib]       sdlada.lexch
   [archive]      libsdlada.a
   [index]        libsdlada.a
gprbuild -p -gnat2012 -XSDL_MODE=debug -XSDL_PLATFORM=linux \
	-Ptest_maths_build.gpr
Setup
   [mkdir]        object directory for project Test_Maths_Build
Compile
   [C]            maths_sub.c
   [Ada]          maths.adb
Build Libraries
   [gprlib]       testmaths.lexch
   [link library] libtestmaths.so
gprbuild -p -gnat2012 -XSDL_MODE=debug -XSDL_PLATFORM=linux \
	-Ptests.gpr -cargs `sdl2-config --cflags` -largs `sdl2-config --libs` -lSDL2_ttf -lSDL2_image
Compile
   [Ada]          test.adb
   [Ada]          version.adb
   [Ada]          platform.adb
platform.adb:19:34: warning: condition is always False
   [Ada]          error.adb
   [Ada]          libraries.adb
   [Ada]          clipboard.adb
   [Ada]          stream.adb
   [Ada]          stream2.adb
stream2.adb:180:16: warning: variable "Start_Time" is assigned but never read
stream2.adb:181:16: warning: variable "End_Time" is assigned but never read
   [Ada]          surface.adb
   [Ada]          rwops.adb
   [Ada]          timers.adb
   [Ada]          create_window.adb
   [Ada]          mouse.adb
   [Ada]          load_surface.adb
   [Ada]          ttf.adb
Bind
   [gprbind]      test.bexch
   [Ada]          test.ali
   [gprbind]      version.bexch
   [Ada]          version.ali
   [gprbind]      platform.bexch
   [Ada]          platform.ali
   [gprbind]      error.bexch
   [Ada]          error.ali
   [gprbind]      libraries.bexch
   [Ada]          libraries.ali
   [gprbind]      clipboard.bexch
   [Ada]          clipboard.ali
   [gprbind]      stream.bexch
   [Ada]          stream.ali
   [gprbind]      stream2.bexch
   [Ada]          stream2.ali
   [gprbind]      surface.bexch
   [Ada]          surface.ali
   [gprbind]      rwops.bexch
   [Ada]          rwops.ali
   [gprbind]      timers.bexch
   [Ada]          timers.ali
   [gprbind]      create_window.bexch
   [Ada]          create_window.ali
   [gprbind]      mouse.bexch
   [Ada]          mouse.ali
   [gprbind]      load_surface.bexch
   [Ada]          load_surface.ali
   [gprbind]      ttf.bexch
   [Ada]          ttf.ali
Link
   [link]         test.adb
   [link]         version.adb
   [link]         platform.adb
   [link]         error.adb
   [link]         libraries.adb
   [link]         clipboard.adb
   [link]         stream.adb
   [link]         stream2.adb
   [link]         surface.adb
   [link]         rwops.adb
   [link]         timers.adb
   [link]         create_window.adb
   [link]         mouse.adb
   [link]         load_surface.adb
   [link]         ttf.adb
make: Leaving directory '/home/runner/work/alire-crates-ci/alire-crates-ci/test/b7100a25-0535-4310-974e-a1feab1f7b06/lace_gel_full_demo_0.1.0_4610c588/alire/cache/dependencies/sdlada_2.5.4_7981bbd6/build/gnat'
Note: Deploying lace_c_math=0.1.0...
#=#=#                                                                         
##O#-#                                                                        

######################################################################## 100.0%
Note: Deploying lace_collada=0.1.0...
#=#=#                                                                         

######################################################################## 100.0%
Note: Deploying lace_box2d=0.1.0...
#=#=#                                                                         

                                                                           0.9%
######################################################################## 100.0%
Note: Deploying lace_bullet=0.1.0...
#=#=#                                                                         
##O#-#                                                                        

#########################################################                 79.9%
######################################################################## 100.0%
Note: Deploying lace_opengl=0.1.0...
#=#=#                                                                         

                                                                           0.6%
######################################################################## 100.0%
Note: Deploying lace_physics=0.1.0...
#=#=#                                                                         

######################                                                    31.9%
######################################################################## 100.0%
Note: Deploying lace_gel=0.1.0...
#=#=#                                                                         
##O#-#                                                                        

############                                                              16.8%
######################################################################## 100.0%
Note: Running pre_build actions for sdlada=2.5.4-1...
make: Entering directory '/home/runner/work/alire-crates-ci/alire-crates-ci/test/b7100a25-0535-4310-974e-a1feab1f7b06/lace_gel_full_demo_0.1.0_4610c588/alire/cache/dependencies/sdlada_2.5.4_7981bbd6/build/gnat'
gprbuild -p -gnat2012 -XSDL_MODE=debug -XSDL_PLATFORM=linux \
	-Psdlada.gpr
gprbuild -p -gnat2012 -XSDL_MODE=debug -XSDL_PLATFORM=linux \
	-Ptest_maths_build.gpr
gprbuild -p -gnat2012 -XSDL_MODE=debug -XSDL_PLATFORM=linux \
	-Ptests.gpr -cargs `sdl2-config --cflags` -largs `sdl2-config --libs` -lSDL2_ttf -lSDL2_image
gprbuild: "test" up to date
gprbuild: "version" up to date
gprbuild: "platform" up to date
gprbuild: "error" up to date
gprbuild: "libraries" up to date
gprbuild: "clipboard" up to date
gprbuild: "stream" up to date
gprbuild: "stream2" up to date
gprbuild: "surface" up to date
gprbuild: "rwops" up to date
gprbuild: "timers" up to date
gprbuild: "create_window" up to date
gprbuild: "mouse" up to date
gprbuild: "load_surface" up to date
gprbuild: "ttf" up to date
make: Leaving directory '/home/runner/work/alire-crates-ci/alire-crates-ci/test/b7100a25-0535-4310-974e-a1feab1f7b06/lace_gel_full_demo_0.1.0_4610c588/alire/cache/dependencies/sdlada_2.5.4_7981bbd6/build/gnat'
Note: Building lace_gel_full_demo/full_demo.gpr...
Setup
   [mkdir]        object directory for project Lace
   [mkdir]        object directory for project Gl
   [mkdir]        object directory for project GID
   [mkdir]        object directory for project Math
   [mkdir]        object directory for project Opengl_Core
   [mkdir]        object directory for project FreeType_C
   [mkdir]        object directory for project Xml
   [mkdir]        object directory for project Collada
   [mkdir]        object directory for project c_Math_Thin_C
   [mkdir]        object directory for project Bullet_Thin_C
   [mkdir]        object directory for project Swig
   [mkdir]        object directory for project Box2d_contrib
   [mkdir]        object directory for project Physics
   [mkdir]        object directory for project GEL
   [mkdir]        object directory for project full_Demo
Compile
   [Ada]          launch_full_demo.adb
   [C]            version_ttf.c
   [C]            version_images.c
   [C]            version.c
   [Ada]          sdl-ttfs-versions.adb
   [Ada]          sdl-ttfs-makers.adb
   [Ada]          sdl-ttfs.adb
   [Ada]          sdl-images-io.adb
   [Ada]          sdl-images.adb
   [Ada]          sdl-images-versions.adb
   [Ada]          sdl-events-windows.ads
   [Ada]          sdl-video-rectangles.adb
   [Ada]          sdl-error.adb
   [Ada]          sdl-video-windows-makers.adb
   [Ada]          sdl-timers.ads
   [Ada]          sdl-inputs-joysticks-makers.adb
   [Ada]          sdl-events-controllers.ads
   [Ada]          sdl-events-files.ads
   [Ada]          sdl-c_pointers.ads
   [Ada]          sdl-events.ads
   [Ada]          sdl-video-surfaces-makers.adb
   [Ada]          sdl-inputs-mice-cursors.adb
   [Ada]          sdl-hints.adb
   [Ada]          sdl-inputs-keyboards.adb
   [Ada]          sdl-video-textures.adb
   [Ada]          sdl-video-windows.adb
   [Ada]          sdl-libraries.adb
   [Ada]          sdl-rwops-streams.adb
   [Ada]          sdl-video-pixel_formats.adb
   [Ada]          sdl-video-renderers.adb
   [Ada]          sdl-inputs-joysticks-game_controllers-makers.adb
   [Ada]          sdl-events-keyboards.adb
   [Ada]          sdl-video-gl.adb
   [Ada]          sdl-platform.adb
   [Ada]          sdl-video-palettes.adb
   [Ada]          sdl-cpus.adb
   [Ada]          sdl-video-surfaces.adb
sdl-video-gl.adb:49:07: warning: literal "Attribute_Retained_Backing" is not referenced
   [Ada]          sdl-video.adb
sdl-video-palettes.ads:59:42: warning: 8 bits of "RGB_Colour" unused
   [Ada]          sdl-events-joysticks.adb
   [Ada]          sdl.adb
   [Ada]          sdl-inputs-mice.adb
   [Ada]          sdl-video-windows-manager.adb
   [Ada]          sdl-events-events.adb
   [Ada]          sdl-rwops.adb
   [Ada]          sdl-video-textures-makers.adb
   [Ada]          sdl-video-pixels.ads
   [Ada]          sdl-versions.adb
   [Ada]          sdl-video-renderers-makers.adb
   [Ada]          sdl-power.adb
   [Ada]          sdl-events-touches.ads
   [Ada]          sdl-video-displays.adb
launch_full_demo.adb:96:79: warning: use of an anonymous access type allocator
launch_full_demo.adb:235:78: warning: use of an anonymous access type allocator
launch_full_demo.adb:237:78: warning: use of an anonymous access type allocator
launch_full_demo.adb:257:79: warning: use of an anonymous access type allocator
   [Ada]          sdl-inputs-joysticks-game_controllers.adb
   [Ada]          sdl-events-mice.ads
   [Ada]          sdl-inputs.ads
   [Ada]          sdl-clipboard.adb
   [Ada]          sdl-events-joysticks-game_controllers.adb
   [Ada]          sdl-inputs-joysticks.adb
   [Ada]          sdl-log.adb
   [C++]          b2_rope.cpp
   [C++]          b2_edge_shape.cpp
   [C++]          b2_time_of_impact.cpp
   [C++]          b2_chain_shape.cpp
   [C++]          b2_distance.cpp
   [C++]          b2_circle_shape.cpp
   [C++]          b2_broad_phase.cpp
   [C++]          b2_dynamic_tree.cpp
   [C++]          b2_polygon_shape.cpp
   [C++]          b2_collide_edge.cpp
   [C++]          b2_collide_circle.cpp
   [C++]          b2_collide_polygon.cpp
   [C++]          b2_collision.cpp
   [C++]          b2_math.cpp
   [C++]          b2_settings.cpp
   [C++]          b2_stack_allocator.cpp
   [C++]          b2_draw.cpp
   [C++]          b2_timer.cpp
   [C++]          b2_block_allocator.cpp
   [C++]          b2_weld_joint.cpp
   [C++]          b2_fixture.cpp
   [C++]          b2_contact_solver.cpp
   [C++]          b2_edge_circle_contact.cpp
   [C++]          b2_joint.cpp
   [C++]          b2_polygon_contact.cpp
   [C++]          b2_prismatic_joint.cpp
   [C++]          b2_distance_joint.cpp
   [C++]          b2_island.cpp
   [C++]          b2_world.cpp
   [C++]          b2_world_callbacks.cpp
   [C++]          b2_pulley_joint.cpp
   [C++]          b2_chain_circle_contact.cpp
   [C++]          b2_circle_contact.cpp
   [C++]          b2_chain_polygon_contact.cpp
   [C++]          b2_wheel_joint.cpp
   [C++]          b2_revolute_joint.cpp
   [C++]          b2_mouse_joint.cpp
   [C++]          b2_edge_polygon_contact.cpp
   [C++]          b2_gear_joint.cpp
   [C++]          b2_contact_manager.cpp
   [C++]          b2_friction_joint.cpp
   [C++]          b2_body.cpp
   [C++]          b2_contact.cpp
   [C++]          b2_polygon_circle_contact.cpp
   [C++]          b2_motor_joint.cpp
   [c++]          box2d-space.cpp
   [c++]          box2d-shape.cpp
   [c++]          box2d-object.cpp
   [c++]          box2d-conversions.cpp
   [c++]          box2d-joint.cpp
   [C++]          box2d_c_wrap.cxx
   [c++]          c_math_c_wrap.cxx
   [c++]          c_math.cpp
   [c++]          bullet-object.cpp
   [c++]          bullet-conversions.cpp
   [c++]          bullet-space.cpp
   [c++]          bullet-shape.cpp
   [c++]          bullet-joint.cpp
   [c++]          bullet_c_wrap.cxx
   [C]            freetype_wrap.c
   [Ada]          gel.adb
   [Ada]          gel-applet.adb
   [Ada]          gel-applet-gui_and_sim_world.adb
   [Ada]          gel-forge.adb
   [Ada]          gel-sprite.adb
   [Ada]          gel-window.adb
   [Ada]          gel-window-setup.ads
   [Ada]          opengl.adb
   [Ada]          opengl-io.adb
gel-sprite.adb:742:43: warning: condition can only be True if invalid values present
gel-sprite.adb:742:43: warning: condition is always False
gel-sprite.adb:1100:07: warning: types for unchecked conversion have different sizes
   [Ada]          opengl-light.adb
   [Ada]          opengl-model.adb
   [Ada]          opengl-model-any.adb
   [Ada]          opengl-model-box.adb
gel-applet.adb:796:75: warning: use of an anonymous access type allocator
gel-applet.adb:797:13: warning: variable "event_Kind" is read but never assigned
gel-applet.adb:838:75: warning: use of an anonymous access type allocator
gel-applet.adb:839:13: warning: variable "event_Kind" is read but never assigned
gel-applet.adb:880:75: warning: use of an anonymous access type allocator
   [Ada]          opengl-model-box-colored.adb
   [Ada]          opengl-model-capsule.ads
   [Ada]          opengl-model-capsule-textured.adb
   [Ada]          opengl-model-sphere.adb
   [Ada]          opengl-model-sphere-textured.adb
   [Ada]          opengl-model-terrain.adb
   [Ada]          opengl-palette.adb
   [Ada]          physics.ads
   [Ada]          physics-model.adb
   [Ada]          float_math.ads
   [Ada]          float_math-algebra.ads
   [Ada]          float_math-algebra-linear.ads
   [Ada]          float_math-algebra-linear-d2.ads
   [Ada]          float_math-algebra-linear-d3.ads
   [Ada]          float_math-geometry.ads
   [Ada]          float_math-geometry-d2.ads
   [Ada]          float_math-geometry-d3.ads
   [Ada]          gel-camera.adb
   [Ada]          gel-camera-forge.adb
   [Ada]          gel-events.ads
   [Ada]          gel-world.adb
   [Ada]          gel-world-simple.adb
   [Ada]          lace.ads
   [Ada]          lace-event.adb
lace-event.ads:38:48: warning: others choice is redundant
lace-event.ads:38:48: warning: previous choices cover all components
   [Ada]          lace-event-utility.adb
   [Ada]          opengl-model-arrow.ads
   [Ada]          opengl-model-arrow-colored.adb
   [Ada]          opengl-model-billboard.adb
   [Ada]          opengl-model-billboard-colored_textured.adb
   [Ada]          opengl-model-billboard-textured.adb
   [Ada]          opengl-model-box-textured.adb
opengl-model-billboard-colored_textured.ads:57:70: warning: use of an anonymous access type allocator
   [Ada]          opengl-model-line.ads
   [Ada]          opengl-model-line-colored.adb
   [Ada]          opengl-model-polygon.ads
   [Ada]          opengl-model-polygon-lit_colored.adb
   [Ada]          opengl-model-segment_line.adb
   [Ada]          opengl-model-sphere-colored.adb
   [Ada]          opengl-model-sphere-lit_colored.adb
   [Ada]          opengl-model-sphere-lit_colored_textured.adb
   [Ada]          opengl-model-text.ads
   [Ada]          opengl-model-text-lit_colored.adb
   [Ada]          gel-applet-client_world.adb
gel-world.adb:28:14: warning: procedure "log" is not referenced
gel-world.adb:45:14: warning: procedure "define" is not referenced
gel-world.adb:157:14: warning: procedure "define" is not referenced
gel-world.adb:200:13: warning: function "to_Integer" is not referenced
gel-world.adb:292:13: warning: "start" is not referenced
gel-world.adb:296:13: warning: "stop" is not referenced
gel-world.adb:297:13: warning: "respond" is not referenced
gel-world.adb:303:14: warning: procedure "free" is not referenced
gel-world.adb:319:51: warning: use of an anonymous access type allocator
gel-world.adb:390:27: warning: formal parameter "Self" is not referenced
gel-world.adb:411:27: warning: formal parameter "Self" is not referenced
gel-world.adb:856:36: warning: formal parameter "Self" is not referenced
gel-world.adb:1022:07: warning: types for unchecked conversion have different sizes
gel-world.adb:1023:07: warning: types for unchecked conversion have different sizes
gel-world.ads:317:52: warning: static fixed-point value is not a multiple of Small
gel-world.ads:342:04: warning: types for unchecked conversion have different sizes
   [Ada]          gel-applet-gui_world.adb
   [Ada]          gel-applet-server_world.adb
opengl-model-text-lit_colored.adb:33:27: warning: use of an anonymous access type allocator
opengl-model-text-lit_colored.adb:52:29: warning: use of an anonymous access type allocator
   [Ada]          opengl-font.adb
opengl-font.adb:235:07: warning: types for unchecked conversion have different sizes
   [Ada]          opengl-primitive.adb
   [Ada]          gel-window-sdl.adb
   [Ada]          gel-keyboard.adb
   [Ada]          gel-keyboard-local.adb
   [Ada]          gel-mouse.adb
   [Ada]          gel-mouse-local.adb
   [Ada]          lace-subject_and_deferred_observer.adb
gel-window-sdl.adb:182:07: warning: variable "null_Context" is read but never assigned
   [Ada]          opengl-surface.adb
   [Ada]          gel-any_joint.adb
   [Ada]          gel-hinge_joint.adb
opengl-surface.adb:6:18: warning: unit "interfaces.c.Strings" is not referenced
opengl-surface.adb:55:04: (style) "end swap_Buffers" required
   [Ada]          gel-joint.adb
gel-any_joint.adb:138:24: warning: lower bound check only fails if it is invalid
gel-any_joint.adb:206:24: warning: lower bound check only fails if it is invalid
   [Ada]          lace-response.adb
gel-hinge_joint.adb:293:07: warning: variable "Span" is not referenced
   [Ada]          opengl-program.adb
   [Ada]          opengl-visual.adb
   [Ada]          physics-object.adb
   [Ada]          physics-shape.adb
   [Ada]          physics-space.adb
   [Ada]          gl.ads
   [Ada]          opengl-geometry.adb
   [Ada]          opengl-remote_model.ads
   [Ada]          opengl-texture.adb
   [Ada]          gel-dolly.adb
opengl-geometry.adb:443:07: warning: in instantiation at line 371
opengl-geometry.adb:443:07: warning: use of an anonymous access type allocator
opengl-geometry.adb:457:07: warning: in instantiation at line 371
opengl-geometry.adb:457:07: warning: use of an anonymous access type allocator
   [Ada]          gel-dolly-following.adb
   [Ada]          gel-dolly-simple.adb
   [Ada]          lace-any.ads
   [Ada]          opengl-renderer.adb
   [Ada]          opengl-renderer-lean.adb
   [Ada]          opengl-renderer-lean-forge.adb
   [Ada]          gel-remote.ads
   [Ada]          gel-remote-world.adb
   [Ada]          lace-observer.adb
   [Ada]          lace-subject.adb
   [Ada]          opengl-geometry-colored.adb
   [Ada]          opengl-primitive-indexed.adb
   [Ada]          opengl-geometry-lit_colored_textured_skinned.adb
   [Ada]          opengl-geometry-lit_textured.adb
   [Ada]          opengl-io-collada.adb
opengl-renderer-lean.ads:140:04: warning: types for unchecked conversion have different sizes
   [Ada]          opengl-io-lat_long_radius.adb
   [Ada]          opengl-io-wavefront.adb
opengl-io-lat_long_radius.adb:21:22: warning: condition is always False
   [Ada]          opengl-primitive-long_indexed.adb
   [Ada]          opengl-primitive-short_indexed.adb
opengl-io-wavefront.adb:419:24: warning: use of an anonymous access type allocator
opengl-io-wavefront.adb:420:24: warning: use of an anonymous access type allocator
opengl-io-wavefront.adb:421:24: warning: use of an anonymous access type allocator
   [Ada]          opengl-geometry-textured.adb
   [Ada]          opengl-texture-coordinates.adb
   [Ada]          physics-remote.ads
   [Ada]          physics-remote-model.ads
   [Ada]          any_math.adb
   [Ada]          any_math-any_algebra.ads
   [Ada]          any_math-any_algebra-any_linear.adb
   [Ada]          any_math-any_algebra-any_linear-any_d2.adb
   [Ada]          any_math-any_geometry.adb
   [Ada]          any_math-any_algebra-any_linear-any_d3.adb
any_math-any_geometry.ads:64:62: warning: others choice is redundant
any_math-any_geometry.ads:64:62: warning: previous choices cover all components
   [Ada]          any_math-any_geometry-any_d2.adb
   [Ada]          any_math-any_geometry-any_d3.adb
   [Ada]          opengl-camera.adb
   [Ada]          lace-event-logger.ads
   [Ada]          lace-event-logger-text.adb
   [Ada]          gid.adb
   [Ada]          gl-binding.ads
   [Ada]          gl-pointers.adb
   [Ada]          gl-safe.ads
gel-remote-world.adb:180:26: warning: use of an anonymous access type allocator
gel-remote-world.adb:197:26: warning: use of an anonymous access type allocator
   [Ada]          opengl-errors.adb
   [Ada]          opengl-images.adb
   [Ada]          opengl-tasks.adb
   [Ada]          opengl-viewport.adb
   [Ada]          physics-forge.adb
   [Ada]          opengl-geometry-colored_textured.adb
   [Ada]          opengl-geometry-lit_colored.adb
   [Ada]          opengl-geometry-lit_colored_textured.adb
   [Ada]          opengl-glyphimpl.adb
   [Ada]          opengl-glyphimpl-texture.adb
   [Ada]          opengl-font-texture.adb
   [Ada]          freetype.ads
   [Ada]          freetype-face.adb
   [Ada]          freetype_c.ads
freetype-face.adb:26:04: warning: types for unchecked conversion have different sizes
freetype-face.adb:236:13: warning: variable "max_Index" is not referenced
freetype-face.adb:349:24: warning: formal parameter "Object" is not referenced
   [Ada]          freetype_c-ft_glyphslot.ads
   [Ada]          opengl-fontimpl.adb
   [Ada]          opengl-glyph.adb
   [Ada]          opengl-glyph-container.adb
   [Ada]          gel-world-client.adb
   [Ada]          gel-world-server.adb
   [Ada]          lace-subject-local.adb
   [Ada]          egl.ads
   [Ada]          egl-binding.ads
   [Ada]          opengl-display.adb
   [Ada]          opengl-display-privvy.adb
opengl-display.adb:20:07: warning: variable "Status" is assigned but never read
   [Ada]          opengl-surface_profile.adb
   [Ada]          opengl-surface_profile-privvy.adb
   [Ada]          physics-joint.ads
   [Ada]          physics-joint-dof6.ads
   [Ada]          physics-joint-hinge.ads
   [Ada]          gl-lean.ads
   [Ada]          opengl-attribute.adb
   [Ada]          opengl-shader.adb
   [Ada]          opengl-variable.adb
   [Ada]          opengl-variable-uniform.adb
opengl-attribute.adb:40:35: warning: use of an anonymous access type allocator
opengl-attribute.adb:100:07: warning: types for unchecked conversion have different sizes
   [Ada]          gl_types.ads
   [Ada]          physics-joint-ball.ads
   [Ada]          physics-joint-cone_twist.ads
   [Ada]          physics-joint-slider.ads
   [Ada]          opengl-buffer.adb
   [Ada]          lace-make_observer.adb
   [Ada]          lace-make_observer-deferred.adb
   [Ada]          lace-make_subject.adb
   [Ada]          opengl-buffer-indices.ads
   [Ada]          opengl-buffer-general.adb
   [Ada]          opengl-program-lit.adb
   [Ada]          opengl-program-lit-colored_textured_skinned.adb
   [Ada]          opengl-geometry-lit_textured_skinned.adb
   [Ada]          opengl-server.adb
   [Ada]          opengl-context.adb
   [Ada]          opengl-impostor.adb
   [Ada]          float_math-geometry-d3-modeller.ads
   [Ada]          float_math-geometry-d3-modeller-forge.ads
   [Ada]          collada.adb
   [Ada]          collada-document.adb
   [Ada]          collada-library.adb
   [Ada]          collada-library-controllers.adb
   [Ada]          collada-library-geometries.adb
   [Ada]          opengl-buffer-long_indices.ads
   [Ada]          opengl-buffer-short_indices.ads
   [Ada]          gid-decoding_bmp.adb
   [Ada]          gid-decoding_gif.adb
   [Ada]          gid-decoding_jpg.adb
   [Ada]          gid-decoding_png.adb
   [Ada]          gid-decoding_tga.adb
collada-document.adb:212:33: warning: use of an anonymous access type allocator
collada-document.adb:219:33: warning: use of an anonymous access type allocator
collada-document.adb:263:30: warning: use of an anonymous access type allocator
collada-document.adb:297:30: warning: use of an anonymous access type allocator
collada-document.adb:304:30: warning: use of an anonymous access type allocator
collada-document.adb:305:30: warning: use of an anonymous access type allocator
collada-document.adb:305:56: warning: use of an anonymous access type allocator
collada-document.adb:335:30: warning: use of an anonymous access type allocator
collada-document.adb:344:30: warning: use of an anonymous access type allocator
collada-document.adb:348:37: warning: use of an anonymous access type allocator
collada-document.adb:379:31: warning: use of an anonymous access type allocator
collada-document.adb:388:31: warning: use of an anonymous access type allocator
collada-document.adb:392:38: warning: use of an anonymous access type allocator
collada-document.adb:579:62: warning: use of an anonymous access type allocator
collada-document.adb:604:54: warning: use of an anonymous access type allocator
collada-document.adb:629:60: warning: use of an anonymous access type allocator
collada-document.adb:675:63: warning: use of an anonymous access type allocator
collada-document.adb:708:56: warning: use of an anonymous access type allocator
collada-document.adb:736:65: warning: use of an anonymous access type allocator
collada-document.adb:766:28: warning: variable "the_xml_Type" is not referenced
collada-document.adb:768:28: warning: variable "the_xml_Translate" is not referenced
collada-document.adb:769:28: warning: variable "the_xml_Scale" is not referenced
collada-document.adb:770:28: warning: variable "the_xml_Rotates" is not referenced
collada-document.adb:771:28: warning: variable "the_xml_Children" is not referenced
collada-document.adb:891:62: warning: use of an anonymous access type allocator
collada-document.adb:920:50: warning: use of an anonymous access type allocator
   [Ada]          gid-headers.adb
   [Ada]          opengl-culler.adb
   [Ada]          opengl-culler-frustum.adb
   [Ada]          opengl-frustum.adb
   [Ada]          opengl-impostorer.adb
   [Ada]          box2d_physics.ads
   [Ada]          box2d_physics-space.adb
   [Ada]          bullet_physics.ads
   [Ada]          bullet_physics-space.adb
   [Ada]          freetype_c-binding.ads
   [Ada]          freetype_c-ft_bbox.ads
   [Ada]          freetype_c-ft_vector.ads
   [Ada]          freetype_c-ft_bitmap.ads
   [Ada]          freetype_c-ft_library.ads
   [Ada]          freetype_c-pointers.ads
   [Ada]          freetype-charmap.adb
box2d_physics-space.adb:206:07: warning: types for unchecked conversion have different sizes
   [Ada]          freetype-face_size.adb
   [Ada]          freetype_c-ft_face.ads
   [Ada]          opengl-fontimpl-texture.adb
opengl-impostorer.ads:68:04: warning: types for unchecked conversion have different sizes
   [Ada]          freetype_c-ft_size_metrics.ads
   [Ada]          egl-nativedisplaytype.ads
   [Ada]          egl-pointers.ads
bullet_physics-space.adb:222:07: warning: types for unchecked conversion have different sizes
bullet_physics-space.adb:491:07: warning: variable "the_Manifold" is read but never assigned
bullet_physics-space.adb:543:36: warning: others choice is redundant
bullet_physics-space.adb:543:36: warning: previous choices cover all components
   [Ada]          opengl-screen.adb
   [Ada]          opengl-conversions.adb
freetype-charmap.ads:120:04: warning: types for unchecked conversion have different sizes
   [Ada]          opengl-surface-privvy.adb
   [Ada]          opengl-program-lit-textured_skinned.adb
   [Ada]          any_math-any_geometry-any_d3-any_modeller.adb
   [Ada]          any_math-any_geometry-any_d3-any_modeller-any_forge.adb
   [Ada]          gid-buffering.adb
   [Ada]          gid-color_tables.adb
   [Ada]          collada-library-animations.adb
   [Ada]          collada-library-visual_scenes.adb
   [Ada]          xml.adb
   [Ada]          collada-asset.ads
   [Ada]          collada-libraries.ads
opengl-fontimpl-texture.adb:93:14: warning: use of an anonymous access type allocator
opengl-fontimpl-texture.adb:170:07: warning: types for unchecked conversion have different sizes
   [Ada]          gid-decoding_png-huffman.adb
   [Ada]          freetype_c-ft_charmap.ads
   [Ada]          freetype_c-ft_charmaprec.ads
   [Ada]          freetype_c-ft_size.ads
   [Ada]          box2d_c.ads
   [Ada]          box2d_c-b2d_contact.ads
   [Ada]          box2d_c-b2d_ray_collision.ads
   [Ada]          box2d_c-binding.ads
   [Ada]          box2d_physics-joint.adb
   [Ada]          box2d_physics-shape.adb
   [Ada]          c_math_c.ads
   [Ada]          c_math_c-conversion.adb
   [Ada]          c_math_c-vector_3.ads
   [Ada]          swig.ads
xml.adb:43:07: warning: variable "Depth" is not referenced
   [Ada]          box2d_c-joint_cursor.ads
   [Ada]          box2d_c-pointers.ads
   [Ada]          box2d_physics-object.adb
   [Ada]          opengl-impostor-simple.adb
   [Ada]          opengl-impostor-terrain.adb
box2d_physics-joint.adb:76:44: warning: use of an anonymous access type allocator
box2d_physics-joint.adb:79:07: warning: variable "c_Object_A" is not referenced
box2d_physics-joint.adb:80:07: warning: variable "c_Object_B" is not referenced
box2d_physics-joint.adb:82:07: warning: variable "c_Frame_A" is not referenced
box2d_physics-joint.adb:83:07: warning: variable "c_Frame_B" is not referenced
box2d_physics-joint.adb:236:46: warning: use of an anonymous access type allocator
box2d_physics-joint.adb:399:46: warning: use of an anonymous access type allocator
box2d_physics-joint.adb:562:50: warning: use of an anonymous access type allocator
box2d_physics-joint.adb:731:49: warning: use of an anonymous access type allocator
box2d_physics-joint.adb:773:39: warning: use of an anonymous access type allocator
box2d_physics-joint.adb:793:39: warning: use of an anonymous access type allocator
box2d_physics-joint.adb:898:07: warning: variable "c_Frame" is read but never assigned
box2d_physics-joint.adb:908:07: warning: variable "c_Frame" is read but never assigned
box2d_physics-joint.adb:951:07: warning: unreachable code
box2d_physics-joint.adb:963:07: warning: unreachable code
   [Ada]          bullet_c.ads
   [Ada]          bullet_c-binding.ads
   [Ada]          bullet_c-ray_collision.ads
   [Ada]          bullet_physics-joint.adb
   [Ada]          bullet_physics-shape.adb
   [Ada]          c_math_c-pointers.ads
   [Ada]          bullet_c-pointers.ads
   [Ada]          bullet_physics-object.adb
   [Ada]          opengl-glyph-texture.adb
bullet_physics-joint.adb:76:38: warning: use of an anonymous access type allocator
bullet_physics-joint.adb:241:38: warning: use of an anonymous access type allocator
bullet_physics-joint.adb:406:46: warning: use of an anonymous access type allocator
bullet_physics-joint.adb:570:44: warning: use of an anonymous access type allocator
bullet_physics-joint.adb:736:39: warning: use of an anonymous access type allocator
bullet_physics-joint.adb:763:39: warning: use of an anonymous access type allocator
bullet_physics-joint.adb:854:07: warning: variable "c_Frame" is read but never assigned
bullet_physics-joint.adb:864:07: warning: variable "c_Frame" is read but never assigned
bullet_physics-joint.adb:907:07: warning: unreachable code
bullet_physics-joint.adb:919:07: warning: unreachable code
   [Ada]          c_math_c-matrix_3x3.ads
   [Ada]          c_math_c-matrix_4x4.ads
   [Ada]          c_math_c-vector_2.ads
   [Ada]          xml-reader.adb
   [Ada]          c_math_c-triangle.ads
opengl-glyph-texture.adb:30:14: warning: use of an anonymous access type allocator
Build Libraries
   [gprlib]       sdlada.lexch
   [archive]      libsdlada.a
   [index]        libsdlada.a
Bind
   [gprbind]      launch_full_demo.bexch
   [Ada]          launch_full_demo.ali
Link
   [archive]      libfull_demo.a
   [archive]      libfull_demo.a
   [index]        libfull_demo.a
   [link]         launch_full_demo.adb
/home/runner/.config/alire/cache/dependencies/gnat_native_10.3.2_d7078088/bin/../lib/gcc/x86_64-pc-linux-gnu/10.3.0/../../../../x86_64-pc-linux-gnu/bin/ld: /lib/x86_64-linux-gnu/libBulletSoftBody.so: undefined reference to `std::__throw_bad_array_new_length()@GLIBCXX_3.4.29'
collect2: error: ld returned 1 exit status
gprbuild: link of launch_full_demo.adb failed
gprbuild: failed command was: /home/runner/.config/alire/cache/dependencies/gnat_native_10.3.2_d7078088/bin/g++ launch_full_demo.o /tmp/GNAT-TEMP-000084.TMP libfull_demo.a /home/runner/work/alire-crates-ci/alire-crates-ci/test/b7100a25-0535-4310-974e-a1feab1f7b06/lace_gel_full_demo_0.1.0_4610c588/alire/cache/dependencies/sdlada_2.5.4_7981bbd6/build/gnat/gen/debug/lib/libsdlada.a -g -lSDL2 -lBulletSoftBody -lBulletDynamics -lBulletCollision -lLinearMath -g -lEGL -lGLESv2 -lSDL2 -g -lexpat -g -g -g -lfreetype -L/home/runner/work/alire-crates-ci/alire-crates-ci/test/b7100a25-0535-4310-974e-a1feab1f7b06/lace_gel_full_demo_0.1.0_4610c588/build/ -L/home/runner/work/alire-crates-ci/alire-crates-ci/test/b7100a25-0535-4310-974e-a1feab1f7b06/lace_gel_full_demo_0.1.0_4610c588/build/ -L/home/runner/work/alire-crates-ci/alire-crates-ci/test/b7100a25-0535-4310-974e-a1feab1f7b06/lace_gel_full_demo_0.1.0_4610c588/alire/cache/dependencies/lace_gel_0.1.0_2c333035/library/build/ -L/home/runner/work/alire-crates-ci/alire-crates-ci/test/b7100a25-0535-4310-974e-a1feab1f7b06/lace_gel_full_demo_0.1.0_4610c588/alire/cache/dependencies/lace_0.1.0_347e4627/library/build/ -L/home/runner/work/alire-crates-ci/alire-crates-ci/test/b7100a25-0535-4310-974e-a1feab1f7b06/lace_gel_full_demo_0.1.0_4610c588/alire/cache/dependencies/lace_opengl_0.1.0_672a6415/library/build/ -L/home/runner/work/alire-crates-ci/alire-crates-ci/test/b7100a25-0535-4310-974e-a1feab1f7b06/lace_gel_full_demo_0.1.0_4610c588/alire/cache/dependencies/lace_opengl_0.1.0_672a6415/private/gl/library/build/ -L/home/runner/work/alire-crates-ci/alire-crates-ci/test/b7100a25-0535-4310-974e-a1feab1f7b06/lace_gel_full_demo_0.1.0_4610c588/alire/cache/dependencies/lace_opengl_0.1.0_672a6415/private/gid/obj_debug/ -L/home/runner/work/alire-crates-ci/alire-crates-ci/test/b7100a25-0535-4310-974e-a1feab1f7b06/lace_gel_full_demo_0.1.0_4610c588/alire/cache/dependencies/lace_math_0.1.0_3ab67197/library/build/ -L/home/runner/work/alire-crates-ci/alire-crates-ci/test/b7100a25-0535-4310-974e-a1feab1f7b06/lace_gel_full_demo_0.1.0_4610c588/alire/cache/dependencies/lace_opengl_0.1.0_672a6415/private/freetype/library/build/ -L/home/runner/work/alire-crates-ci/alire-crates-ci/test/b7100a25-0535-4310-974e-a1feab1f7b06/lace_gel_full_demo_0.1.0_4610c588/alire/cache/dependencies/lace_collada_0.1.0_99d5bbb7/library/build/ -L/home/runner/work/alire-crates-ci/alire-crates-ci/test/b7100a25-0535-4310-974e-a1feab1f7b06/lace_gel_full_demo_0.1.0_4610c588/alire/cache/dependencies/lace_xml_0.1.0_b6aa904a/library/build/ -L/home/runner/work/alire-crates-ci/alire-crates-ci/test/b7100a25-0535-4310-974e-a1feab1f7b06/lace_gel_full_demo_0.1.0_4610c588/alire/cache/dependencies/lace_physics_0.1.0_d1cb6621/library/build/ -L/home/runner/work/alire-crates-ci/alire-crates-ci/test/b7100a25-0535-4310-974e-a1feab1f7b06/lace_gel_full_demo_0.1.0_4610c588/alire/cache/dependencies/lace_bullet_0.1.0_2c009b79/library/build/ -L/home/runner/work/alire-crates-ci/alire-crates-ci/test/b7100a25-0535-4310-974e-a1feab1f7b06/lace_gel_full_demo_0.1.0_4610c588/alire/cache/dependencies/lace_c_math_0.1.0_e47df28c/library/build/ -L/home/runner/work/alire-crates-ci/alire-crates-ci/test/b7100a25-0535-4310-974e-a1feab1f7b06/lace_gel_full_demo_0.1.0_4610c588/alire/cache/dependencies/lace_swig_0.1.0_ddbc016d/library/build/ -L/home/runner/work/alire-crates-ci/alire-crates-ci/test/b7100a25-0535-4310-974e-a1feab1f7b06/lace_gel_full_demo_0.1.0_4610c588/alire/cache/dependencies/lace_box2d_0.1.0_fecf3d54/library/build/ -L/home/runner/work/alire-crates-ci/alire-crates-ci/test/b7100a25-0535-4310-974e-a1feab1f7b06/lace_gel_full_demo_0.1.0_4610c588/alire/cache/dependencies/sdlada_2.5.4_7981bbd6/build/gnat/gen/debug/lib/ -L/home/runner/.config/alire/cache/dependencies/gnat_native_10.3.2_d7078088/lib/gcc/x86_64-pc-linux-gnu/10.3.0/adalib/ /home/runner/.config/alire/cache/dependencies/gnat_native_10.3.2_d7078088/lib/gcc/x86_64-pc-linux-gnu/10.3.0/adalib/libgnarl.a /home/runner/.config/alire/cache/dependencies/gnat_native_10.3.2_d7078088/lib/gcc/x86_64-pc-linux-gnu/10.3.0/adalib/libgnat.a -lrt -lpthread -ldl -Wl,-rpath-link,/home/runner/.config/alire/cache/dependencies/gnat_native_10.3.2_d7078088/lib/gcc/x86_64-pc-linux-gnu/10.3.0//adalib -shared-libgcc -Wl,-z,origin,-rpath,$ORIGIN//build:$ORIGIN//alire/cache/dependencies/lace_gel_0.1.0_2c333035/library/build:$ORIGIN//alire/cache/dependencies/lace_0.1.0_347e4627/library/build:$ORIGIN//alire/cache/dependencies/lace_opengl_0.1.0_672a6415/library/build:$ORIGIN//alire/cache/dependencies/lace_opengl_0.1.0_672a6415/private/gl/library/build:$ORIGIN//alire/cache/dependencies/lace_opengl_0.1.0_672a6415/private/gid/obj_debug:$ORIGIN//alire/cache/dependencies/lace_math_0.1.0_3ab67197/library/build:$ORIGIN//alire/cache/dependencies/lace_opengl_0.1.0_672a6415/private/freetype/library/build:$ORIGIN//alire/cache/dependencies/lace_collada_0.1.0_99d5bbb7/library/build:$ORIGIN//alire/cache/dependencies/lace_xml_0.1.0_b6aa904a/library/build:$ORIGIN//alire/cache/dependencies/lace_physics_0.1.0_d1cb6621/library/build:$ORIGIN//alire/cache/dependencies/lace_bullet_0.1.0_2c009b79/library/build:$ORIGIN//alire/cache/dependencies/lace_c_math_0.1.0_e47df28c/library/build:$ORIGIN//alire/cache/dependencies/lace_swig_0.1.0_ddbc016d/library/build:$ORIGIN//alire/cache/dependencies/lace_box2d_0.1.0_fecf3d54/library/build:$ORIGIN//alire/cache/dependencies/sdlada_2.5.4_7981bbd6/build/gnat/gen/debug/lib:$ORIGIN/../../../../../..//.config/alire/cache/dependencies/gnat_native_10.3.2_d7078088/lib/gcc/x86_64-pc-linux-gnu/10.3.0/adalib -o /home/runner/work/alire-crates-ci/alire-crates-ci/test/b7100a25-0535-4310-974e-a1feab1f7b06/lace_gel_full_demo_0.1.0_4610c588//launch_full_demo
stderr: Command ["gprbuild", "-s", "-j0", "-p", "-P", "/home/runner/work/alire-crates-ci/alire-crates-ci/test/b7100a25-0535-4310-974e-a1feab1f7b06/lace_gel_full_demo_0.1.0_4610c588/full_demo.gpr"] exited with code 4
ERROR: Command ["gprbuild", "-s", "-j0", "-p", "-P", "/home/runner/work/alire-crates-ci/alire-crates-ci/test/b7100a25-0535-4310-974e-a1feab1f7b06/lace_gel_full_demo_0.1.0_4610c588/full_demo.gpr"] exited with code 4
stderr: ALIRE.CHECKED_ERROR
stderr: Command ["gprbuild", "-s", "-j0", "-p", "-P", "/home/runner/work/alire-crates-ci/alire-crates-ci/test/b7100a25-0535-4310-974e-a1feab1f7b06/lace_gel_full_demo_0.1.0_4610c588/full_demo.gpr"] exited with code 4
stderr: raised ALIRE.CHECKED_ERROR : alire-stored-error:1
[/home/runner/work/alire-crates-ci/alire-crates-ci/alire_install/bin/alr]
0xd7ada2 Alire.Raise_Checked_Error at alire.adb:251
0xa423cf Alire.Os_Lib.Subprocess.Checked_Spawn at alire-os_lib-subprocess.adb:110
0xc5cdee Alire.Spawn.Command at alire-spawn.adb:21
0xc5d51c Alire.Spawn.Gprbuild at alire-spawn.adb:41
0xbc1550 Alire.Roots.Build.Build_Single_Release.Call_Gprbuild at alire-roots.adb:140
0xbbfbaf Alire.Roots.Build.Build_Single_Release at alire-roots.adb:171
0xbdb95e Alire.Roots.Traverse.Traverse_Wrap at alire-roots.adb:1364
0xc25a8b Alire.Solutions.Traverse.Visit at alire-solutions.adb:1443
0xc246a2 Alire.Solutions.Traverse at alire-solutions.adb:1518
0xbdbaac Alire.Roots.Traverse at alire-roots.adb:1368
0xbbff40 Alire.Roots.Build at alire-roots.adb:196
0x4a0334 Alr.Commands.Build.Execute at alr-commands-build.adb:58
0x4b065a Alr.Commands.Get.Retrieve at alr-commands-get.adb:187
0x4b4e77 Alr.Commands.Get.Execute at alr-commands-get.adb:348
0x53bb7e Alr.Commands.Sub_Cmd.Execute at clic-subcommand-instance.adb:742
0x54756f Alr.Commands.Execute at alr-commands.adb:492
0x43cb1a Alr.Main at alr-main.adb:10
0x43f3e7 Main at b__alr-main.adb:2132
[/lib/x86_64-linux-gnu/libc.so.6]
0x7f90ee029d8e
0x7f90ee029e3e
[/home/runner/work/alire-crates-ci/alire-crates-ci/alire_install/bin/alr]
0x43c9f8 _start at ???
0xfffffffffffffffe


Warning: lace_gel_full_demo=0.1.0 successfully retrieved but its build failed.
Dependencies were solved as follows:

   + lace          0.1.0   (new,indirect)
   + lace_box2d    0.1.0   (new,indirect)
   + lace_bullet   0.1.0   (new,indirect)
   + lace_c_math   0.1.0   (new,indirect)
   + lace_collada  0.1.0   (new,indirect)
   + lace_gel      0.1.0   (new)         
   + lace_math     0.1.0   (new,indirect)
   + lace_opengl   0.1.0   (new,indirect)
   + lace_physics  0.1.0   (new,indirect)
   + lace_shared   0.1.0   (new,indirect)
   + lace_swig     0.1.0   (new,indirect)
   + lace_xml      0.1.0   (new,indirect)
   + libbullet     3.6.0   (new,indirect)
   + libexpat      2.4.7   (new,indirect)
   + libfreetype   2.11.1  (new,indirect)
   + libsdl2       2.0.20  (new,indirect)
   + libsdl2_image 2.0.5   (new,indirect)
   + libsdl2_ttf   2.0.18  (new,indirect)
   + make          4.3.0   (new,indirect)
   + sdlada        2.5.4-1 (new,indirect)
ERROR: Build ended with errors
