Test ran at 2025-02-05 12:28:02.335282+00:00

SOLUTION:
protobuf=1.0.0: Google Protocol Buffers implementation in Ada
Origin: source archive 1.0.0.tar.gz at https://github.com/reznikmm/protobuf/archive/1.0.0.tar.gz with hash sha512:439627662874582db8787e6a6311f99c61bac6be95d2e66cf6c891ecf5a1f109dc483c3ce1f183727b696ddc9ce38c5b11d0cfa85d3cec36251c62159c35fe93
Properties:
   Author: Maxim Reznik
   Description: Google Protocol Buffers implementation in Ada
   Environment: PATH=${CRATE_ROOT}/.objs/compiler:${PATH}
   Executable: protoc-gen-ada
   License: MIT
   Maintainer: Maxim Reznik <reznikmm@gmail.com>
   Maintainers_Logins: reznikmm
   Name: protobuf
   Project_File: gnat/protoc_gen_ada.gpr
   Tag: protocol
   Tag: rpc
   Tag: generator
   Version: 1.0.0
   Website: https://github.com/reznikmm/protobuf
Dependencies (direct):
   ada_pretty*
   matreshka_league*
Dependencies (solution):
   ada_pretty=1.0.0
   make=4.4.1
   matreshka_league=21.0.0
Dependencies (graph):
   ada_pretty=1.0.0        --> matreshka_league=21.0.0 (*)
   matreshka_league=21.0.0 --> make=4.4.1 (*)
   protobuf=1.0.0          --> ada_pretty=1.0.0 (*)
   protobuf=1.0.0          --> matreshka_league=21.0.0 (*)


LOG:
Spawning: alr -d -n get --build protobuf=1.0.0
Note: Deploying protobuf=1.0.0...

#=#=#                                                                          
##O#-#                                                                         
Note: Deploying make=4.4.1...
The system package 'make' is about to be installed.
This action might require admin privileges and impact your system installation.
Do you want Alire to install this system package?
Using default: Yes
resolving dependencies...
looking for conflicting packages...

Packages (1) make-4.4.1-2

Total Download Size:   0.50 MiB
Total Installed Size:  1.61 MiB

:: Proceed with installation? [Y/n] 
:: Retrieving packages...
 make-4.4.1-2-x86_64 downloading...
checking keyring...
checking package integrity...
loading package files...
checking for file conflicts...
checking available disk space...
:: Processing package changes...
installing make...
:: Running post-transaction hooks...
(1/1) Updating the info directory file...
Note: Deploying matreshka_league=21.0.0...

                                                                           0.1%
##################################################################        92.5%
######################################################################## 100.0%
Note: Deploying ada_pretty=1.0.0...

#=#=#                                                                          
stderr: Could not sync build dir from C:\Users\runneradmin\AppData\Local\alire\cache\releases\matreshka_league_21.0.0_0c8f4d47 to C:\Users\runneradmin\AppData\Local\alire\cache\builds\matreshka_league_21.0.0_0c8f4d47\cf726ef3a69ce172ff2912e9408239040fb479bec216923caf6b9a1cb36024e1
ERROR: Could not sync build dir from C:\Users\runneradmin\AppData\Local\alire\cache\releases\matreshka_league_21.0.0_0c8f4d47 to C:\Users\runneradmin\AppData\Local\alire\cache\builds\matreshka_league_21.0.0_0c8f4d47\cf726ef3a69ce172ff2912e9408239040fb479bec216923caf6b9a1cb36024e1
