Test ran at 2024-12-10 00:45:40.516392+00:00

SOLUTION:
minirest=0.2.0: Minimalist Ada REST client library
Origin: commit a50d0f7cc1c546b9dd61bc3dd3004e4b953fb9f2 from https://github.com/mosteo/minirest.git
Properties:
   Author: Alejandro R. Mosteo
   Description: Minimalist Ada REST client library
   License: MIT
   Maintainer: alejandro@mosteo.com
   Maintainers_Logins: mosteo
   Name: minirest
   Tag: rest
   Version: 0.2
   Website: https://github.com/mosteo/minirest
Dependencies (direct):
   aaa~0.2.1|~0.3
   curl*
Dependencies (solution):
   aaa=0.2.6
   curl=8.5.0
Dependencies (graph):
   minirest=0.2.0 --> aaa=0.2.6 (~0.2.1|~0.3)
   minirest=0.2.0 --> curl=8.5.0 (*)         


LOG:
Note: Deploying minirest=0.2.0...
Note: Deploying aaa=0.2.6...
Note: Deploying curl=8.5.0...
Note: Building minirest/minirest.gpr...
Setup
   [mkdir]        object directory for project Aaa
   [mkdir]        library directory for project Aaa
   [mkdir]        object directory for project Minirest
   [mkdir]        library directory for project Minirest
Compile
   [Ada]          aaa_config.ads
   [Ada]          aaa-traits-types.ads
   [Ada]          aaa-text_io.adb
   [Ada]          aaa-caches.ads
   [Ada]          aaa-containers.ads
   [Ada]          aaa-filesystem.adb
   [Ada]          aaa-enum_tools.adb
   [Ada]          aaa.ads
   [Ada]          aaa-containers-indefinite_holders.adb
   [Ada]          aaa-processes.adb
   [Ada]          aaa-tests.ads
   [Ada]          aaa-traits.ads
   [Ada]          aaa-debug.adb
   [Ada]          aaa-caches-files.adb
   [Ada]          aaa-table_io.adb
   [Ada]          aaa-strings.adb
   [Ada]          aaa-ansi.adb
   [Ada]          aaa-directories.ads
   [Ada]          aaa-traits-containers.ads
   [Ada]          minirest_config.ads
   [Ada]          minirest.adb
Build Libraries
   [gprlib]       aaa.lexch
   [gprlib]       Minirest.lexch
   [archive]      libaaa.a
   [index]        libaaa.a
   [archive]      libMinirest.a
   [index]        libMinirest.a
Build finished successfully in 7.55 seconds.

minirest=0.2.0 successfully retrieved and built.
Dependencies were solved as follows:

   + aaa  0.2.6 (new)
   + curl 8.5.0 (new)
Found declared GPR file: minirest.gpr
