Test ran at 2024-10-02 12:58:50.875082+00:00

SOLUTION:
embedded_components=0.2.0: Platform agnostic drivers to interface external components
Origin: commit 37c39b23c2a235452401bb8d592f5121d836378b from https://github.com/Fabien-Chouteau/embedded-components.git
Properties:
   Author: AdaCore
   Build Switches: 
   Description: Platform agnostic drivers to interface external components
   License: BSD-3-Clause
   Long_Description: # embedded-components

Platform agnostic drivers to interface external components.

This crate is a snapshot of the `components` of [Ada Drivers
Library](https://github.com/AdaCore/Ada_Drivers_Library/tree/master/components).

Any bug report, issue, contribution must be adressed to the [Ada Drivers
Library](https://github.com/AdaCore/Ada_Drivers_Library/) repo.


   Maintainer: chouteau@adacore.com
   Maintainers_Logins: Fabien-Chouteau
   Name: embedded_components
   Project_File: embedded_components.gpr
   Tag: embedded
   Tag: nostd
   Version: 0.2.0
   Website: https://github.com/AdaCore/Ada_Drivers_Library/
Dependencies (direct):
   adl_middleware~0.2.0
   hal~0.3.0
Dependencies (solution):
   adl_middleware=0.2.0
   hal=0.3.0
Dependencies (graph):
   adl_middleware=0.2.0      --> hal=0.3.0 (~0.3.0)           
   embedded_components=0.2.0 --> adl_middleware=0.2.0 (~0.2.0)
   embedded_components=0.2.0 --> hal=0.3.0 (~0.3.0)           


LOG:
Note: Deploying embedded_components=0.2.0...
Note: Deploying hal=0.3.0...
Note: Deploying adl_middleware=0.2.0...
Note: Building embedded_components/embedded_components.gpr...
Setup
   [mkdir]        object directory for project HAL
   [mkdir]        library directory for project HAL
   [mkdir]        object directory for project Adl_Middleware
   [mkdir]        library directory for project Adl_Middleware
   [mkdir]        object directory for project Embedded_Components
   [mkdir]        library directory for project Embedded_Components
Compile
   [Ada]          hal-spi.ads
   [Ada]          hal-bitmap.ads
   [Ada]          hal-time.ads
   [Ada]          hal-filesystem.ads
   [Ada]          hal-audio.ads
   [Ada]          hal-real_time_clock.ads
   [Ada]          hal-i2c.ads
   [Ada]          hal-dsi.ads
   [Ada]          hal-gpio.ads
   [Ada]          hal-framebuffer.ads
   [Ada]          hal-sdmmc.adb
   [Ada]          hal.ads
   [Ada]          hal-block_drivers.ads
   [Ada]          hal-touch_panel.ads
   [Ada]          hal-uart.ads
   [Ada]          adl_middleware_config.ads
   [Ada]          monitor.ads
   [Ada]          monitor-block_drivers.adb
   [Ada]          simple_synthesizer.adb
   [Ada]          command_line-filesystem-remove_directory.adb
   [Ada]          command_line.adb
   [Ada]          command_line-filesystem.adb
   [Ada]          command_line-filesystem-list_directory.adb
   [Ada]          command_line-filesystem-touch.adb
   [Ada]          command_line-filesystem-cat.adb
   [Ada]          bluetooth_low_energy.adb
   [Ada]          bluetooth_low_energy-beacon.adb
   [Ada]          bluetooth_low_energy-packets.adb
   [Ada]          bitmap_file_output.adb
   [Ada]          soft_drawing_bitmap.adb
   [Ada]          memory_mapped_bitmap.adb
   [Ada]          bitmap_color_conversion.adb
   [Ada]          neopixel.adb
   [Ada]          sdmmc_init.adb
   [Ada]          hex_dump.adb
   [Ada]          logging_with_categories.adb
   [Ada]          file_block_drivers.adb
   [Ada]          logging_with_priority.adb
   [Ada]          logging.adb
   [Ada]          filesystem-fat-files.adb
   [Ada]          filesystem-fat-directories.adb
   [Ada]          filesystem-fat.adb
   [Ada]          file_io.adb
   [Ada]          filesystem-mbr.adb
   [Ada]          filesystem.ads
   [Ada]          pathname_manipulation.adb
   [Ada]          partitions.adb
   [Ada]          adl_config.ads
   [Ada]          embedded_components_config.ads
   [Ada]          bit_fields.adb
   [Ada]          ov2640.adb
   [Ada]          ov7725.adb
   [Ada]          cs43l22.adb
   [Ada]          sgtl5000.adb
   [Ada]          wm8994.adb
cs43l22.adb:50:27: warning: aspect Unreferenced specified for "Status" [enabled by default]
   [Ada]          vl53l0x.adb
wm8994.adb:62:27: warning: aspect Unreferenced specified for "Status" [enabled by default]
   [Ada]          vl53l1x.adb
   [Ada]          lps25h-spi.adb
   [Ada]          lps25h.ads
   [Ada]          lps25h-i2c.adb
   [Ada]          adafruit-trellis.adb
vl53l0x.adb:880:53: warning: aspect Unreferenced specified for "Status" [enabled by default]
vl53l0x.adb:894:54: warning: aspect Unreferenced specified for "Status" [enabled by default]
vl53l0x.adb:895:64: warning: aspect Unreferenced specified for "Status" [enabled by default]
vl53l0x.adb:980:67: warning: aspect Unreferenced specified for "Status" [enabled by default]
vl53l0x.adb:1406:19: warning: aspect Unreferenced specified for "Status" [enabled by default]
   [Ada]          stmpe1600.adb
   [Ada]          ht16k33.adb
   [Ada]          mcp23x08-i2c.adb
   [Ada]          mcp23x17-i2c.adb
stmpe1600.adb:212:46: warning: aspect Unreferenced specified for "Status" [enabled by default]
stmpe1600.adb:241:46: warning: aspect Unreferenced specified for "Status" [enabled by default]
stmpe1600.adb:259:45: warning: aspect Unreferenced specified for "Status" [enabled by default]
stmpe1600.adb:266:46: warning: aspect Unreferenced specified for "Status" [enabled by default]
stmpe1600.adb:283:45: warning: aspect Unreferenced specified for "Status" [enabled by default]
stmpe1600.adb:301:46: warning: aspect Unreferenced specified for "Status" [enabled by default]
stmpe1600.adb:308:47: warning: aspect Unreferenced specified for "Status" [enabled by default]
   [Ada]          mcp23x08.adb
   [Ada]          mcp23x17.adb
   [Ada]          mcp23008.ads
   [Ada]          mcp23017.ads
   [Ada]          pcf8574.adb
   [Ada]          l3gd20.adb
   [Ada]          bosch_bno055.adb
   [Ada]          bno055_i2c_io.adb
   [Ada]          mma8653.adb
   [Ada]          mpu9250.adb
   [Ada]          lsm303agr.adb
   [Ada]          pmw3901.adb
   [Ada]          ak8963.adb
   [Ada]          lis3dsh.adb
   [Ada]          lis3dsh-spi.adb
   [Ada]          ft5336.adb
   [Ada]          ft6x06.adb
ak8963.adb:144:10: warning: aspect Unreferenced specified for "Status" [enabled by default]
   [Ada]          stmpe811.adb
   [Ada]          otm8009a.adb
ft5336.adb:349:52: warning: aspect Unreferenced specified for "Status" [enabled by default]
   [Ada]          ili9341.adb
ft6x06.adb:80:52: warning: aspect Unreferenced specified for "Status" [enabled by default]
   [Ada]          ili9341_regs.ads
   [Ada]          lcd_hd44780-pcf8574.adb
   [Ada]          lcd_hd44780.adb
   [Ada]          lcd_hd44780-custom_characters.ads
   [Ada]          st7735r-ram_framebuffer.adb
   [Ada]          st7735r.adb
lcd_hd44780-pcf8574.adb:85:07: warning: renamed variable "Bl" is not referenced [-gnatwu]
lcd_hd44780-pcf8574.adb:99:07: warning: renamed variable "En" is not referenced [-gnatwu]
lcd_hd44780-pcf8574.adb:123:07: warning: renamed variable "RW" is not referenced [-gnatwu]
lcd_hd44780-pcf8574.adb:124:07: warning: renamed variable "RS" is not referenced [-gnatwu]
lcd_hd44780-pcf8574.adb:125:07: warning: renamed variable "P0" is not referenced [-gnatwu]
lcd_hd44780-pcf8574.adb:126:07: warning: renamed variable "P1" is not referenced [-gnatwu]
lcd_hd44780-pcf8574.adb:127:07: warning: renamed variable "P2" is not referenced [-gnatwu]
lcd_hd44780-pcf8574.adb:128:07: warning: renamed variable "P3" is not referenced [-gnatwu]
lcd_hd44780-pcf8574.adb:166:07: warning: renamed variable "RW" is not referenced [-gnatwu]
lcd_hd44780-pcf8574.adb:167:07: warning: renamed variable "RS" is not referenced [-gnatwu]
lcd_hd44780-pcf8574.adb:168:07: warning: renamed variable "En" is not referenced [-gnatwu]
lcd_hd44780-pcf8574.adb:169:07: warning: renamed variable "P0" is not referenced [-gnatwu]
lcd_hd44780-pcf8574.adb:170:07: warning: renamed variable "P1" is not referenced [-gnatwu]
lcd_hd44780-pcf8574.adb:171:07: warning: renamed variable "P2" is not referenced [-gnatwu]
lcd_hd44780-pcf8574.adb:172:07: warning: renamed variable "P3" is not referenced [-gnatwu]
   [Ada]          ssd1306.adb
   [Ada]          ssd1306-standard_resolutions.ads
   [Ada]          pcd8544_reg.ads
   [Ada]          pcd8544.adb
   [Ada]          adafruit-charliewing.adb
   [Ada]          is31fl3731.adb
   [Ada]          bbq10kbd.adb
   [Ada]          adafruit-thermal_printer.adb
   [Ada]          adafruit.ads
Build Libraries
   [gprlib]       hal.lexch
   [gprlib]       Adl_Middleware.lexch
   [archive]      libhal.a
   [index]        libhal.a
   [gprlib]       Embedded_Components.lexch
   [archive]      libAdl_Middleware.a
   [index]        libAdl_Middleware.a
   [archive]      libEmbedded_Components.a
   [index]        libEmbedded_Components.a
Build finished successfully in 4.23 seconds.

embedded_components=0.2.0 successfully retrieved and built.
Dependencies were solved as follows:

   + adl_middleware 0.2.0 (new)
   + hal            0.3.0 (new)
Found declared GPR file: embedded_components.gpr
