Test ran at 2023-12-08 12:55:50.544129+00:00

SOLUTION:
euler_tools=1.2.1: Assortment of mathematical functions to solve Project Euler problems.
Origin: commit abbebcb10c1ea2fe69cc1345ebe9ea0e87f901e1 from https://github.com/rocher/euler_tools.git
Properties:
   Author: Francesc Rocher
   Description: Assortment of mathematical functions to solve Project Euler problems.
   License: MIT
   Maintainer: Francesc Rocher <francesc.rocher@gmail.com>
   Maintainers_Logins: rocher
   Name: euler_tools
   Tag: project-euler
   Tag: mathematics
   Version: 1.2.1
   Website: https://github.com/rocher/euler_tools
Dependencies (direct):
   gnat>=2021 | (>=12 & <2000)
Dependencies (external):
   gnat>=2021 | (>=12 & <2000) (direct,hinted)
Dependencies (graph):
   euler_tools=1.2.1 --> gnat>=2021 | (>=12 & <2000)
Dependencies cannot be met


LOG:
