Test ran at 2024-12-02 13:24:43.160015+00:00

SOLUTION:
florist_blady=6.0.0: POSIX Ada Bindings
Provides: florist=22.0.0
Origin: commit 3bc476ccf9541b32ad409e639394ae0b45df35cd from https://github.com/Blady-Com/florist.git
Available when: (case OS is Linux => True, Macos => True, Windows => False, others => False)
Properties:
   Post_Fetch run: ${CRATE_DIR}/./sh configure
   Post_Fetch run: ${CRATE_DIR}/./make gen
   Author: Florida State University (FSU)
   Author: AdaCore
   Description: POSIX Ada Bindings
   License: GPL-3.0-only
   Maintainer: Pascal Pignard <blady.net@orange.fr>
   Maintainers_Logins: Blady-Com
   Name: florist_blady
   Project_File: lib_florist.gpr
   Tag: florist
   Tag: posix
   Tag: bindings
   Version: 6.0.0
   Website: https://github.com/Blady-Com/florist


LOG:
Note: Deploying florist_blady=6.0.0...
Note: Running post_fetch actions for florist_blady=6.0.0...
See file configure.log for results of this step.
checking for gcc... gcc
checking whether the C compiler works... no
configure: error: in `/Users/runner/work/alire-crates-ci/alire-crates-ci/test/4b78e29e-ad85-49a0-8736-52e0563c36ec/florist_blady_6.0.0_3bc476cc':
configure: error: C compiler cannot create executables
See `config.log' for more details
stderr: Command ["sh", "configure"] exited with code 77
stderr: ALIRE.CHECKED_ERROR
stderr: Command ["sh", "configure"] exited with code 77
stderr: raised ALIRE.CHECKED_ERROR : alire-stored-error:1
Load address: 0x1005f2000
Call stack traceback locations:
0x100efa415 0x100bcde83 0x100bd3729 0x100bd4909 0x100bd3d1b 0x100d45299 0x100d45992 0x100d5c873 0x100da8dc1 0x100da781a 0x100d5c9b8 0x100d46346 0x1006621cf 0x10066701c 0x1006ed05c 0x1006f83b8 0x1005f3605 0x1005f6914

stderr: A post-fetch action failed, re-run with -vv -d for details
ERROR: A post-fetch action failed, re-run with -vv -d for details
