Test ran at 2024-07-17 12:26:15.110716+00:00

SOLUTION:
dg_loada=1.4.3: dg_loada loads (restores) legacy DG AOS/VS DUMP_II files
Origin: commit 1f0e0a89a1f6a08b194e60369df16537cd8c8301 from https://github.com/SMerrony/dg_loada.git
Available when: (case OS is Windows => False, others => True)
Properties:
   Author: Stephen Merrony
   Description: dg_loada loads (restores) legacy DG AOS/VS DUMP_II files
   Executable: dg_loada
   License: MIT
   Long_Description: dg_loada loads (restores) backup files created by Data General's AOS/VS DUMP_II, and maybe DUMP_III, files on any modern system supported by GNAT Ada.
   Maintainer: Stephen Merrony <merrony@gmail.com>
   Maintainers_Logins: SMerrony
   Name: dg_loada
   Tag: legacy
   Tag: recovering-data
   Tag: dg
   Tag: data-general
   Tag: aos-vs
   Version: 1.4.3
   Website: https://github.com/SMerrony/dg_loada


LOG:
Note: Deploying dg_loada=1.4.3...
Note: Building dg_loada/dg_loada.gpr...
Setup
   [mkdir]        object directory for project Dg_Loada
   [mkdir]        exec directory for project Dg_Loada
Compile
   [Ada]          dg_loada.adb
dg_loada.adb:3:80: (style) this line is too long
dg_loada.adb:4:80: (style) this line is too long
dg_loada.adb:5:80: (style) this line is too long
dg_loada.adb:6:80: (style) this line is too long
dg_loada.adb:9:80: (style) this line is too long
dg_loada.adb:12:80: (style) this line is too long
dg_loada.adb:13:80: (style) this line is too long
dg_loada.adb:14:80: (style) this line is too long
dg_loada.adb:15:80: (style) this line is too long
dg_loada.adb:71:80: (style) this line is too long
dg_loada.adb:72:80: (style) this line is too long
dg_loada.adb:73:80: (style) this line is too long
dg_loada.adb:74:80: (style) this line is too long
dg_loada.adb:75:80: (style) this line is too long
dg_loada.adb:76:80: (style) this line is too long
dg_loada.adb:77:80: (style) this line is too long
dg_loada.adb:92:80: (style) this line is too long
dg_loada.adb:202:80: (style) this line is too long
dg_loada.adb:209:80: (style) this line is too long
dg_loada.adb:234:80: (style) this line is too long
dg_loada.adb:254:80: (style) this line is too long
dg_loada.adb:260:80: (style) this line is too long
dg_loada.adb:275:80: (style) this line is too long
dg_loada.adb:280:80: (style) this line is too long
dg_loada.adb:289:80: (style) this line is too long
dg_loada.adb:388:80: (style) this line is too long
dg_loada.adb:399:80: (style) this line is too long
dg_loada.adb:418:80: (style) this line is too long
dg_loada.adb:436:80: (style) this line is too long
dg_loada.adb:437:80: (style) this line is too long
   [Ada]          aosvs_dump.adb
aosvs_dump.adb:1:04: (style) space required
aosvs_dump.adb:3:04: (style) space required
aosvs_dump.adb:3:80: (style) this line is too long
aosvs_dump.adb:4:04: (style) space required
aosvs_dump.adb:4:80: (style) this line is too long
aosvs_dump.adb:5:04: (style) space required
aosvs_dump.adb:5:80: (style) this line is too long
aosvs_dump.adb:6:04: (style) space required
aosvs_dump.adb:6:80: (style) this line is too long
aosvs_dump.adb:7:04: (style) space required
aosvs_dump.adb:9:04: (style) space required
aosvs_dump.adb:9:80: (style) this line is too long
aosvs_dump.adb:10:04: (style) space required
aosvs_dump.adb:12:04: (style) space required
aosvs_dump.adb:12:80: (style) this line is too long
aosvs_dump.adb:13:04: (style) space required
aosvs_dump.adb:13:80: (style) this line is too long
aosvs_dump.adb:14:04: (style) space required
aosvs_dump.adb:14:80: (style) this line is too long
aosvs_dump.adb:15:04: (style) space required
aosvs_dump.adb:15:80: (style) this line is too long
aosvs_dump.adb:16:04: (style) space required
aosvs_dump.adb:25:05: (style) bad indentation
aosvs_dump.adb:26:09: (style) bad indentation
aosvs_dump.adb:27:09: (style) bad indentation
aosvs_dump.adb:28:05: (style) bad indentation
aosvs_dump.adb:29:09: (style) bad indentation
aosvs_dump.adb:30:09: (style) bad indentation
aosvs_dump.adb:31:09: (style) bad indentation
aosvs_dump.adb:32:09: (style) bad indentation
aosvs_dump.adb:33:05: (style) bad indentation
aosvs_dump.adb:35:05: (style) bad indentation
aosvs_dump.adb:36:32: (style) trailing spaces not permitted
aosvs_dump.adb:40:09: (style) bad indentation
aosvs_dump.adb:41:09: (style) bad indentation
aosvs_dump.adb:42:05: (style) bad indentation
aosvs_dump.adb:43:80: (style) this line is too long
aosvs_dump.adb:44:09: (style) bad indentation
aosvs_dump.adb:45:09: (style) bad indentation
aosvs_dump.adb:46:05: (style) bad indentation
aosvs_dump.adb:48:05: (style) bad indentation
aosvs_dump.adb:51:09: (style) bad indentation
aosvs_dump.adb:52:09: (style) bad indentation
aosvs_dump.adb:53:05: (style) bad indentation
aosvs_dump.adb:54:09: (style) bad indentation
aosvs_dump.adb:56:09: (style) bad indentation
aosvs_dump.adb:57:09: (style) bad indentation
aosvs_dump.adb:58:09: (style) bad indentation
aosvs_dump.adb:59:09: (style) bad indentation
aosvs_dump.adb:60:09: (style) bad indentation
aosvs_dump.adb:61:05: (style) bad indentation
aosvs_dump.adb:63:05: (style) bad indentation
aosvs_dump.adb:64:09: (style) bad indentation
aosvs_dump.adb:65:05: (style) bad indentation
aosvs_dump.adb:66:09: (style) bad indentation
aosvs_dump.adb:67:09: (style) bad indentation
aosvs_dump.adb:70:80: (style) this line is too long
aosvs_dump.adb:73:09: (style) bad indentation
aosvs_dump.adb:74:09: (style) bad indentation
aosvs_dump.adb:75:09: (style) bad indentation
aosvs_dump.adb:76:09: (style) bad indentation
aosvs_dump.adb:77:09: (style) bad indentation
aosvs_dump.adb:78:09: (style) bad indentation
aosvs_dump.adb:79:09: (style) bad indentation
aosvs_dump.adb:80:09: (style) bad indentation
aosvs_dump.adb:81:09: (style) bad indentation
aosvs_dump.adb:82:05: (style) bad indentation
aosvs_dump.adb:84:05: (style) bad indentation
aosvs_dump.adb:85:09: (style) bad indentation
aosvs_dump.adb:86:05: (style) bad indentation
aosvs_dump.adb:87:09: (style) bad indentation
aosvs_dump.adb:90:09: (style) bad indentation
aosvs_dump.adb:91:09: (style) bad indentation
aosvs_dump.adb:92:05: (style) bad indentation
aosvs_dump.adb:95:05: (style) bad indentation
aosvs_dump.adb:96:09: (style) bad indentation
aosvs_dump.adb:97:05: (style) bad indentation
aosvs_dump.adb:98:09: (style) bad indentation
aosvs_dump.adb:99:09: (style) bad indentation
aosvs_dump.adb:100:12: (style) bad indentation
aosvs_dump.adb:101:15: (style) bad indentation
aosvs_dump.adb:102:13: (style) "end" in wrong column, should be in column 12
aosvs_dump.adb:103:09: (style) bad indentation
aosvs_dump.adb:104:09: (style) bad indentation
aosvs_dump.adb:105:05: (style) bad indentation
aosvs_dump.ads:1:04: (style) space required
aosvs_dump.ads:3:04: (style) space required
aosvs_dump.ads:4:04: (style) space required
aosvs_dump.ads:5:04: (style) space required
aosvs_dump.ads:6:04: (style) space required
aosvs_dump.ads:7:04: (style) space required
aosvs_dump.ads:9:04: (style) space required
aosvs_dump.ads:10:04: (style) space required
aosvs_dump.ads:12:04: (style) space required
aosvs_dump.ads:13:04: (style) space required
aosvs_dump.ads:14:04: (style) space required
aosvs_dump.ads:15:04: (style) space required
aosvs_dump.ads:16:04: (style) space required
aosvs_dump.ads:89:80: (style) this line is too long
aosvs_dump.ads:91:80: (style) this line is too long
aosvs_dump.ads:93:80: (style) this line is too long
Bind
   [gprbind]      dg_loada.bexch
   [Ada]          dg_loada.ali
Link
   [link]         dg_loada.adb
-macosx_version_min has been renamed to -macos_version_min
ld: warning: ignoring duplicate libraries: '-lSystem'
0  0x1003e2f43  __assert_rtn + 64
1  0x1002e4f43  ld::AtomPlacement::findAtom(unsigned char, unsigned long long, ld::AtomPlacement::AtomLoc const*&, long long&) const + 1411
2  0x100301431  ld::InputFiles::SliceParser::parseObjectFile(mach_o::Header const*) const + 19745
3  0x100311b71  ld::InputFiles::parseAllFiles(void (ld::AtomFile const*) block_pointer)::$_7::operator()(unsigned long, ld::FileInfo const&) const + 657
4  0x7ff802ab6def  _dispatch_client_callout2 + 8
5  0x7ff802ac8547  _dispatch_apply_invoke3 + 431
6  0x7ff802ab6dbc  _dispatch_client_callout + 8
7  0x7ff802ab804e  _dispatch_once_callout + 20
8  0x7ff802ac8a9b  _dispatch_apply_invoke_and_wait + 278
9  0x7ff802ac7cf8  _dispatch_apply_with_attr_f + 1225
10  0x7ff802ac7eaf  dispatch_apply + 45
11  0x1003aa972  ld::AtomFileConsolidator::parseFiles(bool) + 370
12  0x100331d67  main + 12263
ld: Assertion failed: (resultIndex < sectData.atoms.size()), function findAtom, file Relocations.cpp, line 1336.
collect2: error: ld returned 1 exit status
gprbuild: link of dg_loada.adb failed
gprbuild: failed command was: /users/runner/.config/alire/cache/dependencies/gnat_native_11.2.4_9800548d/bin/gcc dg_loada.o b__dg_loada.o /Users/runner/work/alire-crates-ci/alire-crates-ci/test/cff20519-6add-42f9-926b-08c9b4400166/dg_loada_1.4.3_1f0e0a89/obj/development/aosvs_dump.o -L/Users/runner/work/alire-crates-ci/alire-crates-ci/test/cff20519-6add-42f9-926b-08c9b4400166/dg_loada_1.4.3_1f0e0a89/obj/development/ -L/Users/runner/work/alire-crates-ci/alire-crates-ci/test/cff20519-6add-42f9-926b-08c9b4400166/dg_loada_1.4.3_1f0e0a89/obj/development/ -L/users/runner/.config/alire/cache/dependencies/gnat_native_11.2.4_9800548d/lib/gcc/x86_64-apple-darwin19.6.0/11.2.0/adalib/ /users/runner/.config/alire/cache/dependencies/gnat_native_11.2.4_9800548d/lib/gcc/x86_64-apple-darwin19.6.0/11.2.0/adalib/libgnarl.a /users/runner/.config/alire/cache/dependencies/gnat_native_11.2.4_9800548d/lib/gcc/x86_64-apple-darwin19.6.0/11.2.0/adalib/libgnat.a -Wl,-rpath,@executable_path/..//obj/development -Wl,-rpath,@executable_path/../../../../../../..//.config/alire/cache/dependencies/gnat_native_11.2.4_9800548d/lib/gcc/x86_64-apple-darwin19.6.0/11.2.0/adalib -o /Users/runner/work/alire-crates-ci/alire-crates-ci/test/cff20519-6add-42f9-926b-08c9b4400166/dg_loada_1.4.3_1f0e0a89/bin//dg_loada
stderr: Command ["gprbuild", "-s", "-j0", "-p", "-P", "/Users/runner/work/alire-crates-ci/alire-crates-ci/test/cff20519-6add-42f9-926b-08c9b4400166/dg_loada_1.4.3_1f0e0a89/dg_loada.gpr"] exited with code 4
ERROR: Command ["gprbuild", "-s", "-j0", "-p", "-P", "/Users/runner/work/alire-crates-ci/alire-crates-ci/test/cff20519-6add-42f9-926b-08c9b4400166/dg_loada_1.4.3_1f0e0a89/dg_loada.gpr"] exited with code 4
stderr: ALIRE.CHECKED_ERROR
stderr: Command ["gprbuild", "-s", "-j0", "-p", "-P", "/Users/runner/work/alire-crates-ci/alire-crates-ci/test/cff20519-6add-42f9-926b-08c9b4400166/dg_loada_1.4.3_1f0e0a89/dg_loada.gpr"] exited with code 4
stderr: raised ALIRE.CHECKED_ERROR : alire-stored-error:1
Load address: 0x1043d5000
Call stack traceback locations:
0x104cdd415 0x1049b0e83 0x104bc3df9 0x104bc4581 0x104b24ac3 0x104b22f99 0x104b3f873 0x104b8bdc1 0x104b8a81a 0x104b3f9b8 0x104b23349 0x1044349c1 0x104445578 0x10444a01c 0x1044d005c 0x1044db3b8 0x1043d6605 0x1043d9914


Warning: dg_loada=1.4.3 successfully retrieved but its build failed.
There are no dependencies.
ERROR: Build ended with errors
