Test ran at 2024-12-09 01:05:23.069557+00:00

SOLUTION:
mage=0.6.1: Mini Ada Game Engine - A very simple game engine written in Ada
Origin: commit e5032cff2299566ec3321653a1e6b0d27f8ea993 from https://gitlab.com/leogermond/mage.git
Properties:
   Author: Leo Germond
   Description: Mini Ada Game Engine - A very simple game engine written in Ada
   License: Apache-2.0
   Maintainer: Leo Germond <germond@adacore.com>
   Maintainers_Logins: leogermond
   Name: mage
   Tag: game
   Tag: engine
   Tag: sdl
   Version: 0.6.1
   Website: www.gitlab.com/leogermond/mage
Dependencies (direct):
   sdlada^2.5.4-1
Dependencies (solution):
   libsdl2=2.30.0
   libsdl2_image=2.8.2
   libsdl2_ttf=2.22.0
   make=4.3.0
   sdlada=2.5.5
Dependencies (graph):
   mage=0.6.1   --> sdlada=2.5.5 (^2.5.4-1)     
   sdlada=2.5.5 --> libsdl2=2.30.0 (^2.0.0)     
   sdlada=2.5.5 --> libsdl2_image=2.8.2 (^2.0.0)
   sdlada=2.5.5 --> libsdl2_ttf=2.22.0 (^2.0.0) 
   sdlada=2.5.5 --> make=4.3.0 (*)              


LOG:
Note: Deploying mage=0.6.1...
Note: Deploying libsdl2=2.30.0...
The system package 'libsdl2-dev' is about to be installed.
This action might require admin privileges and impact your system installation.
Do you want Alire to install this system package?
Using default: Yes
(Reading database ... 
(Reading database ... 5%
(Reading database ... 10%
(Reading database ... 15%
(Reading database ... 20%
(Reading database ... 25%
(Reading database ... 30%
(Reading database ... 35%
(Reading database ... 40%
(Reading database ... 45%
(Reading database ... 50%
(Reading database ... 55%
(Reading database ... 60%
(Reading database ... 65%
(Reading database ... 70%
(Reading database ... 75%
(Reading database ... 80%
(Reading database ... 85%
(Reading database ... 90%
(Reading database ... 95%
(Reading database ... 100%
(Reading database ... 220238 files and directories currently installed.)
Preparing to unpack .../00-libglib2.0-data_2.80.0-6ubuntu3.2_all.deb ...
Unpacking libglib2.0-data (2.80.0-6ubuntu3.2) over (2.80.0-6ubuntu3.1) ...
Preparing to unpack .../01-libglib2.0-bin_2.80.0-6ubuntu3.2_amd64.deb ...
Unpacking libglib2.0-bin (2.80.0-6ubuntu3.2) over (2.80.0-6ubuntu3.1) ...
Preparing to unpack .../02-gir1.2-glib-2.0_2.80.0-6ubuntu3.2_amd64.deb ...
Unpacking gir1.2-glib-2.0:amd64 (2.80.0-6ubuntu3.2) over (2.80.0-6ubuntu3.1) ...
Preparing to unpack .../03-libglib2.0-0t64_2.80.0-6ubuntu3.2_amd64.deb ...
Unpacking libglib2.0-0t64:amd64 (2.80.0-6ubuntu3.2) over (2.80.0-6ubuntu3.1) ...
Selecting previously unselected package libibus-1.0-5:amd64.
Preparing to unpack .../04-libibus-1.0-5_1.5.29-2_amd64.deb ...
Unpacking libibus-1.0-5:amd64 (1.5.29-2) ...
Selecting previously unselected package gir1.2-ibus-1.0:amd64.
Preparing to unpack .../05-gir1.2-ibus-1.0_1.5.29-2_amd64.deb ...
Unpacking gir1.2-ibus-1.0:amd64 (1.5.29-2) ...
Selecting previously unselected package libasound2-dev:amd64.
Preparing to unpack .../06-libasound2-dev_1.2.11-1build2_amd64.deb ...
Unpacking libasound2-dev:amd64 (1.2.11-1build2) ...
Selecting previously unselected package libdbus-1-dev:amd64.
Preparing to unpack .../07-libdbus-1-dev_1.14.10-4ubuntu4.1_amd64.deb ...
Unpacking libdbus-1-dev:amd64 (1.14.10-4ubuntu4.1) ...
Selecting previously unselected package libdecor-0-0:amd64.
Preparing to unpack .../08-libdecor-0-0_0.2.2-1build2_amd64.deb ...
Unpacking libdecor-0-0:amd64 (0.2.2-1build2) ...
Selecting previously unselected package libwayland-bin.
Preparing to unpack .../09-libwayland-bin_1.22.0-2.1build1_amd64.deb ...
Unpacking libwayland-bin (1.22.0-2.1build1) ...
Selecting previously unselected package libwayland-dev:amd64.
Preparing to unpack .../10-libwayland-dev_1.22.0-2.1build1_amd64.deb ...
Unpacking libwayland-dev:amd64 (1.22.0-2.1build1) ...
Selecting previously unselected package libdecor-0-dev:amd64.
Preparing to unpack .../11-libdecor-0-dev_0.2.2-1build2_amd64.deb ...
Unpacking libdecor-0-dev:amd64 (0.2.2-1build2) ...
Selecting previously unselected package libdecor-0-plugin-1-gtk:amd64.
Preparing to unpack .../12-libdecor-0-plugin-1-gtk_0.2.2-1build2_amd64.deb ...
Unpacking libdecor-0-plugin-1-gtk:amd64 (0.2.2-1build2) ...
Selecting previously unselected package libpciaccess-dev:amd64.
Preparing to unpack .../13-libpciaccess-dev_0.17-3build1_amd64.deb ...
Unpacking libpciaccess-dev:amd64 (0.17-3build1) ...
Selecting previously unselected package libdrm-dev:amd64.
Preparing to unpack .../14-libdrm-dev_2.4.120-2build1_amd64.deb ...
Unpacking libdrm-dev:amd64 (2.4.120-2build1) ...
Selecting previously unselected package libegl-mesa0:amd64.
Preparing to unpack .../15-libegl-mesa0_24.0.9-0ubuntu0.2_amd64.deb ...
Unpacking libegl-mesa0:amd64 (24.0.9-0ubuntu0.2) ...
Selecting previously unselected package libegl1:amd64.
Preparing to unpack .../16-libegl1_1.7.0-1build1_amd64.deb ...
Unpacking libegl1:amd64 (1.7.0-1build1) ...
Selecting previously unselected package libegl-dev:amd64.
Preparing to unpack .../17-libegl-dev_1.7.0-1build1_amd64.deb ...
Unpacking libegl-dev:amd64 (1.7.0-1build1) ...
Selecting previously unselected package libgbm-dev:amd64.
Preparing to unpack .../18-libgbm-dev_24.0.9-0ubuntu0.2_amd64.deb ...
Unpacking libgbm-dev:amd64 (24.0.9-0ubuntu0.2) ...
Selecting previously unselected package libgirepository-2.0-0:amd64.
Preparing to unpack .../19-libgirepository-2.0-0_2.80.0-6ubuntu3.2_amd64.deb ...
Unpacking libgirepository-2.0-0:amd64 (2.80.0-6ubuntu3.2) ...
Selecting previously unselected package libgles1:amd64.
Preparing to unpack .../20-libgles1_1.7.0-1build1_amd64.deb ...
Unpacking libgles1:amd64 (1.7.0-1build1) ...
Selecting previously unselected package libgles2:amd64.
Preparing to unpack .../21-libgles2_1.7.0-1build1_amd64.deb ...
Unpacking libgles2:amd64 (1.7.0-1build1) ...
Selecting previously unselected package libgles-dev:amd64.
Preparing to unpack .../22-libgles-dev_1.7.0-1build1_amd64.deb ...
Unpacking libgles-dev:amd64 (1.7.0-1build1) ...
Selecting previously unselected package libglib2.0-dev-bin.
Preparing to unpack .../23-libglib2.0-dev-bin_2.80.0-6ubuntu3.2_amd64.deb ...
Unpacking libglib2.0-dev-bin (2.80.0-6ubuntu3.2) ...
Selecting previously unselected package uuid-dev:amd64.
Preparing to unpack .../24-uuid-dev_2.39.3-9ubuntu6.1_amd64.deb ...
Unpacking uuid-dev:amd64 (2.39.3-9ubuntu6.1) ...
Selecting previously unselected package libblkid-dev:amd64.
Preparing to unpack .../25-libblkid-dev_2.39.3-9ubuntu6.1_amd64.deb ...
Unpacking libblkid-dev:amd64 (2.39.3-9ubuntu6.1) ...
Selecting previously unselected package libsepol-dev:amd64.
Preparing to unpack .../26-libsepol-dev_3.5-2build1_amd64.deb ...
Unpacking libsepol-dev:amd64 (3.5-2build1) ...
Selecting previously unselected package libselinux1-dev:amd64.
Preparing to unpack .../27-libselinux1-dev_3.5-2ubuntu2_amd64.deb ...
Unpacking libselinux1-dev:amd64 (3.5-2ubuntu2) ...
Selecting previously unselected package libmount-dev:amd64.
Preparing to unpack .../28-libmount-dev_2.39.3-9ubuntu6.1_amd64.deb ...
Unpacking libmount-dev:amd64 (2.39.3-9ubuntu6.1) ...
Selecting previously unselected package libglib2.0-dev:amd64.
Preparing to unpack .../29-libglib2.0-dev_2.80.0-6ubuntu3.2_amd64.deb ...
Unpacking libglib2.0-dev:amd64 (2.80.0-6ubuntu3.2) ...
Selecting previously unselected package libibus-1.0-dev:amd64.
Preparing to unpack .../30-libibus-1.0-dev_1.5.29-2_amd64.deb ...
Unpacking libibus-1.0-dev:amd64 (1.5.29-2) ...
Selecting previously unselected package libice-dev:amd64.
Preparing to unpack .../31-libice-dev_2%3a1.0.10-1build3_amd64.deb ...
Unpacking libice-dev:amd64 (2:1.0.10-1build3) ...
Selecting previously unselected package libpulse-mainloop-glib0:amd64.
Preparing to unpack .../32-libpulse-mainloop-glib0_1%3a16.1+dfsg1-2ubuntu10_amd64.deb ...
Unpacking libpulse-mainloop-glib0:amd64 (1:16.1+dfsg1-2ubuntu10) ...
Selecting previously unselected package libpulse-dev:amd64.
Preparing to unpack .../33-libpulse-dev_1%3a16.1+dfsg1-2ubuntu10_amd64.deb ...
Unpacking libpulse-dev:amd64 (1:16.1+dfsg1-2ubuntu10) ...
Selecting previously unselected package libsamplerate0:amd64.
Preparing to unpack .../34-libsamplerate0_0.2.2-4build1_amd64.deb ...
Unpacking libsamplerate0:amd64 (0.2.2-4build1) ...
Selecting previously unselected package libsamplerate0-dev:amd64.
Preparing to unpack .../35-libsamplerate0-dev_0.2.2-4build1_amd64.deb ...
Unpacking libsamplerate0-dev:amd64 (0.2.2-4build1) ...
Selecting previously unselected package libsdl2-2.0-0:amd64.
Preparing to unpack .../36-libsdl2-2.0-0_2.30.0+dfsg-1build3_amd64.deb ...
Unpacking libsdl2-2.0-0:amd64 (2.30.0+dfsg-1build3) ...
Selecting previously unselected package libsndio-dev:amd64.
Preparing to unpack .../37-libsndio-dev_1.9.0-0.3build3_amd64.deb ...
Unpacking libsndio-dev:amd64 (1.9.0-0.3build3) ...
Selecting previously unselected package libudev-dev:amd64.
Preparing to unpack .../38-libudev-dev_255.4-1ubuntu8.4_amd64.deb ...
Unpacking libudev-dev:amd64 (255.4-1ubuntu8.4) ...
Selecting previously unselected package libxrender-dev:amd64.
Preparing to unpack .../39-libxrender-dev_1%3a0.9.10-1.1build1_amd64.deb ...
Unpacking libxrender-dev:amd64 (1:0.9.10-1.1build1) ...
Selecting previously unselected package libxfixes-dev:amd64.
Preparing to unpack .../40-libxfixes-dev_1%3a6.0.0-2build1_amd64.deb ...
Unpacking libxfixes-dev:amd64 (1:6.0.0-2build1) ...
Selecting previously unselected package libxcursor-dev:amd64.
Preparing to unpack .../41-libxcursor-dev_1%3a1.2.1-1build1_amd64.deb ...
Unpacking libxcursor-dev:amd64 (1:1.2.1-1build1) ...
Selecting previously unselected package libxext-dev:amd64.
Preparing to unpack .../42-libxext-dev_2%3a1.3.4-1build2_amd64.deb ...
Unpacking libxext-dev:amd64 (2:1.3.4-1build2) ...
Selecting previously unselected package libxi-dev:amd64.
Preparing to unpack .../43-libxi-dev_2%3a1.8.1-1build1_amd64.deb ...
Unpacking libxi-dev:amd64 (2:1.8.1-1build1) ...
Selecting previously unselected package libxinerama-dev:amd64.
Preparing to unpack .../44-libxinerama-dev_2%3a1.1.4-3build1_amd64.deb ...
Unpacking libxinerama-dev:amd64 (2:1.1.4-3build1) ...
Selecting previously unselected package libxkbcommon-dev:amd64.
Preparing to unpack .../45-libxkbcommon-dev_1.6.0-1build1_amd64.deb ...
Unpacking libxkbcommon-dev:amd64 (1.6.0-1build1) ...
Selecting previously unselected package libxrandr-dev:amd64.
Preparing to unpack .../46-libxrandr-dev_2%3a1.5.2-2build1_amd64.deb ...
Unpacking libxrandr-dev:amd64 (2:1.5.2-2build1) ...
Selecting previously unselected package libxss-dev:amd64.
Preparing to unpack .../47-libxss-dev_1%3a1.2.3-1build3_amd64.deb ...
Unpacking libxss-dev:amd64 (1:1.2.3-1build3) ...
Selecting previously unselected package libsm-dev:amd64.
Preparing to unpack .../48-libsm-dev_2%3a1.2.3-1build3_amd64.deb ...
Unpacking libsm-dev:amd64 (2:1.2.3-1build3) ...
Selecting previously unselected package libxt-dev:amd64.
Preparing to unpack .../49-libxt-dev_1%3a1.2.1-1.2build1_amd64.deb ...
Unpacking libxt-dev:amd64 (1:1.2.1-1.2build1) ...
Selecting previously unselected package libxv1:amd64.
Preparing to unpack .../50-libxv1_2%3a1.0.11-1.1build1_amd64.deb ...
Unpacking libxv1:amd64 (2:1.0.11-1.1build1) ...
Selecting previously unselected package libxv-dev:amd64.
Preparing to unpack .../51-libxv-dev_2%3a1.0.11-1.1build1_amd64.deb ...
Unpacking libxv-dev:amd64 (2:1.0.11-1.1build1) ...
Selecting previously unselected package libxxf86vm-dev:amd64.
Preparing to unpack .../52-libxxf86vm-dev_1%3a1.1.4-1build4_amd64.deb ...
Unpacking libxxf86vm-dev:amd64 (1:1.1.4-1build4) ...
Selecting previously unselected package libsdl2-dev:amd64.
Preparing to unpack .../53-libsdl2-dev_2.30.0+dfsg-1build3_amd64.deb ...
Unpacking libsdl2-dev:amd64 (2.30.0+dfsg-1build3) ...
Setting up libsndio-dev:amd64 (1.9.0-0.3build3) ...
Setting up libpciaccess-dev:amd64 (0.17-3build1) ...
Setting up libice-dev:amd64 (2:1.0.10-1build3) ...
Setting up libsm-dev:amd64 (2:1.2.3-1build3) ...
Setting up libxxf86vm-dev:amd64 (1:1.1.4-1build4) ...
Setting up libxkbcommon-dev:amd64 (1.6.0-1build1) ...
Setting up libgbm-dev:amd64 (24.0.9-0ubuntu0.2) ...
Setting up libxfixes-dev:amd64 (1:6.0.0-2build1) ...
Setting up libwayland-bin (1.22.0-2.1build1) ...
Setting up libglib2.0-0t64:amd64 (2.80.0-6ubuntu3.2) ...
Setting up libegl-mesa0:amd64 (24.0.9-0ubuntu0.2) ...
Setting up libglib2.0-data (2.80.0-6ubuntu3.2) ...
Setting up libgles2:amd64 (1.7.0-1build1) ...
Setting up libdbus-1-dev:amd64 (1.14.10-4ubuntu4.1) ...
Setting up libxt-dev:amd64 (1:1.2.1-1.2build1) ...
Setting up uuid-dev:amd64 (2.39.3-9ubuntu6.1) ...
Setting up libpulse-mainloop-glib0:amd64 (1:16.1+dfsg1-2ubuntu10) ...
Setting up libgles1:amd64 (1.7.0-1build1) ...
Setting up libxv1:amd64 (2:1.0.11-1.1build1) ...
Setting up libudev-dev:amd64 (255.4-1ubuntu8.4) ...
Setting up libsepol-dev:amd64 (3.5-2build1) ...
Setting up gir1.2-glib-2.0:amd64 (2.80.0-6ubuntu3.2) ...
Setting up libxext-dev:amd64 (2:1.3.4-1build2) ...
Setting up libegl1:amd64 (1.7.0-1build1) ...
Setting up libdecor-0-0:amd64 (0.2.2-1build2) ...
Setting up libxi-dev:amd64 (2:1.8.1-1build1) ...
Setting up libasound2-dev:amd64 (1.2.11-1build2) ...
Setting up libsamplerate0:amd64 (0.2.2-4build1) ...
Setting up libxrender-dev:amd64 (1:0.9.10-1.1build1) ...
Setting up libdecor-0-plugin-1-gtk:amd64 (0.2.2-1build2) ...
Setting up libglib2.0-dev-bin (2.80.0-6ubuntu3.2) ...
Setting up libblkid-dev:amd64 (2.39.3-9ubuntu6.1) ...
Setting up libdrm-dev:amd64 (2.4.120-2build1) ...
Setting up libegl-dev:amd64 (1.7.0-1build1) ...
Setting up libgirepository-2.0-0:amd64 (2.80.0-6ubuntu3.2) ...
Setting up libselinux1-dev:amd64 (3.5-2ubuntu2) ...
Setting up libxcursor-dev:amd64 (1:1.2.1-1build1) ...
Setting up libsamplerate0-dev:amd64 (0.2.2-4build1) ...
Setting up libibus-1.0-5:amd64 (1.5.29-2) ...
Setting up libglib2.0-bin (2.80.0-6ubuntu3.2) ...
Setting up libxss-dev:amd64 (1:1.2.3-1build3) ...
Setting up libwayland-dev:amd64 (1.22.0-2.1build1) ...
Setting up libdecor-0-dev:amd64 (0.2.2-1build2) ...
Setting up libxv-dev:amd64 (2:1.0.11-1.1build1) ...
Setting up libxrandr-dev:amd64 (2:1.5.2-2build1) ...
Setting up libxinerama-dev:amd64 (2:1.1.4-3build1) ...
Setting up libgles-dev:amd64 (1.7.0-1build1) ...
Setting up libsdl2-2.0-0:amd64 (2.30.0+dfsg-1build3) ...
Setting up gir1.2-ibus-1.0:amd64 (1.5.29-2) ...
Setting up libmount-dev:amd64 (2.39.3-9ubuntu6.1) ...
Setting up libglib2.0-dev:amd64 (2.80.0-6ubuntu3.2) ...
Setting up libpulse-dev:amd64 (1:16.1+dfsg1-2ubuntu10) ...
Processing triggers for libc-bin (2.39-0ubuntu8.3) ...
Processing triggers for man-db (2.12.0-4build2) ...
Processing triggers for sgml-base (1.31) ...
Setting up libibus-1.0-dev:amd64 (1.5.29-2) ...
Setting up libsdl2-dev:amd64 (2.30.0+dfsg-1build3) ...

Running kernel seems to be up-to-date.

Restarting services...
 systemctl restart fwupd.service php8.3-fpm.service polkit.service udisks2.service

Service restarts being deferred:
 systemctl restart ModemManager.service
 systemctl restart networkd-dispatcher.service
 systemctl restart runner-provisioner.service

No containers need to be restarted.

No user sessions are running outdated binaries.

No VM guests are running outdated hypervisor (qemu) binaries on this host.
Note: Deploying libsdl2_image=2.8.2...
The system package 'libsdl2-image-dev' is about to be installed.
This action might require admin privileges and impact your system installation.
Do you want Alire to install this system package?
Using default: Yes
Selecting previously unselected package libdeflate-dev:amd64.
(Reading database ... 
(Reading database ... 5%
(Reading database ... 10%
(Reading database ... 15%
(Reading database ... 20%
(Reading database ... 25%
(Reading database ... 30%
(Reading database ... 35%
(Reading database ... 40%
(Reading database ... 45%
(Reading database ... 50%
(Reading database ... 55%
(Reading database ... 60%
(Reading database ... 65%
(Reading database ... 70%
(Reading database ... 75%
(Reading database ... 80%
(Reading database ... 85%
(Reading database ... 90%
(Reading database ... 95%
(Reading database ... 100%
(Reading database ... 222364 files and directories currently installed.)
Preparing to unpack .../00-libdeflate-dev_1.19-1build1.1_amd64.deb ...
Unpacking libdeflate-dev:amd64 (1.19-1build1.1) ...
Selecting previously unselected package libjpeg-turbo8-dev:amd64.
Preparing to unpack .../01-libjpeg-turbo8-dev_2.1.5-2ubuntu2_amd64.deb ...
Unpacking libjpeg-turbo8-dev:amd64 (2.1.5-2ubuntu2) ...
Selecting previously unselected package libjpeg8-dev:amd64.
Preparing to unpack .../02-libjpeg8-dev_8c-2ubuntu11_amd64.deb ...
Unpacking libjpeg8-dev:amd64 (8c-2ubuntu11) ...
Selecting previously unselected package libjpeg-dev:amd64.
Preparing to unpack .../03-libjpeg-dev_8c-2ubuntu11_amd64.deb ...
Unpacking libjpeg-dev:amd64 (8c-2ubuntu11) ...
Selecting previously unselected package liblerc-dev:amd64.
Preparing to unpack .../04-liblerc-dev_4.0.0+ds-4ubuntu2_amd64.deb ...
Unpacking liblerc-dev:amd64 (4.0.0+ds-4ubuntu2) ...
Selecting previously unselected package libpng-dev:amd64.
Preparing to unpack .../05-libpng-dev_1.6.43-5build1_amd64.deb ...
Unpacking libpng-dev:amd64 (1.6.43-5build1) ...
Selecting previously unselected package libpng-tools.
Preparing to unpack .../06-libpng-tools_1.6.43-5build1_amd64.deb ...
Unpacking libpng-tools (1.6.43-5build1) ...
Selecting previously unselected package libsdl2-image-2.0-0:amd64.
Preparing to unpack .../07-libsdl2-image-2.0-0_2.8.2+dfsg-1build2_amd64.deb ...
Unpacking libsdl2-image-2.0-0:amd64 (2.8.2+dfsg-1build2) ...
Selecting previously unselected package libjbig-dev:amd64.
Preparing to unpack .../08-libjbig-dev_2.1-6.1ubuntu2_amd64.deb ...
Unpacking libjbig-dev:amd64 (2.1-6.1ubuntu2) ...
Selecting previously unselected package liblzma-dev:amd64.
Preparing to unpack .../09-liblzma-dev_5.6.1+really5.4.5-1build0.1_amd64.deb ...
Unpacking liblzma-dev:amd64 (5.6.1+really5.4.5-1build0.1) ...
Selecting previously unselected package libwebpdecoder3:amd64.
Preparing to unpack .../10-libwebpdecoder3_1.3.2-0.4build3_amd64.deb ...
Unpacking libwebpdecoder3:amd64 (1.3.2-0.4build3) ...
Selecting previously unselected package libsharpyuv-dev:amd64.
Preparing to unpack .../11-libsharpyuv-dev_1.3.2-0.4build3_amd64.deb ...
Unpacking libsharpyuv-dev:amd64 (1.3.2-0.4build3) ...
Selecting previously unselected package libwebp-dev:amd64.
Preparing to unpack .../12-libwebp-dev_1.3.2-0.4build3_amd64.deb ...
Unpacking libwebp-dev:amd64 (1.3.2-0.4build3) ...
Selecting previously unselected package libtiffxx6:amd64.
Preparing to unpack .../13-libtiffxx6_4.5.1+git230720-4ubuntu2.2_amd64.deb ...
Unpacking libtiffxx6:amd64 (4.5.1+git230720-4ubuntu2.2) ...
Selecting previously unselected package libtiff-dev:amd64.
Preparing to unpack .../14-libtiff-dev_4.5.1+git230720-4ubuntu2.2_amd64.deb ...
Unpacking libtiff-dev:amd64 (4.5.1+git230720-4ubuntu2.2) ...
Selecting previously unselected package libsdl2-image-dev:amd64.
Preparing to unpack .../15-libsdl2-image-dev_2.8.2+dfsg-1build2_amd64.deb ...
Unpacking libsdl2-image-dev:amd64 (2.8.2+dfsg-1build2) ...
Setting up libsdl2-image-2.0-0:amd64 (2.8.2+dfsg-1build2) ...
Setting up libjpeg-turbo8-dev:amd64 (2.1.5-2ubuntu2) ...
Setting up libpng-tools (1.6.43-5build1) ...
Setting up libpng-dev:amd64 (1.6.43-5build1) ...
Setting up libjbig-dev:amd64 (2.1-6.1ubuntu2) ...
Setting up libwebpdecoder3:amd64 (1.3.2-0.4build3) ...
Setting up liblerc-dev:amd64 (4.0.0+ds-4ubuntu2) ...
Setting up liblzma-dev:amd64 (5.6.1+really5.4.5-1build0.1) ...
Setting up libjpeg8-dev:amd64 (8c-2ubuntu11) ...
Setting up libsharpyuv-dev:amd64 (1.3.2-0.4build3) ...
Setting up libtiffxx6:amd64 (4.5.1+git230720-4ubuntu2.2) ...
Setting up libdeflate-dev:amd64 (1.19-1build1.1) ...
Setting up libjpeg-dev:amd64 (8c-2ubuntu11) ...
Setting up libwebp-dev:amd64 (1.3.2-0.4build3) ...
Setting up libtiff-dev:amd64 (4.5.1+git230720-4ubuntu2.2) ...
Setting up libsdl2-image-dev:amd64 (2.8.2+dfsg-1build2) ...
Processing triggers for man-db (2.12.0-4build2) ...
Processing triggers for libc-bin (2.39-0ubuntu8.3) ...

Running kernel seems to be up-to-date.

Restarting services...

Service restarts being deferred:
 systemctl restart networkd-dispatcher.service
 systemctl restart runner-provisioner.service

No containers need to be restarted.

No user sessions are running outdated binaries.

No VM guests are running outdated hypervisor (qemu) binaries on this host.
Note: Deploying libsdl2_ttf=2.22.0...
The system package 'libsdl2-ttf-dev' is about to be installed.
This action might require admin privileges and impact your system installation.
Do you want Alire to install this system package?
Using default: Yes
Selecting previously unselected package bzip2-doc.
(Reading database ... 
(Reading database ... 5%
(Reading database ... 10%
(Reading database ... 15%
(Reading database ... 20%
(Reading database ... 25%
(Reading database ... 30%
(Reading database ... 35%
(Reading database ... 40%
(Reading database ... 45%
(Reading database ... 50%
(Reading database ... 55%
(Reading database ... 60%
(Reading database ... 65%
(Reading database ... 70%
(Reading database ... 75%
(Reading database ... 80%
(Reading database ... 85%
(Reading database ... 90%
(Reading database ... 95%
(Reading database ... 100%
(Reading database ... 222641 files and directories currently installed.)
Preparing to unpack .../00-bzip2-doc_1.0.8-5.1build0.1_all.deb ...
Unpacking bzip2-doc (1.0.8-5.1build0.1) ...
Selecting previously unselected package gir1.2-freedesktop:amd64.
Preparing to unpack .../01-gir1.2-freedesktop_1.80.1-1_amd64.deb ...
Unpacking gir1.2-freedesktop:amd64 (1.80.1-1) ...
Selecting previously unselected package gir1.2-glib-2.0-dev:amd64.
Preparing to unpack .../02-gir1.2-glib-2.0-dev_2.80.0-6ubuntu3.2_amd64.deb ...
Unpacking gir1.2-glib-2.0-dev:amd64 (2.80.0-6ubuntu3.2) ...
Selecting previously unselected package gir1.2-freedesktop-dev:amd64.
Preparing to unpack .../03-gir1.2-freedesktop-dev_1.80.1-1_amd64.deb ...
Unpacking gir1.2-freedesktop-dev:amd64 (1.80.1-1) ...
Selecting previously unselected package libharfbuzz-gobject0:amd64.
Preparing to unpack .../04-libharfbuzz-gobject0_8.3.0-2build2_amd64.deb ...
Unpacking libharfbuzz-gobject0:amd64 (8.3.0-2build2) ...
Selecting previously unselected package gir1.2-harfbuzz-0.0:amd64.
Preparing to unpack .../05-gir1.2-harfbuzz-0.0_8.3.0-2build2_amd64.deb ...
Unpacking gir1.2-harfbuzz-0.0:amd64 (8.3.0-2build2) ...
Selecting previously unselected package libbrotli-dev:amd64.
Preparing to unpack .../06-libbrotli-dev_1.1.0-2build2_amd64.deb ...
Unpacking libbrotli-dev:amd64 (1.1.0-2build2) ...
Selecting previously unselected package libbz2-dev:amd64.
Preparing to unpack .../07-libbz2-dev_1.0.8-5.1build0.1_amd64.deb ...
Unpacking libbz2-dev:amd64 (1.0.8-5.1build0.1) ...
Selecting previously unselected package libfreetype-dev:amd64.
Preparing to unpack .../08-libfreetype-dev_2.13.2+dfsg-1build3_amd64.deb ...
Unpacking libfreetype-dev:amd64 (2.13.2+dfsg-1build3) ...
Selecting previously unselected package libgraphite2-dev:amd64.
Preparing to unpack .../09-libgraphite2-dev_1.3.14-2build1_amd64.deb ...
Unpacking libgraphite2-dev:amd64 (1.3.14-2build1) ...
Selecting previously unselected package libharfbuzz-cairo0:amd64.
Preparing to unpack .../10-libharfbuzz-cairo0_8.3.0-2build2_amd64.deb ...
Unpacking libharfbuzz-cairo0:amd64 (8.3.0-2build2) ...
Selecting previously unselected package libharfbuzz-icu0:amd64.
Preparing to unpack .../11-libharfbuzz-icu0_8.3.0-2build2_amd64.deb ...
Unpacking libharfbuzz-icu0:amd64 (8.3.0-2build2) ...
Selecting previously unselected package libharfbuzz-subset0:amd64.
Preparing to unpack .../12-libharfbuzz-subset0_8.3.0-2build2_amd64.deb ...
Unpacking libharfbuzz-subset0:amd64 (8.3.0-2build2) ...
Selecting previously unselected package libharfbuzz-dev:amd64.
Preparing to unpack .../13-libharfbuzz-dev_8.3.0-2build2_amd64.deb ...
Unpacking libharfbuzz-dev:amd64 (8.3.0-2build2) ...
Selecting previously unselected package libsdl2-ttf-2.0-0:amd64.
Preparing to unpack .../14-libsdl2-ttf-2.0-0_2.22.0+dfsg-1_amd64.deb ...
Unpacking libsdl2-ttf-2.0-0:amd64 (2.22.0+dfsg-1) ...
Selecting previously unselected package libsdl2-ttf-dev:amd64.
Preparing to unpack .../15-libsdl2-ttf-dev_2.22.0+dfsg-1_amd64.deb ...
Unpacking libsdl2-ttf-dev:amd64 (2.22.0+dfsg-1) ...
Setting up bzip2-doc (1.0.8-5.1build0.1) ...
Setting up gir1.2-freedesktop:amd64 (1.80.1-1) ...
Setting up libharfbuzz-icu0:amd64 (8.3.0-2build2) ...
Setting up libharfbuzz-gobject0:amd64 (8.3.0-2build2) ...
Setting up gir1.2-harfbuzz-0.0:amd64 (8.3.0-2build2) ...
Setting up libgraphite2-dev:amd64 (1.3.14-2build1) ...
Setting up libharfbuzz-cairo0:amd64 (8.3.0-2build2) ...
Setting up gir1.2-glib-2.0-dev:amd64 (2.80.0-6ubuntu3.2) ...
Setting up libharfbuzz-subset0:amd64 (8.3.0-2build2) ...
Setting up libsdl2-ttf-2.0-0:amd64 (2.22.0+dfsg-1) ...
Setting up libbrotli-dev:amd64 (1.1.0-2build2) ...
Setting up libbz2-dev:amd64 (1.0.8-5.1build0.1) ...
Setting up libfreetype-dev:amd64 (2.13.2+dfsg-1build3) ...
Setting up gir1.2-freedesktop-dev:amd64 (1.80.1-1) ...
Setting up libharfbuzz-dev:amd64 (8.3.0-2build2) ...
Setting up libsdl2-ttf-dev:amd64 (2.22.0+dfsg-1) ...
Processing triggers for libc-bin (2.39-0ubuntu8.3) ...
Processing triggers for install-info (7.1-3build2) ...

Running kernel seems to be up-to-date.

Restarting services...

Service restarts being deferred:
 systemctl restart networkd-dispatcher.service
 systemctl restart runner-provisioner.service

No containers need to be restarted.

No user sessions are running outdated binaries.

No VM guests are running outdated hypervisor (qemu) binaries on this host.
Note: Deploying make=4.3.0...
Note: Deploying sdlada=2.5.5...
Note: Running pre_build actions for sdlada=2.5.5...
make: Entering directory '/home/runner/work/alire-crates-ci/alire-crates-ci/test/f784d381-8786-4bbf-b6b3-4febd3efff7d/mage_0.6.1_e5032cff/alire/cache/dependencies/sdlada_2.5.5_429c594d/build/gnat'
mkdir -p gen/src/
gprbuild -p -gnat2012 -XSDL_MODE=debug -XSDL_PLATFORM=linux \
	-Ptools.gpr
Setup
   [mkdir]        object directory for project Tools
Compile
   [Ada]          gen_keyboard.adb
   [Ada]          scancodes.ads
   [Ada]          utils.adb
Bind
   [gprbind]      gen_keyboard.bexch
   [Ada]          gen_keyboard.ali
Link
   [link]         gen_keyboard.adb
./gen/debug/tools/gen_keyboard > gen/src/sdl-events-keyboards.ads
make: Leaving directory '/home/runner/work/alire-crates-ci/alire-crates-ci/test/f784d381-8786-4bbf-b6b3-4febd3efff7d/mage_0.6.1_e5032cff/alire/cache/dependencies/sdlada_2.5.5_429c594d/build/gnat'
Note: Building mage/mage.gpr...
Setup
   [mkdir]        object directory for project SDLAda
   [mkdir]        object directory for project Mage
   [mkdir]        library directory for project Mage
Compile
   [C]            version_ttf.c
   [C]            version_images.c
   [C]            version.c
   [Ada]          sdl-ttfs-versions.adb
   [Ada]          sdl-ttfs.adb
   [Ada]          sdl-ttfs-makers.adb
   [Ada]          sdl-images.adb
   [Ada]          sdl-images-io.adb
   [Ada]          sdl-images-versions.adb
   [Ada]          sdl-rwops-streams.adb
   [Ada]          sdl-video-surfaces.adb
   [Ada]          sdl-events.ads
   [Ada]          sdl-inputs-joysticks.adb
   [Ada]          sdl-video-windows-makers.adb
sdl-events.ads:31:09: warning: unit "Ada.Unchecked_Conversion" is not referenced [-gnatwu]
   [Ada]          sdl-events-joysticks-game_controllers.adb
   [Ada]          sdl-events-controllers.ads
   [Ada]          sdl-inputs.ads
   [Ada]          sdl-video-windows-manager.adb
   [Ada]          sdl-video-textures.adb
sdl-video-surfaces.ads:31:06: warning: unnecessary with of ancestor [-gnatwr]
sdl-video-surfaces.ads:212:57: warning: aggregate not fully initialized [-gnatwv]
   [Ada]          sdl-video-textures-makers.adb
   [Ada]          sdl-events-windows.ads
   [Ada]          sdl-video-pixel_formats.adb
   [Ada]          sdl-video-renderers.adb
   [Ada]          sdl-events-mice.ads
sdl-video-textures.adb:25:09: warning: unit "Ada.Unchecked_Conversion" is not referenced [-gnatwu]
   [Ada]          sdl-video-rectangles.adb
sdl-video-rectangles.adb:23:09: warning: unit "Ada.Unchecked_Conversion" is not referenced [-gnatwu]
   [Ada]          sdl-video-renderers-makers.adb
   [Ada]          sdl-video.adb
sdl-video-pixel_formats.ads:28:09: warning: unit "Ada.Unchecked_Conversion" is not referenced [-gnatwu]
   [Ada]          sdl-events-keyboards.adb
   [Ada]          sdl-inputs-mice.adb
   [Ada]          sdl-inputs-joysticks-game_controllers.adb
   [Ada]          sdl-video-gl.adb
   [Ada]          sdl-c_pointers.ads
   [Ada]          sdl-events-touches.ads
   [Ada]          sdl-inputs-joysticks-makers.adb
   [Ada]          sdl-video-palettes.adb
   [Ada]          sdl-events-events.adb
   [Ada]          sdl.adb
   [Ada]          sdl-events-joysticks.adb
sdl-video-gl.adb:49:07: warning: literal "Attribute_Retained_Backing" is not referenced [-gnatwu]
   [Ada]          sdl-versions.adb
   [Ada]          sdl-log.adb
   [Ada]          sdl-clipboard.adb
sdl-video-palettes.ads:59:42: warning: 8 bits of "RGB_Colour" unused [enabled by default]
   [Ada]          sdl-video-displays.adb
   [Ada]          sdl-rwops.adb
   [Ada]          sdl-inputs-keyboards.adb
sdl-video-displays.adb:24:06: warning: unnecessary with of ancestor [-gnatwr]
   [Ada]          sdl-hints.adb
sdl-clipboard.adb:24:06: warning: unnecessary with of ancestor [-gnatwr]
   [Ada]          sdl-cpus.adb
   [Ada]          sdl-events-files.ads
   [Ada]          sdl-timers.ads
   [Ada]          sdl-inputs-joysticks-game_controllers-makers.adb
   [Ada]          sdl-video-windows.adb
   [Ada]          sdl-inputs-mice-cursors.adb
   [Ada]          sdl-video-pixels.ads
   [Ada]          sdl-error.adb
   [Ada]          sdl-video-surfaces-makers.adb
   [Ada]          sdl-power.adb
sdl-video-pixels.ads:78:12: warning: type "Element_Array_2D" is not referenced [-gnatwu]
   [Ada]          sdl-libraries.adb
   [Ada]          sdl-platform.adb
   [Ada]          mage_config.ads
   [Ada]          mage-input.adb
   [Ada]          mage.adb
   [Ada]          mage-draw.adb
   [Ada]          mage-apps-simple_loop.adb
   [Ada]          mage-apps.ads
   [Ada]          mage-model.ads
   [Ada]          mage-log.adb
   [Ada]          mage-event.adb
   [Ada]          mage_config-hardware.No.ads
Build Libraries
   [gprlib]       sdlada.lexch
   [gprlib]       Mage.lexch
   [archive]      libsdlada.a
   [index]        libsdlada.a
   [archive]      libMage.a
   [index]        libMage.a
Build finished successfully in 7.52 seconds.

mage=0.6.1 successfully retrieved and built.
Dependencies were solved as follows:

   + libsdl2       2.30.0 (new,indirect)
   + libsdl2_image 2.8.2  (new,indirect)
   + libsdl2_ttf   2.22.0 (new,indirect)
   + make          4.3.0  (new,indirect)
   + sdlada        2.5.5  (new)         
Found declared GPR file: mage.gpr
