Test ran at 2024-05-01 12:29:47.110127+00:00

SOLUTION:
ajunitgen=1.0.1: Generator of JUnit-compatible XML reports
Origin: commit 080ca96388e12dd7b5863463acbad3dc862e06ee from https://github.com/mosteo/ajunitgen.git
Properties:
   Author: Alejandro R. Mosteo
   Description: Generator of JUnit-compatible XML reports
   License: LGPL-3.0-only
   Maintainer: alejandro@mosteo.com
   Maintainers_Logins: mosteo
   Name: ajunitgen
   Tag: junit
   Tag: xml
   Version: 1.0.1
Dependencies (direct):
   xml_ez_out^1.6
Dependencies (solution):
   xml_ez_out=1.6.0
Dependencies (graph):
   ajunitgen=1.0.1 --> xml_ez_out=1.6.0 (^1.6)


LOG:
Note: Deploying ajunitgen=1.0.1...
Note: Deploying xml_ez_out=1.6.0...
#=#=#                                                                         
##O#-#                                                                        
##O=#  #                                                                      
#=#=-#  #                                                                     
Note: Building xml_ez_out/xml_ez_out.gpr...
Compile
   [Ada]          tmeztf.adb
   [Ada]          mckae.ads
   [Ada]          mckae-xml.ads
   [Ada]          mckae-xml-ez_out.ads
   [Ada]          mckae-xml-ez_out-generic_medium.adb
   [Ada]          mckae-xml-ez_out-string_stream.adb
   [Ada]          mckae-xml-ez_out-text_file.ads
Bind
   [gprbind]      tmeztf.bexch
   [Ada]          tmeztf.ali
Link
   [link]         tmeztf.adb
-macosx_version_min has been renamed to -macos_version_min
ld: warning: ignoring duplicate libraries: '-lSystem'
0  0x102762f43  __assert_rtn + 64
1  0x102664f43  ld::AtomPlacement::findAtom(unsigned char, unsigned long long, ld::AtomPlacement::AtomLoc const*&, long long&) const + 1411
2  0x102681431  ld::InputFiles::SliceParser::parseObjectFile(mach_o::Header const*) const + 19745
3  0x102691b71  ld::InputFiles::parseAllFiles(void (ld::AtomFile const*) block_pointer)::$_7::operator()(unsigned long, ld::FileInfo const&) const + 657
4  0x7ff80c44adef  _dispatch_client_callout2 + 8
5  0x7ff80c45c547  _dispatch_apply_invoke3 + 431
6  0x7ff80c44adbc  _dispatch_client_callout + 8
7  0x7ff80c44c04e  _dispatch_once_callout + 20
8  0x7ff80c45ca9b  _dispatch_apply_invoke_and_wait + 278
9  0x7ff80c45bcf8  _dispatch_apply_with_attr_f + 1225
10  0x7ff80c45beaf  dispatch_apply + 45
11  0x10272a972  ld::AtomFileConsolidator::parseFiles(bool) + 370
12  0x1026b1d67  main + 12263
ld: Assertion failed: (resultIndex < sectData.atoms.size()), function findAtom, file Relocations.cpp, line 1336.
collect2: error: ld returned 1 exit status
gprbuild: link of tmeztf.adb failed
gprbuild: failed command was: /users/runner/.config/alire/cache/dependencies/gnat_native_10.3.2_e112fd3f/bin/gcc tmeztf.o b__tmeztf.o /Users/runner/work/alire-crates-ci/alire-crates-ci/test/1b08e3fa-89be-4b86-9e88-29ac37315413/ajunitgen_1.0.1_080ca963/alire/cache/dependencies/xml_ez_out_1.6.0_c90d08dc/mckae.o /Users/runner/work/alire-crates-ci/alire-crates-ci/test/1b08e3fa-89be-4b86-9e88-29ac37315413/ajunitgen_1.0.1_080ca963/alire/cache/dependencies/xml_ez_out_1.6.0_c90d08dc/mckae-xml.o /Users/runner/work/alire-crates-ci/alire-crates-ci/test/1b08e3fa-89be-4b86-9e88-29ac37315413/ajunitgen_1.0.1_080ca963/alire/cache/dependencies/xml_ez_out_1.6.0_c90d08dc/mckae-xml-ez_out.o /Users/runner/work/alire-crates-ci/alire-crates-ci/test/1b08e3fa-89be-4b86-9e88-29ac37315413/ajunitgen_1.0.1_080ca963/alire/cache/dependencies/xml_ez_out_1.6.0_c90d08dc/mckae-xml-ez_out-generic_medium.o /Users/runner/work/alire-crates-ci/alire-crates-ci/test/1b08e3fa-89be-4b86-9e88-29ac37315413/ajunitgen_1.0.1_080ca963/alire/cache/dependencies/xml_ez_out_1.6.0_c90d08dc/mckae-xml-ez_out-string_stream.o /Users/runner/work/alire-crates-ci/alire-crates-ci/test/1b08e3fa-89be-4b86-9e88-29ac37315413/ajunitgen_1.0.1_080ca963/alire/cache/dependencies/xml_ez_out_1.6.0_c90d08dc/mckae-xml-ez_out-text_file.o -L/Users/runner/work/alire-crates-ci/alire-crates-ci/test/1b08e3fa-89be-4b86-9e88-29ac37315413/ajunitgen_1.0.1_080ca963/alire/cache/dependencies/xml_ez_out_1.6.0_c90d08dc/ -L/Users/runner/work/alire-crates-ci/alire-crates-ci/test/1b08e3fa-89be-4b86-9e88-29ac37315413/ajunitgen_1.0.1_080ca963/alire/cache/dependencies/xml_ez_out_1.6.0_c90d08dc/ -L/users/runner/.config/alire/cache/dependencies/gnat_native_10.3.2_e112fd3f/lib/gcc/x86_64-apple-darwin19.6.0/10.3.0/adalib/ /users/runner/.config/alire/cache/dependencies/gnat_native_10.3.2_e112fd3f/lib/gcc/x86_64-apple-darwin19.6.0/10.3.0/adalib/libgnat.a -Wl,-rpath,@executable_path/ -Wl,-rpath,@executable_path/../../../../../../../../../..//.config/alire/cache/dependencies/gnat_native_10.3.2_e112fd3f/lib/gcc/x86_64-apple-darwin19.6.0/10.3.0/adalib -o tmeztf
stderr: Command ["gprbuild", "-s", "-j0", "-p", "-P", "/Users/runner/work/alire-crates-ci/alire-crates-ci/test/1b08e3fa-89be-4b86-9e88-29ac37315413/ajunitgen_1.0.1_080ca963/alire/cache/dependencies/xml_ez_out_1.6.0_c90d08dc/xml_ez_out.gpr"] exited with code 4
ERROR: Command ["gprbuild", "-s", "-j0", "-p", "-P", "/Users/runner/work/alire-crates-ci/alire-crates-ci/test/1b08e3fa-89be-4b86-9e88-29ac37315413/ajunitgen_1.0.1_080ca963/alire/cache/dependencies/xml_ez_out_1.6.0_c90d08dc/xml_ez_out.gpr"] exited with code 4
stderr: ALIRE.CHECKED_ERROR
stderr: Command ["gprbuild", "-s", "-j0", "-p", "-P", "/Users/runner/work/alire-crates-ci/alire-crates-ci/test/1b08e3fa-89be-4b86-9e88-29ac37315413/ajunitgen_1.0.1_080ca963/alire/cache/dependencies/xml_ez_out_1.6.0_c90d08dc/xml_ez_out.gpr"] exited with code 4
stderr: raised ALIRE.CHECKED_ERROR : alire-stored-error:1
Load address: 0x102316000
Call stack traceback locations:
0x102c1e415 0x1028f1e83 0x102b04df9 0x102b05581 0x102a65ac3 0x102a63f99 0x102a80873 0x102accdc1 0x102acb3c2 0x102a809b8 0x102a64349 0x1023759c1 0x102386578 0x10238b01c 0x10241105c 0x10241c3b8 0x102317605 0x10231a914


Warning: ajunitgen=1.0.1 successfully retrieved but its build failed.
Dependencies were solved as follows:

   + xml_ez_out 1.6.0 (new)
ERROR: Build ended with errors
