Test ran at 2024-03-22 01:11:39.472386+00:00

SOLUTION:
dummyserver=1.0.0: DummyServer is a terminal program that serves dummy content
Origin: commit 9a6e8708b748fc1f16b8fdd69c3944ae4e7ebcb3 from https://github.com/bracke/dummyserver.git
Properties:
   Author: Bent Bracke
   Description: DummyServer is a terminal program that serves dummy content
   Executable: dummyserver
   License: CC0-1.0
   Long_Description: DummyServer is a terminal program that serves dummy content (resources). These resources are defined in a single JSON configuration and configuration is thus very simple and fast. The prime purpose of DummyServer is to serve content to test client applications.
   Maintainer: Bent Bracke <bent@bracke.dk>
   Maintainers_Logins: bracke
   Name: dummyserver
   Tag: http
   Tag: server
   Tag: test
   Tag: terminal
   Tag: console
   Version: 1.0.0
   Website: https://github.com/bracke/dummyserver
Dependencies (direct):
   json^5.0.3
Dependencies (solution):
   json=5.0.3
Dependencies (graph):
   dummyserver=1.0.0 --> json=5.0.3 (^5.0.3)


LOG:
Spawning: alr -d -n get --build dummyserver=1.0.0
Note: Deploying dummyserver=1.0.0...
Note: Building json=5.0.3/json.gpr (1/2)...
Note: Building json=5.0.3/json_pretty_print.gpr (2/2)...
gprbuild: "pretty_print" up to date
Note: Building dummyserver=1.0.0/dummyserver.gpr...
Setup
   [mkdir]        object directory for project Dummyserver
   [mkdir]        exec directory for project Dummyserver
Compile
   [Ada]          dummyserver.adb
   [Ada]          configuration.adb
   [Ada]          server.adb
   [Ada]          black.ads
   [Ada]          black-request.adb
   [Ada]          black-response.adb
   [Ada]          gnat-sockets-convenience.adb
   [Ada]          black-parsing.adb
   [Ada]          black-text_io.adb
   [Ada]          black-http.adb
   [Ada]          black-mime_types.ads
   [Ada]          url_utilities.adb
   [Ada]          black-optional_http_method.ads
   [Ada]          black-optional_natural.ads
   [Ada]          black-optional_string.ads
   [Ada]          black-parameter.ads
   [Ada]          black-parameter-vectors.ads
   [Ada]          black-generic_optional.adb
   [Ada]          hex_utilities.adb
Bind
   [gprbind]      dummyserver.bexch
   [Ada]          dummyserver.ali
Link
   [link]         dummyserver.adb

dummyserver=1.0.0 successfully retrieved and built.
Dependencies were solved as follows:

   + json 5.0.3 (new)
Found declared GPR file: dummyserver.gpr
FAIL: Declared executable not found after compilation: dummyserver
