Test ran at 2022-09-24 13:07:00.958051+00:00

SOLUTION:
matreshka_sql_postgresql=21.0.0: PostgreSQL binding for Ada
Origin: commit 8a4efceaaf37b1a2247ce8d07f44186e4c683afe from https://github.com/reznikmm/matreshka-alire
Available when: (case OS is Windows => False, others => True)
Properties:
   Author: Vadim Godunko
   Description: PostgreSQL binding for Ada
   License: BSD-3-Clause
   Maintainer: Vadim Godunko <vgodunko@gmail.com>
   Maintainer: Maxim Reznik <reznikmm@gmail.com>
   Maintainers_Logins: godunko
   Maintainers_Logins: reznikmm
   Name: matreshka_sql_postgresql
   Project_File: build_matreshka_sql_postgresql.gpr
   Tag: sql
   Tag: database
   Tag: db
   Tag: postgresql
   Version: 21.0.0
   Website: https://forge.ada-ru.org/matreshka
Dependencies (direct):
   libpq*
   matreshka_league21.0.0
warning: Index 'community' version (1.2.0) is older than the newest supported by alr (1.2.1)
warning: You can disable this warning with configuration key 'warning.old_index'
Note: If you experience any problems loading this index, you may need to reset the community index with 'alr index --reset-community'. Note that this operation will delete any local changes to the community index.
Dependencies (solution):
   make=4.2.1
   matreshka_league=21.0.0
Dependencies (external):
   libpq* (direct,hinted)
Dependencies (graph):
   matreshka_league=21.0.0         --> make=4.2.1 (*)                  
   matreshka_sql_postgresql=21.0.0 --> libpq*                          
   matreshka_sql_postgresql=21.0.0 --> matreshka_league=21.0.0 (21.0.0)
Dependencies cannot be met


LOG:
