Test ran at 2025-02-04 00:35:01.399679+00:00

SOLUTION:
servletada_aws=1.6.0: Web Servlet Library following JSR 154, JSR 315 (AWS)
Origin: commit 8de84568f8322a5f58a4bf454f61fb23fb83f885 from https://gitlab.com/stcarrez/ada-servlet.git
Properties:
   Author: Stephane.Carrez@gmail.com
   Configuration: no modifiers
   Description: Web Servlet Library following JSR 154, JSR 315 (AWS)
   GPR Scenario: BUILD := distrib | debug | optimize | profile | coverage
   GPR Scenario: SERVLET_LIBRARY_TYPE := relocatable | static | static-pic
   License: Apache-2.0
   Long_Description: [![Build Status](https://img.shields.io/jenkins/s/http/jenkins.vacs.fr/Ada-Servlet.svg)](https://jenkins.vacs.fr/job/Ada-Servlet/)
[![Test Status](https://img.shields.io/jenkins/t/http/jenkins.vacs.fr/Ada-Servlet.svg)](https://jenkins.vacs.fr/job/Ada-Servlet/)
[![codecov](https://codecov.io/gh/stcarrez/ada-servlet/branch/master/graph/badge.svg)](https://codecov.io/gh/stcarrez/ada-servlet)

Ada Servlet allows to create web applications using the same pattern
as the Java Servlet (See JSR 154, JSR 315). 

This library integrates the Ada Servlet in the Ada Web Server.


   Maintainer: Stephane.Carrez@gmail.com
   Maintainers_Logins: stcarrez
   Name: servletada_aws
   Project_File: .alire/aws/servletada_aws.gpr
   Tag: web
   Tag: servlet
   Tag: http
   Tag: json
   Version: 1.6.0
   Website: https://gitlab.com/stcarrez/ada-servlet
Dependencies (direct):
   servletada^1.6.0
   utilada_aws^2.5.0
Dependencies (solution):
   aws=21.0.0
   elada=1.8.5
   gnat=12.2.1 (gnat_native) (installed)
   make=3.81.0
   security=1.4.1
   servletada=1.6.0
   utilada=2.5.0
   utilada_aws=2.5.0
   utilada_xml=2.5.0
   xmlada=21.0.0
Dependencies (external):
   openssl* (indirect,hinted)
Dependencies (graph):
   aws=21.0.0           --> gnat=12.2.1 (gnat_native) (>=9)
   aws=21.0.0           --> make=3.81.0 (*)                
   aws=21.0.0           --> openssl*                       
   aws=21.0.0           --> xmlada=21.0.0 (~21.0.0)        
   elada=1.8.5          --> utilada=2.5.0 (^2.5.0)         
   security=1.4.1       --> utilada=2.5.0 (^2.5.0)         
   security=1.4.1       --> utilada_xml=2.5.0 (^2.5.0)     
   servletada=1.6.0     --> elada=1.8.5 (^1.8.5)           
   servletada=1.6.0     --> security=1.4.1 (^1.4.1)        
   servletada=1.6.0     --> utilada=2.5.0 (^2.5.0)         
   servletada_aws=1.6.0 --> servletada=1.6.0 (^1.6.0)      
   servletada_aws=1.6.0 --> utilada_aws=2.5.0 (^2.5.0)     
   utilada_aws=2.5.0    --> aws=21.0.0 (~21.0)             
   utilada_aws=2.5.0    --> utilada=2.5.0 (^2.5.0)         
   utilada_xml=2.5.0    --> utilada=2.5.0 (^2.5.0)         
   utilada_xml=2.5.0    --> xmlada=21.0.0 (*)              
Dependencies cannot be met


LOG:
