Test ran at 2024-07-02 01:33:17.837465+00:00

SOLUTION:
aflex=1.5.2021: An Ada Lexical Analyzer Generator
Origin: commit 33198b8fef131732d44279e7dd7fb24535cdb18f from https://github.com/Ada-France/aflex.git
Properties:
   Author: John Self
   Configuration: no modifiers
   Description: An Ada Lexical Analyzer Generator
   Executable: aflex
   GPR Scenario: AFLEX_BUILD := distrib | debug | optimize | profile | coverage
   License: Unlicense
   Long_Description: Aflex is a lexical analyzer generating tool similar to the Unix tool lex.

The first implementation was written by John Self of the Arcadia project
at the University of California, Irvine.  The last version that was released
appeared to be the aflex 1.4a released in 1994.

Aflex was used and improved by P2Ada, the Pascal to Ada translator.
This version of Aflex is derived from the P2Ada aflex implementation
released in August 2010.

This version brings a number of improvements:

- Aflex generates the spec and body files as separate files so that
  there is no need to use gnatchop to split the DFA and IO files.
- Aflex uses the lex file name to generate the package name and
  it supports child package with the `%unit` directive.


   Maintainer: Stephane.Carrez@gmail.com
   Maintainers_Logins: stcarrez
   Name: aflex
   Tag: parser
   Tag: generator
   Tag: grammar
   Version: 1.5.2021
   Website: https://github.com/Ada-France/aflex


LOG:
Note: Deploying aflex=1.5.2021...
Note: Building aflex/aflex.gpr...
Setup
   [mkdir]        object directory for project aflex
   [mkdir]        exec directory for project aflex
Compile
   [Ada]          aflex.adb
   [Ada]          dfa.adb
   [Ada]          gen.adb
   [Ada]          main_body.adb
   [Ada]          misc.adb
   [Ada]          misc_defs.adb
   [Ada]          template_manager.adb
   [Ada]          int_io.ads
   [Ada]          parse_tokens.ads
   [Ada]          scanner.adb
   [Ada]          skeleton_manager.adb
   [Ada]          tstring.ads
   [Ada]          command_line_interface.adb
   [Ada]          ecs.adb
   [Ada]          external_file_manager.adb
   [Ada]          parser.adb
   [Ada]          ccl.adb
   [Ada]          nfa.adb
   [Ada]          tblcmp.adb
   [Ada]          file_string.ads
   [Ada]          ascan_dfa.adb
   [Ada]          ascan_io.adb
   [Ada]          sym.adb
   [Ada]          vstrings.adb
   [Ada]          aflex_scanner.adb
   [Ada]          parse_goto.ads
   [Ada]          parse_shift_reduce.ads
Bind
   [gprbind]      aflex.bexch
   [Ada]          aflex.ali
Link
   [link]         aflex.adb
-macosx_version_min has been renamed to -macos_version_min
ld: warning: -s is obsolete
ld: warning: ignoring duplicate libraries: '-lSystem'
0  0x104871f43  __assert_rtn + 64
1  0x104773f43  ld::AtomPlacement::findAtom(unsigned char, unsigned long long, ld::AtomPlacement::AtomLoc const*&, long long&) const + 1411
2  0x104790431  ld::InputFiles::SliceParser::parseObjectFile(mach_o::Header const*) const + 19745
3  0x1047a0b71  ld::InputFiles::parseAllFiles(void (ld::AtomFile const*) block_pointer)::$_7::operator()(unsigned long, ld::FileInfo const&) const + 657
4  0x7ff814dcedef  _dispatch_client_callout2 + 8
5  0x7ff814de0547  _dispatch_apply_invoke3 + 431
6  0x7ff814dcedbc  _dispatch_client_callout + 8
7  0x7ff814dd004e  _dispatch_once_callout + 20
8  0x7ff814de0a9b  _dispatch_apply_invoke_and_wait + 278
9  0x7ff814ddfcf8  _dispatch_apply_with_attr_f + 1225
10  0x7ff814ddfeaf  dispatch_apply + 45
11  0x104839972  ld::AtomFileConsolidator::parseFiles(bool) + 370
12  0x1047c0d67  main + 12263
ld: Assertion failed: (resultIndex < sectData.atoms.size()), function findAtom, file Relocations.cpp, line 1336.
collect2: error: ld returned 1 exit status
gprbuild: link of aflex.adb failed
gprbuild: failed command was: /users/runner/.config/alire/cache/dependencies/gnat_native_10.3.2_e112fd3f/bin/gcc aflex.o b__aflex.o /Users/runner/work/alire-crates-ci/alire-crates-ci/test/9264f48b-05d6-4592-acba-1e63fe0de6eb/aflex_1.5.2021_33198b8f/obj/ascan_dfa.o /Users/runner/work/alire-crates-ci/alire-crates-ci/test/9264f48b-05d6-4592-acba-1e63fe0de6eb/aflex_1.5.2021_33198b8f/obj/ascan_io.o /Users/runner/work/alire-crates-ci/alire-crates-ci/test/9264f48b-05d6-4592-acba-1e63fe0de6eb/aflex_1.5.2021_33198b8f/obj/int_io.o /Users/runner/work/alire-crates-ci/alire-crates-ci/test/9264f48b-05d6-4592-acba-1e63fe0de6eb/aflex_1.5.2021_33198b8f/obj/parse_goto.o /Users/runner/work/alire-crates-ci/alire-crates-ci/test/9264f48b-05d6-4592-acba-1e63fe0de6eb/aflex_1.5.2021_33198b8f/obj/parse_shift_reduce.o /Users/runner/work/alire-crates-ci/alire-crates-ci/test/9264f48b-05d6-4592-acba-1e63fe0de6eb/aflex_1.5.2021_33198b8f/obj/parse_tokens.o /Users/runner/work/alire-crates-ci/alire-crates-ci/test/9264f48b-05d6-4592-acba-1e63fe0de6eb/aflex_1.5.2021_33198b8f/obj/vstrings.o /Users/runner/work/alire-crates-ci/alire-crates-ci/test/9264f48b-05d6-4592-acba-1e63fe0de6eb/aflex_1.5.2021_33198b8f/obj/file_string.o /Users/runner/work/alire-crates-ci/alire-crates-ci/test/9264f48b-05d6-4592-acba-1e63fe0de6eb/aflex_1.5.2021_33198b8f/obj/tstring.o /Users/runner/work/alire-crates-ci/alire-crates-ci/test/9264f48b-05d6-4592-acba-1e63fe0de6eb/aflex_1.5.2021_33198b8f/obj/command_line_interface.o /Users/runner/work/alire-crates-ci/alire-crates-ci/test/9264f48b-05d6-4592-acba-1e63fe0de6eb/aflex_1.5.2021_33198b8f/obj/misc_defs.o /Users/runner/work/alire-crates-ci/alire-crates-ci/test/9264f48b-05d6-4592-acba-1e63fe0de6eb/aflex_1.5.2021_33198b8f/obj/skeleton_manager.o /Users/runner/work/alire-crates-ci/alire-crates-ci/test/9264f48b-05d6-4592-acba-1e63fe0de6eb/aflex_1.5.2021_33198b8f/obj/misc.o /Users/runner/work/alire-crates-ci/alire-crates-ci/test/9264f48b-05d6-4592-acba-1e63fe0de6eb/aflex_1.5.2021_33198b8f/obj/ccl.o /Users/runner/work/alire-crates-ci/alire-crates-ci/test/9264f48b-05d6-4592-acba-1e63fe0de6eb/aflex_1.5.2021_33198b8f/obj/ecs.o /Users/runner/work/alire-crates-ci/alire-crates-ci/test/9264f48b-05d6-4592-acba-1e63fe0de6eb/aflex_1.5.2021_33198b8f/obj/external_file_manager.o /Users/runner/work/alire-crates-ci/alire-crates-ci/test/9264f48b-05d6-4592-acba-1e63fe0de6eb/aflex_1.5.2021_33198b8f/obj/nfa.o /Users/runner/work/alire-crates-ci/alire-crates-ci/test/9264f48b-05d6-4592-acba-1e63fe0de6eb/aflex_1.5.2021_33198b8f/obj/main_body.o /Users/runner/work/alire-crates-ci/alire-crates-ci/test/9264f48b-05d6-4592-acba-1e63fe0de6eb/aflex_1.5.2021_33198b8f/obj/aflex_scanner.o /Users/runner/work/alire-crates-ci/alire-crates-ci/test/9264f48b-05d6-4592-acba-1e63fe0de6eb/aflex_1.5.2021_33198b8f/obj/sym.o /Users/runner/work/alire-crates-ci/alire-crates-ci/test/9264f48b-05d6-4592-acba-1e63fe0de6eb/aflex_1.5.2021_33198b8f/obj/parser.o /Users/runner/work/alire-crates-ci/alire-crates-ci/test/9264f48b-05d6-4592-acba-1e63fe0de6eb/aflex_1.5.2021_33198b8f/obj/scanner.o /Users/runner/work/alire-crates-ci/alire-crates-ci/test/9264f48b-05d6-4592-acba-1e63fe0de6eb/aflex_1.5.2021_33198b8f/obj/gen.o /Users/runner/work/alire-crates-ci/alire-crates-ci/test/9264f48b-05d6-4592-acba-1e63fe0de6eb/aflex_1.5.2021_33198b8f/obj/tblcmp.o /Users/runner/work/alire-crates-ci/alire-crates-ci/test/9264f48b-05d6-4592-acba-1e63fe0de6eb/aflex_1.5.2021_33198b8f/obj/dfa.o /Users/runner/work/alire-crates-ci/alire-crates-ci/test/9264f48b-05d6-4592-acba-1e63fe0de6eb/aflex_1.5.2021_33198b8f/obj/template_manager.o -s -L/Users/runner/work/alire-crates-ci/alire-crates-ci/test/9264f48b-05d6-4592-acba-1e63fe0de6eb/aflex_1.5.2021_33198b8f/obj/ -L/Users/runner/work/alire-crates-ci/alire-crates-ci/test/9264f48b-05d6-4592-acba-1e63fe0de6eb/aflex_1.5.2021_33198b8f/obj/ -L/users/runner/.config/alire/cache/dependencies/gnat_native_10.3.2_e112fd3f/lib/gcc/x86_64-apple-darwin19.6.0/10.3.0/adalib/ /users/runner/.config/alire/cache/dependencies/gnat_native_10.3.2_e112fd3f/lib/gcc/x86_64-apple-darwin19.6.0/10.3.0/adalib/libgnat.a -Wl,-rpath,@executable_path/..//obj -Wl,-rpath,@executable_path/../../../../../../..//.config/alire/cache/dependencies/gnat_native_10.3.2_e112fd3f/lib/gcc/x86_64-apple-darwin19.6.0/10.3.0/adalib -o /Users/runner/work/alire-crates-ci/alire-crates-ci/test/9264f48b-05d6-4592-acba-1e63fe0de6eb/aflex_1.5.2021_33198b8f/bin//aflex
stderr: Command ["gprbuild", "-s", "-j0", "-p", "-P", "/Users/runner/work/alire-crates-ci/alire-crates-ci/test/9264f48b-05d6-4592-acba-1e63fe0de6eb/aflex_1.5.2021_33198b8f/aflex.gpr"] exited with code 4
ERROR: Command ["gprbuild", "-s", "-j0", "-p", "-P", "/Users/runner/work/alire-crates-ci/alire-crates-ci/test/9264f48b-05d6-4592-acba-1e63fe0de6eb/aflex_1.5.2021_33198b8f/aflex.gpr"] exited with code 4
stderr: ALIRE.CHECKED_ERROR
stderr: Command ["gprbuild", "-s", "-j0", "-p", "-P", "/Users/runner/work/alire-crates-ci/alire-crates-ci/test/9264f48b-05d6-4592-acba-1e63fe0de6eb/aflex_1.5.2021_33198b8f/aflex.gpr"] exited with code 4
stderr: raised ALIRE.CHECKED_ERROR : alire-stored-error:1
Load address: 0x1008e6000
Call stack traceback locations:
0x1011ee415 0x100ec1e83 0x1010d4df9 0x1010d5581 0x101035ac3 0x101033f99 0x101050873 0x10109cdc1 0x10109b81a 0x1010509b8 0x101034349 0x1009459c1 0x100956578 0x10095b01c 0x1009e105c 0x1009ec3b8 0x1008e7605 0x1008ea914


Warning: aflex=1.5.2021 successfully retrieved but its build failed.
There are no dependencies.
ERROR: Build ended with errors
