Test ran at 2022-06-13 13:14:23.399312+00:00

SOLUTION:
lvgl_ada_simulator=0.1.1: SDL simulator for the LVGL embedded GUI framework
Origin: source archive lvgl_ada_simulator-0.1.1.zip at https://github.com/Fabien-Chouteau/lvgl-ada-simulator/releases/download/v0.1.1/lvgl_ada_simulator-0.1.1.zip with hash sha512:524f51bade2407b0c525c4e4b6c30ce4a8f8d75161ff5e8fd1152f45ea2e73fbc20ab15db1120322dd879efa4f401969518dd01e71c25889b3de994c911f32f9
Properties:
   Description: SDL simulator for the LVGL embedded GUI framework
   License: MIT
   Maintainer: fabien.chouteau@gmail.com
   Maintainers_Logins: Fabien-Chouteau
   Name: lvgl_ada_simulator
   Project_File: lvgl_ada_simulator.gpr
   Tag: gui
   Tag: lvgl
   Version: 0.1.1
Dependencies (direct):
   lvgl_ada^0.1.0
   sdlada^2.3.1
Dependencies (solution):
   gnat=10.2.1 (gnat_external)
   lvgl_ada=0.2.0
   make=4.3.0
   sdlada=2.3.1
Dependencies (external):
   libsdl2^2.0 (indirect,hinted)
   libsdl2_image^2.0 (indirect,hinted)
   libsdl2_ttf^2.0 (indirect,hinted)
Dependencies (graph):
   lvgl_ada_simulator=0.1.1 --> lvgl_ada=0.2.0 (^0.1.0)                       
   lvgl_ada_simulator=0.1.1 --> sdlada=2.3.1 (^2.3.1)                         
   sdlada=2.3.1             --> gnat=10.2.1 (gnat_external) (=2019 | <=11.0.0)
   sdlada=2.3.1             --> libsdl2^2.0                                   
   sdlada=2.3.1             --> libsdl2_image^2.0                             
   sdlada=2.3.1             --> libsdl2_ttf^2.0                               
   sdlada=2.3.1             --> make=4.3.0 (*)                                
Dependencies cannot be met


LOG:
