Test ran at 2025-01-09 13:29:18.142003+00:00

SOLUTION:
awa_unit=2.4.0: Ada Web Application (Testing framework)
Origin: commit 59135a52aff7027f9295888775b9e1cc6cecdc22 from https://github.com/stcarrez/ada-awa.git
Properties:
   Author: Stephane.Carrez@gmail.com
   Description: Ada Web Application (Testing framework)
   GPR Scenario: AWA_BUILD := distrib | debug | optimize | profile | coverage
   GPR Scenario: AWA_LIBRARY_TYPE := relocatable | static | static-pic
   License: Apache-2.0
   Long_Description: [![Build Status](https://img.shields.io/jenkins/s/https/jenkins.vacs.fr/Bionic-AWA.svg)](https://jenkins.vacs.fr/job/Bionic-AWA/)
[![Test Status](https://img.shields.io/jenkins/t/https/jenkins.vacs.fr/Bionic-AWA.svg)](https://jenkins.vacs.fr/job/Bionic-AWA/)
[![codecov](https://codecov.io/gh/stcarrez/ada-awa/branch/master/graph/badge.svg)](https://codecov.io/gh/stcarrez/ada-awa)
[![Documentation Status](https://readthedocs.org/projects/ada-awa/badge/?version=latest)](https://ada-awa.readthedocs.io/en/latest/?badge=latest)

Ada Web Application is a framework to build a Web Application in Ada 2012.
The framework provides several ready to use and extendable modules that are common
to many web application.  This includes the login, authentication, users, permissions,
managing comments, tags, votes, documents, images.  It provides a complete blog,
question and answers and a wiki module.

This library provides a testing framework on top of AWA top help implementing
unit tests for AWA applications.


   Maintainer: Stephane.Carrez@gmail.com
   Maintainers_Logins: stcarrez
   Name: awa_unit
   Project_File: .alire/unit/awa_unit.gpr
   Tag: web
   Tag: users
   Tag: jobs
   Tag: framework
   Tag: testing
   Version: 2.4.0
   Website: https://gitlab.com/stcarrez/ada-awa
Dependencies (direct):
   awa^2.4.0
   serverfaces_unit^1.5.0
   servletada_unit^1.6.0
Dependencies (solution):
   ado=2.3.0
   awa=2.4.0
   aws=21.0.0
   elada=1.8.5
   gnat=12.2.1 (gnat_native) (installed)
   keystoreada=1.3.3
   make=3.81.0
   security=1.4.1
   serverfaces=1.5.0
   serverfaces_unit=1.5.0
   servletada=1.6.0
   servletada_aws=1.6.0
   servletada_unit=1.6.0
   utilada=2.5.0
   utilada_aws=2.5.0
   utilada_unit=2.5.0
   utilada_xml=2.5.0
   wikiada=1.4.0
   xmlada=21.0.0
Dependencies (external):
   openssl* (indirect,hinted)
Dependencies (graph):
   ado=2.3.0              --> utilada=2.5.0 (^2.5.0)         
   ado=2.3.0              --> utilada_xml=2.5.0 (^2.5.0)     
   awa=2.4.0              --> ado=2.3.0 (^2.3.0)             
   awa=2.4.0              --> elada=1.8.5 (^1.8.5)           
   awa=2.4.0              --> keystoreada=1.3.3 (^1.3.3)     
   awa=2.4.0              --> security=1.4.1 (^1.4.1)        
   awa=2.4.0              --> serverfaces=1.5.0 (^1.5.0)     
   awa=2.4.0              --> servletada=1.6.0 (^1.6.0)      
   awa=2.4.0              --> servletada_aws=1.6.0 (^1.6.0)  
   awa=2.4.0              --> utilada=2.5.0 (^2.5.0)         
   awa=2.4.0              --> utilada_aws=2.5.0 (^2.5.0)     
   awa=2.4.0              --> utilada_xml=2.5.0 (^2.5.0)     
   awa=2.4.0              --> wikiada=1.4.0 (^1.4.0)         
   awa_unit=2.4.0         --> awa=2.4.0 (^2.4.0)             
   awa_unit=2.4.0         --> serverfaces_unit=1.5.0 (^1.5.0)
   awa_unit=2.4.0         --> servletada_unit=1.6.0 (^1.6.0) 
   aws=21.0.0             --> gnat=12.2.1 (gnat_native) (>=9)
   aws=21.0.0             --> make=3.81.0 (*)                
   aws=21.0.0             --> openssl*                       
   aws=21.0.0             --> xmlada=21.0.0 (~21.0.0)        
   elada=1.8.5            --> utilada=2.5.0 (^2.5.0)         
   keystoreada=1.3.3      --> utilada=2.5.0 (^2.5.0)         
   security=1.4.1         --> utilada=2.5.0 (^2.5.0)         
   security=1.4.1         --> utilada_xml=2.5.0 (^2.5.0)     
   serverfaces=1.5.0      --> security=1.4.1 (^1.4.1)        
   serverfaces=1.5.0      --> servletada=1.6.0 (^1.6.0)      
   serverfaces=1.5.0      --> utilada=2.5.0 (^2.5.0)         
   serverfaces_unit=1.5.0 --> security=1.4.1 (^1.4.1)        
   serverfaces_unit=1.5.0 --> serverfaces=1.5.0 (^1.5.0)     
   serverfaces_unit=1.5.0 --> servletada=1.6.0 (^1.6.0)      
   serverfaces_unit=1.5.0 --> servletada_unit=1.6.0 (^1.5.3) 
   serverfaces_unit=1.5.0 --> utilada=2.5.0 (^2.5.0)         
   serverfaces_unit=1.5.0 --> utilada_unit=2.5.0 (^2.5.0)    
   servletada=1.6.0       --> elada=1.8.5 (^1.8.5)           
   servletada=1.6.0       --> security=1.4.1 (^1.4.1)        
   servletada=1.6.0       --> utilada=2.5.0 (^2.5.0)         
   servletada_aws=1.6.0   --> servletada=1.6.0 (^1.6.0)      
   servletada_aws=1.6.0   --> utilada_aws=2.5.0 (^2.5.0)     
   servletada_unit=1.6.0  --> servletada=1.6.0 (^1.6.0)      
   servletada_unit=1.6.0  --> utilada=2.5.0 (^2.5.0)         
   servletada_unit=1.6.0  --> utilada_unit=2.5.0 (^2.5.0)    
   utilada_aws=2.5.0      --> aws=21.0.0 (~21.0)             
   utilada_aws=2.5.0      --> utilada=2.5.0 (^2.5.0)         
   utilada_unit=2.5.0     --> utilada=2.5.0 (^2.5.0)         
   utilada_xml=2.5.0      --> utilada=2.5.0 (^2.5.0)         
   utilada_xml=2.5.0      --> xmlada=21.0.0 (*)              
   wikiada=1.4.0          --> utilada=2.5.0 (^2.5.0)         
Dependencies cannot be met


LOG:
