Test ran at 2022-06-20 13:25:42.546169+00:00

SOLUTION:
avltrees=0.1.0: Threaded AVL trees library for Ada
Origin: commit 81b318c6c9ba2ee500d0acc92a122bb8fe58f5ff from https://github.com/lkujaw/avltrees.git
Properties:
   Author: Lev Kujawski
   Description: Threaded AVL trees library for Ada
   License: LGPL-3.0-or-later
   Maintainer: Lev Kujawski <int21h@mailbox.org>
   Maintainers_Logins: lkujaw
   Name: avltrees
   Tag: ada1987
   Tag: data-structures
   Version: 0.1.0
   Website: https://github.com/lkujaw/avltrees


LOG:
Note: Deploying avltrees=0.1.0...
Note: Building avltrees/avltrees.gpr...
Setup
   [mkdir]        object directory for project AVLTREES
   [mkdir]        library directory for project AVLTREES
Compile
   [Ada]          avarketr.adb
   [Ada]          avltrees.adb
   [Ada]          avtrehei.ads
Build Libraries
   [gprlib]       avla.lexch
   [archive]      libavla.a
   [index]        libavla.a
Build finished successfully in 0.43 seconds.

avltrees=0.1.0 successfully retrieved and built.
There are no dependencies.
