Test ran at 2025-01-13 00:44:07.425004+00:00

SOLUTION:
yeison=0.1.0: A JSON-like data structure using Ada 2022 features
Origin: commit 054232ad738902e42740936b7e9f2867d0411b09 from https://github.com/mosteo/yeison.git
Properties:
   Author: Alejandro R. Mosteo
   Description: A JSON-like data structure using Ada 2022 features
   License: MIT
   Maintainer: Alejandro R. Mosteo <alejandro@mosteo.com>
   Maintainers_Logins: mosteo
   Name: yeison
   Tag: json
   Tag: yaml
   Tag: toml
   Tag: containers
   Version: 0.1.0
   Website: https://github.com/mosteo/yeison
Dependencies (direct):
   gnat>=11.2 & <2000
Dependencies (solution):
   gnat=11.2.4 (gnat_native) (installed)
Dependencies (graph):
   yeison=0.1.0 --> gnat=11.2.4 (gnat_native) (>=11.2 & <2000)


LOG:
Note: Deploying yeison=0.1.0...
Note: Building yeison/yeison.gpr...
Setup
   [mkdir]        object directory for project Yeison
   [mkdir]        library directory for project Yeison
Compile
   [Ada]          yeison_multi.adb
   [Ada]          yeison_classwide.adb
   [Ada]          yeison.ads
   [Ada]          yeison_single.adb
yeison_single.adb:4:10: warning: no entities of "GNAT.IO" are referenced
yeison_single.adb:4:15: warning: use clause for package "IO" has no effect
yeison_single.adb:56:10: warning: Constant_Reference unimplemented
Build Libraries
   [gprlib]       Yeison.lexch
   [archive]      libYeison.a
/Applications/Xcode_15.4.app/Contents/Developer/Toolchains/XcodeDefault.xctoolchain/usr/bin/ranlib: file: /Users/runner/work/alire-crates-ci/alire-crates-ci/test/016db9f7-909a-4e6a-b5dc-89537fbbae2d/yeison_0.1.0_054232ad/lib/libYeison.a(yeison.o) has no symbols
   [index]        libYeison.a
/Applications/Xcode_15.4.app/Contents/Developer/Toolchains/XcodeDefault.xctoolchain/usr/bin/ranlib: file: /Users/runner/work/alire-crates-ci/alire-crates-ci/test/016db9f7-909a-4e6a-b5dc-89537fbbae2d/yeison_0.1.0_054232ad/lib/libYeison.a(yeison.o) has no symbols
Build finished successfully in 6.74 seconds.

yeison=0.1.0 successfully retrieved and built.
Dependencies were solved as follows:

   +i gnat 11.2.4 (new,installed,gnat_native)
Found declared GPR file: yeison.gpr
