Test ran at 2024-10-05 00:34:08.172146+00:00

SOLUTION:
avrada_examples=1.0.1: Sample applications in Ada for AVR microcontrollers
Origin: commit 72780c766d5e3cb674d012c1775015d4442ce6e0 from https://github.com/RREE/AVRAda_Examples.git
Properties:
   Author: Rolf Ebert
   Description: Sample applications in Ada for AVR microcontrollers
   License: GPL-2.0-or-later WITH GCC-exception-3.1
   Maintainer: Rolf Ebert <rolf.ebert.gcc@gmx.de>
   Maintainers_Logins: RREE
   Name: avrada_examples
   Project_File: avrada_examples.gpr
   Tag: avr
   Tag: embedded
   Tag: demo
   Version: 1.0.1
   Website: https://sourceforge.net/projects/avr-ada/


LOG:
Note: Deploying avrada_examples=1.0.1...
Note: Building avrada_examples/avrada_examples.gpr...
Setup
   [mkdir]        object directory for project AVRAda_Examples
Compile
   [Ada]          avrada_examples.adb
Bind
   [gprbind]      avrada_examples.bexch
   [Ada]          avrada_examples.ali
Link
   [link]         avrada_examples.adb
-macosx_version_min has been renamed to -macos_version_min
ld: warning: ignoring duplicate libraries: '-lSystem'
ld: warning: Support for dylib stub (MH_DYLIB_STUB) file '/Users/runner/.config/alire/cache/dependencies/gnat_native_10.3.2_e112fd3f/lib/libgcc_ext.10.5.dylib' is deprecated, text-based stubs should be used instead (with `GENERATE_TEXT_BASED_STUBS` build setting, or `tapi` tool)
ld: malformed mach-o missing relocations, LC_DYLD_INFO, or LC_DYLD_CHAINED_FIXUPS in '/Users/runner/.config/alire/cache/dependencies/gnat_native_10.3.2_e112fd3f/lib/libgcc_ext.10.5.dylib'
collect2: error: ld returned 1 exit status
gprbuild: link of avrada_examples.adb failed
gprbuild: failed command was: /users/runner/.config/alire/cache/dependencies/gnat_native_10.3.2_e112fd3f/bin/gcc avrada_examples.o b__avrada_examples.o -L/Users/runner/work/alire-crates-ci/alire-crates-ci/test/b27b229a-e588-41da-8db1-1965258729e0/avrada_examples_1.0.1_72780c76/.obj/ -L/Users/runner/work/alire-crates-ci/alire-crates-ci/test/b27b229a-e588-41da-8db1-1965258729e0/avrada_examples_1.0.1_72780c76/.obj/ -L/users/runner/.config/alire/cache/dependencies/gnat_native_10.3.2_e112fd3f/lib/gcc/x86_64-apple-darwin19.6.0/10.3.0/adalib/ /users/runner/.config/alire/cache/dependencies/gnat_native_10.3.2_e112fd3f/lib/gcc/x86_64-apple-darwin19.6.0/10.3.0/adalib/libgnat.a -Wl,-rpath,@executable_path//.obj -Wl,-rpath,@executable_path/../../../../../..//.config/alire/cache/dependencies/gnat_native_10.3.2_e112fd3f/lib/gcc/x86_64-apple-darwin19.6.0/10.3.0/adalib -o /Users/runner/work/alire-crates-ci/alire-crates-ci/test/b27b229a-e588-41da-8db1-1965258729e0/avrada_examples_1.0.1_72780c76//avrada_examples
stderr: Command ["gprbuild", "-s", "-j0", "-p", "-P", "/Users/runner/work/alire-crates-ci/alire-crates-ci/test/b27b229a-e588-41da-8db1-1965258729e0/avrada_examples_1.0.1_72780c76/avrada_examples.gpr"] exited with code 4
ERROR: Command ["gprbuild", "-s", "-j0", "-p", "-P", "/Users/runner/work/alire-crates-ci/alire-crates-ci/test/b27b229a-e588-41da-8db1-1965258729e0/avrada_examples_1.0.1_72780c76/avrada_examples.gpr"] exited with code 4
stderr: ALIRE.CHECKED_ERROR
stderr: Command ["gprbuild", "-s", "-j0", "-p", "-P", "/Users/runner/work/alire-crates-ci/alire-crates-ci/test/b27b229a-e588-41da-8db1-1965258729e0/avrada_examples_1.0.1_72780c76/avrada_examples.gpr"] exited with code 4
stderr: raised ALIRE.CHECKED_ERROR : alire-stored-error:1
Load address: 0x104bd2000
Call stack traceback locations:
0x1054da415 0x1051ade83 0x1053c0df9 0x1053c1581 0x105321ac3 0x10531ff99 0x10533c873 0x105388dc1 0x10538781a 0x10533c9b8 0x105320349 0x104c319c1 0x104c42578 0x104c4701c 0x104ccd05c 0x104cd83b8 0x104bd3605 0x104bd6914


Warning: avrada_examples=1.0.1 successfully retrieved but its build failed.
There are no dependencies.
ERROR: Build ended with errors
