Test ran at 2022-07-01 12:26:37.529384+00:00

SOLUTION:
freetypeada=0.1.0: Thick binding to the FreeType library
Origin: commit 4fd90f573dc83a9b23e462520a60eb6a8dd92878 from https://github.com/flyx/FreeTypeAda.git
Properties:
   Author: Felix Krause
   Description: Thick binding to the FreeType library
   case OS is
      when Linux => GPR External: FreeType_Linker_Param := -lfreetype
      when Macos => GPR External: FreeType_Linker_Param := -lfreetype
      when Windows => GPR External: FreeType_Linker_Param := -lfreetype-6
   License: MIT
   Maintainer: Felix Krause <contact@flyx.org>
   Maintainers_Logins: flyx
   Name: freetypeada
   Project_File: freetype.gpr
   Tag: fonts
   Tag: rendering
   Version: 0.1.0
   Website: https://github.com/flyx/FreeTypeAda
Dependencies (direct):
   case OS is
      when Linux => libfreetype^2
      when Windows => libfreetype^2
Dependencies (solution):
   libfreetype=2.10.1
Dependencies (graph):
   freetypeada=0.1.0 --> libfreetype=2.10.1 (^2)


LOG:
Note: Deploying freetypeada=0.1.0...
Note: Migrating lockfile from /home/runner/work/alire-crates-ci/alire-crates-ci/test/2ea1493d-9730-4b0e-92e2-6a913d18076d/freetypeada_0.1.0_4fd90f57/alire.lock to /home/runner/work/alire-crates-ci/alire-crates-ci/test/2ea1493d-9730-4b0e-92e2-6a913d18076d/freetypeada_0.1.0_4fd90f57/alire/alire.lock
Note: Deploying libfreetype=2.10.1...
Note: Building freetypeada/freetype.gpr...
Setup
   [mkdir]        object directory for project FreeType
   [mkdir]        library directory for project FreeType
Compile
   [ada]          ft-utilities.adb
   [ada]          ft-glyphs.adb
   [ada]          ft-api.ads
   [ada]          ft-errors.adb
   [ada]          ft.adb
   [ada]          ft-faces.adb
   [ada]          ft-api-glyphs.ads
Build Libraries
   [gprlib]       FreeTypeAda.lexch
   [archive]      libFreeTypeAda.a
   [index]        libFreeTypeAda.a
Build finished successfully in 0.49 seconds.

freetypeada=0.1.0 successfully retrieved and built.
Dependencies were solved as follows:

   + libfreetype 2.10.1 (new)
