Test ran at 2024-02-28 12:55:11.739685+00:00

SOLUTION:
play_2048=1.0.0: 2048 game: merge tiles with the same number until you add up to 2048
Origin: commit ddfe6faa729006cf78c6ceaa597e0a517a1f5aac from https://github.com/mgrojo/play_2048.git
Properties:
   Author: Manuel Gomez
   Description: 2048 game: merge tiles with the same number until you add up to 2048
   Executable: play_2048
   License: GPL-3.0-or-later
   Maintainer: Manuel Gomez <mgrojo@gmail.com>
   Maintainers_Logins: mgrojo
   Name: play_2048
   Tag: game
   Tag: puzzle
   Tag: cross-platform
   Tag: sfml
   Version: 1.0.0
   Website: https://github.com/mgrojo/play_2048/
Dependencies (direct):
   ada_toml~0.2.0
   asfml^2.5.0
Dependencies (solution):
   ada_toml=0.2.0
   asfml=2.5.5
   libcsfml=2.5.2
Dependencies (graph):
   asfml=2.5.5     --> libcsfml=2.5.2 (^2.5.2)
   play_2048=1.0.0 --> ada_toml=0.2.0 (~0.2.0)
   play_2048=1.0.0 --> asfml=2.5.5 (^2.5.0)   


LOG:
Note: Deploying play_2048=1.0.0...
Note: Deploying ada_toml=0.2.0...
#=#=#                                                                         
##O#-#                                                                        
Note: Deploying libcsfml=2.5.2...
The system package 'CSFML-devel' is about to be installed.
This action might require admin privileges and impact your system installation.
Do you want Alire to install this system package?
Using default: Yes
Last metadata expiration check: 0:05:02 ago on Wed Feb 28 12:49:53 2024.
Dependencies resolved.
================================================================================
 Package                      Arch      Version                Repository  Size
================================================================================
Installing:
 CSFML-devel                  x86_64    2.5.2-1.fc38           updates     86 k
Installing dependencies:
 CSFML                        x86_64    2.5.2-1.fc38           updates     94 k
 SFML                         x86_64    2.5.1-13.fc38          fedora     288 k
 cairo                        x86_64    1.17.8-4.fc38          updates    704 k
 flac-libs                    x86_64    1.4.3-1.fc38           updates    263 k
 fontconfig                   x86_64    2.14.2-2.fc38          updates    295 k
 fonts-filesystem             noarch    1:2.0.5-11.fc38        fedora     8.1 k
 freetype                     x86_64    2.13.0-2.fc38          fedora     414 k
 google-noto-fonts-common     noarch    20230201-2.fc38        updates     16 k
 google-noto-sans-vf-fonts    noarch    20230201-2.fc38        updates    579 k
 graphite2                    x86_64    1.3.14-11.fc38         fedora      95 k
 harfbuzz                     x86_64    7.1.0-1.fc38           fedora     889 k
 hwdata                       noarch    0.379-1.fc38           updates    1.6 M
 langpacks-core-font-en       noarch    3.0-32.fc38            updates    9.6 k
 libX11                       x86_64    1.8.7-1.fc38           updates    650 k
 libX11-common                noarch    1.8.7-1.fc38           updates    176 k
 libX11-xcb                   x86_64    1.8.7-1.fc38           updates     12 k
 libXau                       x86_64    1.0.11-2.fc38          fedora      32 k
 libXext                      x86_64    1.3.5-2.fc38           fedora      39 k
 libXfixes                    x86_64    6.0.0-5.fc38           fedora      19 k
 libXrandr                    x86_64    1.5.2-10.fc38          fedora      27 k
 libXrender                   x86_64    0.9.11-2.fc38          fedora      27 k
 libXxf86vm                   x86_64    1.1.5-2.fc38           fedora      18 k
 libdrm                       x86_64    2.4.120-1.fc38         updates    157 k
 libglvnd                     x86_64    1:1.6.0-2.fc38         fedora     134 k
 libglvnd-glx                 x86_64    1:1.6.0-2.fc38         fedora     142 k
 libogg                       x86_64    2:1.3.5-5.fc38         fedora      33 k
 libpciaccess                 x86_64    0.16-8.fc38            fedora      26 k
 libpng                       x86_64    2:1.6.37-14.fc38       fedora     120 k
 libvorbis                    x86_64    1:1.3.7-7.fc38         fedora     195 k
 libxcb                       x86_64    1.13.1-11.fc38         fedora     231 k
 libxshmfence                 x86_64    1.3-12.fc38            fedora      12 k
 llvm-libs                    x86_64    16.0.6-3.fc38          updates     27 M
 lm_sensors-libs              x86_64    3.6.0-13.fc38          fedora      41 k
 mesa-filesystem              x86_64    23.1.9-1.fc38          updates     17 k
 mesa-libGL                   x86_64    23.1.9-1.fc38          updates    173 k
 mesa-libglapi                x86_64    23.1.9-1.fc38          updates     53 k
 openal-soft                  x86_64    1.23.1-1.fc38          updates    586 k
 pixman                       x86_64    0.42.2-1.fc38          fedora     285 k
 xml-common                   noarch    0.6.3-60.fc38          fedora      31 k
Installing weak dependencies:
 mesa-dri-drivers             x86_64    23.1.9-1.fc38          updates     19 M
 mesa-va-drivers              x86_64    23.1.9-1.fc38          updates    3.4 M

Transaction Summary
================================================================================
Install  42 Packages

Total download size: 57 M
Installed size: 254 M
Downloading Packages:
(1/42): fonts-filesystem-2.0.5-11.fc38.noarch.r  29 kB/s | 8.1 kB     00:00    
(2/42): graphite2-1.3.14-11.fc38.x86_64.rpm     319 kB/s |  95 kB     00:00    
(3/42): SFML-2.5.1-13.fc38.x86_64.rpm           420 kB/s | 288 kB     00:00    
(4/42): freetype-2.13.0-2.fc38.x86_64.rpm       574 kB/s | 414 kB     00:00    
(5/42): libXau-1.0.11-2.fc38.x86_64.rpm         332 kB/s |  32 kB     00:00    
(6/42): libXext-1.3.5-2.fc38.x86_64.rpm         409 kB/s |  39 kB     00:00    
(7/42): libXfixes-6.0.0-5.fc38.x86_64.rpm       204 kB/s |  19 kB     00:00    
(8/42): libXrandr-1.5.2-10.fc38.x86_64.rpm      296 kB/s |  27 kB     00:00    
(9/42): harfbuzz-7.1.0-1.fc38.x86_64.rpm        2.2 MB/s | 889 kB     00:00    
(10/42): libXrender-0.9.11-2.fc38.x86_64.rpm    245 kB/s |  27 kB     00:00    
(11/42): libXxf86vm-1.1.5-2.fc38.x86_64.rpm     192 kB/s |  18 kB     00:00    
(12/42): libglvnd-1.6.0-2.fc38.x86_64.rpm       1.3 MB/s | 134 kB     00:00    
(13/42): libogg-1.3.5-5.fc38.x86_64.rpm         325 kB/s |  33 kB     00:00    
(14/42): libglvnd-glx-1.6.0-2.fc38.x86_64.rpm   1.2 MB/s | 142 kB     00:00    
(15/42): libpciaccess-0.16-8.fc38.x86_64.rpm    295 kB/s |  26 kB     00:00    
(16/42): libpng-1.6.37-14.fc38.x86_64.rpm       1.0 MB/s | 120 kB     00:00    
(17/42): libvorbis-1.3.7-7.fc38.x86_64.rpm      1.5 MB/s | 195 kB     00:00    
(18/42): libxcb-1.13.1-11.fc38.x86_64.rpm       2.0 MB/s | 231 kB     00:00    
(19/42): libxshmfence-1.3-12.fc38.x86_64.rpm    130 kB/s |  12 kB     00:00    
(20/42): lm_sensors-libs-3.6.0-13.fc38.x86_64.r 431 kB/s |  41 kB     00:00    
(21/42): pixman-0.42.2-1.fc38.x86_64.rpm        2.6 MB/s | 285 kB     00:00    
(22/42): xml-common-0.6.3-60.fc38.noarch.rpm    280 kB/s |  31 kB     00:00    
(23/42): CSFML-2.5.2-1.fc38.x86_64.rpm          235 kB/s |  94 kB     00:00    
(24/42): CSFML-devel-2.5.2-1.fc38.x86_64.rpm    222 kB/s |  86 kB     00:00    
(25/42): flac-libs-1.4.3-1.fc38.x86_64.rpm      1.4 MB/s | 263 kB     00:00    
(26/42): google-noto-fonts-common-20230201-2.fc 210 kB/s |  16 kB     00:00    
(27/42): fontconfig-2.14.2-2.fc38.x86_64.rpm    1.2 MB/s | 295 kB     00:00    
(28/42): cairo-1.17.8-4.fc38.x86_64.rpm         1.1 MB/s | 704 kB     00:00    
(29/42): langpacks-core-font-en-3.0-32.fc38.noa 114 kB/s | 9.6 kB     00:00    
(30/42): google-noto-sans-vf-fonts-20230201-2.f 3.3 MB/s | 579 kB     00:00    
(31/42): libX11-1.8.7-1.fc38.x86_64.rpm         5.2 MB/s | 650 kB     00:00    
(32/42): libX11-common-1.8.7-1.fc38.noarch.rpm  2.1 MB/s | 176 kB     00:00    
(33/42): hwdata-0.379-1.fc38.noarch.rpm         6.0 MB/s | 1.6 MB     00:00    
(34/42): libX11-xcb-1.8.7-1.fc38.x86_64.rpm     142 kB/s |  12 kB     00:00    
(35/42): libdrm-2.4.120-1.fc38.x86_64.rpm       1.9 MB/s | 157 kB     00:00    
(36/42): mesa-filesystem-23.1.9-1.fc38.x86_64.r 224 kB/s |  17 kB     00:00    
(37/42): mesa-libGL-23.1.9-1.fc38.x86_64.rpm    2.0 MB/s | 173 kB     00:00    
(38/42): mesa-libglapi-23.1.9-1.fc38.x86_64.rpm 688 kB/s |  53 kB     00:00    
(39/42): mesa-va-drivers-23.1.9-1.fc38.x86_64.r  14 MB/s | 3.4 MB     00:00    
(40/42): openal-soft-1.23.1-1.fc38.x86_64.rpm   6.6 MB/s | 586 kB     00:00    
(41/42): mesa-dri-drivers-23.1.9-1.fc38.x86_64.  26 MB/s |  19 MB     00:00    
(42/42): llvm-libs-16.0.6-3.fc38.x86_64.rpm      30 MB/s |  27 MB     00:00    
--------------------------------------------------------------------------------
Total                                            16 MB/s |  57 MB     00:03     
Running transaction check
Transaction check succeeded.
Running transaction test
Transaction test succeeded.
Running transaction
  Preparing        :                                                        1/1 
  Installing       : libogg-2:1.3.5-5.fc38.x86_64                          1/42 
  Installing       : mesa-filesystem-23.1.9-1.fc38.x86_64                  2/42 
  Installing       : llvm-libs-16.0.6-3.fc38.x86_64                        3/42 
  Installing       : libX11-xcb-1.8.7-1.fc38.x86_64                        4/42 
  Installing       : libxshmfence-1.3-12.fc38.x86_64                       5/42 
  Installing       : libpng-2:1.6.37-14.fc38.x86_64                        6/42 
  Installing       : fonts-filesystem-1:2.0.5-11.fc38.noarch               7/42 
  Installing       : libvorbis-1:1.3.7-7.fc38.x86_64                       8/42 
  Installing       : flac-libs-1.4.3-1.fc38.x86_64                         9/42 
  Installing       : openal-soft-1.23.1-1.fc38.x86_64                     10/42 
  Installing       : libX11-common-1.8.7-1.fc38.noarch                    11/42 
  Installing       : hwdata-0.379-1.fc38.noarch                           12/42 
  Installing       : libpciaccess-0.16-8.fc38.x86_64                      13/42 
  Installing       : libdrm-2.4.120-1.fc38.x86_64                         14/42 
  Installing       : google-noto-fonts-common-20230201-2.fc38.noarch      15/42 
  Installing       : google-noto-sans-vf-fonts-20230201-2.fc38.noarch     16/42 
  Installing       : langpacks-core-font-en-3.0-32.fc38.noarch            17/42 
  Running scriptlet: xml-common-0.6.3-60.fc38.noarch                      18/42 
  Installing       : xml-common-0.6.3-60.fc38.noarch                      18/42 
  Installing       : pixman-0.42.2-1.fc38.x86_64                          19/42 
  Installing       : lm_sensors-libs-3.6.0-13.fc38.x86_64                 20/42 
  Installing       : libglvnd-1:1.6.0-2.fc38.x86_64                       21/42 
  Installing       : libXau-1.0.11-2.fc38.x86_64                          22/42 
  Installing       : libxcb-1.13.1-11.fc38.x86_64                         23/42 
  Installing       : libX11-1.8.7-1.fc38.x86_64                           24/42 
  Installing       : libXext-1.3.5-2.fc38.x86_64                          25/42 
  Installing       : libXrender-0.9.11-2.fc38.x86_64                      26/42 
  Installing       : libXrandr-1.5.2-10.fc38.x86_64                       27/42 
  Installing       : libXxf86vm-1.1.5-2.fc38.x86_64                       28/42 
  Installing       : libXfixes-6.0.0-5.fc38.x86_64                        29/42 
  Installing       : mesa-va-drivers-23.1.9-1.fc38.x86_64                 30/42 
  Installing       : mesa-libglapi-23.1.9-1.fc38.x86_64                   31/42 
  Installing       : mesa-dri-drivers-23.1.9-1.fc38.x86_64                32/42 
  Installing       : libglvnd-glx-1:1.6.0-2.fc38.x86_64                   33/42 
  Installing       : mesa-libGL-23.1.9-1.fc38.x86_64                      34/42 
  Installing       : graphite2-1.3.14-11.fc38.x86_64                      35/42 
  Installing       : cairo-1.17.8-4.fc38.x86_64                           36/42 
  Installing       : harfbuzz-7.1.0-1.fc38.x86_64                         37/42 
  Installing       : freetype-2.13.0-2.fc38.x86_64                        38/42 
  Installing       : fontconfig-2.14.2-2.fc38.x86_64                      39/42 
  Running scriptlet: fontconfig-2.14.2-2.fc38.x86_64                      39/42 
  Installing       : SFML-2.5.1-13.fc38.x86_64                            40/42 
  Installing       : CSFML-2.5.2-1.fc38.x86_64                            41/42 
  Installing       : CSFML-devel-2.5.2-1.fc38.x86_64                      42/42 
  Running scriptlet: fontconfig-2.14.2-2.fc38.x86_64                      42/42 
  Running scriptlet: CSFML-devel-2.5.2-1.fc38.x86_64                      42/42 
  Verifying        : SFML-2.5.1-13.fc38.x86_64                             1/42 
  Verifying        : fonts-filesystem-1:2.0.5-11.fc38.noarch               2/42 
  Verifying        : freetype-2.13.0-2.fc38.x86_64                         3/42 
  Verifying        : graphite2-1.3.14-11.fc38.x86_64                       4/42 
  Verifying        : harfbuzz-7.1.0-1.fc38.x86_64                          5/42 
  Verifying        : libXau-1.0.11-2.fc38.x86_64                           6/42 
  Verifying        : libXext-1.3.5-2.fc38.x86_64                           7/42 
  Verifying        : libXfixes-6.0.0-5.fc38.x86_64                         8/42 
  Verifying        : libXrandr-1.5.2-10.fc38.x86_64                        9/42 
  Verifying        : libXrender-0.9.11-2.fc38.x86_64                      10/42 
  Verifying        : libXxf86vm-1.1.5-2.fc38.x86_64                       11/42 
  Verifying        : libglvnd-1:1.6.0-2.fc38.x86_64                       12/42 
  Verifying        : libglvnd-glx-1:1.6.0-2.fc38.x86_64                   13/42 
  Verifying        : libogg-2:1.3.5-5.fc38.x86_64                         14/42 
  Verifying        : libpciaccess-0.16-8.fc38.x86_64                      15/42 
  Verifying        : libpng-2:1.6.37-14.fc38.x86_64                       16/42 
  Verifying        : libvorbis-1:1.3.7-7.fc38.x86_64                      17/42 
  Verifying        : libxcb-1.13.1-11.fc38.x86_64                         18/42 
  Verifying        : libxshmfence-1.3-12.fc38.x86_64                      19/42 
  Verifying        : lm_sensors-libs-3.6.0-13.fc38.x86_64                 20/42 
  Verifying        : pixman-0.42.2-1.fc38.x86_64                          21/42 
  Verifying        : xml-common-0.6.3-60.fc38.noarch                      22/42 
  Verifying        : CSFML-2.5.2-1.fc38.x86_64                            23/42 
  Verifying        : CSFML-devel-2.5.2-1.fc38.x86_64                      24/42 
  Verifying        : cairo-1.17.8-4.fc38.x86_64                           25/42 
  Verifying        : flac-libs-1.4.3-1.fc38.x86_64                        26/42 
  Verifying        : fontconfig-2.14.2-2.fc38.x86_64                      27/42 
  Verifying        : google-noto-fonts-common-20230201-2.fc38.noarch      28/42 
  Verifying        : google-noto-sans-vf-fonts-20230201-2.fc38.noarch     29/42 
  Verifying        : hwdata-0.379-1.fc38.noarch                           30/42 
  Verifying        : langpacks-core-font-en-3.0-32.fc38.noarch            31/42 
  Verifying        : libX11-1.8.7-1.fc38.x86_64                           32/42 
  Verifying        : libX11-common-1.8.7-1.fc38.noarch                    33/42 
  Verifying        : libX11-xcb-1.8.7-1.fc38.x86_64                       34/42 
  Verifying        : libdrm-2.4.120-1.fc38.x86_64                         35/42 
  Verifying        : llvm-libs-16.0.6-3.fc38.x86_64                       36/42 
  Verifying        : mesa-dri-drivers-23.1.9-1.fc38.x86_64                37/42 
  Verifying        : mesa-filesystem-23.1.9-1.fc38.x86_64                 38/42 
  Verifying        : mesa-libGL-23.1.9-1.fc38.x86_64                      39/42 
  Verifying        : mesa-libglapi-23.1.9-1.fc38.x86_64                   40/42 
  Verifying        : mesa-va-drivers-23.1.9-1.fc38.x86_64                 41/42 
  Verifying        : openal-soft-1.23.1-1.fc38.x86_64                     42/42 

Installed:
  CSFML-2.5.2-1.fc38.x86_64                                                     
  CSFML-devel-2.5.2-1.fc38.x86_64                                               
  SFML-2.5.1-13.fc38.x86_64                                                     
  cairo-1.17.8-4.fc38.x86_64                                                    
  flac-libs-1.4.3-1.fc38.x86_64                                                 
  fontconfig-2.14.2-2.fc38.x86_64                                               
  fonts-filesystem-1:2.0.5-11.fc38.noarch                                       
  freetype-2.13.0-2.fc38.x86_64                                                 
  google-noto-fonts-common-20230201-2.fc38.noarch                               
  google-noto-sans-vf-fonts-20230201-2.fc38.noarch                              
  graphite2-1.3.14-11.fc38.x86_64                                               
  harfbuzz-7.1.0-1.fc38.x86_64                                                  
  hwdata-0.379-1.fc38.noarch                                                    
  langpacks-core-font-en-3.0-32.fc38.noarch                                     
  libX11-1.8.7-1.fc38.x86_64                                                    
  libX11-common-1.8.7-1.fc38.noarch                                             
  libX11-xcb-1.8.7-1.fc38.x86_64                                                
  libXau-1.0.11-2.fc38.x86_64                                                   
  libXext-1.3.5-2.fc38.x86_64                                                   
  libXfixes-6.0.0-5.fc38.x86_64                                                 
  libXrandr-1.5.2-10.fc38.x86_64                                                
  libXrender-0.9.11-2.fc38.x86_64                                               
  libXxf86vm-1.1.5-2.fc38.x86_64                                                
  libdrm-2.4.120-1.fc38.x86_64                                                  
  libglvnd-1:1.6.0-2.fc38.x86_64                                                
  libglvnd-glx-1:1.6.0-2.fc38.x86_64                                            
  libogg-2:1.3.5-5.fc38.x86_64                                                  
  libpciaccess-0.16-8.fc38.x86_64                                               
  libpng-2:1.6.37-14.fc38.x86_64                                                
  libvorbis-1:1.3.7-7.fc38.x86_64                                               
  libxcb-1.13.1-11.fc38.x86_64                                                  
  libxshmfence-1.3-12.fc38.x86_64                                               
  llvm-libs-16.0.6-3.fc38.x86_64                                                
  lm_sensors-libs-3.6.0-13.fc38.x86_64                                          
  mesa-dri-drivers-23.1.9-1.fc38.x86_64                                         
  mesa-filesystem-23.1.9-1.fc38.x86_64                                          
  mesa-libGL-23.1.9-1.fc38.x86_64                                               
  mesa-libglapi-23.1.9-1.fc38.x86_64                                            
  mesa-va-drivers-23.1.9-1.fc38.x86_64                                          
  openal-soft-1.23.1-1.fc38.x86_64                                              
  pixman-0.42.2-1.fc38.x86_64                                                   
  xml-common-0.6.3-60.fc38.noarch                                               

Complete!
Note: Deploying asfml=2.5.5...
Note: Building play_2048/play_2048.gpr...
Setup
   [mkdir]        object directory for project Ada_TOML
   [mkdir]        library directory for project Ada_TOML
   [mkdir]        object directory for project ASFML
   [mkdir]        library directory for project ASFML
   [mkdir]        object directory for project Play_2048
Compile
   [Ada]          play_2048.adb
   [Ada]          sf-audio-soundstream.ads
   [Ada]          sf-window-cursor.ads
   [Ada]          sf-graphics-vertex.ads
   [Ada]          sf.ads
   [Ada]          sf-graphics-primitivetype.ads
   [Ada]          sf-graphics-blendmode.ads
   [Ada]          sf-graphics-sprite.ads
   [Ada]          sf-graphics-fontinfo.ads
   [Ada]          sf-graphics-image.adb
   [Ada]          sf-network-ftp.adb
   [Ada]          sf-window-keyboard.ads
   [Ada]          sf-graphics-texture.adb
   [Ada]          sf-window-sensor.ads
   [Ada]          sf-audio.ads
   [Ada]          sf-window-clipboard.adb
   [Ada]          sf-graphics.ads
play_2048.adb:214:07: warning: constant "Elapsed_Time" is not referenced [-gnatwu]
play_2048.adb:216:07: warning: constant "Best_Time_Image" is not referenced [-gnatwu]
   [Ada]          sf-graphics-color.ads
   [Ada]          sf-graphics-glsl.ads
   [Ada]          sf-network-tcpsocket.ads
   [Ada]          sf-window-windowhandle.ads
   [Ada]          sf-system-inputstream.ads
   [Ada]          sf-audio-soundbuffer.adb
   [Ada]          sf-graphics-shader.adb
   [Ada]          sf-graphics-view.ads
   [Ada]          sf-graphics-vertexbuffer.ads
   [Ada]          sf-window-mouse.ads
   [Ada]          sf-window-context.adb
   [Ada]          sf-system-time.ads
   [Ada]          sf-audio-sound.ads
   [Ada]          sf-audio-soundrecorder.adb
   [Ada]          sf-graphics-transformable.ads
   [Ada]          sf-window-videomode.ads
   [Ada]          sf-graphics-convexshape.ads
   [Ada]          sf-network-packet.adb
   [Ada]          sf-graphics-renderstates.ads
   [Ada]          sf-network-tcplistener.ads
   [Ada]          sf-network-socketselector.ads
   [Ada]          sf-audio-soundbufferrecorder.adb
   [Ada]          sf-graphics-rendertexture.ads
   [Ada]          sf-network-udpsocket.ads
   [Ada]          sf-graphics-font.adb
   [Ada]          sf-system.ads
   [Ada]          sf-system-sleep.adb
   [Ada]          sf-network-ipaddress.adb
   [Ada]          sf-network-http.adb
   [Ada]          sf-audio-soundstatus.ads
   [Ada]          sf-window-event.ads
   [Ada]          sf-graphics-glyph.ads
   [Ada]          sf-window-joystick.ads
   [Ada]          sf-system-vector2.ads
   [Ada]          sf-graphics-renderwindow.adb
   [Ada]          sf-graphics-shape.ads
   [Ada]          sf-window.ads
   [Ada]          sf-graphics-circleshape.ads
   [Ada]          sf-audio-music.adb
   [Ada]          sf-graphics-rectangleshape.ads
   [Ada]          sf-window-glu.ads
   [Ada]          sf-graphics-text.adb
   [Ada]          sf-audio-listener.ads
   [Ada]          sf-system-clock.ads
   [Ada]          sf-network.ads
   [Ada]          sf-graphics-rect.ads
   [Ada]          sf-network-socketstatus.ads
   [Ada]          sf-system-thread.ads
   [Ada]          sf-graphics-transform.ads
   [Ada]          sf-system-mutex.ads
   [Ada]          sf-system-vector3.ads
   [Ada]          sf-window-touch.ads
   [Ada]          sf-window-gl.ads
   [Ada]          sf-window-window.adb
   [Ada]          sf-graphics-vertexarray.ads
   [Ada]          sf-window-joystickidentification.ads
   [Ada]          toml.adb
   [Ada]          toml-generic_dump.adb
   [Ada]          toml-file_io.adb
   [Ada]          toml-generic_parse.adb
   [Ada]          game.adb
   [Ada]          storage.adb
game.adb:5:06: warning: "System.Random_Numbers" is an internal GNAT unit [-gnatwi]
game.adb:5:06: warning: use of this unit is non-portable and version-dependent [-gnatwi]
Build Libraries
   [gprlib]       ada_toml.lexch
   [gprlib]       asfml.lexch
   [archive]      libada_toml.a
   [archive]      libasfml.a
   [index]        libada_toml.a
   [index]        libasfml.a
Bind
   [gprbind]      play_2048.bexch
   [Ada]          play_2048.ali
Link
   [link]         play_2048.adb
Build finished successfully in 6.71 seconds.

play_2048=1.0.0 successfully retrieved and built.
Dependencies were solved as follows:

   + ada_toml 0.2.0 (new)         
   + asfml    2.5.5 (new)         
   + libcsfml 2.5.2 (new,indirect)
Found declared GPR file: play_2048.gpr
