Test ran at 2022-09-26 01:14:12.654099+00:00

SOLUTION:
ini_files=10.0.0: A standalone, portable Ada package for configuration files
Origin: source archive ini-files-10.zip at https://sourceforge.net/projects/ini-files/files/ini-files/ini-files-10.zip with hash sha512:6f2bab21ce53d8b4448d30c0fc1b0bd4ec070120f6343ff176dbec338530e8d7948e14fd8e991b26f108f60cd7dc44531a537c8ca087c66ffca4d9993de32f60
Properties:
   Author: Rolf Ebert
   Author: Gautier de Montmollin
   Description: A standalone, portable Ada package for configuration files
   License: MIT
   Maintainer: rolf.ebert.gcc@gmx.de
   Maintainer: gdemont@hotmail.com
   Maintainers_Logins: RREE
   Maintainers_Logins: zertovitch
   Name: ini_files
   Project_File: ini_files.gpr
   Version: 10.0.0
   Website: https://sourceforge.net/p/ini-files/
warning: Index 'community' version (1.2.0) is older than the newest supported by alr (1.2.1)
warning: You can disable this warning with configuration key 'warning.old_index'
Note: If you experience any problems loading this index, you may need to reset the community index with 'alr index --reset-community'. Note that this operation will delete any local changes to the community index.


LOG:
warning: Index 'community' version (1.2.0) is older than the newest supported by alr (1.2.1)
warning: You can disable this warning with configuration key 'warning.old_index'
Note: If you experience any problems loading this index, you may need to reset the community index with 'alr index --reset-community'. Note that this operation will delete any local changes to the community index.
Note: Deploying ini_files=10.0.0...
#=#=#                                                                         
##=#=-#                                                                       

######################################################################## 100.0%##-=#=-#                                                                      

######################################################################## 100.0%
Note: Building ini_files/ini_files.gpr...
Setup
   [mkdir]        object directory for project Ini_files
Compile
   [Ada]          test_config.adb
   [Ada]          rosetta_read_cfg.adb
   [Ada]          rosetta_updt_cfg.adb
   [Ada]          rosetta_updt_cfg_reset.adb
   [Ada]          config.adb
Bind
   [gprbind]      test_config.bexch
   [gprbind]      rosetta_read_cfg.bexch
   [Ada]          test_config.ali
   [Ada]          rosetta_read_cfg.ali
   [gprbind]      rosetta_updt_cfg.bexch
   [Ada]          rosetta_updt_cfg.ali
   [gprbind]      rosetta_updt_cfg_reset.bexch
   [Ada]          rosetta_updt_cfg_reset.ali
Link
   [link]         test_config.adb
   [link]         rosetta_read_cfg.adb
   [link]         rosetta_updt_cfg.adb
   [link]         rosetta_updt_cfg_reset.adb
Build finished successfully in 1.71 seconds.

ini_files=10.0.0 successfully retrieved and built.
There are no dependencies.
Found declared GPR file: ini_files.gpr
