Test ran at 2023-09-28 00:49:18.383480+00:00

SOLUTION:
mcp2221=1.20962.1: MCP2221 USB Raw HID I/O Expander Library for GNAT Ada
Origin: source archive mcp2221-1.20962.1.tbz2 at http://repo.munts.com/alire/mcp2221-1.20962.1.tbz2 with hashes sha256:5037aea84557b2061418276336dffc4213b741da76219770f4a0f3cbe7eba65f, sha512:2de597211912f33bfa2aca08b36b01c99c2629a5c25cd0e959707a6275d32592a9e0097671f5ed1071966905c154c4a6ff8eed1e312679faf16a80d336bb1645
Available when: (case OS is Linux => True, Macos => True, Windows => True, others => False)
Properties:
   case OS is
      when Linux => Post_Fetch run: ${CRATE_DIR}/./sh -c ./src/scripts/postfetch.linux
      when Macos => Post_Fetch run: ${CRATE_DIR}/./sh -c ./src/scripts/postfetch.macos
      when Windows => Post_Fetch run: ${CRATE_DIR}/./sh -c ./src/scripts/postfetch.windows
   Author: Philip Munts
   Description: MCP2221 USB Raw HID I/O Expander Library for GNAT Ada
   License: BSD-1-Clause
   Maintainer: Philip Munts <phil@munts.net>
   Maintainers_Logins: pmunts
   Name: mcp2221
   Project_File: mcp2221.gpr
   Tag: embedded
   Tag: linux
   Tag: mcp2221
   Tag: adc
   Tag: dac
   Tag: gpio
   Tag: i2c
   Tag: motor
   Tag: pwm
   Tag: sensor
   Tag: serial
   Tag: servo
   Tag: spi
   Tag: stepper
   Version: 1.20962.1
   Website: https://github.com/pmunts/libsimpleio
Dependencies (direct):
   case OS is
      when Linux => libhidapi*
   case OS is
      when Linux => libusb*
Dependencies (solution):
   libhidapi=0.11.2
   libusb=1.0.25
Dependencies (graph):
   mcp2221=1.20962.1 --> libhidapi=0.11.2 (*)
   mcp2221=1.20962.1 --> libusb=1.0.25 (*)   


LOG:
Note: Deploying mcp2221=1.20962.1...

####                                                                       6.3%
######################################################################## 100.0%
Note: Deploying libhidapi=0.11.2...
The system package 'libhidapi-dev' is about to be installed.
This action might require admin privileges and impact your system installation.
Do you want Alire to install this system package?
Using default: Yes
Selecting previously unselected package libhidapi-libusb0:amd64.
(Reading database ... 
(Reading database ... 5%
(Reading database ... 10%
(Reading database ... 15%
(Reading database ... 20%
(Reading database ... 25%
(Reading database ... 30%
(Reading database ... 35%
(Reading database ... 40%
(Reading database ... 45%
(Reading database ... 50%
(Reading database ... 55%
(Reading database ... 60%
(Reading database ... 65%
(Reading database ... 70%
(Reading database ... 75%
(Reading database ... 80%
(Reading database ... 85%
(Reading database ... 90%
(Reading database ... 95%
(Reading database ... 100%
(Reading database ... 225600 files and directories currently installed.)
Preparing to unpack .../libhidapi-libusb0_0.11.2-1_amd64.deb ...
Unpacking libhidapi-libusb0:amd64 (0.11.2-1) ...
Selecting previously unselected package libhidapi-hidraw0:amd64.
Preparing to unpack .../libhidapi-hidraw0_0.11.2-1_amd64.deb ...
Unpacking libhidapi-hidraw0:amd64 (0.11.2-1) ...
Selecting previously unselected package libhidapi-dev:amd64.
Preparing to unpack .../libhidapi-dev_0.11.2-1_amd64.deb ...
Unpacking libhidapi-dev:amd64 (0.11.2-1) ...
Setting up libhidapi-hidraw0:amd64 (0.11.2-1) ...
Setting up libhidapi-libusb0:amd64 (0.11.2-1) ...
Setting up libhidapi-dev:amd64 (0.11.2-1) ...
Processing triggers for libc-bin (2.35-0ubuntu3.3) ...
NEEDRESTART-VER: 3.5
NEEDRESTART-KCUR: 6.2.0-1012-azure
NEEDRESTART-KEXP: 6.2.0-1012-azure
NEEDRESTART-KSTA: 1
Note: Deploying libusb=1.0.25...
The system package 'libusb-1.0-0-dev' is about to be installed.
This action might require admin privileges and impact your system installation.
Do you want Alire to install this system package?
Using default: Yes
Selecting previously unselected package libusb-1.0-0-dev:amd64.
(Reading database ... 
(Reading database ... 5%
(Reading database ... 10%
(Reading database ... 15%
(Reading database ... 20%
(Reading database ... 25%
(Reading database ... 30%
(Reading database ... 35%
(Reading database ... 40%
(Reading database ... 45%
(Reading database ... 50%
(Reading database ... 55%
(Reading database ... 60%
(Reading database ... 65%
(Reading database ... 70%
(Reading database ... 75%
(Reading database ... 80%
(Reading database ... 85%
(Reading database ... 90%
(Reading database ... 95%
(Reading database ... 100%
(Reading database ... 225624 files and directories currently installed.)
Preparing to unpack .../libusb-1.0-0-dev_2%3a1.0.25-1ubuntu2_amd64.deb ...
Unpacking libusb-1.0-0-dev:amd64 (2:1.0.25-1ubuntu2) ...
Selecting previously unselected package libusb-1.0-doc.
Preparing to unpack .../libusb-1.0-doc_2%3a1.0.25-1ubuntu2_all.deb ...
Unpacking libusb-1.0-doc (2:1.0.25-1ubuntu2) ...
Setting up libusb-1.0-doc (2:1.0.25-1ubuntu2) ...
Setting up libusb-1.0-0-dev:amd64 (2:1.0.25-1ubuntu2) ...
NEEDRESTART-VER: 3.5
NEEDRESTART-KCUR: 6.2.0-1012-azure
NEEDRESTART-KEXP: 6.2.0-1012-azure
NEEDRESTART-KSTA: 1
Note: Running post_fetch actions for mcp2221=1.20962.1...
Note: Building mcp2221/mcp2221.gpr...
Setup
   [mkdir]        object directory for project MCP2221
   [mkdir]        library directory for project MCP2221
Compile
   [Ada]          hid-libusb.adb
   [Ada]          thermistor.adb
   [Ada]          servo-pwm.ads
   [Ada]          debug.adb
   [Ada]          reference_counted_table.adb
   [Ada]          gpio-pwm.adb
   [Ada]          hid-hidapi.adb
   [Ada]          motor-pwm.adb
   [Ada]          motor-servo.adb
   [Ada]          pwm.ads
   [Ada]          i2c.adb
   [Ada]          hid.adb
   [Ada]          message64.ads
   [Ada]          logging.ads
   [Ada]          spi.ads
   [Ada]          gyroscope.ads
   [Ada]          magnetometer.ads
   [Ada]          resistance.ads
   [Ada]          joystick.ads
   [Ada]          temperature.ads
   [Ada]          motor.ads
   [Ada]          servo-pwm_template.adb
   [Ada]          gpio.ads
   [Ada]          angle.ads
   [Ada]          adc.adb
   [Ada]          pressure.ads
   [Ada]          dac.adb
   [Ada]          truecolor.ads
   [Ada]          accelerometer.ads
   [Ada]          messaging-text.ads
   [Ada]          voltage.ads
   [Ada]          stepper.ads
   [Ada]          io_interfaces.ads
   [Ada]          watchdog.ads
   [Ada]          messaging.adb
   [Ada]          humidity.ads
   [Ada]          servo.ads
   [Ada]          analog.ads
   [Ada]          messaging-fixed.ads
   [Ada]          ads1015.adb
   [Ada]          mpl3115a2.adb
   [Ada]          pca9534-gpio.adb
   [Ada]          grove_temperature.adb
   [Ada]          grove_tb6612.adb
   [Ada]          pca8574-gpio.adb
   [Ada]          tmp102.adb
   [Ada]          lps25h.adb
   [Ada]          pca8574.adb
   [Ada]          a4988.adb
   [Ada]          tlc1543.adb
   [Ada]          mcp2221-libusb.adb
   [Ada]          mcp2221-gpio.adb
   [Ada]          grove_tb6612-motor.adb
   [Ada]          hdc1080.adb
   [Ada]          mcp23x17-gpio.adb
   [Ada]          pca9685-pwm.adb
   [Ada]          lsm9ds1.adb
   [Ada]          grove_temperature_humidity.ads
   [Ada]          mcp23x17.adb
lsm9ds1.adb:154:12: warning: function "ReadRegister" is not referenced [-gnatwu]
lsm9ds1.adb:250:16: warning: formal parameter "Self" is not referenced [-gnatwf]
   [Ada]          adc121c021.adb
   [Ada]          pca9685.adb
   [Ada]          bmp280.adb
   [Ada]          mcp23x17-word.adb
   [Ada]          cytron_md13s.adb
   [Ada]          grove_tb6612-stepper.adb
   [Ada]          hid-munts.ads
   [Ada]          hts221.adb
   [Ada]          mcp2221.adb
   [Ada]          tcs3472.adb
   [Ada]          th02.adb
   [Ada]          htu21d.adb
   [Ada]          mcp2221-hidapi.adb
   [Ada]          pca9534.adb
   [Ada]          mcp2221-adc.adb
   [Ada]          mcp23x17-byte.adb
   [Ada]          grove_adc.ads
   [Ada]          mcp2221-i2c.adb
   [Ada]          pca9685-gpio.adb
   [Ada]          errno.ads
   [Ada]          mcp2221_config.ads
Build Libraries
   [gprlib]       libsimpleio.lexch
   [archive]      liblibsimpleio.a
   [index]        liblibsimpleio.a
Build finished successfully in 5.63 seconds.

mcp2221=1.20962.1 successfully retrieved and built.
Dependencies were solved as follows:

   + libhidapi 0.11.2 (new)
   + libusb    1.0.25 (new)
Found declared GPR file: mcp2221.gpr
