Test ran at 2023-06-02 01:25:05.660878+00:00

SOLUTION:
cmd_ada=0.0.1: Command based text UI, inspired by Python cmd module
Origin: commit fe3d4ab5dfcdad4f682dddbe0d8d8d6a1d4a838a from https://github.com/heharkon/ada_cmd.git
Properties:
   Author: Henrik Härkönen
   Description: Command based text UI, inspired by Python cmd module
   License: Apache-2.0
   Maintainer: Henrik Härkönen <heharkon@iki.fi>
   Maintainers_Logins: heharkon
   Name: cmd_ada
   Tag: ui
   Tag: command-line
   Version: 0.0.1


LOG:
Note: Deploying cmd_ada=0.0.1...
Note: Migrating lockfile from /home/runner/work/alire-crates-ci/alire-crates-ci/test/6103949f-3868-46bd-a59f-8c956ed6c30a/cmd_ada_0.0.1_fe3d4ab5/alire.lock to /home/runner/work/alire-crates-ci/alire-crates-ci/test/6103949f-3868-46bd-a59f-8c956ed6c30a/cmd_ada_0.0.1_fe3d4ab5/alire/alire.lock
Note: Building cmd_ada/cmd_ada.gpr...
Setup
   [mkdir]        object directory for project Cmd_ada
   [mkdir]        library directory for project Cmd_ada
Compile
   [Ada]          cmd_ada.adb
Build Libraries
   [gprlib]       Cmd_ada.lexch
   [archive]      libCmd_ada.a
   [index]        libCmd_ada.a
Build finished successfully in 2.19 seconds.

cmd_ada=0.0.1 successfully retrieved and built.
There are no dependencies.
Found declared GPR file: cmd_ada.gpr
