Test ran at 2022-06-17 01:26:04.234756+00:00

SOLUTION:
utilada=2.1.0: Utility Library with streams, processes, logs, serialization, encoders
Origin: source archive 2.1.0.tar.gz at https://github.com/stcarrez/ada-util/archive/2.1.0.tar.gz with hash sha512:56b450911111eef4ff0675021781e79c7be7c4063868c01a773a7bf5193202a58da3c5285924d2723c07f4d95df93b74f6fe3fb4d32ad718274ff3bce25601d3
Properties:
   Author: Stephane.Carrez@gmail.com
   Description: Utility Library with streams, processes, logs, serialization, encoders
   GPR Scenario: BUILD := distrib | debug | optimize | profile | coverage
   GPR Scenario: UTIL_LIBRARY_TYPE := relocatable | static | static-pic
   GPR Scenario: UTIL_OS := win32 | win64 | linux32 | linux64 | macos64 | netbsd32 | netbsd64 | freebsd32 | freebsd64
   case OS is
      when Linux => (case Word_Size is Bits_32 => GPR External: UTIL_OS := linux32, Bits_64 => GPR External: UTIL_OS := linux64)
      when Macos => GPR External: UTIL_OS := macos64
      when Windows => (case Word_Size is Bits_32 => GPR External: UTIL_OS := win32, Bits_64 => GPR External: UTIL_OS := win64)
   GPR External: BUILD := distrib
   GPR External: UTIL_LIBRARY_TYPE := static
   License: Apache-2.0
   Long_Description: 
[![Build Status](https://img.shields.io/jenkins/s/https/jenkins.vacs.fr/Ada-Util.svg)](https://jenkins.vacs.fr/job/Ada-Util/)
[![Test Status](https://img.shields.io/jenkins/t/https/jenkins.vacs.fr/Ada-Util.svg)](https://jenkins.vacs.fr/job/Ada-Util/)
[![codecov](https://codecov.io/gh/stcarrez/ada-util/branch/master/graph/badge.svg)](https://codecov.io/gh/stcarrez/ada-util)

This Ada05 library contains various utility packages for building
Ada05 applications.  This includes:

* A logging framework close to Java log4j framework,
* Support for properties
* A serialization/deserialization framework for XML, JSON, CSV
* Ada beans framework
* Encoding/decoding framework (Base16, Base64, SHA, HMAC-SHA, AES-256)
* A composing stream framework (raw, files, buffers, pipes, sockets)
* Several concurrency tools (reference counters, counters, pools, fifos, arrays)
* Process creation and pipes
* Support for loading shared libraries (on Windows or Unix)
* HTTP client library on top of CURL or AWS

Ada Util also provides a small test utility library on top of
Ahven or AUnit to help in writing unit tests.  Ahven is the default testing
framework as it provides better reports.

## Documentation

* [Ada Utility Library Programmer's Guide](https://ada-util.readthedocs.io/en/latest/intro/)


   Maintainer: Stephane.Carrez@gmail.com
   Maintainers_Logins: stcarrez
   Name: utilada
   Project_File: .alire/utilada_conf.gpr
   Project_File: utilada_core.gpr
   Project_File: utilada_base.gpr
   Project_File: utilada_sys.gpr
   Tag: logging
   Tag: processes
   Tag: streams
   Tag: json
   Tag: beans
   Tag: encoders
   Tag: decoders
   Version: 2.1.0


LOG:
Note: Deploying utilada=2.1.0...
#=#=#                                                                         
##O#-#                                                                        
##O=#  #                                                                      

##                                                                         4.0%
##########                                                                14.8%
################################                                          45.2%
######################################################################## 100.0%
Note: Building utilada/.alire/utilada_conf.gpr (1/4)...
gprbuild: no sources to compile
Note: Building utilada/utilada_core.gpr (2/4)...
Setup
   [mkdir]        object directory for project UtilAda_Core
   [mkdir]        library directory for project UtilAda_Core
Compile
   [Ada]          util-texts-formats.adb
   [Ada]          util-texts.ads
   [Ada]          util-texts-transforms.adb
   [Ada]          util-texts-tokenizers.adb
   [Ada]          util-texts-builders.adb
   [Ada]          util-strings-tokenizers.ads
   [Ada]          util-strings-transforms.adb
   [Ada]          util-strings-sets.ads
   [Ada]          util-strings-builders.ads
   [Ada]          util-strings-vectors.ads
   [Ada]          util-strings.adb
   [Ada]          util-strings-builders-transforms.ads
   [Ada]          util-strings-maps.ads
   [Ada]          util-listeners.ads
   [Ada]          util-listeners-observers.adb
   [Ada]          util-listeners-lifecycles.adb
   [Ada]          util-concurrent-counters.adb
   [Ada]          util-concurrent.ads
   [Ada]          util-concurrent-arrays.adb
   [Ada]          util-concurrent-fifos.adb
   [Ada]          util-concurrent-pools.adb
   [Ada]          util-concurrent-locks.adb
   [Ada]          util-concurrent-sequence_queues.adb
   [Ada]          util-concurrent-copies.adb
   [Ada]          util-refs.adb
   [Ada]          util-locales.adb
   [Ada]          util-nullables.ads
   [Ada]          util.ads
   [Ada]          util-algorithms.ads
   [Ada]          util-stacks.adb
   [Ada]          util-executors.adb
Build Libraries
   [gprlib]       utilada_core.lexch
   [archive]      libutilada_core.a
   [index]        libutilada_core.a
Note: Building utilada/utilada_base.gpr (3/4)...
Compile
   [Ada]          util-properties-bundles.adb
   [Ada]          util-properties-discrete.adb
   [Ada]          util-properties.adb
util-properties.adb:518:07: warning: variable "Old_Shared" is never read and never assigned
   [Ada]          util-properties-basic.adb
   [Ada]          util-log-locations.adb
   [Ada]          util-log-appenders.adb
   [Ada]          util-log-loggers.adb
   [Ada]          util-log.adb
   [Ada]          util-files.adb
   [Ada]          util-events.adb
   [Ada]          util-events-timers.adb
   [Ada]          util-events-channels.adb
   [Ada]          util-dates.adb
   [Ada]          util-dates-iso8601.adb
   [Ada]          util-dates-rfc7231.adb
   [Ada]          util-dates-formats.adb
   [Ada]          util-commands.adb
   [Ada]          util-commands-parsers-gnat_parser.adb
   [Ada]          util-commands-consoles-text.adb
   [Ada]          util-commands-consoles.adb
   [Ada]          util-commands-parsers.adb
   [Ada]          util-commands-drivers.adb
   [Ada]          util-beans-basic-lists.adb
   [Ada]          util-beans-objects-vectors.adb
   [Ada]          util-beans-objects-hash.adb
   [Ada]          util-beans-objects-records.adb
   [Ada]          util-beans-lists.ads
   [Ada]          util-beans-methods.ads
   [Ada]          util-beans-lists-strings.adb
   [Ada]          util-beans.ads
   [Ada]          util-beans-objects-datasets.adb
   [Ada]          util-beans-objects-enums.adb
   [Ada]          util-beans-basic.ads
   [Ada]          util-beans-objects-lists.adb
   [Ada]          util-beans-ranges.ads
   [Ada]          util-beans-objects-maps.adb
   [Ada]          util-beans-objects-pairs.adb
   [Ada]          util-beans-objects-to_access.adb
   [Ada]          util-beans-objects.adb
   [Ada]          util-beans-factory.adb
   [Ada]          util-beans-objects-time.adb
   [Ada]          util-beans-basic-ranges.adb
Build Libraries
   [gprlib]       utilada_base.lexch
   [archive]      libutilada_base.a
   [index]        libutilada_base.a
Note: Building utilada/utilada_sys.gpr (4/4)...
Setup
   [mkdir]        object directory for project UtilAda_Sys
   [mkdir]        library directory for project UtilAda_Sys
Compile
   [Ada]          util-systems-constants.ads
   [Ada]          util-systems-types.ads
   [Ada]          util-streams-raw.adb
   [Ada]          util-processes-os.adb
   [Ada]          util-systems-dlls.adb
   [Ada]          util-systems-os.ads
   [Ada]          util-processes-tools.adb
   [Ada]          util-processes.adb
   [Ada]          util-http-cookies.adb
   [Ada]          util-http-mockups.adb
   [Ada]          util-http-rest-rest_get_vector.adb
   [Ada]          util-mail.adb
   [Ada]          util-http-rest.adb
   [Ada]          util-http-tools.adb
   [Ada]          util-http-clients-mockups.adb
   [Ada]          util-http.adb
   [Ada]          util-http-clients.adb
   [Ada]          util-http-parts.adb
   [Ada]          util-encoders-kdf.ads
   [Ada]          util-encoders-hmac-sha256.adb
   [Ada]          util-encoders-hmac.ads
   [Ada]          util-encoders-ecc.adb
   [Ada]          util-encoders-sha1.adb
   [Ada]          util-encoders-base64.adb
   [Ada]          util-encoders-kdf-pbkdf2.adb
   [Ada]          util-encoders-base16.adb
   [Ada]          util-encoders.adb
   [Ada]          util-encoders-aes.adb
   [Ada]          util-encoders-hmac-sha1.adb
   [Ada]          util-encoders-kdf-pbkdf2_hmac_sha256.ads
   [Ada]          util-encoders-sha256.adb
   [Ada]          util-measures.adb
   [Ada]          util-streams-base16.ads
   [Ada]          util-streams-buffered.adb
   [Ada]          util-streams-texts-tr.ads
   [Ada]          util-streams-aes.adb
   [Ada]          util-streams-pipes.adb
   [Ada]          util-streams-base64.ads
   [Ada]          util-streams.adb
   [Ada]          util-streams-files.adb
   [Ada]          util-streams-sockets.adb
   [Ada]          util-streams-texts-wtr.ads
   [Ada]          util-streams-buffered-encoders.adb
   [Ada]          util-streams-texts.adb
   [Ada]          util-serialize-contexts.adb
   [Ada]          util-serialize.ads
   [Ada]          util-serialize-mappers.adb
   [Ada]          util-serialize-mappers-record_mapper.adb
   [Ada]          util-serialize-io-form.adb
   [Ada]          util-serialize-io-csv.adb
   [Ada]          util-beans-objects-readers.adb
   [Ada]          util-serialize-io.adb
   [Ada]          util-properties-json.adb
   [Ada]          util-serialize-tools.adb
   [Ada]          util-serialize-mappers-vector_mapper.adb
   [Ada]          util-serialize-io-json.adb
   [Ada]          util-systems.ads
Build Libraries
   [gprlib]       utilada_sys.lexch
   [archive]      libutilada_sys.a
   [index]        libutilada_sys.a
Build finished successfully in 32.90 seconds.

utilada=2.1.0 successfully retrieved and built.
There are no dependencies.
