Test ran at 2025-01-28 01:52:20.734555+00:00

SOLUTION:
stephes_ada_library=3.7.2: Stephe's Ada library; miscellaneous useful stuff.
Origin: source archive stephes_ada_library-3.7.2.tgz at https://download.savannah.nongnu.org/releases/ada-mode/stephes_ada_library-3.7.2.tgz with hashes sha256:2b6a88f9c0a98f6ea928eabe2c76bf465274ec5097fbc428c0b4756e6a752819, sha512:e3d17bf9ee8052569a13d46475235979c76838aeeec72ef7da3fec0bedfc887fb28e9a6cf6fb65fc340407531c5bbb130a48226f7e9f9488bbf9c5e55e0a9150
Properties:
   Author: Stephen Leake
   Description: Stephe's Ada library; miscellaneous useful stuff.
   License: GPL-3.0-or-later
   Maintainer: Stephen Leake <stephen_leake@stephe-leake.org>
   Maintainers_Logins: stephe-ada-guru
   Name: stephes_ada_library
   Project_File: build/stephes_ada_library.gpr
   Tag: containers
   Tag: trees
   Version: 3.7.2
   Website: https://stephe-leake.org/ada/sal.html
Dependencies (direct):
   gnat(>=11 & <2000) | >=2021
Dependencies (solution):
   gnat=13.1.0 (gnat_native) (installed)
Dependencies (graph):
   stephes_ada_library=3.7.2 --> gnat=13.1.0 (gnat_native) ((>=11 & <2000) | >=2021)


LOG:
Note: Deploying stephes_ada_library=3.7.2...
#=#=#                                                                          
##O#-#                                                                         
##O=#  #                                                                       
#=#=-#  #                                                                      

#############                                                             18.4%
######################################################################## 100.0%
Note: Building stephes_ada_library/build/stephes_ada_library.gpr...
Setup
   [mkdir]        object directory for project Stephes_Ada_Library
   [mkdir]        exec directory for project Stephes_Ada_Library
Compile
   [Ada]          sal-endianness.ads
   [Ada]          sal-gen_unconstrained_array_image.adb
   [Ada]          ada_config.ads
   [Ada]          sal-gen_unbounded_definite_vectors-gen_comparable.adb
   [Ada]          sal-gen_unbounded_definite_stacks-gen_image_aux.adb
   [Ada]          sal-gen_unbounded_definite_stacks.adb
   [Ada]          sal-gen_graphs.adb
   [Ada]          sal-file_names.adb
   [Ada]          sal-text_io_utils.adb
   [Ada]          sal-unix_text_io.adb
   [Ada]          ada_calendar_config.adb
   [Ada]          ada_strings_unbounded_text_io.adb
   [Ada]          sal-gen_indefinite_doubly_linked_lists.adb
   [Ada]          sal-time_conversions.adb
   [Ada]          sal-gen_indefinite_doubly_linked_lists-gen_image_aux.adb
   [Ada]          sal-config_files-port.ads
   [Ada]          sal-generic_decimal_image.adb
   [Ada]          sal-gen_definite_doubly_linked_lists-gen_image.adb
   [Ada]          sal-interfaces_more-images.ads
   [Ada]          sal-ada_containers.ads
   [Ada]          sal-gen_bounded_definite_vectors-gen_image_aux.adb
   [Ada]          sal-generic_decimal_image_unsigned.adb
   [Ada]          sal-gen_unbounded_definite_min_heaps_fibonacci.adb
   [Ada]          sal-generic_hex_image.adb
   [Ada]          sal-gen_bounded_definite_vectors_sorted.adb
   [Ada]          sal-gen_bounded_definite_stacks-gen_image_aux.adb
   [Ada]          sal-gen_bounded_definite_doubly_linked_lists.adb
   [Ada]          sal-gen_definite_doubly_linked_lists_sorted-gen_image.adb
   [Ada]          sal-gen_indefinite_doubly_linked_lists_sorted_aux.adb
   [Ada]          sal-gen_unbounded_sparse_ordered_sets.adb
   [Ada]          sal-csv.adb
   [Ada]          sal-network_order-gen_scalar_64.adb
   [Ada]          sal-gen_bounded_definite_doubly_linked_lists-gen_image_aux.adb
   [Ada]          sal-command_line_io.adb
   [Ada]          sal-gen_bounded_definite_stacks.adb
   [Ada]          sal-gen_histogram-gen_gnuplot.adb
   [Ada]          sal-gen_bounded_definite_vectors_sorted-gen_refs.adb
   [Ada]          sal-gen_trimmed_image.adb
   [Ada]          sal-gen_unbounded_definite_vectors-gen_protected.adb
   [Ada]          sal-gen_unbounded_indefinite_queues.adb
   [Ada]          sal-gen_unbounded_definite_min_heaps_binary.adb
   [Ada]          sal-gen_unconstrained_array_image_aux.adb
   [Ada]          sal-gen_bounded_definite_vectors-gen_refs.adb
   [Ada]          sal-long_float_stats.ads
   [Ada]          long_float_elementary_functions.ads
   [Ada]          sal-gen_definite_doubly_linked_lists.adb
   [Ada]          sal-gen_unbounded_definite_vectors_sorted.adb
   [Ada]          sal-gen_stats-gen_image.adb
   [Ada]          sal-gen_unbounded_definite_queues-gen_image_aux.adb
   [Ada]          sal-time_conversions-config.ads
   [Ada]          sal-gen_unbounded_definite_hash_tables.adb
   [Ada]          sal-gen_bounded_definite_vectors_sorted-gen_image_aux.adb
   [Ada]          sal-config_files-duration.ads
   [Ada]          sal-gen_bounded_definite_vectors.adb
   [Ada]          sal-web_utils.adb
   [Ada]          sal-gen_trimmed_image_unsigned.adb
   [Ada]          sal-gen_bounded_definite_vectors-gen_image.adb
   [Ada]          sal-gen_unbounded_definite_queues.adb
   [Ada]          sal-gen_unbounded_definite_vectors-gen_image_aux.adb
   [Ada]          sal-calendar_more.ads
   [Ada]          sal-long_float_stats-image.ads
   [Ada]          sal-gen_definite_doubly_linked_lists-gen_image_aux.adb
   [Ada]          sal-config_files.adb
   [Ada]          sal-gen_unbounded_indefinite_vectors.adb
   [Ada]          sal-gen_unbounded_definite_vectors-gen_image.adb
   [Ada]          sal-interfaces_more-config.ads
   [Ada]          sal-gen_randomize_doubly_linked_lists.adb
   [Ada]          sal-memory_streams.adb
   [Ada]          sal-gen_bounded_definite_queues.adb
   [Ada]          sal-gen_unbounded_definite_red_black_trees.adb
   [Ada]          sal-gen_stats.adb
   [Ada]          sal-config_files-boolean.ads
   [Ada]          sal-gen_definite_doubly_linked_lists_ref_count.adb
   [Ada]          sal-gen_unbounded_definite_red_black_trees-gen_print_tree.adb
   [Ada]          sal-ada_containers-gen_doubly_linked_lists_image.adb
   [Ada]          sal-generic_hex_value.adb
   [Ada]          sal-network_order-gen_scalar_32.adb
   [Ada]          sal-generic_fixed_image.adb
   [Ada]          sal-config_files-integer.ads
   [Ada]          sal-generic_binary_image.adb
   [Ada]          sal-gen_unbounded_definite_vectors.adb
   [Ada]          sal-gen_array_image.adb
   [Ada]          sal-interfaces_more.adb
   [Ada]          sal-generic_float_image.adb
   [Ada]          sal-gen_histogram.adb
   [Ada]          sal.adb
   [Ada]          sal-network_order.adb
   [Ada]          sal-gen_definite_doubly_linked_lists_sorted.adb
Build finished successfully in 28.80 seconds.

stephes_ada_library=3.7.2 successfully retrieved and built.
Dependencies were solved as follows:

   +i gnat 13.1.0 (new,installed,gnat_native)
Found declared GPR file: build/stephes_ada_library.gpr
