Test ran at 2024-06-23 13:06:02.270974+00:00

SOLUTION:
aicwl=3.24.1: Ada Industrial Control Widgets Library
Origin: commit 73939c9ed0be13a994728d1c362b945e5d131f19 from https://github.com/HeisenbugLtd/aicwl.git
Properties:
   Author: Dmitry A. Kazakov <mailbox@dmitry-kazakov.de>
   Description: Ada Industrial Control Widgets Library
   GPR Scenario: Development := Debug | Release | Profile
   GPR Scenario: Legacy := Ada95 | Ada2005 | Ada2012
   License: GPL-2.0-or-later WITH GCC-exception-2.0
   Long_Description: This crate provides a library for designing high-quality industrial control
widgets for Ada applications. The software is based on
[GtkAda](https://docs.adacore.com/live/wave/gtkada/html/gtkada_rm/index.html),
Ada bindings to [Gtk+](https://www.gtk.org/), and
[cairo](https://www.cairographics.org/manual/index.html).

The key features of the library are:

* Widgets composed of transparent layers drawn by cairo
* Fully scalable graphics
* Support of time controlled refresh policy for real-time and heavy-duty applications
* Caching graphical operations
* Stream I/O support for serialization and deserialization
* Ready-to-use gauge, meter, oscilloscope widgets
* Editor widget for WYSIWYG design of complex dashboards

For further information, visit the
[AICWL website](http://www.dmitry-kazakov.de/ada/aicwl.htm).

Maintainer's note:

This Alire crate is packaged in a rather minimalistic way to keep dependencies
on external libraries at a minimum. The crate's definition covers the core
functionality of AICWL, though, so it should be sufficient for most needs.

For example, the original distribution has references to
[Simple Components](http://www.dmitry-kazakov.de/ada/components.htm) which are
not strictly necessary for the core functionality of the library.

   Maintainer: Vinzent "Jellix" Saranen <vinzent@heisenbug.eu>
   Maintainers_Logins: Jellix
   Name: aicwl
   Project_File: sources/aicwl.gpr
   Project_File: sources/aicwl-editor.gpr
   Tag: widgets
   Tag: gauge
   Tag: graphics
   Tag: ui
   Tag: gtk
   Version: 3.24.1
   Website: http://www.dmitry-kazakov.de/ada/aicwl.htm
Dependencies (direct):
   gtkada>=17
Dependencies (solution):
   gtkada=24.0.0
   libgtk3=3.24.41
   make=4.3.0
   pkg_config=1.8.1
Dependencies (graph):
   aicwl=3.24.1  --> gtkada=24.0.0 (>=17)       
   gtkada=24.0.0 --> libgtk3=3.24.41 (>=3.24.24)
   gtkada=24.0.0 --> make=4.3.0 (*)             
   gtkada=24.0.0 --> pkg_config=1.8.1 (*)       


LOG:
Note: Deploying aicwl=3.24.1...
Note: Migrating lockfile from /home/runner/work/alire-crates-ci/alire-crates-ci/test/f4df0ac8-f31f-4ee3-b62a-2282b333d9b7/aicwl_3.24.1_73939c9e/alire.lock to /home/runner/work/alire-crates-ci/alire-crates-ci/test/f4df0ac8-f31f-4ee3-b62a-2282b333d9b7/aicwl_3.24.1_73939c9e/alire/alire.lock
Note: Deploying libgtk3=3.24.41...
The system package 'libgtk-3-dev' is about to be installed.
This action might require admin privileges and impact your system installation.
Do you want Alire to install this system package?
Using default: Yes
debconf: delaying package configuration, since apt-utils is not installed
Selecting previously unselected package libargon2-1:amd64.
(Reading database ... 
(Reading database ... 5%
(Reading database ... 10%
(Reading database ... 15%
(Reading database ... 20%
(Reading database ... 25%
(Reading database ... 30%
(Reading database ... 35%
(Reading database ... 40%
(Reading database ... 45%
(Reading database ... 50%
(Reading database ... 55%
(Reading database ... 60%
(Reading database ... 65%
(Reading database ... 70%
(Reading database ... 75%
(Reading database ... 80%
(Reading database ... 85%
(Reading database ... 90%
(Reading database ... 95%
(Reading database ... 100%
(Reading database ... 22172 files and directories currently installed.)
Preparing to unpack .../0-libargon2-1_0~20190702+dfsg-4build1_amd64.deb ...
Unpacking libargon2-1:amd64 (0~20190702+dfsg-4build1) ...
Selecting previously unselected package libdevmapper1.02.1:amd64.
Preparing to unpack .../1-libdevmapper1.02.1_2%3a1.02.185-3ubuntu3_amd64.deb ...
Unpacking libdevmapper1.02.1:amd64 (2:1.02.185-3ubuntu3) ...
Selecting previously unselected package libjson-c5:amd64.
Preparing to unpack .../2-libjson-c5_0.17-1build1_amd64.deb ...
Unpacking libjson-c5:amd64 (0.17-1build1) ...
Selecting previously unselected package libcryptsetup12:amd64.
Preparing to unpack .../3-libcryptsetup12_2%3a2.7.0-1ubuntu4_amd64.deb ...
Unpacking libcryptsetup12:amd64 (2:2.7.0-1ubuntu4) ...
Selecting previously unselected package libfdisk1:amd64.
Preparing to unpack .../4-libfdisk1_2.39.3-9ubuntu6_amd64.deb ...
Unpacking libfdisk1:amd64 (2.39.3-9ubuntu6) ...
Selecting previously unselected package libkmod2:amd64.
Preparing to unpack .../5-libkmod2_31+20240202-2ubuntu7_amd64.deb ...
Unpacking libkmod2:amd64 (31+20240202-2ubuntu7) ...
Selecting previously unselected package libsystemd-shared:amd64.
Preparing to unpack .../6-libsystemd-shared_255.4-1ubuntu8.1_amd64.deb ...
Unpacking libsystemd-shared:amd64 (255.4-1ubuntu8.1) ...
Selecting previously unselected package systemd-dev.
Preparing to unpack .../7-systemd-dev_255.4-1ubuntu8.1_all.deb ...
Unpacking systemd-dev (255.4-1ubuntu8.1) ...
Selecting previously unselected package systemd.
Preparing to unpack .../8-systemd_255.4-1ubuntu8.1_amd64.deb ...
Unpacking systemd (255.4-1ubuntu8.1) ...
Setting up libargon2-1:amd64 (0~20190702+dfsg-4build1) ...
Setting up libdevmapper1.02.1:amd64 (2:1.02.185-3ubuntu3) ...
Setting up libjson-c5:amd64 (0.17-1build1) ...
Setting up libcryptsetup12:amd64 (2:2.7.0-1ubuntu4) ...
Setting up libfdisk1:amd64 (2.39.3-9ubuntu6) ...
Setting up libkmod2:amd64 (31+20240202-2ubuntu7) ...
Setting up libsystemd-shared:amd64 (255.4-1ubuntu8.1) ...
Setting up systemd-dev (255.4-1ubuntu8.1) ...
Setting up systemd (255.4-1ubuntu8.1) ...
Created symlink /etc/systemd/system/getty.target.wants/getty@tty1.service → /usr/lib/systemd/system/getty@.service.

Created symlink /etc/systemd/system/multi-user.target.wants/remote-fs.target → /usr/lib/systemd/system/remote-fs.target.

Created symlink /etc/systemd/system/sysinit.target.wants/systemd-pstore.service → /usr/lib/systemd/system/systemd-pstore.service.

Initializing machine ID from random generator.

[0;1;31m/usr/lib/tmpfiles.d/systemd-network.conf:10: Failed to resolve user 'systemd-network': No such process[0m

[0;1;31m/usr/lib/tmpfiles.d/systemd-network.conf:11: Failed to resolve user 'systemd-network': No such process[0m

[0;1;31m/usr/lib/tmpfiles.d/systemd-network.conf:12: Failed to resolve user 'systemd-network': No such process[0m

[0;1;31m/usr/lib/tmpfiles.d/systemd-network.conf:13: Failed to resolve user 'systemd-network': No such process[0m

[0;1;31m/usr/lib/tmpfiles.d/systemd.conf:22: Failed to resolve group 'systemd-journal': No such process[0m

[0;1;31m/usr/lib/tmpfiles.d/systemd.conf:23: Failed to resolve group 'systemd-journal': No such process[0m

[0;1;31m/usr/lib/tmpfiles.d/systemd.conf:28: Failed to resolve group 'systemd-journal': No such process[0m

[0;1;31m/usr/lib/tmpfiles.d/systemd.conf:29: Failed to resolve group 'systemd-journal': No such process[0m

[0;1;31m/usr/lib/tmpfiles.d/systemd.conf:30: Failed to resolve group 'systemd-journal': No such process[0m

Creating group 'systemd-journal' with GID 999.

Creating group 'systemd-network' with GID 998.

Creating user 'systemd-network' (systemd Network Management) with UID 998 and GID 998.

Selecting previously unselected package systemd-sysv.
(Reading database ... 
(Reading database ... 5%
(Reading database ... 10%
(Reading database ... 15%
(Reading database ... 20%
(Reading database ... 25%
(Reading database ... 30%
(Reading database ... 35%
(Reading database ... 40%
(Reading database ... 45%
(Reading database ... 50%
(Reading database ... 55%
(Reading database ... 60%
(Reading database ... 65%
(Reading database ... 70%
(Reading database ... 75%
(Reading database ... 80%
(Reading database ... 85%
(Reading database ... 90%
(Reading database ... 95%
(Reading database ... 100%
(Reading database ... 23192 files and directories currently installed.)
Preparing to unpack .../000-systemd-sysv_255.4-1ubuntu8.1_amd64.deb ...
Unpacking systemd-sysv (255.4-1ubuntu8.1) ...
Selecting previously unselected package sgml-base.
Preparing to unpack .../001-sgml-base_1.31_all.deb ...
Unpacking sgml-base (1.31) ...
Selecting previously unselected package libdbus-1-3:amd64.
Preparing to unpack .../002-libdbus-1-3_1.14.10-4ubuntu4_amd64.deb ...
Unpacking libdbus-1-3:amd64 (1.14.10-4ubuntu4) ...
Selecting previously unselected package dbus-bin.
Preparing to unpack .../003-dbus-bin_1.14.10-4ubuntu4_amd64.deb ...
Unpacking dbus-bin (1.14.10-4ubuntu4) ...
Selecting previously unselected package dbus-session-bus-common.
Preparing to unpack .../004-dbus-session-bus-common_1.14.10-4ubuntu4_all.deb ...
Unpacking dbus-session-bus-common (1.14.10-4ubuntu4) ...
Selecting previously unselected package dbus-daemon.
Preparing to unpack .../005-dbus-daemon_1.14.10-4ubuntu4_amd64.deb ...
Unpacking dbus-daemon (1.14.10-4ubuntu4) ...
Selecting previously unselected package dbus-system-bus-common.
Preparing to unpack .../006-dbus-system-bus-common_1.14.10-4ubuntu4_all.deb ...
Unpacking dbus-system-bus-common (1.14.10-4ubuntu4) ...
Selecting previously unselected package dbus.
Preparing to unpack .../007-dbus_1.14.10-4ubuntu4_amd64.deb ...
Unpacking dbus (1.14.10-4ubuntu4) ...
Selecting previously unselected package libpam-systemd:amd64.
Preparing to unpack .../008-libpam-systemd_255.4-1ubuntu8.1_amd64.deb ...
Unpacking libpam-systemd:amd64 (255.4-1ubuntu8.1) ...
Selecting previously unselected package dbus-user-session.
Preparing to unpack .../009-dbus-user-session_1.14.10-4ubuntu4_amd64.deb ...
Unpacking dbus-user-session (1.14.10-4ubuntu4) ...
Selecting previously unselected package dmsetup.
Preparing to unpack .../010-dmsetup_2%3a1.02.185-3ubuntu3_amd64.deb ...
Unpacking dmsetup (2:1.02.185-3ubuntu3) ...
Selecting previously unselected package libglib2.0-0t64:amd64.
Preparing to unpack .../011-libglib2.0-0t64_2.80.0-6ubuntu3.1_amd64.deb ...
Unpacking libglib2.0-0t64:amd64 (2.80.0-6ubuntu3.1) ...
Selecting previously unselected package gir1.2-glib-2.0:amd64.
Preparing to unpack .../012-gir1.2-glib-2.0_2.80.0-6ubuntu3.1_amd64.deb ...
Unpacking gir1.2-glib-2.0:amd64 (2.80.0-6ubuntu3.1) ...
Selecting previously unselected package libgirepository-1.0-1:amd64.
Preparing to unpack .../013-libgirepository-1.0-1_1.80.1-1_amd64.deb ...
Unpacking libgirepository-1.0-1:amd64 (1.80.1-1) ...
Selecting previously unselected package gir1.2-girepository-2.0:amd64.
Preparing to unpack .../014-gir1.2-girepository-2.0_1.80.1-1_amd64.deb ...
Unpacking gir1.2-girepository-2.0:amd64 (1.80.1-1) ...
Selecting previously unselected package libelf1t64:amd64.
Preparing to unpack .../015-libelf1t64_0.190-1.1build4_amd64.deb ...
Unpacking libelf1t64:amd64 (0.190-1.1build4) ...
Selecting previously unselected package libfribidi0:amd64.
Preparing to unpack .../016-libfribidi0_1.0.13-3build1_amd64.deb ...
Unpacking libfribidi0:amd64 (1.0.13-3build1) ...
Selecting previously unselected package libglib2.0-data.
Preparing to unpack .../017-libglib2.0-data_2.80.0-6ubuntu3.1_all.deb ...
Unpacking libglib2.0-data (2.80.0-6ubuntu3.1) ...
Selecting previously unselected package libicu74:amd64.
Preparing to unpack .../018-libicu74_74.2-1ubuntu3_amd64.deb ...
Unpacking libicu74:amd64 (74.2-1ubuntu3) ...
Selecting previously unselected package libnss-systemd:amd64.
Preparing to unpack .../019-libnss-systemd_255.4-1ubuntu8.1_amd64.deb ...
Unpacking libnss-systemd:amd64 (255.4-1ubuntu8.1) ...
Selecting previously unselected package libxml2:amd64.
Preparing to unpack .../020-libxml2_2.9.14+dfsg-1.3ubuntu3_amd64.deb ...
Unpacking libxml2:amd64 (2.9.14+dfsg-1.3ubuntu3) ...
Selecting previously unselected package python3-dbus.
Preparing to unpack .../021-python3-dbus_1.3.2-5build3_amd64.deb ...
Unpacking python3-dbus (1.3.2-5build3) ...
Selecting previously unselected package python3-gi.
Preparing to unpack .../022-python3-gi_3.48.2-1_amd64.deb ...
Unpacking python3-gi (3.48.2-1) ...
Selecting previously unselected package networkd-dispatcher.
Preparing to unpack .../023-networkd-dispatcher_2.2.4-1_all.deb ...
Unpacking networkd-dispatcher (2.2.4-1) ...
Selecting previously unselected package shared-mime-info.
Preparing to unpack .../024-shared-mime-info_2.4-4_amd64.deb ...
Unpacking shared-mime-info (2.4-4) ...
Selecting previously unselected package systemd-resolved.
Preparing to unpack .../025-systemd-resolved_255.4-1ubuntu8.1_amd64.deb ...
Unpacking systemd-resolved (255.4-1ubuntu8.1) ...
Selecting previously unselected package systemd-timesyncd.
Preparing to unpack .../026-systemd-timesyncd_255.4-1ubuntu8.1_amd64.deb ...
Unpacking systemd-timesyncd (255.4-1ubuntu8.1) ...
Selecting previously unselected package xdg-user-dirs.
Preparing to unpack .../027-xdg-user-dirs_0.18-1build1_amd64.deb ...
Unpacking xdg-user-dirs (0.18-1build1) ...
Selecting previously unselected package xkb-data.
Preparing to unpack .../028-xkb-data_2.41-2ubuntu1_all.deb ...
Unpacking xkb-data (2.41-2ubuntu1) ...
Selecting previously unselected package libdrm-common.
Preparing to unpack .../029-libdrm-common_2.4.120-2build1_all.deb ...
Unpacking libdrm-common (2.4.120-2build1) ...
Selecting previously unselected package libdrm2:amd64.
Preparing to unpack .../030-libdrm2_2.4.120-2build1_amd64.deb ...
Unpacking libdrm2:amd64 (2.4.120-2build1) ...
Selecting previously unselected package libsensors-config.
Preparing to unpack .../031-libsensors-config_1%3a3.6.0-9build1_all.deb ...
Unpacking libsensors-config (1:3.6.0-9build1) ...
Selecting previously unselected package libsensors5:amd64.
Preparing to unpack .../032-libsensors5_1%3a3.6.0-9build1_amd64.deb ...
Unpacking libsensors5:amd64 (1:3.6.0-9build1) ...
Selecting previously unselected package libxkbcommon0:amd64.
Preparing to unpack .../033-libxkbcommon0_1.6.0-1build1_amd64.deb ...
Unpacking libxkbcommon0:amd64 (1.6.0-1build1) ...
Selecting previously unselected package libgdk-pixbuf2.0-common.
Preparing to unpack .../034-libgdk-pixbuf2.0-common_2.42.10+dfsg-3ubuntu3.1_all.deb ...
Unpacking libgdk-pixbuf2.0-common (2.42.10+dfsg-3ubuntu3.1) ...
Selecting previously unselected package libgdk-pixbuf-2.0-0:amd64.
Preparing to unpack .../035-libgdk-pixbuf-2.0-0_2.42.10+dfsg-3ubuntu3.1_amd64.deb ...
Unpacking libgdk-pixbuf-2.0-0:amd64 (2.42.10+dfsg-3ubuntu3.1) ...
Selecting previously unselected package gtk-update-icon-cache.
Preparing to unpack .../036-gtk-update-icon-cache_3.24.41-4ubuntu1_amd64.deb ...
Unpacking gtk-update-icon-cache (3.24.41-4ubuntu1) ...
Selecting previously unselected package hicolor-icon-theme.
Preparing to unpack .../037-hicolor-icon-theme_0.17-2_all.deb ...
Unpacking hicolor-icon-theme (0.17-2) ...
Selecting previously unselected package humanity-icon-theme.
Preparing to unpack .../038-humanity-icon-theme_0.6.16_all.deb ...
Unpacking humanity-icon-theme (0.6.16) ...
Selecting previously unselected package ubuntu-mono.
Preparing to unpack .../039-ubuntu-mono_24.04-0ubuntu1_all.deb ...
Unpacking ubuntu-mono (24.04-0ubuntu1) ...
Selecting previously unselected package adwaita-icon-theme.
Preparing to unpack .../040-adwaita-icon-theme_46.0-1_all.deb ...
Unpacking adwaita-icon-theme (46.0-1) ...
Selecting previously unselected package at-spi2-common.
Preparing to unpack .../041-at-spi2-common_2.52.0-1build1_all.deb ...
Unpacking at-spi2-common (2.52.0-1build1) ...
Selecting previously unselected package libxi6:amd64.
Preparing to unpack .../042-libxi6_2%3a1.8.1-1build1_amd64.deb ...
Unpacking libxi6:amd64 (2:1.8.1-1build1) ...
Selecting previously unselected package libatspi2.0-0t64:amd64.
Preparing to unpack .../043-libatspi2.0-0t64_2.52.0-1build1_amd64.deb ...
Unpacking libatspi2.0-0t64:amd64 (2.52.0-1build1) ...
Selecting previously unselected package x11-common.
Preparing to unpack .../044-x11-common_1%3a7.7+23ubuntu3_all.deb ...
Unpacking x11-common (1:7.7+23ubuntu3) ...
Selecting previously unselected package libxtst6:amd64.
Preparing to unpack .../045-libxtst6_2%3a1.2.3-1.1build1_amd64.deb ...
Unpacking libxtst6:amd64 (2:1.2.3-1.1build1) ...
Selecting previously unselected package libdconf1:amd64.
Preparing to unpack .../046-libdconf1_0.40.0-4build2_amd64.deb ...
Unpacking libdconf1:amd64 (0.40.0-4build2) ...
Selecting previously unselected package dconf-service.
Preparing to unpack .../047-dconf-service_0.40.0-4build2_amd64.deb ...
Unpacking dconf-service (0.40.0-4build2) ...
Selecting previously unselected package dconf-gsettings-backend:amd64.
Preparing to unpack .../048-dconf-gsettings-backend_0.40.0-4build2_amd64.deb ...
Unpacking dconf-gsettings-backend:amd64 (0.40.0-4build2) ...
Selecting previously unselected package session-migration.
Preparing to unpack .../049-session-migration_0.3.9build1_amd64.deb ...
Unpacking session-migration (0.3.9build1) ...
Selecting previously unselected package gsettings-desktop-schemas.
Preparing to unpack .../050-gsettings-desktop-schemas_46.0-1ubuntu2_all.deb ...
Unpacking gsettings-desktop-schemas (46.0-1ubuntu2) ...
Selecting previously unselected package at-spi2-core.
Preparing to unpack .../051-at-spi2-core_2.52.0-1build1_amd64.deb ...
Unpacking at-spi2-core (2.52.0-1build1) ...
Selecting previously unselected package bzip2-doc.
Preparing to unpack .../052-bzip2-doc_1.0.8-5.1_all.deb ...
Unpacking bzip2-doc (1.0.8-5.1) ...
Selecting previously unselected package fontconfig.
Preparing to unpack .../053-fontconfig_2.15.0-1.1ubuntu2_amd64.deb ...
Unpacking fontconfig (2.15.0-1.1ubuntu2) ...
Selecting previously unselected package libatk1.0-0t64:amd64.
Preparing to unpack .../054-libatk1.0-0t64_2.52.0-1build1_amd64.deb ...
Unpacking libatk1.0-0t64:amd64 (2.52.0-1build1) ...
Selecting previously unselected package gir1.2-atk-1.0:amd64.
Preparing to unpack .../055-gir1.2-atk-1.0_2.52.0-1build1_amd64.deb ...
Unpacking gir1.2-atk-1.0:amd64 (2.52.0-1build1) ...
Selecting previously unselected package libpixman-1-0:amd64.
Preparing to unpack .../056-libpixman-1-0_0.42.2-1build1_amd64.deb ...
Unpacking libpixman-1-0:amd64 (0.42.2-1build1) ...
Selecting previously unselected package libxcb-render0:amd64.
Preparing to unpack .../057-libxcb-render0_1.15-1ubuntu2_amd64.deb ...
Unpacking libxcb-render0:amd64 (1.15-1ubuntu2) ...
Selecting previously unselected package libxcb-shm0:amd64.
Preparing to unpack .../058-libxcb-shm0_1.15-1ubuntu2_amd64.deb ...
Unpacking libxcb-shm0:amd64 (1.15-1ubuntu2) ...
Selecting previously unselected package libxrender1:amd64.
Preparing to unpack .../059-libxrender1_1%3a0.9.10-1.1build1_amd64.deb ...
Unpacking libxrender1:amd64 (1:0.9.10-1.1build1) ...
Selecting previously unselected package libcairo2:amd64.
Preparing to unpack .../060-libcairo2_1.18.0-3build1_amd64.deb ...
Unpacking libcairo2:amd64 (1.18.0-3build1) ...
Selecting previously unselected package libcairo-gobject2:amd64.
Preparing to unpack .../061-libcairo-gobject2_1.18.0-3build1_amd64.deb ...
Unpacking libcairo-gobject2:amd64 (1.18.0-3build1) ...
Selecting previously unselected package gir1.2-freedesktop:amd64.
Preparing to unpack .../062-gir1.2-freedesktop_1.80.1-1_amd64.deb ...
Unpacking gir1.2-freedesktop:amd64 (1.80.1-1) ...
Selecting previously unselected package gir1.2-atspi-2.0:amd64.
Preparing to unpack .../063-gir1.2-atspi-2.0_2.52.0-1build1_amd64.deb ...
Unpacking gir1.2-atspi-2.0:amd64 (2.52.0-1build1) ...
Selecting previously unselected package gir1.2-glib-2.0-dev:amd64.
Preparing to unpack .../064-gir1.2-glib-2.0-dev_2.80.0-6ubuntu3.1_amd64.deb ...
Unpacking gir1.2-glib-2.0-dev:amd64 (2.80.0-6ubuntu3.1) ...
Selecting previously unselected package gir1.2-freedesktop-dev:amd64.
Preparing to unpack .../065-gir1.2-freedesktop-dev_1.80.1-1_amd64.deb ...
Unpacking gir1.2-freedesktop-dev:amd64 (1.80.1-1) ...
Selecting previously unselected package gir1.2-gdkpixbuf-2.0:amd64.
Preparing to unpack .../066-gir1.2-gdkpixbuf-2.0_2.42.10+dfsg-3ubuntu3.1_amd64.deb ...
Unpacking gir1.2-gdkpixbuf-2.0:amd64 (2.42.10+dfsg-3ubuntu3.1) ...
Selecting previously unselected package libgraphite2-3:amd64.
Preparing to unpack .../067-libgraphite2-3_1.3.14-2build1_amd64.deb ...
Unpacking libgraphite2-3:amd64 (1.3.14-2build1) ...
Selecting previously unselected package libharfbuzz0b:amd64.
Preparing to unpack .../068-libharfbuzz0b_8.3.0-2build2_amd64.deb ...
Unpacking libharfbuzz0b:amd64 (8.3.0-2build2) ...
Selecting previously unselected package libharfbuzz-gobject0:amd64.
Preparing to unpack .../069-libharfbuzz-gobject0_8.3.0-2build2_amd64.deb ...
Unpacking libharfbuzz-gobject0:amd64 (8.3.0-2build2) ...
Selecting previously unselected package gir1.2-harfbuzz-0.0:amd64.
Preparing to unpack .../070-gir1.2-harfbuzz-0.0_8.3.0-2build2_amd64.deb ...
Unpacking gir1.2-harfbuzz-0.0:amd64 (8.3.0-2build2) ...
Selecting previously unselected package libthai-data.
Preparing to unpack .../071-libthai-data_0.1.29-2build1_all.deb ...
Unpacking libthai-data (0.1.29-2build1) ...
Selecting previously unselected package libdatrie1:amd64.
Preparing to unpack .../072-libdatrie1_0.2.13-3build1_amd64.deb ...
Unpacking libdatrie1:amd64 (0.2.13-3build1) ...
Selecting previously unselected package libthai0:amd64.
Preparing to unpack .../073-libthai0_0.1.29-2build1_amd64.deb ...
Unpacking libthai0:amd64 (0.1.29-2build1) ...
Selecting previously unselected package libpango-1.0-0:amd64.
Preparing to unpack .../074-libpango-1.0-0_1.52.1+ds-1build1_amd64.deb ...
Unpacking libpango-1.0-0:amd64 (1.52.1+ds-1build1) ...
Selecting previously unselected package libpangoft2-1.0-0:amd64.
Preparing to unpack .../075-libpangoft2-1.0-0_1.52.1+ds-1build1_amd64.deb ...
Unpacking libpangoft2-1.0-0:amd64 (1.52.1+ds-1build1) ...
Selecting previously unselected package libpangocairo-1.0-0:amd64.
Preparing to unpack .../076-libpangocairo-1.0-0_1.52.1+ds-1build1_amd64.deb ...
Unpacking libpangocairo-1.0-0:amd64 (1.52.1+ds-1build1) ...
Selecting previously unselected package libxft2:amd64.
Preparing to unpack .../077-libxft2_2.3.6-1build1_amd64.deb ...
Unpacking libxft2:amd64 (2.3.6-1build1) ...
Selecting previously unselected package libpangoxft-1.0-0:amd64.
Preparing to unpack .../078-libpangoxft-1.0-0_1.52.1+ds-1build1_amd64.deb ...
Unpacking libpangoxft-1.0-0:amd64 (1.52.1+ds-1build1) ...
Selecting previously unselected package gir1.2-pango-1.0:amd64.
Preparing to unpack .../079-gir1.2-pango-1.0_1.52.1+ds-1build1_amd64.deb ...
Unpacking gir1.2-pango-1.0:amd64 (1.52.1+ds-1build1) ...
Selecting previously unselected package libatk-bridge2.0-0t64:amd64.
Preparing to unpack .../080-libatk-bridge2.0-0t64_2.52.0-1build1_amd64.deb ...
Unpacking libatk-bridge2.0-0t64:amd64 (2.52.0-1build1) ...
Selecting previously unselected package liblcms2-2:amd64.
Preparing to unpack .../081-liblcms2-2_2.14-2build1_amd64.deb ...
Unpacking liblcms2-2:amd64 (2.14-2build1) ...
Selecting previously unselected package libcolord2:amd64.
Preparing to unpack .../082-libcolord2_1.4.7-1build2_amd64.deb ...
Unpacking libcolord2:amd64 (1.4.7-1build2) ...
Selecting previously unselected package libavahi-common-data:amd64.
Preparing to unpack .../083-libavahi-common-data_0.8-13ubuntu6_amd64.deb ...
Unpacking libavahi-common-data:amd64 (0.8-13ubuntu6) ...
Selecting previously unselected package libavahi-common3:amd64.
Preparing to unpack .../084-libavahi-common3_0.8-13ubuntu6_amd64.deb ...
Unpacking libavahi-common3:amd64 (0.8-13ubuntu6) ...
Selecting previously unselected package libavahi-client3:amd64.
Preparing to unpack .../085-libavahi-client3_0.8-13ubuntu6_amd64.deb ...
Unpacking libavahi-client3:amd64 (0.8-13ubuntu6) ...
Selecting previously unselected package libcups2t64:amd64.
Preparing to unpack .../086-libcups2t64_2.4.7-1.2ubuntu7_amd64.deb ...
Unpacking libcups2t64:amd64 (2.4.7-1.2ubuntu7) ...
Selecting previously unselected package libepoxy0:amd64.
Preparing to unpack .../087-libepoxy0_1.5.10-1build1_amd64.deb ...
Unpacking libepoxy0:amd64 (1.5.10-1build1) ...
Selecting previously unselected package libwayland-client0:amd64.
Preparing to unpack .../088-libwayland-client0_1.22.0-2.1build1_amd64.deb ...
Unpacking libwayland-client0:amd64 (1.22.0-2.1build1) ...
Selecting previously unselected package libwayland-cursor0:amd64.
Preparing to unpack .../089-libwayland-cursor0_1.22.0-2.1build1_amd64.deb ...
Unpacking libwayland-cursor0:amd64 (1.22.0-2.1build1) ...
Selecting previously unselected package libwayland-egl1:amd64.
Preparing to unpack .../090-libwayland-egl1_1.22.0-2.1build1_amd64.deb ...
Unpacking libwayland-egl1:amd64 (1.22.0-2.1build1) ...
Selecting previously unselected package libxcomposite1:amd64.
Preparing to unpack .../091-libxcomposite1_1%3a0.4.5-1build3_amd64.deb ...
Unpacking libxcomposite1:amd64 (1:0.4.5-1build3) ...
Selecting previously unselected package libxfixes3:amd64.
Preparing to unpack .../092-libxfixes3_1%3a6.0.0-2build1_amd64.deb ...
Unpacking libxfixes3:amd64 (1:6.0.0-2build1) ...
Selecting previously unselected package libxcursor1:amd64.
Preparing to unpack .../093-libxcursor1_1%3a1.2.1-1build1_amd64.deb ...
Unpacking libxcursor1:amd64 (1:1.2.1-1build1) ...
Selecting previously unselected package libxdamage1:amd64.
Preparing to unpack .../094-libxdamage1_1%3a1.1.6-1build1_amd64.deb ...
Unpacking libxdamage1:amd64 (1:1.1.6-1build1) ...
Selecting previously unselected package libxinerama1:amd64.
Preparing to unpack .../095-libxinerama1_2%3a1.1.4-3build1_amd64.deb ...
Unpacking libxinerama1:amd64 (2:1.1.4-3build1) ...
Selecting previously unselected package libxrandr2:amd64.
Preparing to unpack .../096-libxrandr2_2%3a1.5.2-2build1_amd64.deb ...
Unpacking libxrandr2:amd64 (2:1.5.2-2build1) ...
Selecting previously unselected package libgtk-3-common.
Preparing to unpack .../097-libgtk-3-common_3.24.41-4ubuntu1_all.deb ...
Unpacking libgtk-3-common (3.24.41-4ubuntu1) ...
Selecting previously unselected package libgtk-3-0t64:amd64.
Preparing to unpack .../098-libgtk-3-0t64_3.24.41-4ubuntu1_amd64.deb ...
Unpacking libgtk-3-0t64:amd64 (3.24.41-4ubuntu1) ...
Selecting previously unselected package gir1.2-gtk-3.0:amd64.
Preparing to unpack .../099-gir1.2-gtk-3.0_3.24.41-4ubuntu1_amd64.deb ...
Unpacking gir1.2-gtk-3.0:amd64 (3.24.41-4ubuntu1) ...
Selecting previously unselected package icu-devtools.
Preparing to unpack .../100-icu-devtools_74.2-1ubuntu3_amd64.deb ...
Unpacking icu-devtools (74.2-1ubuntu3) ...
Selecting previously unselected package libpkgconf3:amd64.
Preparing to unpack .../101-libpkgconf3_1.8.1-2build1_amd64.deb ...
Unpacking libpkgconf3:amd64 (1.8.1-2build1) ...
Selecting previously unselected package pkgconf-bin.
Preparing to unpack .../102-pkgconf-bin_1.8.1-2build1_amd64.deb ...
Unpacking pkgconf-bin (1.8.1-2build1) ...
Selecting previously unselected package pkgconf:amd64.
Preparing to unpack .../103-pkgconf_1.8.1-2build1_amd64.deb ...
Unpacking pkgconf:amd64 (1.8.1-2build1) ...
Selecting previously unselected package libffi-dev:amd64.
Preparing to unpack .../104-libffi-dev_3.4.6-1build1_amd64.deb ...
Unpacking libffi-dev:amd64 (3.4.6-1build1) ...
Selecting previously unselected package libglib2.0-bin.
Preparing to unpack .../105-libglib2.0-bin_2.80.0-6ubuntu3.1_amd64.deb ...
Unpacking libglib2.0-bin (2.80.0-6ubuntu3.1) ...
Selecting previously unselected package python3-packaging.
Preparing to unpack .../106-python3-packaging_24.0-1_all.deb ...
Unpacking python3-packaging (24.0-1) ...
Selecting previously unselected package libglib2.0-dev-bin.
Preparing to unpack .../107-libglib2.0-dev-bin_2.80.0-6ubuntu3.1_amd64.deb ...
Unpacking libglib2.0-dev-bin (2.80.0-6ubuntu3.1) ...
Selecting previously unselected package uuid-dev:amd64.
Preparing to unpack .../108-uuid-dev_2.39.3-9ubuntu6_amd64.deb ...
Unpacking uuid-dev:amd64 (2.39.3-9ubuntu6) ...
Selecting previously unselected package libblkid-dev:amd64.
Preparing to unpack .../109-libblkid-dev_2.39.3-9ubuntu6_amd64.deb ...
Unpacking libblkid-dev:amd64 (2.39.3-9ubuntu6) ...
Selecting previously unselected package libsepol-dev:amd64.
Preparing to unpack .../110-libsepol-dev_3.5-2build1_amd64.deb ...
Unpacking libsepol-dev:amd64 (3.5-2build1) ...
Selecting previously unselected package libpcre2-16-0:amd64.
Preparing to unpack .../111-libpcre2-16-0_10.42-4ubuntu2_amd64.deb ...
Unpacking libpcre2-16-0:amd64 (10.42-4ubuntu2) ...
Selecting previously unselected package libpcre2-32-0:amd64.
Preparing to unpack .../112-libpcre2-32-0_10.42-4ubuntu2_amd64.deb ...
Unpacking libpcre2-32-0:amd64 (10.42-4ubuntu2) ...
Selecting previously unselected package libpcre2-posix3:amd64.
Preparing to unpack .../113-libpcre2-posix3_10.42-4ubuntu2_amd64.deb ...
Unpacking libpcre2-posix3:amd64 (10.42-4ubuntu2) ...
Selecting previously unselected package libpcre2-dev:amd64.
Preparing to unpack .../114-libpcre2-dev_10.42-4ubuntu2_amd64.deb ...
Unpacking libpcre2-dev:amd64 (10.42-4ubuntu2) ...
Selecting previously unselected package libselinux1-dev:amd64.
Preparing to unpack .../115-libselinux1-dev_3.5-2ubuntu2_amd64.deb ...
Unpacking libselinux1-dev:amd64 (3.5-2ubuntu2) ...
Selecting previously unselected package libmount-dev:amd64.
Preparing to unpack .../116-libmount-dev_2.39.3-9ubuntu6_amd64.deb ...
Unpacking libmount-dev:amd64 (2.39.3-9ubuntu6) ...
Selecting previously unselected package libgirepository-2.0-0:amd64.
Preparing to unpack .../117-libgirepository-2.0-0_2.80.0-6ubuntu3.1_amd64.deb ...
Unpacking libgirepository-2.0-0:amd64 (2.80.0-6ubuntu3.1) ...
Selecting previously unselected package libglib2.0-dev:amd64.
Preparing to unpack .../118-libglib2.0-dev_2.80.0-6ubuntu3.1_amd64.deb ...
Unpacking libglib2.0-dev:amd64 (2.80.0-6ubuntu3.1) ...
Selecting previously unselected package libatk1.0-dev:amd64.
Preparing to unpack .../119-libatk1.0-dev_2.52.0-1build1_amd64.deb ...
Unpacking libatk1.0-dev:amd64 (2.52.0-1build1) ...
Selecting previously unselected package xml-core.
Preparing to unpack .../120-xml-core_0.19_all.deb ...
Unpacking xml-core (0.19) ...
Selecting previously unselected package libdbus-1-dev:amd64.
Preparing to unpack .../121-libdbus-1-dev_1.14.10-4ubuntu4_amd64.deb ...
Unpacking libdbus-1-dev:amd64 (1.14.10-4ubuntu4) ...
Selecting previously unselected package xorg-sgml-doctools.
Preparing to unpack .../122-xorg-sgml-doctools_1%3a1.11-1.1_all.deb ...
Unpacking xorg-sgml-doctools (1:1.11-1.1) ...
Selecting previously unselected package x11proto-dev.
Preparing to unpack .../123-x11proto-dev_2023.2-1_all.deb ...
Unpacking x11proto-dev (2023.2-1) ...
Selecting previously unselected package libxau-dev:amd64.
Preparing to unpack .../124-libxau-dev_1%3a1.0.9-1build6_amd64.deb ...
Unpacking libxau-dev:amd64 (1:1.0.9-1build6) ...
Selecting previously unselected package libxdmcp-dev:amd64.
Preparing to unpack .../125-libxdmcp-dev_1%3a1.1.3-0ubuntu6_amd64.deb ...
Unpacking libxdmcp-dev:amd64 (1:1.1.3-0ubuntu6) ...
Selecting previously unselected package xtrans-dev.
Preparing to unpack .../126-xtrans-dev_1.4.0-1_all.deb ...
Unpacking xtrans-dev (1.4.0-1) ...
Selecting previously unselected package libpthread-stubs0-dev:amd64.
Preparing to unpack .../127-libpthread-stubs0-dev_0.4-1build3_amd64.deb ...
Unpacking libpthread-stubs0-dev:amd64 (0.4-1build3) ...
Selecting previously unselected package libxcb1-dev:amd64.
Preparing to unpack .../128-libxcb1-dev_1.15-1ubuntu2_amd64.deb ...
Unpacking libxcb1-dev:amd64 (1.15-1ubuntu2) ...
Selecting previously unselected package libx11-dev:amd64.
Preparing to unpack .../129-libx11-dev_2%3a1.8.7-1build1_amd64.deb ...
Unpacking libx11-dev:amd64 (2:1.8.7-1build1) ...
Selecting previously unselected package libxext-dev:amd64.
Preparing to unpack .../130-libxext-dev_2%3a1.3.4-1build2_amd64.deb ...
Unpacking libxext-dev:amd64 (2:1.3.4-1build2) ...
Selecting previously unselected package libxfixes-dev:amd64.
Preparing to unpack .../131-libxfixes-dev_1%3a6.0.0-2build1_amd64.deb ...
Unpacking libxfixes-dev:amd64 (1:6.0.0-2build1) ...
Selecting previously unselected package libxi-dev:amd64.
Preparing to unpack .../132-libxi-dev_2%3a1.8.1-1build1_amd64.deb ...
Unpacking libxi-dev:amd64 (2:1.8.1-1build1) ...
Selecting previously unselected package libxtst-dev:amd64.
Preparing to unpack .../133-libxtst-dev_2%3a1.2.3-1.1build1_amd64.deb ...
Unpacking libxtst-dev:amd64 (2:1.2.3-1.1build1) ...
Selecting previously unselected package libatspi2.0-dev:amd64.
Preparing to unpack .../134-libatspi2.0-dev_2.52.0-1build1_amd64.deb ...
Unpacking libatspi2.0-dev:amd64 (2.52.0-1build1) ...
Selecting previously unselected package libatk-bridge2.0-dev:amd64.
Preparing to unpack .../135-libatk-bridge2.0-dev_2.52.0-1build1_amd64.deb ...
Unpacking libatk-bridge2.0-dev:amd64 (2.52.0-1build1) ...
Selecting previously unselected package libbrotli-dev:amd64.
Preparing to unpack .../136-libbrotli-dev_1.1.0-2build2_amd64.deb ...
Unpacking libbrotli-dev:amd64 (1.1.0-2build2) ...
Selecting previously unselected package libbz2-dev:amd64.
Preparing to unpack .../137-libbz2-dev_1.0.8-5.1_amd64.deb ...
Unpacking libbz2-dev:amd64 (1.0.8-5.1) ...
Selecting previously unselected package liblzo2-2:amd64.
Preparing to unpack .../138-liblzo2-2_2.10-2build4_amd64.deb ...
Unpacking liblzo2-2:amd64 (2.10-2build4) ...
Selecting previously unselected package libcairo-script-interpreter2:amd64.
Preparing to unpack .../139-libcairo-script-interpreter2_1.18.0-3build1_amd64.deb ...
Unpacking libcairo-script-interpreter2:amd64 (1.18.0-3build1) ...
Selecting previously unselected package libpng-dev:amd64.
Preparing to unpack .../140-libpng-dev_1.6.43-5build1_amd64.deb ...
Unpacking libpng-dev:amd64 (1.6.43-5build1) ...
Selecting previously unselected package libfreetype-dev:amd64.
Preparing to unpack .../141-libfreetype-dev_2.13.2+dfsg-1build3_amd64.deb ...
Unpacking libfreetype-dev:amd64 (2.13.2+dfsg-1build3) ...
Selecting previously unselected package libfontconfig-dev:amd64.
Preparing to unpack .../142-libfontconfig-dev_2.15.0-1.1ubuntu2_amd64.deb ...
Unpacking libfontconfig-dev:amd64 (2.15.0-1.1ubuntu2) ...
Selecting previously unselected package libpixman-1-dev:amd64.
Preparing to unpack .../143-libpixman-1-dev_0.42.2-1build1_amd64.deb ...
Unpacking libpixman-1-dev:amd64 (0.42.2-1build1) ...
Selecting previously unselected package libice6:amd64.
Preparing to unpack .../144-libice6_2%3a1.0.10-1build3_amd64.deb ...
Unpacking libice6:amd64 (2:1.0.10-1build3) ...
Selecting previously unselected package libsm6:amd64.
Preparing to unpack .../145-libsm6_2%3a1.2.3-1build3_amd64.deb ...
Unpacking libsm6:amd64 (2:1.2.3-1build3) ...
Selecting previously unselected package libice-dev:amd64.
Preparing to unpack .../146-libice-dev_2%3a1.0.10-1build3_amd64.deb ...
Unpacking libice-dev:amd64 (2:1.0.10-1build3) ...
Selecting previously unselected package libsm-dev:amd64.
Preparing to unpack .../147-libsm-dev_2%3a1.2.3-1build3_amd64.deb ...
Unpacking libsm-dev:amd64 (2:1.2.3-1build3) ...
Selecting previously unselected package libxcb-render0-dev:amd64.
Preparing to unpack .../148-libxcb-render0-dev_1.15-1ubuntu2_amd64.deb ...
Unpacking libxcb-render0-dev:amd64 (1.15-1ubuntu2) ...
Selecting previously unselected package libxcb-shm0-dev:amd64.
Preparing to unpack .../149-libxcb-shm0-dev_1.15-1ubuntu2_amd64.deb ...
Unpacking libxcb-shm0-dev:amd64 (1.15-1ubuntu2) ...
Selecting previously unselected package libxrender-dev:amd64.
Preparing to unpack .../150-libxrender-dev_1%3a0.9.10-1.1build1_amd64.deb ...
Unpacking libxrender-dev:amd64 (1:0.9.10-1.1build1) ...
Selecting previously unselected package libcairo2-dev:amd64.
Preparing to unpack .../151-libcairo2-dev_1.18.0-3build1_amd64.deb ...
Unpacking libcairo2-dev:amd64 (1.18.0-3build1) ...
Selecting previously unselected package libdatrie-dev:amd64.
Preparing to unpack .../152-libdatrie-dev_0.2.13-3build1_amd64.deb ...
Unpacking libdatrie-dev:amd64 (0.2.13-3build1) ...
Selecting previously unselected package libdeflate-dev:amd64.
Preparing to unpack .../153-libdeflate-dev_1.19-1build1_amd64.deb ...
Unpacking libdeflate-dev:amd64 (1.19-1build1) ...
Selecting previously unselected package libdrm-amdgpu1:amd64.
Preparing to unpack .../154-libdrm-amdgpu1_2.4.120-2build1_amd64.deb ...
Unpacking libdrm-amdgpu1:amd64 (2.4.120-2build1) ...
Selecting previously unselected package libpciaccess0:amd64.
Preparing to unpack .../155-libpciaccess0_0.17-3build1_amd64.deb ...
Unpacking libpciaccess0:amd64 (0.17-3build1) ...
Selecting previously unselected package libdrm-intel1:amd64.
Preparing to unpack .../156-libdrm-intel1_2.4.120-2build1_amd64.deb ...
Unpacking libdrm-intel1:amd64 (2.4.120-2build1) ...
Selecting previously unselected package libdrm-nouveau2:amd64.
Preparing to unpack .../157-libdrm-nouveau2_2.4.120-2build1_amd64.deb ...
Unpacking libdrm-nouveau2:amd64 (2.4.120-2build1) ...
Selecting previously unselected package libdrm-radeon1:amd64.
Preparing to unpack .../158-libdrm-radeon1_2.4.120-2build1_amd64.deb ...
Unpacking libdrm-radeon1:amd64 (2.4.120-2build1) ...
Selecting previously unselected package libglvnd0:amd64.
Preparing to unpack .../159-libglvnd0_1.7.0-1build1_amd64.deb ...
Unpacking libglvnd0:amd64 (1.7.0-1build1) ...
Selecting previously unselected package libwayland-server0:amd64.
Preparing to unpack .../160-libwayland-server0_1.22.0-2.1build1_amd64.deb ...
Unpacking libwayland-server0:amd64 (1.22.0-2.1build1) ...
Selecting previously unselected package libxcb-randr0:amd64.
Preparing to unpack .../161-libxcb-randr0_1.15-1ubuntu2_amd64.deb ...
Unpacking libxcb-randr0:amd64 (1.15-1ubuntu2) ...
Selecting previously unselected package libgbm1:amd64.
Preparing to unpack .../162-libgbm1_24.0.5-1ubuntu1_amd64.deb ...
Unpacking libgbm1:amd64 (24.0.5-1ubuntu1) ...
Selecting previously unselected package libglapi-mesa:amd64.
Preparing to unpack .../163-libglapi-mesa_24.0.5-1ubuntu1_amd64.deb ...
Unpacking libglapi-mesa:amd64 (24.0.5-1ubuntu1) ...
Selecting previously unselected package libx11-xcb1:amd64.
Preparing to unpack .../164-libx11-xcb1_2%3a1.8.7-1build1_amd64.deb ...
Unpacking libx11-xcb1:amd64 (2:1.8.7-1build1) ...
Selecting previously unselected package libxcb-dri2-0:amd64.
Preparing to unpack .../165-libxcb-dri2-0_1.15-1ubuntu2_amd64.deb ...
Unpacking libxcb-dri2-0:amd64 (1.15-1ubuntu2) ...
Selecting previously unselected package libxcb-dri3-0:amd64.
Preparing to unpack .../166-libxcb-dri3-0_1.15-1ubuntu2_amd64.deb ...
Unpacking libxcb-dri3-0:amd64 (1.15-1ubuntu2) ...
Selecting previously unselected package libxcb-present0:amd64.
Preparing to unpack .../167-libxcb-present0_1.15-1ubuntu2_amd64.deb ...
Unpacking libxcb-present0:amd64 (1.15-1ubuntu2) ...
Selecting previously unselected package libxcb-sync1:amd64.
Preparing to unpack .../168-libxcb-sync1_1.15-1ubuntu2_amd64.deb ...
Unpacking libxcb-sync1:amd64 (1.15-1ubuntu2) ...
Selecting previously unselected package libxcb-xfixes0:amd64.
Preparing to unpack .../169-libxcb-xfixes0_1.15-1ubuntu2_amd64.deb ...
Unpacking libxcb-xfixes0:amd64 (1.15-1ubuntu2) ...
Selecting previously unselected package libxshmfence1:amd64.
Preparing to unpack .../170-libxshmfence1_1.3-1build5_amd64.deb ...
Unpacking libxshmfence1:amd64 (1.3-1build5) ...
Selecting previously unselected package libegl-mesa0:amd64.
Preparing to unpack .../171-libegl-mesa0_24.0.5-1ubuntu1_amd64.deb ...
Unpacking libegl-mesa0:amd64 (24.0.5-1ubuntu1) ...
Selecting previously unselected package libegl1:amd64.
Preparing to unpack .../172-libegl1_1.7.0-1build1_amd64.deb ...
Unpacking libegl1:amd64 (1.7.0-1build1) ...
Selecting previously unselected package libxcb-glx0:amd64.
Preparing to unpack .../173-libxcb-glx0_1.15-1ubuntu2_amd64.deb ...
Unpacking libxcb-glx0:amd64 (1.15-1ubuntu2) ...
Selecting previously unselected package libxxf86vm1:amd64.
Preparing to unpack .../174-libxxf86vm1_1%3a1.1.4-1build4_amd64.deb ...
Unpacking libxxf86vm1:amd64 (1:1.1.4-1build4) ...
Selecting previously unselected package libvulkan1:amd64.
Preparing to unpack .../175-libvulkan1_1.3.275.0-1build1_amd64.deb ...
Unpacking libvulkan1:amd64 (1.3.275.0-1build1) ...
Selecting previously unselected package libllvm17t64:amd64.
Preparing to unpack .../176-libllvm17t64_1%3a17.0.6-9ubuntu1_amd64.deb ...
Unpacking libllvm17t64:amd64 (1:17.0.6-9ubuntu1) ...
Selecting previously unselected package libgl1-mesa-dri:amd64.
Preparing to unpack .../177-libgl1-mesa-dri_24.0.5-1ubuntu1_amd64.deb ...
Unpacking libgl1-mesa-dri:amd64 (24.0.5-1ubuntu1) ...
Selecting previously unselected package libglx-mesa0:amd64.
Preparing to unpack .../178-libglx-mesa0_24.0.5-1ubuntu1_amd64.deb ...
Unpacking libglx-mesa0:amd64 (24.0.5-1ubuntu1) ...
Selecting previously unselected package libglx0:amd64.
Preparing to unpack .../179-libglx0_1.7.0-1build1_amd64.deb ...
Unpacking libglx0:amd64 (1.7.0-1build1) ...
Selecting previously unselected package libgl1:amd64.
Preparing to unpack .../180-libgl1_1.7.0-1build1_amd64.deb ...
Unpacking libgl1:amd64 (1.7.0-1build1) ...
Selecting previously unselected package libglx-dev:amd64.
Preparing to unpack .../181-libglx-dev_1.7.0-1build1_amd64.deb ...
Unpacking libglx-dev:amd64 (1.7.0-1build1) ...
Selecting previously unselected package libgl-dev:amd64.
Preparing to unpack .../182-libgl-dev_1.7.0-1build1_amd64.deb ...
Unpacking libgl-dev:amd64 (1.7.0-1build1) ...
Selecting previously unselected package libegl-dev:amd64.
Preparing to unpack .../183-libegl-dev_1.7.0-1build1_amd64.deb ...
Unpacking libegl-dev:amd64 (1.7.0-1build1) ...
Selecting previously unselected package libglvnd-core-dev:amd64.
Preparing to unpack .../184-libglvnd-core-dev_1.7.0-1build1_amd64.deb ...
Unpacking libglvnd-core-dev:amd64 (1.7.0-1build1) ...
Selecting previously unselected package libgles1:amd64.
Preparing to unpack .../185-libgles1_1.7.0-1build1_amd64.deb ...
Unpacking libgles1:amd64 (1.7.0-1build1) ...
Selecting previously unselected package libgles2:amd64.
Preparing to unpack .../186-libgles2_1.7.0-1build1_amd64.deb ...
Unpacking libgles2:amd64 (1.7.0-1build1) ...
Selecting previously unselected package libgles-dev:amd64.
Preparing to unpack .../187-libgles-dev_1.7.0-1build1_amd64.deb ...
Unpacking libgles-dev:amd64 (1.7.0-1build1) ...
Selecting previously unselected package libopengl0:amd64.
Preparing to unpack .../188-libopengl0_1.7.0-1build1_amd64.deb ...
Unpacking libopengl0:amd64 (1.7.0-1build1) ...
Selecting previously unselected package libopengl-dev:amd64.
Preparing to unpack .../189-libopengl-dev_1.7.0-1build1_amd64.deb ...
Unpacking libopengl-dev:amd64 (1.7.0-1build1) ...
Selecting previously unselected package libglvnd-dev:amd64.
Preparing to unpack .../190-libglvnd-dev_1.7.0-1build1_amd64.deb ...
Unpacking libglvnd-dev:amd64 (1.7.0-1build1) ...
Selecting previously unselected package libegl1-mesa-dev:amd64.
Preparing to unpack .../191-libegl1-mesa-dev_24.0.5-1ubuntu1_amd64.deb ...
Unpacking libegl1-mesa-dev:amd64 (24.0.5-1ubuntu1) ...
Selecting previously unselected package libepoxy-dev:amd64.
Preparing to unpack .../192-libepoxy-dev_1.5.10-1build1_amd64.deb ...
Unpacking libepoxy-dev:amd64 (1.5.10-1build1) ...
Selecting previously unselected package libfribidi-dev:amd64.
Preparing to unpack .../193-libfribidi-dev_1.0.13-3build1_amd64.deb ...
Unpacking libfribidi-dev:amd64 (1.0.13-3build1) ...
Selecting previously unselected package libgdk-pixbuf2.0-bin.
Preparing to unpack .../194-libgdk-pixbuf2.0-bin_2.42.10+dfsg-3ubuntu3.1_amd64.deb ...
Unpacking libgdk-pixbuf2.0-bin (2.42.10+dfsg-3ubuntu3.1) ...
Selecting previously unselected package libjpeg-turbo8-dev:amd64.
Preparing to unpack .../195-libjpeg-turbo8-dev_2.1.5-2ubuntu2_amd64.deb ...
Unpacking libjpeg-turbo8-dev:amd64 (2.1.5-2ubuntu2) ...
Selecting previously unselected package libjpeg8-dev:amd64.
Preparing to unpack .../196-libjpeg8-dev_8c-2ubuntu11_amd64.deb ...
Unpacking libjpeg8-dev:amd64 (8c-2ubuntu11) ...
Selecting previously unselected package libjpeg-dev:amd64.
Preparing to unpack .../197-libjpeg-dev_8c-2ubuntu11_amd64.deb ...
Unpacking libjpeg-dev:amd64 (8c-2ubuntu11) ...
Selecting previously unselected package libjbig-dev:amd64.
Preparing to unpack .../198-libjbig-dev_2.1-6.1ubuntu2_amd64.deb ...
Unpacking libjbig-dev:amd64 (2.1-6.1ubuntu2) ...
Selecting previously unselected package liblzma-dev:amd64.
Preparing to unpack .../199-liblzma-dev_5.6.1+really5.4.5-1_amd64.deb ...
Unpacking liblzma-dev:amd64 (5.6.1+really5.4.5-1) ...
Selecting previously unselected package libzstd-dev:amd64.
Preparing to unpack .../200-libzstd-dev_1.5.5+dfsg2-2build1_amd64.deb ...
Unpacking libzstd-dev:amd64 (1.5.5+dfsg2-2build1) ...
Selecting previously unselected package libwebpdemux2:amd64.
Preparing to unpack .../201-libwebpdemux2_1.3.2-0.4build3_amd64.deb ...
Unpacking libwebpdemux2:amd64 (1.3.2-0.4build3) ...
Selecting previously unselected package libwebpmux3:amd64.
Preparing to unpack .../202-libwebpmux3_1.3.2-0.4build3_amd64.deb ...
Unpacking libwebpmux3:amd64 (1.3.2-0.4build3) ...
Selecting previously unselected package libwebpdecoder3:amd64.
Preparing to unpack .../203-libwebpdecoder3_1.3.2-0.4build3_amd64.deb ...
Unpacking libwebpdecoder3:amd64 (1.3.2-0.4build3) ...
Selecting previously unselected package libsharpyuv-dev:amd64.
Preparing to unpack .../204-libsharpyuv-dev_1.3.2-0.4build3_amd64.deb ...
Unpacking libsharpyuv-dev:amd64 (1.3.2-0.4build3) ...
Selecting previously unselected package libwebp-dev:amd64.
Preparing to unpack .../205-libwebp-dev_1.3.2-0.4build3_amd64.deb ...
Unpacking libwebp-dev:amd64 (1.3.2-0.4build3) ...
Selecting previously unselected package libtiffxx6:amd64.
Preparing to unpack .../206-libtiffxx6_4.5.1+git230720-4ubuntu2.1_amd64.deb ...
Unpacking libtiffxx6:amd64 (4.5.1+git230720-4ubuntu2.1) ...
Selecting previously unselected package liblerc-dev:amd64.
Preparing to unpack .../207-liblerc-dev_4.0.0+ds-4ubuntu2_amd64.deb ...
Unpacking liblerc-dev:amd64 (4.0.0+ds-4ubuntu2) ...
Selecting previously unselected package libtiff-dev:amd64.
Preparing to unpack .../208-libtiff-dev_4.5.1+git230720-4ubuntu2.1_amd64.deb ...
Unpacking libtiff-dev:amd64 (4.5.1+git230720-4ubuntu2.1) ...
Selecting previously unselected package libgdk-pixbuf-2.0-dev:amd64.
Preparing to unpack .../209-libgdk-pixbuf-2.0-dev_2.42.10+dfsg-3ubuntu3.1_amd64.deb ...
Unpacking libgdk-pixbuf-2.0-dev:amd64 (2.42.10+dfsg-3ubuntu3.1) ...
Selecting previously unselected package libgl1-amber-dri:amd64.
Preparing to unpack .../210-libgl1-amber-dri_21.3.9-0ubuntu2_amd64.deb ...
Unpacking libgl1-amber-dri:amd64 (21.3.9-0ubuntu2) ...
Selecting previously unselected package libgraphite2-dev:amd64.
Preparing to unpack .../211-libgraphite2-dev_1.3.14-2build1_amd64.deb ...
Unpacking libgraphite2-dev:amd64 (1.3.14-2build1) ...
Selecting previously unselected package libgtk-3-bin.
Preparing to unpack .../212-libgtk-3-bin_3.24.41-4ubuntu1_amd64.deb ...
Unpacking libgtk-3-bin (3.24.41-4ubuntu1) ...
Selecting previously unselected package libharfbuzz-icu0:amd64.
Preparing to unpack .../213-libharfbuzz-icu0_8.3.0-2build2_amd64.deb ...
Unpacking libharfbuzz-icu0:amd64 (8.3.0-2build2) ...
Selecting previously unselected package libharfbuzz-subset0:amd64.
Preparing to unpack .../214-libharfbuzz-subset0_8.3.0-2build2_amd64.deb ...
Unpacking libharfbuzz-subset0:amd64 (8.3.0-2build2) ...
Selecting previously unselected package libharfbuzz-cairo0:amd64.
Preparing to unpack .../215-libharfbuzz-cairo0_8.3.0-2build2_amd64.deb ...
Unpacking libharfbuzz-cairo0:amd64 (8.3.0-2build2) ...
Selecting previously unselected package libicu-dev:amd64.
Preparing to unpack .../216-libicu-dev_74.2-1ubuntu3_amd64.deb ...
Unpacking libicu-dev:amd64 (74.2-1ubuntu3) ...
Selecting previously unselected package libharfbuzz-dev:amd64.
Preparing to unpack .../217-libharfbuzz-dev_8.3.0-2build2_amd64.deb ...
Unpacking libharfbuzz-dev:amd64 (8.3.0-2build2) ...
Selecting previously unselected package libthai-dev:amd64.
Preparing to unpack .../218-libthai-dev_0.1.29-2build1_amd64.deb ...
Unpacking libthai-dev:amd64 (0.1.29-2build1) ...
Selecting previously unselected package libxft-dev:amd64.
Preparing to unpack .../219-libxft-dev_2.3.6-1build1_amd64.deb ...
Unpacking libxft-dev:amd64 (2.3.6-1build1) ...
Selecting previously unselected package pango1.0-tools.
Preparing to unpack .../220-pango1.0-tools_1.52.1+ds-1build1_amd64.deb ...
Unpacking pango1.0-tools (1.52.1+ds-1build1) ...
Selecting previously unselected package libpango1.0-dev:amd64.
Preparing to unpack .../221-libpango1.0-dev_1.52.1+ds-1build1_amd64.deb ...
Unpacking libpango1.0-dev:amd64 (1.52.1+ds-1build1) ...
Selecting previously unselected package libwayland-bin.
Preparing to unpack .../222-libwayland-bin_1.22.0-2.1build1_amd64.deb ...
Unpacking libwayland-bin (1.22.0-2.1build1) ...
Selecting previously unselected package libwayland-dev:amd64.
Preparing to unpack .../223-libwayland-dev_1.22.0-2.1build1_amd64.deb ...
Unpacking libwayland-dev:amd64 (1.22.0-2.1build1) ...
Selecting previously unselected package libxcomposite-dev:amd64.
Preparing to unpack .../224-libxcomposite-dev_1%3a0.4.5-1build3_amd64.deb ...
Unpacking libxcomposite-dev:amd64 (1:0.4.5-1build3) ...
Selecting previously unselected package libxcursor-dev:amd64.
Preparing to unpack .../225-libxcursor-dev_1%3a1.2.1-1build1_amd64.deb ...
Unpacking libxcursor-dev:amd64 (1:1.2.1-1build1) ...
Selecting previously unselected package libxdamage-dev:amd64.
Preparing to unpack .../226-libxdamage-dev_1%3a1.1.6-1build1_amd64.deb ...
Unpacking libxdamage-dev:amd64 (1:1.1.6-1build1) ...
Selecting previously unselected package libxinerama-dev:amd64.
Preparing to unpack .../227-libxinerama-dev_2%3a1.1.4-3build1_amd64.deb ...
Unpacking libxinerama-dev:amd64 (2:1.1.4-3build1) ...
Selecting previously unselected package libxkbcommon-dev:amd64.
Preparing to unpack .../228-libxkbcommon-dev_1.6.0-1build1_amd64.deb ...
Unpacking libxkbcommon-dev:amd64 (1.6.0-1build1) ...
Selecting previously unselected package libxrandr-dev:amd64.
Preparing to unpack .../229-libxrandr-dev_2%3a1.5.2-2build1_amd64.deb ...
Unpacking libxrandr-dev:amd64 (2:1.5.2-2build1) ...
Selecting previously unselected package wayland-protocols.
Preparing to unpack .../230-wayland-protocols_1.34-1_all.deb ...
Unpacking wayland-protocols (1.34-1) ...
Selecting previously unselected package libgtk-3-dev:amd64.
Preparing to unpack .../231-libgtk-3-dev_3.24.41-4ubuntu1_amd64.deb ...
Unpacking libgtk-3-dev:amd64 (3.24.41-4ubuntu1) ...
Selecting previously unselected package libpng-tools.
Preparing to unpack .../232-libpng-tools_1.6.43-5build1_amd64.deb ...
Unpacking libpng-tools (1.6.43-5build1) ...
Selecting previously unselected package librsvg2-2:amd64.
Preparing to unpack .../233-librsvg2-2_2.58.0+dfsg-1build1_amd64.deb ...
Unpacking librsvg2-2:amd64 (2.58.0+dfsg-1build1) ...
Selecting previously unselected package librsvg2-common:amd64.
Preparing to unpack .../234-librsvg2-common_2.58.0+dfsg-1build1_amd64.deb ...
Unpacking librsvg2-common:amd64 (2.58.0+dfsg-1build1) ...
Selecting previously unselected package mesa-vulkan-drivers:amd64.
Preparing to unpack .../235-mesa-vulkan-drivers_24.0.5-1ubuntu1_amd64.deb ...
Unpacking mesa-vulkan-drivers:amd64 (24.0.5-1ubuntu1) ...
Setting up libgraphite2-3:amd64 (1.3.14-2build1) ...
Setting up libxcb-dri3-0:amd64 (1.15-1ubuntu2) ...
Setting up liblcms2-2:amd64 (2.14-2build1) ...
Setting up libpixman-1-0:amd64 (0.42.2-1build1) ...
Setting up bzip2-doc (1.0.8-5.1) ...
Setting up libwayland-server0:amd64 (1.22.0-2.1build1) ...
Setting up libx11-xcb1:amd64 (2:1.8.7-1build1) ...
Setting up libpciaccess0:amd64 (0.17-3build1) ...
Setting up fontconfig (2.15.0-1.1ubuntu2) ...
Regenerating fonts cache... done.
Setting up libjpeg-turbo8-dev:amd64 (2.1.5-2ubuntu2) ...
Setting up systemd-sysv (255.4-1ubuntu8.1) ...
Setting up libpixman-1-dev:amd64 (0.42.2-1build1) ...
Setting up libxdamage1:amd64 (1:1.1.6-1build1) ...
Setting up libxcb-xfixes0:amd64 (1.15-1ubuntu2) ...
Setting up libzstd-dev:amd64 (1.5.5+dfsg2-2build1) ...
Setting up libglvnd-core-dev:amd64 (1.7.0-1build1) ...
Setting up hicolor-icon-theme (0.17-2) ...
Setting up libxi6:amd64 (2:1.8.1-1build1) ...
Setting up libxrender1:amd64 (1:0.9.10-1.1build1) ...
Setting up libdatrie1:amd64 (0.2.13-3build1) ...
Setting up xdg-user-dirs (0.18-1build1) ...
Setting up libpng-tools (1.6.43-5build1) ...
Setting up libxcb-render0:amd64 (1.15-1ubuntu2) ...
Setting up libglvnd0:amd64 (1.7.0-1build1) ...
Setting up libxcb-glx0:amd64 (1.15-1ubuntu2) ...
Setting up libwebpdemux2:amd64 (1.3.2-0.4build3) ...
Setting up libgdk-pixbuf2.0-common (2.42.10+dfsg-3ubuntu3.1) ...
Setting up libpng-dev:amd64 (1.6.43-5build1) ...
Setting up x11-common (1:7.7+23ubuntu3) ...
debconf: unable to initialize frontend: Dialog
debconf: (Dialog frontend will not work on a dumb terminal, an emacs shell buffer, or without a controlling terminal.)
debconf: falling back to frontend: Readline
debconf: unable to initialize frontend: Readline
debconf: (This frontend requires a controlling tty.)
debconf: falling back to frontend: Teletype
invoke-rc.d: could not determine current runlevel
invoke-rc.d: policy-rc.d denied execution of start.
Setting up libsensors-config (1:3.6.0-9build1) ...
Setting up libjbig-dev:amd64 (2.1-6.1ubuntu2) ...
Setting up libwebpdecoder3:amd64 (1.3.2-0.4build3) ...
Setting up libnss-systemd:amd64 (255.4-1ubuntu8.1) ...
Setting up xkb-data (2.41-2ubuntu1) ...
Setting up liblzo2-2:amd64 (2.10-2build4) ...
Setting up libxcb-shm0:amd64 (1.15-1ubuntu2) ...
Setting up libffi-dev:amd64 (3.4.6-1build1) ...
Setting up libpthread-stubs0-dev:amd64 (0.4-1build3) ...
Setting up libcairo2:amd64 (1.18.0-3build1) ...
Setting up libpcre2-16-0:amd64 (10.42-4ubuntu2) ...
Setting up libopengl0:amd64 (1.7.0-1build1) ...
Setting up libelf1t64:amd64 (0.190-1.1build4) ...
Setting up libxxf86vm1:amd64 (1:1.1.4-1build4) ...
Setting up libxcb-present0:amd64 (1.15-1ubuntu2) ...
Setting up xtrans-dev (1.4.0-1) ...
Setting up libgraphite2-dev:amd64 (1.3.14-2build1) ...
Setting up libpcre2-32-0:amd64 (10.42-4ubuntu2) ...
Setting up libglib2.0-0t64:amd64 (2.80.0-6ubuntu3.1) ...
Setting up libglib2.0-data (2.80.0-6ubuntu3.1) ...
Setting up python3-packaging (24.0-1) ...
Setting up libpkgconf3:amd64 (1.8.1-2build1) ...
Setting up libgles2:amd64 (1.7.0-1build1) ...
Setting up libepoxy0:amd64 (1.5.10-1build1) ...
Setting up libxfixes3:amd64 (1:6.0.0-2build1) ...
Setting up libxcb-sync1:amd64 (1.15-1ubuntu2) ...
Setting up uuid-dev:amd64 (2.39.3-9ubuntu6) ...
Setting up libavahi-common-data:amd64 (0.8-13ubuntu6) ...
Setting up libgles1:amd64 (1.7.0-1build1) ...
Setting up libdbus-1-3:amd64 (1.14.10-4ubuntu4) ...
Setting up libfribidi0:amd64 (1.0.13-3build1) ...
Setting up libxinerama1:amd64 (2:1.1.4-3build1) ...
Setting up systemd-timesyncd (255.4-1ubuntu8.1) ...
Creating group 'systemd-timesync' with GID 997.

Creating user 'systemd-timesync' (systemd Time Synchronization) with UID 997 and GID 997.

Created symlink /etc/systemd/system/dbus-org.freedesktop.timesync1.service → /usr/lib/systemd/system/systemd-timesyncd.service.

Created symlink /etc/systemd/system/sysinit.target.wants/systemd-timesyncd.service → /usr/lib/systemd/system/systemd-timesyncd.service.

Setting up libxrandr2:amd64 (2:1.5.2-2build1) ...
Setting up libsepol-dev:amd64 (3.5-2build1) ...
Setting up pkgconf-bin (1.8.1-2build1) ...
Setting up gir1.2-glib-2.0:amd64 (2.80.0-6ubuntu3.1) ...
Setting up libsensors5:amd64 (1:3.6.0-9build1) ...
Setting up liblerc-dev:amd64 (4.0.0+ds-4ubuntu2) ...
Setting up libglapi-mesa:amd64 (24.0.5-1ubuntu1) ...
Setting up libvulkan1:amd64 (1.3.275.0-1build1) ...
Setting up liblzma-dev:amd64 (5.6.1+really5.4.5-1) ...
Setting up libicu74:amd64 (74.2-1ubuntu3) ...
Setting up libxcb-dri2-0:amd64 (1.15-1ubuntu2) ...
Setting up libpcre2-posix3:amd64 (10.42-4ubuntu2) ...
Setting up wayland-protocols (1.34-1) ...
Setting up dmsetup (2:1.02.185-3ubuntu3) ...
Setting up gir1.2-glib-2.0-dev:amd64 (2.80.0-6ubuntu3.1) ...
Setting up libxshmfence1:amd64 (1.3-1build5) ...
Setting up at-spi2-common (2.52.0-1build1) ...
Setting up libxcb-randr0:amd64 (1.15-1ubuntu2) ...
Setting up dbus-session-bus-common (1.14.10-4ubuntu4) ...
Setting up libharfbuzz0b:amd64 (8.3.0-2build2) ...
Setting up libthai-data (0.1.29-2build1) ...
Setting up libgirepository-1.0-1:amd64 (1.80.1-1) ...
Setting up xorg-sgml-doctools (1:1.11-1.1) ...
Setting up sgml-base (1.31) ...
Setting up libcairo-gobject2:amd64 (1.18.0-3build1) ...
Setting up libwayland-egl1:amd64 (1.22.0-2.1build1) ...
Setting up libopengl-dev:amd64 (1.7.0-1build1) ...
Setting up libjpeg8-dev:amd64 (8c-2ubuntu11) ...
Setting up dbus-system-bus-common (1.14.10-4ubuntu4) ...
Setting up libsharpyuv-dev:amd64 (1.3.2-0.4build3) ...
Setting up libwebpmux3:amd64 (1.3.2-0.4build3) ...
Setting up libtiffxx6:amd64 (4.5.1+git230720-4ubuntu2.1) ...
Setting up libdeflate-dev:amd64 (1.19-1build1) ...
Setting up libdrm-common (2.4.120-2build1) ...
Setting up libxcomposite1:amd64 (1:0.4.5-1build3) ...
Setting up libxml2:amd64 (2.9.14+dfsg-1.3ubuntu3) ...
Setting up dbus-bin (1.14.10-4ubuntu4) ...
Setting up libbrotli-dev:amd64 (1.1.0-2build2) ...
Setting up libbz2-dev:amd64 (1.0.8-5.1) ...
Setting up libxkbcommon0:amd64 (1.6.0-1build1) ...
Setting up libwayland-client0:amd64 (1.22.0-2.1build1) ...
Setting up x11proto-dev (2023.2-1) ...
Setting up libcairo-script-interpreter2:amd64 (1.18.0-3build1) ...
Setting up libglib2.0-dev-bin (2.80.0-6ubuntu3.1) ...
Setting up libblkid-dev:amd64 (2.39.3-9ubuntu6) ...
Setting up libice6:amd64 (2:1.0.10-1build3) ...
Setting up session-migration (0.3.9build1) ...
Created symlink /etc/systemd/user/graphical-session-pre.target.wants/session-migration.service → /usr/lib/systemd/user/session-migration.service.

Setting up python3-dbus (1.3.2-5build3) ...
Setting up libxft2:amd64 (2.3.6-1build1) ...
Setting up gir1.2-freedesktop:amd64 (1.80.1-1) ...
Setting up libharfbuzz-icu0:amd64 (8.3.0-2build2) ...
Setting up libatk1.0-0t64:amd64 (2.52.0-1build1) ...
Setting up libxau-dev:amd64 (1:1.0.9-1build6) ...
Setting up libpcre2-dev:amd64 (10.42-4ubuntu2) ...
Setting up libice-dev:amd64 (2:1.0.10-1build3) ...
Setting up libgirepository-2.0-0:amd64 (2.80.0-6ubuntu3.1) ...
Setting up gir1.2-atk-1.0:amd64 (2.52.0-1build1) ...
Setting up libselinux1-dev:amd64 (3.5-2ubuntu2) ...
Setting up libxtst6:amd64 (2:1.2.3-1.1build1) ...
Setting up libfribidi-dev:amd64 (1.0.13-3build1) ...
Setting up libxkbcommon-dev:amd64 (1.6.0-1build1) ...
Setting up libxcursor1:amd64 (1:1.2.1-1build1) ...
Setting up libavahi-common3:amd64 (0.8-13ubuntu6) ...
Setting up libjpeg-dev:amd64 (8c-2ubuntu11) ...
Setting up libglib2.0-bin (2.80.0-6ubuntu3.1) ...
Setting up dbus-daemon (1.14.10-4ubuntu4) ...
Setting up libharfbuzz-gobject0:amd64 (8.3.0-2build2) ...
Setting up gir1.2-harfbuzz-0.0:amd64 (8.3.0-2build2) ...
Setting up libcolord2:amd64 (1.4.7-1build2) ...
Setting up pkgconf:amd64 (1.8.1-2build1) ...
Setting up libfreetype-dev:amd64 (2.13.2+dfsg-1build3) ...
Setting up libdconf1:amd64 (0.40.0-4build2) ...
Setting up libthai0:amd64 (0.1.29-2build1) ...
Setting up libxdmcp-dev:amd64 (1:1.1.3-0ubuntu6) ...
Setting up libwayland-bin (1.22.0-2.1build1) ...
Setting up libwebp-dev:amd64 (1.3.2-0.4build3) ...
Setting up libllvm17t64:amd64 (1:17.0.6-9ubuntu1) ...
Setting up libharfbuzz-cairo0:amd64 (8.3.0-2build2) ...
Setting up libtiff-dev:amd64 (4.5.1+git230720-4ubuntu2.1) ...
Setting up gir1.2-girepository-2.0:amd64 (1.80.1-1) ...
Setting up libatspi2.0-0t64:amd64 (2.52.0-1build1) ...
Setting up dbus (1.14.10-4ubuntu4) ...
Setting up python3-gi (3.48.2-1) ...
Setting up gir1.2-freedesktop-dev:amd64 (1.80.1-1) ...
Setting up shared-mime-info (2.4-4) ...
Setting up icu-devtools (74.2-1ubuntu3) ...
Setting up libdrm2:amd64 (2.4.120-2build1) ...
Setting up libdatrie-dev:amd64 (0.2.13-3build1) ...
Setting up libwayland-cursor0:amd64 (1.22.0-2.1build1) ...
Setting up xml-core (0.19) ...
Setting up libpam-systemd:amd64 (255.4-1ubuntu8.1) ...
debconf: unable to initialize frontend: Dialog
debconf: (Dialog frontend will not work on a dumb terminal, an emacs shell buffer, or without a controlling terminal.)
debconf: falling back to frontend: Readline
debconf: unable to initialize frontend: Readline
debconf: (This frontend requires a controlling tty.)
debconf: falling back to frontend: Teletype
Setting up libharfbuzz-subset0:amd64 (8.3.0-2build2) ...
Setting up libgdk-pixbuf-2.0-0:amd64 (2.42.10+dfsg-3ubuntu3.1) ...
Setting up libsm6:amd64 (2:1.2.3-1build3) ...
Setting up libicu-dev:amd64 (74.2-1ubuntu3) ...
Setting up libavahi-client3:amd64 (0.8-13ubuntu6) ...
Setting up libmount-dev:amd64 (2.39.3-9ubuntu6) ...
Setting up systemd-resolved (255.4-1ubuntu8.1) ...
Converting /etc/resolv.conf to a symlink to /run/systemd/resolve/stub-resolv.conf...
mv: cannot move '/etc/resolv.conf' to '/etc/.resolv.conf.systemd-resolved.bak': Device or resource busy
Cannot take a backup of /etc/resolv.conf.
ln: failed to create symbolic link '/etc/resolv.conf': Device or resource busy
Cannot install symlink from /etc/resolv.conf to ../run/systemd/resolve/stub-resolv.conf
Creating group 'systemd-resolve' with GID 996.

Creating user 'systemd-resolve' (systemd Resolver) with UID 996 and GID 996.

Created symlink /etc/systemd/system/dbus-org.freedesktop.resolve1.service → /usr/lib/systemd/system/systemd-resolved.service.

Created symlink /etc/systemd/system/sysinit.target.wants/systemd-resolved.service → /usr/lib/systemd/system/systemd-resolved.service.

Setting up libdrm-amdgpu1:amd64 (2.4.120-2build1) ...
Setting up networkd-dispatcher (2.2.4-1) ...
Created symlink /etc/systemd/system/multi-user.target.wants/networkd-dispatcher.service → /usr/lib/systemd/system/networkd-dispatcher.service.

Setting up libatk-bridge2.0-0t64:amd64 (2.52.0-1build1) ...
Setting up mesa-vulkan-drivers:amd64 (24.0.5-1ubuntu1) ...
Setting up gtk-update-icon-cache (3.24.41-4ubuntu1) ...
Setting up libdrm-nouveau2:amd64 (2.4.120-2build1) ...
Setting up libxcb1-dev:amd64 (1.15-1ubuntu2) ...
Setting up gir1.2-gdkpixbuf-2.0:amd64 (2.42.10+dfsg-3ubuntu3.1) ...
Setting up libgbm1:amd64 (24.0.5-1ubuntu1) ...
Setting up libfontconfig-dev:amd64 (2.15.0-1.1ubuntu2) ...
Setting up libsm-dev:amd64 (2:1.2.3-1build3) ...
Setting up libdrm-radeon1:amd64 (2.4.120-2build1) ...
Setting up libpango-1.0-0:amd64 (1.52.1+ds-1build1) ...
Setting up libdrm-intel1:amd64 (2.4.120-2build1) ...
Setting up libgl1-mesa-dri:amd64 (24.0.5-1ubuntu1) ...
Setting up libx11-dev:amd64 (2:1.8.7-1build1) ...
Setting up gir1.2-atspi-2.0:amd64 (2.52.0-1build1) ...
Setting up libwayland-dev:amd64 (1.22.0-2.1build1) ...
Setting up libxfixes-dev:amd64 (1:6.0.0-2build1) ...
Setting up libxcb-shm0-dev:amd64 (1.15-1ubuntu2) ...
Setting up dbus-user-session (1.14.10-4ubuntu4) ...
Setting up libegl-mesa0:amd64 (24.0.5-1ubuntu1) ...
Setting up libglib2.0-dev:amd64 (2.80.0-6ubuntu3.1) ...
Setting up libxcb-render0-dev:amd64 (1.15-1ubuntu2) ...
Setting up libxext-dev:amd64 (2:1.3.4-1build2) ...
Setting up libthai-dev:amd64 (0.1.29-2build1) ...
Setting up libgdk-pixbuf2.0-bin (2.42.10+dfsg-3ubuntu3.1) ...
Setting up libegl1:amd64 (1.7.0-1build1) ...
Setting up libpangoft2-1.0-0:amd64 (1.52.1+ds-1build1) ...
Setting up libxi-dev:amd64 (2:1.8.1-1build1) ...
Setting up libxrender-dev:amd64 (1:0.9.10-1.1build1) ...
Setting up libcups2t64:amd64 (2.4.7-1.2ubuntu7) ...
Setting up libatk1.0-dev:amd64 (2.52.0-1build1) ...
Setting up libpangocairo-1.0-0:amd64 (1.52.1+ds-1build1) ...
Setting up libxft-dev:amd64 (2.3.6-1build1) ...
Setting up libxtst-dev:amd64 (2:1.2.3-1.1build1) ...
Setting up libxdamage-dev:amd64 (1:1.1.6-1build1) ...
Setting up libgdk-pixbuf-2.0-dev:amd64 (2.42.10+dfsg-3ubuntu3.1) ...
Setting up libgl1-amber-dri:amd64 (21.3.9-0ubuntu2) ...
Setting up libharfbuzz-dev:amd64 (8.3.0-2build2) ...
Setting up libglx-mesa0:amd64 (24.0.5-1ubuntu1) ...
Setting up libpangoxft-1.0-0:amd64 (1.52.1+ds-1build1) ...
Setting up libglx0:amd64 (1.7.0-1build1) ...
Setting up libxcomposite-dev:amd64 (1:0.4.5-1build3) ...
Setting up libxcursor-dev:amd64 (1:1.2.1-1build1) ...
Setting up pango1.0-tools (1.52.1+ds-1build1) ...
Setting up dconf-service (0.40.0-4build2) ...
Setting up librsvg2-2:amd64 (2.58.0+dfsg-1build1) ...
Setting up gir1.2-pango-1.0:amd64 (1.52.1+ds-1build1) ...
Setting up libxrandr-dev:amd64 (2:1.5.2-2build1) ...
Setting up libgl1:amd64 (1.7.0-1build1) ...
Setting up libxinerama-dev:amd64 (2:1.1.4-3build1) ...
Setting up librsvg2-common:amd64 (2.58.0+dfsg-1build1) ...
Setting up libglx-dev:amd64 (1.7.0-1build1) ...
Setting up libcairo2-dev:amd64 (1.18.0-3build1) ...
Setting up libgl-dev:amd64 (1.7.0-1build1) ...
Setting up dconf-gsettings-backend:amd64 (0.40.0-4build2) ...
Setting up libegl-dev:amd64 (1.7.0-1build1) ...
Setting up libepoxy-dev:amd64 (1.5.10-1build1) ...
Setting up libpango1.0-dev:amd64 (1.52.1+ds-1build1) ...
Setting up libgles-dev:amd64 (1.7.0-1build1) ...
Setting up libgtk-3-common (3.24.41-4ubuntu1) ...
Setting up gsettings-desktop-schemas (46.0-1ubuntu2) ...
Setting up libglvnd-dev:amd64 (1.7.0-1build1) ...
Setting up at-spi2-core (2.52.0-1build1) ...
Setting up libegl1-mesa-dev:amd64 (24.0.5-1ubuntu1) ...
Setting up adwaita-icon-theme (46.0-1) ...
update-alternatives: using /usr/share/icons/Adwaita/cursor.theme to provide /usr/share/icons/default/index.theme (x-cursor-theme) in auto mode
Setting up libgtk-3-0t64:amd64 (3.24.41-4ubuntu1) ...
Setting up gir1.2-gtk-3.0:amd64 (3.24.41-4ubuntu1) ...
Setting up libgtk-3-bin (3.24.41-4ubuntu1) ...
Setting up humanity-icon-theme (0.6.16) ...
Setting up ubuntu-mono (24.04-0ubuntu1) ...
Processing triggers for libc-bin (2.39-0ubuntu8.2) ...
Processing triggers for sgml-base (1.31) ...
Setting up libdbus-1-dev:amd64 (1.14.10-4ubuntu4) ...
Setting up libatspi2.0-dev:amd64 (2.52.0-1build1) ...
Setting up libatk-bridge2.0-dev:amd64 (2.52.0-1build1) ...
Setting up libgtk-3-dev:amd64 (3.24.41-4ubuntu1) ...
Processing triggers for libgdk-pixbuf-2.0-0:amd64 (2.42.10+dfsg-3ubuntu3.1) ...
Note: Deploying make=4.3.0...
Note: Deploying pkg_config=1.8.1...
The system package 'pkg-config' is about to be installed.
This action might require admin privileges and impact your system installation.
Do you want Alire to install this system package?
Using default: Yes
debconf: delaying package configuration, since apt-utils is not installed
Selecting previously unselected package pkg-config:amd64.
(Reading database ... 
(Reading database ... 5%
(Reading database ... 10%
(Reading database ... 15%
(Reading database ... 20%
(Reading database ... 25%
(Reading database ... 30%
(Reading database ... 35%
(Reading database ... 40%
(Reading database ... 45%
(Reading database ... 50%
(Reading database ... 55%
(Reading database ... 60%
(Reading database ... 65%
(Reading database ... 70%
(Reading database ... 75%
(Reading database ... 80%
(Reading database ... 85%
(Reading database ... 90%
(Reading database ... 95%
(Reading database ... 100%
(Reading database ... 40966 files and directories currently installed.)
Preparing to unpack .../pkg-config_1.8.1-2build1_amd64.deb ...
Unpacking pkg-config:amd64 (1.8.1-2build1) ...
Setting up pkg-config:amd64 (1.8.1-2build1) ...
Note: Deploying gtkada=24.0.0...
#=#=#                                                                          
##O#-#                                                                         
##=O#- #                                                                       
# #=O#- #                                                                      
 # #=O#-  #                                                                    
  # #=O=#   #                                                                  
   # #=O=#   #                                                                 
    # -#O=-#   #                                                               
     # -#O=- #   #                                                             
Note: Running post_fetch actions for gtkada=24.0.0...
checking build system type... x86_64-pc-linux-gnu
checking host system type... x86_64-pc-linux-gnu
checking target system type... x86_64-pc-linux-gnu
checking for pkg-config... /usr/bin/pkg-config
checking pkg-config is at least version 0.9.0... yes
checking for gcc... gcc
checking whether the C compiler works... yes
checking for C compiler default output file name... a.out
checking for suffix of executables... 
checking whether we are cross compiling... no
checking for suffix of object files... o
checking whether we are using the GNU C compiler... yes
checking whether gcc accepts -g... yes
checking for gcc option to accept ISO C89... none needed
checking for gprbuild... /usr/bin/gprbuild
checking for gprinstall... /usr/bin/gprinstall
checking that your gnat compiler works with a simple example... yes
checking whether NLS is requested... yes
checking for gettext in libc... yes
checking for GTK... yes
checking for pkg-config... (cached) /usr/bin/pkg-config
checking pkg-config is at least version 0.16... yes
checking for GTK+ - version >= 3.24.24... yes (version 3.24.41)
checking for GMODULE... yes
checking for FONTCONFIG... yes
configure: creating ./config.status
config.status: creating Makefile
config.status: creating gtkada_shared.gpr
config.status: creating po/Makefile
config.status: creating docs/gtkada_rm/html/static/index.html
configure: --------- Summary for Gtkada 18.0w -----------------
configure:   Shared libraries:       yes (default: static)
configure: --------------------------------------------
gnatprep -DGETTEXT_INTL=False -DHAVE_GETTEXT=True src/gtkada-intl.gpb src/gtkada-intl.adb
Note: Building aicwl/sources/aicwl.gpr (1/2)...
Setup
   [mkdir]        object directory for project GtkAda
   [mkdir]        library directory for project GtkAda
Compile
   [Ada]          strings_edit-generic_scale.adb
   [Ada]          strings_edit-utf8-radix50.adb
   [Ada]          strings_edit-utf8-iso_8859_3.adb
   [Ada]          strings_edit-utf8-superscript.adb
   [Ada]          strings_edit-utf8-windows_1256.adb
   [Ada]          strings_edit-utf8-wildcards-case_insensitive.adb
   [Ada]          strings_edit-utf8-subscript.adb
   [Ada]          strings_edit-utf8-koi8.adb
   [Ada]          strings_edit-streams-generic_unsigned.adb
   [Ada]          strings_edit-utf8-iso_8859_4.adb
   [Ada]          strings_edit-utf8-windows_1254.adb
   [Ada]          strings_edit-utf8-windows_1258.adb
   [Ada]          strings_edit-utf8-handling.adb
   [Ada]          strings_edit-streams-generic_modular.adb
   [Ada]          strings_edit-integers-subscript.ads
   [Ada]          strings_edit-utf8-wildcards.adb
   [Ada]          strings_edit-streams.adb
   [Ada]          strings_edit-utf8-blocks.ads
   [Ada]          strings_edit-quoted.adb
   [Ada]          strings_edit-object_identifiers.adb
   [Ada]          strings_edit-utf8-windows_1252.adb
   [Ada]          strings_edit-roman_edit.adb
   [Ada]          strings_edit-utf8-iso_8859_9.adb
strings_edit-object_identifiers.adb:29:06: warning: unnecessary with of ancestor [-gnatwr]
   [Ada]          strings_edit-integer_edit.adb
   [Ada]          strings_edit-utf8-windows_1251.adb
   [Ada]          strings_edit-streams-integers_32.ads
   [Ada]          strings_edit-utf8-windows_1250.adb
   [Ada]          strings_edit-integers-superscript.ads
   [Ada]          strings_edit-iso_8601.adb
   [Ada]          strings_edit-utf8-windows_1257.adb
   [Ada]          strings_edit-utf8-iso_8859_8.adb
   [Ada]          strings_edit-lexicographical_order.adb
   [Ada]          strings_edit-streams-naturals.ads
   [Ada]          strings_edit-utf8.adb
   [Ada]          strings_edit-utf8-iso_8859_2.adb
   [Ada]          strings_edit-utf8-categorization.adb
   [Ada]          strings_edit-utf8-subscript-integer_edit.ads
   [Ada]          strings_edit-utf8-iso_8859_10.adb
   [Ada]          strings_edit-utf8-iso_8859_6.adb
   [Ada]          strings_edit-long_floats.ads
   [Ada]          strings_edit-utf8-maps.adb
   [Ada]          strings_edit-fields.adb
   [Ada]          strings_edit-utf8-maps-constants.ads
   [Ada]          strings_edit-streams-unsigneds_32.ads
   [Ada]          strings_edit-distinguished_names.adb
   [Ada]          strings_edit-utf8-itu_t61.adb
   [Ada]          strings_edit-chacha20-aead.adb
   [Ada]          strings_edit.adb
   [Ada]          strings_edit-base64.adb
   [Ada]          strings_edit-utf8-iso_8859_7.adb
   [Ada]          strings_edit-streams-integers.ads
   [Ada]          strings_edit-utf8-mapping.adb
   [Ada]          strings_edit-utf8-windows_1253.adb
strings_edit-distinguished_names.adb:31:06: warning: unnecessary with of ancestor [-gnatwr]
   [Ada]          strings_edit-floats.ads
   [Ada]          strings_edit-streams-generic_integer.adb
   [Ada]          strings_edit-streams-unsigneds_64.ads
strings_edit-streams-generic_integer.adb:109:07: warning: variable "Old" is not referenced [-gnatwu]
   [Ada]          strings_edit-utf8-macos_roman.adb
   [Ada]          strings_edit-integers.ads
   [Ada]          strings_edit-utf8-iso_8859_5.adb
   [Ada]          strings_edit-utf8-recoding_streams.adb
   [Ada]          strings_edit-streams-integers_64.ads
   [Ada]          strings_edit-float_edit.adb
strings_edit-float_edit.adb:264:18: warning: Numeric_Error is an obsolescent feature (RM J.6(1)) [-gnatwj]
strings_edit-float_edit.adb:264:18: warning: use Constraint_Error instead [-gnatwj]
   [Ada]          strings_edit-chacha20-poly1305.adb
   [Ada]          strings_edit-utf8-windows_1255.adb
   [Ada]          strings_edit-chacha20.adb
   [Ada]          strings_edit-utf8-superscript-integer_edit.ads
   [Ada]          strings_edit-utf8-integer_edit.adb
   [Ada]          rsvg-handle.adb
   [Ada]          rsvg.ads
strings_edit-chacha20-poly1305.adb:278:07: warning: variable "Carry" is not referenced [-gnatwu]
   [Ada]          gdk-window_attr.adb
   [Ada]          gtkada-multi_paned.adb
strings_edit-chacha20.adb:281:07: warning: renamed variable "Count" is not referenced [-gnatwu]
strings_edit-chacha20.adb:305:07: warning: renamed variable "Count" is not referenced [-gnatwu]
strings_edit-chacha20.adb:333:07: warning: renamed variable "Count" is not referenced [-gnatwu]
strings_edit-chacha20.adb:361:07: warning: renamed variable "Count" is not referenced [-gnatwu]
strings_edit-chacha20.adb:389:07: warning: renamed variable "Count" is not referenced [-gnatwu]
strings_edit-chacha20.adb:405:07: warning: renamed variable "Count" is not referenced [-gnatwu]
   [Ada]          glib-messages.adb
   [Ada]          gdk-rectangle.adb
   [Ada]          gtkada-builder.adb
   [Ada]          gtk-marshallers.adb
   [Ada]          gtkada-canvas.adb
   [Ada]          gtkada-file_selection.adb
   [Ada]          gtkada-canvas_view-rtrees.adb
   [Ada]          gdk-property.adb
   [Ada]          gtkada-style.adb
   [Ada]          gtk-rc.adb
   [Ada]          pango-cairo.adb
   [Ada]          glib-properties-creation.adb
   [Ada]          cairo-svg.adb
   [Ada]          glib-module.adb
   [Ada]          gdk-display_manager.adb
   [Ada]          glib-graphs-layouts.adb
   [Ada]          glib-type_conversion_hooks.adb
   [Ada]          gtk-type_conversion.adb
   [Ada]          cairo-pattern.ads
   [Ada]          gtkada-printing.adb
   [Ada]          glib-properties.adb
   [Ada]          glib-values.adb
   [Ada]          gtkada-handlers.ads
   [Ada]          glib-xml_int.ads
   [Ada]          gdk-types-keysyms.ads
   [Ada]          gdk-pixbuf.adb
   [Ada]          glib-graphs.adb
   [Ada]          cairo-surface.adb
   [Ada]          gdk-threads.ads
   [Ada]          glib-glist.adb
   [Ada]          cairo-matrix.ads
   [Ada]          cairo-png.adb
   [Ada]          gtkada-mdi.adb
   [Ada]          gdk.ads
   [Ada]          gtkada-multiline_entry.adb
   [Ada]          gtkada-canvas_view-models-layers.adb
   [Ada]          gtkada-canvas_view-links.adb
   [Ada]          gtkada-abstract_tree_model.adb
   [Ada]          glib-error.adb
   [Ada]          glib-generic_properties.adb
   [Ada]          gdk-cairo.adb
   [Ada]          gtkada-canvas_view-models.adb
   [Ada]          cairo.adb
   [Ada]          gtkada-application.adb
   [Ada]          gtk-dnd.adb
   [Ada]          gtkada-c.adb
   [Ada]          glib-convert.adb
   [Ada]          gtkada-canvas_view-objects.adb
   [Ada]          glib-object.adb
   [Ada]          glib-key_file.adb
   [Ada]          gtk-arguments.adb
   [Ada]          glib-main.adb
   [Ada]          gtkada-abstract_list_model.adb
   [Ada]          gtkada.ads
   [Ada]          cairo-font_options.adb
   [Ada]          gtkada-dialogs.adb
   [Ada]          gdk-keyval.adb
   [Ada]          cairo-font_face.ads
   [Ada]          cairo-scaled_font.ads
   [Ada]          glib.adb
   [Ada]          gtkada-bindings.adb
   [Ada]          gdk-visual.adb
   [Ada]          gdk-types.ads
   [Ada]          pango.ads
   [Ada]          fontconfig.adb
   [Ada]          gtkada-canvas_view.adb
   [Ada]          gtk-handlers.adb
   [Ada]          gdk-main.adb
   [Ada]          cairo-image_surface.adb
   [Ada]          gtk.ads
   [Ada]          gtk-tree_model-utils.adb
   [Ada]          gdk-input.ads
   [Ada]          glib-gslist.adb
   [Ada]          gtk-text_child.adb
   [Ada]          gtkada-canvas_view-astar.adb
   [Ada]          cairo-pdf.adb
   [Ada]          gdk-color.adb
   [Ada]          cairo-region.adb
   [Ada]          glib-xml.adb
   [Ada]          glib-unicode.adb
   [Ada]          glib-gnodes.adb
   [Ada]          gtkada-pixmaps.ads
   [Ada]          gtkada-types.adb
   [Ada]          glib-enums.ads
   [Ada]          glib-types.adb
   [Ada]          gdk-dnd.adb
   [Ada]          gtkada-canvas_view-views.adb
   [Ada]          gtkada-intl.adb
   [Ada]          gtk-bindings.adb
   [Ada]          gtk-icon_view.adb
   [Ada]          gtk-fixed.adb
   [Ada]          gtk-spin_button.adb
   [Ada]          gtk-font_button.adb
   [Ada]          gtk-scale_button.adb
   [Ada]          gtk-scale.adb
   [Ada]          gtk-tree_model.adb
   [Ada]          gtk-cell_renderer_spin.adb
   [Ada]          gtk-accel_map.adb
   [Ada]          gtk-gentry.adb
   [Ada]          gdk-seat.adb
   [Ada]          gtk-tree_model_filter.adb
   [Ada]          gtk-font_chooser_dialog.adb
   [Ada]          gtk-misc.adb
   [Ada]          gtk-paper_size.adb
   [Ada]          gtk-hbutton_box.adb
   [Ada]          gtk-event_controller.adb
   [Ada]          gtk-menu_button.adb
   [Ada]          gtk-font_selection.adb
   [Ada]          gtk-tool_item_group.adb
   [Ada]          gtk-offscreen_window.adb
   [Ada]          gtk-calendar.adb
   [Ada]          gtk-tree_model_sort.adb
   [Ada]          gtk-binding_set.adb
   [Ada]          gtk-gesture_long_press.adb
   [Ada]          gdk-cursor.adb
   [Ada]          gtk-style.adb
   [Ada]          glib-simple_action.adb
   [Ada]          gtk-status_icon.adb
   [Ada]          gtk-tree_selection.adb
   [Ada]          glib-action_group.adb
   [Ada]          gtk-button.adb
   [Ada]          gtk-print_context.adb
   [Ada]          gdk-screen.adb
   [Ada]          gtk-color_chooser_widget.adb
   [Ada]          gtk-check_button.adb
   [Ada]          gtk-text_buffer.adb
   [Ada]          gtk-menu.adb
   [Ada]          gtk-color_button.adb
   [Ada]          gtk-cell_renderer_spinner.adb
   [Ada]          gtk-cell_renderer_combo.adb
   [Ada]          gtk-im_multi_context.adb
   [Ada]          gtk-assistant.adb
   [Ada]          pango-font_family.adb
   [Ada]          gtk-search_bar.adb
   [Ada]          gtk-tree_store.adb
   [Ada]          gtk-grange.adb
   [Ada]          gdk-glcontext.adb
   [Ada]          pango-attributes.adb
   [Ada]          gtk-cell_layout.adb
   [Ada]          gtk-invisible.adb
   [Ada]          gtk-hsv.adb
   [Ada]          gdk-frame_clock.adb
   [Ada]          gtk-gesture_zoom.adb
   [Ada]          gtk-im_context_simple.adb
   [Ada]          gtk-tool_shell.adb
   [Ada]          gtk-text_child_anchor.adb
   [Ada]          gtk-text_iter.adb
   [Ada]          gtk-arrow.adb
   [Ada]          glib-variant.adb
   [Ada]          gtk-gesture_pan.adb
   [Ada]          gtk-file_chooser_widget.adb
   [Ada]          gtk-im_context.adb
   [Ada]          gtk-activatable.adb
   [Ada]          gtk-menu_shell.adb
   [Ada]          gtk-color_chooser.adb
   [Ada]          pango-fontset.adb
   [Ada]          gtk-recent_action.adb
   [Ada]          gtk-vbutton_box.adb
   [Ada]          gdk-drawing_context.adb
   [Ada]          gtk-separator.adb
   [Ada]          gtk-check_menu_item.adb
   [Ada]          gtk-glarea.adb
   [Ada]          gtk-cell_view.adb
   [Ada]          gtk-shortcuts_window.adb
   [Ada]          gtk-actionable.adb
   [Ada]          gtk-list_box.adb
   [Ada]          gtk-layout.adb
   [Ada]          gtk-tool_button.adb
   [Ada]          gtk-menu_bar.adb
   [Ada]          gtk-gradient.adb
   [Ada]          gtk-widget.adb
   [Ada]          glib-utils.adb
   [Ada]          gtk-scrollbar.adb
   [Ada]          glib-action.adb
   [Ada]          gtk-builder.adb
   [Ada]          gdk-monitor.adb
   [Ada]          gtk-accel_group.adb
   [Ada]          gtk-scrollable.adb
   [Ada]          gtk-drawing_area.adb
   [Ada]          gtk-switch.adb
   [Ada]          pango-font_map.adb
   [Ada]          gtk-radio_action.adb
   [Ada]          gtk-recent_info.adb
   [Ada]          gtk-size_group.adb
   [Ada]          gtk-enums.adb
   [Ada]          gtk-grid.adb
   [Ada]          gtk-dialog.adb
   [Ada]          gtk-progress_bar.adb
gtk-enums.adb:38:04: warning: possible aliasing problem for type "Chars_Ptr" [enabled by default]
gtk-enums.adb:38:04: warning: use -fno-strict-aliasing switch for references [enabled by default]
gtk-enums.adb:38:04: warning: or use "pragma No_Strict_Aliasing (Chars_Ptr);" [enabled by default]
   [Ada]          gtk-tree_drag_source.adb
   [Ada]          gtk-file_chooser_button.adb
   [Ada]          gtk-target_list.adb
   [Ada]          gtk-font_chooser.adb
   [Ada]          gtk-radio_tool_button.adb
   [Ada]          gtk-revealer.adb
   [Ada]          gdk-device.adb
   [Ada]          glib-iochannel.adb
   [Ada]          gtk-overlay.adb
   [Ada]          gtk-color_selection.adb
   [Ada]          pango-font_face.adb
   [Ada]          gtk-action_bar.adb
   [Ada]          gtk-file_chooser.adb
   [Ada]          gtk-clipboard.adb
   [Ada]          pango-font_metrics.adb
   [Ada]          gtk-image.adb
   [Ada]          gtk-toggle_button.adb
   [Ada]          glib-simple_action_group.adb
   [Ada]          gtk-label.adb
   [Ada]          gtk-button_box.adb
   [Ada]          gtk-action.adb
   [Ada]          gtk-expander.adb
   [Ada]          gtk-color_selection_dialog.adb
   [Ada]          gtk-recent_chooser.adb
   [Ada]          gtk-about_dialog.adb
   [Ada]          gtk-editable.adb
   [Ada]          gtk-application_window.adb
   [Ada]          gtk-text_view.adb
   [Ada]          gtk-tree_view_column.adb
   [Ada]          gtk-event_box.adb
   [Ada]          gtk-tooltip.adb
   [Ada]          gtk-file_filter.adb
   [Ada]          gtk-tool_item.adb
   [Ada]          gtk-gesture_rotate.adb
   [Ada]          gtk-window.adb
   [Ada]          pango-language.adb
   [Ada]          gtk-print_operation_preview.adb
   [Ada]          gtk-symbolic_color.adb
   [Ada]          gtk-frame.adb
   [Ada]          gtk-flow_box_child.adb
   [Ada]          glib-option.adb
   [Ada]          glib-string.adb
   [Ada]          gtk-header_bar.adb
   [Ada]          gtk-aspect_frame.adb
   [Ada]          gtk-toggle_tool_button.adb
   [Ada]          gtk-cell_renderer_progress.adb
   [Ada]          gdk-event.adb
   [Ada]          gtk-volume_button.adb
   [Ada]          gdk-drag_contexts.adb
   [Ada]          gtk-style_context.adb
   [Ada]          gtk-tree_row_reference.adb
   [Ada]          gtk-recent_manager.adb
   [Ada]          gtk-gesture.adb
   [Ada]          gtk-cell_renderer.adb
   [Ada]          gtk-cell_renderer_toggle.adb
   [Ada]          gtk-css_provider.adb
   [Ada]          gtk-info_bar.adb
   [Ada]          glib-application.adb
   [Ada]          gtk-tree_sortable.adb
   [Ada]          gtk-settings.adb
   [Ada]          gtk-notebook.adb
   [Ada]          gtk-separator_tool_item.adb
   [Ada]          gtk-icon_set.adb
   [Ada]          gtk-separator_menu_item.adb
   [Ada]          gtk-image_menu_item.adb
   [Ada]          gtk-gesture_swipe.adb
   [Ada]          gtk-combo_box_text.adb
   [Ada]          gdk-window.adb
   [Ada]          gtk-ui_manager.adb
   [Ada]          gtk-spinner.adb
   [Ada]          pango-enums.adb
   [Ada]          gtk-file_chooser_dialog.adb
   [Ada]          gtk-stock.adb
   [Ada]          gtk-tearoff_menu_item.adb
   [Ada]          pango-matrix.adb
   [Ada]          gtk-font_chooser_widget.adb
   [Ada]          pango-font.adb
   [Ada]          pango-layout.adb
   [Ada]          glib-g_icon.adb
   [Ada]          gtk-target_entry.adb
   [Ada]          gtk-message_dialog.adb
   [Ada]          gtk-cell_renderer_pixbuf.adb
   [Ada]          gtk-combo_box.adb
   [Ada]          gtk-cell_area_box.adb
   [Ada]          glib-action_map.adb
   [Ada]          gtk-css_section.adb
   [Ada]          gtk-flow_box.adb
   [Ada]          gtk-color_chooser_dialog.adb
   [Ada]          gdk-device_manager.adb
   [Ada]          gtk-list_box_row.adb
   [Ada]          gdk-device_tool.adb
   [Ada]          pango-tabs.adb
   [Ada]          gtk-text_tag.adb
   [Ada]          glib-spawn.adb
   [Ada]          gtk-main.adb
   [Ada]          gtk-recent_filter.adb
   [Ada]          gtk-icon_theme.adb
   [Ada]          gtk-container.adb
   [Ada]          gtk-stack_switcher.adb
   [Ada]          gtk-search_entry.adb
   [Ada]          gtk-page_setup.adb
   [Ada]          gtk-print_settings.adb
   [Ada]          gtk-accel_label.adb
   [Ada]          gtk-entry_buffer.adb
   [Ada]          gtk-stack.adb
   [Ada]          gtk-entry_completion.adb
   [Ada]          gtk-gesture_drag.adb
   [Ada]          gtk-alignment.adb
   [Ada]          gtk-tool_palette.adb
   [Ada]          gtk-list_store.adb
   [Ada]          glib-menu_model.adb
   [Ada]          pango-context.adb
   [Ada]          gtk-link_button.adb
   [Ada]          gtk-gesture_single.adb
   [Ada]          pango-coverage.adb
   [Ada]          gtk-toolbar.adb
   [Ada]          gtk-radio_menu_item.adb
   [Ada]          gtk-cell_area.adb
   [Ada]          gtk-text_mark.adb
   [Ada]          gtk-handle_box.adb
   [Ada]          gtk-scrolled_window.adb
   [Ada]          gtk-gesture_multi_press.adb
   [Ada]          gtk-tree_view.adb
   [Ada]          gtk-paned.adb
   [Ada]          gtk-application.adb
   [Ada]          gtk-cell_renderer_accel.adb
   [Ada]          gtk-cell_area_context.adb
   [Ada]          gtk-status_bar.adb
   [Ada]          gtk-viewport.adb
   [Ada]          gtk-popover.adb
   [Ada]          gtk-action_group.adb
   [Ada]          gdk-display.adb
   [Ada]          gtk-toggle_action.adb
   [Ada]          glib-list_model.adb
   [Ada]          gtk-bin.adb
   [Ada]          gtk-table.adb
   [Ada]          gtk-radio_button.adb
   [Ada]          glib-cancellable.adb
   [Ada]          gtk-menu_item.adb
   [Ada]          gtk-cell_renderer_text.adb
   [Ada]          gtk-font_selection_dialog.adb
   [Ada]          gtk-recent_chooser_widget.adb
   [Ada]          gtk-recent_chooser_menu.adb
   [Ada]          glib-menu.adb
   [Ada]          gtk-style_properties.adb
   [Ada]          gtk-theming_engine.adb
   [Ada]          gtk-orientable.adb
   [Ada]          gtk-text_attributes.adb
   [Ada]          gtk-level_bar.adb
   [Ada]          gtk-tree_drag_dest.adb
   [Ada]          gdk-rgba.adb
   [Ada]          gtk-icon_factory.adb
   [Ada]          glib-notification.adb
   [Ada]          gtk-box.adb
   [Ada]          gtk-adjustment.adb
   [Ada]          gtk-recent_chooser_dialog.adb
   [Ada]          gtk-cell_editable.adb
   [Ada]          gtk-selection_data.adb
   [Ada]          gdk-frame_timings.adb
   [Ada]          gtk-print_operation.adb
   [Ada]          gtk-text_tag_table.adb
   [Ada]          gtk-icon_source.adb
   [Ada]          gtk-style_provider.adb
   [Ada]          glib-poll.adb
   [Ada]          gtk-buildable.adb
   [Ada]          gtk-menu_tool_button.adb
   [C]            misc.c
   [C]            misc_generated.c
/home/runner/work/alire-crates-ci/alire-crates-ci/test/f4df0ac8-f31f-4ee3-b62a-2282b333d9b7/aicwl_3.24.1_73939c9e/alire/cache/dependencies/gtkada_24.0.0_80c56171/src/misc.c: In function ‘ada_g_module_build_path’:
/home/runner/work/alire-crates-ci/alire-crates-ci/test/f4df0ac8-f31f-4ee3-b62a-2282b333d9b7/aicwl_3.24.1_73939c9e/alire/cache/dependencies/gtkada_24.0.0_80c56171/src/misc.c:216:3: warning: ‘g_module_build_path’ is deprecated [-Wdeprecated-declarations]
  216 |   return g_module_build_path (directory, module_name);
      |   ^~~~~~
In file included from /usr/include/glib-2.0/gio/giomodule.h:31,
                 from /usr/include/glib-2.0/gio/gio.h:102,
                 from /usr/include/gtk-3.0/gdk/gdkapplaunchcontext.h:28,
                 from /usr/include/gtk-3.0/gdk/gdk.h:32,
                 from /home/runner/work/alire-crates-ci/alire-crates-ci/test/f4df0ac8-f31f-4ee3-b62a-2282b333d9b7/aicwl_3.24.1_73939c9e/alire/cache/dependencies/gtkada_24.0.0_80c56171/src/misc.c:38:
/usr/include/glib-2.0/gmodule.h:142:23: note: declared here
  142 | gchar*                g_module_build_path    (const gchar  *directory,
      |                       ^~~~~~~~~~~~~~~~~~~
   [Ada]          gtk-cell_renderer_fixed.adb
   [Ada]          gtk-widget-styles-store.adb
   [Ada]          glib-spawn_alt-asynchronous.adb
   [Ada]          gtk-widget-styles-icon_size.ads
   [Ada]          gtk-handlers-generic_callback.adb
gtk-widget-styles-store.adb:35:09: warning: unit "Gtk.RC" is not referenced [-gnatwu]
   [Ada]          gio-drive.adb
gtk-cell_renderer_fixed.adb:119:16: warning: formal parameter "Event" is not referenced [-gnatwf]
   [Ada]          gio.ads
gtk-handlers-generic_callback.adb:125:17: warning: formal parameter "Closure" is not referenced [-gnatwf]
gtk-handlers-generic_callback.adb:129:17: warning: formal parameter "Invocation_Hint" is not referenced [-gnatwf]
gtk-handlers-generic_callback.adb:175:17: warning: formal parameter "Closure" is not referenced [-gnatwf]
gtk-handlers-generic_callback.adb:194:07: warning: variable "ID" is assigned but never read [-gnatwm]
gtk-handlers-generic_callback.adb:196:07: warning: possibly useless assignment to "ID", value might not be referenced [-gnatwm]
   [Ada]          glib-values-handling.adb
   [Ada]          gtk-main-router.adb
   [Ada]          gtk-missed.adb
   [Ada]          gtk-image_button.adb
glib-spawn_alt-asynchronous.adb:212:17: warning: formal parameter "Process" is not referenced [-gnatwf]
glib-spawn_alt-asynchronous.adb:213:17: warning: formal parameter "Data" is not referenced [-gnatwf]
glib-spawn_alt-asynchronous.adb:221:17: warning: formal parameter "PID" is not referenced [-gnatwf]
glib-spawn_alt-asynchronous.ads:43:16: warning: no entities of "Interfaces.C" are referenced in spec [-gnatwu]
glib-spawn_alt-asynchronous.ads:43:16: warning: with clause might be moved to body [-gnatwu]
gtk-main-router.adb:1012:22: error: no selector "Get_Iter_At_Location" for type "Gtk_Text_View_Record'Class" defined at gtk-text_view.ads:73
gtk-missed.adb:51:10: warning: unit "Glib.Wrappers" is not referenced [-gnatwu]
gtk-missed.adb:141:07: warning: variable "Button" is assigned but never read [-gnatwm]
gtk-missed.adb:143:07: warning: possibly useless assignment to "Button", value might not be referenced [-gnatwm]
gtk-missed.adb:210:07: warning: variable "Result" is assigned but never read [-gnatwm]
gtk-missed.adb:235:10: warning: call to obsolescent procedure "Set_Pixbuf" declared at gtk-icon_source.ads:221 [enabled by default]
gtk-missed.adb:236:17: warning: call to obsolescent procedure "Set_Size" declared at gtk-icon_source.ads:236 [enabled by default]
gtk-missed.adb:237:17: warning: call to obsolescent procedure "Set_Size_Wildcarded" declared at gtk-icon_source.ads:253 [enabled by default]
gtk-missed.adb:238:14: warning: call to obsolescent procedure "Add_Source" declared at gtk-icon_set.ads:110 [enabled by default]
gtk-missed.adb:239:10: warning: call to obsolescent procedure "Free" declared at gtk-icon_source.ads:136 [enabled by default]
gtk-missed.adb:349:16: warning: formal parameter "Model" is not referenced [-gnatwf]
gtk-missed.adb:458:16: warning: formal parameter "Widget" is not referenced [-gnatwf]
gtk-missed.adb:459:16: warning: formal parameter "Event" is not referenced [-gnatwf]
gtk-missed.adb:466:17: warning: formal parameter "Widget" is not referenced [-gnatwf]
gtk-missed.adb:912:16: warning: formal parameter "Model" is not referenced [-gnatwf]
gtk-missed.adb:976:07: warning: variable "Result" is assigned but never read [-gnatwm]
gtk-missed.adb:978:07: warning: possibly useless assignment to "Result", value might not be referenced [-gnatwm]
gtk-missed.adb:985:07: warning: variable "Active" is assigned but never read [-gnatwm]
gtk-missed.adb:1060:16: warning: formal parameter "Model" is not referenced [-gnatwf]
gtk-missed.adb:1148:16: warning: formal parameter "Model" is not referenced [-gnatwf]
gtk-missed.adb:1229:16: warning: formal parameter "Model" is not referenced [-gnatwf]
gtk-missed.adb:1333:16: warning: function "Get_Title" is not referenced [-gnatwu]
gtk-missed.adb:1524:14: warning: procedure "Set_Property" is not referenced [-gnatwu]
gtk-missed.adb:1761:26: warning: call to obsolescent function "Render_Icon_Pixbuf" declared at gtk-icon_set.ads:182 [enabled by default]
gtk-missed.adb:1854:07: warning: named number "SEM_NOALIGNMENTFAULTEXCEPT" is not referenced [-gnatwu]
gtk-missed.adb:1865:07: warning: variable "Result" is assigned but never read [-gnatwm]
gtk-missed.adb:1867:07: warning: possibly useless assignment to "Result", value might not be referenced [-gnatwm]
gtk-main-router.adb:63:09: warning: unit "Ada.Unchecked_Conversion" is not referenced [-gnatwu]
gtk-main-router.adb:367:16: warning: formal parameter "Item" is not modified [-gnatwk]
gtk-main-router.adb:367:16: warning: mode could be "in" instead of "in out" [-gnatwk]
gtk-main-router.adb:431:16: warning: variable "ID" is assigned but never read [-gnatwm]
gtk-main-router.adb:650:13: warning: variable "ID" is assigned but never read [-gnatwm]
gtk-main-router.adb:933:10: warning: variable "Location" is assigned but never read [-gnatwm]
gtk-main-router.adb:982:13: warning: reference to obsolescent entity "Get_Font" declared at gtk-style_context.ads:301 [enabled by default]
gtk-main-router.adb:982:13: warning: call to obsolescent function "Get_Font" declared at gtk-style_context.ads:301 [enabled by default]
gtk-main-router.adb:989:18: warning: call to obsolescent procedure "Set_Image" declared at gtk-image_menu_item.ads:236 [enabled by default]
gtk-main-router.adb:1012:22: error: no selector "Get_Iter_At_Location" for type "Gtk_Text_View_Record'Class" defined at gtk-text_view.ads:73
gtk-main-router.adb:1078:18: warning: call to obsolescent procedure "Set_Image" declared at gtk-image_menu_item.ads:236 [enabled by default]
gtk-main-router.adb:1185:26: warning: call to obsolescent function "Get_Action_Area" declared at gtk-dialog.ads:273 [enabled by default]

   compilation of glib-spawn_alt-asynchronous.adb failed
   compilation of gtk-main-router.adb failed

gprbuild: *** compilation phase failed
stderr: Command ["gprbuild", "-s", "-j0", "-p", "-P", "/home/runner/work/alire-crates-ci/alire-crates-ci/test/f4df0ac8-f31f-4ee3-b62a-2282b333d9b7/aicwl_3.24.1_73939c9e/sources/aicwl.gpr"] exited with code 4
ERROR: Command ["gprbuild", "-s", "-j0", "-p", "-P", "/home/runner/work/alire-crates-ci/alire-crates-ci/test/f4df0ac8-f31f-4ee3-b62a-2282b333d9b7/aicwl_3.24.1_73939c9e/sources/aicwl.gpr"] exited with code 4
stderr: ALIRE.CHECKED_ERROR
stderr: Command ["gprbuild", "-s", "-j0", "-p", "-P", "/home/runner/work/alire-crates-ci/alire-crates-ci/test/f4df0ac8-f31f-4ee3-b62a-2282b333d9b7/aicwl_3.24.1_73939c9e/sources/aicwl.gpr"] exited with code 4
stderr: raised ALIRE.CHECKED_ERROR : alire-stored-error:1
[/usr/bin/alr]
0xd7ada2 Alire.Raise_Checked_Error at alire.adb:251
0xa423cf Alire.Os_Lib.Subprocess.Checked_Spawn at alire-os_lib-subprocess.adb:110
0xc5cdee Alire.Spawn.Command at alire-spawn.adb:21
0xc5d51c Alire.Spawn.Gprbuild at alire-spawn.adb:41
0xbc1550 Alire.Roots.Build.Build_Single_Release.Call_Gprbuild at alire-roots.adb:140
0xbbfbaf Alire.Roots.Build.Build_Single_Release at alire-roots.adb:171
0xbdb95e Alire.Roots.Traverse.Traverse_Wrap at alire-roots.adb:1364
0xc25a8b Alire.Solutions.Traverse.Visit at alire-solutions.adb:1443
0xc246a2 Alire.Solutions.Traverse at alire-solutions.adb:1518
0xbdbaac Alire.Roots.Traverse at alire-roots.adb:1368
0xbbff40 Alire.Roots.Build at alire-roots.adb:196
0x4a0334 Alr.Commands.Build.Execute at alr-commands-build.adb:58
0x4b065a Alr.Commands.Get.Retrieve at alr-commands-get.adb:187
0x4b4e77 Alr.Commands.Get.Execute at alr-commands-get.adb:348
0x53bb7e Alr.Commands.Sub_Cmd.Execute at clic-subcommand-instance.adb:742
0x54756f Alr.Commands.Execute at alr-commands.adb:492
0x43cb1a Alr.Main at alr-main.adb:10
0x43f3e7 Main at b__alr-main.adb:2132
[/lib/x86_64-linux-gnu/libc.so.6]
0x7f9a9344f1c8
0x7f9a9344f289
[/usr/bin/alr]
0x43c9f8 _start at ???
0xfffffffffffffffe


Warning: aicwl=3.24.1 successfully retrieved but its build failed.
Dependencies were solved as follows:

   + gtkada     24.0.0  (new)         
   + libgtk3    3.24.41 (new,indirect)
   + make       4.3.0   (new,indirect)
   + pkg_config 1.8.1   (new,indirect)
ERROR: Build ended with errors
