Test ran at 2024-09-30 13:39:30.979065+00:00

SOLUTION:
gnat_arm_elf=12.2.1: The GNAT Ada compiler - ARM cross-compiler
Provides: gnat=12.2.1
Origin: (case OS is Linux => (case Host_Arch is X86_64 => binary archive gnat-arm-elf-linux64-12.2.0-1.tar.gz at https://github.com/alire-project/GNAT-FSF-builds/releases/download/gnat-12.2.0-1/gnat-arm-elf-linux64-12.2.0-1.tar.gz), Macos => (case Host_Arch is X86_64 => binary archive gnat-arm-elf-darwin-12.2.0-1.tar.gz at https://github.com/alire-project/GNAT-FSF-builds/releases/download/gnat-12.2.0-1/gnat-arm-elf-darwin-12.2.0-1.tar.gz), Windows => (case Host_Arch is X86_64 => binary archive gnat-arm-elf-windows64-12.2.0-1.tar.gz at https://github.com/alire-project/GNAT-FSF-builds/releases/download/gnat-12.2.0-1/gnat-arm-elf-windows64-12.2.0-1.tar.gz)) with hash sha256:f4bfd822af8428fff63a46e5156f9904867871cf9eeb4d6cbde057aad14c9edb
Properties:
   Auto_Gpr_With: auto-gpr-with=false
   Configuration: no modifiers
   Description: The GNAT Ada compiler - ARM cross-compiler
   Environment: PATH=${CRATE_ROOT}/bin:${PATH}
   License: GPL-3.0-or-later AND GPL-3.0-or-later WITH GCC-exception-3.1
   Maintainer: chouteau@adacore.com
   Maintainers_Logins: Fabien-Chouteau
   Name: gnat_arm_elf
   Version: 12.2.1


LOG:
Note: Deploying gnat_arm_elf=12.2.1...
#=#=#                                                                          
##O#-#                                                                         

                                                                           0.0%
                                                                           1.3%
##                                                                         3.3%
####                                                                       5.7%
#####                                                                      7.4%
######                                                                     8.9%
#######                                                                   10.8%
#########                                                                 12.8%
##########                                                                14.7%
###########                                                               16.4%
############                                                              17.9%
##############                                                            20.3%
################                                                          22.4%
#################                                                         24.9%
##################                                                        25.9%
####################                                                      28.0%
#####################                                                     29.9%
######################                                                    31.7%
########################                                                  33.5%
#########################                                                 35.2%
##########################                                                36.8%
###########################                                               38.4%
############################                                              40.2%
#############################                                             41.5%
##############################                                            42.9%
###############################                                           44.2%
#################################                                         46.9%
###################################                                       49.7%
#####################################                                     52.4%
#######################################                                   54.7%
########################################                                  56.5%
#########################################                                 58.2%
###########################################                               59.8%
#############################################                             63.5%
###############################################                           66.0%
#################################################                         68.2%
##################################################                        70.2%
###################################################                       72.2%
#####################################################                     73.9%
######################################################                    75.6%
########################################################                  78.1%
#########################################################                 79.6%
###########################################################               82.2%
############################################################              84.7%
##############################################################            87.0%
################################################################          89.7%
##################################################################        91.8%
###################################################################       93.6%
#####################################################################     96.1%
######################################################################    98.5%
######################################################################## 100.0%

gnat_arm_elf=12.2.1 successfully retrieved.
There are no dependencies.
Warning: Binary release does not contain default project file: gnat_arm_elf.gpr
