Test ran at 2022-08-23 01:26:22.081450+00:00

SOLUTION:
openglada_images=0.9.0: Image loading library for OpenGLAda
Origin: source archive openglada_images-0.9.0.tgz at https://github.com/flyx/OpenGLAda/releases/download/v0.9.0/openglada_images-0.9.0.tgz with hash sha512:b50ef8e7efb037d23d698f8af470a8a715571348f734411acecaa58e48b2edafe06c5c1a395c616650222ad3a183ead952d89ffebf6be72d11d7fefe1c944e8d
Properties:
   Author: Felix Krause
   Description: Image loading library for OpenGLAda
   License: MIT
   Maintainer: Felix Krause <contact@flyx.org>
   Maintainers_Logins: flyx
   Name: openglada_images
   Project_File: opengl-images.gpr
   Tag: opengl
   Tag: rendering
   Tag: graphics
   Version: 0.9.0
   Website: http://flyx.github.io/OpenGLAda/
Dependencies (direct):
   gid^9.0.0
   openglada~0.9.0
Dependencies (solution):
   gid=9.0.0
   libx11=1.8.1
   openglada=0.9.0
Dependencies (graph):
   openglada=0.9.0        --> libx11=1.8.1 (^1)       
   openglada_images=0.9.0 --> gid=9.0.0 (^9.0.0)      
   openglada_images=0.9.0 --> openglada=0.9.0 (~0.9.0)


LOG:
Note: Deploying openglada_images=0.9.0...
#=#=#                                                                         

######################################################################## 100.0%
Note: Migrating lockfile from /home/runner/work/alire-crates-ci/alire-crates-ci/test/d78adace-4471-4b93-85be-c166d8b24096/openglada_images_0.9.0_b50ef8e7/alire.lock to /home/runner/work/alire-crates-ci/alire-crates-ci/test/d78adace-4471-4b93-85be-c166d8b24096/openglada_images_0.9.0_b50ef8e7/alire/alire.lock
Note: Deploying gid=9.0.0...
#=#=#                                                                         
##=#=#                                                                        
##-=#=-#                                                                      
# #-=#=-#                                                                     
 # #-=#=- #                                                                   

######################################################################## 100.0%  # #=O=#   #                                                                 

#######                                                                   10.6%
######################################################################## 100.0%
Note: Deploying libx11=1.8.1...
The system package 'libx11' is about to be installed.
This action might require admin privileges and impact your system installation.
Do you want Alire to install this system package?
Using default: Yes
resolving dependencies...
looking for conflicting packages...

Package (6)      New Version  Net Change  Download Size

extra/libxau     1.0.9-4        0.02 MiB       0.01 MiB
extra/libxcb     1.15-1         3.77 MiB       0.98 MiB
extra/libxdmcp   1.1.3-4        0.13 MiB       0.03 MiB
extra/xcb-proto  1.15.2-1       0.84 MiB       0.11 MiB
extra/xorgproto  2022.2-1       1.43 MiB       0.24 MiB
extra/libx11     1.8.1-3       10.07 MiB       2.05 MiB

Total Download Size:    3.41 MiB
Total Installed Size:  16.27 MiB

:: Proceed with installation? [Y/n] 
:: Retrieving packages...
 libx11-1.8.1-3-x86_64 downloading...
 libxcb-1.15-1-x86_64 downloading...
 xorgproto-2022.2-1-any downloading...
 xcb-proto-1.15.2-1-any downloading...
 libxdmcp-1.1.3-4-x86_64 downloading...
 libxau-1.0.9-4-x86_64 downloading...
checking keyring...
checking package integrity...
loading package files...
checking for file conflicts...
:: Processing package changes...
installing xcb-proto...
installing libxdmcp...
installing libxau...
installing libxcb...
installing xorgproto...
installing libx11...
:: Running post-transaction hooks...
(1/1) Arming ConditionNeedsUpdate...
Note: Deploying openglada=0.9.0...
#=#=#                                                                         
##O#-#                                                                        
##O=#  #                                                                      
#=#=-#  #                                                                     
-#O#- #   #                                                                   
-=#=#   #   #                                                                 
-=O#-#   #   #                                                                
-=O=#  #   #   #                                                              
-=O=-#  #    #   #                                                            
-=O=- #   #   #    #                                                          
-=O=-   #   #   #     #                                                       
-=O=-    #   #    #     #                                                     
-=O=-      #   #     #    #                                                   
-=O=-        #   #     #    #                                                 
-=O=-         #    #     #     #                                              
-=O=-           #     #    #     #                                            

###########                                                               15.6%
######################################################################## 100.0%
Note: Building openglada_images/opengl-images.gpr...
Setup
   [mkdir]        object directory for project OpenGL
   [mkdir]        library directory for project OpenGL
   [mkdir]        object directory for project GID
   [mkdir]        object directory for project OpenGL.Images
   [mkdir]        library directory for project OpenGL.Images
Compile
   [Ada]          is_opaque.adb
   [Ada]          to_bmp.adb
   [Ada]          steg.adb
   [Ada]          recurve.adb
   [Ada]          mini.adb
   [Ada]          gid-decoding_jpg.adb
   [Ada]          gid-decoding_png.adb
   [Ada]          gid-buffering.adb
   [Ada]          gid-color_tables.adb
   [Ada]          gid-decoding_bmp.adb
   [Ada]          gid.adb
   [Ada]          gid-decoding_tga.adb
   [Ada]          gid-decoding_png-huffman.adb
   [Ada]          gid-decoding_pnm.adb
   [Ada]          gid-decoding_gif.adb
   [Ada]          gid-headers.adb
   [ada]          gl-glx.ads
   [ada]          gl-api-subprogram_reference.adb
   [ada]          gl-api-singles.ads
   [ada]          gl-api-uints.ads
   [ada]          gl-api-ints.ads
   [ada]          gl-api.ads
   [ada]          gl-load_function_pointers.adb
   [ada]          gl-api-shorts.ads
   [ada]          gl-api-doubles.ads
   [ada]          gl-immediate.adb
   [ada]          gl-objects-vertex_arrays.adb
   [ada]          gl-fixed-matrix.adb
   [ada]          gl-objects-textures-with_3d_loader.adb
   [ada]          gl-window.adb
   [ada]          gl-framebuffer.adb
   [ada]          gl-vectors.adb
   [ada]          gl-low_level-enums.ads
   [ada]          gl-helpers.adb
   [ada]          gl-objects-lists.adb
   [ada]          gl-context.adb
   [ada]          gl-tessellation.adb
   [ada]          gl-objects-textures-with_2d_loader.adb
   [ada]          gl-objects-renderbuffers.adb
   [ada]          gl-enums-queries.ads
   [ada]          gl-objects-programs.adb
   [ada]          gl-enums-getter.adb
   [ada]          gl-matrices.adb
   [ada]          gl-attributes.adb
   [ada]          gl-files.adb
   [ada]          gl-objects-shaders.adb
   [ada]          gl-low_level.ads
   [ada]          gl-blending.adb
   [ada]          gl-debug.adb
   [ada]          gl.adb
   [ada]          gl-objects.adb
   [ada]          gl-objects-textures-targets.adb
   [ada]          gl-objects-textures.adb
   [ada]          gl-buffers.adb
   [ada]          gl-algebra.adb
gl-algebra.ads:109:62: warning: array aggregate using () is an obsolescent syntax, use [] instead [-gnatwj]
gl-algebra.ads:111:62: warning: array aggregate using () is an obsolescent syntax, use [] instead [-gnatwj]
gl-algebra.ads:113:62: warning: array aggregate using () is an obsolescent syntax, use [] instead [-gnatwj]

   compilation of gl-algebra.adb failed

gprbuild: *** compilation phase failed
stderr: Command ["gprbuild", "-s", "-j0", "-p", "-P", "/home/runner/work/alire-crates-ci/alire-crates-ci/test/d78adace-4471-4b93-85be-c166d8b24096/openglada_images_0.9.0_b50ef8e7/opengl-images.gpr"] exited with code 4
ERROR: Command ["gprbuild", "-s", "-j0", "-p", "-P", "/home/runner/work/alire-crates-ci/alire-crates-ci/test/d78adace-4471-4b93-85be-c166d8b24096/openglada_images_0.9.0_b50ef8e7/opengl-images.gpr"] exited with code 4
stderr: ALIRE.CHECKED_ERROR
stderr: Command ["gprbuild", "-s", "-j0", "-p", "-P", "/home/runner/work/alire-crates-ci/alire-crates-ci/test/d78adace-4471-4b93-85be-c166d8b24096/openglada_images_0.9.0_b50ef8e7/opengl-images.gpr"] exited with code 4
stderr: raised ALIRE.CHECKED_ERROR : alire-stored-error:1
[/usr/sbin/alr]
0xd65c78 Alire.Raise_Checked_Error at alire.adb:251
0xa2f08f Alire.Os_Lib.Subprocess.Checked_Spawn at alire-os_lib-subprocess.adb:110
0xc49318 Alire.Spawn.Command at alire-spawn.adb:21
0xc49a46 Alire.Spawn.Gprbuild at alire-spawn.adb:41
0xbada9c Alire.Roots.Build.Build_Single_Release.Call_Gprbuild at alire-roots.adb:140
0xbac0fb Alire.Roots.Build.Build_Single_Release at alire-roots.adb:171
0xbc7eaa Alire.Roots.Traverse.Traverse_Wrap at alire-roots.adb:1364
0xc11fbb Alire.Solutions.Traverse.Visit at alire-solutions.adb:1434
0xc10bd2 Alire.Solutions.Traverse at alire-solutions.adb:1509
0xbc7ff8 Alire.Roots.Traverse at alire-roots.adb:1368
0xbac48c Alire.Roots.Build at alire-roots.adb:196
0x48f1e4 Alr.Commands.Build.Execute at alr-commands-build.adb:58
0x49f50a Alr.Commands.Get.Retrieve at alr-commands-get.adb:187
0x4a3d27 Alr.Commands.Get.Execute at alr-commands-get.adb:348
0x52aa2e Alr.Commands.Sub_Cmd.Execute at clic-subcommand-instance.adb:742
0x53641f Alr.Commands.Execute at alr-commands.adb:492
0x42b9ca Alr.Main at alr-main.adb:10
0x42e297 Main at b__alr-main.adb:2132
[/usr/bin/..//lib/libc.so.6]
0x7fcc9b3f128e
0x7fcc9b3f1348
[/usr/sbin/alr]
0x42b8a8 _start at ???
0xfffffffffffffffe


Warning: openglada_images=0.9.0 successfully retrieved but its build failed.
Dependencies were solved as follows:

   + gid       9.0.0 (new)         
   + libx11    1.8.1 (new,indirect)
   + openglada 0.9.0 (new)         
ERROR: Build ended with errors
