Test ran at 2025-01-30 00:37:31.211982+00:00

SOLUTION:
loga=1.0.0: Simple library for simple logging. Like npm package "debug", but for Ada
Origin: commit e810ee037029e00fc3cacdde598fe981db51efd5 from https://github.com/mangl-auf/loga.git
Properties:
   Author: Cyrill Korshnyak ł
   Description: Simple library for simple logging. Like npm package "debug", but for Ada
   License: Unlicense
   Maintainer: Cyrill Korshnyak <kirillkorshnyak@yandex.com>
   Maintainers_Logins: mangl-auf
   Name: loga
   Tag: logging
   Version: 1.0.0
   Website: https://github.com/mangl-auf/loga/


LOG:
Note: Deploying loga=1.0.0...
Note: Migrating lockfile from D:\a\alire-crates-ci\alire-crates-ci\test\08d6d023-7c67-498c-b350-ed40b433313d\loga_1.0.0_e810ee03\alire.lock to D:\a\alire-crates-ci\alire-crates-ci\test\08d6d023-7c67-498c-b350-ed40b433313d\loga_1.0.0_e810ee03\alire\alire.lock
Note: Building loga/loga.gpr...
Setup
   [mkdir]        object directory for project Loga
   [mkdir]        library directory for project Loga
Compile
   [Ada]          loga.adb
Build Libraries
   [gprlib]       loga.lexch
   [archive]      libloga.a
   [index]        libloga.a
Build finished successfully in 0.78 seconds.

loga=1.0.0 successfully retrieved and built.
There are no dependencies.
Found declared GPR file: loga.gpr
