Test ran at 2024-10-11 00:47:19.769274+00:00

SOLUTION:
dependency_graph_extractor=22.0.0: Extract dependency information from Ada projects
Origin: commit 992fc1c438fff2917f5cbdbfe6ca449933ee6fd5 from https://github.com/TNO/Dependency_Graph_Extractor-Ada.git
Properties:
   Author: Jeroen Ketema
   Author: Pierre van de Laar
   Description: Extract dependency information from Ada projects
   Executable: dependency_graph_extractor
   License: BSD-3-Clause
   Maintainer: Pierre van de Laar <pierre.van.de.laar@gmail.com>
   Maintainers_Logins: pjljvandelaar
   Name: dependency_graph_extractor
   Tag: extract
   Tag: dependency
   Tag: analysis
   Tag: graph
   Tag: graphml
   Version: 22.0.0
   Website: https://github.com/TNO/Dependency_Graph_Extractor-Ada
Dependencies (direct):
   libadalang^22.0.0
Dependencies (solution):
   gnat=11.2.4 (gnat_native) (installed)
   gnatcoll=22.0.0
   gnatcoll_gmp=22.0.0
   gnatcoll_iconv=22.0.0
   langkit_support=22.0.0
   libadalang=22.0.0
   libgmp=6.3.0
   libgpr=22.0.0
   xmlada=22.0.0
Dependencies (graph):
   dependency_graph_extractor=22.0.0 --> libadalang=22.0.0 (^22.0.0)       
   gnatcoll=22.0.0                   --> libgpr=22.0.0 (~22.0.0)           
   gnatcoll_gmp=22.0.0               --> gnatcoll=22.0.0 (~22.0.0)         
   gnatcoll_gmp=22.0.0               --> libgmp=6.3.0 (*)                  
   gnatcoll_iconv=22.0.0             --> gnatcoll=22.0.0 (~22.0.0)         
   langkit_support=22.0.0            --> gnatcoll=22.0.0 (^22)             
   langkit_support=22.0.0            --> gnatcoll_iconv=22.0.0 (^22)       
   libadalang=22.0.0                 --> gnatcoll=22.0.0 (^22)             
   libadalang=22.0.0                 --> gnatcoll_gmp=22.0.0 (^22)         
   libadalang=22.0.0                 --> gnatcoll_iconv=22.0.0 (^22)       
   libadalang=22.0.0                 --> langkit_support=22.0.0 (^22)      
   libgpr=22.0.0                     --> gnat=11.2.4 (gnat_native) (/=2020)
   libgpr=22.0.0                     --> xmlada=22.0.0 (~22.0.0)           
   xmlada=22.0.0                     --> gnat=11.2.4 (gnat_native) (>=11)  


LOG:
Note: Deploying dependency_graph_extractor=22.0.0...
Note: Deploying libgmp=6.3.0...
Note: Deploying xmlada=22.0.0...
#=#=#                                                                          
##O#-#                                                                         
##=O#- #                                                                       
Note: Running post_fetch actions for xmlada=22.0.0...
checking build system type... x86_64-unknown-linux-gnu
checking host system type... x86_64-unknown-linux-gnu
checking target system type... x86_64-unknown-linux-gnu
checking whether gnat can build shared libs... yes
checking for a BSD-compatible install... /usr/bin/install -c
checking whether ln -s works... yes
configure: creating ./config.status
config.status: creating xmlada_shared.gpr
config.status: creating Makefile
config.status: creating tests/dom/default.gpr
Note: Deploying libgpr=22.0.0...
#=#=#                                                                          
##O#-#                                                                         
##=O#- #                                                                       
Note: Deploying gnatcoll=22.0.0...
#=#=#                                                                          
##O#-#                                                                         
##=O#- #                                                                       
Note: Deploying gnatcoll_gmp=22.0.0...
#=#=#                                                                          
##O#-#                                                                         
Note: Deploying gnatcoll_iconv=22.0.0...
#=#=#                                                                          
##O#-#                                                                         
Note: Deploying langkit_support=22.0.0...
#=#=#                                                                          

###########                                                               15.6%
######################################################################## 100.0%
Note: Deploying libadalang=22.0.0...
#=#=#                                                                          

#                                                                          1.8%
######################################################################## 100.0%
Note: Building dependency_graph_extractor/dependency_graph_extractor.gpr...
gnatcoll.gpr:254:07: warning: value "windows" is not used as label
Setup
   [mkdir]        object directory for project XmlAda_Sax
   [mkdir]        library directory for project XmlAda_Sax
   [mkdir]        object directory for project XmlAda_Schema
   [mkdir]        object directory for project GPR
   [mkdir]        library directory for project GPR
   [mkdir]        object directory for project GnatColl
   [mkdir]        library directory for project GnatColl
   [mkdir]        object directory for project GnatColl_GMP
   [mkdir]        library directory for project GnatColl_GMP
   [mkdir]        object directory for project GnatColl_Iconv
   [mkdir]        library directory for project GnatColl_Iconv
   [mkdir]        object directory for project Langkit_Support
   [mkdir]        library directory for project Langkit_Support
   [mkdir]        object directory for project Libadalang
   [mkdir]        library directory for project Libadalang
   [mkdir]        object directory for project Dependency_Graph_Extractor
   [mkdir]        exec directory for project Dependency_Graph_Extractor
Compile
   [Ada]          dependency_graph_extractor.adb
   [Ada]          langkit_support-adalog-predicates.adb
   [Ada]          langkit_support-adalog-relations.adb
   [Ada]          langkit_support-packrat.adb
   [Ada]          langkit_support-boxes.adb
   [Ada]          langkit_support-lexical_envs_impl.adb
   [Ada]          langkit_support-hashes.adb
   [Ada]          langkit_support-adalog-debug.adb
   [Ada]          langkit_support-adalog-unify_one_side.adb
   [Ada]          langkit_support-array_utils.adb
   [Ada]          langkit_support-adalog.ads
   [Ada]          langkit_support-adalog-eq_same.adb
   [Ada]          langkit_support-adalog-logic_var.ads
   [Ada]          langkit_support-adalog-abstract_relation.adb
   [Ada]          langkit_support-adalog-operations.adb
   [Ada]          langkit_support-relative_get.adb
   [Ada]          langkit_support-tree_traversal_iterator.adb
   [Ada]          langkit_support-images.adb
   [Ada]          langkit_support-adalog-main_support.adb
   [Ada]          langkit_support-iterators.adb
   [Ada]          langkit_support-internal.ads
   [Ada]          langkit_support-adalog-pure_relations.adb
   [Ada]          langkit_support-symbols.adb
   [Ada]          langkit_support-adalog-unify_lr.adb
   [Ada]          langkit_support.ads
   [Ada]          langkit_support-diagnostics-output.adb
   [Ada]          langkit_support-errors.ads
   [Ada]          langkit_support-text.adb
   [Ada]          langkit_support-types.ads
   [Ada]          langkit_support-cheap_sets.adb
   [Ada]          langkit_support-generic_api-analysis.adb
   [Ada]          langkit_support-diagnostics.adb
   [Ada]          langkit_support-generic_api.adb
   [Ada]          langkit_support-bump_ptr.adb
   [Ada]          langkit_support-adalog-logic_ref.adb
   [Ada]          langkit_support-lexical_envs.ads
   [Ada]          langkit_support-adalog-unify.adb
   [Ada]          langkit_support-slocs.adb
   [Ada]          langkit_support-bump_ptr-vectors.adb
   [Ada]          langkit_support-token_data_handlers.adb
   [Ada]          langkit_support-vectors.adb
   [Ada]          langkit_support-symbols-precomputed.adb
   [Ada]          langkit_support-file_readers.adb
   [C]            iconv_support.c
   [Ada]          gnatcoll-iconv.adb
   [C]            gnatcoll-gmp-mpz_odd_p.c
   [C]            gnatcoll-gmp-mpz_even_p.c
   [C]            gmp_support.c
   [C]            gnatcoll-gmp-mpz_sign.c
   [Ada]          gnatcoll-gmp-integers-root_extraction.adb
   [Ada]          gnatcoll-gmp-integers-misc.adb
   [Ada]          gnatcoll-gmp-lib.ads
   [Ada]          gnatcoll-gmp-integers-random.adb
   [Ada]          gnatcoll-gmp-integers-io.adb
   [Ada]          gnatcoll-gmp.ads
   [Ada]          gnatcoll-gmp-random_state.adb
   [Ada]          gnatcoll-gmp-integers-number_theoretic.adb
   [Ada]          gnatcoll-gmp-integers.adb
   [Ada]          schema-dom_readers.adb
   [Ada]          schema-validators.adb
   [Ada]          schema-schema_readers.adb
   [Ada]          schema.adb
   [Ada]          schema-simple_types.adb
   [Ada]          schema-date_time.adb
   [Ada]          schema-validators-xsd_grammar.adb
   [Ada]          schema-readers.adb
   [Ada]          schema-decimal.adb
   [Ada]          dom-core-character_datas.adb
   [Ada]          dom-core-nodes.adb
   [Ada]          dom-core-attrs.adb
   [Ada]          dom.ads
   [Ada]          dom-readers.adb
   [Ada]          dom-core-texts.adb
   [Ada]          dom-core-elements.adb
   [Ada]          dom-core-document_fragments.ads
   [Ada]          dom-core-processing_instructions.ads
   [Ada]          dom-core-document_types.adb
   [Ada]          dom-core.adb
   [Ada]          dom-core-notations.adb
   [Ada]          dom-core-comments.ads
   [Ada]          dom-core-cdata_sections.ads
   [Ada]          dom-core-entity_references.ads
   [Ada]          dom-core-documents.adb
   [Ada]          input_sources.adb
   [Ada]          input_sources-http.adb
   [Ada]          input_sources-socket.adb
   [Ada]          input_sources-strings.adb
   [Ada]          input_sources-file.adb
   [Ada]          sax-locators.adb
   [Ada]          sax-exceptions.adb
   [Ada]          sax.ads
   [Ada]          sax-utils.adb
   [Ada]          sax-htable.adb
   [Ada]          sax-pointers.adb
   [Ada]          sax-models.adb
   [Ada]          sax-attributes.adb
   [Ada]          sax-encodings.ads
   [Ada]          sax-symbols.adb
   [Ada]          sax-readers.adb
   [Ada]          sax-state_machines.adb
   [Ada]          unicode-names-coptic_epact_numbers.ads
   [Ada]          unicode-ccs-windows_1251.adb
   [Ada]          unicode-names-kaithi.ads
   [Ada]          unicode-names-canadian_aboriginal.ads
   [Ada]          unicode-names-kayah_li.ads
   [Ada]          unicode-names-yi_radicals.ads
   [Ada]          unicode-names-sora_sompeng.ads
   [Ada]          unicode-names-rejang.ads
   [Ada]          unicode-names-emoticons.ads
   [Ada]          unicode-names-tifinagh.ads
   [Ada]          unicode-names-ornamental_dingbats.ads
   [Ada]          unicode-names-miscellaneous_symbols.ads
   [Ada]          unicode-names-mende_kikakui.ads
   [Ada]          unicode-names-georgian_supplement.ads
   [Ada]          unicode-names-balinese.ads
   [Ada]          unicode-names-cypriot_syllabary.ads
   [Ada]          unicode-names-khudawadi.ads
   [Ada]          unicode-names-hiragana.ads
   [Ada]          unicode-names-cherokee_supplement.ads
   [Ada]          unicode-names-syloti_nagri.ads
   [Ada]          unicode-ccs-iso_8859_1.adb
   [Ada]          unicode-names-supplemental_punctuation.ads
   [Ada]          unicode-names-greek_and_coptic.ads
   [Ada]          unicode-names-small_form_variants.ads
   [Ada]          unicode-names-thaana.ads
   [Ada]          unicode-names-currency_symbols.ads
   [Ada]          unicode-names-cjk_radicals_supplement.ads
   [Ada]          unicode-names-telugu.ads
   [Ada]          unicode-names-lycian.ads
   [Ada]          unicode-names-syriac.ads
   [Ada]          unicode-names-misc_symbols_pictographs.ads
   [Ada]          unicode-names-enclosed_alphanum_sup.ads
   [Ada]          unicode-names-misc_math_symbols_b.ads
   [Ada]          unicode-names-osmanya.ads
   [Ada]          unicode-names-georgian.ads
   [Ada]          unicode-names-cyrillic_extended_b.ads
   [Ada]          unicode-names-specials.ads
   [Ada]          unicode-names-kharoshthi.ads
   [Ada]          unicode-names-ethiopic_extended.ads
   [Ada]          unicode-names-kangxi_radicals.ads
   [Ada]          unicode-names-basic_latin.ads
   [Ada]          unicode-names-cyrillic.ads
   [Ada]          unicode-names-old_permic.ads
   [Ada]          unicode-ces-utf8.adb
   [Ada]          unicode-names-lisu.ads
   [Ada]          unicode-names-counting_rod_numerals.ads
   [Ada]          unicode-names-arrows.ads
   [Ada]          unicode-names-transport_and_map_symbols.ads
   [Ada]          unicode-names-pau_cin_hau.ads
   [Ada]          unicode-names-bopomofo.ads
   [Ada]          unicode-names-deseret.ads
   [Ada]          unicode-names-runic.ads
   [Ada]          unicode-names-warang_citi.ads
   [Ada]          unicode-names-multani.ads
   [Ada]          unicode-names-myanmar_extended_a.ads
   [Ada]          unicode-names-nabataean.ads
   [Ada]          unicode-names-modifier_tone_letters.ads
   [Ada]          unicode-names-thai.ads
   [Ada]          unicode-names-ancient_greek_music.ads
   [Ada]          unicode-names-sup_math_operators.ads
   [Ada]          unicode-names-box_drawing.ads
   [Ada]          unicode-names-tirhuta.ads
   [Ada]          unicode-names-meroitic_hieroglyphs.ads
   [Ada]          unicode-names-ipa_extensions.ads
   [Ada]          unicode-names-misc_math_symbols_a.ads
   [Ada]          unicode-names-kanbun.ads
   [Ada]          unicode-names-kannada.ads
   [Ada]          unicode-names-tagbanwa.ads
   [Ada]          unicode-names-hangul_jamo_extended_a.ads
   [Ada]          unicode-names-cjk_compat_ideo_sup.ads
   [Ada]          unicode-names-khmer_symbols.ads
   [Ada]          unicode-names-bamum.ads
   [Ada]          unicode-names-nko.ads
   [Ada]          unicode-names-ideograph_descr_chars.ads
   [Ada]          unicode-names-combining_diacritical_sup.ads
   [Ada]          unicode-names-sundanese.ads
   [Ada]          unicode-names-sutton_signwriting.ads
   [Ada]          unicode-ccs-iso_8859_4.adb
   [Ada]          unicode-ccs-iso_8859_3.adb
   [Ada]          unicode-names-cuneiform.ads
   [Ada]          unicode-names-katakana.ads
   [Ada]          unicode-names-supplemental_arrows_c.ads
   [Ada]          unicode-names-phags_pa.ads
   [Ada]          unicode-names.ads
   [Ada]          unicode-names-ogham.ads
   [Ada]          unicode-names-playing_cards.ads
   [Ada]          unicode-names-letterlike_symbols.ads
   [Ada]          unicode-names-myanmar.ads
   [Ada]          unicode-names-yijing_hexagram_symbols.ads
   [Ada]          unicode-names-old_south_arabian.ads
   [Ada]          unicode-names-brahmi.ads
   [Ada]          unicode-names-enclosed_alphanumerics.ads
   [Ada]          unicode-names-dingbats.ads
   [Ada]          unicode-names-general_punctuation.ads
   [Ada]          unicode-ces-basic_8bit.adb
   [Ada]          unicode-names-old_italic.ads
   [Ada]          unicode-names-oriya.ads
   [Ada]          unicode-names-khojki.ads
   [Ada]          unicode-names-khmer.ads
   [Ada]          unicode.adb
   [Ada]          unicode-names-katakana_phonetic_ext.ads
   [Ada]          unicode-names-latin_extended_a.ads
   [Ada]          unicode-names-old_persian.ads
   [Ada]          unicode-names-cjk_letters_months.ads
   [Ada]          unicode-names-mahajani.ads
   [Ada]          unicode-names-bamum_supplement.ads
   [Ada]          unicode-names-modi.ads
   [Ada]          unicode-names-old_hungarian.ads
   [Ada]          unicode-names-bassa_vah.ads
   [Ada]          unicode-names-bengali.ads
   [Ada]          unicode-names-saurashtra.ads
   [Ada]          unicode-names-alchemical_symbols.ads
   [Ada]          unicode-names-tamil.ads
   [Ada]          unicode-names-coptic.ads
   [Ada]          unicode-names-combining_diacritical_ext.ads
   [Ada]          unicode-names-hangul_jamo_extended_b.ads
   [Ada]          unicode-names-mongolian.ads
   [Ada]          unicode-names-new_tai_lue.ads
   [Ada]          unicode-names-shorthand_format_controls.ads
   [Ada]          unicode-names-misc_symbols_and_arrows.ads
   [Ada]          unicode-names-latin_extended_c.ads
   [Ada]          unicode-names-math_alphanumeric_symb.ads
   [Ada]          unicode-names-braille_patterns.ads
   [Ada]          unicode-names-tai_tham.ads
   [Ada]          unicode-names-sinhala_archaic_numbers.ads
   [Ada]          unicode-names-hangul_compatibility_jamo.ads
   [Ada]          unicode-names-latin_1_supplement.ads
   [Ada]          unicode-names-pahawh_hmong.ads
   [Ada]          unicode-names-ethiopic_extended_a.ads
   [Ada]          unicode-names-phonetic_ext_sup.ads
   [Ada]          unicode-names-spacing_modifier_letters.ads
   [Ada]          unicode-ces-utf32.adb
   [Ada]          unicode-names-anatolian_hieroglyphs.ads
   [Ada]          unicode-names-ancient_greek_numbers.ads
   [Ada]          unicode-names-inscriptional_parthian.ads
   [Ada]          unicode-names-palmyrene.ads
   [Ada]          unicode-names-buhid.ads
   [Ada]          unicode-names-cyrillic_supplement.ads
   [Ada]          unicode-names-carian.ads
   [Ada]          unicode-names-variation_selectors_sup.ads
   [Ada]          unicode-names-elbasan.ads
   [Ada]          unicode-names-ethiopic.ads
   [Ada]          unicode-names-armenian.ads
   [Ada]          unicode-names-mandaic.ads
   [Ada]          unicode-names-number_forms.ads
   [Ada]          unicode-names-half_full_width_forms.ads
   [Ada]          unicode-names-block_elements.ads
   [Ada]          unicode-ccs.adb
   [Ada]          unicode-names-tai_viet.ads
   [Ada]          unicode-names-myanmar_extended_b.ads
   [Ada]          unicode-names-cjk_compatibility.ads
   [Ada]          unicode-names-psalter_pahlavi.ads
   [Ada]          unicode-names-shavian.ads
   [Ada]          unicode-names-limbu.ads
   [Ada]          unicode-names-cjk_compat_ideographs.ads
   [Ada]          unicode-names-cherokee.ads
   [Ada]          unicode-names-combining_diacritical.ads
   [Ada]          unicode-names-variation_selectors.ads
   [Ada]          unicode-names-samaritan.ads
   [Ada]          unicode-names-enclosed_ideographic_sup.ads
   [Ada]          unicode-names-arabic_supplement.ads
   [Ada]          unicode-names-phoenician.ads
   [Ada]          unicode-names-cham.ads
   [Ada]          unicode-ces-utf16.adb
   [Ada]          unicode-names-glagolitic.ads
   [Ada]          unicode-names-meetei_mayek.ads
   [Ada]          unicode-names-gurmukhi.ads
   [Ada]          unicode-names-sinhala.ads
   [Ada]          unicode-names-arabic_math_alpha_symb.ads
   [Ada]          unicode-names-musical_symbols.ads
   [Ada]          unicode-names-geometric_shapes_extended.ads
   [Ada]          unicode-ccs-iso_8859_2.adb
   [Ada]          unicode-names-ancient_symbols.ads
   [Ada]          unicode-names-super_and_sub_scripts.ads
   [Ada]          unicode-names-malayalam.ads
   [Ada]          unicode-names-buginese.ads
   [Ada]          unicode-encodings.adb
   [Ada]          unicode-names-lao.ads
   [Ada]          unicode-names-hebrew.ads
   [Ada]          unicode-names-devanagari_extended.ads
   [Ada]          unicode-names-aegean_numbers.ads
   [Ada]          unicode-names-vedic_extensions.ads
   [Ada]          unicode-names-control_pictures.ads
   [Ada]          unicode-names-gujarati.ads
   [Ada]          unicode-names-inscriptional_pahlavi.ads
   [Ada]          unicode-names-hatran.ads
   [Ada]          unicode-names-mahjong_tiles.ads
   [Ada]          unicode-names-manichaean.ads
   [Ada]          unicode-names-ugaritic.ads
   [Ada]          unicode-names-phonetic_extensions.ads
   [Ada]          unicode-names-avestan.ads
   [Ada]          unicode-names-kana_supplement.ads
   [Ada]          unicode-names-linear_a.ads
   [Ada]          unicode-names-hanunoo.ads
   [Ada]          unicode-names-grantha.ads
   [Ada]          unicode-names-vertical_forms.ads
   [Ada]          unicode-names-latin_extended_b.ads
   [Ada]          unicode-names-old_north_arabian.ads
   [Ada]          unicode-names-cyrillic_extended_a.ads
   [Ada]          unicode-names-latin_extended_d.ads
   [Ada]          unicode-names-optical_chars_recognition.ads
   [Ada]          unicode-names-sharada.ads
   [Ada]          unicode-names-supplemental_arrows_a.ads
   [Ada]          unicode-names-lydian.ads
   [Ada]          unicode-names-tibetan.ads
   [Ada]          unicode-names-sup_symbols_pictographs.ads
   [Ada]          unicode-names-cjk_strokes.ads
   [Ada]          unicode-names-geometric_shapes.ads
   [Ada]          unicode-ccs-windows_1252.adb
   [Ada]          unicode-names-yi_syllables.ads
   [Ada]          unicode-names-gothic.ads
   [Ada]          unicode-names-mathematical_operators.ads
   [Ada]          unicode-names-tai_le.ads
   [Ada]          unicode-names-latin_extended_additional.ads
   [Ada]          unicode-names-linear_b_syllabary.ads
   [Ada]          unicode-names-lepcha.ads
   [Ada]          unicode-names-takri.ads
   [Ada]          unicode-names-ol_chiki.ads
   [Ada]          unicode-names-duployan.ads
   [Ada]          unicode-names-arabic.ads
   [Ada]          unicode-names-sundanese_supplement.ads
   [Ada]          unicode-names-phaistos_disc.ads
   [Ada]          unicode-names-meetei_mayek_extensions.ads
   [Ada]          unicode-names-canadian_aboriginal_ext.ads
   [Ada]          unicode-ces.adb
   [Ada]          unicode-names-bopomofo_extended.ads
   [Ada]          unicode-names-batak.ads
   [Ada]          unicode-names-ethiopic_supplement.ads
   [Ada]          unicode-names-javanese.ads
   [Ada]          unicode-names-tai_xuan_jing_symbols.ads
   [Ada]          unicode-names-tagalog.ads
   [Ada]          unicode-names-combining_half_marks.ads
   [Ada]          unicode-names-byzantine_musical_symbols.ads
   [Ada]          unicode-ccs-iso_8859_15.adb
   [Ada]          unicode-names-mro.ads
   [Ada]          unicode-names-arabic_present_formsb.ads
   [Ada]          unicode-names-early_dynastic_cuneiform.ads
   [Ada]          unicode-names-siddham.ads
   [Ada]          unicode-names-devanagari.ads
   [Ada]          unicode-names-old_turkic.ads
   [Ada]          unicode-names-alpha_presentation_forms.ads
   [Ada]          unicode-names-latin_extended_e.ads
   [Ada]          unicode-names-arabic_present_formsa.ads
   [Ada]          unicode-names-supplemental_arrows_b.ads
   [Ada]          unicode-names-ahom.ads
   [Ada]          unicode-names-imperial_aramaic.ads
   [Ada]          unicode-names-miao.ads
   [Ada]          unicode-names-greek_extended.ads
   [Ada]          unicode-names-tags.ads
   [Ada]          unicode-names-arabic_extended_a.ads
   [Ada]          unicode-names-linear_b_ideograms.ads
   [Ada]          unicode-names-caucasian_albanian.ads
   [Ada]          unicode-names-cjk_compatibility_forms.ads
   [Ada]          unicode-names-meroitic_cursive.ads
   [Ada]          unicode-names-egyptian_hieroglyphs.ads
   [Ada]          unicode-names-cuneiform_num_punctuation.ads
   [Ada]          unicode-names-cjk_symbols_and_punct.ads
   [Ada]          unicode-names-vai.ads
   [Ada]          unicode-names-combining_diacritical_sym.ads
   [Ada]          unicode-names-common_indic_number_forms.ads
   [Ada]          unicode-names-hangul_jamo.ads
   [Ada]          unicode-names-domino_tiles.ads
   [Ada]          unicode-names-rumi_numeral_symbols.ads
   [Ada]          unicode-names-chakma.ads
   [Ada]          unicode-names-miscellaneous_technical.ads
   [C]            gpr_imports.c
   [Ada]          gpr-opt.ads
   [Ada]          gpr-tree.adb
   [Ada]          gpr-com.ads
   [Ada]          gpr.adb
   [Ada]          gpr_build_util.adb
   [Ada]          gpr-cset.adb
   [Ada]          gpr-ali.adb
   [Ada]          gpr-nmsc.adb
   [Ada]          gpr-compilation-slave.adb
   [Ada]          gpr-output.adb
   [Ada]          gpr-version.adb
   [Ada]          gpr-sdefault.ads
   [Ada]          gpr-attr-pm.adb
   [Ada]          gpr-util-aux.adb
   [Ada]          gpr-attr.adb
   [Ada]          gpr-compilation-process-waiter.adb
   [Ada]          gpr-erroutc.adb
   [Ada]          gpr-compilation-sync.adb
   [Ada]          gpr-dect.adb
   [Ada]          gpr-knowledge.adb
   [Ada]          gpr-osint.adb
   [Ada]          gpr-tempdir.adb
   [Ada]          gpr-err.adb
   [Ada]          gpr-conf.adb
   [Ada]          gpr-names.adb
   [Ada]          gpr-compilation-protocol.adb
   [Ada]          gpr-pp.adb
   [Ada]          gpr-ext.adb
   [Ada]          gpr-compilation.adb
   [Ada]          gpr-part.adb
   [Ada]          gpr-util.adb
   [Ada]          gpr-proc.adb
   [Ada]          gpr-scans.adb
   [Ada]          gpr-snames.adb
   [Ada]          gpr-env.adb
   [Ada]          gpr-strt.adb
   [Ada]          gpr-sinput.adb
   [Ada]          gpr-debug.adb
   [Ada]          gpr-script.adb
   [Ada]          gpr-compilation-process.adb
   [C]            process-wrappers.c
   [C]            libc-wrappers.c
   [C]            update_path.c
   [C]            terminals.c
   [C]            objlist_file.c
   [C]            separate_run_path_option.c
   [C]            gnatcoll_support.c
   [C]            link_max.c
   [C]            set_std_prefix.c
   [C]            executable_path.c
   [C]            run_path_option.c
   [C]            getRSS.c
   [Ada]          gnatcoll-os-libc.ads
   [Ada]          gnatcoll-os-libc-stat.ads
   [Ada]          gnatcoll-os-libc-dirent.ads
   [Ada]          gnatcoll-os-libc-spawn.ads
   [Ada]          gnatcoll-paragraph_filling-words.adb
   [Ada]          gnatcoll-paragraph_filling-badnesses.adb
   [Ada]          gnatcoll-paragraph_filling.adb
   [Ada]          gnatcoll-os.ads
   [Ada]          gnatcoll-os-stat.adb
   [Ada]          gnatcoll-os-dir.adb
   [Ada]          gnatcoll-os-process.adb
   [Ada]          gnatcoll-os-fs.adb
   [Ada]          gnatcoll-io-native.adb
   [Ada]          gnatcoll-templates.adb
   [Ada]          gnatcoll-format_columns_vertical.ads
   [Ada]          gnatcoll-string_builders.adb
   [Ada]          gnatcoll-scripts.adb
   [Ada]          gnatcoll-refcount-weakref.adb
   [Ada]          gnatcoll-io-remote-windows.adb
   [Ada]          gnatcoll-mmap.adb
   [Ada]          gnatcoll-email-mailboxes.adb
   [Ada]          gnatcoll-symbols.adb
   [Ada]          gnatcoll-storage_pools-alignment.adb
   [Ada]          gnatcoll-json-utility.adb
   [Ada]          gnatcoll.ads
   [Ada]          gnatcoll-strings.ads
   [Ada]          gnatcoll-wstring_list_builders.adb
   [Ada]          gnatcoll-string_list_builders.adb
   [Ada]          gnatcoll-io.adb
   [Ada]          gnatcoll-remote-db.adb
   [Ada]          gnatcoll-io-remote.adb
   [Ada]          gnatcoll-remote.ads
   [Ada]          gnatcoll-scripts-utils.adb
   [Ada]          gnatcoll-email-utils.adb
   [Ada]          gnatcoll-coders-base64.adb
   [Ada]          gnatcoll-terminal.adb
   [Ada]          gnatcoll-utils.adb
   [Ada]          gnatcoll-scripts-files.adb
   [Ada]          gnatcoll-any_types.adb
   [Ada]          gnatcoll-projects-krunch.adb
   [Ada]          gnatcoll-locks.adb
   [Ada]          gnatcoll-vfs_utils.adb
   [Ada]          gnatcoll-projects-aux.adb
   [Ada]          gnatcoll-scripts-shell.adb
   [Ada]          gnatcoll-projects.adb
   [Ada]          gnatcoll-coders.adb
   [Ada]          gnatcoll-boyer_moore.adb
   [Ada]          gnatcoll-scripts-impl.adb
   [Ada]          gnatcoll-damerau_levenshtein_distance.ads
   [Ada]          gnatcoll-storage_pools-headers.adb
   [Ada]          gnatcoll-formatters.adb
   [Ada]          gnatcoll-promises.adb
   [Ada]          gnatcoll-geometry.adb
   [Ada]          gnatcoll-pools.adb
   [Ada]          gnatcoll-vfs_types.ads
   [Ada]          gnatcoll-opt_parse.adb
   [Ada]          gnatcoll-vfs.adb
   [Ada]          gnatcoll-email.adb
   [Ada]          gnatcoll-strings_impl.adb
   [Ada]          gnatcoll-memory.adb
   [Ada]          gnatcoll-io-remote-unix.adb
   [Ada]          gnatcoll-damerau_levenshtein_generic.adb
   [Ada]          gnatcoll-json.adb
   [Ada]          gnatcoll-storage_pools.ads
   [Ada]          gnatcoll-wstring_builders.adb
   [Ada]          gnatcoll-coders-streams.adb
   [Ada]          gnatcoll-path.adb
   [Ada]          gnatcoll-scripts-projects.adb
   [Ada]          gnatcoll-tribooleans.adb
   [Ada]          gnatcoll-email-parser.adb
   [Ada]          gnatcoll-config.adb
   [Ada]          gnatcoll-traces.adb
   [Ada]          gnatcoll-arg_lists.adb
   [Ada]          gnatcoll-projects-normalize.adb
   [Ada]          gnatcoll-atomic.adb
   [Ada]          gnatcoll-refcount.adb
gnatcoll-refcount.ads:90:04: warning: in instantiation at gnatcoll-storage_pools-headers.adb:57
gnatcoll-refcount.ads:90:04: warning: possible aliasing problem for type "Header_Access"
gnatcoll-refcount.ads:90:04: warning: use -fno-strict-aliasing switch for references
gnatcoll-refcount.ads:90:04: warning: or use "pragma No_Strict_Aliasing (Header_Access);"
   [Ada]          gnatcoll-asserts.adb
   [Ada]          gnatcoll-mmap-system__unix.adb
   [Ada]          gnatcoll-plugins__unix.adb
   [Ada]          gnatcoll-os-process_types__unix.adb
   [Ada]          gnatcoll-os-constants__unix.ads
   [Ada]          gnatcoll-os-dir_types__unix.ads
   [Ada]          gnatcoll-os-libc_constants__linux.ads
   [C]            libadalang-gdb.c
   [Ada]          libadalang-analysis.adb
   [Ada]          libadalang-private_converters.ads
   [Ada]          libadalang-project_provider.adb
   [Ada]          libadalang-rewriting.adb
   [Ada]          libadalang-iterators-extensions.adb
   [Ada]          libadalang-public_converters.adb
   [Ada]          libadalang-unit_files.adb
   [Ada]          libadalang-implementation-extensions.adb
   [Ada]          libadalang-generic_api.adb
   [Ada]          libadalang-debug.adb
   [Ada]          libadalang-c.adb
   [Ada]          libadalang-unparsing.adb
   [Ada]          libadalang-implementation-c.adb
   [Ada]          libadalang-implementation.adb
   [Ada]          libadalang-unparsing_implementation.adb
   [Ada]          libadalang-implementation-c-extensions.adb
   [Ada]          libadalang-sources.adb
   [Ada]          libadalang-common.adb
   [Ada]          libadalang-lexer_state_machine.adb
   [Ada]          libadalang-parsers.adb
   [Ada]          libadalang-introspection_implementation.adb
   [Ada]          libadalang-env_hooks.adb
   [Ada]          libadalang-lexer.adb
   [Ada]          libadalang-internal_default_provider.adb
   [Ada]          libadalang-doc_utils.adb
   [Ada]          libadalang-auto_provider.adb
   [Ada]          libadalang-expr_eval.adb
   [Ada]          libadalang-introspection.adb
   [Ada]          libadalang-iterators.adb
   [Ada]          libadalang-lexer_implementation.adb
   [Ada]          libadalang.ads
   [Ada]          libadalang-helpers.adb
   [Ada]          libadalang-gpr_lock.ads
   [Ada]          libadalang-rewriting_implementation.adb
   [Ada]          command_line.adb
   [Ada]          extraction.adb
   [Ada]          graphml_writers.adb
   [Ada]          extraction-bodies_for_decls.adb
   [Ada]          extraction-bodies_for_entries.adb
   [Ada]          extraction-decl_types.adb
   [Ada]          extraction-decls.adb
   [Ada]          extraction-deferred_constants.adb
   [Ada]          extraction-derived_type_defs.adb
   [Ada]          extraction-direct_calls.adb
   [Ada]          extraction-file_system.adb
   [Ada]          extraction-generic_instantiations.adb
   [Ada]          extraction-graph_operations.adb
   [Ada]          extraction-node_edge_types.adb
   [Ada]          extraction-primitive_subps.adb
   [Ada]          extraction-project_files.adb
   [Ada]          extraction-references_of_decls.adb
   [Ada]          extraction-renamings.adb
   [Ada]          extraction-source_files_from_projects.adb
   [Ada]          extraction-subp_overrides.adb
   [Ada]          extraction-utilities.adb
   [Ada]          extraction-with_clauses.adb
Build Libraries
   [gprlib]       xmlada_unicode.lexch
   [gprlib]       xmlada_input_sources.lexch
   [archive]      libxmlada_unicode.a
   [index]        libxmlada_unicode.a
   [gprlib]       xmlada_sax.lexch
   [archive]      libxmlada_input_sources.a
   [index]        libxmlada_input_sources.a
   [gprlib]       xmlada_dom.lexch
   [archive]      libxmlada_sax.a
   [index]        libxmlada_sax.a
   [gprlib]       xmlada_schema.lexch
   [archive]      libxmlada_dom.a
   [index]        libxmlada_dom.a
   [gprlib]       gpr.lexch
   [archive]      libxmlada_schema.a
   [index]        libxmlada_schema.a
   [gprlib]       gnatcoll.lexch
   [archive]      libgpr.a
   [index]        libgpr.a
   [gprlib]       gnatcoll_gmp.lexch
   [archive]      libgnatcoll.a
   [index]        libgnatcoll.a
   [gprlib]       gnatcoll_iconv.lexch
   [archive]      libgnatcoll_gmp.a
   [archive]      libgnatcoll_iconv.a
   [index]        libgnatcoll_gmp.a
   [index]        libgnatcoll_iconv.a
   [gprlib]       langkit_support.lexch
   [bind SAL]     langkit_support
   [Ada]          b__langkit_support.adb
   [objcopy]      p__langkit_support_0.o
   [archive]      liblangkit_support.a
   [index]        liblangkit_support.a
   [gprlib]       adalang.lexch
   [bind SAL]     adalang
   [Ada]          b__adalang.adb
   [objcopy]      p__adalang_0.o
   [archive]      libadalang.a
   [index]        libadalang.a
Bind
   [gprbind]      dependency_graph_extractor.bexch
   [Ada]          dependency_graph_extractor.ali
Link
   [link]         dependency_graph_extractor.adb
Using built-in specs.
COLLECT_GCC=/home/runner/.config/alire/cache/dependencies/gnat_native_11.2.4_2f37a10b/bin/gcc
COLLECT_LTO_WRAPPER=/home/runner/.config/alire/cache/dependencies/gnat_native_11.2.4_2f37a10b/bin/../libexec/gcc/x86_64-pc-linux-gnu/11.2.0/lto-wrapper
Target: x86_64-pc-linux-gnu
Configured with: ../src/configure --prefix=/home/runner/work/GNAT-FSF-builds/GNAT-FSF-builds/sbx/x86_64-linux/gcc/install --with-build-time-tools=/home/runner/work/GNAT-FSF-builds/GNAT-FSF-builds/sbx/x86_64-linux/binutils/install/bin --enable-languages=c,ada,c++ --enable-libstdcxx --enable-libstdcxx-threads --enable-libada --disable-nls --without-libiconv-prefix --disable-libstdcxx-pch --enable-lto --disable-multilib --enable-threads=posix --with-gnu-ld --with-gnu-as --with-mpfr=/home/runner/work/GNAT-FSF-builds/GNAT-FSF-builds/sbx/x86_64-linux/mpfr/install --with-gmp=/home/runner/work/GNAT-FSF-builds/GNAT-FSF-builds/sbx/x86_64-linux/gmp/install --with-mpc=/home/runner/work/GNAT-FSF-builds/GNAT-FSF-builds/sbx/x86_64-linux/mpc/install --with-isl=/home/runner/work/GNAT-FSF-builds/GNAT-FSF-builds/sbx/x86_64-linux/isl/install --build=x86_64-pc-linux-gnu
Thread model: posix
Supported LTO compression algorithms: zlib
gcc version 11.2.0 (GCC) 
COMPILER_PATH=/home/runner/.config/alire/cache/dependencies/gnat_native_11.2.4_2f37a10b/bin/../libexec/gcc/x86_64-pc-linux-gnu/11.2.0/:/home/runner/.config/alire/cache/dependencies/gnat_native_11.2.4_2f37a10b/bin/../libexec/gcc/:/home/runner/.config/alire/cache/dependencies/gnat_native_11.2.4_2f37a10b/bin/../lib/gcc/x86_64-pc-linux-gnu/11.2.0/../../../../x86_64-pc-linux-gnu/bin/
LIBRARY_PATH=/home/runner/.config/alire/cache/dependencies/gnat_native_11.2.4_2f37a10b/bin/../lib/gcc/x86_64-pc-linux-gnu/11.2.0/:/home/runner/.config/alire/cache/dependencies/gnat_native_11.2.4_2f37a10b/bin/../lib/gcc/:/home/runner/.config/alire/cache/dependencies/gnat_native_11.2.4_2f37a10b/bin/../lib/gcc/x86_64-pc-linux-gnu/11.2.0/../../../../lib64/:/lib/x86_64-linux-gnu/:/lib/../lib64/:/usr/lib/x86_64-linux-gnu/:/usr/lib/../lib64/:/home/runner/.config/alire/cache/dependencies/gnat_native_11.2.4_2f37a10b/bin/../lib/gcc/x86_64-pc-linux-gnu/11.2.0/../../../../x86_64-pc-linux-gnu/lib/:/home/runner/.config/alire/cache/dependencies/gnat_native_11.2.4_2f37a10b/bin/../lib/gcc/x86_64-pc-linux-gnu/11.2.0/../../../:/lib/:/usr/lib/
COLLECT_GCC_OPTIONS='-v' '-L/home/runner/work/alire-crates-ci/alire-crates-ci/test/c0742efd-7685-4468-8358-d65b8cbfbb7b/dependency_graph_extractor_22.0.0_992fc1c4/obj/' '-L/home/runner/work/alire-crates-ci/alire-crates-ci/test/c0742efd-7685-4468-8358-d65b8cbfbb7b/dependency_graph_extractor_22.0.0_992fc1c4/obj/' '-L/home/runner/work/alire-crates-ci/alire-crates-ci/test/c0742efd-7685-4468-8358-d65b8cbfbb7b/dependency_graph_extractor_22.0.0_992fc1c4/alire/cache/dependencies/libadalang_22.0.0_5f365aa4/lib/static/dev/' '-L/home/runner/work/alire-crates-ci/alire-crates-ci/test/c0742efd-7685-4468-8358-d65b8cbfbb7b/dependency_graph_extractor_22.0.0_992fc1c4/alire/cache/dependencies/gnatcoll_22.0.0_620c2f23/lib/gnatcoll/static/' '-L/home/runner/work/alire-crates-ci/alire-crates-ci/test/c0742efd-7685-4468-8358-d65b8cbfbb7b/dependency_graph_extractor_22.0.0_992fc1c4/alire/cache/dependencies/libgpr_22.0.0_30e39dcc/gpr/lib/production/static/' '-L/home/runner/work/alire-crates-ci/alire-crates-ci/test/c0742efd-7685-4468-8358-d65b8cbfbb7b/dependency_graph_extractor_22.0.0_992fc1c4/alire/cache/dependencies/xmlada_22.0.0_b322ae27/unicode/lib/static/' '-L/home/runner/work/alire-crates-ci/alire-crates-ci/test/c0742efd-7685-4468-8358-d65b8cbfbb7b/dependency_graph_extractor_22.0.0_992fc1c4/alire/cache/dependencies/xmlada_22.0.0_b322ae27/sax/lib/static/' '-L/home/runner/work/alire-crates-ci/alire-crates-ci/test/c0742efd-7685-4468-8358-d65b8cbfbb7b/dependency_graph_extractor_22.0.0_992fc1c4/alire/cache/dependencies/xmlada_22.0.0_b322ae27/input_sources/lib/static/' '-L/home/runner/work/alire-crates-ci/alire-crates-ci/test/c0742efd-7685-4468-8358-d65b8cbfbb7b/dependency_graph_extractor_22.0.0_992fc1c4/alire/cache/dependencies/xmlada_22.0.0_b322ae27/dom/lib/static/' '-L/home/runner/work/alire-crates-ci/alire-crates-ci/test/c0742efd-7685-4468-8358-d65b8cbfbb7b/dependency_graph_extractor_22.0.0_992fc1c4/alire/cache/dependencies/xmlada_22.0.0_b322ae27/schema/lib/static/' '-L/home/runner/work/alire-crates-ci/alire-crates-ci/test/c0742efd-7685-4468-8358-d65b8cbfbb7b/dependency_graph_extractor_22.0.0_992fc1c4/alire/cache/dependencies/gnatcoll_gmp_22.0.0_f3732e5d/gmp/lib/static/' '-L/home/runner/work/alire-crates-ci/alire-crates-ci/test/c0742efd-7685-4468-8358-d65b8cbfbb7b/dependency_graph_extractor_22.0.0_992fc1c4/alire/cache/dependencies/gnatcoll_iconv_22.0.0_f3732e5d/iconv/lib/static/' '-L/home/runner/work/alire-crates-ci/alire-crates-ci/test/c0742efd-7685-4468-8358-d65b8cbfbb7b/dependency_graph_extractor_22.0.0_992fc1c4/alire/cache/dependencies/langkit_support_22.0.0_d43df3a9/lib/static/dev/' '-L/home/runner/.config/alire/cache/dependencies/gnat_native_11.2.4_2f37a10b/lib/gcc/x86_64-pc-linux-gnu/11.2.0/adalib/' '-static-libgcc' '-L/home/runner/work/alire-crates-ci/alire-crates-ci/test/c0742efd-7685-4468-8358-d65b8cbfbb7b/dependency_graph_extractor_22.0.0_992fc1c4/alire/cache/dependencies/libadalang_22.0.0_5f365aa4/obj/dev/' '-L/home/runner/work/alire-crates-ci/alire-crates-ci/test/c0742efd-7685-4468-8358-d65b8cbfbb7b/dependency_graph_extractor_22.0.0_992fc1c4/alire/cache/dependencies/langkit_support_22.0.0_d43df3a9/lib/static/dev/' '-L/home/runner/work/alire-crates-ci/alire-crates-ci/test/c0742efd-7685-4468-8358-d65b8cbfbb7b/dependency_graph_extractor_22.0.0_992fc1c4/alire/cache/dependencies/gnatcoll_iconv_22.0.0_f3732e5d/iconv/lib/static/' '-L/home/runner/work/alire-crates-ci/alire-crates-ci/test/c0742efd-7685-4468-8358-d65b8cbfbb7b/dependency_graph_extractor_22.0.0_992fc1c4/alire/cache/dependencies/gnatcoll_gmp_22.0.0_f3732e5d/gmp/lib/static/' '-L/home/runner/work/alire-crates-ci/alire-crates-ci/test/c0742efd-7685-4468-8358-d65b8cbfbb7b/dependency_graph_extractor_22.0.0_992fc1c4/alire/cache/dependencies/xmlada_22.0.0_b322ae27/schema/lib/static/' '-L/home/runner/work/alire-crates-ci/alire-crates-ci/test/c0742efd-7685-4468-8358-d65b8cbfbb7b/dependency_graph_extractor_22.0.0_992fc1c4/alire/cache/dependencies/xmlada_22.0.0_b322ae27/dom/lib/static/' '-L/home/runner/work/alire-crates-ci/alire-crates-ci/test/c0742efd-7685-4468-8358-d65b8cbfbb7b/dependency_graph_extractor_22.0.0_992fc1c4/alire/cache/dependencies/xmlada_22.0.0_b322ae27/input_sources/lib/static/' '-L/home/runner/work/alire-crates-ci/alire-crates-ci/test/c0742efd-7685-4468-8358-d65b8cbfbb7b/dependency_graph_extractor_22.0.0_992fc1c4/alire/cache/dependencies/xmlada_22.0.0_b322ae27/sax/lib/static/' '-L/home/runner/work/alire-crates-ci/alire-crates-ci/test/c0742efd-7685-4468-8358-d65b8cbfbb7b/dependency_graph_extractor_22.0.0_992fc1c4/alire/cache/dependencies/xmlada_22.0.0_b322ae27/unicode/lib/static/' '-L/home/runner/work/alire-crates-ci/alire-crates-ci/test/c0742efd-7685-4468-8358-d65b8cbfbb7b/dependency_graph_extractor_22.0.0_992fc1c4/alire/cache/dependencies/libgpr_22.0.0_30e39dcc/gpr/lib/production/static/' '-L/home/runner/work/alire-crates-ci/alire-crates-ci/test/c0742efd-7685-4468-8358-d65b8cbfbb7b/dependency_graph_extractor_22.0.0_992fc1c4/alire/cache/dependencies/gnatcoll_22.0.0_620c2f23/lib/gnatcoll/static/' '-L/home/runner/.config/alire/cache/dependencies/gnat_native_11.2.4_2f37a10b/lib/gcc/x86_64-pc-linux-gnu/11.2.0/adalib/' '-o' '/home/runner/work/alire-crates-ci/alire-crates-ci/test/c0742efd-7685-4468-8358-d65b8cbfbb7b/dependency_graph_extractor_22.0.0_992fc1c4/bin//dependency_graph_extractor' '-mtune=generic' '-march=x86-64' '-dumpdir' '/home/runner/work/alire-crates-ci/alire-crates-ci/test/c0742efd-7685-4468-8358-d65b8cbfbb7b/dependency_graph_extractor_22.0.0_992fc1c4/bin//dependency_graph_extractor.'
 /home/runner/.config/alire/cache/dependencies/gnat_native_11.2.4_2f37a10b/bin/../libexec/gcc/x86_64-pc-linux-gnu/11.2.0/collect2 -plugin /home/runner/.config/alire/cache/dependencies/gnat_native_11.2.4_2f37a10b/bin/../libexec/gcc/x86_64-pc-linux-gnu/11.2.0/liblto_plugin.so -plugin-opt=/home/runner/.config/alire/cache/dependencies/gnat_native_11.2.4_2f37a10b/bin/../libexec/gcc/x86_64-pc-linux-gnu/11.2.0/lto-wrapper -plugin-opt=-fresolution=/tmp/ccJjBLha.res -plugin-opt=-pass-through=-lgcc -plugin-opt=-pass-through=-lgcc_eh -plugin-opt=-pass-through=-lc -plugin-opt=-pass-through=-lgcc -plugin-opt=-pass-through=-lgcc_eh --eh-frame-hdr -m elf_x86_64 -dynamic-linker /lib64/ld-linux-x86-64.so.2 -o /home/runner/work/alire-crates-ci/alire-crates-ci/test/c0742efd-7685-4468-8358-d65b8cbfbb7b/dependency_graph_extractor_22.0.0_992fc1c4/bin//dependency_graph_extractor /lib/x86_64-linux-gnu/crt1.o /lib/x86_64-linux-gnu/crti.o /home/runner/.config/alire/cache/dependencies/gnat_native_11.2.4_2f37a10b/bin/../lib/gcc/x86_64-pc-linux-gnu/11.2.0/crtbegin.o @/tmp/ccfPjs5F -L/home/runner/.config/alire/cache/dependencies/gnat_native_11.2.4_2f37a10b/bin/../lib/gcc/x86_64-pc-linux-gnu/11.2.0 -L/home/runner/.config/alire/cache/dependencies/gnat_native_11.2.4_2f37a10b/bin/../lib/gcc -L/home/runner/.config/alire/cache/dependencies/gnat_native_11.2.4_2f37a10b/bin/../lib/gcc/x86_64-pc-linux-gnu/11.2.0/../../../../lib64 -L/lib/x86_64-linux-gnu -L/lib/../lib64 -L/usr/lib/x86_64-linux-gnu -L/usr/lib/../lib64 -L/home/runner/.config/alire/cache/dependencies/gnat_native_11.2.4_2f37a10b/bin/../lib/gcc/x86_64-pc-linux-gnu/11.2.0/../../../../x86_64-pc-linux-gnu/lib -L/home/runner/.config/alire/cache/dependencies/gnat_native_11.2.4_2f37a10b/bin/../lib/gcc/x86_64-pc-linux-gnu/11.2.0/../../.. @/tmp/cc4HSPJ0 -lgcc -lgcc_eh -lc -lgcc -lgcc_eh /home/runner/.config/alire/cache/dependencies/gnat_native_11.2.4_2f37a10b/bin/../lib/gcc/x86_64-pc-linux-gnu/11.2.0/crtend.o /lib/x86_64-linux-gnu/crtn.o
/home/runner/.config/alire/cache/dependencies/gnat_native_11.2.4_2f37a10b/bin/../lib/gcc/x86_64-pc-linux-gnu/11.2.0/../../../../x86_64-pc-linux-gnu/bin/ld: /lib/x86_64-linux-gnu/libc.so.6: unknown type [0x13] section `.relr.dyn'
/home/runner/.config/alire/cache/dependencies/gnat_native_11.2.4_2f37a10b/bin/../lib/gcc/x86_64-pc-linux-gnu/11.2.0/../../../../x86_64-pc-linux-gnu/bin/ld: skipping incompatible /lib/x86_64-linux-gnu/libc.so.6 when searching for /lib/x86_64-linux-gnu/libc.so.6
/home/runner/.config/alire/cache/dependencies/gnat_native_11.2.4_2f37a10b/bin/../lib/gcc/x86_64-pc-linux-gnu/11.2.0/../../../../x86_64-pc-linux-gnu/bin/ld: cannot find /lib/x86_64-linux-gnu/libc.so.6
/home/runner/.config/alire/cache/dependencies/gnat_native_11.2.4_2f37a10b/bin/../lib/gcc/x86_64-pc-linux-gnu/11.2.0/../../../../x86_64-pc-linux-gnu/bin/ld: /lib/x86_64-linux-gnu/libc.so.6: unknown type [0x13] section `.relr.dyn'
/home/runner/.config/alire/cache/dependencies/gnat_native_11.2.4_2f37a10b/bin/../lib/gcc/x86_64-pc-linux-gnu/11.2.0/../../../../x86_64-pc-linux-gnu/bin/ld: skipping incompatible /lib/x86_64-linux-gnu/libc.so.6 when searching for /lib/x86_64-linux-gnu/libc.so.6
/home/runner/.config/alire/cache/dependencies/gnat_native_11.2.4_2f37a10b/bin/../lib/gcc/x86_64-pc-linux-gnu/11.2.0/../../../../x86_64-pc-linux-gnu/bin/ld: /lib64/ld-linux-x86-64.so.2: unknown type [0x13] section `.relr.dyn'
/home/runner/.config/alire/cache/dependencies/gnat_native_11.2.4_2f37a10b/bin/../lib/gcc/x86_64-pc-linux-gnu/11.2.0/../../../../x86_64-pc-linux-gnu/bin/ld: skipping incompatible /lib64/ld-linux-x86-64.so.2 when searching for /lib64/ld-linux-x86-64.so.2
/home/runner/.config/alire/cache/dependencies/gnat_native_11.2.4_2f37a10b/bin/../lib/gcc/x86_64-pc-linux-gnu/11.2.0/../../../../x86_64-pc-linux-gnu/bin/ld: cannot find /lib64/ld-linux-x86-64.so.2
/home/runner/.config/alire/cache/dependencies/gnat_native_11.2.4_2f37a10b/bin/../lib/gcc/x86_64-pc-linux-gnu/11.2.0/../../../../x86_64-pc-linux-gnu/bin/ld: /lib64/ld-linux-x86-64.so.2: unknown type [0x13] section `.relr.dyn'
/home/runner/.config/alire/cache/dependencies/gnat_native_11.2.4_2f37a10b/bin/../lib/gcc/x86_64-pc-linux-gnu/11.2.0/../../../../x86_64-pc-linux-gnu/bin/ld: skipping incompatible /lib64/ld-linux-x86-64.so.2 when searching for /lib64/ld-linux-x86-64.so.2
collect2: error: ld returned 1 exit status
langkit_support.gpr:4:17: warning: linker options section not found in langkit_support.a, using defaults.
gprbuild: link of dependency_graph_extractor.adb failed
gprbuild: failed command was: /home/runner/.config/alire/cache/dependencies/gnat_native_11.2.4_2f37a10b/bin/gcc dependency_graph_extractor.o @/tmp/GNAT-TEMP-000070.TMP
stderr: Command ["gprbuild", "-s", "-j0", "-p", "-P", "/home/runner/work/alire-crates-ci/alire-crates-ci/test/c0742efd-7685-4468-8358-d65b8cbfbb7b/dependency_graph_extractor_22.0.0_992fc1c4/dependency_graph_extractor.gpr"] exited with code 4
ERROR: Command ["gprbuild", "-s", "-j0", "-p", "-P", "/home/runner/work/alire-crates-ci/alire-crates-ci/test/c0742efd-7685-4468-8358-d65b8cbfbb7b/dependency_graph_extractor_22.0.0_992fc1c4/dependency_graph_extractor.gpr"] exited with code 4
stderr: ALIRE.CHECKED_ERROR
stderr: Command ["gprbuild", "-s", "-j0", "-p", "-P", "/home/runner/work/alire-crates-ci/alire-crates-ci/test/c0742efd-7685-4468-8358-d65b8cbfbb7b/dependency_graph_extractor_22.0.0_992fc1c4/dependency_graph_extractor.gpr"] exited with code 4
stderr: raised ALIRE.CHECKED_ERROR : alire-stored-error:1
[/home/runner/work/alire-crates-ci/alire-crates-ci/alire_install/bin/alr]
0xd7ada2 Alire.Raise_Checked_Error at alire.adb:251
0xa423cf Alire.Os_Lib.Subprocess.Checked_Spawn at alire-os_lib-subprocess.adb:110
0xc5cdee Alire.Spawn.Command at alire-spawn.adb:21
0xc5d51c Alire.Spawn.Gprbuild at alire-spawn.adb:41
0xbc1550 Alire.Roots.Build.Build_Single_Release.Call_Gprbuild at alire-roots.adb:140
0xbbfbaf Alire.Roots.Build.Build_Single_Release at alire-roots.adb:171
0xbdb95e Alire.Roots.Traverse.Traverse_Wrap at alire-roots.adb:1364
0xc25a8b Alire.Solutions.Traverse.Visit at alire-solutions.adb:1443
0xc246a2 Alire.Solutions.Traverse at alire-solutions.adb:1518
0xbdbaac Alire.Roots.Traverse at alire-roots.adb:1368
0xbbff40 Alire.Roots.Build at alire-roots.adb:196
0x4a0334 Alr.Commands.Build.Execute at alr-commands-build.adb:58
0x4b065a Alr.Commands.Get.Retrieve at alr-commands-get.adb:187
0x4b4e77 Alr.Commands.Get.Execute at alr-commands-get.adb:348
0x53bb7e Alr.Commands.Sub_Cmd.Execute at clic-subcommand-instance.adb:742
0x54756f Alr.Commands.Execute at alr-commands.adb:492
0x43cb1a Alr.Main at alr-main.adb:10
0x43f3e7 Main at b__alr-main.adb:2132
[/lib/x86_64-linux-gnu/libc.so.6]
0x7f1b7022a1c8
0x7f1b7022a289
[/home/runner/work/alire-crates-ci/alire-crates-ci/alire_install/bin/alr]
0x43c9f8 _start at ???
0xfffffffffffffffe


Warning: dependency_graph_extractor=22.0.0 successfully retrieved but its build failed.
Dependencies were solved as follows:

   +i gnat            11.2.4 (new,installed,gnat_native,indirect)
   +  gnatcoll        22.0.0 (new,indirect)                      
   +  gnatcoll_gmp    22.0.0 (new,indirect)                      
   +  gnatcoll_iconv  22.0.0 (new,indirect)                      
   +  langkit_support 22.0.0 (new,indirect)                      
   +  libadalang      22.0.0 (new)                               
   +  libgmp          6.3.0  (new,indirect)                      
   +  libgpr          22.0.0 (new,indirect)                      
   +  xmlada          22.0.0 (new,indirect)                      
ERROR: Build ended with errors
