Test ran at 2024-05-29 01:34:44.280872+00:00

SOLUTION:
excel_writer=17.0.1: Produce Excel spreadsheets
Origin: source archive excel_writer_17_r2.zip at https://sourceforge.net/projects/excel-writer/files/excel-writer/excel_writer_17_r2.zip with hash sha512:acea6a01ff44f28ea57a53ea62d0d167daf2de26eb2b220c5b10503d53da144a38fb3363a789901356baa74f9617f03993527b63e4120f4291b8d24a413581e0
Properties:
   Author: Gautier de Montmollin
   Description: Produce Excel spreadsheets
   License: MIT
   Maintainer: alejandro@mosteo.com
   Maintainers_Logins: mosteo
   Maintainers_Logins: zertovitch
   Name: excel_writer
   Project_File: excel_out_gnat.gpr
   Tag: excel
   Tag: spreadsheet
   Version: 17.0.1


LOG:
Note: Deploying excel_writer=17.0.1...
#=#=#                                                                         
##O#-#                                                                        
##=O#- #                                                                      
# #=O#- #                                                                     

######################################################################## 100.0% # #=O#-  #                                                                   

######################################################################## 100.0%
Note: Building excel_writer/excel_out_gnat.gpr...
Setup
   [mkdir]        object directory for project Excel_Out_Gnat
Compile
   [Ada]          excel_out_demo.adb
   [Ada]          biff_dump.adb
   [Ada]          spreadsheet_references_demo.adb
   [Ada]          csv2tex.adb
   [Ada]          csv2html.adb
   [Ada]          csv2xls.adb
   [Ada]          ew_test.adb
   [Ada]          spreadsheet_references.adb
   [Ada]          excel_out.adb
   [Ada]          csv.adb
   [Ada]          ieee_754.ads
   [Ada]          ieee_754-generic_double_precision.adb
Bind
   [gprbind]      excel_out_demo.bexch
   [gprbind]      biff_dump.bexch
   [gprbind]      spreadsheet_references_demo.bexch
   [Ada]          excel_out_demo.ali
   [Ada]          biff_dump.ali
   [Ada]          spreadsheet_references_demo.ali
   [gprbind]      csv2tex.bexch
   [gprbind]      csv2html.bexch
   [gprbind]      csv2xls.bexch
   [Ada]          csv2tex.ali
   [Ada]          csv2html.ali
   [Ada]          csv2xls.ali
   [gprbind]      ew_test.bexch
   [Ada]          ew_test.ali
Link
   [link]         excel_out_demo.adb
   [link]         biff_dump.adb
   [link]         spreadsheet_references_demo.adb
-macosx_version_min has been renamed to -macos_version_min
-macosx_version_min has been renamed to -macos_version_min
-macosx_version_min has been renamed to -macos_version_min
ld: warning: ignoring duplicate libraries: '-lSystem'
ld: warning: ignoring duplicate libraries: '-lSystem'
ld: warning: ignoring duplicate libraries: '-lSystem'
0  0x104bb8f43  __assert_rtn + 64
1  0x104abaf43  ld::AtomPlacement::findAtom(unsigned char, unsigned long long, ld::AtomPlacement::AtomLoc const*&, long long&) const + 1411
2  0x104ad7431  ld::InputFiles::SliceParser::parseObjectFile(mach_o::Header const*) const + 19745
3  0x104ae7b71  ld::InputFiles::parseAllFiles(void (ld::AtomFile const*) block_pointer)::$_7::operator()(unsigned long, ld::FileInfo const&) const + 657
0  0x102c71f43  __assert_rtn + 64
1  0x102b73f43  ld::AtomPlacement::findAtom(unsigned char, unsigned long long, ld::AtomPlacement::AtomLoc const*&, long long&) const + 1411
2  0x102b90431  ld::InputFiles::SliceParser::parseObjectFile(mach_o::Header const*) const + 19745
3  0x102ba0b71  ld::InputFiles::parseAllFiles(void (ld::AtomFile const*) block_pointer)::$_7::operator()(unsigned long, ld::FileInfo const&) const + 657
0  0x104373f43  __assert_rtn + 64
1  0x104275f43  ld::AtomPlacement::findAtom(unsigned char, unsigned long long, ld::AtomPlacement::AtomLoc const*&, long long&) const + 1411
2  0x104292431  ld::InputFiles::SliceParser::parseObjectFile(mach_o::Header const*) const + 19745
3  0x1042a2b71  ld::InputFiles::parseAllFiles(void (ld::AtomFile const*) block_pointer)::$_7::operator()(unsigned long, ld::FileInfo const&) const + 657
4  0x7ff811452def  _dispatch_client_callout2 + 8
4  0x7ff811452def  _dispatch_client_callout2 + 8
5  0x7ff811464547  _dispatch_apply_invoke3 + 431
6  0x7ff811452dbc  _dispatch_client_callout + 8
5  0x7ff811464547  _dispatch_apply_invoke3 + 431
7  0x7ff81145404e  _dispatch_once_callout + 20
6  0x7ff811452dbc  _dispatch_client_callout + 8
8  0x7ff811464a9b  _dispatch_apply_invoke_and_wait + 278
7  0x7ff81145404e  _dispatch_once_callout + 20
9  0x7ff811463cf8  _dispatch_apply_with_attr_f + 1225
8  0x7ff811464a9b  _dispatch_apply_invoke_and_wait + 278
9  0x7ff811463cf8  _dispatch_apply_with_attr_f + 1225
4  0x7ff811452def  _dispatch_client_callout2 + 8
5  0x7ff811464547  _dispatch_apply_invoke3 + 431
6  0x7ff811452dbc  _dispatch_client_callout + 8
7  0x7ff81145404e  _dispatch_once_callout + 20
8  0x7ff811464a9b  _dispatch_apply_invoke_and_wait + 278
9  0x7ff811463cf8  _dispatch_apply_with_attr_f + 1225
10  0x7ff811463eaf  dispatch_apply + 45
11  0x102c39972  ld::AtomFileConsolidator::parseFiles(bool) + 370
12  0x102bc0d67  main + 12263
ld: Assertion failed: (resultIndex < sectData.atoms.size()), function findAtom, file Relocations.cpp, line 1336.
10  0x7ff811463eaf  dispatch_apply + 45
11  0x104b80972  ld::AtomFileConsolidator::parseFiles(bool) + 370
12  0x104b07d67  main + 12263
ld: Assertion failed: (resultIndex < sectData.atoms.size()), function findAtom, file Relocations.cpp, line 1336.
10  0x7ff811463eaf  dispatch_apply + 45
11  0x10433b972  ld::AtomFileConsolidator::parseFiles(bool) + 370
12  0x1042c2d67  main + 12263
ld: Assertion failed: (resultIndex < sectData.atoms.size()), function findAtom, file Relocations.cpp, line 1336.
collect2: error: ld returned 1 exit status
collect2: error: ld returned 1 exit status
collect2: error: ld returned 1 exit status
   link of biff_dump.adb failed
   failed command was: /users/runner/.config/alire/cache/dependencies/gnat_native_10.3.2_e112fd3f/bin/gcc biff_dump.o b__biff_dump.o /Users/runner/work/alire-crates-ci/alire-crates-ci/test/763be058-fdf7-44bb-9e8d-45a5ec1c025b/excel_writer_17.0.1_acea6a01/obj_debug/ieee_754.o /Users/runner/work/alire-crates-ci/alire-crates-ci/test/763be058-fdf7-44bb-9e8d-45a5ec1c025b/excel_writer_17.0.1_acea6a01/obj_debug/ieee_754-generic_double_precision.o /Users/runner/work/alire-crates-ci/alire-crates-ci/test/763be058-fdf7-44bb-9e8d-45a5ec1c025b/excel_writer_17.0.1_acea6a01/obj_debug/excel_out.o -L/Users/runner/work/alire-crates-ci/alire-crates-ci/test/763be058-fdf7-44bb-9e8d-45a5ec1c025b/excel_writer_17.0.1_acea6a01/obj_debug/ -L/Users/runner/work/alire-crates-ci/alire-crates-ci/test/763be058-fdf7-44bb-9e8d-45a5ec1c025b/excel_writer_17.0.1_acea6a01/obj_debug/ -L/users/runner/.config/alire/cache/dependencies/gnat_native_10.3.2_e112fd3f/lib/gcc/x86_64-apple-darwin19.6.0/10.3.0/adalib/ /users/runner/.config/alire/cache/dependencies/gnat_native_10.3.2_e112fd3f/lib/gcc/x86_64-apple-darwin19.6.0/10.3.0/adalib/libgnat.a -Wl,-rpath,@executable_path//obj_debug -Wl,-rpath,@executable_path/../../../../../..//.config/alire/cache/dependencies/gnat_native_10.3.2_e112fd3f/lib/gcc/x86_64-apple-darwin19.6.0/10.3.0/adalib -o /Users/runner/work/alire-crates-ci/alire-crates-ci/test/763be058-fdf7-44bb-9e8d-45a5ec1c025b/excel_writer_17.0.1_acea6a01//biff_dump 
   link of spreadsheet_references_demo.adb failed
   failed command was: /users/runner/.config/alire/cache/dependencies/gnat_native_10.3.2_e112fd3f/bin/gcc spreadsheet_references_demo.o b__spreadsheet_references_demo.o /Users/runner/work/alire-crates-ci/alire-crates-ci/test/763be058-fdf7-44bb-9e8d-45a5ec1c025b/excel_writer_17.0.1_acea6a01/obj_debug/spreadsheet_references.o -L/Users/runner/work/alire-crates-ci/alire-crates-ci/test/763be058-fdf7-44bb-9e8d-45a5ec1c025b/excel_writer_17.0.1_acea6a01/obj_debug/ -L/Users/runner/work/alire-crates-ci/alire-crates-ci/test/763be058-fdf7-44bb-9e8d-45a5ec1c025b/excel_writer_17.0.1_acea6a01/obj_debug/ -L/users/runner/.config/alire/cache/dependencies/gnat_native_10.3.2_e112fd3f/lib/gcc/x86_64-apple-darwin19.6.0/10.3.0/adalib/ /users/runner/.config/alire/cache/dependencies/gnat_native_10.3.2_e112fd3f/lib/gcc/x86_64-apple-darwin19.6.0/10.3.0/adalib/libgnat.a -Wl,-rpath,@executable_path//obj_debug -Wl,-rpath,@executable_path/../../../../../..//.config/alire/cache/dependencies/gnat_native_10.3.2_e112fd3f/lib/gcc/x86_64-apple-darwin19.6.0/10.3.0/adalib -o /Users/runner/work/alire-crates-ci/alire-crates-ci/test/763be058-fdf7-44bb-9e8d-45a5ec1c025b/excel_writer_17.0.1_acea6a01//spreadsheet_references_demo 
   link of excel_out_demo.adb failed
   failed command was: /users/runner/.config/alire/cache/dependencies/gnat_native_10.3.2_e112fd3f/bin/gcc excel_out_demo.o b__excel_out_demo.o /Users/runner/work/alire-crates-ci/alire-crates-ci/test/763be058-fdf7-44bb-9e8d-45a5ec1c025b/excel_writer_17.0.1_acea6a01/obj_debug/ieee_754.o /Users/runner/work/alire-crates-ci/alire-crates-ci/test/763be058-fdf7-44bb-9e8d-45a5ec1c025b/excel_writer_17.0.1_acea6a01/obj_debug/ieee_754-generic_double_precision.o /Users/runner/work/alire-crates-ci/alire-crates-ci/test/763be058-fdf7-44bb-9e8d-45a5ec1c025b/excel_writer_17.0.1_acea6a01/obj_debug/excel_out.o -L/Users/runner/work/alire-crates-ci/alire-crates-ci/test/763be058-fdf7-44bb-9e8d-45a5ec1c025b/excel_writer_17.0.1_acea6a01/obj_debug/ -L/Users/runner/work/alire-crates-ci/alire-crates-ci/test/763be058-fdf7-44bb-9e8d-45a5ec1c025b/excel_writer_17.0.1_acea6a01/obj_debug/ -L/users/runner/.config/alire/cache/dependencies/gnat_native_10.3.2_e112fd3f/lib/gcc/x86_64-apple-darwin19.6.0/10.3.0/adalib/ /users/runner/.config/alire/cache/dependencies/gnat_native_10.3.2_e112fd3f/lib/gcc/x86_64-apple-darwin19.6.0/10.3.0/adalib/libgnat.a -Wl,-rpath,@executable_path//obj_debug -Wl,-rpath,@executable_path/../../../../../..//.config/alire/cache/dependencies/gnat_native_10.3.2_e112fd3f/lib/gcc/x86_64-apple-darwin19.6.0/10.3.0/adalib -o /Users/runner/work/alire-crates-ci/alire-crates-ci/test/763be058-fdf7-44bb-9e8d-45a5ec1c025b/excel_writer_17.0.1_acea6a01//excel_out_demo 
gprbuild: *** link phase failed
stderr: Command ["gprbuild", "-s", "-j0", "-p", "-P", "/Users/runner/work/alire-crates-ci/alire-crates-ci/test/763be058-fdf7-44bb-9e8d-45a5ec1c025b/excel_writer_17.0.1_acea6a01/excel_out_gnat.gpr"] exited with code 4
ERROR: Command ["gprbuild", "-s", "-j0", "-p", "-P", "/Users/runner/work/alire-crates-ci/alire-crates-ci/test/763be058-fdf7-44bb-9e8d-45a5ec1c025b/excel_writer_17.0.1_acea6a01/excel_out_gnat.gpr"] exited with code 4
stderr: ALIRE.CHECKED_ERROR
stderr: Command ["gprbuild", "-s", "-j0", "-p", "-P", "/Users/runner/work/alire-crates-ci/alire-crates-ci/test/763be058-fdf7-44bb-9e8d-45a5ec1c025b/excel_writer_17.0.1_acea6a01/excel_out_gnat.gpr"] exited with code 4
stderr: raised ALIRE.CHECKED_ERROR : alire-stored-error:1
Load address: 0x1043cb000
Call stack traceback locations:
0x104cd3415 0x1049a6e83 0x104bb9df9 0x104bba581 0x104b1aac3 0x104b18f99 0x104b35873 0x104b81dc1 0x104b8081a 0x104b359b8 0x104b19349 0x10442a9c1 0x10443b578 0x10444001c 0x1044c605c 0x1044d13b8 0x1043cc605 0x1043cf914


Warning: excel_writer=17.0.1 successfully retrieved but its build failed.
There are no dependencies.
ERROR: Build ended with errors
