Test ran at 2024-10-14 12:31:36.532727+00:00

SOLUTION:
mandelbrot_ascii=1.0.0: Mandelbrot renderer using Unicode glyphs
Origin: source archive v1.0.tar.gz at https://github.com/mosteo/mandelbrot_ascii/archive/v1.0.tar.gz with hash sha512:974d55bd22891e95195e725846538b7a78272e7f3d60196aa495939014a3a64b63230abe854f6a7e1f549ea2855849b15bd245a9888b8a6a587b77084782bb11
Properties:
   Author: David Given
   Description: Mandelbrot renderer using Unicode glyphs
   Maintainer: Alejandro R. Mosteo <alejandro@mosteo.com>
   Maintainers_Logins: mosteo
   Name: mandelbrot_ascii
   Version: 1.0.0


LOG:
Note: Deploying mandelbrot_ascii=1.0.0...
#=#=#                                                                          
##O#-#                                                                         
Note: Building mandelbrot_ascii/mandelbrot_ascii.gpr...
Setup
   [mkdir]        object directory for project Mandelbrot_Ascii
   [mkdir]        exec directory for project Mandelbrot_Ascii
Compile
   [Ada]          mandelbrot_ascii.adb
mandelbrot_ascii.adb:3:18: warning: no entities of "Ada.Numerics.Elementary_Functions" are referenced
mandelbrot_ascii.adb:4:01: warning: use clause for package "Elementary_Functions" has no effect
mandelbrot_ascii.adb:5:09: warning: unit "Ada.Finalization" is not referenced
mandelbrot_ascii.adb:6:09: warning: unit "Ada.Calendar" is not referenced
mandelbrot_ascii.adb:7:09: warning: unit "Ada.Unchecked_Deallocation" is not referenced
mandelbrot_ascii.adb:9:17: warning: unit "Ada.Text_IO.Complex_IO" is not referenced
mandelbrot_ascii.adb:12:09: warning: no entities of "Ada.Streams" are referenced
mandelbrot_ascii.adb:13:01: warning: use clause for package "Streams" has no effect
mandelbrot_ascii.adb:51:05: warning: "width" is not modified, could be declared constant
mandelbrot_ascii.adb:52:05: warning: "height" is not modified, could be declared constant
mandelbrot_ascii.adb:53:05: warning: "xdelta" is not modified, could be declared constant
mandelbrot_ascii.adb:54:05: warning: "ydelta" is not modified, could be declared constant
mandelbrot_ascii.adb:96:05: warning: variable "scanlines" is not referenced
Bind
   [gprbind]      mandelbrot_ascii.bexch
   [Ada]          mandelbrot_ascii.ali
Link
   [link]         mandelbrot_ascii.adb
/home/runner/.config/alire/cache/dependencies/gnat_native_11.2.4_2f37a10b/bin/../lib/gcc/x86_64-pc-linux-gnu/11.2.0/../../../../x86_64-pc-linux-gnu/bin/ld: /lib/x86_64-linux-gnu/libm.so.6: unknown type [0x13] section `.relr.dyn'
/home/runner/.config/alire/cache/dependencies/gnat_native_11.2.4_2f37a10b/bin/../lib/gcc/x86_64-pc-linux-gnu/11.2.0/../../../../x86_64-pc-linux-gnu/bin/ld: skipping incompatible /lib/x86_64-linux-gnu/libm.so.6 when searching for /lib/x86_64-linux-gnu/libm.so.6
/home/runner/.config/alire/cache/dependencies/gnat_native_11.2.4_2f37a10b/bin/../lib/gcc/x86_64-pc-linux-gnu/11.2.0/../../../../x86_64-pc-linux-gnu/bin/ld: cannot find /lib/x86_64-linux-gnu/libm.so.6
/home/runner/.config/alire/cache/dependencies/gnat_native_11.2.4_2f37a10b/bin/../lib/gcc/x86_64-pc-linux-gnu/11.2.0/../../../../x86_64-pc-linux-gnu/bin/ld: /lib/x86_64-linux-gnu/libm.so.6: unknown type [0x13] section `.relr.dyn'
/home/runner/.config/alire/cache/dependencies/gnat_native_11.2.4_2f37a10b/bin/../lib/gcc/x86_64-pc-linux-gnu/11.2.0/../../../../x86_64-pc-linux-gnu/bin/ld: skipping incompatible /lib/x86_64-linux-gnu/libm.so.6 when searching for /lib/x86_64-linux-gnu/libm.so.6
/home/runner/.config/alire/cache/dependencies/gnat_native_11.2.4_2f37a10b/bin/../lib/gcc/x86_64-pc-linux-gnu/11.2.0/../../../../x86_64-pc-linux-gnu/bin/ld: /lib/x86_64-linux-gnu/libmvec.so.1: unknown type [0x13] section `.relr.dyn'
/home/runner/.config/alire/cache/dependencies/gnat_native_11.2.4_2f37a10b/bin/../lib/gcc/x86_64-pc-linux-gnu/11.2.0/../../../../x86_64-pc-linux-gnu/bin/ld: skipping incompatible /lib/x86_64-linux-gnu/libmvec.so.1 when searching for /lib/x86_64-linux-gnu/libmvec.so.1
/home/runner/.config/alire/cache/dependencies/gnat_native_11.2.4_2f37a10b/bin/../lib/gcc/x86_64-pc-linux-gnu/11.2.0/../../../../x86_64-pc-linux-gnu/bin/ld: cannot find /lib/x86_64-linux-gnu/libmvec.so.1
/home/runner/.config/alire/cache/dependencies/gnat_native_11.2.4_2f37a10b/bin/../lib/gcc/x86_64-pc-linux-gnu/11.2.0/../../../../x86_64-pc-linux-gnu/bin/ld: /lib/x86_64-linux-gnu/libmvec.so.1: unknown type [0x13] section `.relr.dyn'
/home/runner/.config/alire/cache/dependencies/gnat_native_11.2.4_2f37a10b/bin/../lib/gcc/x86_64-pc-linux-gnu/11.2.0/../../../../x86_64-pc-linux-gnu/bin/ld: skipping incompatible /lib/x86_64-linux-gnu/libmvec.so.1 when searching for /lib/x86_64-linux-gnu/libmvec.so.1
collect2: error: ld returned 1 exit status
gprbuild: link of mandelbrot_ascii.adb failed
gprbuild: failed command was: /home/runner/.config/alire/cache/dependencies/gnat_native_11.2.4_2f37a10b/bin/gcc mandelbrot_ascii.o b__mandelbrot_ascii.o -g -L/home/runner/work/alire-crates-ci/alire-crates-ci/test/a2c417a5-afe9-4887-9312-6cdc1fc15200/mandelbrot_ascii_1.0.0_974d55bd/obj/ -L/home/runner/work/alire-crates-ci/alire-crates-ci/test/a2c417a5-afe9-4887-9312-6cdc1fc15200/mandelbrot_ascii_1.0.0_974d55bd/obj/ -L/home/runner/.config/alire/cache/dependencies/gnat_native_11.2.4_2f37a10b/lib/gcc/x86_64-pc-linux-gnu/11.2.0/adalib/ -static-libgcc /home/runner/.config/alire/cache/dependencies/gnat_native_11.2.4_2f37a10b/lib/gcc/x86_64-pc-linux-gnu/11.2.0/adalib/libgnarl.a /home/runner/.config/alire/cache/dependencies/gnat_native_11.2.4_2f37a10b/lib/gcc/x86_64-pc-linux-gnu/11.2.0/adalib/libgnat.a -lrt -lpthread -lm -ldl -Wl,-rpath-link,/home/runner/.config/alire/cache/dependencies/gnat_native_11.2.4_2f37a10b/lib/gcc/x86_64-pc-linux-gnu/11.2.0//adalib -Wl,-z,origin,-rpath,$ORIGIN/..//obj:$ORIGIN/../../../../../../..//.config/alire/cache/dependencies/gnat_native_11.2.4_2f37a10b/lib/gcc/x86_64-pc-linux-gnu/11.2.0/adalib -o /home/runner/work/alire-crates-ci/alire-crates-ci/test/a2c417a5-afe9-4887-9312-6cdc1fc15200/mandelbrot_ascii_1.0.0_974d55bd/bin//mandelbrot_ascii
stderr: Command ["gprbuild", "-s", "-j0", "-p", "-P", "/home/runner/work/alire-crates-ci/alire-crates-ci/test/a2c417a5-afe9-4887-9312-6cdc1fc15200/mandelbrot_ascii_1.0.0_974d55bd/mandelbrot_ascii.gpr"] exited with code 4
ERROR: Command ["gprbuild", "-s", "-j0", "-p", "-P", "/home/runner/work/alire-crates-ci/alire-crates-ci/test/a2c417a5-afe9-4887-9312-6cdc1fc15200/mandelbrot_ascii_1.0.0_974d55bd/mandelbrot_ascii.gpr"] exited with code 4
stderr: ALIRE.CHECKED_ERROR
stderr: Command ["gprbuild", "-s", "-j0", "-p", "-P", "/home/runner/work/alire-crates-ci/alire-crates-ci/test/a2c417a5-afe9-4887-9312-6cdc1fc15200/mandelbrot_ascii_1.0.0_974d55bd/mandelbrot_ascii.gpr"] exited with code 4
stderr: raised ALIRE.CHECKED_ERROR : alire-stored-error:1
[/home/runner/work/alire-crates-ci/alire-crates-ci/alire_install/bin/alr]
0xd7ada2 Alire.Raise_Checked_Error at alire.adb:251
0xa423cf Alire.Os_Lib.Subprocess.Checked_Spawn at alire-os_lib-subprocess.adb:110
0xc5cdee Alire.Spawn.Command at alire-spawn.adb:21
0xc5d51c Alire.Spawn.Gprbuild at alire-spawn.adb:41
0xbc1550 Alire.Roots.Build.Build_Single_Release.Call_Gprbuild at alire-roots.adb:140
0xbbfbaf Alire.Roots.Build.Build_Single_Release at alire-roots.adb:171
0xbdb95e Alire.Roots.Traverse.Traverse_Wrap at alire-roots.adb:1364
0xc25a8b Alire.Solutions.Traverse.Visit at alire-solutions.adb:1443
0xc246a2 Alire.Solutions.Traverse at alire-solutions.adb:1518
0xbdbaac Alire.Roots.Traverse at alire-roots.adb:1368
0xbbff40 Alire.Roots.Build at alire-roots.adb:196
0x4a0334 Alr.Commands.Build.Execute at alr-commands-build.adb:58
0x4b065a Alr.Commands.Get.Retrieve at alr-commands-get.adb:187
0x4b4e77 Alr.Commands.Get.Execute at alr-commands-get.adb:348
0x53bb7e Alr.Commands.Sub_Cmd.Execute at clic-subcommand-instance.adb:742
0x54756f Alr.Commands.Execute at alr-commands.adb:492
0x43cb1a Alr.Main at alr-main.adb:10
0x43f3e7 Main at b__alr-main.adb:2132
[/lib/x86_64-linux-gnu/libc.so.6]
0x7f89eba2a1c8
0x7f89eba2a289
[/home/runner/work/alire-crates-ci/alire-crates-ci/alire_install/bin/alr]
0x43c9f8 _start at ???
0xfffffffffffffffe


Warning: mandelbrot_ascii=1.0.0 successfully retrieved but its build failed.
There are no dependencies.
ERROR: Build ended with errors
