Test ran at 2022-06-01 01:22:35.995306+00:00

SOLUTION:
clic=0.2.0: Command Line Interface Components
Origin: commit 5a1f32326013784113a336a1aded509270dacc76 from https://github.com/alire-project/clic.git
Properties:
   Author: Alejandro R. Mosteo
   Author: Fabien Chouteau
   Configuration: no modifiers
   Description: Command Line Interface Components
   License: MIT AND GPL-3.0-or-later WITH GCC-exception-3.1
   Long_Description: Command Line Interface Components:
 - "git like" subcommand handling
 - TTY color and formatting
 - User input queries
 - User configuration

   Maintainer: alejandro@mosteo.com
   Maintainer: Fabien Chouteau <fabien.chouteau@gmail.com>
   Maintainers_Logins: mosteo
   Maintainers_Logins: Fabien-Chouteau
   Name: clic
   Tag: cli
   Tag: command-line
   Tag: user-input
   Tag: tty
   Version: 0.2.0
   Website: https://github.com/alire-project/clic
Dependencies (direct):
   aaa~0.2.4
   ada_toml~0.2.0
   ansiada~0.1.0
   simple_logging^1.2.0
Dependencies (solution):
   aaa=0.2.5
   ada_toml=0.2.0
   ansiada=0.1.0
   simple_logging=1.2.0
Dependencies (graph):
   clic=0.2.0 --> aaa=0.2.5 (~0.2.4)           
   clic=0.2.0 --> ada_toml=0.2.0 (~0.2.0)      
   clic=0.2.0 --> ansiada=0.1.0 (~0.1.0)       
   clic=0.2.0 --> simple_logging=1.2.0 (^1.2.0)


LOG:
Note: Deploying release clic=0.2.0...
Cloning into '/home/runner/work/alire-crates-ci/alire-crates-ci/test/7fa9997c-3e96-4a2d-9686-0dff568e8d1a/alr-lczv.tmp'...
remote: Enumerating objects: 274, done.        
remote: Counting objects:   1% (1/93)        
remote: Counting objects:   2% (2/93)        
remote: Counting objects:   3% (3/93)        
remote: Counting objects:   4% (4/93)        
remote: Counting objects:   5% (5/93)        
remote: Counting objects:   6% (6/93)        
remote: Counting objects:   7% (7/93)        
remote: Counting objects:   8% (8/93)        
remote: Counting objects:   9% (9/93)        
remote: Counting objects:  10% (10/93)        
remote: Counting objects:  11% (11/93)        
remote: Counting objects:  12% (12/93)        
remote: Counting objects:  13% (13/93)        
remote: Counting objects:  15% (14/93)        
remote: Counting objects:  16% (15/93)        
remote: Counting objects:  17% (16/93)        
remote: Counting objects:  18% (17/93)        
remote: Counting objects:  19% (18/93)        
remote: Counting objects:  20% (19/93)        
remote: Counting objects:  21% (20/93)        
remote: Counting objects:  22% (21/93)        
remote: Counting objects:  23% (22/93)        
remote: Counting objects:  24% (23/93)        
remote: Counting objects:  25% (24/93)        
remote: Counting objects:  26% (25/93)        
remote: Counting objects:  27% (26/93)        
remote: Counting objects:  29% (27/93)        
remote: Counting objects:  30% (28/93)        
remote: Counting objects:  31% (29/93)        
remote: Counting objects:  32% (30/93)        
remote: Counting objects:  33% (31/93)        
remote: Counting objects:  34% (32/93)        
remote: Counting objects:  35% (33/93)        
remote: Counting objects:  36% (34/93)        
remote: Counting objects:  37% (35/93)        
remote: Counting objects:  38% (36/93)        
remote: Counting objects:  39% (37/93)        
remote: Counting objects:  40% (38/93)        
remote: Counting objects:  41% (39/93)        
remote: Counting objects:  43% (40/93)        
remote: Counting objects:  44% (41/93)        
remote: Counting objects:  45% (42/93)        
remote: Counting objects:  46% (43/93)        
remote: Counting objects:  47% (44/93)        
remote: Counting objects:  48% (45/93)        
remote: Counting objects:  49% (46/93)        
remote: Counting objects:  50% (47/93)        
remote: Counting objects:  51% (48/93)        
remote: Counting objects:  52% (49/93)        
remote: Counting objects:  53% (50/93)        
remote: Counting objects:  54% (51/93)        
remote: Counting objects:  55% (52/93)        
remote: Counting objects:  56% (53/93)        
remote: Counting objects:  58% (54/93)        
remote: Counting objects:  59% (55/93)        
remote: Counting objects:  60% (56/93)        
remote: Counting objects:  61% (57/93)        
remote: Counting objects:  62% (58/93)        
remote: Counting objects:  63% (59/93)        
remote: Counting objects:  64% (60/93)        
remote: Counting objects:  65% (61/93)        
remote: Counting objects:  66% (62/93)        
remote: Counting objects:  67% (63/93)        
remote: Counting objects:  68% (64/93)        
remote: Counting objects:  69% (65/93)        
remote: Counting objects:  70% (66/93)        
remote: Counting objects:  72% (67/93)        
remote: Counting objects:  73% (68/93)        
remote: Counting objects:  74% (69/93)        
remote: Counting objects:  75% (70/93)        
remote: Counting objects:  76% (71/93)        
remote: Counting objects:  77% (72/93)        
remote: Counting objects:  78% (73/93)        
remote: Counting objects:  79% (74/93)        
remote: Counting objects:  80% (75/93)        
remote: Counting objects:  81% (76/93)        
remote: Counting objects:  82% (77/93)        
remote: Counting objects:  83% (78/93)        
remote: Counting objects:  84% (79/93)        
remote: Counting objects:  86% (80/93)        
remote: Counting objects:  87% (81/93)        
remote: Counting objects:  88% (82/93)        
remote: Counting objects:  89% (83/93)        
remote: Counting objects:  90% (84/93)        
remote: Counting objects:  91% (85/93)        
remote: Counting objects:  92% (86/93)        
remote: Counting objects:  93% (87/93)        
remote: Counting objects:  94% (88/93)        
remote: Counting objects:  95% (89/93)        
remote: Counting objects:  96% (90/93)        
remote: Counting objects:  97% (91/93)        
remote: Counting objects:  98% (92/93)        
remote: Counting objects: 100% (93/93)        
remote: Counting objects: 100% (93/93), done.        
remote: Compressing objects:   2% (1/41)        
remote: Compressing objects:   4% (2/41)        
remote: Compressing objects:   7% (3/41)        
remote: Compressing objects:   9% (4/41)        
remote: Compressing objects:  12% (5/41)        
remote: Compressing objects:  14% (6/41)        
remote: Compressing objects:  17% (7/41)        
remote: Compressing objects:  19% (8/41)        
remote: Compressing objects:  21% (9/41)        
remote: Compressing objects:  24% (10/41)        
remote: Compressing objects:  26% (11/41)        
remote: Compressing objects:  29% (12/41)        
remote: Compressing objects:  31% (13/41)        
remote: Compressing objects:  34% (14/41)        
remote: Compressing objects:  36% (15/41)        
remote: Compressing objects:  39% (16/41)        
remote: Compressing objects:  41% (17/41)        
remote: Compressing objects:  43% (18/41)        
remote: Compressing objects:  46% (19/41)        
remote: Compressing objects:  48% (20/41)        
remote: Compressing objects:  51% (21/41)        
remote: Compressing objects:  53% (22/41)        
remote: Compressing objects:  56% (23/41)        
remote: Compressing objects:  58% (24/41)        
remote: Compressing objects:  60% (25/41)        
remote: Compressing objects:  63% (26/41)        
remote: Compressing objects:  65% (27/41)        
remote: Compressing objects:  68% (28/41)        
remote: Compressing objects:  70% (29/41)        
remote: Compressing objects:  73% (30/41)        
remote: Compressing objects:  75% (31/41)        
remote: Compressing objects:  78% (32/41)        
remote: Compressing objects:  80% (33/41)        
remote: Compressing objects:  82% (34/41)        
remote: Compressing objects:  85% (35/41)        
remote: Compressing objects:  87% (36/41)        
remote: Compressing objects:  90% (37/41)        
remote: Compressing objects:  92% (38/41)        
remote: Compressing objects:  95% (39/41)        
remote: Compressing objects:  97% (40/41)        
remote: Compressing objects: 100% (41/41)        
remote: Compressing objects: 100% (41/41), done.        
Receiving objects:   0% (1/274)
Receiving objects:   1% (3/274)
Receiving objects:   2% (6/274)
Receiving objects:   3% (9/274)
Receiving objects:   4% (11/274)
Receiving objects:   5% (14/274)
Receiving objects:   6% (17/274)
Receiving objects:   7% (20/274)
Receiving objects:   8% (22/274)
Receiving objects:   9% (25/274)
Receiving objects:  10% (28/274)
Receiving objects:  11% (31/274)
Receiving objects:  12% (33/274)
Receiving objects:  13% (36/274)
Receiving objects:  14% (39/274)
Receiving objects:  15% (42/274)
Receiving objects:  16% (44/274)
Receiving objects:  17% (47/274)
Receiving objects:  18% (50/274)
Receiving objects:  19% (53/274)
Receiving objects:  20% (55/274)
Receiving objects:  21% (58/274)
Receiving objects:  22% (61/274)
Receiving objects:  23% (64/274)
Receiving objects:  24% (66/274)
Receiving objects:  25% (69/274)
Receiving objects:  26% (72/274)
Receiving objects:  27% (74/274)
Receiving objects:  28% (77/274)
Receiving objects:  29% (80/274)
Receiving objects:  30% (83/274)
Receiving objects:  31% (85/274)
Receiving objects:  32% (88/274)
Receiving objects:  33% (91/274)
Receiving objects:  34% (94/274)
Receiving objects:  35% (96/274)
Receiving objects:  36% (99/274)
Receiving objects:  37% (102/274)
Receiving objects:  38% (105/274)
Receiving objects:  39% (107/274)
Receiving objects:  40% (110/274)
Receiving objects:  41% (113/274)
Receiving objects:  42% (116/274)
Receiving objects:  43% (118/274)
Receiving objects:  44% (121/274)
Receiving objects:  45% (124/274)
Receiving objects:  46% (127/274)
Receiving objects:  47% (129/274)
Receiving objects:  48% (132/274)
Receiving objects:  49% (135/274)
Receiving objects:  50% (137/274)
Receiving objects:  51% (140/274)
Receiving objects:  52% (143/274)
Receiving objects:  53% (146/274)
Receiving objects:  54% (148/274)
Receiving objects:  55% (151/274)
Receiving objects:  56% (154/274)
Receiving objects:  57% (157/274)
Receiving objects:  58% (159/274)
Receiving objects:  59% (162/274)
Receiving objects:  60% (165/274)
Receiving objects:  61% (168/274)
Receiving objects:  62% (170/274)
Receiving objects:  63% (173/274)
Receiving objects:  64% (176/274)
Receiving objects:  65% (179/274)
Receiving objects:  66% (181/274)
Receiving objects:  67% (184/274)
Receiving objects:  68% (187/274)
Receiving objects:  69% (190/274)
remote: Total 274 (delta 69), reused 52 (delta 52), pack-reused 181        
Receiving objects:  70% (192/274)
Receiving objects:  71% (195/274)
Receiving objects:  72% (198/274)
Receiving objects:  73% (201/274)
Receiving objects:  74% (203/274)
Receiving objects:  75% (206/274)
Receiving objects:  76% (209/274)
Receiving objects:  77% (211/274)
Receiving objects:  78% (214/274)
Receiving objects:  79% (217/274)
Receiving objects:  80% (220/274)
Receiving objects:  81% (222/274)
Receiving objects:  82% (225/274)
Receiving objects:  83% (228/274)
Receiving objects:  84% (231/274)
Receiving objects:  85% (233/274)
Receiving objects:  86% (236/274)
Receiving objects:  87% (239/274)
Receiving objects:  88% (242/274)
Receiving objects:  89% (244/274)
Receiving objects:  90% (247/274)
Receiving objects:  91% (250/274)
Receiving objects:  92% (253/274)
Receiving objects:  93% (255/274)
Receiving objects:  94% (258/274)
Receiving objects:  95% (261/274)
Receiving objects:  96% (264/274)
Receiving objects:  97% (266/274)
Receiving objects:  98% (269/274)
Receiving objects:  99% (272/274)
Receiving objects: 100% (274/274)
Receiving objects: 100% (274/274), 98.79 KiB | 1.47 MiB/s, done.
Resolving deltas:   0% (0/184)
Resolving deltas:   1% (2/184)
Resolving deltas:   2% (4/184)
Resolving deltas:   3% (6/184)
Resolving deltas:   4% (8/184)
Resolving deltas:   5% (10/184)
Resolving deltas:   6% (12/184)
Resolving deltas:   7% (13/184)
Resolving deltas:   8% (15/184)
Resolving deltas:   9% (17/184)
Resolving deltas:  10% (19/184)
Resolving deltas:  11% (21/184)
Resolving deltas:  12% (23/184)
Resolving deltas:  13% (24/184)
Resolving deltas:  14% (26/184)
Resolving deltas:  15% (28/184)
Resolving deltas:  16% (30/184)
Resolving deltas:  17% (32/184)
Resolving deltas:  18% (34/184)
Resolving deltas:  19% (35/184)
Resolving deltas:  20% (37/184)
Resolving deltas:  21% (39/184)
Resolving deltas:  22% (41/184)
Resolving deltas:  23% (43/184)
Resolving deltas:  24% (45/184)
Resolving deltas:  25% (46/184)
Resolving deltas:  26% (48/184)
Resolving deltas:  27% (50/184)
Resolving deltas:  28% (52/184)
Resolving deltas:  29% (54/184)
Resolving deltas:  30% (56/184)
Resolving deltas:  31% (58/184)
Resolving deltas:  32% (59/184)
Resolving deltas:  33% (61/184)
Resolving deltas:  34% (63/184)
Resolving deltas:  35% (65/184)
Resolving deltas:  36% (67/184)
Resolving deltas:  37% (69/184)
Resolving deltas:  38% (70/184)
Resolving deltas:  39% (72/184)
Resolving deltas:  40% (74/184)
Resolving deltas:  41% (76/184)
Resolving deltas:  42% (78/184)
Resolving deltas:  43% (80/184)
Resolving deltas:  44% (81/184)
Resolving deltas:  45% (83/184)
Resolving deltas:  46% (85/184)
Resolving deltas:  47% (87/184)
Resolving deltas:  48% (89/184)
Resolving deltas:  49% (91/184)
Resolving deltas:  50% (92/184)
Resolving deltas:  51% (94/184)
Resolving deltas:  52% (96/184)
Resolving deltas:  53% (98/184)
Resolving deltas:  54% (100/184)
Resolving deltas:  55% (102/184)
Resolving deltas:  56% (104/184)
Resolving deltas:  57% (105/184)
Resolving deltas:  58% (107/184)
Resolving deltas:  59% (109/184)
Resolving deltas:  60% (111/184)
Resolving deltas:  61% (113/184)
Resolving deltas:  62% (115/184)
Resolving deltas:  63% (116/184)
Resolving deltas:  64% (118/184)
Resolving deltas:  65% (120/184)
Resolving deltas:  66% (122/184)
Resolving deltas:  67% (124/184)
Resolving deltas:  68% (126/184)
Resolving deltas:  69% (127/184)
Resolving deltas:  70% (129/184)
Resolving deltas:  71% (131/184)
Resolving deltas:  72% (133/184)
Resolving deltas:  73% (135/184)
Resolving deltas:  74% (137/184)
Resolving deltas:  75% (138/184)
Resolving deltas:  76% (140/184)
Resolving deltas:  77% (142/184)
Resolving deltas:  78% (144/184)
Resolving deltas:  79% (146/184)
Resolving deltas:  80% (148/184)
Resolving deltas:  81% (150/184)
Resolving deltas:  82% (151/184)
Resolving deltas:  83% (153/184)
Resolving deltas:  84% (155/184)
Resolving deltas:  85% (157/184)
Resolving deltas:  86% (159/184)
Resolving deltas:  87% (161/184)
Resolving deltas:  88% (162/184)
Resolving deltas:  89% (164/184)
Resolving deltas:  90% (166/184)
Resolving deltas:  91% (168/184)
Resolving deltas:  92% (170/184)
Resolving deltas:  93% (172/184)
Resolving deltas:  94% (173/184)
Resolving deltas:  95% (175/184)
Resolving deltas:  96% (177/184)
Resolving deltas:  97% (179/184)
Resolving deltas:  98% (181/184)
Resolving deltas:  99% (183/184)
Resolving deltas: 100% (184/184)
Resolving deltas: 100% (184/184), done.
Note: Deploying release aaa=0.2.5...
Cloning into '/home/runner/work/alire-crates-ci/alire-crates-ci/test/7fa9997c-3e96-4a2d-9686-0dff568e8d1a/clic_0.2.0_5a1f3232/alire/cache/dependencies/alr-nszd.tmp'...
remote: Enumerating objects: 366, done.        
remote: Counting objects:   2% (1/46)        
remote: Counting objects:   4% (2/46)        
remote: Counting objects:   6% (3/46)        
remote: Counting objects:   8% (4/46)        
remote: Counting objects:  10% (5/46)        
remote: Counting objects:  13% (6/46)        
remote: Counting objects:  15% (7/46)        
remote: Counting objects:  17% (8/46)        
remote: Counting objects:  19% (9/46)        
remote: Counting objects:  21% (10/46)        
remote: Counting objects:  23% (11/46)        
remote: Counting objects:  26% (12/46)        
remote: Counting objects:  28% (13/46)        
remote: Counting objects:  30% (14/46)        
remote: Counting objects:  32% (15/46)        
remote: Counting objects:  34% (16/46)        
remote: Counting objects:  36% (17/46)        
remote: Counting objects:  39% (18/46)        
remote: Counting objects:  41% (19/46)        
remote: Counting objects:  43% (20/46)        
remote: Counting objects:  45% (21/46)        
remote: Counting objects:  47% (22/46)        
remote: Counting objects:  50% (23/46)        
remote: Counting objects:  52% (24/46)        
remote: Counting objects:  54% (25/46)        
remote: Counting objects:  56% (26/46)        
remote: Counting objects:  58% (27/46)        
remote: Counting objects:  60% (28/46)        
remote: Counting objects:  63% (29/46)        
remote: Counting objects:  65% (30/46)        
remote: Counting objects:  67% (31/46)        
remote: Counting objects:  69% (32/46)        
remote: Counting objects:  71% (33/46)        
remote: Counting objects:  73% (34/46)        
remote: Counting objects:  76% (35/46)        
remote: Counting objects:  78% (36/46)        
remote: Counting objects:  80% (37/46)        
remote: Counting objects:  82% (38/46)        
remote: Counting objects:  84% (39/46)        
remote: Counting objects:  86% (40/46)        
remote: Counting objects:  89% (41/46)        
remote: Counting objects:  91% (42/46)        
remote: Counting objects:  93% (43/46)        
remote: Counting objects:  95% (44/46)        
remote: Counting objects:  97% (45/46)        
remote: Counting objects: 100% (46/46)        
remote: Counting objects: 100% (46/46), done.        
remote: Compressing objects:  10% (1/10)        
remote: Compressing objects:  20% (2/10)        
remote: Compressing objects:  30% (3/10)        
remote: Compressing objects:  40% (4/10)        
remote: Compressing objects:  50% (5/10)        
remote: Compressing objects:  60% (6/10)        
remote: Compressing objects:  70% (7/10)        
remote: Compressing objects:  80% (8/10)        
remote: Compressing objects:  90% (9/10)        
remote: Compressing objects: 100% (10/10)        
remote: Compressing objects: 100% (10/10), done.        
Receiving objects:   0% (1/366)
Receiving objects:   1% (4/366)
Receiving objects:   2% (8/366)
Receiving objects:   3% (11/366)
Receiving objects:   4% (15/366)
Receiving objects:   5% (19/366)
Receiving objects:   6% (22/366)
Receiving objects:   7% (26/366)
Receiving objects:   8% (30/366)
Receiving objects:   9% (33/366)
Receiving objects:  10% (37/366)
Receiving objects:  11% (41/366)
Receiving objects:  12% (44/366)
Receiving objects:  13% (48/366)
Receiving objects:  14% (52/366)
Receiving objects:  15% (55/366)
Receiving objects:  16% (59/366)
Receiving objects:  17% (63/366)
Receiving objects:  18% (66/366)
Receiving objects:  19% (70/366)
Receiving objects:  20% (74/366)
Receiving objects:  21% (77/366)
Receiving objects:  22% (81/366)
Receiving objects:  23% (85/366)
Receiving objects:  24% (88/366)
Receiving objects:  25% (92/366)
Receiving objects:  26% (96/366)
Receiving objects:  27% (99/366)
Receiving objects:  28% (103/366)
Receiving objects:  29% (107/366)
Receiving objects:  30% (110/366)
Receiving objects:  31% (114/366)
Receiving objects:  32% (118/366)
Receiving objects:  33% (121/366)
Receiving objects:  34% (125/366)
Receiving objects:  35% (129/366)
Receiving objects:  36% (132/366)
Receiving objects:  37% (136/366)
Receiving objects:  38% (140/366)
Receiving objects:  39% (143/366)
Receiving objects:  40% (147/366)
Receiving objects:  41% (151/366)
Receiving objects:  42% (154/366)
Receiving objects:  43% (158/366)
Receiving objects:  44% (162/366)
Receiving objects:  45% (165/366)
Receiving objects:  46% (169/366)
Receiving objects:  47% (173/366)
Receiving objects:  48% (176/366)
Receiving objects:  49% (180/366)
Receiving objects:  50% (183/366)
Receiving objects:  51% (187/366)
Receiving objects:  52% (191/366)
Receiving objects:  53% (194/366)
Receiving objects:  54% (198/366)
Receiving objects:  55% (202/366)
Receiving objects:  56% (205/366)
Receiving objects:  57% (209/366)
Receiving objects:  58% (213/366)
Receiving objects:  59% (216/366)
Receiving objects:  60% (220/366)
Receiving objects:  61% (224/366)
Receiving objects:  62% (227/366)
Receiving objects:  63% (231/366)
Receiving objects:  64% (235/366)
Receiving objects:  65% (238/366)
Receiving objects:  66% (242/366)
remote: Total 366 (delta 39), reused 38 (delta 36), pack-reused 320        
Receiving objects:  67% (246/366)
Receiving objects:  68% (249/366)
Receiving objects:  69% (253/366)
Receiving objects:  70% (257/366)
Receiving objects:  71% (260/366)
Receiving objects:  72% (264/366)
Receiving objects:  73% (268/366)
Receiving objects:  74% (271/366)
Receiving objects:  75% (275/366)
Receiving objects:  76% (279/366)
Receiving objects:  77% (282/366)
Receiving objects:  78% (286/366)
Receiving objects:  79% (290/366)
Receiving objects:  80% (293/366)
Receiving objects:  81% (297/366)
Receiving objects:  82% (301/366)
Receiving objects:  83% (304/366)
Receiving objects:  84% (308/366)
Receiving objects:  85% (312/366)
Receiving objects:  86% (315/366)
Receiving objects:  87% (319/366)
Receiving objects:  88% (323/366)
Receiving objects:  89% (326/366)
Receiving objects:  90% (330/366)
Receiving objects:  91% (334/366)
Receiving objects:  92% (337/366)
Receiving objects:  93% (341/366)
Receiving objects:  94% (345/366)
Receiving objects:  95% (348/366)
Receiving objects:  96% (352/366)
Receiving objects:  97% (356/366)
Receiving objects:  98% (359/366)
Receiving objects:  99% (363/366)
Receiving objects: 100% (366/366)
Receiving objects: 100% (366/366), 67.96 KiB | 903.00 KiB/s, done.
Resolving deltas:   0% (0/212)
Resolving deltas:   1% (3/212)
Resolving deltas:   2% (5/212)
Resolving deltas:   3% (7/212)
Resolving deltas:   4% (9/212)
Resolving deltas:   5% (11/212)
Resolving deltas:   6% (13/212)
Resolving deltas:   7% (15/212)
Resolving deltas:   8% (17/212)
Resolving deltas:   9% (20/212)
Resolving deltas:  10% (22/212)
Resolving deltas:  11% (24/212)
Resolving deltas:  12% (26/212)
Resolving deltas:  13% (28/212)
Resolving deltas:  14% (30/212)
Resolving deltas:  15% (32/212)
Resolving deltas:  16% (34/212)
Resolving deltas:  17% (37/212)
Resolving deltas:  18% (39/212)
Resolving deltas:  19% (41/212)
Resolving deltas:  20% (43/212)
Resolving deltas:  21% (45/212)
Resolving deltas:  22% (47/212)
Resolving deltas:  23% (49/212)
Resolving deltas:  24% (51/212)
Resolving deltas:  25% (53/212)
Resolving deltas:  26% (56/212)
Resolving deltas:  27% (58/212)
Resolving deltas:  28% (60/212)
Resolving deltas:  29% (62/212)
Resolving deltas:  30% (64/212)
Resolving deltas:  31% (66/212)
Resolving deltas:  32% (68/212)
Resolving deltas:  33% (70/212)
Resolving deltas:  34% (73/212)
Resolving deltas:  35% (75/212)
Resolving deltas:  36% (77/212)
Resolving deltas:  37% (79/212)
Resolving deltas:  38% (81/212)
Resolving deltas:  39% (83/212)
Resolving deltas:  40% (85/212)
Resolving deltas:  41% (87/212)
Resolving deltas:  42% (90/212)
Resolving deltas:  43% (92/212)
Resolving deltas:  44% (95/212)
Resolving deltas:  45% (96/212)
Resolving deltas:  46% (98/212)
Resolving deltas:  47% (100/212)
Resolving deltas:  48% (102/212)
Resolving deltas:  49% (104/212)
Resolving deltas:  50% (106/212)
Resolving deltas:  51% (109/212)
Resolving deltas:  52% (111/212)
Resolving deltas:  53% (113/212)
Resolving deltas:  54% (115/212)
Resolving deltas:  55% (117/212)
Resolving deltas:  56% (119/212)
Resolving deltas:  57% (121/212)
Resolving deltas:  58% (123/212)
Resolving deltas:  59% (126/212)
Resolving deltas:  60% (128/212)
Resolving deltas:  61% (130/212)
Resolving deltas:  62% (132/212)
Resolving deltas:  63% (134/212)
Resolving deltas:  64% (136/212)
Resolving deltas:  65% (138/212)
Resolving deltas:  66% (140/212)
Resolving deltas:  67% (143/212)
Resolving deltas:  68% (145/212)
Resolving deltas:  69% (147/212)
Resolving deltas:  70% (149/212)
Resolving deltas:  71% (151/212)
Resolving deltas:  72% (153/212)
Resolving deltas:  73% (155/212)
Resolving deltas:  74% (157/212)
Resolving deltas:  75% (159/212)
Resolving deltas:  76% (162/212)
Resolving deltas:  77% (164/212)
Resolving deltas:  78% (166/212)
Resolving deltas:  79% (168/212)
Resolving deltas:  80% (170/212)
Resolving deltas:  81% (172/212)
Resolving deltas:  82% (174/212)
Resolving deltas:  83% (176/212)
Resolving deltas:  84% (179/212)
Resolving deltas:  85% (181/212)
Resolving deltas:  86% (183/212)
Resolving deltas:  87% (185/212)
Resolving deltas:  88% (187/212)
Resolving deltas:  89% (189/212)
Resolving deltas:  90% (191/212)
Resolving deltas:  91% (193/212)
Resolving deltas:  92% (196/212)
Resolving deltas:  93% (198/212)
Resolving deltas:  94% (200/212)
Resolving deltas:  95% (202/212)
Resolving deltas:  96% (204/212)
Resolving deltas:  97% (206/212)
Resolving deltas:  98% (208/212)
Resolving deltas:  99% (210/212)
Resolving deltas: 100% (212/212)
Resolving deltas: 100% (212/212), done.
Note: Deploying release ada_toml=0.2.0...
#=#=#                                                                         
##O#-#                                                                        
##O=#  #                                                                      
Note: Deploying release ansiada=0.1.0...
Cloning into '/home/runner/work/alire-crates-ci/alire-crates-ci/test/7fa9997c-3e96-4a2d-9686-0dff568e8d1a/clic_0.2.0_5a1f3232/alire/cache/dependencies/alr-oudu.tmp'...
remote: Enumerating objects: 53, done.        
remote: Counting objects:   1% (1/53)        
remote: Counting objects:   3% (2/53)        
remote: Counting objects:   5% (3/53)        
remote: Counting objects:   7% (4/53)        
remote: Counting objects:   9% (5/53)        
remote: Counting objects:  11% (6/53)        
remote: Counting objects:  13% (7/53)        
remote: Counting objects:  15% (8/53)        
remote: Counting objects:  16% (9/53)        
remote: Counting objects:  18% (10/53)        
remote: Counting objects:  20% (11/53)        
remote: Counting objects:  22% (12/53)        
remote: Counting objects:  24% (13/53)        
remote: Counting objects:  26% (14/53)        
remote: Counting objects:  28% (15/53)        
remote: Counting objects:  30% (16/53)        
remote: Counting objects:  32% (17/53)        
remote: Counting objects:  33% (18/53)        
remote: Counting objects:  35% (19/53)        
remote: Counting objects:  37% (20/53)        
remote: Counting objects:  39% (21/53)        
remote: Counting objects:  41% (22/53)        
remote: Counting objects:  43% (23/53)        
remote: Counting objects:  45% (24/53)        
remote: Counting objects:  47% (25/53)        
remote: Counting objects:  49% (26/53)        
remote: Counting objects:  50% (27/53)        
remote: Counting objects:  52% (28/53)        
remote: Counting objects:  54% (29/53)        
remote: Counting objects:  56% (30/53)        
remote: Counting objects:  58% (31/53)        
remote: Counting objects:  60% (32/53)        
remote: Counting objects:  62% (33/53)        
remote: Counting objects:  64% (34/53)        
remote: Counting objects:  66% (35/53)        
remote: Counting objects:  67% (36/53)        
remote: Counting objects:  69% (37/53)        
remote: Counting objects:  71% (38/53)        
remote: Counting objects:  73% (39/53)        
remote: Counting objects:  75% (40/53)        
remote: Counting objects:  77% (41/53)        
remote: Counting objects:  79% (42/53)        
remote: Counting objects:  81% (43/53)        
remote: Counting objects:  83% (44/53)        
remote: Counting objects:  84% (45/53)        
remote: Counting objects:  86% (46/53)        
remote: Counting objects:  88% (47/53)        
remote: Counting objects:  90% (48/53)        
remote: Counting objects:  92% (49/53)        
remote: Counting objects:  94% (50/53)        
remote: Counting objects:  96% (51/53)        
remote: Counting objects:  98% (52/53)        
remote: Counting objects: 100% (53/53)        
remote: Counting objects: 100% (53/53), done.        
remote: Compressing objects:   2% (1/36)        
remote: Compressing objects:   5% (2/36)        
remote: Compressing objects:   8% (3/36)        
remote: Compressing objects:  11% (4/36)        
remote: Compressing objects:  13% (5/36)        
remote: Compressing objects:  16% (6/36)        
remote: Compressing objects:  19% (7/36)        
remote: Compressing objects:  22% (8/36)        
remote: Compressing objects:  25% (9/36)        
remote: Compressing objects:  27% (10/36)        
remote: Compressing objects:  30% (11/36)        
remote: Compressing objects:  33% (12/36)        
remote: Compressing objects:  36% (13/36)        
remote: Compressing objects:  38% (14/36)        
remote: Compressing objects:  41% (15/36)        
remote: Compressing objects:  44% (16/36)        
remote: Compressing objects:  47% (17/36)        
remote: Compressing objects:  50% (18/36)        
remote: Compressing objects:  52% (19/36)        
remote: Compressing objects:  55% (20/36)        
remote: Compressing objects:  58% (21/36)        
remote: Compressing objects:  61% (22/36)        
remote: Compressing objects:  63% (23/36)        
remote: Compressing objects:  66% (24/36)        
remote: Compressing objects:  69% (25/36)        
remote: Compressing objects:  72% (26/36)        
remote: Compressing objects:  75% (27/36)        
remote: Compressing objects:  77% (28/36)        
remote: Compressing objects:  80% (29/36)        
remote: Compressing objects:  83% (30/36)        
remote: Compressing objects:  86% (31/36)        
remote: Compressing objects:  88% (32/36)        
remote: Compressing objects:  91% (33/36)        
remote: Compressing objects:  94% (34/36)        
remote: Compressing objects:  97% (35/36)        
remote: Compressing objects: 100% (36/36)        
remote: Compressing objects: 100% (36/36), done.        
remote: Total 53 (delta 18), reused 39 (delta 12), pack-reused 0        
Receiving objects:   1% (1/53)
Receiving objects:   3% (2/53)
Receiving objects:   5% (3/53)
Receiving objects:   7% (4/53)
Receiving objects:   9% (5/53)
Receiving objects:  11% (6/53)
Receiving objects:  13% (7/53)
Receiving objects:  15% (8/53)
Receiving objects:  16% (9/53)
Receiving objects:  18% (10/53)
Receiving objects:  20% (11/53)
Receiving objects:  22% (12/53)
Receiving objects:  24% (13/53)
Receiving objects:  26% (14/53)
Receiving objects:  28% (15/53)
Receiving objects:  30% (16/53)
Receiving objects:  32% (17/53)
Receiving objects:  33% (18/53)
Receiving objects:  35% (19/53)
Receiving objects:  37% (20/53)
Receiving objects:  39% (21/53)
Receiving objects:  41% (22/53)
Receiving objects:  43% (23/53)
Receiving objects:  45% (24/53)
Receiving objects:  47% (25/53)
Receiving objects:  49% (26/53)
Receiving objects:  50% (27/53)
Receiving objects:  52% (28/53)
Receiving objects:  54% (29/53)
Receiving objects:  56% (30/53)
Receiving objects:  58% (31/53)
Receiving objects:  60% (32/53)
Receiving objects:  62% (33/53)
Receiving objects:  64% (34/53)
Receiving objects:  66% (35/53)
Receiving objects:  67% (36/53)
Receiving objects:  69% (37/53)
Receiving objects:  71% (38/53)
Receiving objects:  73% (39/53)
Receiving objects:  75% (40/53)
Receiving objects:  77% (41/53)
Receiving objects:  79% (42/53)
Receiving objects:  81% (43/53)
Receiving objects:  83% (44/53)
Receiving objects:  84% (45/53)
Receiving objects:  86% (46/53)
Receiving objects:  88% (47/53)
Receiving objects:  90% (48/53)
Receiving objects:  92% (49/53)
Receiving objects:  94% (50/53)
Receiving objects:  96% (51/53)
Receiving objects:  98% (52/53)
Receiving objects: 100% (53/53)
Receiving objects: 100% (53/53), 11.74 KiB | 11.74 MiB/s, done.
Resolving deltas:   0% (0/18)
Resolving deltas:   5% (1/18)
Resolving deltas:  11% (2/18)
Resolving deltas:  16% (3/18)
Resolving deltas:  22% (4/18)
Resolving deltas:  27% (5/18)
Resolving deltas:  33% (6/18)
Resolving deltas:  38% (7/18)
Resolving deltas:  44% (8/18)
Resolving deltas:  50% (9/18)
Resolving deltas:  55% (10/18)
Resolving deltas:  61% (11/18)
Resolving deltas:  66% (12/18)
Resolving deltas:  72% (13/18)
Resolving deltas:  77% (14/18)
Resolving deltas:  83% (15/18)
Resolving deltas:  88% (16/18)
Resolving deltas:  94% (17/18)
Resolving deltas: 100% (18/18)
Resolving deltas: 100% (18/18), done.
Note: Deploying release simple_logging=1.2.0...
Cloning into '/home/runner/work/alire-crates-ci/alire-crates-ci/test/7fa9997c-3e96-4a2d-9686-0dff568e8d1a/clic_0.2.0_5a1f3232/alire/cache/dependencies/alr-pmpt.tmp'...
remote: Enumerating objects: 96, done.        
remote: Counting objects:  33% (1/3)        
remote: Counting objects:  66% (2/3)        
remote: Counting objects: 100% (3/3)        
remote: Counting objects: 100% (3/3), done.        
remote: Compressing objects:  33% (1/3)        
remote: Compressing objects:  66% (2/3)        
remote: Compressing objects: 100% (3/3)        
remote: Compressing objects: 100% (3/3), done.        
Receiving objects:   1% (1/96)
Receiving objects:   2% (2/96)
Receiving objects:   3% (3/96)
Receiving objects:   4% (4/96)
Receiving objects:   5% (5/96)
Receiving objects:   6% (6/96)
Receiving objects:   7% (7/96)
Receiving objects:   8% (8/96)
Receiving objects:   9% (9/96)
Receiving objects:  10% (10/96)
Receiving objects:  11% (11/96)
Receiving objects:  12% (12/96)
Receiving objects:  13% (13/96)
Receiving objects:  14% (14/96)
Receiving objects:  15% (15/96)
Receiving objects:  16% (16/96)
Receiving objects:  17% (17/96)
Receiving objects:  18% (18/96)
Receiving objects:  19% (19/96)
Receiving objects:  20% (20/96)
Receiving objects:  21% (21/96)
Receiving objects:  22% (22/96)
Receiving objects:  23% (23/96)
Receiving objects:  25% (24/96)
Receiving objects:  26% (25/96)
Receiving objects:  27% (26/96)
Receiving objects:  28% (27/96)
Receiving objects:  29% (28/96)
Receiving objects:  30% (29/96)
remote: Total 96 (delta 0), reused 1 (delta 0), pack-reused 93        
Receiving objects:  31% (30/96)
Receiving objects:  32% (31/96)
Receiving objects:  33% (32/96)
Receiving objects:  34% (33/96)
Receiving objects:  35% (34/96)
Receiving objects:  36% (35/96)
Receiving objects:  37% (36/96)
Receiving objects:  38% (37/96)
Receiving objects:  39% (38/96)
Receiving objects:  40% (39/96)
Receiving objects:  41% (40/96)
Receiving objects:  42% (41/96)
Receiving objects:  43% (42/96)
Receiving objects:  44% (43/96)
Receiving objects:  45% (44/96)
Receiving objects:  46% (45/96)
Receiving objects:  47% (46/96)
Receiving objects:  48% (47/96)
Receiving objects:  50% (48/96)
Receiving objects:  51% (49/96)
Receiving objects:  52% (50/96)
Receiving objects:  53% (51/96)
Receiving objects:  54% (52/96)
Receiving objects:  55% (53/96)
Receiving objects:  56% (54/96)
Receiving objects:  57% (55/96)
Receiving objects:  58% (56/96)
Receiving objects:  59% (57/96)
Receiving objects:  60% (58/96)
Receiving objects:  61% (59/96)
Receiving objects:  62% (60/96)
Receiving objects:  63% (61/96)
Receiving objects:  64% (62/96)
Receiving objects:  65% (63/96)
Receiving objects:  66% (64/96)
Receiving objects:  67% (65/96)
Receiving objects:  68% (66/96)
Receiving objects:  69% (67/96)
Receiving objects:  70% (68/96)
Receiving objects:  71% (69/96)
Receiving objects:  72% (70/96)
Receiving objects:  73% (71/96)
Receiving objects:  75% (72/96)
Receiving objects:  76% (73/96)
Receiving objects:  77% (74/96)
Receiving objects:  78% (75/96)
Receiving objects:  79% (76/96)
Receiving objects:  80% (77/96)
Receiving objects:  81% (78/96)
Receiving objects:  82% (79/96)
Receiving objects:  83% (80/96)
Receiving objects:  84% (81/96)
Receiving objects:  85% (82/96)
Receiving objects:  86% (83/96)
Receiving objects:  87% (84/96)
Receiving objects:  88% (85/96)
Receiving objects:  89% (86/96)
Receiving objects:  90% (87/96)
Receiving objects:  91% (88/96)
Receiving objects:  92% (89/96)
Receiving objects:  93% (90/96)
Receiving objects:  94% (91/96)
Receiving objects:  95% (92/96)
Receiving objects:  96% (93/96)
Receiving objects:  97% (94/96)
Receiving objects:  98% (95/96)
Receiving objects: 100% (96/96)
Receiving objects: 100% (96/96), 24.24 KiB | 752.00 KiB/s, done.
Resolving deltas:   0% (0/51)
Resolving deltas:   1% (1/51)
Resolving deltas:   3% (2/51)
Resolving deltas:   5% (3/51)
Resolving deltas:   7% (4/51)
Resolving deltas:   9% (5/51)
Resolving deltas:  11% (6/51)
Resolving deltas:  13% (7/51)
Resolving deltas:  15% (8/51)
Resolving deltas:  17% (9/51)
Resolving deltas:  19% (10/51)
Resolving deltas:  21% (11/51)
Resolving deltas:  23% (12/51)
Resolving deltas:  25% (13/51)
Resolving deltas:  27% (14/51)
Resolving deltas:  29% (15/51)
Resolving deltas:  31% (16/51)
Resolving deltas:  33% (17/51)
Resolving deltas:  35% (18/51)
Resolving deltas:  37% (19/51)
Resolving deltas:  39% (20/51)
Resolving deltas:  41% (21/51)
Resolving deltas:  43% (22/51)
Resolving deltas:  45% (23/51)
Resolving deltas:  47% (24/51)
Resolving deltas:  49% (25/51)
Resolving deltas:  50% (26/51)
Resolving deltas:  52% (27/51)
Resolving deltas:  54% (28/51)
Resolving deltas:  56% (29/51)
Resolving deltas:  58% (30/51)
Resolving deltas:  60% (31/51)
Resolving deltas:  62% (32/51)
Resolving deltas:  64% (33/51)
Resolving deltas:  66% (34/51)
Resolving deltas:  68% (35/51)
Resolving deltas:  70% (36/51)
Resolving deltas:  72% (37/51)
Resolving deltas:  74% (38/51)
Resolving deltas:  76% (39/51)
Resolving deltas:  78% (40/51)
Resolving deltas:  80% (41/51)
Resolving deltas:  82% (42/51)
Resolving deltas:  84% (43/51)
Resolving deltas:  86% (44/51)
Resolving deltas:  88% (45/51)
Resolving deltas:  90% (46/51)
Resolving deltas:  92% (47/51)
Resolving deltas:  94% (48/51)
Resolving deltas:  96% (49/51)
Resolving deltas:  98% (50/51)
Resolving deltas: 100% (51/51)
Resolving deltas: 100% (51/51), done.
Setup
   [mkdir]        object directory for project AAA
   [mkdir]        library directory for project AAA
   [mkdir]        object directory for project ANSI
   [mkdir]        exec directory for project ANSI
   [mkdir]        object directory for project Simple_Logging
   [mkdir]        library directory for project Simple_Logging
   [mkdir]        object directory for project Ada_TOML
   [mkdir]        library directory for project Ada_TOML
   [mkdir]        object directory for project Clic
   [mkdir]        library directory for project Clic
Compile
   [Ada]          toml-generic_dump.adb
   [Ada]          toml.adb
   [Ada]          toml-generic_parse.adb
   [Ada]          toml-file_io.adb
   [Ada]          simple_logging-filtering.adb
   [Ada]          simple_logging-decorators.adb
   [Ada]          simple_logging-support.adb
   [Ada]          simple_logging.adb
   [Ada]          ansi-demo.adb
   [Ada]          ansi.ads
   [Ada]          aaa-traits-types.ads
   [Ada]          aaa-caches-files.adb
   [Ada]          aaa-processes.adb
   [Ada]          aaa-traits.ads
   [Ada]          aaa-text_io.adb
   [Ada]          aaa-traits-containers.ads
   [Ada]          aaa-caches.ads
   [Ada]          aaa-containers.ads
   [Ada]          aaa-ansi.adb
   [Ada]          aaa-tests.ads
   [Ada]          aaa-directories.ads
   [Ada]          aaa.ads
   [Ada]          aaa-table_io.adb
   [Ada]          aaa-enum_tools.adb
   [Ada]          aaa-strings.adb
   [Ada]          aaa-filesystem.adb
   [Ada]          aaa-containers-indefinite_holders.adb
   [Ada]          aaa-debug.adb
   [Ada]          clic-subcommand.adb
   [Ada]          clic-tty.adb
   [Ada]          clic-config-load.adb
   [Ada]          clic-subcommand-instance.adb
   [Ada]          clic-config.adb
   [Ada]          clic-config-info.adb
   [Ada]          clic.ads
   [Ada]          clic-command_line.adb
   [Ada]          clic-config-edit.adb
   [Ada]          clic-user_input.adb
Build Libraries
   [gprlib]       aaa.lexch
   [gprlib]       simple_logging.lexch
   [gprlib]       ada_toml.lexch
   [archive]      libaaa.a
   [archive]      libsimple_logging.a
   [index]        libsimple_logging.a
   [index]        libaaa.a
   [gprlib]       Clic.lexch
   [archive]      libada_toml.a
   [index]        libada_toml.a
   [archive]      libClic.a
   [index]        libClic.a

clic=0.2.0 successfully retrieved and built.
Dependencies were solved as follows:

   + aaa            0.2.5 (new)
   + ada_toml       0.2.0 (new)
   + ansiada        0.1.0 (new)
   + simple_logging 1.2.0 (new)
