Test ran at 2024-11-18 01:11:19.193977+00:00

SOLUTION:
ada_fuse=1.0.1: Ada bindings for Fuse (Filesystem in Userspace)
Origin: source archive v1.0.1.zip at https://github.com/medsec/ada-fuse/archive/v1.0.1.zip with hash sha512:5f4f67699e22a8f2a053abc290c35b0349d5df606ea4f3a89819d1693f7b2b380da0e2bde3727ec927c6b05be53d2093ad5d8e884dc609b31a9fed3c97df4c60
Available when: (case OS is Linux => True, Macos => True, Windows => False, others => False)
Properties:
   Author: Alexander Herr <thissideup@riseup.net>
   Author: Nicolai Ruckel <nicolai.ruckel@uni-weimar.de>
   Author: Christopher Lübbemeier <christopher.luebbemeier@googlemail.com>
   Description: Ada bindings for Fuse (Filesystem in Userspace)
   GPR Scenario: ADA_FUSE_SYSTEM := Linux x86_64 | Linux i386 | Darwin i386 | Darwin x86_64
   case OS is
      when Linux => GPR External: ADA_FUSE_SYSTEM := Linux x86_64
      when Macos => GPR External: ADA_FUSE_SYSTEM := Darwin x86_64
   License: GPL-3.0-only
   Maintainer: Nicolai Ruckel <nicolai.ruckel@uni-weimar.de>
   Maintainers_Logins: NicolaiRuckel
   Maintainers_Logins: medsec
   Name: ada_fuse
   Project_File: ada_fuse.gpr
   Version: 1.0.1
   Website: https://github.com/medsec/ada-fuse
Dependencies (direct):
   libfuse^2.0.0
Dependencies (solution):
   libfuse=2.9.9
Dependencies (graph):
   ada_fuse=1.0.1 --> libfuse=2.9.9 (^2.0.0)


LOG:
Note: Deploying ada_fuse=1.0.1...
#=#=#                                                                         
##O#-#                                                                        
Note: Migrating lockfile from /home/runner/work/alire-crates-ci/alire-crates-ci/test/0077eb31-6840-4335-8165-0f7f42394315/ada_fuse_1.0.1_5f4f6769/alire.lock to /home/runner/work/alire-crates-ci/alire-crates-ci/test/0077eb31-6840-4335-8165-0f7f42394315/ada_fuse_1.0.1_5f4f6769/alire/alire.lock
Note: Deploying libfuse=2.9.9...
The system package 'libfuse-dev' is about to be installed.
This action might require admin privileges and impact your system installation.
Do you want Alire to install this system package?
Using default: Yes
debconf: delaying package configuration, since apt-utils is not installed
Selecting previously unselected package libfuse2:amd64.
(Reading database ... 
(Reading database ... 5%
(Reading database ... 10%
(Reading database ... 15%
(Reading database ... 20%
(Reading database ... 25%
(Reading database ... 30%
(Reading database ... 35%
(Reading database ... 40%
(Reading database ... 45%
(Reading database ... 50%
(Reading database ... 55%
(Reading database ... 60%
(Reading database ... 65%
(Reading database ... 70%
(Reading database ... 75%
(Reading database ... 80%
(Reading database ... 85%
(Reading database ... 90%
(Reading database ... 95%
(Reading database ... 100%
(Reading database ... 23892 files and directories currently installed.)
Preparing to unpack .../0-libfuse2_2.9.9-6+b1_amd64.deb ...
Unpacking libfuse2:amd64 (2.9.9-6+b1) ...
Selecting previously unselected package libsepol-dev:amd64.
Preparing to unpack .../1-libsepol-dev_3.4-2.1_amd64.deb ...
Unpacking libsepol-dev:amd64 (3.4-2.1) ...
Selecting previously unselected package libpcre2-16-0:amd64.
Preparing to unpack .../2-libpcre2-16-0_10.42-1_amd64.deb ...
Unpacking libpcre2-16-0:amd64 (10.42-1) ...
Selecting previously unselected package libpcre2-32-0:amd64.
Preparing to unpack .../3-libpcre2-32-0_10.42-1_amd64.deb ...
Unpacking libpcre2-32-0:amd64 (10.42-1) ...
Selecting previously unselected package libpcre2-posix3:amd64.
Preparing to unpack .../4-libpcre2-posix3_10.42-1_amd64.deb ...
Unpacking libpcre2-posix3:amd64 (10.42-1) ...
Selecting previously unselected package libpcre2-dev:amd64.
Preparing to unpack .../5-libpcre2-dev_10.42-1_amd64.deb ...
Unpacking libpcre2-dev:amd64 (10.42-1) ...
Selecting previously unselected package libselinux1-dev:amd64.
Preparing to unpack .../6-libselinux1-dev_3.4-1+b6_amd64.deb ...
Unpacking libselinux1-dev:amd64 (3.4-1+b6) ...
Selecting previously unselected package libfuse-dev:amd64.
Preparing to unpack .../7-libfuse-dev_2.9.9-6+b1_amd64.deb ...
Unpacking libfuse-dev:amd64 (2.9.9-6+b1) ...
Setting up libfuse2:amd64 (2.9.9-6+b1) ...
Setting up libpcre2-16-0:amd64 (10.42-1) ...
Setting up libpcre2-32-0:amd64 (10.42-1) ...
Setting up libsepol-dev:amd64 (3.4-2.1) ...
Setting up libpcre2-posix3:amd64 (10.42-1) ...
Setting up libpcre2-dev:amd64 (10.42-1) ...
Setting up libselinux1-dev:amd64 (3.4-1+b6) ...
Setting up libfuse-dev:amd64 (2.9.9-6+b1) ...
Processing triggers for libc-bin (2.36-9+deb12u8) ...
Note: Building ada_fuse/ada_fuse.gpr...
Setup
   [mkdir]        object directory for project Ada_Fuse
   [mkdir]        library directory for project Ada_Fuse
Compile
   [Ada]          fuse-system.adb
   [Ada]          fuse-main.adb
   [Ada]          fuse-operations.ads
   [Ada]          fuse.adb
   [Ada]          fuse-general.adb
   [Ada]          fuse-aux.adb
fuse-main.adb:39:11: warning: use clause for type "Error_Type" defined at fuse-system.ads:377, instance at fuse-main.ads:48 has no effect [-gnatwu]
fuse-main.adb:1038:07: warning: "Argv" is not modified, could be declared constant [-gnatwk]
Build Libraries
   [gprlib]       ada_fuse.lexch
   [archive]      libada_fuse.a
   [index]        libada_fuse.a
Build finished successfully in 0.84 seconds.

ada_fuse=1.0.1 successfully retrieved and built.
Dependencies were solved as follows:

   + libfuse 2.9.9 (new)
Found declared GPR file: ada_fuse.gpr
