Test ran at 2024-10-16 12:40:19.653026+00:00

SOLUTION:
b2ssum=0.1.3: BLAKE2s file hash utility
Origin: commit 63b5d12efb5f96afb8148dd3eb7248ac1449f68d from https://github.com/lkujaw/blake2s.git
Properties:
   Author: Lev Kujawski
   Description: BLAKE2s file hash utility
   Executable: b2ssum
   License: MIT-0
   Maintainer: Lev Kujawski <int21h@mailbox.org>
   Maintainers_Logins: lkujaw
   Name: b2ssum
   Project_File: b2ssum.gpr
   Tag: ada1995
   Tag: hash
   Tag: blake2
   Tag: blake2s
   Version: 0.1.3
   Website: https://github.com/lkujaw/blake2s
Dependencies (direct):
   blake2s~0.1.3
Dependencies (solution):
   blake2s=0.1.3
Dependencies (graph):
   b2ssum=0.1.3 --> blake2s=0.1.3 (~0.1.3)


LOG:
Note: Deploying b2ssum=0.1.3...
Note: Deploying blake2s=0.1.3...
Note: Building b2ssum/b2ssum.gpr...
Setup
   [mkdir]        object directory for project BLAKE2S
   [mkdir]        library directory for project BLAKE2S
   [mkdir]        exec directory for project B2SSUM
Compile
   [Ada]          b2ssum.adb
   [Ada]          blake2s.adb
   [Ada]          quadlets.adb
   [Ada]          octets.ads
   [Ada]          octearra.ads
Build Libraries
   [gprlib]       b2sa.lexch
   [archive]      libb2sa.a
   [index]        libb2sa.a
Bind
   [gprbind]      b2ssum.bexch
   [Ada]          b2ssum.ali
Link
   [link]         b2ssum.adb
-macosx_version_min has been renamed to -macos_version_min
ld: warning: ignoring duplicate libraries: '-lSystem'
ld: warning: Support for dylib stub (MH_DYLIB_STUB) file '/Users/runner/.config/alire/cache/dependencies/gnat_native_11.2.4_9800548d/lib/libgcc_ext.10.5.dylib' is deprecated, text-based stubs should be used instead (with `GENERATE_TEXT_BASED_STUBS` build setting, or `tapi` tool)
ld: malformed mach-o missing relocations, LC_DYLD_INFO, or LC_DYLD_CHAINED_FIXUPS in '/Users/runner/.config/alire/cache/dependencies/gnat_native_11.2.4_9800548d/lib/libgcc_ext.10.5.dylib'
collect2: error: ld returned 1 exit status
gprbuild: link of b2ssum.adb failed
gprbuild: failed command was: /users/runner/.config/alire/cache/dependencies/gnat_native_11.2.4_9800548d/bin/gcc b2ssum.o b__b2ssum.o /Users/runner/work/alire-crates-ci/alire-crates-ci/test/fe83c96d-b3ca-4a1e-94f9-48e3d7abb577/b2ssum_0.1.3_63b5d12e/gnat/lib/libb2sa.a -L/Users/runner/work/alire-crates-ci/alire-crates-ci/test/fe83c96d-b3ca-4a1e-94f9-48e3d7abb577/b2ssum_0.1.3_63b5d12e/gnat/obj/ -L/Users/runner/work/alire-crates-ci/alire-crates-ci/test/fe83c96d-b3ca-4a1e-94f9-48e3d7abb577/b2ssum_0.1.3_63b5d12e/gnat/obj/ -L/Users/runner/work/alire-crates-ci/alire-crates-ci/test/fe83c96d-b3ca-4a1e-94f9-48e3d7abb577/b2ssum_0.1.3_63b5d12e/gnat/lib/ -L/users/runner/.config/alire/cache/dependencies/gnat_native_11.2.4_9800548d/lib/gcc/x86_64-apple-darwin19.6.0/11.2.0/adalib/ /users/runner/.config/alire/cache/dependencies/gnat_native_11.2.4_9800548d/lib/gcc/x86_64-apple-darwin19.6.0/11.2.0/adalib/libgnat.a -Wl,-rpath,@executable_path/..//obj -Wl,-rpath,@executable_path/..//lib -Wl,-rpath,@executable_path/../../../../../../../..//.config/alire/cache/dependencies/gnat_native_11.2.4_9800548d/lib/gcc/x86_64-apple-darwin19.6.0/11.2.0/adalib -o /Users/runner/work/alire-crates-ci/alire-crates-ci/test/fe83c96d-b3ca-4a1e-94f9-48e3d7abb577/b2ssum_0.1.3_63b5d12e/gnat/bin//b2ssum
stderr: Command ["gprbuild", "-s", "-j0", "-p", "-P", "/Users/runner/work/alire-crates-ci/alire-crates-ci/test/fe83c96d-b3ca-4a1e-94f9-48e3d7abb577/b2ssum_0.1.3_63b5d12e/b2ssum.gpr"] exited with code 4
ERROR: Command ["gprbuild", "-s", "-j0", "-p", "-P", "/Users/runner/work/alire-crates-ci/alire-crates-ci/test/fe83c96d-b3ca-4a1e-94f9-48e3d7abb577/b2ssum_0.1.3_63b5d12e/b2ssum.gpr"] exited with code 4
stderr: ALIRE.CHECKED_ERROR
stderr: Command ["gprbuild", "-s", "-j0", "-p", "-P", "/Users/runner/work/alire-crates-ci/alire-crates-ci/test/fe83c96d-b3ca-4a1e-94f9-48e3d7abb577/b2ssum_0.1.3_63b5d12e/b2ssum.gpr"] exited with code 4
stderr: raised ALIRE.CHECKED_ERROR : alire-stored-error:1
Load address: 0x104d00000
Call stack traceback locations:
0x105608415 0x1052dbe83 0x1054eedf9 0x1054ef581 0x10544fac3 0x10544df99 0x10546a873 0x1054b6dc1 0x1054b581a 0x10546a9b8 0x10544e349 0x104d5f9c1 0x104d70578 0x104d7501c 0x104dfb05c 0x104e063b8 0x104d01605 0x104d04914


Warning: b2ssum=0.1.3 successfully retrieved but its build failed.
Dependencies were solved as follows:

   + blake2s 0.1.3 (new)
ERROR: Build ended with errors
