Test ran at 2024-06-17 01:12:26.502011+00:00

SOLUTION:
emacs_gpr_query=1.0.2: Emacs xref backend using information output by GNAT compiler.
Origin: commit 9619300ce22062e2677b0536e7b69dca182f316e from https://git.savannah.gnu.org/git/emacs/elpa.git
Properties:
   Author: Stephen Leake
   Description: Emacs xref backend using information output by GNAT compiler.
   Executable: gpr_query
   License: GPL-3.0-or-later
   Maintainer: Stephen Leake <stephen_leake@stephe-leake.org>
   Maintainers_Logins: stephe-ada-guru
   Name: emacs_gpr_query
   Project_File: emacs_gpr_query.gpr
   Tag: emacs
   Tag: xref
   Version: 1.0.2
   Website: https://elpa.gnu.org/packages/gpr-query.html
Dependencies (direct):
   gnat(>=11 & <2000) | >=2021
   gnatcoll^22.0.0
   gnatcoll_sqlite^22.0.0
   gnatcoll_xref^22.0.0
Dependencies (solution):
   gnatcoll=22.0.0
   gnatcoll_iconv=22.0.0
   gnatcoll_sql=22.0.0
   gnatcoll_sqlite=22.0.0
   gnatcoll_xref=22.0.0
   libgpr=22.0.0
   xmlada=22.0.0
Dependencies (external):
   gnat((>=11 & <2000) | >=2021) & (/=2020) (direct,hinted)
Dependencies (graph):
   emacs_gpr_query=1.0.2  --> gnat(>=11 & <2000) | >=2021     
   emacs_gpr_query=1.0.2  --> gnatcoll=22.0.0 (^22.0.0)       
   emacs_gpr_query=1.0.2  --> gnatcoll_sqlite=22.0.0 (^22.0.0)
   emacs_gpr_query=1.0.2  --> gnatcoll_xref=22.0.0 (^22.0.0)  
   gnatcoll=22.0.0        --> libgpr=22.0.0 (~22.0.0)         
   gnatcoll_iconv=22.0.0  --> gnatcoll=22.0.0 (~22.0.0)       
   gnatcoll_sql=22.0.0    --> gnatcoll=22.0.0 (~22.0.0)       
   gnatcoll_sqlite=22.0.0 --> gnatcoll=22.0.0 (~22.0.0)       
   gnatcoll_sqlite=22.0.0 --> gnatcoll_sql=22.0.0 (~22.0.0)   
   gnatcoll_xref=22.0.0   --> gnatcoll=22.0.0 (~22.0.0)       
   gnatcoll_xref=22.0.0   --> gnatcoll_iconv=22.0.0 (~22.0.0) 
   gnatcoll_xref=22.0.0   --> gnatcoll_sql=22.0.0 (~22.0.0)   
   gnatcoll_xref=22.0.0   --> gnatcoll_sqlite=22.0.0 (~22.0.0)
   libgpr=22.0.0          --> gnat/=2020                      
   libgpr=22.0.0          --> xmlada=22.0.0 (~22.0.0)         
   xmlada=22.0.0          --> gnat>=11                        
Dependencies cannot be met


LOG:
