Test ran at 2022-09-16 13:18:41.785375+00:00

SOLUTION:
canberra_ada=2.0.1: Ada 2012 bindings for libcanberra
Origin: commit d70ce23f945535f68be6af4b3fb73d58f57b1d4c from https://github.com/onox/canberra-ada.git
Available when: (case OS is Linux => True, others => False)
Properties:
   Author: onox
   Description: Ada 2012 bindings for libcanberra
   License: Apache-2.0
   Maintainer: onox <denkpadje@gmail.com>
   Maintainers_Logins: onox
   Name: canberra_ada
   Tag: canberra
   Tag: audio
   Tag: sound
   Version: 2.0.1
   Website: https://github.com/onox/canberra-ada
Dependencies (direct):
   libcanberra~0.30.0
Dependencies (solution):
   libcanberra=0.30.0
Dependencies (graph):
   canberra_ada=2.0.1 --> libcanberra=0.30.0 (~0.30.0)


LOG:
Note: Deploying canberra_ada=2.0.1...
Note: Migrating lockfile from /home/runner/work/alire-crates-ci/alire-crates-ci/test/a4e83ef1-3409-4315-bcf6-2dbdebdb501f/canberra_ada_2.0.1_d70ce23f/alire.lock to /home/runner/work/alire-crates-ci/alire-crates-ci/test/a4e83ef1-3409-4315-bcf6-2dbdebdb501f/canberra_ada_2.0.1_d70ce23f/alire/alire.lock
Note: Deploying libcanberra=0.30.0...
The system package 'libcanberra-dev' is about to be installed.
This action might require admin privileges and impact your system installation.
Do you want Alire to install this system package?
Using default: Yes
debconf: delaying package configuration, since apt-utils is not installed
Selecting previously unselected package alsa-topology-conf.
(Reading database ... 
(Reading database ... 5%
(Reading database ... 10%
(Reading database ... 15%
(Reading database ... 20%
(Reading database ... 25%
(Reading database ... 30%
(Reading database ... 35%
(Reading database ... 40%
(Reading database ... 45%
(Reading database ... 50%
(Reading database ... 55%
(Reading database ... 60%
(Reading database ... 65%
(Reading database ... 70%
(Reading database ... 75%
(Reading database ... 80%
(Reading database ... 85%
(Reading database ... 90%
(Reading database ... 95%
(Reading database ... 100%
(Reading database ... 22419 files and directories currently installed.)
Preparing to unpack .../00-alsa-topology-conf_1.2.4-1_all.deb ...
Unpacking alsa-topology-conf (1.2.4-1) ...
Selecting previously unselected package libasound2-data.
Preparing to unpack .../01-libasound2-data_1.2.4-1.1_all.deb ...
Unpacking libasound2-data (1.2.4-1.1) ...
Selecting previously unselected package libasound2:amd64.
Preparing to unpack .../02-libasound2_1.2.4-1.1_amd64.deb ...
Unpacking libasound2:amd64 (1.2.4-1.1) ...
Selecting previously unselected package alsa-ucm-conf.
Preparing to unpack .../03-alsa-ucm-conf_1.2.4-2_all.deb ...
Unpacking alsa-ucm-conf (1.2.4-2) ...
Selecting previously unselected package libltdl7:amd64.
Preparing to unpack .../04-libltdl7_2.4.6-15_amd64.deb ...
Unpacking libltdl7:amd64 (2.4.6-15) ...
Selecting previously unselected package libtdb1:amd64.
Preparing to unpack .../05-libtdb1_1.4.3-1+b1_amd64.deb ...
Unpacking libtdb1:amd64 (1.4.3-1+b1) ...
Selecting previously unselected package libogg0:amd64.
Preparing to unpack .../06-libogg0_1.3.4-0.1_amd64.deb ...
Unpacking libogg0:amd64 (1.3.4-0.1) ...
Selecting previously unselected package libvorbis0a:amd64.
Preparing to unpack .../07-libvorbis0a_1.3.7-1_amd64.deb ...
Unpacking libvorbis0a:amd64 (1.3.7-1) ...
Selecting previously unselected package libvorbisfile3:amd64.
Preparing to unpack .../08-libvorbisfile3_1.3.7-1_amd64.deb ...
Unpacking libvorbisfile3:amd64 (1.3.7-1) ...
Selecting previously unselected package sound-theme-freedesktop.
Preparing to unpack .../09-sound-theme-freedesktop_0.8-2_all.deb ...
Unpacking sound-theme-freedesktop (0.8-2) ...
Selecting previously unselected package libcanberra0:amd64.
Preparing to unpack .../10-libcanberra0_0.30-7_amd64.deb ...
Unpacking libcanberra0:amd64 (0.30-7) ...
Selecting previously unselected package libcanberra-dev:amd64.
Preparing to unpack .../11-libcanberra-dev_0.30-7_amd64.deb ...
Unpacking libcanberra-dev:amd64 (0.30-7) ...
Setting up libogg0:amd64 (1.3.4-0.1) ...
Setting up libtdb1:amd64 (1.4.3-1+b1) ...
Setting up libasound2-data (1.2.4-1.1) ...
Setting up libvorbis0a:amd64 (1.3.7-1) ...
Setting up libltdl7:amd64 (2.4.6-15) ...
Setting up alsa-topology-conf (1.2.4-1) ...
Setting up sound-theme-freedesktop (0.8-2) ...
Setting up libasound2:amd64 (1.2.4-1.1) ...
Setting up alsa-ucm-conf (1.2.4-2) ...
Setting up libvorbisfile3:amd64 (1.3.7-1) ...
Setting up libcanberra0:amd64 (0.30-7) ...
Setting up libcanberra-dev:amd64 (0.30-7) ...
Processing triggers for libc-bin (2.31-13) ...
Note: Building canberra_ada/canberra_ada.gpr...
Setup
   [mkdir]        object directory for project Canberra_Ada
   [mkdir]        library directory for project Canberra_Ada
Compile
   [Ada]          canberra.adb
Build Libraries
   [gprlib]       canberra-ada.lexch
   [archive]      libcanberra-ada.a
   [index]        libcanberra-ada.a
Build finished successfully in 0.63 seconds.

canberra_ada=2.0.1 successfully retrieved and built.
Dependencies were solved as follows:

   + libcanberra 0.30.0 (new)
