Test ran at 2024-09-17 13:24:18.630119+00:00

SOLUTION:
gnat_riscv64_elf=12.2.1: The GNAT Ada compiler - RISC-V cross-compiler
Provides: gnat=12.2.1
Origin: (case OS is Linux => (case Host_Arch is X86_64 => binary archive gnat-riscv64-elf-linux64-12.2.0-1.tar.gz at https://github.com/alire-project/GNAT-FSF-builds/releases/download/gnat-12.2.0-1/gnat-riscv64-elf-linux64-12.2.0-1.tar.gz), Macos => (case Host_Arch is X86_64 => binary archive gnat-riscv64-elf-darwin-12.2.0-1.tar.gz at https://github.com/alire-project/GNAT-FSF-builds/releases/download/gnat-12.2.0-1/gnat-riscv64-elf-darwin-12.2.0-1.tar.gz), Windows => (case Host_Arch is X86_64 => binary archive gnat-riscv64-elf-windows64-12.2.0-1.tar.gz at https://github.com/alire-project/GNAT-FSF-builds/releases/download/gnat-12.2.0-1/gnat-riscv64-elf-windows64-12.2.0-1.tar.gz)) with hash sha256:dc06e76582f53dcca00d660e9472b734d73a5fc188988beb653bde5ad530211e
Properties:
   Auto_Gpr_With: auto-gpr-with=false
   Configuration: no modifiers
   Description: The GNAT Ada compiler - RISC-V cross-compiler
   Environment: PATH=${CRATE_ROOT}/bin:${PATH}
   License: GPL-3.0-or-later AND GPL-3.0-or-later WITH GCC-exception-3.1
   Maintainer: chouteau@adacore.com
   Maintainers_Logins: Fabien-Chouteau
   Name: gnat_riscv64_elf
   Version: 12.2.1


LOG:
Note: Deploying gnat_riscv64_elf=12.2.1...
#=#=#                                                                          
##O#-#                                                                         

                                                                           0.0%
#                                                                          1.5%
####                                                                       5.7%
########                                                                  11.5%
########                                                                  12.4%
###########                                                               16.4%
##############                                                            19.7%
#################                                                         24.7%
######################                                                    30.9%
########################                                                  33.4%
########################                                                  33.6%
##########################                                                37.1%
##############################                                            42.7%
################################                                          44.5%
################################                                          44.6%
#################################                                         47.1%
#######################################                                   55.2%
#########################################                                 57.3%
############################################                              61.9%
################################################                          67.7%
#################################################                         68.5%
#####################################################                     74.3%
########################################################                  78.2%
#########################################################                 80.5%
##############################################################            86.6%
##############################################################            86.6%
################################################################          89.7%
###################################################################       93.6%
####################################################################      94.5%
####################################################################      95.3%
#######################################################################   99.5%
######################################################################## 100.0%

gnat_riscv64_elf=12.2.1 successfully retrieved.
There are no dependencies.
Warning: Binary release does not contain default project file: gnat_riscv64_elf.gpr
