Test ran at 2024-09-03 01:03:05.344433+00:00

SOLUTION:
gnat_riscv64_elf=12.2.1: The GNAT Ada compiler - RISC-V cross-compiler
Provides: gnat=12.2.1
Origin: (case OS is Linux => (case Host_Arch is X86_64 => binary archive gnat-riscv64-elf-linux64-12.2.0-1.tar.gz at https://github.com/alire-project/GNAT-FSF-builds/releases/download/gnat-12.2.0-1/gnat-riscv64-elf-linux64-12.2.0-1.tar.gz), Macos => (case Host_Arch is X86_64 => binary archive gnat-riscv64-elf-darwin-12.2.0-1.tar.gz at https://github.com/alire-project/GNAT-FSF-builds/releases/download/gnat-12.2.0-1/gnat-riscv64-elf-darwin-12.2.0-1.tar.gz), Windows => (case Host_Arch is X86_64 => binary archive gnat-riscv64-elf-windows64-12.2.0-1.tar.gz at https://github.com/alire-project/GNAT-FSF-builds/releases/download/gnat-12.2.0-1/gnat-riscv64-elf-windows64-12.2.0-1.tar.gz)) with hash sha256:9c33153ae5f389149c501225a17eb3743cbca178214a1f3542e0ea6f2b79f933
Properties:
   Auto_Gpr_With: auto-gpr-with=false
   Configuration: no modifiers
   Description: The GNAT Ada compiler - RISC-V cross-compiler
   Environment: PATH=${CRATE_ROOT}/bin:${PATH}
   License: GPL-3.0-or-later AND GPL-3.0-or-later WITH GCC-exception-3.1
   Maintainer: chouteau@adacore.com
   Maintainers_Logins: Fabien-Chouteau
   Name: gnat_riscv64_elf
   Version: 12.2.1


LOG:
Note: Deploying gnat_riscv64_elf=12.2.1...
#=#=#                                                                         
##O#-#                                                                        

                                                                           0.0%
                                                                           0.1%
                                                                           0.2%
                                                                           0.3%
                                                                           0.4%
                                                                           0.6%
                                                                           0.7%
                                                                           0.9%
                                                                           1.2%
#                                                                          1.5%
#                                                                          1.9%
#                                                                          2.3%
##                                                                         2.9%
##                                                                         3.6%
##                                                                         3.7%
###                                                                        5.0%
####                                                                       6.6%
#####                                                                      7.3%
#######                                                                   10.3%
#######                                                                   11.0%
########                                                                  11.6%
########                                                                  12.4%
#########                                                                 13.3%
##########                                                                14.5%
##########                                                                14.6%
##########                                                                15.3%
###########                                                               16.5%
############                                                              17.6%
#############                                                             18.4%
##############                                                            20.6%
###############                                                           22.0%
################                                                          23.0%
#################                                                         24.3%
##################                                                        25.6%
###################                                                       27.2%
####################                                                      28.2%
####################                                                      29.1%
#####################                                                     29.3%
######################                                                    30.6%
#######################                                                   32.9%
#######################                                                   32.9%
########################                                                  33.5%
########################                                                  34.3%
#########################                                                 35.2%
##########################                                                36.3%
##########################                                                36.6%
############################                                              39.6%
############################                                              40.3%
##############################                                            42.8%
###############################                                           44.0%
################################                                          44.6%
##################################                                        47.5%
##################################                                        47.8%
###################################                                       49.1%
####################################                                      51.2%
####################################                                      51.2%
#####################################                                     52.7%
#######################################                                   54.5%
#######################################                                   54.9%
########################################                                  56.1%
#########################################                                 57.9%
##########################################                                58.6%
###########################################                               59.7%
###########################################                               60.4%
############################################                              62.2%
############################################                              62.3%
#############################################                             63.5%
#############################################                             63.6%
###############################################                           65.9%
###############################################                           66.0%
###############################################                           66.3%
################################################                          67.0%
#################################################                         69.2%
##################################################                        69.6%
####################################################                      72.5%
####################################################                      73.3%
######################################################                    75.3%
#######################################################                   76.9%
#########################################################                 79.9%
##########################################################                80.6%
###########################################################               82.3%
############################################################              83.6%
############################################################              84.2%
##############################################################            86.1%
###############################################################           87.9%
################################################################          89.4%
#################################################################         90.9%
#################################################################         91.5%
###################################################################       94.1%
####################################################################      95.2%
######################################################################    97.4%
#######################################################################   98.8%
######################################################################## 100.0%

gnat_riscv64_elf=12.2.1 successfully retrieved.
There are no dependencies.
Warning: Binary release does not contain default project file: gnat_riscv64_elf.gpr
