Test ran at 2023-03-29 13:16:14.104311+00:00

SOLUTION:
wikiada=1.4.0: Wiki Engine with parser and renderer for several wiki syntaxes
Origin: commit d6ced3e8b5e4ffd575a122664a0d593dcf2d1ff8 from https://gitlab.com/stcarrez/ada-wiki.git
Properties:
   Author: Stephane.Carrez@gmail.com
   Configuration: no modifiers
   Description: Wiki Engine with parser and renderer for several wiki syntaxes
   GPR Scenario: BUILD := distrib | debug | optimize | profile | coverage
   GPR Scenario: WIKI_LIBRARY_TYPE := relocatable | static | static-pic
   License: Apache-2.0
   Long_Description: [![Build Status](https://img.shields.io/jenkins/s/http/jenkins.vacs.fr/Ada-Wiki.svg)](https://jenkins.vacs.fr/job/Ada-Wiki/)
[![Test Status](https://img.shields.io/jenkins/t/http/jenkins.vacs.fr/Ada-Wiki.svg)](https://jenkins.vacs.fr/job/Ada-Wiki/)
[![codecov](https://codecov.io/gh/stcarrez/ada-wiki/branch/master/graph/badge.svg)](https://codecov.io/gh/stcarrez/ada-wiki)

Ada Wiki is a small library that provides and focuses only on the Wiki engine.

The library allows to:

* Parse a wiki text such as Mediawiki, Creole, PhpBB, Dotclear and Google Code
* Parse HTML content in embedded wiki text,
* Filter out the wiki, HTML or text through customizable filters,
* Render the wiki text in HTML, text or another wiki format

The Ada Wiki library is used by [Ada Web Application](https://github.com/stcarrez/ada-awa)
for the implementation of the blog and wiki online plugins.


   Maintainer: Stephane.Carrez@gmail.com
   Maintainers_Logins: stcarrez
   Name: wikiada
   Project_File: .alire/wikiada.gpr
   Tag: wiki-engine
   Tag: markdown
   Tag: mediawiki
   Tag: dotclear
   Tag: html
   Tag: parser
   Tag: renderer
   Version: 1.4.0
   Website: https://gitlab.com/stcarrez/ada-wiki
Dependencies (direct):
   utilada^2.5.0
Dependencies (solution):
   utilada=2.5.0
Dependencies (graph):
   wikiada=1.4.0 --> utilada=2.5.0 (^2.5.0)


LOG:
Note: Deploying wikiada=1.4.0...
Note: Deploying utilada=2.5.0...
Note: Building wikiada/.alire/wikiada.gpr...
Setup
   [mkdir]        object directory for project UtilAda_Core
   [mkdir]        library directory for project UtilAda_Core
   [mkdir]        object directory for project WikiAda
   [mkdir]        library directory for project WikiAda
Compile
   [Ada]          util-texts-builders.adb
   [Ada]          util-texts-transforms.adb
   [Ada]          util-texts.ads
   [Ada]          util-texts-tokenizers.adb
   [Ada]          util-texts-formats.adb
   [Ada]          util-strings-vectors.ads
   [Ada]          util-strings.adb
   [Ada]          util-strings-sets.ads
   [Ada]          util-strings-tokenizers.ads
   [Ada]          util-strings-builders-transforms.ads
   [Ada]          util-strings-transforms.adb
   [Ada]          util-strings-builders.ads
   [Ada]          util-strings-formats.adb
   [Ada]          util-strings-maps.ads
   [Ada]          util-listeners-lifecycles.adb
   [Ada]          util-listeners-observers.adb
   [Ada]          util-listeners.ads
   [Ada]          util-concurrent-counters.adb
   [Ada]          util-concurrent-copies.adb
   [Ada]          util-concurrent-sequence_queues.adb
   [Ada]          util-concurrent-arrays.adb
   [Ada]          util-concurrent-fifos.adb
   [Ada]          util-concurrent-pools.adb
   [Ada]          util-concurrent.ads
   [Ada]          util-concurrent-locks.adb
   [Ada]          util-executors.adb
   [Ada]          util.ads
   [Ada]          util-locales.adb
   [Ada]          util-algorithms.ads
   [Ada]          util-refs.adb
   [Ada]          util-stacks.adb
   [Ada]          util-nullables.ads
   [Ada]          util-blobs.adb
   [Ada]          wiki-nodes-lists.adb
   [Ada]          wiki-parsers-creole.adb
   [Ada]          wiki-streams.ads
   [Ada]          wiki-utils.adb
   [Ada]          wiki-attributes.adb
   [Ada]          wiki-filters-variables.adb
   [Ada]          wiki-filters-autolink.adb
   [Ada]          wiki-nodes.adb
   [Ada]          wiki-helpers-parser.adb
wiki-helpers-parser.adb:18:06: warning: unnecessary with of ancestor [-gnatwr]
   [Ada]          wiki-plugins-templates.adb
   [Ada]          wiki-filters-collectors.adb
   [Ada]          wiki.adb
   [Ada]          wiki-streams-html-stream.adb
   [Ada]          wiki-streams-builders.adb
   [Ada]          wiki-strings.adb
   [Ada]          wiki-helpers.adb
   [Ada]          wiki-html_parser.adb
   [Ada]          wiki-filters-html.adb
   [Ada]          wiki-parsers-textile.adb
   [Ada]          wiki-filters.adb
   [Ada]          wiki-html_parser-entities.ads
   [Ada]          wiki-filters-toc.adb
   [Ada]          wiki-parsers.adb
   [Ada]          wiki-documents.adb
   [Ada]          wiki-parsers-common.adb
   [Ada]          wiki-render-html.adb
   [Ada]          wiki-parsers-markdown.adb
   [Ada]          wiki-parsers-google.adb
   [Ada]          wiki-render-text.adb
   [Ada]          wiki-streams-html-text_io.ads
   [Ada]          wiki-streams-html.adb
   [Ada]          wiki-streams-html-builders.ads
   [Ada]          wiki-render-wiki.adb
   [Ada]          wiki-render-links.adb
   [Ada]          wiki-parsers-html.adb
   [Ada]          wiki-nodes-dump.adb
   [Ada]          wiki-buffers.adb
   [Ada]          wiki-streams-text_io.adb
   [Ada]          wiki-parsers-mediawiki.adb
   [Ada]          wiki-plugins.ads
   [Ada]          wiki-parsers-dotclear.adb
   [Ada]          wiki-render.adb
   [Ada]          wiki-plugins-variables.adb
   [Ada]          wiki-plugins-conditions.adb
Build Libraries
   [gprlib]       utilada_core.lexch
   [gprlib]       wikiada.lexch
   [archive]      libutilada_core.a
   [index]        libutilada_core.a
   [archive]      libwikiada.a
   [index]        libwikiada.a
Build finished successfully in 7.15 seconds.

wikiada=1.4.0 successfully retrieved and built.
Dependencies were solved as follows:

   + utilada 2.5.0 (new)
Found declared GPR file: .alire/wikiada.gpr
