Test ran at 2024-03-26 13:08:35.199728+00:00

SOLUTION:
labs_radar=0.2.0: Introductory Ada exercises based around a fake radar codebase
Origin: commit 75a4fda02b2e968dff1e3fb361a0b286f6358344 from https://github.com/adacore/training_labs_radar.git
Properties:
   Author: Léo Germond
   Description: Introductory Ada exercises based around a fake radar codebase
   License: Apache-2.0
   Maintainer: Léo Germond <germond@adacore.com>
   Maintainers_Logins: leogermond
   Name: labs_radar
   Tag: training
   Tag: labs
   Version: 0.2.0
   Website: https://github.com/adacore/training_labs_radar


LOG:
Note: Deploying labs_radar=0.2.0...
Note: Building labs_radar/labs_radar.gpr...
Setup
   [mkdir]        object directory for project Labs_Radar
Compile
   [Ada]          declarations_main.adb
Bind
   [gprbind]      declarations_main.bexch
   [Ada]          declarations_main.ali
Link
   [link]         declarations_main.adb
Build finished successfully in 0.49 seconds.

labs_radar=0.2.0 successfully retrieved and built.
There are no dependencies.
Found declared GPR file: labs_radar.gpr
