Test ran at 2023-02-27 13:15:57.883677+00:00

SOLUTION:
euler_tools=1.0.1: Assortment of mathematical functions to solve Project Euler problems.
Origin: commit 6e644221c887e1ca63017319e6654378dbd5e036 from https://github.com/rocher/euler_tools.git
Properties:
   Author: Francesc Rocher
   Description: Assortment of mathematical functions to solve Project Euler problems.
   License: MIT
   Maintainer: Francesc Rocher <francesc.rocher@gmail.com>
   Maintainers_Logins: rocher
   Name: euler_tools
   Tag: project-euler
   Tag: mathematics
   Version: 1.0.1
   Website: https://github.com/rocher/euler_tools
Dependencies (direct):
   gnat>=2021 | (>=12 & <2000)
Dependencies (external):
   gnat>=2021 | (>=12 & <2000) (direct,hinted)
Dependencies (graph):
   euler_tools=1.0.1 --> gnat>=2021 | (>=12 & <2000)
Dependencies cannot be met


LOG:
