Test ran at 2023-12-11 13:15:57.458061+00:00

SOLUTION:
gtkada=23.0.0: An Ada graphical toolkit based on Gtk+
Origin: source archive gtkada-23.0.0.zip at https://github.com/AdaCore/gtkada/archive/v23.0.0/gtkada-23.0.0.zip with hash sha512:bac4d634733d53bb0b9578ec1eecc5886aacb3177265e220e32dfffe33dc8f6e833741cf0fb952ee557ca7f06dc4e33bc26f749fa05c77e3cb3c5039ff4e1ab7
Properties:
   Post_Fetch run: ${CRATE_DIR}/./bash -c PATH=${DISTRIB_ROOT}/mingw64/bin:${PATH} ./configure
   Post_Fetch run: ${CRATE_DIR}/./make src/gtkada-intl.adb
   Author: AdaCore
   Configuration: no modifiers
   Description: An Ada graphical toolkit based on Gtk+
   case OS is
      when Windows => Environment: PATH=${PATH}:${CRATE_ROOT}/src/obj/gtkada/relocatable
   GPR Scenario: LIBRARY_TYPE := static | static-pic | relocatable
   License: GPL-3.0-or-later WITH GCC-exception-3.1
   Long_Description: This crate requires Gtk3+ >= 3.24.24
   Maintainer: chouteau@adacore.com
   Maintainer: reznikmm@gmail.com
   Maintainers_Logins: Fabien-Chouteau
   Maintainers_Logins: reznikmm
   Name: gtkada
   Project_File: src/gtkada.gpr
   Tag: gtk
   Tag: gui
   Version: 23.0.0
   Website: https://github.com/adacore/gtkada
Dependencies (direct):
   libgtk3>=3.24.24
   make*
   pkg_config*
Dependencies (solution):
   libgtk3=3.24.38
   make=4.4.0
   pkg_config=1.8.0
Dependencies (graph):
   gtkada=23.0.0 --> libgtk3=3.24.38 (>=3.24.24)
   gtkada=23.0.0 --> make=4.4.0 (*)             
   gtkada=23.0.0 --> pkg_config=1.8.0 (*)       


LOG:
Note: Deploying gtkada=23.0.0...
#=#=#                                                                         
##O#-#                                                                        
##=O#- #                                                                      
# #=O#- #                                                                     
 # #=O#-  #                                                                   
  # #=O=#   #                                                                 
   # #=O=#   #                                                                
    # -#O=-#   #                                                              
     # -#O=- #   #                                                            
      # -=#=- #    #                                                          
Note: Deploying libgtk3=3.24.38...
Note: Deploying make=4.4.0...
Note: Deploying pkg_config=1.8.0...
Note: Running post_fetch actions for gtkada=23.0.0...
checking build system type... x86_64-pc-linux-gnu
checking host system type... x86_64-pc-linux-gnu
checking target system type... x86_64-pc-linux-gnu
checking for pkg-config... /usr/bin/pkg-config
checking pkg-config is at least version 0.9.0... yes
checking for gcc... gcc
checking whether the C compiler works... yes
checking for C compiler default output file name... a.out
checking for suffix of executables... 
checking whether we are cross compiling... no
checking for suffix of object files... o
checking whether we are using the GNU C compiler... yes
checking whether gcc accepts -g... yes
checking for gcc option to accept ISO C89... none needed
checking for gprbuild... /usr/bin/gprbuild
checking for gprinstall... /usr/bin/gprinstall
checking that your gnat compiler works with a simple example... yes
checking whether NLS is requested... yes
checking for gettext in libc... yes
checking for GTK... yes
checking for pkg-config... (cached) /usr/bin/pkg-config
checking pkg-config is at least version 0.16... yes
checking for GTK+ - version >= 3.24.24... yes (version 3.24.38)
checking for GMODULE... yes
checking for FONTCONFIG... yes
configure: creating ./config.status
config.status: creating Makefile
config.status: creating shared.gpr
config.status: creating po/Makefile
config.status: creating docs/gtkada_rm/html/static/index.html
configure: --------- Summary for Gtkada 18.0w -----------------
configure:   Shared libraries:       yes (default: static)
configure: --------------------------------------------
gnatprep -DGETTEXT_INTL=False -DHAVE_GETTEXT=True src/gtkada-intl.gpb src/gtkada-intl.adb
Note: Building gtkada/src/gtkada.gpr...
Setup
   [mkdir]        object directory for project GtkAda
   [mkdir]        library directory for project GtkAda
Compile
   [Ada]          gtk-text_child.adb
   [Ada]          gtk-arguments.adb
   [Ada]          gdk-input.ads
   [Ada]          gtkada-c.adb
   [Ada]          gtkada-intl.adb
   [Ada]          cairo-surface.adb
   [Ada]          glib-enums.ads
   [Ada]          gtkada-canvas_view-rtrees.adb
   [Ada]          gdk-types-keysyms.ads
   [Ada]          glib-generic_properties.adb
   [Ada]          gtk-type_conversion.adb
   [Ada]          cairo-region.adb
   [Ada]          glib-values.adb
   [Ada]          pango.ads
   [Ada]          glib-xml_int.ads
   [Ada]          gtk-marshallers.adb
   [Ada]          fontconfig.adb
   [Ada]          cairo-pdf.adb
   [Ada]          gtkada-bindings.adb
   [Ada]          cairo-scaled_font.ads
   [Ada]          gtkada-canvas_view-astar.adb
   [Ada]          gdk-pixbuf.adb
   [Ada]          pango-cairo.adb
   [Ada]          glib-graphs.adb
   [Ada]          gtkada-multiline_entry.adb
   [Ada]          gtkada-application.adb
   [Ada]          gtkada-pixmaps.ads
   [Ada]          gtkada-style.adb
   [Ada]          glib-error.adb
   [Ada]          gtk-handlers.adb
   [Ada]          glib-glist.adb
   [Ada]          glib.adb
   [Ada]          glib-messages.adb
   [Ada]          gdk-visual.adb
   [Ada]          gtk-tree_model-utils.adb
   [Ada]          gdk-keyval.adb
   [Ada]          cairo-image_surface.adb
   [Ada]          gtkada-canvas_view-links.adb
   [Ada]          gtkada-canvas_view.adb
   [Ada]          gtkada-canvas.adb
   [Ada]          cairo-matrix.ads
   [Ada]          glib-gnodes.adb
   [Ada]          glib-module.adb
   [Ada]          glib-graphs-layouts.adb
   [Ada]          glib-properties-creation.adb
   [Ada]          gtkada-canvas_view-views.adb
   [Ada]          gdk-types.ads
   [Ada]          gtkada-abstract_list_model.adb
   [Ada]          glib-properties.adb
   [Ada]          gdk-threads.ads
   [Ada]          gdk-property.adb
   [Ada]          cairo-font_face.ads
   [Ada]          gtkada-abstract_tree_model.adb
   [Ada]          cairo-png.adb
   [Ada]          gtkada.ads
   [Ada]          gtkada-canvas_view-objects.adb
   [Ada]          gtk-bindings.adb
   [Ada]          gdk.ads
   [Ada]          gdk-main.adb
   [Ada]          gdk-cairo.adb
   [Ada]          gtkada-file_selection.adb
   [Ada]          gtkada-mdi.adb
   [Ada]          gtkada-canvas_view-models.adb
   [Ada]          gdk-dnd.adb
   [Ada]          glib-type_conversion_hooks.adb
   [Ada]          gtk-rc.adb
   [Ada]          cairo.adb
   [Ada]          gdk-rectangle.adb
   [Ada]          glib-convert.adb
   [Ada]          glib-key_file.adb
   [Ada]          cairo-svg.adb
   [Ada]          gtkada-builder.adb
   [Ada]          gtkada-types.adb
   [Ada]          cairo-font_options.adb
   [Ada]          gdk-display_manager.adb
   [Ada]          glib-unicode.adb
   [Ada]          glib-types.adb
   [Ada]          cairo-pattern.ads
   [Ada]          glib-main.adb
   [Ada]          gtkada-handlers.ads
   [Ada]          gtkada-canvas_view-models-layers.adb
   [Ada]          gtkada-dialogs.adb
   [Ada]          gtk-dnd.adb
   [Ada]          glib-xml.adb
   [Ada]          gdk-window_attr.adb
   [Ada]          gtkada-printing.adb
   [Ada]          glib-object.adb
   [Ada]          gtk.ads
   [Ada]          glib-gslist.adb
   [Ada]          gdk-color.adb
   [Ada]          gtkada-multi_paned.adb
   [Ada]          gtk-arrow.adb
   [Ada]          gtk-menu_item.adb
   [Ada]          gtk-target_entry.adb
   [Ada]          gtk-buildable.adb
   [Ada]          gdk-seat.adb
   [Ada]          gtk-box.adb
   [Ada]          gtk-flow_box.adb
   [Ada]          gtk-gradient.adb
   [Ada]          gtk-separator_menu_item.adb
   [Ada]          gtk-cell_renderer_text.adb
   [Ada]          gtk-vbutton_box.adb
   [Ada]          gtk-cell_view.adb
   [Ada]          gtk-css_section.adb
   [Ada]          gtk-hbutton_box.adb
   [Ada]          gtk-font_button.adb
   [Ada]          glib-action_map.adb
   [Ada]          gtk-toggle_action.adb
   [Ada]          glib-simple_action.adb
   [Ada]          gtk-css_provider.adb
   [Ada]          pango-enums.adb
   [Ada]          gtk-notebook.adb
   [Ada]          gtk-aspect_frame.adb
   [Ada]          gdk-display.adb
   [Ada]          gtk-tool_button.adb
   [Ada]          gtk-hsv.adb
   [Ada]          gtk-file_filter.adb
   [Ada]          gtk-text_tag.adb
   [Ada]          gtk-accel_map.adb
   [Ada]          gdk-device_tool.adb
   [Ada]          gdk-monitor.adb
   [Ada]          gtk-cell_area_box.adb
   [Ada]          gtk-toggle_button.adb
   [Ada]          gdk-drag_contexts.adb
   [Ada]          gdk-cursor.adb
   [Ada]          gtk-tree_sortable.adb
   [Ada]          gtk-print_operation_preview.adb
   [Ada]          gtk-cell_renderer_toggle.adb
   [Ada]          gtk-calendar.adb
   [Ada]          gtk-container.adb
   [Ada]          gtk-grange.adb
   [Ada]          gtk-recent_info.adb
   [Ada]          gtk-expander.adb
   [Ada]          gtk-im_multi_context.adb
   [Ada]          gtk-paned.adb
   [Ada]          gtk-gesture_single.adb
   [Ada]          gdk-frame_timings.adb
   [Ada]          gtk-gesture_swipe.adb
   [Ada]          pango-layout.adb
   [Ada]          gtk-about_dialog.adb
   [Ada]          gtk-menu_shell.adb
   [Ada]          gtk-list_store.adb
   [Ada]          gtk-frame.adb
   [Ada]          gtk-gesture_drag.adb
   [Ada]          gtk-header_bar.adb
   [Ada]          gtk-recent_manager.adb
   [Ada]          gtk-im_context_simple.adb
   [Ada]          glib-poll.adb
   [Ada]          gtk-tool_item_group.adb
   [Ada]          gtk-tree_view.adb
   [Ada]          gtk-color_selection.adb
   [Ada]          gtk-tool_palette.adb
   [Ada]          gdk-drawing_context.adb
   [Ada]          gtk-stack.adb
   [Ada]          gtk-font_chooser_widget.adb
   [Ada]          gtk-binding_set.adb
   [Ada]          glib-notification.adb
   [Ada]          gtk-volume_button.adb
   [Ada]          gtk-recent_chooser_menu.adb
   [Ada]          gtk-gesture_multi_press.adb
   [Ada]          gtk-symbolic_color.adb
   [Ada]          gtk-im_context.adb
   [Ada]          gtk-invisible.adb
   [Ada]          gtk-window.adb
   [Ada]          glib-application.adb
   [Ada]          gtk-text_buffer.adb
   [Ada]          gtk-editable.adb
   [Ada]          gtk-offscreen_window.adb
   [Ada]          pango-font_face.adb
   [Ada]          gtk-size_group.adb
   [Ada]          gtk-print_context.adb
   [Ada]          gtk-assistant.adb
   [Ada]          gtk-link_button.adb
   [Ada]          gtk-cell_editable.adb
   [Ada]          gtk-gesture_zoom.adb
   [Ada]          pango-matrix.adb
   [Ada]          gtk-check_menu_item.adb
   [Ada]          glib-option.adb
   [Ada]          gtk-ui_manager.adb
   [Ada]          gtk-menu_bar.adb
   [Ada]          gtk-tree_row_reference.adb
   [Ada]          gtk-menu_tool_button.adb
   [Ada]          gtk-file_chooser.adb
   [Ada]          glib-utils.adb
   [Ada]          gtk-misc.adb
   [Ada]          gtk-image_menu_item.adb
   [Ada]          pango-fontset.adb
   [Ada]          gtk-icon_factory.adb
   [Ada]          pango-font_family.adb
   [Ada]          gtk-enums.adb
   [Ada]          gtk-layout.adb
   [Ada]          gtk-selection_data.adb
   [Ada]          gtk-bin.adb
   [Ada]          gtk-check_button.adb
   [Ada]          gtk-font_selection.adb
   [Ada]          gtk-tree_model_filter.adb
gtk-enums.adb:38:04: warning: possible aliasing problem for type "Chars_Ptr" [enabled by default]
gtk-enums.adb:38:04: warning: use -fno-strict-aliasing switch for references [enabled by default]
gtk-enums.adb:38:04: warning: or use "pragma No_Strict_Aliasing (Chars_Ptr);" [enabled by default]
   [Ada]          gtk-dialog.adb
   [Ada]          gtk-tree_drag_dest.adb
   [Ada]          gtk-action.adb
   [Ada]          gtk-overlay.adb
   [Ada]          gtk-radio_button.adb
   [Ada]          gtk-application.adb
   [Ada]          gtk-actionable.adb
   [Ada]          gdk-glcontext.adb
   [Ada]          gtk-file_chooser_widget.adb
   [Ada]          gtk-combo_box.adb
   [Ada]          gtk-font_chooser.adb
   [Ada]          gtk-combo_box_text.adb
   [Ada]          glib-string.adb
   [Ada]          gtk-message_dialog.adb
   [Ada]          pango-font.adb
   [Ada]          gtk-widget.adb
   [Ada]          pango-font_map.adb
   [Ada]          gtk-style_context.adb
   [Ada]          gtk-action_bar.adb
   [Ada]          gtk-builder.adb
   [Ada]          gtk-radio_menu_item.adb
   [Ada]          gtk-separator_tool_item.adb
   [Ada]          gtk-alignment.adb
   [Ada]          gtk-cell_renderer_combo.adb
   [Ada]          gtk-radio_tool_button.adb
   [Ada]          gtk-tree_view_column.adb
   [Ada]          pango-attributes.adb
   [Ada]          gtk-stock.adb
   [Ada]          gtk-print_operation.adb
   [Ada]          gtk-icon_set.adb
   [Ada]          gtk-search_bar.adb
   [Ada]          gtk-cell_renderer_spinner.adb
   [Ada]          gtk-gesture_rotate.adb
   [Ada]          gtk-scale_button.adb
   [Ada]          gtk-accel_label.adb
   [Ada]          gtk-tree_store.adb
   [Ada]          pango-tabs.adb
   [Ada]          pango-font_metrics.adb
   [Ada]          gtk-tree_drag_source.adb
   [Ada]          gtk-activatable.adb
   [Ada]          gtk-adjustment.adb
   [Ada]          gtk-shortcuts_window.adb
   [Ada]          pango-context.adb
   [Ada]          gdk-screen.adb
   [Ada]          gtk-cell_renderer_accel.adb
   [Ada]          gtk-icon_source.adb
   [Ada]          gtk-menu.adb
   [Ada]          gtk-target_list.adb
   [Ada]          gtk-orientable.adb
   [Ada]          glib-menu_model.adb
   [Ada]          gtk-gesture.adb
   [Ada]          gtk-cell_area.adb
   [Ada]          gtk-revealer.adb
   [Ada]          gtk-font_selection_dialog.adb
   [Ada]          gdk-rgba.adb
   [Ada]          glib-list_model.adb
   [Ada]          gtk-image.adb
   [Ada]          gtk-tree_model.adb
   [Ada]          gtk-label.adb
   [Ada]          gtk-text_attributes.adb
   [Ada]          gtk-color_chooser.adb
   [Ada]          gtk-entry_buffer.adb
   [Ada]          gtk-switch.adb
   [Ada]          gtk-text_tag_table.adb
   [Ada]          gtk-scale.adb
   [Ada]          gtk-application_window.adb
   [Ada]          glib-spawn.adb
   [Ada]          gtk-file_chooser_button.adb
   [Ada]          gtk-text_view.adb
   [Ada]          gtk-toggle_tool_button.adb
   [Ada]          gtk-recent_action.adb
   [Ada]          gtk-separator.adb
   [Ada]          glib-cancellable.adb
   [Ada]          gtk-table.adb
   [Ada]          gtk-tree_selection.adb
   [Ada]          gtk-gentry.adb
   [Ada]          gtk-cell_renderer_progress.adb
   [Ada]          gtk-text_child_anchor.adb
   [Ada]          gtk-recent_chooser.adb
   [Ada]          gtk-progress_bar.adb
   [Ada]          gtk-color_button.adb
   [Ada]          gtk-gesture_long_press.adb
   [Ada]          gtk-tool_item.adb
   [Ada]          gtk-list_box.adb
   [Ada]          gtk-entry_completion.adb
   [Ada]          gtk-event_controller.adb
   [Ada]          gdk-frame_clock.adb
   [Ada]          gtk-fixed.adb
   [Ada]          gtk-clipboard.adb
   [Ada]          gtk-gesture_pan.adb
   [Ada]          gtk-theming_engine.adb
   [Ada]          pango-coverage.adb
   [Ada]          gtk-tearoff_menu_item.adb
   [Ada]          gdk-event.adb
   [Ada]          gtk-grid.adb
   [Ada]          gtk-status_icon.adb
   [Ada]          gtk-event_box.adb
   [Ada]          gtk-paper_size.adb
   [Ada]          gtk-cell_renderer_pixbuf.adb
   [Ada]          gtk-recent_chooser_dialog.adb
   [Ada]          gtk-glarea.adb
   [Ada]          gtk-cell_renderer.adb
   [Ada]          gtk-popover.adb
   [Ada]          gtk-page_setup.adb
   [Ada]          gtk-font_chooser_dialog.adb
   [Ada]          glib-menu.adb
   [Ada]          gtk-toolbar.adb
   [Ada]          glib-variant.adb
   [Ada]          gtk-scrollable.adb
   [Ada]          gtk-tooltip.adb
   [Ada]          gtk-viewport.adb
   [Ada]          gtk-search_entry.adb
   [Ada]          gtk-info_bar.adb
   [Ada]          gtk-level_bar.adb
   [Ada]          gtk-scrolled_window.adb
   [Ada]          gtk-scrollbar.adb
   [Ada]          gtk-style_properties.adb
   [Ada]          gtk-color_chooser_dialog.adb
   [Ada]          gtk-accel_group.adb
   [Ada]          gtk-color_selection_dialog.adb
   [Ada]          gtk-status_bar.adb
   [Ada]          gtk-tree_model_sort.adb
   [Ada]          gtk-print_settings.adb
   [Ada]          glib-action_group.adb
   [Ada]          gtk-list_box_row.adb
   [Ada]          gtk-stack_switcher.adb
   [Ada]          gtk-tool_shell.adb
   [Ada]          glib-iochannel.adb
   [Ada]          gdk-device_manager.adb
   [Ada]          gtk-style_provider.adb
   [Ada]          gtk-style.adb
   [Ada]          gtk-settings.adb
   [Ada]          gtk-handle_box.adb
   [Ada]          gtk-main.adb
   [Ada]          pango-language.adb
   [Ada]          gtk-menu_button.adb
   [Ada]          gtk-icon_theme.adb
   [Ada]          gdk-window.adb
   [Ada]          gtk-spin_button.adb
   [Ada]          gdk-device.adb
   [Ada]          gtk-recent_filter.adb
   [Ada]          gtk-button.adb
   [Ada]          gtk-cell_area_context.adb
   [Ada]          gtk-cell_layout.adb
   [Ada]          gtk-cell_renderer_spin.adb
   [Ada]          gtk-icon_view.adb
   [Ada]          gtk-text_iter.adb
   [Ada]          gtk-file_chooser_dialog.adb
   [Ada]          gtk-color_chooser_widget.adb
   [Ada]          glib-simple_action_group.adb
   [Ada]          glib-action.adb
   [Ada]          gtk-spinner.adb
   [Ada]          glib-g_icon.adb
   [Ada]          gtk-text_mark.adb
   [Ada]          gtk-drawing_area.adb
   [Ada]          gtk-radio_action.adb
   [Ada]          gtk-action_group.adb
   [Ada]          gtk-recent_chooser_widget.adb
   [Ada]          gtk-flow_box_child.adb
   [Ada]          gtk-button_box.adb
   [C]            misc.c
   [C]            misc_generated.c
/home/runner/work/alire-crates-ci/alire-crates-ci/test/eaee3c03-ed6b-4d3d-a77b-a17e2ce75f0a/gtkada_23.0.0_bac4d634/src/misc.c: In function ‘ada_g_module_build_path’:
/home/runner/work/alire-crates-ci/alire-crates-ci/test/eaee3c03-ed6b-4d3d-a77b-a17e2ce75f0a/gtkada_23.0.0_bac4d634/src/misc.c:216:3: warning: ‘g_module_build_path’ is deprecated [-Wdeprecated-declarations]
  216 |   return g_module_build_path (directory, module_name);
      |   ^~~~~~
In file included from /usr/include/glib-2.0/gio/giomodule.h:31,
                 from /usr/include/glib-2.0/gio/gio.h:102,
                 from /usr/include/gtk-3.0/gdk/gdkapplaunchcontext.h:28,
                 from /usr/include/gtk-3.0/gdk/gdk.h:32,
                 from /home/runner/work/alire-crates-ci/alire-crates-ci/test/eaee3c03-ed6b-4d3d-a77b-a17e2ce75f0a/gtkada_23.0.0_bac4d634/src/misc.c:38:
/usr/include/glib-2.0/gmodule.h:142:23: note: declared here
  142 | gchar*                g_module_build_path    (const gchar  *directory,
      |                       ^~~~~~~~~~~~~~~~~~~
Build Libraries
   [gprlib]       gtkada.lexch
   [archive]      libgtkada.a
   [index]        libgtkada.a
Build finished successfully in 72.58 seconds.

gtkada=23.0.0 successfully retrieved and built.
Dependencies were solved as follows:

   + libgtk3    3.24.38 (new)
   + make       4.4.0   (new)
   + pkg_config 1.8.0   (new)
Found declared GPR file: src/gtkada.gpr
