Test ran at 2024-09-17 12:35:53.240290+00:00

SOLUTION:
remoteio=1.20962.1: Remote I/O Protocol Client Library for GNAT Ada
Origin: source archive remoteio-1.20962.1.tbz2 at http://repo.munts.com/alire/remoteio-1.20962.1.tbz2 with hashes sha256:089ec9febb5c471c4e1a8def0b8261ea0f29eb4deecf0fd43f8037d8deffb07e, sha512:bd58002bd029021d202c8c4e603d8aef78aec36aa4b62e88cb1c4c9dc27a0fc137ceb136860944142378057c6a0efc38eff8c16683b42ed8ecb7c2ac71b66333
Available when: (case OS is Linux => True, Macos => True, Windows => True, others => False)
Properties:
   case OS is
      when Linux => Post_Fetch run: ${CRATE_DIR}/./sh -c ./src/scripts/postfetch.linux
      when Macos => Post_Fetch run: ${CRATE_DIR}/./sh -c ./src/scripts/postfetch.macos
      when Windows => Post_Fetch run: ${CRATE_DIR}/./sh -c ./src/scripts/postfetch.windows
   Author: Philip Munts
   Description: Remote I/O Protocol Client Library for GNAT Ada
   License: BSD-1-Clause
   Maintainer: Philip Munts <phil@munts.net>
   Maintainers_Logins: pmunts
   Name: remoteio
   Project_File: remoteio.gpr
   Tag: embedded
   Tag: linux
   Tag: remoteio
   Tag: adc
   Tag: dac
   Tag: gpio
   Tag: i2c
   Tag: motor
   Tag: pwm
   Tag: sensor
   Tag: serial
   Tag: servo
   Tag: spi
   Tag: stepper
   Version: 1.20962.1
   Website: https://github.com/pmunts/libsimpleio
Dependencies (direct):
   case OS is
      when Linux => libhidapi*
   case OS is
      when Linux => libusb*
Dependencies (solution):
   libhidapi=0.11.2
   libusb=1.0.25
Dependencies (graph):
   remoteio=1.20962.1 --> libhidapi=0.11.2 (*)
   remoteio=1.20962.1 --> libusb=1.0.25 (*)   


LOG:
Note: Deploying remoteio=1.20962.1...

#################################                                         46.7%
######################################################################## 100.0%
Note: Deploying libhidapi=0.11.2...
Note: Deploying libusb=1.0.25...
Note: Running post_fetch actions for remoteio=1.20962.1...
Note: Building remoteio/remoteio.gpr...
Setup
   [mkdir]        object directory for project RemoteIO
   [mkdir]        library directory for project RemoteIO
Compile
   [Ada]          clickboard-leds_8x8-remoteio.adb
   [Ada]          clickboard-relay-remoteio.adb
   [Ada]          clickboard-expand2-remoteio.adb
   [Ada]          clickboard-thermo3-remoteio.adb
   [Ada]          clickboard-altitude-remoteio.adb
   [Ada]          clickboard-sevensegment-remoteio.adb
   [Ada]          clickboard-pwm_click-remoteio.adb
   [Ada]          clickboard-expand-remoteio.adb
   [Ada]          clickboard-adc-remoteio.adb
   [Ada]          clickboard-htu21d-remoteio.adb
   [Ada]          clickboard-remoteio.adb
   [Ada]          clickboard-thermo-remoteio.adb
   [Ada]          clickboard-servers.adb
   [Ada]          clickboard.ads
   [Ada]          clickboard-adc.adb
   [Ada]          clickboard-thermo3.ads
   [Ada]          clickboard-expand2.adb
   [Ada]          clickboard-altitude.ads
   [Ada]          clickboard-pwm_click.ads
   [Ada]          clickboard-expand.adb
   [Ada]          clickboard-thermo.ads
   [Ada]          clickboard-sevensegment.adb
   [Ada]          clickboard-htu21d.ads
   [Ada]          clickboard-relay.ads
   [Ada]          clickboard-template.ads
   [Ada]          clickboard-leds_8x8.adb
   [Ada]          adc-remoteio.adb
   [Ada]          remoteio-beaglebone.ads
   [Ada]          remoteio-munts_0016.ads
   [Ada]          remoteio-munts_0015.ads
   [Ada]          spi-remoteio.adb
   [Ada]          dac-remoteio.adb
   [Ada]          gpio-remoteio.adb
   [Ada]          remoteio-munts_0009.ads
   [Ada]          remoteio-lpc1114-timers.adb
   [Ada]          remoteio-client-stream.ads
   [Ada]          remoteio-pocketbeagle.ads
   [Ada]          remoteio-arduino.ads
   [Ada]          remoteio-client-serial.adb
   [Ada]          remoteio-client-udp.ads
   [Ada]          remoteio-client-libusb.ads
   [Ada]          remoteio-munts_0008.ads
   [Ada]          i2c-remoteio.adb
   [Ada]          remoteio-client.adb
   [Ada]          pwm-remoteio.adb
   [Ada]          remoteio-lpc1114-pwm.adb
   [Ada]          remoteio-munts_0018.ads
   [Ada]          remoteio-lpc1114-gpio.adb
   [Ada]          remoteio-lpc1114-adc.adb
   [Ada]          remoteio-lpc1114.adb
   [Ada]          remoteio-raspberrypi.ads
   [Ada]          remoteio-abstract_device.adb
   [Ada]          remoteio-lpc1114-legorc.adb
   [Ada]          remoteio-client-hidapi.ads
   [Ada]          remoteio.ads
   [Ada]          messaging-fixed-gnat_udp.adb
   [Ada]          motor-servo.adb
   [Ada]          reference_counted_table.adb
   [Ada]          motor-legorc.adb
   [Ada]          message64-udp.ads
   [Ada]          debug.adb
   [Ada]          message64-stream.ads
   [Ada]          gpio-pwm.adb
   [Ada]          hid-hidapi.adb
   [Ada]          messaging-fixed-ada_streams.adb
   [Ada]          servo-pwm.ads
   [Ada]          hid-libusb.adb
   [Ada]          stream_framing_protocol.adb
   [Ada]          motor-pwm.adb
   [Ada]          thermistor.adb
   [Ada]          dac.adb
   [Ada]          pwm.ads
   [Ada]          servo-pwm_template.adb
   [Ada]          joystick.ads
   [Ada]          magnetometer.ads
   [Ada]          spi.ads
   [Ada]          analog.ads
   [Ada]          angle.ads
   [Ada]          io_interfaces.ads
   [Ada]          temperature.ads
   [Ada]          voltage.ads
   [Ada]          watchdog.ads
   [Ada]          motor.ads
   [Ada]          pressure.ads
   [Ada]          logging.ads
   [Ada]          resistance.ads
   [Ada]          accelerometer.ads
   [Ada]          truecolor.ads
   [Ada]          i2c.adb
   [Ada]          gyroscope.ads
   [Ada]          stepper.ads
   [Ada]          message64.ads
   [Ada]          servo.ads
   [Ada]          messaging.adb
   [Ada]          adc.adb
   [Ada]          messaging-fixed.ads
   [Ada]          hid.adb
   [Ada]          messaging-text.ads
   [Ada]          legorc.ads
   [Ada]          gpio.ads
   [Ada]          humidity.ads
   [Ada]          mcp23x17-word.adb
   [Ada]          tlc1543.adb
   [Ada]          lsm9ds1.adb
   [Ada]          tcs3472.adb
   [Ada]          mpl3115a2.adb
   [Ada]          mcp4822.adb
   [Ada]          th02.adb
   [Ada]          grove_tb6612-stepper.adb
   [Ada]          grove_adc.ads
lsm9ds1.adb:154:12: warning: function "ReadRegister" is not referenced
lsm9ds1.adb:250:16: warning: formal parameter "Self" is not referenced
   [Ada]          mcp3208.adb
   [Ada]          max31855.adb
   [Ada]          cytron_md13s.adb
   [Ada]          a4988.adb
   [Ada]          pca8574.adb
   [Ada]          grove_temperature.adb
   [Ada]          max7219.adb
   [Ada]          grove_temperature_humidity.ads
   [Ada]          pca9685-gpio.adb
   [Ada]          adc121c021.adb
   [Ada]          hdc1080.adb
   [Ada]          hid-munts.ads
   [Ada]          pca9685-pwm.adb
   [Ada]          mcp23x17.adb
   [Ada]          grove_tb6612-motor.adb
   [Ada]          tmp102.adb
   [Ada]          hts221.adb
   [Ada]          mcp3202.adb
   [Ada]          pca9685.adb
   [Ada]          mcp3204.adb
   [Ada]          grove_tb6612.adb
   [Ada]          ads1015.adb
   [Ada]          lps25h.adb
   [Ada]          pca9534.adb
   [Ada]          htu21d.adb
   [Ada]          pca8574-gpio.adb
   [Ada]          mcp23x17-byte.adb
   [Ada]          pca9534-gpio.adb
   [Ada]          bmp280.adb
   [Ada]          mcp23x17-gpio.adb
   [Ada]          errno.ads
   [Ada]          remoteio_config.ads
Build Libraries
   [gprlib]       remoteio.lexch
   [archive]      libremoteio.a
   [index]        libremoteio.a
Build finished successfully in 4.77 seconds.

remoteio=1.20962.1 successfully retrieved and built.
Dependencies were solved as follows:

   + libhidapi 0.11.2 (new)
   + libusb    1.0.25 (new)
Found declared GPR file: remoteio.gpr
