Test ran at 2022-06-20 01:14:48.627220+00:00

SOLUTION:
sha1=2.0.0: Secure Hash Algorithm 1 implemented in Ada
Origin: commit 0ab37e5c71289465fafe1324384a8ddcac256e5f from https://github.com/AntonMeep/sha1.git
Properties:
   Author: Anton Fediushin
   Description: Secure Hash Algorithm 1 implemented in Ada
   License: ISC
   Maintainer: Anton Fediushin <imantonmeep@gmail.com>
   Maintainers_Logins: AntonMeep
   Name: sha1
   Tag: cryptography
   Tag: security
   Tag: sha1
   Version: 2.0.0
   Website: https://github.com/AntonMeep/sha1


LOG:
Note: Deploying sha1=2.0.0...
Note: Building sha1/sha1.gpr...
Setup
   [mkdir]        object directory for project SHA1
   [mkdir]        library directory for project SHA1
Compile
   [Ada]          sha1.ads
   [Ada]          sha1_generic.adb
Build Libraries
   [gprlib]       sha1.lexch
   [archive]      libsha1.a
   [index]        libsha1.a
Build finished successfully in 0.46 seconds.

sha1=2.0.0 successfully retrieved and built.
There are no dependencies.
