Test ran at 2022-08-27 01:27:14.827831+00:00

SOLUTION:
utilada_aws=2.1.0: Utility Library REST support on top of AWS
Origin: source archive 2.1.0.tar.gz at https://github.com/stcarrez/ada-util/archive/2.1.0.tar.gz with hash sha512:56b450911111eef4ff0675021781e79c7be7c4063868c01a773a7bf5193202a58da3c5285924d2723c07f4d95df93b74f6fe3fb4d32ad718274ff3bce25601d3
Properties:
   Author: Stephane.Carrez@gmail.com
   Description: Utility Library REST support on top of AWS
   GPR Scenario: BUILD := distrib | debug | optimize | profile | coverage
   GPR Scenario: UTIL_LIBRARY_TYPE := relocatable | static | static-pic
   License: Apache-2.0
   Long_Description: 
[![Build Status](https://img.shields.io/jenkins/s/https/jenkins.vacs.fr/Ada-Util.svg)](https://jenkins.vacs.fr/job/Ada-Util/)
[![Test Status](https://img.shields.io/jenkins/t/https/jenkins.vacs.fr/Ada-Util.svg)](https://jenkins.vacs.fr/job/Ada-Util/)
[![codecov](https://codecov.io/gh/stcarrez/ada-util/branch/master/graph/badge.svg)](https://codecov.io/gh/stcarrez/ada-util)


This small library provides an HTTP backend on top of AWS.
It is can be used by the `Util.Http` package.

An alternate HTTP backend is provided by CURL with utilada_curl.


   Maintainer: Stephane.Carrez@gmail.com
   Maintainers_Logins: stcarrez
   Name: utilada_aws
   Project_File: .alire/aws/utilada_aws.gpr
   Tag: web
   Tag: http
   Version: 2.1.0
Dependencies (direct):
   utilada^2.1.0
Dependencies (solution):
   utilada=2.1.0
Dependencies (graph):
   utilada_aws=2.1.0 --> utilada=2.1.0 (^2.1.0)


LOG:
Note: Deploying utilada_aws=2.1.0...

################                                                          22.4%
######################################################################## 100.0%
Note: Deploying utilada=2.1.0...

######################################################################## 100.0%
Note: Building utilada_aws/.alire/aws/utilada_aws.gpr...
utilada_aws.gpr:3:06: imported project file "aws" not found
utilada_aws.gpr:37:25: wrong expression kind for attribute "library_kind"
utilada_aws.gpr:37:37: unknown variable "Library_Type"
gprbuild: "/home/runner/work/alire-crates-ci/alire-crates-ci/test/01880efd-a6f4-493c-9fda-616388e3ab13/utilada_aws_2.1.0_56b45091/.alire/aws/utilada_aws.gpr" processing failed
stderr: Command ["gprbuild", "-s", "-j0", "-p", "-P", "/home/runner/work/alire-crates-ci/alire-crates-ci/test/01880efd-a6f4-493c-9fda-616388e3ab13/utilada_aws_2.1.0_56b45091/.alire/aws/utilada_aws.gpr"] exited with code 4
ERROR: Command ["gprbuild", "-s", "-j0", "-p", "-P", "/home/runner/work/alire-crates-ci/alire-crates-ci/test/01880efd-a6f4-493c-9fda-616388e3ab13/utilada_aws_2.1.0_56b45091/.alire/aws/utilada_aws.gpr"] exited with code 4
stderr: ALIRE.CHECKED_ERROR
stderr: Command ["gprbuild", "-s", "-j0", "-p", "-P", "/home/runner/work/alire-crates-ci/alire-crates-ci/test/01880efd-a6f4-493c-9fda-616388e3ab13/utilada_aws_2.1.0_56b45091/.alire/aws/utilada_aws.gpr"] exited with code 4
stderr: raised ALIRE.CHECKED_ERROR : alire-stored-error:1
[/usr/bin/alr]
0xd65c78 Alire.Raise_Checked_Error at alire.adb:251
0xa2f08f Alire.Os_Lib.Subprocess.Checked_Spawn at alire-os_lib-subprocess.adb:110
0xc49318 Alire.Spawn.Command at alire-spawn.adb:21
0xc49a46 Alire.Spawn.Gprbuild at alire-spawn.adb:41
0xbada9c Alire.Roots.Build.Build_Single_Release.Call_Gprbuild at alire-roots.adb:140
0xbac0fb Alire.Roots.Build.Build_Single_Release at alire-roots.adb:171
0xbc7eaa Alire.Roots.Traverse.Traverse_Wrap at alire-roots.adb:1364
0xc11fbb Alire.Solutions.Traverse.Visit at alire-solutions.adb:1434
0xc10bd2 Alire.Solutions.Traverse at alire-solutions.adb:1509
0xbc7ff8 Alire.Roots.Traverse at alire-roots.adb:1368
0xbac48c Alire.Roots.Build at alire-roots.adb:196
0x48f1e4 Alr.Commands.Build.Execute at alr-commands-build.adb:58
0x49f50a Alr.Commands.Get.Retrieve at alr-commands-get.adb:187
0x4a3d27 Alr.Commands.Get.Execute at alr-commands-get.adb:348
0x52aa2e Alr.Commands.Sub_Cmd.Execute at clic-subcommand-instance.adb:742
0x53641f Alr.Commands.Execute at alr-commands.adb:492
0x42b9ca Alr.Main at alr-main.adb:10
0x42e297 Main at b__alr-main.adb:2132
[/lib64/libc.so.6]
0x7f1dbf24fca1
[/usr/bin/alr]
0x42b8a8 _start at ???
0xfffffffffffffffe


Warning: utilada_aws=2.1.0 successfully retrieved but its build failed.
Dependencies were solved as follows:

   + utilada 2.1.0 (new)
ERROR: Build ended with errors
