Test ran at 2024-06-11 13:07:53.467110+00:00

SOLUTION:
light_fk723m1_zgt6=0.1.0: FK723M1-ZGT6 Board Support Package for `light` GNAT Runtime
Origin: commit eec20f148f36b391afe63fbfde29ac8ba64bc903 from https://github.com/godunko/light-startup.git
Properties:
   Author: Vadim Godunko
   Configuration: no modifiers
   Description: FK723M1-ZGT6 Board Support Package for `light` GNAT Runtime
   License: Apache-2.0 WITH LLVM-exception
   Maintainer: Vadim Godunko <vgodunko@gmail.com>
   Maintainers_Logins: godunko
   Name: light_fk723m1_zgt6
   Project_File: gnat/fk723m1_zgt6_startup.gpr
   Tag: embedded
   Tag: bsp
   Tag: light
   Tag: stm32h723
   Tag: fk723m1
   Version: 0.1.0
Dependencies (direct):
   gnat_arm_elf*
Dependencies (solution):
   gnat_arm_elf=13.2.1 (installed)
Dependencies (graph):
   light_fk723m1_zgt6=0.1.0 --> gnat_arm_elf=13.2.1 (*)


LOG:
Note: Deploying light_fk723m1_zgt6=0.1.0...
Note: Deploying gnat_arm_elf=13.2.1...
#=#=#                                                                         
##O#-#                                                                        
##O=#  #                                                                      

                                                                           0.0%
#                                                                          1.5%
##                                                                         3.0%
###                                                                        4.5%
####                                                                       6.0%
#####                                                                      7.5%
######                                                                     9.0%
#######                                                                   10.4%
########                                                                  11.9%
#########                                                                 13.4%
##########                                                                14.9%
###########                                                               16.4%
############                                                              17.9%
#############                                                             19.4%
###############                                                           20.9%
################                                                          22.4%
#################                                                         23.9%
##################                                                        25.4%
###################                                                       26.9%
####################                                                      28.4%
#####################                                                     29.9%
######################                                                    31.4%
#######################                                                   32.8%
########################                                                  34.4%
#########################                                                 35.9%
##########################                                                37.4%
###########################                                               38.9%
#############################                                             40.4%
##############################                                            41.9%
###############################                                           43.4%
################################                                          45.0%
#################################                                         46.4%
##################################                                        48.0%
###################################                                       49.5%
####################################                                      51.0%
#####################################                                     52.5%
######################################                                    54.0%
########################################                                  55.6%
#########################################                                 57.0%
##########################################                                58.6%
###########################################                               60.1%
############################################                              61.6%
#############################################                             63.1%
##############################################                            64.6%
###############################################                           66.2%
################################################                          67.7%
#################################################                         69.2%
##################################################                        70.7%
###################################################                       72.2%
#####################################################                     73.7%
######################################################                    75.3%
#######################################################                   76.8%
########################################################                  78.3%
#########################################################                 79.8%
##########################################################                81.3%
###########################################################               82.8%
############################################################              84.3%
#############################################################             85.9%
##############################################################            87.4%
################################################################          88.9%
#################################################################         90.4%
##################################################################        91.9%
###################################################################       93.5%
####################################################################      95.0%
#####################################################################     96.5%
######################################################################    98.0%
#######################################################################   99.5%
######################################################################## 100.0%
Note: gnat_arm_elf=13.2.1 installed successfully.
Note: Building light_fk723m1_zgt6/gnat/fk723m1_zgt6_startup.gpr...
Setup
   [mkdir]        object directory for project FK723M1_ZGT6_Startup
   [mkdir]        library directory for project FK723M1_ZGT6_Startup
Compile
   [Ada]          system_armv7m-systick.ads
   [Ada]          system_types.ads
   [Ada]          system_armv7m-scb.ads
   [Ada]          system_armv7m-mpu.ads
   [Ada]          system_armv7m.adb
   [Ada]          system_armv7m-cmsis.adb
   [Ada]          system_armv7m-startup_utilities.adb
   [Ada]          system_armv7m-cm7.adb
   [Ada]          stm32h723-flash.ads
   [Ada]          system_stm32h723.adb
   [Ada]          stm32h723.ads
   [Ada]          stm32h723-pwr.ads
   [Ada]          stm32h723-rcc.ads
Build Libraries
   [gprlib]       fk723m1zgt6.lexch
   [archive]      libfk723m1zgt6.a
   [index]        libfk723m1zgt6.a
Build finished successfully in 0.82 seconds.

light_fk723m1_zgt6=0.1.0 successfully retrieved and built.
Dependencies were solved as follows:

   +i gnat_arm_elf 13.2.1 (new,installed)
Found declared GPR file: gnat/fk723m1_zgt6_startup.gpr
