Test ran at 2022-06-19 13:08:06.813604+00:00

SOLUTION:
optional=0.1.0: Optional values a la java.lang.Optional
Origin: commit 1aa0e20bf7cd010c4b59e6ab7cc4b089790b796e from https://github.com/mosteo/optional.git
Properties:
   Author: Alejandro R. Mosteo
   Description: Optional values a la java.lang.Optional
   License: LGPL-3.0-only
   Maintainer: Alejandro R. Mosteo <alejandro@mosteo.com>
   Maintainers_Logins: mosteo
   Name: optional
   Tag: optional
   Tag: functional
   Version: 0.1
   Website: https://github.com/mosteo/optional/


LOG:
Note: Deploying optional=0.1.0...
Note: Building optional/optional.gpr...
Setup
   [mkdir]        object directory for project Optional
   [mkdir]        library directory for project Optional
Compile
   [Ada]          optional-values.adb
   [Ada]          optional.ads
Build Libraries
   [gprlib]       optional.lexch
   [archive]      liboptional.a
   [index]        liboptional.a
Build finished successfully in 0.30 seconds.

optional=0.1.0 successfully retrieved and built.
There are no dependencies.
