Test ran at 2025-01-22 13:14:36.332630+00:00

SOLUTION:
eagle_lander=1.2.0: Apollo 11 lunar lander simulator
Origin: source archive eagle_lander-1.2.zip at https://github.com/Fabien-Chouteau/eagle-lander/releases/download/v1.2/eagle_lander-1.2.zip with hash sha512:578532c24f4945d9ca2372e769c534a6f6fd92293090cecc7ad798b8247a8f52ecd6ffdbf3dd2a12b4210f1401677c480f3e9d603b96418eece6ce461d1f0479
Properties:
   Description: Apollo 11 lunar lander simulator
   License: GPL-3.0-only
   Maintainer: fabien.choutea@gmail.com
   Maintainers_Logins: Fabien-Chouteau
   Name: eagle_lander
   Project_File: eagle_lander.gpr
   Tag: simulator
   Tag: game
   Tag: gtk
   Version: 1.2.0
Dependencies (direct):
   gtkada^21
Dependencies (external):
   gtkada^21 (direct,missed)
Dependencies (graph):
   eagle_lander=1.2.0 --> gtkada^21
Dependencies cannot be met


LOG:
