Test ran at 2023-10-15 13:12:24.829316+00:00

SOLUTION:
emacs_wisi=4.3.0: Ada code for Emacs wisi ELPA package
Origin: commit 5422a04736f6bb6bbd089ddb7348a870c0d545dd from https://git.savannah.nongnu.org/git/ada-mode.git
Properties:
   Author: Stephen Leake
   Description: Ada code for Emacs wisi ELPA package
   License: GPL-3.0-or-later
   Maintainer: Stephen Leake <stephen_leake@stephe-leake.org>
   Maintainers_Logins: stephe-ada-guru
   Name: emacs_wisi
   Project_File: wisi_alire.gpr
   Tag: emacs
   Tag: indent
   Tag: project
   Tag: compile
   Tag: xref
   Version: 4.3.0
   Website: https://elpa.gnu.org/packages/wisi.html
Dependencies (direct):
   gnat(>=11 & <2000) | >=2021
   stephes_ada_library~3.7.2
   wisitoken~4.2.0
Dependencies (solution):
   gnatcoll=22.0.0
   libgpr=22.0.0
   stephes_ada_library=3.7.3
   wisitoken=4.2.0
   xmlada=22.0.0
Dependencies (external):
   gnat((>=11 & <2000) | >=2021) & (/=2020) (direct,hinted)
Dependencies (graph):
   emacs_wisi=4.3.0          --> gnat(>=11 & <2000) | >=2021       
   emacs_wisi=4.3.0          --> stephes_ada_library=3.7.3 (~3.7.2)
   emacs_wisi=4.3.0          --> wisitoken=4.2.0 (~4.2.0)          
   gnatcoll=22.0.0           --> libgpr=22.0.0 (~22.0.0)           
   libgpr=22.0.0             --> gnat/=2020                        
   libgpr=22.0.0             --> xmlada=22.0.0 (~22.0.0)           
   stephes_ada_library=3.7.3 --> gnat(>=11 & <2000) | >=2021       
   wisitoken=4.2.0           --> gnat(>=11 & <2000) | >=2021       
   wisitoken=4.2.0           --> gnatcoll=22.0.0 (^22.0.0)         
   wisitoken=4.2.0           --> stephes_ada_library=3.7.3 (~3.7.2)
   xmlada=22.0.0             --> gnat>=11                          
Dependencies cannot be met


LOG:
