Test ran at 2024-12-10 00:43:03.292369+00:00

SOLUTION:
rtmidi=0.1.0: Ada "middleweight" binding for the rtMIDI library
Origin: commit bae317e44152832eb0e4b6883a34cddb19a6107a from https://github.com/Fabien-Chouteau/rtmidi_ada.git
Properties:
   Author: Fabien Chouteau
   Description: Ada "middleweight" binding for the rtMIDI library
   License: MIT
   Maintainer: Fabien Chouteau <fabien.chouteau@gmail.com>
   Maintainers_Logins: Fabien-Chouteau
   Name: rtmidi
   Tag: midi
   Tag: rtmidi
   Tag: music
   Version: 0.1.0
   Website: https://github.com/Fabien-Chouteau/rtmidi_ada
Dependencies (direct):
   librtmidi*
Dependencies (solution):
   librtmidi=5.0.0
Dependencies (graph):
   rtmidi=0.1.0 --> librtmidi=5.0.0 (*)


LOG:
Note: Deploying rtmidi=0.1.0...
Note: Deploying librtmidi=5.0.0...
The system package 'librtmidi-dev' is about to be installed.
This action might require admin privileges and impact your system installation.
Do you want Alire to install this system package?
Using default: Yes
(Reading database ... 
(Reading database ... 5%
(Reading database ... 10%
(Reading database ... 15%
(Reading database ... 20%
(Reading database ... 25%
(Reading database ... 30%
(Reading database ... 35%
(Reading database ... 40%
(Reading database ... 45%
(Reading database ... 50%
(Reading database ... 55%
(Reading database ... 60%
(Reading database ... 65%
(Reading database ... 70%
(Reading database ... 75%
(Reading database ... 80%
(Reading database ... 85%
(Reading database ... 90%
(Reading database ... 95%
(Reading database ... 100%
(Reading database ... 219316 files and directories currently installed.)
Preparing to unpack .../00-libglib2.0-data_2.80.0-6ubuntu3.2_all.deb ...
Unpacking libglib2.0-data (2.80.0-6ubuntu3.2) over (2.80.0-6ubuntu3.1) ...
Preparing to unpack .../01-libglib2.0-bin_2.80.0-6ubuntu3.2_amd64.deb ...
Unpacking libglib2.0-bin (2.80.0-6ubuntu3.2) over (2.80.0-6ubuntu3.1) ...
Preparing to unpack .../02-gir1.2-glib-2.0_2.80.0-6ubuntu3.2_amd64.deb ...
Unpacking gir1.2-glib-2.0:amd64 (2.80.0-6ubuntu3.2) over (2.80.0-6ubuntu3.1) ...
Preparing to unpack .../03-libglib2.0-0t64_2.80.0-6ubuntu3.2_amd64.deb ...
Unpacking libglib2.0-0t64:amd64 (2.80.0-6ubuntu3.2) over (2.80.0-6ubuntu3.1) ...
Selecting previously unselected package libasound2-dev:amd64.
Preparing to unpack .../04-libasound2-dev_1.2.11-1build2_amd64.deb ...
Unpacking libasound2-dev:amd64 (1.2.11-1build2) ...
Selecting previously unselected package libasyncns0:amd64.
Preparing to unpack .../05-libasyncns0_0.8-6build4_amd64.deb ...
Unpacking libasyncns0:amd64 (0.8-6build4) ...
Selecting previously unselected package libflac12t64:amd64.
Preparing to unpack .../06-libflac12t64_1.4.3+ds-2.1ubuntu2_amd64.deb ...
Unpacking libflac12t64:amd64 (1.4.3+ds-2.1ubuntu2) ...
Selecting previously unselected package libgirepository-2.0-0:amd64.
Preparing to unpack .../07-libgirepository-2.0-0_2.80.0-6ubuntu3.2_amd64.deb ...
Unpacking libgirepository-2.0-0:amd64 (2.80.0-6ubuntu3.2) ...
Selecting previously unselected package libglib2.0-dev-bin.
Preparing to unpack .../08-libglib2.0-dev-bin_2.80.0-6ubuntu3.2_amd64.deb ...
Unpacking libglib2.0-dev-bin (2.80.0-6ubuntu3.2) ...
Selecting previously unselected package uuid-dev:amd64.
Preparing to unpack .../09-uuid-dev_2.39.3-9ubuntu6.1_amd64.deb ...
Unpacking uuid-dev:amd64 (2.39.3-9ubuntu6.1) ...
Selecting previously unselected package libblkid-dev:amd64.
Preparing to unpack .../10-libblkid-dev_2.39.3-9ubuntu6.1_amd64.deb ...
Unpacking libblkid-dev:amd64 (2.39.3-9ubuntu6.1) ...
Selecting previously unselected package libsepol-dev:amd64.
Preparing to unpack .../11-libsepol-dev_3.5-2build1_amd64.deb ...
Unpacking libsepol-dev:amd64 (3.5-2build1) ...
Selecting previously unselected package libselinux1-dev:amd64.
Preparing to unpack .../12-libselinux1-dev_3.5-2ubuntu2_amd64.deb ...
Unpacking libselinux1-dev:amd64 (3.5-2ubuntu2) ...
Selecting previously unselected package libmount-dev:amd64.
Preparing to unpack .../13-libmount-dev_2.39.3-9ubuntu6.1_amd64.deb ...
Unpacking libmount-dev:amd64 (2.39.3-9ubuntu6.1) ...
Selecting previously unselected package libglib2.0-dev:amd64.
Preparing to unpack .../14-libglib2.0-dev_2.80.0-6ubuntu3.2_amd64.deb ...
Unpacking libglib2.0-dev:amd64 (2.80.0-6ubuntu3.2) ...
Selecting previously unselected package libjack0:amd64.
Preparing to unpack .../15-libjack0_1%3a0.126.0-2build3_amd64.deb ...
Unpacking libjack0:amd64 (1:0.126.0-2build3) ...
Selecting previously unselected package libjack-dev:amd64.
Preparing to unpack .../16-libjack-dev_1%3a0.126.0-2build3_amd64.deb ...
Unpacking libjack-dev:amd64 (1:0.126.0-2build3) ...
Selecting previously unselected package libmp3lame0:amd64.
Preparing to unpack .../17-libmp3lame0_3.100-6build1_amd64.deb ...
Unpacking libmp3lame0:amd64 (3.100-6build1) ...
Selecting previously unselected package libmpg123-0t64:amd64.
Preparing to unpack .../18-libmpg123-0t64_1.32.5-1ubuntu1.1_amd64.deb ...
Unpacking libmpg123-0t64:amd64 (1.32.5-1ubuntu1.1) ...
Selecting previously unselected package libopus0:amd64.
Preparing to unpack .../19-libopus0_1.4-1build1_amd64.deb ...
Unpacking libopus0:amd64 (1.4-1build1) ...
Selecting previously unselected package libvorbisenc2:amd64.
Preparing to unpack .../20-libvorbisenc2_1.3.7-1build3_amd64.deb ...
Unpacking libvorbisenc2:amd64 (1.3.7-1build3) ...
Selecting previously unselected package libsndfile1:amd64.
Preparing to unpack .../21-libsndfile1_1.2.2-1ubuntu5_amd64.deb ...
Unpacking libsndfile1:amd64 (1.2.2-1ubuntu5) ...
Selecting previously unselected package libpulse0:amd64.
Preparing to unpack .../22-libpulse0_1%3a16.1+dfsg1-2ubuntu10_amd64.deb ...
Unpacking libpulse0:amd64 (1:16.1+dfsg1-2ubuntu10) ...
Selecting previously unselected package libpulse-mainloop-glib0:amd64.
Preparing to unpack .../23-libpulse-mainloop-glib0_1%3a16.1+dfsg1-2ubuntu10_amd64.deb ...
Unpacking libpulse-mainloop-glib0:amd64 (1:16.1+dfsg1-2ubuntu10) ...
Selecting previously unselected package libpulse-dev:amd64.
Preparing to unpack .../24-libpulse-dev_1%3a16.1+dfsg1-2ubuntu10_amd64.deb ...
Unpacking libpulse-dev:amd64 (1:16.1+dfsg1-2ubuntu10) ...
Selecting previously unselected package librtaudio6:amd64.
Preparing to unpack .../25-librtaudio6_5.2.0~ds1-2build3_amd64.deb ...
Unpacking librtaudio6:amd64 (5.2.0~ds1-2build3) ...
Selecting previously unselected package librtaudio-dev:amd64.
Preparing to unpack .../26-librtaudio-dev_5.2.0~ds1-2build3_amd64.deb ...
Unpacking librtaudio-dev:amd64 (5.2.0~ds1-2build3) ...
Selecting previously unselected package librtmidi6:amd64.
Preparing to unpack .../27-librtmidi6_5.0.0-3build3_amd64.deb ...
Unpacking librtmidi6:amd64 (5.0.0-3build3) ...
Selecting previously unselected package librtmidi-dev:amd64.
Preparing to unpack .../28-librtmidi-dev_5.0.0-3build3_amd64.deb ...
Unpacking librtmidi-dev:amd64 (5.0.0-3build3) ...
Setting up libmpg123-0t64:amd64 (1.32.5-1ubuntu1.1) ...
Setting up libglib2.0-0t64:amd64 (2.80.0-6ubuntu3.2) ...
Setting up libglib2.0-data (2.80.0-6ubuntu3.2) ...
Setting up libjack0:amd64 (1:0.126.0-2build3) ...
Setting up uuid-dev:amd64 (2.39.3-9ubuntu6.1) ...
Setting up libopus0:amd64 (1.4-1build1) ...
Setting up libsepol-dev:amd64 (3.5-2build1) ...
Setting up gir1.2-glib-2.0:amd64 (2.80.0-6ubuntu3.2) ...
Setting up librtmidi6:amd64 (5.0.0-3build3) ...
Setting up libasyncns0:amd64 (0.8-6build4) ...
Setting up libflac12t64:amd64 (1.4.3+ds-2.1ubuntu2) ...
Setting up libjack-dev:amd64 (1:0.126.0-2build3) ...
Setting up libasound2-dev:amd64 (1.2.11-1build2) ...
Setting up libmp3lame0:amd64 (3.100-6build1) ...
Setting up libvorbisenc2:amd64 (1.3.7-1build3) ...
Setting up libglib2.0-dev-bin (2.80.0-6ubuntu3.2) ...
Setting up libblkid-dev:amd64 (2.39.3-9ubuntu6.1) ...
Setting up libgirepository-2.0-0:amd64 (2.80.0-6ubuntu3.2) ...
Setting up libselinux1-dev:amd64 (3.5-2ubuntu2) ...
Setting up libglib2.0-bin (2.80.0-6ubuntu3.2) ...
Setting up libsndfile1:amd64 (1.2.2-1ubuntu5) ...
Setting up libmount-dev:amd64 (2.39.3-9ubuntu6.1) ...
Setting up libpulse0:amd64 (1:16.1+dfsg1-2ubuntu10) ...
Setting up libglib2.0-dev:amd64 (2.80.0-6ubuntu3.2) ...
Setting up libpulse-mainloop-glib0:amd64 (1:16.1+dfsg1-2ubuntu10) ...
Setting up libpulse-dev:amd64 (1:16.1+dfsg1-2ubuntu10) ...
Setting up librtaudio6:amd64 (5.2.0~ds1-2build3) ...
Setting up librtaudio-dev:amd64 (5.2.0~ds1-2build3) ...
Setting up librtmidi-dev:amd64 (5.0.0-3build3) ...
Processing triggers for man-db (2.12.0-4build2) ...
Processing triggers for libc-bin (2.39-0ubuntu8.3) ...

Running kernel seems to be up-to-date.

Restarting services...
 systemctl restart php8.3-fpm.service polkit.service udisks2.service

Service restarts being deferred:
 systemctl restart ModemManager.service
 systemctl restart networkd-dispatcher.service
 systemctl restart runner-provisioner.service

No containers need to be restarted.

No user sessions are running outdated binaries.

No VM guests are running outdated hypervisor (qemu) binaries on this host.
Note: Building rtmidi/rtmidi.gpr...
Setup
   [mkdir]        object directory for project Rtmidi
   [mkdir]        library directory for project Rtmidi
Compile
   [Ada]          rtmidi_config.ads
   [Ada]          rtmidi.adb
Build Libraries
   [gprlib]       Rtmidi_Ada.lexch
   [archive]      libRtmidi_Ada.a
   [index]        libRtmidi_Ada.a
Build finished successfully in 0.25 seconds.

rtmidi=0.1.0 successfully retrieved and built.
Dependencies were solved as follows:

   + librtmidi 5.0.0 (new)
Found declared GPR file: rtmidi.gpr
