Test ran at 2024-12-27 01:37:55.424603+00:00

SOLUTION:
zipdcf=2.0.3: Tools that can (un)zip document container files, Zip-based archive files
Origin: commit e4bb4d971eaab4975010373c6908028ba9d6e5bf from https://github.com/onox/dcf-ada.git
Properties:
   Author: onox
   Author: Gautier de Montmollin
   Build Switches: 
   Description: Tools that can (un)zip document container files, Zip-based archive files
   Executable: zipdcf
   Executable: unzipdcf
   License: MIT
   Maintainer: onox <denkpadje@gmail.com>
   Maintainers_Logins: onox
   Name: zipdcf
   Tag: zip
   Tag: document
   Tag: container
   Tag: archive
   Version: 2.0.3
   Website: https://github.com/onox/dcf-ada
Dependencies (direct):
   dcf^2.0.3
Dependencies (solution):
   dcf=2.0.3
Dependencies (graph):
   zipdcf=2.0.3 --> dcf=2.0.3 (^2.0.3)


LOG:
Failed to locate log
