Test ran at 2023-05-18 13:16:52.269512+00:00

SOLUTION:
openglada_images=0.9.0: Image loading library for OpenGLAda
Origin: source archive openglada_images-0.9.0.tgz at https://github.com/flyx/OpenGLAda/releases/download/v0.9.0/openglada_images-0.9.0.tgz with hash sha512:b50ef8e7efb037d23d698f8af470a8a715571348f734411acecaa58e48b2edafe06c5c1a395c616650222ad3a183ead952d89ffebf6be72d11d7fefe1c944e8d
Properties:
   Author: Felix Krause
   Description: Image loading library for OpenGLAda
   License: MIT
   Maintainer: Felix Krause <contact@flyx.org>
   Maintainers_Logins: flyx
   Name: openglada_images
   Project_File: opengl-images.gpr
   Tag: opengl
   Tag: rendering
   Tag: graphics
   Version: 0.9.0
   Website: http://flyx.github.io/OpenGLAda/
Dependencies (direct):
   gid^9.0.0
   openglada~0.9.0
Dependencies (solution):
   gid=9.0.0
   libx11=1.7.2
   openglada=0.9.0
Dependencies (graph):
   openglada=0.9.0        --> libx11=1.7.2 (^1)       
   openglada_images=0.9.0 --> gid=9.0.0 (^9.0.0)      
   openglada_images=0.9.0 --> openglada=0.9.0 (~0.9.0)


LOG:
Note: Deploying openglada_images=0.9.0...
#=#=#                                                                         

######################################################################## 100.0%
Note: Migrating lockfile from /home/runner/work/alire-crates-ci/alire-crates-ci/test/2b294056-9657-4d94-8861-1392f70ffde7/openglada_images_0.9.0_b50ef8e7/alire.lock to /home/runner/work/alire-crates-ci/alire-crates-ci/test/2b294056-9657-4d94-8861-1392f70ffde7/openglada_images_0.9.0_b50ef8e7/alire/alire.lock
Note: Deploying gid=9.0.0...
#=#=#                                                                         
##O#-#                                                                        
##O=#  #                                                                      
#=#=-#  #                                                                     
-#O#- #   #                                                                   

######################################################################## 100.0%-=#=#   #   #                                                                 
 -=#=#   #   #                                                                
 -=O#- #   #   #                                                              

#######################                                                   32.1%
######################################################################## 100.0%
Note: Deploying libx11=1.7.2...
Note: Deploying openglada=0.9.0...
#=#=#                                                                         

######################################################################## 100.0%
Note: Building openglada_images/opengl-images.gpr...
Setup
   [mkdir]        object directory for project OpenGL
   [mkdir]        library directory for project OpenGL
   [mkdir]        object directory for project GID
   [mkdir]        object directory for project OpenGL.Images
   [mkdir]        library directory for project OpenGL.Images
Compile
   [Ada]          mini.adb
   [Ada]          is_opaque.adb
   [Ada]          to_bmp.adb
   [Ada]          recurve.adb
   [Ada]          steg.adb
   [Ada]          gid-buffering.adb
   [Ada]          gid-decoding_bmp.adb
   [Ada]          gid-headers.adb
   [Ada]          gid.adb
   [Ada]          gid-decoding_png.adb
   [Ada]          gid-decoding_tga.adb
   [Ada]          gid-decoding_gif.adb
   [Ada]          gid-decoding_pnm.adb
   [Ada]          gid-color_tables.adb
   [Ada]          gid-decoding_jpg.adb
   [Ada]          gid-decoding_png-huffman.adb
   [ada]          gl-api-subprogram_reference.adb
   [ada]          gl-glx.ads
   [ada]          gl-api-ints.ads
   [ada]          gl-api-shorts.ads
   [ada]          gl-api-uints.ads
   [ada]          gl-api-doubles.ads
   [ada]          gl-api.ads
   [ada]          gl-api-singles.ads
   [ada]          gl-load_function_pointers.adb
   [ada]          gl-enums-queries.ads
   [ada]          gl.adb
   [ada]          gl-fixed-matrix.adb
   [ada]          gl-objects-vertex_arrays.adb
   [ada]          gl-enums-getter.adb
   [ada]          gl-rasterization.adb
   [ada]          gl-fixed-textures.adb
   [ada]          gl-objects-textures-targets.adb
   [ada]          gl-objects-textures-with_3d_loader.adb
   [ada]          gl-tessellation.adb
   [ada]          gl-helpers.adb
   [ada]          gl-objects-shaders.adb
   [ada]          gl-objects-textures-with_1d_loader.adb
   [ada]          gl-objects-renderbuffers.adb
   [ada]          gl-objects-programs.adb
   [ada]          gl-objects-queries.adb
   [ada]          gl-toggles.adb
   [ada]          gl-buffers.adb
   [ada]          gl-low_level-enums.ads
   [ada]          gl-blending.adb
   [ada]          gl-matrices.adb
   [ada]          gl-errors.adb
   [ada]          gl-debug.adb
   [ada]          gl-low_level.ads
   [ada]          gl-framebuffer.adb
   [ada]          gl-context.adb
   [ada]          gl-pixels.adb
   [ada]          gl-vectors.adb
   [ada]          gl-uniforms.adb
   [ada]          gl-objects-buffers.adb
   [ada]          gl-fixed-lighting.adb
   [ada]          gl-objects.adb
   [ada]          gl-fixed.adb
   [ada]          gl-objects-lists.adb
   [ada]          gl-objects-textures.adb
   [ada]          gl-attributes.adb
   [ada]          gl-enums-indexes.adb
   [ada]          gl-raster.adb
   [ada]          gl-immediate.adb
   [ada]          gl-objects-textures-with_2d_loader.adb
   [ada]          gl-culling.adb
   [ada]          gl-objects-framebuffers.adb
   [ada]          gl-algebra.adb
   [ada]          gl-enums-textures.ads
   [ada]          gl-files.adb
   [ada]          gl-enums.ads
   [ada]          gl-window.adb
   [ada]          gl-types.ads
   [ada]          gl-types-colors.ads
   [ada]          gl-objects-shaders-lists.ads
   [ada]          gl-images.adb
Build Libraries
   [gprlib]       OpenGLAda.lexch
   [gprlib]       OpenGLAda_Images.lexch
   [archive]      libOpenGLAda.a
   [index]        libOpenGLAda.a
   [archive]      libOpenGLAda_Images.a
   [index]        libOpenGLAda_Images.a
Build finished successfully in 30.16 seconds.

openglada_images=0.9.0 successfully retrieved and built.
Dependencies were solved as follows:

   + gid       9.0.0 (new)         
   + libx11    1.7.2 (new,indirect)
   + openglada 0.9.0 (new)         
Found declared GPR file: opengl-images.gpr
