Test ran at 2024-11-04 00:46:23.492331+00:00

SOLUTION:
openglada_text=0.9.0: Text rendering library for OpenGLAda
Origin: source archive openglada_text-0.9.0.tgz at https://github.com/flyx/OpenGLAda/releases/download/v0.9.0/openglada_text-0.9.0.tgz with hash sha512:9ca805328a927155a1bc7672115d95a757e7ad2529e8a71d7ac6c148e481b624e724c82eb810d6faa403d5a730042723dae7566a207863f53e290a5066b6f438
Properties:
   Author: Felix Krause
   Description: Text rendering library for OpenGLAda
   License: MIT
   Maintainer: Felix Krause <contact@flyx.org>
   Maintainers_Logins: flyx
   Name: openglada_text
   Project_File: opengl-text.gpr
   Tag: opengl
   Tag: rendering
   Tag: fonts
   Version: 0.9.0
   Website: http://flyx.github.io/OpenGLAda/
Dependencies (direct):
   freetypeada~0.1.0
   openglada~0.9.0
Dependencies (solution):
   freetypeada=0.1.0
   libfreetype=2.11.1
   libx11=1.7.5
   openglada=0.9.0
Dependencies (graph):
   freetypeada=0.1.0    --> libfreetype=2.11.1 (^2)   
   openglada=0.9.0      --> libx11=1.7.5 (^1)         
   openglada_text=0.9.0 --> freetypeada=0.1.0 (~0.1.0)
   openglada_text=0.9.0 --> openglada=0.9.0 (~0.9.0)  


LOG:
Note: Deploying openglada_text=0.9.0...
#=#=#                                                                         
##O#-#                                                                        

######################################################################## 100.0%
Note: Migrating lockfile from /home/runner/work/alire-crates-ci/alire-crates-ci/test/1671ac93-a494-4fb5-bbc5-7476d742efd2/openglada_text_0.9.0_9ca80532/alire.lock to /home/runner/work/alire-crates-ci/alire-crates-ci/test/1671ac93-a494-4fb5-bbc5-7476d742efd2/openglada_text_0.9.0_9ca80532/alire/alire.lock
Note: Deploying libfreetype=2.11.1...
Note: Deploying libx11=1.7.5...
Note: Deploying freetypeada=0.1.0...
Note: Deploying openglada=0.9.0...
#=#=#                                                                         
##O#-#                                                                        

###########                                                               16.4%
######################################################################## 100.0%
Note: Building openglada_text/opengl-text.gpr...
Setup
   [mkdir]        object directory for project OpenGL
   [mkdir]        library directory for project OpenGL
   [mkdir]        object directory for project FreeType
   [mkdir]        library directory for project FreeType
   [mkdir]        object directory for project OpenGL.Text
   [mkdir]        library directory for project OpenGL.Text
Compile
   [ada]          ft-glyphs.adb
   [ada]          ft.adb
   [ada]          ft-api-glyphs.ads
   [ada]          ft-utilities.adb
   [ada]          ft-api.ads
   [ada]          ft-faces.adb
   [ada]          ft-errors.adb
   [ada]          gl-glx.ads
   [ada]          gl-api-subprogram_reference.adb
   [ada]          gl-api.ads
   [ada]          gl-api-doubles.ads
   [ada]          gl-api-shorts.ads
   [ada]          gl-api-singles.ads
   [ada]          gl-api-uints.ads
   [ada]          gl-load_function_pointers.adb
   [ada]          gl-api-ints.ads
   [ada]          gl-low_level.ads
   [ada]          gl-objects-textures-targets.adb
   [ada]          gl-objects-shaders.adb
   [ada]          gl-vectors.adb
   [ada]          gl-rasterization.adb
   [ada]          gl-debug.adb
   [ada]          gl-fixed-matrix.adb
   [ada]          gl-pixels.adb
   [ada]          gl-objects-textures-with_2d_loader.adb
   [ada]          gl-culling.adb
   [ada]          gl-low_level-enums.ads
   [ada]          gl-enums-getter.adb
   [ada]          gl-raster.adb
   [ada]          gl-objects-queries.adb
   [ada]          gl-framebuffer.adb
   [ada]          gl-enums-textures.ads
   [ada]          gl-enums-indexes.adb
   [ada]          gl-objects-textures-with_1d_loader.adb
   [ada]          gl-objects-renderbuffers.adb
   [ada]          gl-objects.adb
   [ada]          gl.adb
   [ada]          gl-algebra.adb
   [ada]          gl-objects-textures-with_3d_loader.adb
gl-algebra.ads:109:62: warning: array aggregate using () is an obsolescent syntax, use [] instead [-gnatwj]
gl-algebra.ads:111:62: warning: array aggregate using () is an obsolescent syntax, use [] instead [-gnatwj]
gl-algebra.ads:113:62: warning: array aggregate using () is an obsolescent syntax, use [] instead [-gnatwj]

   compilation of gl-algebra.adb failed

gprbuild: *** compilation phase failed
stderr: Command ["gprbuild", "-s", "-j0", "-p", "-P", "/home/runner/work/alire-crates-ci/alire-crates-ci/test/1671ac93-a494-4fb5-bbc5-7476d742efd2/openglada_text_0.9.0_9ca80532/opengl-text.gpr"] exited with code 4
ERROR: Command ["gprbuild", "-s", "-j0", "-p", "-P", "/home/runner/work/alire-crates-ci/alire-crates-ci/test/1671ac93-a494-4fb5-bbc5-7476d742efd2/openglada_text_0.9.0_9ca80532/opengl-text.gpr"] exited with code 4
stderr: ALIRE.CHECKED_ERROR
stderr: Command ["gprbuild", "-s", "-j0", "-p", "-P", "/home/runner/work/alire-crates-ci/alire-crates-ci/test/1671ac93-a494-4fb5-bbc5-7476d742efd2/openglada_text_0.9.0_9ca80532/opengl-text.gpr"] exited with code 4
stderr: raised ALIRE.CHECKED_ERROR : alire-stored-error:1
[/home/runner/work/alire-crates-ci/alire-crates-ci/alire_install/bin/alr]
0xd7ada2 Alire.Raise_Checked_Error at alire.adb:251
0xa423cf Alire.Os_Lib.Subprocess.Checked_Spawn at alire-os_lib-subprocess.adb:110
0xc5cdee Alire.Spawn.Command at alire-spawn.adb:21
0xc5d51c Alire.Spawn.Gprbuild at alire-spawn.adb:41
0xbc1550 Alire.Roots.Build.Build_Single_Release.Call_Gprbuild at alire-roots.adb:140
0xbbfbaf Alire.Roots.Build.Build_Single_Release at alire-roots.adb:171
0xbdb95e Alire.Roots.Traverse.Traverse_Wrap at alire-roots.adb:1364
0xc25a8b Alire.Solutions.Traverse.Visit at alire-solutions.adb:1443
0xc246a2 Alire.Solutions.Traverse at alire-solutions.adb:1518
0xbdbaac Alire.Roots.Traverse at alire-roots.adb:1368
0xbbff40 Alire.Roots.Build at alire-roots.adb:196
0x4a0334 Alr.Commands.Build.Execute at alr-commands-build.adb:58
0x4b065a Alr.Commands.Get.Retrieve at alr-commands-get.adb:187
0x4b4e77 Alr.Commands.Get.Execute at alr-commands-get.adb:348
0x53bb7e Alr.Commands.Sub_Cmd.Execute at clic-subcommand-instance.adb:742
0x54756f Alr.Commands.Execute at alr-commands.adb:492
0x43cb1a Alr.Main at alr-main.adb:10
0x43f3e7 Main at b__alr-main.adb:2132
[/lib/x86_64-linux-gnu/libc.so.6]
0x7fc1a8029d8e
0x7fc1a8029e3e
[/home/runner/work/alire-crates-ci/alire-crates-ci/alire_install/bin/alr]
0x43c9f8 _start at ???
0xfffffffffffffffe


Warning: openglada_text=0.9.0 successfully retrieved but its build failed.
Dependencies were solved as follows:

   + freetypeada 0.1.0  (new)         
   + libfreetype 2.11.1 (new,indirect)
   + libx11      1.7.5  (new,indirect)
   + openglada   0.9.0  (new)         
ERROR: Build ended with errors
