Test ran at 2022-06-11 13:13:08.136239+00:00

SOLUTION:
bbqueue=0.3.0: DMA friendly lock-free BipBuffer
Origin: commit a47e12a4d59b65de1f68b63bebaa6993dbe78105 from https://github.com/Fabien-Chouteau/bbqueue-spark.git
Properties:
   Author: Fabien Chouteau
   Description: DMA friendly lock-free BipBuffer
   License: MIT
   Long_Description: An Ada/SPARK proved implementation of James Munns'
BBQueue (https://github.com/jamesmunns/bbqueue)
   Maintainer: Fabien Chouteau <chouteau@adacore.com>
   Maintainers_Logins: Fabien-Chouteau
   Name: bbqueue
   Tag: spark
   Tag: nostd
   Tag: embedded
   Tag: lockfree
   Tag: dma
   Tag: bipbuffer
   Version: 0.3.0
   Website: https://github.com/Fabien-Chouteau/bbqueue-spark
Dependencies (direct):
   atomic~0.4
   gnat>=10
Dependencies (solution):
   atomic=0.4.1
Dependencies (external):
   gnat>=10 (direct,hinted)
Dependencies (graph):
   bbqueue=0.3.0 --> atomic=0.4.1 (~0.4)
   bbqueue=0.3.0 --> gnat>=10           
Dependencies cannot be met


LOG:
