Test ran at 2024-10-04 00:43:05.673181+00:00

SOLUTION:
simple_logging=1.2.0: Simple logging to console
Origin: commit 506f0bb32bc3699ebe189593667e2d2844a9d537 from https://github.com/alire-project/simple_logging.git
Properties:
   Author: Alejandro R. Mosteo
   Description: Simple logging to console
   License: LGPL-3.0-only
   Maintainer: alejandro@mosteo.com
   Maintainers_Logins: mosteo
   Name: simple_logging
   Tag: logging
   Tag: utility
   Version: 1.2.0


LOG:
Note: Deploying simple_logging=1.2.0...
Note: Building simple_logging/simple_logging.gpr...
Setup
   [mkdir]        object directory for project Simple_Logging
   [mkdir]        library directory for project Simple_Logging
Compile
   [Ada]          simple_logging-decorators.adb
   [Ada]          simple_logging-support.adb
   [Ada]          simple_logging-filtering.adb
   [Ada]          simple_logging.adb
Build Libraries
   [gprlib]       simple_logging.lexch
   [archive]      libsimple_logging.a
   [index]        libsimple_logging.a
Build finished successfully in 4.84 seconds.

simple_logging=1.2.0 successfully retrieved and built.
There are no dependencies.
Found declared GPR file: simple_logging.gpr
