Test ran at 2024-12-30 01:43:34.597090+00:00

SOLUTION:
basalt=0.3.0: Collection of formally verified building blocks
Origin: source archive v0.3.0.tar.gz at https://github.com/Componolit/basalt/archive/v0.3.0.tar.gz with hash sha512:bbbf5ac9ac03ef85125b93a23541848fddf42a6ba878a6d35fe0282338b5e0f5c68a3be97dd7e3964bb01744e3ae4589a6ace3faceab9de9971c9d7860c40ae1
Properties:
   Description: Collection of formally verified building blocks
   License: AGPL-3.0-only
   Maintainer: kliemann@adacore.com
   Maintainers_Logins: jklmnn
   Name: basalt
   Tag: embedded
   Tag: nostd
   Tag: queue
   Tag: spark
   Tag: stack
   Tag: string
   Tag: utils
   Version: 0.3.0


LOG:
Note: Deploying basalt=0.3.0...
#=#=#                                                                          
##O#-#                                                                         
##O=#  #                                                                       
#=#=-#  #                                                                      
Note: Building basalt/basalt.gpr...
Setup
   [mkdir]        object directory for project Basalt
   [mkdir]        library directory for project Basalt
Compile
   [Ada]          basalt-strings.adb
   [Ada]          basalt-slicer.adb
   [Ada]          basalt.ads
   [Ada]          basalt-stack.adb
   [Ada]          basalt-queue.adb
   [Ada]          basalt-strings_generic.adb
Build Libraries
   [gprlib]       basalt.lexch
   [link library] libbasalt.dylib
-macosx_version_min has been renamed to -macos_version_min
ld: warning: ignoring duplicate libraries: '-lSystem'
ld: warning: Support for dylib stub (MH_DYLIB_STUB) file '/Users/runner/.config/alire/cache/dependencies/gnat_native_10.3.2_e112fd3f/lib/libgcc_ext.10.5.dylib' is deprecated, text-based stubs should be used instead (with `GENERATE_TEXT_BASED_STUBS` build setting, or `tapi` tool)
ld: malformed mach-o missing relocations, LC_DYLD_INFO, or LC_DYLD_CHAINED_FIXUPS in '/Users/runner/.config/alire/cache/dependencies/gnat_native_10.3.2_e112fd3f/lib/libgcc_ext.10.5.dylib'
collect2: error: ld returned 1 exit status
gprlib: /users/runner/.config/alire/cache/dependencies/gnat_native_10.3.2_e112fd3f/bin/gcc execution error
gprbuild: could not build library for project basalt
stderr: Command ["gprbuild", "-s", "-j0", "-p", "-P", "/Users/runner/work/alire-crates-ci/alire-crates-ci/test/245c364d-a8bf-4808-8bc8-10c1469761c8/basalt_0.3.0_bbbf5ac9/basalt.gpr"] exited with code 4
ERROR: Command ["gprbuild", "-s", "-j0", "-p", "-P", "/Users/runner/work/alire-crates-ci/alire-crates-ci/test/245c364d-a8bf-4808-8bc8-10c1469761c8/basalt_0.3.0_bbbf5ac9/basalt.gpr"] exited with code 4
stderr: ALIRE.CHECKED_ERROR
stderr: Command ["gprbuild", "-s", "-j0", "-p", "-P", "/Users/runner/work/alire-crates-ci/alire-crates-ci/test/245c364d-a8bf-4808-8bc8-10c1469761c8/basalt_0.3.0_bbbf5ac9/basalt.gpr"] exited with code 4
stderr: raised ALIRE.CHECKED_ERROR : alire-stored-error:1
Load address: 0x102493000
Call stack traceback locations:
0x102d9b415 0x102a6ee83 0x102c81df9 0x102c82581 0x102be2ac3 0x102be0f99 0x102bfd873 0x102c49dc1 0x102c4881a 0x102bfd9b8 0x102be1349 0x1024f29c1 0x102503578 0x10250801c 0x10258e05c 0x1025993b8 0x102494605 0x102497914


Warning: basalt=0.3.0 successfully retrieved but its build failed.
There are no dependencies.
ERROR: Build ended with errors
