Test ran at 2023-06-01 01:13:37.014819+00:00

SOLUTION:
orka_transforms=1.0.0: Library to transform vectors, matrices, and quaternions using SIMD
Origin: commit b455160b0b24a89af4ae6423b186dc826915d487 from https://github.com/onox/orka.git
Properties:
   Author: onox
   Build Switches: 
   Description: Library to transform vectors, matrices, and quaternions using SIMD
   License: Apache-2.0
   Maintainer: onox <denkpadje@gmail.com>
   Maintainers_Logins: onox
   Name: orka_transforms
   Tag: orka
   Tag: math
   Tag: vector
   Tag: matrix
   Tag: quaternion
   Version: 1.0.0
   Website: https://github.com/onox/orka
Dependencies (direct):
   orka_simd~1.0.0
   orka_types~1.0.0
Dependencies (solution):
   orka_simd=1.0.0
   orka_types=1.0.0
Dependencies (graph):
   orka_simd=1.0.0       --> orka_types=1.0.0 (~1.0.0)
   orka_transforms=1.0.0 --> orka_simd=1.0.0 (~1.0.0) 
   orka_transforms=1.0.0 --> orka_types=1.0.0 (~1.0.0)


LOG:
Failed to locate log
