Test ran at 2022-06-02 13:20:34.755923+00:00

SOLUTION:
blake2s=0.1.3: SPARK83 implementation of the BLAKE2s hash function
Origin: commit 63b5d12efb5f96afb8148dd3eb7248ac1449f68d from https://github.com/lkujaw/blake2s.git
Properties:
   Author: Lev Kujawski
   Description: SPARK83 implementation of the BLAKE2s hash function
   License: MIT-0
   Maintainer: Lev Kujawski <int21h@mailbox.org>
   Maintainers_Logins: lkujaw
   Name: blake2s
   Tag: ada1987
   Tag: spark
   Tag: hash
   Tag: blake2
   Tag: blake2s
   Version: 0.1.3
   Website: https://github.com/lkujaw/blake2s


LOG:
Note: Deploying release blake2s=0.1.3...
Cloning into '/home/runner/work/alire-crates-ci/alire-crates-ci/test/9fc9ad2e-fbc6-490c-be5d-2b81544feaa9/alr-emqr.tmp'...
remote: Enumerating objects: 219, done.        
remote: Counting objects:   3% (1/26)        
remote: Counting objects:   7% (2/26)        
remote: Counting objects:  11% (3/26)        
remote: Counting objects:  15% (4/26)        
remote: Counting objects:  19% (5/26)        
remote: Counting objects:  23% (6/26)        
remote: Counting objects:  26% (7/26)        
remote: Counting objects:  30% (8/26)        
remote: Counting objects:  34% (9/26)        
remote: Counting objects:  38% (10/26)        
remote: Counting objects:  42% (11/26)        
remote: Counting objects:  46% (12/26)        
remote: Counting objects:  50% (13/26)        
remote: Counting objects:  53% (14/26)        
remote: Counting objects:  57% (15/26)        
remote: Counting objects:  61% (16/26)        
remote: Counting objects:  65% (17/26)        
remote: Counting objects:  69% (18/26)        
remote: Counting objects:  73% (19/26)        
remote: Counting objects:  76% (20/26)        
remote: Counting objects:  80% (21/26)        
remote: Counting objects:  84% (22/26)        
remote: Counting objects:  88% (23/26)        
remote: Counting objects:  92% (24/26)        
remote: Counting objects:  96% (25/26)        
remote: Counting objects: 100% (26/26)        
remote: Counting objects: 100% (26/26), done.        
remote: Compressing objects:  11% (1/9)        
remote: Compressing objects:  22% (2/9)        
remote: Compressing objects:  33% (3/9)        
remote: Compressing objects:  44% (4/9)        
remote: Compressing objects:  55% (5/9)        
remote: Compressing objects:  66% (6/9)        
remote: Compressing objects:  77% (7/9)        
remote: Compressing objects:  88% (8/9)        
remote: Compressing objects: 100% (9/9)        
remote: Compressing objects: 100% (9/9), done.        
Receiving objects:   0% (1/219)
Receiving objects:   1% (3/219)
Receiving objects:   2% (5/219)
Receiving objects:   3% (7/219)
Receiving objects:   4% (9/219)
Receiving objects:   5% (11/219)
Receiving objects:   6% (14/219)
Receiving objects:   7% (16/219)
Receiving objects:   8% (18/219)
Receiving objects:   9% (20/219)
Receiving objects:  10% (22/219)
Receiving objects:  11% (25/219)
Receiving objects:  12% (27/219)
Receiving objects:  13% (29/219)
Receiving objects:  14% (31/219)
Receiving objects:  15% (33/219)
Receiving objects:  16% (36/219)
Receiving objects:  17% (38/219)
Receiving objects:  18% (40/219)
Receiving objects:  19% (42/219)
Receiving objects:  20% (44/219)
Receiving objects:  21% (46/219)
Receiving objects:  22% (49/219)
Receiving objects:  23% (51/219)
Receiving objects:  24% (53/219)
Receiving objects:  25% (55/219)
Receiving objects:  26% (57/219)
Receiving objects:  27% (60/219)
Receiving objects:  28% (62/219)
Receiving objects:  29% (64/219)
Receiving objects:  30% (66/219)
Receiving objects:  31% (68/219)
Receiving objects:  32% (71/219)
Receiving objects:  33% (73/219)
Receiving objects:  34% (75/219)
Receiving objects:  35% (77/219)
Receiving objects:  36% (79/219)
Receiving objects:  37% (82/219)
Receiving objects:  38% (84/219)
Receiving objects:  39% (86/219)
Receiving objects:  40% (88/219)
Receiving objects:  41% (90/219)
Receiving objects:  42% (92/219)
Receiving objects:  43% (95/219)
Receiving objects:  44% (97/219)
Receiving objects:  45% (99/219)
Receiving objects:  46% (101/219)
Receiving objects:  47% (103/219)
Receiving objects:  48% (106/219)
Receiving objects:  49% (108/219)
Receiving objects:  50% (110/219)
Receiving objects:  51% (112/219)
Receiving objects:  52% (114/219)
Receiving objects:  53% (117/219)
Receiving objects:  54% (119/219)
Receiving objects:  55% (121/219)
Receiving objects:  56% (123/219)
Receiving objects:  57% (125/219)
Receiving objects:  58% (128/219)
Receiving objects:  59% (130/219)
Receiving objects:  60% (132/219)
Receiving objects:  61% (134/219)
Receiving objects:  62% (136/219)
Receiving objects:  63% (138/219)
Receiving objects:  64% (141/219)
Receiving objects:  65% (143/219)
Receiving objects:  66% (145/219)
Receiving objects:  67% (147/219)
Receiving objects:  68% (149/219)
Receiving objects:  69% (152/219)
Receiving objects:  70% (154/219)
Receiving objects:  71% (156/219)
Receiving objects:  72% (158/219)
Receiving objects:  73% (160/219)
Receiving objects:  74% (163/219)
Receiving objects:  75% (165/219)
Receiving objects:  76% (167/219)
Receiving objects:  77% (169/219)
Receiving objects:  78% (171/219)
Receiving objects:  79% (174/219)
Receiving objects:  80% (176/219)
Receiving objects:  81% (178/219)
Receiving objects:  82% (180/219)
Receiving objects:  83% (182/219)
Receiving objects:  84% (184/219)
Receiving objects:  85% (187/219)
Receiving objects:  86% (189/219)
Receiving objects:  87% (191/219)
Receiving objects:  88% (193/219)
Receiving objects:  89% (195/219)
Receiving objects:  90% (198/219)
Receiving objects:  91% (200/219)
Receiving objects:  92% (202/219)
Receiving objects:  93% (204/219)
remote: Total 219 (delta 21), reused 17 (delta 17), pack-reused 193        
Receiving objects:  94% (206/219)
Receiving objects:  95% (209/219)
Receiving objects:  96% (211/219)
Receiving objects:  97% (213/219)
Receiving objects:  98% (215/219)
Receiving objects:  99% (217/219)
Receiving objects: 100% (219/219)
Receiving objects: 100% (219/219), 130.04 KiB | 1.46 MiB/s, done.
Resolving deltas:   0% (0/135)
Resolving deltas:   1% (2/135)
Resolving deltas:   2% (3/135)
Resolving deltas:   3% (5/135)
Resolving deltas:   4% (6/135)
Resolving deltas:   5% (7/135)
Resolving deltas:   6% (9/135)
Resolving deltas:   7% (10/135)
Resolving deltas:   8% (11/135)
Resolving deltas:   9% (13/135)
Resolving deltas:  10% (14/135)
Resolving deltas:  11% (15/135)
Resolving deltas:  12% (17/135)
Resolving deltas:  13% (18/135)
Resolving deltas:  14% (19/135)
Resolving deltas:  15% (21/135)
Resolving deltas:  16% (22/135)
Resolving deltas:  17% (23/135)
Resolving deltas:  18% (25/135)
Resolving deltas:  19% (26/135)
Resolving deltas:  20% (27/135)
Resolving deltas:  21% (29/135)
Resolving deltas:  22% (31/135)
Resolving deltas:  23% (32/135)
Resolving deltas:  24% (33/135)
Resolving deltas:  25% (34/135)
Resolving deltas:  26% (36/135)
Resolving deltas:  27% (37/135)
Resolving deltas:  28% (38/135)
Resolving deltas:  29% (40/135)
Resolving deltas:  30% (41/135)
Resolving deltas:  31% (42/135)
Resolving deltas:  32% (44/135)
Resolving deltas:  33% (45/135)
Resolving deltas:  34% (46/135)
Resolving deltas:  35% (48/135)
Resolving deltas:  36% (49/135)
Resolving deltas:  37% (50/135)
Resolving deltas:  38% (52/135)
Resolving deltas:  39% (53/135)
Resolving deltas:  40% (54/135)
Resolving deltas:  41% (56/135)
Resolving deltas:  42% (57/135)
Resolving deltas:  43% (59/135)
Resolving deltas:  44% (60/135)
Resolving deltas:  45% (61/135)
Resolving deltas:  46% (63/135)
Resolving deltas:  47% (64/135)
Resolving deltas:  48% (65/135)
Resolving deltas:  49% (67/135)
Resolving deltas:  50% (68/135)
Resolving deltas:  51% (69/135)
Resolving deltas:  52% (71/135)
Resolving deltas:  53% (72/135)
Resolving deltas:  54% (73/135)
Resolving deltas:  55% (75/135)
Resolving deltas:  56% (76/135)
Resolving deltas:  57% (77/135)
Resolving deltas:  58% (79/135)
Resolving deltas:  59% (80/135)
Resolving deltas:  60% (81/135)
Resolving deltas:  61% (83/135)
Resolving deltas:  62% (84/135)
Resolving deltas:  63% (86/135)
Resolving deltas:  64% (87/135)
Resolving deltas:  65% (88/135)
Resolving deltas:  66% (90/135)
Resolving deltas:  67% (91/135)
Resolving deltas:  68% (92/135)
Resolving deltas:  69% (94/135)
Resolving deltas:  70% (95/135)
Resolving deltas:  71% (96/135)
Resolving deltas:  72% (98/135)
Resolving deltas:  73% (99/135)
Resolving deltas:  74% (100/135)
Resolving deltas:  75% (102/135)
Resolving deltas:  76% (103/135)
Resolving deltas:  77% (104/135)
Resolving deltas:  78% (106/135)
Resolving deltas:  79% (107/135)
Resolving deltas:  80% (108/135)
Resolving deltas:  81% (110/135)
Resolving deltas:  82% (111/135)
Resolving deltas:  83% (113/135)
Resolving deltas:  84% (114/135)
Resolving deltas:  85% (115/135)
Resolving deltas:  86% (117/135)
Resolving deltas:  87% (118/135)
Resolving deltas:  88% (119/135)
Resolving deltas:  89% (121/135)
Resolving deltas:  90% (122/135)
Resolving deltas:  91% (123/135)
Resolving deltas:  92% (125/135)
Resolving deltas:  93% (126/135)
Resolving deltas:  94% (127/135)
Resolving deltas:  95% (129/135)
Resolving deltas:  96% (130/135)
Resolving deltas:  97% (131/135)
Resolving deltas:  98% (133/135)
Resolving deltas:  99% (134/135)
Resolving deltas: 100% (135/135)
Resolving deltas: 100% (135/135), done.
Setup
   [mkdir]        object directory for project BLAKE2S
   [mkdir]        library directory for project BLAKE2S
Compile
   [Ada]          blake2s.adb
   [Ada]          quadlets.adb
   [Ada]          octets.ads
   [Ada]          octearra.ads
Build Libraries
   [gprlib]       b2sa.lexch
   [archive]      libb2sa.a
   [index]        libb2sa.a

blake2s=0.1.3 successfully retrieved and built.
There are no dependencies.
