Test ran at 2024-12-14 13:05:16.267633+00:00

SOLUTION:
gnatdist_garlic=6.0.1: The configuration tool gnatdist for GARLIC
Origin: commit 90ef4b6f01c95df7e04c8f3e4c41c275f23acea9 from https://github.com/reznikmm/garlic.git
Properties:
   Author: AdaCore
   Auto_Gpr_With: auto-gpr-with=false
   Configuration: no modifiers
   Description: The configuration tool gnatdist for GARLIC
   Environment: PATH=${PATH}:${CRATE_ROOT}/.bin
   Executable: gnatdist
   License: GPL-2.0-or-later
   Maintainer: Max Reznik <reznikmm@gmail.com>
   Maintainers_Logins: reznikmm
   Name: gnatdist_garlic
   Project_File: ../gnat/gnatdist.gpr
   Tag: dsa
   Tag: distributed
   Tag: annex
   Tag: network
   Tag: glade
   Version: 6.0.1
   Website: https://github.com/reznikmm/garlic/wiki


LOG:
Failed to locate log
