Test ran at 2024-10-23 13:09:47.268000+00:00

SOLUTION:
gnat_arm_elf=13.2.1: The GNAT Ada compiler - ARM cross-compiler
Provides: gnat=13.2.1
Origin: (case OS is Linux => (case Host_Arch is X86_64 => binary archive gnat-arm-elf-linux64-13.2.0-1.tar.gz at https://github.com/alire-project/GNAT-FSF-builds/releases/download/gnat-13.2.0-1/gnat-arm-elf-linux64-13.2.0-1.tar.gz), Macos => (case Host_Arch is X86_64 => binary archive gnat-arm-elf-darwin-13.2.0-1.tar.gz at https://github.com/alire-project/GNAT-FSF-builds/releases/download/gnat-13.2.0-1/gnat-arm-elf-darwin-13.2.0-1.tar.gz), Windows => (case Host_Arch is X86_64 => binary archive gnat-arm-elf-windows64-13.2.0-1.tar.gz at https://github.com/alire-project/GNAT-FSF-builds/releases/download/gnat-13.2.0-1/gnat-arm-elf-windows64-13.2.0-1.tar.gz)) with hash sha256:db1e92839c4d987edc4108e2c4416e38d29e6a53df428338bdd814706f25435f
Properties:
   Auto_Gpr_With: auto-gpr-with=false
   Configuration: no modifiers
   Description: The GNAT Ada compiler - ARM cross-compiler
   Environment: PATH=${CRATE_ROOT}/bin:${PATH}
   License: GPL-3.0-or-later AND GPL-3.0-or-later WITH GCC-exception-3.1
   Maintainer: chouteau@adacore.com
   Maintainers_Logins: Fabien-Chouteau
   Name: gnat_arm_elf
   Version: 13.2.1


LOG:
Note: Deploying gnat_arm_elf=13.2.1...
#=#=#                                                                          

                                                                           0.0%
#                                                                          2.3%
####                                                                       5.9%
#####                                                                      8.1%
######                                                                     9.3%
########                                                                  11.5%
#########                                                                 13.8%
#############                                                             18.4%
##############                                                            20.7%
################                                                          23.0%
##################                                                        25.4%
##################                                                        25.8%
###################                                                       26.4%
###################                                                       27.6%
#####################                                                     30.0%
#######################                                                   32.8%
########################                                                  34.5%
##########################                                                36.8%
############################                                              39.2%
############################                                              39.6%
############################                                              40.2%
#############################                                             41.5%
###############################                                           43.8%
#################################                                         46.1%
##################################                                        48.4%
####################################                                      50.7%
######################################                                    53.0%
#######################################                                   55.3%
#########################################                                 57.6%
###########################################                               59.9%
############################################                              62.2%
##############################################                            64.5%
################################################                          66.8%
#################################################                         69.1%
#####################################################                     73.7%
########################################################                  78.1%
########################################################                  78.3%
##########################################################                80.6%
##########################################################                81.1%
###########################################################               82.9%
#############################################################             85.2%
###############################################################           87.8%
################################################################          89.8%
##################################################################        92.1%
####################################################################      94.9%
####################################################################      94.9%
#####################################################################     96.7%
#######################################################################   99.0%
######################################################################## 100.0%

gnat_arm_elf=13.2.1 successfully retrieved.
There are no dependencies.
Warning: Binary release does not contain default project file: gnat_arm_elf.gpr
