Test ran at 2024-11-01 12:38:13.324379+00:00

SOLUTION:
matreshka_fastcgi=21.0.0: FastCGI implementation (demo)
Origin: commit 20fa445356c12b414c5500fddf59d55bf9c08c97 from https://github.com/reznikmm/matreshka-alire
Properties:
   Author: Vadim Godunko
   Description: FastCGI implementation (demo)
   License: BSD-3-Clause
   Maintainer: Vadim Godunko <vgodunko@gmail.com>
   Maintainer: Maxim Reznik <reznikmm@gmail.com>
   Maintainers_Logins: godunko
   Maintainers_Logins: reznikmm
   Name: matreshka_fastcgi
   Project_File: build_matreshka_fastcgi.gpr
   Tag: web
   Tag: cgi
   Tag: http
   Version: 21.0.0
   Website: https://github.com/godunko/matreshka
Dependencies (direct):
   matreshka_league21.0.0
Dependencies (solution):
   gnat=10.3.2 (gnat_native) (installed)
   make=3.81.0
   matreshka_league=21.0.0
Dependencies (graph):
   matreshka_fastcgi=21.0.0 --> matreshka_league=21.0.0 (21.0.0) 
   matreshka_league=21.0.0  --> gnat=10.3.2 (gnat_native) (<2000)
   matreshka_league=21.0.0  --> make=3.81.0 (*)                  


LOG:
Note: Deploying matreshka_fastcgi=21.0.0...
Note: Deploying make=3.81.0...
Note: Deploying matreshka_league=21.0.0...
#=#=#                                                                          
##O#-#                                                                         

                                                                           0.1%
#########                                                                 13.6%
##########################                                                36.2%
#############################################                             62.5%
###############################################################           88.8%
######################################################################## 100.0%
Note: Running post_fetch actions for matreshka_league=21.0.0...
gnatmake -p -j0  -Pgnat/tools_configure.gpr
Setup
   [mkdir]        object directory for project Tools_Configure
Compile
   [Ada]          configure-driver.adb
   [Ada]          configure.adb
   [Ada]          configure-architecture.adb
   [Ada]          configure-instantiate.adb
   [Ada]          configure-internals.adb
   [Ada]          configure-rtl_version.adb
   [Ada]          configure-tests.ads
   [Ada]          configure-tests-asis.adb
   [Ada]          configure-tests-aws.adb
   [Ada]          configure-tests-firebird.adb
   [Ada]          configure-tests-gprbuild.adb
   [Ada]          configure-tests-install.adb
   [Ada]          configure-tests-installation_directories.adb
   [Ada]          configure-tests-modules.ads
   [Ada]          configure-tests-modules-amf.adb
   [Ada]          configure-tests-mysql.adb
   [Ada]          configure-tests-oci.adb
   [Ada]          configure-tests-operating_system.adb
   [Ada]          configure-tests-postgresql.adb
   [Ada]          configure-tests-sqlite3.adb
   [Ada]          configure-tests-valgrind.adb
   [Ada]          configure-version.adb
   [Ada]          configure-builder.adb
   [Ada]          configure-abstract_tests.adb
   [Ada]          configure-pkg_config.adb
   [Ada]          configure-component_switches.adb
Bind
   [gprbind]      configure-driver.bexch
   [Ada]          configure-driver.ali
Link
   [link]         configure-driver.adb
-macosx_version_min has been renamed to -macos_version_min
ld: warning: ignoring duplicate libraries: '-lSystem'
ld: warning: Support for dylib stub (MH_DYLIB_STUB) file '/Users/runner/.config/alire/cache/dependencies/gnat_native_10.3.2_e112fd3f/lib/libgcc_ext.10.5.dylib' is deprecated, text-based stubs should be used instead (with `GENERATE_TEXT_BASED_STUBS` build setting, or `tapi` tool)
ld: malformed mach-o missing relocations, LC_DYLD_INFO, or LC_DYLD_CHAINED_FIXUPS in '/Users/runner/.config/alire/cache/dependencies/gnat_native_10.3.2_e112fd3f/lib/libgcc_ext.10.5.dylib'
collect2: error: ld returned 1 exit status
gprbuild: link of configure-driver.adb failed
gprbuild: failed command was: /users/runner/.config/alire/cache/dependencies/gnat_native_10.3.2_e112fd3f/bin/gcc configure-driver.o b__configure-driver.o /Users/runner/work/alire-crates-ci/alire-crates-ci/test/e5a38489-4f17-4fb4-8952-671deffab867/matreshka_fastcgi_21.0.0_20fa4453/alire/cache/dependencies/matreshka_league_21.0.0_0c8f4d47/.objs/configure/configure.o /Users/runner/work/alire-crates-ci/alire-crates-ci/test/e5a38489-4f17-4fb4-8952-671deffab867/matreshka_fastcgi_21.0.0_20fa4453/alire/cache/dependencies/matreshka_league_21.0.0_0c8f4d47/.objs/configure/configure-component_switches.o /Users/runner/work/alire-crates-ci/alire-crates-ci/test/e5a38489-4f17-4fb4-8952-671deffab867/matreshka_fastcgi_21.0.0_20fa4453/alire/cache/dependencies/matreshka_league_21.0.0_0c8f4d47/.objs/configure/configure-instantiate.o /Users/runner/work/alire-crates-ci/alire-crates-ci/test/e5a38489-4f17-4fb4-8952-671deffab867/matreshka_fastcgi_21.0.0_20fa4453/alire/cache/dependencies/matreshka_league_21.0.0_0c8f4d47/.objs/configure/configure-internals.o /Users/runner/work/alire-crates-ci/alire-crates-ci/test/e5a38489-4f17-4fb4-8952-671deffab867/matreshka_fastcgi_21.0.0_20fa4453/alire/cache/dependencies/matreshka_league_21.0.0_0c8f4d47/.objs/configure/configure-abstract_tests.o /Users/runner/work/alire-crates-ci/alire-crates-ci/test/e5a38489-4f17-4fb4-8952-671deffab867/matreshka_fastcgi_21.0.0_20fa4453/alire/cache/dependencies/matreshka_league_21.0.0_0c8f4d47/.objs/configure/configure-builder.o /Users/runner/work/alire-crates-ci/alire-crates-ci/test/e5a38489-4f17-4fb4-8952-671deffab867/matreshka_fastcgi_21.0.0_20fa4453/alire/cache/dependencies/matreshka_league_21.0.0_0c8f4d47/.objs/configure/configure-architecture.o /Users/runner/work/alire-crates-ci/alire-crates-ci/test/e5a38489-4f17-4fb4-8952-671deffab867/matreshka_fastcgi_21.0.0_20fa4453/alire/cache/dependencies/matreshka_league_21.0.0_0c8f4d47/.objs/configure/configure-pkg_config.o /Users/runner/work/alire-crates-ci/alire-crates-ci/test/e5a38489-4f17-4fb4-8952-671deffab867/matreshka_fastcgi_21.0.0_20fa4453/alire/cache/dependencies/matreshka_league_21.0.0_0c8f4d47/.objs/configure/configure-rtl_version.o /Users/runner/work/alire-crates-ci/alire-crates-ci/test/e5a38489-4f17-4fb4-8952-671deffab867/matreshka_fastcgi_21.0.0_20fa4453/alire/cache/dependencies/matreshka_league_21.0.0_0c8f4d47/.objs/configure/configure-tests.o /Users/runner/work/alire-crates-ci/alire-crates-ci/test/e5a38489-4f17-4fb4-8952-671deffab867/matreshka_fastcgi_21.0.0_20fa4453/alire/cache/dependencies/matreshka_league_21.0.0_0c8f4d47/.objs/configure/configure-tests-asis.o /Users/runner/work/alire-crates-ci/alire-crates-ci/test/e5a38489-4f17-4fb4-8952-671deffab867/matreshka_fastcgi_21.0.0_20fa4453/alire/cache/dependencies/matreshka_league_21.0.0_0c8f4d47/.objs/configure/configure-tests-aws.o /Users/runner/work/alire-crates-ci/alire-crates-ci/test/e5a38489-4f17-4fb4-8952-671deffab867/matreshka_fastcgi_21.0.0_20fa4453/alire/cache/dependencies/matreshka_league_21.0.0_0c8f4d47/.objs/configure/configure-tests-firebird.o /Users/runner/work/alire-crates-ci/alire-crates-ci/test/e5a38489-4f17-4fb4-8952-671deffab867/matreshka_fastcgi_21.0.0_20fa4453/alire/cache/dependencies/matreshka_league_21.0.0_0c8f4d47/.objs/configure/configure-tests-gprbuild.o /Users/runner/work/alire-crates-ci/alire-crates-ci/test/e5a38489-4f17-4fb4-8952-671deffab867/matreshka_fastcgi_21.0.0_20fa4453/alire/cache/dependencies/matreshka_league_21.0.0_0c8f4d47/.objs/configure/configure-tests-install.o /Users/runner/work/alire-crates-ci/alire-crates-ci/test/e5a38489-4f17-4fb4-8952-671deffab867/matreshka_fastcgi_21.0.0_20fa4453/alire/cache/dependencies/matreshka_league_21.0.0_0c8f4d47/.objs/configure/configure-tests-installation_directories.o /Users/runner/work/alire-crates-ci/alire-crates-ci/test/e5a38489-4f17-4fb4-8952-671deffab867/matreshka_fastcgi_21.0.0_20fa4453/alire/cache/dependencies/matreshka_league_21.0.0_0c8f4d47/.objs/configure/configure-tests-modules.o /Users/runner/work/alire-crates-ci/alire-crates-ci/test/e5a38489-4f17-4fb4-8952-671deffab867/matreshka_fastcgi_21.0.0_20fa4453/alire/cache/dependencies/matreshka_league_21.0.0_0c8f4d47/.objs/configure/configure-tests-mysql.o /Users/runner/work/alire-crates-ci/alire-crates-ci/test/e5a38489-4f17-4fb4-8952-671deffab867/matreshka_fastcgi_21.0.0_20fa4453/alire/cache/dependencies/matreshka_league_21.0.0_0c8f4d47/.objs/configure/configure-tests-operating_system.o /Users/runner/work/alire-crates-ci/alire-crates-ci/test/e5a38489-4f17-4fb4-8952-671deffab867/matreshka_fastcgi_21.0.0_20fa4453/alire/cache/dependencies/matreshka_league_21.0.0_0c8f4d47/.objs/configure/configure-tests-modules-amf.o /Users/runner/work/alire-crates-ci/alire-crates-ci/test/e5a38489-4f17-4fb4-8952-671deffab867/matreshka_fastcgi_21.0.0_20fa4453/alire/cache/dependencies/matreshka_league_21.0.0_0c8f4d47/.objs/configure/configure-tests-oci.o /Users/runner/work/alire-crates-ci/alire-crates-ci/test/e5a38489-4f17-4fb4-8952-671deffab867/matreshka_fastcgi_21.0.0_20fa4453/alire/cache/dependencies/matreshka_league_21.0.0_0c8f4d47/.objs/configure/configure-tests-postgresql.o /Users/runner/work/alire-crates-ci/alire-crates-ci/test/e5a38489-4f17-4fb4-8952-671deffab867/matreshka_fastcgi_21.0.0_20fa4453/alire/cache/dependencies/matreshka_league_21.0.0_0c8f4d47/.objs/configure/configure-tests-sqlite3.o /Users/runner/work/alire-crates-ci/alire-crates-ci/test/e5a38489-4f17-4fb4-8952-671deffab867/matreshka_fastcgi_21.0.0_20fa4453/alire/cache/dependencies/matreshka_league_21.0.0_0c8f4d47/.objs/configure/configure-tests-valgrind.o /Users/runner/work/alire-crates-ci/alire-crates-ci/test/e5a38489-4f17-4fb4-8952-671deffab867/matreshka_fastcgi_21.0.0_20fa4453/alire/cache/dependencies/matreshka_league_21.0.0_0c8f4d47/.objs/configure/configure-version.o -L/Users/runner/work/alire-crates-ci/alire-crates-ci/test/e5a38489-4f17-4fb4-8952-671deffab867/matreshka_fastcgi_21.0.0_20fa4453/alire/cache/dependencies/matreshka_league_21.0.0_0c8f4d47/.objs/configure/ -L/Users/runner/work/alire-crates-ci/alire-crates-ci/test/e5a38489-4f17-4fb4-8952-671deffab867/matreshka_fastcgi_21.0.0_20fa4453/alire/cache/dependencies/matreshka_league_21.0.0_0c8f4d47/.objs/configure/ -L/users/runner/.config/alire/cache/dependencies/gnat_native_10.3.2_e112fd3f/lib/gcc/x86_64-apple-darwin19.6.0/10.3.0/adalib/ /users/runner/.config/alire/cache/dependencies/gnat_native_10.3.2_e112fd3f/lib/gcc/x86_64-apple-darwin19.6.0/10.3.0/adalib/libgnat.a -Wl,-rpath,@executable_path//.objs/configure -Wl,-rpath,@executable_path/../../../../../../../../../..//.config/alire/cache/dependencies/gnat_native_10.3.2_e112fd3f/lib/gcc/x86_64-apple-darwin19.6.0/10.3.0/adalib -o /Users/runner/work/alire-crates-ci/alire-crates-ci/test/e5a38489-4f17-4fb4-8952-671deffab867/matreshka_fastcgi_21.0.0_20fa4453/alire/cache/dependencies/matreshka_league_21.0.0_0c8f4d47//configure
make: *** [config] Error 5
stderr: Command ["make", "reconfig"] exited with code 2
stderr: ALIRE.CHECKED_ERROR
stderr: Command ["make", "reconfig"] exited with code 2
stderr: raised ALIRE.CHECKED_ERROR : alire-stored-error:1
Load address: 0x102ace000
Call stack traceback locations:
0x1033d6415 0x1030a9e83 0x1030af729 0x1030b0909 0x1030afd1b 0x103221299 0x103221fd4 0x103238873 0x103284dc1 0x1032833c2 0x1032389b8 0x103222346 0x102b3e1cf 0x102b4301c 0x102bc905c 0x102bd43b8 0x102acf605 0x102ad2914

stderr: A post-fetch action failed, re-run with -vv -d for details
ERROR: A post-fetch action failed, re-run with -vv -d for details
