Test ran at 2022-06-03 01:12:34.148316+00:00

SOLUTION:
aaa=0.2.4: Alex's Ada Assortment (of miscellaneous utilities)
Origin: commit 19e75e3e16c493df35913b8acc486b5d047875bf from https://github.com/mosteo/aaa.git
Properties:
   Author: Alejandro R. Mosteo
   Description: Alex's Ada Assortment (of miscellaneous utilities)
   License: LGPL-3.0-only
   Long_Description: Alex's Ada Assortment of Utilities

- Text formatting (paragraphs, tables).
- Indefinite containers.
- Enumeration validity/conversions of string images.
- On-demand stack backtraces.
- String containers and utilities.
- Simple subprocess spawning.
- Write-through minimal cache for objects stored in files

   Maintainer: alejandro@mosteo.com
   Maintainers_Logins: mosteo
   Name: aaa
   Tag: miscellanea
   Tag: utility
   Version: 0.2.4
   Website: https://github.com/mosteo/aaa


LOG:
Note: Deploying release aaa=0.2.4...
Cloning into '/home/runner/work/alire-crates-ci/alire-crates-ci/test/d23d6b2f-886c-4f7c-8153-64abc900cdec/alr-pqkn.tmp'...
remote: Enumerating objects: 366, done.        
remote: Counting objects:   2% (1/46)        
remote: Counting objects:   4% (2/46)        
remote: Counting objects:   6% (3/46)        
remote: Counting objects:   8% (4/46)        
remote: Counting objects:  10% (5/46)        
remote: Counting objects:  13% (6/46)        
remote: Counting objects:  15% (7/46)        
remote: Counting objects:  17% (8/46)        
remote: Counting objects:  19% (9/46)        
remote: Counting objects:  21% (10/46)        
remote: Counting objects:  23% (11/46)        
remote: Counting objects:  26% (12/46)        
remote: Counting objects:  28% (13/46)        
remote: Counting objects:  30% (14/46)        
remote: Counting objects:  32% (15/46)        
remote: Counting objects:  34% (16/46)        
remote: Counting objects:  36% (17/46)        
remote: Counting objects:  39% (18/46)        
remote: Counting objects:  41% (19/46)        
remote: Counting objects:  43% (20/46)        
remote: Counting objects:  45% (21/46)        
remote: Counting objects:  47% (22/46)        
remote: Counting objects:  50% (23/46)        
remote: Counting objects:  52% (24/46)        
remote: Counting objects:  54% (25/46)        
remote: Counting objects:  56% (26/46)        
remote: Counting objects:  58% (27/46)        
remote: Counting objects:  60% (28/46)        
remote: Counting objects:  63% (29/46)        
remote: Counting objects:  65% (30/46)        
remote: Counting objects:  67% (31/46)        
remote: Counting objects:  69% (32/46)        
remote: Counting objects:  71% (33/46)        
remote: Counting objects:  73% (34/46)        
remote: Counting objects:  76% (35/46)        
remote: Counting objects:  78% (36/46)        
remote: Counting objects:  80% (37/46)        
remote: Counting objects:  82% (38/46)        
remote: Counting objects:  84% (39/46)        
remote: Counting objects:  86% (40/46)        
remote: Counting objects:  89% (41/46)        
remote: Counting objects:  91% (42/46)        
remote: Counting objects:  93% (43/46)        
remote: Counting objects:  95% (44/46)        
remote: Counting objects:  97% (45/46)        
remote: Counting objects: 100% (46/46)        
remote: Counting objects: 100% (46/46), done.        
remote: Compressing objects:  10% (1/10)        
remote: Compressing objects:  20% (2/10)        
remote: Compressing objects:  30% (3/10)        
remote: Compressing objects:  40% (4/10)        
remote: Compressing objects:  50% (5/10)        
remote: Compressing objects:  60% (6/10)        
remote: Compressing objects:  70% (7/10)        
remote: Compressing objects:  80% (8/10)        
remote: Compressing objects:  90% (9/10)        
remote: Compressing objects: 100% (10/10)        
remote: Compressing objects: 100% (10/10), done.        
Receiving objects:   0% (1/366)
Receiving objects:   1% (4/366)
Receiving objects:   2% (8/366)
Receiving objects:   3% (11/366)
Receiving objects:   4% (15/366)
Receiving objects:   5% (19/366)
Receiving objects:   6% (22/366)
Receiving objects:   7% (26/366)
Receiving objects:   8% (30/366)
Receiving objects:   9% (33/366)
Receiving objects:  10% (37/366)
Receiving objects:  11% (41/366)
Receiving objects:  12% (44/366)
Receiving objects:  13% (48/366)
Receiving objects:  14% (52/366)
Receiving objects:  15% (55/366)
Receiving objects:  16% (59/366)
Receiving objects:  17% (63/366)
Receiving objects:  18% (66/366)
Receiving objects:  19% (70/366)
Receiving objects:  20% (74/366)
Receiving objects:  21% (77/366)
Receiving objects:  22% (81/366)
Receiving objects:  23% (85/366)
Receiving objects:  24% (88/366)
Receiving objects:  25% (92/366)
Receiving objects:  26% (96/366)
Receiving objects:  27% (99/366)
Receiving objects:  28% (103/366)
Receiving objects:  29% (107/366)
Receiving objects:  30% (110/366)
Receiving objects:  31% (114/366)
Receiving objects:  32% (118/366)
Receiving objects:  33% (121/366)
Receiving objects:  34% (125/366)
Receiving objects:  35% (129/366)
Receiving objects:  36% (132/366)
Receiving objects:  37% (136/366)
Receiving objects:  38% (140/366)
Receiving objects:  39% (143/366)
Receiving objects:  40% (147/366)
Receiving objects:  41% (151/366)
Receiving objects:  42% (154/366)
Receiving objects:  43% (158/366)
Receiving objects:  44% (162/366)
Receiving objects:  45% (165/366)
Receiving objects:  46% (169/366)
Receiving objects:  47% (173/366)
Receiving objects:  48% (176/366)
Receiving objects:  49% (180/366)
Receiving objects:  50% (183/366)
Receiving objects:  51% (187/366)
Receiving objects:  52% (191/366)
Receiving objects:  53% (194/366)
Receiving objects:  54% (198/366)
Receiving objects:  55% (202/366)
remote: Total 366 (delta 39), reused 38 (delta 36), pack-reused 320        
Receiving objects:  56% (205/366)
Receiving objects:  57% (209/366)
Receiving objects:  58% (213/366)
Receiving objects:  59% (216/366)
Receiving objects:  60% (220/366)
Receiving objects:  61% (224/366)
Receiving objects:  62% (227/366)
Receiving objects:  63% (231/366)
Receiving objects:  64% (235/366)
Receiving objects:  65% (238/366)
Receiving objects:  66% (242/366)
Receiving objects:  67% (246/366)
Receiving objects:  68% (249/366)
Receiving objects:  69% (253/366)
Receiving objects:  70% (257/366)
Receiving objects:  71% (260/366)
Receiving objects:  72% (264/366)
Receiving objects:  73% (268/366)
Receiving objects:  74% (271/366)
Receiving objects:  75% (275/366)
Receiving objects:  76% (279/366)
Receiving objects:  77% (282/366)
Receiving objects:  78% (286/366)
Receiving objects:  79% (290/366)
Receiving objects:  80% (293/366)
Receiving objects:  81% (297/366)
Receiving objects:  82% (301/366)
Receiving objects:  83% (304/366)
Receiving objects:  84% (308/366)
Receiving objects:  85% (312/366)
Receiving objects:  86% (315/366)
Receiving objects:  87% (319/366)
Receiving objects:  88% (323/366)
Receiving objects:  89% (326/366)
Receiving objects:  90% (330/366)
Receiving objects:  91% (334/366)
Receiving objects:  92% (337/366)
Receiving objects:  93% (341/366)
Receiving objects:  94% (345/366)
Receiving objects:  95% (348/366)
Receiving objects:  96% (352/366)
Receiving objects:  97% (356/366)
Receiving objects:  98% (359/366)
Receiving objects:  99% (363/366)
Receiving objects: 100% (366/366)
Receiving objects: 100% (366/366), 68.00 KiB | 17.00 MiB/s, done.
Resolving deltas:   0% (0/212)
Resolving deltas:   6% (13/212)
Resolving deltas:  10% (22/212)
Resolving deltas:  21% (45/212)
Resolving deltas:  32% (69/212)
Resolving deltas:  35% (76/212)
Resolving deltas:  36% (78/212)
Resolving deltas:  44% (95/212)
Resolving deltas:  46% (98/212)
Resolving deltas:  47% (100/212)
Resolving deltas:  52% (112/212)
Resolving deltas:  54% (116/212)
Resolving deltas:  56% (120/212)
Resolving deltas:  57% (121/212)
Resolving deltas:  58% (123/212)
Resolving deltas:  60% (128/212)
Resolving deltas:  61% (130/212)
Resolving deltas:  62% (132/212)
Resolving deltas:  63% (134/212)
Resolving deltas:  77% (164/212)
Resolving deltas:  78% (166/212)
Resolving deltas:  79% (168/212)
Resolving deltas:  86% (184/212)
Resolving deltas: 100% (212/212)
Resolving deltas: 100% (212/212), done.
Setup
   [mkdir]        object directory for project AAA
   [mkdir]        library directory for project AAA
Compile
   [Ada]          aaa-text_io.adb
   [Ada]          aaa-tests.ads
   [Ada]          aaa-containers.ads
   [Ada]          aaa-enum_tools.adb
   [Ada]          aaa-table_io.adb
   [Ada]          aaa-ansi.adb
   [Ada]          aaa-caches.ads
   [Ada]          aaa-caches-files.adb
   [Ada]          aaa-traits-containers.ads
   [Ada]          aaa-strings.adb
   [Ada]          aaa-processes.adb
   [Ada]          aaa-containers-indefinite_holders.adb
   [Ada]          aaa-filesystem.adb
   [Ada]          aaa-directories.ads
   [Ada]          aaa-traits-types.ads
   [Ada]          aaa.ads
   [Ada]          aaa-debug.adb
   [Ada]          aaa-traits.ads
Build Libraries
   [gprlib]       aaa.lexch
   [archive]      libaaa.a
   [index]        libaaa.a

aaa=0.2.4 successfully retrieved and built.
There are no dependencies.
