Test ran at 2023-06-04 13:02:57.574415+00:00

SOLUTION:
mcp2221=1.21121.1: MCP2221 USB Raw HID I/O Expander Library for GNAT Ada
Origin: source archive mcp2221-1.21121.1.tbz2 at http://repo.munts.com/alire/mcp2221-1.21121.1.tbz2 with hashes sha256:e3f8a97916b82f42cbd9a985a691249d74d51429e9990db9e6da4c678b990860, sha512:05b0bf751bd00c6a23f016311a2b409c1a32c0c9aa5db564ecc7d1c4f325b5ced319ac1c8a110cdfebc9d0fb6d5f2b63141055d7908febee1a78d6bcfa5871b6
Available when: (case OS is Linux => True, Macos => True, Windows => True, others => False)
Properties:
   case OS is
      when Linux => Post_Fetch run: ${CRATE_DIR}/./sh -c ./src/scripts/postfetch.linux
      when Macos => Post_Fetch run: ${CRATE_DIR}/./sh -c ./src/scripts/postfetch.macos
      when Windows => Post_Fetch run: ${CRATE_DIR}/./sh -c ./src/scripts/postfetch.windows
   Author: Philip Munts
   Description: MCP2221 USB Raw HID I/O Expander Library for GNAT Ada
   License: BSD-1-Clause
   Maintainer: Philip Munts <phil@munts.net>
   Maintainers_Logins: pmunts
   Name: mcp2221
   Project_File: mcp2221.gpr
   Tag: embedded
   Tag: linux
   Tag: mcp2221
   Tag: adc
   Tag: dac
   Tag: gpio
   Tag: i2c
   Tag: motor
   Tag: pwm
   Tag: sensor
   Tag: serial
   Tag: servo
   Tag: spi
   Tag: stepper
   Version: 1.21121.1
   Website: https://github.com/pmunts/libsimpleio
Dependencies (direct):
   case OS is
      when Linux => libhidapi*
   case OS is
      when Linux => libusb*
Dependencies (external):
   libhidapi* (direct,hinted)
   libusb* (direct,hinted)
Dependencies (graph):
   mcp2221=1.21121.1 --> libhidapi*
   mcp2221=1.21121.1 --> libusb*   
Dependencies cannot be met


LOG:
