Test ran at 2024-05-28 13:32:13.320386+00:00

SOLUTION:
gtkada=23.0.0: An Ada graphical toolkit based on Gtk+
Origin: source archive gtkada-23.0.0.zip at https://github.com/AdaCore/gtkada/archive/v23.0.0/gtkada-23.0.0.zip with hash sha512:bac4d634733d53bb0b9578ec1eecc5886aacb3177265e220e32dfffe33dc8f6e833741cf0fb952ee557ca7f06dc4e33bc26f749fa05c77e3cb3c5039ff4e1ab7
Properties:
   Post_Fetch run: ${CRATE_DIR}/./bash -c PATH=${DISTRIB_ROOT}/mingw64/bin:${PATH} ./configure
   Post_Fetch run: ${CRATE_DIR}/./make src/gtkada-intl.adb
   Author: AdaCore
   Configuration: no modifiers
   Description: An Ada graphical toolkit based on Gtk+
   case OS is
      when Windows => Environment: PATH=${PATH}:${CRATE_ROOT}/src/obj/gtkada/relocatable
   GPR Scenario: LIBRARY_TYPE := static | static-pic | relocatable
   License: GPL-3.0-or-later WITH GCC-exception-3.1
   Long_Description: This crate requires Gtk3+ >= 3.24.24
   Maintainer: chouteau@adacore.com
   Maintainer: reznikmm@gmail.com
   Maintainers_Logins: Fabien-Chouteau
   Maintainers_Logins: reznikmm
   Name: gtkada
   Project_File: src/gtkada.gpr
   Tag: gtk
   Tag: gui
   Version: 23.0.0
   Website: https://github.com/adacore/gtkada
Dependencies (direct):
   libgtk3>=3.24.24
   make*
   pkg_config*
Dependencies (solution):
   make=3.81.0
   pkg_config=0.29.2
Dependencies (external):
   libgtk3>=3.24.24 (direct,hinted)
Dependencies (graph):
   gtkada=23.0.0 --> libgtk3>=3.24.24     
   gtkada=23.0.0 --> make=3.81.0 (*)      
   gtkada=23.0.0 --> pkg_config=0.29.2 (*)
Dependencies cannot be met


LOG:
