Test ran at 2024-09-03 00:49:35.297239+00:00

SOLUTION:
gnat_riscv64_elf=12.2.1: The GNAT Ada compiler - RISC-V cross-compiler
Provides: gnat=12.2.1
Origin: (case OS is Linux => (case Host_Arch is X86_64 => binary archive gnat-riscv64-elf-linux64-12.2.0-1.tar.gz at https://github.com/alire-project/GNAT-FSF-builds/releases/download/gnat-12.2.0-1/gnat-riscv64-elf-linux64-12.2.0-1.tar.gz), Macos => (case Host_Arch is X86_64 => binary archive gnat-riscv64-elf-darwin-12.2.0-1.tar.gz at https://github.com/alire-project/GNAT-FSF-builds/releases/download/gnat-12.2.0-1/gnat-riscv64-elf-darwin-12.2.0-1.tar.gz), Windows => (case Host_Arch is X86_64 => binary archive gnat-riscv64-elf-windows64-12.2.0-1.tar.gz at https://github.com/alire-project/GNAT-FSF-builds/releases/download/gnat-12.2.0-1/gnat-riscv64-elf-windows64-12.2.0-1.tar.gz)) with hash sha256:fc4a4d081ff7350c55f960fbb8bc9b0985c55464cd7abfa43626e31f26a45dc8
Properties:
   Auto_Gpr_With: auto-gpr-with=false
   Configuration: no modifiers
   Description: The GNAT Ada compiler - RISC-V cross-compiler
   Environment: PATH=${CRATE_ROOT}/bin:${PATH}
   License: GPL-3.0-or-later AND GPL-3.0-or-later WITH GCC-exception-3.1
   Maintainer: chouteau@adacore.com
   Maintainers_Logins: Fabien-Chouteau
   Name: gnat_riscv64_elf
   Version: 12.2.1


LOG:
Note: Deploying gnat_riscv64_elf=12.2.1...
#=#=#                                                                         
##O#-#                                                                        
##O=#  #                                                                      

                                                                           0.0%
                                                                           0.4%
                                                                           1.1%
#                                                                          2.4%
##                                                                         3.8%
####                                                                       6.6%
#####                                                                      7.5%
#######                                                                   10.5%
########                                                                  11.3%
#########                                                                 12.8%
#########                                                                 12.8%
##########                                                                15.0%
############                                                              17.6%
#############                                                             18.8%
###############                                                           21.1%
################                                                          22.6%
#################                                                         24.1%
#################                                                         24.1%
##################                                                        26.3%
##################                                                        26.3%
####################                                                      28.6%
#####################                                                     30.1%
#######################                                                   32.9%
########################                                                  33.8%
##########################                                                36.3%
###########################                                               37.6%
###########################                                               38.6%
#############################                                             41.3%
#############################                                             41.4%
###############################                                           43.8%
################################                                          45.1%
#################################                                         46.4%
###################################                                       48.9%
#####################################                                     51.7%
#####################################                                     52.8%
########################################                                  55.7%
########################################                                  56.4%
#########################################                                 58.2%
###########################################                               60.2%
############################################                              61.6%
#############################################                             63.2%
##############################################                            64.1%
################################################                          67.0%
################################################                          67.7%
##################################################                        70.7%
###################################################                       71.4%
#####################################################                     73.7%
#####################################################                     74.9%
#####################################################                     74.9%
######################################################                    75.2%
########################################################                  78.1%
########################################################                  79.0%
##########################################################                80.7%
###########################################################               82.7%
#############################################################             85.3%
##############################################################            86.5%
################################################################          89.5%
################################################################          90.2%
##################################################################        92.8%
###################################################################       94.0%
####################################################################      95.1%
######################################################################    97.7%
######################################################################## 100.0%

gnat_riscv64_elf=12.2.1 successfully retrieved.
There are no dependencies.
Warning: Binary release does not contain default project file: gnat_riscv64_elf.gpr
