Test ran at 2024-11-15 00:39:22.851933+00:00

SOLUTION:
evdev=2.0.2: Library for input devices and force-feedback using Linux' evdev API
Origin: commit dad80c143a7d673a5cfe2c8f0230737fcd22002b from https://github.com/onox/evdev-ada.git
Available when: (case OS is Linux => True, others => False)
Properties:
   Author: onox
   Build Switches: 
   Description: Library for input devices and force-feedback using Linux' evdev API
   Executable: evdev-ada
   License: Apache-2.0
   Maintainer: onox <denkpadje@gmail.com>
   Maintainers_Logins: onox
   Name: evdev
   Project_File: evdev.gpr
   Project_File: evdev_info.gpr
   Tag: evdev
   Tag: force-feedback
   Tag: linux
   Tag: input
   Version: 2.0.2
   Website: https://github.com/onox/evdev-ada


LOG:
Note: Deploying evdev=2.0.2...
Note: Building evdev/evdev.gpr (1/2)...
Setup
   [mkdir]        object directory for project Evdev
   [mkdir]        library directory for project Evdev
Compile
   [C]            errno.c
   [Ada]          event_device.adb
   [Ada]          event_device-force_feedbacks.adb
   [Ada]          event_device-input_dev.adb
event_device-input_dev.ads:19:17: warning: unit "Ada.Unchecked_Conversion" is not instantiated in spec [-gnatwu]
event_device-input_dev.ads:19:17: warning: with clause can be moved to body [-gnatwu]
Build Libraries
   [gprlib]       evdev-ada.lexch
   [archive]      libevdev-ada.a
   [index]        libevdev-ada.a
Note: Building evdev/evdev_info.gpr (2/2)...
Setup
   [mkdir]        exec directory for project Evdev_Info
Compile
   [Ada]          info.adb
Bind
   [gprbind]      info.bexch
   [Ada]          info.ali
Link
   [link]         info.adb
Build finished successfully in 1.12 seconds.

evdev=2.0.2 successfully retrieved and built.
There are no dependencies.
Found declared GPR file: evdev.gpr
Found declared GPR file: evdev_info.gpr
