Test ran at 2022-07-04 12:46:05.871783+00:00

SOLUTION:
gprbuild=22.0.1: The GPRBuild Ada/multilanguage build tool
Origin: (case OS is Linux => (case Word_Size is Bits_64 => binary archive gprbuild-x86_64-linux-22.0.0-1.tar.gz at https://github.com/alire-project/GNAT-FSF-builds/releases/download/gprbuild-22.0.0-1/gprbuild-x86_64-linux-22.0.0-1.tar.gz), Macos => (case Word_Size is Bits_64 => binary archive gprbuild-x86_64-darwin-22.0.0-1.tar.gz at https://github.com/alire-project/GNAT-FSF-builds/releases/download/gprbuild-22.0.0-1/gprbuild-x86_64-darwin-22.0.0-1.tar.gz), Windows => (case Word_Size is Bits_64 => binary archive gprbuild-x86_64-windows64-22.0.0-1.tar.gz at https://github.com/alire-project/GNAT-FSF-builds/releases/download/gprbuild-22.0.0-1/gprbuild-x86_64-windows64-22.0.0-1.tar.gz)) with hash sha256:b1220e2b24ce8fdb28344ed9c79c81c1fd2e7e3b05839d35167ceda54050def3
Properties:
   Auto_Gpr_With: auto-gpr-with=false
   Configuration: no modifiers
   Description: The GPRBuild Ada/multilanguage build tool
   Environment: PATH=${CRATE_ROOT}/bin:${PATH}
   Maintainer: chouteau@adacore.com
   Maintainers_Logins: Fabien-Chouteau
   Name: gprbuild
   Version: 22.0.1


LOG:
Note: Deploying gprbuild=22.0.1...
#=#=#                                                                         

###                                                                        4.6%
##################################                                        48.1%
######################################################################    98.3%
######################################################################## 100.0%
Note: Skipping build step for binary release gprbuild=22.0.1

gprbuild=22.0.1 successfully retrieved and deployed.
There are no dependencies.
