Test ran at 2022-07-04 00:35:00.787219+00:00

SOLUTION:
gnat_native=11.2.4: The GNAT Ada compiler - Native
Provides: gnat=11.2.4
Origin: (case OS is Linux => (case Word_Size is Bits_64 => binary archive gnat-x86_64-linux-11.2.0-4.tar.gz at https://github.com/alire-project/GNAT-FSF-builds/releases/download/gnat-11.2.0-4/gnat-x86_64-linux-11.2.0-4.tar.gz), Macos => (case Word_Size is Bits_64 => binary archive gnat-x86_64-darwin-11.2.0-4.tar.gz at https://github.com/alire-project/GNAT-FSF-builds/releases/download/gnat-11.2.0-4/gnat-x86_64-darwin-11.2.0-4.tar.gz), Windows => (case Word_Size is Bits_64 => binary archive gnat-x86_64-windows64-11.2.0-4.tar.gz at https://github.com/alire-project/GNAT-FSF-builds/releases/download/gnat-11.2.0-4/gnat-x86_64-windows64-11.2.0-4.tar.gz)) with hash sha256:2f37a10bd215a679b6a4af393b56b2a4fb6ccbedd293a34764e36fea635c58b0
Properties:
   Auto_Gpr_With: auto-gpr-with=false
   Configuration: no modifiers
   Description: The GNAT Ada compiler - Native
   Environment: PATH=${CRATE_ROOT}/bin:${PATH}
   License: GPL-3.0-or-later AND GPL-3.0-or-later WITH GCC-exception-3.1
   Maintainer: chouteau@adacore.com
   Maintainers_Logins: Fabien-Chouteau
   Name: gnat_native
   Version: 11.2.4


LOG:
Note: Deploying gnat_native=11.2.4...
#=#=#                                                                         
##O#- #                                                                       

                                                                           0.0%
##                                                                         3.4%
####                                                                       6.7%
######                                                                     8.4%
#######                                                                   10.3%
#########                                                                 13.5%
############                                                              16.8%
##############                                                            20.1%
###############                                                           21.3%
################                                                          22.4%
################                                                          23.5%
##################                                                        25.2%
###################                                                       27.0%
####################                                                      28.6%
#####################                                                     30.2%
######################                                                    31.9%
########################                                                  33.7%
#########################                                                 35.3%
##########################                                                37.0%
###########################                                               38.6%
#############################                                             40.3%
##############################                                            42.0%
###############################                                           43.7%
################################                                          45.3%
#################################                                         47.0%
###################################                                       48.7%
####################################                                      50.5%
#####################################                                     52.1%
######################################                                    53.7%
#######################################                                   55.5%
#########################################                                 57.1%
##########################################                                58.8%
###########################################                               60.4%
############################################                              62.1%
#############################################                             63.8%
###############################################                           65.5%
################################################                          67.2%
#################################################                         68.8%
##################################################                        70.6%
####################################################                      72.3%
#####################################################                     73.9%
######################################################                    75.6%
#######################################################                   77.2%
########################################################                  78.9%
##########################################################                80.6%
###########################################################               82.3%
############################################################              84.0%
#############################################################             85.7%
##############################################################            87.3%
################################################################          89.0%
################################################################          90.2%
##################################################################        91.9%
###################################################################       93.1%
####################################################################      94.6%
####################################################################      95.7%
######################################################################    97.4%
#######################################################################   99.1%
######################################################################## 100.0%
Note: Skipping build step for binary release gnat_native=11.2.4

gnat_native=11.2.4 successfully retrieved and deployed.
There are no dependencies.
