Test ran at 2023-06-04 01:22:08.000816+00:00

SOLUTION:
gnat_avr_elf=12.2.1: The GNAT Ada compiler - AVR cross-compiler
Provides: gnat=12.2.1
Origin: (case OS is Linux => (case Host_Arch is X86_64 => binary archive gnat-avr-elf-linux64-12.2.0-1.tar.gz at https://github.com/alire-project/GNAT-FSF-builds/releases/download/gnat-12.2.0-1/gnat-avr-elf-linux64-12.2.0-1.tar.gz), Macos => (case Host_Arch is X86_64 => binary archive gnat-avr-elf-darwin-12.2.0-1.tar.gz at https://github.com/alire-project/GNAT-FSF-builds/releases/download/gnat-12.2.0-1/gnat-avr-elf-darwin-12.2.0-1.tar.gz), Windows => (case Host_Arch is X86_64 => binary archive gnat-avr-elf-windows64-12.2.0-1.tar.gz at https://github.com/alire-project/GNAT-FSF-builds/releases/download/gnat-12.2.0-1/gnat-avr-elf-windows64-12.2.0-1.tar.gz)) with hash sha256:8e59f77f4f5ff0670d4063712d1f4afa9e5793e200c6608007a28ba23f0bcf94
Properties:
   Auto_Gpr_With: auto-gpr-with=false
   Configuration: no modifiers
   Description: The GNAT Ada compiler - AVR cross-compiler
   Environment: PATH=${CRATE_ROOT}/bin:${PATH}
   License: GPL-3.0-or-later AND GPL-3.0-or-later WITH GCC-exception-3.1
   Maintainer: chouteau@adacore.com
   Maintainers_Logins: Fabien-Chouteau
   Name: gnat_avr_elf
   Version: 12.2.1


LOG:
Note: Deploying gnat_avr_elf=12.2.1...
#=#=#                                                                         
##O#-#                                                                        

##                                                                         3.9%
#######                                                                   10.0%
###########                                                               16.2%
###############                                                           22.2%
####################                                                      28.0%
########################                                                  34.7%
#############################                                             41.2%
#################################                                         46.9%
######################################                                    53.6%
##########################################                                59.6%
###############################################                           65.8%
###################################################                       72.2%
########################################################                  78.4%
############################################################              83.5%
################################################################          90.0%
####################################################################      95.3%
######################################################################## 100.0%

gnat_avr_elf=12.2.1 successfully retrieved.
There are no dependencies.
Warning: Binary release does not contain default project file: gnat_avr_elf.gpr
