Test ran at 2022-07-03 00:30:43.395819+00:00

SOLUTION:
json=5.0.1: An Ada 2012 library for parsing JSON
Origin: source archive json-5.0.1.tgz at https://github.com/onox/json-ada/releases/download/v5.0.1/json-5.0.1.tgz with hashes sha256:31d0299f39e7e432d152159fec7381c38616faf67ebbac0025e8e9f27b626114, sha512:1d485dd979c009a38ee5ed9b0544c52ff0c512021b4a37057c96e1c8757ccbf641e76edc75f9cb9e58bc9b422d7cb2b202635897792051800e941d3460e3f50e
Properties:
   Author: onox
   Configuration: no modifiers
   Description: An Ada 2012 library for parsing JSON
   Executable: pretty_print
   License: Apache-2.0
   Maintainer: onox <denkpadje@gmail.com>
   Maintainers_Logins: onox
   Name: json
   Project_File: json.gpr
   Project_File: json_pretty_print.gpr
   Tag: json
   Version: 5.0.1
   Website: https://github.com/onox/json-ada


LOG:
Note: Deploying json=5.0.1...
#=#=#                                                                         
##O#- #                                                                       

#######################################                                   55.0%
######################################################################## 100.0%
Note: Building json/json.gpr (1/2)...
Setup
   [mkdir]        object directory for project Json
   [mkdir]        library directory for project Json
Compile
   [Ada]          json-parsers.adb
   [Ada]          json-tokenizers.adb
   [Ada]          json.ads
   [Ada]          json-streams.adb
   [Ada]          json-types.adb
json-streams.ads:17:17: warning: unit "Ada.Finalization" is not referenced
json-types.adb:467:25: warning: formal parameter "Object" is not referenced

   compilation of json-types.adb failed
   compilation of json-streams.adb failed

gprbuild: *** compilation phase failed
stderr: Command ["gprbuild", "-s", "-j0", "-p", "-P", "/home/runner/work/alire-crates-ci/alire-crates-ci/test/4f253751-2298-4e5c-958c-196fd45a446d/json_5.0.1_31d0299f/json.gpr"] exited with code 4
ERROR: Command ["gprbuild", "-s", "-j0", "-p", "-P", "/home/runner/work/alire-crates-ci/alire-crates-ci/test/4f253751-2298-4e5c-958c-196fd45a446d/json_5.0.1_31d0299f/json.gpr"] exited with code 4
stderr: ALIRE.CHECKED_ERROR
stderr: Command ["gprbuild", "-s", "-j0", "-p", "-P", "/home/runner/work/alire-crates-ci/alire-crates-ci/test/4f253751-2298-4e5c-958c-196fd45a446d/json_5.0.1_31d0299f/json.gpr"] exited with code 4
stderr: raised ALIRE.CHECKED_ERROR : alire-stored-error:1
[/home/runner/work/alire-crates-ci/alire-crates-ci/alire_install/bin/alr]
0xd65c78 Alire.Raise_Checked_Error at alire.adb:251
0xa2f08f Alire.Os_Lib.Subprocess.Checked_Spawn at alire-os_lib-subprocess.adb:110
0xc49318 Alire.Spawn.Command at alire-spawn.adb:21
0xc49a46 Alire.Spawn.Gprbuild at alire-spawn.adb:41
0xbada9c Alire.Roots.Build.Build_Single_Release.Call_Gprbuild at alire-roots.adb:140
0xbac0fb Alire.Roots.Build.Build_Single_Release at alire-roots.adb:171
0xbc7eaa Alire.Roots.Traverse.Traverse_Wrap at alire-roots.adb:1364
0xc11fbb Alire.Solutions.Traverse.Visit at alire-solutions.adb:1434
0xc10bd2 Alire.Solutions.Traverse at alire-solutions.adb:1509
0xbc7ff8 Alire.Roots.Traverse at alire-roots.adb:1368
0xbac48c Alire.Roots.Build at alire-roots.adb:196
0x48f1e4 Alr.Commands.Build.Execute at alr-commands-build.adb:58
0x49f50a Alr.Commands.Get.Retrieve at alr-commands-get.adb:187
0x4a3d27 Alr.Commands.Get.Execute at alr-commands-get.adb:348
0x52aa2e Alr.Commands.Sub_Cmd.Execute at clic-subcommand-instance.adb:742
0x53641f Alr.Commands.Execute at alr-commands.adb:492
0x42b9ca Alr.Main at alr-main.adb:10
0x42e297 Main at b__alr-main.adb:2132
[/lib/x86_64-linux-gnu/libc.so.6]
0x7fc091efe081
[/home/runner/work/alire-crates-ci/alire-crates-ci/alire_install/bin/alr]
0x42b8a8 _start at ???
0xfffffffffffffffe


Warning: json=5.0.1 successfully retrieved but its build failed.
There are no dependencies.
ERROR: Build ended with errors
