Test ran at 2024-05-20 00:32:23.528937+00:00

SOLUTION:
avrada_examples=1.0.1: Sample applications in Ada for AVR microcontrollers
Origin: commit 72780c766d5e3cb674d012c1775015d4442ce6e0 from https://github.com/RREE/AVRAda_Examples.git
Properties:
   Author: Rolf Ebert
   Description: Sample applications in Ada for AVR microcontrollers
   License: GPL-2.0-or-later WITH GCC-exception-3.1
   Maintainer: Rolf Ebert <rolf.ebert.gcc@gmx.de>
   Maintainers_Logins: RREE
   Name: avrada_examples
   Project_File: avrada_examples.gpr
   Tag: avr
   Tag: embedded
   Tag: demo
   Version: 1.0.1
   Website: https://sourceforge.net/projects/avr-ada/


LOG:
Note: Deploying avrada_examples=1.0.1...
Note: Building avrada_examples/avrada_examples.gpr...
Setup
   [mkdir]        object directory for project AVRAda_Examples
Compile
   [Ada]          avrada_examples.adb
Bind
   [gprbind]      avrada_examples.bexch
   [Ada]          avrada_examples.ali
Link
   [link]         avrada_examples.adb
-macosx_version_min has been renamed to -macos_version_min
ld: warning: ignoring duplicate libraries: '-lSystem'
0  0x104825f43  __assert_rtn + 64
1  0x104727f43  ld::AtomPlacement::findAtom(unsigned char, unsigned long long, ld::AtomPlacement::AtomLoc const*&, long long&) const + 1411
2  0x104744431  ld::InputFiles::SliceParser::parseObjectFile(mach_o::Header const*) const + 19745
3  0x104754e44  ld::InputFiles::parseAllFiles(void (ld::AtomFile const*) block_pointer)::$_7::operator()(unsigned long, ld::FileInfo const&) const + 1380
4  0x7ff8097a2def  _dispatch_client_callout2 + 8
5  0x7ff8097b4547  _dispatch_apply_invoke3 + 431
6  0x7ff8097a2dbc  _dispatch_client_callout + 8
7  0x7ff8097a404e  _dispatch_once_callout + 20
8  0x7ff8097b3740  _dispatch_apply_invoke + 184
9  0x7ff8097a2dbc  _dispatch_client_callout + 8
10  0x7ff8097b22ca  _dispatch_root_queue_drain + 871
11  0x7ff8097b284f  _dispatch_worker_thread2 + 152
12  0x7ff809940b43  _pthread_wqthread + 262
ld: Assertion failed: (resultIndex < sectData.atoms.size()), function findAtom, file Relocations.cpp, line 1336.
collect2: error: ld returned 1 exit status
gprbuild: link of avrada_examples.adb failed
gprbuild: failed command was: /users/runner/.config/alire/cache/dependencies/gnat_native_11.2.4_9800548d/bin/gcc avrada_examples.o b__avrada_examples.o -L/Users/runner/work/alire-crates-ci/alire-crates-ci/test/7fa98061-d6dd-46d8-bbbe-3122c9755a3e/avrada_examples_1.0.1_72780c76/.obj/ -L/Users/runner/work/alire-crates-ci/alire-crates-ci/test/7fa98061-d6dd-46d8-bbbe-3122c9755a3e/avrada_examples_1.0.1_72780c76/.obj/ -L/users/runner/.config/alire/cache/dependencies/gnat_native_11.2.4_9800548d/lib/gcc/x86_64-apple-darwin19.6.0/11.2.0/adalib/ /users/runner/.config/alire/cache/dependencies/gnat_native_11.2.4_9800548d/lib/gcc/x86_64-apple-darwin19.6.0/11.2.0/adalib/libgnat.a -Wl,-rpath,@executable_path//.obj -Wl,-rpath,@executable_path/../../../../../..//.config/alire/cache/dependencies/gnat_native_11.2.4_9800548d/lib/gcc/x86_64-apple-darwin19.6.0/11.2.0/adalib -o /Users/runner/work/alire-crates-ci/alire-crates-ci/test/7fa98061-d6dd-46d8-bbbe-3122c9755a3e/avrada_examples_1.0.1_72780c76//avrada_examples
stderr: Command ["gprbuild", "-s", "-j0", "-p", "-P", "/Users/runner/work/alire-crates-ci/alire-crates-ci/test/7fa98061-d6dd-46d8-bbbe-3122c9755a3e/avrada_examples_1.0.1_72780c76/avrada_examples.gpr"] exited with code 4
ERROR: Command ["gprbuild", "-s", "-j0", "-p", "-P", "/Users/runner/work/alire-crates-ci/alire-crates-ci/test/7fa98061-d6dd-46d8-bbbe-3122c9755a3e/avrada_examples_1.0.1_72780c76/avrada_examples.gpr"] exited with code 4
stderr: ALIRE.CHECKED_ERROR
stderr: Command ["gprbuild", "-s", "-j0", "-p", "-P", "/Users/runner/work/alire-crates-ci/alire-crates-ci/test/7fa98061-d6dd-46d8-bbbe-3122c9755a3e/avrada_examples_1.0.1_72780c76/avrada_examples.gpr"] exited with code 4
stderr: raised ALIRE.CHECKED_ERROR : alire-stored-error:1
Load address: 0x1026c1000
Call stack traceback locations:
0x102fc9415 0x102c9ce83 0x102eafdf9 0x102eb0581 0x102e10ac3 0x102e0ef99 0x102e2b873 0x102e77dc1 0x102e7681a 0x102e2b9b8 0x102e0f349 0x1027209c1 0x102731578 0x10273601c 0x1027bc05c 0x1027c73b8 0x1026c2605 0x1026c5914


Warning: avrada_examples=1.0.1 successfully retrieved but its build failed.
There are no dependencies.
ERROR: Build ended with errors
