Test ran at 2022-06-10 12:52:43.608715+00:00

SOLUTION:
zipdcf=2.0.2: Tools that can (un)zip document container files, a Zip-based format
Origin: source archive zipdcf-2.0.2.tgz at https://github.com/onox/dcf-ada/releases/download/v2.0.2/zipdcf-2.0.2.tgz with hash sha512:879a41168e294f6cbeff7fafcef23e08cbcf091011d77808901aa966af43b9d4212eeae414f43092d0f014c59a40ab44f9619b35afd03ab2233880f833a378af
Properties:
   Author: onox
   Author: Gautier de Montmollin
   Description: Tools that can (un)zip document container files, a Zip-based format
   Executable: zipdcf
   Executable: unzipdcf
   License: MIT
   Maintainer: onox <denkpadje@gmail.com>
   Maintainers_Logins: onox
   Name: zipdcf
   Tag: zip
   Tag: document
   Tag: container
   Version: 2.0.2
   Website: https://github.com/onox/dcf-ada
Dependencies (direct):
   dcf^2.0
Dependencies (solution):
   dcf=2.0.2
Dependencies (graph):
   zipdcf=2.0.2 --> dcf=2.0.2 (^2.0)


LOG:
Note: Deploying zipdcf=2.0.2...
#=#=#                                                                         
##O#-#                                                                        

######################################################################## 100.0%
Note: Migrating lockfile from /Users/runner/work/alire-crates-ci/alire-crates-ci/test/03e6db7a-3c36-4ff5-95d7-9486268a7b04/zipdcf_2.0.2_879a4116/alire.lock to /Users/runner/work/alire-crates-ci/alire-crates-ci/test/03e6db7a-3c36-4ff5-95d7-9486268a7b04/zipdcf_2.0.2_879a4116/alire/alire.lock
Note: Deploying dcf=2.0.2...
#=#=#                                                                         
##O#-#                                                                        

########                                                                  12.1%
######################################################################## 100.0%
Note: Building zipdcf/zipdcf.gpr...
zipdcf.gpr:94:07: warning: the following values are not used as labels:
zipdcf.gpr:94:07: warning: "debug"
zipdcf.gpr:94:07: warning: "release"
Setup
   [mkdir]        object directory for project Dcf
   [mkdir]        library directory for project Dcf
   [mkdir]        object directory for project Zipdcf
   [mkdir]        exec directory for project Zipdcf
Compile
   [Ada]          zipdcf.adb
   [Ada]          unzipdcf.adb
   [Ada]          dcf-unzip.ads
   [Ada]          dcf-streams-calendar.adb
   [Ada]          dcf-zip-create.adb
unzipdcf.adb:29:09: warning: unit "Ada.Streams" is not referenced

   compilation of unzipdcf.adb failed

gprbuild: *** compilation phase failed
stderr: Command ["gprbuild", "-s", "-j0", "-p", "-P", "/Users/runner/work/alire-crates-ci/alire-crates-ci/test/03e6db7a-3c36-4ff5-95d7-9486268a7b04/zipdcf_2.0.2_879a4116/zipdcf.gpr"] exited with code 4
ERROR: Command ["gprbuild", "-s", "-j0", "-p", "-P", "/Users/runner/work/alire-crates-ci/alire-crates-ci/test/03e6db7a-3c36-4ff5-95d7-9486268a7b04/zipdcf_2.0.2_879a4116/zipdcf.gpr"] exited with code 4
stderr: ALIRE.CHECKED_ERROR
stderr: Command ["gprbuild", "-s", "-j0", "-p", "-P", "/Users/runner/work/alire-crates-ci/alire-crates-ci/test/03e6db7a-3c36-4ff5-95d7-9486268a7b04/zipdcf_2.0.2_879a4116/zipdcf.gpr"] exited with code 4
stderr: raised ALIRE.CHECKED_ERROR : alire-stored-error:1
Load address: 0x107eb6000
Call stack traceback locations:
0x1087be12d 0x108493867 0x1086a60d9 0x1086a6861 0x108606dc7 0x10860529d 0x108621b77 0x10866e0a9 0x10866cb02 0x108621cbc 0x10860564d 0x107f18f01 0x107f29ab8 0x107f2e55c 0x107fb459c 0x107fbf8f8 0x107ebab45 0x107ebde54


Warning: zipdcf=2.0.2 successfully retrieved but its build failed.
Dependencies were solved as follows:

   + dcf 2.0.2 (new)
ERROR: Build ended with errors
