Test ran at 2024-10-07 01:22:27.581390+00:00

SOLUTION:
lace_opengl=0.1.0: Provides an openGL engine.
Origin: source archive lace_opengl-0.1.0.tgz at https://github.com/charlie5/lace-alire/releases/download/v0.1.0/lace_opengl-0.1.0.tgz with hashes sha256:672a64157d9d310dad6c7811062f2a2b19d8fcfb28d99c9f1a125a700eba23c2, sha512:57e152f18ba80988d166f61052ada919a2b703bb2c17a10cdf0a7d449fd9083d352c19ce5e2fc60ccd67023425bb5ee2de585da4a3af22ab247cf629b367d260
Properties:
   Author: Rod Kay
   Description: Provides an openGL engine.
   case Distribution is
      when Msys2 => Environment: C_INCLUDE_PATH=${C_INCLUDE_PATH}:${DISTRIB_ROOT}/mingw64/include/freetype2
   License: ISC
   Maintainer: Rod Kay <rodakay5@gmail.com>
   Maintainers_Logins: charlie5
   Name: lace_opengl
   Project_File: library/opengl.gpr
   Version: 0.1.0
Dependencies (direct):
   case OS is
      when Windows => libmesa*
   lace_collada~0.1
   libfreetype^2
Dependencies (solution):
   lace_collada=0.1.0
   lace_math=0.1.0
   lace_shared=0.1.0
   lace_xml=0.1.0
   libexpat=2.6.2
   libfreetype=2.13.3
Dependencies (graph):
   lace_collada=0.1.0 --> lace_math=0.1.0 (~0.1)   
   lace_collada=0.1.0 --> lace_xml=0.1.0 (~0.1)    
   lace_math=0.1.0    --> lace_shared=0.1.0 (~0.1) 
   lace_opengl=0.1.0  --> lace_collada=0.1.0 (~0.1)
   lace_opengl=0.1.0  --> libfreetype=2.13.3 (^2)  
   lace_xml=0.1.0     --> lace_shared=0.1.0 (~0.1) 
   lace_xml=0.1.0     --> libexpat=2.6.2 (*)       


LOG:
Note: Deploying lace_opengl=0.1.0...

                                                                           0.6%
######################################################################## 100.0%
Note: Deploying lace_shared=0.1.0...

######################################################################## 100.0%
Note: Deploying libexpat=2.6.2...
Note: Deploying libfreetype=2.13.3...
Note: Deploying lace_math=0.1.0...
#=#=#                                                                          

######################################################################## 100.0%
Note: Deploying lace_xml=0.1.0...

####################                                                      28.9%
######################################################################## 100.0%
Note: Deploying lace_collada=0.1.0...
#=#=#                                                                          

######################################################################## 100.0%
Note: Building lace_opengl/library/opengl.gpr...
Setup
   [mkdir]        object directory for project Gl
   [mkdir]        object directory for project GID
   [mkdir]        object directory for project Math
   [mkdir]        object directory for project Opengl_Core
   [mkdir]        object directory for project FreeType_C
   [mkdir]        object directory for project Xml
   [mkdir]        object directory for project Collada
Compile
   [Ada]          xml-reader.adb
   [Ada]          xml.adb
   [Ada]          xml-writer.adb
   [Ada]          collada-library-geometries.adb
   [Ada]          collada-asset.ads
   [Ada]          collada-document.adb
   [Ada]          collada-library-controllers.adb
   [Ada]          collada-library-visual_scenes.adb
   [Ada]          collada-library-animations.adb
   [Ada]          collada.adb
   [Ada]          collada-libraries.ads
   [Ada]          collada-library.adb
xml.adb:43:07: warning: variable "Depth" is not referenced [-gnatwu]
   [C]            freetype_wrap.c
   [Ada]          freetype_c-ft_library.ads
   [Ada]          freetype_c-ft_bitmap.ads
   [Ada]          freetype_c-ft_vector.ads
   [Ada]          freetype_c-ft_bbox.ads
   [Ada]          freetype_c-ft_charmaprec.ads
   [Ada]          freetype_c-binding.ads
   [Ada]          freetype_c.ads
   [Ada]          freetype_c-ft_glyphslot.ads
   [Ada]          freetype_c-ft_charmap.ads
   [Ada]          freetype_c-ft_size.ads
   [Ada]          freetype_c-pointer_pointers.ads
   [Ada]          freetype_c-ft_size_metrics.ads
   [Ada]          freetype_c-pointers.ads
freetype_c-pointer_pointers.ads:4:36: (style) trailing spaces not permitted [-gnatyb]
   [Ada]          freetype_c-ft_face.ads
   [Ada]          freetype.ads
   [Ada]          freetype-charmap.adb
   [Ada]          freetype-face_size.adb
   [Ada]          freetype-face.adb
collada-document.adb:212:33: warning: use of an anonymous access type allocator [-gnatw_a]
collada-document.adb:219:33: warning: use of an anonymous access type allocator [-gnatw_a]
collada-document.adb:263:30: warning: use of an anonymous access type allocator [-gnatw_a]
collada-document.adb:297:30: warning: use of an anonymous access type allocator [-gnatw_a]
collada-document.adb:304:30: warning: use of an anonymous access type allocator [-gnatw_a]
collada-document.adb:305:30: warning: use of an anonymous access type allocator [-gnatw_a]
collada-document.adb:305:56: warning: use of an anonymous access type allocator [-gnatw_a]
collada-document.adb:335:30: warning: use of an anonymous access type allocator [-gnatw_a]
collada-document.adb:344:30: warning: use of an anonymous access type allocator [-gnatw_a]
collada-document.adb:348:37: warning: use of an anonymous access type allocator [-gnatw_a]
collada-document.adb:379:31: warning: use of an anonymous access type allocator [-gnatw_a]
collada-document.adb:388:31: warning: use of an anonymous access type allocator [-gnatw_a]
collada-document.adb:392:38: warning: use of an anonymous access type allocator [-gnatw_a]
collada-document.adb:579:62: warning: use of an anonymous access type allocator [-gnatw_a]
collada-document.adb:604:54: warning: use of an anonymous access type allocator [-gnatw_a]
collada-document.adb:629:60: warning: use of an anonymous access type allocator [-gnatw_a]
collada-document.adb:675:63: warning: use of an anonymous access type allocator [-gnatw_a]
collada-document.adb:708:56: warning: use of an anonymous access type allocator [-gnatw_a]
collada-document.adb:736:65: warning: use of an anonymous access type allocator [-gnatw_a]
collada-document.adb:766:28: warning: variable "the_xml_Type" is not referenced [-gnatwu]
collada-document.adb:768:28: warning: variable "the_xml_Translate" is not referenced [-gnatwu]
collada-document.adb:769:28: warning: variable "the_xml_Scale" is not referenced [-gnatwu]
collada-document.adb:770:28: warning: variable "the_xml_Rotates" is not referenced [-gnatwu]
collada-document.adb:771:28: warning: variable "the_xml_Children" is not referenced [-gnatwu]
collada-document.adb:891:62: warning: use of an anonymous access type allocator [-gnatw_a]
collada-document.adb:920:50: warning: use of an anonymous access type allocator [-gnatw_a]
   [Ada]          long_math.ads
   [Ada]          float_math-fast_rotation.ads
float_math-fast_rotation.ads:5:01: warning: in instantiation at cached_rotation.ads:20 [enabled by default]
float_math-fast_rotation.ads:5:01: warning: in instantiation at any_math-any_fast_rotation.adb:17 [enabled by default]
float_math-fast_rotation.ads:5:01: warning: insufficient -O value [enabled by default]
   [Ada]          float_math-fast_trigonometry.ads
freetype-face.adb:26:04: warning: types for unchecked conversion have different sizes [-gnatwz]
freetype-face.adb:236:13: warning: variable "max_Index" is not referenced [-gnatwu]
   [Ada]          float_math-random.ads
   [Ada]          float_math-computational.ads
float_math-computational.ads:4:01: warning: in instantiation at any_math-any_computational.ads:6 [enabled by default]
float_math-computational.ads:4:01: warning: insufficient -O value [enabled by default]
   [Ada]          float_math-statistics.ads
float_math-statistics.ads:4:01: warning: in instantiation at any_math-any_statistics.ads:6 [enabled by default]
float_math-statistics.ads:4:01: warning: insufficient -O value [enabled by default]
   [Ada]          float_math-geometry-d3.ads
freetype-charmap.ads:120:04: warning: types for unchecked conversion have different sizes [-gnatwz]
   [Ada]          float_math-geometry-d3-modeller-forge.ads
   [Ada]          float_math-geometry-d2.ads
float_math-fast_trigonometry.ads:5:01: warning: in instantiation at cached_trigonometry.ads:11 [enabled by default]
float_math-fast_trigonometry.ads:5:01: warning: in instantiation at any_math-any_fast_trigonometry.ads:8 [enabled by default]
float_math-fast_trigonometry.ads:5:01: warning: insufficient -O value [enabled by default]
   [Ada]          float_math-geometry.ads
   [Ada]          float_math-arithmetic.ads
float_math-arithmetic.ads:5:01: warning: in instantiation at any_math-any_arithmetic.ads:6 [enabled by default]
float_math-arithmetic.ads:5:01: warning: insufficient -O value [enabled by default]
   [Ada]          float_math-algebra-linear-d3.ads
   [Ada]          float_math-geometry-d3-modeller.ads
   [Ada]          float_math-algebra-linear-d2.ads
   [Ada]          float_math-algebra.ads
   [Ada]          float_math-algebra-linear.ads
   [Ada]          float_math-analysis.ads
   [Ada]          float_math.ads
float_math-analysis.ads:5:01: warning: in instantiation at any_math-any_analysis.ads:6 [enabled by default]
float_math-analysis.ads:5:01: warning: insufficient -O value [enabled by default]
   [Ada]          short_math.ads
   [Ada]          any_math-any_computational.ads
   [Ada]          any_math-any_statistics.ads
   [Ada]          cached_trigonometry.adb
   [Ada]          cached_rotation.adb
   [Ada]          any_math-any_fast_rotation.adb
   [Ada]          any_math-any_fast_trigonometry.ads
   [Ada]          any_math-any_geometry-any_d3-any_modeller.adb
   [Ada]          any_math-any_geometry-any_d3-any_modeller-any_forge.adb
   [Ada]          any_math-any_geometry.adb
any_math-any_geometry.ads:64:62: warning: "others" choice is redundant [-gnatwr]
any_math-any_geometry.ads:64:62: warning: previous choices cover all components [-gnatwr]
   [Ada]          any_math-any_geometry-any_d2.adb
   [Ada]          any_math-any_geometry-any_d3.adb
   [Ada]          any_math-any_arithmetic.ads
   [Ada]          any_math-any_analysis.ads
   [Ada]          any_math-any_algebra-any_linear-any_d3.adb
   [Ada]          any_math-any_algebra-any_linear-any_d2.adb
   [Ada]          any_math-any_algebra-any_linear.adb
   [Ada]          any_math-any_algebra.ads
   [Ada]          any_math-any_random.adb
   [Ada]          any_math.adb
   [Ada]          gid-buffering.adb
   [Ada]          gid.adb
   [Ada]          gid-decoding_tga.adb
   [Ada]          gid-decoding_png.adb
   [Ada]          gid-decoding_gif.adb
   [Ada]          gid-decoding_png-huffman.adb
   [Ada]          gid-decoding_bmp.adb
   [Ada]          gid-headers.adb
   [Ada]          gid-decoding_jpg.adb
   [Ada]          gid-color_tables.adb
   [Ada]          gl_types.ads
   [Ada]          gl-binding.ads
   [Ada]          gl-desk.ads
   [Ada]          glu.adb
   [Ada]          gl-pointers.adb
gl-desk.ads:11:08: warning: "Interfaces" is already use-visible through previous use_clause at gl.ads:12 [-gnatwr]
gl-safe.ads:45:69: error: expected private type "System.Address"
gl-safe.ads:45:69: error: found type universal integer
glu.adb:311:13: warning: function "GLU_SWAP_4_BYTES" is not referenced [-gnatwu]
glu.adb:1104:23: warning: formal parameter "format" is not referenced [-gnatwf]

   compilation of gl-desk.ads failed

gprbuild: *** compilation phase failed
stderr: Command ["gprbuild", "-s", "-j0", "-p", "-P", "/home/runner/work/alire-crates-ci/alire-crates-ci/test/bbe29b76-85aa-4ada-9374-648ef9a76106/lace_opengl_0.1.0_672a6415/library/opengl.gpr"] exited with code 4
ERROR: Command ["gprbuild", "-s", "-j0", "-p", "-P", "/home/runner/work/alire-crates-ci/alire-crates-ci/test/bbe29b76-85aa-4ada-9374-648ef9a76106/lace_opengl_0.1.0_672a6415/library/opengl.gpr"] exited with code 4
stderr: ALIRE.CHECKED_ERROR
stderr: Command ["gprbuild", "-s", "-j0", "-p", "-P", "/home/runner/work/alire-crates-ci/alire-crates-ci/test/bbe29b76-85aa-4ada-9374-648ef9a76106/lace_opengl_0.1.0_672a6415/library/opengl.gpr"] exited with code 4
stderr: raised ALIRE.CHECKED_ERROR : alire-stored-error:1
[/usr/sbin/alr]
0xd7ada2 Alire.Raise_Checked_Error at alire.adb:251
0xa423cf Alire.Os_Lib.Subprocess.Checked_Spawn at alire-os_lib-subprocess.adb:110
0xc5cdee Alire.Spawn.Command at alire-spawn.adb:21
0xc5d51c Alire.Spawn.Gprbuild at alire-spawn.adb:41
0xbc1550 Alire.Roots.Build.Build_Single_Release.Call_Gprbuild at alire-roots.adb:140
0xbbfbaf Alire.Roots.Build.Build_Single_Release at alire-roots.adb:171
0xbdb95e Alire.Roots.Traverse.Traverse_Wrap at alire-roots.adb:1364
0xc25a8b Alire.Solutions.Traverse.Visit at alire-solutions.adb:1443
0xc246a2 Alire.Solutions.Traverse at alire-solutions.adb:1518
0xbdbaac Alire.Roots.Traverse at alire-roots.adb:1368
0xbbff40 Alire.Roots.Build at alire-roots.adb:196
0x4a0334 Alr.Commands.Build.Execute at alr-commands-build.adb:58
0x4b065a Alr.Commands.Get.Retrieve at alr-commands-get.adb:187
0x4b4e77 Alr.Commands.Get.Execute at alr-commands-get.adb:348
0x53bb7e Alr.Commands.Sub_Cmd.Execute at clic-subcommand-instance.adb:742
0x54756f Alr.Commands.Execute at alr-commands.adb:492
0x43cb1a Alr.Main at alr-main.adb:10
0x43f3e7 Main at b__alr-main.adb:2132
[/usr/bin/..//lib/libc.so.6]
0x7f15011c5c86
0x7f15011c5d4a
[/usr/sbin/alr]
0x43c9f8 _start at ???
0xfffffffffffffffe


Warning: lace_opengl=0.1.0 successfully retrieved but its build failed.
Dependencies were solved as follows:

   + lace_collada 0.1.0  (new)         
   + lace_math    0.1.0  (new,indirect)
   + lace_shared  0.1.0  (new,indirect)
   + lace_xml     0.1.0  (new,indirect)
   + libexpat     2.6.2  (new,indirect)
   + libfreetype  2.13.3 (new)         
ERROR: Build ended with errors
