Test ran at 2024-06-25 12:31:59.586867+00:00

SOLUTION:
matreshka_soap_wsse=21.0.0: WS-Security 1.1 implementation for SOAP 1.2
Origin: commit 2a4cb0c0f17201bc8e116706a9db4adc78f7d644 from https://github.com/reznikmm/matreshka-alire
Properties:
   Author: Vadim Godunko
   Description: WS-Security 1.1 implementation for SOAP 1.2
   License: BSD-3-Clause
   Maintainer: Vadim Godunko <vgodunko@gmail.com>
   Maintainer: Maxim Reznik <reznikmm@gmail.com>
   Maintainers_Logins: godunko
   Maintainers_Logins: reznikmm
   Name: matreshka_soap_wsse
   Project_File: build_matreshka_soap_wsse.gpr
   Tag: soap
   Tag: wsse
   Tag: web
   Version: 21.0.0
   Website: https://github.com/godunko/matreshka
Dependencies (direct):
   matreshka_league21.0.0
   matreshka_soap21.0.0
Dependencies (solution):
   gnat=11.2.4 (gnat_native) (installed)
   make=3.81.0
   matreshka_league=21.0.0
   matreshka_soap=21.0.0
   matreshka_xml=21.0.0
Dependencies (graph):
   matreshka_league=21.0.0    --> gnat=11.2.4 (gnat_native) (<2000)
   matreshka_league=21.0.0    --> make=3.81.0 (*)                  
   matreshka_soap=21.0.0      --> matreshka_league=21.0.0 (21.0.0) 
   matreshka_soap=21.0.0      --> matreshka_xml=21.0.0 (21.0.0)    
   matreshka_soap_wsse=21.0.0 --> matreshka_league=21.0.0 (21.0.0) 
   matreshka_soap_wsse=21.0.0 --> matreshka_soap=21.0.0 (21.0.0)   
   matreshka_xml=21.0.0       --> matreshka_league=21.0.0 (21.0.0) 


LOG:
Note: Deploying matreshka_soap_wsse=21.0.0...
Note: Deploying make=3.81.0...
Note: Deploying matreshka_league=21.0.0...
#=#=#                                                                          

                                                                           0.1%
########                                                                  11.6%
#########################                                                 35.4%
##########################################                                59.0%
###########################################################               82.6%
######################################################################## 100.0%
Note: Running post_fetch actions for matreshka_league=21.0.0...
gnatmake -p -j0  -Pgnat/tools_configure.gpr
Setup
   [mkdir]        object directory for project Tools_Configure
Compile
   [Ada]          configure-driver.adb
   [Ada]          configure.adb
   [Ada]          configure-architecture.adb
   [Ada]          configure-instantiate.adb
   [Ada]          configure-internals.adb
   [Ada]          configure-rtl_version.adb
   [Ada]          configure-tests.ads
   [Ada]          configure-tests-asis.adb
   [Ada]          configure-tests-aws.adb
   [Ada]          configure-tests-firebird.adb
   [Ada]          configure-tests-gprbuild.adb
   [Ada]          configure-tests-install.adb
   [Ada]          configure-tests-installation_directories.adb
   [Ada]          configure-tests-modules.ads
   [Ada]          configure-tests-modules-amf.adb
   [Ada]          configure-tests-mysql.adb
   [Ada]          configure-tests-oci.adb
   [Ada]          configure-tests-operating_system.adb
   [Ada]          configure-tests-postgresql.adb
   [Ada]          configure-tests-sqlite3.adb
   [Ada]          configure-tests-valgrind.adb
   [Ada]          configure-version.adb
   [Ada]          configure-builder.adb
   [Ada]          configure-abstract_tests.adb
   [Ada]          configure-pkg_config.adb
   [Ada]          configure-component_switches.adb
Bind
   [gprbind]      configure-driver.bexch
   [Ada]          configure-driver.ali
Link
   [link]         configure-driver.adb
-macosx_version_min has been renamed to -macos_version_min
ld: warning: ignoring duplicate libraries: '-lSystem'
0  0x1043a9f43  __assert_rtn + 64
1  0x1042abf43  ld::AtomPlacement::findAtom(unsigned char, unsigned long long, ld::AtomPlacement::AtomLoc const*&, long long&) const + 1411
2  0x1042c8431  ld::InputFiles::SliceParser::parseObjectFile(mach_o::Header const*) const + 19745
3  0x1042d8b71  ld::InputFiles::parseAllFiles(void (ld::AtomFile const*) block_pointer)::$_7::operator()(unsigned long, ld::FileInfo const&) const + 657
4  0x7ff80a9eadef  _dispatch_client_callout2 + 8
5  0x7ff80a9fc547  _dispatch_apply_invoke3 + 431
6  0x7ff80a9eadbc  _dispatch_client_callout + 8
7  0x7ff80a9ec04e  _dispatch_once_callout + 20
8  0x7ff80a9fb740  _dispatch_apply_invoke + 184
9  0x7ff80a9eadbc  _dispatch_client_callout + 8
10  0x7ff80a9fa2ca  _dispatch_root_queue_drain + 871
11  0x7ff80a9fa84f  _dispatch_worker_thread2 + 152
12  0x7ff80ab88b43  _pthread_wqthread + 262
ld: Assertion failed: (resultIndex < sectData.atoms.size()), function findAtom, file Relocations.cpp, line 1336.
collect2: error: ld returned 1 exit status
gprbuild: link of configure-driver.adb failed
gprbuild: failed command was: /users/runner/.config/alire/cache/dependencies/gnat_native_11.2.4_9800548d/bin/gcc configure-driver.o b__configure-driver.o /Users/runner/work/alire-crates-ci/alire-crates-ci/test/a09c4b89-7d23-4750-ae3b-d5f0e756da88/matreshka_soap_wsse_21.0.0_2a4cb0c0/alire/cache/dependencies/matreshka_league_21.0.0_0c8f4d47/.objs/configure/configure.o /Users/runner/work/alire-crates-ci/alire-crates-ci/test/a09c4b89-7d23-4750-ae3b-d5f0e756da88/matreshka_soap_wsse_21.0.0_2a4cb0c0/alire/cache/dependencies/matreshka_league_21.0.0_0c8f4d47/.objs/configure/configure-component_switches.o /Users/runner/work/alire-crates-ci/alire-crates-ci/test/a09c4b89-7d23-4750-ae3b-d5f0e756da88/matreshka_soap_wsse_21.0.0_2a4cb0c0/alire/cache/dependencies/matreshka_league_21.0.0_0c8f4d47/.objs/configure/configure-instantiate.o /Users/runner/work/alire-crates-ci/alire-crates-ci/test/a09c4b89-7d23-4750-ae3b-d5f0e756da88/matreshka_soap_wsse_21.0.0_2a4cb0c0/alire/cache/dependencies/matreshka_league_21.0.0_0c8f4d47/.objs/configure/configure-internals.o /Users/runner/work/alire-crates-ci/alire-crates-ci/test/a09c4b89-7d23-4750-ae3b-d5f0e756da88/matreshka_soap_wsse_21.0.0_2a4cb0c0/alire/cache/dependencies/matreshka_league_21.0.0_0c8f4d47/.objs/configure/configure-abstract_tests.o /Users/runner/work/alire-crates-ci/alire-crates-ci/test/a09c4b89-7d23-4750-ae3b-d5f0e756da88/matreshka_soap_wsse_21.0.0_2a4cb0c0/alire/cache/dependencies/matreshka_league_21.0.0_0c8f4d47/.objs/configure/configure-builder.o /Users/runner/work/alire-crates-ci/alire-crates-ci/test/a09c4b89-7d23-4750-ae3b-d5f0e756da88/matreshka_soap_wsse_21.0.0_2a4cb0c0/alire/cache/dependencies/matreshka_league_21.0.0_0c8f4d47/.objs/configure/configure-architecture.o /Users/runner/work/alire-crates-ci/alire-crates-ci/test/a09c4b89-7d23-4750-ae3b-d5f0e756da88/matreshka_soap_wsse_21.0.0_2a4cb0c0/alire/cache/dependencies/matreshka_league_21.0.0_0c8f4d47/.objs/configure/configure-pkg_config.o /Users/runner/work/alire-crates-ci/alire-crates-ci/test/a09c4b89-7d23-4750-ae3b-d5f0e756da88/matreshka_soap_wsse_21.0.0_2a4cb0c0/alire/cache/dependencies/matreshka_league_21.0.0_0c8f4d47/.objs/configure/configure-rtl_version.o /Users/runner/work/alire-crates-ci/alire-crates-ci/test/a09c4b89-7d23-4750-ae3b-d5f0e756da88/matreshka_soap_wsse_21.0.0_2a4cb0c0/alire/cache/dependencies/matreshka_league_21.0.0_0c8f4d47/.objs/configure/configure-tests.o /Users/runner/work/alire-crates-ci/alire-crates-ci/test/a09c4b89-7d23-4750-ae3b-d5f0e756da88/matreshka_soap_wsse_21.0.0_2a4cb0c0/alire/cache/dependencies/matreshka_league_21.0.0_0c8f4d47/.objs/configure/configure-tests-asis.o /Users/runner/work/alire-crates-ci/alire-crates-ci/test/a09c4b89-7d23-4750-ae3b-d5f0e756da88/matreshka_soap_wsse_21.0.0_2a4cb0c0/alire/cache/dependencies/matreshka_league_21.0.0_0c8f4d47/.objs/configure/configure-tests-aws.o /Users/runner/work/alire-crates-ci/alire-crates-ci/test/a09c4b89-7d23-4750-ae3b-d5f0e756da88/matreshka_soap_wsse_21.0.0_2a4cb0c0/alire/cache/dependencies/matreshka_league_21.0.0_0c8f4d47/.objs/configure/configure-tests-firebird.o /Users/runner/work/alire-crates-ci/alire-crates-ci/test/a09c4b89-7d23-4750-ae3b-d5f0e756da88/matreshka_soap_wsse_21.0.0_2a4cb0c0/alire/cache/dependencies/matreshka_league_21.0.0_0c8f4d47/.objs/configure/configure-tests-gprbuild.o /Users/runner/work/alire-crates-ci/alire-crates-ci/test/a09c4b89-7d23-4750-ae3b-d5f0e756da88/matreshka_soap_wsse_21.0.0_2a4cb0c0/alire/cache/dependencies/matreshka_league_21.0.0_0c8f4d47/.objs/configure/configure-tests-install.o /Users/runner/work/alire-crates-ci/alire-crates-ci/test/a09c4b89-7d23-4750-ae3b-d5f0e756da88/matreshka_soap_wsse_21.0.0_2a4cb0c0/alire/cache/dependencies/matreshka_league_21.0.0_0c8f4d47/.objs/configure/configure-tests-installation_directories.o /Users/runner/work/alire-crates-ci/alire-crates-ci/test/a09c4b89-7d23-4750-ae3b-d5f0e756da88/matreshka_soap_wsse_21.0.0_2a4cb0c0/alire/cache/dependencies/matreshka_league_21.0.0_0c8f4d47/.objs/configure/configure-tests-modules.o /Users/runner/work/alire-crates-ci/alire-crates-ci/test/a09c4b89-7d23-4750-ae3b-d5f0e756da88/matreshka_soap_wsse_21.0.0_2a4cb0c0/alire/cache/dependencies/matreshka_league_21.0.0_0c8f4d47/.objs/configure/configure-tests-mysql.o /Users/runner/work/alire-crates-ci/alire-crates-ci/test/a09c4b89-7d23-4750-ae3b-d5f0e756da88/matreshka_soap_wsse_21.0.0_2a4cb0c0/alire/cache/dependencies/matreshka_league_21.0.0_0c8f4d47/.objs/configure/configure-tests-operating_system.o /Users/runner/work/alire-crates-ci/alire-crates-ci/test/a09c4b89-7d23-4750-ae3b-d5f0e756da88/matreshka_soap_wsse_21.0.0_2a4cb0c0/alire/cache/dependencies/matreshka_league_21.0.0_0c8f4d47/.objs/configure/configure-tests-modules-amf.o /Users/runner/work/alire-crates-ci/alire-crates-ci/test/a09c4b89-7d23-4750-ae3b-d5f0e756da88/matreshka_soap_wsse_21.0.0_2a4cb0c0/alire/cache/dependencies/matreshka_league_21.0.0_0c8f4d47/.objs/configure/configure-tests-oci.o /Users/runner/work/alire-crates-ci/alire-crates-ci/test/a09c4b89-7d23-4750-ae3b-d5f0e756da88/matreshka_soap_wsse_21.0.0_2a4cb0c0/alire/cache/dependencies/matreshka_league_21.0.0_0c8f4d47/.objs/configure/configure-tests-postgresql.o /Users/runner/work/alire-crates-ci/alire-crates-ci/test/a09c4b89-7d23-4750-ae3b-d5f0e756da88/matreshka_soap_wsse_21.0.0_2a4cb0c0/alire/cache/dependencies/matreshka_league_21.0.0_0c8f4d47/.objs/configure/configure-tests-sqlite3.o /Users/runner/work/alire-crates-ci/alire-crates-ci/test/a09c4b89-7d23-4750-ae3b-d5f0e756da88/matreshka_soap_wsse_21.0.0_2a4cb0c0/alire/cache/dependencies/matreshka_league_21.0.0_0c8f4d47/.objs/configure/configure-tests-valgrind.o /Users/runner/work/alire-crates-ci/alire-crates-ci/test/a09c4b89-7d23-4750-ae3b-d5f0e756da88/matreshka_soap_wsse_21.0.0_2a4cb0c0/alire/cache/dependencies/matreshka_league_21.0.0_0c8f4d47/.objs/configure/configure-version.o -L/Users/runner/work/alire-crates-ci/alire-crates-ci/test/a09c4b89-7d23-4750-ae3b-d5f0e756da88/matreshka_soap_wsse_21.0.0_2a4cb0c0/alire/cache/dependencies/matreshka_league_21.0.0_0c8f4d47/.objs/configure/ -L/Users/runner/work/alire-crates-ci/alire-crates-ci/test/a09c4b89-7d23-4750-ae3b-d5f0e756da88/matreshka_soap_wsse_21.0.0_2a4cb0c0/alire/cache/dependencies/matreshka_league_21.0.0_0c8f4d47/.objs/configure/ -L/users/runner/.config/alire/cache/dependencies/gnat_native_11.2.4_9800548d/lib/gcc/x86_64-apple-darwin19.6.0/11.2.0/adalib/ /users/runner/.config/alire/cache/dependencies/gnat_native_11.2.4_9800548d/lib/gcc/x86_64-apple-darwin19.6.0/11.2.0/adalib/libgnat.a -Wl,-rpath,@executable_path//.objs/configure -Wl,-rpath,@executable_path/../../../../../../../../../..//.config/alire/cache/dependencies/gnat_native_11.2.4_9800548d/lib/gcc/x86_64-apple-darwin19.6.0/11.2.0/adalib -o /Users/runner/work/alire-crates-ci/alire-crates-ci/test/a09c4b89-7d23-4750-ae3b-d5f0e756da88/matreshka_soap_wsse_21.0.0_2a4cb0c0/alire/cache/dependencies/matreshka_league_21.0.0_0c8f4d47//configure
make: *** [config] Error 5
stderr: Command ["make", "reconfig"] exited with code 2
stderr: ALIRE.CHECKED_ERROR
stderr: Command ["make", "reconfig"] exited with code 2
stderr: raised ALIRE.CHECKED_ERROR : alire-stored-error:1
Load address: 0x1005b7000
Call stack traceback locations:
0x100ebf415 0x100b92e83 0x100b98729 0x100b99909 0x100b98d1b 0x100d0a299 0x100d0afd4 0x100d21873 0x100d6ddc1 0x100d6c3c2 0x100d219b8 0x100d0b346 0x1006271cf 0x10062c01c 0x1006b205c 0x1006bd3b8 0x1005b8605 0x1005bb914

stderr: A post-fetch action failed, re-run with -vv -d for details
ERROR: A post-fetch action failed, re-run with -vv -d for details
