Test ran at 2024-07-09 01:27:16.802982+00:00

SOLUTION:
b2ssum=0.1.3: BLAKE2s file hash utility
Origin: commit 63b5d12efb5f96afb8148dd3eb7248ac1449f68d from https://github.com/lkujaw/blake2s.git
Properties:
   Author: Lev Kujawski
   Description: BLAKE2s file hash utility
   Executable: b2ssum
   License: MIT-0
   Maintainer: Lev Kujawski <int21h@mailbox.org>
   Maintainers_Logins: lkujaw
   Name: b2ssum
   Project_File: b2ssum.gpr
   Tag: ada1995
   Tag: hash
   Tag: blake2
   Tag: blake2s
   Version: 0.1.3
   Website: https://github.com/lkujaw/blake2s
Dependencies (direct):
   blake2s~0.1.3
Dependencies (solution):
   blake2s=0.1.3
Dependencies (graph):
   b2ssum=0.1.3 --> blake2s=0.1.3 (~0.1.3)


LOG:
Note: Deploying b2ssum=0.1.3...
Note: Deploying blake2s=0.1.3...
Note: Building b2ssum/b2ssum.gpr...
Setup
   [mkdir]        object directory for project BLAKE2S
   [mkdir]        library directory for project BLAKE2S
   [mkdir]        exec directory for project B2SSUM
Compile
   [Ada]          b2ssum.adb
   [Ada]          blake2s.adb
   [Ada]          quadlets.adb
   [Ada]          octets.ads
   [Ada]          octearra.ads
Build Libraries
   [gprlib]       b2sa.lexch
   [archive]      libb2sa.a
   [index]        libb2sa.a
Bind
   [gprbind]      b2ssum.bexch
   [Ada]          b2ssum.ali
Link
   [link]         b2ssum.adb
-macosx_version_min has been renamed to -macos_version_min
0  0x104331f43  __assert_rtn + 64
1  0x104233f43  ld::AtomPlacement::findAtom(unsigned char, unsigned long long, ld::AtomPlacement::AtomLoc const*&, long long&) const + 1411
2  0x104250431  ld::InputFiles::SliceParser::parseObjectFile(mach_o::Header const*) const + 19745
3  0x104260b71  ld::InputFiles::parseAllFiles(void (ld::AtomFile const*) block_pointer)::$_7::operator()(unsigned long, ld::FileInfo const&) const + 657
4  0x7ff813b46def  _dispatch_client_callout2 + 8
5  0x7ff813b58547  _dispatch_apply_invoke3 + 431
6  0x7ff813b46dbc  _dispatch_client_callout + 8
7  0x7ff813b4804e  _dispatch_once_callout + 20
8  0x7ff813b58a9b  _dispatch_apply_invoke_and_wait + 278
9  0x7ff813b57cf8  _dispatch_apply_with_attr_f + 1225
10  0x7ff813b57eaf  dispatch_apply + 45
11  0x1042f9972  ld::AtomFileConsolidator::parseFiles(bool) + 370
12  0x104280d67  main + 12263
ld: Assertion failed: (resultIndex < sectData.atoms.size()), function findAtom, file Relocations.cpp, line 1336.
collect2: error: ld returned 1 exit status
gprbuild: link of b2ssum.adb failed
gprbuild: failed command was: /users/runner/.config/alire/cache/dependencies/gnat_native_12.2.1_77267eb1/bin/gcc b2ssum.o b__b2ssum.o /Users/runner/work/alire-crates-ci/alire-crates-ci/test/e014250e-2aa6-42c6-917e-166d2d0660b5/b2ssum_0.1.3_63b5d12e/gnat/lib/libb2sa.a -L/Users/runner/work/alire-crates-ci/alire-crates-ci/test/e014250e-2aa6-42c6-917e-166d2d0660b5/b2ssum_0.1.3_63b5d12e/gnat/obj/ -L/Users/runner/work/alire-crates-ci/alire-crates-ci/test/e014250e-2aa6-42c6-917e-166d2d0660b5/b2ssum_0.1.3_63b5d12e/gnat/obj/ -L/Users/runner/work/alire-crates-ci/alire-crates-ci/test/e014250e-2aa6-42c6-917e-166d2d0660b5/b2ssum_0.1.3_63b5d12e/gnat/lib/ -L/users/runner/.config/alire/cache/dependencies/gnat_native_12.2.1_77267eb1/lib/gcc/x86_64-apple-darwin19.6.0/12.2.0/adalib/ /users/runner/.config/alire/cache/dependencies/gnat_native_12.2.1_77267eb1/lib/gcc/x86_64-apple-darwin19.6.0/12.2.0/adalib/libgnat.a -Wl,-rpath,@executable_path/..//obj -Wl,-rpath,@executable_path/..//lib -Wl,-rpath,@executable_path/../../../../../../../..//.config/alire/cache/dependencies/gnat_native_12.2.1_77267eb1/lib/gcc/x86_64-apple-darwin19.6.0/12.2.0/adalib -o /Users/runner/work/alire-crates-ci/alire-crates-ci/test/e014250e-2aa6-42c6-917e-166d2d0660b5/b2ssum_0.1.3_63b5d12e/gnat/bin//b2ssum
stderr: Command ["gprbuild", "-s", "-j0", "-p", "-P", "/Users/runner/work/alire-crates-ci/alire-crates-ci/test/e014250e-2aa6-42c6-917e-166d2d0660b5/b2ssum_0.1.3_63b5d12e/b2ssum.gpr"] exited with code 4
ERROR: Command ["gprbuild", "-s", "-j0", "-p", "-P", "/Users/runner/work/alire-crates-ci/alire-crates-ci/test/e014250e-2aa6-42c6-917e-166d2d0660b5/b2ssum_0.1.3_63b5d12e/b2ssum.gpr"] exited with code 4
stderr: ALIRE.CHECKED_ERROR
stderr: Command ["gprbuild", "-s", "-j0", "-p", "-P", "/Users/runner/work/alire-crates-ci/alire-crates-ci/test/e014250e-2aa6-42c6-917e-166d2d0660b5/b2ssum_0.1.3_63b5d12e/b2ssum.gpr"] exited with code 4
stderr: raised ALIRE.CHECKED_ERROR : alire-stored-error:1
Load address: 0x104352000
Call stack traceback locations:
0x104c5a415 0x10492de83 0x104b40df9 0x104b41581 0x104aa1ac3 0x104a9ff99 0x104abc873 0x104b08dc1 0x104b0781a 0x104abc9b8 0x104aa0349 0x1043b19c1 0x1043c2578 0x1043c701c 0x10444d05c 0x1044583b8 0x104353605 0x104356914


Warning: b2ssum=0.1.3 successfully retrieved but its build failed.
Dependencies were solved as follows:

   + blake2s 0.1.3 (new)
ERROR: Build ended with errors
