Test ran at 2024-03-23 13:08:49.264580+00:00

SOLUTION:
langkit_support=24.0.0: Runtime support library for Langkit-generated libraries
Origin: source archive langkit_support-24.0.0.tar.gz at https://github.com/AdaCore/langkit/releases/download/v24.0.0/langkit_support-24.0.0.tar.gz with hash sha512:e7945e68de0f983ee5b97bf06ceaf1e057e39d277ca24a72c2df444ab9142516fb4363ddcf96c2b1348ca7bad4bc7ab198285cd3cb2fa29a19128b90bd7a904a
Properties:
   Author: AdaCore
   Description: Runtime support library for Langkit-generated libraries
   License: Apache-2.0 WITH LLVM-exception
   Maintainer: Pierre-Marie de Rodat <pmderodat@kawie.fr>
   Maintainer: chouteau@adacore.com
   Maintainers_Logins: pmderodat
   Maintainers_Logins: Fabien-Chouteau
   Name: langkit_support
   Version: 24.0.0
   Website: https://github.com/AdaCore/langkit
Dependencies (direct):
   adasat^24
   gnatcoll^24
   gnatcoll_gmp^24
   gnatcoll_iconv^24
Dependencies (solution):
   adasat=24.0.0
   gnat=13.2.1 (gnat_external)
   gnatcoll=24.0.0
   gnatcoll_gmp=24.0.0
   gnatcoll_iconv=24.0.0
   libgmp=6.2.1
   libgpr=24.0.0
   xmlada=24.0.0
Dependencies (graph):
   gnatcoll=24.0.0        --> libgpr=24.0.0 (~24.0.0)
   gnatcoll_gmp=24.0.0    --> gnatcoll=24.0.0 (~24.0.0)
   gnatcoll_gmp=24.0.0    --> libgmp=6.2.1 (*)
   gnatcoll_iconv=24.0.0  --> gnatcoll=24.0.0 (~24.0.0)
   langkit_support=24.0.0 --> adasat=24.0.0 (^24)
   langkit_support=24.0.0 --> gnatcoll=24.0.0 (^24)
   langkit_support=24.0.0 --> gnatcoll_gmp=24.0.0 (^24)
   langkit_support=24.0.0 --> gnatcoll_iconv=24.0.0 (^24)
   libgpr=24.0.0          --> gnat=13.2.1 (gnat_external) (/=2020)
   libgpr=24.0.0          --> xmlada=24.0.0 (~24.0.0)
   xmlada=24.0.0          --> gnat=13.2.1 (gnat_external) (>=11)


LOG:
Spawning: alr -d -n get --build langkit_support=24.0.0
Note: Deploying langkit_support=24.0.0...
#=#=#                                                                         

###############                                                           21.4%
######################################################################## 100.0%
Note: Deploying adasat=24.0.0...
#=#=#                                                                         
##O#-#                                                                        
Note: Deploying libgmp=6.2.1...
The system package 'gmp-devel' is about to be installed.
This action might require admin privileges and impact your system installation.
Do you want Alire to install this system package?
Using default: Yes
Last metadata expiration check: 0:18:04 ago on Sat Mar 23 12:49:14 2024.
Dependencies resolved.
================================================================================
 Package           Architecture   Version                  Repository      Size
================================================================================
Installing:
 gmp-devel         x86_64         1:6.2.1-5.fc39           fedora         173 k
Installing dependencies:
 gmp-c++           x86_64         1:6.2.1-5.fc39           fedora          18 k

Transaction Summary
================================================================================
Install  2 Packages

Total download size: 191 k
Installed size: 382 k
Downloading Packages:
(1/2): gmp-c++-6.2.1-5.fc39.x86_64.rpm           44 kB/s |  18 kB     00:00    
(2/2): gmp-devel-6.2.1-5.fc39.x86_64.rpm        263 kB/s | 173 kB     00:00    
--------------------------------------------------------------------------------
Total                                           232 kB/s | 191 kB     00:00     
Running transaction check
Transaction check succeeded.
Running transaction test
Transaction test succeeded.
Running transaction
  Preparing        :                                                        1/1 
  Installing       : gmp-c++-1:6.2.1-5.fc39.x86_64                          1/2 
  Installing       : gmp-devel-1:6.2.1-5.fc39.x86_64                        2/2 
  Running scriptlet: gmp-devel-1:6.2.1-5.fc39.x86_64                        2/2 
  Verifying        : gmp-c++-1:6.2.1-5.fc39.x86_64                          1/2 
  Verifying        : gmp-devel-1:6.2.1-5.fc39.x86_64                        2/2 

Installed:
  gmp-c++-1:6.2.1-5.fc39.x86_64         gmp-devel-1:6.2.1-5.fc39.x86_64        

Complete!
Note: Deploying libgpr=24.0.0...
#=#=#                                                                         
##O#-#                                                                        
##=O#- #                                                                      
Note: Deploying gnatcoll=24.0.0...
#=#=#                                                                         

                                                                           1.0%
######################################################################## 100.0%
Note: Deploying gnatcoll_gmp=24.0.0...
#=#=#                                                                         
##O#-#                                                                        
Note: Deploying gnatcoll_iconv=24.0.0...
#=#=#                                                                         
##O#-#                                                                        
Note: Building langkit_support=24.0.0/langkit_support.gpr...
Setup
   [mkdir]        object directory for project XmlAda_Schema
   [mkdir]        object directory for project GPR
   [mkdir]        library directory for project GPR
   [mkdir]        object directory for project GnatColl
   [mkdir]        library directory for project GnatColl
   [mkdir]        object directory for project GnatColl_GMP
   [mkdir]        library directory for project GnatColl_GMP
   [mkdir]        object directory for project GnatColl_Iconv
   [mkdir]        library directory for project GnatColl_Iconv
   [mkdir]        object directory for project AdaSAT
   [mkdir]        exec directory for project AdaSAT
   [mkdir]        library directory for project AdaSAT
   [mkdir]        object directory for project Langkit_Support
   [mkdir]        library directory for project Langkit_Support
Compile
   [Ada]          adasat-formulas.adb
   [Ada]          adasat-internals.ads
   [Ada]          adasat.adb
   [Ada]          adasat-dpll.adb
   [Ada]          adasat-vectors.adb
   [Ada]          adasat-theory.ads
   [Ada]          adasat-helpers.adb
   [Ada]          adasat-builders.adb
   [Ada]          adasat-decisions.adb
   [C]            iconv_support.c
   [Ada]          gnatcoll-iconv.adb
   [C]            gnatcoll-gmp-mpz_odd_p.c
   [C]            gnatcoll-gmp-mpz_even_p.c
   [C]            gmp_support.c
   [C]            gnatcoll-gmp-mpz_sign.c
   [Ada]          gnatcoll-gmp-random_state.adb
   [Ada]          gnatcoll-gmp-lib.ads
   [Ada]          gnatcoll-gmp-integers-misc.adb
   [Ada]          gnatcoll-gmp-integers-random.adb
   [Ada]          gnatcoll-gmp-integers-io.adb
   [Ada]          gnatcoll-gmp-integers.adb
   [Ada]          gnatcoll-gmp.ads
   [Ada]          gnatcoll-gmp-integers-root_extraction.adb
   [Ada]          gnatcoll-gmp-integers-number_theoretic.adb
   [Ada]          gnatcoll-gmp-rational_numbers.adb
   [Ada]          schema-date_time.adb
   [Ada]          schema-validators-xsd_grammar.adb
   [Ada]          schema-validators.adb
   [Ada]          schema-decimal.adb
   [Ada]          schema-readers.adb
   [Ada]          schema.adb
   [Ada]          schema-simple_types.adb
   [Ada]          schema-schema_readers.adb
   [Ada]          schema-dom_readers.adb
   [Ada]          dom-core-comments.ads
   [Ada]          dom-readers.adb
   [Ada]          dom-core-document_fragments.ads
   [Ada]          dom-core-entity_references.ads
   [Ada]          dom-core.adb
   [Ada]          dom-core-documents.adb
   [Ada]          dom-core-texts.adb
   [Ada]          dom-core-cdata_sections.ads
   [Ada]          dom-core-nodes.adb
   [Ada]          dom-core-notations.adb
   [Ada]          dom-core-document_types.adb
   [Ada]          dom-core-attrs.adb
   [Ada]          dom.ads
   [Ada]          dom-core-elements.adb
   [Ada]          dom-core-processing_instructions.ads
   [Ada]          dom-core-character_datas.adb
   [C]            gpr_imports.c
   [Ada]          gpr-attr-pm.adb
   [Ada]          gpr-script.adb
   [Ada]          gpr-util.adb
   [Ada]          gpr-snames.adb
   [Ada]          gpr-debug.adb
   [Ada]          gpr-erroutc.adb
   [Ada]          gpr-compilation-sync.adb
   [Ada]          gpr-osint.adb
   [Ada]          gpr-attr.adb
   [Ada]          gpr-tempdir.adb
   [Ada]          gpr-nmsc.adb
   [Ada]          gpr-util-aux.adb
   [Ada]          gpr-dect.adb
   [Ada]          gpr_build_util.adb
   [Ada]          gpr-strt.adb
   [Ada]          gpr-ali.adb
   [Ada]          gpr-part.adb
   [Ada]          gpr-knowledge.adb
   [Ada]          gpr-jobserver.adb
   [Ada]          gpr-pp.adb
   [Ada]          gpr-tree.adb
   [Ada]          gpr-err.adb
   [Ada]          gpr-version.adb
   [Ada]          gpr-compilation-protocol.adb
   [Ada]          gpr-scans.adb
   [Ada]          gpr.adb
   [Ada]          gpr-com.ads
   [Ada]          gpr-proc.adb
   [Ada]          gpr-names.adb
   [Ada]          gpr-cset.adb
   [Ada]          gpr-ext.adb
   [Ada]          gpr-output.adb
   [Ada]          gpr-compilation-process.adb
   [Ada]          gpr-env.adb
   [Ada]          gpr-compilation.adb
   [Ada]          gpr-compilation-process-waiter.adb
   [Ada]          gpr-sinput.adb
   [Ada]          gpr-conf.adb
   [Ada]          gpr-opt.ads
   [Ada]          gpr-sdefault.adb
   [Ada]          gpr-compilation-slave.adb
   [C]            libc-wrappers.c
   [C]            process-wrappers.c
   [C]            link_max.c
   [C]            gnatcoll_support.c
   [C]            executable_path.c
   [C]            run_path_option.c
   [C]            objlist_file.c
   [C]            getRSS.c
   [C]            update_path.c
   [C]            terminals.c
   [C]            set_std_prefix.c
   [C]            separate_run_path_option.c
   [Ada]          gnatcoll-os-libc-spawn.ads
   [Ada]          gnatcoll-os-libc-dirent.ads
   [Ada]          gnatcoll-os-libc.ads
   [Ada]          gnatcoll-os-libc-stat.ads
   [Ada]          gnatcoll-paragraph_filling-badnesses.adb
   [Ada]          gnatcoll-paragraph_filling-words.adb
   [Ada]          gnatcoll-paragraph_filling.adb
   [Ada]          gnatcoll-os-fs.adb
   [Ada]          gnatcoll-os-stat.adb
   [Ada]          gnatcoll-os-dir.adb
   [Ada]          gnatcoll-os-process.adb
   [Ada]          gnatcoll-os.ads
   [Ada]          gnatcoll-os-fsutil.adb
   [Ada]          gnatcoll-terminal.adb
   [Ada]          gnatcoll-wstring_builders.adb
   [Ada]          gnatcoll-refcount.adb
gnatcoll-refcount.ads:90:04: warning: in instantiation at gnatcoll-storage_pools-headers.adb:57 [enabled by default]
gnatcoll-refcount.ads:90:04: warning: possible aliasing problem for type "Header_Access" [enabled by default]
gnatcoll-refcount.ads:90:04: warning: use -fno-strict-aliasing switch for references [enabled by default]
gnatcoll-refcount.ads:90:04: warning: or use "pragma No_Strict_Aliasing (Header_Access);" [enabled by default]
   [Ada]          gnatcoll-email-utils.adb
   [Ada]          gnatcoll-damerau_levenshtein_distance.ads
   [Ada]          gnatcoll-scripts-shell.adb
   [Ada]          gnatcoll-remote.ads
   [Ada]          gnatcoll-projects.adb
   [Ada]          gnatcoll-strings_impl.adb
   [Ada]          gnatcoll-templates.adb
   [Ada]          gnatcoll.ads
   [Ada]          gnatcoll-remote-db.adb
   [Ada]          gnatcoll-storage_pools.ads
   [Ada]          gnatcoll-wstring_list_builders.adb
   [Ada]          gnatcoll-projects-aux.adb
   [Ada]          gnatcoll-scripts-projects.adb
   [Ada]          gnatcoll-tribooleans.adb
   [Ada]          gnatcoll-json.adb
   [Ada]          gnatcoll-projects-normalize.adb
   [Ada]          gnatcoll-damerau_levenshtein_generic.adb
   [Ada]          gnatcoll-coders-base64.adb
   [Ada]          gnatcoll-mmap.adb
   [Ada]          gnatcoll-email.adb
   [Ada]          gnatcoll-projects-krunch.adb
   [Ada]          gnatcoll-formatters.adb
   [Ada]          gnatcoll-asserts.adb
   [Ada]          gnatcoll-format_columns_vertical.ads
   [Ada]          gnatcoll-strings.ads
   [Ada]          gnatcoll-any_types.adb
   [Ada]          gnatcoll-atomic.adb
   [Ada]          gnatcoll-json-utility.adb
   [Ada]          gnatcoll-io-remote-unix.adb
   [Ada]          gnatcoll-memory.adb
   [Ada]          gnatcoll-scripts-files.adb
   [Ada]          gnatcoll-pools.adb
   [Ada]          gnatcoll-scripts.adb
   [Ada]          gnatcoll-promises.adb
   [Ada]          gnatcoll-io-remote-windows.adb
   [Ada]          gnatcoll-io.adb
   [Ada]          gnatcoll-boyer_moore.adb
   [Ada]          gnatcoll-email-mailboxes.adb
   [Ada]          gnatcoll-coders.adb
   [Ada]          gnatcoll-vfs.adb
   [Ada]          gnatcoll-refcount-weakref.adb
   [Ada]          gnatcoll-scripts-utils.adb
   [Ada]          gnatcoll-symbols.adb
   [Ada]          gnatcoll-io-remote.adb
   [Ada]          gnatcoll-file_paths.adb
   [Ada]          gnatcoll-scripts-impl.adb
   [Ada]          gnatcoll-vfs_types.ads
   [Ada]          gnatcoll-string_builders.adb
   [Ada]          gnatcoll-io-native.adb
   [Ada]          gnatcoll-string_list_builders.adb
   [Ada]          gnatcoll-storage_pools-headers.adb
   [Ada]          gnatcoll-traces.adb
   [Ada]          gnatcoll-path.adb
   [Ada]          gnatcoll-email-parser.adb
   [Ada]          gnatcoll-geometry.adb
   [Ada]          gnatcoll-locks.adb
   [Ada]          gnatcoll-opt_parse.adb
   [Ada]          gnatcoll-file_indexes.adb
   [Ada]          gnatcoll-utils.adb
   [Ada]          gnatcoll-coders-streams.adb
   [Ada]          gnatcoll-storage_pools-alignment.adb
   [Ada]          gnatcoll-arg_lists.adb
   [Ada]          gnatcoll-config.adb
   [Ada]          gnatcoll-vfs_utils.adb
   [Ada]          gnatcoll-mmap-system__unix.adb
   [Ada]          gnatcoll-plugins__unix.adb
   [Ada]          gnatcoll-os-process_types__unix.adb
   [Ada]          gnatcoll-os-constants__unix.ads
   [Ada]          gnatcoll-os-dir_types__unix.ads
   [Ada]          gnatcoll-os-libc_constants__linux.ads
   [Ada]          langkit_support-internal-descriptor.ads
   [Ada]          langkit_support-array_utils.adb
   [Ada]          langkit_support-relative_get.adb
   [Ada]          langkit_support-internal.ads
   [Ada]          langkit_support-adalog-generic_main_support.adb
   [Ada]          langkit_support-internal-conversions.ads
   [Ada]          langkit_support-text.adb
   [Ada]          langkit_support-lexical_envs.ads
   [Ada]          langkit_support-bump_ptr_vectors.adb
   [Ada]          langkit_support-adalog.ads
   [Ada]          langkit_support-generic_api-analysis.adb
   [Ada]          langkit_support-generic_api.adb
   [Ada]          langkit_support-vectors.adb
   [Ada]          langkit_support-adalog-solver.adb
   [Ada]          langkit_support-errors.ads
   [Ada]          langkit_support-file_readers.adb
   [Ada]          langkit_support-adalog-solver_interface.adb
   [Ada]          langkit_support-boxes.adb
   [Ada]          langkit_support-names.adb
   [Ada]          langkit_support-internal-introspection.adb
   [Ada]          langkit_support-diagnostics.adb
   [Ada]          langkit_support-adalog-main_support.ads
   [Ada]          langkit_support-iterators.adb
   [Ada]          langkit_support-adalog-debug.adb
   [Ada]          langkit_support-symbols-precomputed.adb
   [Ada]          langkit_support-packrat.adb
   [Ada]          langkit_support-internal-analysis.adb
   [Ada]          langkit_support-adalog-logic_var.adb
   [Ada]          langkit_support-lexical_envs_impl.adb
   [Ada]          langkit_support-tree_traversal_iterator.adb
   [Ada]          langkit_support-names-maps.adb
   [Ada]          langkit_support-hashes.adb
   [Ada]          langkit_support-images.adb
   [Ada]          langkit_support-bump_ptr.ads
   [Ada]          langkit_support-diagnostics-output.adb
   [Ada]          langkit_support-cheap_sets.adb
   [Ada]          langkit_support-types.ads
   [Ada]          langkit_support-slocs.adb
   [Ada]          langkit_support-token_data_handlers.adb
   [Ada]          langkit_support-generic_bump_ptr.adb
   [Ada]          langkit_support.ads
   [Ada]          langkit_support-generic_api-introspection.adb
   [Ada]          langkit_support-symbols.adb
Build Libraries
   [gprlib]       xmlada_dom.lexch
   [gprlib]       xmlada_schema.lexch
   [archive]      libxmlada_dom.a
   [index]        libxmlada_dom.a
   [gprlib]       gpr.lexch
   [archive]      libxmlada_schema.a
   [index]        libxmlada_schema.a
   [gprlib]       gnatcoll.lexch
   [archive]      libgpr.a
   [index]        libgpr.a
   [gprlib]       gnatcoll_gmp.lexch
   [archive]      libgnatcoll.a
   [index]        libgnatcoll.a
   [gprlib]       gnatcoll_iconv.lexch
   [gprlib]       adasat.lexch
   [archive]      libgnatcoll_gmp.a
   [archive]      libgnatcoll_iconv.a
   [archive]      libadasat.a
   [gprlib]       langkit_support.lexch
   [index]        libgnatcoll_iconv.a
   [index]        libadasat.a
   [index]        libgnatcoll_gmp.a
   [bind SAL]     langkit_support
   [Ada]          b__langkit_support.adb
   [objcopy]      p__langkit_support_0.o
   [archive]      liblangkit_support.a
   [index]        liblangkit_support.a

langkit_support=24.0.0 successfully retrieved and built.
Dependencies were solved as follows:

   +  adasat         24.0.0 (new)
   +b gnat           13.2.1 (new,gnat_external,indirect,executable in path)
   +  gnatcoll       24.0.0 (new)
   +  gnatcoll_gmp   24.0.0 (new)
   +  gnatcoll_iconv 24.0.0 (new)
   +b libgmp         6.2.1  (new,indirect,system package)
   +  libgpr         24.0.0 (new,indirect)
   +  xmlada         24.0.0 (new,indirect)
Found declared GPR file: langkit_support.gpr
