Test ran at 2025-01-03 00:40:23.255688+00:00

SOLUTION:
stopwatch=0.1.0: Keep track of elapsed time
Origin: commit 624a7c877a01fa0f9c38fa01af8cafe9a220e76b from https://github.com/mosteo/stopwatch.git
Properties:
   Author: Alejandro R. Mosteo
   Description: Keep track of elapsed time
   License: MIT
   Maintainer: Alejandro R. Mosteo <alejandro@mosteo.com>
   Maintainers_Logins: mosteo
   Name: stopwatch
   Tag: timer
   Tag: stopwatch
   Tag: chronometer
   Version: 0.1.0


LOG:
Note: Deploying stopwatch=0.1.0...
Note: Building stopwatch/stopwatch.gpr...
Setup
   [mkdir]        object directory for project Stopwatch
   [mkdir]        library directory for project Stopwatch
Compile
   [Ada]          stopwatch_config.ads
   [Ada]          stopwatch.adb
Build Libraries
   [gprlib]       Stopwatch.lexch
   [archive]      libStopwatch.a
   [index]        libStopwatch.a
Build finished successfully in 2.58 seconds.

stopwatch=0.1.0 successfully retrieved and built.
There are no dependencies.
Found declared GPR file: stopwatch.gpr
