Test ran at 2025-01-10 01:50:37.073158+00:00

SOLUTION:
xml_ez_out=1.6.0: Creation of XML-formatted output from Ada programs
Origin: source archive alr-1.6.tar.gz at https://github.com/alire-project/xmlezout/archive/alr-1.6.tar.gz with hash sha512:c90d08dcdb96bf39f1e06def716ea9936b2aec25fec2ea4f3314c53a2befefa4ea84c037c35abe6d7675af1c91a8847f6ce4e5e8dd32da1008f2ba43ed79151b
Properties:
   Author: Marc A. Criley
   Description: Creation of XML-formatted output from Ada programs
   Executable: tmeztf
   Maintainer: alejandro@mosteo.com
   Maintainers_Logins: mosteo
   Name: xml_ez_out
   Version: 1.6.0
   Website: http://www.mckae.com/xmlEz.html


LOG:
Note: Deploying xml_ez_out=1.6.0...
#=#=#                                                                          
##O#-#                                                                         
##O=#  #                                                                       
#=#=-#  #                                                                      
Note: Building xml_ez_out/xml_ez_out.gpr...
Compile
   [Ada]          tmeztf.adb
   [Ada]          mckae.ads
   [Ada]          mckae-xml.ads
   [Ada]          mckae-xml-ez_out.ads
   [Ada]          mckae-xml-ez_out-generic_medium.adb
   [Ada]          mckae-xml-ez_out-string_stream.adb
   [Ada]          mckae-xml-ez_out-text_file.ads
Bind
   [gprbind]      tmeztf.bexch
   [Ada]          tmeztf.ali
Link
   [link]         tmeztf.adb
-macosx_version_min has been renamed to -macos_version_min
ld: warning: ignoring duplicate libraries: '-lSystem'
ld: warning: Support for dylib stub (MH_DYLIB_STUB) file '/Users/runner/.config/alire/cache/dependencies/gnat_native_11.2.4_9800548d/lib/libgcc_ext.10.5.dylib' is deprecated, text-based stubs should be used instead (with `GENERATE_TEXT_BASED_STUBS` build setting, or `tapi` tool)
ld: malformed mach-o missing relocations, LC_DYLD_INFO, or LC_DYLD_CHAINED_FIXUPS in '/Users/runner/.config/alire/cache/dependencies/gnat_native_11.2.4_9800548d/lib/libgcc_ext.10.5.dylib'
collect2: error: ld returned 1 exit status
gprbuild: link of tmeztf.adb failed
gprbuild: failed command was: /users/runner/.config/alire/cache/dependencies/gnat_native_11.2.4_9800548d/bin/gcc tmeztf.o b__tmeztf.o /Users/runner/work/alire-crates-ci/alire-crates-ci/test/1f71046a-8e78-4d5e-a451-4d91dbfa93e8/xml_ez_out_1.6.0_c90d08dc/mckae.o /Users/runner/work/alire-crates-ci/alire-crates-ci/test/1f71046a-8e78-4d5e-a451-4d91dbfa93e8/xml_ez_out_1.6.0_c90d08dc/mckae-xml.o /Users/runner/work/alire-crates-ci/alire-crates-ci/test/1f71046a-8e78-4d5e-a451-4d91dbfa93e8/xml_ez_out_1.6.0_c90d08dc/mckae-xml-ez_out.o /Users/runner/work/alire-crates-ci/alire-crates-ci/test/1f71046a-8e78-4d5e-a451-4d91dbfa93e8/xml_ez_out_1.6.0_c90d08dc/mckae-xml-ez_out-generic_medium.o /Users/runner/work/alire-crates-ci/alire-crates-ci/test/1f71046a-8e78-4d5e-a451-4d91dbfa93e8/xml_ez_out_1.6.0_c90d08dc/mckae-xml-ez_out-string_stream.o /Users/runner/work/alire-crates-ci/alire-crates-ci/test/1f71046a-8e78-4d5e-a451-4d91dbfa93e8/xml_ez_out_1.6.0_c90d08dc/mckae-xml-ez_out-text_file.o -L/Users/runner/work/alire-crates-ci/alire-crates-ci/test/1f71046a-8e78-4d5e-a451-4d91dbfa93e8/xml_ez_out_1.6.0_c90d08dc/ -L/Users/runner/work/alire-crates-ci/alire-crates-ci/test/1f71046a-8e78-4d5e-a451-4d91dbfa93e8/xml_ez_out_1.6.0_c90d08dc/ -L/users/runner/.config/alire/cache/dependencies/gnat_native_11.2.4_9800548d/lib/gcc/x86_64-apple-darwin19.6.0/11.2.0/adalib/ /users/runner/.config/alire/cache/dependencies/gnat_native_11.2.4_9800548d/lib/gcc/x86_64-apple-darwin19.6.0/11.2.0/adalib/libgnat.a -Wl,-rpath,@executable_path/ -Wl,-rpath,@executable_path/../../../../../..//.config/alire/cache/dependencies/gnat_native_11.2.4_9800548d/lib/gcc/x86_64-apple-darwin19.6.0/11.2.0/adalib -o tmeztf
stderr: Command ["gprbuild", "-s", "-j0", "-p", "-P", "/Users/runner/work/alire-crates-ci/alire-crates-ci/test/1f71046a-8e78-4d5e-a451-4d91dbfa93e8/xml_ez_out_1.6.0_c90d08dc/xml_ez_out.gpr"] exited with code 4
ERROR: Command ["gprbuild", "-s", "-j0", "-p", "-P", "/Users/runner/work/alire-crates-ci/alire-crates-ci/test/1f71046a-8e78-4d5e-a451-4d91dbfa93e8/xml_ez_out_1.6.0_c90d08dc/xml_ez_out.gpr"] exited with code 4
stderr: ALIRE.CHECKED_ERROR
stderr: Command ["gprbuild", "-s", "-j0", "-p", "-P", "/Users/runner/work/alire-crates-ci/alire-crates-ci/test/1f71046a-8e78-4d5e-a451-4d91dbfa93e8/xml_ez_out_1.6.0_c90d08dc/xml_ez_out.gpr"] exited with code 4
stderr: raised ALIRE.CHECKED_ERROR : alire-stored-error:1
Load address: 0x100fbd000
Call stack traceback locations:
0x1018c5415 0x101598e83 0x1017abdf9 0x1017ac581 0x10170cac3 0x10170af99 0x101727873 0x101773dc1 0x10177281a 0x1017279b8 0x10170b349 0x10101c9c1 0x10102d578 0x10103201c 0x1010b805c 0x1010c33b8 0x100fbe605 0x100fc1914


Warning: xml_ez_out=1.6.0 successfully retrieved but its build failed.
There are no dependencies.
ERROR: Build ended with errors
