Test ran at 2023-06-04 01:31:41.366675+00:00

SOLUTION:
gnat_native=12.2.1: The GNAT Ada compiler - Native
Provides: gnat=12.2.1
Origin: (case OS is Linux => (case Host_Arch is X86_64 => binary archive gnat-x86_64-linux-12.2.0-1.tar.gz at https://github.com/alire-project/GNAT-FSF-builds/releases/download/gnat-12.2.0-1/gnat-x86_64-linux-12.2.0-1.tar.gz), Macos => (case Host_Arch is X86_64 => binary archive gnat-x86_64-darwin-12.2.0-1.tar.gz at https://github.com/alire-project/GNAT-FSF-builds/releases/download/gnat-12.2.0-1/gnat-x86_64-darwin-12.2.0-1.tar.gz), Windows => (case Host_Arch is X86_64 => binary archive gnat-x86_64-windows64-12.2.0-1.tar.gz at https://github.com/alire-project/GNAT-FSF-builds/releases/download/gnat-12.2.0-1/gnat-x86_64-windows64-12.2.0-1.tar.gz)) with hash sha256:11f3b811e4967bd4924a8236e9e68e0b9464fee016cd9d00c077faec0c27fe99
Properties:
   Auto_Gpr_With: auto-gpr-with=false
   Configuration: no modifiers
   Description: The GNAT Ada compiler - Native
   Environment: PATH=${CRATE_ROOT}/bin:${PATH}
   License: GPL-3.0-or-later AND GPL-3.0-or-later WITH GCC-exception-3.1
   Maintainer: chouteau@adacore.com
   Maintainers_Logins: Fabien-Chouteau
   Name: gnat_native
   Version: 12.2.1


LOG:
Note: Deploying gnat_native=12.2.1...
#=#=#                                                                         
##O#-#                                                                        
##O=#  #                                                                      
#=#=-#  #                                                                     

                                                                           0.1%
                                                                           0.4%
                                                                           0.8%
#                                                                          1.5%
#                                                                          2.4%
##                                                                         3.7%
####                                                                       5.6%
######                                                                     8.3%
########                                                                  12.4%
#############                                                             18.2%
##################                                                        25.8%
########################                                                  33.5%
############################                                              39.4%
#################################                                         47.1%
#######################################                                   54.8%
##########################################                                59.1%
###############################################                           66.6%
#####################################################                     73.7%
########################################################                  78.2%
###########################################################               82.0%
##############################################################            86.8%
################################################################          90.0%
####################################################################      95.1%
#######################################################################   99.7%
######################################################################## 100.0%

gnat_native=12.2.1 successfully retrieved.
There are no dependencies.
Warning: Binary release does not contain default project file: gnat_native.gpr
