Test ran at 2024-07-23 01:32:54.490155+00:00

SOLUTION:
matreshka_spikedog_core=21.0.0: Web-application server. Implementation library
Origin: commit 8932a8f4aec45d6818176162c5632f7df81ae688 from https://github.com/reznikmm/matreshka-alire
Properties:
   Author: Vadim Godunko
   Description: Web-application server. Implementation library
   License: BSD-3-Clause
   Maintainer: Vadim Godunko <vgodunko@gmail.com>
   Maintainer: Maxim Reznik <reznikmm@gmail.com>
   Maintainers_Logins: godunko
   Maintainers_Logins: reznikmm
   Name: matreshka_spikedog_core
   Project_File: build_matreshka_spikedog_core.gpr
   Tag: web
   Tag: servlet
   Version: 21.0.0
   Website: https://github.com/godunko/matreshka
Dependencies (direct):
   matreshka_league21.0.0
   matreshka_spikedog_api21.0.0
Dependencies (solution):
   gnat=10.3.2 (gnat_native) (installed)
   make=3.81.0
   matreshka_league=21.0.0
   matreshka_servlet=21.0.0
   matreshka_spikedog_api=21.0.0
Dependencies (graph):
   matreshka_league=21.0.0        --> gnat=10.3.2 (gnat_native) (<2000)     
   matreshka_league=21.0.0        --> make=3.81.0 (*)                       
   matreshka_servlet=21.0.0       --> matreshka_league=21.0.0 (21.0.0)      
   matreshka_spikedog_api=21.0.0  --> matreshka_league=21.0.0 (21.0.0)      
   matreshka_spikedog_api=21.0.0  --> matreshka_servlet=21.0.0 (21.0.0)     
   matreshka_spikedog_core=21.0.0 --> matreshka_league=21.0.0 (21.0.0)      
   matreshka_spikedog_core=21.0.0 --> matreshka_spikedog_api=21.0.0 (21.0.0)


LOG:
Note: Deploying matreshka_spikedog_core=21.0.0...
Note: Deploying make=3.81.0...
Note: Deploying matreshka_league=21.0.0...
#=#=#                                                                          
##O#-#                                                                         

                                                                           0.0%
#######                                                                   11.0%
##########################                                                36.2%
###########################################                               60.9%
#############################################################             85.3%
######################################################################## 100.0%
Note: Running post_fetch actions for matreshka_league=21.0.0...
gnatmake -p -j0  -Pgnat/tools_configure.gpr
Setup
   [mkdir]        object directory for project Tools_Configure
Compile
   [Ada]          configure-driver.adb
   [Ada]          configure.adb
   [Ada]          configure-architecture.adb
   [Ada]          configure-instantiate.adb
   [Ada]          configure-internals.adb
   [Ada]          configure-rtl_version.adb
   [Ada]          configure-tests.ads
   [Ada]          configure-tests-asis.adb
   [Ada]          configure-tests-aws.adb
   [Ada]          configure-tests-firebird.adb
   [Ada]          configure-tests-gprbuild.adb
   [Ada]          configure-tests-install.adb
   [Ada]          configure-tests-installation_directories.adb
   [Ada]          configure-tests-modules.ads
   [Ada]          configure-tests-modules-amf.adb
   [Ada]          configure-tests-mysql.adb
   [Ada]          configure-tests-oci.adb
   [Ada]          configure-tests-operating_system.adb
   [Ada]          configure-tests-postgresql.adb
   [Ada]          configure-tests-sqlite3.adb
   [Ada]          configure-tests-valgrind.adb
   [Ada]          configure-version.adb
   [Ada]          configure-builder.adb
   [Ada]          configure-abstract_tests.adb
   [Ada]          configure-pkg_config.adb
   [Ada]          configure-component_switches.adb
Bind
   [gprbind]      configure-driver.bexch
   [Ada]          configure-driver.ali
Link
   [link]         configure-driver.adb
-macosx_version_min has been renamed to -macos_version_min
ld: warning: ignoring duplicate libraries: '-lSystem'
0  0x102308f43  __assert_rtn + 64
1  0x10220af43  ld::AtomPlacement::findAtom(unsigned char, unsigned long long, ld::AtomPlacement::AtomLoc const*&, long long&) const + 1411
2  0x102227431  ld::InputFiles::SliceParser::parseObjectFile(mach_o::Header const*) const + 19745
3  0x102237b71  ld::InputFiles::parseAllFiles(void (ld::AtomFile const*) block_pointer)::$_7::operator()(unsigned long, ld::FileInfo const&) const + 657
4  0x7ff802442def  _dispatch_client_callout2 + 8
5  0x7ff802454547  _dispatch_apply_invoke3 + 431
6  0x7ff802442dbc  _dispatch_client_callout + 8
7  0x7ff80244404e  _dispatch_once_callout + 20
8  0x7ff802454a9b  _dispatch_apply_invoke_and_wait + 278
9  0x7ff802453cf8  _dispatch_apply_with_attr_f + 1225
10  0x7ff802453eaf  dispatch_apply + 45
11  0x1022d0972  ld::AtomFileConsolidator::parseFiles(bool) + 370
12  0x102257d67  main + 12263
ld: Assertion failed: (resultIndex < sectData.atoms.size()), function findAtom, file Relocations.cpp, line 1336.
collect2: error: ld returned 1 exit status
gprbuild: link of configure-driver.adb failed
gprbuild: failed command was: /users/runner/.config/alire/cache/dependencies/gnat_native_10.3.2_e112fd3f/bin/gcc configure-driver.o b__configure-driver.o /Users/runner/work/alire-crates-ci/alire-crates-ci/test/8bf3c65e-c6c0-4d2f-9940-771c4071f6e3/matreshka_spikedog_core_21.0.0_8932a8f4/alire/cache/dependencies/matreshka_league_21.0.0_0c8f4d47/.objs/configure/configure.o /Users/runner/work/alire-crates-ci/alire-crates-ci/test/8bf3c65e-c6c0-4d2f-9940-771c4071f6e3/matreshka_spikedog_core_21.0.0_8932a8f4/alire/cache/dependencies/matreshka_league_21.0.0_0c8f4d47/.objs/configure/configure-component_switches.o /Users/runner/work/alire-crates-ci/alire-crates-ci/test/8bf3c65e-c6c0-4d2f-9940-771c4071f6e3/matreshka_spikedog_core_21.0.0_8932a8f4/alire/cache/dependencies/matreshka_league_21.0.0_0c8f4d47/.objs/configure/configure-instantiate.o /Users/runner/work/alire-crates-ci/alire-crates-ci/test/8bf3c65e-c6c0-4d2f-9940-771c4071f6e3/matreshka_spikedog_core_21.0.0_8932a8f4/alire/cache/dependencies/matreshka_league_21.0.0_0c8f4d47/.objs/configure/configure-internals.o /Users/runner/work/alire-crates-ci/alire-crates-ci/test/8bf3c65e-c6c0-4d2f-9940-771c4071f6e3/matreshka_spikedog_core_21.0.0_8932a8f4/alire/cache/dependencies/matreshka_league_21.0.0_0c8f4d47/.objs/configure/configure-abstract_tests.o /Users/runner/work/alire-crates-ci/alire-crates-ci/test/8bf3c65e-c6c0-4d2f-9940-771c4071f6e3/matreshka_spikedog_core_21.0.0_8932a8f4/alire/cache/dependencies/matreshka_league_21.0.0_0c8f4d47/.objs/configure/configure-builder.o /Users/runner/work/alire-crates-ci/alire-crates-ci/test/8bf3c65e-c6c0-4d2f-9940-771c4071f6e3/matreshka_spikedog_core_21.0.0_8932a8f4/alire/cache/dependencies/matreshka_league_21.0.0_0c8f4d47/.objs/configure/configure-architecture.o /Users/runner/work/alire-crates-ci/alire-crates-ci/test/8bf3c65e-c6c0-4d2f-9940-771c4071f6e3/matreshka_spikedog_core_21.0.0_8932a8f4/alire/cache/dependencies/matreshka_league_21.0.0_0c8f4d47/.objs/configure/configure-pkg_config.o /Users/runner/work/alire-crates-ci/alire-crates-ci/test/8bf3c65e-c6c0-4d2f-9940-771c4071f6e3/matreshka_spikedog_core_21.0.0_8932a8f4/alire/cache/dependencies/matreshka_league_21.0.0_0c8f4d47/.objs/configure/configure-rtl_version.o /Users/runner/work/alire-crates-ci/alire-crates-ci/test/8bf3c65e-c6c0-4d2f-9940-771c4071f6e3/matreshka_spikedog_core_21.0.0_8932a8f4/alire/cache/dependencies/matreshka_league_21.0.0_0c8f4d47/.objs/configure/configure-tests.o /Users/runner/work/alire-crates-ci/alire-crates-ci/test/8bf3c65e-c6c0-4d2f-9940-771c4071f6e3/matreshka_spikedog_core_21.0.0_8932a8f4/alire/cache/dependencies/matreshka_league_21.0.0_0c8f4d47/.objs/configure/configure-tests-asis.o /Users/runner/work/alire-crates-ci/alire-crates-ci/test/8bf3c65e-c6c0-4d2f-9940-771c4071f6e3/matreshka_spikedog_core_21.0.0_8932a8f4/alire/cache/dependencies/matreshka_league_21.0.0_0c8f4d47/.objs/configure/configure-tests-aws.o /Users/runner/work/alire-crates-ci/alire-crates-ci/test/8bf3c65e-c6c0-4d2f-9940-771c4071f6e3/matreshka_spikedog_core_21.0.0_8932a8f4/alire/cache/dependencies/matreshka_league_21.0.0_0c8f4d47/.objs/configure/configure-tests-firebird.o /Users/runner/work/alire-crates-ci/alire-crates-ci/test/8bf3c65e-c6c0-4d2f-9940-771c4071f6e3/matreshka_spikedog_core_21.0.0_8932a8f4/alire/cache/dependencies/matreshka_league_21.0.0_0c8f4d47/.objs/configure/configure-tests-gprbuild.o /Users/runner/work/alire-crates-ci/alire-crates-ci/test/8bf3c65e-c6c0-4d2f-9940-771c4071f6e3/matreshka_spikedog_core_21.0.0_8932a8f4/alire/cache/dependencies/matreshka_league_21.0.0_0c8f4d47/.objs/configure/configure-tests-install.o /Users/runner/work/alire-crates-ci/alire-crates-ci/test/8bf3c65e-c6c0-4d2f-9940-771c4071f6e3/matreshka_spikedog_core_21.0.0_8932a8f4/alire/cache/dependencies/matreshka_league_21.0.0_0c8f4d47/.objs/configure/configure-tests-installation_directories.o /Users/runner/work/alire-crates-ci/alire-crates-ci/test/8bf3c65e-c6c0-4d2f-9940-771c4071f6e3/matreshka_spikedog_core_21.0.0_8932a8f4/alire/cache/dependencies/matreshka_league_21.0.0_0c8f4d47/.objs/configure/configure-tests-modules.o /Users/runner/work/alire-crates-ci/alire-crates-ci/test/8bf3c65e-c6c0-4d2f-9940-771c4071f6e3/matreshka_spikedog_core_21.0.0_8932a8f4/alire/cache/dependencies/matreshka_league_21.0.0_0c8f4d47/.objs/configure/configure-tests-mysql.o /Users/runner/work/alire-crates-ci/alire-crates-ci/test/8bf3c65e-c6c0-4d2f-9940-771c4071f6e3/matreshka_spikedog_core_21.0.0_8932a8f4/alire/cache/dependencies/matreshka_league_21.0.0_0c8f4d47/.objs/configure/configure-tests-operating_system.o /Users/runner/work/alire-crates-ci/alire-crates-ci/test/8bf3c65e-c6c0-4d2f-9940-771c4071f6e3/matreshka_spikedog_core_21.0.0_8932a8f4/alire/cache/dependencies/matreshka_league_21.0.0_0c8f4d47/.objs/configure/configure-tests-modules-amf.o /Users/runner/work/alire-crates-ci/alire-crates-ci/test/8bf3c65e-c6c0-4d2f-9940-771c4071f6e3/matreshka_spikedog_core_21.0.0_8932a8f4/alire/cache/dependencies/matreshka_league_21.0.0_0c8f4d47/.objs/configure/configure-tests-oci.o /Users/runner/work/alire-crates-ci/alire-crates-ci/test/8bf3c65e-c6c0-4d2f-9940-771c4071f6e3/matreshka_spikedog_core_21.0.0_8932a8f4/alire/cache/dependencies/matreshka_league_21.0.0_0c8f4d47/.objs/configure/configure-tests-postgresql.o /Users/runner/work/alire-crates-ci/alire-crates-ci/test/8bf3c65e-c6c0-4d2f-9940-771c4071f6e3/matreshka_spikedog_core_21.0.0_8932a8f4/alire/cache/dependencies/matreshka_league_21.0.0_0c8f4d47/.objs/configure/configure-tests-sqlite3.o /Users/runner/work/alire-crates-ci/alire-crates-ci/test/8bf3c65e-c6c0-4d2f-9940-771c4071f6e3/matreshka_spikedog_core_21.0.0_8932a8f4/alire/cache/dependencies/matreshka_league_21.0.0_0c8f4d47/.objs/configure/configure-tests-valgrind.o /Users/runner/work/alire-crates-ci/alire-crates-ci/test/8bf3c65e-c6c0-4d2f-9940-771c4071f6e3/matreshka_spikedog_core_21.0.0_8932a8f4/alire/cache/dependencies/matreshka_league_21.0.0_0c8f4d47/.objs/configure/configure-version.o -L/Users/runner/work/alire-crates-ci/alire-crates-ci/test/8bf3c65e-c6c0-4d2f-9940-771c4071f6e3/matreshka_spikedog_core_21.0.0_8932a8f4/alire/cache/dependencies/matreshka_league_21.0.0_0c8f4d47/.objs/configure/ -L/Users/runner/work/alire-crates-ci/alire-crates-ci/test/8bf3c65e-c6c0-4d2f-9940-771c4071f6e3/matreshka_spikedog_core_21.0.0_8932a8f4/alire/cache/dependencies/matreshka_league_21.0.0_0c8f4d47/.objs/configure/ -L/users/runner/.config/alire/cache/dependencies/gnat_native_10.3.2_e112fd3f/lib/gcc/x86_64-apple-darwin19.6.0/10.3.0/adalib/ /users/runner/.config/alire/cache/dependencies/gnat_native_10.3.2_e112fd3f/lib/gcc/x86_64-apple-darwin19.6.0/10.3.0/adalib/libgnat.a -Wl,-rpath,@executable_path//.objs/configure -Wl,-rpath,@executable_path/../../../../../../../../../..//.config/alire/cache/dependencies/gnat_native_10.3.2_e112fd3f/lib/gcc/x86_64-apple-darwin19.6.0/10.3.0/adalib -o /Users/runner/work/alire-crates-ci/alire-crates-ci/test/8bf3c65e-c6c0-4d2f-9940-771c4071f6e3/matreshka_spikedog_core_21.0.0_8932a8f4/alire/cache/dependencies/matreshka_league_21.0.0_0c8f4d47//configure
make: *** [config] Error 5
stderr: Command ["make", "reconfig"] exited with code 2
stderr: ALIRE.CHECKED_ERROR
stderr: Command ["make", "reconfig"] exited with code 2
stderr: raised ALIRE.CHECKED_ERROR : alire-stored-error:1
Load address: 0x102d34000
Call stack traceback locations:
0x10363c415 0x10330fe83 0x103315729 0x103316909 0x103315d1b 0x103487299 0x103487fd4 0x10349e873 0x1034eadc1 0x1034e93c2 0x10349e9b8 0x103488346 0x102da41cf 0x102da901c 0x102e2f05c 0x102e3a3b8 0x102d35605 0x102d38914

stderr: A post-fetch action failed, re-run with -vv -d for details
ERROR: A post-fetch action failed, re-run with -vv -d for details
