Test ran at 2023-10-15 00:54:56.153048+00:00

SOLUTION:
gnat_arm_elf=12.2.1: The GNAT Ada compiler - ARM cross-compiler
Provides: gnat=12.2.1
Origin: (case OS is Linux => (case Host_Arch is X86_64 => binary archive gnat-arm-elf-linux64-12.2.0-1.tar.gz at https://github.com/alire-project/GNAT-FSF-builds/releases/download/gnat-12.2.0-1/gnat-arm-elf-linux64-12.2.0-1.tar.gz), Macos => (case Host_Arch is X86_64 => binary archive gnat-arm-elf-darwin-12.2.0-1.tar.gz at https://github.com/alire-project/GNAT-FSF-builds/releases/download/gnat-12.2.0-1/gnat-arm-elf-darwin-12.2.0-1.tar.gz), Windows => (case Host_Arch is X86_64 => binary archive gnat-arm-elf-windows64-12.2.0-1.tar.gz at https://github.com/alire-project/GNAT-FSF-builds/releases/download/gnat-12.2.0-1/gnat-arm-elf-windows64-12.2.0-1.tar.gz)) with hash sha256:f4bfd822af8428fff63a46e5156f9904867871cf9eeb4d6cbde057aad14c9edb
Properties:
   Auto_Gpr_With: auto-gpr-with=false
   Configuration: no modifiers
   Description: The GNAT Ada compiler - ARM cross-compiler
   Environment: PATH=${CRATE_ROOT}/bin:${PATH}
   License: GPL-3.0-or-later AND GPL-3.0-or-later WITH GCC-exception-3.1
   Maintainer: chouteau@adacore.com
   Maintainers_Logins: Fabien-Chouteau
   Name: gnat_arm_elf
   Version: 12.2.1


LOG:
Note: Deploying gnat_arm_elf=12.2.1...
#=#=#                                                                         

                                                                           0.0%
#                                                                          1.4%
###                                                                        4.2%
####                                                                       6.9%
######                                                                     9.1%
########                                                                  11.7%
##########                                                                14.3%
############                                                              16.9%
##############                                                            19.5%
###############                                                           22.1%
#################                                                         24.8%
###################                                                       27.3%
#####################                                                     29.9%
#######################                                                   32.5%
#########################                                                 35.1%
###########################                                               37.7%
############################                                              40.3%
##############################                                            42.9%
################################                                          45.5%
##################################                                        48.1%
####################################                                      50.7%
#####################################                                     52.7%
########################################                                  56.1%
##########################################                                58.6%
############################################                              61.3%
##############################################                            63.9%
###############################################                           66.5%
#################################################                         69.0%
###################################################                       71.6%
#####################################################                     74.1%
#######################################################                   76.8%
#########################################################                 79.4%
###########################################################               82.0%
############################################################              84.5%
##############################################################            87.1%
################################################################          89.7%
##################################################################        92.3%
####################################################################      94.9%
######################################################################    97.5%
######################################################################## 100.0%

gnat_arm_elf=12.2.1 successfully retrieved.
There are no dependencies.
Warning: Binary release does not contain default project file: gnat_arm_elf.gpr
