Test ran at 2022-09-25 13:17:48.256380+00:00

SOLUTION:
rewriters=22.0.0: Easy, yet advanced manipulation of Ada code
Origin: commit 9b54e0c264161ebd27d0b8fd8018cd0d3a966d6e from https://github.com/TNO/Rewriters-Ada.git
Properties:
   Author: Pierre van de Laar
   Description: Easy, yet advanced manipulation of Ada code
   License: BSD-3-Clause
   Maintainer: Pierre van de Laar <pierre.van.de.laar@gmail.com>
   Maintainers_Logins: pjljvandelaar
   Name: rewriters
   Tag: manipulation
   Tag: transformation
   Version: 22.0.0
   Website: https://github.com/TNO/Rewriters-Ada
Dependencies (direct):
   libadalang^22.0.0
   rejuvenation^22.0.0
Dependencies (solution):
   gnatcoll=22.0.0
   gnatcoll_gmp=22.0.0
   gnatcoll_iconv=22.0.0
   langkit_support=22.0.0
   libadalang=22.0.0
   libgmp=6.2.1
   libgpr=22.0.0
   rejuvenation=22.0.1
   xmlada=22.0.0
Dependencies (external):
   gnat(/=2020) & (>=11) (indirect,hinted)
Dependencies (graph):
   gnatcoll=22.0.0        --> libgpr=22.0.0 (~22.0.0)      
   gnatcoll_gmp=22.0.0    --> gnatcoll=22.0.0 (~22.0.0)    
   gnatcoll_gmp=22.0.0    --> libgmp=6.2.1 (*)             
   gnatcoll_iconv=22.0.0  --> gnatcoll=22.0.0 (~22.0.0)    
   langkit_support=22.0.0 --> gnatcoll=22.0.0 (^22)        
   langkit_support=22.0.0 --> gnatcoll_iconv=22.0.0 (^22)  
   libadalang=22.0.0      --> gnatcoll=22.0.0 (^22)        
   libadalang=22.0.0      --> gnatcoll_gmp=22.0.0 (^22)    
   libadalang=22.0.0      --> gnatcoll_iconv=22.0.0 (^22)  
   libadalang=22.0.0      --> langkit_support=22.0.0 (^22) 
   libgpr=22.0.0          --> gnat/=2020                   
   libgpr=22.0.0          --> xmlada=22.0.0 (~22.0.0)      
   rejuvenation=22.0.1    --> libadalang=22.0.0 (^22.0.0)  
   rewriters=22.0.0       --> libadalang=22.0.0 (^22.0.0)  
   rewriters=22.0.0       --> rejuvenation=22.0.1 (^22.0.0)
   xmlada=22.0.0          --> gnat>=11                     
Dependencies cannot be met


LOG:
