Test ran at 2024-07-14 12:32:23.506376+00:00

SOLUTION:
semantic_versioning=2.1.0: Semantic Versioning in Ada
Origin: commit cc69201134c0a8d695b767a1fd1bf4fd8f6f3880 from https://github.com/alire-project/semantic_versioning.git
Properties:
   Author: Alejandro R. Mosteo
   Description: Semantic Versioning in Ada
   License: LGPL-3.0-only
   Maintainer: alejandro@mosteo.com
   Maintainers_Logins: mosteo
   Name: semantic_versioning
   Tag: semver
   Tag: semantic
   Tag: versioning
   Version: 2.1
   Website: https://github.com/alire-project/semantic_versioning


LOG:
Note: Deploying semantic_versioning=2.1.0...
Note: Building semantic_versioning/semantic_versioning.gpr...
Setup
   [mkdir]        object directory for project Semantic_Versioning
   [mkdir]        exec directory for project Semantic_Versioning
Compile
   [Ada]          semantic_versioning-demo.adb
   [Ada]          semantic_versioning-parser.adb
   [Ada]          semantic_versioning-extended-parser.adb
   [Ada]          semantic_versioning-extended.adb
   [Ada]          semantic_versioning.adb
   [Ada]          semantic_versioning-basic.adb
Bind
   [gprbind]      semantic_versioning-demo.bexch
   [gprbind]      semantic_versioning-parser.bexch
   [gprbind]      semantic_versioning-extended-parser.bexch
   [Ada]          semantic_versioning-extended-parser.ali
   [Ada]          semantic_versioning-demo.ali
   [Ada]          semantic_versioning-parser.ali
Link
   [link]         semantic_versioning-demo.adb
   [link]         semantic_versioning-parser.adb
   [link]         semantic_versioning-extended-parser.adb
-macosx_version_min has been renamed to -macos_version_min
-macosx_version_min has been renamed to -macos_version_min
-macosx_version_min has been renamed to -macos_version_min
0  0x1002d9f43  __assert_rtn + 64
0  0x102e01f43  __assert_rtn + 64
0  0x100981f43  __assert_rtn + 64
1  0x102d03f43  ld::AtomPlacement::findAtom(unsigned char, unsigned long long, ld::AtomPlacement::AtomLoc const*&, long long&) const + 1411
1  0x1001dbf43  ld::AtomPlacement::findAtom(unsigned char, unsigned long long, ld::AtomPlacement::AtomLoc const*&, long long&) const + 1411
1  0x100883f43  ld::AtomPlacement::findAtom(unsigned char, unsigned long long, ld::AtomPlacement::AtomLoc const*&, long long&) const + 1411
2  0x1008a0431  ld::InputFiles::SliceParser::parseObjectFile(mach_o::Header const*) const + 19745
2  0x102d20431  ld::InputFiles::SliceParser::parseObjectFile(mach_o::Header const*) const + 19745
2  0x1001f8431  ld::InputFiles::SliceParser::parseObjectFile(mach_o::Header const*) const + 19745
3  0x102d30b71  ld::InputFiles::parseAllFiles(void (ld::AtomFile const*) block_pointer)::$_7::operator()(unsigned long, ld::FileInfo const&) const + 657
3  0x100208b71  ld::InputFiles::parseAllFiles(void (ld::AtomFile const*) block_pointer)::$_7::operator()(unsigned long, ld::FileInfo const&) const + 657
3  0x1008b0b71  ld::InputFiles::parseAllFiles(void (ld::AtomFile const*) block_pointer)::$_7::operator()(unsigned long, ld::FileInfo const&) const + 657
4  0x7ff80be9adef  _dispatch_client_callout2 + 8
5  0x7ff80beac547  _dispatch_apply_invoke3 + 431
4  0x7ff80be9adef  _dispatch_client_callout2 + 8
4  0x7ff80be9adef  _dispatch_client_callout2 + 8
5  0x7ff80beac547  _dispatch_apply_invoke3 + 431
6  0x7ff80be9adbc  _dispatch_client_callout + 8
7  0x7ff80be9c04e  _dispatch_once_callout + 20
6  0x7ff80be9adbc  _dispatch_client_callout + 8
7  0x7ff80be9c04e  _dispatch_once_callout + 20
8  0x7ff80beab740  _dispatch_apply_invoke + 184
5  0x7ff80beac547  _dispatch_apply_invoke3 + 431
8  0x7ff80beab740  _dispatch_apply_invoke + 184
6  0x7ff80be9adbc  _dispatch_client_callout + 8
7  0x7ff80be9c04e  _dispatch_once_callout + 20
9  0x7ff80be9adbc  _dispatch_client_callout + 8
8  0x7ff80beab740  _dispatch_apply_invoke + 184
10  0x7ff80beaa2ca  _dispatch_root_queue_drain + 871
9  0x7ff80be9adbc  _dispatch_client_callout + 8
11  0x7ff80beaa84f  _dispatch_worker_thread2 + 152
9  0x7ff80be9adbc  _dispatch_client_callout + 8
10  0x7ff80beaa2ca  _dispatch_root_queue_drain + 871
11  0x7ff80beaa84f  _dispatch_worker_thread2 + 152
10  0x7ff80beaa2ca  _dispatch_root_queue_drain + 871
11  0x7ff80beaa84f  _dispatch_worker_thread2 + 152
12  0x7ff80c038b43  _pthread_wqthread + 262
12  0x7ff80c038b43  _pthread_wqthread + 262
ld: Assertion failed: (resultIndex < sectData.atoms.size()), function findAtom, file Relocations.cpp, line 1336.
ld: Assertion failed: (resultIndex < sectData.atoms.size()), function findAtom, file Relocations.cpp, line 1336.
12  0x7ff80c038b43  _pthread_wqthread + 262
ld: Assertion failed: (resultIndex < sectData.atoms.size()), function findAtom, file Relocations.cpp, line 1336.
collect2: error: ld returned 1 exit status
collect2: error: ld returned 1 exit status
collect2: error: ld returned 1 exit status
   link of semantic_versioning-extended-parser.adb failed
   failed command was: /users/runner/.config/alire/cache/dependencies/gnat_native_12.2.1_77267eb1/bin/gcc semantic_versioning-extended-parser.o b__semantic_versioning-extended-parser.o /Users/runner/work/alire-crates-ci/alire-crates-ci/test/29722638-bed6-4799-9df8-d3a5bf83539a/semantic_versioning_2.1.0_cc692011/obj/semantic_versioning-basic.o /Users/runner/work/alire-crates-ci/alire-crates-ci/test/29722638-bed6-4799-9df8-d3a5bf83539a/semantic_versioning_2.1.0_cc692011/obj/semantic_versioning-extended.o /Users/runner/work/alire-crates-ci/alire-crates-ci/test/29722638-bed6-4799-9df8-d3a5bf83539a/semantic_versioning_2.1.0_cc692011/obj/semantic_versioning.o -g -L/Users/runner/work/alire-crates-ci/alire-crates-ci/test/29722638-bed6-4799-9df8-d3a5bf83539a/semantic_versioning_2.1.0_cc692011/obj/ -L/Users/runner/work/alire-crates-ci/alire-crates-ci/test/29722638-bed6-4799-9df8-d3a5bf83539a/semantic_versioning_2.1.0_cc692011/obj/ -L/users/runner/.config/alire/cache/dependencies/gnat_native_12.2.1_77267eb1/lib/gcc/x86_64-apple-darwin19.6.0/12.2.0/adalib/ /users/runner/.config/alire/cache/dependencies/gnat_native_12.2.1_77267eb1/lib/gcc/x86_64-apple-darwin19.6.0/12.2.0/adalib/libgnat.a -Wl,-rpath,@executable_path/..//obj -Wl,-rpath,@executable_path/../../../../../../..//.config/alire/cache/dependencies/gnat_native_12.2.1_77267eb1/lib/gcc/x86_64-apple-darwin19.6.0/12.2.0/adalib -o /Users/runner/work/alire-crates-ci/alire-crates-ci/test/29722638-bed6-4799-9df8-d3a5bf83539a/semantic_versioning_2.1.0_cc692011/bin//semantic_versioning-extended-parser 
   link of semantic_versioning-parser.adb failed
   failed command was: /users/runner/.config/alire/cache/dependencies/gnat_native_12.2.1_77267eb1/bin/gcc semantic_versioning-parser.o b__semantic_versioning-parser.o /Users/runner/work/alire-crates-ci/alire-crates-ci/test/29722638-bed6-4799-9df8-d3a5bf83539a/semantic_versioning_2.1.0_cc692011/obj/semantic_versioning-basic.o /Users/runner/work/alire-crates-ci/alire-crates-ci/test/29722638-bed6-4799-9df8-d3a5bf83539a/semantic_versioning_2.1.0_cc692011/obj/semantic_versioning-extended.o /Users/runner/work/alire-crates-ci/alire-crates-ci/test/29722638-bed6-4799-9df8-d3a5bf83539a/semantic_versioning_2.1.0_cc692011/obj/semantic_versioning.o -g -L/Users/runner/work/alire-crates-ci/alire-crates-ci/test/29722638-bed6-4799-9df8-d3a5bf83539a/semantic_versioning_2.1.0_cc692011/obj/ -L/Users/runner/work/alire-crates-ci/alire-crates-ci/test/29722638-bed6-4799-9df8-d3a5bf83539a/semantic_versioning_2.1.0_cc692011/obj/ -L/users/runner/.config/alire/cache/dependencies/gnat_native_12.2.1_77267eb1/lib/gcc/x86_64-apple-darwin19.6.0/12.2.0/adalib/ /users/runner/.config/alire/cache/dependencies/gnat_native_12.2.1_77267eb1/lib/gcc/x86_64-apple-darwin19.6.0/12.2.0/adalib/libgnat.a -Wl,-rpath,@executable_path/..//obj -Wl,-rpath,@executable_path/../../../../../../..//.config/alire/cache/dependencies/gnat_native_12.2.1_77267eb1/lib/gcc/x86_64-apple-darwin19.6.0/12.2.0/adalib -o /Users/runner/work/alire-crates-ci/alire-crates-ci/test/29722638-bed6-4799-9df8-d3a5bf83539a/semantic_versioning_2.1.0_cc692011/bin//semantic_versioning-parser 
   link of semantic_versioning-demo.adb failed
   failed command was: /users/runner/.config/alire/cache/dependencies/gnat_native_12.2.1_77267eb1/bin/gcc semantic_versioning-demo.o b__semantic_versioning-demo.o /Users/runner/work/alire-crates-ci/alire-crates-ci/test/29722638-bed6-4799-9df8-d3a5bf83539a/semantic_versioning_2.1.0_cc692011/obj/semantic_versioning-basic.o /Users/runner/work/alire-crates-ci/alire-crates-ci/test/29722638-bed6-4799-9df8-d3a5bf83539a/semantic_versioning_2.1.0_cc692011/obj/semantic_versioning-extended.o /Users/runner/work/alire-crates-ci/alire-crates-ci/test/29722638-bed6-4799-9df8-d3a5bf83539a/semantic_versioning_2.1.0_cc692011/obj/semantic_versioning.o -g -L/Users/runner/work/alire-crates-ci/alire-crates-ci/test/29722638-bed6-4799-9df8-d3a5bf83539a/semantic_versioning_2.1.0_cc692011/obj/ -L/Users/runner/work/alire-crates-ci/alire-crates-ci/test/29722638-bed6-4799-9df8-d3a5bf83539a/semantic_versioning_2.1.0_cc692011/obj/ -L/users/runner/.config/alire/cache/dependencies/gnat_native_12.2.1_77267eb1/lib/gcc/x86_64-apple-darwin19.6.0/12.2.0/adalib/ /users/runner/.config/alire/cache/dependencies/gnat_native_12.2.1_77267eb1/lib/gcc/x86_64-apple-darwin19.6.0/12.2.0/adalib/libgnat.a -Wl,-rpath,@executable_path/..//obj -Wl,-rpath,@executable_path/../../../../../../..//.config/alire/cache/dependencies/gnat_native_12.2.1_77267eb1/lib/gcc/x86_64-apple-darwin19.6.0/12.2.0/adalib -o /Users/runner/work/alire-crates-ci/alire-crates-ci/test/29722638-bed6-4799-9df8-d3a5bf83539a/semantic_versioning_2.1.0_cc692011/bin//demo 
gprbuild: *** link phase failed
stderr: Command ["gprbuild", "-s", "-j0", "-p", "-P", "/Users/runner/work/alire-crates-ci/alire-crates-ci/test/29722638-bed6-4799-9df8-d3a5bf83539a/semantic_versioning_2.1.0_cc692011/semantic_versioning.gpr"] exited with code 4
ERROR: Command ["gprbuild", "-s", "-j0", "-p", "-P", "/Users/runner/work/alire-crates-ci/alire-crates-ci/test/29722638-bed6-4799-9df8-d3a5bf83539a/semantic_versioning_2.1.0_cc692011/semantic_versioning.gpr"] exited with code 4
stderr: ALIRE.CHECKED_ERROR
stderr: Command ["gprbuild", "-s", "-j0", "-p", "-P", "/Users/runner/work/alire-crates-ci/alire-crates-ci/test/29722638-bed6-4799-9df8-d3a5bf83539a/semantic_versioning_2.1.0_cc692011/semantic_versioning.gpr"] exited with code 4
stderr: raised ALIRE.CHECKED_ERROR : alire-stored-error:1
Load address: 0x1008e1000
Call stack traceback locations:
0x1011e9415 0x100ebce83 0x1010cfdf9 0x1010d0581 0x101030ac3 0x10102ef99 0x10104b873 0x101097dc1 0x10109681a 0x10104b9b8 0x10102f349 0x1009409c1 0x100951578 0x10095601c 0x1009dc05c 0x1009e73b8 0x1008e2605 0x1008e5914


Warning: semantic_versioning=2.1.0 successfully retrieved but its build failed.
There are no dependencies.
ERROR: Build ended with errors
