Test ran at 2022-08-14 12:27:11.278547+00:00

SOLUTION:
lal_highlight=21.0.0: Simple code highlighters based on Libadalang
Origin: source archive highlight-21.0.0.tar.gz at https://github.com/AdaCore/libadalang/releases/download/v21.0.0/highlight-21.0.0.tar.gz with hash sha512:357f237b90559b05bab454b6dafda2949d663b87db2704f2c23cc3e3d3400a8a60609382a7f5489419b19b2a38195e25cfa030e7cf4a7887df1566222014ef98
Properties:
   Author: AdaCore
   Description: Simple code highlighters based on Libadalang
   Executable: highlight
   Executable: ada2web
   License: GPL-3.0-only WITH GCC-exception-3.1
   Maintainer: Pierre-Marie de Rodat <pmderodat@kawie.fr>
   Maintainers_Logins: pmderodat
   Name: lal_highlight
   Project_File: highlight.gpr
   Tag: libadalang
   Tag: static-analysis
   Version: 21.0.0
   Website: https://github.com/AdaCore/libadalang
Dependencies (direct):
   gnatcoll_iconv^21
   libadalang^21
Dependencies (solution):
   gnat=10.3.2 (gnat_native) (installed)
   gnatcoll=21.0.0
   gnatcoll_gmp=21.0.0
   gnatcoll_iconv=21.0.0
   langkit_support=21.0.0
   libadalang=21.0.0
   libgmp=6.2.1
   libgpr=21.0.0
   xmlada=21.0.0
Dependencies (graph):
   gnatcoll=21.0.0        --> libgpr=21.0.0 (~21.0.0)           
   gnatcoll_gmp=21.0.0    --> gnatcoll=21.0.0 (~21.0.0)         
   gnatcoll_gmp=21.0.0    --> libgmp=6.2.1 (*)                  
   gnatcoll_iconv=21.0.0  --> gnatcoll=21.0.0 (~21.0.0)         
   lal_highlight=21.0.0   --> gnatcoll_iconv=21.0.0 (^21)       
   lal_highlight=21.0.0   --> libadalang=21.0.0 (^21)           
   langkit_support=21.0.0 --> gnatcoll=21.0.0 (^21)             
   langkit_support=21.0.0 --> gnatcoll_iconv=21.0.0 (^21)       
   libadalang=21.0.0      --> gnatcoll=21.0.0 (^21)             
   libadalang=21.0.0      --> gnatcoll_gmp=21.0.0 (^21)         
   libadalang=21.0.0      --> gnatcoll_iconv=21.0.0 (^21)       
   libadalang=21.0.0      --> langkit_support=21.0.0 (^21)      
   libgpr=21.0.0          --> gnat=10.3.2 (gnat_native) (/=2021)
   libgpr=21.0.0          --> xmlada=21.0.0 (~21.0.0)           


LOG:
Note: Deploying lal_highlight=21.0.0...
#=#=#                                                                         
##O#-#                                                                        
##O=#  #                                                                      

######################################################################## 100.0%
Note: Deploying libgmp=6.2.1...
Note: Deploying xmlada=21.0.0...
#=#=#                                                                         
##O#-#                                                                        
##O=#  #                                                                      
#=#=-#  #                                                                     
 #=#=-#   #                                                                   
  #=#=- #   #                                                                 
   #=#=- #   #                                                                
Note: Running post_fetch actions for xmlada=21.0.0...
checking build system type... x86_64-apple-darwin20.6.0
checking host system type... x86_64-apple-darwin20.6.0
checking target system type... x86_64-apple-darwin20.6.0
checking whether gnat can build shared libs... yes
checking for a BSD-compatible install... /usr/bin/install -c
checking whether ln -s works... yes
configure: creating ./config.status
config.status: creating xmlada_shared.gpr
config.status: creating Makefile
config.status: creating tests/dom/default.gpr
Note: Deploying libgpr=21.0.0...
#=#=#                                                                         
##O#-#                                                                        
##O=#  #                                                                      
#=#=-#  #                                                                     
 #=#=-#   #                                                                   
  #=#=- #   #                                                                 
   #=#=- #   #                                                                
Note: Running post_fetch actions for libgpr=21.0.0...
Note: Deploying gnatcoll=21.0.0...
#=#=#                                                                         
##O#-#                                                                        
##O=#  #                                                                      
#=#=-#  #                                                                     
 #=#=-#   #                                                                   
  #=#=- #   #                                                                 
   #=#=- #   #                                                                
Note: Deploying gnatcoll_gmp=21.0.0...
#=#=#                                                                         
##O#-#                                                                        
##O=#  #                                                                      
#=#=-#  #                                                                     
 #=#=-#   #                                                                   
  #=#=- #   #                                                                 
Note: Deploying gnatcoll_iconv=21.0.0...
#=#=#                                                                         
##O#-#                                                                        
##O=#  #                                                                      
#=#=-#  #                                                                     
 #=#=-#   #                                                                   
  #=#=- #   #                                                                 
Note: Deploying langkit_support=21.0.0...
#=#=#                                                                         
##O#-#                                                                        

#####                                                                      8.0%
######################################################################## 100.0%
Note: Deploying libadalang=21.0.0...
#=#=#                                                                         
##O#-#                                                                        
##O=#  #                                                                      

                                                                           0.7%
######################################################################## 100.0%
Note: Building lal_highlight/highlight.gpr...
Setup
   [mkdir]        object directory for project XmlAda_Sax
   [mkdir]        library directory for project XmlAda_Sax
   [mkdir]        object directory for project XmlAda_Schema
   [mkdir]        object directory for project GPR
   [mkdir]        library directory for project GPR
   [mkdir]        object directory for project GnatColl
   [mkdir]        library directory for project GnatColl
   [mkdir]        object directory for project GnatColl_Iconv
   [mkdir]        library directory for project GnatColl_Iconv
   [mkdir]        object directory for project GnatColl_GMP
   [mkdir]        library directory for project GnatColl_GMP
   [mkdir]        object directory for project Langkit_Support
   [mkdir]        library directory for project Langkit_Support
   [mkdir]        object directory for project Libadalang
   [mkdir]        library directory for project Libadalang
   [mkdir]        object directory for project Highlight
   [mkdir]        exec directory for project Highlight
Compile
   [Ada]          highlight.adb
   [Ada]          ada2web.adb
   [Ada]          langkit_support-adalog-main_support.adb
   [Ada]          langkit_support-symbols.adb
   [Ada]          langkit_support-text.adb
   [Ada]          langkit_support.ads
   [Ada]          langkit_support-images.adb
   [Ada]          langkit_support-hashes.adb
   [Ada]          langkit_support-iterators.adb
   [Ada]          langkit_support-tree_traversal_iterator.adb
   [Ada]          langkit_support-diagnostics.adb
   [Ada]          langkit_support-adalog-logic_ref.adb
   [Ada]          langkit_support-errors.ads
   [Ada]          langkit_support-boxes.adb
   [Ada]          langkit_support-adalog-unify_lr.adb
   [Ada]          langkit_support-adalog-predicates.adb
   [Ada]          langkit_support-adalog-pure_relations.adb
   [Ada]          langkit_support-adalog-relations.adb
   [Ada]          langkit_support-symbols-precomputed.adb
   [Ada]          langkit_support-adalog-logic_var.ads
   [Ada]          langkit_support-types.ads
   [Ada]          langkit_support-diagnostics-output.adb
   [Ada]          langkit_support-relative_get.adb
   [Ada]          langkit_support-slocs.adb
   [Ada]          langkit_support-vectors.adb
   [Ada]          langkit_support-adalog-operations.adb
   [Ada]          langkit_support-bump_ptr.adb
   [Ada]          langkit_support-adalog-eq_same.adb
   [Ada]          langkit_support-adalog-debug.adb
   [Ada]          langkit_support-lexical_env.adb
   [Ada]          langkit_support-packrat.adb
   [Ada]          langkit_support-cheap_sets.adb
   [Ada]          langkit_support-adalog.ads
   [Ada]          langkit_support-adalog-unify.adb
   [Ada]          langkit_support-bump_ptr-vectors.adb
   [Ada]          langkit_support-adalog-unify_one_side.adb
   [Ada]          langkit_support-array_utils.adb
   [Ada]          langkit_support-adalog-abstract_relation.adb
   [Ada]          langkit_support-token_data_handlers.adb
   [C]            gnatcoll-gmp-mpz_odd_p.c
/Users/runner/work/alire-crates-ci/alire-crates-ci/test/fd505e68-a469-4d18-9087-fbec201d4b32/lal_highlight_21.0.0_357f237b/alire/cache/dependencies/gnatcoll_gmp_21.0.0_0278508b/gmp/gnatcoll-gmp-mpz_odd_p.c:20:10: fatal error: gmp.h: No such file or directory
   20 | #include <gmp.h>
      |          ^~~~~~~
compilation terminated.

   compilation of gnatcoll-gmp-mpz_odd_p.c failed

gprbuild: *** compilation phase failed
stderr: Command ["gprbuild", "-s", "-j0", "-p", "-P", "/Users/runner/work/alire-crates-ci/alire-crates-ci/test/fd505e68-a469-4d18-9087-fbec201d4b32/lal_highlight_21.0.0_357f237b/highlight.gpr"] exited with code 4
ERROR: Command ["gprbuild", "-s", "-j0", "-p", "-P", "/Users/runner/work/alire-crates-ci/alire-crates-ci/test/fd505e68-a469-4d18-9087-fbec201d4b32/lal_highlight_21.0.0_357f237b/highlight.gpr"] exited with code 4
stderr: ALIRE.CHECKED_ERROR
stderr: Command ["gprbuild", "-s", "-j0", "-p", "-P", "/Users/runner/work/alire-crates-ci/alire-crates-ci/test/fd505e68-a469-4d18-9087-fbec201d4b32/lal_highlight_21.0.0_357f237b/highlight.gpr"] exited with code 4
stderr: raised ALIRE.CHECKED_ERROR : alire-stored-error:1
Load address: 0x1036cd000
Call stack traceback locations:
0x103fd512d 0x103caa867 0x103ebd0d9 0x103ebd861 0x103e1ddc7 0x103e1c29d 0x103e38b77 0x103e850a9 0x103e83b02 0x103e38cbc 0x103e1c64d 0x10372ff01 0x103740ab8 0x10374555c 0x1037cb59c 0x1037d68f8 0x1036d1b45 0x1036d4e54


Warning: lal_highlight=21.0.0 successfully retrieved but its build failed.
Dependencies were solved as follows:

   +i gnat            10.3.2 (new,installed,gnat_native,indirect)
   +  gnatcoll        21.0.0 (new,indirect)                      
   +  gnatcoll_gmp    21.0.0 (new,indirect)                      
   +  gnatcoll_iconv  21.0.0 (new)                               
   +  langkit_support 21.0.0 (new,indirect)                      
   +  libadalang      21.0.0 (new)                               
   +  libgmp          6.2.1  (new,indirect)                      
   +  libgpr          21.0.0 (new,indirect)                      
   +  xmlada          21.0.0 (new,indirect)                      
ERROR: Build ended with errors
