Test ran at 2022-05-27 03:04:47.535001+00:00

SOLUTION:
pico_bsp=1.5.0: Board support package for Raspberry Pi Pico
Origin: commit 22a7257552168a489f514bc4da65cbc641985b60 from https://github.com/JeremyGrosser/pico_bsp.git
Properties:
   Author: Jeremy Grosser
   Config set: rp2040_hal {Flash_Chip := w25qxx}
   Configuration: no modifiers
   Description: Board support package for Raspberry Pi Pico
   License: BSD-3-Clause
   Maintainer: Jeremy Grosser <jeremy@synack.me>
   Maintainers_Logins: JeremyGrosser
   Name: pico_bsp
   Tag: embedded
   Tag: nostd
   Tag: raspberrypi
   Tag: pico
   Tag: rp2040
   Tag: bsp
   Version: 1.5.0
   Website: https://pico-doc.synack.me/
Dependencies (direct):
   hal~0.1
   rp2040_hal^1.5
Dependencies (solution):
   atomic=0.4.1
   bbqueue=0.3.0
   cortex_m=0.3.0
   gnat=11.2.4 (gnat_arm_elf) (installed)
   gnat_arm_elf=11.2.4 (installed)
   hal=0.1.0
   rp2040_hal=1.5.0
   usb_embedded=0.2.0
Dependencies (graph):
   bbqueue=0.3.0      --> atomic=0.4.1 (~0.4)              
   bbqueue=0.3.0      --> gnat=11.2.4 (gnat_arm_elf) (>=10)
   cortex_m=0.3.0     --> hal=0.1.0 (^0.1.0)               
   pico_bsp=1.5.0     --> hal=0.1.0 (~0.1)                 
   pico_bsp=1.5.0     --> rp2040_hal=1.5.0 (^1.5)          
   rp2040_hal=1.5.0   --> cortex_m=0.3.0 (~0.3)            
   rp2040_hal=1.5.0   --> gnat_arm_elf=11.2.4 (^11.2)      
   rp2040_hal=1.5.0   --> hal=0.1.0 (~0.1)                 
   rp2040_hal=1.5.0   --> usb_embedded=0.2.0 (~0.2)        
   usb_embedded=0.2.0 --> bbqueue=0.3.0 (~0.3.0)           
   usb_embedded=0.2.0 --> hal=0.1.0 (~0.1.0)               


LOG:
Note: Deploying release pico_bsp=1.5.0...
Cloning into '/home/runner/work/alire-crates-ci/alire-crates-ci/test/67b1764e-be7f-4b3a-8b04-ec9d54083b36/alr-jutb.tmp'...
remote: Enumerating objects: 286, done.        
remote: Counting objects:   7% (1/14)        
remote: Counting objects:  14% (2/14)        
remote: Counting objects:  21% (3/14)        
remote: Counting objects:  28% (4/14)        
remote: Counting objects:  35% (5/14)        
remote: Counting objects:  42% (6/14)        
remote: Counting objects:  50% (7/14)        
remote: Counting objects:  57% (8/14)        
remote: Counting objects:  64% (9/14)        
remote: Counting objects:  71% (10/14)        
remote: Counting objects:  78% (11/14)        
remote: Counting objects:  85% (12/14)        
remote: Counting objects:  92% (13/14)        
remote: Counting objects: 100% (14/14)        
remote: Counting objects: 100% (14/14), done.        
remote: Compressing objects:   7% (1/13)        
remote: Compressing objects:  15% (2/13)        
remote: Compressing objects:  23% (3/13)        
remote: Compressing objects:  30% (4/13)        
remote: Compressing objects:  38% (5/13)        
remote: Compressing objects:  46% (6/13)        
remote: Compressing objects:  53% (7/13)        
remote: Compressing objects:  61% (8/13)        
remote: Compressing objects:  69% (9/13)        
remote: Compressing objects:  76% (10/13)        
remote: Compressing objects:  84% (11/13)        
remote: Compressing objects:  92% (12/13)        
remote: Compressing objects: 100% (13/13)        
remote: Compressing objects: 100% (13/13), done.        
Receiving objects:   0% (1/286)
Receiving objects:   1% (3/286)
Receiving objects:   2% (6/286)
Receiving objects:   3% (9/286)
Receiving objects:   4% (12/286)
Receiving objects:   5% (15/286)
Receiving objects:   6% (18/286)
Receiving objects:   7% (21/286)
Receiving objects:   8% (23/286)
Receiving objects:   9% (26/286)
Receiving objects:  10% (29/286)
Receiving objects:  11% (32/286)
Receiving objects:  12% (35/286)
Receiving objects:  13% (38/286)
Receiving objects:  14% (41/286)
Receiving objects:  15% (43/286)
Receiving objects:  16% (46/286)
Receiving objects:  17% (49/286)
Receiving objects:  18% (52/286)
Receiving objects:  19% (55/286)
Receiving objects:  20% (58/286)
Receiving objects:  21% (61/286)
Receiving objects:  22% (63/286)
Receiving objects:  23% (66/286)
Receiving objects:  24% (69/286)
Receiving objects:  25% (72/286)
Receiving objects:  26% (75/286)
Receiving objects:  27% (78/286)
Receiving objects:  28% (81/286)
Receiving objects:  29% (83/286)
Receiving objects:  30% (86/286)
Receiving objects:  31% (89/286)
Receiving objects:  32% (92/286)
Receiving objects:  33% (95/286)
Receiving objects:  34% (98/286)
Receiving objects:  35% (101/286)
Receiving objects:  36% (103/286)
Receiving objects:  37% (106/286)
Receiving objects:  38% (109/286)
Receiving objects:  39% (112/286)
Receiving objects:  40% (115/286)
remote: Total 286 (delta 5), reused 3 (delta 1), pack-reused 272        
Receiving objects:  41% (118/286)
Receiving objects:  42% (121/286)
Receiving objects:  43% (123/286)
Receiving objects:  44% (126/286)
Receiving objects:  45% (129/286)
Receiving objects:  46% (132/286)
Receiving objects:  47% (135/286)
Receiving objects:  48% (138/286)
Receiving objects:  49% (141/286)
Receiving objects:  50% (143/286)
Receiving objects:  51% (146/286)
Receiving objects:  52% (149/286)
Receiving objects:  53% (152/286)
Receiving objects:  54% (155/286)
Receiving objects:  55% (158/286)
Receiving objects:  56% (161/286)
Receiving objects:  57% (164/286)
Receiving objects:  58% (166/286)
Receiving objects:  59% (169/286)
Receiving objects:  60% (172/286)
Receiving objects:  61% (175/286)
Receiving objects:  62% (178/286)
Receiving objects:  63% (181/286)
Receiving objects:  64% (184/286)
Receiving objects:  65% (186/286)
Receiving objects:  66% (189/286)
Receiving objects:  67% (192/286)
Receiving objects:  68% (195/286)
Receiving objects:  69% (198/286)
Receiving objects:  70% (201/286)
Receiving objects:  71% (204/286)
Receiving objects:  72% (206/286)
Receiving objects:  73% (209/286)
Receiving objects:  74% (212/286)
Receiving objects:  75% (215/286)
Receiving objects:  76% (218/286)
Receiving objects:  77% (221/286)
Receiving objects:  78% (224/286)
Receiving objects:  79% (226/286)
Receiving objects:  80% (229/286)
Receiving objects:  81% (232/286)
Receiving objects:  82% (235/286)
Receiving objects:  83% (238/286)
Receiving objects:  84% (241/286)
Receiving objects:  85% (244/286)
Receiving objects:  86% (246/286)
Receiving objects:  87% (249/286)
Receiving objects:  88% (252/286)
Receiving objects:  89% (255/286)
Receiving objects:  90% (258/286)
Receiving objects:  91% (261/286)
Receiving objects:  92% (264/286)
Receiving objects:  93% (266/286)
Receiving objects:  94% (269/286)
Receiving objects:  95% (272/286)
Receiving objects:  96% (275/286)
Receiving objects:  97% (278/286)
Receiving objects:  98% (281/286)
Receiving objects:  99% (284/286)
Receiving objects: 100% (286/286)
Receiving objects: 100% (286/286), 47.52 KiB | 1.28 MiB/s, done.
Resolving deltas:   0% (0/164)
Resolving deltas:   1% (2/164)
Resolving deltas:   2% (4/164)
Resolving deltas:   3% (5/164)
Resolving deltas:   4% (7/164)
Resolving deltas:   5% (9/164)
Resolving deltas:   6% (10/164)
Resolving deltas:   7% (12/164)
Resolving deltas:   8% (14/164)
Resolving deltas:   9% (15/164)
Resolving deltas:  10% (17/164)
Resolving deltas:  11% (19/164)
Resolving deltas:  12% (20/164)
Resolving deltas:  13% (22/164)
Resolving deltas:  14% (23/164)
Resolving deltas:  15% (25/164)
Resolving deltas:  16% (27/164)
Resolving deltas:  17% (28/164)
Resolving deltas:  18% (30/164)
Resolving deltas:  19% (32/164)
Resolving deltas:  20% (33/164)
Resolving deltas:  21% (35/164)
Resolving deltas:  22% (37/164)
Resolving deltas:  23% (38/164)
Resolving deltas:  24% (40/164)
Resolving deltas:  25% (41/164)
Resolving deltas:  26% (43/164)
Resolving deltas:  27% (45/164)
Resolving deltas:  28% (46/164)
Resolving deltas:  29% (48/164)
Resolving deltas:  30% (50/164)
Resolving deltas:  31% (51/164)
Resolving deltas:  32% (53/164)
Resolving deltas:  33% (55/164)
Resolving deltas:  34% (56/164)
Resolving deltas:  35% (58/164)
Resolving deltas:  36% (60/164)
Resolving deltas:  37% (61/164)
Resolving deltas:  38% (63/164)
Resolving deltas:  39% (64/164)
Resolving deltas:  40% (66/164)
Resolving deltas:  41% (68/164)
Resolving deltas:  42% (69/164)
Resolving deltas:  43% (71/164)
Resolving deltas:  44% (73/164)
Resolving deltas:  45% (74/164)
Resolving deltas:  46% (76/164)
Resolving deltas:  47% (78/164)
Resolving deltas:  48% (79/164)
Resolving deltas:  49% (81/164)
Resolving deltas:  50% (82/164)
Resolving deltas:  51% (84/164)
Resolving deltas:  52% (86/164)
Resolving deltas:  53% (87/164)
Resolving deltas:  54% (89/164)
Resolving deltas:  55% (91/164)
Resolving deltas:  56% (92/164)
Resolving deltas:  57% (94/164)
Resolving deltas:  58% (96/164)
Resolving deltas:  59% (98/164)
Resolving deltas:  60% (99/164)
Resolving deltas:  61% (101/164)
Resolving deltas:  62% (102/164)
Resolving deltas:  63% (104/164)
Resolving deltas:  64% (105/164)
Resolving deltas:  65% (107/164)
Resolving deltas:  66% (109/164)
Resolving deltas:  67% (110/164)
Resolving deltas:  68% (112/164)
Resolving deltas:  69% (114/164)
Resolving deltas:  70% (115/164)
Resolving deltas:  71% (117/164)
Resolving deltas:  72% (119/164)
Resolving deltas:  73% (120/164)
Resolving deltas:  74% (122/164)
Resolving deltas:  75% (123/164)
Resolving deltas:  76% (125/164)
Resolving deltas:  77% (127/164)
Resolving deltas:  78% (128/164)
Resolving deltas:  79% (130/164)
Resolving deltas:  80% (132/164)
Resolving deltas:  81% (133/164)
Resolving deltas:  82% (135/164)
Resolving deltas:  83% (137/164)
Resolving deltas:  84% (138/164)
Resolving deltas:  85% (140/164)
Resolving deltas:  86% (142/164)
Resolving deltas:  87% (143/164)
Resolving deltas:  88% (145/164)
Resolving deltas:  89% (146/164)
Resolving deltas:  90% (148/164)
Resolving deltas:  91% (150/164)
Resolving deltas:  92% (151/164)
Resolving deltas:  93% (153/164)
Resolving deltas:  94% (155/164)
Resolving deltas:  95% (156/164)
Resolving deltas:  96% (158/164)
Resolving deltas:  97% (160/164)
Resolving deltas:  98% (161/164)
Resolving deltas:  99% (163/164)
Resolving deltas: 100% (164/164)
Resolving deltas: 100% (164/164), done.
Note: Deploying release atomic=0.4.1...
Cloning into '/home/runner/work/alire-crates-ci/alire-crates-ci/test/67b1764e-be7f-4b3a-8b04-ec9d54083b36/pico_bsp_1.5.0_22a72575/alire/cache/dependencies/alr-qhmg.tmp'...
remote: Enumerating objects: 139, done.        
remote: Counting objects:   0% (1/139)        
remote: Counting objects:   1% (2/139)        
remote: Counting objects:   2% (3/139)        
remote: Counting objects:   3% (5/139)        
remote: Counting objects:   4% (6/139)        
remote: Counting objects:   5% (7/139)        
remote: Counting objects:   6% (9/139)        
remote: Counting objects:   7% (10/139)        
remote: Counting objects:   8% (12/139)        
remote: Counting objects:   9% (13/139)        
remote: Counting objects:  10% (14/139)        
remote: Counting objects:  11% (16/139)        
remote: Counting objects:  12% (17/139)        
remote: Counting objects:  13% (19/139)        
remote: Counting objects:  14% (20/139)        
remote: Counting objects:  15% (21/139)        
remote: Counting objects:  16% (23/139)        
remote: Counting objects:  17% (24/139)        
remote: Counting objects:  18% (26/139)        
remote: Counting objects:  19% (27/139)        
remote: Counting objects:  20% (28/139)        
remote: Counting objects:  21% (30/139)        
remote: Counting objects:  22% (31/139)        
remote: Counting objects:  23% (32/139)        
remote: Counting objects:  24% (34/139)        
remote: Counting objects:  25% (35/139)        
remote: Counting objects:  26% (37/139)        
remote: Counting objects:  27% (38/139)        
remote: Counting objects:  28% (39/139)        
remote: Counting objects:  29% (41/139)        
remote: Counting objects:  30% (42/139)        
remote: Counting objects:  31% (44/139)        
remote: Counting objects:  32% (45/139)        
remote: Counting objects:  33% (46/139)        
remote: Counting objects:  34% (48/139)        
remote: Counting objects:  35% (49/139)        
remote: Counting objects:  36% (51/139)        
remote: Counting objects:  37% (52/139)        
remote: Counting objects:  38% (53/139)        
remote: Counting objects:  39% (55/139)        
remote: Counting objects:  40% (56/139)        
remote: Counting objects:  41% (57/139)        
remote: Counting objects:  42% (59/139)        
remote: Counting objects:  43% (60/139)        
remote: Counting objects:  44% (62/139)        
remote: Counting objects:  45% (63/139)        
remote: Counting objects:  46% (64/139)        
remote: Counting objects:  47% (66/139)        
remote: Counting objects:  48% (67/139)        
remote: Counting objects:  49% (69/139)        
remote: Counting objects:  50% (70/139)        
remote: Counting objects:  51% (71/139)        
remote: Counting objects:  52% (73/139)        
remote: Counting objects:  53% (74/139)        
remote: Counting objects:  54% (76/139)        
remote: Counting objects:  55% (77/139)        
remote: Counting objects:  56% (78/139)        
remote: Counting objects:  57% (80/139)        
remote: Counting objects:  58% (81/139)        
remote: Counting objects:  59% (83/139)        
remote: Counting objects:  60% (84/139)        
remote: Counting objects:  61% (85/139)        
remote: Counting objects:  62% (87/139)        
remote: Counting objects:  63% (88/139)        
remote: Counting objects:  64% (89/139)        
remote: Counting objects:  65% (91/139)        
remote: Counting objects:  66% (92/139)        
remote: Counting objects:  67% (94/139)        
remote: Counting objects:  68% (95/139)        
remote: Counting objects:  69% (96/139)        
remote: Counting objects:  70% (98/139)        
remote: Counting objects:  71% (99/139)        
remote: Counting objects:  72% (101/139)        
remote: Counting objects:  73% (102/139)        
remote: Counting objects:  74% (103/139)        
remote: Counting objects:  75% (105/139)        
remote: Counting objects:  76% (106/139)        
remote: Counting objects:  77% (108/139)        
remote: Counting objects:  78% (109/139)        
remote: Counting objects:  79% (110/139)        
remote: Counting objects:  80% (112/139)        
remote: Counting objects:  81% (113/139)        
remote: Counting objects:  82% (114/139)        
remote: Counting objects:  83% (116/139)        
remote: Counting objects:  84% (117/139)        
remote: Counting objects:  85% (119/139)        
remote: Counting objects:  86% (120/139)        
remote: Counting objects:  87% (121/139)        
remote: Counting objects:  88% (123/139)        
remote: Counting objects:  89% (124/139)        
remote: Counting objects:  90% (126/139)        
remote: Counting objects:  91% (127/139)        
remote: Counting objects:  92% (128/139)        
remote: Counting objects:  93% (130/139)        
remote: Counting objects:  94% (131/139)        
remote: Counting objects:  95% (133/139)        
remote: Counting objects:  96% (134/139)        
remote: Counting objects:  97% (135/139)        
remote: Counting objects:  98% (137/139)        
remote: Counting objects:  99% (138/139)        
remote: Counting objects: 100% (139/139)        
remote: Counting objects: 100% (139/139), done.        
remote: Compressing objects:   1% (1/72)        
remote: Compressing objects:   2% (2/72)        
remote: Compressing objects:   4% (3/72)        
remote: Compressing objects:   5% (4/72)        
remote: Compressing objects:   6% (5/72)        
remote: Compressing objects:   8% (6/72)        
remote: Compressing objects:   9% (7/72)        
remote: Compressing objects:  11% (8/72)        
remote: Compressing objects:  12% (9/72)        
remote: Compressing objects:  13% (10/72)        
remote: Compressing objects:  15% (11/72)        
remote: Compressing objects:  16% (12/72)        
remote: Compressing objects:  18% (13/72)        
remote: Compressing objects:  19% (14/72)        
remote: Compressing objects:  20% (15/72)        
remote: Compressing objects:  22% (16/72)        
remote: Compressing objects:  23% (17/72)        
remote: Compressing objects:  25% (18/72)        
remote: Compressing objects:  26% (19/72)        
remote: Compressing objects:  27% (20/72)        
remote: Compressing objects:  29% (21/72)        
remote: Compressing objects:  30% (22/72)        
remote: Compressing objects:  31% (23/72)        
remote: Compressing objects:  33% (24/72)        
remote: Compressing objects:  34% (25/72)        
remote: Compressing objects:  36% (26/72)        
remote: Compressing objects:  37% (27/72)        
remote: Compressing objects:  38% (28/72)        
remote: Compressing objects:  40% (29/72)        
remote: Compressing objects:  41% (30/72)        
remote: Compressing objects:  43% (31/72)        
remote: Compressing objects:  44% (32/72)        
remote: Compressing objects:  45% (33/72)        
remote: Compressing objects:  47% (34/72)        
remote: Compressing objects:  48% (35/72)        
remote: Compressing objects:  50% (36/72)        
remote: Compressing objects:  51% (37/72)        
remote: Compressing objects:  52% (38/72)        
remote: Compressing objects:  54% (39/72)        
remote: Compressing objects:  55% (40/72)        
remote: Compressing objects:  56% (41/72)        
remote: Compressing objects:  58% (42/72)        
remote: Compressing objects:  59% (43/72)        
remote: Compressing objects:  61% (44/72)        
remote: Compressing objects:  62% (45/72)        
remote: Compressing objects:  63% (46/72)        
remote: Compressing objects:  65% (47/72)        
remote: Compressing objects:  66% (48/72)        
remote: Compressing objects:  68% (49/72)        
remote: Compressing objects:  69% (50/72)        
remote: Compressing objects:  70% (51/72)        
remote: Compressing objects:  72% (52/72)        
remote: Compressing objects:  73% (53/72)        
remote: Compressing objects:  75% (54/72)        
remote: Compressing objects:  76% (55/72)        
remote: Compressing objects:  77% (56/72)        
remote: Compressing objects:  79% (57/72)        
remote: Compressing objects:  80% (58/72)        
remote: Compressing objects:  81% (59/72)        
remote: Compressing objects:  83% (60/72)        
remote: Compressing objects:  84% (61/72)        
remote: Compressing objects:  86% (62/72)        
remote: Compressing objects:  87% (63/72)        
remote: Compressing objects:  88% (64/72)        
remote: Compressing objects:  90% (65/72)        
remote: Compressing objects:  91% (66/72)        
remote: Compressing objects:  93% (67/72)        
remote: Compressing objects:  94% (68/72)        
remote: Compressing objects:  95% (69/72)        
remote: Compressing objects:  97% (70/72)        
remote: Compressing objects:  98% (71/72)        
remote: Compressing objects: 100% (72/72)        
remote: Compressing objects: 100% (72/72), done.        
Receiving objects:   0% (1/139)
Receiving objects:   1% (2/139)
Receiving objects:   2% (3/139)
Receiving objects:   3% (5/139)
Receiving objects:   4% (6/139)
Receiving objects:   5% (7/139)
Receiving objects:   6% (9/139)
Receiving objects:   7% (10/139)
Receiving objects:   8% (12/139)
Receiving objects:   9% (13/139)
Receiving objects:  10% (14/139)
Receiving objects:  11% (16/139)
Receiving objects:  12% (17/139)
Receiving objects:  13% (19/139)
Receiving objects:  14% (20/139)
Receiving objects:  15% (21/139)
Receiving objects:  16% (23/139)
Receiving objects:  17% (24/139)
Receiving objects:  18% (26/139)
Receiving objects:  19% (27/139)
Receiving objects:  20% (28/139)
Receiving objects:  21% (30/139)
Receiving objects:  22% (31/139)
Receiving objects:  23% (32/139)
Receiving objects:  24% (34/139)
Receiving objects:  25% (35/139)
Receiving objects:  26% (37/139)
Receiving objects:  27% (38/139)
Receiving objects:  28% (39/139)
Receiving objects:  29% (41/139)
Receiving objects:  30% (42/139)
Receiving objects:  31% (44/139)
Receiving objects:  32% (45/139)
Receiving objects:  33% (46/139)
Receiving objects:  34% (48/139)
Receiving objects:  35% (49/139)
Receiving objects:  36% (51/139)
Receiving objects:  37% (52/139)
Receiving objects:  38% (53/139)
Receiving objects:  39% (55/139)
Receiving objects:  40% (56/139)
Receiving objects:  41% (57/139)
Receiving objects:  42% (59/139)
Receiving objects:  43% (60/139)
Receiving objects:  44% (62/139)
Receiving objects:  45% (63/139)
Receiving objects:  46% (64/139)
Receiving objects:  47% (66/139)
Receiving objects:  48% (67/139)
Receiving objects:  49% (69/139)
Receiving objects:  50% (70/139)
Receiving objects:  51% (71/139)
Receiving objects:  52% (73/139)
Receiving objects:  53% (74/139)
Receiving objects:  54% (76/139)
Receiving objects:  55% (77/139)
Receiving objects:  56% (78/139)
Receiving objects:  57% (80/139)
Receiving objects:  58% (81/139)
Receiving objects:  59% (83/139)
Receiving objects:  60% (84/139)
Receiving objects:  61% (85/139)
Receiving objects:  62% (87/139)
Receiving objects:  63% (88/139)
Receiving objects:  64% (89/139)
Receiving objects:  65% (91/139)
Receiving objects:  66% (92/139)
Receiving objects:  67% (94/139)
Receiving objects:  68% (95/139)
Receiving objects:  69% (96/139)
Receiving objects:  70% (98/139)
Receiving objects:  71% (99/139)
Receiving objects:  72% (101/139)
Receiving objects:  73% (102/139)
Receiving objects:  74% (103/139)
remote: Total 139 (delta 68), reused 116 (delta 55), pack-reused 0        
Receiving objects:  75% (105/139)
Receiving objects:  76% (106/139)
Receiving objects:  77% (108/139)
Receiving objects:  78% (109/139)
Receiving objects:  79% (110/139)
Receiving objects:  80% (112/139)
Receiving objects:  81% (113/139)
Receiving objects:  82% (114/139)
Receiving objects:  83% (116/139)
Receiving objects:  84% (117/139)
Receiving objects:  85% (119/139)
Receiving objects:  86% (120/139)
Receiving objects:  87% (121/139)
Receiving objects:  88% (123/139)
Receiving objects:  89% (124/139)
Receiving objects:  90% (126/139)
Receiving objects:  91% (127/139)
Receiving objects:  92% (128/139)
Receiving objects:  93% (130/139)
Receiving objects:  94% (131/139)
Receiving objects:  95% (133/139)
Receiving objects:  96% (134/139)
Receiving objects:  97% (135/139)
Receiving objects:  98% (137/139)
Receiving objects:  99% (138/139)
Receiving objects: 100% (139/139)
Receiving objects: 100% (139/139), 30.39 KiB | 15.20 MiB/s, done.
Resolving deltas:   0% (0/68)
Resolving deltas:   1% (1/68)
Resolving deltas:   2% (2/68)
Resolving deltas:   4% (3/68)
Resolving deltas:   5% (4/68)
Resolving deltas:   7% (5/68)
Resolving deltas:   8% (6/68)
Resolving deltas:  10% (7/68)
Resolving deltas:  11% (8/68)
Resolving deltas:  13% (9/68)
Resolving deltas:  14% (10/68)
Resolving deltas:  16% (11/68)
Resolving deltas:  17% (12/68)
Resolving deltas:  19% (13/68)
Resolving deltas:  20% (14/68)
Resolving deltas:  22% (15/68)
Resolving deltas:  23% (16/68)
Resolving deltas:  25% (17/68)
Resolving deltas:  26% (18/68)
Resolving deltas:  27% (19/68)
Resolving deltas:  29% (20/68)
Resolving deltas:  30% (21/68)
Resolving deltas:  32% (22/68)
Resolving deltas:  33% (23/68)
Resolving deltas:  35% (24/68)
Resolving deltas:  36% (25/68)
Resolving deltas:  38% (26/68)
Resolving deltas:  39% (27/68)
Resolving deltas:  41% (28/68)
Resolving deltas:  42% (29/68)
Resolving deltas:  44% (30/68)
Resolving deltas:  45% (31/68)
Resolving deltas:  47% (32/68)
Resolving deltas:  48% (33/68)
Resolving deltas:  50% (34/68)
Resolving deltas:  51% (35/68)
Resolving deltas:  52% (36/68)
Resolving deltas:  54% (37/68)
Resolving deltas:  55% (38/68)
Resolving deltas:  57% (39/68)
Resolving deltas:  58% (40/68)
Resolving deltas:  60% (41/68)
Resolving deltas:  61% (42/68)
Resolving deltas:  63% (43/68)
Resolving deltas:  64% (44/68)
Resolving deltas:  66% (45/68)
Resolving deltas:  67% (46/68)
Resolving deltas:  69% (47/68)
Resolving deltas:  70% (48/68)
Resolving deltas:  72% (49/68)
Resolving deltas:  73% (50/68)
Resolving deltas:  75% (51/68)
Resolving deltas:  76% (52/68)
Resolving deltas:  77% (53/68)
Resolving deltas:  79% (54/68)
Resolving deltas:  80% (55/68)
Resolving deltas:  82% (56/68)
Resolving deltas:  83% (57/68)
Resolving deltas:  85% (58/68)
Resolving deltas:  86% (59/68)
Resolving deltas:  88% (60/68)
Resolving deltas:  89% (61/68)
Resolving deltas:  91% (62/68)
Resolving deltas:  92% (63/68)
Resolving deltas:  94% (64/68)
Resolving deltas:  95% (65/68)
Resolving deltas:  97% (66/68)
Resolving deltas:  98% (67/68)
Resolving deltas: 100% (68/68)
Resolving deltas: 100% (68/68), done.
Note: Deploying release hal=0.1.0...
#=#=#                                                                         

########################                                                  34.2%
######################################################################## 100.0%
Note: Deploying release bbqueue=0.3.0...
Cloning into '/home/runner/work/alire-crates-ci/alire-crates-ci/test/67b1764e-be7f-4b3a-8b04-ec9d54083b36/pico_bsp_1.5.0_22a72575/alire/cache/dependencies/alr-ykgu.tmp'...
remote: Enumerating objects: 262, done.        
remote: Counting objects:   6% (1/15)        
remote: Counting objects:  13% (2/15)        
remote: Counting objects:  20% (3/15)        
remote: Counting objects:  26% (4/15)        
remote: Counting objects:  33% (5/15)        
remote: Counting objects:  40% (6/15)        
remote: Counting objects:  46% (7/15)        
remote: Counting objects:  53% (8/15)        
remote: Counting objects:  60% (9/15)        
remote: Counting objects:  66% (10/15)        
remote: Counting objects:  73% (11/15)        
remote: Counting objects:  80% (12/15)        
remote: Counting objects:  86% (13/15)        
remote: Counting objects:  93% (14/15)        
remote: Counting objects: 100% (15/15)        
remote: Counting objects: 100% (15/15), done.        
remote: Compressing objects:  16% (1/6)        
remote: Compressing objects:  33% (2/6)        
remote: Compressing objects:  50% (3/6)        
remote: Compressing objects:  66% (4/6)        
remote: Compressing objects:  83% (5/6)        
remote: Compressing objects: 100% (6/6)        
remote: Compressing objects: 100% (6/6), done.        
Receiving objects:   0% (1/262)
Receiving objects:   1% (3/262)
Receiving objects:   2% (6/262)
Receiving objects:   3% (8/262)
Receiving objects:   4% (11/262)
Receiving objects:   5% (14/262)
Receiving objects:   6% (16/262)
Receiving objects:   7% (19/262)
Receiving objects:   8% (21/262)
Receiving objects:   9% (24/262)
Receiving objects:  10% (27/262)
Receiving objects:  11% (29/262)
Receiving objects:  12% (32/262)
Receiving objects:  13% (35/262)
Receiving objects:  14% (37/262)
Receiving objects:  15% (40/262)
Receiving objects:  16% (42/262)
Receiving objects:  17% (45/262)
Receiving objects:  18% (48/262)
Receiving objects:  19% (50/262)
Receiving objects:  20% (53/262)
Receiving objects:  21% (56/262)
Receiving objects:  22% (58/262)
Receiving objects:  23% (61/262)
Receiving objects:  24% (63/262)
Receiving objects:  25% (66/262)
Receiving objects:  26% (69/262)
Receiving objects:  27% (71/262)
Receiving objects:  28% (74/262)
Receiving objects:  29% (76/262)
Receiving objects:  30% (79/262)
Receiving objects:  31% (82/262)
Receiving objects:  32% (84/262)
Receiving objects:  33% (87/262)
Receiving objects:  34% (90/262)
Receiving objects:  35% (92/262)
Receiving objects:  36% (95/262)
Receiving objects:  37% (97/262)
Receiving objects:  38% (100/262)
Receiving objects:  39% (103/262)
Receiving objects:  40% (105/262)
Receiving objects:  41% (108/262)
Receiving objects:  42% (111/262)
Receiving objects:  43% (113/262)
Receiving objects:  44% (116/262)
Receiving objects:  45% (118/262)
Receiving objects:  46% (121/262)
Receiving objects:  47% (124/262)
Receiving objects:  48% (126/262)
Receiving objects:  49% (129/262)
Receiving objects:  50% (131/262)
Receiving objects:  51% (134/262)
Receiving objects:  52% (137/262)
Receiving objects:  53% (139/262)
Receiving objects:  54% (142/262)
Receiving objects:  55% (145/262)
Receiving objects:  56% (147/262)
Receiving objects:  57% (150/262)
Receiving objects:  58% (152/262)
Receiving objects:  59% (155/262)
Receiving objects:  60% (158/262)
Receiving objects:  61% (160/262)
Receiving objects:  62% (163/262)
Receiving objects:  63% (166/262)
Receiving objects:  64% (168/262)
Receiving objects:  65% (171/262)
Receiving objects:  66% (173/262)
Receiving objects:  67% (176/262)
Receiving objects:  68% (179/262)
Receiving objects:  69% (181/262)
Receiving objects:  70% (184/262)
Receiving objects:  71% (187/262)
remote: Total 262 (delta 9), reused 9 (delta 9), pack-reused 247        
Receiving objects:  72% (189/262)
Receiving objects:  73% (192/262)
Receiving objects:  74% (194/262)
Receiving objects:  75% (197/262)
Receiving objects:  76% (200/262)
Receiving objects:  77% (202/262)
Receiving objects:  78% (205/262)
Receiving objects:  79% (207/262)
Receiving objects:  80% (210/262)
Receiving objects:  81% (213/262)
Receiving objects:  82% (215/262)
Receiving objects:  83% (218/262)
Receiving objects:  84% (221/262)
Receiving objects:  85% (223/262)
Receiving objects:  86% (226/262)
Receiving objects:  87% (228/262)
Receiving objects:  88% (231/262)
Receiving objects:  89% (234/262)
Receiving objects:  90% (236/262)
Receiving objects:  91% (239/262)
Receiving objects:  92% (242/262)
Receiving objects:  93% (244/262)
Receiving objects:  94% (247/262)
Receiving objects:  95% (249/262)
Receiving objects:  96% (252/262)
Receiving objects:  97% (255/262)
Receiving objects:  98% (257/262)
Receiving objects:  99% (260/262)
Receiving objects: 100% (262/262)
Receiving objects: 100% (262/262), 64.31 KiB | 1.61 MiB/s, done.
Resolving deltas:   0% (0/155)
Resolving deltas:   1% (2/155)
Resolving deltas:   2% (4/155)
Resolving deltas:   3% (5/155)
Resolving deltas:   4% (7/155)
Resolving deltas:   5% (8/155)
Resolving deltas:   6% (10/155)
Resolving deltas:   7% (11/155)
Resolving deltas:   8% (13/155)
Resolving deltas:   9% (14/155)
Resolving deltas:  10% (16/155)
Resolving deltas:  11% (18/155)
Resolving deltas:  12% (19/155)
Resolving deltas:  13% (21/155)
Resolving deltas:  14% (22/155)
Resolving deltas:  15% (24/155)
Resolving deltas:  16% (25/155)
Resolving deltas:  17% (27/155)
Resolving deltas:  18% (28/155)
Resolving deltas:  19% (30/155)
Resolving deltas:  20% (31/155)
Resolving deltas:  21% (33/155)
Resolving deltas:  22% (35/155)
Resolving deltas:  23% (36/155)
Resolving deltas:  24% (38/155)
Resolving deltas:  25% (39/155)
Resolving deltas:  26% (41/155)
Resolving deltas:  27% (42/155)
Resolving deltas:  28% (44/155)
Resolving deltas:  29% (45/155)
Resolving deltas:  30% (47/155)
Resolving deltas:  31% (49/155)
Resolving deltas:  32% (50/155)
Resolving deltas:  33% (52/155)
Resolving deltas:  34% (53/155)
Resolving deltas:  35% (55/155)
Resolving deltas:  36% (56/155)
Resolving deltas:  37% (58/155)
Resolving deltas:  38% (59/155)
Resolving deltas:  39% (61/155)
Resolving deltas:  40% (62/155)
Resolving deltas:  41% (64/155)
Resolving deltas:  42% (66/155)
Resolving deltas:  43% (67/155)
Resolving deltas:  44% (69/155)
Resolving deltas:  45% (70/155)
Resolving deltas:  46% (72/155)
Resolving deltas:  47% (73/155)
Resolving deltas:  48% (75/155)
Resolving deltas:  49% (76/155)
Resolving deltas:  50% (78/155)
Resolving deltas:  51% (80/155)
Resolving deltas:  52% (81/155)
Resolving deltas:  53% (83/155)
Resolving deltas:  54% (84/155)
Resolving deltas:  55% (86/155)
Resolving deltas:  56% (87/155)
Resolving deltas:  57% (89/155)
Resolving deltas:  58% (90/155)
Resolving deltas:  59% (92/155)
Resolving deltas:  60% (93/155)
Resolving deltas:  61% (95/155)
Resolving deltas:  62% (97/155)
Resolving deltas:  63% (98/155)
Resolving deltas:  64% (100/155)
Resolving deltas:  65% (101/155)
Resolving deltas:  66% (103/155)
Resolving deltas:  67% (104/155)
Resolving deltas:  68% (106/155)
Resolving deltas:  69% (107/155)
Resolving deltas:  70% (109/155)
Resolving deltas:  71% (111/155)
Resolving deltas:  72% (112/155)
Resolving deltas:  73% (114/155)
Resolving deltas:  74% (115/155)
Resolving deltas:  75% (117/155)
Resolving deltas:  76% (118/155)
Resolving deltas:  77% (120/155)
Resolving deltas:  78% (121/155)
Resolving deltas:  79% (123/155)
Resolving deltas:  80% (124/155)
Resolving deltas:  81% (126/155)
Resolving deltas:  82% (128/155)
Resolving deltas:  83% (129/155)
Resolving deltas:  84% (131/155)
Resolving deltas:  85% (132/155)
Resolving deltas:  86% (134/155)
Resolving deltas:  87% (135/155)
Resolving deltas:  88% (137/155)
Resolving deltas:  89% (138/155)
Resolving deltas:  90% (140/155)
Resolving deltas:  91% (142/155)
Resolving deltas:  92% (143/155)
Resolving deltas:  93% (145/155)
Resolving deltas:  94% (146/155)
Resolving deltas:  95% (148/155)
Resolving deltas:  96% (149/155)
Resolving deltas:  97% (151/155)
Resolving deltas:  98% (152/155)
Resolving deltas:  99% (154/155)
Resolving deltas: 100% (155/155)
Resolving deltas: 100% (155/155), done.
Note: Deploying release cortex_m=0.3.0...
Cloning into '/home/runner/work/alire-crates-ci/alire-crates-ci/test/67b1764e-be7f-4b3a-8b04-ec9d54083b36/pico_bsp_1.5.0_22a72575/alire/cache/dependencies/alr-kfqj.tmp'...
remote: Enumerating objects: 135, done.        
remote: Counting objects:   0% (1/135)        
remote: Counting objects:   1% (2/135)        
remote: Counting objects:   2% (3/135)        
remote: Counting objects:   3% (5/135)        
remote: Counting objects:   4% (6/135)        
remote: Counting objects:   5% (7/135)        
remote: Counting objects:   6% (9/135)        
remote: Counting objects:   7% (10/135)        
remote: Counting objects:   8% (11/135)        
remote: Counting objects:   9% (13/135)        
remote: Counting objects:  10% (14/135)        
remote: Counting objects:  11% (15/135)        
remote: Counting objects:  12% (17/135)        
remote: Counting objects:  13% (18/135)        
remote: Counting objects:  14% (19/135)        
remote: Counting objects:  15% (21/135)        
remote: Counting objects:  16% (22/135)        
remote: Counting objects:  17% (23/135)        
remote: Counting objects:  18% (25/135)        
remote: Counting objects:  19% (26/135)        
remote: Counting objects:  20% (27/135)        
remote: Counting objects:  21% (29/135)        
remote: Counting objects:  22% (30/135)        
remote: Counting objects:  23% (32/135)        
remote: Counting objects:  24% (33/135)        
remote: Counting objects:  25% (34/135)        
remote: Counting objects:  26% (36/135)        
remote: Counting objects:  27% (37/135)        
remote: Counting objects:  28% (38/135)        
remote: Counting objects:  29% (40/135)        
remote: Counting objects:  30% (41/135)        
remote: Counting objects:  31% (42/135)        
remote: Counting objects:  32% (44/135)        
remote: Counting objects:  33% (45/135)        
remote: Counting objects:  34% (46/135)        
remote: Counting objects:  35% (48/135)        
remote: Counting objects:  36% (49/135)        
remote: Counting objects:  37% (50/135)        
remote: Counting objects:  38% (52/135)        
remote: Counting objects:  39% (53/135)        
remote: Counting objects:  40% (54/135)        
remote: Counting objects:  41% (56/135)        
remote: Counting objects:  42% (57/135)        
remote: Counting objects:  43% (59/135)        
remote: Counting objects:  44% (60/135)        
remote: Counting objects:  45% (61/135)        
remote: Counting objects:  46% (63/135)        
remote: Counting objects:  47% (64/135)        
remote: Counting objects:  48% (65/135)        
remote: Counting objects:  49% (67/135)        
remote: Counting objects:  50% (68/135)        
remote: Counting objects:  51% (69/135)        
remote: Counting objects:  52% (71/135)        
remote: Counting objects:  53% (72/135)        
remote: Counting objects:  54% (73/135)        
remote: Counting objects:  55% (75/135)        
remote: Counting objects:  56% (76/135)        
remote: Counting objects:  57% (77/135)        
remote: Counting objects:  58% (79/135)        
remote: Counting objects:  59% (80/135)        
remote: Counting objects:  60% (81/135)        
remote: Counting objects:  61% (83/135)        
remote: Counting objects:  62% (84/135)        
remote: Counting objects:  63% (86/135)        
remote: Counting objects:  64% (87/135)        
remote: Counting objects:  65% (88/135)        
remote: Counting objects:  66% (90/135)        
remote: Counting objects:  67% (91/135)        
remote: Counting objects:  68% (92/135)        
remote: Counting objects:  69% (94/135)        
remote: Counting objects:  70% (95/135)        
remote: Counting objects:  71% (96/135)        
remote: Counting objects:  72% (98/135)        
remote: Counting objects:  73% (99/135)        
remote: Counting objects:  74% (100/135)        
remote: Counting objects:  75% (102/135)        
remote: Counting objects:  76% (103/135)        
remote: Counting objects:  77% (104/135)        
remote: Counting objects:  78% (106/135)        
remote: Counting objects:  79% (107/135)        
remote: Counting objects:  80% (108/135)        
remote: Counting objects:  81% (110/135)        
remote: Counting objects:  82% (111/135)        
remote: Counting objects:  83% (113/135)        
remote: Counting objects:  84% (114/135)        
remote: Counting objects:  85% (115/135)        
remote: Counting objects:  86% (117/135)        
remote: Counting objects:  87% (118/135)        
remote: Counting objects:  88% (119/135)        
remote: Counting objects:  89% (121/135)        
remote: Counting objects:  90% (122/135)        
remote: Counting objects:  91% (123/135)        
remote: Counting objects:  92% (125/135)        
remote: Counting objects:  93% (126/135)        
remote: Counting objects:  94% (127/135)        
remote: Counting objects:  95% (129/135)        
remote: Counting objects:  96% (130/135)        
remote: Counting objects:  97% (131/135)        
remote: Counting objects:  98% (133/135)        
remote: Counting objects:  99% (134/135)        
remote: Counting objects: 100% (135/135)        
remote: Counting objects: 100% (135/135), done.        
remote: Compressing objects:   1% (1/68)        
remote: Compressing objects:   2% (2/68)        
remote: Compressing objects:   4% (3/68)        
remote: Compressing objects:   5% (4/68)        
remote: Compressing objects:   7% (5/68)        
remote: Compressing objects:   8% (6/68)        
remote: Compressing objects:  10% (7/68)        
remote: Compressing objects:  11% (8/68)        
remote: Compressing objects:  13% (9/68)        
remote: Compressing objects:  14% (10/68)        
remote: Compressing objects:  16% (11/68)        
remote: Compressing objects:  17% (12/68)        
remote: Compressing objects:  19% (13/68)        
remote: Compressing objects:  20% (14/68)        
remote: Compressing objects:  22% (15/68)        
remote: Compressing objects:  23% (16/68)        
remote: Compressing objects:  25% (17/68)        
remote: Compressing objects:  26% (18/68)        
remote: Compressing objects:  27% (19/68)        
remote: Compressing objects:  29% (20/68)        
remote: Compressing objects:  30% (21/68)        
remote: Compressing objects:  32% (22/68)        
remote: Compressing objects:  33% (23/68)        
remote: Compressing objects:  35% (24/68)        
remote: Compressing objects:  36% (25/68)        
remote: Compressing objects:  38% (26/68)        
remote: Compressing objects:  39% (27/68)        
remote: Compressing objects:  41% (28/68)        
remote: Compressing objects:  42% (29/68)        
remote: Compressing objects:  44% (30/68)        
remote: Compressing objects:  45% (31/68)        
remote: Compressing objects:  47% (32/68)        
remote: Compressing objects:  48% (33/68)        
remote: Compressing objects:  50% (34/68)        
remote: Compressing objects:  51% (35/68)        
remote: Compressing objects:  52% (36/68)        
remote: Compressing objects:  54% (37/68)        
remote: Compressing objects:  55% (38/68)        
remote: Compressing objects:  57% (39/68)        
remote: Compressing objects:  58% (40/68)        
remote: Compressing objects:  60% (41/68)        
remote: Compressing objects:  61% (42/68)        
remote: Compressing objects:  63% (43/68)        
remote: Compressing objects:  64% (44/68)        
remote: Compressing objects:  66% (45/68)        
remote: Compressing objects:  67% (46/68)        
remote: Compressing objects:  69% (47/68)        
remote: Compressing objects:  70% (48/68)        
remote: Compressing objects:  72% (49/68)        
remote: Compressing objects:  73% (50/68)        
remote: Compressing objects:  75% (51/68)        
remote: Compressing objects:  76% (52/68)        
remote: Compressing objects:  77% (53/68)        
remote: Compressing objects:  79% (54/68)        
remote: Compressing objects:  80% (55/68)        
remote: Compressing objects:  82% (56/68)        
remote: Compressing objects:  83% (57/68)        
remote: Compressing objects:  85% (58/68)        
remote: Compressing objects:  86% (59/68)        
remote: Compressing objects:  88% (60/68)        
remote: Compressing objects:  89% (61/68)        
remote: Compressing objects:  91% (62/68)        
remote: Compressing objects:  92% (63/68)        
remote: Compressing objects:  94% (64/68)        
remote: Compressing objects:  95% (65/68)        
remote: Compressing objects:  97% (66/68)        
remote: Compressing objects:  98% (67/68)        
remote: Compressing objects: 100% (68/68)        
remote: Compressing objects: 100% (68/68), done.        
Receiving objects:   0% (1/135)
Receiving objects:   1% (2/135)
Receiving objects:   2% (3/135)
Receiving objects:   3% (5/135)
Receiving objects:   4% (6/135)
Receiving objects:   5% (7/135)
Receiving objects:   6% (9/135)
Receiving objects:   7% (10/135)
Receiving objects:   8% (11/135)
Receiving objects:   9% (13/135)
Receiving objects:  10% (14/135)
Receiving objects:  11% (15/135)
Receiving objects:  12% (17/135)
Receiving objects:  13% (18/135)
Receiving objects:  14% (19/135)
Receiving objects:  15% (21/135)
Receiving objects:  16% (22/135)
Receiving objects:  17% (23/135)
Receiving objects:  18% (25/135)
Receiving objects:  19% (26/135)
Receiving objects:  20% (27/135)
Receiving objects:  21% (29/135)
Receiving objects:  22% (30/135)
Receiving objects:  23% (32/135)
Receiving objects:  24% (33/135)
Receiving objects:  25% (34/135)
Receiving objects:  26% (36/135)
Receiving objects:  27% (37/135)
Receiving objects:  28% (38/135)
Receiving objects:  29% (40/135)
Receiving objects:  30% (41/135)
Receiving objects:  31% (42/135)
Receiving objects:  32% (44/135)
Receiving objects:  33% (45/135)
Receiving objects:  34% (46/135)
Receiving objects:  35% (48/135)
Receiving objects:  36% (49/135)
Receiving objects:  37% (50/135)
Receiving objects:  38% (52/135)
Receiving objects:  39% (53/135)
Receiving objects:  40% (54/135)
Receiving objects:  41% (56/135)
Receiving objects:  42% (57/135)
Receiving objects:  43% (59/135)
Receiving objects:  44% (60/135)
Receiving objects:  45% (61/135)
Receiving objects:  46% (63/135)
Receiving objects:  47% (64/135)
Receiving objects:  48% (65/135)
Receiving objects:  49% (67/135)
Receiving objects:  50% (68/135)
Receiving objects:  51% (69/135)
Receiving objects:  52% (71/135)
Receiving objects:  53% (72/135)
Receiving objects:  54% (73/135)
Receiving objects:  55% (75/135)
Receiving objects:  56% (76/135)
Receiving objects:  57% (77/135)
Receiving objects:  58% (79/135)
Receiving objects:  59% (80/135)
Receiving objects:  60% (81/135)
Receiving objects:  61% (83/135)
Receiving objects:  62% (84/135)
Receiving objects:  63% (86/135)
Receiving objects:  64% (87/135)
Receiving objects:  65% (88/135)
Receiving objects:  66% (90/135)
Receiving objects:  67% (91/135)
Receiving objects:  68% (92/135)
Receiving objects:  69% (94/135)
Receiving objects:  70% (95/135)
Receiving objects:  71% (96/135)
Receiving objects:  72% (98/135)
Receiving objects:  73% (99/135)
Receiving objects:  74% (100/135)
Receiving objects:  75% (102/135)
Receiving objects:  76% (103/135)
Receiving objects:  77% (104/135)
Receiving objects:  78% (106/135)
Receiving objects:  79% (107/135)
Receiving objects:  80% (108/135)
Receiving objects:  81% (110/135)
Receiving objects:  82% (111/135)
Receiving objects:  83% (113/135)
Receiving objects:  84% (114/135)
Receiving objects:  85% (115/135)
remote: Total 135 (delta 85), reused 106 (delta 65), pack-reused 0        
Receiving objects:  86% (117/135)
Receiving objects:  87% (118/135)
Receiving objects:  88% (119/135)
Receiving objects:  89% (121/135)
Receiving objects:  90% (122/135)
Receiving objects:  91% (123/135)
Receiving objects:  92% (125/135)
Receiving objects:  93% (126/135)
Receiving objects:  94% (127/135)
Receiving objects:  95% (129/135)
Receiving objects:  96% (130/135)
Receiving objects:  97% (131/135)
Receiving objects:  98% (133/135)
Receiving objects:  99% (134/135)
Receiving objects: 100% (135/135)
Receiving objects: 100% (135/135), 56.47 KiB | 1.66 MiB/s, done.
Resolving deltas:   0% (0/85)
Resolving deltas:   1% (1/85)
Resolving deltas:   2% (2/85)
Resolving deltas:   3% (3/85)
Resolving deltas:   4% (4/85)
Resolving deltas:   5% (5/85)
Resolving deltas:   7% (6/85)
Resolving deltas:   8% (7/85)
Resolving deltas:   9% (8/85)
Resolving deltas:  10% (9/85)
Resolving deltas:  11% (10/85)
Resolving deltas:  12% (11/85)
Resolving deltas:  14% (12/85)
Resolving deltas:  15% (13/85)
Resolving deltas:  16% (14/85)
Resolving deltas:  17% (15/85)
Resolving deltas:  18% (16/85)
Resolving deltas:  20% (17/85)
Resolving deltas:  21% (18/85)
Resolving deltas:  22% (19/85)
Resolving deltas:  23% (20/85)
Resolving deltas:  24% (21/85)
Resolving deltas:  25% (22/85)
Resolving deltas:  27% (23/85)
Resolving deltas:  28% (24/85)
Resolving deltas:  29% (25/85)
Resolving deltas:  30% (26/85)
Resolving deltas:  31% (27/85)
Resolving deltas:  32% (28/85)
Resolving deltas:  34% (29/85)
Resolving deltas:  35% (30/85)
Resolving deltas:  36% (31/85)
Resolving deltas:  37% (32/85)
Resolving deltas:  38% (33/85)
Resolving deltas:  40% (34/85)
Resolving deltas:  41% (35/85)
Resolving deltas:  42% (36/85)
Resolving deltas:  43% (37/85)
Resolving deltas:  44% (38/85)
Resolving deltas:  45% (39/85)
Resolving deltas:  47% (40/85)
Resolving deltas:  48% (41/85)
Resolving deltas:  49% (42/85)
Resolving deltas:  50% (43/85)
Resolving deltas:  51% (44/85)
Resolving deltas:  52% (45/85)
Resolving deltas:  54% (46/85)
Resolving deltas:  55% (47/85)
Resolving deltas:  56% (48/85)
Resolving deltas:  57% (49/85)
Resolving deltas:  58% (50/85)
Resolving deltas:  60% (51/85)
Resolving deltas:  61% (52/85)
Resolving deltas:  62% (53/85)
Resolving deltas:  63% (54/85)
Resolving deltas:  64% (55/85)
Resolving deltas:  65% (56/85)
Resolving deltas:  67% (57/85)
Resolving deltas:  68% (58/85)
Resolving deltas:  69% (59/85)
Resolving deltas:  70% (60/85)
Resolving deltas:  71% (61/85)
Resolving deltas:  72% (62/85)
Resolving deltas:  74% (63/85)
Resolving deltas:  75% (64/85)
Resolving deltas:  76% (65/85)
Resolving deltas:  77% (66/85)
Resolving deltas:  78% (67/85)
Resolving deltas:  80% (68/85)
Resolving deltas:  81% (69/85)
Resolving deltas:  82% (70/85)
Resolving deltas:  83% (71/85)
Resolving deltas:  84% (72/85)
Resolving deltas:  85% (73/85)
Resolving deltas:  87% (74/85)
Resolving deltas:  88% (75/85)
Resolving deltas:  89% (76/85)
Resolving deltas:  90% (77/85)
Resolving deltas:  91% (78/85)
Resolving deltas:  92% (79/85)
Resolving deltas:  94% (80/85)
Resolving deltas:  95% (81/85)
Resolving deltas:  96% (82/85)
Resolving deltas:  97% (83/85)
Resolving deltas:  98% (84/85)
Resolving deltas: 100% (85/85)
Resolving deltas: 100% (85/85), done.
Note: Deploying release usb_embedded=0.2.0...
Cloning into '/home/runner/work/alire-crates-ci/alire-crates-ci/test/67b1764e-be7f-4b3a-8b04-ec9d54083b36/pico_bsp_1.5.0_22a72575/alire/cache/dependencies/alr-pmks.tmp'...
remote: Enumerating objects: 427, done.        
remote: Counting objects:   0% (1/427)        
remote: Counting objects:   1% (5/427)        
remote: Counting objects:   2% (9/427)        
remote: Counting objects:   3% (13/427)        
remote: Counting objects:   4% (18/427)        
remote: Counting objects:   5% (22/427)        
remote: Counting objects:   6% (26/427)        
remote: Counting objects:   7% (30/427)        
remote: Counting objects:   8% (35/427)        
remote: Counting objects:   9% (39/427)        
remote: Counting objects:  10% (43/427)        
remote: Counting objects:  11% (47/427)        
remote: Counting objects:  12% (52/427)        
remote: Counting objects:  13% (56/427)        
remote: Counting objects:  14% (60/427)        
remote: Counting objects:  15% (65/427)        
remote: Counting objects:  16% (69/427)        
remote: Counting objects:  17% (73/427)        
remote: Counting objects:  18% (77/427)        
remote: Counting objects:  19% (82/427)        
remote: Counting objects:  20% (86/427)        
remote: Counting objects:  21% (90/427)        
remote: Counting objects:  22% (94/427)        
remote: Counting objects:  23% (99/427)        
remote: Counting objects:  24% (103/427)        
remote: Counting objects:  25% (107/427)        
remote: Counting objects:  26% (112/427)        
remote: Counting objects:  27% (116/427)        
remote: Counting objects:  28% (120/427)        
remote: Counting objects:  29% (124/427)        
remote: Counting objects:  30% (129/427)        
remote: Counting objects:  31% (133/427)        
remote: Counting objects:  32% (137/427)        
remote: Counting objects:  33% (141/427)        
remote: Counting objects:  34% (146/427)        
remote: Counting objects:  35% (150/427)        
remote: Counting objects:  36% (154/427)        
remote: Counting objects:  37% (158/427)        
remote: Counting objects:  38% (163/427)        
remote: Counting objects:  39% (167/427)        
remote: Counting objects:  40% (171/427)        
remote: Counting objects:  41% (176/427)        
remote: Counting objects:  42% (180/427)        
remote: Counting objects:  43% (184/427)        
remote: Counting objects:  44% (188/427)        
remote: Counting objects:  45% (193/427)        
remote: Counting objects:  46% (197/427)        
remote: Counting objects:  47% (201/427)        
remote: Counting objects:  48% (205/427)        
remote: Counting objects:  49% (210/427)        
remote: Counting objects:  50% (214/427)        
remote: Counting objects:  51% (218/427)        
remote: Counting objects:  52% (223/427)        
remote: Counting objects:  53% (227/427)        
remote: Counting objects:  54% (231/427)        
remote: Counting objects:  55% (235/427)        
remote: Counting objects:  56% (240/427)        
remote: Counting objects:  57% (244/427)        
remote: Counting objects:  58% (248/427)        
remote: Counting objects:  59% (252/427)        
remote: Counting objects:  60% (257/427)        
remote: Counting objects:  61% (261/427)        
remote: Counting objects:  62% (265/427)        
remote: Counting objects:  63% (270/427)        
remote: Counting objects:  64% (274/427)        
remote: Counting objects:  65% (278/427)        
remote: Counting objects:  66% (282/427)        
remote: Counting objects:  67% (287/427)        
remote: Counting objects:  68% (291/427)        
remote: Counting objects:  69% (295/427)        
remote: Counting objects:  70% (299/427)        
remote: Counting objects:  71% (304/427)        
remote: Counting objects:  72% (308/427)        
remote: Counting objects:  73% (312/427)        
remote: Counting objects:  74% (316/427)        
remote: Counting objects:  75% (321/427)        
remote: Counting objects:  76% (325/427)        
remote: Counting objects:  77% (329/427)        
remote: Counting objects:  78% (334/427)        
remote: Counting objects:  79% (338/427)        
remote: Counting objects:  80% (342/427)        
remote: Counting objects:  81% (346/427)        
remote: Counting objects:  82% (351/427)        
remote: Counting objects:  83% (355/427)        
remote: Counting objects:  84% (359/427)        
remote: Counting objects:  85% (363/427)        
remote: Counting objects:  86% (368/427)        
remote: Counting objects:  87% (372/427)        
remote: Counting objects:  88% (376/427)        
remote: Counting objects:  89% (381/427)        
remote: Counting objects:  90% (385/427)        
remote: Counting objects:  91% (389/427)        
remote: Counting objects:  92% (393/427)        
remote: Counting objects:  93% (398/427)        
remote: Counting objects:  94% (402/427)        
remote: Counting objects:  95% (406/427)        
remote: Counting objects:  96% (410/427)        
remote: Counting objects:  97% (415/427)        
remote: Counting objects:  98% (419/427)        
remote: Counting objects:  99% (423/427)        
remote: Counting objects: 100% (427/427)        
remote: Counting objects: 100% (427/427), done.        
remote: Compressing objects:   0% (1/220)        
remote: Compressing objects:   1% (3/220)        
remote: Compressing objects:   2% (5/220)        
remote: Compressing objects:   3% (7/220)        
remote: Compressing objects:   4% (9/220)        
remote: Compressing objects:   5% (11/220)        
remote: Compressing objects:   6% (14/220)        
remote: Compressing objects:   7% (16/220)        
remote: Compressing objects:   8% (18/220)        
remote: Compressing objects:   9% (20/220)        
remote: Compressing objects:  10% (22/220)        
remote: Compressing objects:  11% (25/220)        
remote: Compressing objects:  12% (27/220)        
remote: Compressing objects:  13% (29/220)        
remote: Compressing objects:  14% (31/220)        
remote: Compressing objects:  15% (33/220)        
remote: Compressing objects:  16% (36/220)        
remote: Compressing objects:  17% (38/220)        
remote: Compressing objects:  18% (40/220)        
remote: Compressing objects:  19% (42/220)        
remote: Compressing objects:  20% (44/220)        
remote: Compressing objects:  21% (47/220)        
remote: Compressing objects:  22% (49/220)        
remote: Compressing objects:  23% (51/220)        
remote: Compressing objects:  24% (53/220)        
remote: Compressing objects:  25% (55/220)        
remote: Compressing objects:  26% (58/220)        
remote: Compressing objects:  27% (60/220)        
remote: Compressing objects:  28% (62/220)        
remote: Compressing objects:  29% (64/220)        
remote: Compressing objects:  30% (66/220)        
remote: Compressing objects:  31% (69/220)        
remote: Compressing objects:  32% (71/220)        
remote: Compressing objects:  33% (73/220)        
remote: Compressing objects:  34% (75/220)        
remote: Compressing objects:  35% (77/220)        
remote: Compressing objects:  36% (80/220)        
remote: Compressing objects:  37% (82/220)        
remote: Compressing objects:  38% (84/220)        
remote: Compressing objects:  39% (86/220)        
remote: Compressing objects:  40% (88/220)        
remote: Compressing objects:  41% (91/220)        
remote: Compressing objects:  42% (93/220)        
remote: Compressing objects:  43% (95/220)        
remote: Compressing objects:  44% (97/220)        
remote: Compressing objects:  45% (99/220)        
remote: Compressing objects:  46% (102/220)        
remote: Compressing objects:  47% (104/220)        
remote: Compressing objects:  48% (106/220)        
remote: Compressing objects:  49% (108/220)        
remote: Compressing objects:  50% (110/220)        
remote: Compressing objects:  51% (113/220)        
remote: Compressing objects:  52% (115/220)        
remote: Compressing objects:  53% (117/220)        
remote: Compressing objects:  54% (119/220)        
remote: Compressing objects:  55% (121/220)        
remote: Compressing objects:  56% (124/220)        
remote: Compressing objects:  57% (126/220)        
remote: Compressing objects:  58% (128/220)        
remote: Compressing objects:  59% (130/220)        
remote: Compressing objects:  60% (132/220)        
remote: Compressing objects:  61% (135/220)        
remote: Compressing objects:  62% (137/220)        
remote: Compressing objects:  63% (139/220)        
remote: Compressing objects:  64% (141/220)        
remote: Compressing objects:  65% (143/220)        
remote: Compressing objects:  66% (146/220)        
remote: Compressing objects:  67% (148/220)        
remote: Compressing objects:  68% (150/220)        
remote: Compressing objects:  69% (152/220)        
remote: Compressing objects:  70% (154/220)        
remote: Compressing objects:  71% (157/220)        
remote: Compressing objects:  72% (159/220)        
remote: Compressing objects:  73% (161/220)        
remote: Compressing objects:  74% (163/220)        
remote: Compressing objects:  75% (165/220)        
remote: Compressing objects:  76% (168/220)        
remote: Compressing objects:  77% (170/220)        
remote: Compressing objects:  78% (172/220)        
remote: Compressing objects:  79% (174/220)        
remote: Compressing objects:  80% (176/220)        
remote: Compressing objects:  81% (179/220)        
remote: Compressing objects:  82% (181/220)        
remote: Compressing objects:  83% (183/220)        
remote: Compressing objects:  84% (185/220)        
remote: Compressing objects:  85% (187/220)        
remote: Compressing objects:  86% (190/220)        
remote: Compressing objects:  87% (192/220)        
remote: Compressing objects:  88% (194/220)        
remote: Compressing objects:  89% (196/220)        
remote: Compressing objects:  90% (198/220)        
remote: Compressing objects:  91% (201/220)        
remote: Compressing objects:  92% (203/220)        
remote: Compressing objects:  93% (205/220)        
remote: Compressing objects:  94% (207/220)        
remote: Compressing objects:  95% (209/220)        
remote: Compressing objects:  96% (212/220)        
remote: Compressing objects:  97% (214/220)        
remote: Compressing objects:  98% (216/220)        
remote: Compressing objects:  99% (218/220)        
remote: Compressing objects: 100% (220/220)        
remote: Compressing objects: 100% (220/220), done.        
Receiving objects:   0% (1/427)
Receiving objects:   1% (5/427)
Receiving objects:   2% (9/427)
Receiving objects:   3% (13/427)
Receiving objects:   4% (18/427)
Receiving objects:   5% (22/427)
Receiving objects:   6% (26/427)
Receiving objects:   7% (30/427)
Receiving objects:   8% (35/427)
Receiving objects:   9% (39/427)
Receiving objects:  10% (43/427)
Receiving objects:  11% (47/427)
Receiving objects:  12% (52/427)
Receiving objects:  13% (56/427)
Receiving objects:  14% (60/427)
Receiving objects:  15% (65/427)
Receiving objects:  16% (69/427)
Receiving objects:  17% (73/427)
Receiving objects:  18% (77/427)
Receiving objects:  19% (82/427)
Receiving objects:  20% (86/427)
Receiving objects:  21% (90/427)
Receiving objects:  22% (94/427)
Receiving objects:  23% (99/427)
Receiving objects:  24% (103/427)
Receiving objects:  25% (107/427)
Receiving objects:  26% (112/427)
Receiving objects:  27% (116/427)
Receiving objects:  28% (120/427)
Receiving objects:  29% (124/427)
Receiving objects:  30% (129/427)
Receiving objects:  31% (133/427)
Receiving objects:  32% (137/427)
Receiving objects:  33% (141/427)
Receiving objects:  34% (146/427)
Receiving objects:  35% (150/427)
Receiving objects:  36% (154/427)
Receiving objects:  37% (158/427)
Receiving objects:  38% (163/427)
Receiving objects:  39% (167/427)
Receiving objects:  40% (171/427)
Receiving objects:  41% (176/427)
Receiving objects:  42% (180/427)
Receiving objects:  43% (184/427)
Receiving objects:  44% (188/427)
Receiving objects:  45% (193/427)
Receiving objects:  46% (197/427)
Receiving objects:  47% (201/427)
Receiving objects:  48% (205/427)
Receiving objects:  49% (210/427)
Receiving objects:  50% (214/427)
Receiving objects:  51% (218/427)
Receiving objects:  52% (223/427)
Receiving objects:  53% (227/427)
Receiving objects:  54% (231/427)
Receiving objects:  55% (235/427)
Receiving objects:  56% (240/427)
Receiving objects:  57% (244/427)
Receiving objects:  58% (248/427)
Receiving objects:  59% (252/427)
Receiving objects:  60% (257/427)
Receiving objects:  61% (261/427)
Receiving objects:  62% (265/427)
Receiving objects:  63% (270/427)
Receiving objects:  64% (274/427)
Receiving objects:  65% (278/427)
Receiving objects:  66% (282/427)
Receiving objects:  67% (287/427)
Receiving objects:  68% (291/427)
Receiving objects:  69% (295/427)
Receiving objects:  70% (299/427)
Receiving objects:  71% (304/427)
Receiving objects:  72% (308/427)
Receiving objects:  73% (312/427)
Receiving objects:  74% (316/427)
Receiving objects:  75% (321/427)
Receiving objects:  76% (325/427)
Receiving objects:  77% (329/427)
Receiving objects:  78% (334/427)
Receiving objects:  79% (338/427)
Receiving objects:  80% (342/427)
Receiving objects:  81% (346/427)
Receiving objects:  82% (351/427)
Receiving objects:  83% (355/427)
Receiving objects:  84% (359/427)
Receiving objects:  85% (363/427)
Receiving objects:  86% (368/427)
Receiving objects:  87% (372/427)
Receiving objects:  88% (376/427)
Receiving objects:  89% (381/427)
Receiving objects:  90% (385/427)
Receiving objects:  91% (389/427)
Receiving objects:  92% (393/427)
Receiving objects:  93% (398/427)
Receiving objects:  94% (402/427)
Receiving objects:  95% (406/427)
Receiving objects:  96% (410/427)
remote: Total 427 (delta 259), reused 345 (delta 185), pack-reused 0        
Receiving objects:  97% (415/427)
Receiving objects:  98% (419/427)
Receiving objects:  99% (423/427)
Receiving objects: 100% (427/427)
Receiving objects: 100% (427/427), 164.92 KiB | 2.20 MiB/s, done.
Resolving deltas:   0% (0/259)
Resolving deltas:   1% (3/259)
Resolving deltas:   2% (6/259)
Resolving deltas:   3% (8/259)
Resolving deltas:   4% (11/259)
Resolving deltas:   5% (13/259)
Resolving deltas:   6% (16/259)
Resolving deltas:   7% (19/259)
Resolving deltas:   8% (21/259)
Resolving deltas:   9% (24/259)
Resolving deltas:  10% (26/259)
Resolving deltas:  11% (29/259)
Resolving deltas:  12% (32/259)
Resolving deltas:  13% (34/259)
Resolving deltas:  14% (37/259)
Resolving deltas:  15% (39/259)
Resolving deltas:  16% (42/259)
Resolving deltas:  17% (45/259)
Resolving deltas:  18% (47/259)
Resolving deltas:  19% (50/259)
Resolving deltas:  20% (52/259)
Resolving deltas:  21% (55/259)
Resolving deltas:  22% (57/259)
Resolving deltas:  23% (60/259)
Resolving deltas:  24% (63/259)
Resolving deltas:  25% (65/259)
Resolving deltas:  26% (68/259)
Resolving deltas:  27% (70/259)
Resolving deltas:  28% (73/259)
Resolving deltas:  29% (76/259)
Resolving deltas:  30% (78/259)
Resolving deltas:  31% (81/259)
Resolving deltas:  32% (83/259)
Resolving deltas:  33% (86/259)
Resolving deltas:  34% (89/259)
Resolving deltas:  35% (91/259)
Resolving deltas:  36% (94/259)
Resolving deltas:  37% (96/259)
Resolving deltas:  38% (99/259)
Resolving deltas:  39% (102/259)
Resolving deltas:  40% (104/259)
Resolving deltas:  41% (107/259)
Resolving deltas:  42% (109/259)
Resolving deltas:  43% (112/259)
Resolving deltas:  44% (114/259)
Resolving deltas:  45% (117/259)
Resolving deltas:  46% (120/259)
Resolving deltas:  47% (122/259)
Resolving deltas:  48% (125/259)
Resolving deltas:  49% (127/259)
Resolving deltas:  50% (130/259)
Resolving deltas:  51% (133/259)
Resolving deltas:  52% (135/259)
Resolving deltas:  53% (138/259)
Resolving deltas:  54% (140/259)
Resolving deltas:  55% (143/259)
Resolving deltas:  56% (146/259)
Resolving deltas:  57% (148/259)
Resolving deltas:  58% (151/259)
Resolving deltas:  59% (153/259)
Resolving deltas:  60% (156/259)
Resolving deltas:  61% (158/259)
Resolving deltas:  62% (161/259)
Resolving deltas:  63% (164/259)
Resolving deltas:  64% (166/259)
Resolving deltas:  65% (169/259)
Resolving deltas:  66% (171/259)
Resolving deltas:  67% (174/259)
Resolving deltas:  68% (177/259)
Resolving deltas:  69% (179/259)
Resolving deltas:  70% (182/259)
Resolving deltas:  71% (184/259)
Resolving deltas:  72% (187/259)
Resolving deltas:  73% (190/259)
Resolving deltas:  74% (192/259)
Resolving deltas:  75% (195/259)
Resolving deltas:  76% (197/259)
Resolving deltas:  77% (200/259)
Resolving deltas:  78% (203/259)
Resolving deltas:  79% (205/259)
Resolving deltas:  80% (208/259)
Resolving deltas:  81% (210/259)
Resolving deltas:  82% (213/259)
Resolving deltas:  83% (215/259)
Resolving deltas:  84% (218/259)
Resolving deltas:  85% (221/259)
Resolving deltas:  86% (223/259)
Resolving deltas:  87% (226/259)
Resolving deltas:  88% (228/259)
Resolving deltas:  89% (231/259)
Resolving deltas:  90% (234/259)
Resolving deltas:  91% (236/259)
Resolving deltas:  92% (239/259)
Resolving deltas:  93% (241/259)
Resolving deltas:  94% (244/259)
Resolving deltas:  95% (248/259)
Resolving deltas:  96% (249/259)
Resolving deltas:  97% (252/259)
Resolving deltas:  98% (254/259)
Resolving deltas:  99% (257/259)
Resolving deltas: 100% (259/259)
Resolving deltas: 100% (259/259), done.
Note: Deploying release rp2040_hal=1.5.0...
Cloning into '/home/runner/work/alire-crates-ci/alire-crates-ci/test/67b1764e-be7f-4b3a-8b04-ec9d54083b36/pico_bsp_1.5.0_22a72575/alire/cache/dependencies/alr-zvdb.tmp'...
remote: Enumerating objects: 2309, done.        
remote: Counting objects:   0% (1/279)        
remote: Counting objects:   1% (3/279)        
remote: Counting objects:   2% (6/279)        
remote: Counting objects:   3% (9/279)        
remote: Counting objects:   4% (12/279)        
remote: Counting objects:   5% (14/279)        
remote: Counting objects:   6% (17/279)        
remote: Counting objects:   7% (20/279)        
remote: Counting objects:   8% (23/279)        
remote: Counting objects:   9% (26/279)        
remote: Counting objects:  10% (28/279)        
remote: Counting objects:  11% (31/279)        
remote: Counting objects:  12% (34/279)        
remote: Counting objects:  13% (37/279)        
remote: Counting objects:  14% (40/279)        
remote: Counting objects:  15% (42/279)        
remote: Counting objects:  16% (45/279)        
remote: Counting objects:  17% (48/279)        
remote: Counting objects:  18% (51/279)        
remote: Counting objects:  19% (54/279)        
remote: Counting objects:  20% (56/279)        
remote: Counting objects:  21% (59/279)        
remote: Counting objects:  22% (62/279)        
remote: Counting objects:  23% (65/279)        
remote: Counting objects:  24% (67/279)        
remote: Counting objects:  25% (70/279)        
remote: Counting objects:  26% (73/279)        
remote: Counting objects:  27% (76/279)        
remote: Counting objects:  28% (79/279)        
remote: Counting objects:  29% (81/279)        
remote: Counting objects:  30% (84/279)        
remote: Counting objects:  31% (87/279)        
remote: Counting objects:  32% (90/279)        
remote: Counting objects:  33% (93/279)        
remote: Counting objects:  34% (95/279)        
remote: Counting objects:  35% (98/279)        
remote: Counting objects:  36% (101/279)        
remote: Counting objects:  37% (104/279)        
remote: Counting objects:  38% (107/279)        
remote: Counting objects:  39% (109/279)        
remote: Counting objects:  40% (112/279)        
remote: Counting objects:  41% (115/279)        
remote: Counting objects:  42% (118/279)        
remote: Counting objects:  43% (120/279)        
remote: Counting objects:  44% (123/279)        
remote: Counting objects:  45% (126/279)        
remote: Counting objects:  46% (129/279)        
remote: Counting objects:  47% (132/279)        
remote: Counting objects:  48% (134/279)        
remote: Counting objects:  49% (137/279)        
remote: Counting objects:  50% (140/279)        
remote: Counting objects:  51% (143/279)        
remote: Counting objects:  52% (146/279)        
remote: Counting objects:  53% (148/279)        
remote: Counting objects:  54% (151/279)        
remote: Counting objects:  55% (154/279)        
remote: Counting objects:  56% (157/279)        
remote: Counting objects:  57% (160/279)        
remote: Counting objects:  58% (162/279)        
remote: Counting objects:  59% (165/279)        
remote: Counting objects:  60% (168/279)        
remote: Counting objects:  61% (171/279)        
remote: Counting objects:  62% (173/279)        
remote: Counting objects:  63% (176/279)        
remote: Counting objects:  64% (179/279)        
remote: Counting objects:  65% (182/279)        
remote: Counting objects:  66% (185/279)        
remote: Counting objects:  67% (187/279)        
remote: Counting objects:  68% (190/279)        
remote: Counting objects:  69% (193/279)        
remote: Counting objects:  70% (196/279)        
remote: Counting objects:  71% (199/279)        
remote: Counting objects:  72% (201/279)        
remote: Counting objects:  73% (204/279)        
remote: Counting objects:  74% (207/279)        
remote: Counting objects:  75% (210/279)        
remote: Counting objects:  76% (213/279)        
remote: Counting objects:  77% (215/279)        
remote: Counting objects:  78% (218/279)        
remote: Counting objects:  79% (221/279)        
remote: Counting objects:  80% (224/279)        
remote: Counting objects:  81% (226/279)        
remote: Counting objects:  82% (229/279)        
remote: Counting objects:  83% (232/279)        
remote: Counting objects:  84% (235/279)        
remote: Counting objects:  85% (238/279)        
remote: Counting objects:  86% (240/279)        
remote: Counting objects:  87% (243/279)        
remote: Counting objects:  88% (246/279)        
remote: Counting objects:  89% (249/279)        
remote: Counting objects:  90% (252/279)        
remote: Counting objects:  91% (254/279)        
remote: Counting objects:  92% (257/279)        
remote: Counting objects:  93% (260/279)        
remote: Counting objects:  94% (263/279)        
remote: Counting objects:  95% (266/279)        
remote: Counting objects:  96% (268/279)        
remote: Counting objects:  97% (271/279)        
remote: Counting objects:  98% (274/279)        
remote: Counting objects:  99% (277/279)        
remote: Counting objects: 100% (279/279)        
remote: Counting objects: 100% (279/279), done.        
remote: Compressing objects:   0% (1/158)        
remote: Compressing objects:   1% (2/158)        
remote: Compressing objects:   2% (4/158)        
remote: Compressing objects:   3% (5/158)        
remote: Compressing objects:   4% (7/158)        
remote: Compressing objects:   5% (8/158)        
remote: Compressing objects:   6% (10/158)        
remote: Compressing objects:   7% (12/158)        
remote: Compressing objects:   8% (13/158)        
remote: Compressing objects:   9% (15/158)        
remote: Compressing objects:  10% (16/158)        
remote: Compressing objects:  11% (18/158)        
remote: Compressing objects:  12% (19/158)        
remote: Compressing objects:  13% (21/158)        
remote: Compressing objects:  14% (23/158)        
remote: Compressing objects:  15% (24/158)        
remote: Compressing objects:  16% (26/158)        
remote: Compressing objects:  17% (27/158)        
remote: Compressing objects:  18% (29/158)        
remote: Compressing objects:  19% (31/158)        
remote: Compressing objects:  20% (32/158)        
remote: Compressing objects:  21% (34/158)        
remote: Compressing objects:  22% (35/158)        
remote: Compressing objects:  23% (37/158)        
remote: Compressing objects:  24% (38/158)        
remote: Compressing objects:  25% (40/158)        
remote: Compressing objects:  26% (42/158)        
remote: Compressing objects:  27% (43/158)        
remote: Compressing objects:  28% (45/158)        
remote: Compressing objects:  29% (46/158)        
remote: Compressing objects:  30% (48/158)        
remote: Compressing objects:  31% (49/158)        
remote: Compressing objects:  32% (51/158)        
remote: Compressing objects:  33% (53/158)        
remote: Compressing objects:  34% (54/158)        
remote: Compressing objects:  35% (56/158)        
remote: Compressing objects:  36% (57/158)        
remote: Compressing objects:  37% (59/158)        
remote: Compressing objects:  38% (61/158)        
remote: Compressing objects:  39% (62/158)        
remote: Compressing objects:  40% (64/158)        
remote: Compressing objects:  41% (65/158)        
remote: Compressing objects:  42% (67/158)        
remote: Compressing objects:  43% (68/158)        
remote: Compressing objects:  44% (70/158)        
remote: Compressing objects:  45% (72/158)        
remote: Compressing objects:  46% (73/158)        
remote: Compressing objects:  47% (75/158)        
remote: Compressing objects:  48% (76/158)        
remote: Compressing objects:  49% (78/158)        
remote: Compressing objects:  50% (79/158)        
remote: Compressing objects:  51% (81/158)        
remote: Compressing objects:  52% (83/158)        
remote: Compressing objects:  53% (84/158)        
remote: Compressing objects:  54% (86/158)        
remote: Compressing objects:  55% (87/158)        
remote: Compressing objects:  56% (89/158)        
remote: Compressing objects:  57% (91/158)        
remote: Compressing objects:  58% (92/158)        
remote: Compressing objects:  59% (94/158)        
remote: Compressing objects:  60% (95/158)        
remote: Compressing objects:  61% (97/158)        
remote: Compressing objects:  62% (98/158)        
remote: Compressing objects:  63% (100/158)        
remote: Compressing objects:  64% (102/158)        
remote: Compressing objects:  65% (103/158)        
remote: Compressing objects:  66% (105/158)        
remote: Compressing objects:  67% (106/158)        
remote: Compressing objects:  68% (108/158)        
remote: Compressing objects:  69% (110/158)        
remote: Compressing objects:  70% (111/158)        
remote: Compressing objects:  71% (113/158)        
remote: Compressing objects:  72% (114/158)        
remote: Compressing objects:  73% (116/158)        
remote: Compressing objects:  74% (117/158)        
remote: Compressing objects:  75% (119/158)        
remote: Compressing objects:  76% (121/158)        
remote: Compressing objects:  77% (122/158)        
remote: Compressing objects:  78% (124/158)        
remote: Compressing objects:  79% (125/158)        
remote: Compressing objects:  80% (127/158)        
remote: Compressing objects:  81% (128/158)        
remote: Compressing objects:  82% (130/158)        
remote: Compressing objects:  83% (132/158)        
remote: Compressing objects:  84% (133/158)        
remote: Compressing objects:  85% (135/158)        
remote: Compressing objects:  86% (136/158)        
remote: Compressing objects:  87% (138/158)        
remote: Compressing objects:  88% (140/158)        
remote: Compressing objects:  89% (141/158)        
remote: Compressing objects:  90% (143/158)        
remote: Compressing objects:  91% (144/158)        
remote: Compressing objects:  92% (146/158)        
remote: Compressing objects:  93% (147/158)        
remote: Compressing objects:  94% (149/158)        
remote: Compressing objects:  95% (151/158)        
remote: Compressing objects:  96% (152/158)        
remote: Compressing objects:  97% (154/158)        
remote: Compressing objects:  98% (155/158)        
remote: Compressing objects:  99% (157/158)        
remote: Compressing objects: 100% (158/158)        
remote: Compressing objects: 100% (158/158), done.        
Receiving objects:   0% (1/2309)
Receiving objects:   1% (24/2309)
Receiving objects:   2% (47/2309)
Receiving objects:   3% (70/2309)
Receiving objects:   4% (93/2309)
Receiving objects:   5% (116/2309)
Receiving objects:   6% (139/2309)
Receiving objects:   7% (162/2309)
Receiving objects:   8% (185/2309)
Receiving objects:   9% (208/2309)
Receiving objects:  10% (231/2309)
Receiving objects:  11% (254/2309)
Receiving objects:  12% (278/2309)
Receiving objects:  13% (301/2309)
Receiving objects:  14% (324/2309)
Receiving objects:  15% (347/2309)
Receiving objects:  16% (370/2309)
Receiving objects:  17% (393/2309)
Receiving objects:  18% (416/2309)
Receiving objects:  19% (439/2309)
Receiving objects:  20% (462/2309)
Receiving objects:  21% (485/2309)
Receiving objects:  22% (508/2309)
Receiving objects:  23% (532/2309)
Receiving objects:  24% (555/2309)
Receiving objects:  25% (578/2309)
Receiving objects:  26% (601/2309)
Receiving objects:  27% (624/2309)
Receiving objects:  28% (647/2309)
Receiving objects:  29% (670/2309)
Receiving objects:  30% (693/2309)
Receiving objects:  31% (716/2309)
Receiving objects:  32% (739/2309)
Receiving objects:  33% (762/2309)
Receiving objects:  34% (786/2309)
Receiving objects:  35% (809/2309)
Receiving objects:  36% (832/2309)
Receiving objects:  37% (855/2309)
Receiving objects:  38% (878/2309)
Receiving objects:  39% (901/2309)
Receiving objects:  40% (924/2309)
Receiving objects:  41% (947/2309)
Receiving objects:  42% (970/2309)
Receiving objects:  43% (993/2309)
Receiving objects:  44% (1016/2309)
Receiving objects:  45% (1040/2309)
Receiving objects:  46% (1063/2309)
Receiving objects:  47% (1086/2309)
Receiving objects:  48% (1109/2309)
Receiving objects:  49% (1132/2309)
Receiving objects:  50% (1155/2309)
Receiving objects:  51% (1178/2309)
Receiving objects:  52% (1201/2309)
Receiving objects:  53% (1224/2309)
Receiving objects:  54% (1247/2309)
Receiving objects:  55% (1270/2309)
Receiving objects:  56% (1294/2309)
Receiving objects:  57% (1317/2309)
Receiving objects:  58% (1340/2309)
Receiving objects:  59% (1363/2309)
Receiving objects:  60% (1386/2309)
Receiving objects:  61% (1409/2309)
Receiving objects:  62% (1432/2309)
Receiving objects:  63% (1455/2309)
Receiving objects:  64% (1478/2309)
Receiving objects:  65% (1501/2309)
Receiving objects:  66% (1524/2309)
Receiving objects:  67% (1548/2309)
Receiving objects:  68% (1571/2309)
Receiving objects:  69% (1594/2309)
Receiving objects:  70% (1617/2309)
Receiving objects:  71% (1640/2309)
Receiving objects:  72% (1663/2309)
Receiving objects:  73% (1686/2309)
Receiving objects:  74% (1709/2309)
Receiving objects:  75% (1732/2309)
Receiving objects:  76% (1755/2309)
Receiving objects:  77% (1778/2309)
Receiving objects:  78% (1802/2309)
Receiving objects:  79% (1825/2309)
Receiving objects:  80% (1848/2309)
Receiving objects:  81% (1871/2309)
Receiving objects:  82% (1894/2309)
Receiving objects:  83% (1917/2309)
Receiving objects:  84% (1940/2309)
Receiving objects:  85% (1963/2309)
Receiving objects:  86% (1986/2309)
Receiving objects:  87% (2009/2309)
Receiving objects:  88% (2032/2309)
Receiving objects:  89% (2056/2309)
Receiving objects:  90% (2079/2309)
Receiving objects:  91% (2102/2309)
Receiving objects:  92% (2125/2309)
remote: Total 2309 (delta 170), reused 173 (delta 118), pack-reused 2030        
Receiving objects:  93% (2148/2309)
Receiving objects:  94% (2171/2309)
Receiving objects:  95% (2194/2309)
Receiving objects:  96% (2217/2309)
Receiving objects:  97% (2240/2309)
Receiving objects:  98% (2263/2309)
Receiving objects:  99% (2286/2309)
Receiving objects: 100% (2309/2309)
Receiving objects: 100% (2309/2309), 582.04 KiB | 3.44 MiB/s, done.
Resolving deltas:   0% (0/1497)
Resolving deltas:   1% (15/1497)
Resolving deltas:   2% (30/1497)
Resolving deltas:   3% (45/1497)
Resolving deltas:   4% (60/1497)
Resolving deltas:   5% (75/1497)
Resolving deltas:   6% (90/1497)
Resolving deltas:   7% (105/1497)
Resolving deltas:   8% (120/1497)
Resolving deltas:   9% (135/1497)
Resolving deltas:  10% (150/1497)
Resolving deltas:  11% (165/1497)
Resolving deltas:  12% (180/1497)
Resolving deltas:  13% (195/1497)
Resolving deltas:  14% (210/1497)
Resolving deltas:  15% (225/1497)
Resolving deltas:  16% (240/1497)
Resolving deltas:  17% (255/1497)
Resolving deltas:  18% (270/1497)
Resolving deltas:  19% (285/1497)
Resolving deltas:  20% (300/1497)
Resolving deltas:  21% (315/1497)
Resolving deltas:  22% (330/1497)
Resolving deltas:  23% (345/1497)
Resolving deltas:  24% (360/1497)
Resolving deltas:  25% (375/1497)
Resolving deltas:  26% (390/1497)
Resolving deltas:  27% (405/1497)
Resolving deltas:  28% (420/1497)
Resolving deltas:  29% (435/1497)
Resolving deltas:  30% (450/1497)
Resolving deltas:  31% (465/1497)
Resolving deltas:  32% (480/1497)
Resolving deltas:  33% (495/1497)
Resolving deltas:  34% (509/1497)
Resolving deltas:  35% (524/1497)
Resolving deltas:  36% (539/1497)
Resolving deltas:  37% (554/1497)
Resolving deltas:  38% (569/1497)
Resolving deltas:  39% (584/1497)
Resolving deltas:  40% (599/1497)
Resolving deltas:  41% (614/1497)
Resolving deltas:  42% (629/1497)
Resolving deltas:  43% (644/1497)
Resolving deltas:  44% (659/1497)
Resolving deltas:  45% (674/1497)
Resolving deltas:  46% (689/1497)
Resolving deltas:  47% (704/1497)
Resolving deltas:  48% (719/1497)
Resolving deltas:  49% (735/1497)
Resolving deltas:  50% (749/1497)
Resolving deltas:  51% (764/1497)
Resolving deltas:  52% (779/1497)
Resolving deltas:  53% (794/1497)
Resolving deltas:  54% (809/1497)
Resolving deltas:  55% (824/1497)
Resolving deltas:  56% (839/1497)
Resolving deltas:  57% (854/1497)
Resolving deltas:  58% (869/1497)
Resolving deltas:  59% (884/1497)
Resolving deltas:  60% (899/1497)
Resolving deltas:  61% (914/1497)
Resolving deltas:  62% (929/1497)
Resolving deltas:  63% (944/1497)
Resolving deltas:  64% (959/1497)
Resolving deltas:  65% (974/1497)
Resolving deltas:  66% (989/1497)
Resolving deltas:  67% (1003/1497)
Resolving deltas:  68% (1018/1497)
Resolving deltas:  69% (1033/1497)
Resolving deltas:  70% (1048/1497)
Resolving deltas:  71% (1063/1497)
Resolving deltas:  72% (1078/1497)
Resolving deltas:  73% (1093/1497)
Resolving deltas:  74% (1108/1497)
Resolving deltas:  75% (1123/1497)
Resolving deltas:  76% (1139/1497)
Resolving deltas:  77% (1153/1497)
Resolving deltas:  78% (1168/1497)
Resolving deltas:  79% (1183/1497)
Resolving deltas:  80% (1198/1497)
Resolving deltas:  81% (1213/1497)
Resolving deltas:  82% (1228/1497)
Resolving deltas:  83% (1243/1497)
Resolving deltas:  84% (1258/1497)
Resolving deltas:  85% (1273/1497)
Resolving deltas:  86% (1288/1497)
Resolving deltas:  87% (1303/1497)
Resolving deltas:  88% (1318/1497)
Resolving deltas:  89% (1333/1497)
Resolving deltas:  90% (1348/1497)
Resolving deltas:  91% (1363/1497)
Resolving deltas:  92% (1378/1497)
Resolving deltas:  93% (1393/1497)
Resolving deltas:  94% (1408/1497)
Resolving deltas:  95% (1423/1497)
Resolving deltas:  96% (1438/1497)
Resolving deltas:  97% (1453/1497)
Resolving deltas:  98% (1468/1497)
Resolving deltas:  99% (1483/1497)
Resolving deltas: 100% (1497/1497)
Resolving deltas: 100% (1497/1497), done.
Setup
   [mkdir]        object directory for project HAL
   [mkdir]        library directory for project HAL
   [mkdir]        object directory for project Atomic
   [mkdir]        library directory for project Atomic
   [mkdir]        object directory for project BBqueue
   [mkdir]        library directory for project BBqueue
   [mkdir]        object directory for project Usb_Embedded
   [mkdir]        library directory for project Usb_Embedded
   [mkdir]        object directory for project Cortex_M0
   [mkdir]        library directory for project Cortex_M0
   [mkdir]        object directory for project Rp2040_Hal
   [mkdir]        library directory for project Rp2040_Hal
   [mkdir]        object directory for project Pico_BSP
   [mkdir]        library directory for project Pico_BSP
Compile
   [Ada]          cortex_m-nvic.adb
   [Ada]          cortex_m-cache.adb
   [Ada]          cortex_m_svd-debug.ads
   [Ada]          cortex_m_svd-dwt.ads
   [Ada]          cortex_m_svd-scb.ads
   [Ada]          cortex_m_svd.ads
   [Ada]          cortex_m_svd-nvic.ads
   [Ada]          cortex_m_svd-systick.ads
   [Ada]          semihosting-filesystem.adb
   [Ada]          cortex_m-dwt.adb
   [Ada]          cortex_m-debug.adb
   [Ada]          cortex_m-systick.adb
   [Ada]          cortex_m.ads
   [Ada]          semihosting.adb
   [Ada]          memory_barriers.adb
   [Ada]          atomic-critical_section.adb
   [Ada]          atomic.adb
   [Ada]          atomic-unsigned.adb
   [Ada]          atomic-signed.adb
   [Ada]          atomic-unsigned_32.ads
   [Ada]          atomic-signed_32.ads
   [Ada]          atomic-signed_8.ads
   [Ada]          atomic-signed_16.ads
   [Ada]          atomic-unsigned_8.ads
   [Ada]          atomic-unsigned_16.ads
   [Ada]          bbqueue.adb
   [Ada]          bbqueue-buffers.adb
   [Ada]          bbqueue-buffers-framed.adb
   [Ada]          usb.adb
   [Ada]          usb-device-hid-joystick.adb
   [Ada]          usb-logging-device.adb
   [Ada]          usb-device-hid-keyboard.adb
   [Ada]          usb-device-serial.adb
   [Ada]          usb-hal-device.ads
   [Ada]          usb-device-hid.adb
   [Ada]          usb-device-hid-gamepad.adb
   [Ada]          usb-lang.ads
   [Ada]          usb-device-hid-mouse.adb
   [Ada]          usb-hal.ads
   [Ada]          usb-utils.adb
   [Ada]          usb-device.adb
   [Ada]          usb-device-midi.adb
   [Ada]          usb-logging.ads
   [Ada]          usb-device-control.adb
   [Asm_Cpp]      crt0.S
   [Ada]          rp-device.ads
   [Ada]          rp2040_svd-sysinfo.ads
   [Ada]          rp2040_svd-pio.ads
   [Ada]          rp2040_svd-usbctrl_regs.ads
   [Ada]          rp2040_svd-spi.ads
   [Ada]          rp2040_svd-interrupts.ads
   [Ada]          rp2040_svd-adc.ads
   [Ada]          rp2040_svd-rosc.ads
   [Ada]          rp2040_svd-i2c.ads
   [Ada]          rp2040_svd-busctrl.ads
   [Ada]          rp2040_svd-vreg_and_chip_reset.ads
   [Ada]          rp2040_svd-xosc.ads
   [Ada]          rp2040_svd-psm.ads
   [Ada]          rp2040_svd-pads_bank0.ads
   [Ada]          rp2040_svd-clocks.ads
   [Ada]          rp2040_svd-watchdog.ads
   [Ada]          rp2040_svd-pll.ads
   [Ada]          rp2040_svd-dma.ads
   [Ada]          rp2040_svd-xip_ssi.ads
   [Ada]          rp2040_svd-xip_ctrl.ads
   [Ada]          rp2040_svd-io_qspi.ads
   [Ada]          rp2040_svd-timer.ads
   [Ada]          rp2040_svd-pwm.ads
   [Ada]          rp2040_svd-syscfg.ads
   [Ada]          rp2040_svd-resets.ads
   [Ada]          rp2040_svd-sio.ads
   [Ada]          rp2040_svd.ads
   [Ada]          rp2040_svd-usbctrl_dpram.ads
   [Ada]          rp2040_svd-io_bank0.ads
   [Ada]          rp2040_svd-tbman.ads
   [Ada]          rp2040_svd-pads_qspi.ads
   [Ada]          rp2040_svd-ppb.ads
   [Ada]          rp2040_svd-rtc.ads
   [Ada]          rp2040_svd-uart.ads
   [Ada]          rp-interpolator.ads
   [Ada]          rp-multicore-fifo.adb
   [Ada]          rp-uart.adb
   [Ada]          rp-gpio.adb
   [Ada]          rp-pio.adb
   [Ada]          rp-dma.adb
   [Ada]          rp-i2c_master.adb
   [Ada]          rp-pio-encoding.ads
   [Ada]          rp-multicore.adb
   [Ada]          rp-flash-cache.adb
   [Ada]          rp-usb_device.adb
   [Ada]          rp-pio-audio_i2s_pio.ads
   [Ada]          rp-reset.adb
   [Ada]          rp-rtc.adb
   [Ada]          rp-rom-floating_point.adb
   [Ada]          rp-flash.adb
   [Ada]          rp-pio-ws2812.adb
   [Ada]          rp-watchdog.adb
   [Ada]          rp-multicore-spinlocks.adb
   [Ada]          rp-spi.adb
   [Ada]          rp-pio-audio_i2s.adb
   [Ada]          rp-pio-ws2812_pio.ads
   [Ada]          rp-pwm.adb
   [Ada]          rp-clock.adb
   [Ada]          rp-rom.adb
   [Ada]          rp-adc.adb
   [Ada]          rp-timer.adb
   [Ada]          rp.ads
   [Ada]          rp_interrupts.adb
   [Ada]          hal-gpio.ads
   [Ada]          hal-touch_panel.ads
   [Ada]          hal-bitmap.ads
   [Ada]          hal-spi.ads
   [Ada]          hal-block_drivers.ads
   [Ada]          hal-uart.ads
   [Ada]          hal-framebuffer.ads
   [Ada]          hal-sdmmc.adb
   [Ada]          hal-filesystem.ads
   [Ada]          hal-i2c.ads
   [Ada]          hal-real_time_clock.ads
   [Ada]          hal-audio.ads
   [Ada]          hal.ads
   [Ada]          hal-time.ads
   [Ada]          hal-dsi.ads
   [Ada]          pico-pimoroni-rgb_keypad.adb
   [Ada]          pico.ads
   [Ada]          pico-pimoroni-audio_pack.ads
   [Ada]          pico-pimoroni.ads
   [Ada]          pico-audio_i2s.ads
Build Libraries
   [gprlib]       hal.lexch
   [gprlib]       Atomic.lexch
   [gprlib]       Bbqueue.lexch
   [archive]      libhal.a
   [archive]      libAtomic.a
   [index]        libhal.a
   [index]        libAtomic.a
   [gprlib]       Usb_Embedded.lexch
   [archive]      libBbqueue.a
   [index]        libBbqueue.a
   [gprlib]       cortex_m0.lexch
   [gprlib]       rp2040_hal.lexch
   [archive]      libUsb_Embedded.a
   [index]        libUsb_Embedded.a
   [archive]      libcortex_m0.a
   [index]        libcortex_m0.a
   [gprlib]       pico_bsp.lexch
   [archive]      librp2040_hal.a
   [index]        librp2040_hal.a
   [archive]      libpico_bsp.a
   [index]        libpico_bsp.a

pico_bsp=1.5.0 successfully retrieved and built.
Dependencies were solved as follows:

   +  atomic       0.4.1  (new,indirect)                       
   +  bbqueue      0.3.0  (new,indirect)                       
   +  cortex_m     0.3.0  (new,indirect)                       
   +i gnat         11.2.4 (new,installed,gnat_arm_elf,indirect)
   +i gnat_arm_elf 11.2.4 (new,installed,indirect)             
   +  hal          0.1.0  (new)                                
   +  rp2040_hal   1.5.0  (new)                                
   +  usb_embedded 0.2.0  (new,indirect)                       
