Test ran at 2023-09-27 12:25:52.155315+00:00

SOLUTION:
gnat_riscv64_elf=12.2.1: The GNAT Ada compiler - RISC-V cross-compiler
Provides: gnat=12.2.1
Origin: (case OS is Linux => (case Host_Arch is X86_64 => binary archive gnat-riscv64-elf-linux64-12.2.0-1.tar.gz at https://github.com/alire-project/GNAT-FSF-builds/releases/download/gnat-12.2.0-1/gnat-riscv64-elf-linux64-12.2.0-1.tar.gz), Macos => (case Host_Arch is X86_64 => binary archive gnat-riscv64-elf-darwin-12.2.0-1.tar.gz at https://github.com/alire-project/GNAT-FSF-builds/releases/download/gnat-12.2.0-1/gnat-riscv64-elf-darwin-12.2.0-1.tar.gz), Windows => (case Host_Arch is X86_64 => binary archive gnat-riscv64-elf-windows64-12.2.0-1.tar.gz at https://github.com/alire-project/GNAT-FSF-builds/releases/download/gnat-12.2.0-1/gnat-riscv64-elf-windows64-12.2.0-1.tar.gz)) with hash sha256:fc4a4d081ff7350c55f960fbb8bc9b0985c55464cd7abfa43626e31f26a45dc8
Properties:
   Auto_Gpr_With: auto-gpr-with=false
   Configuration: no modifiers
   Description: The GNAT Ada compiler - RISC-V cross-compiler
   Environment: PATH=${CRATE_ROOT}/bin:${PATH}
   License: GPL-3.0-or-later AND GPL-3.0-or-later WITH GCC-exception-3.1
   Maintainer: chouteau@adacore.com
   Maintainers_Logins: Fabien-Chouteau
   Name: gnat_riscv64_elf
   Version: 12.2.1


LOG:
Note: Deploying gnat_riscv64_elf=12.2.1...
#=#=#                                                                         
##O#-#                                                                        
##O=#  #                                                                      

                                                                           0.0%
#                                                                          2.5%
###                                                                        4.5%
####                                                                       6.6%
######                                                                     8.7%
#######                                                                   10.7%
#########                                                                 12.8%
##########                                                                14.9%
############                                                              17.0%
#############                                                             18.8%
###############                                                           21.1%
################                                                          23.2%
##################                                                        25.2%
###################                                                       27.3%
#####################                                                     29.3%
######################                                                    31.4%
########################                                                  33.4%
#########################                                                 35.8%
###########################                                               37.9%
############################                                              39.9%
##############################                                            42.0%
###############################                                           44.0%
#################################                                         46.1%
##################################                                        48.1%
####################################                                      50.2%
#####################################                                     52.2%
#######################################                                   54.4%
########################################                                  56.4%
##########################################                                58.5%
###########################################                               60.6%
#############################################                             62.6%
##############################################                            64.7%
################################################                          66.7%
#################################################                         68.8%
###################################################                       70.8%
####################################################                      72.9%
######################################################                    75.0%
#######################################################                   76.9%
########################################################                  79.1%
##########################################################                81.3%
###########################################################               83.1%
#############################################################             85.3%
##############################################################            87.4%
################################################################          89.3%
#################################################################         91.5%
###################################################################       93.5%
####################################################################      95.5%
######################################################################    97.7%
#######################################################################   99.6%
######################################################################## 100.0%

gnat_riscv64_elf=12.2.1 successfully retrieved.
There are no dependencies.
Warning: Binary release does not contain default project file: gnat_riscv64_elf.gpr
