Test ran at 2024-09-12 12:38:21.541822+00:00

SOLUTION:
pygamer_bsp=1.0.0: Board Support Package for the AdaFruit PyGamer
Origin: commit 43d69885051ae88b57ba6a64b8ff7fc63eaad67d from https://github.com/Fabien-Chouteau/pygamer-bsp.git
Properties:
   Description: Board Support Package for the AdaFruit PyGamer
   License: BSD-3-Clause
   Maintainer: fabien.chouteau@gmail.com
   Maintainers_Logins: Fabien-Chouteau
   Name: pygamer_bsp
   Project_File: pygamer_bsp.gpr
   Tag: embedded
   Tag: nostd
   Tag: pygamer
   Tag: adafruit
   Tag: game
   Tag: console
   Tag: bsp
   Version: 1.0.0
Dependencies (direct):
   cortex_m~0.1.0
   samd51_hal~0.1.0
Dependencies (solution):
   cortex_m=0.1.0
   hal=0.3.0
   samd51_hal=0.1.0
Dependencies (graph):
   cortex_m=0.1.0    --> hal=0.3.0 (^0.1.0)       
   pygamer_bsp=1.0.0 --> cortex_m=0.1.0 (~0.1.0)  
   pygamer_bsp=1.0.0 --> samd51_hal=0.1.0 (~0.1.0)
   samd51_hal=0.1.0  --> cortex_m=0.1.0 (^0.1.0)  
   samd51_hal=0.1.0  --> hal=0.3.0 (^0.1.0)       


LOG:
Note: Deploying pygamer_bsp=1.0.0...
Note: Deploying hal=0.3.0...
Note: Deploying cortex_m=0.1.0...
#=#=#                                                                          
##O#-#                                                                         

##########################                                                37.4%
######################################################################## 100.0%
Note: Deploying samd51_hal=0.1.0...
#=#=#                                                                          
##O#-#                                                                         

###############                                                           21.3%
######################################################################## 100.0%
Note: Building pygamer_bsp/pygamer_bsp.gpr...
gprconfig: can't find a toolchain for the following configuration:
gprconfig: language 'ada', target 'arm-eabi', runtime 'zfp-cortex-m4f'
Setup
   [mkdir]        object directory for project HAL
   [mkdir]        library directory for project HAL
   [mkdir]        object directory for project Cortex_M4F
   [mkdir]        object directory for project ATSAMD51J19A
   [mkdir]        object directory for project PyGamer_BSP
hal.gpr:5:24: warning: libraries are not supported on this platform
ATSAMD51J19A.gpr:4:09: no compiler for language "Ada", cannot compile "sam-device.ads"
gprbuild: *** compilation phase failed
stderr: Command ["gprbuild", "-s", "-j0", "-p", "-P", "/Users/runner/work/alire-crates-ci/alire-crates-ci/test/d0ac345a-3072-4bdc-a32f-07e60a540035/pygamer_bsp_1.0.0_43d69885/pygamer_bsp.gpr"] exited with code 4
ERROR: Command ["gprbuild", "-s", "-j0", "-p", "-P", "/Users/runner/work/alire-crates-ci/alire-crates-ci/test/d0ac345a-3072-4bdc-a32f-07e60a540035/pygamer_bsp_1.0.0_43d69885/pygamer_bsp.gpr"] exited with code 4
stderr: ALIRE.CHECKED_ERROR
stderr: Command ["gprbuild", "-s", "-j0", "-p", "-P", "/Users/runner/work/alire-crates-ci/alire-crates-ci/test/d0ac345a-3072-4bdc-a32f-07e60a540035/pygamer_bsp_1.0.0_43d69885/pygamer_bsp.gpr"] exited with code 4
stderr: raised ALIRE.CHECKED_ERROR : alire-stored-error:1
Load address: 0x104cf8000
Call stack traceback locations:
0x105600415 0x1052d3e83 0x1054e6df9 0x1054e7581 0x105447ac3 0x105445f99 0x105462873 0x1054aedc1 0x1054ad81a 0x1054629b8 0x105446349 0x104d579c1 0x104d68578 0x104d6d01c 0x104df305c 0x104dfe3b8 0x104cf9605 0x104cfc914


Warning: pygamer_bsp=1.0.0 successfully retrieved but its build failed.
Dependencies were solved as follows:

   + cortex_m   0.1.0 (new)         
   + hal        0.3.0 (new,indirect)
   + samd51_hal 0.1.0 (new)         
ERROR: Build ended with errors
