Test ran at 2022-05-31 06:58:29.541545+00:00

SOLUTION:
ada_lua=0.1.0: An Ada binding for lua
Origin: commit 0aa4afc28577adf5106d6bd13bed6a086b6e9a8c from https://github.com/AdaCore/ada-lua.git
Properties:
   Author: Nicolas Roche <roche@adacore.com>
   Description: An Ada binding for lua
   License: GPL-3.0-or-later WITH GCC-exception-3.1
   Maintainer: Nicolas Roche <roche@adacore.com>
   Maintainers_Logins: Nikokrock
   Maintainers_Logins: Fabien-Chouteau
   Name: ada_lua
   Tag: lua
   Tag: binding
   Tag: script
   Version: 0.1.0
   Website: https://github.com/adacore/ada-lua
Dependencies (direct):
   liblua~5.3
Dependencies (solution):
   liblua=5.3.3
Dependencies (graph):
   ada_lua=0.1.0 --> liblua=5.3.3 (~5.3)


LOG:
Note: Deploying release ada_lua=0.1.0...
Cloning into '/home/runner/work/alire-crates-ci/alire-crates-ci/test/08ab9984-aec8-4a0e-a4bb-29bb8af43d67/alr-izyl.tmp'...
remote: Enumerating objects: 132, done.        
remote: Counting objects:   4% (1/22)        
remote: Counting objects:   9% (2/22)        
remote: Counting objects:  13% (3/22)        
remote: Counting objects:  18% (4/22)        
remote: Counting objects:  22% (5/22)        
remote: Counting objects:  27% (6/22)        
remote: Counting objects:  31% (7/22)        
remote: Counting objects:  36% (8/22)        
remote: Counting objects:  40% (9/22)        
remote: Counting objects:  45% (10/22)        
remote: Counting objects:  50% (11/22)        
remote: Counting objects:  54% (12/22)        
remote: Counting objects:  59% (13/22)        
remote: Counting objects:  63% (14/22)        
remote: Counting objects:  68% (15/22)        
remote: Counting objects:  72% (16/22)        
remote: Counting objects:  77% (17/22)        
remote: Counting objects:  81% (18/22)        
remote: Counting objects:  86% (19/22)        
remote: Counting objects:  90% (20/22)        
remote: Counting objects:  95% (21/22)        
remote: Counting objects: 100% (22/22)        
remote: Counting objects: 100% (22/22), done.        
remote: Compressing objects:   4% (1/21)        
remote: Compressing objects:   9% (2/21)        
remote: Compressing objects:  14% (3/21)        
remote: Compressing objects:  19% (4/21)        
remote: Compressing objects:  23% (5/21)        
remote: Compressing objects:  28% (6/21)        
remote: Compressing objects:  33% (7/21)        
remote: Compressing objects:  38% (8/21)        
remote: Compressing objects:  42% (9/21)        
remote: Compressing objects:  47% (10/21)        
remote: Compressing objects:  52% (11/21)        
remote: Compressing objects:  57% (12/21)        
remote: Compressing objects:  61% (13/21)        
remote: Compressing objects:  66% (14/21)        
remote: Compressing objects:  71% (15/21)        
remote: Compressing objects:  76% (16/21)        
remote: Compressing objects:  80% (17/21)        
remote: Compressing objects:  85% (18/21)        
remote: Compressing objects:  90% (19/21)        
remote: Compressing objects:  95% (20/21)        
remote: Compressing objects: 100% (21/21)        
remote: Compressing objects: 100% (21/21), done.        
Receiving objects:   0% (1/132)
Receiving objects:   1% (2/132)
Receiving objects:   2% (3/132)
Receiving objects:   3% (4/132)
Receiving objects:   4% (6/132)
Receiving objects:   5% (7/132)
Receiving objects:   6% (8/132)
Receiving objects:   7% (10/132)
Receiving objects:   8% (11/132)
Receiving objects:   9% (12/132)
Receiving objects:  10% (14/132)
Receiving objects:  11% (15/132)
Receiving objects:  12% (16/132)
Receiving objects:  13% (18/132)
Receiving objects:  14% (19/132)
Receiving objects:  15% (20/132)
Receiving objects:  16% (22/132)
Receiving objects:  17% (23/132)
Receiving objects:  18% (24/132)
Receiving objects:  19% (26/132)
Receiving objects:  20% (27/132)
Receiving objects:  21% (28/132)
Receiving objects:  22% (30/132)
Receiving objects:  23% (31/132)
Receiving objects:  24% (32/132)
Receiving objects:  25% (33/132)
Receiving objects:  26% (35/132)
Receiving objects:  27% (36/132)
Receiving objects:  28% (37/132)
Receiving objects:  29% (39/132)
Receiving objects:  30% (40/132)
Receiving objects:  31% (41/132)
Receiving objects:  32% (43/132)
Receiving objects:  33% (44/132)
Receiving objects:  34% (45/132)
Receiving objects:  35% (47/132)
Receiving objects:  36% (48/132)
Receiving objects:  37% (49/132)
Receiving objects:  38% (51/132)
Receiving objects:  39% (52/132)
Receiving objects:  40% (53/132)
Receiving objects:  41% (55/132)
Receiving objects:  42% (56/132)
Receiving objects:  43% (57/132)
Receiving objects:  44% (59/132)
Receiving objects:  45% (60/132)
Receiving objects:  46% (61/132)
Receiving objects:  47% (63/132)
Receiving objects:  48% (64/132)
Receiving objects:  49% (65/132)
Receiving objects:  50% (66/132)
Receiving objects:  51% (68/132)
Receiving objects:  52% (69/132)
Receiving objects:  53% (70/132)
Receiving objects:  54% (72/132)
Receiving objects:  55% (73/132)
Receiving objects:  56% (74/132)
Receiving objects:  57% (76/132)
Receiving objects:  58% (77/132)
Receiving objects:  59% (78/132)
Receiving objects:  60% (80/132)
Receiving objects:  61% (81/132)
Receiving objects:  62% (82/132)
Receiving objects:  63% (84/132)
Receiving objects:  64% (85/132)
Receiving objects:  65% (86/132)
Receiving objects:  66% (88/132)
Receiving objects:  67% (89/132)
Receiving objects:  68% (90/132)
Receiving objects:  69% (92/132)
Receiving objects:  70% (93/132)
Receiving objects:  71% (94/132)
Receiving objects:  72% (96/132)
Receiving objects:  73% (97/132)
Receiving objects:  74% (98/132)
Receiving objects:  75% (99/132)
Receiving objects:  76% (101/132)
Receiving objects:  77% (102/132)
Receiving objects:  78% (103/132)
Receiving objects:  79% (105/132)
Receiving objects:  80% (106/132)
Receiving objects:  81% (107/132)
Receiving objects:  82% (109/132)
Receiving objects:  83% (110/132)
Receiving objects:  84% (111/132)
Receiving objects:  85% (113/132)
Receiving objects:  86% (114/132)
Receiving objects:  87% (115/132)
Receiving objects:  88% (117/132)
Receiving objects:  89% (118/132)
Receiving objects:  90% (119/132)
Receiving objects:  91% (121/132)
Receiving objects:  92% (122/132)
Receiving objects:  93% (123/132)
remote: Total 132 (delta 5), reused 11 (delta 1), pack-reused 110        
Receiving objects:  94% (125/132)
Receiving objects:  95% (126/132)
Receiving objects:  96% (127/132)
Receiving objects:  97% (129/132)
Receiving objects:  98% (130/132)
Receiving objects:  99% (131/132)
Receiving objects: 100% (132/132)
Receiving objects: 100% (132/132), 57.44 KiB | 1.44 MiB/s, done.
Resolving deltas:   0% (0/61)
Resolving deltas:   1% (1/61)
Resolving deltas:   3% (2/61)
Resolving deltas:   4% (3/61)
Resolving deltas:   6% (4/61)
Resolving deltas:   8% (5/61)
Resolving deltas:   9% (6/61)
Resolving deltas:  11% (7/61)
Resolving deltas:  13% (8/61)
Resolving deltas:  14% (9/61)
Resolving deltas:  16% (10/61)
Resolving deltas:  18% (11/61)
Resolving deltas:  19% (12/61)
Resolving deltas:  21% (13/61)
Resolving deltas:  22% (14/61)
Resolving deltas:  24% (15/61)
Resolving deltas:  26% (16/61)
Resolving deltas:  27% (17/61)
Resolving deltas:  29% (18/61)
Resolving deltas:  31% (19/61)
Resolving deltas:  32% (20/61)
Resolving deltas:  34% (21/61)
Resolving deltas:  36% (22/61)
Resolving deltas:  37% (23/61)
Resolving deltas:  39% (24/61)
Resolving deltas:  40% (25/61)
Resolving deltas:  42% (26/61)
Resolving deltas:  44% (27/61)
Resolving deltas:  45% (28/61)
Resolving deltas:  47% (29/61)
Resolving deltas:  49% (30/61)
Resolving deltas:  50% (31/61)
Resolving deltas:  52% (32/61)
Resolving deltas:  54% (33/61)
Resolving deltas:  55% (34/61)
Resolving deltas:  57% (35/61)
Resolving deltas:  59% (36/61)
Resolving deltas:  60% (37/61)
Resolving deltas:  62% (38/61)
Resolving deltas:  63% (39/61)
Resolving deltas:  65% (40/61)
Resolving deltas:  67% (41/61)
Resolving deltas:  68% (42/61)
Resolving deltas:  70% (43/61)
Resolving deltas:  72% (44/61)
Resolving deltas:  73% (45/61)
Resolving deltas:  75% (46/61)
Resolving deltas:  77% (47/61)
Resolving deltas:  78% (48/61)
Resolving deltas:  80% (49/61)
Resolving deltas:  83% (51/61)
Resolving deltas:  85% (52/61)
Resolving deltas:  86% (53/61)
Resolving deltas:  88% (54/61)
Resolving deltas:  90% (55/61)
Resolving deltas:  91% (56/61)
Resolving deltas:  93% (57/61)
Resolving deltas:  96% (59/61)
Resolving deltas:  98% (60/61)
Resolving deltas: 100% (61/61)
Resolving deltas: 100% (61/61), done.
Note: Deploying release liblua=5.3.3...
The system package 'liblua5.3-dev' is about to be installed.
This action might require admin privileges and impact your system installation.
Do you want Alire to install this system package?
Using default: Yes
debconf: delaying package configuration, since apt-utils is not installed
Selecting previously unselected package libmagic-mgc.
(Reading database ... 
(Reading database ... 5%
(Reading database ... 10%
(Reading database ... 15%
(Reading database ... 20%
(Reading database ... 25%
(Reading database ... 30%
(Reading database ... 35%
(Reading database ... 40%
(Reading database ... 45%
(Reading database ... 50%
(Reading database ... 55%
(Reading database ... 60%
(Reading database ... 65%
(Reading database ... 70%
(Reading database ... 75%
(Reading database ... 80%
(Reading database ... 85%
(Reading database ... 90%
(Reading database ... 95%
(Reading database ... 100%
(Reading database ... 22383 files and directories currently installed.)
Preparing to unpack .../00-libmagic-mgc_1%3a5.39-3_amd64.deb ...
Unpacking libmagic-mgc (1:5.39-3) ...
Selecting previously unselected package libmagic1:amd64.
Preparing to unpack .../01-libmagic1_1%3a5.39-3_amd64.deb ...
Unpacking libmagic1:amd64 (1:5.39-3) ...
Selecting previously unselected package file.
Preparing to unpack .../02-file_1%3a5.39-3_amd64.deb ...
Unpacking file (1:5.39-3) ...
Selecting previously unselected package libsigsegv2:amd64.
Preparing to unpack .../03-libsigsegv2_2.13-1_amd64.deb ...
Unpacking libsigsegv2:amd64 (2.13-1) ...
Selecting previously unselected package m4.
Preparing to unpack .../04-m4_1.4.18-5_amd64.deb ...
Unpacking m4 (1.4.18-5) ...
Selecting previously unselected package autoconf.
Preparing to unpack .../05-autoconf_2.69-14_all.deb ...
Unpacking autoconf (2.69-14) ...
Selecting previously unselected package autotools-dev.
Preparing to unpack .../06-autotools-dev_20180224.1+nmu1_all.deb ...
Unpacking autotools-dev (20180224.1+nmu1) ...
Selecting previously unselected package automake.
Preparing to unpack .../07-automake_1%3a1.16.3-2_all.deb ...
Unpacking automake (1:1.16.3-2) ...
Selecting previously unselected package libglib2.0-0:amd64.
Preparing to unpack .../08-libglib2.0-0_2.66.8-1_amd64.deb ...
Unpacking libglib2.0-0:amd64 (2.66.8-1) ...
Selecting previously unselected package libglib2.0-data.
Preparing to unpack .../09-libglib2.0-data_2.66.8-1_all.deb ...
Unpacking libglib2.0-data (2.66.8-1) ...
Selecting previously unselected package libicu67:amd64.
Preparing to unpack .../10-libicu67_67.1-7_amd64.deb ...
Unpacking libicu67:amd64 (67.1-7) ...
Selecting previously unselected package libltdl7:amd64.
Preparing to unpack .../11-libltdl7_2.4.6-15_amd64.deb ...
Unpacking libltdl7:amd64 (2.4.6-15) ...
Selecting previously unselected package libltdl-dev:amd64.
Preparing to unpack .../12-libltdl-dev_2.4.6-15_amd64.deb ...
Unpacking libltdl-dev:amd64 (2.4.6-15) ...
Selecting previously unselected package liblua5.3-0:amd64.
Preparing to unpack .../13-liblua5.3-0_5.3.3-1.1+b1_amd64.deb ...
Unpacking liblua5.3-0:amd64 (5.3.3-1.1+b1) ...
Selecting previously unselected package libncurses6:amd64.
Preparing to unpack .../14-libncurses6_6.2+20201114-2_amd64.deb ...
Unpacking libncurses6:amd64 (6.2+20201114-2) ...
Selecting previously unselected package libncurses-dev:amd64.
Preparing to unpack .../15-libncurses-dev_6.2+20201114-2_amd64.deb ...
Unpacking libncurses-dev:amd64 (6.2+20201114-2) ...
Selecting previously unselected package libreadline-dev:amd64.
Preparing to unpack .../16-libreadline-dev_8.1-1_amd64.deb ...
Unpacking libreadline-dev:amd64 (8.1-1) ...
Selecting previously unselected package liblua5.3-dev:amd64.
Preparing to unpack .../17-liblua5.3-dev_5.3.3-1.1+b1_amd64.deb ...
Unpacking liblua5.3-dev:amd64 (5.3.3-1.1+b1) ...
Selecting previously unselected package libtool.
Preparing to unpack .../18-libtool_2.4.6-15_all.deb ...
Unpacking libtool (2.4.6-15) ...
Selecting previously unselected package libtool-bin.
Preparing to unpack .../19-libtool-bin_2.4.6-15_amd64.deb ...
Unpacking libtool-bin (2.4.6-15) ...
Selecting previously unselected package libxml2:amd64.
Preparing to unpack .../20-libxml2_2.9.10+dfsg-6.7+deb11u2_amd64.deb ...
Unpacking libxml2:amd64 (2.9.10+dfsg-6.7+deb11u2) ...
Selecting previously unselected package pkg-config.
Preparing to unpack .../21-pkg-config_0.29.2-1_amd64.deb ...
Unpacking pkg-config (0.29.2-1) ...
Selecting previously unselected package shared-mime-info.
Preparing to unpack .../22-shared-mime-info_2.0-1_amd64.deb ...
Unpacking shared-mime-info (2.0-1) ...
Selecting previously unselected package xdg-user-dirs.
Preparing to unpack .../23-xdg-user-dirs_0.17-2_amd64.deb ...
Unpacking xdg-user-dirs (0.17-2) ...
Setting up libicu67:amd64 (67.1-7) ...
Setting up xdg-user-dirs (0.17-2) ...
Setting up libmagic-mgc (1:5.39-3) ...
Setting up libglib2.0-0:amd64 (2.66.8-1) ...
No schema files found: doing nothing.
Setting up libmagic1:amd64 (1:5.39-3) ...
Setting up file (1:5.39-3) ...
Setting up autotools-dev (20180224.1+nmu1) ...
Setting up libglib2.0-data (2.66.8-1) ...
Setting up libncurses6:amd64 (6.2+20201114-2) ...
Setting up libsigsegv2:amd64 (2.13-1) ...
Setting up pkg-config (0.29.2-1) ...
Setting up libltdl7:amd64 (2.4.6-15) ...
Setting up liblua5.3-0:amd64 (5.3.3-1.1+b1) ...
Setting up libxml2:amd64 (2.9.10+dfsg-6.7+deb11u2) ...
Setting up libncurses-dev:amd64 (6.2+20201114-2) ...
Setting up libtool (2.4.6-15) ...
Setting up m4 (1.4.18-5) ...
Setting up libreadline-dev:amd64 (8.1-1) ...
Setting up shared-mime-info (2.0-1) ...
Setting up autoconf (2.69-14) ...
Setting up automake (1:1.16.3-2) ...
update-alternatives: using /usr/bin/automake-1.16 to provide /usr/bin/automake (automake) in auto mode
Setting up libtool-bin (2.4.6-15) ...
Setting up liblua5.3-dev:amd64 (5.3.3-1.1+b1) ...
Setting up libltdl-dev:amd64 (2.4.6-15) ...
Processing triggers for libc-bin (2.31-13) ...
Setup
   [mkdir]        object directory for project Ada_Lua
   [mkdir]        library directory for project Ada_Lua
Compile
   [Ada]          lua-ada_types.adb
   [Ada]          lua-utils.adb
   [Ada]          lua.adb
   [Ada]          lua-ada_limited_types.adb
Build Libraries
   [gprlib]       Ada_Lua.lexch
   [archive]      libAda_Lua.a
   [index]        libAda_Lua.a

ada_lua=0.1.0 successfully retrieved and built.
Dependencies were solved as follows:

   + liblua 5.3.3 (new)
