Test ran at 2022-09-24 13:04:40.561595+00:00

SOLUTION:
freetypeada=0.1.0: Thick binding to the FreeType library
Origin: commit 4fd90f573dc83a9b23e462520a60eb6a8dd92878 from https://github.com/flyx/FreeTypeAda.git
Properties:
   Author: Felix Krause
   Description: Thick binding to the FreeType library
   case OS is
      when Linux => GPR External: FreeType_Linker_Param := -lfreetype
      when Macos => GPR External: FreeType_Linker_Param := -lfreetype
      when Windows => GPR External: FreeType_Linker_Param := -lfreetype-6
   License: MIT
   Maintainer: Felix Krause <contact@flyx.org>
   Maintainers_Logins: flyx
   Name: freetypeada
   Project_File: freetype.gpr
   Tag: fonts
   Tag: rendering
   Version: 0.1.0
   Website: https://github.com/flyx/FreeTypeAda
Dependencies (direct):
   case OS is
      when Linux => libfreetype^2
      when Windows => libfreetype^2
warning: Index 'community' version (1.2.0) is older than the newest supported by alr (1.2.1)
warning: You can disable this warning with configuration key 'warning.old_index'
Note: If you experience any problems loading this index, you may need to reset the community index with 'alr index --reset-community'. Note that this operation will delete any local changes to the community index.
Dependencies (external):
   libfreetype^2 (direct,hinted)
Dependencies (graph):
   freetypeada=0.1.0 --> libfreetype^2
Dependencies cannot be met


LOG:
