Test ran at 2024-10-16 12:29:41.836418+00:00

SOLUTION:
socketcan=1.0.0: An Ada language binding to SocketCAN for GNU/Linux systems
Origin: source archive v1.0.0.tar.gz at https://github.com/glencornell/ada-socketcan/archive/v1.0.0.tar.gz with hash sha512:8c5e2acd867965f9fc45ba8cefedd09eefc02da0a0b705309120dec7339bfc4f21ebff8d098c983207c141bc506ca1236b67762d870732151bd07c197090978d
Available when: (case OS is Linux => True, others => False)
Properties:
   Description: An Ada language binding to SocketCAN for GNU/Linux systems
   License: LGPL-3.0-only
   Maintainer: glen.m.cornell@gmail.com
   Maintainers_Logins: glencornell
   Name: socketcan
   Project_File: src/socketcan.gpr
   Version: 1.0.0


LOG:
Note: Deploying socketcan=1.0.0...
#=#=#                                                                          
Note: Building socketcan/src/socketcan.gpr...
Setup
   [mkdir]        object directory for project Socketcan
   [mkdir]        library directory for project Socketcan
Compile
   [Ada]          sockets-can_frame.ads
   [Ada]          sockets-can_thin.adb
   [Ada]          sockets-os_constants.ads
   [Ada]          sockets.ads
   [Ada]          sockets-can.adb
   [Ada]          sockets-can-broadcast_manager.adb
   [Ada]          sockets-can_bcm_thin.ads
Build Libraries
   [gprlib]       socketcan.lexch
   [link library] libsocketcan.so
/home/runner/.config/alire/cache/dependencies/gnat_native_10.3.2_d7078088/bin/../lib/gcc/x86_64-pc-linux-gnu/10.3.0/../../../../x86_64-pc-linux-gnu/bin/ld: /lib/x86_64-linux-gnu/libc.so.6: unknown type [0x13] section `.relr.dyn'
/home/runner/.config/alire/cache/dependencies/gnat_native_10.3.2_d7078088/bin/../lib/gcc/x86_64-pc-linux-gnu/10.3.0/../../../../x86_64-pc-linux-gnu/bin/ld: skipping incompatible /lib/x86_64-linux-gnu/libc.so.6 when searching for /lib/x86_64-linux-gnu/libc.so.6
/home/runner/.config/alire/cache/dependencies/gnat_native_10.3.2_d7078088/bin/../lib/gcc/x86_64-pc-linux-gnu/10.3.0/../../../../x86_64-pc-linux-gnu/bin/ld: cannot find /lib/x86_64-linux-gnu/libc.so.6
/home/runner/.config/alire/cache/dependencies/gnat_native_10.3.2_d7078088/bin/../lib/gcc/x86_64-pc-linux-gnu/10.3.0/../../../../x86_64-pc-linux-gnu/bin/ld: /lib/x86_64-linux-gnu/libc.so.6: unknown type [0x13] section `.relr.dyn'
/home/runner/.config/alire/cache/dependencies/gnat_native_10.3.2_d7078088/bin/../lib/gcc/x86_64-pc-linux-gnu/10.3.0/../../../../x86_64-pc-linux-gnu/bin/ld: skipping incompatible /lib/x86_64-linux-gnu/libc.so.6 when searching for /lib/x86_64-linux-gnu/libc.so.6
/home/runner/.config/alire/cache/dependencies/gnat_native_10.3.2_d7078088/bin/../lib/gcc/x86_64-pc-linux-gnu/10.3.0/../../../../x86_64-pc-linux-gnu/bin/ld: /lib64/ld-linux-x86-64.so.2: unknown type [0x13] section `.relr.dyn'
/home/runner/.config/alire/cache/dependencies/gnat_native_10.3.2_d7078088/bin/../lib/gcc/x86_64-pc-linux-gnu/10.3.0/../../../../x86_64-pc-linux-gnu/bin/ld: skipping incompatible /lib64/ld-linux-x86-64.so.2 when searching for /lib64/ld-linux-x86-64.so.2
/home/runner/.config/alire/cache/dependencies/gnat_native_10.3.2_d7078088/bin/../lib/gcc/x86_64-pc-linux-gnu/10.3.0/../../../../x86_64-pc-linux-gnu/bin/ld: cannot find /lib64/ld-linux-x86-64.so.2
/home/runner/.config/alire/cache/dependencies/gnat_native_10.3.2_d7078088/bin/../lib/gcc/x86_64-pc-linux-gnu/10.3.0/../../../../x86_64-pc-linux-gnu/bin/ld: /lib64/ld-linux-x86-64.so.2: unknown type [0x13] section `.relr.dyn'
/home/runner/.config/alire/cache/dependencies/gnat_native_10.3.2_d7078088/bin/../lib/gcc/x86_64-pc-linux-gnu/10.3.0/../../../../x86_64-pc-linux-gnu/bin/ld: skipping incompatible /lib64/ld-linux-x86-64.so.2 when searching for /lib64/ld-linux-x86-64.so.2
collect2: error: ld returned 1 exit status
gprlib: /home/runner/.config/alire/cache/dependencies/gnat_native_10.3.2_d7078088/bin/gcc execution error
gprbuild: could not build library for project socketcan
stderr: Command ["gprbuild", "-s", "-j0", "-p", "-P", "/home/runner/work/alire-crates-ci/alire-crates-ci/test/f3a8734a-846e-452a-ab6d-955d0ce32f1e/socketcan_1.0.0_8c5e2acd/src/socketcan.gpr"] exited with code 4
ERROR: Command ["gprbuild", "-s", "-j0", "-p", "-P", "/home/runner/work/alire-crates-ci/alire-crates-ci/test/f3a8734a-846e-452a-ab6d-955d0ce32f1e/socketcan_1.0.0_8c5e2acd/src/socketcan.gpr"] exited with code 4
stderr: ALIRE.CHECKED_ERROR
stderr: Command ["gprbuild", "-s", "-j0", "-p", "-P", "/home/runner/work/alire-crates-ci/alire-crates-ci/test/f3a8734a-846e-452a-ab6d-955d0ce32f1e/socketcan_1.0.0_8c5e2acd/src/socketcan.gpr"] exited with code 4
stderr: raised ALIRE.CHECKED_ERROR : alire-stored-error:1
[/home/runner/work/alire-crates-ci/alire-crates-ci/alire_install/bin/alr]
0xd7ada2 Alire.Raise_Checked_Error at alire.adb:251
0xa423cf Alire.Os_Lib.Subprocess.Checked_Spawn at alire-os_lib-subprocess.adb:110
0xc5cdee Alire.Spawn.Command at alire-spawn.adb:21
0xc5d51c Alire.Spawn.Gprbuild at alire-spawn.adb:41
0xbc1550 Alire.Roots.Build.Build_Single_Release.Call_Gprbuild at alire-roots.adb:140
0xbbfbaf Alire.Roots.Build.Build_Single_Release at alire-roots.adb:171
0xbdb95e Alire.Roots.Traverse.Traverse_Wrap at alire-roots.adb:1364
0xc25a8b Alire.Solutions.Traverse.Visit at alire-solutions.adb:1443
0xc246a2 Alire.Solutions.Traverse at alire-solutions.adb:1518
0xbdbaac Alire.Roots.Traverse at alire-roots.adb:1368
0xbbff40 Alire.Roots.Build at alire-roots.adb:196
0x4a0334 Alr.Commands.Build.Execute at alr-commands-build.adb:58
0x4b065a Alr.Commands.Get.Retrieve at alr-commands-get.adb:187
0x4b4e77 Alr.Commands.Get.Execute at alr-commands-get.adb:348
0x53bb7e Alr.Commands.Sub_Cmd.Execute at clic-subcommand-instance.adb:742
0x54756f Alr.Commands.Execute at alr-commands.adb:492
0x43cb1a Alr.Main at alr-main.adb:10
0x43f3e7 Main at b__alr-main.adb:2132
[/lib/x86_64-linux-gnu/libc.so.6]
0x7f3c06c2a1c8
0x7f3c06c2a289
[/home/runner/work/alire-crates-ci/alire-crates-ci/alire_install/bin/alr]
0x43c9f8 _start at ???
0xfffffffffffffffe


Warning: socketcan=1.0.0 successfully retrieved but its build failed.
There are no dependencies.
ERROR: Build ended with errors
