Test ran at 2024-11-03 00:54:04.863502+00:00

SOLUTION:
agpl=1.0.0: Ada General Purpose Library with a robotics flavor
Origin: source archive v1.0.0.tar.gz at https://github.com/mosteo/agpl/archive/v1.0.0.tar.gz with hash sha512:b5da332019cb2a2f91540bfe570f8820ce9d56e93449d1839e0f2e1c4d52d9bc759ac78826887c6da038dc23bd1f7444ac04c0518d6280ae718e6ce4f9222881
Properties:
   Author: alejandro@mosteo.com
   Description: Ada General Purpose Library with a robotics flavor
   GPR Scenario: Agpl_Include_Boost := True | False
   GPR Scenario: Agpl_Include_Concorde := True | False
   GPR Scenario: Agpl_Include_Db := True | False
   GPR Scenario: Agpl_Include_PngIO := True | False
   License: LGPL-3.0-only
   Maintainer: alejandro@mosteo.com
   Maintainers_Logins: mosteo
   Name: agpl
   Version: 1.0.0
Dependencies (direct):
   libgsl*
Dependencies (solution):
   libgsl=2.7.1
Dependencies (graph):
   agpl=1.0.0 --> libgsl=2.7.1 (*)


LOG:
Note: Deploying agpl=1.0.0...
#=#=#                                                                         
##O#-#                                                                        
##=O#- #                                                                      
# #=O#- #                                                                     
 # #=O#-  #                                                                   
Note: Deploying libgsl=2.7.1...
Note: Building agpl/agpl.gpr...
Compile
   [C]            agpl__random__c.c
   [C]            bellman_ford.c
   [Ada]          agpl-trace_is.ads
   [Ada]          unicode-ces-basic_8bit.adb
   [Ada]          unicode-names-canadian_aboriginal.ads
   [Ada]          unicode-names-currency_symbols.ads
   [Ada]          unicode-names-hangul_compatibility_jamo.ads
   [Ada]          unicode-ces-utf8.adb
   [Ada]          unicode-names-basic_latin.ads
   [Ada]          unicode-names-letterlike_symbols.ads
   [Ada]          unicode.adb
   [Ada]          unicode-names-low_surrogates.ads
   [Ada]          unicode-names-tibetan.ads
   [Ada]          unicode-names-ogham.ads
   [Ada]          unicode-names-enclosed_alphanumerics.ads
   [Ada]          unicode-names-small_form_variants.ads
   [Ada]          unicode-names-arabic_present_formsb.ads
   [Ada]          unicode-names-yi_radicals.ads
   [Ada]          unicode-names-oriya.ads
   [Ada]          dom-core-cdata_sections.ads
   [Ada]          unicode-names-control_pictures.ads
   [Ada]          unicode-names-gujarati.ads
   [Ada]          unicode-names-optical_chars_recognition.ads
   [Ada]          unicode-names.ads
   [Ada]          unicode-names-geometric_shapes.ads
   [Ada]          unicode-names-cjk_compatibility.ads
   [Ada]          unicode-names-general_punctuation.ads
   [Ada]          unicode-names-arabic_present_formsa.ads
   [Ada]          sax-htable.adb
   [Ada]          unicode-names-tamil.ads
   [Ada]          unicode-names-combining_diacritical.ads
   [Ada]          unicode-names-dingbats.ads
   [Ada]          input_sources.adb
   [Ada]          sax.ads
   [Ada]          unicode-names-cjk_compatibility_forms.ads
   [Ada]          unicode-ccs.adb
   [Ada]          unicode-names-super_and_sub_scripts.ads
   [Ada]          unicode-names-malayalam.ads
   [Ada]          dom-core-texts.adb
   [Ada]          unicode-names-kangxi_radicals.ads
   [Ada]          unicode-names-telugu.ads
   [Ada]          unicode-names-hiragana.ads
   [Ada]          unicode-names-armenian.ads
   [Ada]          unicode-names-gurmukhi.ads
   [Ada]          dom-core-document_types.adb
   [Ada]          unicode-names-high_private_surrogates.ads
   [Ada]          unicode-names-hebrew.ads
   [Ada]          sax-encodings.ads
   [Ada]          unicode-ces-utf32.adb
   [Ada]          dom-core-comments.ads
   [Ada]          unicode-names-private_use.ads
   [Ada]          unicode-names-alpha_presentation_forms.ads
   [Ada]          sax-exceptions.adb
   [Ada]          dom-core-document_fragments.ads
   [Ada]          unicode-names-kanbun.ads
   [Ada]          unicode-names-cjk_compat_ideographs.ads
   [Ada]          unicode-ccs-iso_8859_2.adb
   [Ada]          unicode-names-hangul_syllables.ads
   [Ada]          dom-core-entity_references.ads
   [Ada]          sax-readers.adb
   [Ada]          unicode-names-bopomofo_extended.ads
   [Ada]          unicode-ccs-iso_8859_1.adb
   [Ada]          unicode-names-latin_extended_additional.ads
   [Ada]          unicode-names-combining_marks_symbols.ads
   [Ada]          unicode-names-yi_syllables.ads
   [Ada]          unicode-names-hangul_jamo.ads
   [Ada]          unicode-names-cyrillic.ads
   [Ada]          unicode-names-high_surrogates.ads
   [Ada]          unicode-names-georgian.ads
   [Ada]          unicode-names-box_drawing.ads
   [Ada]          unicode-names-syriac.ads
   [Ada]          dom.ads
   [Ada]          unicode-names-latin_extended_a.ads
   [Ada]          unicode-ccs-iso_8859_3.adb
   [Ada]          unicode-names-mathematical_operators.ads
   [Ada]          dom-core.adb
   [Ada]          unicode-names-bengali.ads
   [Ada]          unicode-names-greek.ads
   [Ada]          dom-core-documents.adb
   [Ada]          dom-core-processing_instructions.ads
   [Ada]          unicode-ces-utf16.adb
   [Ada]          dom-core-attrs.adb
   [Ada]          unicode-names-greek_extended.ads
   [Ada]          unicode-names-latin_extended_b.ads
   [Ada]          unicode-names-ipa_extensions.ads
   [Ada]          dom-core-notations.adb
   [Ada]          unicode-names-miscellaneous_symbols.ads
   [Ada]          unicode-names-specials.ads
   [Ada]          unicode-names-spacing_modifier_letters.ads
   [Ada]          unicode-ces.adb
   [Ada]          sax-models.adb
   [Ada]          unicode-names-cjk_radicals_supplement.ads
   [Ada]          unicode-names-sinhala.ads
   [Ada]          unicode-names-miscellaneous_technical.ads
   [Ada]          unicode-names-kannada.ads
   [Ada]          unicode-names-khmer.ads
   [Ada]          unicode-names-braille_patterns.ads
   [Ada]          unicode-names-mongolian.ads
   [Ada]          unicode-names-lao.ads
   [Ada]          unicode-names-half_full_withdt_forms.ads
   [Ada]          unicode-names-thaana.ads
   [Ada]          unicode-ccs-iso_8859_4.adb
   [Ada]          unicode-names-cjk_unified_ideographs.ads
   [Ada]          input_sources-file.adb
   [Ada]          dom-readers.adb
   [Ada]          unicode-names-ethiopic.ads
   [Ada]          unicode-names-cjk_letters_months.ads
   [Ada]          unicode-names-cherokee.ads
   [Ada]          dom-core-nodes.adb
   [Ada]          unicode-names-ideograph_descr_chars.ads
   [Ada]          unicode-names-runic.ads
   [Ada]          unicode-names-latin_1_supplement.ads
   [Ada]          dom-core-character_datas.adb
   [Ada]          unicode-names-devanagari.ads
   [Ada]          unicode-names-bopomofo.ads
   [Ada]          unicode-names-combining_half_marks.ads
   [Ada]          unicode-names-katakana.ads
   [Ada]          input_sources-strings.adb
   [Ada]          sax-locators.adb
   [Ada]          sax-attributes.adb
   [Ada]          dom-core-elements.adb
   [Ada]          unicode-names-arabic.ads
   [Ada]          unicode-names-myanmar.ads
   [Ada]          unicode-names-number_forms.ads
   [Ada]          unicode-names-arrows.ads
   [Ada]          unicode-names-block_elements.ads
   [Ada]          unicode-names-thai.ads
   [Ada]          unicode-names-cjk_symbols_and_punct.ads
   [Ada]          exchange.adb
   [Ada]          permutations.adb
   [Ada]          asl-semaphore.ads
   [Ada]          asl.ads
   [Ada]          asl-semaphore-counting.adb
   [Ada]          agpl-strings.adb
   [Ada]          agpl-drawing-predrawer.adb
   [Ada]          agpl-generic_limited_file_store.adb
   [Ada]          agpl-types.ads
   [Ada]          agpl-stochastics-mdp-state.adb
   [Ada]          agpl-scaling1d.adb
   [Ada]          agpl-optimization.adb
   [Ada]          agpl-stochastics-mdp-action.ads
   [Ada]          agpl-search.ads
   [Ada]          agpl-tasking-workers.ads
   [Ada]          agpl-interfaces-c.ads
   [Ada]          agpl-containers-string_sets.ads
   [Ada]          agpl-command_line.adb
   [Ada]          agpl-exceptions.adb
   [Ada]          agpl-interfaces-c-arrays.adb
   [Ada]          agpl-simple_dictionary.adb
   [Ada]          agpl-event_queues-calendar.adb
agpl-tasking-workers.ads:4:01: warning: in instantiation at agpl-tasking-generic_workers.adb:165
agpl-tasking-workers.ads:4:01: warning: use of an anonymous access type allocator
   [Ada]          agpl-tasking-generic_workers.adb
   [Ada]          agpl-stochastics-mdp-solver.ads
   [Ada]          agpl-search-a_star.adb
   [Ada]          agpl-strings-fields.adb
   [Ada]          agpl-generic_messenger.adb
   [Ada]          agpl-protected_datastore.adb
   [Ada]          agpl-graph.adb
   [Ada]          agpl-delayer.adb
agpl-delayer.adb:19:13: warning: potentially blocking operation in protected operation
   [Ada]          agpl-types-ustrings.adb
   [Ada]          agpl-gtk-tree_utils.ads
   [Ada]          agpl-segmented_thing.adb
   [Ada]          agpl-random.adb
agpl-random.ads:61:11: warning: unrecognized pragma "Buggy"
   [Ada]          agpl-containers-bags.adb
   [Ada]          agpl-tasking-period.adb
   [Ada]          agpl-timed_log.adb
/home/runner/work/alire-crates-ci/alire-crates-ci/test/9da6a02a-0539-487a-a7fb-676e162d20ab/agpl_1.0.0_b5da3320/src/agpl-graph.adb: In function 'Agpl.Graph.Get_Bmp':
/home/runner/work/alire-crates-ci/alire-crates-ci/test/9da6a02a-0539-487a-a7fb-676e162d20ab/agpl_1.0.0_b5da3320/src/agpl-graph.adb:69:21: warning: 'Prevy' may be used uninitialized in this function [-Wmaybe-uninitialized]
/home/runner/work/alire-crates-ci/alire-crates-ci/test/9da6a02a-0539-487a-a7fb-676e162d20ab/agpl_1.0.0_b5da3320/src/agpl-graph.adb:69:21: warning: 'Prevx' may be used uninitialized in this function [-Wmaybe-uninitialized]
   [Ada]          agpl-trace-file.adb
   [Ada]          agpl-containers-unbounded_trees.adb
   [Ada]          agpl-bandwidth_throttle.adb
   [Ada]          agpl-containers-ntrees.adb
agpl-containers-unbounded_trees.adb:311:14: warning: unrecognized pragma "Bug_Workaround"
agpl-containers-unbounded_trees.adb:593:17: warning: unrecognized pragma "Bug_Workaround"
   [Ada]          agpl-event_queues.ads
   [Ada]          agpl-socket_utils.adb
   [Ada]          agpl-reflection.adb
agpl-socket_utils.adb:5:10: warning: no entities of "Agpl.Text_Io" are referenced
   [Ada]          agpl-gtk.ads
   [Ada]          agpl-protected_values-duration.ads
   [Ada]          agpl-statistics-series.adb
agpl-statistics-series.adb:15:13: warning: function "S" is not referenced
   [Ada]          agpl-aux.ads
   [Ada]          agpl-stochastics-mdp.ads
   [Ada]          agpl-cv.adb
   [Ada]          agpl-graphs-base.ads
   [Ada]          agpl-streams-filter-buffered_unbounded.adb
   [Ada]          agpl-streams-memory_arrays_constrained.adb
   [Ada]          agpl-counter.adb
   [Ada]          agpl-average_queue_float.ads
   [Ada]          agpl-ignore_function.adb
   [Ada]          agpl-optimization-annealing-solution.adb
   [Ada]          agpl-reflection-durations.ads
   [Ada]          agpl-filesystem.adb
agpl-optimization-annealing-solution.adb:81:07: warning: use clause for package "Annealing" has no effect
   [Ada]          agpl-ip.adb
   [Ada]          agpl-tasking-throttle.adb
   [Ada]          agpl-bmp.adb
   [Ada]          agpl-stochastics-mdp-solver-naive3.adb
   [Ada]          agpl-stochastics-mdp-containers.ads
   [Ada]          agpl-average_queue.adb
   [Ada]          agpl-interfaces.ads
   [Ada]          agpl-safe_file.adb
   [Ada]          agpl-if_function.adb
   [Ada]          agpl-context_controllers.adb
   [Ada]          agpl-smart_access.adb
   [Ada]          agpl-gui.ads
   [Ada]          agpl-tasking.ads
   [Ada]          agpl-drawing-figures.adb
   [Ada]          agpl-task_termination.adb
agpl-protected_datastore.adb:131:10: warning: use clause for package "Key_Listener_Maps" has no effect
   [Ada]          agpl-generic_file_store.adb
   [Ada]          agpl-containers-string_vectors.ads
   [Ada]          agpl-protected_datastore-integers.adb
   [Ada]          agpl-types-constants.ads
   [Ada]          agpl-monitor.adb
   [Ada]          agpl-stochastics-mdp-solver-common.adb
   [Ada]          agpl-tasking-code.ads
agpl-stochastics-mdp-solver-common.adb:14:04: warning: use clause for private type "Ada.Containers.Indefinite_Hashed_Maps.Cursor" from instance at agpl-stochastics-mdp-containers.ads:16 has no effect
agpl-stochastics-mdp-solver-common.adb:15:04: warning: use clause for private type "Ada.Containers.Indefinite_Hashed_Maps.Cursor" from instance at agpl-stochastics-mdp-containers.ads:26 has no effect
agpl-stochastics-mdp-solver-common.adb:136:13: warning: "Visited" is not modified, could be declared constant
agpl-stochastics-mdp-solver-common.adb:137:13: warning: "Immediate" is not modified, could be declared constant
agpl-stochastics-mdp-solver-common.adb:201:13: warning: "Visited" is not modified, could be declared constant
agpl-stochastics-mdp-solver-common.adb:202:13: warning: "Immediate" is not modified, could be declared constant
agpl-stochastics-mdp-solver-common.adb:259:27: warning: "Cursor" is already use-visible through previous use_type_clause
   [Ada]          agpl-protected_values.ads
   [Ada]          agpl-containers-string_integer_maps.ads
   [Ada]          agpl-calendar.ads
   [Ada]          agpl.ads
   [Ada]          agpl-optimization-annealing.adb
agpl-optimization-annealing.ads:72:07: warning: formal object "Settle_Umbral" is not referenced
   [Ada]          agpl-db.ads
   [Ada]          agpl-debug-timer.adb
   [Ada]          agpl-average_queue-timed.adb
   [Ada]          agpl-tasking-code-handle.ads
   [Ada]          agpl-drawing-predrawer-generic_color.adb
   [Ada]          agpl-drawing-buffer.adb
   [Ada]          agpl-containers-bulk-utils.adb
   [Ada]          agpl-streams-file.adb
/home/runner/work/alire-crates-ci/alire-crates-ci/test/9da6a02a-0539-487a-a7fb-676e162d20ab/agpl_1.0.0_b5da3320/src/agpl-transf2d.adb: In function 'Agpl.Drawing.Figures.Transform.Inverse.2xnn':
/home/runner/work/alire-crates-ci/alire-crates-ci/test/9da6a02a-0539-487a-a7fb-676e162d20ab/agpl_1.0.0_b5da3320/src/agpl-transf2d.adb:254:13: warning: 'J_Pivot' may be used uninitialized in this function [-Wmaybe-uninitialized]
/home/runner/work/alire-crates-ci/alire-crates-ci/test/9da6a02a-0539-487a-a7fb-676e162d20ab/agpl_1.0.0_b5da3320/src/agpl-transf2d.adb:245:13: warning: 'I_Pivot' may be used uninitialized in this function [-Wmaybe-uninitialized]
   [Ada]          agpl-trace-utils.adb
   [Ada]          agpl-aux-indexer_string_integer.ads
   [Ada]          agpl-statistics.ads
   [Ada]          agpl-trace.adb
   [Ada]          agpl-containers-naked_vectors.adb
   [Ada]          agpl-transf2d.adb
   [Ada]          agpl-text_io.ads
   [Ada]          agpl-protected_value.adb
   [Ada]          agpl-protected_values-integers.adb
   [Ada]          agpl-streams-circular_unbounded.adb
   [Ada]          agpl-calendar-serializable_time.adb
   [Ada]          agpl-drawing-multisource.adb
   [Ada]          agpl-containers.ads
   [Ada]          agpl-generic_indefinite_file_store.adb
   [Ada]          agpl-stochastics-mdp-solver-naive.adb
agpl-stochastics-mdp-solver-naive.adb:20:07: warning: "Actions" is not modified, could be declared constant
   [Ada]          agpl-smart_access_limited_debug.adb
   [Ada]          agpl-colors.adb
agpl-smart_access_limited_debug.adb:1:10: warning: unit "Agpl.Text_Io" is not referenced
agpl-smart_access_limited_debug.ads:4:04: warning: formal object "Item_id" is not referenced
   [Ada]          agpl-interfaces-c-types.adb
   [Ada]          agpl-conversions.adb
   [Ada]          agpl-graphs-bellman_ford.adb
agpl-conversions.adb:222:15: warning: use of an anonymous access type allocator
agpl-conversions.adb:223:15: warning: use of an anonymous access type allocator
agpl-conversions.adb:224:15: warning: use of an anonymous access type allocator
agpl-conversions.adb:225:15: warning: use of an anonymous access type allocator
agpl-conversions.adb:226:15: warning: use of an anonymous access type allocator
   [Ada]          agpl-trace-buffer.adb
   [Ada]          agpl-trace-root.adb
   [Ada]          agpl-optimization-annealing-solver.adb
   [Ada]          agpl-graph-timed.adb
   [Ada]          agpl-xml-utils.ads
   [Ada]          agpl-os_utils.adb
   [Ada]          agpl-timed_transformer.adb
   [Ada]          agpl-counter-multi.adb
   [Ada]          agpl-constants.ads
   [Ada]          agpl-stochastics-mdp-problem.adb
   [Ada]          agpl-reflection-booleans.ads
   [Ada]          agpl-containers-indefinite_multiordered_maps.adb
   [Ada]          agpl-reflection-floats.ads
   [Ada]          agpl-drawing.adb
   [Ada]          agpl-containers-string_float_maps.ads
   [Ada]          agpl-strings-utf8.adb
   [Ada]          agpl-stochastics-mdp-solver-backwards.adb
   [Ada]          agpl-drawing-transformations.adb
   [Ada]          agpl-trace-console.adb
agpl-stochastics-mdp-solver-backwards.adb:88:10: warning: this code can never be executed and has been deleted
agpl-stochastics-mdp-solver-backwards.adb:134:25: warning: this code can never be executed and has been deleted
agpl-stochastics-mdp-solver-backwards.adb:165:53: warning: this code can never be executed and has been deleted
   [Ada]          agpl-bmp-draw.adb
   [Ada]          agpl-chronos.adb
   [Ada]          agpl-unique_id.adb
   [Ada]          agpl-calendar-format.adb
   [Ada]          agpl-streams-controlled.adb
   [Ada]          agpl-geoip.adb
   [Ada]          agpl-endian.adb
   [Ada]          agpl-generic_handle.adb
   [Ada]          agpl-stochastics-mdp-bellman.adb
   [Ada]          agpl-containers-bulk.ads
   [Ada]          agpl-generic_dense_matrix.adb
   [Ada]          agpl-streams-circular.adb
/home/runner/work/alire-crates-ci/alire-crates-ci/test/9da6a02a-0539-487a-a7fb-676e162d20ab/agpl_1.0.0_b5da3320/src/agpl-transf2d.adb: In function 'Agpl.Drawing.Transformations.Transf.Inverse':
/home/runner/work/alire-crates-ci/alire-crates-ci/test/9da6a02a-0539-487a-a7fb-676e162d20ab/agpl_1.0.0_b5da3320/src/agpl-transf2d.adb:254:13: warning: 'J_Pivot' may be used uninitialized in this function [-Wmaybe-uninitialized]
/home/runner/work/alire-crates-ci/alire-crates-ci/test/9da6a02a-0539-487a-a7fb-676e162d20ab/agpl_1.0.0_b5da3320/src/agpl-transf2d.adb:245:13: warning: 'I_Pivot' may be used uninitialized in this function [-Wmaybe-uninitialized]
   [Ada]          agpl-reflection-positives.ads
   [Ada]          agpl-graphs.ads
   [Ada]          agpl-reflection-naturals.ads
   [Ada]          agpl-smart_access_limited.adb
agpl-smart_access_limited.adb:156:17: warning: unrecognized pragma "Race_Condition"
   [Ada]          agpl-stochastics.ads
   [Ada]          agpl-strings-pointers.adb
   [Ada]          agpl-containers-protected_indefinite_doubly_linked_lists.adb
agpl-stochastics-mdp-bellman.adb:74:16: warning: use clause for package "Object_Lists" has no effect
   [Ada]          agpl-containers-graphs-adjacency.adb
   [Ada]          agpl-xml.adb
   [Ada]          agpl-streams-filter-bandwidth_throttle.adb
agpl-containers-graphs-adjacency.adb:56:14: warning: unrecognized pragma "Unrestricted_Used"
agpl-containers-graphs-adjacency.adb:253:29: warning: inner range same as outer range at line 252
   [Ada]          dom-core-nodes-output.adb
   [Ada]          agpl-streams-filter.adb
   [Ada]          agpl-generic_file_store-cache.adb
   [Ada]          agpl-containers-string_vector_vectors.ads
   [Ada]          agpl-protected_values-time.ads
   [Ada]          agpl-stochastics-mdp-outcome.adb
   [Ada]          agpl-containers-utils.adb
   [Ada]          agpl-containers-graphs.adb
agpl-containers-graphs.ads:8:04: warning: formal object "No_Vertex" is not referenced
agpl-containers-graphs.ads:10:04: warning: formal object "No_Edge" is not referenced
agpl-containers-graphs.ads:14:18: warning: function "Image" is not referenced
   [Ada]          agpl-streams-memory_arrays.adb
   [Ada]          agpl-streams-observable_filter.adb
   [Ada]          agpl-containers-algorithms.adb
   [Ada]          agpl-streams.adb
   [Ada]          agpl-drawing-predrawer-stock.ads
   [Ada]          agpl-streams-observable.ads
   [Ada]          agpl-ustrings.ads
   [Ada]          agpl-generic_limited_file_store-cache.adb
   [Ada]          agpl-reflection-integers.ads
   [Ada]          agpl-indefinite_protected_value.adb
   [Ada]          agpl-numbers.ads
agpl-numbers.ads:3:04: warning: formal object "First" is not referenced
agpl-numbers.ads:4:04: warning: formal object "Last" is not referenced
agpl-numbers.ads:5:18: warning: function "<" is not referenced
agpl-numbers.ads:6:18: warning: function "=" is not referenced
agpl-numbers.ads:7:18: warning: function "+" is not referenced
agpl-numbers.ads:8:18: warning: function "-" is not referenced
agpl-numbers.ads:9:18: warning: function "*" is not referenced
agpl-numbers.ads:10:18: warning: function "/" is not referenced
agpl-numbers.ads:11:18: warning: function "To_Number" is not referenced
agpl-numbers.ads:12:18: warning: function "To_Number" is not referenced
   [Ada]          agpl-scaling2d.adb
agpl-scaling2d.adb:5:09: warning: type "Prn" is not referenced
   [Ada]          agpl-stochastics-mdp-value_function.adb
   [Ada]          agpl-containers-indefinite_matrix2d.adb
   [Ada]          agpl-protected_sorted_index.adb
   [Ada]          agpl-url.adb
agpl-protected_sorted_index.adb:23:24: warning: "Success" modified by call, but value might not be referenced
   [Ada]          agpl-sequence.adb
   [Ada]          agpl-containers-string_string_maps.ads
   [Ada]          agpl-protected_values-ustrings.ads
   [Ada]          agpl-debug.adb
   [Ada]          agpl-containers-integer_sets.ads
   [Ada]          agpl-containers-graphs-algorithms.adb
   [Ada]          agpl-stochastics-mdp-solver-naive2.adb
   [Ada]          agpl-containers-ordered_multidimensional_maps.adb
Build finished successfully in 33.26 seconds.

agpl=1.0.0 successfully retrieved and built.
Dependencies were solved as follows:

   + libgsl 2.7.1 (new)
Found declared GPR file: agpl.gpr
