Test ran at 2024-12-20 12:36:38.812246+00:00

SOLUTION:
spat=1.3.0: SPAT - SPARK Proof Analysis Tool
Origin: commit 4ad4ab14447ac8cbbedcb8d47f026a66a73551d7 from https://github.com/HeisenbugLtd/spat.git
Properties:
   Author: Vinzent "Jellix" Saranen
   Description: SPAT - SPARK Proof Analysis Tool
   Executable: run_spat
   License: WTFPL
   Long_Description: SPAT - SPARK Proof Analysis Tools

Helper tool to obtain, analyse, sort, and filter timing information about
`gnatprove` runs (`SPARK` tools).

   Maintainer: vinzent@heisenbug.eu
   Maintainers_Logins: Jellix
   Name: spat
   Project_File: spat.gpr
   Tag: spark
   Version: 1.3.0
   Website: https://github.heisenbug.eu/spat
Dependencies (direct):
   case Toolchain is
      when System => gnatcoll>=19
   si_units~0.2
Dependencies (solution):
   si_units=0.2.0
Dependencies (graph):
   spat=1.3.0 --> si_units=0.2.0 (~0.2)


LOG:
Note: Deploying spat=1.3.0...
Note: Migrating lockfile from /Users/runner/work/alire-crates-ci/alire-crates-ci/test/3827ad1f-3e46-473f-aaeb-381c75cdbb8e/spat_1.3.0_4ad4ab14/alire.lock to /Users/runner/work/alire-crates-ci/alire-crates-ci/test/3827ad1f-3e46-473f-aaeb-381c75cdbb8e/spat_1.3.0_4ad4ab14/alire/alire.lock
Note: Deploying si_units=0.2.0...
Note: Building spat/spat.gpr...
spat.gpr:1:06: imported project file "gnatcoll" not found
gprbuild: "/Users/runner/work/alire-crates-ci/alire-crates-ci/test/3827ad1f-3e46-473f-aaeb-381c75cdbb8e/spat_1.3.0_4ad4ab14/spat.gpr" processing failed
stderr: Command ["gprbuild", "-s", "-j0", "-p", "-P", "/Users/runner/work/alire-crates-ci/alire-crates-ci/test/3827ad1f-3e46-473f-aaeb-381c75cdbb8e/spat_1.3.0_4ad4ab14/spat.gpr"] exited with code 4
ERROR: Command ["gprbuild", "-s", "-j0", "-p", "-P", "/Users/runner/work/alire-crates-ci/alire-crates-ci/test/3827ad1f-3e46-473f-aaeb-381c75cdbb8e/spat_1.3.0_4ad4ab14/spat.gpr"] exited with code 4
stderr: ALIRE.CHECKED_ERROR
stderr: Command ["gprbuild", "-s", "-j0", "-p", "-P", "/Users/runner/work/alire-crates-ci/alire-crates-ci/test/3827ad1f-3e46-473f-aaeb-381c75cdbb8e/spat_1.3.0_4ad4ab14/spat.gpr"] exited with code 4
stderr: raised ALIRE.CHECKED_ERROR : alire-stored-error:1
Load address: 0x102b9e000
Call stack traceback locations:
0x1034a6415 0x103179e83 0x10338cdf9 0x10338d581 0x1032edac3 0x1032ebf99 0x103308873 0x103354dc1 0x10335381a 0x1033089b8 0x1032ec349 0x102bfd9c1 0x102c0e578 0x102c1301c 0x102c9905c 0x102ca43b8 0x102b9f605 0x102ba2914


Warning: spat=1.3.0 successfully retrieved but its build failed.
Dependencies were solved as follows:

   + si_units 0.2.0 (new)
ERROR: Build ended with errors
