Test ran at 2022-06-02 12:30:26.702861+00:00

SOLUTION:
spawn=22.0.0: A simple library to spawn processes and communicate with them.
Origin: source archive v22.0.0.tar.gz at https://github.com/AdaCore/spawn/archive/refs/tags/v22.0.0.tar.gz with hash sha512:706c53dabe82994a809c33e984d467ff0f72a2ed9566dedc8262b2c908393f241546ce379a03ea50eb73bf2326b52fc4804d6e192810c703695fc32c9da0b530
Properties:
   Author: AdaCore
   Author: Max Reznik
   Description: A simple library to spawn processes and communicate with them.
   GPR Scenario: OS := unix | osx | Windows_NT
   case OS is
      when Linux => GPR External: OS := unix
      when Macos => GPR External: OS := osx
      when Windows => GPR External: OS := Windows_NT
   License: GPL-3.0-only WITH GCC-exception-3.1
   Long_Description: This is Glib indepentent implementation of a spawn processes interface.
   Maintainer: Vadim Godunko <vgodunko@gmail.com>
   Maintainer: Max Reznik <reznikmm@gmail.com>
   Maintainers_Logins: godunko
   Maintainers_Logins: reznikmm
   Name: spawn
   Project_File: gnat/spawn.gpr
   Tag: process
   Tag: launch
   Tag: pipe
   Version: 22.0.0
   Website: https://github.com/reznikmm/spawn


LOG:
Note: Deploying release spawn=22.0.0...
#=#=#                                                                         
##O#- #                                                                       
Setup
   [mkdir]        object directory for project Spawn
   [mkdir]        library directory for project Spawn
Compile
   [c]            posix_const.c
   [Ada]          spawn-string_vectors.ads
   [Ada]          spawn.ads
   [Ada]          spawn-posix.ads
   [Ada]          spawn-processes-monitor_loop.adb
   [Ada]          spawn-environments.adb
   [Ada]          spawn-internal__posix.adb
   [Ada]          spawn-environments-internal__posix.adb
   [Ada]          spawn-processes__posix.adb
   [Ada]          spawn-processes-monitor__posix.adb
Build Libraries
   [gprlib]       spawn.lexch
   [archive]      libspawn.a
   [index]        libspawn.a

spawn=22.0.0 successfully retrieved and built.
There are no dependencies.
