Test ran at 2024-10-08 01:38:42.168750+00:00

SOLUTION:
ayacc=1.3.0: An Ada LARL(1) parser generator
Origin: commit 9b8bf854e79f5e769a82f98f54ad638a14eb6dc7 from https://github.com/Ada-France/ayacc.git
Properties:
   Author: David Taback
   Author: Deepak Tolani
   Configuration: no modifiers
   Description: An Ada LARL(1) parser generator
   Executable: ayacc
   GPR Scenario: AYACC_BUILD := distrib | debug | optimize | profile | coverage
   License: Unlicense
   Long_Description: Ayacc is an Ada parser generator in the style of yacc(1).

The first implementation was written by David Taback and Deepak Tolani
at the University of California, Irvine.  The last version that was released
appeared to be the Ayacc 1.1 released in 1994.

Ayacc was used and improved by P2Ada, the Pascal to Ada translator.
This version of Ayacc is derived from the P2Ada ayacc implementation
released in August 2010.

This version brings a number of improvements:

- Ayacc now uses more standard options to configure the code generation
- The parser was improved to configure the parser stack size and
  support Ada child packages.
- The grammar supports the %unit directive to control the Ada child packages.
- Several options provide a better control of the generated code.


   Maintainer: Stephane.Carrez@gmail.com
   Maintainers_Logins: stcarrez
   Name: ayacc
   Tag: parser
   Tag: generator
   Tag: grammar
   Version: 1.3.0
   Website: https://github.com/Ada-France/ayacc


LOG:
Note: Deploying ayacc=1.3.0...
Note: Building ayacc/ayacc.gpr...
Setup
   [mkdir]        object directory for project ayacc
   [mkdir]        exec directory for project ayacc
Compile
   [Ada]          ayacc.adb
   [Ada]          ayacc_file_names.adb
   [Ada]          error_report_file.adb
   [Ada]          options.adb
   [Ada]          output_file.adb
   [Ada]          parse_table.adb
   [Ada]          parse_template_file.adb
   [Ada]          parser.adb
   [Ada]          rule_table.adb
   [Ada]          source_file.adb
   [Ada]          symbol_table.adb
   [Ada]          tokens_file.adb
   [Ada]          string_pkg.adb
   [Ada]          str_pack.adb
   [Ada]          actions_file.adb
   [Ada]          goto_file.adb
   [Ada]          lalr_symbol_info.adb
   [Ada]          lr0_machine.adb
   [Ada]          shift_reduce_file.adb
   [Ada]          symbol_info.adb
   [Ada]          verbose_file.adb
   [Ada]          lexical_analyzer.adb
   [Ada]          lists.adb
   [Ada]          stack_pkg.adb
   [Ada]          ragged.adb
   [Ada]          stack_pack.adb
   [Ada]          set_pack.adb
Bind
   [gprbind]      ayacc.bexch
   [Ada]          ayacc.ali
Link
   [link]         ayacc.adb
-macosx_version_min has been renamed to -macos_version_min
ld: warning: -s is obsolete
ld: warning: ignoring duplicate libraries: '-lSystem'
ld: warning: Support for dylib stub (MH_DYLIB_STUB) file '/Users/runner/.config/alire/cache/dependencies/gnat_native_11.2.4_9800548d/lib/libgcc_ext.10.5.dylib' is deprecated, text-based stubs should be used instead (with `GENERATE_TEXT_BASED_STUBS` build setting, or `tapi` tool)
ld: malformed mach-o missing relocations, LC_DYLD_INFO, or LC_DYLD_CHAINED_FIXUPS in '/Users/runner/.config/alire/cache/dependencies/gnat_native_11.2.4_9800548d/lib/libgcc_ext.10.5.dylib'
collect2: error: ld returned 1 exit status
gprbuild: link of ayacc.adb failed
gprbuild: failed command was: /users/runner/.config/alire/cache/dependencies/gnat_native_11.2.4_9800548d/bin/gcc ayacc.o b__ayacc.o /Users/runner/work/alire-crates-ci/alire-crates-ci/test/225e9cd3-66f0-4186-9572-6c7157e1e758/ayacc_1.3.0_9b8bf854/obj/lists.o /Users/runner/work/alire-crates-ci/alire-crates-ci/test/225e9cd3-66f0-4186-9572-6c7157e1e758/ayacc_1.3.0_9b8bf854/obj/ragged.o /Users/runner/work/alire-crates-ci/alire-crates-ci/test/225e9cd3-66f0-4186-9572-6c7157e1e758/ayacc_1.3.0_9b8bf854/obj/set_pack.o /Users/runner/work/alire-crates-ci/alire-crates-ci/test/225e9cd3-66f0-4186-9572-6c7157e1e758/ayacc_1.3.0_9b8bf854/obj/stack_pack.o /Users/runner/work/alire-crates-ci/alire-crates-ci/test/225e9cd3-66f0-4186-9572-6c7157e1e758/ayacc_1.3.0_9b8bf854/obj/stack_pkg.o /Users/runner/work/alire-crates-ci/alire-crates-ci/test/225e9cd3-66f0-4186-9572-6c7157e1e758/ayacc_1.3.0_9b8bf854/obj/str_pack.o /Users/runner/work/alire-crates-ci/alire-crates-ci/test/225e9cd3-66f0-4186-9572-6c7157e1e758/ayacc_1.3.0_9b8bf854/obj/string_pkg.o /Users/runner/work/alire-crates-ci/alire-crates-ci/test/225e9cd3-66f0-4186-9572-6c7157e1e758/ayacc_1.3.0_9b8bf854/obj/ayacc_file_names.o /Users/runner/work/alire-crates-ci/alire-crates-ci/test/225e9cd3-66f0-4186-9572-6c7157e1e758/ayacc_1.3.0_9b8bf854/obj/actions_file.o /Users/runner/work/alire-crates-ci/alire-crates-ci/test/225e9cd3-66f0-4186-9572-6c7157e1e758/ayacc_1.3.0_9b8bf854/obj/options.o /Users/runner/work/alire-crates-ci/alire-crates-ci/test/225e9cd3-66f0-4186-9572-6c7157e1e758/ayacc_1.3.0_9b8bf854/obj/parse_template_file.o /Users/runner/work/alire-crates-ci/alire-crates-ci/test/225e9cd3-66f0-4186-9572-6c7157e1e758/ayacc_1.3.0_9b8bf854/obj/shift_reduce_file.o /Users/runner/work/alire-crates-ci/alire-crates-ci/test/225e9cd3-66f0-4186-9572-6c7157e1e758/ayacc_1.3.0_9b8bf854/obj/source_file.o /Users/runner/work/alire-crates-ci/alire-crates-ci/test/225e9cd3-66f0-4186-9572-6c7157e1e758/ayacc_1.3.0_9b8bf854/obj/error_report_file.o /Users/runner/work/alire-crates-ci/alire-crates-ci/test/225e9cd3-66f0-4186-9572-6c7157e1e758/ayacc_1.3.0_9b8bf854/obj/output_file.o /Users/runner/work/alire-crates-ci/alire-crates-ci/test/225e9cd3-66f0-4186-9572-6c7157e1e758/ayacc_1.3.0_9b8bf854/obj/symbol_table.o /Users/runner/work/alire-crates-ci/alire-crates-ci/test/225e9cd3-66f0-4186-9572-6c7157e1e758/ayacc_1.3.0_9b8bf854/obj/rule_table.o /Users/runner/work/alire-crates-ci/alire-crates-ci/test/225e9cd3-66f0-4186-9572-6c7157e1e758/ayacc_1.3.0_9b8bf854/obj/goto_file.o /Users/runner/work/alire-crates-ci/alire-crates-ci/test/225e9cd3-66f0-4186-9572-6c7157e1e758/ayacc_1.3.0_9b8bf854/obj/symbol_info.o /Users/runner/work/alire-crates-ci/alire-crates-ci/test/225e9cd3-66f0-4186-9572-6c7157e1e758/ayacc_1.3.0_9b8bf854/obj/lr0_machine.o /Users/runner/work/alire-crates-ci/alire-crates-ci/test/225e9cd3-66f0-4186-9572-6c7157e1e758/ayacc_1.3.0_9b8bf854/obj/lalr_symbol_info.o /Users/runner/work/alire-crates-ci/alire-crates-ci/test/225e9cd3-66f0-4186-9572-6c7157e1e758/ayacc_1.3.0_9b8bf854/obj/tokens_file.o /Users/runner/work/alire-crates-ci/alire-crates-ci/test/225e9cd3-66f0-4186-9572-6c7157e1e758/ayacc_1.3.0_9b8bf854/obj/lexical_analyzer.o /Users/runner/work/alire-crates-ci/alire-crates-ci/test/225e9cd3-66f0-4186-9572-6c7157e1e758/ayacc_1.3.0_9b8bf854/obj/parser.o /Users/runner/work/alire-crates-ci/alire-crates-ci/test/225e9cd3-66f0-4186-9572-6c7157e1e758/ayacc_1.3.0_9b8bf854/obj/verbose_file.o /Users/runner/work/alire-crates-ci/alire-crates-ci/test/225e9cd3-66f0-4186-9572-6c7157e1e758/ayacc_1.3.0_9b8bf854/obj/parse_table.o -s -L/Users/runner/work/alire-crates-ci/alire-crates-ci/test/225e9cd3-66f0-4186-9572-6c7157e1e758/ayacc_1.3.0_9b8bf854/obj/ -L/Users/runner/work/alire-crates-ci/alire-crates-ci/test/225e9cd3-66f0-4186-9572-6c7157e1e758/ayacc_1.3.0_9b8bf854/obj/ -L/users/runner/.config/alire/cache/dependencies/gnat_native_11.2.4_9800548d/lib/gcc/x86_64-apple-darwin19.6.0/11.2.0/adalib/ /users/runner/.config/alire/cache/dependencies/gnat_native_11.2.4_9800548d/lib/gcc/x86_64-apple-darwin19.6.0/11.2.0/adalib/libgnat.a -Wl,-rpath,@executable_path/..//obj -Wl,-rpath,@executable_path/../../../../../../..//.config/alire/cache/dependencies/gnat_native_11.2.4_9800548d/lib/gcc/x86_64-apple-darwin19.6.0/11.2.0/adalib -o /Users/runner/work/alire-crates-ci/alire-crates-ci/test/225e9cd3-66f0-4186-9572-6c7157e1e758/ayacc_1.3.0_9b8bf854/bin//ayacc
stderr: Command ["gprbuild", "-s", "-j0", "-p", "-P", "/Users/runner/work/alire-crates-ci/alire-crates-ci/test/225e9cd3-66f0-4186-9572-6c7157e1e758/ayacc_1.3.0_9b8bf854/ayacc.gpr"] exited with code 4
ERROR: Command ["gprbuild", "-s", "-j0", "-p", "-P", "/Users/runner/work/alire-crates-ci/alire-crates-ci/test/225e9cd3-66f0-4186-9572-6c7157e1e758/ayacc_1.3.0_9b8bf854/ayacc.gpr"] exited with code 4
stderr: ALIRE.CHECKED_ERROR
stderr: Command ["gprbuild", "-s", "-j0", "-p", "-P", "/Users/runner/work/alire-crates-ci/alire-crates-ci/test/225e9cd3-66f0-4186-9572-6c7157e1e758/ayacc_1.3.0_9b8bf854/ayacc.gpr"] exited with code 4
stderr: raised ALIRE.CHECKED_ERROR : alire-stored-error:1
Load address: 0x104526000
Call stack traceback locations:
0x104e2e415 0x104b01e83 0x104d14df9 0x104d15581 0x104c75ac3 0x104c73f99 0x104c90873 0x104cdcdc1 0x104cdb81a 0x104c909b8 0x104c74349 0x1045859c1 0x104596578 0x10459b01c 0x10462105c 0x10462c3b8 0x104527605 0x10452a914


Warning: ayacc=1.3.0 successfully retrieved but its build failed.
There are no dependencies.
ERROR: Build ended with errors
