Test ran at 2022-07-06 00:35:11.382713+00:00

SOLUTION:
emojis=1.0.0: A library to replace names between colons with emojis
Origin: commit e9d5c4ef79b45a8be73c6e98dceb70c291d1fbed from https://github.com/onox/emojis.git
Properties:
   Author: onox
   Configuration: no modifiers
   Description: A library to replace names between colons with emojis
   License: Apache-2.0
   Maintainer: onox <denkpadje@gmail.com>
   Maintainers_Logins: onox
   Name: emojis
   Tag: emoji
   Tag: string
   Tag: text
   Tag: unicode
   Version: 1.0.0
   Website: https://github.com/onox/emojis


LOG:
Note: Deploying emojis=1.0.0...
Note: Building emojis/emojis.gpr...
Setup
   [mkdir]        object directory for project Emojis
   [mkdir]        library directory for project Emojis
Compile
   [Ada]          emojis.adb
   [Ada]          strings.adb
Build Libraries
   [gprlib]       emojis.lexch
   [archive]      libemojis.a
/home/runner/.config/alire/cache/dependencies/gnat_native_10.3.2_d7078088/bin/ar: /home/runner/work/alire-crates-ci/alire-crates-ci/test/13a54604-1eb7-4c37-b09a-2496e4c5ddc3/emojis_1.0.0_e9d5c4ef/build/obj/emojis.o: plugin needed to handle lto object
   [index]        libemojis.a
/home/runner/.config/alire/cache/dependencies/gnat_native_10.3.2_d7078088/bin/ranlib: /home/runner/work/alire-crates-ci/alire-crates-ci/test/13a54604-1eb7-4c37-b09a-2496e4c5ddc3/emojis_1.0.0_e9d5c4ef/build/lib/libemojis.a(emojis.o): plugin needed to handle lto object
Build finished successfully in 5.43 seconds.

emojis=1.0.0 successfully retrieved and built.
There are no dependencies.
