Test ran at 2024-05-30 13:09:03.998466+00:00

SOLUTION:
bme280=1.0.0: Driver for BME280 Humidity sensor
Origin: commit 85a38919aa896c4c2a66825a135c87149224044c from https://github.com/reznikmm/bme280.git
Properties:
   Author: Max Reznik
   Build Switches: 
   Configuration: no modifiers
   Description: Driver for BME280 Humidity sensor
   License: Apache-2.0 WITH LLVM-exception
   Maintainer: Max Reznik <reznikmm@gmail.com>
   Maintainers_Logins: reznikmm
   Name: bme280
   Project_File: gnat/bme280.gpr
   Tag: sensor
   Tag: humidity
   Tag: temperature
   Tag: pressure
   Tag: driver
   Version: 1.0.0
   Website: https://github.com/reznikmm/bme280
Dependencies (direct):
   gnat>=11 & <2000
   hal~0.3.0
Dependencies (solution):
   hal=0.3.0
Dependencies (external):
   gnat>=11 & <2000 (direct,hinted)
Dependencies (graph):
   bme280=1.0.0 --> gnat>=11 & <2000  
   bme280=1.0.0 --> hal=0.3.0 (~0.3.0)
Dependencies cannot be met


LOG:
