Test ran at 2023-06-08 01:29:06.712985+00:00

SOLUTION:
emacs_wisitoken_grammar_mode=1.3.0: parser for Emacs wisitoken-grammar mode
Origin: commit 97b377b32e65815bf743b329c948a96693190a2c from https://git.savannah.nongnu.org/git/ada-mode.git
Properties:
   Pre_Build run: ${CRATE_DIR}/./make -f Alire.make wisitoken_grammar_1_re2c.c
   Author: Stephen Leake
   Description: parser for Emacs wisitoken-grammar mode
   Executable: wisitoken_grammar_mode_parse
   License: GPL-3.0-or-later
   Long_Description: Generalized LR error-correcting parser for WisiToken grammar source
files, generated using WisiToken, interfaced to Emacs via the wisi
package.

Provides semantic highlighting, indent, single-file navigation. 

   Maintainer: Stephen Leake <stephen_leake@stephe-leake.org>
   Maintainers_Logins: stephe-ada-guru
   Name: emacs_wisitoken_grammar_mode
   Project_File: emacs_wisitoken_grammar_mode.gpr
   Tag: indent
   Tag: highlight
   Tag: parser
   Tag: emacs
   Version: 1.3.0
   Website: https://elpa.gnu.org/packages/wisitoken-grammar-mode.html
Dependencies (direct):
   emacs_wisi~4.2.0
   gnat(>=11 & <2000) | >=2021
   re2c>=2.2
   stephes_ada_library~3.7.2
   wisitoken~4.1.0
Dependencies (solution):
   emacs_wisi=4.2.0
   gnatcoll=22.0.0
   libgpr=22.0.0
   re2c=3.0.0
   stephes_ada_library=3.7.2
   wisitoken=4.1.0
   xmlada=22.0.0
Dependencies (external):
   gnat((>=11 & <2000) | >=2021) & (/=2020) (direct,hinted)
Dependencies (graph):
   emacs_wisi=4.2.0                   --> gnat(>=11 & <2000) | >=2021       
   emacs_wisi=4.2.0                   --> stephes_ada_library=3.7.2 (~3.7.2)
   emacs_wisi=4.2.0                   --> wisitoken=4.1.0 (~4.1.0)          
   emacs_wisitoken_grammar_mode=1.3.0 --> emacs_wisi=4.2.0 (~4.2.0)         
   emacs_wisitoken_grammar_mode=1.3.0 --> gnat(>=11 & <2000) | >=2021       
   emacs_wisitoken_grammar_mode=1.3.0 --> re2c=3.0.0 (>=2.2)                
   emacs_wisitoken_grammar_mode=1.3.0 --> stephes_ada_library=3.7.2 (~3.7.2)
   emacs_wisitoken_grammar_mode=1.3.0 --> wisitoken=4.1.0 (~4.1.0)          
   gnatcoll=22.0.0                    --> libgpr=22.0.0 (~22.0.0)           
   libgpr=22.0.0                      --> gnat/=2020                        
   libgpr=22.0.0                      --> xmlada=22.0.0 (~22.0.0)           
   stephes_ada_library=3.7.2          --> gnat(>=11 & <2000) | >=2021       
   wisitoken=4.1.0                    --> gnat(>=11 & <2000) | >=2021       
   wisitoken=4.1.0                    --> gnatcoll=22.0.0 (^22.0.0)         
   wisitoken=4.1.0                    --> stephes_ada_library=3.7.2 (~3.7.2)
   xmlada=22.0.0                      --> gnat>=11                          
Dependencies cannot be met


LOG:
