Test ran at 2024-11-24 00:41:15.450456+00:00

SOLUTION:
j2ada=1.4.2: Almost Java to Ada translator
Origin: commit 79a4663450089d4dc2acdbb4c656624b6f43269a from https://github.com/Blady-Com/j2ada.git
Properties:
   Author: Pascal Pignard
   Description: Almost Java to Ada translator
   Executable: j2ada
   case OS is
      when Macos => GPR External: J2ADA_LINKER_FLAGS := -Wl,-no_pie
   License: CECILL-2.1
   Maintainer: Pascal Pignard <blady.net@orange.fr>
   Maintainers_Logins: Blady-Com
   Name: j2ada
   Tag: java
   Tag: translator
   Version: 1.4.2
   Website: https://github.com/Blady-Com/j2ada


LOG:
Note: Deploying j2ada=1.4.2...
Note: Building j2ada/j2ada.gpr...
Setup
   [mkdir]        object directory for project j2ada
   [mkdir]        exec directory for project j2ada
Compile
   [Ada]          j2ada.adb
   [Ada]          basicdef.adb
   [Ada]          insrc.adb
   [Ada]          javaseq.adb
   [Ada]          objpar.ads
   [Ada]          importmgr.adb
   [Ada]          objsrc.adb
   [Ada]          outsrc.adb
importmgr.adb:70:19: warning: "ST" modified by call, but value might not be referenced
insrc.adb:688:29: warning: condition can only be True if invalid values present
insrc.adb:688:29: warning: condition is always False
insrc.adb:688:29: warning: (see test at line 687)
insrc.adb:689:27: warning: this code can never be executed and has been deleted
   [Ada]          arbmgr.adb
   [Ada]          fichsrc.adb
arbmgr.adb:133:13: warning: "Tab" modified by call, but value might not be referenced
arbmgr.adb:204:16: warning: "Dum" modified by call, but value might not be referenced
javaseq.adb:4457:30: warning: "Event" modified by call, but value might not be referenced
javaseq.adb:4457:37: warning: "Token" modified by call, but value might not be referenced
Bind
   [gprbind]      j2ada.bexch
   [Ada]          j2ada.ali
Link
   [link]         j2ada.adb
Build finished successfully in 3.58 seconds.

j2ada=1.4.2 successfully retrieved and built.
There are no dependencies.
Found declared GPR file: j2ada.gpr
