Test ran at 2022-08-01 12:41:16.007539+00:00

SOLUTION:
lvgl_ada_simulator=0.1.1: SDL simulator for the LVGL embedded GUI framework
Origin: source archive lvgl_ada_simulator-0.1.1.zip at https://github.com/Fabien-Chouteau/lvgl-ada-simulator/releases/download/v0.1.1/lvgl_ada_simulator-0.1.1.zip with hash sha512:524f51bade2407b0c525c4e4b6c30ce4a8f8d75161ff5e8fd1152f45ea2e73fbc20ab15db1120322dd879efa4f401969518dd01e71c25889b3de994c911f32f9
Properties:
   Description: SDL simulator for the LVGL embedded GUI framework
   License: MIT
   Maintainer: fabien.chouteau@gmail.com
   Maintainers_Logins: Fabien-Chouteau
   Name: lvgl_ada_simulator
   Project_File: lvgl_ada_simulator.gpr
   Tag: gui
   Tag: lvgl
   Version: 0.1.1
Dependencies (direct):
   lvgl_ada~0.1.0
   sdlada~2.3.1
Dependencies (solution):
   gnat=10.3.2 (gnat_native) (installed)
   libsdl2=2.0.10
   libsdl2_image=2.0.5
   libsdl2_ttf=2.0.15
   lvgl_ada=0.1.0
   make=4.2.1
   sdlada=2.3.1
Dependencies (graph):
   lvgl_ada_simulator=0.1.1 --> lvgl_ada=0.1.0 (~0.1.0)                     
   lvgl_ada_simulator=0.1.1 --> sdlada=2.3.1 (~2.3.1)                       
   sdlada=2.3.1             --> gnat=10.3.2 (gnat_native) (=2019 | <=11.0.0)
   sdlada=2.3.1             --> libsdl2=2.0.10 (^2.0)                       
   sdlada=2.3.1             --> libsdl2_image=2.0.5 (^2.0)                  
   sdlada=2.3.1             --> libsdl2_ttf=2.0.15 (^2.0)                   
   sdlada=2.3.1             --> make=4.2.1 (*)                              


LOG:
Note: Deploying lvgl_ada_simulator=0.1.1...
#=#=#                                                                         

######################################################################## 100.0%
Note: Deploying libsdl2=2.0.10...
Note: Deploying libsdl2_image=2.0.5...
Note: Deploying libsdl2_ttf=2.0.15...
Note: Deploying lvgl_ada=0.1.0...
#=#=#                                                                         

######################################################################## 100.0%
Note: Deploying make=4.2.1...
Note: Deploying sdlada=2.3.1...
#=#=#                                                                         
##O#- #                                                                       
Note: Running post_fetch actions for sdlada=2.3.1...
make: Entering directory '/home/runner/work/alire-crates-ci/alire-crates-ci/test/b0bc9c19-7aff-497a-9a9b-d005ab15d898/lvgl_ada_simulator_0.1.1_524f51ba/alire/cache/dependencies/sdlada_2.3.1_786a047f/build/gnat'
gprbuild -p -gnat2012 -XSDL_MODE=release -XSDL_PLATFORM=linux \
	-Ptools.gpr
Setup
   [mkdir]        object directory for project Tools
Compile
   [Ada]          gen_keyboard.adb
   [Ada]          scancodes.ads
   [Ada]          utils.adb
Bind
   [gprbind]      gen_keyboard.bexch
   [Ada]          gen_keyboard.ali
Link
   [link]         gen_keyboard.adb
./gen/release/tools/gen_keyboard > gen/src/sdl-events-keyboards.ads
gprbuild -p -gnat2012 -XSDL_MODE=release -XSDL_PLATFORM=linux \
	-Psdlada.gpr
Setup
   [mkdir]        object directory for project SDLAda
Compile
   [C]            version_ttf.c
   [C]            version_images.c
   [C]            version.c
   [Ada]          sdl-ttfs-versions.adb
   [Ada]          sdl-ttfs.adb
   [Ada]          sdl-ttfs-makers.adb
   [Ada]          sdl-images.adb
   [Ada]          sdl-images-versions.adb
   [Ada]          sdl-images-io.adb
   [Ada]          sdl-events-events.adb
   [Ada]          sdl-video-surfaces-makers.adb
   [Ada]          sdl-video-rectangles.adb
   [Ada]          sdl-events-touches.ads
sdl-events-touches.ads:91:49: (style) space required
   [Ada]          sdl-events.ads
   [Ada]          sdl-clipboard.adb
   [Ada]          sdl-events-controllers.ads
   [Ada]          sdl-power.adb
   [Ada]          sdl-inputs.ads
   [Ada]          sdl-events-joysticks-game_controllers.adb
   [Ada]          sdl-events-keyboards.adb
   [Ada]          sdl-video-surfaces.adb
   [Ada]          sdl-events-windows.ads
   [Ada]          sdl-cpus.adb
   [Ada]          sdl-rwops-streams.adb
   [Ada]          sdl-platform.adb
   [Ada]          sdl-video.adb
   [Ada]          sdl-c_pointers.ads
   [Ada]          sdl-events-files.ads
   [Ada]          sdl-inputs-joysticks.adb
   [Ada]          sdl-error.adb
   [Ada]          sdl-video-pixels.ads
   [Ada]          sdl.adb
   [Ada]          sdl-inputs-mice.adb
   [Ada]          sdl-video-renderers-makers.adb
   [Ada]          sdl-video-palettes.adb
   [Ada]          sdl-inputs-keyboards.adb
   [Ada]          sdl-video-windows.adb
sdl-video-windows.adb:91:04: warning: possible aliasing problem for type "User_Data_Access"
sdl-video-windows.adb:91:04: warning: use -fno-strict-aliasing switch for references
sdl-video-windows.adb:91:04: warning: or use "pragma No_Strict_Aliasing (User_Data_Access);"
   [Ada]          sdl-video-gl.adb
   [Ada]          sdl-video-textures.adb
   [Ada]          sdl-rwops.adb
   [Ada]          sdl-video-windows-manager.adb
   [Ada]          sdl-video-displays.adb
   [Ada]          sdl-video-windows-makers.adb
   [Ada]          sdl-video-renderers.adb
   [Ada]          sdl-inputs-joysticks-makers.adb
   [Ada]          sdl-log.adb
   [Ada]          sdl-inputs-joysticks-game_controllers.adb
   [Ada]          sdl-events-mice.ads
   [Ada]          sdl-video-textures-makers.adb
   [Ada]          sdl-inputs-joysticks-game_controllers-makers.adb
   [Ada]          sdl-events-joysticks.adb
   [Ada]          sdl-libraries.adb
   [Ada]          sdl-hints.adb
   [Ada]          sdl-video-pixel_formats.adb
   [Ada]          sdl-versions.adb
Build Libraries
   [gprlib]       sdlada.lexch
   [archive]      libsdlada.a
   [index]        libsdlada.a
gprbuild -p -gnat2012 -XSDL_MODE=release -XSDL_PLATFORM=linux \
	-Ptest_maths_build.gpr
Setup
   [mkdir]        object directory for project Test_Maths_Build
Compile
   [C]            maths_sub.c
   [Ada]          maths.adb
Build Libraries
   [gprlib]       testmaths.lexch
   [link library] libtestmaths.so
gprbuild -p -gnat2012 -XSDL_MODE=release -XSDL_PLATFORM=linux \
	-Ptests.gpr
Compile
   [Ada]          test.adb
   [Ada]          version.adb
   [Ada]          platform.adb
   [Ada]          error.adb
   [Ada]          libraries.adb
   [Ada]          clipboard.adb
   [Ada]          stream.adb
   [Ada]          stream2.adb
   [Ada]          surface.adb
   [Ada]          rwops.adb
   [Ada]          load_surface.adb
Bind
   [gprbind]      test.bexch
   [Ada]          test.ali
   [gprbind]      version.bexch
   [Ada]          version.ali
   [gprbind]      platform.bexch
   [Ada]          platform.ali
   [gprbind]      error.bexch
   [Ada]          error.ali
   [gprbind]      libraries.bexch
   [Ada]          libraries.ali
   [gprbind]      clipboard.bexch
   [Ada]          clipboard.ali
   [gprbind]      stream.bexch
   [Ada]          stream.ali
   [gprbind]      stream2.bexch
   [Ada]          stream2.ali
   [gprbind]      surface.bexch
   [Ada]          surface.ali
   [gprbind]      rwops.bexch
   [Ada]          rwops.ali
   [gprbind]      load_surface.bexch
   [Ada]          load_surface.ali
Link
   [link]         test.adb
   [link]         version.adb
   [link]         platform.adb
   [link]         error.adb
   [link]         libraries.adb
   [link]         clipboard.adb
   [link]         stream.adb
   [link]         stream2.adb
   [link]         surface.adb
   [link]         rwops.adb
   [link]         load_surface.adb
make: Leaving directory '/home/runner/work/alire-crates-ci/alire-crates-ci/test/b0bc9c19-7aff-497a-9a9b-d005ab15d898/lvgl_ada_simulator_0.1.1_524f51ba/alire/cache/dependencies/sdlada_2.3.1_786a047f/build/gnat'
Note: Building lvgl_ada_simulator/lvgl_ada_simulator.gpr...
lvgl_ada_base.gpr:1:31: warning: file name does not match project name, should be "ada_lvgl_base.gpr"
Setup
   [mkdir]        object directory for project LVGL
   [mkdir]        object directory for project Ada_LVGL_Base
   [mkdir]        object directory for project LVGL_Ada_32bit_Color
   [mkdir]        object directory for project LVGL_Ada_Simulator
Compile
   [C]            lv_theme_zen.c
   [C]            lv_theme_alien.c
In file included from /home/runner/work/alire-crates-ci/alire-crates-ci/test/b0bc9c19-7aff-497a-9a9b-d005ab15d898/lvgl_ada_simulator_0.1.1_524f51ba/alire/cache/dependencies/lvgl_ada_0.1.0_997edc53/lvgl/lv_themes/lv_theme_zen.c:9:
/home/runner/work/alire-crates-ci/alire-crates-ci/test/b0bc9c19-7aff-497a-9a9b-d005ab15d898/lvgl_ada_simulator_0.1.1_524f51ba/alire/cache/dependencies/lvgl_ada_0.1.0_997edc53/lvgl/lv_themes/lv_theme.h:17:10: fatal error: lv_conf.h: No such file or directory
   17 | #include "lv_conf.h"
      |          ^~~~~~~~~~~
compilation terminated.
In file included from /home/runner/work/alire-crates-ci/alire-crates-ci/test/b0bc9c19-7aff-497a-9a9b-d005ab15d898/lvgl_ada_simulator_0.1.1_524f51ba/alire/cache/dependencies/lvgl_ada_0.1.0_997edc53/lvgl/lv_themes/lv_theme_alien.c:9:
/home/runner/work/alire-crates-ci/alire-crates-ci/test/b0bc9c19-7aff-497a-9a9b-d005ab15d898/lvgl_ada_simulator_0.1.1_524f51ba/alire/cache/dependencies/lvgl_ada_0.1.0_997edc53/lvgl/lv_themes/lv_theme.h:17:10: fatal error: lv_conf.h: No such file or directory
   17 | #include "lv_conf.h"
      |          ^~~~~~~~~~~
compilation terminated.

   compilation of lv_theme_alien.c failed
   compilation of lv_theme_zen.c failed

gprbuild: *** compilation phase failed
stderr: Command ["gprbuild", "-s", "-j0", "-p", "-P", "/home/runner/work/alire-crates-ci/alire-crates-ci/test/b0bc9c19-7aff-497a-9a9b-d005ab15d898/lvgl_ada_simulator_0.1.1_524f51ba/lvgl_ada_simulator.gpr"] exited with code 4
ERROR: Command ["gprbuild", "-s", "-j0", "-p", "-P", "/home/runner/work/alire-crates-ci/alire-crates-ci/test/b0bc9c19-7aff-497a-9a9b-d005ab15d898/lvgl_ada_simulator_0.1.1_524f51ba/lvgl_ada_simulator.gpr"] exited with code 4
stderr: ALIRE.CHECKED_ERROR
stderr: Command ["gprbuild", "-s", "-j0", "-p", "-P", "/home/runner/work/alire-crates-ci/alire-crates-ci/test/b0bc9c19-7aff-497a-9a9b-d005ab15d898/lvgl_ada_simulator_0.1.1_524f51ba/lvgl_ada_simulator.gpr"] exited with code 4
stderr: raised ALIRE.CHECKED_ERROR : alire-stored-error:1
[/home/runner/work/alire-crates-ci/alire-crates-ci/alire_install/bin/alr]
0xd65c78 Alire.Raise_Checked_Error at alire.adb:251
0xa2f08f Alire.Os_Lib.Subprocess.Checked_Spawn at alire-os_lib-subprocess.adb:110
0xc49318 Alire.Spawn.Command at alire-spawn.adb:21
0xc49a46 Alire.Spawn.Gprbuild at alire-spawn.adb:41
0xbada9c Alire.Roots.Build.Build_Single_Release.Call_Gprbuild at alire-roots.adb:140
0xbac0fb Alire.Roots.Build.Build_Single_Release at alire-roots.adb:171
0xbc7eaa Alire.Roots.Traverse.Traverse_Wrap at alire-roots.adb:1364
0xc11fbb Alire.Solutions.Traverse.Visit at alire-solutions.adb:1434
0xc10bd2 Alire.Solutions.Traverse at alire-solutions.adb:1509
0xbc7ff8 Alire.Roots.Traverse at alire-roots.adb:1368
0xbac48c Alire.Roots.Build at alire-roots.adb:196
0x48f1e4 Alr.Commands.Build.Execute at alr-commands-build.adb:58
0x49f50a Alr.Commands.Get.Retrieve at alr-commands-get.adb:187
0x4a3d27 Alr.Commands.Get.Execute at alr-commands-get.adb:348
0x52aa2e Alr.Commands.Sub_Cmd.Execute at clic-subcommand-instance.adb:742
0x53641f Alr.Commands.Execute at alr-commands.adb:492
0x42b9ca Alr.Main at alr-main.adb:10
0x42e297 Main at b__alr-main.adb:2132
[/lib/x86_64-linux-gnu/libc.so.6]
0x7fb6a5308081
[/home/runner/work/alire-crates-ci/alire-crates-ci/alire_install/bin/alr]
0x42b8a8 _start at ???
0xfffffffffffffffe


Warning: lvgl_ada_simulator=0.1.1 successfully retrieved but its build failed.
Dependencies were solved as follows:

   +i gnat          10.3.2 (new,installed,gnat_native,indirect)
   +  libsdl2       2.0.10 (new,indirect)                      
   +  libsdl2_image 2.0.5  (new,indirect)                      
   +  libsdl2_ttf   2.0.15 (new,indirect)                      
   +  lvgl_ada      0.1.0  (new)                               
   +  make          4.2.1  (new,indirect)                      
   +  sdlada        2.3.1  (new)                               
ERROR: Build ended with errors
