Test ran at 2024-12-20 12:25:58.027166+00:00

SOLUTION:
keypadder=0.3.0: Programmable virtual keypad for your Linux desktop
Origin: commit 104c359ac85aa4ad45ff8231cb092afd0dd894b5 from https://github.com/SMerrony/keypadder.git
Available when: (case OS is Linux => True, Macos => False, Windows => False, others => False)
Properties:
   Author: Stephen Merrony
   Description: Programmable virtual keypad for your Linux desktop
   Executable: keypadder
   License: GPL-3.0-or-later
   Long_Description: # Overview

Keypadder runs on your desktop machine and provides a mobile/tablet-friendly
web page that you use from a tablet or phone to send frequently-used, awkward,
or difficult-to-remember key combinations to the currently-focused desktop application.

Amongst other things, the author uses it with Thunderbird and LibreOffice Writer 
for typing accented characters, with MuseScore to provide a keypad similar to a 
certain commercial score writing application, and with Firefox for accented 
characters and Emojis in social media.

It's a great use for one of those old smartphones or tablets you have lying in that drawer!

   Maintainer: Stephen Merrony <merrony@gmail.com>
   Maintainers_Logins: SMerrony
   Name: keypadder
   Tag: linux
   Tag: keyboard
   Tag: mobile
   Tag: programmable
   Tag: tablet
   Tag: macro
   Tag: keypad
   Tag: macropad
   Version: 0.3.0
   Website: https://github.com/SMerrony/keypadder
Dependencies (direct):
   ada_toml~0.3.0
   aws^23.0.0
Dependencies (solution):
   ada_toml=0.3.0
   aws=23.0.0
   gnat=13.1.0 (gnat_native) (installed)
   gnatcoll=23.0.0
   libgpr=23.0.0
   make=3.81.0
   xmlada=23.0.0
Dependencies (external):
   openssl* (indirect,hinted)
Dependencies (graph):
   aws=23.0.0      --> gnat=13.1.0 (gnat_native) (>=12)  
   aws=23.0.0      --> gnatcoll=23.0.0 (~23.0.0)         
   aws=23.0.0      --> make=3.81.0 (*)                   
   aws=23.0.0      --> openssl*                          
   aws=23.0.0      --> xmlada=23.0.0 (~23.0.0)           
   gnatcoll=23.0.0 --> libgpr=23.0.0 (~23.0.0)           
   keypadder=0.3.0 --> ada_toml=0.3.0 (~0.3.0)           
   keypadder=0.3.0 --> aws=23.0.0 (^23.0.0)              
   libgpr=23.0.0   --> gnat=13.1.0 (gnat_native) (/=2020)
   libgpr=23.0.0   --> xmlada=23.0.0 (~23.0.0)           
   xmlada=23.0.0   --> gnat=13.1.0 (gnat_native) (>=11)  
Dependencies cannot be met


LOG:
