Test ran at 2024-09-01 12:56:16.030976+00:00

SOLUTION:
muntsos_raspberrypi2=9.1.0: MuntsOS Embedded Linux support for RaspberryPi2 targets
Origin: source archive muntsos_raspberrypi2-9.1.0.tbz2 at http://repo.munts.com/alire/muntsos_raspberrypi2-9.1.0.tbz2 with hashes sha256:adf9b8c8d2bf8e70804a1471bf5b37c94c48772b91d35ba0899b115db1792fcf, sha512:0360d5045e139f311d65291e6bcb056944fa0c130c37b3d7cf9d30ea259ef611ba2664b395a6aa313cc1a737dc1f075675d679511c04fb2275ecaa905558d10b
Available when: (case OS is Linux => True, others => False)
Properties:
   Post_Fetch run: ${CRATE_DIR}/./sh -c ./postfetch
   Author: Philip Munts
   Configuration: no modifiers
   Description: MuntsOS Embedded Linux support for RaspberryPi2 targets
   Maintainer: Philip Munts <phil@munts.net>
   Maintainers_Logins: pmunts
   Name: muntsos_raspberrypi2
   Project_File: aws.gpr
   Project_File: libsimpleio.gpr
   Tag: muntsos
   Tag: embedded
   Tag: linux
   Tag: arm
   Tag: raspberrypi2
   Version: 9.1.0
   Website: https://github.com/pmunts/muntsos
Dependencies (direct):
   muntsos_dev_raspberrypi2*
Dependencies (external):
   muntsos_dev_raspberrypi2* (direct,hinted)
      Hint: Available at http://repo.munts.com/debian11 or http://repo.munts.com/muntsos/rpms
Dependencies (graph):
   muntsos_raspberrypi2=9.1.0 --> muntsos_dev_raspberrypi2*
Dependencies cannot be met


LOG:
