Test ran at 2025-02-04 22:39:43.334456+00:00

SOLUTION:
xml_ez_out=1.6.0: Creation of XML-formatted output from Ada programs
Origin: source archive alr-1.6.tar.gz at https://github.com/alire-project/xmlezout/archive/alr-1.6.tar.gz with hash sha512:c90d08dcdb96bf39f1e06def716ea9936b2aec25fec2ea4f3314c53a2befefa4ea84c037c35abe6d7675af1c91a8847f6ce4e5e8dd32da1008f2ba43ed79151b
Properties:
   Author: Marc A. Criley
   Description: Creation of XML-formatted output from Ada programs
   Executable: tmeztf
   Maintainer: alejandro@mosteo.com
   Maintainers_Logins: mosteo
   Name: xml_ez_out
   Version: 1.6.0
   Website: http://www.mckae.com/xmlEz.html


LOG:
Spawning: alr -d -n get --build xml_ez_out=1.6.0
Note: Deploying xml_ez_out=1.6.0...
#=#=#                                                                          

######################################################################## 100.0%
Note: Building xml_ez_out=1.6.0/xml_ez_out.gpr...
Compile
   [Ada]          tmeztf.adb
   [Ada]          mckae.ads
   [Ada]          mckae-xml.ads
   [Ada]          mckae-xml-ez_out.ads
   [Ada]          mckae-xml-ez_out-generic_medium.adb
   [Ada]          mckae-xml-ez_out-string_stream.adb
   [Ada]          mckae-xml-ez_out-text_file.ads
Bind
   [gprbind]      tmeztf.bexch
   [Ada]          tmeztf.ali
Link
   [link]         tmeztf.adb
/home/runner/.local/share/alire/toolchains/gnat_native_10.3.2_d7078088/bin/../lib/gcc/x86_64-pc-linux-gnu/10.3.0/../../../../x86_64-pc-linux-gnu/bin/ld: /lib/x86_64-linux-gnu/libc.so.6: unknown type [0x13] section `.relr.dyn'
/home/runner/.local/share/alire/toolchains/gnat_native_10.3.2_d7078088/bin/../lib/gcc/x86_64-pc-linux-gnu/10.3.0/../../../../x86_64-pc-linux-gnu/bin/ld: skipping incompatible /lib/x86_64-linux-gnu/libc.so.6 when searching for /lib/x86_64-linux-gnu/libc.so.6
/home/runner/.local/share/alire/toolchains/gnat_native_10.3.2_d7078088/bin/../lib/gcc/x86_64-pc-linux-gnu/10.3.0/../../../../x86_64-pc-linux-gnu/bin/ld: cannot find /lib/x86_64-linux-gnu/libc.so.6
/home/runner/.local/share/alire/toolchains/gnat_native_10.3.2_d7078088/bin/../lib/gcc/x86_64-pc-linux-gnu/10.3.0/../../../../x86_64-pc-linux-gnu/bin/ld: /lib/x86_64-linux-gnu/libc.so.6: unknown type [0x13] section `.relr.dyn'
/home/runner/.local/share/alire/toolchains/gnat_native_10.3.2_d7078088/bin/../lib/gcc/x86_64-pc-linux-gnu/10.3.0/../../../../x86_64-pc-linux-gnu/bin/ld: skipping incompatible /lib/x86_64-linux-gnu/libc.so.6 when searching for /lib/x86_64-linux-gnu/libc.so.6
/home/runner/.local/share/alire/toolchains/gnat_native_10.3.2_d7078088/bin/../lib/gcc/x86_64-pc-linux-gnu/10.3.0/../../../../x86_64-pc-linux-gnu/bin/ld: /lib64/ld-linux-x86-64.so.2: unknown type [0x13] section `.relr.dyn'
/home/runner/.local/share/alire/toolchains/gnat_native_10.3.2_d7078088/bin/../lib/gcc/x86_64-pc-linux-gnu/10.3.0/../../../../x86_64-pc-linux-gnu/bin/ld: skipping incompatible /lib64/ld-linux-x86-64.so.2 when searching for /lib64/ld-linux-x86-64.so.2
/home/runner/.local/share/alire/toolchains/gnat_native_10.3.2_d7078088/bin/../lib/gcc/x86_64-pc-linux-gnu/10.3.0/../../../../x86_64-pc-linux-gnu/bin/ld: cannot find /lib64/ld-linux-x86-64.so.2
/home/runner/.local/share/alire/toolchains/gnat_native_10.3.2_d7078088/bin/../lib/gcc/x86_64-pc-linux-gnu/10.3.0/../../../../x86_64-pc-linux-gnu/bin/ld: /lib64/ld-linux-x86-64.so.2: unknown type [0x13] section `.relr.dyn'
/home/runner/.local/share/alire/toolchains/gnat_native_10.3.2_d7078088/bin/../lib/gcc/x86_64-pc-linux-gnu/10.3.0/../../../../x86_64-pc-linux-gnu/bin/ld: skipping incompatible /lib64/ld-linux-x86-64.so.2 when searching for /lib64/ld-linux-x86-64.so.2
collect2: error: ld returned 1 exit status
gprbuild: link of tmeztf.adb failed
gprbuild: failed command was: /home/runner/.local/share/alire/toolchains/gnat_native_10.3.2_d7078088/bin/gcc tmeztf.o b__tmeztf.o /home/runner/work/alire-crates-ci/alire-crates-ci/test/625c196d-f35a-4139-8e4c-6d299ada0d6e/xml_ez_out_1.6.0_c90d08dc/mckae.o /home/runner/work/alire-crates-ci/alire-crates-ci/test/625c196d-f35a-4139-8e4c-6d299ada0d6e/xml_ez_out_1.6.0_c90d08dc/mckae-xml.o /home/runner/work/alire-crates-ci/alire-crates-ci/test/625c196d-f35a-4139-8e4c-6d299ada0d6e/xml_ez_out_1.6.0_c90d08dc/mckae-xml-ez_out.o /home/runner/work/alire-crates-ci/alire-crates-ci/test/625c196d-f35a-4139-8e4c-6d299ada0d6e/xml_ez_out_1.6.0_c90d08dc/mckae-xml-ez_out-generic_medium.o /home/runner/work/alire-crates-ci/alire-crates-ci/test/625c196d-f35a-4139-8e4c-6d299ada0d6e/xml_ez_out_1.6.0_c90d08dc/mckae-xml-ez_out-string_stream.o /home/runner/work/alire-crates-ci/alire-crates-ci/test/625c196d-f35a-4139-8e4c-6d299ada0d6e/xml_ez_out_1.6.0_c90d08dc/mckae-xml-ez_out-text_file.o -L/home/runner/work/alire-crates-ci/alire-crates-ci/test/625c196d-f35a-4139-8e4c-6d299ada0d6e/xml_ez_out_1.6.0_c90d08dc/ -L/home/runner/work/alire-crates-ci/alire-crates-ci/test/625c196d-f35a-4139-8e4c-6d299ada0d6e/xml_ez_out_1.6.0_c90d08dc/ -L/home/runner/.local/share/alire/toolchains/gnat_native_10.3.2_d7078088/lib/gcc/x86_64-pc-linux-gnu/10.3.0/adalib/ -static-libgcc /home/runner/.local/share/alire/toolchains/gnat_native_10.3.2_d7078088/lib/gcc/x86_64-pc-linux-gnu/10.3.0/adalib/libgnat.a -ldl -Wl,-rpath-link,/home/runner/.local/share/alire/toolchains/gnat_native_10.3.2_d7078088/lib/gcc/x86_64-pc-linux-gnu/10.3.0//adalib -Wl,-z,origin,-rpath,$ORIGIN/:$ORIGIN/../../../../../..//.local/share/alire/toolchains/gnat_native_10.3.2_d7078088/lib/gcc/x86_64-pc-linux-gnu/10.3.0/adalib -o tmeztf
stderr: Command ["gprbuild", "-s", "-j0", "-p", "-P", "/home/runner/work/alire-crates-ci/alire-crates-ci/test/625c196d-f35a-4139-8e4c-6d299ada0d6e/xml_ez_out_1.6.0_c90d08dc/xml_ez_out.gpr"] exited with code 4
ERROR: Command ["gprbuild", "-s", "-j0", "-p", "-P", "/home/runner/work/alire-crates-ci/alire-crates-ci/test/625c196d-f35a-4139-8e4c-6d299ada0d6e/xml_ez_out_1.6.0_c90d08dc/xml_ez_out.gpr"] exited with code 4
stderr: ALIRE.CHECKED_ERROR
stderr: Command ["gprbuild", "-s", "-j0", "-p", "-P", "/home/runner/work/alire-crates-ci/alire-crates-ci/test/625c196d-f35a-4139-8e4c-6d299ada0d6e/xml_ez_out_1.6.0_c90d08dc/xml_ez_out.gpr"] exited with code 4
stderr: raised ALIRE.CHECKED_ERROR : alire-stored-error:1
[/home/runner/work/alire-crates-ci/alire-crates-ci/alire_install/bin/alr]
0xe16f5e Alire.Raise_Checked_Error at alire.adb:284
0xa845be Alire.Os_Lib.Subprocess.Checked_Spawn at alire-os_lib-subprocess.adb:111
0xcef7be Alire.Spawn.Command at alire-spawn.adb:21
0xcefdde Alire.Spawn.Gprbuild at alire-spawn.adb:41
0xc31d1f Alire.Roots.Build at alire-roots.adb:186
0xc304da Alire.Roots.Build at alire-roots.adb:252
0xc53d6f Alire.Roots.Traverse at alire-roots.adb:2075
0xcba1fd Alire.Solutions.Traverse.Visit at alire-solutions.adb:1480
0xcb9344 Alire.Solutions.Traverse at alire-solutions.adb:1563
0xc53e62 Alire.Roots.Traverse at alire-roots.adb:2079
0xc53f21 Alire.Roots.Traverse at alire-roots.adb:2059
0xc30a46 Alire.Roots.Build at alire-roots.adb:283
0xc30b2b Alire.Roots.Build at alire-roots.adb:111
0x4a5e38 Alr.Commands.Get.Retrieve at alr-commands-get.adb:205
0x4a94f3 Alr.Commands.Get.Execute at alr-commands-get.adb:378
0x4a96a1 Alr.Commands.Get.Execute at alr-commands-get.adb:256
0x533c96 Alr.Commands.Sub_Cmd.Execute at clic-subcommand-instance.adb:749
0x53eff7 Alr.Commands.Execute at alr-commands.adb:561
0x43953a Alr.Main at alr-main.adb:13
0x43c1d3 Main at b__alr-main.adb:2299
[/lib/x86_64-linux-gnu/libc.so.6]
0x7f4327c2a1c8
0x7f4327c2a289
[/home/runner/work/alire-crates-ci/alire-crates-ci/alire_install/bin/alr]
0x4393dc _start at ???
0xfffffffffffffffe


Warning: xml_ez_out=1.6.0 successfully retrieved but its build failed.
There are no dependencies.
ERROR: Build ended with errors
