Test ran at 2023-03-26 01:25:39.831063+00:00

SOLUTION:
mcp2221=1.20962.1: MCP2221 USB Raw HID I/O Expander Library for GNAT Ada
Origin: source archive mcp2221-1.20962.1.tbz2 at http://repo.munts.com/alire/mcp2221-1.20962.1.tbz2 with hashes sha256:5037aea84557b2061418276336dffc4213b741da76219770f4a0f3cbe7eba65f, sha512:2de597211912f33bfa2aca08b36b01c99c2629a5c25cd0e959707a6275d32592a9e0097671f5ed1071966905c154c4a6ff8eed1e312679faf16a80d336bb1645
Available when: (case OS is Linux => True, Macos => True, Windows => True, others => False)
Properties:
   case OS is
      when Linux => Post_Fetch run: ${CRATE_DIR}/./sh -c ./src/scripts/postfetch.linux
      when Macos => Post_Fetch run: ${CRATE_DIR}/./sh -c ./src/scripts/postfetch.macos
      when Windows => Post_Fetch run: ${CRATE_DIR}/./sh -c ./src/scripts/postfetch.windows
   Author: Philip Munts
   Description: MCP2221 USB Raw HID I/O Expander Library for GNAT Ada
   License: BSD-1-Clause
   Maintainer: Philip Munts <phil@munts.net>
   Maintainers_Logins: pmunts
   Name: mcp2221
   Project_File: mcp2221.gpr
   Tag: embedded
   Tag: linux
   Tag: mcp2221
   Tag: adc
   Tag: dac
   Tag: gpio
   Tag: i2c
   Tag: motor
   Tag: pwm
   Tag: sensor
   Tag: serial
   Tag: servo
   Tag: spi
   Tag: stepper
   Version: 1.20962.1
   Website: https://github.com/pmunts/libsimpleio
Dependencies (direct):
   case OS is
      when Linux => libhidapi*
   case OS is
      when Linux => libusb*
Dependencies (external):
   libhidapi* (direct,hinted)
   libusb* (direct,hinted)
Dependencies (graph):
   mcp2221=1.20962.1 --> libhidapi*
   mcp2221=1.20962.1 --> libusb*   
Dependencies cannot be met


LOG:
