Test ran at 2022-05-30 13:59:11.831699+00:00

SOLUTION:
gnat_arm_elf=11.2.4: The GNAT Ada compiler - ARM cross-compiler
Provides: gnat=11.2.4
Origin: (case OS is Linux => (case Word_Size is Bits_64 => binary archive gnat-arm-elf-linux64-11.2.0-4.tar.gz at https://github.com/alire-project/GNAT-FSF-builds/releases/download/gnat-11.2.0-4/gnat-arm-elf-linux64-11.2.0-4.tar.gz), Macos => (case Word_Size is Bits_64 => binary archive gnat-arm-elf-darwin-11.2.0-4.tar.gz at https://github.com/alire-project/GNAT-FSF-builds/releases/download/gnat-11.2.0-4/gnat-arm-elf-darwin-11.2.0-4.tar.gz), Windows => (case Word_Size is Bits_64 => binary archive gnat-arm-elf-windows64-11.2.0-4.tar.gz at https://github.com/alire-project/GNAT-FSF-builds/releases/download/gnat-11.2.0-4/gnat-arm-elf-windows64-11.2.0-4.tar.gz)) with hash sha256:ba16d45c9d4a055e759e79692642cc50b537cd87de99dc6a845c92d8fe7380a3
Properties:
   Auto_Gpr_With: auto-gpr-with=false
   Configuration: no modifiers
   Description: The GNAT Ada compiler - ARM cross-compiler
   Environment: PATH=${CRATE_ROOT}/bin:${PATH}
   License: GPL-3.0-or-later AND GPL-3.0-or-later WITH GCC-exception-3.1
   Maintainer: chouteau@adacore.com
   Maintainers_Logins: Fabien-Chouteau
   Name: gnat_arm_elf
   Version: 11.2.4


LOG:
Note: Deploying release gnat_arm_elf=11.2.4...
#=#=#                                                                         
##O#- #                                                                       

                                                                           0.0%
#                                                                          2.4%
###                                                                        4.8%
#####                                                                      7.3%
######                                                                     9.7%
########                                                                  12.1%
##########                                                                14.5%
############                                                              17.0%
#############                                                             19.4%
###############                                                           21.8%
#################                                                         24.2%
###################                                                       26.7%
####################                                                      29.1%
######################                                                    31.3%
#######################                                                   33.2%
#########################                                                 34.8%
##########################                                                36.3%
###########################                                               38.8%
#############################                                             41.2%
###############################                                           43.6%
#################################                                         46.0%
##################################                                        48.4%
####################################                                      50.9%
######################################                                    53.3%
########################################                                  55.7%
#########################################                                 58.1%
###########################################                               60.6%
#############################################                             63.0%
###############################################                           65.4%
################################################                          67.8%
##################################################                        70.2%
####################################################                      72.7%
######################################################                    75.1%
#######################################################                   77.2%
########################################################                  78.7%
#########################################################                 80.5%
###########################################################               82.4%
#############################################################             84.8%
##############################################################            86.2%
###############################################################           88.2%
################################################################          89.6%
##################################################################        92.0%
####################################################################      94.5%
#####################################################################     96.9%
#######################################################################   99.3%
######################################################################## 100.0%
gprbuild: project file "gnat_arm_elf.gpr" not found in .::/home/runner/work/alire-crates-ci/alire-crates-ci/test/e50a80b8-be34-4c44-a1df-6c25a5b49b8c/gnat_arm_elf_11.2.4_ba16d45c
stderr: Command ["gprbuild", "-gnatwU", "-j0", "-p", "-P", "gnat_arm_elf.gpr"] exited with code 4
ERROR: Command ["gprbuild", "-gnatwU", "-j0", "-p", "-P", "gnat_arm_elf.gpr"] exited with code 4

Warning: gnat_arm_elf=11.2.4 successfully retrieved but its build failed.
There are no dependencies.
ERROR: Build ended with errors
