Test ran at 2024-10-13 12:27:14.010311+00:00

SOLUTION:
lvgl_ada_examples=0.1.0: Examples for the LVGL embedded GUI framework Ada binding
Origin: source archive lvgl_ada_examples-0.1.0.zip at https://github.com/Fabien-Chouteau/lvgl-ada-examples/releases/download/v0.1.0/lvgl_ada_examples-0.1.0.zip with hash sha512:8267a84190844fbf37ad05195cae64f455544e7605f1678fd408bde065b3cffb15d43f27456a5ea69fa6dea43a8d4e737934019b09bd308c9b37c6f5749890c2
Properties:
   Description: Examples for the LVGL embedded GUI framework Ada binding
   Executable: main
   License: MIT
   Maintainer: fabien.chouteau@gmail.com
   Maintainers_Logins: Fabien-Chouteau
   Name: lvgl_ada_examples
   Project_File: lvgl_ada_examples.gpr
   Tag: gui
   Tag: lvgl
   Version: 0.1.0
Dependencies (direct):
   lvgl_ada_simulator~0.1.0
   lvgl_ada~0.1.0
Dependencies (solution):
   gnat=10.3.2 (gnat_native) (installed)
   libsdl2=2.30.0
   libsdl2_image=2.8.2
   libsdl2_ttf=2.22.0
   lvgl_ada=0.1.0
   lvgl_ada_simulator=0.1.1
   make=4.3.0
   sdlada=2.3.1
Dependencies (graph):
   lvgl_ada_examples=0.1.0  --> lvgl_ada=0.1.0 (~0.1.0)                     
   lvgl_ada_examples=0.1.0  --> lvgl_ada_simulator=0.1.1 (~0.1.0)           
   lvgl_ada_simulator=0.1.1 --> lvgl_ada=0.1.0 (~0.1.0)                     
   lvgl_ada_simulator=0.1.1 --> sdlada=2.3.1 (~2.3.1)                       
   sdlada=2.3.1             --> gnat=10.3.2 (gnat_native) (=2019 | <=11.0.0)
   sdlada=2.3.1             --> libsdl2=2.30.0 (^2.0)                       
   sdlada=2.3.1             --> libsdl2_image=2.8.2 (^2.0)                  
   sdlada=2.3.1             --> libsdl2_ttf=2.22.0 (^2.0)                   
   sdlada=2.3.1             --> make=4.3.0 (*)                              


LOG:
Note: Deploying lvgl_ada_examples=0.1.0...
#=#=#                                                                          

######################################################################## 100.0%
Note: Deploying libsdl2=2.30.0...
Note: Deploying libsdl2_image=2.8.2...
Note: Deploying libsdl2_ttf=2.22.0...
Note: Deploying lvgl_ada=0.1.0...
#=#=#                                                                          

#                                                                          2.7%
######################################################################## 100.0%
Note: Deploying make=4.3.0...
Note: Deploying sdlada=2.3.1...
#=#=#                                                                          
##O#-#                                                                         
Note: Running post_fetch actions for sdlada=2.3.1...
make: Entering directory '/home/runner/work/alire-crates-ci/alire-crates-ci/test/5a6b8b27-74a4-47f6-b4ca-85949ca7a199/lvgl_ada_examples_0.1.0_8267a841/alire/cache/dependencies/sdlada_2.3.1_786a047f/build/gnat'
gprbuild -p -gnat2012 -XSDL_MODE=release -XSDL_PLATFORM=linux \
	-Ptools.gpr
Setup
   [mkdir]        object directory for project Tools
Compile
   [Ada]          gen_keyboard.adb
   [Ada]          scancodes.ads
   [Ada]          utils.adb
Bind
   [gprbind]      gen_keyboard.bexch
   [Ada]          gen_keyboard.ali
Link
   [link]         gen_keyboard.adb
/home/runner/.config/alire/cache/dependencies/gnat_native_10.3.2_d7078088/bin/../lib/gcc/x86_64-pc-linux-gnu/10.3.0/../../../../x86_64-pc-linux-gnu/bin/ld: /lib/x86_64-linux-gnu/libc.so.6: unknown type [0x13] section `.relr.dyn'
/home/runner/.config/alire/cache/dependencies/gnat_native_10.3.2_d7078088/bin/../lib/gcc/x86_64-pc-linux-gnu/10.3.0/../../../../x86_64-pc-linux-gnu/bin/ld: skipping incompatible /lib/x86_64-linux-gnu/libc.so.6 when searching for /lib/x86_64-linux-gnu/libc.so.6
/home/runner/.config/alire/cache/dependencies/gnat_native_10.3.2_d7078088/bin/../lib/gcc/x86_64-pc-linux-gnu/10.3.0/../../../../x86_64-pc-linux-gnu/bin/ld: cannot find /lib/x86_64-linux-gnu/libc.so.6
/home/runner/.config/alire/cache/dependencies/gnat_native_10.3.2_d7078088/bin/../lib/gcc/x86_64-pc-linux-gnu/10.3.0/../../../../x86_64-pc-linux-gnu/bin/ld: /lib/x86_64-linux-gnu/libc.so.6: unknown type [0x13] section `.relr.dyn'
/home/runner/.config/alire/cache/dependencies/gnat_native_10.3.2_d7078088/bin/../lib/gcc/x86_64-pc-linux-gnu/10.3.0/../../../../x86_64-pc-linux-gnu/bin/ld: skipping incompatible /lib/x86_64-linux-gnu/libc.so.6 when searching for /lib/x86_64-linux-gnu/libc.so.6
/home/runner/.config/alire/cache/dependencies/gnat_native_10.3.2_d7078088/bin/../lib/gcc/x86_64-pc-linux-gnu/10.3.0/../../../../x86_64-pc-linux-gnu/bin/ld: /lib64/ld-linux-x86-64.so.2: unknown type [0x13] section `.relr.dyn'
/home/runner/.config/alire/cache/dependencies/gnat_native_10.3.2_d7078088/bin/../lib/gcc/x86_64-pc-linux-gnu/10.3.0/../../../../x86_64-pc-linux-gnu/bin/ld: skipping incompatible /lib64/ld-linux-x86-64.so.2 when searching for /lib64/ld-linux-x86-64.so.2
/home/runner/.config/alire/cache/dependencies/gnat_native_10.3.2_d7078088/bin/../lib/gcc/x86_64-pc-linux-gnu/10.3.0/../../../../x86_64-pc-linux-gnu/bin/ld: cannot find /lib64/ld-linux-x86-64.so.2
/home/runner/.config/alire/cache/dependencies/gnat_native_10.3.2_d7078088/bin/../lib/gcc/x86_64-pc-linux-gnu/10.3.0/../../../../x86_64-pc-linux-gnu/bin/ld: /lib64/ld-linux-x86-64.so.2: unknown type [0x13] section `.relr.dyn'
/home/runner/.config/alire/cache/dependencies/gnat_native_10.3.2_d7078088/bin/../lib/gcc/x86_64-pc-linux-gnu/10.3.0/../../../../x86_64-pc-linux-gnu/bin/ld: skipping incompatible /lib64/ld-linux-x86-64.so.2 when searching for /lib64/ld-linux-x86-64.so.2
collect2: error: ld returned 1 exit status
gprbuild: link of gen_keyboard.adb failed
gprbuild: failed command was: /home/runner/.config/alire/cache/dependencies/gnat_native_10.3.2_d7078088/bin/gcc gen_keyboard.o b__gen_keyboard.o /home/runner/work/alire-crates-ci/alire-crates-ci/test/5a6b8b27-74a4-47f6-b4ca-85949ca7a199/lvgl_ada_examples_0.1.0_8267a841/alire/cache/dependencies/sdlada_2.3.1_786a047f/build/gnat/gen/release/tools/.obj/scancodes.o /home/runner/work/alire-crates-ci/alire-crates-ci/test/5a6b8b27-74a4-47f6-b4ca-85949ca7a199/lvgl_ada_examples_0.1.0_8267a841/alire/cache/dependencies/sdlada_2.3.1_786a047f/build/gnat/gen/release/tools/.obj/utils.o -L/home/runner/work/alire-crates-ci/alire-crates-ci/test/5a6b8b27-74a4-47f6-b4ca-85949ca7a199/lvgl_ada_examples_0.1.0_8267a841/alire/cache/dependencies/sdlada_2.3.1_786a047f/build/gnat/gen/release/tools/.obj/ -L/home/runner/work/alire-crates-ci/alire-crates-ci/test/5a6b8b27-74a4-47f6-b4ca-85949ca7a199/lvgl_ada_examples_0.1.0_8267a841/alire/cache/dependencies/sdlada_2.3.1_786a047f/build/gnat/gen/release/tools/.obj/ -L/home/runner/.config/alire/cache/dependencies/gnat_native_10.3.2_d7078088/lib/gcc/x86_64-pc-linux-gnu/10.3.0/adalib/ -static-libgcc /home/runner/.config/alire/cache/dependencies/gnat_native_10.3.2_d7078088/lib/gcc/x86_64-pc-linux-gnu/10.3.0/adalib/libgnat.a -ldl -Wl,-rpath-link,/home/runner/.config/alire/cache/dependencies/gnat_native_10.3.2_d7078088/lib/gcc/x86_64-pc-linux-gnu/10.3.0//adalib -Wl,-z,origin,-rpath,$ORIGIN//.obj:$ORIGIN/../../../../../../../../../../../../../../..//.config/alire/cache/dependencies/gnat_native_10.3.2_d7078088/lib/gcc/x86_64-pc-linux-gnu/10.3.0/adalib -o /home/runner/work/alire-crates-ci/alire-crates-ci/test/5a6b8b27-74a4-47f6-b4ca-85949ca7a199/lvgl_ada_examples_0.1.0_8267a841/alire/cache/dependencies/sdlada_2.3.1_786a047f/build/gnat/gen/release/tools//gen_keyboard
make: *** [makefile:61: gen/release/tools/gen_keyboard] Error 4
make: Leaving directory '/home/runner/work/alire-crates-ci/alire-crates-ci/test/5a6b8b27-74a4-47f6-b4ca-85949ca7a199/lvgl_ada_examples_0.1.0_8267a841/alire/cache/dependencies/sdlada_2.3.1_786a047f/build/gnat'
stderr: Command ["make", "-C", "build/gnat", "SDL_PLATFORM=linux", "SDL_MODE=release"] exited with code 2
stderr: ALIRE.CHECKED_ERROR
stderr: Command ["make", "-C", "build/gnat", "SDL_PLATFORM=linux", "SDL_MODE=release"] exited with code 2
stderr: raised ALIRE.CHECKED_ERROR : alire-stored-error:1
[/home/runner/work/alire-crates-ci/alire-crates-ci/alire_install/bin/alr]
0xd7ada2 Alire.Raise_Checked_Error at alire.adb:251
0xa423cf Alire.Os_Lib.Subprocess.Checked_Spawn at alire-os_lib-subprocess.adb:110
0xa4a085 Alire.Properties.Actions.Executor.Execute_Run at alire-properties-actions-executor.adb:40
0xa4b07f Alire.Properties.Actions.Executor.Execute_Actions at alire-properties-actions-executor.adb:94
0xa4a689 Alire.Properties.Actions.Executor.Execute_Actions at alire-properties-actions-executor.adb:58
0xbc4d2c Alire.Roots.Deploy_Dependencies.Deploy_Release.Run_Post_Fetch at alire-roots.adb:346
0xbc5a0c Alire.Roots.Deploy_Dependencies.Deploy_Release at alire-roots.adb:418
0xbdb95e Alire.Roots.Traverse.Traverse_Wrap at alire-roots.adb:1364
0xc25a8b Alire.Solutions.Traverse.Visit at alire-solutions.adb:1443
0xc241fa Alire.Solutions.Traverse at alire-solutions.adb:1502
0xbdbaac Alire.Roots.Traverse at alire-roots.adb:1368
0xbc5d8e Alire.Roots.Deploy_Dependencies at alire-roots.adb:434
0x4b0337 Alr.Commands.Get.Retrieve at alr-commands-get.adb:173
0x4b4e77 Alr.Commands.Get.Execute at alr-commands-get.adb:348
0x53bb7e Alr.Commands.Sub_Cmd.Execute at clic-subcommand-instance.adb:742
0x54756f Alr.Commands.Execute at alr-commands.adb:492
0x43cb1a Alr.Main at alr-main.adb:10
0x43f3e7 Main at b__alr-main.adb:2132
[/lib/x86_64-linux-gnu/libc.so.6]
0x7f517302a1c8
0x7f517302a289
[/home/runner/work/alire-crates-ci/alire-crates-ci/alire_install/bin/alr]
0x43c9f8 _start at ???
0xfffffffffffffffe

stderr: A post-fetch action failed, re-run with -vv -d for details
ERROR: A post-fetch action failed, re-run with -vv -d for details
