Test ran at 2022-06-16 12:30:27.153384+00:00

SOLUTION:
lzmada=1.1.0: Ada LZMA Library Binding
Origin: source archive 1.1.0.tar.gz at https://github.com/stcarrez/ada-lzma/archive/1.1.0.tar.gz with hash sha512:1344289480d43e12622c3ae822d9b4a34d927219341eafff2f80151f2ee6613aac6599d3ee46f602869d1f498129fd0607b688951d6cbf97b24b48af2cb44047
Properties:
   Description: Ada LZMA Library Binding
   GPR Scenario: BUILD := distrib | debug | optimize | profile | coverage
   GPR Scenario: LZMA_LIBRARY_TYPE := relocatable | static | static-pic
   License: MIT
   Maintainer: Stephane.Carrez@gmail.com
   Maintainers_Logins: stcarrez
   Name: lzmada
   Project_File: .alire/lzmada.gpr
   Version: 1.1.0


LOG:
Note: Deploying lzmada=1.1.0...
#=#=#                                                                         
##O#-#                                                                        
stderr: Command ["tar", "--force-local", "-x", "-f", "D:\a\alire-crates-ci\alire-crates-ci\test\2851f0e4-ea13-4cb1-89b2-2281397c5988\alr-rajc.tmp\1.1.0.tar.gz"] exited with code 2 and output:       1 [main] gzip (5588) C:\Users\runneradmin\.cache\alire\msys64\usr\bin\gzip.exe: *** fatal error - cygheap base mismatch detected - 0x18034C408/0x18034B408.\nThis problem is probably due to using incompatible versions of the cygwin DLL.\nSearch for cygwin1.dll using the Windows Start->Find/Search facility\nand delete all but the most recent version.  The most recent version *should*\nreside in x:\cygwin\bin, where 'x' is the drive on which you have\ninstalled the cygwin distribution.  Rebooting is also suggested if you\nare unable to find another cygwin DLL.\n/usr/bin/tar: Child returned status 127\n/usr/bin/tar: Error is not recoverable: exiting now
stderr: Command ["tar", "-x", "-f", "D:\a\alire-crates-ci\alire-crates-ci\test\2851f0e4-ea13-4cb1-89b2-2281397c5988\alr-rajc.tmp\1.1.0.tar.gz"] exited with code 128 and output: /usr/bin/tar: Cannot connect to D: resolve failed
Warning: tar failed: Command ["tar", "-x", "-f", "D:\a\alire-crates-ci\alire-crates-ci\test\2851f0e4-ea13-4cb1-89b2-2281397c5988\alr-rajc.tmp\1.1.0.tar.gz"] exited with code 128 and output: /usr/bin/tar: Cannot connect to D: resolve failed
stderr: ALIRE.CHECKED_ERROR
stderr: Command ["tar", "-x", "-f", "D:\a\alire-crates-ci\alire-crates-ci\test\2851f0e4-ea13-4cb1-89b2-2281397c5988\alr-rajc.tmp\1.1.0.tar.gz"] exited with code 128 and output: /usr/bin/tar: Cannot connect to D: resolve failed
stderr: raised ALIRE.CHECKED_ERROR : alire-stored-error:2
[D:\a\alire-crates-ci\alire-crates-ci\alire_install\bin\alr.exe]
0xdc4c9b Semantic_Versioning.Basic.At_Least at alire.adb:251
0xa6240b Semantic_Versioning.Basic.At_Least at alire-os_lib-subprocess.adb:141
0x987e1a Semantic_Versioning.Basic.At_Least at alire-origins-deployers-source_archive.adb:67
0x98b9f4 Semantic_Versioning.Basic.At_Least at alire-origins-deployers-source_archive.adb:259
0x989053 Semantic_Versioning.Basic.At_Least at alire-origins-deployers-source_archive.adb:106
0x9a3f7e Semantic_Versioning.Basic.At_Least at alire-origins-deployers.adb:123
0x9a5463 Semantic_Versioning.Basic.At_Least at alire-origins-deployers.adb:161
0xbc9a3e Semantic_Versioning.Basic.At_Least at alire-releases.adb:310
0xbfbdec Semantic_Versioning.Basic.At_Least at alire-roots.adb:285
0x48830f Semantic_Versioning.Basic.At_Least at alr-commands-get.adb:133
0x48d3cc Semantic_Versioning.Basic.At_Least at alr-commands-get.adb:348
0x51c0a3 Semantic_Versioning.Basic.At_Least at clic-subcommand-instance.adb:742
0x528a27 Semantic_Versioning.Basic.At_Least at alr-commands.adb:492
0x401761 Alr.Main at alr-main.adb:10
0x404bd6 Main at b__alr-main.adb:2130
0x401423 __tmainCRTStartup at ???
0x40113b mainCRTStartup at ???
[C:\Windows\System32\KERNEL32.DLL]
0x7ffac4e94ece
[C:\Windows\SYSTEM32\ntdll.dll]
0x7ffac6fae399

stderr: Generating Outcome_Failure with message: Deployment of source archive 1.1.0.tar.gz at https://github.com/stcarrez/ada-lzma/archive/1.1.0.tar.gz with hash sha512:1344289480d43e12622c3ae822d9b4a34d927219341eafff2f80151f2ee6613aac6599d3ee46f602869d1f498129fd0607b688951d6cbf97b24b48af2cb44047 to D:\a\alire-crates-ci\alire-crates-ci\test\2851f0e4-ea13-4cb1-89b2-2281397c5988\lzmada_1.1.0_13442894 failed
stderr: Generating Outcome_Failure with call stack:
stderr: raised AAA.DEBUG.STACK_TRACE.DEBUG_EXCEPTION : aaa-debug.adb:44
[D:\a\alire-crates-ci\alire-crates-ci\alire_install\bin\alr.exe]
0xf01b2d Semantic_Versioning.Basic.At_Least at aaa-debug.adb:44
0xdc358b Semantic_Versioning.Basic.At_Least at alire.adb:193
0x9a4aa2 Semantic_Versioning.Basic.At_Least at alire-origins-deployers.adb:149
0x9a5463 Semantic_Versioning.Basic.At_Least at alire-origins-deployers.adb:161
0xbc9a3e Semantic_Versioning.Basic.At_Least at alire-releases.adb:310
0xbfbdec Semantic_Versioning.Basic.At_Least at alire-roots.adb:285
0x48830f Semantic_Versioning.Basic.At_Least at alr-commands-get.adb:133
0x48d3cc Semantic_Versioning.Basic.At_Least at alr-commands-get.adb:348
0x51c0a3 Semantic_Versioning.Basic.At_Least at clic-subcommand-instance.adb:742
0x528a27 Semantic_Versioning.Basic.At_Least at alr-commands.adb:492
0x401761 Alr.Main at alr-main.adb:10
0x404bd6 Main at b__alr-main.adb:2130
0x401423 __tmainCRTStartup at ???
0x40113b mainCRTStartup at ???
[C:\Windows\System32\KERNEL32.DLL]
0x7ffac4e94ece
[C:\Windows\SYSTEM32\ntdll.dll]
0x7ffac6fae399

stderr: ALIRE.CHECKED_ERROR
stderr: Deployment of source archive 1.1.0.tar.gz at https://github.com/stcarrez/ada-lzma/archive/1.1.0.tar.gz with hash sha512:1344289480d43e12622c3ae822d9b4a34d927219341eafff2f80151f2ee6613aac6599d3ee46f602869d1f498129fd0607b688951d6cbf97b24b48af2cb44047 to D:\a\alire-crates-ci\alire-crates-ci\test\2851f0e4-ea13-4cb1-89b2-2281397c5988\lzmada_1.1.0_13442894 failed
stderr: raised ALIRE.CHECKED_ERROR : alire-stored-error:3
[D:\a\alire-crates-ci\alire-crates-ci\alire_install\bin\alr.exe]
0xdc1cc9 Semantic_Versioning.Basic.At_Least at alire.adb:129
0xbc9a50 Semantic_Versioning.Basic.At_Least at alire-releases.adb:310
0xbfbdec Semantic_Versioning.Basic.At_Least at alire-roots.adb:285
0x48830f Semantic_Versioning.Basic.At_Least at alr-commands-get.adb:133
0x48d3cc Semantic_Versioning.Basic.At_Least at alr-commands-get.adb:348
0x51c0a3 Semantic_Versioning.Basic.At_Least at clic-subcommand-instance.adb:742
0x528a27 Semantic_Versioning.Basic.At_Least at alr-commands.adb:492
0x401761 Alr.Main at alr-main.adb:10
0x404bd6 Main at b__alr-main.adb:2130
0x401423 __tmainCRTStartup at ???
0x40113b mainCRTStartup at ???
[C:\Windows\System32\KERNEL32.DLL]
0x7ffac4e94ece
[C:\Windows\SYSTEM32\ntdll.dll]
0x7ffac6fae399

ERROR: Deployment of source archive 1.1.0.tar.gz at https://github.com/stcarrez/ada-lzma/archive/1.1.0.tar.gz with hash sha512:1344289480d43e12622c3ae822d9b4a34d927219341eafff2f80151f2ee6613aac6599d3ee46f602869d1f498129fd0607b688951d6cbf97b24b48af2cb44047 to D:\a\alire-crates-ci\alire-crates-ci\test\2851f0e4-ea13-4cb1-89b2-2281397c5988\lzmada_1.1.0_13442894 failed
