Test ran at 2024-12-31 13:37:11.622593+00:00

SOLUTION:
zipada=58.0.0: Manage Zip Archives and raw LZMA streams
Origin: commit 2a0903e1ac2c75db4916b19439b364361d9b6cd0 from https://github.com/zertovitch/zip-ada.git
Properties:
   Author: Gautier de Montmollin
   Description: Manage Zip Archives and raw LZMA streams
   Executable: comp_zip
   Executable: find_zip
   Executable: lzma_dec
   Executable: lzma_enc
   Executable: rezip
   Executable: unzipada
   Executable: zipada
   Executable: zip_dir_list
   case OS is
      when Macos => GPR External: Zip_OS := MacOSX
      when Windows => GPR External: Zip_OS := Win64
   License: MIT
   Maintainer: alejandro@mosteo.com
   Maintainers_Logins: mosteo
   Maintainers_Logins: zertovitch
   Name: zipada
   Project_File: zipada.gpr
   Tag: zip
   Tag: archive
   Tag: compression
   Tag: deflate
   Tag: lzma
   Tag: bzip2
   Tag: lzw
   Version: 58.0.0


LOG:
Note: Deploying zipada=58.0.0...
Note: Building zipada/zipada.gpr...
Compile
   [Ada]          zipada.adb
   [Ada]          unzipada.adb
   [Ada]          comp_zip.adb
   [Ada]          find_zip.adb
unzipada.adb:245:27: warning: condition is always True
   [Ada]          rezip.adb
   [Ada]          touch2.adb
   [Ada]          zip_dir_list.adb
   [Ada]          lzma_dec.adb
   [Ada]          lzma_enc.adb
   [Ada]          comp_zip_prc.adb
   [Ada]          show_license.adb
   [Ada]          unzip.adb
   [Ada]          zip.adb
   [Ada]          zip_console_io.adb
   [Ada]          zip-compress.adb
   [Ada]          zip-create.adb
   [Ada]          zip_streams.adb
   [Ada]          set_modification_time_gnat.adb
   [Ada]          unzip-streams.adb
   [Ada]          rezip_lib.adb
   [Ada]          lzma.ads
   [Ada]          lzma-decoding.adb
   [Ada]          lzma-encoding.adb
   [Ada]          unzip-decompress.adb
   [Ada]          zip-headers.adb
   [Ada]          zip-compress-deflate.adb
   [Ada]          zip-compress-lzma_e.adb
   [Ada]          zip-compress-reduce.adb
   [Ada]          zip-compress-shrink.adb
   [Ada]          zip-crc_crypto.adb
   [Ada]          lz77.adb
   [Ada]          dual_io.adb
   [Ada]          flexible_temp_files.adb
   [Ada]          bzip2.adb
   [Ada]          bzip2-decoding.adb
   [Ada]          unzip-decompress-huffman.adb
   [Ada]          length_limited_huffman_code_lengths.adb
Bind
   [gprbind]      zipada.bexch
   [gprbind]      unzipada.bexch
   [gprbind]      comp_zip.bexch
   [Ada]          zipada.ali
   [Ada]          unzipada.ali
   [Ada]          comp_zip.ali
   [gprbind]      find_zip.bexch
   [gprbind]      rezip.bexch
   [gprbind]      touch2.bexch
   [Ada]          find_zip.ali
   [Ada]          rezip.ali
   [Ada]          touch2.ali
   [gprbind]      zip_dir_list.bexch
   [gprbind]      lzma_dec.bexch
   [gprbind]      lzma_enc.bexch
   [Ada]          zip_dir_list.ali
   [Ada]          lzma_dec.ali
   [Ada]          lzma_enc.ali
Link
   [link]         zipada.adb
   [link]         unzipada.adb
   [link]         comp_zip.adb
-macosx_version_min has been renamed to -macos_version_min
-macosx_version_min has been renamed to -macos_version_min
ld: warning: ignoring duplicate libraries: '-lSystem'
ld: warning: ignoring duplicate libraries: '-lSystem'
-macosx_version_min has been renamed to -macos_version_min
ld: warning: ignoring duplicate libraries: '-lSystem'
ld: warning: Support for dylib stub (MH_DYLIB_STUB) file '/Users/runner/.config/alire/cache/dependencies/gnat_native_10.3.2_e112fd3f/lib/libgcc_ext.10.5.dylib' is deprecated, text-based stubs should be used instead (with `GENERATE_TEXT_BASED_STUBS` build setting, or `tapi` tool)
ld: warning: Support for dylib stub (MH_DYLIB_STUB) file '/Users/runner/.config/alire/cache/dependencies/gnat_native_10.3.2_e112fd3f/lib/libgcc_ext.10.5.dylib' is deprecated, text-based stubs should be used instead (with `GENERATE_TEXT_BASED_STUBS` build setting, or `tapi` tool)
ld: warning: Support for dylib stub (MH_DYLIB_STUB) file '/Users/runner/.config/alire/cache/dependencies/gnat_native_10.3.2_e112fd3f/lib/libgcc_ext.10.5.dylib' is deprecated, text-based stubs should be used instead (with `GENERATE_TEXT_BASED_STUBS` build setting, or `tapi` tool)
ld: malformed mach-o missing relocations, LC_DYLD_INFO, or LC_DYLD_CHAINED_FIXUPS in '/Users/runner/.config/alire/cache/dependencies/gnat_native_10.3.2_e112fd3f/lib/libgcc_ext.10.5.dylib'
ld: malformed mach-o missing relocations, LC_DYLD_INFO, or LC_DYLD_CHAINED_FIXUPS in '/Users/runner/.config/alire/cache/dependencies/gnat_native_10.3.2_e112fd3f/lib/libgcc_ext.10.5.dylib'
collect2: error: ld returned 1 exit status
collect2: error: ld returned 1 exit status
ld: malformed mach-o missing relocations, LC_DYLD_INFO, or LC_DYLD_CHAINED_FIXUPS in '/Users/runner/.config/alire/cache/dependencies/gnat_native_10.3.2_e112fd3f/lib/libgcc_ext.10.5.dylib'
collect2: error: ld returned 1 exit status
   link of comp_zip.adb failed
   failed command was: /users/runner/.config/alire/cache/dependencies/gnat_native_10.3.2_e112fd3f/bin/gcc comp_zip.o b__comp_zip.o /Users/runner/work/alire-crates-ci/alire-crates-ci/test/b840c47b-10f5-4539-ad53-f38e0ba1327d/zipada_58.0.0_2a0903e1/obj_opt/bzip2.o /Users/runner/work/alire-crates-ci/alire-crates-ci/test/b840c47b-10f5-4539-ad53-f38e0ba1327d/zipada_58.0.0_2a0903e1/obj_opt/bzip2-decoding.o /Users/runner/work/alire-crates-ci/alire-crates-ci/test/b840c47b-10f5-4539-ad53-f38e0ba1327d/zipada_58.0.0_2a0903e1/obj_opt/lzma.o /Users/runner/work/alire-crates-ci/alire-crates-ci/test/b840c47b-10f5-4539-ad53-f38e0ba1327d/zipada_58.0.0_2a0903e1/obj_opt/lzma-decoding.o /Users/runner/work/alire-crates-ci/alire-crates-ci/test/b840c47b-10f5-4539-ad53-f38e0ba1327d/zipada_58.0.0_2a0903e1/obj_opt/show_license.o /Users/runner/work/alire-crates-ci/alire-crates-ci/test/b840c47b-10f5-4539-ad53-f38e0ba1327d/zipada_58.0.0_2a0903e1/obj_opt/zip_streams.o /Users/runner/work/alire-crates-ci/alire-crates-ci/test/b840c47b-10f5-4539-ad53-f38e0ba1327d/zipada_58.0.0_2a0903e1/obj_opt/zip-headers.o /Users/runner/work/alire-crates-ci/alire-crates-ci/test/b840c47b-10f5-4539-ad53-f38e0ba1327d/zipada_58.0.0_2a0903e1/obj_opt/zip.o /Users/runner/work/alire-crates-ci/alire-crates-ci/test/b840c47b-10f5-4539-ad53-f38e0ba1327d/zipada_58.0.0_2a0903e1/obj_opt/zip-crc_crypto.o /Users/runner/work/alire-crates-ci/alire-crates-ci/test/b840c47b-10f5-4539-ad53-f38e0ba1327d/zipada_58.0.0_2a0903e1/obj_opt/unzip.o /Users/runner/work/alire-crates-ci/alire-crates-ci/test/b840c47b-10f5-4539-ad53-f38e0ba1327d/zipada_58.0.0_2a0903e1/obj_opt/unzip-decompress-huffman.o /Users/runner/work/alire-crates-ci/alire-crates-ci/test/b840c47b-10f5-4539-ad53-f38e0ba1327d/zipada_58.0.0_2a0903e1/obj_opt/unzip-decompress.o /Users/runner/work/alire-crates-ci/alire-crates-ci/test/b840c47b-10f5-4539-ad53-f38e0ba1327d/zipada_58.0.0_2a0903e1/obj_opt/unzip-streams.o /Users/runner/work/alire-crates-ci/alire-crates-ci/test/b840c47b-10f5-4539-ad53-f38e0ba1327d/zipada_58.0.0_2a0903e1/obj_opt/comp_zip_prc.o -Wl,-dead_strip -g -L/Users/runner/work/alire-crates-ci/alire-crates-ci/test/b840c47b-10f5-4539-ad53-f38e0ba1327d/zipada_58.0.0_2a0903e1/obj_opt/ -L/Users/runner/work/alire-crates-ci/alire-crates-ci/test/b840c47b-10f5-4539-ad53-f38e0ba1327d/zipada_58.0.0_2a0903e1/obj_opt/ -L/users/runner/.config/alire/cache/dependencies/gnat_native_10.3.2_e112fd3f/lib/gcc/x86_64-apple-darwin19.6.0/10.3.0/adalib/ /users/runner/.config/alire/cache/dependencies/gnat_native_10.3.2_e112fd3f/lib/gcc/x86_64-apple-darwin19.6.0/10.3.0/adalib/libgnat.a -Wl,-rpath,@executable_path//obj_opt -Wl,-rpath,@executable_path/../../../../../..//.config/alire/cache/dependencies/gnat_native_10.3.2_e112fd3f/lib/gcc/x86_64-apple-darwin19.6.0/10.3.0/adalib -o /Users/runner/work/alire-crates-ci/alire-crates-ci/test/b840c47b-10f5-4539-ad53-f38e0ba1327d/zipada_58.0.0_2a0903e1//comp_zip 
   link of zipada.adb failed
   failed command was: /users/runner/.config/alire/cache/dependencies/gnat_native_10.3.2_e112fd3f/bin/gcc zipada.o b__zipada.o /Users/runner/work/alire-crates-ci/alire-crates-ci/test/b840c47b-10f5-4539-ad53-f38e0ba1327d/zipada_58.0.0_2a0903e1/obj_opt/bzip2.o /Users/runner/work/alire-crates-ci/alire-crates-ci/test/b840c47b-10f5-4539-ad53-f38e0ba1327d/zipada_58.0.0_2a0903e1/obj_opt/bzip2-decoding.o /Users/runner/work/alire-crates-ci/alire-crates-ci/test/b840c47b-10f5-4539-ad53-f38e0ba1327d/zipada_58.0.0_2a0903e1/obj_opt/length_limited_huffman_code_lengths.o /Users/runner/work/alire-crates-ci/alire-crates-ci/test/b840c47b-10f5-4539-ad53-f38e0ba1327d/zipada_58.0.0_2a0903e1/obj_opt/lz77.o /Users/runner/work/alire-crates-ci/alire-crates-ci/test/b840c47b-10f5-4539-ad53-f38e0ba1327d/zipada_58.0.0_2a0903e1/obj_opt/lzma.o /Users/runner/work/alire-crates-ci/alire-crates-ci/test/b840c47b-10f5-4539-ad53-f38e0ba1327d/zipada_58.0.0_2a0903e1/obj_opt/lzma-decoding.o /Users/runner/work/alire-crates-ci/alire-crates-ci/test/b840c47b-10f5-4539-ad53-f38e0ba1327d/zipada_58.0.0_2a0903e1/obj_opt/lzma-encoding.o /Users/runner/work/alire-crates-ci/alire-crates-ci/test/b840c47b-10f5-4539-ad53-f38e0ba1327d/zipada_58.0.0_2a0903e1/obj_opt/show_license.o /Users/runner/work/alire-crates-ci/alire-crates-ci/test/b840c47b-10f5-4539-ad53-f38e0ba1327d/zipada_58.0.0_2a0903e1/obj_opt/zip_streams.o /Users/runner/work/alire-crates-ci/alire-crates-ci/test/b840c47b-10f5-4539-ad53-f38e0ba1327d/zipada_58.0.0_2a0903e1/obj_opt/zip-headers.o /Users/runner/work/alire-crates-ci/alire-crates-ci/test/b840c47b-10f5-4539-ad53-f38e0ba1327d/zipada_58.0.0_2a0903e1/obj_opt/zip.o /Users/runner/work/alire-crates-ci/alire-crates-ci/test/b840c47b-10f5-4539-ad53-f38e0ba1327d/zipada_58.0.0_2a0903e1/obj_opt/zip-crc_crypto.o /Users/runner/work/alire-crates-ci/alire-crates-ci/test/b840c47b-10f5-4539-ad53-f38e0ba1327d/zipada_58.0.0_2a0903e1/obj_opt/unzip.o /Users/runner/work/alire-crates-ci/alire-crates-ci/test/b840c47b-10f5-4539-ad53-f38e0ba1327d/zipada_58.0.0_2a0903e1/obj_opt/unzip-decompress-huffman.o /Users/runner/work/alire-crates-ci/alire-crates-ci/test/b840c47b-10f5-4539-ad53-f38e0ba1327d/zipada_58.0.0_2a0903e1/obj_opt/unzip-decompress.o /Users/runner/work/alire-crates-ci/alire-crates-ci/test/b840c47b-10f5-4539-ad53-f38e0ba1327d/zipada_58.0.0_2a0903e1/obj_opt/zip-compress-deflate.o /Users/runner/work/alire-crates-ci/alire-crates-ci/test/b840c47b-10f5-4539-ad53-f38e0ba1327d/zipada_58.0.0_2a0903e1/obj_opt/zip-compress-lzma_e.o /Users/runner/work/alire-crates-ci/alire-crates-ci/test/b840c47b-10f5-4539-ad53-f38e0ba1327d/zipada_58.0.0_2a0903e1/obj_opt/zip-compress-reduce.o /Users/runner/work/alire-crates-ci/alire-crates-ci/test/b840c47b-10f5-4539-ad53-f38e0ba1327d/zipada_58.0.0_2a0903e1/obj_opt/zip-compress-shrink.o /Users/runner/work/alire-crates-ci/alire-crates-ci/test/b840c47b-10f5-4539-ad53-f38e0ba1327d/zipada_58.0.0_2a0903e1/obj_opt/zip-create.o /Users/runner/work/alire-crates-ci/alire-crates-ci/test/b840c47b-10f5-4539-ad53-f38e0ba1327d/zipada_58.0.0_2a0903e1/obj_opt/zip-compress.o /Users/runner/work/alire-crates-ci/alire-crates-ci/test/b840c47b-10f5-4539-ad53-f38e0ba1327d/zipada_58.0.0_2a0903e1/obj_opt/zip_console_io.o -Wl,-dead_strip -g -L/Users/runner/work/alire-crates-ci/alire-crates-ci/test/b840c47b-10f5-4539-ad53-f38e0ba1327d/zipada_58.0.0_2a0903e1/obj_opt/ -L/Users/runner/work/alire-crates-ci/alire-crates-ci/test/b840c47b-10f5-4539-ad53-f38e0ba1327d/zipada_58.0.0_2a0903e1/obj_opt/ -L/users/runner/.config/alire/cache/dependencies/gnat_native_10.3.2_e112fd3f/lib/gcc/x86_64-apple-darwin19.6.0/10.3.0/adalib/ /users/runner/.config/alire/cache/dependencies/gnat_native_10.3.2_e112fd3f/lib/gcc/x86_64-apple-darwin19.6.0/10.3.0/adalib/libgnat.a -Wl,-rpath,@executable_path//obj_opt -Wl,-rpath,@executable_path/../../../../../..//.config/alire/cache/dependencies/gnat_native_10.3.2_e112fd3f/lib/gcc/x86_64-apple-darwin19.6.0/10.3.0/adalib -o /Users/runner/work/alire-crates-ci/alire-crates-ci/test/b840c47b-10f5-4539-ad53-f38e0ba1327d/zipada_58.0.0_2a0903e1//zipada 
   link of unzipada.adb failed
   failed command was: /users/runner/.config/alire/cache/dependencies/gnat_native_10.3.2_e112fd3f/bin/gcc unzipada.o b__unzipada.o /Users/runner/work/alire-crates-ci/alire-crates-ci/test/b840c47b-10f5-4539-ad53-f38e0ba1327d/zipada_58.0.0_2a0903e1/obj_opt/bzip2.o /Users/runner/work/alire-crates-ci/alire-crates-ci/test/b840c47b-10f5-4539-ad53-f38e0ba1327d/zipada_58.0.0_2a0903e1/obj_opt/bzip2-decoding.o /Users/runner/work/alire-crates-ci/alire-crates-ci/test/b840c47b-10f5-4539-ad53-f38e0ba1327d/zipada_58.0.0_2a0903e1/obj_opt/lzma.o /Users/runner/work/alire-crates-ci/alire-crates-ci/test/b840c47b-10f5-4539-ad53-f38e0ba1327d/zipada_58.0.0_2a0903e1/obj_opt/lzma-decoding.o /Users/runner/work/alire-crates-ci/alire-crates-ci/test/b840c47b-10f5-4539-ad53-f38e0ba1327d/zipada_58.0.0_2a0903e1/obj_opt/show_license.o /Users/runner/work/alire-crates-ci/alire-crates-ci/test/b840c47b-10f5-4539-ad53-f38e0ba1327d/zipada_58.0.0_2a0903e1/obj_opt/zip_streams.o /Users/runner/work/alire-crates-ci/alire-crates-ci/test/b840c47b-10f5-4539-ad53-f38e0ba1327d/zipada_58.0.0_2a0903e1/obj_opt/zip-headers.o /Users/runner/work/alire-crates-ci/alire-crates-ci/test/b840c47b-10f5-4539-ad53-f38e0ba1327d/zipada_58.0.0_2a0903e1/obj_opt/zip.o /Users/runner/work/alire-crates-ci/alire-crates-ci/test/b840c47b-10f5-4539-ad53-f38e0ba1327d/zipada_58.0.0_2a0903e1/obj_opt/zip-crc_crypto.o /Users/runner/work/alire-crates-ci/alire-crates-ci/test/b840c47b-10f5-4539-ad53-f38e0ba1327d/zipada_58.0.0_2a0903e1/obj_opt/unzip.o /Users/runner/work/alire-crates-ci/alire-crates-ci/test/b840c47b-10f5-4539-ad53-f38e0ba1327d/zipada_58.0.0_2a0903e1/obj_opt/unzip-decompress-huffman.o /Users/runner/work/alire-crates-ci/alire-crates-ci/test/b840c47b-10f5-4539-ad53-f38e0ba1327d/zipada_58.0.0_2a0903e1/obj_opt/unzip-decompress.o /Users/runner/work/alire-crates-ci/alire-crates-ci/test/b840c47b-10f5-4539-ad53-f38e0ba1327d/zipada_58.0.0_2a0903e1/obj_opt/zip_console_io.o -Wl,-dead_strip -g -L/Users/runner/work/alire-crates-ci/alire-crates-ci/test/b840c47b-10f5-4539-ad53-f38e0ba1327d/zipada_58.0.0_2a0903e1/obj_opt/ -L/Users/runner/work/alire-crates-ci/alire-crates-ci/test/b840c47b-10f5-4539-ad53-f38e0ba1327d/zipada_58.0.0_2a0903e1/obj_opt/ -L/users/runner/.config/alire/cache/dependencies/gnat_native_10.3.2_e112fd3f/lib/gcc/x86_64-apple-darwin19.6.0/10.3.0/adalib/ /users/runner/.config/alire/cache/dependencies/gnat_native_10.3.2_e112fd3f/lib/gcc/x86_64-apple-darwin19.6.0/10.3.0/adalib/libgnat.a -Wl,-rpath,@executable_path//obj_opt -Wl,-rpath,@executable_path/../../../../../..//.config/alire/cache/dependencies/gnat_native_10.3.2_e112fd3f/lib/gcc/x86_64-apple-darwin19.6.0/10.3.0/adalib -o /Users/runner/work/alire-crates-ci/alire-crates-ci/test/b840c47b-10f5-4539-ad53-f38e0ba1327d/zipada_58.0.0_2a0903e1//unzipada 
gprbuild: *** link phase failed
stderr: Command ["gprbuild", "-s", "-j0", "-p", "-P", "/Users/runner/work/alire-crates-ci/alire-crates-ci/test/b840c47b-10f5-4539-ad53-f38e0ba1327d/zipada_58.0.0_2a0903e1/zipada.gpr"] exited with code 4
ERROR: Command ["gprbuild", "-s", "-j0", "-p", "-P", "/Users/runner/work/alire-crates-ci/alire-crates-ci/test/b840c47b-10f5-4539-ad53-f38e0ba1327d/zipada_58.0.0_2a0903e1/zipada.gpr"] exited with code 4
stderr: ALIRE.CHECKED_ERROR
stderr: Command ["gprbuild", "-s", "-j0", "-p", "-P", "/Users/runner/work/alire-crates-ci/alire-crates-ci/test/b840c47b-10f5-4539-ad53-f38e0ba1327d/zipada_58.0.0_2a0903e1/zipada.gpr"] exited with code 4
stderr: raised ALIRE.CHECKED_ERROR : alire-stored-error:1
Load address: 0x100fc3000
Call stack traceback locations:
0x1018cb415 0x10159ee83 0x1017b1df9 0x1017b2581 0x101712ac3 0x101710f99 0x10172d873 0x101779dc1 0x10177881a 0x10172d9b8 0x101711349 0x1010229c1 0x101033578 0x10103801c 0x1010be05c 0x1010c93b8 0x100fc4605 0x100fc7914


Warning: zipada=58.0.0 successfully retrieved but its build failed.
There are no dependencies.
ERROR: Build ended with errors
