Test ran at 2024-11-27 00:44:53.017706+00:00

SOLUTION:
ada_voxel_space_demo=1.0.1: Voxel Space render engine demo in Ada
Origin: source archive ada_voxel_space_demo-1.0.1.zip at https://github.com/Fabien-Chouteau/ada-voxel-space-demo/releases/download/v1.0.1/ada_voxel_space_demo-1.0.1.zip with hash sha512:69740326ce512b57e15e311e82bbbd500bdbcb434290af598a379fbee8a157f9c6a18321d6b36164aae78687c0012f051bd7fcdb5eebd85ed6b2cec33a0b3917
Properties:
   Description: Voxel Space render engine demo in Ada
   Executable: main
   License: MIT
   Maintainer: fabien.chouteau@gmail.com
   Maintainers_Logins: Fabien-Chouteau
   Name: ada_voxel_space_demo
   Project_File: ada_voxel_space_demo.gpr
   Version: 1.0.1
Dependencies (direct):
   sdlada^2.3.1
Dependencies (solution):
   gnat=10.3.2 (gnat_native) (installed)
   make=3.81.0
   sdlada=2.3.1
Dependencies (external):
   libsdl2^2.0 (indirect,hinted)
   libsdl2_image^2.0 (indirect,hinted)
   libsdl2_ttf^2.0 (indirect,hinted)
Dependencies (graph):
   ada_voxel_space_demo=1.0.1 --> sdlada=2.3.1 (^2.3.1)                       
   sdlada=2.3.1               --> gnat=10.3.2 (gnat_native) (=2019 | <=11.0.0)
   sdlada=2.3.1               --> libsdl2^2.0                                 
   sdlada=2.3.1               --> libsdl2_image^2.0                           
   sdlada=2.3.1               --> libsdl2_ttf^2.0                             
   sdlada=2.3.1               --> make=3.81.0 (*)                             
Dependencies cannot be met


LOG:
