Test ran at 2022-07-15 12:39:57.932271+00:00

SOLUTION:
gnat_riscv64_elf=11.2.4: The GNAT Ada compiler - RISC-V cross-compiler
Provides: gnat=11.2.4
Origin: (case OS is Linux => (case Word_Size is Bits_64 => binary archive gnat-riscv64-elf-linux64-11.2.0-4.tar.gz at https://github.com/alire-project/GNAT-FSF-builds/releases/download/gnat-11.2.0-4/gnat-riscv64-elf-linux64-11.2.0-4.tar.gz), Macos => (case Word_Size is Bits_64 => binary archive gnat-riscv64-elf-darwin-11.2.0-4.tar.gz at https://github.com/alire-project/GNAT-FSF-builds/releases/download/gnat-11.2.0-4/gnat-riscv64-elf-darwin-11.2.0-4.tar.gz), Windows => (case Word_Size is Bits_64 => binary archive gnat-riscv64-elf-windows64-11.2.0-4.tar.gz at https://github.com/alire-project/GNAT-FSF-builds/releases/download/gnat-11.2.0-4/gnat-riscv64-elf-windows64-11.2.0-4.tar.gz)) with hash sha256:f4a370b52e490ce7ed1e27be5ea70d1e75cc14f70439fa0f2207ea691c9d95dc
Properties:
   Auto_Gpr_With: auto-gpr-with=false
   Configuration: no modifiers
   Description: The GNAT Ada compiler - RISC-V cross-compiler
   Environment: PATH=${CRATE_ROOT}/bin:${PATH}
   License: GPL-3.0-or-later AND GPL-3.0-or-later WITH GCC-exception-3.1
   Maintainer: chouteau@adacore.com
   Maintainers_Logins: Fabien-Chouteau
   Name: gnat_riscv64_elf
   Version: 11.2.4


LOG:
Note: Deploying gnat_riscv64_elf=11.2.4...
#=#=#                                                                         
##O#- #                                                                       

                                                                           0.7%
##                                                                         3.6%
#####                                                                      7.1%
#######                                                                   10.3%
#########                                                                 13.8%
############                                                              17.3%
#############                                                             19.3%
###############                                                           21.9%
#################                                                         24.4%
###################                                                       26.8%
#####################                                                     29.2%
#######################                                                   32.7%
##########################                                                36.4%
############################                                              39.5%
##############################                                            42.3%
################################                                          44.6%
##################################                                        48.0%
#####################################                                     51.5%
#######################################                                   55.2%
##########################################                                58.4%
############################################                              62.1%
###############################################                           65.4%
#################################################                         68.7%
###################################################                       72.1%
######################################################                    75.5%
########################################################                  79.1%
###########################################################               82.7%
#############################################################             85.8%
################################################################          89.6%
##################################################################        93.0%
#####################################################################     96.3%
#######################################################################   98.7%
######################################################################## 100.0%
Note: Skipping build step for binary release gnat_riscv64_elf=11.2.4

gnat_riscv64_elf=11.2.4 successfully retrieved and deployed.
There are no dependencies.
