Test ran at 2022-05-23 07:52:34.265027+00:00

SOLUTION:
lace_box2d=0.1.0: Provides a thin Ada binding to the 'box2d' C++ project.
Origin: source archive lace_box2d-0.1.0.tgz at https://github.com/charlie5/lace-alire/releases/download/v0.1.0/lace_box2d-0.1.0.tgz with hashes sha256:fecf3d54be600eca17eadd1b49ad5c16bf98f07bf5f21738c106c5d22a8cc863, sha512:4dee47dbb76f612e130c39d0c4dd0c10b281118bc3d87451beab4f8abcde85730dbb02873fddd8a82ac1290a0a8ed3ef0844edba77af33616625532726c029da
Properties:
   Author: Rod Kay
   Description: Provides a thin Ada binding to the 'box2d' C++ project.
   License: ISC
   Maintainer: Rod Kay <rodakay5@gmail.com>
   Maintainers_Logins: charlie5
   Name: lace_box2d
   Project_File: library/box2d_thin.gpr
   Version: 0.1.0
Dependencies (direct):
   lace_c_math~0.1
Dependencies (solution):
   lace_c_math=0.1.0
   lace_math=0.1.0
   lace_shared=0.1.0
   lace_swig=0.1.0
Dependencies (graph):
   lace_box2d=0.1.0  --> lace_c_math=0.1.0 (~0.1)
   lace_c_math=0.1.0 --> lace_math=0.1.0 (~0.1)  
   lace_c_math=0.1.0 --> lace_swig=0.1.0 (~0.1)  
   lace_math=0.1.0   --> lace_shared=0.1.0 (~0.1)


LOG:
Note: Deploying release lace_box2d=0.1.0...
#=#=#                                                                         

######################################################################## 100.0%
Note: Deploying release lace_shared=0.1.0...
#=#=#                                                                         

######################################################################## 100.0%
Note: Deploying release lace_swig=0.1.0...
#=#=#                                                                         

######################################################################## 100.0%
Note: Deploying release lace_math=0.1.0...

######################################################################## 100.0%
Note: Deploying release lace_c_math=0.1.0...
#=#=#                                                                         

######################################################################## 100.0%
gprconfig: can't find a native toolchain for language 'c++'
gprconfig: can't find a native toolchain for language 'c++'
Setup
   [mkdir]        object directory for project c_Math_Thin_C
   [mkdir]        object directory for project Box2d_contrib
   [mkdir]        object directory for project Swig
   [mkdir]        object directory for project Math
c_math_thin_cxx.gpr:6:09: no compiler for language "c++", cannot compile "c_math_c_wrap.cxx"
gprbuild: *** compilation phase failed
stderr: Command ["gprbuild", "-gnatwU", "-j0", "-p", "-P", "library/box2d_thin.gpr"] exited with code 4
ERROR: Command ["gprbuild", "-gnatwU", "-j0", "-p", "-P", "library/box2d_thin.gpr"] exited with code 4

Warning: lace_box2d=0.1.0 successfully retrieved but its build failed.
Dependencies were solved as follows:

   + lace_c_math 0.1.0 (new)         
   + lace_math   0.1.0 (new,indirect)
   + lace_shared 0.1.0 (new,indirect)
   + lace_swig   0.1.0 (new,indirect)
ERROR: Build ended with errors
