Test ran at 2024-05-21 13:21:12.814843+00:00

SOLUTION:
libgpr=24.0.0: GNAT Project File Library
Origin: source archive gprbuild-24.0.0.zip at https://github.com/adacore/gprbuild/archive/v24.0.0/gprbuild-24.0.0.zip with hash sha512:d9c96bdafc02d93f67120203aa3bc62c0be7e9e1d453e48969c5121cb060eb51c2add00397f2d3bf50d592713b08ccd70a6049665d14ad3f2d4ed1bb1be88e02
Properties:
   Author: AdaCore
   Configuration: no modifiers
   Description: GNAT Project File Library
   GPR Scenario: GPR_BUILD := debug | production | coverage | profiling
   GPR Scenario: LIBRARY_TYPE := static | relocatable | static-pic
   License: GPL-3.0-or-later WITH GCC-exception-3.1
   Maintainer: chouteau@adacore.com
   Maintainers_Logins: Fabien-Chouteau
   Name: libgpr
   Project_File: gpr/gpr.gpr
   Version: 24.0.0
Dependencies (direct):
   gnat/=2020
   xmlada~24.0.0
Dependencies (solution):
   xmlada=24.0.0
Dependencies (external):
   gnat(/=2020) & (>=11) (direct,hinted)
Dependencies (graph):
   libgpr=24.0.0 --> gnat/=2020             
   libgpr=24.0.0 --> xmlada=24.0.0 (~24.0.0)
   xmlada=24.0.0 --> gnat>=11               
Dependencies cannot be met


LOG:
