Test ran at 2022-06-03 12:42:09.361156+00:00

SOLUTION:
rsfile=1.0.0: Pick a file with probability proportional to its size
Origin: source archive v1.0.0.tar.gz at https://github.com/mosteo/rsfile/archive/v1.0.0.tar.gz with hash sha512:41a4d1bf04d1b06634d4c8b33a1b5ee2c9b9e3c6fd3570d306df16a5f960748efd819c72f7295f65c1ebe8e5b30df0366c5f292abffdee96835b95d311b68e2c
Properties:
   Author: alejandro@mosteo.com
   Description: Pick a file with probability proportional to its size
   Executable: rsfile
   License: GPL-3.0-only
   Maintainer: alejandro@mosteo.com
   Maintainers_Logins: mosteo
   Name: rsfile
   Version: 1.0.0


LOG:
Note: Deploying release rsfile=1.0.0...
#=#=#                                                                         
##O#-#                                                                        
Setup
   [mkdir]        object directory for project Rsfile
Compile
   [Ada]          rsfile.adb
Bind
   [gprbind]      rsfile.bexch
   [Ada]          rsfile.ali
Link
   [link]         rsfile.adb

rsfile=1.0.0 successfully retrieved and built.
There are no dependencies.
