Test ran at 2024-08-02 01:30:44.323064+00:00

SOLUTION:
mcp2221=1.20962.1: MCP2221 USB Raw HID I/O Expander Library for GNAT Ada
Origin: source archive mcp2221-1.20962.1.tbz2 at http://repo.munts.com/alire/mcp2221-1.20962.1.tbz2 with hashes sha256:5037aea84557b2061418276336dffc4213b741da76219770f4a0f3cbe7eba65f, sha512:2de597211912f33bfa2aca08b36b01c99c2629a5c25cd0e959707a6275d32592a9e0097671f5ed1071966905c154c4a6ff8eed1e312679faf16a80d336bb1645
Available when: (case OS is Linux => True, Macos => True, Windows => True, others => False)
Properties:
   case OS is
      when Linux => Post_Fetch run: ${CRATE_DIR}/./sh -c ./src/scripts/postfetch.linux
      when Macos => Post_Fetch run: ${CRATE_DIR}/./sh -c ./src/scripts/postfetch.macos
      when Windows => Post_Fetch run: ${CRATE_DIR}/./sh -c ./src/scripts/postfetch.windows
   Author: Philip Munts
   Description: MCP2221 USB Raw HID I/O Expander Library for GNAT Ada
   License: BSD-1-Clause
   Maintainer: Philip Munts <phil@munts.net>
   Maintainers_Logins: pmunts
   Name: mcp2221
   Project_File: mcp2221.gpr
   Tag: embedded
   Tag: linux
   Tag: mcp2221
   Tag: adc
   Tag: dac
   Tag: gpio
   Tag: i2c
   Tag: motor
   Tag: pwm
   Tag: sensor
   Tag: serial
   Tag: servo
   Tag: spi
   Tag: stepper
   Version: 1.20962.1
   Website: https://github.com/pmunts/libsimpleio
Dependencies (direct):
   case OS is
      when Linux => libhidapi*
   case OS is
      when Linux => libusb*


LOG:
Note: Deploying mcp2221=1.20962.1...
#=#=#                                                                          

####                                                                       6.4%
##########################                                                36.2%
########################################################                  78.3%
######################################################################## 100.0%
Note: Running post_fetch actions for mcp2221=1.20962.1...
Note: Building mcp2221/mcp2221.gpr...
Setup
   [mkdir]        object directory for project MCP2221
   [mkdir]        library directory for project MCP2221
Compile
   [Ada]          gpio-pwm.adb
   [Ada]          debug.adb
   [Ada]          motor-servo.adb
   [Ada]          reference_counted_table.adb
   [Ada]          servo-pwm.ads
   [Ada]          motor-pwm.adb
   [Ada]          thermistor.adb
   [Ada]          hid-libusb.adb
   [Ada]          hid-hidapi.adb
   [Ada]          messaging-fixed.ads
   [Ada]          resistance.ads
   [Ada]          adc.adb
   [Ada]          voltage.ads
   [Ada]          io_interfaces.ads
   [Ada]          magnetometer.ads
   [Ada]          watchdog.ads
   [Ada]          messaging.adb
   [Ada]          servo.ads
   [Ada]          servo-pwm_template.adb
   [Ada]          gpio.ads
   [Ada]          stepper.ads
   [Ada]          analog.ads
   [Ada]          logging.ads
   [Ada]          humidity.ads
   [Ada]          messaging-text.ads
   [Ada]          pressure.ads
   [Ada]          truecolor.ads
   [Ada]          message64.ads
   [Ada]          angle.ads
   [Ada]          hid.adb
   [Ada]          joystick.ads
   [Ada]          i2c.adb
   [Ada]          pwm.ads
   [Ada]          spi.ads
   [Ada]          accelerometer.ads
   [Ada]          motor.ads
   [Ada]          dac.adb
   [Ada]          gyroscope.ads
   [Ada]          temperature.ads
   [Ada]          pca8574-gpio.adb
   [Ada]          lps25h.adb
   [Ada]          grove_tb6612-motor.adb
   [Ada]          pca9534-gpio.adb
   [Ada]          lsm9ds1.adb
   [Ada]          htu21d.adb
   [Ada]          grove_adc.ads
lsm9ds1.adb:154:12: warning: function "ReadRegister" is not referenced [-gnatwu]
lsm9ds1.adb:250:16: warning: formal parameter "Self" is not referenced [-gnatwf]
   [Ada]          th02.adb
   [Ada]          ads1015.adb
   [Ada]          mcp2221-i2c.adb
   [Ada]          adc121c021.adb
   [Ada]          mcp23x17-word.adb
   [Ada]          a4988.adb
   [Ada]          mcp2221.adb
   [Ada]          tcs3472.adb
   [Ada]          mcp2221-gpio.adb
   [Ada]          cytron_md13s.adb
   [Ada]          mcp23x17-byte.adb
   [Ada]          mcp23x17.adb
   [Ada]          pca9685-pwm.adb
   [Ada]          grove_temperature.adb
   [Ada]          grove_tb6612-stepper.adb
   [Ada]          mpl3115a2.adb
   [Ada]          mcp23x17-gpio.adb
   [Ada]          grove_tb6612.adb
   [Ada]          bmp280.adb
   [Ada]          hid-munts.ads
   [Ada]          pca9685.adb
   [Ada]          tlc1543.adb
   [Ada]          hts221.adb
   [Ada]          pca9534.adb
   [Ada]          pca8574.adb
   [Ada]          mcp2221-adc.adb
   [Ada]          tmp102.adb
   [Ada]          mcp2221-hidapi.adb
   [Ada]          pca9685-gpio.adb
   [Ada]          mcp2221-libusb.adb
   [Ada]          hdc1080.adb
   [Ada]          grove_temperature_humidity.ads
   [Ada]          errno.ads
   [Ada]          mcp2221_config.ads
Build Libraries
   [gprlib]       libsimpleio.lexch
   [archive]      liblibsimpleio.a
   [index]        liblibsimpleio.a
Build finished successfully in 37.27 seconds.

mcp2221=1.20962.1 successfully retrieved and built.
There are no dependencies.
Found declared GPR file: mcp2221.gpr
