Test ran at 2025-02-05 12:41:18.999480+00:00

SOLUTION:
aunit=25.0.0: Ada unit test framework
Origin: source archive aunit-25.0.0.zip at https://github.com/adacore/aunit/archive/v25.0.0/aunit-25.0.0.zip with hash sha512:3882c581a7a9d3c592cae44f683bb4c4d341135359ca8895d2f6c9eff8a083f9147b9d0f8f7201ed677f32ac67bea47477529d839731b56f07bbcce68c514191
Properties:
   Author: AdaCore
   Configuration: no modifiers
   Description: Ada unit test framework
   GPR Scenario: AUNIT_BUILD_MODE := Devel | Install
   GPR Scenario: AUNIT_RUNTIME := full | zfp | zfp-cross | ravenscar | ravenscar-cert | cert
   License: GPL-3.0-or-later WITH GCC-exception-3.1
   Maintainer: chouteau@adacore.com
   Maintainers_Logins: Fabien-Chouteau
   Name: aunit
   Project_File: lib/gnat/aunit.gpr
   Tag: unit
   Tag: test
   Tag: unit-test
   Version: 25.0.0


LOG:
Spawning: alr -d -n get --build aunit=25.0.0
Note: Deploying aunit=25.0.0...
#=#=#                                                                          
##O#-#                                                                         
Note: Building aunit=25.0.0/lib/gnat/aunit.gpr...
Setup
   [mkdir]        object directory for project AUnit
   [mkdir]        library directory for project AUnit
Compile
   [Ada]          aunit-io.ads
   [Ada]          aunit-memory-utils.adb
   [Ada]          aunit-memory.adb
   [Ada]          aunit-time_measure.adb
   [Ada]          aunit-reporter-text.adb
   [Ada]          aunit-reporter-junit.adb
   [Ada]          aunit-reporter-gnattest.adb
   [Ada]          aunit-reporter-xml.adb
   [Ada]          ada_containers.ads
   [Ada]          ada_containers-aunit_lists.adb
   [Ada]          aunit-tests.ads
   [Ada]          aunit-test_fixtures.adb
   [Ada]          aunit-test_cases.adb
   [Ada]          aunit.adb
   [Ada]          aunit-options.ads
   [Ada]          aunit-reporter.adb
   [Ada]          aunit-test_suites.adb
   [Ada]          aunit-simple_test_cases.adb
   [Ada]          aunit-test_results.adb
   [Ada]          aunit-run.adb
   [Ada]          aunit-test_filters.adb
   [Ada]          aunit-assertions.adb
   [Ada]          aunit-test_caller.adb
Build Libraries
   [gprlib]       aunit.lexch
   [archive]      libaunit.a
   [index]        libaunit.a

aunit=25.0.0 successfully retrieved and built.
There are no dependencies.
Found declared GPR file: lib/gnat/aunit.gpr
