Test ran at 2023-04-05 13:19:37.359194+00:00

SOLUTION:
esp_idf=0.1.1: Ada binding for the ESP-IDF SDK
Origin: source archive 0.1.1.tar.gz at https://github.com/jklmnn/esp-idf-ada-bindings/archive/refs/tags/0.1.1.tar.gz with hash sha512:c5961aa5def9e591e7083757fcf40aac30878eb32d9bf1b5c9b7aae9d0dc435c65a9504239d41c5dca5cb9742eebb3e2759c9e6ace85517af2e8cfe27f729b04
Properties:
   Description: Ada binding for the ESP-IDF SDK
   License: MIT
   Maintainer: jk@jkliemann.de
   Maintainers_Logins: jklmnn
   Name: esp_idf
   Tag: embedded
   Tag: nostd
   Tag: esp
   Tag: binding
   Tag: riscv
   Tag: xtensa
   Version: 0.1.1


LOG:
Note: Deploying esp_idf=0.1.1...
#=#=#                                                                         
##O#-#                                                                        
Note: Building esp_idf/esp_idf.gpr...
Setup
   [mkdir]        object directory for project esp_idf
   [mkdir]        library directory for project esp_idf
Compile
   [Ada]          esp_idf_config.ads
   [Ada]          esp-drivers-led_strip.ads
   [Ada]          esp-drivers-gpio.ads
esp-drivers-led_strip.ads:31:80: (style) this line is too long
esp-drivers-led_strip.ads:35:01: (style) multiple blank lines
   [Ada]          esp-drivers.ads
   [Ada]          esp-error.ads
esp-drivers-gpio.ads:6:80: (style) this line is too long
esp-drivers-gpio.ads:7:80: (style) this line is too long
esp-drivers-gpio.ads:8:80: (style) this line is too long
esp-drivers-gpio.ads:35:80: (style) this line is too long
   [Ada]          esp.adb
esp.adb:14:05: (style) bad indentation
esp.ads:4:05: (style) bad indentation
Build Libraries
   [gprlib]       esp_idf.lexch
   [archive]      libesp_idf.a
   [index]        libesp_idf.a
Build finished successfully in 0.36 seconds.

esp_idf=0.1.1 successfully retrieved and built.
There are no dependencies.
Found declared GPR file: esp_idf.gpr
