Test ran at 2024-06-27 13:07:01.859845+00:00

SOLUTION:
pygamer_simulator=1.0.0: SDL simulator of the AdaFruit PyGamer console
Origin: commit c0b428bdaf94de296ec3591a11f8ae79f48cc0d3 from https://github.com/Fabien-Chouteau/pygamer-simulator.git
Properties:
   Description: SDL simulator of the AdaFruit PyGamer console
   License: BSD-3-Clause
   Maintainer: fabien.chouteau@gmail.com
   Maintainers_Logins: Fabien-Chouteau
   Name: pygamer_simulator
   Project_File: pygamer_simulator.gpr
   Tag: pygamer
   Tag: adafruit
   Tag: game
   Tag: console
   Tag: simulator
   Version: 1.0.0
   Website: https://github.com/Fabien-Chouteau/pygamer-simulator
Dependencies (direct):
   asfml2.5.1
   hal~0.1.0
Dependencies (solution):
   asfml=2.5.1
   hal=0.1.0
   libcsfml=2.6.0
Dependencies (graph):
   asfml=2.5.1             --> libcsfml=2.6.0 (^2.5)
   pygamer_simulator=1.0.0 --> asfml=2.5.1 (2.5.1)  
   pygamer_simulator=1.0.0 --> hal=0.1.0 (~0.1.0)   


LOG:
Note: Deploying pygamer_simulator=1.0.0...
Note: Deploying hal=0.1.0...
#=#=#                                                                          
##O#-#                                                                         

#####################                                                     29.9%
######################################################################## 100.0%
Note: Deploying libcsfml=2.6.0...
The system package 'libcsfml-dev' is about to be installed.
This action might require admin privileges and impact your system installation.
Do you want Alire to install this system package?
Using default: Yes
debconf: delaying package configuration, since apt-utils is not installed
Selecting previously unselected package libdbus-1-3:amd64.
(Reading database ... 
(Reading database ... 5%
(Reading database ... 10%
(Reading database ... 15%
(Reading database ... 20%
(Reading database ... 25%
(Reading database ... 30%
(Reading database ... 35%
(Reading database ... 40%
(Reading database ... 45%
(Reading database ... 50%
(Reading database ... 55%
(Reading database ... 60%
(Reading database ... 65%
(Reading database ... 70%
(Reading database ... 75%
(Reading database ... 80%
(Reading database ... 85%
(Reading database ... 90%
(Reading database ... 95%
(Reading database ... 100%
(Reading database ... 23405 files and directories currently installed.)
Preparing to unpack .../00-libdbus-1-3_1.14.10-4ubuntu4_amd64.deb ...
Unpacking libdbus-1-3:amd64 (1.14.10-4ubuntu4) ...
Selecting previously unselected package dbus-bin.
Preparing to unpack .../01-dbus-bin_1.14.10-4ubuntu4_amd64.deb ...
Unpacking dbus-bin (1.14.10-4ubuntu4) ...
Selecting previously unselected package dbus-session-bus-common.
Preparing to unpack .../02-dbus-session-bus-common_1.14.10-4ubuntu4_all.deb ...
Unpacking dbus-session-bus-common (1.14.10-4ubuntu4) ...
Selecting previously unselected package dbus-daemon.
Preparing to unpack .../03-dbus-daemon_1.14.10-4ubuntu4_amd64.deb ...
Unpacking dbus-daemon (1.14.10-4ubuntu4) ...
Selecting previously unselected package dbus-system-bus-common.
Preparing to unpack .../04-dbus-system-bus-common_1.14.10-4ubuntu4_all.deb ...
Unpacking dbus-system-bus-common (1.14.10-4ubuntu4) ...
Selecting previously unselected package dbus.
Preparing to unpack .../05-dbus_1.14.10-4ubuntu4_amd64.deb ...
Unpacking dbus (1.14.10-4ubuntu4) ...
Selecting previously unselected package libelf1t64:amd64.
Preparing to unpack .../06-libelf1t64_0.190-1.1build4_amd64.deb ...
Unpacking libelf1t64:amd64 (0.190-1.1build4) ...
Selecting previously unselected package libdrm-common.
Preparing to unpack .../07-libdrm-common_2.4.120-2build1_all.deb ...
Unpacking libdrm-common (2.4.120-2build1) ...
Selecting previously unselected package libdrm2:amd64.
Preparing to unpack .../08-libdrm2_2.4.120-2build1_amd64.deb ...
Unpacking libdrm2:amd64 (2.4.120-2build1) ...
Selecting previously unselected package libsensors-config.
Preparing to unpack .../09-libsensors-config_1%3a3.6.0-9build1_all.deb ...
Unpacking libsensors-config (1:3.6.0-9build1) ...
Selecting previously unselected package libsensors5:amd64.
Preparing to unpack .../10-libsensors5_1%3a3.6.0-9build1_amd64.deb ...
Unpacking libsensors5:amd64 (1:3.6.0-9build1) ...
Selecting previously unselected package alsa-topology-conf.
Preparing to unpack .../11-alsa-topology-conf_1.2.5.1-2_all.deb ...
Unpacking alsa-topology-conf (1.2.5.1-2) ...
Selecting previously unselected package libasound2-data.
Preparing to unpack .../12-libasound2-data_1.2.11-1build2_all.deb ...
Unpacking libasound2-data (1.2.11-1build2) ...
Selecting previously unselected package libasound2t64:amd64.
Preparing to unpack .../13-libasound2t64_1.2.11-1build2_amd64.deb ...
Unpacking libasound2t64:amd64 (1.2.11-1build2) ...
Selecting previously unselected package alsa-ucm-conf.
Preparing to unpack .../14-alsa-ucm-conf_1.2.10-1ubuntu5_all.deb ...
Unpacking alsa-ucm-conf (1.2.10-1ubuntu5) ...
Selecting previously unselected package libasyncns0:amd64.
Preparing to unpack .../15-libasyncns0_0.8-6build4_amd64.deb ...
Unpacking libasyncns0:amd64 (0.8-6build4) ...
Selecting previously unselected package libsfml-system2.6:amd64.
Preparing to unpack .../16-libsfml-system2.6_2.6.1+dfsg-2build2_amd64.deb ...
Unpacking libsfml-system2.6:amd64 (2.6.1+dfsg-2build2) ...
Selecting previously unselected package libogg0:amd64.
Preparing to unpack .../17-libogg0_1.3.5-3build1_amd64.deb ...
Unpacking libogg0:amd64 (1.3.5-3build1) ...
Selecting previously unselected package libflac12t64:amd64.
Preparing to unpack .../18-libflac12t64_1.4.3+ds-2.1ubuntu2_amd64.deb ...
Unpacking libflac12t64:amd64 (1.4.3+ds-2.1ubuntu2) ...
Selecting previously unselected package libopenal-data.
Preparing to unpack .../19-libopenal-data_1%3a1.23.1-4build1_all.deb ...
Unpacking libopenal-data (1:1.23.1-4build1) ...
Selecting previously unselected package libsndio7.0:amd64.
Preparing to unpack .../20-libsndio7.0_1.9.0-0.3build3_amd64.deb ...
Unpacking libsndio7.0:amd64 (1.9.0-0.3build3) ...
Selecting previously unselected package libopenal1:amd64.
Preparing to unpack .../21-libopenal1_1%3a1.23.1-4build1_amd64.deb ...
Unpacking libopenal1:amd64 (1:1.23.1-4build1) ...
Selecting previously unselected package libvorbis0a:amd64.
Preparing to unpack .../22-libvorbis0a_1.3.7-1build3_amd64.deb ...
Unpacking libvorbis0a:amd64 (1.3.7-1build3) ...
Selecting previously unselected package libvorbisenc2:amd64.
Preparing to unpack .../23-libvorbisenc2_1.3.7-1build3_amd64.deb ...
Unpacking libvorbisenc2:amd64 (1.3.7-1build3) ...
Selecting previously unselected package libvorbisfile3:amd64.
Preparing to unpack .../24-libvorbisfile3_1.3.7-1build3_amd64.deb ...
Unpacking libvorbisfile3:amd64 (1.3.7-1build3) ...
Selecting previously unselected package libsfml-audio2.6:amd64.
Preparing to unpack .../25-libsfml-audio2.6_2.6.1+dfsg-2build2_amd64.deb ...
Unpacking libsfml-audio2.6:amd64 (2.6.1+dfsg-2build2) ...
Selecting previously unselected package libcsfml-audio2.6:amd64.
Preparing to unpack .../26-libcsfml-audio2.6_2.6.0-3build1_amd64.deb ...
Unpacking libcsfml-audio2.6:amd64 (2.6.0-3build1) ...
Selecting previously unselected package libglvnd0:amd64.
Preparing to unpack .../27-libglvnd0_1.7.0-1build1_amd64.deb ...
Unpacking libglvnd0:amd64 (1.7.0-1build1) ...
Selecting previously unselected package libglapi-mesa:amd64.
Preparing to unpack .../28-libglapi-mesa_24.0.5-1ubuntu1_amd64.deb ...
Unpacking libglapi-mesa:amd64 (24.0.5-1ubuntu1) ...
Selecting previously unselected package libx11-xcb1:amd64.
Preparing to unpack .../29-libx11-xcb1_2%3a1.8.7-1build1_amd64.deb ...
Unpacking libx11-xcb1:amd64 (2:1.8.7-1build1) ...
Selecting previously unselected package libxcb-dri2-0:amd64.
Preparing to unpack .../30-libxcb-dri2-0_1.15-1ubuntu2_amd64.deb ...
Unpacking libxcb-dri2-0:amd64 (1.15-1ubuntu2) ...
Selecting previously unselected package libxcb-dri3-0:amd64.
Preparing to unpack .../31-libxcb-dri3-0_1.15-1ubuntu2_amd64.deb ...
Unpacking libxcb-dri3-0:amd64 (1.15-1ubuntu2) ...
Selecting previously unselected package libxcb-glx0:amd64.
Preparing to unpack .../32-libxcb-glx0_1.15-1ubuntu2_amd64.deb ...
Unpacking libxcb-glx0:amd64 (1.15-1ubuntu2) ...
Selecting previously unselected package libxcb-present0:amd64.
Preparing to unpack .../33-libxcb-present0_1.15-1ubuntu2_amd64.deb ...
Unpacking libxcb-present0:amd64 (1.15-1ubuntu2) ...
Selecting previously unselected package libxcb-randr0:amd64.
Preparing to unpack .../34-libxcb-randr0_1.15-1ubuntu2_amd64.deb ...
Unpacking libxcb-randr0:amd64 (1.15-1ubuntu2) ...
Selecting previously unselected package libxcb-shm0:amd64.
Preparing to unpack .../35-libxcb-shm0_1.15-1ubuntu2_amd64.deb ...
Unpacking libxcb-shm0:amd64 (1.15-1ubuntu2) ...
Selecting previously unselected package libxcb-sync1:amd64.
Preparing to unpack .../36-libxcb-sync1_1.15-1ubuntu2_amd64.deb ...
Unpacking libxcb-sync1:amd64 (1.15-1ubuntu2) ...
Selecting previously unselected package libxcb-xfixes0:amd64.
Preparing to unpack .../37-libxcb-xfixes0_1.15-1ubuntu2_amd64.deb ...
Unpacking libxcb-xfixes0:amd64 (1.15-1ubuntu2) ...
Selecting previously unselected package libxfixes3:amd64.
Preparing to unpack .../38-libxfixes3_1%3a6.0.0-2build1_amd64.deb ...
Unpacking libxfixes3:amd64 (1:6.0.0-2build1) ...
Selecting previously unselected package libxshmfence1:amd64.
Preparing to unpack .../39-libxshmfence1_1.3-1build5_amd64.deb ...
Unpacking libxshmfence1:amd64 (1.3-1build5) ...
Selecting previously unselected package libxxf86vm1:amd64.
Preparing to unpack .../40-libxxf86vm1_1%3a1.1.4-1build4_amd64.deb ...
Unpacking libxxf86vm1:amd64 (1:1.1.4-1build4) ...
Selecting previously unselected package libvulkan1:amd64.
Preparing to unpack .../41-libvulkan1_1.3.275.0-1build1_amd64.deb ...
Unpacking libvulkan1:amd64 (1.3.275.0-1build1) ...
Selecting previously unselected package libdrm-amdgpu1:amd64.
Preparing to unpack .../42-libdrm-amdgpu1_2.4.120-2build1_amd64.deb ...
Unpacking libdrm-amdgpu1:amd64 (2.4.120-2build1) ...
Selecting previously unselected package libpciaccess0:amd64.
Preparing to unpack .../43-libpciaccess0_0.17-3build1_amd64.deb ...
Unpacking libpciaccess0:amd64 (0.17-3build1) ...
Selecting previously unselected package libdrm-intel1:amd64.
Preparing to unpack .../44-libdrm-intel1_2.4.120-2build1_amd64.deb ...
Unpacking libdrm-intel1:amd64 (2.4.120-2build1) ...
Selecting previously unselected package libdrm-nouveau2:amd64.
Preparing to unpack .../45-libdrm-nouveau2_2.4.120-2build1_amd64.deb ...
Unpacking libdrm-nouveau2:amd64 (2.4.120-2build1) ...
Selecting previously unselected package libdrm-radeon1:amd64.
Preparing to unpack .../46-libdrm-radeon1_2.4.120-2build1_amd64.deb ...
Unpacking libdrm-radeon1:amd64 (2.4.120-2build1) ...
Selecting previously unselected package libllvm17t64:amd64.
Preparing to unpack .../47-libllvm17t64_1%3a17.0.6-9ubuntu1_amd64.deb ...
Unpacking libllvm17t64:amd64 (1:17.0.6-9ubuntu1) ...
Selecting previously unselected package libgl1-mesa-dri:amd64.
Preparing to unpack .../48-libgl1-mesa-dri_24.0.5-1ubuntu1_amd64.deb ...
Unpacking libgl1-mesa-dri:amd64 (24.0.5-1ubuntu1) ...
Selecting previously unselected package libglx-mesa0:amd64.
Preparing to unpack .../49-libglx-mesa0_24.0.5-1ubuntu1_amd64.deb ...
Unpacking libglx-mesa0:amd64 (24.0.5-1ubuntu1) ...
Selecting previously unselected package libglx0:amd64.
Preparing to unpack .../50-libglx0_1.7.0-1build1_amd64.deb ...
Unpacking libglx0:amd64 (1.7.0-1build1) ...
Selecting previously unselected package libgl1:amd64.
Preparing to unpack .../51-libgl1_1.7.0-1build1_amd64.deb ...
Unpacking libgl1:amd64 (1.7.0-1build1) ...
Selecting previously unselected package libxrender1:amd64.
Preparing to unpack .../52-libxrender1_1%3a0.9.10-1.1build1_amd64.deb ...
Unpacking libxrender1:amd64 (1:0.9.10-1.1build1) ...
Selecting previously unselected package libxcursor1:amd64.
Preparing to unpack .../53-libxcursor1_1%3a1.2.1-1build1_amd64.deb ...
Unpacking libxcursor1:amd64 (1:1.2.1-1build1) ...
Selecting previously unselected package libxrandr2:amd64.
Preparing to unpack .../54-libxrandr2_2%3a1.5.2-2build1_amd64.deb ...
Unpacking libxrandr2:amd64 (2:1.5.2-2build1) ...
Selecting previously unselected package libsfml-window2.6:amd64.
Preparing to unpack .../55-libsfml-window2.6_2.6.1+dfsg-2build2_amd64.deb ...
Unpacking libsfml-window2.6:amd64 (2.6.1+dfsg-2build2) ...
Selecting previously unselected package libstb0t64:amd64.
Preparing to unpack .../56-libstb0t64_0.0~git20230129.5736b15+ds-1.2_amd64.deb ...
Unpacking libstb0t64:amd64 (0.0~git20230129.5736b15+ds-1.2) ...
Selecting previously unselected package libsfml-graphics2.6:amd64.
Preparing to unpack .../57-libsfml-graphics2.6_2.6.1+dfsg-2build2_amd64.deb ...
Unpacking libsfml-graphics2.6:amd64 (2.6.1+dfsg-2build2) ...
Selecting previously unselected package libcsfml-graphics2.6:amd64.
Preparing to unpack .../58-libcsfml-graphics2.6_2.6.0-3build1_amd64.deb ...
Unpacking libcsfml-graphics2.6:amd64 (2.6.0-3build1) ...
Selecting previously unselected package libsfml-network2.6:amd64.
Preparing to unpack .../59-libsfml-network2.6_2.6.1+dfsg-2build2_amd64.deb ...
Unpacking libsfml-network2.6:amd64 (2.6.1+dfsg-2build2) ...
Selecting previously unselected package libcsfml-network2.6:amd64.
Preparing to unpack .../60-libcsfml-network2.6_2.6.0-3build1_amd64.deb ...
Unpacking libcsfml-network2.6:amd64 (2.6.0-3build1) ...
Selecting previously unselected package libcsfml-system2.6:amd64.
Preparing to unpack .../61-libcsfml-system2.6_2.6.0-3build1_amd64.deb ...
Unpacking libcsfml-system2.6:amd64 (2.6.0-3build1) ...
Selecting previously unselected package libcsfml-window2.6:amd64.
Preparing to unpack .../62-libcsfml-window2.6_2.6.0-3build1_amd64.deb ...
Unpacking libcsfml-window2.6:amd64 (2.6.0-3build1) ...
Selecting previously unselected package xorg-sgml-doctools.
Preparing to unpack .../63-xorg-sgml-doctools_1%3a1.11-1.1_all.deb ...
Unpacking xorg-sgml-doctools (1:1.11-1.1) ...
Selecting previously unselected package x11proto-dev.
Preparing to unpack .../64-x11proto-dev_2023.2-1_all.deb ...
Unpacking x11proto-dev (2023.2-1) ...
Selecting previously unselected package libxau-dev:amd64.
Preparing to unpack .../65-libxau-dev_1%3a1.0.9-1build6_amd64.deb ...
Unpacking libxau-dev:amd64 (1:1.0.9-1build6) ...
Selecting previously unselected package libxdmcp-dev:amd64.
Preparing to unpack .../66-libxdmcp-dev_1%3a1.1.3-0ubuntu6_amd64.deb ...
Unpacking libxdmcp-dev:amd64 (1:1.1.3-0ubuntu6) ...
Selecting previously unselected package xtrans-dev.
Preparing to unpack .../67-xtrans-dev_1.4.0-1_all.deb ...
Unpacking xtrans-dev (1.4.0-1) ...
Selecting previously unselected package libpthread-stubs0-dev:amd64.
Preparing to unpack .../68-libpthread-stubs0-dev_0.4-1build3_amd64.deb ...
Unpacking libpthread-stubs0-dev:amd64 (0.4-1build3) ...
Selecting previously unselected package libxcb1-dev:amd64.
Preparing to unpack .../69-libxcb1-dev_1.15-1ubuntu2_amd64.deb ...
Unpacking libxcb1-dev:amd64 (1.15-1ubuntu2) ...
Selecting previously unselected package libx11-dev:amd64.
Preparing to unpack .../70-libx11-dev_2%3a1.8.7-1build1_amd64.deb ...
Unpacking libx11-dev:amd64 (2:1.8.7-1build1) ...
Selecting previously unselected package libglx-dev:amd64.
Preparing to unpack .../71-libglx-dev_1.7.0-1build1_amd64.deb ...
Unpacking libglx-dev:amd64 (1.7.0-1build1) ...
Selecting previously unselected package libgl-dev:amd64.
Preparing to unpack .../72-libgl-dev_1.7.0-1build1_amd64.deb ...
Unpacking libgl-dev:amd64 (1.7.0-1build1) ...
Selecting previously unselected package libgl1-amber-dri:amd64.
Preparing to unpack .../73-libgl1-amber-dri_21.3.9-0ubuntu2_amd64.deb ...
Unpacking libgl1-amber-dri:amd64 (21.3.9-0ubuntu2) ...
Selecting previously unselected package libopengl0:amd64.
Preparing to unpack .../74-libopengl0_1.7.0-1build1_amd64.deb ...
Unpacking libopengl0:amd64 (1.7.0-1build1) ...
Selecting previously unselected package libglu1-mesa:amd64.
Preparing to unpack .../75-libglu1-mesa_9.0.2-1.1build1_amd64.deb ...
Unpacking libglu1-mesa:amd64 (9.0.2-1.1build1) ...
Selecting previously unselected package libopengl-dev:amd64.
Preparing to unpack .../76-libopengl-dev_1.7.0-1build1_amd64.deb ...
Unpacking libopengl-dev:amd64 (1.7.0-1build1) ...
Selecting previously unselected package libglu1-mesa-dev:amd64.
Preparing to unpack .../77-libglu1-mesa-dev_9.0.2-1.1build1_amd64.deb ...
Unpacking libglu1-mesa-dev:amd64 (9.0.2-1.1build1) ...
Selecting previously unselected package libmp3lame0:amd64.
Preparing to unpack .../78-libmp3lame0_3.100-6build1_amd64.deb ...
Unpacking libmp3lame0:amd64 (3.100-6build1) ...
Selecting previously unselected package libmpg123-0t64:amd64.
Preparing to unpack .../79-libmpg123-0t64_1.32.5-1ubuntu1_amd64.deb ...
Unpacking libmpg123-0t64:amd64 (1.32.5-1ubuntu1) ...
Selecting previously unselected package libopus0:amd64.
Preparing to unpack .../80-libopus0_1.4-1build1_amd64.deb ...
Unpacking libopus0:amd64 (1.4-1build1) ...
Selecting previously unselected package libsndfile1:amd64.
Preparing to unpack .../81-libsndfile1_1.2.2-1ubuntu5_amd64.deb ...
Unpacking libsndfile1:amd64 (1.2.2-1ubuntu5) ...
Selecting previously unselected package libpulse0:amd64.
Preparing to unpack .../82-libpulse0_1%3a16.1+dfsg1-2ubuntu10_amd64.deb ...
Unpacking libpulse0:amd64 (1:16.1+dfsg1-2ubuntu10) ...
Selecting previously unselected package mesa-vulkan-drivers:amd64.
Preparing to unpack .../83-mesa-vulkan-drivers_24.0.5-1ubuntu1_amd64.deb ...
Unpacking mesa-vulkan-drivers:amd64 (24.0.5-1ubuntu1) ...
Selecting previously unselected package libsfml-dev:amd64.
Preparing to unpack .../84-libsfml-dev_2.6.1+dfsg-2build2_amd64.deb ...
Unpacking libsfml-dev:amd64 (2.6.1+dfsg-2build2) ...
Selecting previously unselected package libcsfml-dev:amd64.
Preparing to unpack .../85-libcsfml-dev_2.6.0-3build1_amd64.deb ...
Unpacking libcsfml-dev:amd64 (2.6.0-3build1) ...
Setting up libxcb-dri3-0:amd64 (1.15-1ubuntu2) ...
Setting up libx11-xcb1:amd64 (2:1.8.7-1build1) ...
Setting up libpciaccess0:amd64 (0.17-3build1) ...
Setting up libxcb-xfixes0:amd64 (1.15-1ubuntu2) ...
Setting up libogg0:amd64 (1.3.5-3build1) ...
Setting up libxrender1:amd64 (1:0.9.10-1.1build1) ...
Setting up libglvnd0:amd64 (1.7.0-1build1) ...
Setting up libxcb-glx0:amd64 (1.15-1ubuntu2) ...
Setting up libsensors-config (1:3.6.0-9build1) ...
Setting up libxcb-shm0:amd64 (1.15-1ubuntu2) ...
Setting up libmpg123-0t64:amd64 (1.32.5-1ubuntu1) ...
Setting up libpthread-stubs0-dev:amd64 (0.4-1build3) ...
Setting up libopengl0:amd64 (1.7.0-1build1) ...
Setting up libelf1t64:amd64 (0.190-1.1build4) ...
Setting up libxxf86vm1:amd64 (1:1.1.4-1build4) ...
Setting up libxcb-present0:amd64 (1.15-1ubuntu2) ...
Setting up libasound2-data (1.2.11-1build2) ...
Setting up libsfml-system2.6:amd64 (2.6.1+dfsg-2build2) ...
Setting up xtrans-dev (1.4.0-1) ...
Setting up libasound2t64:amd64 (1.2.11-1build2) ...
Setting up libllvm17t64:amd64 (1:17.0.6-9ubuntu1) ...
Setting up libxfixes3:amd64 (1:6.0.0-2build1) ...
Setting up libxcb-sync1:amd64 (1.15-1ubuntu2) ...
Setting up libdbus-1-3:amd64 (1.14.10-4ubuntu4) ...
Setting up libopus0:amd64 (1.4-1build1) ...
Setting up libvorbis0a:amd64 (1.3.7-1build3) ...
Setting up libxrandr2:amd64 (2:1.5.2-2build1) ...
Setting up libsensors5:amd64 (1:3.6.0-9build1) ...
Setting up libglapi-mesa:amd64 (24.0.5-1ubuntu1) ...
Setting up libvulkan1:amd64 (1.3.275.0-1build1) ...
Setting up libsndio7.0:amd64 (1.9.0-0.3build3) ...
Setting up libxcb-dri2-0:amd64 (1.15-1ubuntu2) ...
Setting up alsa-topology-conf (1.2.5.1-2) ...
Setting up libasyncns0:amd64 (0.8-6build4) ...
Setting up libxshmfence1:amd64 (1.3-1build5) ...
Setting up libxcb-randr0:amd64 (1.15-1ubuntu2) ...
Setting up dbus-session-bus-common (1.14.10-4ubuntu4) ...
Setting up libopenal-data (1:1.23.1-4build1) ...
Setting up xorg-sgml-doctools (1:1.11-1.1) ...
Setting up libglu1-mesa:amd64 (9.0.2-1.1build1) ...
Setting up libflac12t64:amd64 (1.4.3+ds-2.1ubuntu2) ...
Setting up libopengl-dev:amd64 (1.7.0-1build1) ...
Setting up dbus-system-bus-common (1.14.10-4ubuntu4) ...
Setting up libstb0t64:amd64 (0.0~git20230129.5736b15+ds-1.2) ...
Setting up libdrm-common (2.4.120-2build1) ...
Setting up libsfml-network2.6:amd64 (2.6.1+dfsg-2build2) ...
Setting up dbus-bin (1.14.10-4ubuntu4) ...
Setting up libmp3lame0:amd64 (3.100-6build1) ...
Setting up libvorbisenc2:amd64 (1.3.7-1build3) ...
Setting up x11proto-dev (2023.2-1) ...
Setting up libcsfml-system2.6:amd64 (2.6.0-3build1) ...
Setting up libxau-dev:amd64 (1:1.0.9-1build6) ...
Setting up alsa-ucm-conf (1.2.10-1ubuntu5) ...
Setting up libxcursor1:amd64 (1:1.2.1-1build1) ...
Setting up libopenal1:amd64 (1:1.23.1-4build1) ...
Setting up dbus-daemon (1.14.10-4ubuntu4) ...
Setting up libvorbisfile3:amd64 (1.3.7-1build3) ...
Setting up libxdmcp-dev:amd64 (1:1.1.3-0ubuntu6) ...
Setting up libcsfml-network2.6:amd64 (2.6.0-3build1) ...
Setting up dbus (1.14.10-4ubuntu4) ...
Setting up libsfml-audio2.6:amd64 (2.6.1+dfsg-2build2) ...
Setting up libcsfml-audio2.6:amd64 (2.6.0-3build1) ...
Setting up libdrm2:amd64 (2.4.120-2build1) ...
Setting up libsndfile1:amd64 (1.2.2-1ubuntu5) ...
Setting up libdrm-amdgpu1:amd64 (2.4.120-2build1) ...
Setting up mesa-vulkan-drivers:amd64 (24.0.5-1ubuntu1) ...
Setting up libdrm-nouveau2:amd64 (2.4.120-2build1) ...
Setting up libxcb1-dev:amd64 (1.15-1ubuntu2) ...
Setting up libpulse0:amd64 (1:16.1+dfsg1-2ubuntu10) ...
Setting up libdrm-radeon1:amd64 (2.4.120-2build1) ...
Setting up libdrm-intel1:amd64 (2.4.120-2build1) ...
Setting up libgl1-mesa-dri:amd64 (24.0.5-1ubuntu1) ...
Setting up libx11-dev:amd64 (2:1.8.7-1build1) ...
Setting up libgl1-amber-dri:amd64 (21.3.9-0ubuntu2) ...
Setting up libglx-mesa0:amd64 (24.0.5-1ubuntu1) ...
Setting up libglx0:amd64 (1.7.0-1build1) ...
Setting up libgl1:amd64 (1.7.0-1build1) ...
Setting up libglx-dev:amd64 (1.7.0-1build1) ...
Setting up libgl-dev:amd64 (1.7.0-1build1) ...
Setting up libsfml-window2.6:amd64 (2.6.1+dfsg-2build2) ...
Setting up libglu1-mesa-dev:amd64 (9.0.2-1.1build1) ...
Setting up libsfml-graphics2.6:amd64 (2.6.1+dfsg-2build2) ...
Setting up libcsfml-window2.6:amd64 (2.6.0-3build1) ...
Setting up libsfml-dev:amd64 (2.6.1+dfsg-2build2) ...
Setting up libcsfml-graphics2.6:amd64 (2.6.0-3build1) ...
Setting up libcsfml-dev:amd64 (2.6.0-3build1) ...
Processing triggers for libc-bin (2.39-0ubuntu8.2) ...
Note: Deploying asfml=2.5.1...
Note: Building pygamer_simulator/pygamer_simulator.gpr...
Setup
   [mkdir]        object directory for project ASFML
   [mkdir]        library directory for project ASFML
   [mkdir]        object directory for project HAL
   [mkdir]        library directory for project HAL
   [mkdir]        object directory for project PyGamer_Simulator
Compile
   [Ada]          hal-uart.ads
   [Ada]          hal-filesystem.ads
   [Ada]          hal-i2c.ads
   [Ada]          hal-time.ads
   [Ada]          hal-real_time_clock.ads
   [Ada]          hal-sdmmc.adb
   [Ada]          hal-touch_panel.ads
   [Ada]          hal-bitmap.ads
   [Ada]          hal-framebuffer.ads
   [Ada]          hal-block_drivers.ads
   [Ada]          hal-gpio.ads
   [Ada]          hal-dsi.ads
   [Ada]          hal.ads
   [Ada]          hal-audio.ads
   [Ada]          hal-spi.ads
   [Ada]          sf-window-event.ads
   [Ada]          sf-graphics-fontinfo.ads
   [Ada]          sf-system-vector3.ads
   [Ada]          sf-graphics-transform.ads
   [Ada]          sf-graphics-blendmode.ads
   [Ada]          sf-graphics-vertex.ads
   [Ada]          sf-audio-soundstatus.ads
   [Ada]          sf-graphics-shape.ads
   [Ada]          sf-network-socketselector.ads
   [Ada]          sf-network-tcpsocket.ads
   [Ada]          sf-graphics-transformable.ads
   [Ada]          sf-network-ipaddress.adb
   [Ada]          sf-graphics-shader.ads
   [Ada]          sf-window-sensor.ads
   [Ada]          sf-network-socketstatus.ads
   [Ada]          sf-window.ads
   [Ada]          sf-graphics.ads
   [Ada]          sf-system-thread.ads
   [Ada]          sf-window-joystickidentification.ads
   [Ada]          sf-graphics-glyph.ads
   [Ada]          sf-window-context.ads
   [Ada]          sf-graphics-sprite.ads
   [Ada]          sf-graphics-vertexbuffer.ads
   [Ada]          sf-system-sleep.adb
   [Ada]          sf-audio-music.adb
   [Ada]          sf-graphics-texture.adb
   [Ada]          sf-window-videomode.ads
   [Ada]          sf-graphics-color.ads
   [Ada]          sf-network-ftp.adb
   [Ada]          sf-window-touch.ads
   [Ada]          sf-graphics-rect.ads
   [Ada]          sf-network.ads
   [Ada]          sf-window-gl.ads
   [Ada]          sf-network-packet.adb
   [Ada]          sf-network-tcplistener.ads
   [Ada]          sf-graphics-primitivetype.ads
   [Ada]          sf-audio-soundbuffer.adb
   [Ada]          sf-system-clock.ads
   [Ada]          sf-audio-soundstream.ads
   [Ada]          sf-graphics-rendertexture.ads
   [Ada]          sf-system-vector2.ads
   [Ada]          sf-graphics-font.adb
   [Ada]          sf-system-mutex.ads
   [Ada]          sf-system-inputstream.ads
   [Ada]          sf-window-cursor.ads
   [Ada]          sf-audio-listener.ads
   [Ada]          sf-window-windowhandle.ads
   [Ada]          sf-graphics-renderwindow.adb
   [Ada]          sf-graphics-vertexarray.ads
   [Ada]          sf-network-http.adb
   [Ada]          sf-graphics-image.adb
   [Ada]          sf-window-joystick.ads
   [Ada]          sf-window-mouse.ads
   [Ada]          sf-window-window.adb
   [Ada]          sf-window-glu.ads
   [Ada]          sf-window-keyboard.ads
   [Ada]          sf-audio-soundrecorder.adb
   [Ada]          sf-graphics-circleshape.ads
   [Ada]          sf-graphics-rectangleshape.ads
   [Ada]          sf-system.ads
   [Ada]          sf.ads
   [Ada]          sf-graphics-glsl.ads
   [Ada]          sf-audio-sound.ads
   [Ada]          sf-graphics-convexshape.ads
   [Ada]          sf-audio.ads
   [Ada]          sf-graphics-renderstates.ads
   [Ada]          sf-network-udpsocket.ads
   [Ada]          sf-graphics-text.adb
   [Ada]          sf-graphics-view.ads
   [Ada]          sf-system-time.ads
   [Ada]          sf-window-clipboard.adb
   [Ada]          sf-audio-soundbufferrecorder.adb
   [Ada]          pygamer-audio.adb
   [Ada]          simulator_assets.adb
   [Ada]          pygamer-time.adb
   [Ada]          pygamer.adb
   [Ada]          pygamer-screen.adb
   [Ada]          pygamer-controls.adb
pygamer.adb:24:04: warning: possible aliasing problem for type "sfView_Ptr" [enabled by default]
pygamer.adb:24:04: warning: use -fno-strict-aliasing switch for references [enabled by default]
pygamer.adb:24:04: warning: or use "pragma No_Strict_Aliasing (sfView_Ptr);" [enabled by default]
Build Libraries
   [gprlib]       asfml.lexch
   [gprlib]       hal.lexch
   [archive]      libhal.a
   [archive]      libasfml.a
   [index]        libhal.a
   [index]        libasfml.a
Build finished successfully in 3.91 seconds.

pygamer_simulator=1.0.0 successfully retrieved and built.
Dependencies were solved as follows:

   + asfml    2.5.1 (new)         
   + hal      0.1.0 (new)         
   + libcsfml 2.6.0 (new,indirect)
Found declared GPR file: pygamer_simulator.gpr
