Test ran at 2025-02-05 12:25:28.277728+00:00

SOLUTION:
protobuf=1.0.0: Google Protocol Buffers implementation in Ada
Origin: source archive 1.0.0.tar.gz at https://github.com/reznikmm/protobuf/archive/1.0.0.tar.gz with hash sha512:439627662874582db8787e6a6311f99c61bac6be95d2e66cf6c891ecf5a1f109dc483c3ce1f183727b696ddc9ce38c5b11d0cfa85d3cec36251c62159c35fe93
Properties:
   Author: Maxim Reznik
   Description: Google Protocol Buffers implementation in Ada
   Environment: PATH=${CRATE_ROOT}/.objs/compiler:${PATH}
   Executable: protoc-gen-ada
   License: MIT
   Maintainer: Maxim Reznik <reznikmm@gmail.com>
   Maintainers_Logins: reznikmm
   Name: protobuf
   Project_File: gnat/protoc_gen_ada.gpr
   Tag: protocol
   Tag: rpc
   Tag: generator
   Version: 1.0.0
   Website: https://github.com/reznikmm/protobuf
Dependencies (direct):
   ada_pretty*
   matreshka_league*
Dependencies (solution):
   ada_pretty=1.0.0
   make=4.3.0
   matreshka_league=21.0.0
Dependencies (graph):
   ada_pretty=1.0.0        --> matreshka_league=21.0.0 (*)
   matreshka_league=21.0.0 --> make=4.3.0 (*)
   protobuf=1.0.0          --> ada_pretty=1.0.0 (*)
   protobuf=1.0.0          --> matreshka_league=21.0.0 (*)


LOG:
Spawning: alr -d -n get --build protobuf=1.0.0
Note: Deploying protobuf=1.0.0...
#=#=#                                                                          
##O#-#                                                                         
Note: Deploying matreshka_league=21.0.0...
#=#=#                                                                          

                                                                           0.0%
######################                                                    31.0%
############################################                              61.6%
######################################################################## 100.0%
Note: Deploying ada_pretty=1.0.0...
#=#=#                                                                          
##O#-#                                                                         
##O=#  #                                                                       
Note: Running post-fetch actions for matreshka_league=21.0.0...
gnatmake -p -j0  -Pgnat/tools_configure.gpr
Setup
   [mkdir]        object directory for project Tools_Configure
Compile
   [Ada]          configure-driver.adb
   [Ada]          configure.adb
   [Ada]          configure-architecture.adb
   [Ada]          configure-instantiate.adb
   [Ada]          configure-internals.adb
   [Ada]          configure-rtl_version.adb
   [Ada]          configure-tests.ads
   [Ada]          configure-tests-asis.adb
   [Ada]          configure-tests-aws.adb
   [Ada]          configure-tests-firebird.adb
   [Ada]          configure-tests-gprbuild.adb
   [Ada]          configure-tests-install.adb
   [Ada]          configure-tests-installation_directories.adb
   [Ada]          configure-tests-modules.ads
   [Ada]          configure-tests-modules-amf.adb
   [Ada]          configure-tests-mysql.adb
   [Ada]          configure-tests-oci.adb
   [Ada]          configure-tests-operating_system.adb
   [Ada]          configure-tests-postgresql.adb
   [Ada]          configure-tests-sqlite3.adb
   [Ada]          configure-tests-valgrind.adb
   [Ada]          configure-version.adb
   [Ada]          configure-builder.adb
   [Ada]          configure-abstract_tests.adb
   [Ada]          configure-pkg_config.adb
   [Ada]          configure-component_switches.adb
Bind
   [gprbind]      configure-driver.bexch
   [Ada]          configure-driver.ali
Link
   [link]         configure-driver.adb
/home/runner/.local/share/alire/toolchains/gnat_native_11.2.4_2f37a10b/bin/../lib/gcc/x86_64-pc-linux-gnu/11.2.0/../../../../x86_64-pc-linux-gnu/bin/ld: /lib/x86_64-linux-gnu/libc.so.6: unknown type [0x13] section `.relr.dyn'
/home/runner/.local/share/alire/toolchains/gnat_native_11.2.4_2f37a10b/bin/../lib/gcc/x86_64-pc-linux-gnu/11.2.0/../../../../x86_64-pc-linux-gnu/bin/ld: skipping incompatible /lib/x86_64-linux-gnu/libc.so.6 when searching for /lib/x86_64-linux-gnu/libc.so.6
/home/runner/.local/share/alire/toolchains/gnat_native_11.2.4_2f37a10b/bin/../lib/gcc/x86_64-pc-linux-gnu/11.2.0/../../../../x86_64-pc-linux-gnu/bin/ld: cannot find /lib/x86_64-linux-gnu/libc.so.6
/home/runner/.local/share/alire/toolchains/gnat_native_11.2.4_2f37a10b/bin/../lib/gcc/x86_64-pc-linux-gnu/11.2.0/../../../../x86_64-pc-linux-gnu/bin/ld: /lib/x86_64-linux-gnu/libc.so.6: unknown type [0x13] section `.relr.dyn'
/home/runner/.local/share/alire/toolchains/gnat_native_11.2.4_2f37a10b/bin/../lib/gcc/x86_64-pc-linux-gnu/11.2.0/../../../../x86_64-pc-linux-gnu/bin/ld: skipping incompatible /lib/x86_64-linux-gnu/libc.so.6 when searching for /lib/x86_64-linux-gnu/libc.so.6
/home/runner/.local/share/alire/toolchains/gnat_native_11.2.4_2f37a10b/bin/../lib/gcc/x86_64-pc-linux-gnu/11.2.0/../../../../x86_64-pc-linux-gnu/bin/ld: /lib64/ld-linux-x86-64.so.2: unknown type [0x13] section `.relr.dyn'
/home/runner/.local/share/alire/toolchains/gnat_native_11.2.4_2f37a10b/bin/../lib/gcc/x86_64-pc-linux-gnu/11.2.0/../../../../x86_64-pc-linux-gnu/bin/ld: skipping incompatible /lib64/ld-linux-x86-64.so.2 when searching for /lib64/ld-linux-x86-64.so.2
/home/runner/.local/share/alire/toolchains/gnat_native_11.2.4_2f37a10b/bin/../lib/gcc/x86_64-pc-linux-gnu/11.2.0/../../../../x86_64-pc-linux-gnu/bin/ld: cannot find /lib64/ld-linux-x86-64.so.2
/home/runner/.local/share/alire/toolchains/gnat_native_11.2.4_2f37a10b/bin/../lib/gcc/x86_64-pc-linux-gnu/11.2.0/../../../../x86_64-pc-linux-gnu/bin/ld: /lib64/ld-linux-x86-64.so.2: unknown type [0x13] section `.relr.dyn'
/home/runner/.local/share/alire/toolchains/gnat_native_11.2.4_2f37a10b/bin/../lib/gcc/x86_64-pc-linux-gnu/11.2.0/../../../../x86_64-pc-linux-gnu/bin/ld: skipping incompatible /lib64/ld-linux-x86-64.so.2 when searching for /lib64/ld-linux-x86-64.so.2
collect2: error: ld returned 1 exit status
gprbuild: link of configure-driver.adb failed
gprbuild: failed command was: /home/runner/.local/share/alire/toolchains/gnat_native_11.2.4_2f37a10b/bin/gcc configure-driver.o b__configure-driver.o /home/runner/.local/share/alire/builds/matreshka_league_21.0.0_0c8f4d47/42427dc06122b113fe165ce77ce91a296a5d87d42498e49a4caa66727440ff43/.objs/configure/configure.o /home/runner/.local/share/alire/builds/matreshka_league_21.0.0_0c8f4d47/42427dc06122b113fe165ce77ce91a296a5d87d42498e49a4caa66727440ff43/.objs/configure/configure-component_switches.o /home/runner/.local/share/alire/builds/matreshka_league_21.0.0_0c8f4d47/42427dc06122b113fe165ce77ce91a296a5d87d42498e49a4caa66727440ff43/.objs/configure/configure-instantiate.o /home/runner/.local/share/alire/builds/matreshka_league_21.0.0_0c8f4d47/42427dc06122b113fe165ce77ce91a296a5d87d42498e49a4caa66727440ff43/.objs/configure/configure-internals.o /home/runner/.local/share/alire/builds/matreshka_league_21.0.0_0c8f4d47/42427dc06122b113fe165ce77ce91a296a5d87d42498e49a4caa66727440ff43/.objs/configure/configure-abstract_tests.o /home/runner/.local/share/alire/builds/matreshka_league_21.0.0_0c8f4d47/42427dc06122b113fe165ce77ce91a296a5d87d42498e49a4caa66727440ff43/.objs/configure/configure-builder.o /home/runner/.local/share/alire/builds/matreshka_league_21.0.0_0c8f4d47/42427dc06122b113fe165ce77ce91a296a5d87d42498e49a4caa66727440ff43/.objs/configure/configure-architecture.o /home/runner/.local/share/alire/builds/matreshka_league_21.0.0_0c8f4d47/42427dc06122b113fe165ce77ce91a296a5d87d42498e49a4caa66727440ff43/.objs/configure/configure-pkg_config.o /home/runner/.local/share/alire/builds/matreshka_league_21.0.0_0c8f4d47/42427dc06122b113fe165ce77ce91a296a5d87d42498e49a4caa66727440ff43/.objs/configure/configure-rtl_version.o /home/runner/.local/share/alire/builds/matreshka_league_21.0.0_0c8f4d47/42427dc06122b113fe165ce77ce91a296a5d87d42498e49a4caa66727440ff43/.objs/configure/configure-tests.o /home/runner/.local/share/alire/builds/matreshka_league_21.0.0_0c8f4d47/42427dc06122b113fe165ce77ce91a296a5d87d42498e49a4caa66727440ff43/.objs/configure/configure-tests-asis.o /home/runner/.local/share/alire/builds/matreshka_league_21.0.0_0c8f4d47/42427dc06122b113fe165ce77ce91a296a5d87d42498e49a4caa66727440ff43/.objs/configure/configure-tests-aws.o /home/runner/.local/share/alire/builds/matreshka_league_21.0.0_0c8f4d47/42427dc06122b113fe165ce77ce91a296a5d87d42498e49a4caa66727440ff43/.objs/configure/configure-tests-firebird.o /home/runner/.local/share/alire/builds/matreshka_league_21.0.0_0c8f4d47/42427dc06122b113fe165ce77ce91a296a5d87d42498e49a4caa66727440ff43/.objs/configure/configure-tests-gprbuild.o /home/runner/.local/share/alire/builds/matreshka_league_21.0.0_0c8f4d47/42427dc06122b113fe165ce77ce91a296a5d87d42498e49a4caa66727440ff43/.objs/configure/configure-tests-install.o /home/runner/.local/share/alire/builds/matreshka_league_21.0.0_0c8f4d47/42427dc06122b113fe165ce77ce91a296a5d87d42498e49a4caa66727440ff43/.objs/configure/configure-tests-installation_directories.o /home/runner/.local/share/alire/builds/matreshka_league_21.0.0_0c8f4d47/42427dc06122b113fe165ce77ce91a296a5d87d42498e49a4caa66727440ff43/.objs/configure/configure-tests-modules.o /home/runner/.local/share/alire/builds/matreshka_league_21.0.0_0c8f4d47/42427dc06122b113fe165ce77ce91a296a5d87d42498e49a4caa66727440ff43/.objs/configure/configure-tests-mysql.o /home/runner/.local/share/alire/builds/matreshka_league_21.0.0_0c8f4d47/42427dc06122b113fe165ce77ce91a296a5d87d42498e49a4caa66727440ff43/.objs/configure/configure-tests-operating_system.o /home/runner/.local/share/alire/builds/matreshka_league_21.0.0_0c8f4d47/42427dc06122b113fe165ce77ce91a296a5d87d42498e49a4caa66727440ff43/.objs/configure/configure-tests-modules-amf.o /home/runner/.local/share/alire/builds/matreshka_league_21.0.0_0c8f4d47/42427dc06122b113fe165ce77ce91a296a5d87d42498e49a4caa66727440ff43/.objs/configure/configure-tests-oci.o /home/runner/.local/share/alire/builds/matreshka_league_21.0.0_0c8f4d47/42427dc06122b113fe165ce77ce91a296a5d87d42498e49a4caa66727440ff43/.objs/configure/configure-tests-postgresql.o /home/runner/.local/share/alire/builds/matreshka_league_21.0.0_0c8f4d47/42427dc06122b113fe165ce77ce91a296a5d87d42498e49a4caa66727440ff43/.objs/configure/configure-tests-sqlite3.o /home/runner/.local/share/alire/builds/matreshka_league_21.0.0_0c8f4d47/42427dc06122b113fe165ce77ce91a296a5d87d42498e49a4caa66727440ff43/.objs/configure/configure-tests-valgrind.o /home/runner/.local/share/alire/builds/matreshka_league_21.0.0_0c8f4d47/42427dc06122b113fe165ce77ce91a296a5d87d42498e49a4caa66727440ff43/.objs/configure/configure-version.o -L/home/runner/.local/share/alire/builds/matreshka_league_21.0.0_0c8f4d47/42427dc06122b113fe165ce77ce91a296a5d87d42498e49a4caa66727440ff43/.objs/configure/ -L/home/runner/.local/share/alire/builds/matreshka_league_21.0.0_0c8f4d47/42427dc06122b113fe165ce77ce91a296a5d87d42498e49a4caa66727440ff43/.objs/configure/ -L/home/runner/.local/share/alire/toolchains/gnat_native_11.2.4_2f37a10b/lib/gcc/x86_64-pc-linux-gnu/11.2.0/adalib/ -static-libgcc /home/runner/.local/share/alire/toolchains/gnat_native_11.2.4_2f37a10b/lib/gcc/x86_64-pc-linux-gnu/11.2.0/adalib/libgnat.a -ldl -Wl,-rpath-link,/home/runner/.local/share/alire/toolchains/gnat_native_11.2.4_2f37a10b/lib/gcc/x86_64-pc-linux-gnu/11.2.0//adalib -Wl,-z,origin,-rpath,$ORIGIN//.objs/configure:$ORIGIN/../../..//toolchains/gnat_native_11.2.4_2f37a10b/lib/gcc/x86_64-pc-linux-gnu/11.2.0/adalib -o /home/runner/.local/share/alire/builds/matreshka_league_21.0.0_0c8f4d47/42427dc06122b113fe165ce77ce91a296a5d87d42498e49a4caa66727440ff43//configure
make: *** [Makefile:115: config] Error 5
stderr: Command ["make", "reconfig"] exited with code 2
ERROR: Command ["make", "reconfig"] exited with code 2
