Test ran at 2024-08-02 01:40:18.652920+00:00

SOLUTION:
florist_blady=6.0.0: POSIX Ada Bindings
Provides: florist=22.0.0
Origin: commit 3bc476ccf9541b32ad409e639394ae0b45df35cd from https://github.com/Blady-Com/florist.git
Available when: (case OS is Linux => True, Macos => True, Windows => False, others => False)
Properties:
   Post_Fetch run: ${CRATE_DIR}/./sh configure
   Post_Fetch run: ${CRATE_DIR}/./make gen
   Author: Florida State University (FSU)
   Author: AdaCore
   Description: POSIX Ada Bindings
   License: GPL-3.0-only
   Maintainer: Pascal Pignard <blady.net@orange.fr>
   Maintainers_Logins: Blady-Com
   Name: florist_blady
   Project_File: lib_florist.gpr
   Tag: florist
   Tag: posix
   Tag: bindings
   Version: 6.0.0
   Website: https://github.com/Blady-Com/florist


LOG:
Note: Deploying florist_blady=6.0.0...
Note: Running post_fetch actions for florist_blady=6.0.0...
See file configure.log for results of this step.
checking for gcc... gcc
checking whether the C compiler works... no
configure: error: in `/Users/runner/work/alire-crates-ci/alire-crates-ci/test/1991ff41-910e-406f-8277-a69631d5e4a9/florist_blady_6.0.0_3bc476cc':
configure: error: C compiler cannot create executables
See `config.log' for more details
stderr: Command ["sh", "configure"] exited with code 77
stderr: ALIRE.CHECKED_ERROR
stderr: Command ["sh", "configure"] exited with code 77
stderr: raised ALIRE.CHECKED_ERROR : alire-stored-error:1
Load address: 0x104d63000
Call stack traceback locations:
0x10566b415 0x10533ee83 0x105344729 0x105345909 0x105344d1b 0x1054b6299 0x1054b6992 0x1054cd873 0x105519dc1 0x10551881a 0x1054cd9b8 0x1054b7346 0x104dd31cf 0x104dd801c 0x104e5e05c 0x104e693b8 0x104d64605 0x104d67914

stderr: A post-fetch action failed, re-run with -vv -d for details
ERROR: A post-fetch action failed, re-run with -vv -d for details
