Test ran at 2023-06-09 13:03:31.714160+00:00

SOLUTION:
stephes_ada_library=3.7.2: Stephe's Ada library; miscellaneous useful stuff.
Origin: source archive stephes_ada_library-3.7.2.tgz at https://download.savannah.nongnu.org/releases/ada-mode/stephes_ada_library-3.7.2.tgz with hashes sha256:2b6a88f9c0a98f6ea928eabe2c76bf465274ec5097fbc428c0b4756e6a752819, sha512:e3d17bf9ee8052569a13d46475235979c76838aeeec72ef7da3fec0bedfc887fb28e9a6cf6fb65fc340407531c5bbb130a48226f7e9f9488bbf9c5e55e0a9150
Properties:
   Author: Stephen Leake
   Description: Stephe's Ada library; miscellaneous useful stuff.
   License: GPL-3.0-or-later
   Maintainer: Stephen Leake <stephen_leake@stephe-leake.org>
   Maintainers_Logins: stephe-ada-guru
   Name: stephes_ada_library
   Project_File: build/stephes_ada_library.gpr
   Tag: containers
   Tag: trees
   Version: 3.7.2
   Website: https://stephe-leake.org/ada/sal.html
Dependencies (direct):
   gnat(>=11 & <2000) | >=2021
Dependencies (external):
   gnat(>=11 & <2000) | >=2021 (direct,hinted)
Dependencies (graph):
   stephes_ada_library=3.7.2 --> gnat(>=11 & <2000) | >=2021
Dependencies cannot be met


LOG:
