Test ran at 2025-01-21 01:11:48.667988+00:00

SOLUTION:
gnat_riscv64_elf=13.2.1: The GNAT Ada compiler - RISC-V cross-compiler
Provides: gnat=13.2.1
Origin: (case OS is Linux => (case Host_Arch is X86_64 => binary archive gnat-riscv64-elf-linux64-13.2.0-1.tar.gz at https://github.com/alire-project/GNAT-FSF-builds/releases/download/gnat-13.2.0-1/gnat-riscv64-elf-linux64-13.2.0-1.tar.gz), Macos => (case Host_Arch is X86_64 => binary archive gnat-riscv64-elf-darwin-13.2.0-1.tar.gz at https://github.com/alire-project/GNAT-FSF-builds/releases/download/gnat-13.2.0-1/gnat-riscv64-elf-darwin-13.2.0-1.tar.gz), Windows => (case Host_Arch is X86_64 => binary archive gnat-riscv64-elf-windows64-13.2.0-1.tar.gz at https://github.com/alire-project/GNAT-FSF-builds/releases/download/gnat-13.2.0-1/gnat-riscv64-elf-windows64-13.2.0-1.tar.gz)) with hash sha256:938f208c4b70f02885290def1ac98fd3bea3877a72616c108780f306479c6d25
Properties:
   Auto_Gpr_With: auto-gpr-with=false
   Configuration: no modifiers
   Description: The GNAT Ada compiler - RISC-V cross-compiler
   Environment: PATH=${CRATE_ROOT}/bin:${PATH}
   License: GPL-3.0-or-later AND GPL-3.0-or-later WITH GCC-exception-3.1
   Maintainer: chouteau@adacore.com
   Maintainers_Logins: Fabien-Chouteau
   Name: gnat_riscv64_elf
   Version: 13.2.1


LOG:
Note: Deploying gnat_riscv64_elf=13.2.1...

#=#=#                                                                          
##O#-#                                                                         
                                                                           0.0%
                                                                           1.4%
#                                                                          1.4%
##                                                                         3.4%
####                                                                       6.2%
####                                                                       6.9%
######                                                                     9.4%
#######                                                                   10.2%
#########                                                                 13.0%
#########                                                                 13.6%
###########                                                               16.4%
############                                                              17.9%
##############                                                            19.8%
##############                                                            20.4%
###############                                                           21.2%
###############                                                           21.4%
###############                                                           21.7%
###############                                                           21.9%
###############                                                           22.0%
################                                                          22.5%
################                                                          22.9%
################                                                          23.3%
#################                                                         23.9%
###################                                                       26.6%
###################                                                       27.4%
####################                                                      28.6%
####################                                                      28.6%
####################                                                      28.6%
######################                                                    30.6%
########################                                                  33.6%
########################                                                  34.2%
#########################                                                 35.2%
##########################                                                37.4%
###########################                                               38.8%
#############################                                             40.8%
###############################                                           43.6%
################################                                          44.9%
#################################                                         46.7%
##################################                                        47.7%
##################################                                        47.8%
##################################                                        47.8%
##################################                                        48.1%
###################################                                       48.8%
###################################                                       49.6%
####################################                                      51.1%
######################################                                    53.2%
#######################################                                   54.5%
#########################################                                 57.2%
#########################################                                 57.9%
##########################################                                59.3%
###########################################                               60.0%
############################################                              61.3%
############################################                              61.5%
############################################                              61.7%
############################################                              61.7%
############################################                              61.9%
############################################                              62.1%
############################################                              62.3%
#############################################                             62.5%
#############################################                             62.7%
#############################################                             63.1%
#############################################                             63.7%
##############################################                            64.7%
################################################                          68.0%
#################################################                         68.8%
###################################################                       71.2%
###################################################                       71.5%
###################################################                       72.0%
####################################################                      73.3%
#####################################################                     74.9%
#######################################################                   77.6%
########################################################                  78.3%
##########################################################                81.1%
###########################################################               82.6%
############################################################              84.0%
#############################################################             85.5%
###############################################################           87.9%
###############################################################           88.5%
################################################################          89.3%
#################################################################         91.0%
#################################################################         91.4%
##################################################################        91.8%
##################################################################        91.9%
####################################################################      94.6%
####################################################################      95.3%
######################################################################    97.3%
#######################################################################   98.7%
######################################################################## 100.0%

gnat_riscv64_elf=13.2.1 successfully retrieved.
There are no dependencies.
Warning: Binary release does not contain default project file: gnat_riscv64_elf.gpr
