Test ran at 2023-03-09 13:10:32.732004+00:00

SOLUTION:
mcp2221=1.20871.1: MCP2221 USB Raw HID I/O Expander Library for GNAT Ada
Origin: source archive mcp2221-1.20871.1.tbz2 at http://repo.munts.com/alire/mcp2221-1.20871.1.tbz2 with hashes sha256:6e5da96c47c0d7642089ff6505eb0d83047c5890fb4361fbdd798ef26ec1a078, sha512:d48e2e0f2d25448616796bdafaca94d7c49d9ce84e253c9195645388b3e11fb65b15bbf855421a3c706eae0c0da699609e7be486149dc4d3d9a04c244c91faf8
Available when: (case OS is Linux => True, Macos => True, Windows => True, others => False)
Properties:
   case OS is
      when Linux => Post_Fetch run: ${CRATE_DIR}/./sh -c ./src/scripts/postfetch.linux
      when Macos => Post_Fetch run: ${CRATE_DIR}/./sh -c ./src/scripts/postfetch.macos
      when Windows => Post_Fetch run: ${CRATE_DIR}/./sh -c ./src/scripts/postfetch.windows
   Author: Philip Munts
   Description: MCP2221 USB Raw HID I/O Expander Library for GNAT Ada
   License: BSD-1-Clause
   Maintainer: Philip Munts <phil@munts.net>
   Maintainers_Logins: pmunts
   Name: mcp2221
   Project_File: mcp2221.gpr
   Tag: embedded
   Tag: linux
   Tag: mcp2221
   Tag: adc
   Tag: dac
   Tag: gpio
   Tag: i2c
   Tag: motor
   Tag: pwm
   Tag: sensor
   Tag: serial
   Tag: servo
   Tag: spi
   Tag: stepper
   Version: 1.20871.1
   Website: https://github.com/pmunts/libsimpleio
Dependencies (direct):
   case OS is
      when Linux => libhidapi*
   case OS is
      when Linux => libusb*
Dependencies (external):
   libhidapi* (direct,hinted)
   libusb* (direct,hinted)
Dependencies (graph):
   mcp2221=1.20871.1 --> libhidapi*
   mcp2221=1.20871.1 --> libusb*   
Dependencies cannot be met


LOG:
