Test ran at 2024-09-09 12:39:28.934215+00:00

SOLUTION:
hangman=1.0.0: Hangman game for the console
Origin: source archive v1.0.tar.gz at https://github.com/alire-project/Hangman/archive/v1.0.tar.gz with hash sha512:be628ad574b3072b2b854bf8f272c6c9d95cf9b2d88e7baa9a09754519ba6dc393b7fc7241547a9efc9705bfc77ca427a164ae8a52cfa5d739367f0bbaba7903
Properties:
   Author: Jon Hollan, Mark Hoffman, & Brandon Ball
   Description: Hangman game for the console
   Executable: hangmain
   Maintainer: alejandro@mosteo.com
   Maintainers_Logins: mosteo
   Name: hangman
   Version: 1.0.0


LOG:
Note: Deploying hangman=1.0.0...
#=#=#                                                                          
##O#-#                                                                         
##O=#  #                                                                       
#=#=-#  #                                                                      
Note: Building hangman/hangman.gpr...
Setup
   [mkdir]        object directory for project Hangman
   [mkdir]        exec directory for project Hangman
Compile
   [Ada]          hangmain.adb
hangmain.adb:2:09: warning: unit "Ada.integer_text_io" is not referenced
hangmain.adb:3:20: warning: no entities of "Ada.Characters.Handling" are referenced
hangmain.adb:3:31: warning: use clause for package "Handling" has no effect
hangmain.adb:5:17: warning: no entities of "Ada.Strings.Maps" are referenced
hangmain.adb:5:24: warning: use clause for package "Maps" has no effect
hangmain.adb:7:18: warning: unit "Ada.Numerics.Discrete_Random" is not referenced
hangmain.adb:8:09: warning: unit "ada.io_exceptions" is not referenced
hangmain.adb:24:09: warning: variable "totalcount" is assigned but never read
   [Ada]          hangman.adb
hangman.adb:2:09: warning: no entities of "Ada.Integer_Text_IO" are referenced
hangman.adb:2:27: warning: use clause for package "Integer_Text_IO" has no effect
hangman.adb:4:06: warning: redundant with clause in body
hangman.adb:4:29: warning: "Unbounded" is already use-visible through previous use_clause at hangman.ads:2
hangman.adb:4:29: warning: use clause for package "Unbounded" has no effect
hangman.adb:5:06: warning: redundant with clause
hangman.adb:5:09: warning: no entities of "Ada.Integer_Text_IO" are referenced
hangman.adb:5:27: warning: use clause for package "Integer_Text_IO" has no effect
hangman.adb:5:34: warning: "Integer_Text_IO" is already use-visible through previous use_clause at line 2
hangman.adb:6:06: warning: redundant with clause
hangman.adb:6:09: warning: no entities of "ada.integer_text_io" are referenced
hangman.adb:7:01: warning: use clause for package "Integer_Text_IO" has no effect
hangman.adb:7:08: warning: "Integer_Text_IO" is already use-visible through previous use_clause at line 5
hangman.adb:123:01: warning: variable "Test_File" is not referenced
Bind
   [gprbind]      hangmain.bexch
   [Ada]          hangmain.ali
Link
   [link]         hangmain.adb
-macosx_version_min has been renamed to -macos_version_min
ld: warning: ignoring duplicate libraries: '-lSystem'
ld: warning: Support for dylib stub (MH_DYLIB_STUB) file '/Users/runner/.config/alire/cache/dependencies/gnat_native_11.2.4_9800548d/lib/libgcc_ext.10.5.dylib' is deprecated, text-based stubs should be used instead (with `GENERATE_TEXT_BASED_STUBS` build setting, or `tapi` tool)
ld: malformed mach-o missing relocations, LC_DYLD_INFO, or LC_DYLD_CHAINED_FIXUPS in '/Users/runner/.config/alire/cache/dependencies/gnat_native_11.2.4_9800548d/lib/libgcc_ext.10.5.dylib'
collect2: error: ld returned 1 exit status
gprbuild: link of hangmain.adb failed
gprbuild: failed command was: /users/runner/.config/alire/cache/dependencies/gnat_native_11.2.4_9800548d/bin/gcc hangmain.o b__hangmain.o /Users/runner/work/alire-crates-ci/alire-crates-ci/test/7c59dad3-3592-4f20-9b2b-7837110b49cd/hangman_1.0.0_be628ad5/obj/hangman.o -g -L/Users/runner/work/alire-crates-ci/alire-crates-ci/test/7c59dad3-3592-4f20-9b2b-7837110b49cd/hangman_1.0.0_be628ad5/obj/ -L/Users/runner/work/alire-crates-ci/alire-crates-ci/test/7c59dad3-3592-4f20-9b2b-7837110b49cd/hangman_1.0.0_be628ad5/obj/ -L/users/runner/.config/alire/cache/dependencies/gnat_native_11.2.4_9800548d/lib/gcc/x86_64-apple-darwin19.6.0/11.2.0/adalib/ /users/runner/.config/alire/cache/dependencies/gnat_native_11.2.4_9800548d/lib/gcc/x86_64-apple-darwin19.6.0/11.2.0/adalib/libgnat.a -Wl,-rpath,@executable_path/..//obj -Wl,-rpath,@executable_path/../../../../../../..//.config/alire/cache/dependencies/gnat_native_11.2.4_9800548d/lib/gcc/x86_64-apple-darwin19.6.0/11.2.0/adalib -o /Users/runner/work/alire-crates-ci/alire-crates-ci/test/7c59dad3-3592-4f20-9b2b-7837110b49cd/hangman_1.0.0_be628ad5/bin//hangmain
stderr: Command ["gprbuild", "-s", "-j0", "-p", "-P", "/Users/runner/work/alire-crates-ci/alire-crates-ci/test/7c59dad3-3592-4f20-9b2b-7837110b49cd/hangman_1.0.0_be628ad5/hangman.gpr"] exited with code 4
ERROR: Command ["gprbuild", "-s", "-j0", "-p", "-P", "/Users/runner/work/alire-crates-ci/alire-crates-ci/test/7c59dad3-3592-4f20-9b2b-7837110b49cd/hangman_1.0.0_be628ad5/hangman.gpr"] exited with code 4
stderr: ALIRE.CHECKED_ERROR
stderr: Command ["gprbuild", "-s", "-j0", "-p", "-P", "/Users/runner/work/alire-crates-ci/alire-crates-ci/test/7c59dad3-3592-4f20-9b2b-7837110b49cd/hangman_1.0.0_be628ad5/hangman.gpr"] exited with code 4
stderr: raised ALIRE.CHECKED_ERROR : alire-stored-error:1
Load address: 0x102f08000
Call stack traceback locations:
0x103810415 0x1034e3e83 0x1036f6df9 0x1036f7581 0x103657ac3 0x103655f99 0x103672873 0x1036bedc1 0x1036bd81a 0x1036729b8 0x103656349 0x102f679c1 0x102f78578 0x102f7d01c 0x10300305c 0x10300e3b8 0x102f09605 0x102f0c914


Warning: hangman=1.0.0 successfully retrieved but its build failed.
There are no dependencies.
ERROR: Build ended with errors
