Test ran at 2022-05-31 02:54:36.298052+00:00

SOLUTION:
eagle_lander=1.2.0: Apollo 11 lunar lander simulator
Origin: source archive eagle_lander-1.2.zip at https://github.com/Fabien-Chouteau/eagle-lander/releases/download/v1.2/eagle_lander-1.2.zip with hash sha512:578532c24f4945d9ca2372e769c534a6f6fd92293090cecc7ad798b8247a8f52ecd6ffdbf3dd2a12b4210f1401677c480f3e9d603b96418eece6ce461d1f0479
Properties:
   Description: Apollo 11 lunar lander simulator
   License: GPL-3.0-only
   Maintainer: fabien.choutea@gmail.com
   Maintainers_Logins: Fabien-Chouteau
   Name: eagle_lander
   Project_File: eagle_lander.gpr
   Tag: simulator
   Tag: game
   Tag: gtk
   Version: 1.2.0
Dependencies (direct):
   gtkada^21
Dependencies (solution):
   gtkada=21.0.0
   libgtk3=3.24.20
   make=4.2.1
   pkg_config=0.29.1
Dependencies (graph):
   eagle_lander=1.2.0 --> gtkada=21.0.0 (^21)  
   gtkada=21.0.0      --> libgtk3=3.24.20 (^3) 
   gtkada=21.0.0      --> make=4.2.1 (*)       
   gtkada=21.0.0      --> pkg_config=0.29.1 (*)


LOG:
Note: Deploying release eagle_lander=1.2.0...
#=#=#                                                                         

######################################################################## 100.0%
Note: Deploying release libgtk3=3.24.20...
The system package 'libgtk-3-dev' is about to be installed.
This action might require admin privileges and impact your system installation.
Do you want Alire to install this system package?
Using default: Yes
debconf: delaying package configuration, since apt-utils is not installed
(Reading database ... 
(Reading database ... 5%
(Reading database ... 10%
(Reading database ... 15%
(Reading database ... 20%
(Reading database ... 25%
(Reading database ... 30%
(Reading database ... 35%
(Reading database ... 40%
(Reading database ... 45%
(Reading database ... 50%
(Reading database ... 55%
(Reading database ... 60%
(Reading database ... 65%
(Reading database ... 70%
(Reading database ... 75%
(Reading database ... 80%
(Reading database ... 85%
(Reading database ... 90%
(Reading database ... 95%
(Reading database ... 100%
(Reading database ... 22724 files and directories currently installed.)
Preparing to unpack .../libsystemd0_245.4-4ubuntu3.17_amd64.deb ...
Unpacking libsystemd0:amd64 (245.4-4ubuntu3.17) over (245.4-4ubuntu3.2) ...
Setting up libsystemd0:amd64 (245.4-4ubuntu3.17) ...
Selecting previously unselected package libapparmor1:amd64.
(Reading database ... 
(Reading database ... 5%
(Reading database ... 10%
(Reading database ... 15%
(Reading database ... 20%
(Reading database ... 25%
(Reading database ... 30%
(Reading database ... 35%
(Reading database ... 40%
(Reading database ... 45%
(Reading database ... 50%
(Reading database ... 55%
(Reading database ... 60%
(Reading database ... 65%
(Reading database ... 70%
(Reading database ... 75%
(Reading database ... 80%
(Reading database ... 85%
(Reading database ... 90%
(Reading database ... 95%
(Reading database ... 100%
(Reading database ... 22724 files and directories currently installed.)
Preparing to unpack .../libapparmor1_2.13.3-7ubuntu5.1_amd64.deb ...
Unpacking libapparmor1:amd64 (2.13.3-7ubuntu5.1) ...
Selecting previously unselected package libcap2:amd64.
Preparing to unpack .../libcap2_1%3a2.32-1_amd64.deb ...
Unpacking libcap2:amd64 (1:2.32-1) ...
Selecting previously unselected package libargon2-1:amd64.
Preparing to unpack .../libargon2-1_0~20171227-0.2_amd64.deb ...
Unpacking libargon2-1:amd64 (0~20171227-0.2) ...
Preparing to unpack .../libblkid1_2.34-0.1ubuntu9.3_amd64.deb ...
Unpacking libblkid1:amd64 (2.34-0.1ubuntu9.3) over (2.34-0.1ubuntu9.1) ...
Setting up libblkid1:amd64 (2.34-0.1ubuntu9.3) ...
Selecting previously unselected package libdevmapper1.02.1:amd64.
(Reading database ... 
(Reading database ... 5%
(Reading database ... 10%
(Reading database ... 15%
(Reading database ... 20%
(Reading database ... 25%
(Reading database ... 30%
(Reading database ... 35%
(Reading database ... 40%
(Reading database ... 45%
(Reading database ... 50%
(Reading database ... 55%
(Reading database ... 60%
(Reading database ... 65%
(Reading database ... 70%
(Reading database ... 75%
(Reading database ... 80%
(Reading database ... 85%
(Reading database ... 90%
(Reading database ... 95%
(Reading database ... 100%
(Reading database ... 22739 files and directories currently installed.)
Preparing to unpack .../libdevmapper1.02.1_2%3a1.02.167-1ubuntu1_amd64.deb ...
Unpacking libdevmapper1.02.1:amd64 (2:1.02.167-1ubuntu1) ...
Selecting previously unselected package libjson-c4:amd64.
Preparing to unpack .../libjson-c4_0.13.1+dfsg-7ubuntu0.3_amd64.deb ...
Unpacking libjson-c4:amd64 (0.13.1+dfsg-7ubuntu0.3) ...
Preparing to unpack .../libuuid1_2.34-0.1ubuntu9.3_amd64.deb ...
Unpacking libuuid1:amd64 (2.34-0.1ubuntu9.3) over (2.34-0.1ubuntu9.1) ...
Setting up libuuid1:amd64 (2.34-0.1ubuntu9.3) ...
Selecting previously unselected package libcryptsetup12:amd64.
(Reading database ... 
(Reading database ... 5%
(Reading database ... 10%
(Reading database ... 15%
(Reading database ... 20%
(Reading database ... 25%
(Reading database ... 30%
(Reading database ... 35%
(Reading database ... 40%
(Reading database ... 45%
(Reading database ... 50%
(Reading database ... 55%
(Reading database ... 60%
(Reading database ... 65%
(Reading database ... 70%
(Reading database ... 75%
(Reading database ... 80%
(Reading database ... 85%
(Reading database ... 90%
(Reading database ... 95%
(Reading database ... 100%
(Reading database ... 22750 files and directories currently installed.)
Preparing to unpack .../libcryptsetup12_2%3a2.2.2-3ubuntu2.4_amd64.deb ...
Unpacking libcryptsetup12:amd64 (2:2.2.2-3ubuntu2.4) ...
Selecting previously unselected package libip4tc2:amd64.
Preparing to unpack .../libip4tc2_1.8.4-3ubuntu2_amd64.deb ...
Unpacking libip4tc2:amd64 (1.8.4-3ubuntu2) ...
Selecting previously unselected package libkmod2:amd64.
Preparing to unpack .../libkmod2_27-1ubuntu2.1_amd64.deb ...
Unpacking libkmod2:amd64 (27-1ubuntu2.1) ...
Preparing to unpack .../libmount1_2.34-0.1ubuntu9.3_amd64.deb ...
Unpacking libmount1:amd64 (2.34-0.1ubuntu9.3) over (2.34-0.1ubuntu9.1) ...
Setting up libmount1:amd64 (2.34-0.1ubuntu9.3) ...
Selecting previously unselected package systemd-timesyncd.
(Reading database ... 
(Reading database ... 5%
(Reading database ... 10%
(Reading database ... 15%
(Reading database ... 20%
(Reading database ... 25%
(Reading database ... 30%
(Reading database ... 35%
(Reading database ... 40%
(Reading database ... 45%
(Reading database ... 50%
(Reading database ... 55%
(Reading database ... 60%
(Reading database ... 65%
(Reading database ... 70%
(Reading database ... 75%
(Reading database ... 80%
(Reading database ... 85%
(Reading database ... 90%
(Reading database ... 95%
(Reading database ... 100%
(Reading database ... 22767 files and directories currently installed.)
Preparing to unpack .../systemd-timesyncd_245.4-4ubuntu3.17_amd64.deb ...
Unpacking systemd-timesyncd (245.4-4ubuntu3.17) ...
Selecting previously unselected package systemd.
Preparing to unpack .../systemd_245.4-4ubuntu3.17_amd64.deb ...
Unpacking systemd (245.4-4ubuntu3.17) ...
Setting up libapparmor1:amd64 (2.13.3-7ubuntu5.1) ...
Setting up libcap2:amd64 (1:2.32-1) ...
Setting up libargon2-1:amd64 (0~20171227-0.2) ...
Setting up libdevmapper1.02.1:amd64 (2:1.02.167-1ubuntu1) ...
Setting up libjson-c4:amd64 (0.13.1+dfsg-7ubuntu0.3) ...
Setting up libcryptsetup12:amd64 (2:2.2.2-3ubuntu2.4) ...
Setting up libip4tc2:amd64 (1.8.4-3ubuntu2) ...
Setting up libkmod2:amd64 (27-1ubuntu2.1) ...
Setting up systemd-timesyncd (245.4-4ubuntu3.17) ...
Created symlink /etc/systemd/system/dbus-org.freedesktop.timesync1.service → /lib/systemd/system/systemd-timesyncd.service.
Created symlink /etc/systemd/system/sysinit.target.wants/systemd-timesyncd.service → /lib/systemd/system/systemd-timesyncd.service.
Setting up systemd (245.4-4ubuntu3.17) ...
Created symlink /etc/systemd/system/getty.target.wants/getty@tty1.service → /lib/systemd/system/getty@.service.
Created symlink /etc/systemd/system/multi-user.target.wants/remote-fs.target → /lib/systemd/system/remote-fs.target.
Created symlink /etc/systemd/system/dbus-org.freedesktop.resolve1.service → /lib/systemd/system/systemd-resolved.service.
Created symlink /etc/systemd/system/multi-user.target.wants/systemd-resolved.service → /lib/systemd/system/systemd-resolved.service.
ln: failed to create symbolic link '/etc/resolv.conf': Device or resource busy
Created symlink /etc/systemd/system/multi-user.target.wants/ondemand.service → /lib/systemd/system/ondemand.service.
Created symlink /etc/systemd/system/sysinit.target.wants/systemd-pstore.service → /lib/systemd/system/systemd-pstore.service.
Initializing machine ID from random generator.
Selecting previously unselected package systemd-sysv.
(Reading database ... 
(Reading database ... 5%
(Reading database ... 10%
(Reading database ... 15%
(Reading database ... 20%
(Reading database ... 25%
(Reading database ... 30%
(Reading database ... 35%
(Reading database ... 40%
(Reading database ... 45%
(Reading database ... 50%
(Reading database ... 55%
(Reading database ... 60%
(Reading database ... 65%
(Reading database ... 70%
(Reading database ... 75%
(Reading database ... 80%
(Reading database ... 85%
(Reading database ... 90%
(Reading database ... 95%
(Reading database ... 100%
(Reading database ... 23520 files and directories currently installed.)
Preparing to unpack .../systemd-sysv_245.4-4ubuntu3.17_amd64.deb ...
Unpacking systemd-sysv (245.4-4ubuntu3.17) ...
Preparing to unpack .../libpcre3_2%3a8.39-12ubuntu0.1_amd64.deb ...
Unpacking libpcre3:amd64 (2:8.39-12ubuntu0.1) over (2:8.39-12build1) ...
Setting up libpcre3:amd64 (2:8.39-12ubuntu0.1) ...
(Reading database ... 
(Reading database ... 5%
(Reading database ... 10%
(Reading database ... 15%
(Reading database ... 20%
(Reading database ... 25%
(Reading database ... 30%
(Reading database ... 35%
(Reading database ... 40%
(Reading database ... 45%
(Reading database ... 50%
(Reading database ... 55%
(Reading database ... 60%
(Reading database ... 65%
(Reading database ... 70%
(Reading database ... 75%
(Reading database ... 80%
(Reading database ... 85%
(Reading database ... 90%
(Reading database ... 95%
(Reading database ... 100%
(Reading database ... 23537 files and directories currently installed.)
Preparing to unpack .../libsepol1_3.0-1ubuntu0.1_amd64.deb ...
Unpacking libsepol1:amd64 (3.0-1ubuntu0.1) over (3.0-1) ...
Setting up libsepol1:amd64 (3.0-1ubuntu0.1) ...
Selecting previously unselected package libdbus-1-3:amd64.
(Reading database ... 
(Reading database ... 5%
(Reading database ... 10%
(Reading database ... 15%
(Reading database ... 20%
(Reading database ... 25%
(Reading database ... 30%
(Reading database ... 35%
(Reading database ... 40%
(Reading database ... 45%
(Reading database ... 50%
(Reading database ... 55%
(Reading database ... 60%
(Reading database ... 65%
(Reading database ... 70%
(Reading database ... 75%
(Reading database ... 80%
(Reading database ... 85%
(Reading database ... 90%
(Reading database ... 95%
(Reading database ... 100%
(Reading database ... 23537 files and directories currently installed.)
Preparing to unpack .../000-libdbus-1-3_1.12.16-2ubuntu2.2_amd64.deb ...
Unpacking libdbus-1-3:amd64 (1.12.16-2ubuntu2.2) ...
Selecting previously unselected package dbus.
Preparing to unpack .../001-dbus_1.12.16-2ubuntu2.2_amd64.deb ...
Unpacking dbus (1.12.16-2ubuntu2.2) ...
Selecting previously unselected package dmsetup.
Preparing to unpack .../002-dmsetup_2%3a1.02.167-1ubuntu1_amd64.deb ...
Unpacking dmsetup (2:1.02.167-1ubuntu1) ...
Selecting previously unselected package libglib2.0-0:amd64.
Preparing to unpack .../003-libglib2.0-0_2.64.6-1~ubuntu20.04.4_amd64.deb ...
Unpacking libglib2.0-0:amd64 (2.64.6-1~ubuntu20.04.4) ...
Selecting previously unselected package libgirepository-1.0-1:amd64.
Preparing to unpack .../004-libgirepository-1.0-1_1.64.1-1~ubuntu20.04.1_amd64.deb ...
Unpacking libgirepository-1.0-1:amd64 (1.64.1-1~ubuntu20.04.1) ...
Selecting previously unselected package gir1.2-glib-2.0:amd64.
Preparing to unpack .../005-gir1.2-glib-2.0_1.64.1-1~ubuntu20.04.1_amd64.deb ...
Unpacking gir1.2-glib-2.0:amd64 (1.64.1-1~ubuntu20.04.1) ...
Selecting previously unselected package libfribidi0:amd64.
Preparing to unpack .../006-libfribidi0_1.0.8-2ubuntu0.1_amd64.deb ...
Unpacking libfribidi0:amd64 (1.0.8-2ubuntu0.1) ...
Selecting previously unselected package libglib2.0-data.
Preparing to unpack .../007-libglib2.0-data_2.64.6-1~ubuntu20.04.4_all.deb ...
Unpacking libglib2.0-data (2.64.6-1~ubuntu20.04.4) ...
Selecting previously unselected package libnss-systemd:amd64.
Preparing to unpack .../008-libnss-systemd_245.4-4ubuntu3.17_amd64.deb ...
Unpacking libnss-systemd:amd64 (245.4-4ubuntu3.17) ...
Selecting previously unselected package libpam-systemd:amd64.
Preparing to unpack .../009-libpam-systemd_245.4-4ubuntu3.17_amd64.deb ...
Unpacking libpam-systemd:amd64 (245.4-4ubuntu3.17) ...
Selecting previously unselected package python3-dbus.
Preparing to unpack .../010-python3-dbus_1.2.16-1build1_amd64.deb ...
Unpacking python3-dbus (1.2.16-1build1) ...
Selecting previously unselected package python3-gi.
Preparing to unpack .../011-python3-gi_3.36.0-1_amd64.deb ...
Unpacking python3-gi (3.36.0-1) ...
Selecting previously unselected package networkd-dispatcher.
Preparing to unpack .../012-networkd-dispatcher_2.1-2~ubuntu20.04.3_all.deb ...
Unpacking networkd-dispatcher (2.1-2~ubuntu20.04.3) ...
Selecting previously unselected package shared-mime-info.
Preparing to unpack .../013-shared-mime-info_1.15-1_amd64.deb ...
Unpacking shared-mime-info (1.15-1) ...
Selecting previously unselected package xdg-user-dirs.
Preparing to unpack .../014-xdg-user-dirs_0.17-2ubuntu1_amd64.deb ...
Unpacking xdg-user-dirs (0.17-2ubuntu1) ...
Selecting previously unselected package xkb-data.
Preparing to unpack .../015-xkb-data_2.29-2_all.deb ...
Unpacking xkb-data (2.29-2) ...
Selecting previously unselected package libpng16-16:amd64.
Preparing to unpack .../016-libpng16-16_1.6.37-2_amd64.deb ...
Unpacking libpng16-16:amd64 (1.6.37-2) ...
Selecting previously unselected package hicolor-icon-theme.
Preparing to unpack .../017-hicolor-icon-theme_0.17-2_all.deb ...
Unpacking hicolor-icon-theme (0.17-2) ...
Selecting previously unselected package libjpeg-turbo8:amd64.
Preparing to unpack .../018-libjpeg-turbo8_2.0.3-0ubuntu1.20.04.1_amd64.deb ...
Unpacking libjpeg-turbo8:amd64 (2.0.3-0ubuntu1.20.04.1) ...
Selecting previously unselected package libjpeg8:amd64.
Preparing to unpack .../019-libjpeg8_8c-2ubuntu8_amd64.deb ...
Unpacking libjpeg8:amd64 (8c-2ubuntu8) ...
Selecting previously unselected package libjbig0:amd64.
Preparing to unpack .../020-libjbig0_2.1-3.1build1_amd64.deb ...
Unpacking libjbig0:amd64 (2.1-3.1build1) ...
Selecting previously unselected package libwebp6:amd64.
Preparing to unpack .../021-libwebp6_0.6.1-2ubuntu0.20.04.1_amd64.deb ...
Unpacking libwebp6:amd64 (0.6.1-2ubuntu0.20.04.1) ...
Selecting previously unselected package libtiff5:amd64.
Preparing to unpack .../022-libtiff5_4.1.0+git191117-2ubuntu0.20.04.3_amd64.deb ...
Unpacking libtiff5:amd64 (4.1.0+git191117-2ubuntu0.20.04.3) ...
Selecting previously unselected package libgdk-pixbuf2.0-common.
Preparing to unpack .../023-libgdk-pixbuf2.0-common_2.40.0+dfsg-3ubuntu0.2_all.deb ...
Unpacking libgdk-pixbuf2.0-common (2.40.0+dfsg-3ubuntu0.2) ...
Selecting previously unselected package libgdk-pixbuf2.0-0:amd64.
Preparing to unpack .../024-libgdk-pixbuf2.0-0_2.40.0+dfsg-3ubuntu0.2_amd64.deb ...
Unpacking libgdk-pixbuf2.0-0:amd64 (2.40.0+dfsg-3ubuntu0.2) ...
Selecting previously unselected package gtk-update-icon-cache.
Preparing to unpack .../025-gtk-update-icon-cache_3.24.20-0ubuntu1.1_amd64.deb ...
No diversion 'diversion of /usr/sbin/update-icon-caches to /usr/sbin/update-icon-caches.gtk2 by libgtk-3-bin', none removed.
No diversion 'diversion of /usr/share/man/man8/update-icon-caches.8.gz to /usr/share/man/man8/update-icon-caches.gtk2.8.gz by libgtk-3-bin', none removed.
Unpacking gtk-update-icon-cache (3.24.20-0ubuntu1.1) ...
Selecting previously unselected package libfreetype6:amd64.
Preparing to unpack .../026-libfreetype6_2.10.1-2ubuntu0.1_amd64.deb ...
Unpacking libfreetype6:amd64 (2.10.1-2ubuntu0.1) ...
Selecting previously unselected package fonts-dejavu-core.
Preparing to unpack .../027-fonts-dejavu-core_2.37-1_all.deb ...
Unpacking fonts-dejavu-core (2.37-1) ...
Selecting previously unselected package fontconfig-config.
Preparing to unpack .../028-fontconfig-config_2.13.1-2ubuntu3_all.deb ...
Unpacking fontconfig-config (2.13.1-2ubuntu3) ...
Selecting previously unselected package libfontconfig1:amd64.
Preparing to unpack .../029-libfontconfig1_2.13.1-2ubuntu3_amd64.deb ...
Unpacking libfontconfig1:amd64 (2.13.1-2ubuntu3) ...
Selecting previously unselected package libpixman-1-0:amd64.
Preparing to unpack .../030-libpixman-1-0_0.38.4-0ubuntu1_amd64.deb ...
Unpacking libpixman-1-0:amd64 (0.38.4-0ubuntu1) ...
Selecting previously unselected package libxcb-render0:amd64.
Preparing to unpack .../031-libxcb-render0_1.14-2_amd64.deb ...
Unpacking libxcb-render0:amd64 (1.14-2) ...
Selecting previously unselected package libcairo2:amd64.
Preparing to unpack .../032-libcairo2_1.16.0-4ubuntu1_amd64.deb ...
Unpacking libcairo2:amd64 (1.16.0-4ubuntu1) ...
Selecting previously unselected package libcairo-gobject2:amd64.
Preparing to unpack .../033-libcairo-gobject2_1.16.0-4ubuntu1_amd64.deb ...
Unpacking libcairo-gobject2:amd64 (1.16.0-4ubuntu1) ...
Selecting previously unselected package fontconfig.
Preparing to unpack .../034-fontconfig_2.13.1-2ubuntu3_amd64.deb ...
Unpacking fontconfig (2.13.1-2ubuntu3) ...
Selecting previously unselected package libgraphite2-3:amd64.
Preparing to unpack .../035-libgraphite2-3_1.3.13-11build1_amd64.deb ...
Unpacking libgraphite2-3:amd64 (1.3.13-11build1) ...
Selecting previously unselected package libharfbuzz0b:amd64.
Preparing to unpack .../036-libharfbuzz0b_2.6.4-1ubuntu4_amd64.deb ...
Unpacking libharfbuzz0b:amd64 (2.6.4-1ubuntu4) ...
Selecting previously unselected package libthai-data.
Preparing to unpack .../037-libthai-data_0.1.28-3_all.deb ...
Unpacking libthai-data (0.1.28-3) ...
Selecting previously unselected package libdatrie1:amd64.
Preparing to unpack .../038-libdatrie1_0.2.12-3_amd64.deb ...
Unpacking libdatrie1:amd64 (0.2.12-3) ...
Selecting previously unselected package libthai0:amd64.
Preparing to unpack .../039-libthai0_0.1.28-3_amd64.deb ...
Unpacking libthai0:amd64 (0.1.28-3) ...
Selecting previously unselected package libpango-1.0-0:amd64.
Preparing to unpack .../040-libpango-1.0-0_1.44.7-2ubuntu4_amd64.deb ...
Unpacking libpango-1.0-0:amd64 (1.44.7-2ubuntu4) ...
Selecting previously unselected package libpangoft2-1.0-0:amd64.
Preparing to unpack .../041-libpangoft2-1.0-0_1.44.7-2ubuntu4_amd64.deb ...
Unpacking libpangoft2-1.0-0:amd64 (1.44.7-2ubuntu4) ...
Selecting previously unselected package libpangocairo-1.0-0:amd64.
Preparing to unpack .../042-libpangocairo-1.0-0_1.44.7-2ubuntu4_amd64.deb ...
Unpacking libpangocairo-1.0-0:amd64 (1.44.7-2ubuntu4) ...
Selecting previously unselected package librsvg2-2:amd64.
Preparing to unpack .../043-librsvg2-2_2.48.9-1ubuntu0.20.04.1_amd64.deb ...
Unpacking librsvg2-2:amd64 (2.48.9-1ubuntu0.20.04.1) ...
Selecting previously unselected package librsvg2-common:amd64.
Preparing to unpack .../044-librsvg2-common_2.48.9-1ubuntu0.20.04.1_amd64.deb ...
Unpacking librsvg2-common:amd64 (2.48.9-1ubuntu0.20.04.1) ...
Selecting previously unselected package humanity-icon-theme.
Preparing to unpack .../045-humanity-icon-theme_0.6.15_all.deb ...
Unpacking humanity-icon-theme (0.6.15) ...
Selecting previously unselected package ubuntu-mono.
Preparing to unpack .../046-ubuntu-mono_19.04-0ubuntu3_all.deb ...
Unpacking ubuntu-mono (19.04-0ubuntu3) ...
Selecting previously unselected package adwaita-icon-theme.
Preparing to unpack .../047-adwaita-icon-theme_3.36.1-2ubuntu0.20.04.2_all.deb ...
Unpacking adwaita-icon-theme (3.36.1-2ubuntu0.20.04.2) ...
Selecting previously unselected package libatspi2.0-0:amd64.
Preparing to unpack .../048-libatspi2.0-0_2.36.0-2_amd64.deb ...
Unpacking libatspi2.0-0:amd64 (2.36.0-2) ...
Selecting previously unselected package x11-common.
Preparing to unpack .../049-x11-common_1%3a7.7+19ubuntu14_all.deb ...
dpkg-query: no packages found matching nux-tools
Unpacking x11-common (1:7.7+19ubuntu14) ...
Selecting previously unselected package libxtst6:amd64.
Preparing to unpack .../050-libxtst6_2%3a1.2.3-1_amd64.deb ...
Unpacking libxtst6:amd64 (2:1.2.3-1) ...
Selecting previously unselected package at-spi2-core.
Preparing to unpack .../051-at-spi2-core_2.36.0-2_amd64.deb ...
Unpacking at-spi2-core (2.36.0-2) ...
Selecting previously unselected package dbus-user-session.
Preparing to unpack .../052-dbus-user-session_1.12.16-2ubuntu2.2_amd64.deb ...
Unpacking dbus-user-session (1.12.16-2ubuntu2.2) ...
Selecting previously unselected package libdconf1:amd64.
Preparing to unpack .../053-libdconf1_0.36.0-1_amd64.deb ...
Unpacking libdconf1:amd64 (0.36.0-1) ...
Selecting previously unselected package dconf-service.
Preparing to unpack .../054-dconf-service_0.36.0-1_amd64.deb ...
Unpacking dconf-service (0.36.0-1) ...
Selecting previously unselected package dconf-gsettings-backend:amd64.
Preparing to unpack .../055-dconf-gsettings-backend_0.36.0-1_amd64.deb ...
Unpacking dconf-gsettings-backend:amd64 (0.36.0-1) ...
Selecting previously unselected package libatk1.0-data.
Preparing to unpack .../056-libatk1.0-data_2.35.1-1ubuntu2_all.deb ...
Unpacking libatk1.0-data (2.35.1-1ubuntu2) ...
Selecting previously unselected package libatk1.0-0:amd64.
Preparing to unpack .../057-libatk1.0-0_2.35.1-1ubuntu2_amd64.deb ...
Unpacking libatk1.0-0:amd64 (2.35.1-1ubuntu2) ...
Selecting previously unselected package gir1.2-atk-1.0:amd64.
Preparing to unpack .../058-gir1.2-atk-1.0_2.35.1-1ubuntu2_amd64.deb ...
Unpacking gir1.2-atk-1.0:amd64 (2.35.1-1ubuntu2) ...
Selecting previously unselected package gir1.2-freedesktop:amd64.
Preparing to unpack .../059-gir1.2-freedesktop_1.64.1-1~ubuntu20.04.1_amd64.deb ...
Unpacking gir1.2-freedesktop:amd64 (1.64.1-1~ubuntu20.04.1) ...
Selecting previously unselected package gir1.2-atspi-2.0:amd64.
Preparing to unpack .../060-gir1.2-atspi-2.0_2.36.0-2_amd64.deb ...
Unpacking gir1.2-atspi-2.0:amd64 (2.36.0-2) ...
Selecting previously unselected package gir1.2-gdkpixbuf-2.0:amd64.
Preparing to unpack .../061-gir1.2-gdkpixbuf-2.0_2.40.0+dfsg-3ubuntu0.2_amd64.deb ...
Unpacking gir1.2-gdkpixbuf-2.0:amd64 (2.40.0+dfsg-3ubuntu0.2) ...
Selecting previously unselected package libxft2:amd64.
Preparing to unpack .../062-libxft2_2.3.3-0ubuntu1_amd64.deb ...
Unpacking libxft2:amd64 (2.3.3-0ubuntu1) ...
Selecting previously unselected package libpangoxft-1.0-0:amd64.
Preparing to unpack .../063-libpangoxft-1.0-0_1.44.7-2ubuntu4_amd64.deb ...
Unpacking libpangoxft-1.0-0:amd64 (1.44.7-2ubuntu4) ...
Selecting previously unselected package gir1.2-pango-1.0:amd64.
Preparing to unpack .../064-gir1.2-pango-1.0_1.44.7-2ubuntu4_amd64.deb ...
Unpacking gir1.2-pango-1.0:amd64 (1.44.7-2ubuntu4) ...
Selecting previously unselected package libatk-bridge2.0-0:amd64.
Preparing to unpack .../065-libatk-bridge2.0-0_2.34.2-0ubuntu2~20.04.1_amd64.deb ...
Unpacking libatk-bridge2.0-0:amd64 (2.34.2-0ubuntu2~20.04.1) ...
Selecting previously unselected package liblcms2-2:amd64.
Preparing to unpack .../066-liblcms2-2_2.9-4_amd64.deb ...
Unpacking liblcms2-2:amd64 (2.9-4) ...
Selecting previously unselected package libcolord2:amd64.
Preparing to unpack .../067-libcolord2_1.4.4-2_amd64.deb ...
Unpacking libcolord2:amd64 (1.4.4-2) ...
Selecting previously unselected package libavahi-common-data:amd64.
Preparing to unpack .../068-libavahi-common-data_0.7-4ubuntu7.1_amd64.deb ...
Unpacking libavahi-common-data:amd64 (0.7-4ubuntu7.1) ...
Selecting previously unselected package libavahi-common3:amd64.
Preparing to unpack .../069-libavahi-common3_0.7-4ubuntu7.1_amd64.deb ...
Unpacking libavahi-common3:amd64 (0.7-4ubuntu7.1) ...
Selecting previously unselected package libavahi-client3:amd64.
Preparing to unpack .../070-libavahi-client3_0.7-4ubuntu7.1_amd64.deb ...
Unpacking libavahi-client3:amd64 (0.7-4ubuntu7.1) ...
Selecting previously unselected package libcups2:amd64.
Preparing to unpack .../071-libcups2_2.3.1-9ubuntu1.1_amd64.deb ...
Unpacking libcups2:amd64 (2.3.1-9ubuntu1.1) ...
Selecting previously unselected package libepoxy0:amd64.
Preparing to unpack .../072-libepoxy0_1.5.4-1_amd64.deb ...
Unpacking libepoxy0:amd64 (1.5.4-1) ...
Selecting previously unselected package libjson-glib-1.0-common.
Preparing to unpack .../073-libjson-glib-1.0-common_1.4.4-2ubuntu2_all.deb ...
Unpacking libjson-glib-1.0-common (1.4.4-2ubuntu2) ...
Selecting previously unselected package libjson-glib-1.0-0:amd64.
Preparing to unpack .../074-libjson-glib-1.0-0_1.4.4-2ubuntu2_amd64.deb ...
Unpacking libjson-glib-1.0-0:amd64 (1.4.4-2ubuntu2) ...
Selecting previously unselected package libproxy1v5:amd64.
Preparing to unpack .../075-libproxy1v5_0.4.15-10ubuntu1.2_amd64.deb ...
Unpacking libproxy1v5:amd64 (0.4.15-10ubuntu1.2) ...
Selecting previously unselected package glib-networking-common.
Preparing to unpack .../076-glib-networking-common_2.64.2-1ubuntu0.1_all.deb ...
Unpacking glib-networking-common (2.64.2-1ubuntu0.1) ...
Selecting previously unselected package glib-networking-services.
Preparing to unpack .../077-glib-networking-services_2.64.2-1ubuntu0.1_amd64.deb ...
Unpacking glib-networking-services (2.64.2-1ubuntu0.1) ...
Selecting previously unselected package gsettings-desktop-schemas.
Preparing to unpack .../078-gsettings-desktop-schemas_3.36.0-1ubuntu1_all.deb ...
Unpacking gsettings-desktop-schemas (3.36.0-1ubuntu1) ...
Selecting previously unselected package glib-networking:amd64.
Preparing to unpack .../079-glib-networking_2.64.2-1ubuntu0.1_amd64.deb ...
Unpacking glib-networking:amd64 (2.64.2-1ubuntu0.1) ...
Selecting previously unselected package libsoup2.4-1:amd64.
Preparing to unpack .../080-libsoup2.4-1_2.70.0-1_amd64.deb ...
Unpacking libsoup2.4-1:amd64 (2.70.0-1) ...
Selecting previously unselected package libsoup-gnome2.4-1:amd64.
Preparing to unpack .../081-libsoup-gnome2.4-1_2.70.0-1_amd64.deb ...
Unpacking libsoup-gnome2.4-1:amd64 (2.70.0-1) ...
Selecting previously unselected package librest-0.7-0:amd64.
Preparing to unpack .../082-librest-0.7-0_0.8.1-1_amd64.deb ...
Unpacking librest-0.7-0:amd64 (0.8.1-1) ...
Selecting previously unselected package libxcomposite1:amd64.
Preparing to unpack .../083-libxcomposite1_1%3a0.4.5-1_amd64.deb ...
Unpacking libxcomposite1:amd64 (1:0.4.5-1) ...
Selecting previously unselected package libxcursor1:amd64.
Preparing to unpack .../084-libxcursor1_1%3a1.2.0-2_amd64.deb ...
Unpacking libxcursor1:amd64 (1:1.2.0-2) ...
Selecting previously unselected package libxdamage1:amd64.
Preparing to unpack .../085-libxdamage1_1%3a1.1.5-2_amd64.deb ...
Unpacking libxdamage1:amd64 (1:1.1.5-2) ...
Selecting previously unselected package libxi6:amd64.
Preparing to unpack .../086-libxi6_2%3a1.7.10-0ubuntu1_amd64.deb ...
Unpacking libxi6:amd64 (2:1.7.10-0ubuntu1) ...
Selecting previously unselected package libxinerama1:amd64.
Preparing to unpack .../087-libxinerama1_2%3a1.1.4-2_amd64.deb ...
Unpacking libxinerama1:amd64 (2:1.1.4-2) ...
Selecting previously unselected package libxkbcommon0:amd64.
Preparing to unpack .../088-libxkbcommon0_0.10.0-1_amd64.deb ...
Unpacking libxkbcommon0:amd64 (0.10.0-1) ...
Selecting previously unselected package libgtk-3-common.
Preparing to unpack .../089-libgtk-3-common_3.24.20-0ubuntu1.1_all.deb ...
Unpacking libgtk-3-common (3.24.20-0ubuntu1.1) ...
Selecting previously unselected package libgtk-3-0:amd64.
Preparing to unpack .../090-libgtk-3-0_3.24.20-0ubuntu1.1_amd64.deb ...
Unpacking libgtk-3-0:amd64 (3.24.20-0ubuntu1.1) ...
Selecting previously unselected package gir1.2-gtk-3.0:amd64.
Preparing to unpack .../091-gir1.2-gtk-3.0_3.24.20-0ubuntu1.1_amd64.deb ...
Unpacking gir1.2-gtk-3.0:amd64 (3.24.20-0ubuntu1.1) ...
Selecting previously unselected package gir1.2-harfbuzz-0.0:amd64.
Preparing to unpack .../092-gir1.2-harfbuzz-0.0_2.6.4-1ubuntu4_amd64.deb ...
Unpacking gir1.2-harfbuzz-0.0:amd64 (2.6.4-1ubuntu4) ...
Selecting previously unselected package icu-devtools.
Preparing to unpack .../093-icu-devtools_66.1-2ubuntu2.1_amd64.deb ...
Unpacking icu-devtools (66.1-2ubuntu2.1) ...
Selecting previously unselected package libffi-dev:amd64.
Preparing to unpack .../094-libffi-dev_3.3-4_amd64.deb ...
Unpacking libffi-dev:amd64 (3.3-4) ...
Selecting previously unselected package libglib2.0-bin.
Preparing to unpack .../095-libglib2.0-bin_2.64.6-1~ubuntu20.04.4_amd64.deb ...
Unpacking libglib2.0-bin (2.64.6-1~ubuntu20.04.4) ...
Selecting previously unselected package libglib2.0-dev-bin.
Preparing to unpack .../096-libglib2.0-dev-bin_2.64.6-1~ubuntu20.04.4_amd64.deb ...
Unpacking libglib2.0-dev-bin (2.64.6-1~ubuntu20.04.4) ...
Selecting previously unselected package uuid-dev:amd64.
Preparing to unpack .../097-uuid-dev_2.34-0.1ubuntu9.3_amd64.deb ...
Unpacking uuid-dev:amd64 (2.34-0.1ubuntu9.3) ...
Selecting previously unselected package libblkid-dev:amd64.
Preparing to unpack .../098-libblkid-dev_2.34-0.1ubuntu9.3_amd64.deb ...
Unpacking libblkid-dev:amd64 (2.34-0.1ubuntu9.3) ...
Selecting previously unselected package libmount-dev:amd64.
Preparing to unpack .../099-libmount-dev_2.34-0.1ubuntu9.3_amd64.deb ...
Unpacking libmount-dev:amd64 (2.34-0.1ubuntu9.3) ...
Selecting previously unselected package libpcre16-3:amd64.
Preparing to unpack .../100-libpcre16-3_2%3a8.39-12ubuntu0.1_amd64.deb ...
Unpacking libpcre16-3:amd64 (2:8.39-12ubuntu0.1) ...
Selecting previously unselected package libpcre32-3:amd64.
Preparing to unpack .../101-libpcre32-3_2%3a8.39-12ubuntu0.1_amd64.deb ...
Unpacking libpcre32-3:amd64 (2:8.39-12ubuntu0.1) ...
Selecting previously unselected package libpcrecpp0v5:amd64.
Preparing to unpack .../102-libpcrecpp0v5_2%3a8.39-12ubuntu0.1_amd64.deb ...
Unpacking libpcrecpp0v5:amd64 (2:8.39-12ubuntu0.1) ...
Selecting previously unselected package libpcre3-dev:amd64.
Preparing to unpack .../103-libpcre3-dev_2%3a8.39-12ubuntu0.1_amd64.deb ...
Unpacking libpcre3-dev:amd64 (2:8.39-12ubuntu0.1) ...
Selecting previously unselected package libsepol1-dev:amd64.
Preparing to unpack .../104-libsepol1-dev_3.0-1ubuntu0.1_amd64.deb ...
Unpacking libsepol1-dev:amd64 (3.0-1ubuntu0.1) ...
Selecting previously unselected package libpcre2-16-0:amd64.
Preparing to unpack .../105-libpcre2-16-0_10.34-7_amd64.deb ...
Unpacking libpcre2-16-0:amd64 (10.34-7) ...
Selecting previously unselected package libpcre2-32-0:amd64.
Preparing to unpack .../106-libpcre2-32-0_10.34-7_amd64.deb ...
Unpacking libpcre2-32-0:amd64 (10.34-7) ...
Selecting previously unselected package libpcre2-posix2:amd64.
Preparing to unpack .../107-libpcre2-posix2_10.34-7_amd64.deb ...
Unpacking libpcre2-posix2:amd64 (10.34-7) ...
Selecting previously unselected package libpcre2-dev:amd64.
Preparing to unpack .../108-libpcre2-dev_10.34-7_amd64.deb ...
Unpacking libpcre2-dev:amd64 (10.34-7) ...
Selecting previously unselected package libselinux1-dev:amd64.
Preparing to unpack .../109-libselinux1-dev_3.0-1build2_amd64.deb ...
Unpacking libselinux1-dev:amd64 (3.0-1build2) ...
Selecting previously unselected package pkg-config.
Preparing to unpack .../110-pkg-config_0.29.1-0ubuntu4_amd64.deb ...
Unpacking pkg-config (0.29.1-0ubuntu4) ...
Selecting previously unselected package libglib2.0-dev:amd64.
Preparing to unpack .../111-libglib2.0-dev_2.64.6-1~ubuntu20.04.4_amd64.deb ...
Unpacking libglib2.0-dev:amd64 (2.64.6-1~ubuntu20.04.4) ...
Selecting previously unselected package libdbus-1-dev:amd64.
Preparing to unpack .../112-libdbus-1-dev_1.12.16-2ubuntu2.2_amd64.deb ...
Unpacking libdbus-1-dev:amd64 (1.12.16-2ubuntu2.2) ...
Selecting previously unselected package libxfixes-dev:amd64.
Preparing to unpack .../113-libxfixes-dev_1%3a5.0.3-2_amd64.deb ...
Unpacking libxfixes-dev:amd64 (1:5.0.3-2) ...
Selecting previously unselected package x11proto-input-dev.
Preparing to unpack .../114-x11proto-input-dev_2019.2-1ubuntu1_all.deb ...
Unpacking x11proto-input-dev (2019.2-1ubuntu1) ...
Selecting previously unselected package libxi-dev:amd64.
Preparing to unpack .../115-libxi-dev_2%3a1.7.10-0ubuntu1_amd64.deb ...
Unpacking libxi-dev:amd64 (2:1.7.10-0ubuntu1) ...
Selecting previously unselected package x11proto-record-dev.
Preparing to unpack .../116-x11proto-record-dev_2019.2-1ubuntu1_all.deb ...
Unpacking x11proto-record-dev (2019.2-1ubuntu1) ...
Selecting previously unselected package libxtst-dev:amd64.
Preparing to unpack .../117-libxtst-dev_2%3a1.2.3-1_amd64.deb ...
Unpacking libxtst-dev:amd64 (2:1.2.3-1) ...
Selecting previously unselected package libatspi2.0-dev:amd64.
Preparing to unpack .../118-libatspi2.0-dev_2.36.0-2_amd64.deb ...
Unpacking libatspi2.0-dev:amd64 (2.36.0-2) ...
Selecting previously unselected package libatk-bridge2.0-dev:amd64.
Preparing to unpack .../119-libatk-bridge2.0-dev_2.34.2-0ubuntu2~20.04.1_amd64.deb ...
Unpacking libatk-bridge2.0-dev:amd64 (2.34.2-0ubuntu2~20.04.1) ...
Selecting previously unselected package libatk1.0-dev:amd64.
Preparing to unpack .../120-libatk1.0-dev_2.35.1-1ubuntu2_amd64.deb ...
Unpacking libatk1.0-dev:amd64 (2.35.1-1ubuntu2) ...
Selecting previously unselected package liblzo2-2:amd64.
Preparing to unpack .../121-liblzo2-2_2.10-2_amd64.deb ...
Unpacking liblzo2-2:amd64 (2.10-2) ...
Selecting previously unselected package libcairo-script-interpreter2:amd64.
Preparing to unpack .../122-libcairo-script-interpreter2_1.16.0-4ubuntu1_amd64.deb ...
Unpacking libcairo-script-interpreter2:amd64 (1.16.0-4ubuntu1) ...
Selecting previously unselected package libpng-dev:amd64.
Preparing to unpack .../123-libpng-dev_1.6.37-2_amd64.deb ...
Unpacking libpng-dev:amd64 (1.6.37-2) ...
Selecting previously unselected package libfreetype-dev:amd64.
Preparing to unpack .../124-libfreetype-dev_2.10.1-2ubuntu0.1_amd64.deb ...
Unpacking libfreetype-dev:amd64 (2.10.1-2ubuntu0.1) ...
Selecting previously unselected package libfreetype6-dev:amd64.
Preparing to unpack .../125-libfreetype6-dev_2.10.1-2ubuntu0.1_amd64.deb ...
Unpacking libfreetype6-dev:amd64 (2.10.1-2ubuntu0.1) ...
Selecting previously unselected package libfontconfig1-dev:amd64.
Preparing to unpack .../126-libfontconfig1-dev_2.13.1-2ubuntu3_amd64.deb ...
Unpacking libfontconfig1-dev:amd64 (2.13.1-2ubuntu3) ...
Selecting previously unselected package libice6:amd64.
Preparing to unpack .../127-libice6_2%3a1.0.10-0ubuntu1_amd64.deb ...
Unpacking libice6:amd64 (2:1.0.10-0ubuntu1) ...
Selecting previously unselected package libsm6:amd64.
Preparing to unpack .../128-libsm6_2%3a1.2.3-1_amd64.deb ...
Unpacking libsm6:amd64 (2:1.2.3-1) ...
Selecting previously unselected package libice-dev:amd64.
Preparing to unpack .../129-libice-dev_2%3a1.0.10-0ubuntu1_amd64.deb ...
Unpacking libice-dev:amd64 (2:1.0.10-0ubuntu1) ...
Selecting previously unselected package libsm-dev:amd64.
Preparing to unpack .../130-libsm-dev_2%3a1.2.3-1_amd64.deb ...
Unpacking libsm-dev:amd64 (2:1.2.3-1) ...
Selecting previously unselected package libpixman-1-dev:amd64.
Preparing to unpack .../131-libpixman-1-dev_0.38.4-0ubuntu1_amd64.deb ...
Unpacking libpixman-1-dev:amd64 (0.38.4-0ubuntu1) ...
Selecting previously unselected package libxcb-render0-dev:amd64.
Preparing to unpack .../132-libxcb-render0-dev_1.14-2_amd64.deb ...
Unpacking libxcb-render0-dev:amd64 (1.14-2) ...
Selecting previously unselected package libxcb-shm0-dev:amd64.
Preparing to unpack .../133-libxcb-shm0-dev_1.14-2_amd64.deb ...
Unpacking libxcb-shm0-dev:amd64 (1.14-2) ...
Selecting previously unselected package libcairo2-dev:amd64.
Preparing to unpack .../134-libcairo2-dev_1.16.0-4ubuntu1_amd64.deb ...
Unpacking libcairo2-dev:amd64 (1.16.0-4ubuntu1) ...
Selecting previously unselected package libdatrie-dev:amd64.
Preparing to unpack .../135-libdatrie-dev_0.2.12-3_amd64.deb ...
Unpacking libdatrie-dev:amd64 (0.2.12-3) ...
Selecting previously unselected package libepoxy-dev:amd64.
Preparing to unpack .../136-libepoxy-dev_1.5.4-1_amd64.deb ...
Unpacking libepoxy-dev:amd64 (1.5.4-1) ...
Selecting previously unselected package libfribidi-dev:amd64.
Preparing to unpack .../137-libfribidi-dev_1.0.8-2ubuntu0.1_amd64.deb ...
Unpacking libfribidi-dev:amd64 (1.0.8-2ubuntu0.1) ...
Selecting previously unselected package libgdk-pixbuf2.0-bin.
Preparing to unpack .../138-libgdk-pixbuf2.0-bin_2.40.0+dfsg-3ubuntu0.2_amd64.deb ...
Unpacking libgdk-pixbuf2.0-bin (2.40.0+dfsg-3ubuntu0.2) ...
Selecting previously unselected package libgdk-pixbuf2.0-dev:amd64.
Preparing to unpack .../139-libgdk-pixbuf2.0-dev_2.40.0+dfsg-3ubuntu0.2_amd64.deb ...
Unpacking libgdk-pixbuf2.0-dev:amd64 (2.40.0+dfsg-3ubuntu0.2) ...
Selecting previously unselected package libgraphite2-dev:amd64.
Preparing to unpack .../140-libgraphite2-dev_1.3.13-11build1_amd64.deb ...
Unpacking libgraphite2-dev:amd64 (1.3.13-11build1) ...
Selecting previously unselected package libgtk-3-bin.
Preparing to unpack .../141-libgtk-3-bin_3.24.20-0ubuntu1.1_amd64.deb ...
Unpacking libgtk-3-bin (3.24.20-0ubuntu1.1) ...
Selecting previously unselected package libharfbuzz-icu0:amd64.
Preparing to unpack .../142-libharfbuzz-icu0_2.6.4-1ubuntu4_amd64.deb ...
Unpacking libharfbuzz-icu0:amd64 (2.6.4-1ubuntu4) ...
Selecting previously unselected package libharfbuzz-gobject0:amd64.
Preparing to unpack .../143-libharfbuzz-gobject0_2.6.4-1ubuntu4_amd64.deb ...
Unpacking libharfbuzz-gobject0:amd64 (2.6.4-1ubuntu4) ...
Selecting previously unselected package libicu-dev:amd64.
Preparing to unpack .../144-libicu-dev_66.1-2ubuntu2.1_amd64.deb ...
Unpacking libicu-dev:amd64 (66.1-2ubuntu2.1) ...
Selecting previously unselected package libharfbuzz-dev:amd64.
Preparing to unpack .../145-libharfbuzz-dev_2.6.4-1ubuntu4_amd64.deb ...
Unpacking libharfbuzz-dev:amd64 (2.6.4-1ubuntu4) ...
Selecting previously unselected package libthai-dev:amd64.
Preparing to unpack .../146-libthai-dev_0.1.28-3_amd64.deb ...
Unpacking libthai-dev:amd64 (0.1.28-3) ...
Selecting previously unselected package libxft-dev:amd64.
Preparing to unpack .../147-libxft-dev_2.3.3-0ubuntu1_amd64.deb ...
Unpacking libxft-dev:amd64 (2.3.3-0ubuntu1) ...
Selecting previously unselected package pango1.0-tools.
Preparing to unpack .../148-pango1.0-tools_1.44.7-2ubuntu4_amd64.deb ...
Unpacking pango1.0-tools (1.44.7-2ubuntu4) ...
Selecting previously unselected package libpango1.0-dev:amd64.
Preparing to unpack .../149-libpango1.0-dev_1.44.7-2ubuntu4_amd64.deb ...
Unpacking libpango1.0-dev:amd64 (1.44.7-2ubuntu4) ...
Selecting previously unselected package libxcomposite-dev:amd64.
Preparing to unpack .../150-libxcomposite-dev_1%3a0.4.5-1_amd64.deb ...
Unpacking libxcomposite-dev:amd64 (1:0.4.5-1) ...
Selecting previously unselected package libxcursor-dev:amd64.
Preparing to unpack .../151-libxcursor-dev_1%3a1.2.0-2_amd64.deb ...
Unpacking libxcursor-dev:amd64 (1:1.2.0-2) ...
Selecting previously unselected package libxdamage-dev:amd64.
Preparing to unpack .../152-libxdamage-dev_1%3a1.1.5-2_amd64.deb ...
Unpacking libxdamage-dev:amd64 (1:1.1.5-2) ...
Selecting previously unselected package x11proto-xinerama-dev.
Preparing to unpack .../153-x11proto-xinerama-dev_2019.2-1ubuntu1_all.deb ...
Unpacking x11proto-xinerama-dev (2019.2-1ubuntu1) ...
Selecting previously unselected package libxinerama-dev:amd64.
Preparing to unpack .../154-libxinerama-dev_2%3a1.1.4-2_amd64.deb ...
Unpacking libxinerama-dev:amd64 (2:1.1.4-2) ...
Selecting previously unselected package libxkbcommon-dev:amd64.
Preparing to unpack .../155-libxkbcommon-dev_0.10.0-1_amd64.deb ...
Unpacking libxkbcommon-dev:amd64 (0.10.0-1) ...
Selecting previously unselected package wayland-protocols.
Preparing to unpack .../156-wayland-protocols_1.20-1_all.deb ...
Unpacking wayland-protocols (1.20-1) ...
Selecting previously unselected package libgtk-3-dev:amd64.
Preparing to unpack .../157-libgtk-3-dev_3.24.20-0ubuntu1.1_amd64.deb ...
Unpacking libgtk-3-dev:amd64 (3.24.20-0ubuntu1.1) ...
Selecting previously unselected package libpng-tools.
Preparing to unpack .../158-libpng-tools_1.6.37-2_amd64.deb ...
Unpacking libpng-tools (1.6.37-2) ...
Setting up libpcrecpp0v5:amd64 (2:8.39-12ubuntu0.1) ...
Setting up libgraphite2-3:amd64 (1.3.13-11build1) ...
Setting up liblcms2-2:amd64 (2.9-4) ...
Setting up libpixman-1-0:amd64 (0.38.4-0ubuntu1) ...
Setting up systemd-sysv (245.4-4ubuntu3.17) ...
Setting up libproxy1v5:amd64 (0.4.15-10ubuntu1.2) ...
Setting up libpixman-1-dev:amd64 (0.38.4-0ubuntu1) ...
Setting up libxdamage1:amd64 (1:1.1.5-2) ...
Setting up libpcre16-3:amd64 (2:8.39-12ubuntu0.1) ...
Setting up hicolor-icon-theme (0.17-2) ...
Setting up libxi6:amd64 (2:1.7.10-0ubuntu1) ...
Setting up libdatrie1:amd64 (0.2.12-3) ...
Setting up xdg-user-dirs (0.17-2ubuntu1) ...
Setting up libxcb-render0:amd64 (1.14-2) ...
Setting up libglib2.0-0:amd64 (2.64.6-1~ubuntu20.04.4) ...
Setting up libxcursor1:amd64 (1:1.2.0-2) ...
Setting up libgdk-pixbuf2.0-common (2.40.0+dfsg-3ubuntu0.2) ...
Setting up x11-common (1:7.7+19ubuntu14) ...
debconf: unable to initialize frontend: Dialog
debconf: (Dialog frontend will not work on a dumb terminal, an emacs shell buffer, or without a controlling terminal.)
debconf: falling back to frontend: Readline
update-rc.d: warning: start and stop actions are no longer supported; falling back to defaults
invoke-rc.d: could not determine current runlevel
invoke-rc.d: policy-rc.d denied execution of start.
Setting up libsepol1-dev:amd64 (3.0-1ubuntu0.1) ...
Setting up libnss-systemd:amd64 (245.4-4ubuntu3.17) ...
First installation detected...
Checking NSS setup...
Setting up xkb-data (2.29-2) ...
Setting up liblzo2-2:amd64 (2.10-2) ...
Setting up libffi-dev:amd64 (3.3-4) ...
Setting up x11proto-xinerama-dev (2019.2-1ubuntu1) ...
Setting up libjbig0:amd64 (2.1-3.1build1) ...
Setting up libpcre2-16-0:amd64 (10.34-7) ...
Setting up libcolord2:amd64 (1.4.4-2) ...
Setting up libdconf1:amd64 (0.36.0-1) ...
Setting up libxfixes-dev:amd64 (1:5.0.3-2) ...
Setting up libxcb-shm0-dev:amd64 (1.14-2) ...
Setting up libgraphite2-dev:amd64 (1.3.13-11build1) ...
Setting up libpcre2-32-0:amd64 (10.34-7) ...
Setting up libglib2.0-data (2.64.6-1~ubuntu20.04.4) ...
Setting up libepoxy0:amd64 (1.5.4-1) ...
Setting up uuid-dev:amd64 (2.34-0.1ubuntu9.3) ...
Setting up libavahi-common-data:amd64 (0.7-4ubuntu7.1) ...
Setting up libdbus-1-3:amd64 (1.12.16-2ubuntu2.2) ...
Setting up dbus (1.12.16-2ubuntu2.2) ...
Setting up libfribidi0:amd64 (1.0.8-2ubuntu0.1) ...
Setting up shared-mime-info (1.15-1) ...
Setting up libxinerama1:amd64 (2:1.1.4-2) ...
Setting up libpng16-16:amd64 (1.6.37-2) ...
Setting up libpcre32-3:amd64 (2:8.39-12ubuntu0.1) ...
Setting up x11proto-input-dev (2019.2-1ubuntu1) ...
Setting up libwebp6:amd64 (0.6.1-2ubuntu0.20.04.1) ...
Setting up icu-devtools (66.1-2ubuntu2.1) ...
Setting up pkg-config (0.29.1-0ubuntu4) ...
Setting up fonts-dejavu-core (2.37-1) ...
Setting up libxinerama-dev:amd64 (2:1.1.4-2) ...
Setting up libxcb-render0-dev:amd64 (1.14-2) ...
Setting up libpcre2-posix2:amd64 (10.34-7) ...
Setting up libjpeg-turbo8:amd64 (2.0.3-0ubuntu1.20.04.1) ...
Setting up libatk1.0-data (2.35.1-1ubuntu2) ...
Setting up wayland-protocols (1.20-1) ...
Setting up libdatrie-dev:amd64 (0.2.12-3) ...
Setting up dmsetup (2:1.02.167-1ubuntu1) ...
Setting up libpam-systemd:amd64 (245.4-4ubuntu3.17) ...
debconf: unable to initialize frontend: Dialog
debconf: (Dialog frontend will not work on a dumb terminal, an emacs shell buffer, or without a controlling terminal.)
debconf: falling back to frontend: Readline
Setting up libthai-data (0.1.28-3) ...
Setting up libgirepository-1.0-1:amd64 (1.64.1-1~ubuntu20.04.1) ...
Setting up libjson-glib-1.0-common (1.4.4-2ubuntu2) ...
Setting up libatk1.0-0:amd64 (2.35.1-1ubuntu2) ...
Setting up x11proto-record-dev (2019.2-1ubuntu1) ...
Setting up glib-networking-common (2.64.2-1ubuntu0.1) ...
Setting up libxi-dev:amd64 (2:1.7.10-0ubuntu1) ...
Setting up libxcomposite1:amd64 (1:0.4.5-1) ...
Setting up libicu-dev:amd64 (66.1-2ubuntu2.1) ...
Setting up libxkbcommon0:amd64 (0.10.0-1) ...
Setting up libjpeg8:amd64 (8c-2ubuntu8) ...
Setting up libxdamage-dev:amd64 (1:1.1.5-2) ...
Setting up libglib2.0-dev-bin (2.64.6-1~ubuntu20.04.4) ...
Setting up glib-networking-services (2.64.2-1ubuntu0.1) ...
Setting up libblkid-dev:amd64 (2.34-0.1ubuntu9.3) ...
Setting up libice6:amd64 (2:1.0.10-0ubuntu1) ...
Setting up python3-dbus (1.2.16-1build1) ...
Setting up libpcre2-dev:amd64 (10.34-7) ...
Setting up libice-dev:amd64 (2:1.0.10-0ubuntu1) ...
Setting up libpng-tools (1.6.37-2) ...
Setting up libselinux1-dev:amd64 (3.0-1build2) ...
Setting up libpcre3-dev:amd64 (2:8.39-12ubuntu0.1) ...
Setting up libxcomposite-dev:amd64 (1:0.4.5-1) ...
Setting up fontconfig-config (2.13.1-2ubuntu3) ...
Setting up libxcursor-dev:amd64 (1:1.2.0-2) ...
Setting up libxtst6:amd64 (2:1.2.3-1) ...
Setting up libfribidi-dev:amd64 (1.0.8-2ubuntu0.1) ...
Setting up libxkbcommon-dev:amd64 (0.10.0-1) ...
Setting up libepoxy-dev:amd64 (1.5.4-1) ...
Setting up libpng-dev:amd64 (1.6.37-2) ...
Setting up libavahi-common3:amd64 (0.7-4ubuntu7.1) ...
Setting up libglib2.0-bin (2.64.6-1~ubuntu20.04.4) ...
Setting up libatspi2.0-0:amd64 (2.36.0-2) ...
Setting up libjson-glib-1.0-0:amd64 (1.4.4-2ubuntu2) ...
Setting up libatk-bridge2.0-0:amd64 (2.34.2-0ubuntu2~20.04.1) ...
Setting up libthai0:amd64 (0.1.28-3) ...
Setting up dbus-user-session (1.12.16-2ubuntu2.2) ...
Setting up libfreetype6:amd64 (2.10.1-2ubuntu0.1) ...
Setting up libdbus-1-dev:amd64 (1.12.16-2ubuntu2.2) ...
Setting up gir1.2-glib-2.0:amd64 (1.64.1-1~ubuntu20.04.1) ...
Setting up libthai-dev:amd64 (0.1.28-3) ...
Setting up at-spi2-core (2.36.0-2) ...
Setting up libharfbuzz0b:amd64 (2.6.4-1ubuntu4) ...
Setting up libtiff5:amd64 (4.1.0+git191117-2ubuntu0.20.04.3) ...
Setting up libfontconfig1:amd64 (2.13.1-2ubuntu3) ...
Setting up libsm6:amd64 (2:1.2.3-1) ...
Setting up libavahi-client3:amd64 (0.7-4ubuntu7.1) ...
Setting up libmount-dev:amd64 (2.34-0.1ubuntu9.3) ...
Setting up libxtst-dev:amd64 (2:1.2.3-1) ...
Setting up fontconfig (2.13.1-2ubuntu3) ...
Regenerating fonts cache... done.
Setting up libxft2:amd64 (2.3.3-0ubuntu1) ...
Setting up gir1.2-freedesktop:amd64 (1.64.1-1~ubuntu20.04.1) ...
Setting up libharfbuzz-icu0:amd64 (2.6.4-1ubuntu4) ...
Setting up gir1.2-atk-1.0:amd64 (2.35.1-1ubuntu2) ...
Setting up libsm-dev:amd64 (2:1.2.3-1) ...
Setting up libpango-1.0-0:amd64 (1.44.7-2ubuntu4) ...
Setting up dconf-service (0.36.0-1) ...
Setting up libharfbuzz-gobject0:amd64 (2.6.4-1ubuntu4) ...
Setting up gir1.2-atspi-2.0:amd64 (2.36.0-2) ...
Setting up gir1.2-harfbuzz-0.0:amd64 (2.6.4-1ubuntu4) ...
Setting up libcairo2:amd64 (1.16.0-4ubuntu1) ...
Setting up libfreetype-dev:amd64 (2.10.1-2ubuntu0.1) ...
Setting up libglib2.0-dev:amd64 (2.64.6-1~ubuntu20.04.4) ...
Setting up libgdk-pixbuf2.0-0:amd64 (2.40.0+dfsg-3ubuntu0.2) ...
Setting up python3-gi (3.36.0-1) ...
Setting up libcups2:amd64 (2.3.1-9ubuntu1.1) ...
Setting up libgdk-pixbuf2.0-bin (2.40.0+dfsg-3ubuntu0.2) ...
Setting up libcairo-gobject2:amd64 (1.16.0-4ubuntu1) ...
Setting up libpangoft2-1.0-0:amd64 (1.44.7-2ubuntu4) ...
Setting up libatk1.0-dev:amd64 (2.35.1-1ubuntu2) ...
Setting up libpangocairo-1.0-0:amd64 (1.44.7-2ubuntu4) ...
Setting up networkd-dispatcher (2.1-2~ubuntu20.04.3) ...
Created symlink /etc/systemd/system/multi-user.target.wants/networkd-dispatcher.service → /lib/systemd/system/networkd-dispatcher.service.
Setting up libcairo-script-interpreter2:amd64 (1.16.0-4ubuntu1) ...
Setting up libatspi2.0-dev:amd64 (2.36.0-2) ...
Setting up gtk-update-icon-cache (3.24.20-0ubuntu1.1) ...
Setting up libharfbuzz-dev:amd64 (2.6.4-1ubuntu4) ...
Setting up libpangoxft-1.0-0:amd64 (1.44.7-2ubuntu4) ...
Setting up dconf-gsettings-backend:amd64 (0.36.0-1) ...
Setting up gir1.2-gdkpixbuf-2.0:amd64 (2.40.0+dfsg-3ubuntu0.2) ...
Setting up pango1.0-tools (1.44.7-2ubuntu4) ...
Setting up libatk-bridge2.0-dev:amd64 (2.34.2-0ubuntu2~20.04.1) ...
Setting up libfreetype6-dev:amd64 (2.10.1-2ubuntu0.1) ...
Setting up libgdk-pixbuf2.0-dev:amd64 (2.40.0+dfsg-3ubuntu0.2) ...
Setting up librsvg2-2:amd64 (2.48.9-1ubuntu0.20.04.1) ...
Setting up gir1.2-pango-1.0:amd64 (1.44.7-2ubuntu4) ...
Setting up librsvg2-common:amd64 (2.48.9-1ubuntu0.20.04.1) ...
Setting up libgtk-3-common (3.24.20-0ubuntu1.1) ...
Setting up gsettings-desktop-schemas (3.36.0-1ubuntu1) ...
Setting up libfontconfig1-dev:amd64 (2.13.1-2ubuntu3) ...
Setting up libcairo2-dev:amd64 (1.16.0-4ubuntu1) ...
Setting up glib-networking:amd64 (2.64.2-1ubuntu0.1) ...
Setting up libxft-dev:amd64 (2.3.3-0ubuntu1) ...
Setting up libsoup2.4-1:amd64 (2.70.0-1) ...
Setting up libpango1.0-dev:amd64 (1.44.7-2ubuntu4) ...
Setting up libsoup-gnome2.4-1:amd64 (2.70.0-1) ...
Setting up librest-0.7-0:amd64 (0.8.1-1) ...
Setting up adwaita-icon-theme (3.36.1-2ubuntu0.20.04.2) ...
update-alternatives: using /usr/share/icons/Adwaita/cursor.theme to provide /usr/share/icons/default/index.theme (x-cursor-theme) in auto mode
Setting up libgtk-3-0:amd64 (3.24.20-0ubuntu1.1) ...
Setting up gir1.2-gtk-3.0:amd64 (3.24.20-0ubuntu1.1) ...
Setting up libgtk-3-bin (3.24.20-0ubuntu1.1) ...
Setting up humanity-icon-theme (0.6.15) ...
Setting up libgtk-3-dev:amd64 (3.24.20-0ubuntu1.1) ...
Setting up ubuntu-mono (19.04-0ubuntu3) ...
Processing triggers for systemd (245.4-4ubuntu3.17) ...
Processing triggers for libc-bin (2.31-0ubuntu9.1) ...
Processing triggers for libgdk-pixbuf2.0-0:amd64 (2.40.0+dfsg-3ubuntu0.2) ...
Note: Deploying release make=4.2.1...
Note: Deploying release pkg_config=0.29.1...
Note: Deploying release gtkada=21.0.0...
#=#=#                                                                         
##O#- #                                                                       
##=O#- #                                                                      
# #=O#- #                                                                     
 # #=O#-  #                                                                   
  # #=O=#   #                                                                 
   # -#O=#    #                                                               
    # -#O=-#   #                                                              
     # -#O=- #   #                                                            
      # -=#=- #     #                                                         
Note: Running post_fetch actions for gtkada=21.0.0...
checking build system type... x86_64-unknown-linux-gnu
checking host system type... x86_64-unknown-linux-gnu
checking target system type... x86_64-unknown-linux-gnu
checking for gcc... gcc
checking whether the C compiler works... yes
checking for C compiler default output file name... a.out
checking for suffix of executables... 
checking whether we are cross compiling... no
checking for suffix of object files... o
checking whether we are using the GNU C compiler... yes
checking whether gcc accepts -g... yes
checking for gcc option to accept ISO C89... none needed
checking for gprbuild... /usr/bin/gprbuild
checking for gprinstall... /usr/bin/gprinstall
checking that your gnat compiler works with a simple example... yes
checking whether NLS is requested... yes
checking for gettext in libc... yes
checking for pkg-config... /usr/bin/pkg-config
checking for GTK - version >= 3.14.0... yes
configure: creating ./config.status
config.status: creating Makefile
config.status: creating shared.gpr
config.status: creating po/Makefile
config.status: creating docs/gtkada_rm/html/static/index.html
configure: --------- Summary for Gtkada 18.0w -----------------
configure:   Shared libraries:       yes (default: static)
configure:   OpenGL:                 False
configure: --------------------------------------------
gnatprep -DGETTEXT_INTL=False -DHAVE_GETTEXT=True src/gtkada-intl.gpb src/gtkada-intl.adb
====== Building static libraries =====
/usr/bin/gprbuild  -j0 -m -p  -XLIBRARY_TYPE=static -Psrc/gtkada.gpr
Setup
   [mkdir]        object directory for project GtkAda
   [mkdir]        library directory for project GtkAda
Compile
   [Ada]          glib-properties-creation.adb
   [Ada]          gtk-dnd.adb
   [Ada]          gtkada-canvas_view-links.adb
   [Ada]          glib-generic_properties.adb
   [Ada]          glib-object.adb
   [Ada]          gtkada-bindings.adb
   [Ada]          gdk-dnd.adb
   [Ada]          gtkada-intl.adb
   [Ada]          glib-module.adb
   [Ada]          gdk-pixbuf.adb
   [Ada]          cairo-font_options.adb
   [Ada]          glib-graphs.adb
   [Ada]          gtk-handlers.adb
   [Ada]          cairo-pattern.ads
   [Ada]          glib-type_conversion_hooks.adb
   [Ada]          gtkada-types.adb
   [Ada]          gtkada-multiline_entry.adb
   [Ada]          gtkada-dialogs.adb
   [Ada]          gdk-property.adb
   [Ada]          gdk-threads.ads
   [Ada]          gdk-visual.adb
   [Ada]          gtkada-abstract_list_model.adb
   [Ada]          glib-main.adb
   [Ada]          gtk-arguments.adb
   [Ada]          glib-xml.adb
   [Ada]          glib-properties.adb
   [Ada]          gtkada.ads
   [Ada]          gtkada-canvas.adb
   [Ada]          glib-messages.adb
   [Ada]          pango-cairo.adb
   [Ada]          glib-values.adb
   [Ada]          gtkada-builder.adb
   [Ada]          gtkada-pixmaps.ads
   [Ada]          glib-graphs-layouts.adb
   [Ada]          gtkada-c.adb
   [Ada]          glib-types.adb
   [Ada]          gtkada-handlers.ads
   [Ada]          gdk-keyval.adb
   [Ada]          gdk-cairo.adb
   [Ada]          glib-unicode.adb
   [Ada]          gtkada-mdi.adb
   [Ada]          gtkada-file_selection.adb
   [Ada]          gdk-color.adb
   [Ada]          gtkada-canvas_view-astar.adb
   [Ada]          cairo-region.adb
   [Ada]          gtk-marshallers.adb
   [Ada]          gtk-text_child.adb
   [Ada]          gtkada-printing.adb
   [Ada]          gtk-bindings.adb
   [Ada]          gdk-input.ads
   [Ada]          glib-key_file.adb
   [Ada]          gdk-main.adb
   [Ada]          glib-error.adb
   [Ada]          gtkada-canvas_view-models.adb
   [Ada]          glib-gnodes.adb
   [Ada]          cairo.adb
   [Ada]          gtk-rc.adb
   [Ada]          glib-gslist.adb
   [Ada]          gtkada-abstract_tree_model.adb
   [Ada]          gdk-display_manager.adb
   [Ada]          gtkada-canvas_view.adb
   [Ada]          cairo-svg.adb
   [Ada]          gdk-types-keysyms.ads
   [Ada]          gtkada-style.adb
   [Ada]          fontconfig.adb
   [Ada]          gtk-type_conversion.adb
   [Ada]          gdk-rectangle.adb
   [Ada]          gtkada-multi_paned.adb
   [Ada]          cairo-image_surface.adb
   [Ada]          glib-glist.adb
   [Ada]          gtkada-application.adb
   [Ada]          gtkada-canvas_view-objects.adb
   [Ada]          glib-convert.adb
   [Ada]          cairo-font_face.ads
   [Ada]          pango.ads
   [Ada]          cairo-scaled_font.ads
   [Ada]          glib-enums.ads
   [Ada]          gdk.ads
   [Ada]          gdk-window_attr.adb
   [Ada]          gtk.ads
   [Ada]          gdk-types.ads
   [Ada]          gtkada-canvas_view-models-layers.adb
   [Ada]          cairo-png.adb
   [Ada]          glib-xml_int.ads
   [Ada]          cairo-pdf.adb
   [Ada]          cairo-surface.adb
   [Ada]          gtkada-canvas_view-rtrees.adb
   [Ada]          gtk-tree_model-utils.adb
   [Ada]          cairo-matrix.ads
   [Ada]          gtkada-canvas_view-views.adb
   [Ada]          glib.adb
   [Ada]          gtk-scale_button.adb
   [Ada]          gtk-about_dialog.adb
   [Ada]          gtk-check_menu_item.adb
   [Ada]          gtk-gesture_zoom.adb
   [Ada]          gtk-orientable.adb
   [Ada]          gtk-cell_layout.adb
   [Ada]          glib-application.adb
   [Ada]          gtk-gesture_rotate.adb
   [Ada]          gtk-tool_shell.adb
   [Ada]          glib-menu.adb
   [Ada]          gdk-frame_timings.adb
   [Ada]          gdk-rgba.adb
   [Ada]          gtk-recent_manager.adb
   [Ada]          gtk-file_filter.adb
   [Ada]          glib-action_map.adb
   [Ada]          gtk-menu_bar.adb
   [Ada]          gtk-hbutton_box.adb
   [Ada]          gtk-theming_engine.adb
   [Ada]          pango-language.adb
   [Ada]          gtk-combo_box.adb
   [Ada]          gtk-scrollbar.adb
   [Ada]          gtk-radio_tool_button.adb
   [Ada]          gtk-image_menu_item.adb
   [Ada]          gtk-cell_area.adb
   [Ada]          gtk-settings.adb
   [Ada]          gtk-cell_renderer_accel.adb
   [Ada]          gdk-device.adb
   [Ada]          gtk-button_box.adb
   [Ada]          gtk-cell_renderer.adb
   [Ada]          gtk-binding_set.adb
   [Ada]          gtk-radio_menu_item.adb
   [Ada]          gtk-expander.adb
   [Ada]          gtk-style.adb
   [Ada]          gtk-separator_tool_item.adb
   [Ada]          gtk-font_selection_dialog.adb
   [Ada]          gtk-gesture_swipe.adb
   [Ada]          gtk-paper_size.adb
   [Ada]          gtk-volume_button.adb
   [Ada]          gtk-tearoff_menu_item.adb
   [Ada]          gtk-tree_drag_dest.adb
   [Ada]          gtk-editable.adb
   [Ada]          gtk-enums.adb
   [Ada]          gdk-frame_clock.adb
   [Ada]          gtk-icon_factory.adb
   [Ada]          gtk-toggle_button.adb
   [Ada]          gtk-accel_label.adb
   [Ada]          gtk-gesture_multi_press.adb
   [Ada]          gtk-info_bar.adb
   [Ada]          gtk-search_bar.adb
   [Ada]          gtk-icon_source.adb
   [Ada]          gtk-toggle_tool_button.adb
   [Ada]          gtk-clipboard.adb
   [Ada]          gtk-text_iter.adb
   [Ada]          gtk-container.adb
   [Ada]          gtk-css_provider.adb
   [Ada]          gtk-tree_sortable.adb
   [Ada]          gtk-activatable.adb
   [Ada]          gtk-popover.adb
   [Ada]          gtk-symbolic_color.adb
   [Ada]          gtk-cell_renderer_pixbuf.adb
   [Ada]          gtk-revealer.adb
   [Ada]          glib-action.adb
   [Ada]          gtk-file_chooser_button.adb
   [Ada]          gtk-color_chooser_widget.adb
   [Ada]          gdk-drag_contexts.adb
   [Ada]          gtk-list_box_row.adb
   [Ada]          gtk-spinner.adb
   [Ada]          gtk-tooltip.adb
   [Ada]          gtk-text_buffer.adb
   [Ada]          gtk-tree_row_reference.adb
   [Ada]          gtk-tree_view.adb
   [Ada]          gtk-status_icon.adb
   [Ada]          gtk-switch.adb
   [Ada]          gtk-box.adb
   [Ada]          gtk-font_chooser_dialog.adb
   [Ada]          gtk-tree_drag_source.adb
   [Ada]          gtk-menu.adb
   [Ada]          gtk-cell_renderer_text.adb
   [Ada]          gtk-widget.adb
   [Ada]          gtk-tool_palette.adb
   [Ada]          gtk-gesture_drag.adb
   [Ada]          gtk-color_chooser_dialog.adb
   [Ada]          gtk-tree_view_column.adb
   [Ada]          gtk-tool_item.adb
   [Ada]          gtk-entry_completion.adb
   [Ada]          gtk-cell_editable.adb
   [Ada]          gtk-icon_view.adb
   [Ada]          gdk-display.adb
   [Ada]          gtk-status_bar.adb
   [Ada]          gtk-im_multi_context.adb
   [Ada]          gtk-page_setup.adb
   [Ada]          gtk-action.adb
   [Ada]          gtk-flow_box.adb
   [Ada]          gtk-buildable.adb
   [Ada]          gtk-grid.adb
   [Ada]          glib-string.adb
   [Ada]          gtk-bin.adb
   [Ada]          gtk-menu_item.adb
   [Ada]          gtk-check_button.adb
   [Ada]          gtk-gesture_pan.adb
   [Ada]          gtk-progress_bar.adb
   [Ada]          gtk-recent_chooser_widget.adb
   [Ada]          glib-spawn.adb
   [Ada]          gtk-button.adb
   [Ada]          gtk-color_button.adb
   [Ada]          gtk-separator_menu_item.adb
   [Ada]          pango-fontset.adb
   [Ada]          gtk-handle_box.adb
   [Ada]          gtk-action_bar.adb
   [Ada]          pango-font.adb
   [Ada]          gtk-tree_store.adb
   [Ada]          gtk-color_selection.adb
   [Ada]          pango-font_family.adb
   [Ada]          gtk-tool_item_group.adb
   [Ada]          gtk-main.adb
   [Ada]          gtk-separator.adb
   [Ada]          gtk-header_bar.adb
   [Ada]          gtk-recent_info.adb
   [Ada]          pango-font_map.adb
   [Ada]          gtk-icon_theme.adb
   [Ada]          pango-font_metrics.adb
   [Ada]          gtk-spin_button.adb
   [Ada]          gtk-text_tag_table.adb
   [Ada]          gtk-recent_action.adb
   [Ada]          gtk-stack_switcher.adb
   [Ada]          gtk-toggle_action.adb
   [Ada]          gtk-application.adb
   [Ada]          gtk-image.adb
   [Ada]          gtk-window.adb
   [Ada]          gtk-notebook.adb
   [Ada]          gtk-print_operation_preview.adb
   [Ada]          gtk-color_selection_dialog.adb
   [Ada]          gtk-drawing_area.adb
   [Ada]          gtk-aspect_frame.adb
   [Ada]          glib-cancellable.adb
   [Ada]          gtk-offscreen_window.adb
   [Ada]          gtk-menu_button.adb
   [Ada]          gtk-gesture_single.adb
   [Ada]          gtk-menu_shell.adb
   [Ada]          gtk-radio_action.adb
   [Ada]          gtk-actionable.adb
   [Ada]          pango-font_face.adb
   [Ada]          gtk-combo_box_text.adb
   [Ada]          gtk-text_child_anchor.adb
   [Ada]          gtk-recent_chooser.adb
   [Ada]          gtk-recent_chooser_dialog.adb
   [Ada]          pango-coverage.adb
   [Ada]          gtk-hsv.adb
   [Ada]          gtk-recent_chooser_menu.adb
   [Ada]          glib-simple_action_group.adb
   [Ada]          gdk-device_manager.adb
   [Ada]          gtk-level_bar.adb
   [Ada]          gtk-vbutton_box.adb
   [Ada]          glib-poll.adb
   [Ada]          gtk-im_context.adb
   [Ada]          gtk-gradient.adb
   [Ada]          gtk-adjustment.adb
   [Ada]          gtk-arrow.adb
   [Ada]          gdk-event.adb
   [Ada]          gtk-style_context.adb
   [Ada]          gtk-tree_model_filter.adb
   [Ada]          gtk-action_group.adb
   [Ada]          gtk-invisible.adb
   [Ada]          gtk-dialog.adb
   [Ada]          gtk-cell_renderer_combo.adb
   [Ada]          gtk-label.adb
   [Ada]          gtk-stock.adb
   [Ada]          glib-g_icon.adb
   [Ada]          gtk-stack.adb
   [Ada]          gtk-cell_area_context.adb
   [Ada]          gtk-scrolled_window.adb
   [Ada]          gtk-tool_button.adb
   [Ada]          gtk-scale.adb
   [Ada]          gtk-paned.adb
   [Ada]          glib-variant.adb
   [Ada]          gtk-accel_map.adb
   [Ada]          gtk-message_dialog.adb
   [Ada]          pango-enums.adb
   [Ada]          gtk-link_button.adb
   [Ada]          gtk-event_box.adb
   [Ada]          gtk-cell_renderer_progress.adb
   [Ada]          gtk-css_section.adb
   [Ada]          glib-option.adb
   [Ada]          gtk-selection_data.adb
   [Ada]          gtk-text_attributes.adb
   [Ada]          gtk-misc.adb
   [Ada]          glib-iochannel.adb
   [Ada]          gtk-cell_area_box.adb
   [Ada]          gtk-flow_box_child.adb
   [Ada]          gtk-fixed.adb
   [Ada]          gtk-menu_tool_button.adb
   [Ada]          gtk-print_operation.adb
   [Ada]          gtk-font_chooser_widget.adb
   [Ada]          gtk-target_list.adb
   [Ada]          glib-utils.adb
   [Ada]          gtk-print_settings.adb
   [Ada]          glib-menu_model.adb
   [Ada]          glib-notification.adb
   [Ada]          gtk-print_context.adb
   [Ada]          gtk-toolbar.adb
   [Ada]          gtk-list_box.adb
   [Ada]          gtk-event_controller.adb
   [Ada]          gtk-color_chooser.adb
   [Ada]          gtk-cell_renderer_spin.adb
   [Ada]          gtk-font_chooser.adb
   [Ada]          gtk-assistant.adb
   [Ada]          pango-matrix.adb
   [Ada]          gtk-ui_manager.adb
   [Ada]          glib-simple_action.adb
   [Ada]          gtk-frame.adb
   [Ada]          gtk-size_group.adb
   [Ada]          gtk-calendar.adb
   [Ada]          gtk-accel_group.adb
   [Ada]          gdk-cursor.adb
   [Ada]          gtk-gesture_long_press.adb
   [Ada]          gtk-viewport.adb
   [Ada]          gtk-entry_buffer.adb
   [Ada]          gtk-font_selection.adb
   [Ada]          gtk-icon_set.adb
   [Ada]          gtk-cell_view.adb
   [Ada]          gtk-gentry.adb
   [Ada]          gdk-screen.adb
   [Ada]          gtk-overlay.adb
   [Ada]          gdk-window.adb
   [Ada]          gtk-file_chooser_widget.adb
   [Ada]          gtk-tree_model_sort.adb
   [Ada]          pango-context.adb
   [Ada]          pango-attributes.adb
   [Ada]          gtk-text_tag.adb
   [Ada]          gtk-text_view.adb
   [Ada]          gtk-recent_filter.adb
   [Ada]          glib-action_group.adb
   [Ada]          gtk-cell_renderer_spinner.adb
   [Ada]          gtk-table.adb
   [Ada]          gtk-tree_selection.adb
   [Ada]          pango-layout.adb
   [Ada]          gtk-im_context_simple.adb
   [Ada]          gtk-grange.adb
   [Ada]          gtk-list_store.adb
   [Ada]          gtk-style_properties.adb
   [Ada]          gtk-scrollable.adb
   [Ada]          gtk-file_chooser.adb
   [Ada]          gtk-font_button.adb
   [Ada]          gtk-application_window.adb
   [Ada]          gtk-layout.adb
   [Ada]          gtk-alignment.adb
   [Ada]          gtk-target_entry.adb
   [Ada]          gtk-style_provider.adb
   [Ada]          gtk-text_mark.adb
   [Ada]          gtk-radio_button.adb
   [Ada]          gtk-gesture.adb
   [Ada]          gtk-tree_model.adb
   [Ada]          gtk-builder.adb
   [Ada]          gtk-cell_renderer_toggle.adb
   [Ada]          gtk-search_entry.adb
   [Ada]          gtk-file_chooser_dialog.adb
   [Ada]          pango-tabs.adb
   [C]            misc_generated.c
   [C]            misc.c
Build Libraries
   [gprlib]       gtkada.lexch
   [archive]      libgtkada.a
   [index]        libgtkada.a
====== Building static-pic libraries =====
/usr/bin/gprbuild  -j0 -m -p  -XLIBRARY_TYPE=static-pic -Psrc/gtkada.gpr
Setup
   [mkdir]        object directory for project GtkAda
   [mkdir]        library directory for project GtkAda
Compile
   [Ada]          glib-properties-creation.adb
   [Ada]          gtk-dnd.adb
   [Ada]          gtkada-canvas_view-links.adb
   [Ada]          glib-generic_properties.adb
   [Ada]          glib-object.adb
   [Ada]          gtkada-bindings.adb
   [Ada]          gdk-dnd.adb
   [Ada]          gtkada-intl.adb
   [Ada]          glib-module.adb
   [Ada]          gdk-pixbuf.adb
   [Ada]          cairo-font_options.adb
   [Ada]          glib-graphs.adb
   [Ada]          gtk-handlers.adb
   [Ada]          cairo-pattern.ads
   [Ada]          glib-type_conversion_hooks.adb
   [Ada]          gtkada-types.adb
   [Ada]          gtkada-multiline_entry.adb
   [Ada]          gtkada-dialogs.adb
   [Ada]          gdk-property.adb
   [Ada]          gdk-threads.ads
   [Ada]          gdk-visual.adb
   [Ada]          gtkada-abstract_list_model.adb
   [Ada]          glib-main.adb
   [Ada]          gtk-arguments.adb
   [Ada]          glib-xml.adb
   [Ada]          glib-properties.adb
   [Ada]          gtkada.ads
   [Ada]          gtkada-canvas.adb
   [Ada]          glib-messages.adb
   [Ada]          pango-cairo.adb
   [Ada]          glib-values.adb
   [Ada]          gtkada-builder.adb
   [Ada]          gtkada-pixmaps.ads
   [Ada]          glib-graphs-layouts.adb
   [Ada]          gtkada-c.adb
   [Ada]          glib-types.adb
   [Ada]          gtkada-handlers.ads
   [Ada]          gdk-keyval.adb
   [Ada]          gdk-cairo.adb
   [Ada]          glib-unicode.adb
   [Ada]          gtkada-mdi.adb
   [Ada]          gtkada-file_selection.adb
   [Ada]          gdk-color.adb
   [Ada]          gtkada-canvas_view-astar.adb
   [Ada]          cairo-region.adb
   [Ada]          gtk-marshallers.adb
   [Ada]          gtk-text_child.adb
   [Ada]          gtkada-printing.adb
   [Ada]          gtk-bindings.adb
   [Ada]          gdk-input.ads
   [Ada]          glib-key_file.adb
   [Ada]          gdk-main.adb
   [Ada]          glib-error.adb
   [Ada]          gtkada-canvas_view-models.adb
   [Ada]          glib-gnodes.adb
   [Ada]          cairo.adb
   [Ada]          gtk-rc.adb
   [Ada]          glib-gslist.adb
   [Ada]          gtkada-abstract_tree_model.adb
   [Ada]          gdk-display_manager.adb
   [Ada]          gtkada-canvas_view.adb
   [Ada]          cairo-svg.adb
   [Ada]          gdk-types-keysyms.ads
   [Ada]          gtkada-style.adb
   [Ada]          fontconfig.adb
   [Ada]          gtk-type_conversion.adb
   [Ada]          gdk-rectangle.adb
   [Ada]          gtkada-multi_paned.adb
   [Ada]          cairo-image_surface.adb
   [Ada]          glib-glist.adb
   [Ada]          gtkada-application.adb
   [Ada]          gtkada-canvas_view-objects.adb
   [Ada]          glib-convert.adb
   [Ada]          cairo-font_face.ads
   [Ada]          pango.ads
   [Ada]          cairo-scaled_font.ads
   [Ada]          glib-enums.ads
   [Ada]          gdk.ads
   [Ada]          gdk-window_attr.adb
   [Ada]          gtk.ads
   [Ada]          gdk-types.ads
   [Ada]          gtkada-canvas_view-models-layers.adb
   [Ada]          cairo-png.adb
   [Ada]          glib-xml_int.ads
   [Ada]          cairo-pdf.adb
   [Ada]          cairo-surface.adb
   [Ada]          gtkada-canvas_view-rtrees.adb
   [Ada]          gtk-tree_model-utils.adb
   [Ada]          cairo-matrix.ads
   [Ada]          gtkada-canvas_view-views.adb
   [Ada]          glib.adb
   [Ada]          gtk-scale_button.adb
   [Ada]          gtk-about_dialog.adb
   [Ada]          gtk-check_menu_item.adb
   [Ada]          gtk-gesture_zoom.adb
   [Ada]          gtk-orientable.adb
   [Ada]          gtk-cell_layout.adb
   [Ada]          glib-application.adb
   [Ada]          gtk-gesture_rotate.adb
   [Ada]          gtk-tool_shell.adb
   [Ada]          glib-menu.adb
   [Ada]          gdk-frame_timings.adb
   [Ada]          gdk-rgba.adb
   [Ada]          gtk-recent_manager.adb
   [Ada]          gtk-file_filter.adb
   [Ada]          glib-action_map.adb
   [Ada]          gtk-menu_bar.adb
   [Ada]          gtk-hbutton_box.adb
   [Ada]          gtk-theming_engine.adb
   [Ada]          pango-language.adb
   [Ada]          gtk-combo_box.adb
   [Ada]          gtk-scrollbar.adb
   [Ada]          gtk-radio_tool_button.adb
   [Ada]          gtk-image_menu_item.adb
   [Ada]          gtk-cell_area.adb
   [Ada]          gtk-settings.adb
   [Ada]          gtk-cell_renderer_accel.adb
   [Ada]          gdk-device.adb
   [Ada]          gtk-button_box.adb
   [Ada]          gtk-cell_renderer.adb
   [Ada]          gtk-binding_set.adb
   [Ada]          gtk-radio_menu_item.adb
   [Ada]          gtk-expander.adb
   [Ada]          gtk-style.adb
   [Ada]          gtk-separator_tool_item.adb
   [Ada]          gtk-font_selection_dialog.adb
   [Ada]          gtk-gesture_swipe.adb
   [Ada]          gtk-paper_size.adb
   [Ada]          gtk-volume_button.adb
   [Ada]          gtk-tearoff_menu_item.adb
   [Ada]          gtk-tree_drag_dest.adb
   [Ada]          gtk-editable.adb
   [Ada]          gtk-enums.adb
   [Ada]          gdk-frame_clock.adb
   [Ada]          gtk-icon_factory.adb
   [Ada]          gtk-toggle_button.adb
   [Ada]          gtk-accel_label.adb
   [Ada]          gtk-gesture_multi_press.adb
   [Ada]          gtk-info_bar.adb
   [Ada]          gtk-search_bar.adb
   [Ada]          gtk-icon_source.adb
   [Ada]          gtk-toggle_tool_button.adb
   [Ada]          gtk-clipboard.adb
   [Ada]          gtk-text_iter.adb
   [Ada]          gtk-container.adb
   [Ada]          gtk-css_provider.adb
   [Ada]          gtk-tree_sortable.adb
   [Ada]          gtk-activatable.adb
   [Ada]          gtk-popover.adb
   [Ada]          gtk-symbolic_color.adb
   [Ada]          gtk-cell_renderer_pixbuf.adb
   [Ada]          gtk-revealer.adb
   [Ada]          glib-action.adb
   [Ada]          gtk-file_chooser_button.adb
   [Ada]          gtk-color_chooser_widget.adb
   [Ada]          gdk-drag_contexts.adb
   [Ada]          gtk-list_box_row.adb
   [Ada]          gtk-spinner.adb
   [Ada]          gtk-tooltip.adb
   [Ada]          gtk-text_buffer.adb
   [Ada]          gtk-tree_row_reference.adb
   [Ada]          gtk-tree_view.adb
   [Ada]          gtk-status_icon.adb
   [Ada]          gtk-switch.adb
   [Ada]          gtk-box.adb
   [Ada]          gtk-font_chooser_dialog.adb
   [Ada]          gtk-tree_drag_source.adb
   [Ada]          gtk-menu.adb
   [Ada]          gtk-cell_renderer_text.adb
   [Ada]          gtk-widget.adb
   [Ada]          gtk-tool_palette.adb
   [Ada]          gtk-gesture_drag.adb
   [Ada]          gtk-color_chooser_dialog.adb
   [Ada]          gtk-tree_view_column.adb
   [Ada]          gtk-tool_item.adb
   [Ada]          gtk-entry_completion.adb
   [Ada]          gtk-cell_editable.adb
   [Ada]          gtk-icon_view.adb
   [Ada]          gdk-display.adb
   [Ada]          gtk-status_bar.adb
   [Ada]          gtk-im_multi_context.adb
   [Ada]          gtk-page_setup.adb
   [Ada]          gtk-action.adb
   [Ada]          gtk-flow_box.adb
   [Ada]          gtk-buildable.adb
   [Ada]          gtk-grid.adb
   [Ada]          glib-string.adb
   [Ada]          gtk-bin.adb
   [Ada]          gtk-menu_item.adb
   [Ada]          gtk-check_button.adb
   [Ada]          gtk-gesture_pan.adb
   [Ada]          gtk-progress_bar.adb
   [Ada]          gtk-recent_chooser_widget.adb
   [Ada]          glib-spawn.adb
   [Ada]          gtk-button.adb
   [Ada]          gtk-color_button.adb
   [Ada]          gtk-separator_menu_item.adb
   [Ada]          pango-fontset.adb
   [Ada]          gtk-handle_box.adb
   [Ada]          gtk-action_bar.adb
   [Ada]          pango-font.adb
   [Ada]          gtk-tree_store.adb
   [Ada]          gtk-color_selection.adb
   [Ada]          pango-font_family.adb
   [Ada]          gtk-tool_item_group.adb
   [Ada]          gtk-main.adb
   [Ada]          gtk-separator.adb
   [Ada]          gtk-header_bar.adb
   [Ada]          gtk-recent_info.adb
   [Ada]          pango-font_map.adb
   [Ada]          gtk-icon_theme.adb
   [Ada]          pango-font_metrics.adb
   [Ada]          gtk-spin_button.adb
   [Ada]          gtk-text_tag_table.adb
   [Ada]          gtk-recent_action.adb
   [Ada]          gtk-stack_switcher.adb
   [Ada]          gtk-toggle_action.adb
   [Ada]          gtk-application.adb
   [Ada]          gtk-image.adb
   [Ada]          gtk-window.adb
   [Ada]          gtk-notebook.adb
   [Ada]          gtk-print_operation_preview.adb
   [Ada]          gtk-color_selection_dialog.adb
   [Ada]          gtk-drawing_area.adb
   [Ada]          gtk-aspect_frame.adb
   [Ada]          glib-cancellable.adb
   [Ada]          gtk-offscreen_window.adb
   [Ada]          gtk-menu_button.adb
   [Ada]          gtk-gesture_single.adb
   [Ada]          gtk-menu_shell.adb
   [Ada]          gtk-radio_action.adb
   [Ada]          gtk-actionable.adb
   [Ada]          pango-font_face.adb
   [Ada]          gtk-combo_box_text.adb
   [Ada]          gtk-text_child_anchor.adb
   [Ada]          gtk-recent_chooser.adb
   [Ada]          gtk-recent_chooser_dialog.adb
   [Ada]          pango-coverage.adb
   [Ada]          gtk-hsv.adb
   [Ada]          gtk-recent_chooser_menu.adb
   [Ada]          glib-simple_action_group.adb
   [Ada]          gdk-device_manager.adb
   [Ada]          gtk-level_bar.adb
   [Ada]          gtk-vbutton_box.adb
   [Ada]          glib-poll.adb
   [Ada]          gtk-im_context.adb
   [Ada]          gtk-gradient.adb
   [Ada]          gtk-adjustment.adb
   [Ada]          gtk-arrow.adb
   [Ada]          gdk-event.adb
   [Ada]          gtk-style_context.adb
   [Ada]          gtk-tree_model_filter.adb
   [Ada]          gtk-action_group.adb
   [Ada]          gtk-invisible.adb
   [Ada]          gtk-dialog.adb
   [Ada]          gtk-cell_renderer_combo.adb
   [Ada]          gtk-label.adb
   [Ada]          gtk-stock.adb
   [Ada]          glib-g_icon.adb
   [Ada]          gtk-stack.adb
   [Ada]          gtk-cell_area_context.adb
   [Ada]          gtk-scrolled_window.adb
   [Ada]          gtk-tool_button.adb
   [Ada]          gtk-scale.adb
   [Ada]          gtk-paned.adb
   [Ada]          glib-variant.adb
   [Ada]          gtk-accel_map.adb
   [Ada]          gtk-message_dialog.adb
   [Ada]          pango-enums.adb
   [Ada]          gtk-link_button.adb
   [Ada]          gtk-event_box.adb
   [Ada]          gtk-cell_renderer_progress.adb
   [Ada]          gtk-css_section.adb
   [Ada]          glib-option.adb
   [Ada]          gtk-selection_data.adb
   [Ada]          gtk-text_attributes.adb
   [Ada]          gtk-misc.adb
   [Ada]          glib-iochannel.adb
   [Ada]          gtk-cell_area_box.adb
   [Ada]          gtk-flow_box_child.adb
   [Ada]          gtk-fixed.adb
   [Ada]          gtk-menu_tool_button.adb
   [Ada]          gtk-print_operation.adb
   [Ada]          gtk-font_chooser_widget.adb
   [Ada]          gtk-target_list.adb
   [Ada]          glib-utils.adb
   [Ada]          gtk-print_settings.adb
   [Ada]          glib-menu_model.adb
   [Ada]          glib-notification.adb
   [Ada]          gtk-print_context.adb
   [Ada]          gtk-toolbar.adb
   [Ada]          gtk-list_box.adb
   [Ada]          gtk-event_controller.adb
   [Ada]          gtk-color_chooser.adb
   [Ada]          gtk-cell_renderer_spin.adb
   [Ada]          gtk-font_chooser.adb
   [Ada]          gtk-assistant.adb
   [Ada]          pango-matrix.adb
   [Ada]          gtk-ui_manager.adb
   [Ada]          glib-simple_action.adb
   [Ada]          gtk-frame.adb
   [Ada]          gtk-size_group.adb
   [Ada]          gtk-calendar.adb
   [Ada]          gtk-accel_group.adb
   [Ada]          gdk-cursor.adb
   [Ada]          gtk-gesture_long_press.adb
   [Ada]          gtk-viewport.adb
   [Ada]          gtk-entry_buffer.adb
   [Ada]          gtk-font_selection.adb
   [Ada]          gtk-icon_set.adb
   [Ada]          gtk-cell_view.adb
   [Ada]          gtk-gentry.adb
   [Ada]          gdk-screen.adb
   [Ada]          gtk-overlay.adb
   [Ada]          gdk-window.adb
   [Ada]          gtk-file_chooser_widget.adb
   [Ada]          gtk-tree_model_sort.adb
   [Ada]          pango-context.adb
   [Ada]          pango-attributes.adb
   [Ada]          gtk-text_tag.adb
   [Ada]          gtk-text_view.adb
   [Ada]          gtk-recent_filter.adb
   [Ada]          glib-action_group.adb
   [Ada]          gtk-cell_renderer_spinner.adb
   [Ada]          gtk-table.adb
   [Ada]          gtk-tree_selection.adb
   [Ada]          pango-layout.adb
   [Ada]          gtk-im_context_simple.adb
   [Ada]          gtk-grange.adb
   [Ada]          gtk-list_store.adb
   [Ada]          gtk-style_properties.adb
   [Ada]          gtk-scrollable.adb
   [Ada]          gtk-file_chooser.adb
   [Ada]          gtk-font_button.adb
   [Ada]          gtk-application_window.adb
   [Ada]          gtk-layout.adb
   [Ada]          gtk-alignment.adb
   [Ada]          gtk-target_entry.adb
   [Ada]          gtk-style_provider.adb
   [Ada]          gtk-text_mark.adb
   [Ada]          gtk-radio_button.adb
   [Ada]          gtk-gesture.adb
   [Ada]          gtk-tree_model.adb
   [Ada]          gtk-builder.adb
   [Ada]          gtk-cell_renderer_toggle.adb
   [Ada]          gtk-search_entry.adb
   [Ada]          gtk-file_chooser_dialog.adb
   [Ada]          pango-tabs.adb
   [C]            misc_generated.c
   [C]            misc.c
Build Libraries
   [gprlib]       gtkada.lexch
   [archive]      libgtkada.a
   [index]        libgtkada.a
====== Building relocatable libraries =====
/usr/bin/gprbuild  -j0 -m -p  -XLIBRARY_TYPE=relocatable -Psrc/gtkada.gpr
Build Libraries
   [gprlib]       gtkada.lexch
   [link library] libgtkada.so
====== Building tools =====
/usr/bin/gprbuild  -j0 -m -p  -XLIBRARY_TYPE=static -Psrc/tools/tools.gpr
Setup
   [mkdir]        object directory for project Tools
Compile
   [Ada]          gdialog.adb
Bind
   [gprbind]      gdialog.bexch
   [Ada]          gdialog.ali
Link
   [link]         gdialog.adb
gnatprep -r -c -DHAVE_GL=False -DWIN32=False testgtk/opengl/view_gl.gpb testgtk/opengl/view_gl.adb
====== Building tests =====
cd testgtk; /usr/bin/gprbuild  -j0 -m -p  -XLIBRARY_TYPE=static -Ptestgtk.gpr -aP ../src
Setup
   [mkdir]        object directory for project GtkAda_GL
   [mkdir]        library directory for project GtkAda_GL
Compile
   [Ada]          testgtk.adb
   [Ada]          test_rtree.adb
   [Ada]          gtk-glarea.ads
   [Ada]          global_exception_handler.adb
   [Ada]          main_windows.adb
   [Ada]          common.adb
   [Ada]          create_about.adb
   [Ada]          create_alignment.adb
   [Ada]          create_application.adb
   [Ada]          create_arrow.adb
   [Ada]          create_assistant.adb
   [Ada]          create_box.adb
   [Ada]          create_builder.adb
   [Ada]          create_button_box.adb
   [Ada]          create_buttons.adb
   [Ada]          create_cairo.adb
   [Ada]          create_calendar.adb
   [Ada]          create_canvas.adb
   [Ada]          create_canvas_view_animate.adb
   [Ada]          create_canvas_view_composite.adb
   [Ada]          create_canvas_view_edit.adb
   [Ada]          create_canvas_view_events.adb
   [Ada]          create_canvas_view_items.adb
   [Ada]          create_canvas_view_links.adb
   [Ada]          create_canvas_view_minimap.adb
   [Ada]          create_canvas_view_routes.adb
   [Ada]          create_canvas_view_rtrees.adb
   [Ada]          create_cell_view.adb
   [Ada]          create_check_buttons.adb
   [Ada]          create_clipboard.adb
   [Ada]          create_color_chooser.adb
   [Ada]          create_color_selection.adb
   [Ada]          create_combo_box.adb
   [Ada]          create_css_accordion.adb
   [Ada]          create_css_editor.adb
   [Ada]          create_cursors.adb
   [Ada]          create_dialog.adb
   [Ada]          create_dnd.adb
   [Ada]          create_entry.adb
   [Ada]          create_file_chooser.adb
   [Ada]          create_file_selection.adb
   [Ada]          create_fixed.adb
   [Ada]          create_flow_box.adb
   [Ada]          create_font_chooser.adb
   [Ada]          create_font_selection.adb
   [Ada]          create_frame.adb
   [Ada]          create_gestures.adb
   [Ada]          create_gtkada_builder.adb
   [Ada]          create_gtkada_dialog.adb
   [Ada]          create_icon_view.adb
   [Ada]          create_label.adb
   [Ada]          create_layout.adb
   [Ada]          create_link_buttons.adb
   [Ada]          create_main_loop.adb
   [Ada]          create_mdi.adb
   [Ada]          create_menu.adb
   [Ada]          create_notebook.adb
   [Ada]          create_opacity.adb
   [Ada]          create_paned.adb
   [Ada]          create_pixbuf.adb
   [Ada]          create_print.adb
   [Ada]          create_progress.adb
   [Ada]          create_radio_button.adb
   [Ada]          create_range.adb
   [Ada]          create_reparent.adb
   [Ada]          create_revealer.adb
   [Ada]          create_scrolled.adb
   [Ada]          create_selection.adb
   [Ada]          create_size_groups.adb
   [Ada]          create_sources.adb
   [Ada]          create_spin.adb
   [Ada]          create_spinners.adb
   [Ada]          create_splittable.adb
   [Ada]          create_stack.adb
   [Ada]          create_status.adb
   [Ada]          create_status_icons.adb
   [Ada]          create_task_monitor.adb
   [Ada]          create_test_idle.adb
   [Ada]          create_test_timeout.adb
   [Ada]          create_text_view.adb
   [Ada]          create_toggle_buttons.adb
   [Ada]          create_toolbar.adb
   [Ada]          create_tooltips.adb
   [Ada]          create_tree_filter.adb
   [Ada]          create_tree_view.adb
   [Ada]          create_ui_manager.adb
   [Ada]          libart_demo.adb
   [Ada]          view_gl.adb
   [Ada]          testcairo_drawing.adb
   [Ada]          task_worker.adb
Build Libraries
   [gprlib]       gtkada_gl.lexch
   [archive]      libgtkada_gl.a
   [index]        libgtkada_gl.a
Bind
   [gprbind]      testgtk.bexch
   [gprbind]      test_rtree.bexch
   [Ada]          testgtk.ali
   [Ada]          test_rtree.ali
Link
   [link]         testgtk.adb
   [link]         test_rtree.adb
/usr/bin/gprinstall  -p -f --project-subdir=lib/gnat --build-var=GTKADA_BUILD,LIBRARY_TYPE --install-name=gtkada --prefix=install_dir -XGTK_PREFIX=install_dir -XLIBRARY_TYPE=static --build-name=static \
	--sources-subdir=include/gtkada/gtkada.static \
	--lib-subdir=lib/gtkada/gtkada.static \
	-Psrc/gtkada.gpr
Install project GtkAda - static
warning: file does not exist '/home/runner/work/alire-crates-ci/alire-crates-ci/test/fd05987f-bc8c-4bdf-9f80-74378d1a5453/eagle_lander_1.2.0_578532c2/alire/cache/dependencies/gtkada_21.0.0_3c1373c0/src/../docs/gtkada_ug/_build/html/*'
warning: file does not exist '/home/runner/work/alire-crates-ci/alire-crates-ci/test/fd05987f-bc8c-4bdf-9f80-74378d1a5453/eagle_lander_1.2.0_578532c2/alire/cache/dependencies/gtkada_21.0.0_3c1373c0/src/../docs/gtkada_ug/_build/latex/GtkAda.pdf'
/usr/bin/gprinstall  -p -f --project-subdir=lib/gnat --build-var=GTKADA_BUILD,LIBRARY_TYPE --install-name=gtkada --prefix=install_dir -XGTK_PREFIX=install_dir -XLIBRARY_TYPE=static-pic --build-name=static-pic \
	--sources-subdir=include/gtkada/gtkada.static-pic \
	--lib-subdir=lib/gtkada/gtkada.static-pic \
	-Psrc/gtkada.gpr
Install project GtkAda - static-pic
warning: file does not exist '/home/runner/work/alire-crates-ci/alire-crates-ci/test/fd05987f-bc8c-4bdf-9f80-74378d1a5453/eagle_lander_1.2.0_578532c2/alire/cache/dependencies/gtkada_21.0.0_3c1373c0/src/../docs/gtkada_ug/_build/html/*'
warning: file does not exist '/home/runner/work/alire-crates-ci/alire-crates-ci/test/fd05987f-bc8c-4bdf-9f80-74378d1a5453/eagle_lander_1.2.0_578532c2/alire/cache/dependencies/gtkada_21.0.0_3c1373c0/src/../docs/gtkada_ug/_build/latex/GtkAda.pdf'
/usr/bin/gprinstall  -p -f --project-subdir=lib/gnat --build-var=GTKADA_BUILD,LIBRARY_TYPE --install-name=gtkada --prefix=install_dir -XGTK_PREFIX=install_dir -XLIBRARY_TYPE=relocatable --build-name=relocatable \
	--sources-subdir=include/gtkada/gtkada.relocatable \
	--lib-subdir=lib/gtkada/gtkada.relocatable \
	-Psrc/gtkada.gpr
Install project GtkAda - relocatable
warning: file does not exist '/home/runner/work/alire-crates-ci/alire-crates-ci/test/fd05987f-bc8c-4bdf-9f80-74378d1a5453/eagle_lander_1.2.0_578532c2/alire/cache/dependencies/gtkada_21.0.0_3c1373c0/src/../docs/gtkada_ug/_build/html/*'
warning: file does not exist '/home/runner/work/alire-crates-ci/alire-crates-ci/test/fd05987f-bc8c-4bdf-9f80-74378d1a5453/eagle_lander_1.2.0_578532c2/alire/cache/dependencies/gtkada_21.0.0_3c1373c0/src/../docs/gtkada_ug/_build/latex/GtkAda.pdf'
/usr/bin/gprinstall  -p -f --project-subdir=lib/gnat --build-var=GTKADA_BUILD,LIBRARY_TYPE --install-name=gtkada --prefix=install_dir -XGTK_PREFIX=install_dir -XLIBRARY_TYPE=static \
	--mode=usage -Psrc/tools/tools.gpr
Install project Tools
cd testgtk; /usr/bin/gprinstall  -p -f --project-subdir=lib/gnat --build-var=GTKADA_BUILD,LIBRARY_TYPE --install-name=gtkada --prefix=install_dir -XGTK_PREFIX=install_dir -XLIBRARY_TYPE=static \
	--mode=usage --exec-subdir=install_dir/share/examples/gtkada/testgtk \
	-Ptestgtk.gpr -aP ../src
Install project TestGtk
-----------------------------------------------------------------------
--  GtkAda has now been installed.                                   --
--  To use the library, you may need to update LD_LIBRARY_PATH       --
--  or to run ldconfig. You may also need to update GPR_PROJECT_PATH --
--  to include                                                       --
--  install_dir/lib/gnat
-----------------------------------------------------------------------
Compile
   [Ada]          main.adb
   [Ada]          gui.adb
   [Ada]          lander.adb
   [Ada]          timeline.adb
   [Ada]          geom.adb
   [Ada]          physics.ads
   [Ada]          panels.adb
   [Ada]          background.adb
   [Ada]          lem_drawing.adb
   [Ada]          panels-altitude.adb
   [Ada]          panels-attitude.adb
   [Ada]          panels-thrust_to_weight.adb
   [Ada]          text_utils.adb
Bind
   [gprbind]      main.bexch
   [Ada]          main.ali
Link
   [link]         main.adb

eagle_lander=1.2.0 successfully retrieved and built.
Dependencies were solved as follows:

   + gtkada     21.0.0  (new)         
   + libgtk3    3.24.20 (new,indirect)
   + make       4.2.1   (new,indirect)
   + pkg_config 0.29.1  (new,indirect)
