Test ran at 2025-01-15 13:31:51.330233+00:00

SOLUTION:
septum=0.0.7: An interactive context-based text search tool for large codebases.
Origin: commit 88e658cae59bbaad518f7e5ba8a55f92b569ed87 from https://github.com/pyjarrett/septum.git
Properties:
   Author: Paul Jarrett
   Description: An interactive context-based text search tool for large codebases.
   Executable: septum
   case OS is
      when Linux => GPR External: Septum_Platform := linux
      when Macos => GPR External: Septum_Platform := macos
      when Windows => GPR External: Septum_Platform := windows
   License: Apache-2.0
   Maintainer: Paul Jarrett <jarrett.paul.young@gmail.com>
   Maintainers_Logins: pyjarrett
   Name: septum
   Tag: search
   Tag: code
   Tag: text
   Version: 0.0.7
   Website: https://github.com/pyjarrett/septum
Dependencies (direct):
   atomic~0.3.0
   dir_iterators~0.0.3
   progress_indicators~0.0.1
   trendy_terminal~0.0.5
Dependencies (solution):
   ansiada=0.1.0
   atomic=0.3.0
   dir_iterators=0.0.4
   progress_indicators=0.0.1
   trendy_terminal=0.0.5
Dependencies (graph):
   progress_indicators=0.0.1 --> ansiada=0.1.0 (~0.1.0)            
   septum=0.0.7              --> atomic=0.3.0 (~0.3.0)             
   septum=0.0.7              --> dir_iterators=0.0.4 (~0.0.3)      
   septum=0.0.7              --> progress_indicators=0.0.1 (~0.0.1)
   septum=0.0.7              --> trendy_terminal=0.0.5 (~0.0.5)    


LOG:
Note: Deploying septum=0.0.7...
Note: Deploying ansiada=0.1.0...
Note: Deploying atomic=0.3.0...
Note: Deploying dir_iterators=0.0.4...
Note: Deploying trendy_terminal=0.0.5...
Note: Deploying progress_indicators=0.0.1...
Note: Building ansiada/ansi.gpr...
Setup
   [mkdir]        object directory for project ANSI
   [mkdir]        exec directory for project ANSI
Compile
   [Ada]          ansi-demo.adb
   [Ada]          ansi.ads
Bind
   [gprbind]      ansi-demo.bexch
   [Ada]          ansi-demo.ali
Link
   [link]         ansi-demo.adb
-macosx_version_min has been renamed to -macos_version_min
ld: warning: ignoring duplicate libraries: '-lSystem'
ld: warning: Support for dylib stub (MH_DYLIB_STUB) file '/Users/runner/.config/alire/cache/dependencies/gnat_native_10.3.2_e112fd3f/lib/libgcc_ext.10.5.dylib' is deprecated, text-based stubs should be used instead (with `GENERATE_TEXT_BASED_STUBS` build setting, or `tapi` tool)
ld: malformed mach-o missing relocations, LC_DYLD_INFO, or LC_DYLD_CHAINED_FIXUPS in '/Users/runner/.config/alire/cache/dependencies/gnat_native_10.3.2_e112fd3f/lib/libgcc_ext.10.5.dylib'
collect2: error: ld returned 1 exit status
gprbuild: link of ansi-demo.adb failed
gprbuild: failed command was: /users/runner/.config/alire/cache/dependencies/gnat_native_10.3.2_e112fd3f/bin/gcc ansi-demo.o b__ansi-demo.o /Users/runner/work/alire-crates-ci/alire-crates-ci/test/4db8ae15-0b73-4a7e-a53c-add546f72776/septum_0.0.7_88e658ca/alire/cache/dependencies/ansiada_0.1.0_27a89150/obj/ansi.o -L/Users/runner/work/alire-crates-ci/alire-crates-ci/test/4db8ae15-0b73-4a7e-a53c-add546f72776/septum_0.0.7_88e658ca/alire/cache/dependencies/ansiada_0.1.0_27a89150/obj/ -L/Users/runner/work/alire-crates-ci/alire-crates-ci/test/4db8ae15-0b73-4a7e-a53c-add546f72776/septum_0.0.7_88e658ca/alire/cache/dependencies/ansiada_0.1.0_27a89150/obj/ -L/users/runner/.config/alire/cache/dependencies/gnat_native_10.3.2_e112fd3f/lib/gcc/x86_64-apple-darwin19.6.0/10.3.0/adalib/ /users/runner/.config/alire/cache/dependencies/gnat_native_10.3.2_e112fd3f/lib/gcc/x86_64-apple-darwin19.6.0/10.3.0/adalib/libgnat.a -Wl,-rpath,@executable_path/..//obj -Wl,-rpath,@executable_path/../../../../../../../../../../..//.config/alire/cache/dependencies/gnat_native_10.3.2_e112fd3f/lib/gcc/x86_64-apple-darwin19.6.0/10.3.0/adalib -o /Users/runner/work/alire-crates-ci/alire-crates-ci/test/4db8ae15-0b73-4a7e-a53c-add546f72776/septum_0.0.7_88e658ca/alire/cache/dependencies/ansiada_0.1.0_27a89150/bin//ansi-demo
stderr: Command ["gprbuild", "-s", "-j0", "-p", "-P", "/Users/runner/work/alire-crates-ci/alire-crates-ci/test/4db8ae15-0b73-4a7e-a53c-add546f72776/septum_0.0.7_88e658ca/alire/cache/dependencies/ansiada_0.1.0_27a89150/ansi.gpr"] exited with code 4
ERROR: Command ["gprbuild", "-s", "-j0", "-p", "-P", "/Users/runner/work/alire-crates-ci/alire-crates-ci/test/4db8ae15-0b73-4a7e-a53c-add546f72776/septum_0.0.7_88e658ca/alire/cache/dependencies/ansiada_0.1.0_27a89150/ansi.gpr"] exited with code 4
stderr: ALIRE.CHECKED_ERROR
stderr: Command ["gprbuild", "-s", "-j0", "-p", "-P", "/Users/runner/work/alire-crates-ci/alire-crates-ci/test/4db8ae15-0b73-4a7e-a53c-add546f72776/septum_0.0.7_88e658ca/alire/cache/dependencies/ansiada_0.1.0_27a89150/ansi.gpr"] exited with code 4
stderr: raised ALIRE.CHECKED_ERROR : alire-stored-error:1
Load address: 0x104670000
Call stack traceback locations:
0x104f78415 0x104c4be83 0x104e5edf9 0x104e5f581 0x104dbfac3 0x104dbdf99 0x104dda873 0x104e26dc1 0x104e253c2 0x104dda9b8 0x104dbe349 0x1046cf9c1 0x1046e0578 0x1046e501c 0x10476b05c 0x1047763b8 0x104671605 0x104674914


Warning: septum=0.0.7 successfully retrieved but its build failed.
Dependencies were solved as follows:

   + ansiada             0.1.0 (new,indirect)
   + atomic              0.3.0 (new)         
   + dir_iterators       0.0.4 (new)         
   + progress_indicators 0.0.1 (new)         
   + trendy_terminal     0.0.5 (new)         
ERROR: Build ended with errors
