Test ran at 2025-01-08 02:00:27.238105+00:00

SOLUTION:
garlic=6.0.1: GNAT Library for Ada Distributed Environment (garlic)
Origin: commit 90ef4b6f01c95df7e04c8f3e4c41c275f23acea9 from https://github.com/reznikmm/garlic.git
Properties:
   Author: AdaCore
   Configuration: no modifiers
   Description: GNAT Library for Ada Distributed Environment (garlic)
   case OS is
      when Linux => Environment: LD_LIBRARY_PATH=${LD_LIBRARY_PATH}:${CRATE_ROOT}/.libs/relocatable
      when Macos => Environment: DYLD_LIBRARY_PATH=${DYLD_LIBRARY_PATH}:${CRATE_ROOT}/.libs/relocatable
      when Windows => Environment: PATH=${PATH}:${CRATE_ROOT}/.libs/relocatable
   GPR Scenario: GARLIC_BUILD_MODE := dev | prod
   License: GPL-2.0-or-later WITH GCC-exception-2.0
   Maintainer: Max Reznik <reznikmm@gmail.com>
   Maintainers_Logins: reznikmm
   Name: garlic
   Project_File: gnat/garlic.gpr
   Tag: dsa
   Tag: distributed
   Tag: annex
   Tag: network
   Tag: glade
   Version: 6.0.1
   Website: https://github.com/reznikmm/garlic/wiki


LOG:
Note: Deploying garlic=6.0.1...
Note: Building garlic/gnat/garlic.gpr...
Setup
   [mkdir]        object directory for project Garlic
   [mkdir]        library directory for project Garlic
Compile
   [Ada]          s-garrem.adb
   [Ada]          s-gaplsp.ads
   [Ada]          s-gastco.adb
   [Ada]          s-dsaser.ads
   [Ada]          s-garpri.adb
   [Ada]          s-garter.adb
   [Ada]          s-garuti.adb
   [Ada]          s-rpc.adb
   [Ada]          s-garsto.adb
   [Ada]          s-ganata.adb
   [Ada]          s-garopt.adb
   [Ada]          s-garpro.adb
   [Ada]          s-gaphlo.adb
   [Ada]          s-garela.adb
   [Ada]          s-garhea.adb
   [Ada]          s-garfil.adb
   [Ada]          s-garexc.adb
   [Ada]          s-rpcser.adb
   [Ada]          s-gprese.ads
   [Ada]          s-gptcse.adb
s-gptcse.adb:37:06: warning: unnecessary with of ancestor [-gnatwr]

   compilation of s-gptcse.adb failed

gprbuild: *** compilation phase failed
stderr: Command ["gprbuild", "-s", "-j0", "-p", "-P", "/Users/runner/work/alire-crates-ci/alire-crates-ci/test/71ab9f39-a0f2-4016-98b5-88d808fe2630/garlic_6.0.1_90ef4b6f/gnat/garlic.gpr"] exited with code 4
ERROR: Command ["gprbuild", "-s", "-j0", "-p", "-P", "/Users/runner/work/alire-crates-ci/alire-crates-ci/test/71ab9f39-a0f2-4016-98b5-88d808fe2630/garlic_6.0.1_90ef4b6f/gnat/garlic.gpr"] exited with code 4
stderr: ALIRE.CHECKED_ERROR
stderr: Command ["gprbuild", "-s", "-j0", "-p", "-P", "/Users/runner/work/alire-crates-ci/alire-crates-ci/test/71ab9f39-a0f2-4016-98b5-88d808fe2630/garlic_6.0.1_90ef4b6f/gnat/garlic.gpr"] exited with code 4
stderr: raised ALIRE.CHECKED_ERROR : alire-stored-error:1
Load address: 0x1020b1000
Call stack traceback locations:
0x1029b9415 0x10268ce83 0x10289fdf9 0x1028a0581 0x102800ac3 0x1027fef99 0x10281b873 0x102867dc1 0x10286681a 0x10281b9b8 0x1027ff349 0x1021109c1 0x102121578 0x10212601c 0x1021ac05c 0x1021b73b8 0x1020b2605 0x1020b5914


Warning: garlic=6.0.1 successfully retrieved but its build failed.
There are no dependencies.
ERROR: Build ended with errors
