Test ran at 2022-09-25 01:26:24.489560+00:00

SOLUTION:
gnatcoll_syslog=22.0.0: GNAT Components Collection - syslog binding
Origin: source archive gnatcoll-bindings-22.0.0.zip at https://github.com/AdaCore/gnatcoll-bindings/archive/v22.0.0/gnatcoll-bindings-22.0.0.zip with hash sha512:f3732e5de05b8c3e82b2ac541f378b4890860ce1207cb44638c71e30dc149d188345f7b5004065344af21c5dc8628deaad8e70b47ab4692c09676633aa6444d8
Available when: (case OS is Windows => False, others => True)
Properties:
   Author: AdaCore
   Configuration: no modifiers
   Description: GNAT Components Collection - syslog binding
   GPR Scenario: GNATCOLL_BUILD_MODE := DEBUG | PROD
   GPR Scenario: LIBRARY_TYPE := static | relocatable | static-pic
   License: GPL-3.0-or-later WITH GCC-exception-3.1
   Maintainer: chouteau@adacore.com
   Maintainers_Logins: Fabien-Chouteau
   Name: gnatcoll_syslog
   Project_File: syslog/gnatcoll_syslog.gpr
   Tag: gnatcoll
   Tag: bindings
   Tag: syslog
   Tag: logging
   Version: 22.0.0
   Website: https://github.com/adacore/gnatcoll-bindings
Dependencies (direct):
   gnatcoll~22.0.0
Dependencies (solution):
   gnatcoll=22.0.0
   libgpr=22.0.0
   xmlada=22.0.0
Dependencies (external):
   gnat(/=2020) & (>=11) (indirect,hinted)
Dependencies (graph):
   gnatcoll=22.0.0        --> libgpr=22.0.0 (~22.0.0)  
   gnatcoll_syslog=22.0.0 --> gnatcoll=22.0.0 (~22.0.0)
   libgpr=22.0.0          --> gnat/=2020               
   libgpr=22.0.0          --> xmlada=22.0.0 (~22.0.0)  
   xmlada=22.0.0          --> gnat>=11                 
Dependencies cannot be met


LOG:
