Test ran at 2024-08-25 00:36:17.353218+00:00

SOLUTION:
nrf5x_hal=0.1.0: Drivers and HAL for the Nordic nRF5X micro-controller family
Origin: commit 0cf20efac2d0a64ed22844edbfcdd3acbbcdb1cc from https://github.com/Fabien-Chouteau/nrf5x-hal.git
Properties:
   Auto_Gpr_With: auto-gpr-with=false
   Description: Drivers and HAL for the Nordic nRF5X micro-controller family
   License: BSD-3-Clause
   Maintainer: chouteau@adacore.com
   Maintainers_Logins: Fabien-Chouteau
   Name: nrf5x_hal
   Project_File: nrf51.gpr
   Project_File: nrf52.gpr
   Tag: embedded
   Tag: nostd
   Tag: nrf51
   Tag: nrf52
   Tag: nordic
   Tag: drivers
   Tag: ble
   Version: 0.1.0
   Website: https://github.com/AdaCore/Ada_Drivers_Library/
Dependencies (direct):
   cortex_m~0.2.0
   gnat_arm_elf^11.2
   hal~0.1.0
Dependencies (solution):
   cortex_m=0.2.0
   gnat_arm_elf=11.2.4 (installed)
   hal=0.1.0
Dependencies (graph):
   cortex_m=0.2.0  --> hal=0.1.0 (^0.1.0)         
   nrf5x_hal=0.1.0 --> cortex_m=0.2.0 (~0.2.0)    
   nrf5x_hal=0.1.0 --> gnat_arm_elf=11.2.4 (^11.2)
   nrf5x_hal=0.1.0 --> hal=0.1.0 (~0.1.0)         


LOG:
Note: Deploying nrf5x_hal=0.1.0...
Note: Deploying gnat_arm_elf=11.2.4...
#=#=#                                                                         
##O#-#                                                                        
##O=#  #                                                                      

                                                                           0.0%
                                                                           0.3%
                                                                           0.9%
#                                                                          1.8%
##                                                                         3.1%
###                                                                        5.5%
####                                                                       6.5%
######                                                                     8.5%
######                                                                     9.1%
######                                                                     9.2%
######                                                                     9.4%
#######                                                                   10.1%
########                                                                  11.8%
#########                                                                 13.4%
#########                                                                 13.4%
#########                                                                 13.4%
##########                                                                15.1%
############                                                              17.2%
#############                                                             18.2%
#############                                                             19.4%
###############                                                           21.2%
#################                                                         24.3%
###################                                                       26.7%
###################                                                       27.7%
#####################                                                     29.3%
#####################                                                     30.3%
#######################                                                   32.3%
#######################                                                   33.3%
#########################                                                 35.8%
##########################                                                36.6%
###########################                                               37.5%
############################                                              39.4%
#############################                                             40.6%
#############################                                             40.6%
##############################                                            42.4%
###############################                                           44.3%
################################                                          45.4%
##################################                                        47.3%
##################################                                        48.5%
####################################                                      50.9%
#####################################                                     52.7%
#######################################                                   54.5%
#######################################                                   54.8%
#######################################                                   55.4%
#########################################                                 57.1%
#########################################                                 57.9%
###########################################                               60.0%
############################################                              61.2%
#############################################                             63.3%
##############################################                            64.1%
###############################################                           66.2%
###############################################                           66.6%
#################################################                         69.0%
##################################################                        70.4%
####################################################                      72.5%
####################################################                      72.7%
######################################################                    75.1%
#######################################################                   76.9%
#######################################################                   76.9%
########################################################                  78.7%
##########################################################                81.2%
##########################################################                81.8%
############################################################              84.2%
#############################################################             86.0%
###############################################################           87.8%
################################################################          89.0%
################################################################          89.1%
#################################################################         90.8%
#################################################################         90.9%
#################################################################         91.2%
##################################################################        91.8%
###################################################################       93.6%
####################################################################      94.8%
#####################################################################     96.9%
#######################################################################   99.3%
######################################################################## 100.0%
Note: gnat_arm_elf=11.2.4 installed successfully.
Note: Deploying hal=0.1.0...
#=#=#                                                                         
##O#-#                                                                        
##O=#  #                                                                      

##################                                                        25.7%
######################################################################## 100.0%
Note: Deploying cortex_m=0.2.0...
Note: Building nrf5x_hal/nrf51.gpr (1/2)...
Setup
   [mkdir]        object directory for project HAL
   [mkdir]        library directory for project HAL
   [mkdir]        object directory for project Cortex_M0
   [mkdir]        library directory for project Cortex_M0
   [mkdir]        object directory for project NRF51
   [mkdir]        library directory for project NRF51
Compile
   [Ada]          cortex_m-nvic.adb
   [Ada]          cortex_m-cache.adb
   [Ada]          cortex_m_svd-dwt.ads
   [Ada]          cortex_m_svd-nvic.ads
   [Ada]          cortex_m_svd-scb.ads
   [Ada]          cortex_m_svd.ads
   [Ada]          cortex_m_svd-systick.ads
   [Ada]          cortex_m_svd-debug.ads
   [Ada]          cortex_m.ads
   [Ada]          cortex_m-dwt.adb
   [Ada]          semihosting.adb
   [Ada]          semihosting-filesystem.adb
   [Ada]          cortex_m-debug.adb
   [Ada]          memory_barriers.adb
   [Ada]          cortex_m-systick.adb
   [Ada]          hal-i2c.ads
   [Ada]          hal-touch_panel.ads
   [Ada]          hal-audio.ads
   [Ada]          hal-filesystem.ads
   [Ada]          hal-block_drivers.ads
   [Ada]          hal-gpio.ads
   [Ada]          hal-real_time_clock.ads
   [Ada]          hal.ads
   [Ada]          hal-time.ads
   [Ada]          hal-spi.ads
   [Ada]          hal-dsi.ads
   [Ada]          hal-bitmap.ads
   [Ada]          hal-uart.ads
   [Ada]          hal-framebuffer.ads
   [Ada]          hal-sdmmc.adb
   [Ada]          nrf_svd-ccm.ads
   [Ada]          nrf_svd-amli.ads
   [Ada]          nrf_svd-twi.ads
   [Ada]          nrf_svd-spi.ads
   [Ada]          nrf_svd-ppi.ads
   [Ada]          nrf_svd-nvmc.ads
   [Ada]          nrf_svd-gpio.ads
   [Ada]          nrf_svd-uart.ads
   [Ada]          nrf_svd-gpiote.ads
   [Ada]          nrf_svd-temp.ads
   [Ada]          nrf_svd-qdec.ads
   [Ada]          nrf_svd-lpcomp.ads
   [Ada]          nrf_svd-wdt.ads
   [Ada]          nrf_svd-clock.ads
   [Ada]          nrf_svd-mpu.ads
   [Ada]          nrf_svd-rtc.ads
   [Ada]          nrf_svd-spim.ads
   [Ada]          nrf_svd-uicr.ads
   [Ada]          nrf_svd-adc.ads
   [Ada]          nrf_svd-power.ads
   [Ada]          nrf_svd.ads
   [Ada]          nrf_svd-aar.ads
   [Ada]          nrf_svd-spis.ads
   [Ada]          nrf_svd-rng.ads
   [Ada]          nrf_svd-ficr.ads
   [Ada]          nrf_svd-timer.ads
   [Ada]          nrf_svd-radio.ads
   [Ada]          nrf_svd-ecb.ads
   [Ada]          nrf-adc.adb
   [Ada]          nrf-ppi.adb
   [Ada]          nrf-spi_master.adb
   [Ada]          nrf-events.adb
   [Ada]          nrf-rtc.adb
   [Ada]          nrf-rng.adb
   [Ada]          nrf-gpio-tasks_and_events.adb
   [Ada]          nrf-uart.adb
   [Ada]          nrf-tasks.adb
   [Ada]          nrf-gpio.adb
   [Ada]          nrf-radio.adb
   [Ada]          nrf-twi.adb
   [Ada]          nrf-interrupts.adb
   [Ada]          nrf-temperature.adb
   [Ada]          nrf-timers.adb
   [Ada]          nrf-clock.adb
   [Ada]          nrf.ads
   [Ada]          nrf-device.ads
Build Libraries
   [gprlib]       hal.lexch
   [gprlib]       cortex_m0.lexch
   [archive]      libhal.a
   [index]        libhal.a
   [gprlib]       nrf51.lexch
   [archive]      libcortex_m0.a
   [index]        libcortex_m0.a
   [archive]      libnrf51.a
   [index]        libnrf51.a
Note: Building nrf5x_hal/nrf52.gpr (2/2)...
Setup
   [mkdir]        object directory for project Cortex_M4F
   [mkdir]        library directory for project Cortex_M4F
   [mkdir]        object directory for project NRF52
   [mkdir]        library directory for project NRF52
Compile
   [Ada]          cortex_m-nvic.adb
   [Ada]          cortex_m-cache.adb
   [Ada]          cortex_m-fpu.adb
   [Ada]          cortex_m_svd-dwt.ads
   [Ada]          cortex_m_svd-fpu.ads
   [Ada]          cortex_m_svd-nvic.ads
   [Ada]          cortex_m_svd-scb.ads
   [Ada]          cortex_m_svd.ads
   [Ada]          cortex_m_svd-systick.ads
   [Ada]          cortex_m_svd-mpu.ads
   [Ada]          cortex_m_svd-debug.ads
   [Ada]          cortex_m.ads
   [Ada]          cortex_m-dwt.adb
   [Ada]          semihosting.adb
   [Ada]          semihosting-filesystem.adb
   [Ada]          cortex_m-debug.adb
   [Ada]          memory_barriers.adb
   [Ada]          cortex_m-systick.adb
   [Ada]          hal-i2c.ads
   [Ada]          hal-touch_panel.ads
   [Ada]          hal-audio.ads
   [Ada]          hal-filesystem.ads
   [Ada]          hal-block_drivers.ads
   [Ada]          hal-gpio.ads
   [Ada]          hal-real_time_clock.ads
   [Ada]          hal.ads
   [Ada]          hal-time.ads
   [Ada]          hal-spi.ads
   [Ada]          hal-dsi.ads
   [Ada]          hal-bitmap.ads
   [Ada]          hal-uart.ads
   [Ada]          hal-framebuffer.ads
   [Ada]          hal-sdmmc.adb
   [Ada]          nrf_svd-ccm.ads
   [Ada]          nrf_svd-twi.ads
   [Ada]          nrf_svd-twis.ads
   [Ada]          nrf_svd-spi.ads
   [Ada]          nrf_svd-ppi.ads
   [Ada]          nrf_svd-nvmc.ads
   [Ada]          nrf_svd-nfct.ads
   [Ada]          nrf_svd-fpu.ads
   [Ada]          nrf_svd-bprot.ads
   [Ada]          nrf_svd-gpio.ads
   [Ada]          nrf_svd-i2s.ads
   [Ada]          nrf_svd-uart.ads
   [Ada]          nrf_svd-gpiote.ads
   [Ada]          nrf_svd-temp.ads
   [Ada]          nrf_svd-egu.ads
   [Ada]          nrf_svd-pdm.ads
   [Ada]          nrf_svd-qdec.ads
   [Ada]          nrf_svd-lpcomp.ads
   [Ada]          nrf_svd-pwm.ads
   [Ada]          nrf_svd-wdt.ads
   [Ada]          nrf_svd-twim.ads
   [Ada]          nrf_svd-saadc.ads
   [Ada]          nrf_svd-uarte.ads
   [Ada]          nrf_svd-comp.ads
   [Ada]          nrf_svd-clock.ads
   [Ada]          nrf_svd-rtc.ads
   [Ada]          nrf_svd-spim.ads
   [Ada]          nrf_svd-uicr.ads
   [Ada]          nrf_svd-power.ads
   [Ada]          nrf_svd.ads
   [Ada]          nrf_svd-mwu.ads
   [Ada]          nrf_svd-aar.ads
   [Ada]          nrf_svd-spis.ads
   [Ada]          nrf_svd-rng.ads
   [Ada]          nrf_svd-ficr.ads
   [Ada]          nrf_svd-timer.ads
   [Ada]          nrf_svd-radio.ads
   [Ada]          nrf_svd-ecb.ads
   [Ada]          nrf-adc.adb
   [Ada]          nrf-ppi.adb
   [Ada]          nrf-spi_master.adb
   [Ada]          nrf-events.adb
   [Ada]          nrf-rtc.adb
   [Ada]          nrf-rng.adb
   [Ada]          nrf-gpio-tasks_and_events.adb
   [Ada]          nrf-uart.adb
   [Ada]          nrf-tasks.adb
   [Ada]          nrf-gpio.adb
   [Ada]          nrf-radio.adb
   [Ada]          nrf-twi.adb
   [Ada]          nrf-interrupts.adb
   [Ada]          nrf-temperature.adb
   [Ada]          nrf-timers.adb
   [Ada]          nrf-clock.adb
   [Ada]          nrf.ads
   [Ada]          nrf-device.adb
Build Libraries
   [gprlib]       hal.lexch
   [gprlib]       cortex_m4f.lexch
   [archive]      libhal.a
   [index]        libhal.a
   [gprlib]       nrf52.lexch
   [archive]      libcortex_m4f.a
   [index]        libcortex_m4f.a
   [archive]      libnrf52.a
   [index]        libnrf52.a
Build finished successfully in 2.70 seconds.

nrf5x_hal=0.1.0 successfully retrieved and built.
Dependencies were solved as follows:

   +  cortex_m     0.2.0  (new)          
   +i gnat_arm_elf 11.2.4 (new,installed)
   +  hal          0.1.0  (new)          
Found declared GPR file: nrf51.gpr
Found declared GPR file: nrf52.gpr
