Test ran at 2023-05-02 13:04:24.542603+00:00

SOLUTION:
mcp2221=1.21121.1: MCP2221 USB Raw HID I/O Expander Library for GNAT Ada
Origin: source archive mcp2221-1.21121.1.tbz2 at http://repo.munts.com/alire/mcp2221-1.21121.1.tbz2 with hashes sha256:e3f8a97916b82f42cbd9a985a691249d74d51429e9990db9e6da4c678b990860, sha512:05b0bf751bd00c6a23f016311a2b409c1a32c0c9aa5db564ecc7d1c4f325b5ced319ac1c8a110cdfebc9d0fb6d5f2b63141055d7908febee1a78d6bcfa5871b6
Available when: (case OS is Linux => True, Macos => True, Windows => True, others => False)
Properties:
   case OS is
      when Linux => Post_Fetch run: ${CRATE_DIR}/./sh -c ./src/scripts/postfetch.linux
      when Macos => Post_Fetch run: ${CRATE_DIR}/./sh -c ./src/scripts/postfetch.macos
      when Windows => Post_Fetch run: ${CRATE_DIR}/./sh -c ./src/scripts/postfetch.windows
   Author: Philip Munts
   Description: MCP2221 USB Raw HID I/O Expander Library for GNAT Ada
   License: BSD-1-Clause
   Maintainer: Philip Munts <phil@munts.net>
   Maintainers_Logins: pmunts
   Name: mcp2221
   Project_File: mcp2221.gpr
   Tag: embedded
   Tag: linux
   Tag: mcp2221
   Tag: adc
   Tag: dac
   Tag: gpio
   Tag: i2c
   Tag: motor
   Tag: pwm
   Tag: sensor
   Tag: serial
   Tag: servo
   Tag: spi
   Tag: stepper
   Version: 1.21121.1
   Website: https://github.com/pmunts/libsimpleio
Dependencies (direct):
   case OS is
      when Linux => libhidapi*
   case OS is
      when Linux => libusb*
Dependencies (solution):
   libhidapi=0.13.1
   libusb=1.0.26
Dependencies (graph):
   mcp2221=1.21121.1 --> libhidapi=0.13.1 (*)
   mcp2221=1.21121.1 --> libusb=1.0.26 (*)   


LOG:
Note: Deploying mcp2221=1.21121.1...
#=#=#                                                                         

###                                                                        5.3%
###################                                                       27.4%
################################################################          89.6%
######################################################################## 100.0%
Note: Deploying libhidapi=0.13.1...
Note: Deploying libusb=1.0.26...
Note: Running post_fetch actions for mcp2221=1.21121.1...
Note: Building mcp2221/mcp2221.gpr...
Setup
   [mkdir]        object directory for project MCP2221
   [mkdir]        library directory for project MCP2221
Compile
   [Ada]          debug.adb
   [Ada]          gpio-pwm.adb
   [Ada]          motor-servo.adb
   [Ada]          thermistor.adb
   [Ada]          servo-pwm.ads
   [Ada]          motor-pwm.adb
   [Ada]          hid-hidapi.adb
   [Ada]          hid-libusb.adb
   [Ada]          servo.ads
   [Ada]          watchdog.ads
   [Ada]          accelerometer.ads
   [Ada]          hid.adb
   [Ada]          i2c.adb
   [Ada]          stepper.ads
   [Ada]          pwm.ads
   [Ada]          temperature.ads
   [Ada]          spi.ads
   [Ada]          angle.ads
   [Ada]          joystick.ads
   [Ada]          humidity.ads
   [Ada]          io_interfaces.ads
   [Ada]          resistance.ads
   [Ada]          messaging-text.ads
   [Ada]          gpio.ads
   [Ada]          message64.ads
   [Ada]          adc.adb
   [Ada]          motor.ads
   [Ada]          analog.ads
   [Ada]          magnetometer.ads
   [Ada]          truecolor.ads
   [Ada]          servo-pwm_template.adb
   [Ada]          messaging.adb
   [Ada]          voltage.ads
   [Ada]          messaging-fixed.ads
   [Ada]          dac.adb
   [Ada]          gyroscope.ads
   [Ada]          pressure.ads
   [Ada]          pca9685-gpio.adb
   [Ada]          mcp2221-i2c.adb
   [Ada]          grove_adc.ads
   [Ada]          mcp2221.adb
   [Ada]          hid-munts.ads
   [Ada]          htu21d.adb
   [Ada]          tcs3472.adb
   [Ada]          mcp2221-adc.adb
   [Ada]          mcp23x17-word.adb
   [Ada]          pca8574-gpio.adb
   [Ada]          bmp280.adb
   [Ada]          pca9534-gpio.adb
   [Ada]          grove_temperature.adb
   [Ada]          mcp2221-gpio.adb
   [Ada]          mpl3115a2.adb
   [Ada]          lps25h.adb
   [Ada]          adc121c021.adb
   [Ada]          ads1015.adb
   [Ada]          pca9685-pwm.adb
   [Ada]          mcp23x17-byte.adb
   [Ada]          pca8574.adb
   [Ada]          grove_tb6612-stepper.adb
   [Ada]          a4988.adb
   [Ada]          cytron_md13s.adb
   [Ada]          grove_temperature_humidity.ads
   [Ada]          th02.adb
   [Ada]          mcp2221-libusb.adb
   [Ada]          mcp23x17-gpio.adb
   [Ada]          mcp2221-hidapi.adb
   [Ada]          tmp102.adb
   [Ada]          hts221.adb
   [Ada]          grove_tb6612-motor.adb
   [Ada]          tlc1543.adb
   [Ada]          pca9685.adb
   [Ada]          grove_tb6612.adb
   [Ada]          hdc1080.adb
   [Ada]          lsm9ds1.adb
   [Ada]          pca9534.adb
lsm9ds1.adb:154:12: warning: function "ReadRegister" is not referenced [-gnatwu]
lsm9ds1.adb:250:16: warning: formal parameter "Self" is not referenced [-gnatwf]
   [Ada]          mcp23x17.adb
   [Ada]          errno.ads
   [Ada]          mcp2221_config.ads
Build Libraries
   [gprlib]       libsimpleio.lexch
   [archive]      liblibsimpleio.a
   [index]        liblibsimpleio.a
Build finished successfully in 4.88 seconds.

mcp2221=1.21121.1 successfully retrieved and built.
Dependencies were solved as follows:

   + libhidapi 0.13.1 (new)
   + libusb    1.0.26 (new)
Found declared GPR file: mcp2221.gpr
