Test ran at 2023-10-21 12:41:51.410175+00:00

SOLUTION:
gnatprove=12.1.1: Automatic formal verification of SPARK code
Origin: (case OS is Linux => (case Host_Arch is X86_64 => binary archive gnatprove-x86_64-linux-12.1.0-1.tar.gz at https://github.com/alire-project/GNAT-FSF-builds/releases/download/gnatprove-12.1.0-1/gnatprove-x86_64-linux-12.1.0-1.tar.gz), Macos => (case Host_Arch is X86_64 => binary archive gnatprove-x86_64-darwin-12.1.0-1.tar.gz at https://github.com/alire-project/GNAT-FSF-builds/releases/download/gnatprove-12.1.0-1/gnatprove-x86_64-darwin-12.1.0-1.tar.gz), Windows => (case Host_Arch is X86_64 => binary archive gnatprove-x86_64-windows64-12.1.0-1.tar.gz at https://github.com/alire-project/GNAT-FSF-builds/releases/download/gnatprove-12.1.0-1/gnatprove-x86_64-windows64-12.1.0-1.tar.gz)) with hash sha256:eaf963490fc0b8c4467854b8f4a7659e4df39094699b014b90d9cd87b46cb987
Properties:
   Auto_Gpr_With: auto-gpr-with=false
   Configuration: no modifiers
   Description: Automatic formal verification of SPARK code
   Environment: PATH=${CRATE_ROOT}/bin:${PATH}
   License: GPL-3.0-or-later
   Maintainer: chouteau@adacore.com
   Maintainers_Logins: Fabien-Chouteau
   Name: gnatprove
   Version: 12.1.1


LOG:
Note: Deploying gnatprove=12.1.1...
#=#=#                                                                         

                                                                           0.0%
##                                                                         3.3%
#####                                                                      8.3%
#########                                                                 13.2%
############                                                              17.8%
##################                                                        25.3%
#####################                                                     30.4%
#######################                                                   33.3%
##########################                                                37.2%
#############################                                             40.9%
################################                                          44.7%
###################################                                       49.3%
######################################                                    53.3%
########################################                                  56.7%
############################################                              62.1%
###############################################                           65.4%
##################################################                        70.3%
#######################################################                   77.3%
##########################################################                80.9%
##############################################################            86.3%
################################################################          89.6%
####################################################################      94.6%
#######################################################################   98.8%
######################################################################## 100.0%

gnatprove=12.1.1 successfully retrieved.
There are no dependencies.
Warning: Binary release does not contain default project file: gnatprove.gpr
