Test ran at 2024-12-31 13:01:18.337507+00:00

SOLUTION:
lace_math=0.1.0: Provides an Ada package family covering pure and applied mathematics.
Origin: source archive lace_math-0.1.0.tgz at https://github.com/charlie5/lace-alire/releases/download/v0.1.0/lace_math-0.1.0.tgz with hashes sha256:3ab6719722b53ff7b42f01be6bbd46c46a53bc57d308bba060d06ba631a78cbc, sha512:4e49a173f9db9dabac1344f09e3310637b8b2c2b6cecf0f18a946271a5b39169465ab6e1f2bc71e05b27e2a7edc3fd7c6e71bd29088853cb41abbec0686e98d3
Properties:
   Author: Rod Kay
   Description: Provides an Ada package family covering pure and applied mathematics.
   License: ISC
   Long_Description: 
Contains:

   - Pure
      - Arithmetic (covers quantity)
      - Algebra    (covers structure)
      - Geometry   (covers space)
      - Analysis   (covers change)

   - Applied
      - Statistics
      - Computational


   Maintainer: Rod Kay <rodakay5@gmail.com>
   Maintainers_Logins: charlie5
   Name: lace_math
   Project_File: library/math.gpr
   Version: 0.1.0
Dependencies (direct):
   lace_shared~0.1
Dependencies (solution):
   lace_shared=0.1.0
Dependencies (graph):
   lace_math=0.1.0 --> lace_shared=0.1.0 (~0.1)


LOG:
Note: Deploying lace_math=0.1.0...
#=#=#                                                                         

###############################################                           66.1%
######################################################################## 100.0%
Note: Deploying lace_shared=0.1.0...
#=#=#                                                                         

######################################################################## 100.0%
Note: Building lace_math/library/math.gpr...
Setup
   [mkdir]        object directory for project Math
Compile
   [Ada]          long_math.ads
   [Ada]          float_math-statistics.ads
   [Ada]          float_math-computational.ads
   [Ada]          float_math-fast_rotation.ads
float_math-statistics.ads:4:01: warning: in instantiation at any_math-any_statistics.ads:6 [enabled by default]
float_math-statistics.ads:4:01: warning: insufficient -O value [enabled by default]
   [Ada]          float_math-fast_trigonometry.ads
float_math-computational.ads:4:01: warning: in instantiation at any_math-any_computational.ads:6 [enabled by default]
float_math-computational.ads:4:01: warning: insufficient -O value [enabled by default]
   [Ada]          float_math-random.ads
float_math-fast_rotation.ads:5:01: warning: in instantiation at cached_rotation.ads:20 [enabled by default]
float_math-fast_rotation.ads:5:01: warning: in instantiation at any_math-any_fast_rotation.adb:17 [enabled by default]
float_math-fast_rotation.ads:5:01: warning: insufficient -O value [enabled by default]
   [Ada]          float_math-geometry.ads
   [Ada]          float_math-algebra-linear-d3.ads
   [Ada]          float_math-arithmetic.ads
float_math-arithmetic.ads:5:01: warning: in instantiation at any_math-any_arithmetic.ads:6 [enabled by default]
float_math-arithmetic.ads:5:01: warning: insufficient -O value [enabled by default]
   [Ada]          float_math-algebra-linear.ads
float_math-fast_trigonometry.ads:5:01: warning: in instantiation at cached_trigonometry.ads:11 [enabled by default]
float_math-fast_trigonometry.ads:5:01: warning: in instantiation at any_math-any_fast_trigonometry.ads:8 [enabled by default]
float_math-fast_trigonometry.ads:5:01: warning: insufficient -O value [enabled by default]
   [Ada]          float_math-geometry-d3-modeller-forge.ads
   [Ada]          float_math-algebra-linear-d2.ads
   [Ada]          float_math-analysis.ads
   [Ada]          float_math-geometry-d2.ads
float_math-analysis.ads:5:01: warning: in instantiation at any_math-any_analysis.ads:6 [enabled by default]
float_math-analysis.ads:5:01: warning: insufficient -O value [enabled by default]
   [Ada]          float_math-algebra.ads
   [Ada]          float_math-geometry-d3.ads
   [Ada]          float_math-geometry-d3-modeller.ads
   [Ada]          float_math.ads
   [Ada]          short_math.ads
   [Ada]          any_math-any_computational.ads
   [Ada]          any_math-any_statistics.ads
   [Ada]          any_math-any_fast_trigonometry.ads
   [Ada]          cached_trigonometry.adb
   [Ada]          any_math-any_fast_rotation.adb
   [Ada]          cached_rotation.adb
   [Ada]          any_math-any_geometry-any_d3-any_modeller.adb
   [Ada]          any_math-any_geometry.adb
any_math-any_geometry.ads:64:62: warning: "others" choice is redundant
any_math-any_geometry.ads:64:62: warning: previous choices cover all components
   [Ada]          any_math-any_geometry-any_d3.adb
   [Ada]          any_math-any_geometry-any_d3-any_modeller-any_forge.adb
   [Ada]          any_math-any_geometry-any_d2.adb
   [Ada]          any_math-any_arithmetic.ads
   [Ada]          any_math-any_analysis.ads
   [Ada]          any_math-any_algebra-any_linear-any_d3.adb
   [Ada]          any_math-any_algebra.ads
   [Ada]          any_math-any_algebra-any_linear.adb
   [Ada]          any_math-any_algebra-any_linear-any_d2.adb
   [Ada]          any_math.adb
   [Ada]          any_math-any_random.adb
Build finished successfully in 3.42 seconds.

lace_math=0.1.0 successfully retrieved and built.
Dependencies were solved as follows:

   + lace_shared 0.1.0 (new)
Found declared GPR file: library/math.gpr
