Test ran at 2022-08-20 13:01:24.533302+00:00

SOLUTION:
lal_highlight=21.0.0: Simple code highlighters based on Libadalang
Origin: source archive highlight-21.0.0.tar.gz at https://github.com/AdaCore/libadalang/releases/download/v21.0.0/highlight-21.0.0.tar.gz with hash sha512:357f237b90559b05bab454b6dafda2949d663b87db2704f2c23cc3e3d3400a8a60609382a7f5489419b19b2a38195e25cfa030e7cf4a7887df1566222014ef98
Properties:
   Author: AdaCore
   Description: Simple code highlighters based on Libadalang
   Executable: highlight
   Executable: ada2web
   License: GPL-3.0-only WITH GCC-exception-3.1
   Maintainer: Pierre-Marie de Rodat <pmderodat@kawie.fr>
   Maintainers_Logins: pmderodat
   Name: lal_highlight
   Project_File: highlight.gpr
   Tag: libadalang
   Tag: static-analysis
   Version: 21.0.0
   Website: https://github.com/AdaCore/libadalang
Dependencies (direct):
   gnatcoll_iconv^21
   libadalang^21
Dependencies (solution):
   gnat=10.2.1 (gnat_external) (installed)
   gnatcoll=21.0.0
   gnatcoll_gmp=21.0.0
   gnatcoll_iconv=21.0.0
   langkit_support=21.0.0
   libadalang=21.0.0
   libgmp=6.2.1
   libgpr=21.0.0
   xmlada=21.0.0
Dependencies (graph):
   gnatcoll=21.0.0        --> libgpr=21.0.0 (~21.0.0)             
   gnatcoll_gmp=21.0.0    --> gnatcoll=21.0.0 (~21.0.0)           
   gnatcoll_gmp=21.0.0    --> libgmp=6.2.1 (*)                    
   gnatcoll_iconv=21.0.0  --> gnatcoll=21.0.0 (~21.0.0)           
   lal_highlight=21.0.0   --> gnatcoll_iconv=21.0.0 (^21)         
   lal_highlight=21.0.0   --> libadalang=21.0.0 (^21)             
   langkit_support=21.0.0 --> gnatcoll=21.0.0 (^21)               
   langkit_support=21.0.0 --> gnatcoll_iconv=21.0.0 (^21)         
   libadalang=21.0.0      --> gnatcoll=21.0.0 (^21)               
   libadalang=21.0.0      --> gnatcoll_gmp=21.0.0 (^21)           
   libadalang=21.0.0      --> gnatcoll_iconv=21.0.0 (^21)         
   libadalang=21.0.0      --> langkit_support=21.0.0 (^21)        
   libgpr=21.0.0          --> gnat=10.2.1 (gnat_external) (/=2021)
   libgpr=21.0.0          --> xmlada=21.0.0 (~21.0.0)             


LOG:
Note: Deploying lal_highlight=21.0.0...
#=#=#                                                                         

######################################                                    53.2%
######################################################################## 100.0%
Note: Deploying libgmp=6.2.1...
The system package 'libgmp-dev' is about to be installed.
This action might require admin privileges and impact your system installation.
Do you want Alire to install this system package?
Using default: Yes
debconf: delaying package configuration, since apt-utils is not installed
(Reading database ... 
(Reading database ... 5%
(Reading database ... 10%
(Reading database ... 15%
(Reading database ... 20%
(Reading database ... 25%
(Reading database ... 30%
(Reading database ... 35%
(Reading database ... 40%
(Reading database ... 45%
(Reading database ... 50%
(Reading database ... 55%
(Reading database ... 60%
(Reading database ... 65%
(Reading database ... 70%
(Reading database ... 75%
(Reading database ... 80%
(Reading database ... 85%
(Reading database ... 90%
(Reading database ... 95%
(Reading database ... 100%
(Reading database ... 22419 files and directories currently installed.)
Preparing to unpack .../libgmp10_2%3a6.2.1+dfsg-1+deb11u1_amd64.deb ...
Unpacking libgmp10:amd64 (2:6.2.1+dfsg-1+deb11u1) over (2:6.2.1+dfsg-1) ...
Setting up libgmp10:amd64 (2:6.2.1+dfsg-1+deb11u1) ...
Selecting previously unselected package libgmpxx4ldbl:amd64.
(Reading database ... 
(Reading database ... 5%
(Reading database ... 10%
(Reading database ... 15%
(Reading database ... 20%
(Reading database ... 25%
(Reading database ... 30%
(Reading database ... 35%
(Reading database ... 40%
(Reading database ... 45%
(Reading database ... 50%
(Reading database ... 55%
(Reading database ... 60%
(Reading database ... 65%
(Reading database ... 70%
(Reading database ... 75%
(Reading database ... 80%
(Reading database ... 85%
(Reading database ... 90%
(Reading database ... 95%
(Reading database ... 100%
(Reading database ... 22419 files and directories currently installed.)
Preparing to unpack .../libgmpxx4ldbl_2%3a6.2.1+dfsg-1+deb11u1_amd64.deb ...
Unpacking libgmpxx4ldbl:amd64 (2:6.2.1+dfsg-1+deb11u1) ...
Selecting previously unselected package libgmp-dev:amd64.
Preparing to unpack .../libgmp-dev_2%3a6.2.1+dfsg-1+deb11u1_amd64.deb ...
Unpacking libgmp-dev:amd64 (2:6.2.1+dfsg-1+deb11u1) ...
Setting up libgmpxx4ldbl:amd64 (2:6.2.1+dfsg-1+deb11u1) ...
Setting up libgmp-dev:amd64 (2:6.2.1+dfsg-1+deb11u1) ...
Processing triggers for libc-bin (2.31-13) ...
Note: Deploying xmlada=21.0.0...
#=#=#                                                                         
##O#-#                                                                        
##O=#  #                                                                      
#-#O=#  #                                                                     
 #-#O=#   #                                                                   
Note: Running post_fetch actions for xmlada=21.0.0...
checking build system type... x86_64-unknown-linux-gnu
checking host system type... x86_64-unknown-linux-gnu
checking target system type... x86_64-unknown-linux-gnu
checking whether gnat can build shared libs... yes
checking for a BSD-compatible install... /usr/bin/install -c
checking whether ln -s works... yes
configure: creating ./config.status
config.status: creating xmlada_shared.gpr
config.status: creating Makefile
config.status: creating tests/dom/default.gpr
Note: Deploying libgpr=21.0.0...
#=#=#                                                                         
##O#-#                                                                        
##O=#  #                                                                      
#-#O=#  #                                                                     
 #-#O=#   #                                                                   
Note: Deploying gnatcoll=21.0.0...
#=#=#                                                                         
##O#-#                                                                        
##O=#  #                                                                      
#=#=-#  #                                                                     
 #=#=-#   #                                                                   
  #=#=- #   #                                                                 
Note: Deploying gnatcoll_gmp=21.0.0...
#=#=#                                                                         
##O#-#                                                                        
##O=#  #                                                                      
#-#O=#  #                                                                     
Note: Deploying gnatcoll_iconv=21.0.0...
#=#=#                                                                         
##O#-#                                                                        
##O=#  #                                                                      
Note: Deploying langkit_support=21.0.0...
#=#=#                                                                         
##O#-#                                                                        
##O=#  #                                                                      

####################                                                      28.0%
######################################################################## 100.0%
Note: Deploying libadalang=21.0.0...
#=#=#                                                                         
##O#-#                                                                        

######################################################################## 100.0%
Note: Building lal_highlight/highlight.gpr...
Setup
   [mkdir]        object directory for project XmlAda_Sax
   [mkdir]        library directory for project XmlAda_Sax
   [mkdir]        object directory for project XmlAda_Schema
   [mkdir]        object directory for project GPR
   [mkdir]        library directory for project GPR
   [mkdir]        object directory for project GnatColl
   [mkdir]        library directory for project GnatColl
   [mkdir]        object directory for project GnatColl_Iconv
   [mkdir]        library directory for project GnatColl_Iconv
   [mkdir]        object directory for project GnatColl_GMP
   [mkdir]        library directory for project GnatColl_GMP
   [mkdir]        object directory for project Langkit_Support
   [mkdir]        library directory for project Langkit_Support
   [mkdir]        object directory for project Libadalang
   [mkdir]        library directory for project Libadalang
   [mkdir]        object directory for project Highlight
   [mkdir]        exec directory for project Highlight
Compile
   [Ada]          highlight.adb
   [Ada]          ada2web.adb
   [Ada]          langkit_support-diagnostics.adb
   [Ada]          langkit_support-token_data_handlers.adb
   [Ada]          langkit_support-vectors.adb
   [Ada]          langkit_support-adalog-pure_relations.adb
   [Ada]          langkit_support-adalog-unify.adb
   [Ada]          langkit_support-adalog-abstract_relation.adb
   [Ada]          langkit_support-symbols-precomputed.adb
   [Ada]          langkit_support-adalog-logic_var.ads
   [Ada]          langkit_support-boxes.adb
   [Ada]          langkit_support-errors.ads
   [Ada]          langkit_support-text.adb
   [Ada]          langkit_support.ads
   [Ada]          langkit_support-symbols.adb
   [Ada]          langkit_support-adalog-eq_same.adb
   [Ada]          langkit_support-adalog-debug.adb
   [Ada]          langkit_support-hashes.adb
   [Ada]          langkit_support-adalog-operations.adb
   [Ada]          langkit_support-adalog-relations.adb
   [Ada]          langkit_support-relative_get.adb
   [Ada]          langkit_support-array_utils.adb
   [Ada]          langkit_support-adalog-logic_ref.adb
   [Ada]          langkit_support-adalog-main_support.adb
   [Ada]          langkit_support-bump_ptr-vectors.adb
   [Ada]          langkit_support-packrat.adb
   [Ada]          langkit_support-adalog-predicates.adb
   [Ada]          langkit_support-adalog-unify_one_side.adb
   [Ada]          langkit_support-types.ads
   [Ada]          langkit_support-images.adb
   [Ada]          langkit_support-cheap_sets.adb
   [Ada]          langkit_support-slocs.adb
   [Ada]          langkit_support-iterators.adb
   [Ada]          langkit_support-lexical_env.adb
   [Ada]          langkit_support-bump_ptr.adb
   [Ada]          langkit_support-diagnostics-output.adb
   [Ada]          langkit_support-tree_traversal_iterator.adb
   [Ada]          langkit_support-adalog-unify_lr.adb
   [Ada]          langkit_support-adalog.ads
   [C]            gnatcoll-gmp-mpz_odd_p.c
   [C]            gnatcoll-gmp-mpz_even_p.c
   [C]            gnatcoll-gmp-mpz_sign.c
   [C]            gmp_support.c
   [Ada]          gnatcoll-gmp-integers-random.adb
   [Ada]          gnatcoll-gmp-integers.adb
   [Ada]          gnatcoll-gmp.ads
   [Ada]          gnatcoll-gmp-integers-io.adb
   [Ada]          gnatcoll-gmp-integers-root_extraction.adb
   [Ada]          gnatcoll-gmp-integers-misc.adb
   [Ada]          gnatcoll-gmp-lib.ads
   [Ada]          gnatcoll-gmp-integers-number_theoretic.adb
   [Ada]          gnatcoll-gmp-random_state.adb
   [C]            libadalang-gdb.c
   [Ada]          libadalang-introspection.adb
   [Ada]          libadalang-sources.adb
   [Ada]          libadalang-public_converters.adb
   [Ada]          libadalang-introspection_implementation.adb
   [Ada]          libadalang-analysis.adb
   [Ada]          libadalang-common.adb
   [Ada]          libadalang-c.adb
   [Ada]          libadalang-unparsing.adb
   [Ada]          libadalang-implementation.adb
   [Ada]          libadalang-unit_files.adb
   [Ada]          libadalang-lexer_state_machine.adb
   [Ada]          libadalang-env_hooks.adb
   [Ada]          libadalang-unparsing_implementation.adb
   [Ada]          libadalang-expr_eval.adb
   [Ada]          libadalang.ads
   [Ada]          libadalang-project_provider.adb
   [Ada]          libadalang-lexer.adb
   [Ada]          libadalang-auto_provider.adb
   [Ada]          libadalang-debug.adb
   [Ada]          libadalang-lexer_implementation.adb
   [Ada]          libadalang-rewriting.adb
   [Ada]          libadalang-doc_utils.adb
   [Ada]          libadalang-rewriting_implementation.adb
   [Ada]          libadalang-implementation-c.adb
   [Ada]          libadalang-implementation-c-extensions.adb
   [Ada]          libadalang-private_converters.ads
   [Ada]          libadalang-implementation-extensions.adb
   [Ada]          libadalang-iterators-extensions.adb
   [Ada]          libadalang-gpr_lock.ads
   [Ada]          libadalang-helpers.adb
   [Ada]          libadalang-internal_default_provider.adb
   [Ada]          libadalang-iterators.adb
   [Ada]          libadalang-parsers.adb
   [Ada]          schema-readers.adb
   [Ada]          schema-validators-xsd_grammar.adb
   [Ada]          schema.adb
   [Ada]          schema-validators.adb
   [Ada]          schema-simple_types.adb
   [Ada]          schema-decimal.adb
   [Ada]          schema-date_time.adb
   [Ada]          schema-schema_readers.adb
   [Ada]          schema-dom_readers.adb
   [Ada]          dom-core-comments.ads
   [Ada]          dom-core-character_datas.adb
   [Ada]          dom-core-document_fragments.ads
   [Ada]          dom-core-attrs.adb
   [Ada]          dom-core-processing_instructions.ads
   [Ada]          dom-core-texts.adb
   [Ada]          dom-core-nodes.adb
   [Ada]          dom-core-documents.adb
   [Ada]          dom-core-elements.adb
   [Ada]          dom-readers.adb
   [Ada]          dom-core-cdata_sections.ads
   [Ada]          dom.ads
   [Ada]          dom-core-document_types.adb
   [Ada]          dom-core-notations.adb
   [Ada]          dom-core.adb
   [Ada]          dom-core-entity_references.ads
   [Ada]          input_sources.adb
   [Ada]          input_sources-socket.adb
   [Ada]          input_sources-http.adb
   [Ada]          input_sources-file.adb
   [Ada]          input_sources-strings.adb
   [Ada]          sax-locators.adb
   [Ada]          sax-symbols.adb
   [Ada]          sax-encodings.ads
   [Ada]          sax-utils.adb
   [Ada]          sax-attributes.adb
   [Ada]          sax-state_machines.adb
   [Ada]          sax-exceptions.adb
   [Ada]          sax-models.adb
   [Ada]          sax-pointers.adb
   [Ada]          sax-htable.adb
   [Ada]          sax-readers.adb
   [Ada]          sax.ads
   [Ada]          unicode-names-supplemental_punctuation.ads
   [Ada]          unicode-names-samaritan.ads
   [Ada]          unicode-names-mathematical_operators.ads
   [Ada]          unicode-names-variation_selectors.ads
   [Ada]          unicode-names-vedic_extensions.ads
   [Ada]          unicode-names-ol_chiki.ads
   [Ada]          unicode-ccs-windows_1251.adb
   [Ada]          unicode-names-latin_1_supplement.ads
   [Ada]          unicode-names-lycian.ads
   [Ada]          unicode-names-deseret.ads
   [Ada]          unicode-names-myanmar_extended_b.ads
   [Ada]          unicode-names-control_pictures.ads
   [Ada]          unicode-names-sinhala.ads
   [Ada]          unicode-names-old_hungarian.ads
   [Ada]          unicode-names-hangul_jamo_extended_a.ads
   [Ada]          unicode-names-tai_le.ads
   [Ada]          unicode-names-saurashtra.ads
   [Ada]          unicode-names-common_indic_number_forms.ads
   [Ada]          unicode-ces.adb
   [Ada]          unicode-names-canadian_aboriginal.ads
   [Ada]          unicode-names-batak.ads
   [Ada]          unicode-names-kana_supplement.ads
   [Ada]          unicode-names-canadian_aboriginal_ext.ads
   [Ada]          unicode-names-nabataean.ads
   [Ada]          unicode-names-new_tai_lue.ads
   [Ada]          unicode-names-kanbun.ads
   [Ada]          unicode-names-khmer_symbols.ads
   [Ada]          unicode-names-musical_symbols.ads
   [Ada]          unicode-names-limbu.ads
   [Ada]          unicode-names-lao.ads
   [Ada]          unicode-names-katakana_phonetic_ext.ads
   [Ada]          unicode-names-buginese.ads
   [Ada]          unicode-names-playing_cards.ads
   [Ada]          unicode-names-sharada.ads
   [Ada]          unicode-names-sup_math_operators.ads
   [Ada]          unicode-names-thaana.ads
   [Ada]          unicode-names-miscellaneous_symbols.ads
   [Ada]          unicode-names-sundanese_supplement.ads
   [Ada]          unicode-names-early_dynastic_cuneiform.ads
   [Ada]          unicode-names-currency_symbols.ads
   [Ada]          unicode.adb
   [Ada]          unicode-names-phonetic_extensions.ads
   [Ada]          unicode-names-khudawadi.ads
   [Ada]          unicode-names-number_forms.ads
   [Ada]          unicode-names-grantha.ads
   [Ada]          unicode-names-bengali.ads
   [Ada]          unicode-names-vai.ads
   [Ada]          unicode-names-devanagari_extended.ads
   [Ada]          unicode-names-letterlike_symbols.ads
   [Ada]          unicode-names-tai_tham.ads
   [Ada]          unicode-names-pahawh_hmong.ads
   [Ada]          unicode-names-kayah_li.ads
   [Ada]          unicode-names-old_north_arabian.ads
   [Ada]          unicode-names-geometric_shapes.ads
   [Ada]          unicode-names-tifinagh.ads
   [Ada]          unicode-names-emoticons.ads
   [Ada]          unicode-names-mandaic.ads
   [Ada]          unicode-names-rumi_numeral_symbols.ads
   [Ada]          unicode-names-ideograph_descr_chars.ads
   [Ada]          unicode-names-mahajani.ads
   [Ada]          unicode-names-kaithi.ads
   [Ada]          unicode-names-cypriot_syllabary.ads
   [Ada]          unicode-names-phags_pa.ads
   [Ada]          unicode-names-lydian.ads
   [Ada]          unicode-names-bamum.ads
   [Ada]          unicode-names-counting_rod_numerals.ads
   [Ada]          unicode-names-coptic_epact_numbers.ads
   [Ada]          unicode-names-yi_radicals.ads
   [Ada]          unicode-names-cyrillic_extended_a.ads
   [Ada]          unicode-names.ads
   [Ada]          unicode-names-half_full_width_forms.ads
   [Ada]          unicode-names-hangul_jamo_extended_b.ads
   [Ada]          unicode-names-hatran.ads
   [Ada]          unicode-ccs-iso_8859_15.adb
   [Ada]          unicode-names-old_turkic.ads
   [Ada]          unicode-names-arabic_extended_a.ads
   [Ada]          unicode-ccs-windows_1252.adb
   [Ada]          unicode-names-glagolitic.ads
   [Ada]          unicode-names-dingbats.ads
   [Ada]          unicode-names-geometric_shapes_extended.ads
   [Ada]          unicode-names-ethiopic_supplement.ads
   [Ada]          unicode-names-yijing_hexagram_symbols.ads
   [Ada]          unicode-names-misc_symbols_pictographs.ads
   [Ada]          unicode-names-multani.ads
   [Ada]          unicode-ccs-iso_8859_4.adb
   [Ada]          unicode-names-enclosed_ideographic_sup.ads
   [Ada]          unicode-names-hebrew.ads
   [Ada]          unicode-names-enclosed_alphanum_sup.ads
   [Ada]          unicode-names-miao.ads
   [Ada]          unicode-names-cjk_symbols_and_punct.ads
   [Ada]          unicode-names-meroitic_cursive.ads
   [Ada]          unicode-names-osmanya.ads
   [Ada]          unicode-names-bamum_supplement.ads
   [Ada]          unicode-names-latin_extended_a.ads
   [Ada]          unicode-names-latin_extended_c.ads
   [Ada]          unicode-names-cuneiform.ads
   [Ada]          unicode-names-old_italic.ads
   [Ada]          unicode-names-cherokee.ads
   [Ada]          unicode-names-rejang.ads
   [Ada]          unicode-names-arabic.ads
   [Ada]          unicode-names-kangxi_radicals.ads
   [Ada]          unicode-names-siddham.ads
   [Ada]          unicode-ccs-iso_8859_2.adb
   [Ada]          unicode-names-supplemental_arrows_c.ads
   [Ada]          unicode-names-ethiopic.ads
   [Ada]          unicode-names-transport_and_map_symbols.ads
   [Ada]          unicode-names-gurmukhi.ads
   [Ada]          unicode-names-katakana.ads
   [Ada]          unicode-names-cuneiform_num_punctuation.ads
   [Ada]          unicode-names-old_permic.ads
   [Ada]          unicode-names-alpha_presentation_forms.ads
   [Ada]          unicode-names-palmyrene.ads
   [Ada]          unicode-names-cyrillic_supplement.ads
   [Ada]          unicode-names-old_persian.ads
   [Ada]          unicode-names-kannada.ads
   [Ada]          unicode-names-tags.ads
   [Ada]          unicode-names-cham.ads
   [Ada]          unicode-names-arabic_supplement.ads
   [Ada]          unicode-names-arabic_present_formsa.ads
   [Ada]          unicode-names-box_drawing.ads
   [Ada]          unicode-names-cjk_compatibility_forms.ads
   [Ada]          unicode-names-ipa_extensions.ads
   [Ada]          unicode-names-syloti_nagri.ads
   [Ada]          unicode-names-super_and_sub_scripts.ads
   [Ada]          unicode-names-elbasan.ads
   [Ada]          unicode-names-cjk_compat_ideographs.ads
   [Ada]          unicode-names-telugu.ads
   [Ada]          unicode-names-sutton_signwriting.ads
   [Ada]          unicode-names-enclosed_alphanumerics.ads
   [Ada]          unicode-names-linear_b_syllabary.ads
   [Ada]          unicode-names-variation_selectors_sup.ads
   [Ada]          unicode-names-cjk_strokes.ads
   [Ada]          unicode-names-block_elements.ads
   [Ada]          unicode-names-small_form_variants.ads
   [Ada]          unicode-names-oriya.ads
   [Ada]          unicode-names-ethiopic_extended.ads
   [Ada]          unicode-names-general_punctuation.ads
   [Ada]          unicode-names-cyrillic.ads
   [Ada]          unicode-names-egyptian_hieroglyphs.ads
   [Ada]          unicode-names-misc_math_symbols_b.ads
   [Ada]          unicode-names-latin_extended_b.ads
   [Ada]          unicode-names-misc_math_symbols_a.ads
   [Ada]          unicode-names-takri.ads
   [Ada]          unicode-names-ancient_greek_music.ads
   [Ada]          unicode-names-javanese.ads
   [Ada]          unicode-names-optical_chars_recognition.ads
   [Ada]          unicode-ccs-iso_8859_3.adb
   [Ada]          unicode-names-coptic.ads
   [Ada]          unicode-names-ethiopic_extended_a.ads
   [Ada]          unicode-names-malayalam.ads
   [Ada]          unicode-names-myanmar_extended_a.ads
   [Ada]          unicode-names-shavian.ads
   [Ada]          unicode-names-warang_citi.ads
   [Ada]          unicode-names-buhid.ads
   [Ada]          unicode-names-brahmi.ads
   [Ada]          unicode-names-pau_cin_hau.ads
   [Ada]          unicode-names-spacing_modifier_letters.ads
   [Ada]          unicode-names-ornamental_dingbats.ads
   [Ada]          unicode-names-cjk_radicals_supplement.ads
   [Ada]          unicode-encodings.adb
   [Ada]          unicode-names-tirhuta.ads
   [Ada]          unicode-names-miscellaneous_technical.ads
   [Ada]          unicode-names-sora_sompeng.ads
   [Ada]          unicode-names-bopomofo.ads
   [Ada]          unicode-names-cherokee_supplement.ads
   [Ada]          unicode-names-ahom.ads
   [Ada]          unicode-ces-utf32.adb
   [Ada]          unicode-names-phoenician.ads
   [Ada]          unicode-names-chakma.ads
   [Ada]          unicode-names-linear_b_ideograms.ads
   [Ada]          unicode-names-thai.ads
   [Ada]          unicode-names-inscriptional_pahlavi.ads
   [Ada]          unicode-names-mende_kikakui.ads
   [Ada]          unicode-names-khmer.ads
   [Ada]          unicode-names-georgian_supplement.ads
   [Ada]          unicode-names-tai_xuan_jing_symbols.ads
   [Ada]          unicode-names-nko.ads
   [Ada]          unicode-names-manichaean.ads
   [Ada]          unicode-names-georgian.ads
   [Ada]          unicode-names-carian.ads
   [Ada]          unicode-names-supplemental_arrows_b.ads
   [Ada]          unicode-ces-utf16.adb
   [Ada]          unicode-names-caucasian_albanian.ads
   [Ada]          unicode-names-cjk_compat_ideo_sup.ads
   [Ada]          unicode-names-ancient_symbols.ads
   [Ada]          unicode-names-runic.ads
   [Ada]          unicode-names-shorthand_format_controls.ads
   [Ada]          unicode-ccs-iso_8859_1.adb
   [Ada]          unicode-names-cyrillic_extended_b.ads
   [Ada]          unicode-names-vertical_forms.ads
   [Ada]          unicode-names-latin_extended_e.ads
   [Ada]          unicode-names-tamil.ads
   [Ada]          unicode-names-duployan.ads
   [Ada]          unicode-names-meroitic_hieroglyphs.ads
   [Ada]          unicode-names-linear_a.ads
   [Ada]          unicode-names-braille_patterns.ads
   [Ada]          unicode-names-sinhala_archaic_numbers.ads
   [Ada]          unicode-names-ugaritic.ads
   [Ada]          unicode-names-ancient_greek_numbers.ads
   [Ada]          unicode-names-ogham.ads
   [Ada]          unicode-names-arabic_math_alpha_symb.ads
   [Ada]          unicode-ces-basic_8bit.adb
   [Ada]          unicode-names-hiragana.ads
   [Ada]          unicode-ccs.adb
   [Ada]          unicode-names-phonetic_ext_sup.ads
   [Ada]          unicode-names-gothic.ads
   [Ada]          unicode-names-old_south_arabian.ads
   [Ada]          unicode-names-arrows.ads
   [Ada]          unicode-names-combining_diacritical_ext.ads
   [Ada]          unicode-names-tagbanwa.ads
   [Ada]          unicode-names-domino_tiles.ads
   [Ada]          unicode-names-modifier_tone_letters.ads
   [Ada]          unicode-names-tai_viet.ads
   [Ada]          unicode-names-armenian.ads
   [Ada]          unicode-names-imperial_aramaic.ads
   [Ada]          unicode-names-phaistos_disc.ads
   [Ada]          unicode-names-latin_extended_additional.ads
   [Ada]          unicode-names-kharoshthi.ads
   [Ada]          unicode-names-yi_syllables.ads
   [Ada]          unicode-names-meetei_mayek.ads
   [Ada]          unicode-names-anatolian_hieroglyphs.ads
   [Ada]          unicode-names-combining_half_marks.ads
   [Ada]          unicode-names-greek_and_coptic.ads
   [Ada]          unicode-names-meetei_mayek_extensions.ads
   [Ada]          unicode-names-khojki.ads
   [Ada]          unicode-names-aegean_numbers.ads
   [Ada]          unicode-names-myanmar.ads
   [Ada]          unicode-names-balinese.ads
   [Ada]          unicode-names-hangul_jamo.ads
   [Ada]          unicode-names-bassa_vah.ads
   [Ada]          unicode-names-alchemical_symbols.ads
   [Ada]          unicode-names-lepcha.ads
   [Ada]          unicode-names-greek_extended.ads
   [Ada]          unicode-names-mongolian.ads
   [Ada]          unicode-names-avestan.ads
   [Ada]          unicode-names-psalter_pahlavi.ads
   [Ada]          unicode-names-devanagari.ads
   [Ada]          unicode-names-math_alphanumeric_symb.ads
   [Ada]          unicode-names-sundanese.ads
   [Ada]          unicode-names-hangul_compatibility_jamo.ads
   [Ada]          unicode-names-combining_diacritical_sym.ads
   [Ada]          unicode-ces-utf8.adb
   [Ada]          unicode-names-syriac.ads
   [Ada]          unicode-names-tibetan.ads
   [Ada]          unicode-names-basic_latin.ads
   [Ada]          unicode-names-inscriptional_parthian.ads
   [Ada]          unicode-names-modi.ads
   [Ada]          unicode-names-combining_diacritical.ads
   [Ada]          unicode-names-gujarati.ads
   [Ada]          unicode-names-supplemental_arrows_a.ads
   [Ada]          unicode-names-lisu.ads
   [Ada]          unicode-names-misc_symbols_and_arrows.ads
   [Ada]          unicode-names-byzantine_musical_symbols.ads
   [Ada]          unicode-names-arabic_present_formsb.ads
   [Ada]          unicode-names-hanunoo.ads
   [Ada]          unicode-names-mro.ads
   [Ada]          unicode-names-cjk_letters_months.ads
   [Ada]          unicode-names-cjk_compatibility.ads
   [Ada]          unicode-names-mahjong_tiles.ads
   [Ada]          unicode-names-bopomofo_extended.ads
   [Ada]          unicode-names-tagalog.ads
   [Ada]          unicode-names-latin_extended_d.ads
   [Ada]          unicode-names-sup_symbols_pictographs.ads
   [Ada]          unicode-names-specials.ads
   [Ada]          unicode-names-combining_diacritical_sup.ads
   [C]            gpr_imports.c
   [Ada]          gpr-debug.adb
   [Ada]          gpr-pp.adb
   [Ada]          gpr-compilation.adb
   [Ada]          gpr-sinput.adb
   [Ada]          gpr-opt.ads
   [Ada]          gpr-compilation-process-waiter.adb
   [Ada]          gpr-strt.adb
   [Ada]          gpr-script.adb
   [Ada]          gpr-compilation-slave.adb
   [Ada]          gpr-names.adb
   [Ada]          gpr-knowledge.adb
   [Ada]          gpr-compilation-protocol.adb
   [Ada]          gpr-scans.adb
   [Ada]          gpr-output.adb
   [Ada]          gpr-sdefault.ads
   [Ada]          gpr-err.adb
   [Ada]          gpr-env.adb
   [Ada]          gpr-ali.adb
   [Ada]          gpr-erroutc.adb
   [Ada]          gpr-attr.adb
   [Ada]          gpr-dect.adb
   [Ada]          gpr-ext.adb
   [Ada]          gpr-osint.adb
   [Ada]          gpr-attr-pm.adb
   [Ada]          gpr-proc.adb
   [Ada]          gpr_build_util.adb
   [Ada]          gpr-snames.adb
   [Ada]          gpr.adb
   [Ada]          gpr-tree.adb
   [Ada]          gpr-compilation-sync.adb
   [Ada]          gpr-part.adb
   [Ada]          gpr-version.adb
   [Ada]          gpr-compilation-process.adb
   [Ada]          gpr-cset.adb
   [Ada]          gpr-util-aux.adb
   [Ada]          gpr-nmsc.adb
   [Ada]          gpr-com.ads
   [Ada]          gpr-util.adb
   [Ada]          gpr-conf.adb
   [Ada]          gpr-tempdir.adb
   [C]            getRSS.c
   [C]            link_max.c
   [C]            set_std_prefix.c
   [C]            objlist_file.c
   [C]            gnatcoll_support.c
   [C]            separate_run_path_option.c
   [C]            executable_path.c
   [C]            run_path_option.c
   [C]            update_path.c
   [C]            terminals.c
   [Ada]          gnatcoll-paragraph_filling-words.adb
   [Ada]          gnatcoll-paragraph_filling-badnesses.adb
   [Ada]          gnatcoll-paragraph_filling.adb
   [Ada]          gnatcoll-arg_lists.adb
   [Ada]          gnatcoll-io.adb
   [Ada]          gnatcoll-projects.adb
   [Ada]          gnatcoll-scripts-utils.adb
   [Ada]          gnatcoll-vfs_types.ads
   [Ada]          gnatcoll-atomic.adb
   [Ada]          gnatcoll-scripts-impl.adb
   [Ada]          gnatcoll-projects-normalize.adb
   [Ada]          gnatcoll-io-remote-windows.adb
   [Ada]          gnatcoll-formatters.adb
   [Ada]          gnatcoll-remote.ads
   [Ada]          gnatcoll-strings.ads
   [Ada]          gnatcoll-geometry.adb
   [Ada]          gnatcoll-projects-krunch.adb
   [Ada]          gnatcoll-strings_impl.adb
   [Ada]          gnatcoll-json.adb
   [Ada]          gnatcoll-locks.adb
   [Ada]          gnatcoll-io-remote-unix.adb
   [Ada]          gnatcoll-vfs_utils.adb
   [Ada]          gnatcoll-vfs.adb
   [Ada]          gnatcoll-path.adb
   [Ada]          gnatcoll-mmap.adb
   [Ada]          gnatcoll-email-parser.adb
   [Ada]          gnatcoll-refcount.adb
   [Ada]          gnatcoll-pools.adb
   [Ada]          gnatcoll-refcount-weakref.adb
   [Ada]          gnatcoll-io-native.adb
   [Ada]          gnatcoll-scripts-files.adb
   [Ada]          gnatcoll-terminal.adb
   [Ada]          gnatcoll-storage_pools-alignment.adb
   [Ada]          gnatcoll-utils.adb
   [Ada]          gnatcoll-email-utils.adb
   [Ada]          gnatcoll-promises.adb
   [Ada]          gnatcoll-coders-streams.adb
   [Ada]          gnatcoll-traces.adb
   [Ada]          gnatcoll-scripts.adb
   [Ada]          gnatcoll-format_columns_vertical.ads
   [Ada]          gnatcoll-os.ads
   [Ada]          gnatcoll-boyer_moore.adb
   [Ada]          gnatcoll-config.adb
   [Ada]          gnatcoll-tribooleans.adb
   [Ada]          gnatcoll-asserts.adb
   [Ada]          gnatcoll-any_types.adb
   [Ada]          gnatcoll-coders.adb
   [Ada]          gnatcoll-scripts-shell.adb
   [Ada]          gnatcoll-json-utility.adb
   [Ada]          gnatcoll-email-mailboxes.adb
   [Ada]          gnatcoll-email.adb
   [Ada]          gnatcoll-memory.adb
   [Ada]          gnatcoll-scripts-projects.adb
   [Ada]          gnatcoll-coders-base64.adb
   [Ada]          gnatcoll-symbols.adb
   [Ada]          gnatcoll.ads
   [Ada]          gnatcoll-storage_pools.ads
   [Ada]          gnatcoll-templates.adb
   [Ada]          gnatcoll-io-remote.adb
   [Ada]          gnatcoll-storage_pools-headers.adb
   [Ada]          gnatcoll-projects-aux.adb
   [Ada]          gnatcoll-remote-db.adb
   [Ada]          gnatcoll-opt_parse.adb
   [Ada]          gnatcoll-string_builders.adb
   [Ada]          gnatcoll-mmap-system__unix.adb
   [Ada]          gnatcoll-plugins__unix.adb
   [Ada]          gnatcoll-os-constants__unix.ads
   [C]            iconv_support.c
   [Ada]          gnatcoll-iconv.adb
   [Ada]          colors.ads
   [Ada]          highlighter.adb
   [Ada]          html.adb
   [Ada]          term256.adb
Build Libraries
   [gprlib]       xmlada_unicode.lexch
   [gprlib]       xmlada_input_sources.lexch
   [link library] libxmlada_unicode.so
   [gprlib]       xmlada_sax.lexch
   [link library] libxmlada_input_sources.so
   [gprlib]       xmlada_dom.lexch
   [link library] libxmlada_sax.so
   [gprlib]       xmlada_schema.lexch
   [link library] libxmlada_dom.so
   [gprlib]       gpr.lexch
   [link library] libxmlada_schema.so
   [gprlib]       gnatcoll.lexch
   [link library] libgpr.so
   [gprlib]       gnatcoll_iconv.lexch
   [link library] libgnatcoll.so
   [gprlib]       gnatcoll_gmp.lexch
   [link library] libgnatcoll_iconv.so
Using built-in specs.
COLLECT_GCC=/usr/bin/gnatgcc
COLLECT_LTO_WRAPPER=/usr/lib/gcc/x86_64-linux-gnu/10/lto-wrapper
OFFLOAD_TARGET_NAMES=nvptx-none:amdgcn-amdhsa:hsa
OFFLOAD_TARGET_DEFAULT=1
Target: x86_64-linux-gnu
Configured with: ../src/configure -v --with-pkgversion='Debian 10.2.1-6' --with-bugurl=file:///usr/share/doc/gcc-10/README.Bugs --enable-languages=c,ada,c++,go,brig,d,fortran,objc,obj-c++,m2 --prefix=/usr --with-gcc-major-version-only --program-suffix=-10 --program-prefix=x86_64-linux-gnu- --enable-shared --enable-linker-build-id --libexecdir=/usr/lib --without-included-gettext --enable-threads=posix --libdir=/usr/lib --enable-nls --enable-bootstrap --enable-clocale=gnu --enable-libstdcxx-debug --enable-libstdcxx-time=yes --with-default-libstdcxx-abi=new --enable-gnu-unique-object --disable-vtable-verify --enable-plugin --enable-default-pie --with-system-zlib --enable-libphobos-checking=release --with-target-system-zlib=auto --enable-objc-gc=auto --enable-multiarch --disable-werror --with-arch-32=i686 --with-abi=m64 --with-multilib-list=m32,m64,mx32 --enable-multilib --with-tune=generic --enable-offload-targets=nvptx-none=/build/gcc-10-Km9U7s/gcc-10-10.2.1/debian/tmp-nvptx/usr,amdgcn-amdhsa=/build/gcc-10-Km9U7s/gcc-10-10.2.1/debian/tmp-gcn/usr,hsa --without-cuda-driver --enable-checking=release --build=x86_64-linux-gnu --host=x86_64-linux-gnu --target=x86_64-linux-gnu --with-build-config=bootstrap-lto-lean --enable-link-mutex
Thread model: posix
Supported LTO compression algorithms: zlib zstd
gcc version 10.2.1 20210110 (Debian 10.2.1-6) 
COMPILER_PATH=/usr/lib/gcc/x86_64-linux-gnu/10/:/usr/lib/gcc/x86_64-linux-gnu/10/:/usr/lib/gcc/x86_64-linux-gnu/:/usr/lib/gcc/x86_64-linux-gnu/10/:/usr/lib/gcc/x86_64-linux-gnu/
LIBRARY_PATH=/usr/lib/gcc/x86_64-linux-gnu/10/:/usr/lib/gcc/x86_64-linux-gnu/10/../../../x86_64-linux-gnu/:/usr/lib/gcc/x86_64-linux-gnu/10/../../../../lib/:/lib/x86_64-linux-gnu/:/lib/../lib/:/usr/lib/x86_64-linux-gnu/:/usr/lib/../lib/:/usr/lib/gcc/x86_64-linux-gnu/10/../../../:/lib/:/usr/lib/
COLLECT_GCC_OPTIONS='-shared' '-o' '/home/runner/work/alire-crates-ci/alire-crates-ci/test/bec45d7b-2c6a-43b8-bc01-95b9f5dcda74/lal_highlight_21.0.0_357f237b/alire/cache/dependencies/gnatcoll_iconv_21.0.0_0278508b/iconv/lib/relocatable/libgnatcoll_iconv.so.21.0.0' '-L/usr/lib/gcc/x86_64-linux-gnu/10//adalib' '-L/home/runner/work/alire-crates-ci/alire-crates-ci/test/bec45d7b-2c6a-43b8-bc01-95b9f5dcda74/lal_highlight_21.0.0_357f237b/alire/cache/dependencies/gnatcoll_21.0.0_6c0439a3/lib/gnatcoll/relocatable/' '-L/home/runner/work/alire-crates-ci/alire-crates-ci/test/bec45d7b-2c6a-43b8-bc01-95b9f5dcda74/lal_highlight_21.0.0_357f237b/alire/cache/dependencies/libgpr_21.0.0_49263e36/gpr/lib/production/relocatable/' '-L/home/runner/work/alire-crates-ci/alire-crates-ci/test/bec45d7b-2c6a-43b8-bc01-95b9f5dcda74/lal_highlight_21.0.0_357f237b/alire/cache/dependencies/xmlada_21.0.0_836d1890/schema/lib/relocatable/' '-L/home/runner/work/alire-crates-ci/alire-crates-ci/test/bec45d7b-2c6a-43b8-bc01-95b9f5dcda74/lal_highlight_21.0.0_357f237b/alire/cache/dependencies/xmlada_21.0.0_836d1890/dom/lib/relocatable/' '-L/home/runner/work/alire-crates-ci/alire-crates-ci/test/bec45d7b-2c6a-43b8-bc01-95b9f5dcda74/lal_highlight_21.0.0_357f237b/alire/cache/dependencies/xmlada_21.0.0_836d1890/sax/lib/relocatable/' '-L/home/runner/work/alire-crates-ci/alire-crates-ci/test/bec45d7b-2c6a-43b8-bc01-95b9f5dcda74/lal_highlight_21.0.0_357f237b/alire/cache/dependencies/xmlada_21.0.0_836d1890/input_sources/lib/relocatable/' '-L/home/runner/work/alire-crates-ci/alire-crates-ci/test/bec45d7b-2c6a-43b8-bc01-95b9f5dcda74/lal_highlight_21.0.0_357f237b/alire/cache/dependencies/xmlada_21.0.0_836d1890/unicode/lib/relocatable/' '-v' '-mtune=generic' '-march=x86-64'
 /usr/lib/gcc/x86_64-linux-gnu/10/collect2 -plugin /usr/lib/gcc/x86_64-linux-gnu/10/liblto_plugin.so -plugin-opt=/usr/lib/gcc/x86_64-linux-gnu/10/lto-wrapper -plugin-opt=-fresolution=/tmp/ccRKgs9w.res -plugin-opt=-pass-through=-lgcc -plugin-opt=-pass-through=-lgcc_s -plugin-opt=-pass-through=-lc -plugin-opt=-pass-through=-lgcc -plugin-opt=-pass-through=-lgcc_s --build-id --eh-frame-hdr -m elf_x86_64 --hash-style=gnu --as-needed -shared -o /home/runner/work/alire-crates-ci/alire-crates-ci/test/bec45d7b-2c6a-43b8-bc01-95b9f5dcda74/lal_highlight_21.0.0_357f237b/alire/cache/dependencies/gnatcoll_iconv_21.0.0_0278508b/iconv/lib/relocatable/libgnatcoll_iconv.so.21.0.0 /usr/lib/gcc/x86_64-linux-gnu/10/../../../x86_64-linux-gnu/crti.o /usr/lib/gcc/x86_64-linux-gnu/10/crtbeginS.o -L/usr/lib/gcc/x86_64-linux-gnu/10//adalib -L/home/runner/work/alire-crates-ci/alire-crates-ci/test/bec45d7b-2c6a-43b8-bc01-95b9f5dcda74/lal_highlight_21.0.0_357f237b/alire/cache/dependencies/gnatcoll_21.0.0_6c0439a3/lib/gnatcoll/relocatable/ -L/home/runner/work/alire-crates-ci/alire-crates-ci/test/bec45d7b-2c6a-43b8-bc01-95b9f5dcda74/lal_highlight_21.0.0_357f237b/alire/cache/dependencies/libgpr_21.0.0_49263e36/gpr/lib/production/relocatable/ -L/home/runner/work/alire-crates-ci/alire-crates-ci/test/bec45d7b-2c6a-43b8-bc01-95b9f5dcda74/lal_highlight_21.0.0_357f237b/alire/cache/dependencies/xmlada_21.0.0_836d1890/schema/lib/relocatable/ -L/home/runner/work/alire-crates-ci/alire-crates-ci/test/bec45d7b-2c6a-43b8-bc01-95b9f5dcda74/lal_highlight_21.0.0_357f237b/alire/cache/dependencies/xmlada_21.0.0_836d1890/dom/lib/relocatable/ -L/home/runner/work/alire-crates-ci/alire-crates-ci/test/bec45d7b-2c6a-43b8-bc01-95b9f5dcda74/lal_highlight_21.0.0_357f237b/alire/cache/dependencies/xmlada_21.0.0_836d1890/sax/lib/relocatable/ -L/home/runner/work/alire-crates-ci/alire-crates-ci/test/bec45d7b-2c6a-43b8-bc01-95b9f5dcda74/lal_highlight_21.0.0_357f237b/alire/cache/dependencies/xmlada_21.0.0_836d1890/input_sources/lib/relocatable/ -L/home/runner/work/alire-crates-ci/alire-crates-ci/test/bec45d7b-2c6a-43b8-bc01-95b9f5dcda74/lal_highlight_21.0.0_357f237b/alire/cache/dependencies/xmlada_21.0.0_836d1890/unicode/lib/relocatable/ -L/usr/lib/gcc/x86_64-linux-gnu/10 -L/usr/lib/gcc/x86_64-linux-gnu/10/../../../x86_64-linux-gnu -L/usr/lib/gcc/x86_64-linux-gnu/10/../../../../lib -L/lib/x86_64-linux-gnu -L/lib/../lib -L/usr/lib/x86_64-linux-gnu -L/usr/lib/../lib -L/usr/lib/gcc/x86_64-linux-gnu/10/../../.. -z origin -rpath $ORIGIN/../../../..//gnatcoll_21.0.0_6c0439a3/lib/gnatcoll/relocatable:$ORIGIN/../../../..//libgpr_21.0.0_49263e36/gpr/lib/production/relocatable:$ORIGIN/../../../..//xmlada_21.0.0_836d1890/schema/lib/relocatable:$ORIGIN/../../../..//xmlada_21.0.0_836d1890/dom/lib/relocatable:$ORIGIN/../../../..//xmlada_21.0.0_836d1890/sax/lib/relocatable:$ORIGIN/../../../..//xmlada_21.0.0_836d1890/input_sources/lib/relocatable:$ORIGIN/../../../..//xmlada_21.0.0_836d1890/unicode/lib/relocatable:/usr/lib/gcc/x86_64-linux-gnu/10/adalib:/usr/lib64: -soname libgnatcoll_iconv.so.21.0.0 /home/runner/work/alire-crates-ci/alire-crates-ci/test/bec45d7b-2c6a-43b8-bc01-95b9f5dcda74/lal_highlight_21.0.0_357f237b/alire/cache/dependencies/gnatcoll_iconv_21.0.0_0278508b/iconv/obj/relocatable/gnatcoll-iconv.o /home/runner/work/alire-crates-ci/alire-crates-ci/test/bec45d7b-2c6a-43b8-bc01-95b9f5dcda74/lal_highlight_21.0.0_357f237b/alire/cache/dependencies/gnatcoll_iconv_21.0.0_0278508b/iconv/obj/relocatable/iconv_support.o -lgnatcoll -lgpr -lxmlada_schema -lxmlada_dom -lxmlada_sax -lxmlada_input_sources -lxmlada_unicode -lgnat-10 -lgcc --push-state --as-needed -lgcc_s --pop-state -lc -lgcc --push-state --as-needed -lgcc_s --pop-state /usr/lib/gcc/x86_64-linux-gnu/10/crtendS.o /usr/lib/gcc/x86_64-linux-gnu/10/../../../x86_64-linux-gnu/crtn.o
   [gprlib]       langkit_support.lexch
   [link library] libgnatcoll_gmp.so
COLLECT_GCC_OPTIONS='-shared' '-o' '/home/runner/work/alire-crates-ci/alire-crates-ci/test/bec45d7b-2c6a-43b8-bc01-95b9f5dcda74/lal_highlight_21.0.0_357f237b/alire/cache/dependencies/gnatcoll_iconv_21.0.0_0278508b/iconv/lib/relocatable/libgnatcoll_iconv.so.21.0.0' '-L/usr/lib/gcc/x86_64-linux-gnu/10//adalib' '-L/home/runner/work/alire-crates-ci/alire-crates-ci/test/bec45d7b-2c6a-43b8-bc01-95b9f5dcda74/lal_highlight_21.0.0_357f237b/alire/cache/dependencies/gnatcoll_21.0.0_6c0439a3/lib/gnatcoll/relocatable/' '-L/home/runner/work/alire-crates-ci/alire-crates-ci/test/bec45d7b-2c6a-43b8-bc01-95b9f5dcda74/lal_highlight_21.0.0_357f237b/alire/cache/dependencies/libgpr_21.0.0_49263e36/gpr/lib/production/relocatable/' '-L/home/runner/work/alire-crates-ci/alire-crates-ci/test/bec45d7b-2c6a-43b8-bc01-95b9f5dcda74/lal_highlight_21.0.0_357f237b/alire/cache/dependencies/xmlada_21.0.0_836d1890/schema/lib/relocatable/' '-L/home/runner/work/alire-crates-ci/alire-crates-ci/test/bec45d7b-2c6a-43b8-bc01-95b9f5dcda74/lal_highlight_21.0.0_357f237b/alire/cache/dependencies/xmlada_21.0.0_836d1890/dom/lib/relocatable/' '-L/home/runner/work/alire-crates-ci/alire-crates-ci/test/bec45d7b-2c6a-43b8-bc01-95b9f5dcda74/lal_highlight_21.0.0_357f237b/alire/cache/dependencies/xmlada_21.0.0_836d1890/sax/lib/relocatable/' '-L/home/runner/work/alire-crates-ci/alire-crates-ci/test/bec45d7b-2c6a-43b8-bc01-95b9f5dcda74/lal_highlight_21.0.0_357f237b/alire/cache/dependencies/xmlada_21.0.0_836d1890/input_sources/lib/relocatable/' '-L/home/runner/work/alire-crates-ci/alire-crates-ci/test/bec45d7b-2c6a-43b8-bc01-95b9f5dcda74/lal_highlight_21.0.0_357f237b/alire/cache/dependencies/xmlada_21.0.0_836d1890/unicode/lib/relocatable/' '-v' '-mtune=generic' '-march=x86-64'
   [bind SAL]     langkit_support
   [Ada]          b__langkit_support.adb
   [link library] liblangkit_support.so
   [gprlib]       adalang.lexch
   [bind SAL]     adalang
   [Ada]          b__adalang.adb
   [link library] libadalang.so
Bind
   [gprbind]      highlight.bexch
   [gprbind]      ada2web.bexch
   [Ada]          highlight.ali
   [Ada]          ada2web.ali
Link
   [link]         highlight.adb
   [link]         ada2web.adb
Using built-in specs.
COLLECT_GCC=/usr/bin/gnatgcc
COLLECT_LTO_WRAPPER=/usr/lib/gcc/x86_64-linux-gnu/10/lto-wrapper
OFFLOAD_TARGET_NAMES=nvptx-none:amdgcn-amdhsa:hsa
OFFLOAD_TARGET_DEFAULT=1
Target: x86_64-linux-gnu
Configured with: ../src/configure -v --with-pkgversion='Debian 10.2.1-6' --with-bugurl=file:///usr/share/doc/gcc-10/README.Bugs --enable-languages=c,ada,c++,go,brig,d,fortran,objc,obj-c++,m2 --prefix=/usr --with-gcc-major-version-only --program-suffix=-10 --program-prefix=x86_64-linux-gnu- --enable-shared --enable-linker-build-id --libexecdir=/usr/lib --without-included-gettext --enable-threads=posix --libdir=/usr/lib --enable-nls --enable-bootstrap --enable-clocale=gnu --enable-libstdcxx-debug --enable-libstdcxx-time=yes --with-default-libstdcxx-abi=new --enable-gnu-unique-object --disable-vtable-verify --enable-plugin --enable-default-pie --with-system-zlib --enable-libphobos-checking=release --with-target-system-zlib=auto --enable-objc-gc=auto --enable-multiarch --disable-werror --with-arch-32=i686 --with-abi=m64 --with-multilib-list=m32,m64,mx32 --enable-multilib --with-tune=generic --enable-offload-targets=nvptx-none=/build/gcc-10-Km9U7s/gcc-10-10.2.1/debian/tmp-nvptx/usr,amdgcn-amdhsa=/build/gcc-10-Km9U7s/gcc-10-10.2.1/debian/tmp-gcn/usr,hsa --without-cuda-driver --enable-checking=release --build=x86_64-linux-gnu --host=x86_64-linux-gnu --target=x86_64-linux-gnu --with-build-config=bootstrap-lto-lean --enable-link-mutex
Thread model: posix
Supported LTO compression algorithms: zlib zstd
gcc version 10.2.1 20210110 (Debian 10.2.1-6) 
COMPILER_PATH=/usr/lib/gcc/x86_64-linux-gnu/10/:/usr/lib/gcc/x86_64-linux-gnu/10/:/usr/lib/gcc/x86_64-linux-gnu/:/usr/lib/gcc/x86_64-linux-gnu/10/:/usr/lib/gcc/x86_64-linux-gnu/
LIBRARY_PATH=/usr/lib/gcc/x86_64-linux-gnu/10/:/usr/lib/gcc/x86_64-linux-gnu/10/../../../x86_64-linux-gnu/:/usr/lib/gcc/x86_64-linux-gnu/10/../../../../lib/:/lib/x86_64-linux-gnu/:/lib/../lib/:/usr/lib/x86_64-linux-gnu/:/usr/lib/../lib/:/usr/lib/gcc/x86_64-linux-gnu/10/../../../:/lib/:/usr/lib/
COLLECT_GCC_OPTIONS='-L/home/runner/work/alire-crates-ci/alire-crates-ci/test/bec45d7b-2c6a-43b8-bc01-95b9f5dcda74/lal_highlight_21.0.0_357f237b/alire/cache/dependencies/libadalang_21.0.0_955d2554/lib/dev/' '-L/home/runner/work/alire-crates-ci/alire-crates-ci/test/bec45d7b-2c6a-43b8-bc01-95b9f5dcda74/lal_highlight_21.0.0_357f237b/alire/cache/dependencies/langkit_support_21.0.0_b52319d5/lib/relocatable/dev/' '-L/home/runner/work/alire-crates-ci/alire-crates-ci/test/bec45d7b-2c6a-43b8-bc01-95b9f5dcda74/lal_highlight_21.0.0_357f237b/alire/cache/dependencies/gnatcoll_gmp_21.0.0_0278508b/gmp/lib/relocatable/' '-L/home/runner/work/alire-crates-ci/alire-crates-ci/test/bec45d7b-2c6a-43b8-bc01-95b9f5dcda74/lal_highlight_21.0.0_357f237b/alire/cache/dependencies/gnatcoll_iconv_21.0.0_0278508b/iconv/lib/relocatable/' '-L/home/runner/work/alire-crates-ci/alire-crates-ci/test/bec45d7b-2c6a-43b8-bc01-95b9f5dcda74/lal_highlight_21.0.0_357f237b/alire/cache/dependencies/gnatcoll_21.0.0_6c0439a3/lib/gnatcoll/relocatable/' '-L/home/runner/work/alire-crates-ci/alire-crates-ci/test/bec45d7b-2c6a-43b8-bc01-95b9f5dcda74/lal_highlight_21.0.0_357f237b/alire/cache/dependencies/libgpr_21.0.0_49263e36/gpr/lib/production/relocatable/' '-L/home/runner/work/alire-crates-ci/alire-crates-ci/test/bec45d7b-2c6a-43b8-bc01-95b9f5dcda74/lal_highlight_21.0.0_357f237b/alire/cache/dependencies/xmlada_21.0.0_836d1890/schema/lib/relocatable/' '-L/home/runner/work/alire-crates-ci/alire-crates-ci/test/bec45d7b-2c6a-43b8-bc01-95b9f5dcda74/lal_highlight_21.0.0_357f237b/alire/cache/dependencies/xmlada_21.0.0_836d1890/dom/lib/relocatable/' '-L/home/runner/work/alire-crates-ci/alire-crates-ci/test/bec45d7b-2c6a-43b8-bc01-95b9f5dcda74/lal_highlight_21.0.0_357f237b/alire/cache/dependencies/xmlada_21.0.0_836d1890/sax/lib/relocatable/' '-L/home/runner/work/alire-crates-ci/alire-crates-ci/test/bec45d7b-2c6a-43b8-bc01-95b9f5dcda74/lal_highlight_21.0.0_357f237b/alire/cache/dependencies/xmlada_21.0.0_836d1890/input_sources/lib/relocatable/' '-L/home/runner/work/alire-crates-ci/alire-crates-ci/test/bec45d7b-2c6a-43b8-bc01-95b9f5dcda74/lal_highlight_21.0.0_357f237b/alire/cache/dependencies/xmlada_21.0.0_836d1890/unicode/lib/relocatable/' '-v' '-L/home/runner/work/alire-crates-ci/alire-crates-ci/test/bec45d7b-2c6a-43b8-bc01-95b9f5dcda74/lal_highlight_21.0.0_357f237b/obj/' '-L/home/runner/work/alire-crates-ci/alire-crates-ci/test/bec45d7b-2c6a-43b8-bc01-95b9f5dcda74/lal_highlight_21.0.0_357f237b/obj/' '-L/home/runner/work/alire-crates-ci/alire-crates-ci/test/bec45d7b-2c6a-43b8-bc01-95b9f5dcda74/lal_highlight_21.0.0_357f237b/alire/cache/dependencies/gnatcoll_iconv_21.0.0_0278508b/iconv/lib/relocatable/' '-L/home/runner/work/alire-crates-ci/alire-crates-ci/test/bec45d7b-2c6a-43b8-bc01-95b9f5dcda74/lal_highlight_21.0.0_357f237b/alire/cache/dependencies/gnatcoll_21.0.0_6c0439a3/lib/gnatcoll/relocatable/' '-L/home/runner/work/alire-crates-ci/alire-crates-ci/test/bec45d7b-2c6a-43b8-bc01-95b9f5dcda74/lal_highlight_21.0.0_357f237b/alire/cache/dependencies/libgpr_21.0.0_49263e36/gpr/lib/production/relocatable/' '-L/home/runner/work/alire-crates-ci/alire-crates-ci/test/bec45d7b-2c6a-43b8-bc01-95b9f5dcda74/lal_highlight_21.0.0_357f237b/alire/cache/dependencies/xmlada_21.0.0_836d1890/unicode/lib/relocatable/' '-L/home/runner/work/alire-crates-ci/alire-crates-ci/test/bec45d7b-2c6a-43b8-bc01-95b9f5dcda74/lal_highlight_21.0.0_357f237b/alire/cache/dependencies/xmlada_21.0.0_836d1890/sax/lib/relocatable/' '-L/home/runner/work/alire-crates-ci/alire-crates-ci/test/bec45d7b-2c6a-43b8-bc01-95b9f5dcda74/lal_highlight_21.0.0_357f237b/alire/cache/dependencies/xmlada_21.0.0_836d1890/input_sources/lib/relocatable/' '-L/home/runner/work/alire-crates-ci/alire-crates-ci/test/bec45d7b-2c6a-43b8-bc01-95b9f5dcda74/lal_highlight_21.0.0_357f237b/alire/cache/dependencies/xmlada_21.0.0_836d1890/dom/lib/relocatable/' '-L/home/runner/work/alire-crates-ci/alire-crates-ci/test/bec45d7b-2c6a-43b8-bc01-95b9f5dcda74/lal_highlight_21.0.0_357f237b/alire/cache/dependencies/xmlada_21.0.0_836d1890/schema/lib/relocatable/' '-L/home/runner/work/alire-crates-ci/alire-crates-ci/test/bec45d7b-2c6a-43b8-bc01-95b9f5dcda74/lal_highlight_21.0.0_357f237b/alire/cache/dependencies/libadalang_21.0.0_955d2554/lib/dev/' '-L/home/runner/work/alire-crates-ci/alire-crates-ci/test/bec45d7b-2c6a-43b8-bc01-95b9f5dcda74/lal_highlight_21.0.0_357f237b/alire/cache/dependencies/gnatcoll_gmp_21.0.0_0278508b/gmp/lib/relocatable/' '-L/home/runner/work/alire-crates-ci/alire-crates-ci/test/bec45d7b-2c6a-43b8-bc01-95b9f5dcda74/lal_highlight_21.0.0_357f237b/alire/cache/dependencies/langkit_support_21.0.0_b52319d5/lib/relocatable/dev/' '-L/usr/lib/gcc/x86_64-linux-gnu/10/adalib/' '-shared-libgcc' '-o' '/home/runner/work/alire-crates-ci/alire-crates-ci/test/bec45d7b-2c6a-43b8-bc01-95b9f5dcda74/lal_highlight_21.0.0_357f237b/bin//highlight' '-mtune=generic' '-march=x86-64'
 /usr/lib/gcc/x86_64-linux-gnu/10/collect2 -plugin /usr/lib/gcc/x86_64-linux-gnu/10/liblto_plugin.so -plugin-opt=/usr/lib/gcc/x86_64-linux-gnu/10/lto-wrapper -plugin-opt=-fresolution=/tmp/ccQsl9Ix.res -plugin-opt=-pass-through=-lgcc_s -plugin-opt=-pass-through=-lgcc -plugin-opt=-pass-through=-lc -plugin-opt=-pass-through=-lgcc_s -plugin-opt=-pass-through=-lgcc --build-id --eh-frame-hdr -m elf_x86_64 --hash-style=gnu --as-needed -dynamic-linker /lib64/ld-linux-x86-64.so.2 -pie -o /home/runner/work/alire-crates-ci/alire-crates-ci/test/bec45d7b-2c6a-43b8-bc01-95b9f5dcda74/lal_highlight_21.0.0_357f237b/bin//highlight /usr/lib/gcc/x86_64-linux-gnu/10/../../../x86_64-linux-gnu/Scrt1.o /usr/lib/gcc/x86_64-linux-gnu/10/../../../x86_64-linux-gnu/crti.o /usr/lib/gcc/x86_64-linux-gnu/10/crtbeginS.o -L/home/runner/work/alire-crates-ci/alire-crates-ci/test/bec45d7b-2c6a-43b8-bc01-95b9f5dcda74/lal_highlight_21.0.0_357f237b/alire/cache/dependencies/libadalang_21.0.0_955d2554/lib/dev/ -L/home/runner/work/alire-crates-ci/alire-crates-ci/test/bec45d7b-2c6a-43b8-bc01-95b9f5dcda74/lal_highlight_21.0.0_357f237b/alire/cache/dependencies/langkit_support_21.0.0_b52319d5/lib/relocatable/dev/ -L/home/runner/work/alire-crates-ci/alire-crates-ci/test/bec45d7b-2c6a-43b8-bc01-95b9f5dcda74/lal_highlight_21.0.0_357f237b/alire/cache/dependencies/gnatcoll_gmp_21.0.0_0278508b/gmp/lib/relocatable/ -L/home/runner/work/alire-crates-ci/alire-crates-ci/test/bec45d7b-2c6a-43b8-bc01-95b9f5dcda74/lal_highlight_21.0.0_357f237b/alire/cache/dependencies/gnatcoll_iconv_21.0.0_0278508b/iconv/lib/relocatable/ -L/home/runner/work/alire-crates-ci/alire-crates-ci/test/bec45d7b-2c6a-43b8-bc01-95b9f5dcda74/lal_highlight_21.0.0_357f237b/alire/cache/dependencies/gnatcoll_21.0.0_6c0439a3/lib/gnatcoll/relocatable/ -L/home/runner/work/alire-crates-ci/alire-crates-ci/test/bec45d7b-2c6a-43b8-bc01-95b9f5dcda74/lal_highlight_21.0.0_357f237b/alire/cache/dependencies/libgpr_21.0.0_49263e36/gpr/lib/production/relocatable/ -L/home/runner/work/alire-crates-ci/alire-crates-ci/test/bec45d7b-2c6a-43b8-bc01-95b9f5dcda74/lal_highlight_21.0.0_357f237b/alire/cache/dependencies/xmlada_21.0.0_836d1890/schema/lib/relocatable/ -L/home/runner/work/alire-crates-ci/alire-crates-ci/test/bec45d7b-2c6a-43b8-bc01-95b9f5dcda74/lal_highlight_21.0.0_357f237b/alire/cache/dependencies/xmlada_21.0.0_836d1890/dom/lib/relocatable/ -L/home/runner/work/alire-crates-ci/alire-crates-ci/test/bec45d7b-2c6a-43b8-bc01-95b9f5dcda74/lal_highlight_21.0.0_357f237b/alire/cache/dependencies/xmlada_21.0.0_836d1890/sax/lib/relocatable/ -L/home/runner/work/alire-crates-ci/alire-crates-ci/test/bec45d7b-2c6a-43b8-bc01-95b9f5dcda74/lal_highlight_21.0.0_357f237b/alire/cache/dependencies/xmlada_21.0.0_836d1890/input_sources/lib/relocatable/ -L/home/runner/work/alire-crates-ci/alire-crates-ci/test/bec45d7b-2c6a-43b8-bc01-95b9f5dcda74/lal_highlight_21.0.0_357f237b/alire/cache/dependencies/xmlada_21.0.0_836d1890/unicode/lib/relocatable/ -L/home/runner/work/alire-crates-ci/alire-crates-ci/test/bec45d7b-2c6a-43b8-bc01-95b9f5dcda74/lal_highlight_21.0.0_357f237b/obj/ -L/home/runner/work/alire-crates-ci/alire-crates-ci/test/bec45d7b-2c6a-43b8-bc01-95b9f5dcda74/lal_highlight_21.0.0_357f237b/obj/ -L/home/runner/work/alire-crates-ci/alire-crates-ci/test/bec45d7b-2c6a-43b8-bc01-95b9f5dcda74/lal_highlight_21.0.0_357f237b/alire/cache/dependencies/gnatcoll_iconv_21.0.0_0278508b/iconv/lib/relocatable/ -L/home/runner/work/alire-crates-ci/alire-crates-ci/test/bec45d7b-2c6a-43b8-bc01-95b9f5dcda74/lal_highlight_21.0.0_357f237b/alire/cache/dependencies/gnatcoll_21.0.0_6c0439a3/lib/gnatcoll/relocatable/ -L/home/runner/work/alire-crates-ci/alire-crates-ci/test/bec45d7b-2c6a-43b8-bc01-95b9f5dcda74/lal_highlight_21.0.0_357f237b/alire/cache/dependencies/libgpr_21.0.0_49263e36/gpr/lib/production/relocatable/ -L/home/runner/work/alire-crates-ci/alire-crates-ci/test/bec45d7b-2c6a-43b8-bc01-95b9f5dcda74/lal_highlight_21.0.0_357f237b/alire/cache/dependencies/xmlada_21.0.0_836d1890/unicode/lib/relocatable/ -L/home/runner/work/alire-crates-ci/alire-crates-ci/test/bec45d7b-2c6a-43b8-bc01-95b9f5dcda74/lal_highlight_21.0.0_357f237b/alire/cache/dependencies/xmlada_21.0.0_836d1890/sax/lib/relocatable/ -L/home/runner/work/alire-crates-ci/alire-crates-ci/test/bec45d7b-2c6a-43b8-bc01-95b9f5dcda74/lal_highlight_21.0.0_357f237b/alire/cache/dependencies/xmlada_21.0.0_836d1890/input_sources/lib/relocatable/ -L/home/runner/work/alire-crates-ci/alire-crates-ci/test/bec45d7b-2c6a-43b8-bc01-95b9f5dcda74/lal_highlight_21.0.0_357f237b/alire/cache/dependencies/xmlada_21.0.0_836d1890/dom/lib/relocatable/ -L/home/runner/work/alire-crates-ci/alire-crates-ci/test/bec45d7b-2c6a-43b8-bc01-95b9f5dcda74/lal_highlight_21.0.0_357f237b/alire/cache/dependencies/xmlada_21.0.0_836d1890/schema/lib/relocatable/ -L/home/runner/work/alire-crates-ci/alire-crates-ci/test/bec45d7b-2c6a-43b8-bc01-95b9f5dcda74/lal_highlight_21.0.0_357f237b/alire/cache/dependencies/libadalang_21.0.0_955d2554/lib/dev/ -L/home/runner/work/alire-crates-ci/alire-crates-ci/test/bec45d7b-2c6a-43b8-bc01-95b9f5dcda74/lal_highlight_21.0.0_357f237b/alire/cache/dependencies/gnatcoll_gmp_21.0.0_0278508b/gmp/lib/relocatable/ -L/home/runner/work/alire-crates-ci/alire-crates-ci/test/bec45d7b-2c6a-43b8-bc01-95b9f5dcda74/lal_highlight_21.0.0_357f237b/alire/cache/dependencies/langkit_support_21.0.0_b52319d5/lib/relocatable/dev/ -L/usr/lib/gcc/x86_64-linux-gnu/10/adalib/ -L/usr/lib/gcc/x86_64-linux-gnu/10 -L/usr/lib/gcc/x86_64-linux-gnu/10/../../../x86_64-linux-gnu -L/usr/lib/gcc/x86_64-linux-gnu/10/../../../../lib -L/lib/x86_64-linux-gnu -L/lib/../lib -L/usr/lib/x86_64-linux-gnu -L/usr/lib/../lib -L/usr/lib/gcc/x86_64-linux-gnu/10/../../.. highlight.o b__highlight.o /home/runner/work/alire-crates-ci/alire-crates-ci/test/bec45d7b-2c6a-43b8-bc01-95b9f5dcda74/lal_highlight_21.0.0_357f237b/obj/highlighter.o /home/runner/work/alire-crates-ci/alire-crates-ci/test/bec45d7b-2c6a-43b8-bc01-95b9f5dcda74/lal_highlight_21.0.0_357f237b/obj/colors.o /home/runner/work/alire-crates-ci/alire-crates-ci/test/bec45d7b-2c6a-43b8-bc01-95b9f5dcda74/lal_highlight_21.0.0_357f237b/obj/html.o /home/runner/work/alire-crates-ci/alire-crates-ci/test/bec45d7b-2c6a-43b8-bc01-95b9f5dcda74/lal_highlight_21.0.0_357f237b/obj/term256.o -ladalang -llangkit_support -lgnatcoll_gmp -lgnatcoll_iconv -lgnatcoll -lgpr -lxmlada_schema -lxmlada_dom -lxmlada_sax -lxmlada_input_sources -lxmlada_unicode -lgmp -lgnat-10 -ldl -rpath-link /usr/lib/gcc/x86_64-linux-gnu/10//adalib -z origin -rpath $ORIGIN/..//alire/cache/dependencies/libadalang_21.0.0_955d2554/lib/dev:$ORIGIN/..//alire/cache/dependencies/langkit_support_21.0.0_b52319d5/lib/relocatable/dev:$ORIGIN/..//alire/cache/dependencies/gnatcoll_gmp_21.0.0_0278508b/gmp/lib/relocatable:$ORIGIN/..//alire/cache/dependencies/gnatcoll_iconv_21.0.0_0278508b/iconv/lib/relocatable:$ORIGIN/..//alire/cache/dependencies/gnatcoll_21.0.0_6c0439a3/lib/gnatcoll/relocatable:$ORIGIN/..//alire/cache/dependencies/libgpr_21.0.0_49263e36/gpr/lib/production/relocatable:$ORIGIN/..//alire/cache/dependencies/xmlada_21.0.0_836d1890/schema/lib/relocatable:$ORIGIN/..//alire/cache/dependencies/xmlada_21.0.0_836d1890/dom/lib/relocatable:$ORIGIN/..//alire/cache/dependencies/xmlada_21.0.0_836d1890/sax/lib/relocatable:$ORIGIN/..//alire/cache/dependencies/xmlada_21.0.0_836d1890/input_sources/lib/relocatable:$ORIGIN/..//alire/cache/dependencies/xmlada_21.0.0_836d1890/unicode/lib/relocatable:$ORIGIN/..//obj:/usr/lib/gcc/x86_64-linux-gnu/10/adalib:/usr/lib64:/usr/lib -lgcc_s -lgcc -lc -lgcc_s -lgcc /usr/lib/gcc/x86_64-linux-gnu/10/crtendS.o /usr/lib/gcc/x86_64-linux-gnu/10/../../../x86_64-linux-gnu/crtn.o
Using built-in specs.
COLLECT_GCC=/usr/bin/gnatgcc
COLLECT_LTO_WRAPPER=/usr/lib/gcc/x86_64-linux-gnu/10/lto-wrapper
OFFLOAD_TARGET_NAMES=nvptx-none:amdgcn-amdhsa:hsa
OFFLOAD_TARGET_DEFAULT=1
Target: x86_64-linux-gnu
Configured with: ../src/configure -v --with-pkgversion='Debian 10.2.1-6' --with-bugurl=file:///usr/share/doc/gcc-10/README.Bugs --enable-languages=c,ada,c++,go,brig,d,fortran,objc,obj-c++,m2 --prefix=/usr --with-gcc-major-version-only --program-suffix=-10 --program-prefix=x86_64-linux-gnu- --enable-shared --enable-linker-build-id --libexecdir=/usr/lib --without-included-gettext --enable-threads=posix --libdir=/usr/lib --enable-nls --enable-bootstrap --enable-clocale=gnu --enable-libstdcxx-debug --enable-libstdcxx-time=yes --with-default-libstdcxx-abi=new --enable-gnu-unique-object --disable-vtable-verify --enable-plugin --enable-default-pie --with-system-zlib --enable-libphobos-checking=release --with-target-system-zlib=auto --enable-objc-gc=auto --enable-multiarch --disable-werror --with-arch-32=i686 --with-abi=m64 --with-multilib-list=m32,m64,mx32 --enable-multilib --with-tune=generic --enable-offload-targets=nvptx-none=/build/gcc-10-Km9U7s/gcc-10-10.2.1/debian/tmp-nvptx/usr,amdgcn-amdhsa=/build/gcc-10-Km9U7s/gcc-10-10.2.1/debian/tmp-gcn/usr,hsa --without-cuda-driver --enable-checking=release --build=x86_64-linux-gnu --host=x86_64-linux-gnu --target=x86_64-linux-gnu --with-build-config=bootstrap-lto-lean --enable-link-mutex
Thread model: posix
Supported LTO compression algorithms: zlib zstd
gcc version 10.2.1 20210110 (Debian 10.2.1-6) 
COMPILER_PATH=/usr/lib/gcc/x86_64-linux-gnu/10/:/usr/lib/gcc/x86_64-linux-gnu/10/:/usr/lib/gcc/x86_64-linux-gnu/:/usr/lib/gcc/x86_64-linux-gnu/10/:/usr/lib/gcc/x86_64-linux-gnu/
LIBRARY_PATH=/usr/lib/gcc/x86_64-linux-gnu/10/:/usr/lib/gcc/x86_64-linux-gnu/10/../../../x86_64-linux-gnu/:/usr/lib/gcc/x86_64-linux-gnu/10/../../../../lib/:/lib/x86_64-linux-gnu/:/lib/../lib/:/usr/lib/x86_64-linux-gnu/:/usr/lib/../lib/:/usr/lib/gcc/x86_64-linux-gnu/10/../../../:/lib/:/usr/lib/
COLLECT_GCC_OPTIONS='-L/home/runner/work/alire-crates-ci/alire-crates-ci/test/bec45d7b-2c6a-43b8-bc01-95b9f5dcda74/lal_highlight_21.0.0_357f237b/alire/cache/dependencies/libadalang_21.0.0_955d2554/lib/dev/' '-L/home/runner/work/alire-crates-ci/alire-crates-ci/test/bec45d7b-2c6a-43b8-bc01-95b9f5dcda74/lal_highlight_21.0.0_357f237b/alire/cache/dependencies/langkit_support_21.0.0_b52319d5/lib/relocatable/dev/' '-L/home/runner/work/alire-crates-ci/alire-crates-ci/test/bec45d7b-2c6a-43b8-bc01-95b9f5dcda74/lal_highlight_21.0.0_357f237b/alire/cache/dependencies/gnatcoll_gmp_21.0.0_0278508b/gmp/lib/relocatable/' '-L/home/runner/work/alire-crates-ci/alire-crates-ci/test/bec45d7b-2c6a-43b8-bc01-95b9f5dcda74/lal_highlight_21.0.0_357f237b/alire/cache/dependencies/gnatcoll_iconv_21.0.0_0278508b/iconv/lib/relocatable/' '-L/home/runner/work/alire-crates-ci/alire-crates-ci/test/bec45d7b-2c6a-43b8-bc01-95b9f5dcda74/lal_highlight_21.0.0_357f237b/alire/cache/dependencies/gnatcoll_21.0.0_6c0439a3/lib/gnatcoll/relocatable/' '-L/home/runner/work/alire-crates-ci/alire-crates-ci/test/bec45d7b-2c6a-43b8-bc01-95b9f5dcda74/lal_highlight_21.0.0_357f237b/alire/cache/dependencies/libgpr_21.0.0_49263e36/gpr/lib/production/relocatable/' '-L/home/runner/work/alire-crates-ci/alire-crates-ci/test/bec45d7b-2c6a-43b8-bc01-95b9f5dcda74/lal_highlight_21.0.0_357f237b/alire/cache/dependencies/xmlada_21.0.0_836d1890/schema/lib/relocatable/' '-L/home/runner/work/alire-crates-ci/alire-crates-ci/test/bec45d7b-2c6a-43b8-bc01-95b9f5dcda74/lal_highlight_21.0.0_357f237b/alire/cache/dependencies/xmlada_21.0.0_836d1890/dom/lib/relocatable/' '-L/home/runner/work/alire-crates-ci/alire-crates-ci/test/bec45d7b-2c6a-43b8-bc01-95b9f5dcda74/lal_highlight_21.0.0_357f237b/alire/cache/dependencies/xmlada_21.0.0_836d1890/sax/lib/relocatable/' '-L/home/runner/work/alire-crates-ci/alire-crates-ci/test/bec45d7b-2c6a-43b8-bc01-95b9f5dcda74/lal_highlight_21.0.0_357f237b/alire/cache/dependencies/xmlada_21.0.0_836d1890/input_sources/lib/relocatable/' '-L/home/runner/work/alire-crates-ci/alire-crates-ci/test/bec45d7b-2c6a-43b8-bc01-95b9f5dcda74/lal_highlight_21.0.0_357f237b/alire/cache/dependencies/xmlada_21.0.0_836d1890/unicode/lib/relocatable/' '-v' '-L/home/runner/work/alire-crates-ci/alire-crates-ci/test/bec45d7b-2c6a-43b8-bc01-95b9f5dcda74/lal_highlight_21.0.0_357f237b/obj/' '-L/home/runner/work/alire-crates-ci/alire-crates-ci/test/bec45d7b-2c6a-43b8-bc01-95b9f5dcda74/lal_highlight_21.0.0_357f237b/obj/' '-L/home/runner/work/alire-crates-ci/alire-crates-ci/test/bec45d7b-2c6a-43b8-bc01-95b9f5dcda74/lal_highlight_21.0.0_357f237b/alire/cache/dependencies/gnatcoll_iconv_21.0.0_0278508b/iconv/lib/relocatable/' '-L/home/runner/work/alire-crates-ci/alire-crates-ci/test/bec45d7b-2c6a-43b8-bc01-95b9f5dcda74/lal_highlight_21.0.0_357f237b/alire/cache/dependencies/gnatcoll_21.0.0_6c0439a3/lib/gnatcoll/relocatable/' '-L/home/runner/work/alire-crates-ci/alire-crates-ci/test/bec45d7b-2c6a-43b8-bc01-95b9f5dcda74/lal_highlight_21.0.0_357f237b/alire/cache/dependencies/libgpr_21.0.0_49263e36/gpr/lib/production/relocatable/' '-L/home/runner/work/alire-crates-ci/alire-crates-ci/test/bec45d7b-2c6a-43b8-bc01-95b9f5dcda74/lal_highlight_21.0.0_357f237b/alire/cache/dependencies/xmlada_21.0.0_836d1890/unicode/lib/relocatable/' '-L/home/runner/work/alire-crates-ci/alire-crates-ci/test/bec45d7b-2c6a-43b8-bc01-95b9f5dcda74/lal_highlight_21.0.0_357f237b/alire/cache/dependencies/xmlada_21.0.0_836d1890/sax/lib/relocatable/' '-L/home/runner/work/alire-crates-ci/alire-crates-ci/test/bec45d7b-2c6a-43b8-bc01-95b9f5dcda74/lal_highlight_21.0.0_357f237b/alire/cache/dependencies/xmlada_21.0.0_836d1890/input_sources/lib/relocatable/' '-L/home/runner/work/alire-crates-ci/alire-crates-ci/test/bec45d7b-2c6a-43b8-bc01-95b9f5dcda74/lal_highlight_21.0.0_357f237b/alire/cache/dependencies/xmlada_21.0.0_836d1890/dom/lib/relocatable/' '-L/home/runner/work/alire-crates-ci/alire-crates-ci/test/bec45d7b-2c6a-43b8-bc01-95b9f5dcda74/lal_highlight_21.0.0_357f237b/alire/cache/dependencies/xmlada_21.0.0_836d1890/schema/lib/relocatable/' '-L/home/runner/work/alire-crates-ci/alire-crates-ci/test/bec45d7b-2c6a-43b8-bc01-95b9f5dcda74/lal_highlight_21.0.0_357f237b/alire/cache/dependencies/libadalang_21.0.0_955d2554/lib/dev/' '-L/home/runner/work/alire-crates-ci/alire-crates-ci/test/bec45d7b-2c6a-43b8-bc01-95b9f5dcda74/lal_highlight_21.0.0_357f237b/alire/cache/dependencies/gnatcoll_gmp_21.0.0_0278508b/gmp/lib/relocatable/' '-L/home/runner/work/alire-crates-ci/alire-crates-ci/test/bec45d7b-2c6a-43b8-bc01-95b9f5dcda74/lal_highlight_21.0.0_357f237b/alire/cache/dependencies/langkit_support_21.0.0_b52319d5/lib/relocatable/dev/' '-L/usr/lib/gcc/x86_64-linux-gnu/10/adalib/' '-shared-libgcc' '-o' '/home/runner/work/alire-crates-ci/alire-crates-ci/test/bec45d7b-2c6a-43b8-bc01-95b9f5dcda74/lal_highlight_21.0.0_357f237b/bin//ada2web' '-mtune=generic' '-march=x86-64'
 /usr/lib/gcc/x86_64-linux-gnu/10/collect2 -plugin /usr/lib/gcc/x86_64-linux-gnu/10/liblto_plugin.so -plugin-opt=/usr/lib/gcc/x86_64-linux-gnu/10/lto-wrapper -plugin-opt=-fresolution=/tmp/ccBcUj0C.res -plugin-opt=-pass-through=-lgcc_s -plugin-opt=-pass-through=-lgcc -plugin-opt=-pass-through=-lc -plugin-opt=-pass-through=-lgcc_s -plugin-opt=-pass-through=-lgcc --build-id --eh-frame-hdr -m elf_x86_64 --hash-style=gnu --as-needed -dynamic-linker /lib64/ld-linux-x86-64.so.2 -pie -o /home/runner/work/alire-crates-ci/alire-crates-ci/test/bec45d7b-2c6a-43b8-bc01-95b9f5dcda74/lal_highlight_21.0.0_357f237b/bin//ada2web /usr/lib/gcc/x86_64-linux-gnu/10/../../../x86_64-linux-gnu/Scrt1.o /usr/lib/gcc/x86_64-linux-gnu/10/../../../x86_64-linux-gnu/crti.o /usr/lib/gcc/x86_64-linux-gnu/10/crtbeginS.o -L/home/runner/work/alire-crates-ci/alire-crates-ci/test/bec45d7b-2c6a-43b8-bc01-95b9f5dcda74/lal_highlight_21.0.0_357f237b/alire/cache/dependencies/libadalang_21.0.0_955d2554/lib/dev/ -L/home/runner/work/alire-crates-ci/alire-crates-ci/test/bec45d7b-2c6a-43b8-bc01-95b9f5dcda74/lal_highlight_21.0.0_357f237b/alire/cache/dependencies/langkit_support_21.0.0_b52319d5/lib/relocatable/dev/ -L/home/runner/work/alire-crates-ci/alire-crates-ci/test/bec45d7b-2c6a-43b8-bc01-95b9f5dcda74/lal_highlight_21.0.0_357f237b/alire/cache/dependencies/gnatcoll_gmp_21.0.0_0278508b/gmp/lib/relocatable/ -L/home/runner/work/alire-crates-ci/alire-crates-ci/test/bec45d7b-2c6a-43b8-bc01-95b9f5dcda74/lal_highlight_21.0.0_357f237b/alire/cache/dependencies/gnatcoll_iconv_21.0.0_0278508b/iconv/lib/relocatable/ -L/home/runner/work/alire-crates-ci/alire-crates-ci/test/bec45d7b-2c6a-43b8-bc01-95b9f5dcda74/lal_highlight_21.0.0_357f237b/alire/cache/dependencies/gnatcoll_21.0.0_6c0439a3/lib/gnatcoll/relocatable/ -L/home/runner/work/alire-crates-ci/alire-crates-ci/test/bec45d7b-2c6a-43b8-bc01-95b9f5dcda74/lal_highlight_21.0.0_357f237b/alire/cache/dependencies/libgpr_21.0.0_49263e36/gpr/lib/production/relocatable/ -L/home/runner/work/alire-crates-ci/alire-crates-ci/test/bec45d7b-2c6a-43b8-bc01-95b9f5dcda74/lal_highlight_21.0.0_357f237b/alire/cache/dependencies/xmlada_21.0.0_836d1890/schema/lib/relocatable/ -L/home/runner/work/alire-crates-ci/alire-crates-ci/test/bec45d7b-2c6a-43b8-bc01-95b9f5dcda74/lal_highlight_21.0.0_357f237b/alire/cache/dependencies/xmlada_21.0.0_836d1890/dom/lib/relocatable/ -L/home/runner/work/alire-crates-ci/alire-crates-ci/test/bec45d7b-2c6a-43b8-bc01-95b9f5dcda74/lal_highlight_21.0.0_357f237b/alire/cache/dependencies/xmlada_21.0.0_836d1890/sax/lib/relocatable/ -L/home/runner/work/alire-crates-ci/alire-crates-ci/test/bec45d7b-2c6a-43b8-bc01-95b9f5dcda74/lal_highlight_21.0.0_357f237b/alire/cache/dependencies/xmlada_21.0.0_836d1890/input_sources/lib/relocatable/ -L/home/runner/work/alire-crates-ci/alire-crates-ci/test/bec45d7b-2c6a-43b8-bc01-95b9f5dcda74/lal_highlight_21.0.0_357f237b/alire/cache/dependencies/xmlada_21.0.0_836d1890/unicode/lib/relocatable/ -L/home/runner/work/alire-crates-ci/alire-crates-ci/test/bec45d7b-2c6a-43b8-bc01-95b9f5dcda74/lal_highlight_21.0.0_357f237b/obj/ -L/home/runner/work/alire-crates-ci/alire-crates-ci/test/bec45d7b-2c6a-43b8-bc01-95b9f5dcda74/lal_highlight_21.0.0_357f237b/obj/ -L/home/runner/work/alire-crates-ci/alire-crates-ci/test/bec45d7b-2c6a-43b8-bc01-95b9f5dcda74/lal_highlight_21.0.0_357f237b/alire/cache/dependencies/gnatcoll_iconv_21.0.0_0278508b/iconv/lib/relocatable/ -L/home/runner/work/alire-crates-ci/alire-crates-ci/test/bec45d7b-2c6a-43b8-bc01-95b9f5dcda74/lal_highlight_21.0.0_357f237b/alire/cache/dependencies/gnatcoll_21.0.0_6c0439a3/lib/gnatcoll/relocatable/ -L/home/runner/work/alire-crates-ci/alire-crates-ci/test/bec45d7b-2c6a-43b8-bc01-95b9f5dcda74/lal_highlight_21.0.0_357f237b/alire/cache/dependencies/libgpr_21.0.0_49263e36/gpr/lib/production/relocatable/ -L/home/runner/work/alire-crates-ci/alire-crates-ci/test/bec45d7b-2c6a-43b8-bc01-95b9f5dcda74/lal_highlight_21.0.0_357f237b/alire/cache/dependencies/xmlada_21.0.0_836d1890/unicode/lib/relocatable/ -L/home/runner/work/alire-crates-ci/alire-crates-ci/test/bec45d7b-2c6a-43b8-bc01-95b9f5dcda74/lal_highlight_21.0.0_357f237b/alire/cache/dependencies/xmlada_21.0.0_836d1890/sax/lib/relocatable/ -L/home/runner/work/alire-crates-ci/alire-crates-ci/test/bec45d7b-2c6a-43b8-bc01-95b9f5dcda74/lal_highlight_21.0.0_357f237b/alire/cache/dependencies/xmlada_21.0.0_836d1890/input_sources/lib/relocatable/ -L/home/runner/work/alire-crates-ci/alire-crates-ci/test/bec45d7b-2c6a-43b8-bc01-95b9f5dcda74/lal_highlight_21.0.0_357f237b/alire/cache/dependencies/xmlada_21.0.0_836d1890/dom/lib/relocatable/ -L/home/runner/work/alire-crates-ci/alire-crates-ci/test/bec45d7b-2c6a-43b8-bc01-95b9f5dcda74/lal_highlight_21.0.0_357f237b/alire/cache/dependencies/xmlada_21.0.0_836d1890/schema/lib/relocatable/ -L/home/runner/work/alire-crates-ci/alire-crates-ci/test/bec45d7b-2c6a-43b8-bc01-95b9f5dcda74/lal_highlight_21.0.0_357f237b/alire/cache/dependencies/libadalang_21.0.0_955d2554/lib/dev/ -L/home/runner/work/alire-crates-ci/alire-crates-ci/test/bec45d7b-2c6a-43b8-bc01-95b9f5dcda74/lal_highlight_21.0.0_357f237b/alire/cache/dependencies/gnatcoll_gmp_21.0.0_0278508b/gmp/lib/relocatable/ -L/home/runner/work/alire-crates-ci/alire-crates-ci/test/bec45d7b-2c6a-43b8-bc01-95b9f5dcda74/lal_highlight_21.0.0_357f237b/alire/cache/dependencies/langkit_support_21.0.0_b52319d5/lib/relocatable/dev/ -L/usr/lib/gcc/x86_64-linux-gnu/10/adalib/ -L/usr/lib/gcc/x86_64-linux-gnu/10 -L/usr/lib/gcc/x86_64-linux-gnu/10/../../../x86_64-linux-gnu -L/usr/lib/gcc/x86_64-linux-gnu/10/../../../../lib -L/lib/x86_64-linux-gnu -L/lib/../lib -L/usr/lib/x86_64-linux-gnu -L/usr/lib/../lib -L/usr/lib/gcc/x86_64-linux-gnu/10/../../.. ada2web.o b__ada2web.o /home/runner/work/alire-crates-ci/alire-crates-ci/test/bec45d7b-2c6a-43b8-bc01-95b9f5dcda74/lal_highlight_21.0.0_357f237b/obj/highlighter.o /home/runner/work/alire-crates-ci/alire-crates-ci/test/bec45d7b-2c6a-43b8-bc01-95b9f5dcda74/lal_highlight_21.0.0_357f237b/obj/colors.o /home/runner/work/alire-crates-ci/alire-crates-ci/test/bec45d7b-2c6a-43b8-bc01-95b9f5dcda74/lal_highlight_21.0.0_357f237b/obj/html.o -ladalang -llangkit_support -lgnatcoll_gmp -lgnatcoll_iconv -lgnatcoll -lgpr -lxmlada_schema -lxmlada_dom -lxmlada_sax -lxmlada_input_sources -lxmlada_unicode -lgmp -lgnat-10 -lutil -ldl -rpath-link /usr/lib/gcc/x86_64-linux-gnu/10//adalib -z origin -rpath $ORIGIN/..//alire/cache/dependencies/libadalang_21.0.0_955d2554/lib/dev:$ORIGIN/..//alire/cache/dependencies/langkit_support_21.0.0_b52319d5/lib/relocatable/dev:$ORIGIN/..//alire/cache/dependencies/gnatcoll_gmp_21.0.0_0278508b/gmp/lib/relocatable:$ORIGIN/..//alire/cache/dependencies/gnatcoll_iconv_21.0.0_0278508b/iconv/lib/relocatable:$ORIGIN/..//alire/cache/dependencies/gnatcoll_21.0.0_6c0439a3/lib/gnatcoll/relocatable:$ORIGIN/..//alire/cache/dependencies/libgpr_21.0.0_49263e36/gpr/lib/production/relocatable:$ORIGIN/..//alire/cache/dependencies/xmlada_21.0.0_836d1890/schema/lib/relocatable:$ORIGIN/..//alire/cache/dependencies/xmlada_21.0.0_836d1890/dom/lib/relocatable:$ORIGIN/..//alire/cache/dependencies/xmlada_21.0.0_836d1890/sax/lib/relocatable:$ORIGIN/..//alire/cache/dependencies/xmlada_21.0.0_836d1890/input_sources/lib/relocatable:$ORIGIN/..//alire/cache/dependencies/xmlada_21.0.0_836d1890/unicode/lib/relocatable:$ORIGIN/..//obj:/usr/lib/gcc/x86_64-linux-gnu/10/adalib:/usr/lib64:/usr/lib -lgcc_s -lgcc -lc -lgcc_s -lgcc /usr/lib/gcc/x86_64-linux-gnu/10/crtendS.o /usr/lib/gcc/x86_64-linux-gnu/10/../../../x86_64-linux-gnu/crtn.o
COLLECT_GCC_OPTIONS='-L/home/runner/work/alire-crates-ci/alire-crates-ci/test/bec45d7b-2c6a-43b8-bc01-95b9f5dcda74/lal_highlight_21.0.0_357f237b/alire/cache/dependencies/libadalang_21.0.0_955d2554/lib/dev/' '-L/home/runner/work/alire-crates-ci/alire-crates-ci/test/bec45d7b-2c6a-43b8-bc01-95b9f5dcda74/lal_highlight_21.0.0_357f237b/alire/cache/dependencies/langkit_support_21.0.0_b52319d5/lib/relocatable/dev/' '-L/home/runner/work/alire-crates-ci/alire-crates-ci/test/bec45d7b-2c6a-43b8-bc01-95b9f5dcda74/lal_highlight_21.0.0_357f237b/alire/cache/dependencies/gnatcoll_gmp_21.0.0_0278508b/gmp/lib/relocatable/' '-L/home/runner/work/alire-crates-ci/alire-crates-ci/test/bec45d7b-2c6a-43b8-bc01-95b9f5dcda74/lal_highlight_21.0.0_357f237b/alire/cache/dependencies/gnatcoll_iconv_21.0.0_0278508b/iconv/lib/relocatable/' '-L/home/runner/work/alire-crates-ci/alire-crates-ci/test/bec45d7b-2c6a-43b8-bc01-95b9f5dcda74/lal_highlight_21.0.0_357f237b/alire/cache/dependencies/gnatcoll_21.0.0_6c0439a3/lib/gnatcoll/relocatable/' '-L/home/runner/work/alire-crates-ci/alire-crates-ci/test/bec45d7b-2c6a-43b8-bc01-95b9f5dcda74/lal_highlight_21.0.0_357f237b/alire/cache/dependencies/libgpr_21.0.0_49263e36/gpr/lib/production/relocatable/' '-L/home/runner/work/alire-crates-ci/alire-crates-ci/test/bec45d7b-2c6a-43b8-bc01-95b9f5dcda74/lal_highlight_21.0.0_357f237b/alire/cache/dependencies/xmlada_21.0.0_836d1890/schema/lib/relocatable/' '-L/home/runner/work/alire-crates-ci/alire-crates-ci/test/bec45d7b-2c6a-43b8-bc01-95b9f5dcda74/lal_highlight_21.0.0_357f237b/alire/cache/dependencies/xmlada_21.0.0_836d1890/dom/lib/relocatable/' '-L/home/runner/work/alire-crates-ci/alire-crates-ci/test/bec45d7b-2c6a-43b8-bc01-95b9f5dcda74/lal_highlight_21.0.0_357f237b/alire/cache/dependencies/xmlada_21.0.0_836d1890/sax/lib/relocatable/' '-L/home/runner/work/alire-crates-ci/alire-crates-ci/test/bec45d7b-2c6a-43b8-bc01-95b9f5dcda74/lal_highlight_21.0.0_357f237b/alire/cache/dependencies/xmlada_21.0.0_836d1890/input_sources/lib/relocatable/' '-L/home/runner/work/alire-crates-ci/alire-crates-ci/test/bec45d7b-2c6a-43b8-bc01-95b9f5dcda74/lal_highlight_21.0.0_357f237b/alire/cache/dependencies/xmlada_21.0.0_836d1890/unicode/lib/relocatable/' '-v' '-L/home/runner/work/alire-crates-ci/alire-crates-ci/test/bec45d7b-2c6a-43b8-bc01-95b9f5dcda74/lal_highlight_21.0.0_357f237b/obj/' '-L/home/runner/work/alire-crates-ci/alire-crates-ci/test/bec45d7b-2c6a-43b8-bc01-95b9f5dcda74/lal_highlight_21.0.0_357f237b/obj/' '-L/home/runner/work/alire-crates-ci/alire-crates-ci/test/bec45d7b-2c6a-43b8-bc01-95b9f5dcda74/lal_highlight_21.0.0_357f237b/alire/cache/dependencies/gnatcoll_iconv_21.0.0_0278508b/iconv/lib/relocatable/' '-L/home/runner/work/alire-crates-ci/alire-crates-ci/test/bec45d7b-2c6a-43b8-bc01-95b9f5dcda74/lal_highlight_21.0.0_357f237b/alire/cache/dependencies/gnatcoll_21.0.0_6c0439a3/lib/gnatcoll/relocatable/' '-L/home/runner/work/alire-crates-ci/alire-crates-ci/test/bec45d7b-2c6a-43b8-bc01-95b9f5dcda74/lal_highlight_21.0.0_357f237b/alire/cache/dependencies/libgpr_21.0.0_49263e36/gpr/lib/production/relocatable/' '-L/home/runner/work/alire-crates-ci/alire-crates-ci/test/bec45d7b-2c6a-43b8-bc01-95b9f5dcda74/lal_highlight_21.0.0_357f237b/alire/cache/dependencies/xmlada_21.0.0_836d1890/unicode/lib/relocatable/' '-L/home/runner/work/alire-crates-ci/alire-crates-ci/test/bec45d7b-2c6a-43b8-bc01-95b9f5dcda74/lal_highlight_21.0.0_357f237b/alire/cache/dependencies/xmlada_21.0.0_836d1890/sax/lib/relocatable/' '-L/home/runner/work/alire-crates-ci/alire-crates-ci/test/bec45d7b-2c6a-43b8-bc01-95b9f5dcda74/lal_highlight_21.0.0_357f237b/alire/cache/dependencies/xmlada_21.0.0_836d1890/input_sources/lib/relocatable/' '-L/home/runner/work/alire-crates-ci/alire-crates-ci/test/bec45d7b-2c6a-43b8-bc01-95b9f5dcda74/lal_highlight_21.0.0_357f237b/alire/cache/dependencies/xmlada_21.0.0_836d1890/dom/lib/relocatable/' '-L/home/runner/work/alire-crates-ci/alire-crates-ci/test/bec45d7b-2c6a-43b8-bc01-95b9f5dcda74/lal_highlight_21.0.0_357f237b/alire/cache/dependencies/xmlada_21.0.0_836d1890/schema/lib/relocatable/' '-L/home/runner/work/alire-crates-ci/alire-crates-ci/test/bec45d7b-2c6a-43b8-bc01-95b9f5dcda74/lal_highlight_21.0.0_357f237b/alire/cache/dependencies/libadalang_21.0.0_955d2554/lib/dev/' '-L/home/runner/work/alire-crates-ci/alire-crates-ci/test/bec45d7b-2c6a-43b8-bc01-95b9f5dcda74/lal_highlight_21.0.0_357f237b/alire/cache/dependencies/gnatcoll_gmp_21.0.0_0278508b/gmp/lib/relocatable/' '-L/home/runner/work/alire-crates-ci/alire-crates-ci/test/bec45d7b-2c6a-43b8-bc01-95b9f5dcda74/lal_highlight_21.0.0_357f237b/alire/cache/dependencies/langkit_support_21.0.0_b52319d5/lib/relocatable/dev/' '-L/usr/lib/gcc/x86_64-linux-gnu/10/adalib/' '-shared-libgcc' '-o' '/home/runner/work/alire-crates-ci/alire-crates-ci/test/bec45d7b-2c6a-43b8-bc01-95b9f5dcda74/lal_highlight_21.0.0_357f237b/bin//ada2web' '-mtune=generic' '-march=x86-64'
COLLECT_GCC_OPTIONS='-L/home/runner/work/alire-crates-ci/alire-crates-ci/test/bec45d7b-2c6a-43b8-bc01-95b9f5dcda74/lal_highlight_21.0.0_357f237b/alire/cache/dependencies/libadalang_21.0.0_955d2554/lib/dev/' '-L/home/runner/work/alire-crates-ci/alire-crates-ci/test/bec45d7b-2c6a-43b8-bc01-95b9f5dcda74/lal_highlight_21.0.0_357f237b/alire/cache/dependencies/langkit_support_21.0.0_b52319d5/lib/relocatable/dev/' '-L/home/runner/work/alire-crates-ci/alire-crates-ci/test/bec45d7b-2c6a-43b8-bc01-95b9f5dcda74/lal_highlight_21.0.0_357f237b/alire/cache/dependencies/gnatcoll_gmp_21.0.0_0278508b/gmp/lib/relocatable/' '-L/home/runner/work/alire-crates-ci/alire-crates-ci/test/bec45d7b-2c6a-43b8-bc01-95b9f5dcda74/lal_highlight_21.0.0_357f237b/alire/cache/dependencies/gnatcoll_iconv_21.0.0_0278508b/iconv/lib/relocatable/' '-L/home/runner/work/alire-crates-ci/alire-crates-ci/test/bec45d7b-2c6a-43b8-bc01-95b9f5dcda74/lal_highlight_21.0.0_357f237b/alire/cache/dependencies/gnatcoll_21.0.0_6c0439a3/lib/gnatcoll/relocatable/' '-L/home/runner/work/alire-crates-ci/alire-crates-ci/test/bec45d7b-2c6a-43b8-bc01-95b9f5dcda74/lal_highlight_21.0.0_357f237b/alire/cache/dependencies/libgpr_21.0.0_49263e36/gpr/lib/production/relocatable/' '-L/home/runner/work/alire-crates-ci/alire-crates-ci/test/bec45d7b-2c6a-43b8-bc01-95b9f5dcda74/lal_highlight_21.0.0_357f237b/alire/cache/dependencies/xmlada_21.0.0_836d1890/schema/lib/relocatable/' '-L/home/runner/work/alire-crates-ci/alire-crates-ci/test/bec45d7b-2c6a-43b8-bc01-95b9f5dcda74/lal_highlight_21.0.0_357f237b/alire/cache/dependencies/xmlada_21.0.0_836d1890/dom/lib/relocatable/' '-L/home/runner/work/alire-crates-ci/alire-crates-ci/test/bec45d7b-2c6a-43b8-bc01-95b9f5dcda74/lal_highlight_21.0.0_357f237b/alire/cache/dependencies/xmlada_21.0.0_836d1890/sax/lib/relocatable/' '-L/home/runner/work/alire-crates-ci/alire-crates-ci/test/bec45d7b-2c6a-43b8-bc01-95b9f5dcda74/lal_highlight_21.0.0_357f237b/alire/cache/dependencies/xmlada_21.0.0_836d1890/input_sources/lib/relocatable/' '-L/home/runner/work/alire-crates-ci/alire-crates-ci/test/bec45d7b-2c6a-43b8-bc01-95b9f5dcda74/lal_highlight_21.0.0_357f237b/alire/cache/dependencies/xmlada_21.0.0_836d1890/unicode/lib/relocatable/' '-v' '-L/home/runner/work/alire-crates-ci/alire-crates-ci/test/bec45d7b-2c6a-43b8-bc01-95b9f5dcda74/lal_highlight_21.0.0_357f237b/obj/' '-L/home/runner/work/alire-crates-ci/alire-crates-ci/test/bec45d7b-2c6a-43b8-bc01-95b9f5dcda74/lal_highlight_21.0.0_357f237b/obj/' '-L/home/runner/work/alire-crates-ci/alire-crates-ci/test/bec45d7b-2c6a-43b8-bc01-95b9f5dcda74/lal_highlight_21.0.0_357f237b/alire/cache/dependencies/gnatcoll_iconv_21.0.0_0278508b/iconv/lib/relocatable/' '-L/home/runner/work/alire-crates-ci/alire-crates-ci/test/bec45d7b-2c6a-43b8-bc01-95b9f5dcda74/lal_highlight_21.0.0_357f237b/alire/cache/dependencies/gnatcoll_21.0.0_6c0439a3/lib/gnatcoll/relocatable/' '-L/home/runner/work/alire-crates-ci/alire-crates-ci/test/bec45d7b-2c6a-43b8-bc01-95b9f5dcda74/lal_highlight_21.0.0_357f237b/alire/cache/dependencies/libgpr_21.0.0_49263e36/gpr/lib/production/relocatable/' '-L/home/runner/work/alire-crates-ci/alire-crates-ci/test/bec45d7b-2c6a-43b8-bc01-95b9f5dcda74/lal_highlight_21.0.0_357f237b/alire/cache/dependencies/xmlada_21.0.0_836d1890/unicode/lib/relocatable/' '-L/home/runner/work/alire-crates-ci/alire-crates-ci/test/bec45d7b-2c6a-43b8-bc01-95b9f5dcda74/lal_highlight_21.0.0_357f237b/alire/cache/dependencies/xmlada_21.0.0_836d1890/sax/lib/relocatable/' '-L/home/runner/work/alire-crates-ci/alire-crates-ci/test/bec45d7b-2c6a-43b8-bc01-95b9f5dcda74/lal_highlight_21.0.0_357f237b/alire/cache/dependencies/xmlada_21.0.0_836d1890/input_sources/lib/relocatable/' '-L/home/runner/work/alire-crates-ci/alire-crates-ci/test/bec45d7b-2c6a-43b8-bc01-95b9f5dcda74/lal_highlight_21.0.0_357f237b/alire/cache/dependencies/xmlada_21.0.0_836d1890/dom/lib/relocatable/' '-L/home/runner/work/alire-crates-ci/alire-crates-ci/test/bec45d7b-2c6a-43b8-bc01-95b9f5dcda74/lal_highlight_21.0.0_357f237b/alire/cache/dependencies/xmlada_21.0.0_836d1890/schema/lib/relocatable/' '-L/home/runner/work/alire-crates-ci/alire-crates-ci/test/bec45d7b-2c6a-43b8-bc01-95b9f5dcda74/lal_highlight_21.0.0_357f237b/alire/cache/dependencies/libadalang_21.0.0_955d2554/lib/dev/' '-L/home/runner/work/alire-crates-ci/alire-crates-ci/test/bec45d7b-2c6a-43b8-bc01-95b9f5dcda74/lal_highlight_21.0.0_357f237b/alire/cache/dependencies/gnatcoll_gmp_21.0.0_0278508b/gmp/lib/relocatable/' '-L/home/runner/work/alire-crates-ci/alire-crates-ci/test/bec45d7b-2c6a-43b8-bc01-95b9f5dcda74/lal_highlight_21.0.0_357f237b/alire/cache/dependencies/langkit_support_21.0.0_b52319d5/lib/relocatable/dev/' '-L/usr/lib/gcc/x86_64-linux-gnu/10/adalib/' '-shared-libgcc' '-o' '/home/runner/work/alire-crates-ci/alire-crates-ci/test/bec45d7b-2c6a-43b8-bc01-95b9f5dcda74/lal_highlight_21.0.0_357f237b/bin//highlight' '-mtune=generic' '-march=x86-64'
Build finished successfully in 190.92 seconds.

lal_highlight=21.0.0 successfully retrieved and built.
Dependencies were solved as follows:

   +i gnat            10.2.1 (new,installed,gnat_external,indirect)
   +  gnatcoll        21.0.0 (new,indirect)                        
   +  gnatcoll_gmp    21.0.0 (new,indirect)                        
   +  gnatcoll_iconv  21.0.0 (new)                                 
   +  langkit_support 21.0.0 (new,indirect)                        
   +  libadalang      21.0.0 (new)                                 
   +  libgmp          6.2.1  (new,indirect)                        
   +  libgpr          21.0.0 (new,indirect)                        
   +  xmlada          21.0.0 (new,indirect)                        
