Test ran at 2024-02-10 12:51:40.964673+00:00

SOLUTION:
keypadder=0.3.0: Programmable virtual keypad for your Linux desktop
Origin: commit 104c359ac85aa4ad45ff8231cb092afd0dd894b5 from https://github.com/SMerrony/keypadder.git
Available when: (case OS is Linux => True, Macos => False, Windows => False, others => False)
Properties:
   Author: Stephen Merrony
   Description: Programmable virtual keypad for your Linux desktop
   Executable: keypadder
   License: GPL-3.0-or-later
   Long_Description: # Overview

Keypadder runs on your desktop machine and provides a mobile/tablet-friendly
web page that you use from a tablet or phone to send frequently-used, awkward,
or difficult-to-remember key combinations to the currently-focused desktop application.

Amongst other things, the author uses it with Thunderbird and LibreOffice Writer 
for typing accented characters, with MuseScore to provide a keypad similar to a 
certain commercial score writing application, and with Firefox for accented 
characters and Emojis in social media.

It's a great use for one of those old smartphones or tablets you have lying in that drawer!

   Maintainer: Stephen Merrony <merrony@gmail.com>
   Maintainers_Logins: SMerrony
   Name: keypadder
   Tag: linux
   Tag: keyboard
   Tag: mobile
   Tag: programmable
   Tag: tablet
   Tag: macro
   Tag: keypad
   Tag: macropad
   Version: 0.3.0
   Website: https://github.com/SMerrony/keypadder
Dependencies (direct):
   ada_toml~0.3.0
   aws^23.0.0
Dependencies (solution):
   ada_toml=0.3.0
   aws=23.0.0
   gnat=13.1.1 (gnat_external) (installed)
   gnatcoll=23.0.0
   libgpr=23.0.0
   make=4.4.0
   openssl=3.0.9
   xmlada=23.0.0
Dependencies (graph):
   aws=23.0.0      --> gnat=13.1.1 (gnat_external) (>=12)  
   aws=23.0.0      --> gnatcoll=23.0.0 (~23.0.0)           
   aws=23.0.0      --> make=4.4.0 (*)                      
   aws=23.0.0      --> openssl=3.0.9 (*)                   
   aws=23.0.0      --> xmlada=23.0.0 (~23.0.0)             
   gnatcoll=23.0.0 --> libgpr=23.0.0 (~23.0.0)             
   keypadder=0.3.0 --> ada_toml=0.3.0 (~0.3.0)             
   keypadder=0.3.0 --> aws=23.0.0 (^23.0.0)                
   libgpr=23.0.0   --> gnat=13.1.1 (gnat_external) (/=2020)
   libgpr=23.0.0   --> xmlada=23.0.0 (~23.0.0)             
   xmlada=23.0.0   --> gnat=13.1.1 (gnat_external) (>=11)  


LOG:
Note: Deploying keypadder=0.3.0...
Note: Deploying ada_toml=0.3.0...
#=#=#                                                                         
##O#-#                                                                        
Note: Deploying make=4.4.0...
Note: Deploying openssl=3.0.9...
The system package 'openssl-devel' is about to be installed.
This action might require admin privileges and impact your system installation.
Do you want Alire to install this system package?
Using default: Yes
Last metadata expiration check: 0:02:35 ago on Sat Feb 10 12:48:56 2024.
Dependencies resolved.
================================================================================
 Package              Architecture  Version                Repository      Size
================================================================================
Installing:
 openssl-devel        x86_64        1:3.0.9-2.fc38         updates        2.6 M
Upgrading:
 openssl-libs         x86_64        1:3.0.9-2.fc38         updates        2.1 M

Transaction Summary
================================================================================
Install  1 Package
Upgrade  1 Package

Total download size: 4.8 M
Downloading Packages:
(1/2): openssl-devel-3.0.9-2.fc38.x86_64.rpm    2.7 MB/s | 2.6 MB     00:00    
(2/2): openssl-libs-3.0.9-2.fc38.x86_64.rpm     2.2 MB/s | 2.1 MB     00:00    
--------------------------------------------------------------------------------
Total                                           4.1 MB/s | 4.8 MB     00:01     
Running transaction check
Transaction check succeeded.
Running transaction test
Transaction test succeeded.
Running transaction
  Preparing        :                                                        1/1 
  Upgrading        : openssl-libs-1:3.0.9-2.fc38.x86_64                     1/3 
  Installing       : openssl-devel-1:3.0.9-2.fc38.x86_64                    2/3 
  Cleanup          : openssl-libs-1:3.0.9-1.fc38.x86_64                     3/3 
  Running scriptlet: openssl-libs-1:3.0.9-1.fc38.x86_64                     3/3 
  Verifying        : openssl-devel-1:3.0.9-2.fc38.x86_64                    1/3 
  Verifying        : openssl-libs-1:3.0.9-2.fc38.x86_64                     2/3 
  Verifying        : openssl-libs-1:3.0.9-1.fc38.x86_64                     3/3 

Upgraded:
  openssl-libs-1:3.0.9-2.fc38.x86_64                                            
Installed:
  openssl-devel-1:3.0.9-2.fc38.x86_64                                           

Complete!
Note: Deploying xmlada=23.0.0...
#=#=#                                                                         

                                                                           0.8%
####################################                                      50.8%
######################################################################## 100.0%
Note: Running post_fetch actions for xmlada=23.0.0...
checking build system type... x86_64-pc-linux-gnu
checking host system type... x86_64-pc-linux-gnu
checking target system type... x86_64-pc-linux-gnu
checking whether gnat can build shared libs... yes
checking for a BSD-compatible install... /usr/bin/install -c
checking whether ln -s works... yes
configure: creating ./config.status
config.status: creating xmlada_shared.gpr
config.status: creating Makefile
config.status: creating tests/dom/default.gpr
Note: Deploying libgpr=23.0.0...
#=#=#                                                                         
##O#-#                                                                        
##=O#- #                                                                      
Note: Deploying gnatcoll=23.0.0...
#=#=#                                                                         
##O#-#                                                                        
##=O#- #                                                                      
Note: Deploying aws=23.0.0...
#=#=#                                                                         

                                                                           0.7%
######################################################################## 100.0%
Note: Running post_fetch actions for aws=23.0.0...
make[1]: Entering directory '/home/runner/work/alire-crates-ci/alire-crates-ci/test/d5cce143-348c-4206-9280-6a86459ce963/keypadder_0.3.0_104c359a/alire/cache/dependencies/aws_23.0.0_6c406859/config'
Bind
   [gprbind]      xoscons.bexch
   [Ada]          xoscons.ali
Link
   [link]         xoscons.adb
Setup OS specific definitions
make[1]: Leaving directory '/home/runner/work/alire-crates-ci/alire-crates-ci/test/d5cce143-348c-4206-9280-6a86459ce963/keypadder_0.3.0_104c359a/alire/cache/dependencies/aws_23.0.0_6c406859/config'
make[1]: Entering directory '/home/runner/work/alire-crates-ci/alire-crates-ci/test/d5cce143-348c-4206-9280-6a86459ce963/keypadder_0.3.0_104c359a/alire/cache/dependencies/aws_23.0.0_6c406859/regtests'
Can not generate system tags. The test are disabled
make[1]: Leaving directory '/home/runner/work/alire-crates-ci/alire-crates-ci/test/d5cce143-348c-4206-9280-6a86459ce963/keypadder_0.3.0_104c359a/alire/cache/dependencies/aws_23.0.0_6c406859/regtests'
make[1]: Entering directory '/home/runner/work/alire-crates-ci/alire-crates-ci/test/d5cce143-348c-4206-9280-6a86459ce963/keypadder_0.3.0_104c359a/alire/cache/dependencies/aws_23.0.0_6c406859/demos'
make[1]: Nothing to be done for 'setup'.
make[1]: Leaving directory '/home/runner/work/alire-crates-ci/alire-crates-ci/test/d5cce143-348c-4206-9280-6a86459ce963/keypadder_0.3.0_104c359a/alire/cache/dependencies/aws_23.0.0_6c406859/demos'
make[1]: Entering directory '/home/runner/work/alire-crates-ci/alire-crates-ci/test/d5cce143-348c-4206-9280-6a86459ce963/keypadder_0.3.0_104c359a/alire/cache/dependencies/aws_23.0.0_6c406859/templates_parser'
make[1]: Leaving directory '/home/runner/work/alire-crates-ci/alire-crates-ci/test/d5cce143-348c-4206-9280-6a86459ce963/keypadder_0.3.0_104c359a/alire/cache/dependencies/aws_23.0.0_6c406859/templates_parser'
make[1]: Entering directory '/home/runner/work/alire-crates-ci/alire-crates-ci/test/d5cce143-348c-4206-9280-6a86459ce963/keypadder_0.3.0_104c359a/alire/cache/dependencies/aws_23.0.0_6c406859/templates_parser'
make[1]: Leaving directory '/home/runner/work/alire-crates-ci/alire-crates-ci/test/d5cce143-348c-4206-9280-6a86459ce963/keypadder_0.3.0_104c359a/alire/cache/dependencies/aws_23.0.0_6c406859/templates_parser'
Note: Building keypadder/keypadder.gpr...
Setup
   [mkdir]        object directory for project Ada_TOML
   [mkdir]        library directory for project Ada_TOML
   [mkdir]        object directory for project Zlib
   [mkdir]        library directory for project Zlib
   [mkdir]        object directory for project Include
   [mkdir]        library directory for project Include
   [mkdir]        object directory for project XmlAda_Sax
   [mkdir]        library directory for project XmlAda_Sax
   [mkdir]        object directory for project XmlAda_Schema
   [mkdir]        object directory for project GPR
   [mkdir]        library directory for project GPR
   [mkdir]        object directory for project GnatColl
   [mkdir]        library directory for project GnatColl
   [mkdir]        object directory for project SSL
   [mkdir]        library directory for project SSL
   [mkdir]        object directory for project Src
   [mkdir]        library directory for project Src
   [mkdir]        library directory for project AWS
   [mkdir]        object directory for project Keypadder
   [mkdir]        exec directory for project Keypadder
src.gpr:39:37: "../.build/x86_64-pc-linux-gnu/setup/src" is not a valid directory
gprbuild: "/home/runner/work/alire-crates-ci/alire-crates-ci/test/d5cce143-348c-4206-9280-6a86459ce963/keypadder_0.3.0_104c359a/keypadder.gpr" processing failed
stderr: Command ["gprbuild", "-s", "-j0", "-p", "-P", "/home/runner/work/alire-crates-ci/alire-crates-ci/test/d5cce143-348c-4206-9280-6a86459ce963/keypadder_0.3.0_104c359a/keypadder.gpr"] exited with code 4
ERROR: Command ["gprbuild", "-s", "-j0", "-p", "-P", "/home/runner/work/alire-crates-ci/alire-crates-ci/test/d5cce143-348c-4206-9280-6a86459ce963/keypadder_0.3.0_104c359a/keypadder.gpr"] exited with code 4
stderr: ALIRE.CHECKED_ERROR
stderr: Command ["gprbuild", "-s", "-j0", "-p", "-P", "/home/runner/work/alire-crates-ci/alire-crates-ci/test/d5cce143-348c-4206-9280-6a86459ce963/keypadder_0.3.0_104c359a/keypadder.gpr"] exited with code 4
stderr: raised ALIRE.CHECKED_ERROR : alire-stored-error:1
[/usr/bin/alr]
0xd7ada2 Alire.Raise_Checked_Error at alire.adb:251
0xa423cf Alire.Os_Lib.Subprocess.Checked_Spawn at alire-os_lib-subprocess.adb:110
0xc5cdee Alire.Spawn.Command at alire-spawn.adb:21
0xc5d51c Alire.Spawn.Gprbuild at alire-spawn.adb:41
0xbc1550 Alire.Roots.Build.Build_Single_Release.Call_Gprbuild at alire-roots.adb:140
0xbbfbaf Alire.Roots.Build.Build_Single_Release at alire-roots.adb:171
0xbdb95e Alire.Roots.Traverse.Traverse_Wrap at alire-roots.adb:1364
0xc25a8b Alire.Solutions.Traverse.Visit at alire-solutions.adb:1443
0xc246a2 Alire.Solutions.Traverse at alire-solutions.adb:1518
0xbdbaac Alire.Roots.Traverse at alire-roots.adb:1368
0xbbff40 Alire.Roots.Build at alire-roots.adb:196
0x4a0334 Alr.Commands.Build.Execute at alr-commands-build.adb:58
0x4b065a Alr.Commands.Get.Retrieve at alr-commands-get.adb:187
0x4b4e77 Alr.Commands.Get.Execute at alr-commands-get.adb:348
0x53bb7e Alr.Commands.Sub_Cmd.Execute at clic-subcommand-instance.adb:742
0x54756f Alr.Commands.Execute at alr-commands.adb:492
0x43cb1a Alr.Main at alr-main.adb:10
0x43f3e7 Main at b__alr-main.adb:2132
[/lib64/libc.so.6]
0x7f3539faeb48
0x7f3539faec09
[/usr/bin/alr]
0x43c9f8 _start at ???
0xfffffffffffffffe


Warning: keypadder=0.3.0 successfully retrieved but its build failed.
Dependencies were solved as follows:

   +  ada_toml 0.3.0  (new)                                 
   +  aws      23.0.0 (new)                                 
   +i gnat     13.1.1 (new,installed,gnat_external,indirect)
   +  gnatcoll 23.0.0 (new,indirect)                        
   +  libgpr   23.0.0 (new,indirect)                        
   +  make     4.4.0  (new,indirect)                        
   +  openssl  3.0.9  (new,indirect)                        
   +  xmlada   23.0.0 (new,indirect)                        
ERROR: Build ended with errors
