Test ran at 2022-07-07 12:32:08.318175+00:00

SOLUTION:
ada_lua=0.1.0: An Ada binding for lua
Origin: commit 0aa4afc28577adf5106d6bd13bed6a086b6e9a8c from https://github.com/AdaCore/ada-lua.git
Properties:
   Author: Nicolas Roche <roche@adacore.com>
   Description: An Ada binding for lua
   License: GPL-3.0-or-later WITH GCC-exception-3.1
   Maintainer: Nicolas Roche <roche@adacore.com>
   Maintainers_Logins: Nikokrock
   Maintainers_Logins: Fabien-Chouteau
   Name: ada_lua
   Tag: lua
   Tag: binding
   Tag: script
   Version: 0.1.0
   Website: https://github.com/adacore/ada-lua
Dependencies (direct):
   liblua~5.3
Dependencies (solution):
   liblua=5.3.3
Dependencies (graph):
   ada_lua=0.1.0 --> liblua=5.3.3 (~5.3)


LOG:
Note: Deploying ada_lua=0.1.0...
Note: Deploying liblua=5.3.3...
The system package 'liblua5.3-dev' is about to be installed.
This action might require admin privileges and impact your system installation.
Do you want Alire to install this system package?
Using default: Yes
Selecting previously unselected package liblua5.3-0:amd64.
(Reading database ... 
(Reading database ... 5%
(Reading database ... 10%
(Reading database ... 15%
(Reading database ... 20%
(Reading database ... 25%
(Reading database ... 30%
(Reading database ... 35%
(Reading database ... 40%
(Reading database ... 45%
(Reading database ... 50%
(Reading database ... 55%
(Reading database ... 60%
(Reading database ... 65%
(Reading database ... 70%
(Reading database ... 75%
(Reading database ... 80%
(Reading database ... 85%
(Reading database ... 90%
(Reading database ... 95%
(Reading database ... 100%
(Reading database ... 237314 files and directories currently installed.)
Preparing to unpack .../liblua5.3-0_5.3.3-1.1ubuntu2_amd64.deb ...
Unpacking liblua5.3-0:amd64 (5.3.3-1.1ubuntu2) ...
Selecting previously unselected package liblua5.3-dev:amd64.
Preparing to unpack .../liblua5.3-dev_5.3.3-1.1ubuntu2_amd64.deb ...
Unpacking liblua5.3-dev:amd64 (5.3.3-1.1ubuntu2) ...
Selecting previously unselected package libtool-bin.
Preparing to unpack .../libtool-bin_2.4.6-14_amd64.deb ...
Unpacking libtool-bin (2.4.6-14) ...
Setting up libtool-bin (2.4.6-14) ...
Setting up liblua5.3-0:amd64 (5.3.3-1.1ubuntu2) ...
Setting up liblua5.3-dev:amd64 (5.3.3-1.1ubuntu2) ...
Processing triggers for man-db (2.9.1-1) ...
Processing triggers for libc-bin (2.31-0ubuntu9.9) ...
Note: Building ada_lua/ada_lua.gpr...
Setup
   [mkdir]        object directory for project Ada_Lua
   [mkdir]        library directory for project Ada_Lua
Compile
   [Ada]          lua-ada_types.adb
   [Ada]          lua.adb
   [Ada]          lua-utils.adb
   [Ada]          lua-ada_limited_types.adb
Build Libraries
   [gprlib]       Ada_Lua.lexch
   [archive]      libAda_Lua.a
   [index]        libAda_Lua.a
Build finished successfully in 0.33 seconds.

ada_lua=0.1.0 successfully retrieved and built.
Dependencies were solved as follows:

   + liblua 5.3.3 (new)
