Test ran at 2023-04-08 02:03:51.230861+00:00

SOLUTION:
emacs_gpr_query=1.0.1: Emacs xref backend using information output by GNAT compiler.
Origin: source archive emacs_gpr_query-1.0.1.tgz at https://download.savannah.nongnu.org/releases/ada-mode/emacs_gpr_query-1.0.1.tgz with hashes sha256:ad2db6d2bc8f491fe0346da1c39411dcdc8e394c04b09d6cb5a06088118d19c6, sha512:61ee88532ba1c4073a02af4fe45dfa6f251f8ff2f8b1d7bbc517d2c52bdc109231b403612c0fc2a3579c454c8d37a89e669ca45a273296fc7511ffd981f8eaf2
Properties:
   Author: Stephen Leake
   Description: Emacs xref backend using information output by GNAT compiler.
   Executable: gpr_query
   License: GPL-3.0-or-later
   Maintainer: Stephen Leake <stephen_leake@stephe-leake.org>
   Maintainers_Logins: stephe-ada-guru
   Name: emacs_gpr_query
   Project_File: emacs_gpr_query.gpr
   Tag: emacs
   Tag: xref
   Version: 1.0.1
   Website: https://elpa.gnu.org/packages/gpr-query.html
Dependencies (direct):
   gnat>=11 & <2000
   gnatcoll^22.0.0
   gnatcoll_sqlite^22.0.0
   gnatcoll_xref^22.0.0
Dependencies (solution):
   gnat=12.1.1 (gnat_external) (installed)
   gnatcoll=22.0.0
   gnatcoll_iconv=22.0.0
   gnatcoll_sql=22.0.0
   gnatcoll_sqlite=22.0.0
   gnatcoll_xref=22.0.0
   libgpr=22.0.0
   xmlada=22.0.0
Dependencies (graph):
   emacs_gpr_query=1.0.1  --> gnat=12.1.1 (gnat_external) (>=11 & <2000)
   emacs_gpr_query=1.0.1  --> gnatcoll=22.0.0 (^22.0.0)                 
   emacs_gpr_query=1.0.1  --> gnatcoll_sqlite=22.0.0 (^22.0.0)          
   emacs_gpr_query=1.0.1  --> gnatcoll_xref=22.0.0 (^22.0.0)            
   gnatcoll=22.0.0        --> libgpr=22.0.0 (~22.0.0)                   
   gnatcoll_iconv=22.0.0  --> gnatcoll=22.0.0 (~22.0.0)                 
   gnatcoll_sql=22.0.0    --> gnatcoll=22.0.0 (~22.0.0)                 
   gnatcoll_sqlite=22.0.0 --> gnatcoll=22.0.0 (~22.0.0)                 
   gnatcoll_sqlite=22.0.0 --> gnatcoll_sql=22.0.0 (~22.0.0)             
   gnatcoll_xref=22.0.0   --> gnatcoll=22.0.0 (~22.0.0)                 
   gnatcoll_xref=22.0.0   --> gnatcoll_iconv=22.0.0 (~22.0.0)           
   gnatcoll_xref=22.0.0   --> gnatcoll_sql=22.0.0 (~22.0.0)             
   gnatcoll_xref=22.0.0   --> gnatcoll_sqlite=22.0.0 (~22.0.0)          
   libgpr=22.0.0          --> gnat=12.1.1 (gnat_external) (/=2020)      
   libgpr=22.0.0          --> xmlada=22.0.0 (~22.0.0)                   
   xmlada=22.0.0          --> gnat=12.1.1 (gnat_external) (>=11)        


LOG:
Note: Deploying emacs_gpr_query=1.0.1...
#=#=#                                                                         
##O#-#                                                                        
##O=#  #                                                                      
#=#=-#  #                                                                     
-#O#- #   #                                                                   

######################################################################## 100.0%
Note: Deploying xmlada=22.0.0...
#=#=#                                                                         
##O#-#                                                                        
##O=#  #                                                                      
#=#=-#  #                                                                     
-#O#- #   #                                                                   
 -#O#-  #   #                                                                 
Note: Running post_fetch actions for xmlada=22.0.0...
checking build system type... x86_64-unknown-linux-gnu
checking host system type... x86_64-unknown-linux-gnu
checking target system type... x86_64-unknown-linux-gnu
checking whether gnat can build shared libs... yes
checking for a BSD-compatible install... /usr/bin/install -c
checking whether ln -s works... yes
configure: creating ./config.status
config.status: creating xmlada_shared.gpr
config.status: creating Makefile
config.status: creating tests/dom/default.gpr
Note: Deploying libgpr=22.0.0...
#=#=#                                                                         
##O#-#                                                                        
##O=#  #                                                                      
#=#=-#  #                                                                     
 #=#=-#   #                                                                   
Note: Deploying gnatcoll=22.0.0...
#=#=#                                                                         
##O#-#                                                                        
##O=#  #                                                                      
#=#=-#  #                                                                     
-#O#- #   #                                                                   
 -#O#-  #   #                                                                 
Note: Deploying gnatcoll_iconv=22.0.0...
#=#=#                                                                         
##O#-#                                                                        
##O=#  #                                                                      
#=#=-#  #                                                                     
-#O#- #   #                                                                   
Note: Deploying gnatcoll_sql=22.0.0...
#=#=#                                                                         
##O#-#                                                                        
##O=#  #                                                                      
#=#=-#  #                                                                     
 #=#=-#   #                                                                   
  #=#=- #   #                                                                 
Note: Deploying gnatcoll_sqlite=22.0.0...
#=#=#                                                                         
##O#-#                                                                        
##O=#  #                                                                      
#=#=-#  #                                                                     
 #=#=-#   #                                                                   
Note: Deploying gnatcoll_xref=22.0.0...
#=#=#                                                                         
##O#-#                                                                        
##O=#  #                                                                      
#=#=-#  #                                                                     
 #=#=-#   #                                                                   
  #=#=- #   #                                                                 
Note: Building emacs_gpr_query/emacs_gpr_query.gpr...
gnatcoll.gpr:254:07: warning: value "windows" is not used as label
Setup
   [mkdir]        object directory for project XmlAda_Sax
   [mkdir]        library directory for project XmlAda_Sax
   [mkdir]        object directory for project XmlAda_Schema
   [mkdir]        object directory for project GPR
   [mkdir]        library directory for project GPR
   [mkdir]        object directory for project GnatColl
   [mkdir]        library directory for project GnatColl
   [mkdir]        object directory for project GnatColl_SQL
   [mkdir]        library directory for project GnatColl_SQL
   [mkdir]        object directory for project GnatColl_Sqlite
   [mkdir]        library directory for project GnatColl_Sqlite
   [mkdir]        object directory for project GnatColl_Iconv
   [mkdir]        library directory for project GnatColl_Iconv
   [mkdir]        object directory for project GnatColl_Xref
   [mkdir]        library directory for project GnatColl_Xref
   [mkdir]        object directory for project Emacs_Gpr_Query
   [mkdir]        exec directory for project Emacs_Gpr_Query
Compile
   [Ada]          gpr_query.adb
   [C]            iconv_support.c
   [Ada]          gnatcoll-iconv.adb
   [Ada]          gnatcoll-xref-database_names.ads
   [Ada]          gnatcoll-xref-database.adb
   [Ada]          gnatcoll-xref.adb
   [Ada]          gnatcoll-sql_impl.adb
   [Ada]          gnatcoll-sql-sessions.adb
gnatcoll-sql-sessions.adb:34:06: warning: unnecessary with of ancestor [-gnatwr]
   [Ada]          gnatcoll-sql-exec.adb
gnatcoll-sql-exec.adb:1070:14: warning: pragma Unreferenced given for "R" [enabled by default]
gnatcoll-sql-exec.adb:1085:14: warning: pragma Unreferenced given for "R" [enabled by default]
gnatcoll-sql-exec.adb:1848:14: warning: pragma Unreferenced given for "R" [enabled by default]
   [Ada]          gnatcoll-sql-exec-tasking.adb
   [Ada]          gnatcoll-sql-exec_private.adb
   [Ada]          gnatcoll-sql-orm.adb
gnatcoll-sql-orm.ads:35:06: warning: unnecessary with of ancestor [-gnatwr]
   [Ada]          gnatcoll-sql.adb
gnatcoll-xref.adb:1726:30: warning: pragma Unreferenced given for "Ignored" [enabled by default]
   [Ada]          gnatcoll-sql-inspect.adb
   [Ada]          gnatcoll-sql-orm-impl.adb
   [Ada]          gnatcoll-sql_fields.adb
   [C]            shell.c
   [C]            sqlite3.c
   [Ada]          gnatcoll-sql-sqlite-gnade.adb
   [Ada]          gnatcoll-sql-sqlite-builder.adb
   [Ada]          gnatcoll-sql-sqlite.adb
   [Ada]          schema-readers.adb
   [Ada]          schema-simple_types.adb
   [Ada]          schema-decimal.adb
   [Ada]          schema-validators-xsd_grammar.adb
schema-validators-xsd_grammar.adb:26:06: warning: unnecessary with of ancestor [-gnatwr]
schema-validators-xsd_grammar.ads:30:06: warning: unnecessary with of ancestor [-gnatwr]
   [Ada]          schema-validators.adb
   [Ada]          schema.adb
   [Ada]          schema-schema_readers.adb
schema-schema_readers.adb:1629:33: warning: pragma Unreferenced given for "Ignored" [enabled by default]
schema-schema_readers.adb:1629:42: warning: pragma Unreferenced given for "Ignored_Index" [enabled by default]
   [Ada]          schema-date_time.adb
   [Ada]          schema-dom_readers.adb
   [Ada]          dom-core-texts.adb
   [Ada]          dom-core-comments.ads
   [Ada]          dom-core-cdata_sections.ads
   [Ada]          dom-core-document_fragments.ads
   [Ada]          dom-core-processing_instructions.ads
   [Ada]          dom-core.adb
   [Ada]          dom-core-document_types.adb
   [Ada]          dom-core-attrs.adb
   [Ada]          dom-core-elements.adb
   [Ada]          dom-readers.adb
   [Ada]          dom.ads
   [Ada]          dom-core-nodes.adb
   [Ada]          dom-core-character_datas.adb
   [Ada]          dom-core-notations.adb
   [Ada]          dom-core-entity_references.ads
   [Ada]          dom-core-documents.adb
   [Ada]          input_sources-http.adb
   [Ada]          input_sources-strings.adb
   [Ada]          input_sources.adb
   [Ada]          input_sources-file.adb
   [Ada]          input_sources-socket.adb
   [Ada]          sax-models.adb
   [Ada]          sax-utils.adb
   [Ada]          sax-symbols.adb
   [Ada]          sax-state_machines.adb
   [Ada]          sax-htable.adb
   [Ada]          sax-readers.adb
/home/runner/work/alire-crates-ci/alire-crates-ci/test/a4043624-530d-4056-88b9-8b4265551ab1/emacs_gpr_query_1.0.1_ad2db6d2/alire/cache/dependencies/gnatcoll_sqlite_22.0.0_ffe1c7ec/sqlite/amalgamation/sqlite3.c: In function ‘sqlite3SelectNew’:
/home/runner/work/alire-crates-ci/alire-crates-ci/test/a4043624-530d-4056-88b9-8b4265551ab1/emacs_gpr_query_1.0.1_ad2db6d2/alire/cache/dependencies/gnatcoll_sqlite_22.0.0_ffe1c7ec/sqlite/amalgamation/sqlite3.c:117842:10: warning: function may return address of local variable [-Wreturn-local-addr]
117842 |   return pNew;
       |          ^~~~
/home/runner/work/alire-crates-ci/alire-crates-ci/test/a4043624-530d-4056-88b9-8b4265551ab1/emacs_gpr_query_1.0.1_ad2db6d2/alire/cache/dependencies/gnatcoll_sqlite_22.0.0_ffe1c7ec/sqlite/amalgamation/sqlite3.c:117801:10: note: declared here
117801 |   Select standin;
       |          ^~~~~~~
/home/runner/work/alire-crates-ci/alire-crates-ci/test/a4043624-530d-4056-88b9-8b4265551ab1/emacs_gpr_query_1.0.1_ad2db6d2/alire/cache/dependencies/gnatcoll_sqlite_22.0.0_ffe1c7ec/sqlite/amalgamation/sqlite3.c:117801:10: note: declared here
   [Ada]          sax.ads
   [Ada]          sax-encodings.ads
   [Ada]          sax-exceptions.adb
   [Ada]          sax-locators.adb
   [Ada]          sax-pointers.adb
   [Ada]          sax-attributes.adb
   [Ada]          unicode-names-meroitic_cursive.ads
   [Ada]          unicode-names-shorthand_format_controls.ads
   [Ada]          unicode-names-dingbats.ads
   [Ada]          unicode-names-manichaean.ads
   [Ada]          unicode-names-balinese.ads
   [Ada]          unicode-names-latin_extended_d.ads
   [Ada]          unicode-names-old_italic.ads
   [Ada]          unicode-names-georgian.ads
   [Ada]          unicode-names-math_alphanumeric_symb.ads
   [Ada]          unicode-names-ahom.ads
   [Ada]          unicode-names-mahajani.ads
   [Ada]          unicode-names-telugu.ads
   [Ada]          unicode-names-supplemental_punctuation.ads
   [Ada]          unicode-names-sharada.ads
   [Ada]          unicode-names-super_and_sub_scripts.ads
   [Ada]          unicode-names-sinhala_archaic_numbers.ads
   [Ada]          unicode-names-vertical_forms.ads
   [Ada]          unicode-names-buginese.ads
   [Ada]          unicode-names-thaana.ads
   [Ada]          unicode-names-ipa_extensions.ads
   [Ada]          unicode-names-mandaic.ads
   [Ada]          unicode-names-mathematical_operators.ads
   [Ada]          unicode-names-variation_selectors_sup.ads
   [Ada]          unicode-names-control_pictures.ads
   [Ada]          unicode-ces-utf32.adb
   [Ada]          unicode-names-multani.ads
   [Ada]          unicode-names-kanbun.ads
   [Ada]          unicode-ccs-iso_8859_2.adb
   [Ada]          unicode-names-latin_extended_a.ads
   [Ada]          unicode-names-greek_extended.ads
   [Ada]          unicode-names-lycian.ads
   [Ada]          unicode-names-gothic.ads
   [Ada]          unicode-names-common_indic_number_forms.ads
   [Ada]          unicode-names-braille_patterns.ads
   [Ada]          unicode-names-takri.ads
   [Ada]          unicode-names-katakana.ads
   [Ada]          unicode-names-specials.ads
   [Ada]          unicode-names-byzantine_musical_symbols.ads
   [Ada]          unicode-names-vedic_extensions.ads
   [Ada]          unicode-names-spacing_modifier_letters.ads
   [Ada]          unicode-names-arabic_present_formsb.ads
   [Ada]          unicode-names-coptic_epact_numbers.ads
   [Ada]          unicode-names-half_full_width_forms.ads
   [Ada]          unicode-names-supplemental_arrows_a.ads
   [Ada]          unicode-names-katakana_phonetic_ext.ads
   [Ada]          unicode-names-myanmar_extended_a.ads
   [Ada]          unicode-names-nabataean.ads
   [Ada]          unicode-names-malayalam.ads
   [Ada]          unicode-names-vai.ads
   [Ada]          unicode-names-rejang.ads
   [Ada]          unicode-names-avestan.ads
   [Ada]          unicode-names-bopomofo_extended.ads
   [Ada]          unicode-names-pau_cin_hau.ads
   [Ada]          unicode-ccs.adb
   [Ada]          unicode-names-tirhuta.ads
   [Ada]          unicode-names-cyrillic_extended_b.ads
   [Ada]          unicode-ces.adb
   [Ada]          unicode-names-phoenician.ads
   [Ada]          unicode-names-cjk_compat_ideo_sup.ads
   [Ada]          unicode-names-cherokee.ads
   [Ada]          unicode-names-linear_a.ads
   [Ada]          unicode-names-meetei_mayek_extensions.ads
   [Ada]          unicode-names-phaistos_disc.ads
   [Ada]          unicode-names-tai_xuan_jing_symbols.ads
   [Ada]          unicode-names-playing_cards.ads
   [Ada]          unicode-names-lepcha.ads
   [Ada]          unicode-names-small_form_variants.ads
   [Ada]          unicode-names-tagbanwa.ads
   [Ada]          unicode-names-geometric_shapes.ads
   [Ada]          unicode-names-greek_and_coptic.ads
   [Ada]          unicode-names-cyrillic.ads
   [Ada]          unicode-names-old_turkic.ads
   [Ada]          unicode-names-box_drawing.ads
   [Ada]          unicode-names-cjk_compatibility_forms.ads
   [Ada]          unicode-names-miscellaneous_symbols.ads
   [Ada]          unicode-names-tai_viet.ads
   [Ada]          unicode-names-lisu.ads
   [Ada]          unicode-names-cjk_letters_months.ads
   [Ada]          unicode-names-aegean_numbers.ads
   [Ada]          unicode-names-egyptian_hieroglyphs.ads
   [Ada]          unicode-names-ethiopic_extended_a.ads
   [Ada]          unicode-names-sup_math_operators.ads
   [Ada]          unicode-names-ogham.ads
   [Ada]          unicode-names-yijing_hexagram_symbols.ads
   [Ada]          unicode-encodings.adb
   [Ada]          unicode-names-bamum.ads
   [Ada]          unicode-names-hangul_jamo_extended_b.ads
   [Ada]          unicode-names-ethiopic.ads
   [Ada]          unicode-names-kannada.ads
   [Ada]          unicode-names-old_persian.ads
   [Ada]          unicode-names-bengali.ads
   [Ada]          unicode-names-grantha.ads
   [Ada]          unicode-names-kaithi.ads
   [Ada]          unicode-names-arrows.ads
   [Ada]          unicode-ces-utf16.adb
   [Ada]          unicode-names-cyrillic_extended_a.ads
   [Ada]          unicode-names-latin_extended_additional.ads
   [Ada]          unicode-ccs-windows_1251.adb
   [Ada]          unicode-names-cjk_compatibility.ads
   [Ada]          unicode-names-arabic_present_formsa.ads
   [Ada]          unicode-names-modi.ads
   [Ada]          unicode-names-anatolian_hieroglyphs.ads
   [Ada]          unicode-names-geometric_shapes_extended.ads
   [Ada]          unicode-names-sundanese.ads
   [Ada]          unicode-names-sup_symbols_pictographs.ads
   [Ada]          unicode-names-siddham.ads
   [Ada]          unicode-names-phonetic_extensions.ads
   [Ada]          unicode-names-variation_selectors.ads
   [Ada]          unicode-names-mahjong_tiles.ads
   [Ada]          unicode-names-devanagari_extended.ads
   [Ada]          unicode-names-bamum_supplement.ads
   [Ada]          unicode-names-cham.ads
   [Ada]          unicode-names-combining_half_marks.ads
   [Ada]          unicode-names-myanmar_extended_b.ads
   [Ada]          unicode-names-tags.ads
   [Ada]          unicode-names-ugaritic.ads
   [Ada]          unicode-ccs-iso_8859_4.adb
   [Ada]          unicode-names-hebrew.ads
   [Ada]          unicode-names-yi_radicals.ads
   [Ada]          unicode-names-misc_math_symbols_b.ads
   [Ada]          unicode-names-chakma.ads
   [Ada]          unicode-names-linear_b_ideograms.ads
   [Ada]          unicode-names-cjk_strokes.ads
   [Ada]          unicode-names-phags_pa.ads
   [Ada]          unicode-names-latin_extended_b.ads
   [Ada]          unicode-names-gurmukhi.ads
   [Ada]          unicode-names-inscriptional_pahlavi.ads
   [Ada]          unicode-names-sinhala.ads
   [Ada]          unicode-names-ornamental_dingbats.ads
   [Ada]          unicode-names-khudawadi.ads
   [Ada]          unicode-ccs-iso_8859_1.adb
   [Ada]          unicode-names-mongolian.ads
   [Ada]          unicode-names-combining_diacritical_ext.ads
   [Ada]          unicode-names-old_permic.ads
   [Ada]          unicode-names-brahmi.ads
   [Ada]          unicode-names-ancient_greek_music.ads
   [Ada]          unicode-names-tamil.ads
   [Ada]          unicode-names-duployan.ads
   [Ada]          unicode-names-supplemental_arrows_b.ads
   [Ada]          unicode-names-myanmar.ads
   [Ada]          unicode-names-letterlike_symbols.ads
   [Ada]          unicode-names-lao.ads
   [Ada]          unicode-names-syloti_nagri.ads
   [Ada]          unicode-names-alpha_presentation_forms.ads
   [Ada]          unicode-names-cypriot_syllabary.ads
   [Ada]          unicode-names-tai_tham.ads
   [Ada]          unicode-names-basic_latin.ads
   [Ada]          unicode-names-armenian.ads
   [Ada]          unicode-names-tai_le.ads
   [Ada]          unicode-names-cjk_radicals_supplement.ads
   [Ada]          unicode-names-cherokee_supplement.ads
   [Ada]          unicode-names-buhid.ads
   [Ada]          unicode-names-warang_citi.ads
   [Ada]          unicode-names-khmer_symbols.ads
   [Ada]          unicode-names-kharoshthi.ads
   [Ada]          unicode-names-bopomofo.ads
   [Ada]          unicode-names-deseret.ads
   [Ada]          unicode-names-javanese.ads
   [Ada]          unicode-names-kana_supplement.ads
   [Ada]          unicode-names-ethiopic_extended.ads
   [Ada]          unicode-names-tagalog.ads
   [Ada]          unicode-names-miao.ads
   [Ada]          unicode-names-hangul_jamo_extended_a.ads
   [Ada]          unicode-names-inscriptional_parthian.ads
   [Ada]          unicode-names-enclosed_ideographic_sup.ads
   [Ada]          unicode-names-musical_symbols.ads
   [Ada]          unicode-names-yi_syllables.ads
   [Ada]          unicode-names-hangul_jamo.ads
   [Ada]          unicode-names-imperial_aramaic.ads
   [Ada]          unicode-names-ideograph_descr_chars.ads
   [Ada]          unicode-names-sora_sompeng.ads
   [Ada]          unicode-names-early_dynastic_cuneiform.ads
   [Ada]          unicode-names-new_tai_lue.ads
   [Ada]          unicode-names-saurashtra.ads
   [Ada]          unicode-names-hanunoo.ads
   [Ada]          unicode-names-thai.ads
   [Ada]          unicode-names-canadian_aboriginal_ext.ads
   [Ada]          unicode-names-mende_kikakui.ads
   [Ada]          unicode-names-kangxi_radicals.ads
   [Ada]          unicode-names-misc_symbols_and_arrows.ads
   [Ada]          unicode-names-caucasian_albanian.ads
   [Ada]          unicode-names-old_hungarian.ads
   [Ada]          unicode-names-arabic.ads
   [Ada]          unicode-names-psalter_pahlavi.ads
   [Ada]          unicode-ccs-iso_8859_15.adb
   [Ada]          unicode-names-tibetan.ads
   [Ada]          unicode-names-glagolitic.ads
   [Ada]          unicode-names-elbasan.ads
   [Ada]          unicode-names-hangul_compatibility_jamo.ads
   [Ada]          unicode-names-cjk_compat_ideographs.ads
   [Ada]          unicode-names-sutton_signwriting.ads
   [Ada]          unicode-names-palmyrene.ads
   [Ada]          unicode-names-arabic_extended_a.ads
   [Ada]          unicode-names-optical_chars_recognition.ads
   [Ada]          unicode-names-ancient_greek_numbers.ads
   [Ada]          unicode-names-linear_b_syllabary.ads
   [Ada]          unicode-names-ancient_symbols.ads
   [Ada]          unicode-names-coptic.ads
   [Ada]          unicode-names-old_north_arabian.ads
   [Ada]          unicode-names-gujarati.ads
   [Ada]          unicode-names-lydian.ads
   [Ada]          unicode-names-hatran.ads
   [Ada]          unicode-names-khojki.ads
   [Ada]          unicode-names-hiragana.ads
   [Ada]          unicode-names-arabic_math_alpha_symb.ads
   [Ada]          unicode-names-cjk_symbols_and_punct.ads
   [Ada]          unicode-names-ol_chiki.ads
   [Ada]          unicode-names-enclosed_alphanumerics.ads
   [Ada]          unicode-names-general_punctuation.ads
   [Ada]          unicode-names-kayah_li.ads
   [Ada]          unicode-names-arabic_supplement.ads
   [Ada]          unicode-names-modifier_tone_letters.ads
   [Ada]          unicode-names-batak.ads
   [Ada]          unicode-names-bassa_vah.ads
   [Ada]          unicode-names-sundanese_supplement.ads
   [Ada]          unicode-names-nko.ads
   [Ada]          unicode-names-mro.ads
   [Ada]          unicode-names-latin_extended_c.ads
   [Ada]          unicode-ces-basic_8bit.adb
   [Ada]          unicode-names-block_elements.ads
   [Ada]          unicode-names-meetei_mayek.ads
   [Ada]          unicode-names-combining_diacritical.ads
   [Ada]          unicode-ces-utf8.adb
   [Ada]          unicode-names-enclosed_alphanum_sup.ads
   [Ada]          unicode-names-latin_1_supplement.ads
   [Ada]          unicode-names-cuneiform_num_punctuation.ads
   [Ada]          unicode-ccs-iso_8859_3.adb
   [Ada]          unicode.adb
   [Ada]          unicode-names-limbu.ads
   [Ada]          unicode-names-osmanya.ads
   [Ada]          unicode-names-rumi_numeral_symbols.ads
   [Ada]          unicode-ccs-windows_1252.adb
   [Ada]          unicode-names-tifinagh.ads
   [Ada]          unicode-names-devanagari.ads
   [Ada]          unicode-names-pahawh_hmong.ads
   [Ada]          unicode-names-ethiopic_supplement.ads
   [Ada]          unicode-names-latin_extended_e.ads
   [Ada]          unicode-names-meroitic_hieroglyphs.ads
   [Ada]          unicode-names-oriya.ads
   [Ada]          unicode-names-cuneiform.ads
   [Ada]          unicode-names-syriac.ads
   [Ada]          unicode-names-counting_rod_numerals.ads
   [Ada]          unicode-names-georgian_supplement.ads
   [Ada]          unicode-names-runic.ads
   [Ada]          unicode-names-canadian_aboriginal.ads
   [Ada]          unicode-names-combining_diacritical_sup.ads
   [Ada]          unicode-names-miscellaneous_technical.ads
   [Ada]          unicode-names-khmer.ads
   [Ada]          unicode-names-number_forms.ads
   [Ada]          unicode-names-samaritan.ads
   [Ada]          unicode-names-phonetic_ext_sup.ads
   [Ada]          unicode-names-misc_math_symbols_a.ads
   [Ada]          unicode-names-misc_symbols_pictographs.ads
   [Ada]          unicode-names-alchemical_symbols.ads
   [Ada]          unicode-names-carian.ads
   [Ada]          unicode-names.ads
   [Ada]          unicode-names-currency_symbols.ads
   [Ada]          unicode-names-domino_tiles.ads
   [Ada]          unicode-names-cyrillic_supplement.ads
   [Ada]          unicode-names-old_south_arabian.ads
   [Ada]          unicode-names-supplemental_arrows_c.ads
   [Ada]          unicode-names-transport_and_map_symbols.ads
   [Ada]          unicode-names-shavian.ads
   [Ada]          unicode-names-emoticons.ads
   [Ada]          unicode-names-combining_diacritical_sym.ads
   [C]            gpr_imports.c
   [Ada]          gpr-strt.adb
   [Ada]          gpr-conf.adb
   [Ada]          gpr-attr.adb
   [Ada]          gpr-names.adb
   [Ada]          gpr-dect.adb
   [Ada]          gpr-com.ads
   [Ada]          gpr-err.adb
   [Ada]          gpr-tempdir.adb
   [Ada]          gpr-part.adb
   [Ada]          gpr-debug.adb
   [Ada]          gpr-compilation-slave.adb
   [Ada]          gpr-compilation-sync.adb
   [Ada]          gpr-knowledge.adb
   [Ada]          gpr-erroutc.adb
   [Ada]          gpr-compilation.adb
   [Ada]          gpr-attr-pm.adb
   [Ada]          gpr_build_util.adb
   [Ada]          gpr-osint.adb
   [Ada]          gpr-sdefault.ads
   [Ada]          gpr-version.adb
   [Ada]          gpr-compilation-process.adb
   [Ada]          gpr-pp.adb
   [Ada]          gpr-compilation-process-waiter.adb
   [Ada]          gpr-util-aux.adb
   [Ada]          gpr-cset.adb
   [Ada]          gpr-util.adb
   [Ada]          gpr.adb
   [Ada]          gpr-output.adb
   [Ada]          gpr-sinput.adb
   [Ada]          gpr-ali.adb
   [Ada]          gpr-tree.adb
   [Ada]          gpr-opt.ads
   [Ada]          gpr-proc.adb
   [Ada]          gpr-nmsc.adb
   [Ada]          gpr-scans.adb
   [Ada]          gpr-script.adb
   [Ada]          gpr-snames.adb
   [Ada]          gpr-ext.adb
   [Ada]          gpr-compilation-protocol.adb
   [Ada]          gpr-env.adb
   [C]            libc-wrappers.c
   [C]            process-wrappers.c
   [C]            separate_run_path_option.c
   [C]            getRSS.c
   [C]            executable_path.c
   [C]            objlist_file.c
   [C]            set_std_prefix.c
   [C]            run_path_option.c
   [C]            link_max.c
   [C]            terminals.c
   [C]            gnatcoll_support.c
   [C]            update_path.c
   [Ada]          gnatcoll-os-libc.ads
   [Ada]          gnatcoll-os-libc-stat.ads
   [Ada]          gnatcoll-os-libc-dirent.ads
   [Ada]          gnatcoll-os-libc-spawn.ads
   [Ada]          gnatcoll-paragraph_filling.adb
   [Ada]          gnatcoll-paragraph_filling-badnesses.adb
   [Ada]          gnatcoll-paragraph_filling-words.adb
   [Ada]          gnatcoll-os-stat.adb
   [Ada]          gnatcoll-os-dir.adb
   [Ada]          gnatcoll-os-fs.adb
   [Ada]          gnatcoll-os.ads
   [Ada]          gnatcoll-os-process.adb
   [Ada]          gnatcoll-refcount.adb
gnatcoll-refcount.ads:90:04: warning: in instantiation at gnatcoll-storage_pools-headers.adb:57 [enabled by default]
gnatcoll-refcount.ads:90:04: warning: possible aliasing problem for type "Header_Access" [enabled by default]
gnatcoll-refcount.ads:90:04: warning: use -fno-strict-aliasing switch for references [enabled by default]
gnatcoll-refcount.ads:90:04: warning: or use "pragma No_Strict_Aliasing (Header_Access);" [enabled by default]
   [Ada]          gnatcoll-path.adb
   [Ada]          gnatcoll-mmap.adb
   [Ada]          gnatcoll-strings_impl.adb
   [Ada]          gnatcoll-format_columns_vertical.ads
   [Ada]          gnatcoll-coders.adb
   [Ada]          gnatcoll-scripts-impl.adb
   [Ada]          gnatcoll-storage_pools.ads
   [Ada]          gnatcoll-vfs_utils.adb
   [Ada]          gnatcoll-arg_lists.adb
   [Ada]          gnatcoll-utils.adb
gnatcoll-utils.adb:642:34: warning: pragma Unreferenced given for "Result" [enabled by default]
   [Ada]          gnatcoll-projects.adb
   [Ada]          gnatcoll-formatters.adb
   [Ada]          gnatcoll-io-remote.adb
gnatcoll-io-remote.adb:854:62: warning: pragma Unreferenced given for "Dead" [enabled by default]
   [Ada]          gnatcoll-refcount-weakref.adb
   [Ada]          gnatcoll-config.adb
   [Ada]          gnatcoll-scripts-utils.adb
   [Ada]          gnatcoll-json.adb
   [Ada]          gnatcoll-symbols.adb
   [Ada]          gnatcoll-remote-db.adb
   [Ada]          gnatcoll-io-remote-windows.adb
gnatcoll-io-remote-windows.adb:496:36: warning: pragma Unreferenced given for "Status" [enabled by default]
   [Ada]          gnatcoll-tribooleans.adb
   [Ada]          gnatcoll-atomic.adb
   [Ada]          gnatcoll-damerau_levenshtein_distance.ads
   [Ada]          gnatcoll-scripts-files.adb
gnatcoll-scripts-files.ads:25:06: warning: unnecessary with of ancestor [-gnatwr]
   [Ada]          gnatcoll-scripts-shell.adb
gnatcoll-scripts-shell.adb:38:06: warning: unnecessary with of ancestor [-gnatwr]
   [Ada]          gnatcoll-string_builders.adb
   [Ada]          gnatcoll-wstring_builders.adb
   [Ada]          gnatcoll-vfs.adb
   [Ada]          gnatcoll-boyer_moore.adb
   [Ada]          gnatcoll-io-native.adb
   [Ada]          gnatcoll-projects-aux.adb
   [Ada]          gnatcoll-remote.ads
   [Ada]          gnatcoll-io.adb
   [Ada]          gnatcoll-email-utils.adb
   [Ada]          gnatcoll-any_types.adb
   [Ada]          gnatcoll-memory.adb
   [Ada]          gnatcoll-strings.ads
   [Ada]          gnatcoll-storage_pools-headers.adb
   [Ada]          gnatcoll-promises.adb
   [Ada]          gnatcoll-terminal.adb
   [Ada]          gnatcoll-wstring_list_builders.adb
   [Ada]          gnatcoll-string_list_builders.adb
   [Ada]          gnatcoll-scripts.adb
   [Ada]          gnatcoll-projects-krunch.adb
   [Ada]          gnatcoll-opt_parse.adb
   [Ada]          gnatcoll-geometry.adb
   [Ada]          gnatcoll-email-parser.adb
   [Ada]          gnatcoll-scripts-projects.adb
   [Ada]          gnatcoll-vfs_types.ads
   [Ada]          gnatcoll-coders-base64.adb
   [Ada]          gnatcoll-asserts.adb
   [Ada]          gnatcoll-coders-streams.adb
   [Ada]          gnatcoll-email.adb
   [Ada]          gnatcoll-damerau_levenshtein_generic.adb
   [Ada]          gnatcoll-storage_pools-alignment.adb
   [Ada]          gnatcoll-io-remote-unix.adb
gnatcoll-io-remote-unix.adb:409:36: warning: pragma Unreferenced given for "Status" [enabled by default]
gnatcoll-io-remote-unix.adb:434:36: warning: pragma Unreferenced given for "Status" [enabled by default]
   [Ada]          gnatcoll-pools.adb
   [Ada]          gnatcoll-json-utility.adb
   [Ada]          gnatcoll.ads
   [Ada]          gnatcoll-traces.adb
   [Ada]          gnatcoll-locks.adb
   [Ada]          gnatcoll-email-mailboxes.adb
   [Ada]          gnatcoll-projects-normalize.adb
   [Ada]          gnatcoll-templates.adb
   [Ada]          gnatcoll-mmap-system__unix.adb
   [Ada]          gnatcoll-plugins__unix.adb
   [Ada]          gnatcoll-os-process_types__unix.adb
   [Ada]          gnatcoll-os-constants__unix.ads
   [Ada]          gnatcoll-os-dir_types__unix.ads
   [Ada]          gnatcoll-os-libc_constants__linux.ads
Build Libraries
   [gprlib]       xmlada_unicode.lexch
   [gprlib]       xmlada_input_sources.lexch
   [archive]      libxmlada_unicode.a
   [index]        libxmlada_unicode.a
   [gprlib]       xmlada_sax.lexch
   [archive]      libxmlada_input_sources.a
   [index]        libxmlada_input_sources.a
   [gprlib]       xmlada_dom.lexch
   [archive]      libxmlada_sax.a
   [index]        libxmlada_sax.a
   [gprlib]       xmlada_schema.lexch
   [archive]      libxmlada_dom.a
   [index]        libxmlada_dom.a
   [gprlib]       gpr.lexch
   [archive]      libxmlada_schema.a
   [index]        libxmlada_schema.a
   [gprlib]       gnatcoll.lexch
   [archive]      libgpr.a
   [index]        libgpr.a
   [gprlib]       gnatcoll_sql.lexch
   [archive]      libgnatcoll.a
   [index]        libgnatcoll.a
   [gprlib]       gnatcoll_sqlite.lexch
   [archive]      libgnatcoll_sql.a
   [index]        libgnatcoll_sql.a
   [gprlib]       gnatcoll_iconv.lexch
   [gprlib]       gnatcoll_xref.lexch
   [archive]      libgnatcoll_sqlite.a
   [archive]      libgnatcoll_iconv.a
   [index]        libgnatcoll_iconv.a
   [index]        libgnatcoll_sqlite.a
   [archive]      libgnatcoll_xref.a
   [index]        libgnatcoll_xref.a
Bind
   [gprbind]      gpr_query.bexch
   [Ada]          gpr_query.ali
Link
   [link]         gpr_query.adb
Using built-in specs.
COLLECT_GCC=/usr/bin/gcc
COLLECT_LTO_WRAPPER=/usr/libexec/gcc/x86_64-redhat-linux/12/lto-wrapper
OFFLOAD_TARGET_NAMES=nvptx-none
OFFLOAD_TARGET_DEFAULT=1
Target: x86_64-redhat-linux
Configured with: ../configure --enable-bootstrap --enable-languages=c,c++,fortran,objc,obj-c++,ada,go,d,lto --prefix=/usr --mandir=/usr/share/man --infodir=/usr/share/info --with-bugurl=http://bugzilla.redhat.com/bugzilla --enable-shared --enable-threads=posix --enable-checking=release --enable-multilib --with-system-zlib --enable-__cxa_atexit --disable-libunwind-exceptions --enable-gnu-unique-object --enable-linker-build-id --with-gcc-major-version-only --enable-libstdcxx-backtrace --with-linker-hash-style=gnu --enable-plugin --enable-initfini-array --with-isl=/builddir/build/BUILD/gcc-12.1.1-20220507/obj-x86_64-redhat-linux/isl-install --enable-offload-targets=nvptx-none --without-cuda-driver --enable-offload-defaulted --enable-gnu-indirect-function --enable-cet --with-tune=generic --with-arch_32=i686 --build=x86_64-redhat-linux --with-build-config=bootstrap-lto --enable-link-serialization=1
Thread model: posix
Supported LTO compression algorithms: zlib zstd
gcc version 12.1.1 20220507 (Red Hat 12.1.1-1) (GCC) 
COMPILER_PATH=/usr/libexec/gcc/x86_64-redhat-linux/12/:/usr/libexec/gcc/x86_64-redhat-linux/12/:/usr/libexec/gcc/x86_64-redhat-linux/:/usr/lib/gcc/x86_64-redhat-linux/12/:/usr/lib/gcc/x86_64-redhat-linux/
LIBRARY_PATH=/usr/lib/gcc/x86_64-redhat-linux/12/:/usr/lib/gcc/x86_64-redhat-linux/12/../../../../lib64/:/lib/../lib64/:/usr/lib/../lib64/:/usr/lib/gcc/x86_64-redhat-linux/12/../../../:/lib/:/usr/lib/
COLLECT_GCC_OPTIONS='-v' '-L/home/runner/work/alire-crates-ci/alire-crates-ci/test/a4043624-530d-4056-88b9-8b4265551ab1/emacs_gpr_query_1.0.1_ad2db6d2/obj/development/' '-L/home/runner/work/alire-crates-ci/alire-crates-ci/test/a4043624-530d-4056-88b9-8b4265551ab1/emacs_gpr_query_1.0.1_ad2db6d2/obj/development/' '-L/home/runner/work/alire-crates-ci/alire-crates-ci/test/a4043624-530d-4056-88b9-8b4265551ab1/emacs_gpr_query_1.0.1_ad2db6d2/alire/cache/dependencies/gnatcoll_22.0.0_620c2f23/lib/gnatcoll/static/' '-L/home/runner/work/alire-crates-ci/alire-crates-ci/test/a4043624-530d-4056-88b9-8b4265551ab1/emacs_gpr_query_1.0.1_ad2db6d2/alire/cache/dependencies/libgpr_22.0.0_30e39dcc/gpr/lib/production/static/' '-L/home/runner/work/alire-crates-ci/alire-crates-ci/test/a4043624-530d-4056-88b9-8b4265551ab1/emacs_gpr_query_1.0.1_ad2db6d2/alire/cache/dependencies/xmlada_22.0.0_b322ae27/unicode/lib/static/' '-L/home/runner/work/alire-crates-ci/alire-crates-ci/test/a4043624-530d-4056-88b9-8b4265551ab1/emacs_gpr_query_1.0.1_ad2db6d2/alire/cache/dependencies/xmlada_22.0.0_b322ae27/sax/lib/static/' '-L/home/runner/work/alire-crates-ci/alire-crates-ci/test/a4043624-530d-4056-88b9-8b4265551ab1/emacs_gpr_query_1.0.1_ad2db6d2/alire/cache/dependencies/xmlada_22.0.0_b322ae27/input_sources/lib/static/' '-L/home/runner/work/alire-crates-ci/alire-crates-ci/test/a4043624-530d-4056-88b9-8b4265551ab1/emacs_gpr_query_1.0.1_ad2db6d2/alire/cache/dependencies/xmlada_22.0.0_b322ae27/dom/lib/static/' '-L/home/runner/work/alire-crates-ci/alire-crates-ci/test/a4043624-530d-4056-88b9-8b4265551ab1/emacs_gpr_query_1.0.1_ad2db6d2/alire/cache/dependencies/xmlada_22.0.0_b322ae27/schema/lib/static/' '-L/home/runner/work/alire-crates-ci/alire-crates-ci/test/a4043624-530d-4056-88b9-8b4265551ab1/emacs_gpr_query_1.0.1_ad2db6d2/alire/cache/dependencies/gnatcoll_sqlite_22.0.0_ffe1c7ec/sqlite/lib/static/' '-L/home/runner/work/alire-crates-ci/alire-crates-ci/test/a4043624-530d-4056-88b9-8b4265551ab1/emacs_gpr_query_1.0.1_ad2db6d2/alire/cache/dependencies/gnatcoll_sql_22.0.0_ffe1c7ec/sql/lib/static/' '-L/home/runner/work/alire-crates-ci/alire-crates-ci/test/a4043624-530d-4056-88b9-8b4265551ab1/emacs_gpr_query_1.0.1_ad2db6d2/alire/cache/dependencies/gnatcoll_xref_22.0.0_ffe1c7ec/xref/lib/static/' '-L/home/runner/work/alire-crates-ci/alire-crates-ci/test/a4043624-530d-4056-88b9-8b4265551ab1/emacs_gpr_query_1.0.1_ad2db6d2/alire/cache/dependencies/gnatcoll_iconv_22.0.0_f3732e5d/iconv/lib/static/' '-L/usr/lib/gcc/x86_64-redhat-linux/12/adalib/' '-o' '/home/runner/work/alire-crates-ci/alire-crates-ci/test/a4043624-530d-4056-88b9-8b4265551ab1/emacs_gpr_query_1.0.1_ad2db6d2/bin//gpr_query' '-mtune=generic' '-march=x86-64' '-dumpdir' '/home/runner/work/alire-crates-ci/alire-crates-ci/test/a4043624-530d-4056-88b9-8b4265551ab1/emacs_gpr_query_1.0.1_ad2db6d2/bin//gpr_query.'
 /usr/libexec/gcc/x86_64-redhat-linux/12/collect2 -plugin /usr/libexec/gcc/x86_64-redhat-linux/12/liblto_plugin.so -plugin-opt=/usr/libexec/gcc/x86_64-redhat-linux/12/lto-wrapper -plugin-opt=-fresolution=/tmp/ccZCpJUH.res -plugin-opt=-pass-through=-lgcc -plugin-opt=-pass-through=-lgcc_s -plugin-opt=-pass-through=-lc -plugin-opt=-pass-through=-lgcc -plugin-opt=-pass-through=-lgcc_s --build-id --no-add-needed --eh-frame-hdr --hash-style=gnu -m elf_x86_64 -dynamic-linker /lib64/ld-linux-x86-64.so.2 -o /home/runner/work/alire-crates-ci/alire-crates-ci/test/a4043624-530d-4056-88b9-8b4265551ab1/emacs_gpr_query_1.0.1_ad2db6d2/bin//gpr_query /usr/lib/gcc/x86_64-redhat-linux/12/../../../../lib64/crt1.o /usr/lib/gcc/x86_64-redhat-linux/12/../../../../lib64/crti.o /usr/lib/gcc/x86_64-redhat-linux/12/crtbegin.o -L/home/runner/work/alire-crates-ci/alire-crates-ci/test/a4043624-530d-4056-88b9-8b4265551ab1/emacs_gpr_query_1.0.1_ad2db6d2/obj/development/ -L/home/runner/work/alire-crates-ci/alire-crates-ci/test/a4043624-530d-4056-88b9-8b4265551ab1/emacs_gpr_query_1.0.1_ad2db6d2/obj/development/ -L/home/runner/work/alire-crates-ci/alire-crates-ci/test/a4043624-530d-4056-88b9-8b4265551ab1/emacs_gpr_query_1.0.1_ad2db6d2/alire/cache/dependencies/gnatcoll_22.0.0_620c2f23/lib/gnatcoll/static/ -L/home/runner/work/alire-crates-ci/alire-crates-ci/test/a4043624-530d-4056-88b9-8b4265551ab1/emacs_gpr_query_1.0.1_ad2db6d2/alire/cache/dependencies/libgpr_22.0.0_30e39dcc/gpr/lib/production/static/ -L/home/runner/work/alire-crates-ci/alire-crates-ci/test/a4043624-530d-4056-88b9-8b4265551ab1/emacs_gpr_query_1.0.1_ad2db6d2/alire/cache/dependencies/xmlada_22.0.0_b322ae27/unicode/lib/static/ -L/home/runner/work/alire-crates-ci/alire-crates-ci/test/a4043624-530d-4056-88b9-8b4265551ab1/emacs_gpr_query_1.0.1_ad2db6d2/alire/cache/dependencies/xmlada_22.0.0_b322ae27/sax/lib/static/ -L/home/runner/work/alire-crates-ci/alire-crates-ci/test/a4043624-530d-4056-88b9-8b4265551ab1/emacs_gpr_query_1.0.1_ad2db6d2/alire/cache/dependencies/xmlada_22.0.0_b322ae27/input_sources/lib/static/ -L/home/runner/work/alire-crates-ci/alire-crates-ci/test/a4043624-530d-4056-88b9-8b4265551ab1/emacs_gpr_query_1.0.1_ad2db6d2/alire/cache/dependencies/xmlada_22.0.0_b322ae27/dom/lib/static/ -L/home/runner/work/alire-crates-ci/alire-crates-ci/test/a4043624-530d-4056-88b9-8b4265551ab1/emacs_gpr_query_1.0.1_ad2db6d2/alire/cache/dependencies/xmlada_22.0.0_b322ae27/schema/lib/static/ -L/home/runner/work/alire-crates-ci/alire-crates-ci/test/a4043624-530d-4056-88b9-8b4265551ab1/emacs_gpr_query_1.0.1_ad2db6d2/alire/cache/dependencies/gnatcoll_sqlite_22.0.0_ffe1c7ec/sqlite/lib/static/ -L/home/runner/work/alire-crates-ci/alire-crates-ci/test/a4043624-530d-4056-88b9-8b4265551ab1/emacs_gpr_query_1.0.1_ad2db6d2/alire/cache/dependencies/gnatcoll_sql_22.0.0_ffe1c7ec/sql/lib/static/ -L/home/runner/work/alire-crates-ci/alire-crates-ci/test/a4043624-530d-4056-88b9-8b4265551ab1/emacs_gpr_query_1.0.1_ad2db6d2/alire/cache/dependencies/gnatcoll_xref_22.0.0_ffe1c7ec/xref/lib/static/ -L/home/runner/work/alire-crates-ci/alire-crates-ci/test/a4043624-530d-4056-88b9-8b4265551ab1/emacs_gpr_query_1.0.1_ad2db6d2/alire/cache/dependencies/gnatcoll_iconv_22.0.0_f3732e5d/iconv/lib/static/ -L/usr/lib/gcc/x86_64-redhat-linux/12/adalib/ -L/usr/lib/gcc/x86_64-redhat-linux/12 -L/usr/lib/gcc/x86_64-redhat-linux/12/../../../../lib64 -L/lib/../lib64 -L/usr/lib/../lib64 -L/usr/lib/gcc/x86_64-redhat-linux/12/../../.. gpr_query.o b__gpr_query.o /home/runner/work/alire-crates-ci/alire-crates-ci/test/a4043624-530d-4056-88b9-8b4265551ab1/emacs_gpr_query_1.0.1_ad2db6d2/alire/cache/dependencies/gnatcoll_xref_22.0.0_ffe1c7ec/xref/lib/static/libgnatcoll_xref.a /home/runner/work/alire-crates-ci/alire-crates-ci/test/a4043624-530d-4056-88b9-8b4265551ab1/emacs_gpr_query_1.0.1_ad2db6d2/alire/cache/dependencies/gnatcoll_iconv_22.0.0_f3732e5d/iconv/lib/static/libgnatcoll_iconv.a /home/runner/work/alire-crates-ci/alire-crates-ci/test/a4043624-530d-4056-88b9-8b4265551ab1/emacs_gpr_query_1.0.1_ad2db6d2/alire/cache/dependencies/gnatcoll_sqlite_22.0.0_ffe1c7ec/sqlite/lib/static/libgnatcoll_sqlite.a /home/runner/work/alire-crates-ci/alire-crates-ci/test/a4043624-530d-4056-88b9-8b4265551ab1/emacs_gpr_query_1.0.1_ad2db6d2/alire/cache/dependencies/gnatcoll_sql_22.0.0_ffe1c7ec/sql/lib/static/libgnatcoll_sql.a /home/runner/work/alire-crates-ci/alire-crates-ci/test/a4043624-530d-4056-88b9-8b4265551ab1/emacs_gpr_query_1.0.1_ad2db6d2/alire/cache/dependencies/gnatcoll_22.0.0_620c2f23/lib/gnatcoll/static/libgnatcoll.a /home/runner/work/alire-crates-ci/alire-crates-ci/test/a4043624-530d-4056-88b9-8b4265551ab1/emacs_gpr_query_1.0.1_ad2db6d2/alire/cache/dependencies/libgpr_22.0.0_30e39dcc/gpr/lib/production/static/libgpr.a /home/runner/work/alire-crates-ci/alire-crates-ci/test/a4043624-530d-4056-88b9-8b4265551ab1/emacs_gpr_query_1.0.1_ad2db6d2/alire/cache/dependencies/xmlada_22.0.0_b322ae27/schema/lib/static/libxmlada_schema.a /home/runner/work/alire-crates-ci/alire-crates-ci/test/a4043624-530d-4056-88b9-8b4265551ab1/emacs_gpr_query_1.0.1_ad2db6d2/alire/cache/dependencies/xmlada_22.0.0_b322ae27/dom/lib/static/libxmlada_dom.a /home/runner/work/alire-crates-ci/alire-crates-ci/test/a4043624-530d-4056-88b9-8b4265551ab1/emacs_gpr_query_1.0.1_ad2db6d2/alire/cache/dependencies/xmlada_22.0.0_b322ae27/sax/lib/static/libxmlada_sax.a /home/runner/work/alire-crates-ci/alire-crates-ci/test/a4043624-530d-4056-88b9-8b4265551ab1/emacs_gpr_query_1.0.1_ad2db6d2/alire/cache/dependencies/xmlada_22.0.0_b322ae27/input_sources/lib/static/libxmlada_input_sources.a /home/runner/work/alire-crates-ci/alire-crates-ci/test/a4043624-530d-4056-88b9-8b4265551ab1/emacs_gpr_query_1.0.1_ad2db6d2/alire/cache/dependencies/xmlada_22.0.0_b322ae27/unicode/lib/static/libxmlada_unicode.a -lpthread -lgnarl -lgnat -lutil -lrt -lpthread -ldl -rpath-link /usr/lib/gcc/x86_64-redhat-linux/12//adalib -z origin -rpath $ORIGIN/..//obj/development:$ORIGIN/..//alire/cache/dependencies/gnatcoll_22.0.0_620c2f23/lib/gnatcoll/static:$ORIGIN/..//alire/cache/dependencies/libgpr_22.0.0_30e39dcc/gpr/lib/production/static:$ORIGIN/..//alire/cache/dependencies/xmlada_22.0.0_b322ae27/unicode/lib/static:$ORIGIN/..//alire/cache/dependencies/xmlada_22.0.0_b322ae27/sax/lib/static:$ORIGIN/..//alire/cache/dependencies/xmlada_22.0.0_b322ae27/input_sources/lib/static:$ORIGIN/..//alire/cache/dependencies/xmlada_22.0.0_b322ae27/dom/lib/static:$ORIGIN/..//alire/cache/dependencies/xmlada_22.0.0_b322ae27/schema/lib/static:$ORIGIN/..//alire/cache/dependencies/gnatcoll_sqlite_22.0.0_ffe1c7ec/sqlite/lib/static:$ORIGIN/..//alire/cache/dependencies/gnatcoll_sql_22.0.0_ffe1c7ec/sql/lib/static:$ORIGIN/..//alire/cache/dependencies/gnatcoll_xref_22.0.0_ffe1c7ec/xref/lib/static:$ORIGIN/..//alire/cache/dependencies/gnatcoll_iconv_22.0.0_f3732e5d/iconv/lib/static:/usr/lib/gcc/x86_64-redhat-linux/12/adalib -lgcc --push-state --as-needed -lgcc_s --pop-state -lc -lgcc --push-state --as-needed -lgcc_s --pop-state /usr/lib/gcc/x86_64-redhat-linux/12/crtend.o /usr/lib/gcc/x86_64-redhat-linux/12/../../../../lib64/crtn.o
COLLECT_GCC_OPTIONS='-v' '-L/home/runner/work/alire-crates-ci/alire-crates-ci/test/a4043624-530d-4056-88b9-8b4265551ab1/emacs_gpr_query_1.0.1_ad2db6d2/obj/development/' '-L/home/runner/work/alire-crates-ci/alire-crates-ci/test/a4043624-530d-4056-88b9-8b4265551ab1/emacs_gpr_query_1.0.1_ad2db6d2/obj/development/' '-L/home/runner/work/alire-crates-ci/alire-crates-ci/test/a4043624-530d-4056-88b9-8b4265551ab1/emacs_gpr_query_1.0.1_ad2db6d2/alire/cache/dependencies/gnatcoll_22.0.0_620c2f23/lib/gnatcoll/static/' '-L/home/runner/work/alire-crates-ci/alire-crates-ci/test/a4043624-530d-4056-88b9-8b4265551ab1/emacs_gpr_query_1.0.1_ad2db6d2/alire/cache/dependencies/libgpr_22.0.0_30e39dcc/gpr/lib/production/static/' '-L/home/runner/work/alire-crates-ci/alire-crates-ci/test/a4043624-530d-4056-88b9-8b4265551ab1/emacs_gpr_query_1.0.1_ad2db6d2/alire/cache/dependencies/xmlada_22.0.0_b322ae27/unicode/lib/static/' '-L/home/runner/work/alire-crates-ci/alire-crates-ci/test/a4043624-530d-4056-88b9-8b4265551ab1/emacs_gpr_query_1.0.1_ad2db6d2/alire/cache/dependencies/xmlada_22.0.0_b322ae27/sax/lib/static/' '-L/home/runner/work/alire-crates-ci/alire-crates-ci/test/a4043624-530d-4056-88b9-8b4265551ab1/emacs_gpr_query_1.0.1_ad2db6d2/alire/cache/dependencies/xmlada_22.0.0_b322ae27/input_sources/lib/static/' '-L/home/runner/work/alire-crates-ci/alire-crates-ci/test/a4043624-530d-4056-88b9-8b4265551ab1/emacs_gpr_query_1.0.1_ad2db6d2/alire/cache/dependencies/xmlada_22.0.0_b322ae27/dom/lib/static/' '-L/home/runner/work/alire-crates-ci/alire-crates-ci/test/a4043624-530d-4056-88b9-8b4265551ab1/emacs_gpr_query_1.0.1_ad2db6d2/alire/cache/dependencies/xmlada_22.0.0_b322ae27/schema/lib/static/' '-L/home/runner/work/alire-crates-ci/alire-crates-ci/test/a4043624-530d-4056-88b9-8b4265551ab1/emacs_gpr_query_1.0.1_ad2db6d2/alire/cache/dependencies/gnatcoll_sqlite_22.0.0_ffe1c7ec/sqlite/lib/static/' '-L/home/runner/work/alire-crates-ci/alire-crates-ci/test/a4043624-530d-4056-88b9-8b4265551ab1/emacs_gpr_query_1.0.1_ad2db6d2/alire/cache/dependencies/gnatcoll_sql_22.0.0_ffe1c7ec/sql/lib/static/' '-L/home/runner/work/alire-crates-ci/alire-crates-ci/test/a4043624-530d-4056-88b9-8b4265551ab1/emacs_gpr_query_1.0.1_ad2db6d2/alire/cache/dependencies/gnatcoll_xref_22.0.0_ffe1c7ec/xref/lib/static/' '-L/home/runner/work/alire-crates-ci/alire-crates-ci/test/a4043624-530d-4056-88b9-8b4265551ab1/emacs_gpr_query_1.0.1_ad2db6d2/alire/cache/dependencies/gnatcoll_iconv_22.0.0_f3732e5d/iconv/lib/static/' '-L/usr/lib/gcc/x86_64-redhat-linux/12/adalib/' '-o' '/home/runner/work/alire-crates-ci/alire-crates-ci/test/a4043624-530d-4056-88b9-8b4265551ab1/emacs_gpr_query_1.0.1_ad2db6d2/bin//gpr_query' '-mtune=generic' '-march=x86-64' '-dumpdir' '/home/runner/work/alire-crates-ci/alire-crates-ci/test/a4043624-530d-4056-88b9-8b4265551ab1/emacs_gpr_query_1.0.1_ad2db6d2/bin//gpr_query.'
Build finished successfully in 287.88 seconds.

emacs_gpr_query=1.0.1 successfully retrieved and built.
Dependencies were solved as follows:

   +i gnat            12.1.1 (new,installed,gnat_external)
   +  gnatcoll        22.0.0 (new)                        
   +  gnatcoll_iconv  22.0.0 (new,indirect)               
   +  gnatcoll_sql    22.0.0 (new,indirect)               
   +  gnatcoll_sqlite 22.0.0 (new)                        
   +  gnatcoll_xref   22.0.0 (new)                        
   +  libgpr          22.0.0 (new,indirect)               
   +  xmlada          22.0.0 (new,indirect)               
Found declared GPR file: emacs_gpr_query.gpr
