Test ran at 2022-06-08 13:28:17.166898+00:00

SOLUTION:
gnatprove=11.2.3: Automatic formal verification of SPARK code
Origin: (case OS is Linux => (case Word_Size is Bits_64 => binary archive gnatprove-x86_64-linux-11.2.0-3.tar.gz at https://github.com/alire-project/GNAT-FSF-builds/releases/download/gnatprove-11.2.0-3/gnatprove-x86_64-linux-11.2.0-3.tar.gz), Macos => (case Word_Size is Bits_64 => binary archive gnatprove-x86_64-darwin-11.2.0-3.tar.gz at https://github.com/alire-project/GNAT-FSF-builds/releases/download/gnatprove-11.2.0-3/gnatprove-x86_64-darwin-11.2.0-3.tar.gz), Windows => (case Word_Size is Bits_64 => binary archive gnatprove-x86_64-windows64-11.2.0-3.tar.gz at https://github.com/alire-project/GNAT-FSF-builds/releases/download/gnatprove-11.2.0-3/gnatprove-x86_64-windows64-11.2.0-3.tar.gz)) with hash sha256:f7ece6d3edec1c6378054938614428e2f2f3a86ec994537b3e6943bb42fe2d22
Properties:
   Auto_Gpr_With: auto-gpr-with=false
   Configuration: no modifiers
   Description: Automatic formal verification of SPARK code
   Environment: PATH=${CRATE_ROOT}/bin:${PATH}
   License: GPL-3.0-or-later
   Maintainer: chouteau@adacore.com
   Maintainers_Logins: Fabien-Chouteau
   Name: gnatprove
   Version: 11.2.3


LOG:
Note: Deploying gnatprove=11.2.3...
#=#=#                                                                         

                                                                           0.0%
#                                                                          2.1%
###                                                                        5.3%
#####                                                                      7.2%
#######                                                                   10.5%
##########                                                                14.5%
############                                                              17.4%
############                                                              17.8%
##############                                                            20.3%
#################                                                         24.1%
###################                                                       26.9%
###################                                                       27.3%
######################                                                    31.2%
########################                                                  33.7%
#########################                                                 35.3%
###########################                                               38.7%
###########################                                               38.8%
###############################                                           43.7%
#################################                                         46.8%
###################################                                       49.8%
#######################################                                   55.2%
##########################################                                58.7%
############################################                              61.8%
##############################################                            65.1%
##################################################                        70.1%
###################################################                       71.5%
#####################################################                     74.8%
#######################################################                   76.6%
##########################################################                80.8%
#############################################################             85.0%
################################################################          89.2%
###################################################################       93.3%
####################################################################      95.4%
#######################################################################   99.9%
######################################################################## 100.0%
Note: Skipping build step for binary release gnatprove=11.2.3

gnatprove=11.2.3 successfully retrieved and deployed.
There are no dependencies.
