Test ran at 2023-08-06 12:25:11.406305+00:00

SOLUTION:
asfml=2.5.3: Ada binding to SFML, the Simple and Fast Multimedia Library
Origin: commit 34bc68295a8e03fb7141277f542cf0bdad2e971c from https://github.com/mgrojo/ASFML.git
Properties:
   Author: Manuel Gomez
   Author: Dan Lee Vazquez Garcia
   Description: Ada binding to SFML, the Simple and Fast Multimedia Library
   License: custom-zlib-acknowledgement
   Maintainer: Manuel Gomez <mgrojo@gmail.com>
   Maintainers_Logins: mgrojo
   Name: asfml
   Tag: audio
   Tag: games
   Tag: opengl
   Tag: cross-platform
   Tag: multimedia
   Tag: binding
   Tag: graphics
   Tag: sfml
   Version: 2.5.3
   Website: https://mgrojo.github.io/ASFML/
Dependencies (direct):
   libcsfml^2.5
Dependencies (solution):
   libcsfml=2.5.0
Dependencies (graph):
   asfml=2.5.3 --> libcsfml=2.5.0 (^2.5)


LOG:
Note: Deploying asfml=2.5.3...
Note: Deploying libcsfml=2.5.0...
The system package 'libcsfml-dev' is about to be installed.
This action might require admin privileges and impact your system installation.
Do you want Alire to install this system package?
Using default: Yes
Selecting previously unselected package libasyncns0:amd64.
(Reading database ... 
(Reading database ... 5%
(Reading database ... 10%
(Reading database ... 15%
(Reading database ... 20%
(Reading database ... 25%
(Reading database ... 30%
(Reading database ... 35%
(Reading database ... 40%
(Reading database ... 45%
(Reading database ... 50%
(Reading database ... 55%
(Reading database ... 60%
(Reading database ... 65%
(Reading database ... 70%
(Reading database ... 75%
(Reading database ... 80%
(Reading database ... 85%
(Reading database ... 90%
(Reading database ... 95%
(Reading database ... 100%
(Reading database ... 222218 files and directories currently installed.)
Preparing to unpack .../00-libasyncns0_0.8-6build2_amd64.deb ...
Unpacking libasyncns0:amd64 (0.8-6build2) ...
Selecting previously unselected package libflac8:amd64.
Preparing to unpack .../01-libflac8_1.3.3-2ubuntu0.1_amd64.deb ...
Unpacking libflac8:amd64 (1.3.3-2ubuntu0.1) ...
Selecting previously unselected package libopenal-data.
Preparing to unpack .../02-libopenal-data_1%3a1.19.1-2build3_all.deb ...
Unpacking libopenal-data (1:1.19.1-2build3) ...
Selecting previously unselected package libsndio7.0:amd64.
Preparing to unpack .../03-libsndio7.0_1.8.1-1.1_amd64.deb ...
Unpacking libsndio7.0:amd64 (1.8.1-1.1) ...
Selecting previously unselected package libopenal1:amd64.
Preparing to unpack .../04-libopenal1_1%3a1.19.1-2build3_amd64.deb ...
Unpacking libopenal1:amd64 (1:1.19.1-2build3) ...
Selecting previously unselected package libsfml-system2.5:amd64.
Preparing to unpack .../05-libsfml-system2.5_2.5.1+dfsg-2_amd64.deb ...
Unpacking libsfml-system2.5:amd64 (2.5.1+dfsg-2) ...
Selecting previously unselected package libvorbisenc2:amd64.
Preparing to unpack .../06-libvorbisenc2_1.3.7-1build2_amd64.deb ...
Unpacking libvorbisenc2:amd64 (1.3.7-1build2) ...
Selecting previously unselected package libsfml-audio2.5:amd64.
Preparing to unpack .../07-libsfml-audio2.5_2.5.1+dfsg-2_amd64.deb ...
Unpacking libsfml-audio2.5:amd64 (2.5.1+dfsg-2) ...
Selecting previously unselected package libcsfml-audio2.5:amd64.
Preparing to unpack .../08-libcsfml-audio2.5_2.5-1.1_amd64.deb ...
Unpacking libcsfml-audio2.5:amd64 (2.5-1.1) ...
Selecting previously unselected package libsfml-window2.5:amd64.
Preparing to unpack .../09-libsfml-window2.5_2.5.1+dfsg-2_amd64.deb ...
Unpacking libsfml-window2.5:amd64 (2.5.1+dfsg-2) ...
Selecting previously unselected package libsfml-graphics2.5:amd64.
Preparing to unpack .../10-libsfml-graphics2.5_2.5.1+dfsg-2_amd64.deb ...
Unpacking libsfml-graphics2.5:amd64 (2.5.1+dfsg-2) ...
Selecting previously unselected package libcsfml-graphics2.5:amd64.
Preparing to unpack .../11-libcsfml-graphics2.5_2.5-1.1_amd64.deb ...
Unpacking libcsfml-graphics2.5:amd64 (2.5-1.1) ...
Selecting previously unselected package libsfml-network2.5:amd64.
Preparing to unpack .../12-libsfml-network2.5_2.5.1+dfsg-2_amd64.deb ...
Unpacking libsfml-network2.5:amd64 (2.5.1+dfsg-2) ...
Selecting previously unselected package libcsfml-network2.5:amd64.
Preparing to unpack .../13-libcsfml-network2.5_2.5-1.1_amd64.deb ...
Unpacking libcsfml-network2.5:amd64 (2.5-1.1) ...
Selecting previously unselected package libcsfml-system2.5:amd64.
Preparing to unpack .../14-libcsfml-system2.5_2.5-1.1_amd64.deb ...
Unpacking libcsfml-system2.5:amd64 (2.5-1.1) ...
Selecting previously unselected package libcsfml-window2.5:amd64.
Preparing to unpack .../15-libcsfml-window2.5_2.5-1.1_amd64.deb ...
Unpacking libcsfml-window2.5:amd64 (2.5-1.1) ...
Selecting previously unselected package libpciaccess0:amd64.
Preparing to unpack .../16-libpciaccess0_0.16-3_amd64.deb ...
Unpacking libpciaccess0:amd64 (0.16-3) ...
Selecting previously unselected package libdrm-intel1:amd64.
Preparing to unpack .../17-libdrm-intel1_2.4.113-2~ubuntu0.22.04.1_amd64.deb ...
Unpacking libdrm-intel1:amd64 (2.4.113-2~ubuntu0.22.04.1) ...
Preparing to unpack .../18-libgbm-dev_23.0.4-0ubuntu1~22.04.1_amd64.deb ...
Unpacking libgbm-dev:amd64 (23.0.4-0ubuntu1~22.04.1) over (22.2.5-0ubuntu0.1~22.04.3) ...
Preparing to unpack .../19-libgbm1_23.0.4-0ubuntu1~22.04.1_amd64.deb ...
Unpacking libgbm1:amd64 (23.0.4-0ubuntu1~22.04.1) over (22.2.5-0ubuntu0.1~22.04.3) ...
Preparing to unpack .../20-libgl1-mesa-dri_23.0.4-0ubuntu1~22.04.1_amd64.deb ...
Unpacking libgl1-mesa-dri:amd64 (23.0.4-0ubuntu1~22.04.1) over (22.2.5-0ubuntu0.1~22.04.3) ...
Selecting previously unselected package libxcb-randr0:amd64.
Preparing to unpack .../21-libxcb-randr0_1.14-3ubuntu3_amd64.deb ...
Unpacking libxcb-randr0:amd64 (1.14-3ubuntu3) ...
Preparing to unpack .../22-libglx-mesa0_23.0.4-0ubuntu1~22.04.1_amd64.deb ...
Unpacking libglx-mesa0:amd64 (23.0.4-0ubuntu1~22.04.1) over (22.2.5-0ubuntu0.1~22.04.3) ...
Preparing to unpack .../23-libglapi-mesa_23.0.4-0ubuntu1~22.04.1_amd64.deb ...
Unpacking libglapi-mesa:amd64 (23.0.4-0ubuntu1~22.04.1) over (22.2.5-0ubuntu0.1~22.04.3) ...
Selecting previously unselected package libegl-mesa0:amd64.
Preparing to unpack .../24-libegl-mesa0_23.0.4-0ubuntu1~22.04.1_amd64.deb ...
Unpacking libegl-mesa0:amd64 (23.0.4-0ubuntu1~22.04.1) ...
Selecting previously unselected package libegl1:amd64.
Preparing to unpack .../25-libegl1_1.4.0-1_amd64.deb ...
Unpacking libegl1:amd64 (1.4.0-1) ...
Selecting previously unselected package libglx-dev:amd64.
Preparing to unpack .../26-libglx-dev_1.4.0-1_amd64.deb ...
Unpacking libglx-dev:amd64 (1.4.0-1) ...
Selecting previously unselected package libgl-dev:amd64.
Preparing to unpack .../27-libgl-dev_1.4.0-1_amd64.deb ...
Unpacking libgl-dev:amd64 (1.4.0-1) ...
Selecting previously unselected package libegl-dev:amd64.
Preparing to unpack .../28-libegl-dev_1.4.0-1_amd64.deb ...
Unpacking libegl-dev:amd64 (1.4.0-1) ...
Selecting previously unselected package libgles1:amd64.
Preparing to unpack .../29-libgles1_1.4.0-1_amd64.deb ...
Unpacking libgles1:amd64 (1.4.0-1) ...
Selecting previously unselected package libgles2:amd64.
Preparing to unpack .../30-libgles2_1.4.0-1_amd64.deb ...
Unpacking libgles2:amd64 (1.4.0-1) ...
Selecting previously unselected package libgles-dev:amd64.
Preparing to unpack .../31-libgles-dev_1.4.0-1_amd64.deb ...
Unpacking libgles-dev:amd64 (1.4.0-1) ...
Selecting previously unselected package libopengl0:amd64.
Preparing to unpack .../32-libopengl0_1.4.0-1_amd64.deb ...
Unpacking libopengl0:amd64 (1.4.0-1) ...
Selecting previously unselected package libglu1-mesa:amd64.
Preparing to unpack .../33-libglu1-mesa_9.0.2-1_amd64.deb ...
Unpacking libglu1-mesa:amd64 (9.0.2-1) ...
Selecting previously unselected package libglu1-mesa-dev:amd64.
Preparing to unpack .../34-libglu1-mesa-dev_9.0.2-1_amd64.deb ...
Unpacking libglu1-mesa-dev:amd64 (9.0.2-1) ...
Selecting previously unselected package libopengl-dev:amd64.
Preparing to unpack .../35-libopengl-dev_1.4.0-1_amd64.deb ...
Unpacking libopengl-dev:amd64 (1.4.0-1) ...
Selecting previously unselected package libopus0:amd64.
Preparing to unpack .../36-libopus0_1.3.1-0.1build2_amd64.deb ...
Unpacking libopus0:amd64 (1.3.1-0.1build2) ...
Selecting previously unselected package libsndfile1:amd64.
Preparing to unpack .../37-libsndfile1_1.0.31-2build1_amd64.deb ...
Unpacking libsndfile1:amd64 (1.0.31-2build1) ...
Selecting previously unselected package libpulse0:amd64.
Preparing to unpack .../38-libpulse0_1%3a15.99.1+dfsg1-1ubuntu2.1_amd64.deb ...
Unpacking libpulse0:amd64 (1:15.99.1+dfsg1-1ubuntu2.1) ...
Selecting previously unselected package libglvnd-core-dev:amd64.
Preparing to unpack .../39-libglvnd-core-dev_1.4.0-1_amd64.deb ...
Unpacking libglvnd-core-dev:amd64 (1.4.0-1) ...
Selecting previously unselected package libglvnd-dev:amd64.
Preparing to unpack .../40-libglvnd-dev_1.4.0-1_amd64.deb ...
Unpacking libglvnd-dev:amd64 (1.4.0-1) ...
Selecting previously unselected package libgl1-mesa-dev:amd64.
Preparing to unpack .../41-libgl1-mesa-dev_23.0.4-0ubuntu1~22.04.1_amd64.deb ...
Unpacking libgl1-mesa-dev:amd64 (23.0.4-0ubuntu1~22.04.1) ...
Selecting previously unselected package libcsfml-dev:amd64.
Preparing to unpack .../42-libcsfml-dev_2.5-1.1_amd64.deb ...
Unpacking libcsfml-dev:amd64 (2.5-1.1) ...
Setting up libpciaccess0:amd64 (0.16-3) ...
Setting up libglvnd-core-dev:amd64 (1.4.0-1) ...
Setting up libgbm1:amd64 (23.0.4-0ubuntu1~22.04.1) ...
Setting up libdrm-intel1:amd64 (2.4.113-2~ubuntu0.22.04.1) ...
Setting up libgbm-dev:amd64 (23.0.4-0ubuntu1~22.04.1) ...
Setting up libopengl0:amd64 (1.4.0-1) ...
Setting up libflac8:amd64 (1.3.3-2ubuntu0.1) ...
Setting up libgles2:amd64 (1.4.0-1) ...
Setting up libgles1:amd64 (1.4.0-1) ...
Setting up libopus0:amd64 (1.3.1-0.1build2) ...
Setting up libsfml-system2.5:amd64 (2.5.1+dfsg-2) ...
Setting up libglapi-mesa:amd64 (23.0.4-0ubuntu1~22.04.1) ...
Setting up libsndio7.0:amd64 (1.8.1-1.1) ...
Setting up libasyncns0:amd64 (0.8-6build2) ...
Setting up libxcb-randr0:amd64 (1.14-3ubuntu3) ...
Setting up libglx-dev:amd64 (1.4.0-1) ...
Setting up libopenal-data (1:1.19.1-2build3) ...
Setting up libglu1-mesa:amd64 (9.0.2-1) ...
Setting up libopengl-dev:amd64 (1.4.0-1) ...
Setting up libcsfml-system2.5:amd64 (2.5-1.1) ...
Setting up libgl-dev:amd64 (1.4.0-1) ...
Setting up libvorbisenc2:amd64 (1.3.7-1build2) ...
Setting up libsfml-network2.5:amd64 (2.5.1+dfsg-2) ...
Setting up libgl1-mesa-dri:amd64 (23.0.4-0ubuntu1~22.04.1) ...
Setting up libopenal1:amd64 (1:1.19.1-2build3) ...
Setting up libegl-mesa0:amd64 (23.0.4-0ubuntu1~22.04.1) ...
Setting up libsfml-window2.5:amd64 (2.5.1+dfsg-2) ...
Setting up libglu1-mesa-dev:amd64 (9.0.2-1) ...
Setting up libcsfml-network2.5:amd64 (2.5-1.1) ...
Setting up libsfml-audio2.5:amd64 (2.5.1+dfsg-2) ...
Setting up libegl1:amd64 (1.4.0-1) ...
Setting up libsndfile1:amd64 (1.0.31-2build1) ...
Setting up libcsfml-audio2.5:amd64 (2.5-1.1) ...
Setting up libglx-mesa0:amd64 (23.0.4-0ubuntu1~22.04.1) ...
Setting up libcsfml-window2.5:amd64 (2.5-1.1) ...
Setting up libsfml-graphics2.5:amd64 (2.5.1+dfsg-2) ...
Setting up libegl-dev:amd64 (1.4.0-1) ...
Setting up libpulse0:amd64 (1:15.99.1+dfsg1-1ubuntu2.1) ...
Setting up libcsfml-graphics2.5:amd64 (2.5-1.1) ...
Setting up libgles-dev:amd64 (1.4.0-1) ...
Setting up libcsfml-dev:amd64 (2.5-1.1) ...
Setting up libglvnd-dev:amd64 (1.4.0-1) ...
Setting up libgl1-mesa-dev:amd64 (23.0.4-0ubuntu1~22.04.1) ...
Processing triggers for libc-bin (2.35-0ubuntu3.1) ...
NEEDRESTART-VER: 3.5
NEEDRESTART-KCUR: 5.15.0-1042-azure
NEEDRESTART-KEXP: 5.15.0-1042-azure
NEEDRESTART-KSTA: 1
Note: Building asfml/asfml.gpr...
Setup
   [mkdir]        object directory for project ASFML
   [mkdir]        library directory for project ASFML
Compile
   [Ada]          sf-graphics-sprite.ads
   [Ada]          sf-network-udpsocket.ads
   [Ada]          sf-window-joystickidentification.ads
   [Ada]          sf-audio-music.adb
   [Ada]          sf-graphics-circleshape.ads
   [Ada]          sf-graphics-vertex.ads
   [Ada]          sf-window-gl.ads
   [Ada]          sf-graphics-text.adb
   [Ada]          sf-graphics-renderstates.ads
   [Ada]          sf-graphics-transformable.ads
   [Ada]          sf-window-glu.ads
   [Ada]          sf-window-mouse.ads
   [Ada]          sf-window-context.ads
   [Ada]          sf-audio-soundstatus.ads
   [Ada]          sf-graphics-texture.adb
   [Ada]          sf-network-tcpsocket.ads
   [Ada]          sf-system-clock.ads
   [Ada]          sf-window-keyboard.ads
   [Ada]          sf-window-touch.ads
   [Ada]          sf.ads
   [Ada]          sf-graphics-glsl.ads
   [Ada]          sf-window-sensor.ads
   [Ada]          sf-window-cursor.ads
   [Ada]          sf-graphics-primitivetype.ads
   [Ada]          sf-graphics-rendertexture.ads
   [Ada]          sf-graphics-shape.ads
   [Ada]          sf-network-packet.adb
   [Ada]          sf-graphics-blendmode.ads
   [Ada]          sf-system-mutex.ads
   [Ada]          sf-system-time.ads
   [Ada]          sf-graphics-shader.ads
   [Ada]          sf-graphics-renderwindow.adb
   [Ada]          sf-system-thread.ads
   [Ada]          sf-system.ads
   [Ada]          sf-window-windowhandle.ads
   [Ada]          sf-system-sleep.adb
   [Ada]          sf-network-socketselector.ads
   [Ada]          sf-system-vector2.ads
   [Ada]          sf-system-inputstream.ads
   [Ada]          sf-graphics-rectangleshape.ads
   [Ada]          sf-network.ads
   [Ada]          sf-graphics.ads
   [Ada]          sf-graphics-font.adb
   [Ada]          sf-graphics-transform.ads
   [Ada]          sf-graphics-rect.ads
   [Ada]          sf-network-ftp.adb
   [Ada]          sf-graphics-glyph.ads
   [Ada]          sf-window-videomode.ads
   [Ada]          sf-window-window.adb
   [Ada]          sf-audio-sound.ads
   [Ada]          sf-audio-listener.ads
   [Ada]          sf-graphics-fontinfo.ads
   [Ada]          sf-graphics-vertexbuffer.ads
   [Ada]          sf-window-event.ads
   [Ada]          sf-graphics-image.adb
   [Ada]          sf-window-clipboard.adb
   [Ada]          sf-graphics-convexshape.ads
   [Ada]          sf-audio.ads
   [Ada]          sf-network-http.adb
   [Ada]          sf-network-tcplistener.ads
   [Ada]          sf-network-ipaddress.adb
   [Ada]          sf-graphics-vertexarray.ads
   [Ada]          sf-audio-soundstream.ads
   [Ada]          sf-audio-soundrecorder.adb
   [Ada]          sf-graphics-color.ads
   [Ada]          sf-graphics-view.ads
   [Ada]          sf-audio-soundbuffer.adb
   [Ada]          sf-system-vector3.ads
   [Ada]          sf-network-socketstatus.ads
   [Ada]          sf-window-joystick.ads
   [Ada]          sf-audio-soundbufferrecorder.adb
   [Ada]          sf-window.ads
Build Libraries
   [gprlib]       asfml.lexch
   [archive]      libasfml.a
   [index]        libasfml.a
Build finished successfully in 3.01 seconds.

asfml=2.5.3 successfully retrieved and built.
Dependencies were solved as follows:

   + libcsfml 2.5.0 (new)
Found declared GPR file: asfml.gpr
