Test ran at 2024-06-02 01:30:15.694829+00:00

SOLUTION:
libsimpleio=1.22163.1: Linux Simple I/O Library for GNAT Ada
Origin: source archive libsimpleio-1.22163.1.tbz2 at http://repo.munts.com/alire/libsimpleio-1.22163.1.tbz2 with hashes sha256:c99a1be49666d321ee1d58c85cc9f56ec3ddd38da8e5df13bb0a3468e9fd5c34, sha512:fcce48ddf1603243cb4030db12ed9c1364a6bc18f51d9058d4507fe9084a0a3f148e2ef786d48af8d04a63449fe2fba9c3ccef643cc9f17548a7488638b2dd64
Available when: (case OS is Linux => True, others => False)
Properties:
   case OS is
      when Linux => Post_Fetch run: ${CRATE_DIR}/./sh -c ./src/scripts/postfetch.linux
   Author: Philip Munts
   Description: Linux Simple I/O Library for GNAT Ada
   License: BSD-1-Clause
   Maintainer: Philip Munts <phil@munts.net>
   Maintainers_Logins: pmunts
   Name: libsimpleio
   Project_File: libsimpleio.gpr
   Tag: embedded
   Tag: linux
   Tag: libsimpleio
   Tag: remoteio
   Tag: beaglebone
   Tag: pocketbeagle
   Tag: raspberrypi
   Tag: raspberry
   Tag: pi
   Tag: adc
   Tag: dac
   Tag: gpio
   Tag: hid
   Tag: i2c
   Tag: motor
   Tag: pwm
   Tag: sensor
   Tag: serial
   Tag: servo
   Tag: spi
   Tag: stepper
   Tag: watchdog
   Version: 1.22163.1
   Website: https://github.com/pmunts/libsimpleio


LOG:
Note: Deploying libsimpleio=1.22163.1...

####                                                                       5.8%
######################################################################## 100.0%
Note: Running post_fetch actions for libsimpleio=1.22163.1...
Note: Building libsimpleio/libsimpleio.gpr...
Setup
   [mkdir]        object directory for project libsimpleio
   [mkdir]        library directory for project libsimpleio
Compile
   [C]            c_libi2c.c
   [C]            c_libpwm.c
   [C]            c_libhidraw.c
   [C]            c_libstream.c
   [C]            c_libserial.c
   [C]            c_libadc.c
   [C]            c_errmsg.c
   [C]            c_libgpio.c
   [C]            c_libspi.c
   [C]            c_libevent.c
   [C]            c_liblinux.c
   [C]            c_liblinx.c
   [C]            c_libwatchdog.c
   [C]            c_libipv4.c
   [C]            c_libdac.c
   [Ada]          clickboard-leds_8x8-remoteio.adb
   [Ada]          clickboard-remoteio.adb
   [Ada]          clickboard-thermo3-remoteio.adb
   [Ada]          clickboard-thermo-remoteio.adb
   [Ada]          clickboard-expand-remoteio.adb
   [Ada]          clickboard-altitude-remoteio.adb
   [Ada]          clickboard-adc-remoteio.adb
   [Ada]          clickboard-htu21d-remoteio.adb
   [Ada]          clickboard-expand2-remoteio.adb
   [Ada]          clickboard-servers.adb
   [Ada]          clickboard-pwm_click-remoteio.adb
   [Ada]          clickboard-sevensegment-remoteio.adb
   [Ada]          clickboard-relay-remoteio.adb
   [Ada]          clickboard-htu21d-simpleio.adb
   [Ada]          clickboard-thermo3-simpleio.adb
   [Ada]          clickboard-adc-simpleio.adb
   [Ada]          clickboard-sevensegment-simpleio.adb
   [Ada]          clickboard-altitude-simpleio.adb
   [Ada]          clickboard-expand2-simpleio.adb
   [Ada]          clickboard-simpleio.adb
   [Ada]          clickboard-leds_8x8-simpleio.adb
   [Ada]          clickboard-pwm_click-simpleio.adb
   [Ada]          clickboard-thermo-simpleio.adb
   [Ada]          clickboard-shields.adb
   [Ada]          clickboard-expand-simpleio.adb
   [Ada]          clickboard-relay-simpleio.adb
   [Ada]          clickboard-adc.adb
   [Ada]          clickboard.ads
   [Ada]          clickboard-leds_8x8.adb
   [Ada]          clickboard-thermo.ads
   [Ada]          clickboard-pwm_click.ads
   [Ada]          clickboard-altitude.ads
   [Ada]          clickboard-sevensegment.adb
   [Ada]          clickboard-htu21d.ads
   [Ada]          clickboard-relay.ads
   [Ada]          clickboard-template.ads
   [Ada]          clickboard-expand.adb
   [Ada]          clickboard-expand2.adb
   [Ada]          clickboard-thermo3.ads
   [Ada]          sprinkler-valves.adb
   [Ada]          abelectronics_servo_pi_zero.ads
   [Ada]          pimoroni_automation_phat.ads
   [Ada]          grove_base_hat_zero.ads
   [Ada]          sensehat-display.adb
pimoroni_automation_phat.ads:36:20: warning: unit "Ada.Characters.Handling" is not referenced [-gnatwu]
   [Ada]          sensehat-sensors.ads
   [Ada]          sensehat.ads
   [Ada]          qwiic_hat.ads
   [Ada]          raspio_analog_zero_mcp3208.ads
   [Ada]          systeminfo.adb
   [Ada]          adafruit_servohat.ads
   [Ada]          arduino-cm4_duino.adb
   [Ada]          sprinkler-valves-gpio.adb
   [Ada]          pimoroni_enviro_phat.ads
   [Ada]          sprinkler.ads
   [Ada]          grove_base_hat_adc.adb
arduino-cm4_duino.adb:23:20: warning: unit "Ada.Containers.Bounded_Vectors" is not referenced [-gnatwu]
arduino-cm4_duino.adb:27:06: warning: redundant with clause in body [-gnatwr]
arduino-cm4_duino.adb:28:06: warning: redundant with clause in body [-gnatwr]
arduino-cm4_duino.adb:29:06: warning: redundant with clause in body [-gnatwr]
arduino-cm4_duino.adb:30:06: warning: redundant with clause in body [-gnatwr]
arduino-cm4_duino.adb:92:13: warning: condition can only be False if invalid values present [-gnatwc]
arduino-cm4_duino.ads:23:09: warning: unit "Ada.Text_IO" is not referenced [-gnatwu]
arduino-cm4_duino.ads:25:06: warning: unit "Device" is not referenced in spec [-gnatwu]
arduino-cm4_duino.ads:25:06: warning: with clause might be moved to body [-gnatwu]
arduino-cm4_duino.ads:27:09: warning: unit "I2C.libsimpleio" is not referenced in spec [-gnatwu]
arduino-cm4_duino.ads:27:09: warning: with clause might be moved to body [-gnatwu]
arduino-cm4_duino.ads:29:09: warning: unit "SPI.libsimpleio" is not referenced in spec [-gnatwu]
arduino-cm4_duino.ads:29:09: warning: with clause might be moved to body [-gnatwu]
arduino-cm4_duino.ads:30:06: warning: unit "RaspberryPi" is not referenced in spec [-gnatwu]
arduino-cm4_duino.ads:30:06: warning: with clause might be moved to body [-gnatwu]
   [Ada]          sensehat-joystick.adb
grove_base_hat_adc.adb:69:26: warning: formal parameter "Self" is not referenced [-gnatwf]
   [Ada]          sprinkler-valves-gpio-libsimpleio.adb
   [Ada]          adafruit_motorhat.adb
adafruit_motorhat.adb:73:05: warning: variable "PWMout" is assigned but never read [-gnatwm]
   [Ada]          sprinkler-program.adb
   [Ada]          abelectronics_adc_dac_pi_zero.ads
   [Ada]          pi3clickshield.ads
sprinkler-valves-gpio-libsimpleio.adb:21:09: warning: unit "Ada.Exceptions" is not referenced [-gnatwu]
sprinkler-valves-gpio-libsimpleio.adb:25:06: warning: redundant with clause in body [-gnatwr]
sprinkler-valves-gpio-libsimpleio.adb:64:09: warning: "inbuf" is not modified, could be declared constant [-gnatwk]
   [Ada]          remoteio-grove_base_hat_zero.ads
   [Ada]          remoteio-arduino.ads
   [Ada]          remoteio-munts_0016.ads
   [Ada]          remoteio-munts_0009.ads
   [Ada]          dac-remoteio.adb
   [Ada]          remoteio-client-serial.adb
   [Ada]          remoteio-automation_phat.ads
   [Ada]          gpio-remoteio.adb
   [Ada]          remoteio-lpc1114-pwm.adb
   [Ada]          remoteio-lpc1114-timers.adb
   [Ada]          remoteio-lpc1114-legorc.adb
   [Ada]          remoteio-pocketbeagle.ads
   [Ada]          remoteio-adc_dac_pi_zero.ads
   [Ada]          remoteio-beaglebone.ads
   [Ada]          remoteio-client-posix.ads
   [Ada]          remoteio-lpc1114-gpio.adb
   [Ada]          remoteio-qwiic_hat.ads
   [Ada]          i2c-remoteio.adb
   [Ada]          remoteio-munts_0015.ads
   [Ada]          spi-remoteio.adb
   [Ada]          remoteio-munts_0018.ads
   [Ada]          remoteio-client-libusb.ads
   [Ada]          remoteio-raspberrypi.ads
   [Ada]          remoteio-client-udp.ads
   [Ada]          remoteio-client-libsimpleio.ads
   [Ada]          remoteio-client-stream.ads
   [Ada]          remoteio-munts_0008.ads
   [Ada]          remoteio-client-zeromq.ads
   [Ada]          remoteio-client.adb
   [Ada]          adc-remoteio.adb
   [Ada]          remoteio-client-hidapi.ads
sprinkler-program.adb:86:09: warning: "inbuf" is not modified, could be declared constant [-gnatwk]
   [Ada]          remoteio-lpc1114-adc.adb
   [Ada]          remoteio-abstract_device.adb
   [Ada]          remoteio-enviro_phat.ads
   [Ada]          pwm-remoteio.adb
   [Ada]          remoteio-lpc1114.adb
   [Ada]          remoteio-server-serial.adb
   [Ada]          remoteio-server-udp.adb
   [Ada]          remoteio-executive.adb
   [Ada]          remoteio-adc.adb
   [Ada]          remoteio-dac.adb
   [Ada]          remoteio-common.adb
   [Ada]          remoteio-server-message64.adb
   [Ada]          remoteio-i2c.adb
   [Ada]          remoteio-spi.adb
   [Ada]          remoteio-gpio.adb
   [Ada]          remoteio-server-zeromq.adb
   [Ada]          remoteio-server-foundation.adb
   [Ada]          remoteio-server-dev.adb
   [Ada]          remoteio-dispatch.ads
   [Ada]          remoteio-server.ads
   [Ada]          remoteio-pwm.adb
   [Ada]          remoteio.ads
   [Ada]          munts_0018.adb
   [Ada]          watchdog-libsimpleio.adb
   [Ada]          gpio-pwm-libsimpleio.ads
   [Ada]          device.adb
   [Ada]          gpio-libsimpleio.adb
   [Ada]          message64-stream_libsimpleio.ads
   [Ada]          raspberrypi.ads
   [Ada]          munts_0018-button_interrupt.ads
   [Ada]          hid-libsimpleio.adb
   [Ada]          prologix_gpib_usb.adb
   [Ada]          munts_0018-pwm.adb
   [Ada]          messaging-fixed-libsimpleio_datagram.adb
   [Ada]          dac-libsimpleio.adb
   [Ada]          i2c-libsimpleio.adb
   [Ada]          message64-datagram_libsimpleio.ads
   [Ada]          munts_0018-button.ads
   [Ada]          logging-libsimpleio.adb
   [Ada]          spi-libsimpleio.adb
   [Ada]          munts_0018-i2c.ads
   [Ada]          adc-libsimpleio.adb
   [Ada]          pwm-libsimpleio.adb
   [Ada]          munts_0018-button_template.ads
   [Ada]          beaglebone.ads
   [Ada]          pocketbeagle.ads
   [Ada]          raspberrypi5.ads
   [Ada]          orangepizero2w-raspberrypi.ads
   [Ada]          munts_0018-analog.ads
   [Ada]          messaging-fixed-libsimpleio_stream.adb
   [Ada]          raspberrypi4.ads
   [Ada]          gpio-userled.adb
   [Ada]          orangepizero2w.ads
   [Ada]          munts_0018-led.ads
   [Ada]          modbus-inputshortfloat.adb
   [Ada]          modbus-coils.adb
   [Ada]          modbus-outputshortfloat.adb
   [Ada]          modbus-holdingregisters.adb
   [Ada]          modbus-discreteinputs.adb
   [Ada]          modbus.adb
   [Ada]          modbus-inputregisters.adb
   [Ada]          hid-libusb.adb
   [Ada]          reference_counted_table.adb
   [Ada]          stream_framing_protocol.adb
   [Ada]          arduino.ads
   [Ada]          thermistor.adb
   [Ada]          external_command.adb
   [Ada]          mysql-libmysqlclient.adb
   [Ada]          servo-pwm.ads
   [Ada]          messaging-fixed-ada_streams.adb
   [Ada]          email_sendmail.adb
   [Ada]          motor-pwm.adb
   [Ada]          debug.adb
   [Ada]          message64-udp.ads
   [Ada]          motor-legorc.adb
   [Ada]          motor-servo.adb
   [Ada]          prologix_gpib_usb_gnat.adb
   [Ada]          message64-stream.ads
   [Ada]          zeromq.ads
   [Ada]          hid-posix.adb
   [Ada]          zeromq-sockets.adb
   [Ada]          messaging-fixed-gnat_udp.adb
   [Ada]          message64-zmq.ads
   [Ada]          pwm-cli.adb
   [Ada]          zeromq-context.adb
   [Ada]          email_mail.adb
   [Ada]          mysql.ads
   [Ada]          messaging-fixed-zeromq.adb
   [Ada]          hid-hidapi.adb
   [Ada]          gpio-pwm.adb
   [Ada]          ncurses-keys.adb
   [Ada]          hid.adb
   [Ada]          voltage.ads
   [Ada]          dac.adb
   [Ada]          i2c.adb
   [Ada]          pressure.ads
   [Ada]          temperature.ads
   [Ada]          resistance.ads
   [Ada]          messaging-fixed.ads
   [Ada]          angle.ads
   [Ada]          motor.ads
   [Ada]          analog.ads
   [Ada]          servo.ads
   [Ada]          servo-pwm_template.adb
   [Ada]          legorc.ads
   [Ada]          gpib-slave.adb
   [Ada]          accelerometer.ads
   [Ada]          io_interfaces.ads
   [Ada]          messaging.adb
   [Ada]          humidity.ads
   [Ada]          gpio.ads
   [Ada]          messaging-text.ads
   [Ada]          truecolor.ads
   [Ada]          joystick.ads
   [Ada]          message64.ads
   [Ada]          spi.ads
   [Ada]          gpib.ads
   [Ada]          adc.adb
   [Ada]          watchdog.ads
   [Ada]          magnetometer.ads
   [Ada]          stepper.ads
   [Ada]          logging.ads
   [Ada]          pwm.ads
   [Ada]          gyroscope.ads
   [Ada]          grove_tb6612-motor.adb
   [Ada]          mcp3202.adb
   [Ada]          tlc1543.adb
   [Ada]          mcp2221-i2c.adb
   [Ada]          lsm9ds1.adb
   [Ada]          adc121c021.adb
   [Ada]          hp9872a.ads
   [Ada]          max7219.adb
   [Ada]          ftdi.adb
   [Ada]          bmp280.adb
lsm9ds1.adb:154:12: warning: function "ReadRegister" is not referenced [-gnatwu]
lsm9ds1.adb:250:16: warning: formal parameter "Self" is not referenced [-gnatwf]
   [Ada]          cytron_md13s.adb
   [Ada]          lps25h.adb
   [Ada]          mcp23x17.adb
   [Ada]          grove_adc.ads
   [Ada]          ftdi-mpsse.adb
   [Ada]          mcp23x17-gpio.adb
   [Ada]          ftdi-mpsse-gpio.adb
   [Ada]          ads1015.adb
   [Ada]          mcp2221-gpio.adb
   [Ada]          mcp3208.adb
   [Ada]          htu21d.adb
   [Ada]          grove_temperature_humidity.ads
   [Ada]          hid-munts.ads
   [Ada]          hts221.adb
   [Ada]          mcp2221-adc.adb
   [Ada]          mcp2221.adb
   [Ada]          grove_tb6612.adb
   [Ada]          mcp2221-hidapi.adb
   [Ada]          max31855.adb
   [Ada]          keithley192.adb
   [Ada]          grove_temperature.adb
   [Ada]          mcp23x17-word.adb
   [Ada]          tcs3472.adb
   [Ada]          hdc1080.adb
   [Ada]          grove_tb6612-stepper.adb
   [Ada]          mcp4822.adb
   [Ada]          pca9685.adb
   [Ada]          a4988.adb
   [Ada]          tmp102.adb
   [Ada]          pca9685-gpio.adb
   [Ada]          pca8574.adb
   [Ada]          pca9685-pwm.adb
   [Ada]          mcp3204.adb
   [Ada]          pca8574-gpio.adb
   [Ada]          pca9534.adb
   [Ada]          mpl3115a2.adb
   [Ada]          th02.adb
   [Ada]          mcp2221-libusb.adb
   [Ada]          mcp23x17-byte.adb
   [Ada]          mcp2221-libsimpleio.adb
   [Ada]          pca9534-gpio.adb
   [Ada]          libpwm.ads
   [Ada]          libwatchdog.ads
   [Ada]          libgpio.ads
   [Ada]          libmysqlclient.ads
   [Ada]          libipv4.ads
   [Ada]          libevent.ads
   [Ada]          ncurses.ads
   [Ada]          libhidraw.ads
   [Ada]          libmodbus.ads
   [Ada]          libstream.ads
   [Ada]          libi2c.ads
   [Ada]          libspi.ads
   [Ada]          liblinux.adb
   [Ada]          posix.adb
   [Ada]          errno.ads
   [Ada]          libdac.ads
   [Ada]          libadc.ads
   [Ada]          libzmq.ads
   [Ada]          libserial.ads
   [Ada]          libsimpleio_config.ads
Build Libraries
   [gprlib]       libsimpleio.lexch
   [archive]      liblibsimpleio.a
   [index]        liblibsimpleio.a
Build finished successfully in 9.86 seconds.

libsimpleio=1.22163.1 successfully retrieved and built.
There are no dependencies.
Found declared GPR file: libsimpleio.gpr
