Test ran at 2023-05-09 13:26:19.465258+00:00

SOLUTION:
adabots=1.5.0: Learn Ada by programming Minecraft robots
Origin: commit 9e7476c4179c521af72968f78ef0001e7edd4b6e from https://github.com/TamaMcGlinn/AdaBots.git
Properties:
   Author: Tama McGlinn
   Description: Learn Ada by programming Minecraft robots
   License: MIT
   Maintainer: Tama McGlinn <t.mcglinn@gmail.com>
   Maintainers_Logins: TamaMcGlinn
   Name: adabots
   Project_File: adabots.gpr
   Tag: learn
   Tag: ada
   Tag: minecraft
   Tag: computercraft
   Tag: robots
   Tag: teach
   Tag: children
   Version: 1.5.0
Dependencies (direct):
   aaa~0.2.3
   aws^23.0.0
Dependencies (solution):
   aaa=0.2.6
   aws=23.0.0
   gnat=12.2.1 (gnat_native) (installed)
   gnat_native=12.2.1 (installed)
   gnatcoll=23.0.0
   libgpr=23.0.0
   make=4.3.0
   openssl=3.0.8
   xmlada=23.0.0
Dependencies (graph):
   adabots=1.5.0   --> aaa=0.2.6 (~0.2.3)                
   adabots=1.5.0   --> aws=23.0.0 (^23.0.0)              
   aws=23.0.0      --> gnat_native=12.2.1 (>=12)         
   aws=23.0.0      --> gnatcoll=23.0.0 (~23.0.0)         
   aws=23.0.0      --> make=4.3.0 (*)                    
   aws=23.0.0      --> openssl=3.0.8 (*)                 
   aws=23.0.0      --> xmlada=23.0.0 (~23.0.0)           
   gnatcoll=23.0.0 --> libgpr=23.0.0 (~23.0.0)           
   libgpr=23.0.0   --> gnat=12.2.1 (gnat_native) (/=2020)
   libgpr=23.0.0   --> xmlada=23.0.0 (~23.0.0)           
   xmlada=23.0.0   --> gnat=12.2.1 (gnat_native) (>=11)  


LOG:
Note: Deploying adabots=1.5.0...
Note: Deploying gnat_native=12.2.1...
#=#=#                                                                         
##O#-#                                                                        
##O=#  #                                                                      
#=#=-#  #                                                                     

                                                                           0.0%
#                                                                          2.5%
###                                                                        4.9%
#####                                                                      7.4%
#######                                                                   10.0%
#########                                                                 12.5%
##########                                                                14.3%
###########                                                               16.2%
#############                                                             18.8%
##############                                                            20.7%
#################                                                         24.2%
###################                                                       26.9%
#####################                                                     29.3%
#######################                                                   32.1%
#########################                                                 35.1%
##########################                                                37.3%
#############################                                             40.4%
###############################                                           43.7%
#################################                                         47.1%
####################################                                      50.1%
######################################                                    52.9%
########################################                                  55.6%
##########################################                                58.8%
############################################                              62.0%
##############################################                            64.9%
#################################################                         68.1%
###################################################                       71.0%
#####################################################                     74.9%
########################################################                  78.7%
###########################################################               82.8%
##############################################################            86.8%
#################################################################         90.7%
####################################################################      94.9%
#######################################################################   98.8%
######################################################################## 100.0%
Note: gnat_native=12.2.1 installed successfully.
Note: Deploying aaa=0.2.6...
Note: Deploying make=4.3.0...
Note: Deploying openssl=3.0.8...
The system package 'openssl-devel' is about to be installed.
This action might require admin privileges and impact your system installation.
Do you want Alire to install this system package?
Using default: Yes
Last metadata expiration check: 0:13:14 ago on Tue May  9 13:07:10 2023.
Dependencies resolved.
================================================================================
 Package              Architecture  Version                Repository      Size
================================================================================
Installing:
 openssl-devel        x86_64        1:3.0.8-1.fc36         updates        3.0 M
Upgrading:
 openssl-libs         x86_64        1:3.0.8-1.fc36         updates        2.1 M

Transaction Summary
================================================================================
Install  1 Package
Upgrade  1 Package

Total download size: 5.1 M
Downloading Packages:
(1/2): openssl-devel-3.0.8-1.fc36.x86_64.rpm     11 MB/s | 3.0 MB     00:00    
(2/2): openssl-libs-3.0.8-1.fc36.x86_64.rpm     4.7 MB/s | 2.1 MB     00:00    
--------------------------------------------------------------------------------
Total                                           5.6 MB/s | 5.1 MB     00:00     
Running transaction check
Transaction check succeeded.
Running transaction test
Transaction test succeeded.
Running transaction
  Preparing        :                                                        1/1 
  Upgrading        : openssl-libs-1:3.0.8-1.fc36.x86_64                     1/3 
  Installing       : openssl-devel-1:3.0.8-1.fc36.x86_64                    2/3 
  Cleanup          : openssl-libs-1:3.0.2-4.fc36.x86_64                     3/3 
  Running scriptlet: openssl-libs-1:3.0.2-4.fc36.x86_64                     3/3 
  Verifying        : openssl-devel-1:3.0.8-1.fc36.x86_64                    1/3 
  Verifying        : openssl-libs-1:3.0.8-1.fc36.x86_64                     2/3 
  Verifying        : openssl-libs-1:3.0.2-4.fc36.x86_64                     3/3 

Upgraded:
  openssl-libs-1:3.0.8-1.fc36.x86_64                                            
Installed:
  openssl-devel-1:3.0.8-1.fc36.x86_64                                           

Complete!
Note: Deploying xmlada=23.0.0...
#=#=#                                                                         
##O#-#                                                                        
##O=#  #                                                                      
#=#=-#  #                                                                     
 #=#=-#   #                                                                   
  #=#=- #   #                                                                 
Note: Running post_fetch actions for xmlada=23.0.0...
checking build system type... x86_64-pc-linux-gnu
checking host system type... x86_64-pc-linux-gnu
checking target system type... x86_64-pc-linux-gnu
checking whether gnat can build shared libs... yes
checking for a BSD-compatible install... /usr/bin/install -c
checking whether ln -s works... yes
configure: creating ./config.status
config.status: creating xmlada_shared.gpr
config.status: creating Makefile
config.status: creating tests/dom/default.gpr
Note: Deploying libgpr=23.0.0...
#=#=#                                                                         
##O#-#                                                                        
##O=#  #                                                                      
#=#=-#  #                                                                     
 #=#=-#   #                                                                   
  #=#=- #   #                                                                 
Note: Deploying gnatcoll=23.0.0...
#=#=#                                                                         
##O#-#                                                                        
##O=#  #                                                                      
#=#=-#  #                                                                     
 #=#=-#   #                                                                   
Note: Deploying aws=23.0.0...
#=#=#                                                                         
##O#-#                                                                        
##O=#  #                                                                      
#=#=-#  #                                                                     

                                                                           0.4%
######################################################################## 100.0%
Note: Running post_fetch actions for aws=23.0.0...
make[1]: Entering directory '/home/runner/work/alire-crates-ci/alire-crates-ci/test/6c677dcf-bd6a-41db-a629-785ddbdfafde/adabots_1.5.0_9e7476c4/alire/cache/dependencies/aws_23.0.0_6c406859/config'
Bind
   [gprbind]      xoscons.bexch
   [Ada]          xoscons.ali
Link
   [link]         xoscons.adb
Setup OS specific definitions
make[1]: Leaving directory '/home/runner/work/alire-crates-ci/alire-crates-ci/test/6c677dcf-bd6a-41db-a629-785ddbdfafde/adabots_1.5.0_9e7476c4/alire/cache/dependencies/aws_23.0.0_6c406859/config'
make[1]: Entering directory '/home/runner/work/alire-crates-ci/alire-crates-ci/test/6c677dcf-bd6a-41db-a629-785ddbdfafde/adabots_1.5.0_9e7476c4/alire/cache/dependencies/aws_23.0.0_6c406859/regtests'
Can not generate system tags. The test are disabled
make[1]: Leaving directory '/home/runner/work/alire-crates-ci/alire-crates-ci/test/6c677dcf-bd6a-41db-a629-785ddbdfafde/adabots_1.5.0_9e7476c4/alire/cache/dependencies/aws_23.0.0_6c406859/regtests'
make[1]: Entering directory '/home/runner/work/alire-crates-ci/alire-crates-ci/test/6c677dcf-bd6a-41db-a629-785ddbdfafde/adabots_1.5.0_9e7476c4/alire/cache/dependencies/aws_23.0.0_6c406859/demos'
make[1]: Nothing to be done for 'setup'.
make[1]: Leaving directory '/home/runner/work/alire-crates-ci/alire-crates-ci/test/6c677dcf-bd6a-41db-a629-785ddbdfafde/adabots_1.5.0_9e7476c4/alire/cache/dependencies/aws_23.0.0_6c406859/demos'
make[1]: Entering directory '/home/runner/work/alire-crates-ci/alire-crates-ci/test/6c677dcf-bd6a-41db-a629-785ddbdfafde/adabots_1.5.0_9e7476c4/alire/cache/dependencies/aws_23.0.0_6c406859/templates_parser'
make[1]: Leaving directory '/home/runner/work/alire-crates-ci/alire-crates-ci/test/6c677dcf-bd6a-41db-a629-785ddbdfafde/adabots_1.5.0_9e7476c4/alire/cache/dependencies/aws_23.0.0_6c406859/templates_parser'
make[1]: Entering directory '/home/runner/work/alire-crates-ci/alire-crates-ci/test/6c677dcf-bd6a-41db-a629-785ddbdfafde/adabots_1.5.0_9e7476c4/alire/cache/dependencies/aws_23.0.0_6c406859/templates_parser'
make[1]: Leaving directory '/home/runner/work/alire-crates-ci/alire-crates-ci/test/6c677dcf-bd6a-41db-a629-785ddbdfafde/adabots_1.5.0_9e7476c4/alire/cache/dependencies/aws_23.0.0_6c406859/templates_parser'
Note: Building adabots/adabots.gpr...
Setup
   [mkdir]        object directory for project Aaa
   [mkdir]        library directory for project Aaa
   [mkdir]        object directory for project Zlib
   [mkdir]        library directory for project Zlib
   [mkdir]        object directory for project Include
   [mkdir]        library directory for project Include
   [mkdir]        object directory for project XmlAda_Sax
   [mkdir]        library directory for project XmlAda_Sax
   [mkdir]        object directory for project XmlAda_Schema
   [mkdir]        object directory for project GPR
   [mkdir]        library directory for project GPR
   [mkdir]        object directory for project GnatColl
   [mkdir]        library directory for project GnatColl
   [mkdir]        object directory for project SSL
   [mkdir]        library directory for project SSL
   [mkdir]        object directory for project Src
   [mkdir]        library directory for project Src
   [mkdir]        library directory for project AWS
   [mkdir]        object directory for project Adabots
Compile
   [Ada]          memory_streams.adb
   [Ada]          zlib.adb
   [Ada]          zlib-thin.adb
   [Ada]          zlib-streams.adb
   [Ada]          templates_parser-xml.adb
   [Ada]          soap-message-response.adb
   [Ada]          soap-types.adb
   [Ada]          soap-dispatchers.adb
   [Ada]          soap-wsdl.adb
   [Ada]          soap-client-callback.ads
   [Ada]          soap-name_space.adb
   [Ada]          soap-message.adb
   [Ada]          soap-wsdl-schema.adb
   [Ada]          soap-message-response-error.adb
   [Ada]          soap-wsdl-name_spaces.adb
   [Ada]          soap-client.adb
   [Ada]          soap-message-reader.adb
   [Ada]          soap-parameters.adb
   [Ada]          soap-message-xml.adb
   [Ada]          soap-dispatchers-callback.adb
   [Ada]          soap-xml.adb
   [Ada]          soap.ads
   [Ada]          soap-types-untyped.adb
   [Ada]          soap-utils.adb
   [Ada]          soap-message-payload.adb
   [Ada]          aws-client-xml-input_sources.adb
   [Ada]          aws-jabber.ads
   [Ada]          aws-jabber-client.adb
   [Ada]          aws-jabber-digest_md5.adb
   [Ada]          aws-client-xml.ads
   [Ada]          aws-os_lib.ads
   [Ada]          templates_parser.adb
   [Ada]          templates_parser-utils.adb
   [Ada]          templates_parser-debug.adb
   [Ada]          templates_parser-query.adb
   [Ada]          aws-http2-frame-headers.adb
   [Ada]          aws-http2-frame-priority.adb
   [Ada]          aws-http2-frame-data.adb
   [Ada]          aws-http2-frame.adb
   [Ada]          aws-http2-frame-settings.adb
   [Ada]          aws-http2-frame-window_update.adb
   [Ada]          aws-http2-frame-ping.adb
   [Ada]          aws-http2-connection.adb
   [Ada]          aws-http2-stream.adb
   [Ada]          aws-http2-message-list.ads
   [Ada]          aws-http2-hpack-table.adb
   [Ada]          aws-http2-stream-set.ads
   [Ada]          aws-http2-frame-push_promise.adb
   [Ada]          aws-http2-frame-rst_stream.adb
   [Ada]          aws-http2-hpack.adb
   [Ada]          aws-http2-message.adb
   [Ada]          aws-http2-frame-list.ads
   [Ada]          aws-http2-frame-continuation.adb
   [Ada]          aws-http2-frame-goaway.adb
   [Ada]          aws-http2-hpack-huffman.adb
   [Ada]          aws-http2.adb
   [Ada]          aws-services-dispatchers-uri.adb
   [Ada]          aws-smtp-client.adb
   [Ada]          aws-services-dispatchers-linker.adb
   [Ada]          aws-smtp-server.adb
   [Ada]          aws-client-hotplug.adb
   [Ada]          aws-resources-streams-pipe.adb
   [Ada]          aws-net-stream_io.adb
   [Ada]          aws-services-directory.adb
   [Ada]          aws-cookie.adb
   [Ada]          aws-server-push.adb
   [Ada]          aws-services-split_pages-alpha-bounded.adb
   [Ada]          aws-smtp-authentication-plain.adb
   [Ada]          aws-services-split_pages-uniform-overlapping.adb
   [Ada]          aws-services-web_block-context.adb
   [Ada]          aws-smtp-authentication.ads
   [Ada]          aws-services-web_block.ads
   [Ada]          aws-communication.adb
   [Ada]          aws-services-split_pages.adb
   [Ada]          aws-services-split_pages-alpha.adb
   [Ada]          aws-smtp.adb
   [Ada]          aws-services-dispatchers-timer.adb
   [Ada]          aws-services-split_pages-shared.adb
   [Ada]          aws-services-web_mail.adb
   [Ada]          aws-pop.adb
   [Ada]          aws-status-translate_table.adb
   [Ada]          aws-services-dispatchers-transient_pages.adb
   [Ada]          aws-services-dispatchers-method.adb
   [Ada]          aws-net-sets.ads
   [Ada]          aws-smtp-messages-set.adb
   [Ada]          aws-communication-server.adb
   [Ada]          aws-communication-client.adb
   [Ada]          aws-services-dispatchers-virtual_host.adb
   [Ada]          aws-services-dispatchers.ads
   [Ada]          aws-server-hotplug.adb
   [Ada]          aws-services-download.adb
   [Ada]          aws-services-callbacks.adb
   [Ada]          aws-services-split_pages-uniform-alpha.adb
   [Ada]          aws-services-page_server.adb
   [Ada]          aws-net-log-callbacks.adb
   [Ada]          aws-services-web_block-registry.adb
   [Ada]          aws-smtp-messages.adb
   [Ada]          aws-services-split_pages-uniform.adb
   [Ada]          aws-headers-set.adb
   [Ada]          aws-net.adb
   [Ada]          aws-resources-streams-memory.adb
   [Ada]          aws-utils.adb
   [Ada]          aws-net-websocket-registry-utils.adb
   [Ada]          aws-net-ssl-certificate.adb
   [Ada]          aws-default.ads
   [Ada]          aws-dispatchers.adb
   [Ada]          aws-messages.adb
   [Ada]          aws-containers-tables-set.ads
   [Ada]          aws-containers-memory_streams.ads
   [Ada]          aws-containers-string_vectors.ads
   [Ada]          aws-status.adb
   [Ada]          aws-url-set.adb
   [Ada]          aws-config.adb
   [Ada]          aws-server-get_status.adb
   [Ada]          aws-status-set.adb
   [Ada]          aws-parameters.adb
   [Ada]          aws-headers.adb
   [Ada]          aws-resources-streams-zlib.adb
   [Ada]          aws-net-acceptors.adb
   [Ada]          aws-dispatchers-callback.adb
   [Ada]          aws-net-buffered.adb
   [Ada]          aws-net-websocket-registry-control.adb
   [Ada]          aws-services.ads
   [Ada]          aws-net-websocket.adb
   [Ada]          aws-resources-files.adb
   [Ada]          aws-net-poll_events-g_poll.adb
   [Ada]          aws-net-log.adb
   [Ada]          aws-server-http_utils.adb
   [Ada]          aws-resources-streams-disk.adb
   [Ada]          aws-server-status.adb
   [Ada]          aws-net-generic_sets.adb
   [Ada]          aws-client-http_utils.adb
   [Ada]          aws-response.adb
   [Ada]          aws-mime.adb
   [Ada]          aws-translator.adb
   [Ada]          aws-resources-streams-disk-once.adb
   [Ada]          aws-config-set.adb
   [Ada]          aws-containers-tables.adb
   [Ada]          aws-services-transient_pages-control.adb
   [Ada]          aws-url-raise_url_error.adb
   [Ada]          aws-hotplug-get_status.adb
   [Ada]          aws-log.adb
   [Ada]          aws.ads
   [Ada]          aws-containers.ads
   [Ada]          aws-net-memory.adb
   [Ada]          aws-net-websocket-protocol-rfc6455.adb
   [Ada]          aws-server-log.adb
   [Ada]          aws-config-ini.adb
   [Ada]          aws-config-utils.adb
   [Ada]          aws-headers-values.adb
   [Ada]          aws-net-ssl-rsa_dh_generators.adb
   [Ada]          aws-session-control.adb
   [Ada]          aws-status-translate_set.adb
   [Ada]          aws-net-websocket-registry.adb
   [Ada]          aws-server.adb
   [Ada]          aws-exceptions.ads
   [Ada]          aws-resources-streams.adb
   [Ada]          aws-resources.adb
   [Ada]          aws-attachments.adb
   [Ada]          aws-containers-key_value.ads
   [Ada]          aws-parameters-set.adb
   [Ada]          aws-net-websocket-protocol-draft76.adb
   [Ada]          aws-session.adb
   [Ada]          aws-net-poll_events.adb
   [Ada]          aws-url.adb
   [Ada]          aws-client.adb
   [Ada]          aws-digest.adb
   [Ada]          aws-net-websocket-protocol.ads
   [Ada]          aws-templates.ads
   [Ada]          aws-response-set.adb
   [Ada]          aws-resources-streams-memory-zlib.adb
   [Ada]          aws-services-transient_pages.adb
   [Ada]          aws-server-context.ads
   [Ada]          aws-utils-streams.adb
   [Ada]          aws-hotplug.adb
   [Ada]          aws-resources-embedded.adb
   [Ada]          aws-net-websocket-handshake_error.adb
   [Ada]          templates_parser-input__aws.adb
   [Ada]          templates_parser_tasking__standard_tasking.adb
   [Ada]          aws-net-std__gnat.adb
   [Ada]          aws-net-ssl__dummy.adb
   [Ada]          aws-net-ssl-certificate-impl__dummy.adb
   [Ada]          templates_parser-configuration__aws.ads
   [Ada]          schema-decimal.adb
   [Ada]          schema-validators-xsd_grammar.adb
   [Ada]          schema-simple_types.adb
   [Ada]          schema-validators.adb
   [Ada]          schema.adb
   [Ada]          schema-readers.adb
   [Ada]          schema-date_time.adb
   [Ada]          schema-schema_readers.adb
   [Ada]          schema-dom_readers.adb
   [Ada]          dom.ads
   [Ada]          dom-core-document_fragments.ads
   [Ada]          dom-core-elements.adb
   [Ada]          dom-core-document_types.adb
   [Ada]          dom-core-processing_instructions.ads
   [Ada]          dom-core-notations.adb
   [Ada]          dom-core-documents.adb
   [Ada]          dom-core-character_datas.adb
   [Ada]          dom-core-texts.adb
   [Ada]          dom-core-attrs.adb
   [Ada]          dom-readers.adb
   [Ada]          dom-core-nodes.adb
   [Ada]          dom-core-cdata_sections.ads
   [Ada]          dom-core-comments.ads
   [Ada]          dom-core-entity_references.ads
   [Ada]          dom-core.adb
   [Ada]          input_sources.adb
   [Ada]          input_sources-http.adb
   [Ada]          input_sources-file.adb
   [Ada]          input_sources-socket.adb
   [Ada]          input_sources-strings.adb
   [Ada]          sax-utils.adb
   [Ada]          sax-encodings.ads
   [Ada]          sax-readers.adb
   [Ada]          sax-exceptions.adb
   [Ada]          sax-models.adb
   [Ada]          sax-htable.adb
   [Ada]          sax-attributes.adb
   [Ada]          sax-symbols.adb
   [Ada]          sax-state_machines.adb
   [Ada]          sax-pointers.adb
   [Ada]          sax.ads
   [Ada]          sax-locators.adb
   [Ada]          unicode-names-duployan.ads
   [Ada]          unicode-names-canadian_aboriginal.ads
   [Ada]          unicode-names-lycian.ads
   [Ada]          unicode-names-ancient_symbols.ads
   [Ada]          unicode-names-cjk_radicals_supplement.ads
   [Ada]          unicode-names-khojki.ads
   [Ada]          unicode-names-ipa_extensions.ads
   [Ada]          unicode-names-caucasian_albanian.ads
   [Ada]          unicode-names-sundanese_supplement.ads
   [Ada]          unicode-names-meroitic_hieroglyphs.ads
   [Ada]          unicode-names-cjk_symbols_and_punct.ads
   [Ada]          unicode-names-spacing_modifier_letters.ads
   [Ada]          unicode-names-ornamental_dingbats.ads
   [Ada]          unicode-names-supplemental_arrows_b.ads
   [Ada]          unicode-ccs-iso_8859_15.adb
   [Ada]          unicode-names-takri.ads
   [Ada]          unicode-names-georgian_supplement.ads
   [Ada]          unicode-names-gurmukhi.ads
   [Ada]          unicode-names-cyrillic.ads
   [Ada]          unicode-names-oriya.ads
   [Ada]          unicode-names-mahjong_tiles.ads
   [Ada]          unicode-names-warang_citi.ads
   [Ada]          unicode-names-latin_extended_d.ads
   [Ada]          unicode-names-cherokee_supplement.ads
   [Ada]          unicode-names-samaritan.ads
   [Ada]          unicode-names-lydian.ads
   [Ada]          unicode-names-box_drawing.ads
   [Ada]          unicode-names-linear_a.ads
   [Ada]          unicode-names-mro.ads
   [Ada]          unicode-names-arabic_present_formsb.ads
   [Ada]          unicode-names-counting_rod_numerals.ads
   [Ada]          unicode-names-misc_math_symbols_b.ads
   [Ada]          unicode-names-transport_and_map_symbols.ads
   [Ada]          unicode-names-hangul_compatibility_jamo.ads
   [Ada]          unicode-names-siddham.ads
   [Ada]          unicode-names-buginese.ads
   [Ada]          unicode-names-greek_and_coptic.ads
   [Ada]          unicode-names-malayalam.ads
   [Ada]          unicode-names-mathematical_operators.ads
   [Ada]          unicode-names-pahawh_hmong.ads
   [Ada]          unicode-names-georgian.ads
   [Ada]          unicode-names-palmyrene.ads
   [Ada]          unicode-names-cyrillic_extended_a.ads
   [Ada]          unicode-names-carian.ads
   [Ada]          unicode-names-cuneiform_num_punctuation.ads
   [Ada]          unicode-names-khmer_symbols.ads
   [Ada]          unicode-names-misc_math_symbols_a.ads
   [Ada]          unicode-names-combining_diacritical_sup.ads
   [Ada]          unicode-ces-basic_8bit.adb
   [Ada]          unicode-names-batak.ads
   [Ada]          unicode-names-common_indic_number_forms.ads
   [Ada]          unicode-names-ancient_greek_numbers.ads
   [Ada]          unicode-ces-utf8.adb
   [Ada]          unicode-names-balinese.ads
   [Ada]          unicode-names-syriac.ads
   [Ada]          unicode-names-hangul_jamo.ads
   [Ada]          unicode-names-arabic_supplement.ads
   [Ada]          unicode-names-sinhala.ads
   [Ada]          unicode-names-half_full_width_forms.ads
   [Ada]          unicode-names-pau_cin_hau.ads
   [Ada]          unicode-names-cjk_letters_months.ads
   [Ada]          unicode-names-kangxi_radicals.ads
   [Ada]          unicode-names-general_punctuation.ads
   [Ada]          unicode-names-bamum_supplement.ads
   [Ada]          unicode-names-aegean_numbers.ads
   [Ada]          unicode-names-old_persian.ads
   [Ada]          unicode-names-braille_patterns.ads
   [Ada]          unicode-names-tifinagh.ads
   [Ada]          unicode-names-shavian.ads
   [Ada]          unicode-names-sundanese.ads
   [Ada]          unicode-names-arabic_present_formsa.ads
   [Ada]          unicode-names-phaistos_disc.ads
   [Ada]          unicode-names-dingbats.ads
   [Ada]          unicode-names-tai_tham.ads
   [Ada]          unicode-names-yi_radicals.ads
   [Ada]          unicode-names-small_form_variants.ads
   [Ada]          unicode-names-hatran.ads
   [Ada]          unicode-names-variation_selectors_sup.ads
   [Ada]          unicode-names-myanmar.ads
   [Ada]          unicode-names-old_hungarian.ads
   [Ada]          unicode-names-buhid.ads
   [Ada]          unicode-names-limbu.ads
   [Ada]          unicode-names-ogham.ads
   [Ada]          unicode-names-arabic_math_alpha_symb.ads
   [Ada]          unicode-names-bassa_vah.ads
   [Ada]          unicode-names-misc_symbols_pictographs.ads
   [Ada]          unicode-names-alchemical_symbols.ads
   [Ada]          unicode-names-cham.ads
   [Ada]          unicode-names-phonetic_ext_sup.ads
   [Ada]          unicode-names-syloti_nagri.ads
   [Ada]          unicode-names-brahmi.ads
   [Ada]          unicode-names-saurashtra.ads
   [Ada]          unicode-ccs-iso_8859_3.adb
   [Ada]          unicode-names-kaithi.ads
   [Ada]          unicode-names-modifier_tone_letters.ads
   [Ada]          unicode-names-bopomofo.ads
   [Ada]          unicode-names-khmer.ads
   [Ada]          unicode-encodings.adb
   [Ada]          unicode-names-emoticons.ads
   [Ada]          unicode-names-mahajani.ads
   [Ada]          unicode-names-gothic.ads
   [Ada]          unicode-names-lao.ads
   [Ada]          unicode-names-nabataean.ads
   [Ada]          unicode-names-tibetan.ads
   [Ada]          unicode-names-ethiopic_supplement.ads
   [Ada]          unicode-names-telugu.ads
   [Ada]          unicode-names-number_forms.ads
   [Ada]          unicode-names-cuneiform.ads
   [Ada]          unicode-names-combining_half_marks.ads
   [Ada]          unicode-names-egyptian_hieroglyphs.ads
   [Ada]          unicode-names-geometric_shapes_extended.ads
   [Ada]          unicode-names-ethiopic_extended_a.ads
   [Ada]          unicode-names-canadian_aboriginal_ext.ads
   [Ada]          unicode-names-geometric_shapes.ads
   [Ada]          unicode-names-miscellaneous_technical.ads
   [Ada]          unicode-ccs-iso_8859_1.adb
   [Ada]          unicode-ces.adb
   [Ada]          unicode-names-tai_xuan_jing_symbols.ads
   [Ada]          unicode-names-inscriptional_pahlavi.ads
   [Ada]          unicode-names-elbasan.ads
   [Ada]          unicode-names-cjk_compatibility_forms.ads
   [Ada]          unicode.adb
   [Ada]          unicode-names-glagolitic.ads
   [Ada]          unicode-names-gujarati.ads
   [Ada]          unicode-names-kharoshthi.ads
   [Ada]          unicode-names-arrows.ads
   [Ada]          unicode-names-inscriptional_parthian.ads
   [Ada]          unicode-names-avestan.ads
   [Ada]          unicode-names-arabic_extended_a.ads
   [Ada]          unicode-names-combining_diacritical_ext.ads
   [Ada]          unicode-names-linear_b_syllabary.ads
   [Ada]          unicode-names-yi_syllables.ads
   [Ada]          unicode-names-letterlike_symbols.ads
   [Ada]          unicode-names-enclosed_alphanum_sup.ads
   [Ada]          unicode-names-tagbanwa.ads
   [Ada]          unicode-names-supplemental_punctuation.ads
   [Ada]          unicode-names-thai.ads
   [Ada]          unicode-names-vai.ads
   [Ada]          unicode-names-cherokee.ads
   [Ada]          unicode-names-supplemental_arrows_a.ads
   [Ada]          unicode-names-variation_selectors.ads
   [Ada]          unicode-names-tags.ads
   [Ada]          unicode-names-block_elements.ads
   [Ada]          unicode-names-hebrew.ads
   [Ada]          unicode-ccs.adb
   [Ada]          unicode-names-hangul_jamo_extended_a.ads
   [Ada]          unicode-ccs-iso_8859_2.adb
   [Ada]          unicode-names-anatolian_hieroglyphs.ads
   [Ada]          unicode-names-shorthand_format_controls.ads
   [Ada]          unicode-names-cjk_compat_ideo_sup.ads
   [Ada]          unicode-names-cypriot_syllabary.ads
   [Ada]          unicode-names-latin_extended_additional.ads
   [Ada]          unicode-names-linear_b_ideograms.ads
   [Ada]          unicode-names-modi.ads
   [Ada]          unicode-names-katakana_phonetic_ext.ads
   [Ada]          unicode-names-thaana.ads
   [Ada]          unicode-names-coptic_epact_numbers.ads
   [Ada]          unicode-names-sinhala_archaic_numbers.ads
   [Ada]          unicode-names-basic_latin.ads
   [Ada]          unicode-names-vertical_forms.ads
   [Ada]          unicode-names-coptic.ads
   [Ada]          unicode-names-ancient_greek_music.ads
   [Ada]          unicode-names-phags_pa.ads
   [Ada]          unicode-names-ahom.ads
   [Ada]          unicode-names-sharada.ads
   [Ada]          unicode-names-latin_extended_c.ads
   [Ada]          unicode-ces-utf16.adb
   [Ada]          unicode-names-sutton_signwriting.ads
   [Ada]          unicode-names-grantha.ads
   [Ada]          unicode-names-cjk_strokes.ads
   [Ada]          unicode-names-phoenician.ads
   [Ada]          unicode-names-cyrillic_extended_b.ads
   [Ada]          unicode-ccs-iso_8859_4.adb
   [Ada]          unicode-names-mende_kikakui.ads
   [Ada]          unicode-names-meetei_mayek_extensions.ads
   [Ada]          unicode-names-early_dynastic_cuneiform.ads
   [Ada]          unicode-names-sup_symbols_pictographs.ads
   [Ada]          unicode-names-devanagari.ads
   [Ada]          unicode-names-sup_math_operators.ads
   [Ada]          unicode-names-lisu.ads
   [Ada]          unicode-names-chakma.ads
   [Ada]          unicode-names-super_and_sub_scripts.ads
   [Ada]          unicode-names-greek_extended.ads
   [Ada]          unicode-names.ads
   [Ada]          unicode-names-rejang.ads
   [Ada]          unicode-names-ideograph_descr_chars.ads
   [Ada]          unicode-names-specials.ads
   [Ada]          unicode-names-latin_1_supplement.ads
   [Ada]          unicode-names-domino_tiles.ads
   [Ada]          unicode-names-byzantine_musical_symbols.ads
   [Ada]          unicode-names-new_tai_lue.ads
   [Ada]          unicode-names-katakana.ads
   [Ada]          unicode-names-imperial_aramaic.ads
   [Ada]          unicode-names-supplemental_arrows_c.ads
   [Ada]          unicode-names-nko.ads
   [Ada]          unicode-names-alpha_presentation_forms.ads
   [Ada]          unicode-names-latin_extended_b.ads
   [Ada]          unicode-names-multani.ads
   [Ada]          unicode-names-cyrillic_supplement.ads
   [Ada]          unicode-ces-utf32.adb
   [Ada]          unicode-names-kana_supplement.ads
   [Ada]          unicode-names-arabic.ads
   [Ada]          unicode-names-control_pictures.ads
   [Ada]          unicode-names-currency_symbols.ads
   [Ada]          unicode-names-sora_sompeng.ads
   [Ada]          unicode-names-enclosed_alphanumerics.ads
   [Ada]          unicode-names-tai_viet.ads
   [Ada]          unicode-names-old_permic.ads
   [Ada]          unicode-names-combining_diacritical_sym.ads
   [Ada]          unicode-names-kannada.ads
   [Ada]          unicode-names-phonetic_extensions.ads
   [Ada]          unicode-names-enclosed_ideographic_sup.ads
   [Ada]          unicode-names-cjk_compatibility.ads
   [Ada]          unicode-names-bamum.ads
   [Ada]          unicode-names-playing_cards.ads
   [Ada]          unicode-names-tirhuta.ads
   [Ada]          unicode-names-ol_chiki.ads
   [Ada]          unicode-names-myanmar_extended_a.ads
   [Ada]          unicode-names-meroitic_cursive.ads
   [Ada]          unicode-names-meetei_mayek.ads
   [Ada]          unicode-names-miscellaneous_symbols.ads
   [Ada]          unicode-names-ugaritic.ads
   [Ada]          unicode-names-mandaic.ads
   [Ada]          unicode-names-musical_symbols.ads
   [Ada]          unicode-names-khudawadi.ads
   [Ada]          unicode-names-mongolian.ads
   [Ada]          unicode-ccs-windows_1252.adb
   [Ada]          unicode-names-combining_diacritical.ads
   [Ada]          unicode-names-vedic_extensions.ads
   [Ada]          unicode-names-hangul_jamo_extended_b.ads
   [Ada]          unicode-names-tamil.ads
   [Ada]          unicode-names-math_alphanumeric_symb.ads
   [Ada]          unicode-names-optical_chars_recognition.ads
   [Ada]          unicode-names-devanagari_extended.ads
   [Ada]          unicode-names-old_turkic.ads
   [Ada]          unicode-names-manichaean.ads
   [Ada]          unicode-names-latin_extended_e.ads
   [Ada]          unicode-names-miao.ads
   [Ada]          unicode-names-yijing_hexagram_symbols.ads
   [Ada]          unicode-names-kanbun.ads
   [Ada]          unicode-names-old_south_arabian.ads
   [Ada]          unicode-names-deseret.ads
   [Ada]          unicode-names-myanmar_extended_b.ads
   [Ada]          unicode-names-old_italic.ads
   [Ada]          unicode-names-armenian.ads
   [Ada]          unicode-names-latin_extended_a.ads
   [Ada]          unicode-names-hiragana.ads
   [Ada]          unicode-names-runic.ads
   [Ada]          unicode-names-osmanya.ads
   [Ada]          unicode-names-bopomofo_extended.ads
   [Ada]          unicode-names-ethiopic.ads
   [Ada]          unicode-names-lepcha.ads
   [Ada]          unicode-names-ethiopic_extended.ads
   [Ada]          unicode-names-psalter_pahlavi.ads
   [Ada]          unicode-names-misc_symbols_and_arrows.ads
   [Ada]          unicode-names-cjk_compat_ideographs.ads
   [Ada]          unicode-names-old_north_arabian.ads
   [Ada]          unicode-names-hanunoo.ads
   [Ada]          unicode-names-bengali.ads
   [Ada]          unicode-ccs-windows_1251.adb
   [Ada]          unicode-names-javanese.ads
   [Ada]          unicode-names-tagalog.ads
   [Ada]          unicode-names-tai_le.ads
   [Ada]          unicode-names-rumi_numeral_symbols.ads
   [Ada]          unicode-names-kayah_li.ads
   [C]            gpr_imports.c
   [Ada]          gpr-com.ads
   [Ada]          gpr-compilation-protocol.adb
   [Ada]          gpr-compilation.adb
   [Ada]          gpr-version.adb
   [Ada]          gpr-util-aux.adb
   [Ada]          gpr-opt.ads
   [Ada]          gpr-snames.adb
   [Ada]          gpr-attr-pm.adb
   [Ada]          gpr-err.adb
   [Ada]          gpr-osint.adb
   [Ada]          gpr-compilation-sync.adb
   [Ada]          gpr-nmsc.adb
   [Ada]          gpr-compilation-process.adb
   [Ada]          gpr.adb
   [Ada]          gpr-util.adb
   [Ada]          gpr-compilation-slave.adb
   [Ada]          gpr_build_util.adb
   [Ada]          gpr-strt.adb
   [Ada]          gpr-dect.adb
   [Ada]          gpr-tempdir.adb
   [Ada]          gpr-part.adb
   [Ada]          gpr-attr.adb
   [Ada]          gpr-erroutc.adb
   [Ada]          gpr-compilation-process-waiter.adb
   [Ada]          gpr-cset.adb
   [Ada]          gpr-scans.adb
   [Ada]          gpr-sinput.adb
   [Ada]          gpr-script.adb
   [Ada]          gpr-pp.adb
   [Ada]          gpr-tree.adb
   [Ada]          gpr-output.adb
   [Ada]          gpr-ali.adb
   [Ada]          gpr-env.adb
   [Ada]          gpr-debug.adb
   [Ada]          gpr-names.adb
   [Ada]          gpr-knowledge.adb
   [Ada]          gpr-proc.adb
   [Ada]          gpr-ext.adb
   [Ada]          gpr-conf.adb
   [Ada]          gpr-sdefault.adb
   [C]            libc-wrappers.c
   [C]            process-wrappers.c
   [C]            set_std_prefix.c
   [C]            getRSS.c
   [C]            terminals.c
   [C]            separate_run_path_option.c
   [C]            update_path.c
   [C]            executable_path.c
   [C]            run_path_option.c
   [C]            objlist_file.c
   [C]            link_max.c
   [C]            gnatcoll_support.c
   [Ada]          gnatcoll-os-libc.ads
   [Ada]          gnatcoll-os-libc-dirent.ads
   [Ada]          gnatcoll-os-libc-stat.ads
   [Ada]          gnatcoll-os-libc-spawn.ads
   [Ada]          gnatcoll-paragraph_filling-words.adb
   [Ada]          gnatcoll-paragraph_filling.adb
   [Ada]          gnatcoll-paragraph_filling-badnesses.adb
   [Ada]          gnatcoll-os-stat.adb
   [Ada]          gnatcoll-os-process.adb
   [Ada]          gnatcoll-os-fs.adb
   [Ada]          gnatcoll-os-dir.adb
   [Ada]          gnatcoll-os.ads
   [Ada]          gnatcoll-strings_impl.adb
   [Ada]          gnatcoll-damerau_levenshtein_generic.adb
   [Ada]          gnatcoll-storage_pools-headers.adb
   [Ada]          gnatcoll-refcount-weakref.adb
   [Ada]          gnatcoll-vfs_utils.adb
   [Ada]          gnatcoll-file_paths.adb
   [Ada]          gnatcoll-any_types.adb
   [Ada]          gnatcoll-projects-aux.adb
   [Ada]          gnatcoll-pools.adb
   [Ada]          gnatcoll-coders-streams.adb
   [Ada]          gnatcoll-symbols.adb
   [Ada]          gnatcoll-terminal.adb
   [Ada]          gnatcoll-scripts-utils.adb
   [Ada]          gnatcoll-boyer_moore.adb
   [Ada]          gnatcoll-projects-normalize.adb
   [Ada]          gnatcoll-email-mailboxes.adb
   [Ada]          gnatcoll-coders-base64.adb
   [Ada]          gnatcoll-damerau_levenshtein_distance.ads
   [Ada]          gnatcoll-traces.adb
   [Ada]          gnatcoll.ads
   [Ada]          gnatcoll-json.adb
   [Ada]          gnatcoll-scripts-shell.adb
   [Ada]          gnatcoll-geometry.adb
   [Ada]          gnatcoll-projects.adb
   [Ada]          gnatcoll-refcount.adb
gnatcoll-refcount.ads:90:04: warning: in instantiation at gnatcoll-storage_pools-headers.adb:57 [enabled by default]
gnatcoll-refcount.ads:90:04: warning: possible aliasing problem for type "Header_Access" [enabled by default]
gnatcoll-refcount.ads:90:04: warning: use -fno-strict-aliasing switch for references [enabled by default]
gnatcoll-refcount.ads:90:04: warning: or use "pragma No_Strict_Aliasing (Header_Access);" [enabled by default]
   [Ada]          gnatcoll-storage_pools.ads
   [Ada]          gnatcoll-storage_pools-alignment.adb
   [Ada]          gnatcoll-config.adb
   [Ada]          gnatcoll-io-native.adb
   [Ada]          gnatcoll-io.adb
   [Ada]          gnatcoll-io-remote-windows.adb
   [Ada]          gnatcoll-remote.ads
   [Ada]          gnatcoll-format_columns_vertical.ads
   [Ada]          gnatcoll-io-remote.adb
   [Ada]          gnatcoll-string_list_builders.adb
   [Ada]          gnatcoll-wstring_list_builders.adb
   [Ada]          gnatcoll-email.adb
   [Ada]          gnatcoll-json-utility.adb
   [Ada]          gnatcoll-templates.adb
   [Ada]          gnatcoll-scripts-files.adb
   [Ada]          gnatcoll-vfs_types.ads
   [Ada]          gnatcoll-atomic.adb
   [Ada]          gnatcoll-strings.ads
   [Ada]          gnatcoll-vfs.adb
   [Ada]          gnatcoll-io-remote-unix.adb
   [Ada]          gnatcoll-locks.adb
   [Ada]          gnatcoll-mmap.adb
   [Ada]          gnatcoll-scripts-impl.adb
   [Ada]          gnatcoll-coders.adb
   [Ada]          gnatcoll-scripts.adb
   [Ada]          gnatcoll-scripts-projects.adb
   [Ada]          gnatcoll-tribooleans.adb
   [Ada]          gnatcoll-formatters.adb
   [Ada]          gnatcoll-memory.adb
   [Ada]          gnatcoll-string_builders.adb
   [Ada]          gnatcoll-email-parser.adb
   [Ada]          gnatcoll-wstring_builders.adb
   [Ada]          gnatcoll-opt_parse.adb
   [Ada]          gnatcoll-arg_lists.adb
   [Ada]          gnatcoll-promises.adb
   [Ada]          gnatcoll-asserts.adb
   [Ada]          gnatcoll-remote-db.adb
   [Ada]          gnatcoll-projects-krunch.adb
   [Ada]          gnatcoll-path.adb
   [Ada]          gnatcoll-email-utils.adb
   [Ada]          gnatcoll-utils.adb
   [Ada]          gnatcoll-mmap-system__unix.adb
   [Ada]          gnatcoll-plugins__unix.adb
   [Ada]          gnatcoll-os-process_types__unix.adb
   [Ada]          gnatcoll-os-constants__unix.ads
   [Ada]          gnatcoll-os-dir_types__unix.ads
   [Ada]          gnatcoll-os-libc_constants__linux.ads
   [Ada]          ssl.ads
   [Ada]          ssl-thin__dummy.ads
   [C]            gzwrite.c
   [C]            uncompr.c
   [C]            deflate.c
   [C]            gzread.c
   [C]            crc32.c
   [C]            trees.c
   [C]            gzclose.c
   [C]            adler32.c
   [C]            inflate.c
   [C]            compress.c
   [C]            infback.c
   [C]            gzlib.c
   [C]            inffast.c
   [C]            zutil.c
   [C]            inftrees.c
   [Ada]          aaa_config.ads
   [Ada]          aaa-tests.ads
   [Ada]          aaa-containers.ads
   [Ada]          aaa-ansi.adb
   [Ada]          aaa-strings.adb
   [Ada]          aaa.ads
   [Ada]          aaa-directories.ads
   [Ada]          aaa-traits.ads
   [Ada]          aaa-containers-indefinite_holders.adb
   [Ada]          aaa-filesystem.adb
   [Ada]          aaa-enum_tools.adb
   [Ada]          aaa-text_io.adb
   [Ada]          aaa-caches-files.adb
   [Ada]          aaa-debug.adb
   [Ada]          aaa-traits-types.ads
   [Ada]          aaa-traits-containers.ads
   [Ada]          aaa-caches.ads
   [Ada]          aaa-table_io.adb
   [Ada]          aaa-processes.adb
   [Ada]          adabots.adb
   [Ada]          adabots_exceptions.ads
   [Ada]          adabots_lua_dispatcher.adb
   [Ada]          adabots_nodetypes.adb
Build Libraries
   [gprlib]       aaa.lexch
   [gprlib]       z.lexch
   [archive]      libaaa.a
   [gprlib]       xmlada_unicode.lexch
   [archive]      libz.a
   [index]        libz.a
   [index]        libaaa.a
   [gprlib]       xmlada_input_sources.lexch
   [archive]      libxmlada_unicode.a
   [index]        libxmlada_unicode.a
   [gprlib]       xmlada_sax.lexch
   [archive]      libxmlada_input_sources.a
   [index]        libxmlada_input_sources.a
   [gprlib]       xmlada_dom.lexch
   [archive]      libxmlada_sax.a
   [index]        libxmlada_sax.a
   [gprlib]       xmlada_schema.lexch
   [archive]      libxmlada_dom.a
   [index]        libxmlada_dom.a
   [gprlib]       gpr.lexch
   [archive]      libxmlada_schema.a
   [index]        libxmlada_schema.a
   [gprlib]       gnatcoll.lexch
   [archive]      libgpr.a
   [index]        libgpr.a
   [gprlib]       aws_ssl.lexch
   [archive]      libgnatcoll.a
   [index]        libgnatcoll.a
   [gprlib]       aws.lexch
   [archive]      libaws_ssl.a
   [index]        libaws_ssl.a
   [archive]      libaws.a
   [index]        libaws.a
Build finished successfully in 339.41 seconds.

adabots=1.5.0 successfully retrieved and built.
Dependencies were solved as follows:

   +  aaa         0.2.6  (new)                               
   +  aws         23.0.0 (new)                               
   +i gnat        12.2.1 (new,installed,gnat_native,indirect)
   +i gnat_native 12.2.1 (new,installed,indirect)            
   +  gnatcoll    23.0.0 (new,indirect)                      
   +  libgpr      23.0.0 (new,indirect)                      
   +  make        4.3.0  (new,indirect)                      
   +  openssl     3.0.8  (new,indirect)                      
   +  xmlada      23.0.0 (new,indirect)                      
Found declared GPR file: adabots.gpr
