Test ran at 2025-02-04 22:41:39.973315+00:00

SOLUTION:
eeprom_i2c=6.0.0: EEPROM I2C drivers library for embedded platforms
Origin: commit 929d80dc84fcbe4a766f6de0df974f38ae535e10 from https://github.com/hgrodriguez/eeprom_i2c.git
Properties:
   Author: Holger Rodriguez
   Description: EEPROM I2C drivers library for embedded platforms
   License: BSD-3-Clause
   Maintainer: Holger Rodriguez <github@roseng.ch>
   Maintainers_Logins: hgrodriguez
   Name: eeprom_i2c
   Tag: embedded
   Tag: nostd
   Tag: eeprom
   Tag: rp2040
   Tag: i2c
   Version: 6.0.0
   Website: https://github.com/hgrodriguez/eeprom_i2c
Dependencies (direct):
   hal~0.3.0
Dependencies (solution):
   hal=0.3.1
Dependencies (graph):
   eeprom_i2c=6.0.0 --> hal=0.3.1 (~0.3.0)


LOG:
Spawning: alr -d -n get --build eeprom_i2c=6.0.0
Note: Deploying eeprom_i2c=6.0.0...
Note: Building eeprom_i2c=6.0.0/eeprom_i2c.gpr...
Setup
   [mkdir]        object directory for project Eeprom_I2c
   [mkdir]        library directory for project Eeprom_I2c
Compile
   [Ada]          eeprom_i2c-mc24xx02.ads
   [Ada]          eeprom_i2c-mc24xx01.ads
   [Ada]          eeprom_i2c-mc24xx512.ads
   [Ada]          eeprom_i2c.adb
   [Ada]          eeprom_i2c-mc24xx64.ads
   [Ada]          eeprom_i2c-mc24xx256.ads
   [Ada]          eeprom_i2c-mc24xx16.ads
Build Libraries
   [gprlib]       Eeprom_I2c.lexch
   [archive]      libEeprom_I2c.a
   [index]        libEeprom_I2c.a

eeprom_i2c=6.0.0 successfully retrieved and built.
Dependencies were solved as follows:

   + hal 0.3.1 (new)
Found declared GPR file: eeprom_i2c.gpr
