Test ran at 2024-03-13 12:56:45.332156+00:00

SOLUTION:
gnat_riscv64_elf=12.2.1: The GNAT Ada compiler - RISC-V cross-compiler
Provides: gnat=12.2.1
Origin: (case OS is Linux => (case Host_Arch is X86_64 => binary archive gnat-riscv64-elf-linux64-12.2.0-1.tar.gz at https://github.com/alire-project/GNAT-FSF-builds/releases/download/gnat-12.2.0-1/gnat-riscv64-elf-linux64-12.2.0-1.tar.gz), Macos => (case Host_Arch is X86_64 => binary archive gnat-riscv64-elf-darwin-12.2.0-1.tar.gz at https://github.com/alire-project/GNAT-FSF-builds/releases/download/gnat-12.2.0-1/gnat-riscv64-elf-darwin-12.2.0-1.tar.gz), Windows => (case Host_Arch is X86_64 => binary archive gnat-riscv64-elf-windows64-12.2.0-1.tar.gz at https://github.com/alire-project/GNAT-FSF-builds/releases/download/gnat-12.2.0-1/gnat-riscv64-elf-windows64-12.2.0-1.tar.gz)) with hash sha256:dc06e76582f53dcca00d660e9472b734d73a5fc188988beb653bde5ad530211e
Properties:
   Auto_Gpr_With: auto-gpr-with=false
   Configuration: no modifiers
   Description: The GNAT Ada compiler - RISC-V cross-compiler
   Environment: PATH=${CRATE_ROOT}/bin:${PATH}
   License: GPL-3.0-or-later AND GPL-3.0-or-later WITH GCC-exception-3.1
   Maintainer: chouteau@adacore.com
   Maintainers_Logins: Fabien-Chouteau
   Name: gnat_riscv64_elf
   Version: 12.2.1


LOG:
Note: Deploying gnat_riscv64_elf=12.2.1...
#=#=#                                                                          
##O#-#                                                                         

                                                                           0.5%
###                                                                        4.3%
######                                                                     9.1%
########                                                                  12.5%
###########                                                               16.4%
##############                                                            20.3%
##################                                                        25.4%
####################                                                      28.7%
#######################                                                   32.6%
###########################                                               37.9%
###############################                                           43.1%
###################################                                       49.3%
######################################                                    53.5%
#########################################                                 57.2%
###########################################                               60.7%
##############################################                            64.3%
################################################                          67.5%
##################################################                        70.6%
#####################################################                     74.6%
######################################################                    75.9%
###########################################################               82.2%
##############################################################            86.3%
################################################################          88.9%
####################################################################      95.5%
######################################################################## 100.0%

gnat_riscv64_elf=12.2.1 successfully retrieved.
There are no dependencies.
Warning: Binary release does not contain default project file: gnat_riscv64_elf.gpr
