Test ran at 2022-06-20 00:41:50.438355+00:00

SOLUTION:
gprbuild=22.0.1: The GPRBuild Ada/multilanguage build tool
Origin: (case OS is Linux => (case Word_Size is Bits_64 => binary archive gprbuild-x86_64-linux-22.0.0-1.tar.gz at https://github.com/alire-project/GNAT-FSF-builds/releases/download/gprbuild-22.0.0-1/gprbuild-x86_64-linux-22.0.0-1.tar.gz), Macos => (case Word_Size is Bits_64 => binary archive gprbuild-x86_64-darwin-22.0.0-1.tar.gz at https://github.com/alire-project/GNAT-FSF-builds/releases/download/gprbuild-22.0.0-1/gprbuild-x86_64-darwin-22.0.0-1.tar.gz), Windows => (case Word_Size is Bits_64 => binary archive gprbuild-x86_64-windows64-22.0.0-1.tar.gz at https://github.com/alire-project/GNAT-FSF-builds/releases/download/gprbuild-22.0.0-1/gprbuild-x86_64-windows64-22.0.0-1.tar.gz)) with hash sha256:c842bbc58b28ad0f1c1f7ba147d59e2c9fc4b8f74355ac734831bc779159b47e
Properties:
   Auto_Gpr_With: auto-gpr-with=false
   Configuration: no modifiers
   Description: The GPRBuild Ada/multilanguage build tool
   Environment: PATH=${CRATE_ROOT}/bin:${PATH}
   Maintainer: chouteau@adacore.com
   Maintainers_Logins: Fabien-Chouteau
   Name: gprbuild
   Version: 22.0.1


LOG:
Note: Deploying gprbuild=22.0.1...
#=#=#                                                                         
##O#-#                                                                        

                                                                           0.0%
#####                                                                      7.6%
####################                                                      28.0%
###########################                                               37.8%
#################################                                         46.9%
########################################                                  56.3%
###############################################                           65.4%
#######################################################                   76.5%
############################################################              84.1%
###################################################################       93.4%
######################################################################## 100.0%
Note: Skipping build step for binary release gprbuild=22.0.1

gprbuild=22.0.1 successfully retrieved and deployed.
There are no dependencies.
