Test ran at 2023-11-19 13:13:05.623995+00:00

SOLUTION:
gnatcoll_xref=23.0.0: GNAT Components Collection - xref
Origin: source archive gnatcoll-db-23.0.0.zip at https://github.com/AdaCore/gnatcoll-db/archive/v23.0.0/gnatcoll-db-23.0.0.zip with hash sha512:adf8e40fb7f3ad64be9d5342c8b2017074c1a6b5f7e26ca5ae8f33a3e46d2c981ac3e8be5d0d4be709bed153868ce52935e15706e43f8b5a7dc83a5b63fd7fd8
Properties:
   Author: AdaCore
   Configuration: no modifiers
   Description: GNAT Components Collection - xref
   GPR Scenario: GNATCOLL_BUILD_MODE := DEBUG | PROD
   GPR Scenario: LIBRARY_TYPE := static | relocatable | static-pic
   License: GPL-3.0-or-later WITH GCC-exception-3.1
   Maintainer: chouteau@adacore.com
   Maintainers_Logins: Fabien-Chouteau
   Name: gnatcoll_xref
   Project_File: xref/gnatcoll_xref.gpr
   Tag: gnatcoll
   Tag: database
   Tag: xref
   Tag: ali
   Version: 23.0.0
   Website: https://github.com/adacore/gnatcoll-db
Dependencies (direct):
   gnatcoll_iconv~23.0.0
   gnatcoll_sqlite~23.0.0
   gnatcoll_sql~23.0.0
   gnatcoll~23.0.0
Dependencies (solution):
   gnatcoll=23.0.0
   gnatcoll_iconv=23.0.0
   gnatcoll_sql=23.0.0
   gnatcoll_sqlite=23.0.0
   libgpr=23.0.0
   xmlada=23.0.0
Dependencies (external):
   gnat(/=2020) & (>=11) (indirect,hinted)
Dependencies (graph):
   gnatcoll=23.0.0        --> libgpr=23.0.0 (~23.0.0)         
   gnatcoll_iconv=23.0.0  --> gnatcoll=23.0.0 (~23.0.0)       
   gnatcoll_sql=23.0.0    --> gnatcoll=23.0.0 (~23.0.0)       
   gnatcoll_sqlite=23.0.0 --> gnatcoll=23.0.0 (~23.0.0)       
   gnatcoll_sqlite=23.0.0 --> gnatcoll_sql=23.0.0 (~23.0.0)   
   gnatcoll_xref=23.0.0   --> gnatcoll=23.0.0 (~23.0.0)       
   gnatcoll_xref=23.0.0   --> gnatcoll_iconv=23.0.0 (~23.0.0) 
   gnatcoll_xref=23.0.0   --> gnatcoll_sql=23.0.0 (~23.0.0)   
   gnatcoll_xref=23.0.0   --> gnatcoll_sqlite=23.0.0 (~23.0.0)
   libgpr=23.0.0          --> gnat/=2020                      
   libgpr=23.0.0          --> xmlada=23.0.0 (~23.0.0)         
   xmlada=23.0.0          --> gnat>=11                        
Dependencies cannot be met


LOG:
