Test ran at 2024-05-24 13:04:49.839076+00:00

SOLUTION:
esp_idf=5.0.2-1: Ada binding for the ESP-IDF SDK
Origin: source archive v5.0.2-1.tar.gz at https://github.com/jklmnn/esp-idf-ada-bindings/archive/refs/tags/v5.0.2-1.tar.gz with hash sha512:5b9107d1994a60dc660d90d0aa712cc0cd745ea5c2cae20471064a67fb878e0958ff67dc88a2ede380573051252670fe93646f64844bbe0d8fd0b260bedbbcac
Properties:
   Description: Ada binding for the ESP-IDF SDK
   License: MIT
   Maintainer: jk@jkliemann.de
   Maintainers_Logins: jklmnn
   Name: esp_idf
   Tag: embedded
   Tag: nostd
   Tag: esp
   Tag: binding
   Tag: riscv
   Tag: xtensa
   Version: 5.0.2-1
Dependencies (direct):
   hal~0.3.0
Dependencies (solution):
   hal=0.3.0
Dependencies (graph):
   esp_idf=5.0.2-1 --> hal=0.3.0 (~0.3.0)


LOG:
Failed to locate log
