Test ran at 2024-06-13 13:11:45.127311+00:00

SOLUTION:
aicwl=3.24.1: Ada Industrial Control Widgets Library
Origin: commit 73939c9ed0be13a994728d1c362b945e5d131f19 from https://github.com/HeisenbugLtd/aicwl.git
Properties:
   Author: Dmitry A. Kazakov <mailbox@dmitry-kazakov.de>
   Description: Ada Industrial Control Widgets Library
   GPR Scenario: Development := Debug | Release | Profile
   GPR Scenario: Legacy := Ada95 | Ada2005 | Ada2012
   License: GPL-2.0-or-later WITH GCC-exception-2.0
   Long_Description: This crate provides a library for designing high-quality industrial control
widgets for Ada applications. The software is based on
[GtkAda](https://docs.adacore.com/live/wave/gtkada/html/gtkada_rm/index.html),
Ada bindings to [Gtk+](https://www.gtk.org/), and
[cairo](https://www.cairographics.org/manual/index.html).

The key features of the library are:

* Widgets composed of transparent layers drawn by cairo
* Fully scalable graphics
* Support of time controlled refresh policy for real-time and heavy-duty applications
* Caching graphical operations
* Stream I/O support for serialization and deserialization
* Ready-to-use gauge, meter, oscilloscope widgets
* Editor widget for WYSIWYG design of complex dashboards

For further information, visit the
[AICWL website](http://www.dmitry-kazakov.de/ada/aicwl.htm).

Maintainer's note:

This Alire crate is packaged in a rather minimalistic way to keep dependencies
on external libraries at a minimum. The crate's definition covers the core
functionality of AICWL, though, so it should be sufficient for most needs.

For example, the original distribution has references to
[Simple Components](http://www.dmitry-kazakov.de/ada/components.htm) which are
not strictly necessary for the core functionality of the library.

   Maintainer: Vinzent "Jellix" Saranen <vinzent@heisenbug.eu>
   Maintainers_Logins: Jellix
   Name: aicwl
   Project_File: sources/aicwl.gpr
   Project_File: sources/aicwl-editor.gpr
   Tag: widgets
   Tag: gauge
   Tag: graphics
   Tag: ui
   Tag: gtk
   Version: 3.24.1
   Website: http://www.dmitry-kazakov.de/ada/aicwl.htm
Dependencies (direct):
   gtkada>=17
Dependencies (solution):
   gtkada=24.0.0
   libgtk3=3.24.42
   make=4.4.1
   pkg_config=2.1.1
Dependencies (graph):
   aicwl=3.24.1  --> gtkada=24.0.0 (>=17)       
   gtkada=24.0.0 --> libgtk3=3.24.42 (>=3.24.24)
   gtkada=24.0.0 --> make=4.4.1 (*)             
   gtkada=24.0.0 --> pkg_config=2.1.1 (*)       


LOG:
Note: Deploying aicwl=3.24.1...
Note: Migrating lockfile from /home/runner/work/alire-crates-ci/alire-crates-ci/test/45a39c8d-cb6c-4d48-b086-86f97681cce4/aicwl_3.24.1_73939c9e/alire.lock to /home/runner/work/alire-crates-ci/alire-crates-ci/test/45a39c8d-cb6c-4d48-b086-86f97681cce4/aicwl_3.24.1_73939c9e/alire/alire.lock
Note: Deploying libgtk3=3.24.42...
The system package 'gtk3' is about to be installed.
This action might require admin privileges and impact your system installation.
Do you want Alire to install this system package?
Using default: Yes
resolving dependencies...
looking for conflicting packages...

Package (50)                       New Version              Net Change  Download Size

extra/adobe-source-code-pro-fonts  2.042u+1.062i+1.026vf-1    1.86 MiB       0.91 MiB
extra/adwaita-cursors              46.2-1                    10.02 MiB       0.48 MiB
extra/adwaita-icon-theme           46.2-1                     1.17 MiB       0.20 MiB
extra/adwaita-icon-theme-legacy    46.2-1                     2.11 MiB       2.05 MiB
extra/at-spi2-core                 2.52.0-1                   3.89 MiB       0.55 MiB
extra/avahi                        1:0.8+r194+g3f79789-2      1.88 MiB       0.42 MiB
extra/cairo                        1.18.0-2                   1.55 MiB       0.59 MiB
extra/cantarell-fonts              1:0.303.1-1                0.19 MiB       0.11 MiB
extra/dconf                        0.40.0-2                   0.45 MiB       0.10 MiB
extra/desktop-file-utils           0.27-1                     0.20 MiB       0.04 MiB
extra/duktape                      2.7.0-6                    0.79 MiB       0.17 MiB
extra/fontconfig                   2:2.15.0-2                 1.10 MiB       0.36 MiB
extra/fribidi                      1.0.15-1                   0.24 MiB       0.07 MiB
extra/gdk-pixbuf2                  2.42.12-1                  2.99 MiB       0.51 MiB
extra/glib-networking              1:2.80.0-1                 0.62 MiB       0.14 MiB
extra/gsettings-desktop-schemas    46.0-1                     5.07 MiB       0.70 MiB
extra/gtk-update-icon-cache        1:4.14.4-1                 0.04 MiB       0.02 MiB
extra/hicolor-icon-theme           0.18-1                     0.05 MiB       0.01 MiB
extra/iso-codes                    4.16.0-1                  18.80 MiB       3.25 MiB
extra/json-glib                    1.8.0-1                    0.97 MiB       0.17 MiB
extra/lcms2                        2.16-1                     0.67 MiB       0.21 MiB
extra/libcloudproviders            0.3.6-1                    0.48 MiB       0.06 MiB
extra/libcolord                    1.4.7-2                    1.24 MiB       0.18 MiB
extra/libcups                      2:2.4.9-1                  0.76 MiB       0.26 MiB
extra/libdaemon                    0.14-5                     0.06 MiB       0.02 MiB
extra/libdatrie                    0.2.13-4                   0.48 MiB       0.11 MiB
extra/libei                        1.2.1-1                    0.36 MiB       0.10 MiB
extra/libepoxy                     1.5.10-2                   2.78 MiB       0.32 MiB
extra/libevdev                     1.13.2-1                   0.21 MiB       0.06 MiB
extra/libproxy                     0.5.6-1                    0.10 MiB       0.03 MiB
extra/librsvg                      2:2.58.1-1                11.64 MiB       3.32 MiB
extra/libsoup3                     3.4.4-1                    1.93 MiB       0.39 MiB
extra/libstemmer                   2.2.0-2                    0.79 MiB       0.14 MiB
extra/libthai                      0.1.29-3                   1.22 MiB       0.27 MiB
extra/libxcomposite                0.4.6-1                    0.02 MiB       0.01 MiB
extra/libxdamage                   1.1.6-1                    0.02 MiB       0.01 MiB
extra/libxft                       2.3.8-1                    0.13 MiB       0.06 MiB
extra/libxi                        1.8.1-1                    0.48 MiB       0.15 MiB
extra/libxinerama                  1.1.5-1                    0.02 MiB       0.01 MiB
extra/libxkbcommon                 1.7.0-2                    0.79 MiB       0.21 MiB
extra/libxrandr                    1.5.4-1                    0.07 MiB       0.03 MiB
extra/libxtst                      1.2.4-1                    0.11 MiB       0.03 MiB
core/lzo                           2.10-5                     0.38 MiB       0.09 MiB
extra/pango                        1:1.54.0-1                 2.29 MiB       0.40 MiB
extra/pixman                       0.43.4-1                   0.71 MiB       0.27 MiB
extra/shared-mime-info             2.4-1                      4.55 MiB       0.62 MiB
extra/tracker3                     3.7.3-2                    3.32 MiB       0.75 MiB
extra/xkeyboard-config             2.42-1                     6.45 MiB       0.85 MiB
extra/xorg-xprop                   1.2.7-1                    0.05 MiB       0.03 MiB
extra/gtk3                         1:3.24.42-1               52.12 MiB       8.45 MiB

Total Download Size:    28.26 MiB
Total Installed Size:  148.25 MiB

:: Proceed with installation? [Y/n] 
:: Retrieving packages...
 gtk3-1:3.24.42-1-x86_64 downloading...
 librsvg-2:2.58.1-1-x86_64 downloading...
 iso-codes-4.16.0-1-any downloading...
 adwaita-icon-theme-legacy-46.2-1-any downloading...
 adobe-source-code-pro-fonts-2.042u+1.062i+1.026vf-1-any downloading...
 xkeyboard-config-2.42-1-any downloading...
 tracker3-3.7.3-2-x86_64 downloading...
 gsettings-desktop-schemas-46.0-1-any downloading...
 shared-mime-info-2.4-1-x86_64 downloading...
 cairo-1.18.0-2-x86_64 downloading...
 at-spi2-core-2.52.0-1-x86_64 downloading...
 gdk-pixbuf2-2.42.12-1-x86_64 downloading...
 adwaita-cursors-46.2-1-any downloading...
 avahi-1:0.8+r194+g3f79789-2-x86_64 downloading...
 pango-1:1.54.0-1-x86_64 downloading...
 libsoup3-3.4.4-1-x86_64 downloading...
 fontconfig-2:2.15.0-2-x86_64 downloading...
 libepoxy-1.5.10-2-x86_64 downloading...
 pixman-0.43.4-1-x86_64 downloading...
 libthai-0.1.29-3-x86_64 downloading...
 libcups-2:2.4.9-1-x86_64 downloading...
 lcms2-2.16-1-x86_64 downloading...
 libxkbcommon-1.7.0-2-x86_64 downloading...
 adwaita-icon-theme-46.2-1-any downloading...
 libcolord-1.4.7-2-x86_64 downloading...
 duktape-2.7.0-6-x86_64 downloading...
 json-glib-1.8.0-1-x86_64 downloading...
 libxi-1.8.1-1-x86_64 downloading...
 libstemmer-2.2.0-2-x86_64 downloading...
 glib-networking-1:2.80.0-1-x86_64 downloading...
 libdatrie-0.2.13-4-x86_64 downloading...
 cantarell-fonts-1:0.303.1-1-any downloading...
 dconf-0.40.0-2-x86_64 downloading...
 libei-1.2.1-1-x86_64 downloading...
 lzo-2.10-5-x86_64 downloading...
 fribidi-1.0.15-1-x86_64 downloading...
 libcloudproviders-0.3.6-1-x86_64 downloading...
 libxft-2.3.8-1-x86_64 downloading...
 libevdev-1.13.2-1-x86_64 downloading...
 desktop-file-utils-0.27-1-x86_64 downloading...
 libproxy-0.5.6-1-x86_64 downloading...
 libxtst-1.2.4-1-x86_64 downloading...
 libxrandr-1.5.4-1-x86_64 downloading...
 xorg-xprop-1.2.7-1-x86_64 downloading...
 libdaemon-0.14-5-x86_64 downloading...
 gtk-update-icon-cache-1:4.14.4-1-x86_64 downloading...
 hicolor-icon-theme-0.18-1-any downloading...
 libxcomposite-0.4.6-1-x86_64 downloading...
 libxinerama-1.1.5-1-x86_64 downloading...
 libxdamage-1.1.6-1-x86_64 downloading...
checking keyring...
checking package integrity...
loading package files...
checking for file conflicts...
:: Processing package changes...
installing hicolor-icon-theme...
installing adwaita-icon-theme-legacy...
installing adwaita-cursors...
installing adwaita-icon-theme...
installing adobe-source-code-pro-fonts...
installing cantarell-fonts...
installing dconf...
installing gsettings-desktop-schemas...
installing libevdev...
installing libei...
installing libxi...
installing xkeyboard-config...
installing libxkbcommon...
Optional dependencies for libxkbcommon
    libxkbcommon-x11: xkbcli interactive-x11
    wayland: xkbcli interactive-wayland [installed]
installing libxtst...
installing xorg-xprop...
installing at-spi2-core...
Optional dependencies for at-spi2-core
    dbus-broker: Alternative bus implementation [installed]
installing fontconfig...
Creating fontconfig configuration...
Rebuilding fontconfig cache...
installing lzo...
installing pixman...
installing cairo...
installing desktop-file-utils...
installing fribidi...
installing shared-mime-info...
installing gdk-pixbuf2...
Optional dependencies for gdk-pixbuf2
    libwmf: Load .wmf and .apm
    libopenraw: Load .dng, .cr2, .crw, .nef, .orf, .pef, .arw, .erf, .mrw, and .raf
    libavif: Load .avif [installed]
    libheif: Load .heif, .heic, and .avif
    libjxl: Load .jxl [installed]
    librsvg: Load .svg, .svgz, and .svg.gz [pending]
    webp-pixbuf-loader: Load .webp
installing iso-codes...
installing libcloudproviders...
installing lcms2...
installing libcolord...
installing libdaemon...
installing avahi...
Optional dependencies for avahi
    gtk3: avahi-discover, avahi-discover-standalone, bshell, bssh, bvnc [pending]
    libevent: libevent bindings [installed]
    nss-mdns: NSS support for mDNS
    python-dbus: avahi-bookmarks, avahi-discover
    python-gobject: avahi-bookmarks, avahi-discover
    python-twisted: avahi-bookmarks
    qt5-base: qt5 bindings
installing libcups...
installing libepoxy...
installing libdatrie...
installing libthai...
installing libxft...
installing pango...
installing librsvg...
installing libxcomposite...
installing libxdamage...
installing libxinerama...
installing libxrandr...
installing json-glib...
installing duktape...
installing libproxy...
installing glib-networking...
installing libsoup3...
Optional dependencies for libsoup3
    samba: Windows Domain SSO
installing libstemmer...
installing tracker3...
Optional dependencies for tracker3
    libsoup: Alternative remoting backend
installing gtk-update-icon-cache...
installing gtk3...
Optional dependencies for gtk3
    evince: Default print preview command
:: Running post-transaction hooks...
( 1/14) Creating system user accounts...
Creating group 'avahi' with GID 972.
Creating user 'avahi' (Avahi mDNS/DNS-SD daemon) with UID 972 and GID 972.
( 2/14) Reloading system manager configuration...
  Skipped: Current root is not booted.
( 3/14) Reloading user manager configuration...
  Skipped: Current root is not booted.
( 4/14) Arming ConditionNeedsUpdate...
( 5/14) Updating the MIME type database...
( 6/14) Updating fontconfig configuration...
( 7/14) Reloading system bus configuration...
  Skipped: Current root is not booted.
( 8/14) Updating fontconfig cache...
( 9/14) Probing GDK-Pixbuf loader modules...
/usr/lib/gio/modules/libgiognutls.so: undefined symbol: g_once_init_leave_pointer
Failed to load module: /usr/lib/gio/modules/libgiognutls.so
/usr/lib/libproxy/libpxbackend-1.0.so: undefined symbol: g_once_init_leave_pointer
Failed to load module: /usr/lib/gio/modules/libgiolibproxy.so
g_module_open() failed for /usr/lib/gdk-pixbuf-2.0/2.10.0/loaders/libpixbufloader-avif.so: /usr/lib/libgdk_pixbuf-2.0.so.0: undefined symbol: g_once_init_leave_pointer
g_module_open() failed for /usr/lib/gdk-pixbuf-2.0/2.10.0/loaders/libpixbufloader-jxl.so: /usr/lib/libgdk_pixbuf-2.0.so.0: undefined symbol: g_once_init_leave_pointer
g_module_open() failed for /usr/lib/gdk-pixbuf-2.0/2.10.0/loaders/libpixbufloader-svg.so: /usr/lib/libpango-1.0.so.0: undefined symbol: g_once_init_leave_pointer
(10/14) Updating GIO module cache...
(11/14) Compiling GSettings XML schema files...
(12/14) Probing GTK3 input method modules...
/usr/bin/gtk-query-immodules-3.0: symbol lookup error: /usr/lib/libatspi.so.0: undefined symbol: g_once_init_leave_pointer
error: command failed to execute correctly
(13/14) Updating icon theme caches...
gtk-update-icon-cache: symbol lookup error: /usr/lib/libgdk_pixbuf-2.0.so.0: undefined symbol: g_once_init_leave_pointer
gtk-update-icon-cache: symbol lookup error: /usr/lib/libgdk_pixbuf-2.0.so.0: undefined symbol: g_once_init_leave_pointer
gtk-update-icon-cache: symbol lookup error: /usr/lib/libgdk_pixbuf-2.0.so.0: undefined symbol: g_once_init_leave_pointer
error: command failed to execute correctly
(14/14) Updating the desktop file MIME type cache...
Note: Deploying make=4.4.1...
Note: Deploying pkg_config=2.1.1...
The system package 'pkgconf' is about to be installed.
This action might require admin privileges and impact your system installation.
Do you want Alire to install this system package?
Using default: Yes
resolving dependencies...
looking for conflicting packages...

Package (1)   New Version  Net Change  Download Size

core/pkgconf  2.1.1-1        0.16 MiB       0.06 MiB

Total Download Size:   0.06 MiB
Total Installed Size:  0.16 MiB

:: Proceed with installation? [Y/n] 
:: Retrieving packages...
 pkgconf-2.1.1-1-x86_64 downloading...
checking keyring...
checking package integrity...
loading package files...
checking for file conflicts...
:: Processing package changes...
installing pkgconf...
:: Running post-transaction hooks...
(1/1) Arming ConditionNeedsUpdate...
Note: Deploying gtkada=24.0.0...
#=#=#                                                                          
##O#-#                                                                         
##=O#- #                                                                       
# #=O#- #                                                                      
 # #=O#-  #                                                                    
  # #=O=#   #                                                                  
   # #=O=#   #                                                                 
    # -#O=-#   #                                                               
     # -#O=- #   #                                                             
Note: Running post_fetch actions for gtkada=24.0.0...
checking build system type... x86_64-pc-linux-gnu
checking host system type... x86_64-pc-linux-gnu
checking target system type... x86_64-pc-linux-gnu
checking for pkg-config... /usr/sbin/pkg-config
checking pkg-config is at least version 0.9.0... yes
checking for gcc... gcc
checking whether the C compiler works... yes
checking for C compiler default output file name... a.out
checking for suffix of executables... 
checking whether we are cross compiling... no
checking for suffix of object files... o
checking whether we are using the GNU C compiler... yes
checking whether gcc accepts -g... yes
checking for gcc option to accept ISO C89... none needed
checking for gprbuild... /usr/sbin/gprbuild
checking for gprinstall... /usr/sbin/gprinstall
checking that your gnat compiler works with a simple example... yes
checking whether NLS is requested... yes
checking for gettext in libc... yes
checking for GTK... yes
checking for pkg-config... (cached) /usr/sbin/pkg-config
checking pkg-config is at least version 0.16... yes
checking for GTK+ - version >= 3.24.24... no
*** Could not run GTK+ test program, checking why...
*** The test program failed to compile or link. See the file config.log for the
*** exact error that occurred. This usually means GTK+ is incorrectly installed.
checking for GMODULE... yes
checking for FONTCONFIG... yes
configure: creating ./config.status
config.status: creating Makefile
config.status: creating gtkada_shared.gpr
config.status: creating po/Makefile
config.status: creating docs/gtkada_rm/html/static/index.html
configure: --------- Summary for Gtkada 18.0w -----------------
configure:   Shared libraries:       yes (default: static)
configure: --------------------------------------------
gnatprep -DGETTEXT_INTL=False -DHAVE_GETTEXT=True src/gtkada-intl.gpb src/gtkada-intl.adb
Note: Building aicwl/sources/aicwl.gpr (1/2)...
Setup
   [mkdir]        object directory for project GtkAda
   [mkdir]        library directory for project GtkAda
Compile
   [Ada]          strings_edit-utf8-iso_8859_9.adb
   [Ada]          strings_edit-utf8-koi8.adb
   [Ada]          strings_edit-utf8-categorization.adb
   [Ada]          strings_edit-utf8-windows_1254.adb
   [Ada]          strings_edit-generic_scale.adb
   [Ada]          strings_edit-utf8-iso_8859_8.adb
   [Ada]          strings_edit-quoted.adb
   [Ada]          strings_edit-integers.ads
   [Ada]          strings_edit-utf8-superscript.adb
   [Ada]          strings_edit-utf8-maps.adb
   [Ada]          strings_edit-object_identifiers.adb
   [Ada]          strings_edit-chacha20.adb
   [Ada]          strings_edit-utf8-windows_1252.adb
strings_edit-object_identifiers.adb:29:06: warning: unnecessary with of ancestor [-gnatwr]
   [Ada]          strings_edit-utf8-windows_1250.adb
   [Ada]          strings_edit-utf8-integer_edit.adb
   [Ada]          strings_edit-float_edit.adb
strings_edit-float_edit.adb:264:18: warning: Numeric_Error is an obsolescent feature (RM J.6(1)) [-gnatwj]
strings_edit-float_edit.adb:264:18: warning: use Constraint_Error instead [-gnatwj]
   [Ada]          strings_edit-utf8-radix50.adb
   [Ada]          strings_edit-streams-naturals.ads
strings_edit-chacha20.adb:281:07: warning: renamed variable "Count" is not referenced [-gnatwu]
strings_edit-chacha20.adb:305:07: warning: renamed variable "Count" is not referenced [-gnatwu]
strings_edit-chacha20.adb:333:07: warning: renamed variable "Count" is not referenced [-gnatwu]
strings_edit-chacha20.adb:361:07: warning: renamed variable "Count" is not referenced [-gnatwu]
strings_edit-chacha20.adb:389:07: warning: renamed variable "Count" is not referenced [-gnatwu]
strings_edit-chacha20.adb:405:07: warning: renamed variable "Count" is not referenced [-gnatwu]
   [Ada]          strings_edit-chacha20-aead.adb
   [Ada]          strings_edit-streams-generic_modular.adb
   [Ada]          strings_edit-streams-generic_unsigned.adb
   [Ada]          strings_edit-utf8-iso_8859_6.adb
   [Ada]          strings_edit-utf8-windows_1256.adb
   [Ada]          strings_edit-utf8-superscript-integer_edit.ads
   [Ada]          strings_edit-utf8-iso_8859_2.adb
   [Ada]          strings_edit-streams-integers_32.ads
   [Ada]          strings_edit-utf8-iso_8859_10.adb
   [Ada]          strings_edit-integers-subscript.ads
   [Ada]          strings_edit-streams.adb
   [Ada]          strings_edit-utf8-iso_8859_3.adb
   [Ada]          strings_edit-utf8-windows_1257.adb
   [Ada]          strings_edit-utf8-blocks.ads
   [Ada]          strings_edit-fields.adb
   [Ada]          strings_edit-utf8-iso_8859_5.adb
   [Ada]          strings_edit-utf8-maps-constants.ads
   [Ada]          strings_edit-chacha20-poly1305.adb
   [Ada]          strings_edit-utf8-mapping.adb
   [Ada]          strings_edit-utf8-macos_roman.adb
strings_edit-chacha20-poly1305.adb:278:07: warning: variable "Carry" is not referenced [-gnatwu]
   [Ada]          strings_edit-streams-unsigneds_32.ads
   [Ada]          strings_edit-utf8-iso_8859_7.adb
   [Ada]          strings_edit-iso_8601.adb
   [Ada]          strings_edit-floats.ads
   [Ada]          strings_edit-integers-superscript.ads
   [Ada]          strings_edit-utf8-subscript-integer_edit.ads
   [Ada]          strings_edit-lexicographical_order.adb
   [Ada]          strings_edit-utf8-wildcards-case_insensitive.adb
   [Ada]          strings_edit-utf8-iso_8859_4.adb
   [Ada]          strings_edit-streams-integers.ads
   [Ada]          strings_edit-long_floats.ads
   [Ada]          strings_edit-roman_edit.adb
   [Ada]          strings_edit-streams-integers_64.ads
   [Ada]          strings_edit-integer_edit.adb
   [Ada]          strings_edit-utf8-subscript.adb
   [Ada]          strings_edit-utf8-itu_t61.adb
   [Ada]          strings_edit-streams-unsigneds_64.ads
   [Ada]          strings_edit-utf8-wildcards.adb
   [Ada]          strings_edit-utf8-windows_1255.adb
   [Ada]          strings_edit-utf8-windows_1251.adb
   [Ada]          strings_edit-utf8-recoding_streams.adb
   [Ada]          strings_edit-utf8-handling.adb
   [Ada]          strings_edit.adb
   [Ada]          strings_edit-utf8-windows_1258.adb
   [Ada]          strings_edit-streams-generic_integer.adb
   [Ada]          strings_edit-base64.adb
strings_edit-streams-generic_integer.adb:109:07: warning: variable "Old" is not referenced [-gnatwu]
   [Ada]          strings_edit-utf8.adb
   [Ada]          strings_edit-utf8-windows_1253.adb
   [Ada]          strings_edit-distinguished_names.adb
   [Ada]          rsvg.ads
   [Ada]          rsvg-handle.adb
   [Ada]          cairo-surface.adb
   [Ada]          glib-graphs.adb
   [Ada]          gtkada-file_selection.adb
   [Ada]          glib-key_file.adb
strings_edit-distinguished_names.adb:31:06: warning: unnecessary with of ancestor [-gnatwr]
   [Ada]          gtk-bindings.adb
   [Ada]          gtk-marshallers.adb
   [Ada]          glib-xml.adb
   [Ada]          gtkada-canvas_view-models.adb
   [Ada]          gdk-cairo.adb
   [Ada]          glib-xml_int.ads
   [Ada]          glib-convert.adb
   [Ada]          gtkada-mdi.adb
   [Ada]          pango.ads
   [Ada]          gdk-color.adb
   [Ada]          glib-type_conversion_hooks.adb
   [Ada]          gtkada-application.adb
   [Ada]          cairo-matrix.ads
   [Ada]          cairo-image_surface.adb
   [Ada]          gdk-pixbuf.adb
   [Ada]          gdk-input.ads
   [Ada]          gtkada-canvas_view.adb
   [Ada]          gtk.ads
   [Ada]          cairo-svg.adb
   [Ada]          glib-generic_properties.adb
   [Ada]          glib-types.adb
   [Ada]          gdk.ads
   [Ada]          gtkada-canvas_view-links.adb
   [Ada]          gtkada-canvas.adb
   [Ada]          gtk-arguments.adb
   [Ada]          glib-enums.ads
   [Ada]          glib-graphs-layouts.adb
   [Ada]          glib-glist.adb
   [Ada]          gtkada-pixmaps.ads
   [Ada]          gtk-type_conversion.adb
   [Ada]          pango-cairo.adb
   [Ada]          fontconfig.adb
   [Ada]          gtkada-canvas_view-views.adb
   [Ada]          cairo-pattern.ads
   [Ada]          gtkada-dialogs.adb
   [Ada]          gtkada-intl.adb
   [Ada]          gtkada-builder.adb
   [Ada]          gtkada-abstract_list_model.adb
   [Ada]          glib-properties.adb
   [Ada]          gtkada-canvas_view-models-layers.adb
   [Ada]          gtk-handlers.adb
   [Ada]          glib-object.adb
   [Ada]          cairo.adb
   [Ada]          gdk-rectangle.adb
   [Ada]          gtk-dnd.adb
   [Ada]          gtkada-multiline_entry.adb
   [Ada]          gdk-display_manager.adb
   [Ada]          gtkada-multi_paned.adb
   [Ada]          glib-messages.adb
   [Ada]          gtkada-canvas_view-objects.adb
   [Ada]          gtk-tree_model-utils.adb
   [Ada]          gdk-main.adb
   [Ada]          cairo-png.adb
   [Ada]          glib-main.adb
   [Ada]          cairo-font_options.adb
   [Ada]          glib-values.adb
   [Ada]          gtk-text_child.adb
   [Ada]          gdk-threads.ads
   [Ada]          gtkada-abstract_tree_model.adb
   [Ada]          gdk-window_attr.adb
   [Ada]          cairo-region.adb
   [Ada]          gtkada.ads
   [Ada]          gtkada-printing.adb
   [Ada]          glib-module.adb
   [Ada]          glib-gnodes.adb
   [Ada]          gtkada-bindings.adb
   [Ada]          gtkada-canvas_view-rtrees.adb
   [Ada]          gtkada-canvas_view-astar.adb
   [Ada]          gtkada-style.adb
   [Ada]          gtkada-c.adb
   [Ada]          cairo-scaled_font.ads
   [Ada]          cairo-pdf.adb
   [Ada]          glib-gslist.adb
   [Ada]          glib-properties-creation.adb
   [Ada]          glib-error.adb
   [Ada]          gtk-rc.adb
   [Ada]          glib.adb
   [Ada]          gtkada-handlers.ads
   [Ada]          gdk-property.adb
   [Ada]          gdk-dnd.adb
   [Ada]          glib-unicode.adb
   [Ada]          gdk-visual.adb
   [Ada]          cairo-font_face.ads
   [Ada]          gdk-types.ads
   [Ada]          gdk-types-keysyms.ads
   [Ada]          gdk-keyval.adb
   [Ada]          gtkada-types.adb
   [Ada]          glib-cancellable.adb
   [Ada]          pango-font_face.adb
   [Ada]          gtk-font_chooser.adb
   [Ada]          gtk-fixed.adb
   [Ada]          gtk-separator_tool_item.adb
   [Ada]          gtk-switch.adb
   [Ada]          gtk-clipboard.adb
   [Ada]          gtk-cell_area_box.adb
   [Ada]          pango-language.adb
   [Ada]          glib-g_icon.adb
   [Ada]          gtk-scrollable.adb
   [Ada]          glib-menu.adb
   [Ada]          glib-action_map.adb
   [Ada]          gtk-expander.adb
   [Ada]          gtk-gesture_single.adb
   [Ada]          gtk-tool_palette.adb
   [Ada]          glib-list_model.adb
   [Ada]          gtk-print_operation.adb
   [Ada]          gtk-invisible.adb
   [Ada]          gtk-gesture_multi_press.adb
   [Ada]          gtk-message_dialog.adb
   [Ada]          gtk-list_box.adb
   [Ada]          gtk-cell_layout.adb
   [Ada]          gtk-hsv.adb
   [Ada]          gtk-font_button.adb
   [Ada]          gtk-scrollbar.adb
   [Ada]          gtk-toggle_button.adb
   [Ada]          pango-font_map.adb
   [Ada]          gtk-toggle_action.adb
   [Ada]          pango-font_family.adb
   [Ada]          gdk-drawing_context.adb
   [Ada]          gtk-actionable.adb
   [Ada]          gtk-menu.adb
   [Ada]          gtk-stack.adb
   [Ada]          gtk-color_button.adb
   [Ada]          gtk-target_entry.adb
   [Ada]          gtk-radio_action.adb
   [Ada]          gtk-tree_selection.adb
   [Ada]          gtk-event_box.adb
   [Ada]          gdk-monitor.adb
   [Ada]          gtk-alignment.adb
   [Ada]          gtk-window.adb
   [Ada]          gtk-enums.adb
   [Ada]          gtk-print_operation_preview.adb
   [Ada]          gtk-offscreen_window.adb
   [Ada]          gtk-ui_manager.adb
   [Ada]          gdk-screen.adb
gtk-enums.adb:38:04: warning: possible aliasing problem for type "Chars_Ptr" [enabled by default]
gtk-enums.adb:38:04: warning: use -fno-strict-aliasing switch for references [enabled by default]
gtk-enums.adb:38:04: warning: or use "pragma No_Strict_Aliasing (Chars_Ptr);" [enabled by default]
   [Ada]          gtk-entry_completion.adb
   [Ada]          gtk-cell_renderer_pixbuf.adb
   [Ada]          gtk-tree_model_filter.adb
   [Ada]          gtk-button.adb
   [Ada]          gtk-action_bar.adb
   [Ada]          gtk-cell_renderer.adb
   [Ada]          gtk-info_bar.adb
   [Ada]          gtk-font_chooser_dialog.adb
   [Ada]          pango-layout.adb
   [Ada]          gtk-about_dialog.adb
   [Ada]          gdk-device_tool.adb
   [Ada]          gtk-dialog.adb
   [Ada]          gtk-gentry.adb
   [Ada]          gtk-page_setup.adb
   [Ada]          gtk-binding_set.adb
   [Ada]          glib-application.adb
   [Ada]          gtk-recent_filter.adb
   [Ada]          gtk-color_selection_dialog.adb
   [Ada]          gtk-text_view.adb
   [Ada]          gtk-text_iter.adb
   [Ada]          gtk-style_context.adb
   [Ada]          gtk-separator_menu_item.adb
   [Ada]          gdk-frame_clock.adb
   [Ada]          gtk-css_section.adb
   [Ada]          gtk-settings.adb
   [Ada]          gtk-tree_drag_source.adb
   [Ada]          glib-variant.adb
   [Ada]          gtk-assistant.adb
   [Ada]          gtk-css_provider.adb
   [Ada]          gtk-entry_buffer.adb
   [Ada]          gtk-recent_action.adb
   [Ada]          gtk-tree_view_column.adb
   [Ada]          gtk-selection_data.adb
   [Ada]          gtk-application_window.adb
   [Ada]          gtk-layout.adb
   [Ada]          gtk-bin.adb
   [Ada]          gtk-glarea.adb
   [Ada]          gtk-icon_set.adb
   [Ada]          gtk-file_chooser_widget.adb
   [Ada]          gtk-print_settings.adb
   [Ada]          gtk-viewport.adb
   [Ada]          glib-utils.adb
   [Ada]          gtk-drawing_area.adb
   [Ada]          gtk-cell_renderer_progress.adb
   [Ada]          gtk-container.adb
   [Ada]          gtk-widget.adb
   [Ada]          gtk-misc.adb
   [Ada]          gtk-overlay.adb
   [Ada]          gtk-tool_button.adb
   [Ada]          gtk-text_child_anchor.adb
   [Ada]          gtk-icon_factory.adb
   [Ada]          gtk-text_attributes.adb
   [Ada]          gtk-radio_button.adb
   [Ada]          gtk-list_box_row.adb
   [Ada]          gtk-accel_map.adb
   [Ada]          gtk-paned.adb
   [Ada]          gtk-combo_box_text.adb
   [Ada]          gtk-tree_store.adb
   [Ada]          gdk-device_manager.adb
   [Ada]          gtk-scrolled_window.adb
   [Ada]          gtk-cell_renderer_toggle.adb
   [Ada]          gtk-aspect_frame.adb
   [Ada]          gtk-activatable.adb
   [Ada]          gtk-file_filter.adb
   [Ada]          gtk-menu_button.adb
   [Ada]          gtk-icon_view.adb
   [Ada]          gtk-image.adb
   [Ada]          pango-font.adb
   [Ada]          gtk-size_group.adb
   [Ada]          glib-action.adb
   [Ada]          gtk-gesture_rotate.adb
   [Ada]          gtk-flow_box.adb
   [Ada]          gdk-event.adb
   [Ada]          gtk-gesture.adb
   [Ada]          gtk-accel_label.adb
   [Ada]          gtk-cell_editable.adb
   [Ada]          gtk-text_buffer.adb
   [Ada]          gtk-search_bar.adb
   [Ada]          gtk-recent_chooser_menu.adb
   [Ada]          gtk-revealer.adb
   [Ada]          glib-iochannel.adb
   [Ada]          gtk-tree_drag_dest.adb
   [Ada]          gtk-tool_item.adb
   [Ada]          gtk-editable.adb
   [Ada]          gtk-buildable.adb
   [Ada]          gtk-im_context.adb
   [Ada]          gtk-gesture_pan.adb
   [Ada]          gtk-target_list.adb
   [Ada]          pango-coverage.adb
   [Ada]          pango-matrix.adb
   [Ada]          gtk-font_selection.adb
   [Ada]          gtk-scale.adb
   [Ada]          gtk-toolbar.adb
   [Ada]          gtk-theming_engine.adb
   [Ada]          gtk-tree_row_reference.adb
   [Ada]          gtk-text_mark.adb
   [Ada]          gdk-glcontext.adb
   [Ada]          gtk-builder.adb
   [Ada]          gtk-file_chooser.adb
   [Ada]          gtk-gesture_swipe.adb
   [Ada]          gtk-cell_renderer_text.adb
   [Ada]          gtk-image_menu_item.adb
   [Ada]          glib-simple_action_group.adb
   [Ada]          gdk-display.adb
   [Ada]          gtk-im_context_simple.adb
   [Ada]          gtk-combo_box.adb
   [Ada]          gtk-popover.adb
   [Ada]          gtk-tool_item_group.adb
   [Ada]          gtk-style_provider.adb
   [Ada]          gtk-grange.adb
   [Ada]          gtk-arrow.adb
   [Ada]          pango-tabs.adb
   [Ada]          gtk-cell_renderer_spin.adb
   [Ada]          gtk-font_chooser_widget.adb
   [Ada]          gtk-tooltip.adb
   [Ada]          gtk-flow_box_child.adb
   [Ada]          gtk-color_selection.adb
   [Ada]          gtk-volume_button.adb
   [Ada]          gtk-file_chooser_button.adb
   [Ada]          gtk-tool_shell.adb
   [Ada]          gtk-radio_menu_item.adb
   [Ada]          gtk-file_chooser_dialog.adb
   [Ada]          gtk-separator.adb
   [Ada]          gtk-calendar.adb
   [Ada]          glib-simple_action.adb
   [Ada]          gtk-menu_bar.adb
   [Ada]          gtk-menu_shell.adb
   [Ada]          gtk-application.adb
   [Ada]          gtk-box.adb
   [Ada]          gtk-grid.adb
   [Ada]          gtk-check_button.adb
   [Ada]          gtk-recent_chooser.adb
   [Ada]          gtk-frame.adb
   [Ada]          pango-enums.adb
   [Ada]          gtk-shortcuts_window.adb
   [Ada]          gtk-vbutton_box.adb
   [Ada]          gtk-check_menu_item.adb
   [Ada]          gtk-toggle_tool_button.adb
   [Ada]          gtk-radio_tool_button.adb
   [Ada]          gtk-color_chooser_widget.adb
   [Ada]          gtk-handle_box.adb
   [Ada]          gtk-gesture_long_press.adb
   [Ada]          gtk-scale_button.adb
   [Ada]          gtk-orientable.adb
   [Ada]          gtk-header_bar.adb
   [Ada]          glib-poll.adb
   [Ada]          gtk-symbolic_color.adb
   [Ada]          gtk-style.adb
   [Ada]          gdk-cursor.adb
   [Ada]          gtk-icon_source.adb
   [Ada]          gtk-table.adb
   [Ada]          glib-option.adb
   [Ada]          gtk-button_box.adb
   [Ada]          gtk-icon_theme.adb
   [Ada]          gtk-recent_manager.adb
   [Ada]          gtk-print_context.adb
   [Ada]          gtk-im_multi_context.adb
   [Ada]          gtk-recent_chooser_dialog.adb
   [Ada]          gtk-status_bar.adb
   [Ada]          gtk-cell_area.adb
   [Ada]          gtk-cell_area_context.adb
   [Ada]          gtk-menu_tool_button.adb
   [Ada]          gtk-level_bar.adb
   [Ada]          gtk-paper_size.adb
   [Ada]          gtk-notebook.adb
   [Ada]          gtk-stack_switcher.adb
   [Ada]          gtk-color_chooser_dialog.adb
   [Ada]          gtk-main.adb
   [Ada]          gtk-tree_model_sort.adb
   [Ada]          gtk-search_entry.adb
   [Ada]          gtk-spin_button.adb
   [Ada]          gtk-menu_item.adb
   [Ada]          gtk-style_properties.adb
   [Ada]          pango-context.adb
   [Ada]          gtk-stock.adb
   [Ada]          gtk-gesture_zoom.adb
   [Ada]          gtk-link_button.adb
   [Ada]          gtk-cell_renderer_combo.adb
   [Ada]          gtk-action_group.adb
   [Ada]          gdk-device.adb
   [Ada]          gtk-list_store.adb
   [Ada]          gtk-adjustment.adb
   [Ada]          pango-font_metrics.adb
   [Ada]          pango-attributes.adb
   [Ada]          gtk-progress_bar.adb
   [Ada]          pango-fontset.adb
   [Ada]          gtk-recent_chooser_widget.adb
   [Ada]          gtk-font_selection_dialog.adb
   [Ada]          gtk-gradient.adb
   [Ada]          gtk-tree_model.adb
   [Ada]          gtk-cell_renderer_accel.adb
   [Ada]          gdk-frame_timings.adb
   [Ada]          gtk-hbutton_box.adb
   [Ada]          glib-menu_model.adb
   [Ada]          gtk-text_tag.adb
   [Ada]          gdk-drag_contexts.adb
   [Ada]          gtk-color_chooser.adb
   [Ada]          gtk-accel_group.adb
   [Ada]          glib-string.adb
   [Ada]          gdk-seat.adb
   [Ada]          gdk-rgba.adb
   [Ada]          glib-notification.adb
   [Ada]          gtk-tree_sortable.adb
   [Ada]          glib-spawn.adb
   [Ada]          gtk-tree_view.adb
   [Ada]          gtk-spinner.adb
   [Ada]          gtk-tearoff_menu_item.adb
   [Ada]          gtk-label.adb
   [Ada]          gtk-status_icon.adb
   [Ada]          gtk-event_controller.adb
   [Ada]          glib-action_group.adb
   [Ada]          gtk-text_tag_table.adb
   [Ada]          gtk-cell_view.adb
   [Ada]          gtk-recent_info.adb
   [Ada]          gdk-window.adb
   [Ada]          gtk-cell_renderer_spinner.adb
   [Ada]          gtk-action.adb
   [Ada]          gtk-gesture_drag.adb
   [C]            misc.c
/home/runner/work/alire-crates-ci/alire-crates-ci/test/45a39c8d-cb6c-4d48-b086-86f97681cce4/aicwl_3.24.1_73939c9e/alire/cache/dependencies/gtkada_24.0.0_80c56171/src/misc.c:35:10: fatal error: glib.h: No such file or directory
   35 | #include <glib.h>
      |          ^~~~~~~~
compilation terminated.

   compilation of misc.c failed

gprbuild: *** compilation phase failed
stderr: Command ["gprbuild", "-s", "-j0", "-p", "-P", "/home/runner/work/alire-crates-ci/alire-crates-ci/test/45a39c8d-cb6c-4d48-b086-86f97681cce4/aicwl_3.24.1_73939c9e/sources/aicwl.gpr"] exited with code 4
ERROR: Command ["gprbuild", "-s", "-j0", "-p", "-P", "/home/runner/work/alire-crates-ci/alire-crates-ci/test/45a39c8d-cb6c-4d48-b086-86f97681cce4/aicwl_3.24.1_73939c9e/sources/aicwl.gpr"] exited with code 4
stderr: ALIRE.CHECKED_ERROR
stderr: Command ["gprbuild", "-s", "-j0", "-p", "-P", "/home/runner/work/alire-crates-ci/alire-crates-ci/test/45a39c8d-cb6c-4d48-b086-86f97681cce4/aicwl_3.24.1_73939c9e/sources/aicwl.gpr"] exited with code 4
stderr: raised ALIRE.CHECKED_ERROR : alire-stored-error:1
[/usr/sbin/alr]
0xd7ada2 Alire.Raise_Checked_Error at alire.adb:251
0xa423cf Alire.Os_Lib.Subprocess.Checked_Spawn at alire-os_lib-subprocess.adb:110
0xc5cdee Alire.Spawn.Command at alire-spawn.adb:21
0xc5d51c Alire.Spawn.Gprbuild at alire-spawn.adb:41
0xbc1550 Alire.Roots.Build.Build_Single_Release.Call_Gprbuild at alire-roots.adb:140
0xbbfbaf Alire.Roots.Build.Build_Single_Release at alire-roots.adb:171
0xbdb95e Alire.Roots.Traverse.Traverse_Wrap at alire-roots.adb:1364
0xc25a8b Alire.Solutions.Traverse.Visit at alire-solutions.adb:1443
0xc246a2 Alire.Solutions.Traverse at alire-solutions.adb:1518
0xbdbaac Alire.Roots.Traverse at alire-roots.adb:1368
0xbbff40 Alire.Roots.Build at alire-roots.adb:196
0x4a0334 Alr.Commands.Build.Execute at alr-commands-build.adb:58
0x4b065a Alr.Commands.Get.Retrieve at alr-commands-get.adb:187
0x4b4e77 Alr.Commands.Get.Execute at alr-commands-get.adb:348
0x53bb7e Alr.Commands.Sub_Cmd.Execute at clic-subcommand-instance.adb:742
0x54756f Alr.Commands.Execute at alr-commands.adb:492
0x43cb1a Alr.Main at alr-main.adb:10
0x43f3e7 Main at b__alr-main.adb:2132
[/usr/bin/..//lib/libc.so.6]
0x7f8462381cce
0x7f8462381d88
[/usr/sbin/alr]
0x43c9f8 _start at ???
0xfffffffffffffffe


Warning: aicwl=3.24.1 successfully retrieved but its build failed.
Dependencies were solved as follows:

   + gtkada     24.0.0  (new)         
   + libgtk3    3.24.42 (new,indirect)
   + make       4.4.1   (new,indirect)
   + pkg_config 2.1.1   (new,indirect)
ERROR: Build ended with errors
