Test ran at 2022-05-24 02:57:11.125218+00:00

SOLUTION:
rxada=0.1.0: RxAda port of the Rx framework
Origin: source archive v0.1.0.tar.gz at https://github.com/mosteo/rxada/archive/v0.1.0.tar.gz with hash sha512:6ff779c7da3da0f3a89955be8333f1483cfb4b225889455eb9c8d841ce360b9847b53d50b33ce94c37adeff329be15aa48a6de38e497380120fcfc1b9dc881d9
Properties:
   Author: Alejandro R. Mosteo
   Description: RxAda port of the Rx framework
   Executable: rx-examples-basic
   Executable: rx-examples-minimal
   Executable: rx-examples-tests
   Executable: rx-examples-threading
   License: LGPL-3.0-only
   Maintainer: alejandro@mosteo.com
   Maintainers_Logins: mosteo
   Name: rxada
   Project_File: rxada.gpr
   Project_File: rxada_lib.gpr
   Project_File: rxada_examples.gpr
   Version: 0.1.0


LOG:
Note: Deploying release rxada=0.1.0...
#=#=#                                                                         
##O#- #                                                                       
##O=#  #                                                                      
#-#O=#  #                                                                     
Compile
   [Ada]          rx-tests.adb
   [Ada]          rx-op-limit.adb
   [Ada]          rx-src-defer.adb
   [Ada]          rx-op-distinct.adb
   [Ada]          rx-dispatchers.adb
   [Ada]          rx-op-map.adb
   [Ada]          rx-impl-links.adb
   [Ada]          rx-debug-heavy.adb
   [Ada]          rx-op-last.adb
   [Ada]          rx-debug-observers.adb
   [Ada]          rx-tools-lazies.adb
   [Ada]          rx-op-filter.adb
   [Ada]          rx-src-start.adb
   [Ada]          rx-subscribe.adb
   [Ada]          rx-actions-typed.adb
   [Ada]          rx-contracts.adb
   [Ada]          rx-op-flatmap.adb
   [Ada]          rx-tools-semaphores.adb
   [Ada]          rx-op-buffer.adb
   [Ada]          rx-dispatchers-immediate.adb
   [Ada]          rx-impl-transformers.adb
   [Ada]          rx-impl-definite_observables.adb
   [Ada]          rx-src-from.adb
   [Ada]          rx-traits-arrays.adb
   [Ada]          rx-op-repeat.adb
   [Ada]          rx-op-merge.adb
   [Ada]          rx-src-timer.adb
   [Ada]          rx-src-create.adb
   [Ada]          rx-defaults.adb
   [Ada]          rx-src-interval.adb
   [Ada]          rx-observables.adb
   [Ada]          rx-dispatchers-single.adb
   [Ada]          rx-src-empty.adb
   [Ada]          rx-dispatchers-pools.adb
rx-dispatchers-pools.ads:9:69: warning: coextension will not be deallocated when its associated owner is deallocated
   [Ada]          rx-observables-image.adb
   [Ada]          rx-op-scan.adb
   [Ada]          rx-actions.adb
   [Ada]          rx-op-serialize.adb
   [Ada]          rx-op-length.adb
   [Ada]          rx-impl-definite_observers.adb
   [Ada]          rx-errors.adb
   [Ada]          rx-tools-shared_data.adb
   [Ada]          rx-op-element_at.adb
   [Ada]          rx-op-count.adb
   [Ada]          rx-op-split.adb
   [Ada]          rx-operators.adb
rx-tests.adb:19:04: warning: in instantiation at rx-debug-observers.adb:144
rx-tests.adb:19:04: warning: use of an anonymous access type allocator
rx-tests.adb:20:04: warning: in instantiation at rx-debug-observers.adb:144
rx-tests.adb:20:04: warning: use of an anonymous access type allocator
rx-tests.adb:21:04: warning: in instantiation at rx-debug-observers.adb:144
rx-tests.adb:21:04: warning: use of an anonymous access type allocator
   [Ada]          rx-src-ranges.adb
   [Ada]          rx-op-observe_on.adb
   [Ada]          rx-impl-shared_observer.adb
   [Ada]          rx-op-take.adb
   [Ada]          rx-op-no_op.adb
   [Ada]          rx-tools-holders.adb
   [Ada]          rx-schedulers-pools.adb
   [Ada]          rx-subscriptions.adb
rx-schedulers-pools.adb:12:10: access discriminant in return object would be a dangling reference
rx-schedulers-pools.adb:12:36: warning: use of an anonymous access type allocator

   compilation of rx-schedulers-pools.adb failed

gprbuild: *** compilation phase failed
stderr: Command ["gprbuild", "-gnatwU", "-j0", "-p", "-P", "rxada.gpr"] exited with code 4
ERROR: Command ["gprbuild", "-gnatwU", "-j0", "-p", "-P", "rxada.gpr"] exited with code 4

Warning: rxada=0.1.0 successfully retrieved but its build failed.
There are no dependencies.
ERROR: Build ended with errors
