Test ran at 2023-03-18 13:02:21.553358+00:00

SOLUTION:
tlsada=2.5.2: Bindings for libtls
Origin: source archive v2.5.2.tar.gz at https://git.sr.ht/~nytpu/tlsada/archive/v2.5.2.tar.gz with hashes sha256:7e2dcb928abab9a516f531a5f5f9edc76b4bb8226bc9a73d0819ff2f393d0bb1, sha512:292e2a9851ec22a5c606c486de39cde69fe7a764c6ec87adde8ab41d00df5f94263ff874fc8ff31b5bf8fcc8721de0e7ea9a907c6b425eb74d57803d04ad9224
Properties:
   Author: nytpu
   Description: Bindings for libtls
   GPR Scenario: TLSADA_BUILD_MODE := debug | optimize
   GPR Scenario: TLSADA_COMPILE_CHECKS := enabled | disabled
   GPR Scenario: TLSADA_CONTRACTS := enabled | disabled
   GPR Scenario: TLSADA_LIBRARY_TYPE := dynamic | relocatable | static | static-pic
   GPR Scenario: TLSADA_RUNTIME_CHECKS := enabled | disabled
   GPR Scenario: TLSADA_STYLE_CHECKS := enabled | disabled
   License: MPL-2.0
   Maintainer: nytpu <alex@nytpu.com>
   Maintainers_Logins: nytpu
   Name: tlsada
   Tag: tls
   Tag: ssl
   Version: 2.5.2
   Website: https://git.sr.ht/~nytpu/tlsada
Dependencies (direct):
   libtls^3.5
Dependencies (solution):
   libtls=3.7.0
Dependencies (graph):
   tlsada=2.5.2 --> libtls=3.7.0 (^3.5)


LOG:
Note: Deploying tlsada=2.5.2...
#=#=#                                                                         
Note: Deploying libtls=3.7.0...
The system package 'libretls' is about to be installed.
This action might require admin privileges and impact your system installation.
Do you want Alire to install this system package?
Using default: Yes
Last metadata expiration check: 0:09:46 ago on Sat Mar 18 12:52:30 2023.
Dependencies resolved.
================================================================================
 Package           Architecture    Version               Repository        Size
================================================================================
Installing:
 libretls          x86_64          3.7.0-1.fc36          updates           41 k

Transaction Summary
================================================================================
Install  1 Package

Total download size: 41 k
Installed size: 89 k
Downloading Packages:
libretls-3.7.0-1.fc36.x86_64.rpm                 44 kB/s |  41 kB     00:00    
--------------------------------------------------------------------------------
Total                                            30 kB/s |  41 kB     00:01     
Running transaction check
Transaction check succeeded.
Running transaction test
Transaction test succeeded.
Running transaction
  Preparing        :                                                        1/1 
  Installing       : libretls-3.7.0-1.fc36.x86_64                           1/1 
  Running scriptlet: libretls-3.7.0-1.fc36.x86_64                           1/1 
  Verifying        : libretls-3.7.0-1.fc36.x86_64                           1/1 

Installed:
  libretls-3.7.0-1.fc36.x86_64                                                  

Complete!
Note: Building tlsada/tlsada.gpr...
Setup
   [mkdir]        object directory for project TLSAda
   [mkdir]        library directory for project TLSAda
Compile
   [Ada]          libtls_bindings.ads
   [Ada]          tls-contexts-server.adb
   [Ada]          tls-contexts.adb
   [Ada]          tls.adb
   [Ada]          tls-contexts-client.adb
   [Ada]          tls-configure.adb
Build Libraries
   [gprlib]       tlsada.lexch
   [archive]      libtlsada.a
   [index]        libtlsada.a
Build finished successfully in 3.21 seconds.

tlsada=2.5.2 successfully retrieved and built.
Dependencies were solved as follows:

   + libtls 3.7.0 (new)
Found declared GPR file: tlsada.gpr
