Test ran at 2024-06-09 13:13:32.426748+00:00

SOLUTION:
emacs_ada_mode=8.1.0: Parser for Emacs ada-mode
Origin: commit 114ab44aa9ccfaa004f450426b7a14bff1ebe347 from https://git.savannah.nongnu.org/git/ada-mode.git
Properties:
   Pre_Build run: ${CRATE_DIR}/./make -f Alire.make ada_annex_p_re2c.c
   Author: Stephen Leake
   Description: Parser for Emacs ada-mode
   Executable: ada_mode_wisi_lalr_parse
   Executable: ada_mode_wisi_lr1_parse
   Executable: run_ada_lalr_parse
   Executable: run_ada_lr1_parse
   License: GPL-3.0-or-later
   Maintainer: Stephen Leake <stephen_leake@stephe-leake.org>
   Maintainers_Logins: stephe-ada-guru
   Name: emacs_ada_mode
   Project_File: emacs_ada_mode.gpr
   Tag: emacs
   Tag: ada-mode
   Version: 8.1.0
   Website: https://www.nongnu.org/ada-mode/
Dependencies (direct):
   emacs_wisi~4.3.0
   gnat(>=11 & <2000) | >=2021
   re2c>=2.0.3
   stephes_ada_library~3.7.3
   wisitoken~4.2.0
Dependencies (solution):
   emacs_wisi=4.3.2
   gnatcoll=22.0.0
   libgpr=22.0.0
   re2c=3.0.0
   stephes_ada_library=3.7.3
   wisitoken=4.2.1
   xmlada=22.0.0
Dependencies (external):
   gnat((>=11 & <2000) | >=2021) & (/=2020) (direct,hinted)
Dependencies (graph):
   emacs_ada_mode=8.1.0      --> emacs_wisi=4.3.2 (~4.3.0)         
   emacs_ada_mode=8.1.0      --> gnat(>=11 & <2000) | >=2021       
   emacs_ada_mode=8.1.0      --> re2c=3.0.0 (>=2.0.3)              
   emacs_ada_mode=8.1.0      --> stephes_ada_library=3.7.3 (~3.7.3)
   emacs_ada_mode=8.1.0      --> wisitoken=4.2.1 (~4.2.0)          
   emacs_wisi=4.3.2          --> gnat(>=11 & <2000) | >=2021       
   emacs_wisi=4.3.2          --> stephes_ada_library=3.7.3 (~3.7.2)
   emacs_wisi=4.3.2          --> wisitoken=4.2.1 (~4.2.1)          
   gnatcoll=22.0.0           --> libgpr=22.0.0 (~22.0.0)           
   libgpr=22.0.0             --> gnat/=2020                        
   libgpr=22.0.0             --> xmlada=22.0.0 (~22.0.0)           
   stephes_ada_library=3.7.3 --> gnat(>=11 & <2000) | >=2021       
   wisitoken=4.2.1           --> gnat(>=11 & <2000) | >=2021       
   wisitoken=4.2.1           --> gnatcoll=22.0.0 (^22.0.0)         
   wisitoken=4.2.1           --> stephes_ada_library=3.7.3 (~3.7.2)
   xmlada=22.0.0             --> gnat>=11                          
Dependencies cannot be met


LOG:
