Test ran at 2022-08-06 00:39:08.366129+00:00

SOLUTION:
serverfaces_unit=1.3.0: Web Server Faces JSR 252, JSR 314 and JSR 344 (Testing framework)
Origin: source archive 1.3.0.tar.gz at https://github.com/stcarrez/ada-asf/archive/1.3.0.tar.gz with hash sha512:74425bce8321e220d97da08131b49c2d1811fe174f16d4e3a4fccb3c244029b736b138a3d008821ba01ca7472152d37709d5eef08d3cccd32a59130c0649b613
Properties:
   Post_Fetch run: ${CRATE_DIR}/./rm -f config.gpr
   Description: Web Server Faces JSR 252, JSR 314 and JSR 344 (Testing framework)
   GPR Scenario: BUILD := distrib | debug | optimize | profile | coverage
   GPR Scenario: SECURITY_LIBRARY_TYPE := relocatable | static | static-pic
   License: Apache-2.0
   Maintainer: Stephane.Carrez@gmail.com
   Maintainers_Logins: stcarrez
   Name: serverfaces_unit
   Project_File: .alire/unit/asf.gpr
   Version: 1.3.0
Dependencies (direct):
   security^1.2.1
   serverfaces^1.3.0
   servletada^1.3.0
   utilada^2.0.0
Dependencies (solution):
   gnat=12.1.2 (gnat_native) (installed)
   security=1.2.1
   serverfaces=1.3.0
   servletada=1.3.0
   utilada=2.5.0
   utilada_xml=2.5.0
   xmlada=22.0.0
Dependencies (graph):
   security=1.2.1         --> utilada=2.5.0 (^2.0.0)          
   security=1.2.1         --> utilada_xml=2.5.0 (^2.0.0)      
   serverfaces=1.3.0      --> security=1.2.1 (^1.2.1)         
   serverfaces=1.3.0      --> servletada=1.3.0 (^1.3.0)       
   serverfaces=1.3.0      --> utilada=2.5.0 (^2.0.0)          
   serverfaces_unit=1.3.0 --> security=1.2.1 (^1.2.1)         
   serverfaces_unit=1.3.0 --> serverfaces=1.3.0 (^1.3.0)      
   serverfaces_unit=1.3.0 --> servletada=1.3.0 (^1.3.0)       
   serverfaces_unit=1.3.0 --> utilada=2.5.0 (^2.0.0)          
   servletada=1.3.0       --> security=1.2.1 (^1.2.1)         
   servletada=1.3.0       --> utilada=2.5.0 (^2.0.0)          
   utilada_xml=2.5.0      --> utilada=2.5.0 (^2.5.0)          
   utilada_xml=2.5.0      --> xmlada=22.0.0 (*)               
   xmlada=22.0.0          --> gnat=12.1.2 (gnat_native) (>=11)


LOG:
Note: Deploying serverfaces_unit=1.3.0...
#=#=#                                                                         
##O#- #                                                                       
##O=#  #                                                                      
#=#=-#  #                                                                     
 #=#=-#   #                                                                   
  #=#=- #   #                                                                 
Note: Deploying gnat_native=12.1.2...
#=#=#                                                                         
##O#- #                                                                       
##O=#  #                                                                      

#                                                                          1.6%
###                                                                        4.6%
####                                                                       6.4%
######                                                                     9.0%
#######                                                                   10.7%
#########                                                                 12.5%
##########                                                                15.1%
############                                                              16.8%
#############                                                             18.9%
##############                                                            19.8%
################                                                          22.9%
#################                                                         24.6%
##################                                                        26.0%
###################                                                       27.5%
####################                                                      29.0%
#####################                                                     30.6%
#######################                                                   32.0%
########################                                                  33.6%
#########################                                                 35.1%
##########################                                                36.7%
###########################                                               38.2%
############################                                              39.0%
############################                                              39.7%
#############################                                             40.5%
#############################                                             41.2%
##############################                                            41.7%
##############################                                            42.5%
###############################                                           43.1%
###############################                                           43.8%
################################                                          44.6%
################################                                          45.0%
#################################                                         46.1%
#################################                                         46.8%
##################################                                        47.6%
##################################                                        48.4%
###################################                                       49.1%
###################################                                       49.6%
####################################                                      50.4%
####################################                                      51.2%
#####################################                                     51.9%
#####################################                                     52.7%
######################################                                    53.4%
#######################################                                   54.2%
#######################################                                   55.0%
########################################                                  55.8%
########################################                                  56.5%
#########################################                                 57.4%
#########################################                                 57.9%
##########################################                                58.6%
##########################################                                59.4%
###########################################                               60.0%
###########################################                               60.7%
############################################                              61.2%
############################################                              61.9%
#############################################                             62.5%
#############################################                             63.5%
##############################################                            64.1%
##############################################                            65.0%
###############################################                           65.6%
###############################################                           66.5%
################################################                          67.1%
#################################################                         68.1%
#################################################                         68.8%
##################################################                        69.6%
##################################################                        70.5%
###################################################                       71.5%
###################################################                       71.7%
####################################################                      72.6%
####################################################                      73.5%
#####################################################                     74.5%
######################################################                    75.4%
######################################################                    76.3%
#######################################################                   77.2%
########################################################                  78.2%
########################################################                  79.1%
#########################################################                 79.8%
##########################################################                80.7%
##########################################################                81.5%
###########################################################               82.4%
############################################################              83.4%
############################################################              83.9%
#############################################################             84.9%
#############################################################             85.6%
##############################################################            86.4%
##############################################################            87.0%
###############################################################           87.9%
###############################################################           88.5%
################################################################          89.5%
#################################################################         90.3%
#################################################################         91.3%
##################################################################        91.9%
##################################################################        92.8%
###################################################################       93.4%
###################################################################       94.3%
####################################################################      95.1%
#####################################################################     95.9%
#####################################################################     96.6%
######################################################################    97.4%
######################################################################    98.2%
#######################################################################   98.9%
#######################################################################   99.8%
######################################################################## 100.0%
Note: gnat_native=12.1.2 installed successfully.
Note: Deploying utilada=2.5.0...
Note: Deploying xmlada=22.0.0...
#=#=#                                                                         
##O#- #                                                                       

##                                                                         3.2%
#########################                                                 35.9%
######################################################################## 100.0%
Note: Running post_fetch actions for xmlada=22.0.0...
checking build system type... x86_64-unknown-linux-gnu
checking host system type... x86_64-unknown-linux-gnu
checking target system type... x86_64-unknown-linux-gnu
checking whether gnat can build shared libs... yes
checking for a BSD-compatible install... /usr/bin/install -c
checking whether ln -s works... yes
configure: creating ./config.status
config.status: creating xmlada_shared.gpr
config.status: creating Makefile
config.status: creating tests/dom/default.gpr
Note: Deploying utilada_xml=2.5.0...
Note: Deploying security=1.2.1...
#=#=#                                                                         
##O#- #                                                                       
##O=#  #                                                                      
#-#O=#  #                                                                     
Note: Running post_fetch actions for security=1.2.1...
Note: Deploying servletada=1.3.0...
#=#=#                                                                         
##O#- #                                                                       
##O=#  #                                                                      
#=#=-#  #                                                                     
 #=#=-#   #                                                                   
Note: Running post_fetch actions for servletada=1.3.0...
Note: Deploying serverfaces=1.3.0...
#=#=#                                                                         
##O#- #                                                                       
##O=#  #                                                                      
#-#O=#  #                                                                     
 #-#O=#   #                                                                   
Note: Running post_fetch actions for serverfaces=1.3.0...
Note: Running post_fetch actions for serverfaces_unit=1.3.0...
Note: Building serverfaces_unit/.alire/unit/asf.gpr...
gprbuild: project file "/home/runner/work/alire-crates-ci/alire-crates-ci/test/6b93c264-863f-4b99-bb68-3a3829e99cd3/serverfaces_unit_1.3.0_74425bce/.alire/unit/asf.gpr" not found in .::/home/runner/.config/alire/cache/dependencies/gnat_native_12.1.2_66b989b5:/home/runner/.config/alire/cache/dependencies/gprbuild_22.0.1_24dfc1b5:/home/runner/work/alire-crates-ci/alire-crates-ci/test/6b93c264-863f-4b99-bb68-3a3829e99cd3/serverfaces_unit_1.3.0_74425bce/.alire/unit:/home/runner/work/alire-crates-ci/alire-crates-ci/test/6b93c264-863f-4b99-bb68-3a3829e99cd3/serverfaces_unit_1.3.0_74425bce/alire/cache/dependencies/security_1.2.1_0a064c4c/.alire:/home/runner/work/alire-crates-ci/alire-crates-ci/test/6b93c264-863f-4b99-bb68-3a3829e99cd3/serverfaces_unit_1.3.0_74425bce/alire/cache/dependencies/serverfaces_1.3.0_74425bce/.alire:/home/runner/work/alire-crates-ci/alire-crates-ci/test/6b93c264-863f-4b99-bb68-3a3829e99cd3/serverfaces_unit_1.3.0_74425bce/alire/cache/dependencies/servletada_1.3.0_7ba99a77/.alire:/home/runner/work/alire-crates-ci/alire-crates-ci/test/6b93c264-863f-4b99-bb68-3a3829e99cd3/serverfaces_unit_1.3.0_74425bce/alire/cache/dependencies/utilada_2.5.0_f65f9ba9:/home/runner/work/alire-crates-ci/alire-crates-ci/test/6b93c264-863f-4b99-bb68-3a3829e99cd3/serverfaces_unit_1.3.0_74425bce/alire/cache/dependencies/utilada_2.5.0_f65f9ba9/.alire:/home/runner/work/alire-crates-ci/alire-crates-ci/test/6b93c264-863f-4b99-bb68-3a3829e99cd3/serverfaces_unit_1.3.0_74425bce/alire/cache/dependencies/utilada_xml_2.5.0_f65f9ba9/.alire/xml:/home/runner/work/alire-crates-ci/alire-crates-ci/test/6b93c264-863f-4b99-bb68-3a3829e99cd3/serverfaces_unit_1.3.0_74425bce/alire/cache/dependencies/xmlada_22.0.0_b322ae27/distrib:/home/runner/work/alire-crates-ci/alire-crates-ci/test/6b93c264-863f-4b99-bb68-3a3829e99cd3/serverfaces_unit_1.3.0_74425bce/alire/cache/dependencies/xmlada_22.0.0_b322ae27/dom:/home/runner/work/alire-crates-ci/alire-crates-ci/test/6b93c264-863f-4b99-bb68-3a3829e99cd3/serverfaces_unit_1.3.0_74425bce/alire/cache/dependencies/xmlada_22.0.0_b322ae27/input_sources:/home/runner/work/alire-crates-ci/alire-crates-ci/test/6b93c264-863f-4b99-bb68-3a3829e99cd3/serverfaces_unit_1.3.0_74425bce/alire/cache/dependencies/xmlada_22.0.0_b322ae27/sax:/home/runner/work/alire-crates-ci/alire-crates-ci/test/6b93c264-863f-4b99-bb68-3a3829e99cd3/serverfaces_unit_1.3.0_74425bce/alire/cache/dependencies/xmlada_22.0.0_b322ae27/schema:/home/runner/work/alire-crates-ci/alire-crates-ci/test/6b93c264-863f-4b99-bb68-3a3829e99cd3/serverfaces_unit_1.3.0_74425bce/alire/cache/dependencies/xmlada_22.0.0_b322ae27/unicode
stderr: Command ["gprbuild", "-s", "-j0", "-p", "-P", "/home/runner/work/alire-crates-ci/alire-crates-ci/test/6b93c264-863f-4b99-bb68-3a3829e99cd3/serverfaces_unit_1.3.0_74425bce/.alire/unit/asf.gpr"] exited with code 4
ERROR: Command ["gprbuild", "-s", "-j0", "-p", "-P", "/home/runner/work/alire-crates-ci/alire-crates-ci/test/6b93c264-863f-4b99-bb68-3a3829e99cd3/serverfaces_unit_1.3.0_74425bce/.alire/unit/asf.gpr"] exited with code 4
stderr: ALIRE.CHECKED_ERROR
stderr: Command ["gprbuild", "-s", "-j0", "-p", "-P", "/home/runner/work/alire-crates-ci/alire-crates-ci/test/6b93c264-863f-4b99-bb68-3a3829e99cd3/serverfaces_unit_1.3.0_74425bce/.alire/unit/asf.gpr"] exited with code 4
stderr: raised ALIRE.CHECKED_ERROR : alire-stored-error:1
[/home/runner/work/alire-crates-ci/alire-crates-ci/alire_install/bin/alr]
0xd65c78 Alire.Raise_Checked_Error at alire.adb:251
0xa2f08f Alire.Os_Lib.Subprocess.Checked_Spawn at alire-os_lib-subprocess.adb:110
0xc49318 Alire.Spawn.Command at alire-spawn.adb:21
0xc49a46 Alire.Spawn.Gprbuild at alire-spawn.adb:41
0xbada9c Alire.Roots.Build.Build_Single_Release.Call_Gprbuild at alire-roots.adb:140
0xbac0fb Alire.Roots.Build.Build_Single_Release at alire-roots.adb:171
0xbc7eaa Alire.Roots.Traverse.Traverse_Wrap at alire-roots.adb:1364
0xc11fbb Alire.Solutions.Traverse.Visit at alire-solutions.adb:1434
0xc10bd2 Alire.Solutions.Traverse at alire-solutions.adb:1509
0xbc7ff8 Alire.Roots.Traverse at alire-roots.adb:1368
0xbac48c Alire.Roots.Build at alire-roots.adb:196
0x48f1e4 Alr.Commands.Build.Execute at alr-commands-build.adb:58
0x49f50a Alr.Commands.Get.Retrieve at alr-commands-get.adb:187
0x4a3d27 Alr.Commands.Get.Execute at alr-commands-get.adb:348
0x52aa2e Alr.Commands.Sub_Cmd.Execute at clic-subcommand-instance.adb:742
0x53641f Alr.Commands.Execute at alr-commands.adb:492
0x42b9ca Alr.Main at alr-main.adb:10
0x42e297 Main at b__alr-main.adb:2132
[/lib/x86_64-linux-gnu/libc.so.6]
0x7f9e8100e081
[/home/runner/work/alire-crates-ci/alire-crates-ci/alire_install/bin/alr]
0x42b8a8 _start at ???
0xfffffffffffffffe


Warning: serverfaces_unit=1.3.0 successfully retrieved but its build failed.
Dependencies were solved as follows:

   +i gnat        12.1.2 (new,installed,gnat_native,indirect)
   +  security    1.2.1  (new)                               
   +  serverfaces 1.3.0  (new)                               
   +  servletada  1.3.0  (new)                               
   +  utilada     2.5.0  (new)                               
   +  utilada_xml 2.5.0  (new,indirect)                      
   +  xmlada      22.0.0 (new,indirect)                      
ERROR: Build ended with errors
