Test ran at 2024-09-22 12:35:21.464774+00:00

SOLUTION:
cmd_ada=0.0.1: Command based text UI, inspired by Python cmd module
Origin: commit fe3d4ab5dfcdad4f682dddbe0d8d8d6a1d4a838a from https://github.com/heharkon/ada_cmd.git
Properties:
   Author: Henrik Härkönen
   Description: Command based text UI, inspired by Python cmd module
   License: Apache-2.0
   Maintainer: Henrik Härkönen <heharkon@iki.fi>
   Maintainers_Logins: heharkon
   Name: cmd_ada
   Tag: ui
   Tag: command-line
   Version: 0.0.1


LOG:
Note: Deploying cmd_ada=0.0.1...
Note: Migrating lockfile from D:\a\alire-crates-ci\alire-crates-ci\test\be704e52-6dd8-42b5-a5a8-98e8fb5d819b\cmd_ada_0.0.1_fe3d4ab5\alire.lock to D:\a\alire-crates-ci\alire-crates-ci\test\be704e52-6dd8-42b5-a5a8-98e8fb5d819b\cmd_ada_0.0.1_fe3d4ab5\alire\alire.lock
Note: Building cmd_ada/cmd_ada.gpr...
Setup
   [mkdir]        object directory for project Cmd_ada
   [mkdir]        library directory for project Cmd_ada
Compile
   [Ada]          cmd_ada.adb
Build Libraries
   [gprlib]       Cmd_ada.lexch
   [archive]      libCmd_ada.a
   [index]        libCmd_ada.a
Build finished successfully in 2.55 seconds.

cmd_ada=0.0.1 successfully retrieved and built.
There are no dependencies.
Found declared GPR file: cmd_ada.gpr
