Test ran at 2024-12-25 12:36:02.239645+00:00

SOLUTION:
webdriver=1.0.0: Web Browser control API
Origin: source archive 1.0.0.tar.gz at https://github.com/reznikmm/webdriver/archive/1.0.0.tar.gz with hash sha512:dabe468275ff4ba0497ab1efab0882398d14533ef972a2a7a334e169c89348b5d28b162317600b5b9f6762d87cfb98d12e2dea879a843d800d770934f4110d49
Properties:
   Author: Maxim Reznik
   Description: Web Browser control API
   License: MIT
   Maintainer: Maxim Reznik <reznikmm@gmail.com>
   Maintainers_Logins: reznikmm
   Name: webdriver
   Project_File: gnat/webdriver.gpr
   Tag: web
   Tag: control
   Tag: selenium
   Tag: chrome
   Version: 1.0.0
   Website: https://github.com/reznikmm/webdriver
Dependencies (direct):
   aws*
   matreshka_league*
Dependencies (solution):
   aws=23.0.0
   gnat=12.2.1 (gnat_native) (installed)
   gnat_native=12.2.1 (installed)
   gnatcoll=23.0.0
   libgpr=23.0.0
   make=3.81.0
   matreshka_league=21.0.0
   xmlada=23.0.0
Dependencies (external):
   openssl* (indirect,hinted)
Dependencies (graph):
   aws=23.0.0              --> gnat_native=12.2.1 (>=12)         
   aws=23.0.0              --> gnatcoll=23.0.0 (~23.0.0)         
   aws=23.0.0              --> make=3.81.0 (*)                   
   aws=23.0.0              --> openssl*                          
   aws=23.0.0              --> xmlada=23.0.0 (~23.0.0)           
   gnatcoll=23.0.0         --> libgpr=23.0.0 (~23.0.0)           
   libgpr=23.0.0           --> gnat=12.2.1 (gnat_native) (/=2020)
   libgpr=23.0.0           --> xmlada=23.0.0 (~23.0.0)           
   matreshka_league=21.0.0 --> gnat=12.2.1 (gnat_native) (<2000) 
   matreshka_league=21.0.0 --> make=3.81.0 (*)                   
   webdriver=1.0.0         --> aws=23.0.0 (*)                    
   webdriver=1.0.0         --> matreshka_league=21.0.0 (*)       
   xmlada=23.0.0           --> gnat=12.2.1 (gnat_native) (>=11)  
Dependencies cannot be met


LOG:
