Test ran at 2024-03-24 01:32:19.931437+00:00

SOLUTION:
rewriters=23.0.0: Easy, yet advanced manipulation of Ada code
Origin: commit 736dbf041188f3ed22423f91467df0d6358b5197 from https://github.com/TNO/Rewriters-Ada.git
Properties:
   Author: Pierre van de Laar
   Description: Easy, yet advanced manipulation of Ada code
   License: BSD-3-Clause
   Maintainer: Pierre van de Laar <pierre.van.de.laar@gmail.com>
   Maintainers_Logins: pjljvandelaar
   Name: rewriters
   Tag: manipulation
   Tag: transformation
   Version: 23.0.0
   Website: https://github.com/TNO/Rewriters-Ada
Dependencies (direct):
   libadalang^23.0.0
   rejuvenation^23.0.0
Dependencies (solution):
   gnat=13.2.1 (gnat_external)
   gnatcoll=23.0.0
   gnatcoll_gmp=23.0.0
   gnatcoll_iconv=23.0.0
   langkit_support=23.0.0
   libadalang=23.0.0
   libgmp=6.3.0
   libgpr=23.0.0
   rejuvenation=23.0.0
   xmlada=23.0.0
Dependencies (graph):
   gnatcoll=23.0.0        --> libgpr=23.0.0 (~23.0.0)
   gnatcoll_gmp=23.0.0    --> gnatcoll=23.0.0 (~23.0.0)
   gnatcoll_gmp=23.0.0    --> libgmp=6.3.0 (*)
   gnatcoll_iconv=23.0.0  --> gnatcoll=23.0.0 (~23.0.0)
   langkit_support=23.0.0 --> gnatcoll=23.0.0 (^23)
   langkit_support=23.0.0 --> gnatcoll_gmp=23.0.0 (^23)
   langkit_support=23.0.0 --> gnatcoll_iconv=23.0.0 (^23)
   libadalang=23.0.0      --> gnatcoll=23.0.0 (^23)
   libadalang=23.0.0      --> gnatcoll_gmp=23.0.0 (^23)
   libadalang=23.0.0      --> gnatcoll_iconv=23.0.0 (^23)
   libadalang=23.0.0      --> langkit_support=23.0.0 (^23)
   libgpr=23.0.0          --> gnat=13.2.1 (gnat_external) (/=2020)
   libgpr=23.0.0          --> xmlada=23.0.0 (~23.0.0)
   rejuvenation=23.0.0    --> libadalang=23.0.0 (^23.0.0)
   rewriters=23.0.0       --> libadalang=23.0.0 (^23.0.0)
   rewriters=23.0.0       --> rejuvenation=23.0.0 (^23.0.0)
   xmlada=23.0.0          --> gnat=13.2.1 (gnat_external) (>=11)


LOG:
Spawning: alr -d -n get --build rewriters=23.0.0
Note: Deploying rewriters=23.0.0...
Note: Deploying rejuvenation=23.0.0...
Note: Building rewriters=23.0.0/rewriters.gpr...
Setup
   [mkdir]        object directory for project Rejuvenation
   [mkdir]        library directory for project Rejuvenation
   [mkdir]        object directory for project Rewriters
   [mkdir]        library directory for project Rewriters
Compile
   [Ada]          rejuvenation-utils.adb
   [Ada]          rejuvenation-simple_factory.adb
   [Ada]          rejuvenation-pretty_print.adb
   [Ada]          string_vectors_utils.adb
   [Ada]          rejuvenation-replacer.adb
   [Ada]          string_maps.ads
   [Ada]          rejuvenation-file_utils.adb
   [Ada]          string_sets.ads
   [Ada]          rejuvenation-node_locations.adb
   [Ada]          rejuvenation-finder.adb
   [Ada]          string_vectors.ads
   [Ada]          rejuvenation-printer.adb
   [Ada]          string_sets_utils.adb
   [Ada]          rejuvenation-text_rewrites.adb
   [Ada]          rejuvenation-patterns.adb
   [Ada]          rejuvenation-indentation.adb
   [Ada]          rejuvenation-match_patterns.adb
   [Ada]          rejuvenation-navigation.adb
   [Ada]          rejuvenation-placeholders.adb
   [Ada]          rejuvenation-find_and_replacer.adb
   [Ada]          rejuvenation-nested.adb
   [Ada]          rejuvenation-string_utils.adb
   [Ada]          rejuvenation-environment_variables.adb
   [Ada]          rejuvenation-parameters.adb
   [Ada]          rejuvenation-factory.adb
   [Ada]          rejuvenation.ads
   [Ada]          gnatcoll-iconv.adb
   [Ada]          gnatcoll-gmp-random_state.adb
   [Ada]          gnatcoll-gmp-lib.ads
   [Ada]          gnatcoll-gmp-integers-misc.adb
   [Ada]          gnatcoll-gmp-integers-random.adb
   [Ada]          gnatcoll-gmp-integers-io.adb
   [Ada]          gnatcoll-gmp-integers.adb
   [Ada]          gnatcoll-gmp.ads
   [Ada]          gnatcoll-gmp-integers-root_extraction.adb
   [Ada]          gnatcoll-gmp-integers-number_theoretic.adb
   [Ada]          gnatcoll-gmp-rational_numbers.adb
   [Ada]          gnatcoll-os-libc-spawn.ads
   [Ada]          gnatcoll-os-libc-dirent.ads
   [Ada]          gnatcoll-os-libc.ads
   [Ada]          gnatcoll-os-libc-stat.ads
   [Ada]          gnatcoll-paragraph_filling-badnesses.adb
   [Ada]          gnatcoll-paragraph_filling-words.adb
   [Ada]          gnatcoll-paragraph_filling.adb
   [Ada]          gnatcoll-os-fs.adb
   [Ada]          gnatcoll-os-stat.adb
   [Ada]          gnatcoll-os-dir.adb
   [Ada]          gnatcoll-os-process.adb
   [Ada]          gnatcoll-os.ads
   [Ada]          gnatcoll-terminal.adb
   [Ada]          gnatcoll-wstring_builders.adb
   [Ada]          gnatcoll-refcount.adb
gnatcoll-refcount.ads:90:04: warning: in instantiation at gnatcoll-storage_pools-headers.adb:57 [enabled by default]
gnatcoll-refcount.ads:90:04: warning: possible aliasing problem for type "Header_Access" [enabled by default]
gnatcoll-refcount.ads:90:04: warning: use -fno-strict-aliasing switch for references [enabled by default]
gnatcoll-refcount.ads:90:04: warning: or use "pragma No_Strict_Aliasing (Header_Access);" [enabled by default]
   [Ada]          gnatcoll-email-utils.adb
   [Ada]          gnatcoll-damerau_levenshtein_distance.ads
   [Ada]          gnatcoll-scripts-shell.adb
   [Ada]          gnatcoll-remote.ads
   [Ada]          gnatcoll-projects.adb
   [Ada]          gnatcoll-strings_impl.adb
   [Ada]          gnatcoll-templates.adb
   [Ada]          gnatcoll.ads
   [Ada]          gnatcoll-remote-db.adb
   [Ada]          gnatcoll-storage_pools.ads
   [Ada]          gnatcoll-wstring_list_builders.adb
   [Ada]          gnatcoll-projects-aux.adb
   [Ada]          gnatcoll-scripts-projects.adb
   [Ada]          gnatcoll-tribooleans.adb
   [Ada]          gnatcoll-json.adb
   [Ada]          gnatcoll-projects-normalize.adb
   [Ada]          gnatcoll-damerau_levenshtein_generic.adb
   [Ada]          gnatcoll-coders-base64.adb
   [Ada]          gnatcoll-mmap.adb
   [Ada]          gnatcoll-email.adb
   [Ada]          gnatcoll-projects-krunch.adb
   [Ada]          gnatcoll-formatters.adb
   [Ada]          gnatcoll-asserts.adb
   [Ada]          gnatcoll-format_columns_vertical.ads
   [Ada]          gnatcoll-strings.ads
   [Ada]          gnatcoll-any_types.adb
   [Ada]          gnatcoll-atomic.adb
   [Ada]          gnatcoll-json-utility.adb
   [Ada]          gnatcoll-io-remote-unix.adb
   [Ada]          gnatcoll-memory.adb
   [Ada]          gnatcoll-scripts-files.adb
   [Ada]          gnatcoll-pools.adb
   [Ada]          gnatcoll-scripts.adb
   [Ada]          gnatcoll-promises.adb
   [Ada]          gnatcoll-io-remote-windows.adb
   [Ada]          gnatcoll-io.adb
   [Ada]          gnatcoll-boyer_moore.adb
   [Ada]          gnatcoll-email-mailboxes.adb
   [Ada]          gnatcoll-coders.adb
   [Ada]          gnatcoll-vfs.adb
   [Ada]          gnatcoll-refcount-weakref.adb
   [Ada]          gnatcoll-scripts-utils.adb
   [Ada]          gnatcoll-symbols.adb
   [Ada]          gnatcoll-io-remote.adb
   [Ada]          gnatcoll-file_paths.adb
   [Ada]          gnatcoll-scripts-impl.adb
   [Ada]          gnatcoll-vfs_types.ads
   [Ada]          gnatcoll-string_builders.adb
   [Ada]          gnatcoll-io-native.adb
   [Ada]          gnatcoll-string_list_builders.adb
   [Ada]          gnatcoll-storage_pools-headers.adb
   [Ada]          gnatcoll-traces.adb
   [Ada]          gnatcoll-path.adb
   [Ada]          gnatcoll-email-parser.adb
   [Ada]          gnatcoll-geometry.adb
   [Ada]          gnatcoll-locks.adb
   [Ada]          gnatcoll-opt_parse.adb
   [Ada]          gnatcoll-utils.adb
   [Ada]          gnatcoll-coders-streams.adb
   [Ada]          gnatcoll-storage_pools-alignment.adb
   [Ada]          gnatcoll-arg_lists.adb
   [Ada]          gnatcoll-config.adb
   [Ada]          gnatcoll-vfs_utils.adb
   [Ada]          gnatcoll-mmap-system__unix.adb
   [Ada]          gnatcoll-plugins__unix.adb
   [Ada]          gnatcoll-os-process_types__unix.adb
   [Ada]          gnatcoll-os-constants__unix.ads
   [Ada]          gnatcoll-os-dir_types__unix.ads
   [Ada]          gnatcoll-os-libc_constants__linux.ads
   [Ada]          predefined_rewriters_if_statement_distribution.ads
   [Ada]          rewriters_sequence.adb
   [Ada]          predefined_rewriters_append.adb
   [Ada]          post_processing_contexts_function_access.ads
   [Ada]          predefined_rewriters_membership_test.adb
   [Ada]          predefined_rewriters_representation_clauses.adb
   [Ada]          intervals.ads
   [Ada]          match_accepters_combine.ads
   [Ada]          rewriters.ads
   [Ada]          predefined_rewriters_if_expression_distribution.ads
   [Ada]          predefined_rewriters_null_statement.ads
   [Ada]          rewriters_find_and_replace.adb
   [Ada]          match_accepters_all.ads
   [Ada]          match_accepters_function_access.ads
   [Ada]          predefined_rewriters_operator_definition_equivalence.ads
   [Ada]          predefined_rewriters_prefer_short_circuit.adb
   [Ada]          predefined_rewriters_if_statement_simplify.ads
   [Ada]          post_processing_contexts_rewriter_find_and_replace.ads
   [Ada]          ada_node_interval.adb
   [Ada]          predefined_rewriters_boolean_expression_simplify.adb
   [Ada]          predefined_rewriters_minimal_parentheses.adb
   [Ada]          predefined_rewriters_if_expression_simplify.ads
   [Ada]          predefined_rewriters_prefer_quantified_expressions.adb
   [Ada]          predefined_rewriters_case_statement_simplify.ads
   [Ada]          predefined_rewriters_case_expression_simplify.ads
   [Ada]          mark_utils.adb
   [Ada]          predefined_patchers.ads
   [Ada]          predefined_rewriters_operator_definition_simplify.ads
   [Ada]          match_accepters_marked.adb
   [Ada]          predefined_rewriters_boolean_expression_de_morgan.adb
   [Ada]          predefined_rewriters_prefer_if_expression.adb
   [Ada]          predefined_rewriters_not.adb
   [Ada]          predefined_rewriters_declaration_simplify.adb
   [Ada]          placeholder_relations.adb
   [Ada]          predefined_rewriters_block_statement_simplify.ads
   [Ada]          rewriters_repeat.adb
   [Ada]          patchers.adb
   [Ada]          post_processing_contexts.ads
   [Ada]          rewriters_vectors.ads
   [Ada]          match_accepters.ads
Build Libraries
   [gprlib]       gnatcoll.lexch
   [gprlib]       gnatcoll_gmp.lexch
   [archive]      libgnatcoll.a
   [index]        libgnatcoll.a
   [gprlib]       gnatcoll_iconv.lexch
   [archive]      libgnatcoll_gmp.a
   [archive]      libgnatcoll_iconv.a
   [index]        libgnatcoll_iconv.a
   [index]        libgnatcoll_gmp.a
   [gprlib]       langkit_support.lexch
   [bind SAL]     langkit_support
   [Ada]          b__langkit_support.adb
   [objcopy]      p__langkit_support_0.o
   [archive]      liblangkit_support.a
   [index]        liblangkit_support.a
   [gprlib]       adalang.lexch
   [gprlib]       Rejuvenation.lexch
   [bind SAL]     adalang
   [Ada]          b__adalang.adb
   [objcopy]      p__adalang_0.o
   [archive]      libadalang.a
   [index]        libadalang.a
   [gprlib]       Rewriters.lexch
   [archive]      libRejuvenation.a
   [index]        libRejuvenation.a
   [archive]      libRewriters.a
   [index]        libRewriters.a

rewriters=23.0.0 successfully retrieved and built.
Dependencies were solved as follows:

   +b gnat            13.2.1 (new,gnat_external,indirect,executable in path)
   +  gnatcoll        23.0.0 (new,indirect)
   +  gnatcoll_gmp    23.0.0 (new,indirect)
   +  gnatcoll_iconv  23.0.0 (new,indirect)
   +  langkit_support 23.0.0 (new,indirect)
   +  libadalang      23.0.0 (new)
   +b libgmp          6.3.0  (new,indirect,system package)
   +  libgpr          23.0.0 (new,indirect)
   +  rejuvenation    23.0.0 (new)
   +  xmlada          23.0.0 (new,indirect)
Found declared GPR file: rewriters.gpr
