Test ran at 2024-10-03 01:30:14.100812+00:00

SOLUTION:
gnat_native=13.2.1: The GNAT Ada compiler - Native
Provides: gnat=13.2.1
Origin: (case OS is Linux => (case Host_Arch is X86_64 => binary archive gnat-x86_64-linux-13.2.0-1.tar.gz at https://github.com/alire-project/GNAT-FSF-builds/releases/download/gnat-13.2.0-1/gnat-x86_64-linux-13.2.0-1.tar.gz), Macos => (case Host_Arch is X86_64 => binary archive gnat-x86_64-darwin-13.2.0-1.tar.gz at https://github.com/alire-project/GNAT-FSF-builds/releases/download/gnat-13.2.0-1/gnat-x86_64-darwin-13.2.0-1.tar.gz), Windows => (case Host_Arch is X86_64 => binary archive gnat-x86_64-windows64-13.2.0-1.tar.gz at https://github.com/alire-project/GNAT-FSF-builds/releases/download/gnat-13.2.0-1/gnat-x86_64-windows64-13.2.0-1.tar.gz)) with hash sha256:788a01f91f54259a6a9fb44f0c1f36b83cbf0ef06a8e6a9c601a4c46581a07a8
Properties:
   Auto_Gpr_With: auto-gpr-with=false
   Configuration: no modifiers
   Description: The GNAT Ada compiler - Native
   Environment: PATH=${CRATE_ROOT}/bin:${PATH}
   License: GPL-3.0-or-later AND GPL-3.0-or-later WITH GCC-exception-3.1
   Maintainer: chouteau@adacore.com
   Maintainers_Logins: Fabien-Chouteau
   Name: gnat_native
   Version: 13.2.1


LOG:
Note: Deploying gnat_native=13.2.1...
#=#=#                                                                          

                                                                           0.0%
####                                                                       6.8%
#########                                                                 12.6%
###########                                                               15.7%
###############                                                           22.0%
###################                                                       27.5%
#####################                                                     30.2%
#########################                                                 34.8%
############################                                              39.0%
###############################                                           43.9%
###################################                                       49.2%
#####################################                                     52.8%
########################################                                  56.5%
###########################################                               60.7%
################################################                          66.8%
###################################################                       72.2%
########################################################                  78.5%
#############################################################             84.7%
###############################################################           87.9%
###################################################################       94.2%
#######################################################################   99.4%
######################################################################## 100.0%

gnat_native=13.2.1 successfully retrieved.
There are no dependencies.
Warning: Binary release does not contain default project file: gnat_native.gpr
