Test ran at 2023-11-21 01:05:09.329125+00:00

SOLUTION:
gnat_riscv64_elf=13.1.0: The GNAT Ada compiler - RISC-V cross-compiler
Provides: gnat=13.1.0
Origin: (case OS is Linux => (case Host_Arch is X86_64 => binary archive gnat-riscv64-elf-linux64-13.1.0-1.tar.gz at https://github.com/alire-project/GNAT-FSF-builds/releases/download/gnat-13.1.0-1/gnat-riscv64-elf-linux64-13.1.0-1.tar.gz), Macos => (case Host_Arch is X86_64 => binary archive gnat-riscv64-elf-darwin-13.1.0-1.tar.gz at https://github.com/alire-project/GNAT-FSF-builds/releases/download/gnat-13.1.0-1/gnat-riscv64-elf-darwin-13.1.0-1.tar.gz), Windows => (case Host_Arch is X86_64 => binary archive gnat-riscv64-elf-windows64-13.1.0-1.tar.gz at https://github.com/alire-project/GNAT-FSF-builds/releases/download/gnat-13.1.0-1/gnat-riscv64-elf-windows64-13.1.0-1.tar.gz)) with hash sha256:4ac38b80e22d233ac9f5dcf9d7ad054a43b7c99f14f7c525dfb845e90585bc53
Properties:
   Auto_Gpr_With: auto-gpr-with=false
   Configuration: no modifiers
   Description: The GNAT Ada compiler - RISC-V cross-compiler
   Environment: PATH=${CRATE_ROOT}/bin:${PATH}
   License: GPL-3.0-or-later AND GPL-3.0-or-later WITH GCC-exception-3.1
   Maintainer: chouteau@adacore.com
   Maintainers_Logins: Fabien-Chouteau
   Name: gnat_riscv64_elf
   Version: 13.1.0


LOG:
Note: Deploying gnat_riscv64_elf=13.1.0...
#=#=#                                                                         
##O#-#                                                                        
##O=#  #                                                                      

#                                                                          1.8%
###                                                                        4.3%
####                                                                       6.8%
#######                                                                    9.8%
########                                                                  12.3%
##########                                                                14.8%
############                                                              17.3%
##############                                                            19.8%
################                                                          22.3%
#################                                                         24.8%
###################                                                       27.2%
#####################                                                     29.8%
#######################                                                   32.2%
#########################                                                 34.7%
##########################                                                37.2%
############################                                              39.8%
##############################                                            42.3%
################################                                          44.8%
#################################                                         47.0%
####################################                                      50.1%
######################################                                    53.4%
########################################                                  55.8%
##########################################                                58.4%
###########################################                               60.9%
#############################################                             63.4%
###############################################                           65.9%
#################################################                         68.4%
###################################################                       70.9%
####################################################                      73.4%
######################################################                    75.9%
########################################################                  78.4%
##########################################################                80.8%
###########################################################               83.3%
#############################################################             85.9%
###############################################################           88.4%
#################################################################         90.9%
###################################################################       93.3%
#####################################################################     95.9%
######################################################################    98.4%
######################################################################## 100.0%

gnat_riscv64_elf=13.1.0 successfully retrieved.
There are no dependencies.
Warning: Binary release does not contain default project file: gnat_riscv64_elf.gpr
