Test ran at 2024-03-24 12:53:01.600891+00:00

SOLUTION:
shoot_n_loot=1.0.0: Platform game for the AdaFruit PyGamer console
Origin: commit 227d9dad4c4db451968734a783afbf12132309e1 from https://github.com/Fabien-Chouteau/shoot-n-loot.git
Properties:
   Description: Platform game for the AdaFruit PyGamer console
   Executable: shoot_n_loot_sim
   License: MIT
   Maintainer: fabien.chouteau@gmail.com
   Maintainers_Logins: Fabien-Chouteau
   Name: shoot_n_loot
   Project_File: shoot_n_loot_simulator.gpr
   Tag: pygamer
   Tag: game
   Tag: simulator
   Version: 1.0.0
   Website: https://github.com/Fabien-Chouteau/shoot-n-loot
Dependencies (direct):
   geste^1.1.0
   gnat^10
   pygamer_bsp~1.0.0
   pygamer_simulator~1.0.0
   virtapu~0.2.0
Dependencies (solution):
   asfml=2.5.1
   cortex_m=0.1.0
   geste=1.1.0
   gnat=10.3.2 (gnat_native)
   hal=0.1.0
   libcsfml=2.5.0
   pygamer_bsp=1.0.0
   pygamer_simulator=1.0.0
   samd51_hal=0.1.0
   virtapu=0.2.0
Dependencies (graph):
   asfml=2.5.1             --> libcsfml=2.5.0 (^2.5)
   cortex_m=0.1.0          --> hal=0.1.0 (^0.1.0)
   pygamer_bsp=1.0.0       --> cortex_m=0.1.0 (~0.1.0)
   pygamer_bsp=1.0.0       --> samd51_hal=0.1.0 (~0.1.0)
   pygamer_simulator=1.0.0 --> asfml=2.5.1 (2.5.1)
   pygamer_simulator=1.0.0 --> hal=0.1.0 (~0.1.0)
   samd51_hal=0.1.0        --> cortex_m=0.1.0 (^0.1.0)
   samd51_hal=0.1.0        --> hal=0.1.0 (^0.1.0)
   shoot_n_loot=1.0.0      --> geste=1.1.0 (^1.1.0)
   shoot_n_loot=1.0.0      --> gnat=10.3.2 (gnat_native) (^10)
   shoot_n_loot=1.0.0      --> pygamer_bsp=1.0.0 (~1.0.0)
   shoot_n_loot=1.0.0      --> pygamer_simulator=1.0.0 (~1.0.0)
   shoot_n_loot=1.0.0      --> virtapu=0.2.0 (~0.2.0)


LOG:
Spawning: alr -d -n get --build shoot_n_loot=1.0.0
Note: Deploying shoot_n_loot=1.0.0...
Note: Deploying geste=1.1.0...
#=#=#                                                                         

                                                                           0.2%
######################################################################## 100.0%
Note: Deploying gnat_native=10.3.2...
#=#=#                                                                         

                                                                           1.0%
############                                                              17.1%
######################                                                    31.0%
################################                                          45.8%
############################################                              61.3%
#######################################################                   76.6%
##################################################################        92.1%
######################################################################## 100.0%
Note: gnat_native=10.3.2 installed successfully.
Note: Deploying hal=0.1.0...
#=#=#                                                                         
##O#-#                                                                        
##O=#  #                                                                      
#=#=-#  #                                                                     
-#O#- #   #                                                                   
-=#=#   #   #                                                                 
-=O#-#   #   #                                                                
-=O=#  #   #   #                                                              
-=O=-#  #    #   #                                                            
-=O=- #   #   #    #                                                          
-=O=-   #   #   #     #                                                       
-=O=-    #   #    #     #                                                     
-=O=-      #   #     #    #                                                   
-=O=-        #   #     #    #                                                 
-=O=-         #    #     #     #                                              
-=O=-           #     #    #     #                                            
-=O=-             #     #     #     #                                         
-=O=-                #    #     #     #                                       
-=O=-                  #    #     #     #                                     
-=O=-                    #     #     #     #                                  
-=O=-                      #     #     #     #                                
-=O=-                         #     #     #     #                             

##############################                                            42.8%
######################################################################## 100.0%
Note: Deploying libcsfml=2.5.0...
The system package 'libcsfml-dev' is about to be installed.
This action might require admin privileges and impact your system installation.
Do you want Alire to install this system package?
Using default: Yes
debconf: delaying package configuration, since apt-utils is not installed
Selecting previously unselected package libdbus-1-3:amd64.
(Reading database ... 
(Reading database ... 5%
(Reading database ... 10%
(Reading database ... 15%
(Reading database ... 20%
(Reading database ... 25%
(Reading database ... 30%
(Reading database ... 35%
(Reading database ... 40%
(Reading database ... 45%
(Reading database ... 50%
(Reading database ... 55%
(Reading database ... 60%
(Reading database ... 65%
(Reading database ... 70%
(Reading database ... 75%
(Reading database ... 80%
(Reading database ... 85%
(Reading database ... 90%
(Reading database ... 95%
(Reading database ... 100%
(Reading database ... 23870 files and directories currently installed.)
Preparing to unpack .../00-libdbus-1-3_1.14.10-1~deb12u1_amd64.deb ...
Unpacking libdbus-1-3:amd64 (1.14.10-1~deb12u1) ...
Selecting previously unselected package dbus-bin.
Preparing to unpack .../01-dbus-bin_1.14.10-1~deb12u1_amd64.deb ...
Unpacking dbus-bin (1.14.10-1~deb12u1) ...
Selecting previously unselected package dbus-session-bus-common.
Preparing to unpack .../02-dbus-session-bus-common_1.14.10-1~deb12u1_all.deb ...
Unpacking dbus-session-bus-common (1.14.10-1~deb12u1) ...
Selecting previously unselected package libapparmor1:amd64.
Preparing to unpack .../03-libapparmor1_3.0.8-3_amd64.deb ...
Unpacking libapparmor1:amd64 (3.0.8-3) ...
Selecting previously unselected package dbus-daemon.
Preparing to unpack .../04-dbus-daemon_1.14.10-1~deb12u1_amd64.deb ...
Unpacking dbus-daemon (1.14.10-1~deb12u1) ...
Selecting previously unselected package dbus-system-bus-common.
Preparing to unpack .../05-dbus-system-bus-common_1.14.10-1~deb12u1_all.deb ...
Unpacking dbus-system-bus-common (1.14.10-1~deb12u1) ...
Selecting previously unselected package dbus.
Preparing to unpack .../06-dbus_1.14.10-1~deb12u1_amd64.deb ...
Unpacking dbus (1.14.10-1~deb12u1) ...
Selecting previously unselected package alsa-topology-conf.
Preparing to unpack .../07-alsa-topology-conf_1.2.5.1-2_all.deb ...
Unpacking alsa-topology-conf (1.2.5.1-2) ...
Selecting previously unselected package libasound2-data.
Preparing to unpack .../08-libasound2-data_1.2.8-1_all.deb ...
Unpacking libasound2-data (1.2.8-1) ...
Selecting previously unselected package libasound2:amd64.
Preparing to unpack .../09-libasound2_1.2.8-1+b1_amd64.deb ...
Unpacking libasound2:amd64 (1.2.8-1+b1) ...
Selecting previously unselected package alsa-ucm-conf.
Preparing to unpack .../10-alsa-ucm-conf_1.2.8-1_all.deb ...
Unpacking alsa-ucm-conf (1.2.8-1) ...
Selecting previously unselected package libasyncns0:amd64.
Preparing to unpack .../11-libasyncns0_0.8-6+b3_amd64.deb ...
Unpacking libasyncns0:amd64 (0.8-6+b3) ...
Selecting previously unselected package libogg0:amd64.
Preparing to unpack .../12-libogg0_1.3.5-3_amd64.deb ...
Unpacking libogg0:amd64 (1.3.5-3) ...
Selecting previously unselected package libflac12:amd64.
Preparing to unpack .../13-libflac12_1.4.2+ds-2_amd64.deb ...
Unpacking libflac12:amd64 (1.4.2+ds-2) ...
Selecting previously unselected package libopenal-data.
Preparing to unpack .../14-libopenal-data_1%3a1.19.1-2_all.deb ...
Unpacking libopenal-data (1:1.19.1-2) ...
Selecting previously unselected package libsndio7.0:amd64.
Preparing to unpack .../15-libsndio7.0_1.9.0-0.3+b2_amd64.deb ...
Unpacking libsndio7.0:amd64 (1.9.0-0.3+b2) ...
Selecting previously unselected package libopenal1:amd64.
Preparing to unpack .../16-libopenal1_1%3a1.19.1-2_amd64.deb ...
Unpacking libopenal1:amd64 (1:1.19.1-2) ...
Selecting previously unselected package libsfml-system2.5:amd64.
Preparing to unpack .../17-libsfml-system2.5_2.5.1+dfsg-2+b2_amd64.deb ...
Unpacking libsfml-system2.5:amd64 (2.5.1+dfsg-2+b2) ...
Selecting previously unselected package libvorbis0a:amd64.
Preparing to unpack .../18-libvorbis0a_1.3.7-1_amd64.deb ...
Unpacking libvorbis0a:amd64 (1.3.7-1) ...
Selecting previously unselected package libvorbisenc2:amd64.
Preparing to unpack .../19-libvorbisenc2_1.3.7-1_amd64.deb ...
Unpacking libvorbisenc2:amd64 (1.3.7-1) ...
Selecting previously unselected package libvorbisfile3:amd64.
Preparing to unpack .../20-libvorbisfile3_1.3.7-1_amd64.deb ...
Unpacking libvorbisfile3:amd64 (1.3.7-1) ...
Selecting previously unselected package libsfml-audio2.5:amd64.
Preparing to unpack .../21-libsfml-audio2.5_2.5.1+dfsg-2+b2_amd64.deb ...
Unpacking libsfml-audio2.5:amd64 (2.5.1+dfsg-2+b2) ...
Selecting previously unselected package libcsfml-audio2.5:amd64.
Preparing to unpack .../22-libcsfml-audio2.5_2.5-1.1_amd64.deb ...
Unpacking libcsfml-audio2.5:amd64 (2.5-1.1) ...
Selecting previously unselected package libglvnd0:amd64.
Preparing to unpack .../23-libglvnd0_1.6.0-1_amd64.deb ...
Unpacking libglvnd0:amd64 (1.6.0-1) ...
Preparing to unpack .../24-libx11-data_2%3a1.8.4-2+deb12u2_all.deb ...
Unpacking libx11-data (2:1.8.4-2+deb12u2) over (2:1.8.4-2+deb12u1) ...
Preparing to unpack .../25-libx11-6_2%3a1.8.4-2+deb12u2_amd64.deb ...
Unpacking libx11-6:amd64 (2:1.8.4-2+deb12u2) over (2:1.8.4-2+deb12u1) ...
Selecting previously unselected package libdrm-common.
Preparing to unpack .../26-libdrm-common_2.4.114-1_all.deb ...
Unpacking libdrm-common (2.4.114-1) ...
Selecting previously unselected package libdrm2:amd64.
Preparing to unpack .../27-libdrm2_2.4.114-1+b1_amd64.deb ...
Unpacking libdrm2:amd64 (2.4.114-1+b1) ...
Selecting previously unselected package libglapi-mesa:amd64.
Preparing to unpack .../28-libglapi-mesa_22.3.6-1+deb12u1_amd64.deb ...
Unpacking libglapi-mesa:amd64 (22.3.6-1+deb12u1) ...
Selecting previously unselected package libx11-xcb1:amd64.
Preparing to unpack .../29-libx11-xcb1_2%3a1.8.4-2+deb12u2_amd64.deb ...
Unpacking libx11-xcb1:amd64 (2:1.8.4-2+deb12u2) ...
Selecting previously unselected package libxcb-dri2-0:amd64.
Preparing to unpack .../30-libxcb-dri2-0_1.15-1_amd64.deb ...
Unpacking libxcb-dri2-0:amd64 (1.15-1) ...
Selecting previously unselected package libxcb-dri3-0:amd64.
Preparing to unpack .../31-libxcb-dri3-0_1.15-1_amd64.deb ...
Unpacking libxcb-dri3-0:amd64 (1.15-1) ...
Selecting previously unselected package libxcb-glx0:amd64.
Preparing to unpack .../32-libxcb-glx0_1.15-1_amd64.deb ...
Unpacking libxcb-glx0:amd64 (1.15-1) ...
Selecting previously unselected package libxcb-present0:amd64.
Preparing to unpack .../33-libxcb-present0_1.15-1_amd64.deb ...
Unpacking libxcb-present0:amd64 (1.15-1) ...
Selecting previously unselected package libxcb-randr0:amd64.
Preparing to unpack .../34-libxcb-randr0_1.15-1_amd64.deb ...
Unpacking libxcb-randr0:amd64 (1.15-1) ...
Selecting previously unselected package libxcb-shm0:amd64.
Preparing to unpack .../35-libxcb-shm0_1.15-1_amd64.deb ...
Unpacking libxcb-shm0:amd64 (1.15-1) ...
Selecting previously unselected package libxcb-sync1:amd64.
Preparing to unpack .../36-libxcb-sync1_1.15-1_amd64.deb ...
Unpacking libxcb-sync1:amd64 (1.15-1) ...
Selecting previously unselected package libxcb-xfixes0:amd64.
Preparing to unpack .../37-libxcb-xfixes0_1.15-1_amd64.deb ...
Unpacking libxcb-xfixes0:amd64 (1.15-1) ...
Selecting previously unselected package libxfixes3:amd64.
Preparing to unpack .../38-libxfixes3_1%3a6.0.0-2_amd64.deb ...
Unpacking libxfixes3:amd64 (1:6.0.0-2) ...
Selecting previously unselected package libxshmfence1:amd64.
Preparing to unpack .../39-libxshmfence1_1.3-1_amd64.deb ...
Unpacking libxshmfence1:amd64 (1.3-1) ...
Selecting previously unselected package libxxf86vm1:amd64.
Preparing to unpack .../40-libxxf86vm1_1%3a1.1.4-1+b2_amd64.deb ...
Unpacking libxxf86vm1:amd64 (1:1.1.4-1+b2) ...
Selecting previously unselected package libdrm-amdgpu1:amd64.
Preparing to unpack .../41-libdrm-amdgpu1_2.4.114-1+b1_amd64.deb ...
Unpacking libdrm-amdgpu1:amd64 (2.4.114-1+b1) ...
Selecting previously unselected package libpciaccess0:amd64.
Preparing to unpack .../42-libpciaccess0_0.17-2_amd64.deb ...
Unpacking libpciaccess0:amd64 (0.17-2) ...
Selecting previously unselected package libdrm-intel1:amd64.
Preparing to unpack .../43-libdrm-intel1_2.4.114-1+b1_amd64.deb ...
Unpacking libdrm-intel1:amd64 (2.4.114-1+b1) ...
Selecting previously unselected package libdrm-nouveau2:amd64.
Preparing to unpack .../44-libdrm-nouveau2_2.4.114-1+b1_amd64.deb ...
Unpacking libdrm-nouveau2:amd64 (2.4.114-1+b1) ...
Selecting previously unselected package libdrm-radeon1:amd64.
Preparing to unpack .../45-libdrm-radeon1_2.4.114-1+b1_amd64.deb ...
Unpacking libdrm-radeon1:amd64 (2.4.114-1+b1) ...
Selecting previously unselected package libelf1:amd64.
Preparing to unpack .../46-libelf1_0.188-2.1_amd64.deb ...
Unpacking libelf1:amd64 (0.188-2.1) ...
Selecting previously unselected package libicu72:amd64.
Preparing to unpack .../47-libicu72_72.1-3_amd64.deb ...
Unpacking libicu72:amd64 (72.1-3) ...
Selecting previously unselected package libxml2:amd64.
Preparing to unpack .../48-libxml2_2.9.14+dfsg-1.3~deb12u1_amd64.deb ...
Unpacking libxml2:amd64 (2.9.14+dfsg-1.3~deb12u1) ...
Selecting previously unselected package libz3-4:amd64.
Preparing to unpack .../49-libz3-4_4.8.12-3.1_amd64.deb ...
Unpacking libz3-4:amd64 (4.8.12-3.1) ...
Selecting previously unselected package libllvm15:amd64.
Preparing to unpack .../50-libllvm15_1%3a15.0.6-4+b1_amd64.deb ...
Unpacking libllvm15:amd64 (1:15.0.6-4+b1) ...
Selecting previously unselected package libsensors-config.
Preparing to unpack .../51-libsensors-config_1%3a3.6.0-7.1_all.deb ...
Unpacking libsensors-config (1:3.6.0-7.1) ...
Selecting previously unselected package libsensors5:amd64.
Preparing to unpack .../52-libsensors5_1%3a3.6.0-7.1_amd64.deb ...
Unpacking libsensors5:amd64 (1:3.6.0-7.1) ...
Selecting previously unselected package libgl1-mesa-dri:amd64.
Preparing to unpack .../53-libgl1-mesa-dri_22.3.6-1+deb12u1_amd64.deb ...
Unpacking libgl1-mesa-dri:amd64 (22.3.6-1+deb12u1) ...
Selecting previously unselected package libglx-mesa0:amd64.
Preparing to unpack .../54-libglx-mesa0_22.3.6-1+deb12u1_amd64.deb ...
Unpacking libglx-mesa0:amd64 (22.3.6-1+deb12u1) ...
Selecting previously unselected package libglx0:amd64.
Preparing to unpack .../55-libglx0_1.6.0-1_amd64.deb ...
Unpacking libglx0:amd64 (1.6.0-1) ...
Selecting previously unselected package libgl1:amd64.
Preparing to unpack .../56-libgl1_1.6.0-1_amd64.deb ...
Unpacking libgl1:amd64 (1.6.0-1) ...
Selecting previously unselected package libxrender1:amd64.
Preparing to unpack .../57-libxrender1_1%3a0.9.10-1.1_amd64.deb ...
Unpacking libxrender1:amd64 (1:0.9.10-1.1) ...
Selecting previously unselected package libxrandr2:amd64.
Preparing to unpack .../58-libxrandr2_2%3a1.5.2-2+b1_amd64.deb ...
Unpacking libxrandr2:amd64 (2:1.5.2-2+b1) ...
Selecting previously unselected package libsfml-window2.5:amd64.
Preparing to unpack .../59-libsfml-window2.5_2.5.1+dfsg-2+b2_amd64.deb ...
Unpacking libsfml-window2.5:amd64 (2.5.1+dfsg-2+b2) ...
Selecting previously unselected package libsfml-graphics2.5:amd64.
Preparing to unpack .../60-libsfml-graphics2.5_2.5.1+dfsg-2+b2_amd64.deb ...
Unpacking libsfml-graphics2.5:amd64 (2.5.1+dfsg-2+b2) ...
Selecting previously unselected package libcsfml-graphics2.5:amd64.
Preparing to unpack .../61-libcsfml-graphics2.5_2.5-1.1_amd64.deb ...
Unpacking libcsfml-graphics2.5:amd64 (2.5-1.1) ...
Selecting previously unselected package libsfml-network2.5:amd64.
Preparing to unpack .../62-libsfml-network2.5_2.5.1+dfsg-2+b2_amd64.deb ...
Unpacking libsfml-network2.5:amd64 (2.5.1+dfsg-2+b2) ...
Selecting previously unselected package libcsfml-network2.5:amd64.
Preparing to unpack .../63-libcsfml-network2.5_2.5-1.1_amd64.deb ...
Unpacking libcsfml-network2.5:amd64 (2.5-1.1) ...
Selecting previously unselected package libcsfml-system2.5:amd64.
Preparing to unpack .../64-libcsfml-system2.5_2.5-1.1_amd64.deb ...
Unpacking libcsfml-system2.5:amd64 (2.5-1.1) ...
Selecting previously unselected package libcsfml-window2.5:amd64.
Preparing to unpack .../65-libcsfml-window2.5_2.5-1.1_amd64.deb ...
Unpacking libcsfml-window2.5:amd64 (2.5-1.1) ...
Selecting previously unselected package xorg-sgml-doctools.
Preparing to unpack .../66-xorg-sgml-doctools_1%3a1.11-1.1_all.deb ...
Unpacking xorg-sgml-doctools (1:1.11-1.1) ...
Selecting previously unselected package x11proto-dev.
Preparing to unpack .../67-x11proto-dev_2022.1-1_all.deb ...
Unpacking x11proto-dev (2022.1-1) ...
Selecting previously unselected package libxau-dev:amd64.
Preparing to unpack .../68-libxau-dev_1%3a1.0.9-1_amd64.deb ...
Unpacking libxau-dev:amd64 (1:1.0.9-1) ...
Selecting previously unselected package libxdmcp-dev:amd64.
Preparing to unpack .../69-libxdmcp-dev_1%3a1.1.2-3_amd64.deb ...
Unpacking libxdmcp-dev:amd64 (1:1.1.2-3) ...
Selecting previously unselected package xtrans-dev.
Preparing to unpack .../70-xtrans-dev_1.4.0-1_all.deb ...
Unpacking xtrans-dev (1.4.0-1) ...
Selecting previously unselected package libpthread-stubs0-dev:amd64.
Preparing to unpack .../71-libpthread-stubs0-dev_0.4-1_amd64.deb ...
Unpacking libpthread-stubs0-dev:amd64 (0.4-1) ...
Selecting previously unselected package libxcb1-dev:amd64.
Preparing to unpack .../72-libxcb1-dev_1.15-1_amd64.deb ...
Unpacking libxcb1-dev:amd64 (1.15-1) ...
Selecting previously unselected package libx11-dev:amd64.
Preparing to unpack .../73-libx11-dev_2%3a1.8.4-2+deb12u2_amd64.deb ...
Unpacking libx11-dev:amd64 (2:1.8.4-2+deb12u2) ...
Selecting previously unselected package libglx-dev:amd64.
Preparing to unpack .../74-libglx-dev_1.6.0-1_amd64.deb ...
Unpacking libglx-dev:amd64 (1.6.0-1) ...
Selecting previously unselected package libgl-dev:amd64.
Preparing to unpack .../75-libgl-dev_1.6.0-1_amd64.deb ...
Unpacking libgl-dev:amd64 (1.6.0-1) ...
Selecting previously unselected package libglvnd-core-dev:amd64.
Preparing to unpack .../76-libglvnd-core-dev_1.6.0-1_amd64.deb ...
Unpacking libglvnd-core-dev:amd64 (1.6.0-1) ...
Selecting previously unselected package libwayland-server0:amd64.
Preparing to unpack .../77-libwayland-server0_1.21.0-1_amd64.deb ...
Unpacking libwayland-server0:amd64 (1.21.0-1) ...
Selecting previously unselected package libgbm1:amd64.
Preparing to unpack .../78-libgbm1_22.3.6-1+deb12u1_amd64.deb ...
Unpacking libgbm1:amd64 (22.3.6-1+deb12u1) ...
Selecting previously unselected package libwayland-client0:amd64.
Preparing to unpack .../79-libwayland-client0_1.21.0-1_amd64.deb ...
Unpacking libwayland-client0:amd64 (1.21.0-1) ...
Selecting previously unselected package libegl-mesa0:amd64.
Preparing to unpack .../80-libegl-mesa0_22.3.6-1+deb12u1_amd64.deb ...
Unpacking libegl-mesa0:amd64 (22.3.6-1+deb12u1) ...
Selecting previously unselected package libegl1:amd64.
Preparing to unpack .../81-libegl1_1.6.0-1_amd64.deb ...
Unpacking libegl1:amd64 (1.6.0-1) ...
Selecting previously unselected package libegl-dev:amd64.
Preparing to unpack .../82-libegl-dev_1.6.0-1_amd64.deb ...
Unpacking libegl-dev:amd64 (1.6.0-1) ...
Selecting previously unselected package libgles1:amd64.
Preparing to unpack .../83-libgles1_1.6.0-1_amd64.deb ...
Unpacking libgles1:amd64 (1.6.0-1) ...
Selecting previously unselected package libgles2:amd64.
Preparing to unpack .../84-libgles2_1.6.0-1_amd64.deb ...
Unpacking libgles2:amd64 (1.6.0-1) ...
Selecting previously unselected package libgles-dev:amd64.
Preparing to unpack .../85-libgles-dev_1.6.0-1_amd64.deb ...
Unpacking libgles-dev:amd64 (1.6.0-1) ...
Selecting previously unselected package libopengl0:amd64.
Preparing to unpack .../86-libopengl0_1.6.0-1_amd64.deb ...
Unpacking libopengl0:amd64 (1.6.0-1) ...
Selecting previously unselected package libopengl-dev:amd64.
Preparing to unpack .../87-libopengl-dev_1.6.0-1_amd64.deb ...
Unpacking libopengl-dev:amd64 (1.6.0-1) ...
Selecting previously unselected package libglvnd-dev:amd64.
Preparing to unpack .../88-libglvnd-dev_1.6.0-1_amd64.deb ...
Unpacking libglvnd-dev:amd64 (1.6.0-1) ...
Selecting previously unselected package libgl1-mesa-dev:amd64.
Preparing to unpack .../89-libgl1-mesa-dev_22.3.6-1+deb12u1_amd64.deb ...
Unpacking libgl1-mesa-dev:amd64 (22.3.6-1+deb12u1) ...
Selecting previously unselected package libglu1-mesa:amd64.
Preparing to unpack .../90-libglu1-mesa_9.0.2-1.1_amd64.deb ...
Unpacking libglu1-mesa:amd64 (9.0.2-1.1) ...
Selecting previously unselected package libglu1-mesa-dev:amd64.
Preparing to unpack .../91-libglu1-mesa-dev_9.0.2-1.1_amd64.deb ...
Unpacking libglu1-mesa-dev:amd64 (9.0.2-1.1) ...
Selecting previously unselected package libcsfml-dev:amd64.
Preparing to unpack .../92-libcsfml-dev_2.5-1.1_amd64.deb ...
Unpacking libcsfml-dev:amd64 (2.5-1.1) ...
Selecting previously unselected package libmp3lame0:amd64.
Preparing to unpack .../93-libmp3lame0_3.100-6_amd64.deb ...
Unpacking libmp3lame0:amd64 (3.100-6) ...
Selecting previously unselected package libmpg123-0:amd64.
Preparing to unpack .../94-libmpg123-0_1.31.2-1_amd64.deb ...
Unpacking libmpg123-0:amd64 (1.31.2-1) ...
Selecting previously unselected package libopus0:amd64.
Preparing to unpack .../95-libopus0_1.3.1-3_amd64.deb ...
Unpacking libopus0:amd64 (1.3.1-3) ...
Selecting previously unselected package libsndfile1:amd64.
Preparing to unpack .../96-libsndfile1_1.2.0-1_amd64.deb ...
Unpacking libsndfile1:amd64 (1.2.0-1) ...
Selecting previously unselected package libpulse0:amd64.
Preparing to unpack .../97-libpulse0_16.1+dfsg1-2+b1_amd64.deb ...
Unpacking libpulse0:amd64 (16.1+dfsg1-2+b1) ...
Setting up libxcb-dri3-0:amd64 (1.15-1) ...
Setting up libwayland-server0:amd64 (1.21.0-1) ...
Setting up libpciaccess0:amd64 (0.17-2) ...
Setting up libapparmor1:amd64 (3.0.8-3) ...
Setting up libicu72:amd64 (72.1-3) ...
Setting up libmpg123-0:amd64 (1.31.2-1) ...
Setting up libxcb-xfixes0:amd64 (1.15-1) ...
Setting up libogg0:amd64 (1.3.5-3) ...
Setting up libglvnd-core-dev:amd64 (1.6.0-1) ...
Setting up libglvnd0:amd64 (1.6.0-1) ...
Setting up libxcb-glx0:amd64 (1.15-1) ...
Setting up libsensors-config (1:3.6.0-7.1) ...
Setting up libxcb-shm0:amd64 (1.15-1) ...
Setting up libpthread-stubs0-dev:amd64 (0.4-1) ...
Setting up libopengl0:amd64 (1.6.0-1) ...
Setting up libxcb-present0:amd64 (1.15-1) ...
Setting up libasound2-data (1.2.8-1) ...
Setting up xtrans-dev (1.4.0-1) ...
Setting up libz3-4:amd64 (4.8.12-3.1) ...
Setting up libflac12:amd64 (1.4.2+ds-2) ...
Setting up libgles2:amd64 (1.6.0-1) ...
Setting up libx11-data (2:1.8.4-2+deb12u2) ...
Setting up libxcb-sync1:amd64 (1.15-1) ...
Setting up libgles1:amd64 (1.6.0-1) ...
Setting up libdbus-1-3:amd64 (1.14.10-1~deb12u1) ...
Setting up libopus0:amd64 (1.3.1-3) ...
Setting up libvorbis0a:amd64 (1.3.7-1) ...
Setting up libsensors5:amd64 (1:3.6.0-7.1) ...
Setting up libsfml-system2.5:amd64 (2.5.1+dfsg-2+b2) ...
Setting up libglapi-mesa:amd64 (22.3.6-1+deb12u1) ...
Setting up libxcb-dri2-0:amd64 (1.15-1) ...
Setting up alsa-topology-conf (1.2.5.1-2) ...
Setting up libasyncns0:amd64 (0.8-6+b3) ...
Setting up libxshmfence1:amd64 (1.3-1) ...
Setting up libxcb-randr0:amd64 (1.15-1) ...
Setting up dbus-session-bus-common (1.14.10-1~deb12u1) ...
Setting up libasound2:amd64 (1.2.8-1+b1) ...
Setting up libx11-6:amd64 (2:1.8.4-2+deb12u2) ...
Setting up libopenal-data (1:1.19.1-2) ...
Setting up xorg-sgml-doctools (1:1.11-1.1) ...
Setting up libglu1-mesa:amd64 (9.0.2-1.1) ...
Setting up libopengl-dev:amd64 (1.6.0-1) ...
Setting up libcsfml-system2.5:amd64 (2.5-1.1) ...
Setting up dbus-system-bus-common (1.14.10-1~deb12u1) ...
Setting up libdrm-common (2.4.114-1) ...
Setting up libelf1:amd64 (0.188-2.1) ...
Setting up libxml2:amd64 (2.9.14+dfsg-1.3~deb12u1) ...
Setting up dbus-bin (1.14.10-1~deb12u1) ...
Setting up libmp3lame0:amd64 (3.100-6) ...
Setting up libvorbisenc2:amd64 (1.3.7-1) ...
Setting up libsfml-network2.5:amd64 (2.5.1+dfsg-2+b2) ...
Setting up libwayland-client0:amd64 (1.21.0-1) ...
Setting up x11proto-dev (2022.1-1) ...
Setting up libx11-xcb1:amd64 (2:1.8.4-2+deb12u2) ...
Setting up libxau-dev:amd64 (1:1.0.9-1) ...
Setting up libxrender1:amd64 (1:0.9.10-1.1) ...
Setting up alsa-ucm-conf (1.2.8-1) ...
Setting up dbus-daemon (1.14.10-1~deb12u1) ...
Setting up libxxf86vm1:amd64 (1:1.1.4-1+b2) ...
Setting up libvorbisfile3:amd64 (1.3.7-1) ...
Setting up libxdmcp-dev:amd64 (1:1.1.2-3) ...
Setting up libxfixes3:amd64 (1:6.0.0-2) ...
Setting up dbus (1.14.10-1~deb12u1) ...
invoke-rc.d: could not determine current runlevel
invoke-rc.d: policy-rc.d denied execution of start.
Setting up libxrandr2:amd64 (2:1.5.2-2+b1) ...
Setting up libsndio7.0:amd64 (1.9.0-0.3+b2) ...
Setting up libcsfml-network2.5:amd64 (2.5-1.1) ...
Setting up libdrm2:amd64 (2.4.114-1+b1) ...
Setting up libllvm15:amd64 (1:15.0.6-4+b1) ...
Setting up libsndfile1:amd64 (1.2.0-1) ...
Setting up libdrm-amdgpu1:amd64 (2.4.114-1+b1) ...
Setting up libdrm-nouveau2:amd64 (2.4.114-1+b1) ...
Setting up libxcb1-dev:amd64 (1.15-1) ...
Setting up libgbm1:amd64 (22.3.6-1+deb12u1) ...
Setting up libpulse0:amd64 (16.1+dfsg1-2+b1) ...
Setting up libdrm-radeon1:amd64 (2.4.114-1+b1) ...
Setting up libdrm-intel1:amd64 (2.4.114-1+b1) ...
Setting up libgl1-mesa-dri:amd64 (22.3.6-1+deb12u1) ...
Setting up libx11-dev:amd64 (2:1.8.4-2+deb12u2) ...
Setting up libopenal1:amd64 (1:1.19.1-2) ...
Setting up libegl-mesa0:amd64 (22.3.6-1+deb12u1) ...
Setting up libsfml-audio2.5:amd64 (2.5.1+dfsg-2+b2) ...
Setting up libegl1:amd64 (1.6.0-1) ...
Setting up libcsfml-audio2.5:amd64 (2.5-1.1) ...
Setting up libglx-mesa0:amd64 (22.3.6-1+deb12u1) ...
Setting up libglx0:amd64 (1.6.0-1) ...
Setting up libgl1:amd64 (1.6.0-1) ...
Setting up libsfml-window2.5:amd64 (2.5.1+dfsg-2+b2) ...
Setting up libglx-dev:amd64 (1.6.0-1) ...
Setting up libgl-dev:amd64 (1.6.0-1) ...
Setting up libcsfml-window2.5:amd64 (2.5-1.1) ...
Setting up libsfml-graphics2.5:amd64 (2.5.1+dfsg-2+b2) ...
Setting up libegl-dev:amd64 (1.6.0-1) ...
Setting up libcsfml-graphics2.5:amd64 (2.5-1.1) ...
Setting up libglu1-mesa-dev:amd64 (9.0.2-1.1) ...
Setting up libgles-dev:amd64 (1.6.0-1) ...
Setting up libcsfml-dev:amd64 (2.5-1.1) ...
Setting up libglvnd-dev:amd64 (1.6.0-1) ...
Setting up libgl1-mesa-dev:amd64 (22.3.6-1+deb12u1) ...
Processing triggers for libc-bin (2.36-9) ...
Note: Deploying virtapu=0.2.0...
Note: Deploying asfml=2.5.1...
Note: Deploying cortex_m=0.1.0...
#=#=#                                                                         

######################################################################## 100.0%
Note: Deploying pygamer_simulator=1.0.0...
Note: Deploying samd51_hal=0.1.0...
#=#=#                                                                         

######################################################################## 100.0%
Note: Deploying pygamer_bsp=1.0.0...
Note: Building shoot_n_loot=1.0.0/shoot_n_loot_simulator.gpr...
Setup
   [mkdir]        object directory for project GESTE
   [mkdir]        object directory for project ASFML
   [mkdir]        library directory for project ASFML
   [mkdir]        object directory for project HAL
   [mkdir]        library directory for project HAL
   [mkdir]        object directory for project PyGamer_Simulator
   [mkdir]        object directory for project Virtapu
   [mkdir]        library directory for project Virtapu
   [mkdir]        object directory for project Shoot_N_Loot_Simulator
Compile
   [Ada]          main_simulator.adb
   [Ada]          virtapu.adb
   [Ada]          hal-i2c.ads
   [Ada]          hal-dsi.ads
   [Ada]          hal-uart.ads
   [Ada]          hal-audio.ads
   [Ada]          hal-touch_panel.ads
   [Ada]          hal-time.ads
   [Ada]          hal-block_drivers.ads
   [Ada]          hal-spi.ads
   [Ada]          hal.ads
   [Ada]          hal-sdmmc.adb
   [Ada]          hal-filesystem.ads
   [Ada]          hal-bitmap.ads
   [Ada]          hal-real_time_clock.ads
   [Ada]          hal-gpio.ads
   [Ada]          hal-framebuffer.ads
   [Ada]          sf-window-clipboard.adb
   [Ada]          sf-audio-soundstream.ads
   [Ada]          sf-system-sleep.adb
   [Ada]          sf-graphics-primitivetype.ads
   [Ada]          sf-graphics-rendertexture.ads
   [Ada]          sf-system-vector3.ads
   [Ada]          sf-graphics-font.adb
   [Ada]          sf-window-cursor.ads
   [Ada]          sf-window-keyboard.ads
   [Ada]          sf-graphics-shader.ads
   [Ada]          sf-network-tcpsocket.ads
   [Ada]          sf-graphics-convexshape.ads
   [Ada]          sf-window-gl.ads
   [Ada]          sf-graphics-sprite.ads
   [Ada]          sf-network-tcplistener.ads
   [Ada]          sf-window-window.adb
   [Ada]          sf-graphics-vertexarray.ads
   [Ada]          sf-audio-sound.ads
   [Ada]          sf-graphics-rectangleshape.ads
   [Ada]          sf-graphics-texture.adb
   [Ada]          sf-graphics-text.adb
   [Ada]          sf-graphics-blendmode.ads
   [Ada]          sf-audio-soundrecorder.adb
   [Ada]          sf-graphics-shape.ads
   [Ada]          sf-graphics-glsl.ads
   [Ada]          sf-window-mouse.ads
   [Ada]          sf-audio-music.adb
   [Ada]          sf-network-udpsocket.ads
   [Ada]          sf-system.ads
   [Ada]          sf-graphics-circleshape.ads
   [Ada]          sf-graphics.ads
   [Ada]          sf-graphics-renderstates.ads
   [Ada]          sf-window-sensor.ads
   [Ada]          sf-audio-soundbuffer.adb
   [Ada]          sf-window.ads
   [Ada]          sf-graphics-fontinfo.ads
   [Ada]          sf-graphics-image.adb
   [Ada]          sf-network-packet.adb
   [Ada]          sf-window-joystickidentification.ads
   [Ada]          sf-graphics-color.ads
   [Ada]          sf-window-joystick.ads
   [Ada]          sf-window-touch.ads
   [Ada]          sf-graphics-view.ads
   [Ada]          sf-system-vector2.ads
   [Ada]          sf-window-videomode.ads
   [Ada]          sf-window-event.ads
   [Ada]          sf-graphics-renderwindow.adb
   [Ada]          sf-graphics-vertexbuffer.ads
   [Ada]          sf-network.ads
   [Ada]          sf-window-glu.ads
   [Ada]          sf-window-context.ads
   [Ada]          sf-system-clock.ads
   [Ada]          sf-system-mutex.ads
   [Ada]          sf-network-ipaddress.adb
   [Ada]          sf-network-socketstatus.ads
   [Ada]          sf-graphics-transform.ads
   [Ada]          sf-system-time.ads
   [Ada]          sf-audio-soundstatus.ads
   [Ada]          sf-network-socketselector.ads
   [Ada]          sf-network-ftp.adb
   [Ada]          sf-graphics-transformable.ads
   [Ada]          sf-graphics-vertex.ads
   [Ada]          sf-system-inputstream.ads
   [Ada]          sf-audio-soundbufferrecorder.adb
   [Ada]          sf-graphics-glyph.ads
   [Ada]          sf-window-windowhandle.ads
   [Ada]          sf-system-thread.ads
   [Ada]          sf-audio-listener.ads
   [Ada]          sf-audio.ads
   [Ada]          sf.ads
   [Ada]          sf-network-http.adb
   [Ada]          sf-graphics-rect.ads
   [Ada]          menus.adb
   [Ada]          game.adb
   [Ada]          game_assets.ads
   [Ada]          game_assets-misc_objects.ads
   [Ada]          game_assets-tileset.ads
   [Ada]          game_assets-tileset_collisions.ads
   [Ada]          game_assets-title_screen.ads
   [Ada]          geste.adb
   [Ada]          geste-grid.adb
   [Ada]          geste-sprite.adb
   [Ada]          geste-tile_bank.ads
   [Ada]          geste_config.ads
   [Ada]          pygamer.adb
   [Ada]          pygamer-controls.adb
   [Ada]          pygamer-time.adb
   [Ada]          render.adb
   [Ada]          sound.adb
   [Ada]          geste-maths_types.ads
   [Ada]          chests.adb
pygamer.adb:24:04: warning: possible aliasing problem for type "sfView_Ptr" [enabled by default]
pygamer.adb:24:04: warning: use -fno-strict-aliasing switch for references [enabled by default]
pygamer.adb:24:04: warning: or use "pragma No_Strict_Aliasing (sfView_Ptr);" [enabled by default]
   [Ada]          levels.adb
   [Ada]          monsters.adb
   [Ada]          player.adb
   [Ada]          score_display.adb
   [Ada]          pygamer-screen.adb
   [Ada]          simulator_assets.adb
   [Ada]          music_2.ads
   [Ada]          pygamer-audio.adb
   [Ada]          geste-sprite-animated.adb
   [Ada]          geste-physics.adb
   [Ada]          projectile.adb
   [Ada]          game_assets-level_0.ads
   [Ada]          game_assets-level_1.ads
   [Ada]          game_assets-level_2.ads
   [Ada]          game_assets-level_3.ads
   [Ada]          game_assets-level_4.ads
   [Ada]          game_assets-level_5.ads
   [Ada]          game_assets-level_6.ads
   [Ada]          game_assets-level_7.ads
   [Ada]          game_assets-level_8.ads
   [Ada]          geste-maths.adb
   [Ada]          geste-maths_tables.ads
Build Libraries
   [gprlib]       asfml.lexch
   [gprlib]       hal.lexch
   [gprlib]       Virtapu.lexch
   [archive]      libhal.a
   [archive]      libasfml.a
   [archive]      libVirtapu.a
   [index]        libVirtapu.a
   [index]        libhal.a
   [index]        libasfml.a
Bind
   [gprbind]      main_simulator.bexch
   [Ada]          main_simulator.ali
Link
   [link]         main_simulator.adb
/root/.local/share/alire/toolchains/gnat_native_10.3.2_d7078088/bin/ld: /lib/x86_64-linux-gnu/libc.so.6: unknown type [0x13] section `.relr.dyn'
/root/.local/share/alire/toolchains/gnat_native_10.3.2_d7078088/bin/ld: skipping incompatible /lib/x86_64-linux-gnu/libc.so.6 when searching for /lib/x86_64-linux-gnu/libc.so.6
/root/.local/share/alire/toolchains/gnat_native_10.3.2_d7078088/bin/ld: cannot find /lib/x86_64-linux-gnu/libc.so.6
/root/.local/share/alire/toolchains/gnat_native_10.3.2_d7078088/bin/ld: /lib/x86_64-linux-gnu/libc.so.6: unknown type [0x13] section `.relr.dyn'
/root/.local/share/alire/toolchains/gnat_native_10.3.2_d7078088/bin/ld: skipping incompatible /lib/x86_64-linux-gnu/libc.so.6 when searching for /lib/x86_64-linux-gnu/libc.so.6
/root/.local/share/alire/toolchains/gnat_native_10.3.2_d7078088/bin/ld: /lib64/ld-linux-x86-64.so.2: unknown type [0x13] section `.relr.dyn'
/root/.local/share/alire/toolchains/gnat_native_10.3.2_d7078088/bin/ld: skipping incompatible /lib64/ld-linux-x86-64.so.2 when searching for /lib64/ld-linux-x86-64.so.2
/root/.local/share/alire/toolchains/gnat_native_10.3.2_d7078088/bin/ld: cannot find /lib64/ld-linux-x86-64.so.2
/root/.local/share/alire/toolchains/gnat_native_10.3.2_d7078088/bin/ld: /lib64/ld-linux-x86-64.so.2: unknown type [0x13] section `.relr.dyn'
/root/.local/share/alire/toolchains/gnat_native_10.3.2_d7078088/bin/ld: skipping incompatible /lib64/ld-linux-x86-64.so.2 when searching for /lib64/ld-linux-x86-64.so.2
collect2: error: ld returned 1 exit status
gprbuild: link of main_simulator.adb failed
gprbuild: failed command was: /usr/bin/x86_64-linux-gnu-gcc-12 main_simulator.o @/tmp/GNAT-TEMP-000029.TMP
stderr: Command ["gprbuild", "-s", "-j0", "-p", "-P", "/home/runner/work/alire-crates-ci/alire-crates-ci/test/e6e97835-4a95-4fec-adc1-addc40b03333/shoot_n_loot_1.0.0_227d9dad/shoot_n_loot_simulator.gpr"] exited with code 4
ERROR: Command ["gprbuild", "-s", "-j0", "-p", "-P", "/home/runner/work/alire-crates-ci/alire-crates-ci/test/e6e97835-4a95-4fec-adc1-addc40b03333/shoot_n_loot_1.0.0_227d9dad/shoot_n_loot_simulator.gpr"] exited with code 4
stderr: ALIRE.CHECKED_ERROR
stderr: Command ["gprbuild", "-s", "-j0", "-p", "-P", "/home/runner/work/alire-crates-ci/alire-crates-ci/test/e6e97835-4a95-4fec-adc1-addc40b03333/shoot_n_loot_1.0.0_227d9dad/shoot_n_loot_simulator.gpr"] exited with code 4
stderr: raised ALIRE.CHECKED_ERROR : alire-stored-error:1
[/usr/bin/alr]
0xe4810a Alire.Raise_Checked_Error at alire.adb:272
0xa90404 Alire.Os_Lib.Subprocess.Checked_Spawn at alire-os_lib-subprocess.adb:111
0xd153f3 Alire.Spawn.Command at alire-spawn.adb:21
0xd15b11 Alire.Spawn.Gprbuild at alire-spawn.adb:41
0xc45693 Alire.Roots.Build at alire-roots.adb:182
0xc43936 Alire.Roots.Build at alire-roots.adb:248
0xc6b083 Alire.Roots.Traverse at alire-roots.adb:2053
0xcd9c00 Alire.Solutions.Traverse.Visit at alire-solutions.adb:1480
0xcd8a70 Alire.Solutions.Traverse at alire-solutions.adb:1563
0xc6b1be Alire.Roots.Traverse at alire-roots.adb:2057
0xc6b3f5 Alire.Roots.Traverse at alire-roots.adb:2037
0xc440f1 Alire.Roots.Build at alire-roots.adb:281
0xc441d7 Alire.Roots.Build at alire-roots.adb:107
0x4a4206 Alr.Commands.Get.Retrieve at alr-commands-get.adb:195
0x4a87b2 Alr.Commands.Get.Execute at alr-commands-get.adb:368
0x4a8a49 Alr.Commands.Get.Execute at alr-commands-get.adb:246
0x53939b Alr.Commands.Sub_Cmd.Execute at clic-subcommand-instance.adb:749
0x54587e Alr.Commands.Execute at alr-commands.adb:561
0x436183 Alr.Main at alr-main.adb:13
0x438de1 Main at b__alr-main.adb:2257
[/lib/x86_64-linux-gnu/libc.so.6]
0x7f931e952188
0x7f931e952243
[/usr/bin/alr]
0x43601c _start at ???
0xfffffffffffffffe


Warning: shoot_n_loot=1.0.0 successfully retrieved but its build failed.
Dependencies were solved as follows:

   +  asfml             2.5.1  (new,indirect)
   +  cortex_m          0.1.0  (new,indirect)
   +  geste             1.1.0  (new)
   +b gnat              10.3.2 (new,gnat_native,binary)
   +  hal               0.1.0  (new,indirect)
   +b libcsfml          2.5.0  (new,indirect,system package)
   +  pygamer_bsp       1.0.0  (new)
   +  pygamer_simulator 1.0.0  (new)
   +  samd51_hal        0.1.0  (new,indirect)
   +  virtapu           0.2.0  (new)
ERROR: Build ended with errors
