Test ran at 2023-04-07 01:53:24.832868+00:00

SOLUTION:
pygamer_simulator=1.0.0: SDL simulator of the AdaFruit PyGamer console
Origin: commit c0b428bdaf94de296ec3591a11f8ae79f48cc0d3 from https://github.com/Fabien-Chouteau/pygamer-simulator.git
Properties:
   Description: SDL simulator of the AdaFruit PyGamer console
   License: BSD-3-Clause
   Maintainer: fabien.chouteau@gmail.com
   Maintainers_Logins: Fabien-Chouteau
   Name: pygamer_simulator
   Project_File: pygamer_simulator.gpr
   Tag: pygamer
   Tag: adafruit
   Tag: game
   Tag: console
   Tag: simulator
   Version: 1.0.0
   Website: https://github.com/Fabien-Chouteau/pygamer-simulator
Dependencies (direct):
   asfml2.5.1
   hal~0.1.0
Dependencies (solution):
   asfml=2.5.1
   hal=0.1.0
   libcsfml=2.5.1
Dependencies (graph):
   asfml=2.5.1             --> libcsfml=2.5.1 (^2.5)
   pygamer_simulator=1.0.0 --> asfml=2.5.1 (2.5.1)  
   pygamer_simulator=1.0.0 --> hal=0.1.0 (~0.1.0)   


LOG:
Note: Deploying pygamer_simulator=1.0.0...
Note: Deploying hal=0.1.0...
#=#=#                                                                         

#########################                                                 34.9%
######################################################################## 100.0%
Note: Deploying libcsfml=2.5.1...
The system package 'CSFML-devel' is about to be installed.
This action might require admin privileges and impact your system installation.
Do you want Alire to install this system package?
Using default: Yes
Last metadata expiration check: 0:05:26 ago on Fri Apr  7 01:47:47 2023.
Dependencies resolved.
================================================================================
 Package             Architecture Version                   Repository     Size
================================================================================
Installing:
 CSFML-devel         x86_64       2.5.1-4.fc36              fedora         71 k
Installing dependencies:
 CSFML               x86_64       2.5.1-4.fc36              fedora         92 k
 SFML                x86_64       2.5.1-10.fc36             fedora        286 k
 flac-libs           x86_64       1.3.4-1.fc36              fedora        220 k
 freetype            x86_64       2.12.1-2.fc36             updates       407 k
 graphite2           x86_64       1.3.14-9.fc36             fedora         95 k
 harfbuzz            x86_64       4.0.0-2.fc36              updates       744 k
 hwdata              noarch       0.368-1.fc36              updates       1.6 M
 libX11              x86_64       1.7.3.1-2.fc36            fedora        648 k
 libX11-common       noarch       1.7.3.1-2.fc36            fedora        152 k
 libX11-xcb          x86_64       1.7.3.1-2.fc36            fedora         12 k
 libXau              x86_64       1.0.9-8.fc36              fedora         30 k
 libXext             x86_64       1.3.4-8.fc36              fedora         39 k
 libXfixes           x86_64       6.0.0-3.fc36              fedora         19 k
 libXrandr           x86_64       1.5.2-8.fc36              fedora         27 k
 libXrender          x86_64       0.9.10-16.fc36            fedora         27 k
 libXxf86vm          x86_64       1.1.4-18.fc36             fedora         18 k
 libdrm              x86_64       2.4.114-1.fc36            updates       159 k
 libglvnd            x86_64       1:1.4.0-4.fc36            updates       133 k
 libglvnd-glx        x86_64       1:1.4.0-4.fc36            updates       139 k
 libogg              x86_64       2:1.3.5-3.fc36            fedora         33 k
 libpciaccess        x86_64       0.16-6.fc36               fedora         27 k
 libpng              x86_64       2:1.6.37-12.fc36          fedora        119 k
 libvorbis           x86_64       1:1.3.7-5.fc36            fedora        195 k
 libxcb              x86_64       1.13.1-9.fc36             fedora        229 k
 libxshmfence        x86_64       1.3-10.fc36               fedora         12 k
 mesa-libGL          x86_64       22.1.7-1.fc36             updates       175 k
 mesa-libglapi       x86_64       22.1.7-1.fc36             updates        53 k
 openal-soft         x86_64       1.21.1-2.fc36             fedora        431 k

Transaction Summary
================================================================================
Install  29 Packages

Total download size: 6.0 M
Installed size: 23 M
Downloading Packages:
(1/29): CSFML-devel-2.5.1-4.fc36.x86_64.rpm     116 kB/s |  71 kB     00:00    
(2/29): CSFML-2.5.1-4.fc36.x86_64.rpm           148 kB/s |  92 kB     00:00    
(3/29): SFML-2.5.1-10.fc36.x86_64.rpm           338 kB/s | 286 kB     00:00    
(4/29): flac-libs-1.3.4-1.fc36.x86_64.rpm       904 kB/s | 220 kB     00:00    
(5/29): graphite2-1.3.14-9.fc36.x86_64.rpm      358 kB/s |  95 kB     00:00    
(6/29): libX11-1.7.3.1-2.fc36.x86_64.rpm        2.8 MB/s | 648 kB     00:00    
(7/29): libX11-common-1.7.3.1-2.fc36.noarch.rpm 645 kB/s | 152 kB     00:00    
(8/29): libX11-xcb-1.7.3.1-2.fc36.x86_64.rpm     57 kB/s |  12 kB     00:00    
(9/29): libXau-1.0.9-8.fc36.x86_64.rpm          338 kB/s |  30 kB     00:00    
(10/29): libXext-1.3.4-8.fc36.x86_64.rpm        428 kB/s |  39 kB     00:00    
(11/29): libXfixes-6.0.0-3.fc36.x86_64.rpm      211 kB/s |  19 kB     00:00    
(12/29): libXrandr-1.5.2-8.fc36.x86_64.rpm      308 kB/s |  27 kB     00:00    
(13/29): libXrender-0.9.10-16.fc36.x86_64.rpm   305 kB/s |  27 kB     00:00    
(14/29): libXxf86vm-1.1.4-18.fc36.x86_64.rpm    200 kB/s |  18 kB     00:00    
(15/29): libogg-1.3.5-3.fc36.x86_64.rpm         361 kB/s |  33 kB     00:00    
(16/29): libpciaccess-0.16-6.fc36.x86_64.rpm    299 kB/s |  27 kB     00:00    
(17/29): libpng-1.6.37-12.fc36.x86_64.rpm       1.2 MB/s | 119 kB     00:00    
(18/29): libvorbis-1.3.7-5.fc36.x86_64.rpm      1.9 MB/s | 195 kB     00:00    
(19/29): libxcb-1.13.1-9.fc36.x86_64.rpm        2.2 MB/s | 229 kB     00:00    
(20/29): libxshmfence-1.3-10.fc36.x86_64.rpm    122 kB/s |  12 kB     00:00    
(21/29): openal-soft-1.21.1-2.fc36.x86_64.rpm   3.4 MB/s | 431 kB     00:00    
(22/29): freetype-2.12.1-2.fc36.x86_64.rpm      419 kB/s | 407 kB     00:00    
(23/29): hwdata-0.368-1.fc36.noarch.rpm         1.6 MB/s | 1.6 MB     00:00    
(24/29): harfbuzz-4.0.0-2.fc36.x86_64.rpm       641 kB/s | 744 kB     00:01    
(25/29): libdrm-2.4.114-1.fc36.x86_64.rpm       412 kB/s | 159 kB     00:00    
(26/29): libglvnd-1.4.0-4.fc36.x86_64.rpm       410 kB/s | 133 kB     00:00    
(27/29): mesa-libGL-22.1.7-1.fc36.x86_64.rpm    1.7 MB/s | 175 kB     00:00    
(28/29): libglvnd-glx-1.4.0-4.fc36.x86_64.rpm   202 kB/s | 139 kB     00:00    
(29/29): mesa-libglapi-22.1.7-1.fc36.x86_64.rpm  62 kB/s |  53 kB     00:00    
--------------------------------------------------------------------------------
Total                                           1.4 MB/s | 6.0 MB     00:04     
Running transaction check
Transaction check succeeded.
Running transaction test
Transaction test succeeded.
Running transaction
  Preparing        :                                                        1/1 
  Installing       : libogg-2:1.3.5-3.fc36.x86_64                          1/29 
  Installing       : flac-libs-1.3.4-1.fc36.x86_64                         2/29 
  Installing       : libvorbis-1:1.3.7-5.fc36.x86_64                       3/29 
  Installing       : mesa-libglapi-22.1.7-1.fc36.x86_64                    4/29 
  Installing       : libglvnd-1:1.4.0-4.fc36.x86_64                        5/29 
  Installing       : hwdata-0.368-1.fc36.noarch                            6/29 
  Installing       : libpciaccess-0.16-6.fc36.x86_64                       7/29 
  Installing       : libdrm-2.4.114-1.fc36.x86_64                          8/29 
  Installing       : openal-soft-1.21.1-2.fc36.x86_64                      9/29 
  Installing       : libxshmfence-1.3-10.fc36.x86_64                      10/29 
  Installing       : libpng-2:1.6.37-12.fc36.x86_64                       11/29 
  Installing       : libXau-1.0.9-8.fc36.x86_64                           12/29 
  Installing       : libxcb-1.13.1-9.fc36.x86_64                          13/29 
  Installing       : libX11-xcb-1.7.3.1-2.fc36.x86_64                     14/29 
  Installing       : libX11-common-1.7.3.1-2.fc36.noarch                  15/29 
  Installing       : libX11-1.7.3.1-2.fc36.x86_64                         16/29 
  Installing       : libXext-1.3.4-8.fc36.x86_64                          17/29 
  Installing       : libXxf86vm-1.1.4-18.fc36.x86_64                      18/29 
  Installing       : libXfixes-6.0.0-3.fc36.x86_64                        19/29 
  Installing       : libglvnd-glx-1:1.4.0-4.fc36.x86_64                   20/29 
  Installing       : mesa-libGL-22.1.7-1.fc36.x86_64                      21/29 
  Installing       : libXrender-0.9.10-16.fc36.x86_64                     22/29 
  Installing       : libXrandr-1.5.2-8.fc36.x86_64                        23/29 
  Installing       : graphite2-1.3.14-9.fc36.x86_64                       24/29 
  Installing       : freetype-2.12.1-2.fc36.x86_64                        25/29 
  Installing       : harfbuzz-4.0.0-2.fc36.x86_64                         26/29 
  Installing       : SFML-2.5.1-10.fc36.x86_64                            27/29 
  Installing       : CSFML-2.5.1-4.fc36.x86_64                            28/29 
  Installing       : CSFML-devel-2.5.1-4.fc36.x86_64                      29/29 
  Running scriptlet: CSFML-devel-2.5.1-4.fc36.x86_64                      29/29 
  Verifying        : CSFML-2.5.1-4.fc36.x86_64                             1/29 
  Verifying        : CSFML-devel-2.5.1-4.fc36.x86_64                       2/29 
  Verifying        : SFML-2.5.1-10.fc36.x86_64                             3/29 
  Verifying        : flac-libs-1.3.4-1.fc36.x86_64                         4/29 
  Verifying        : graphite2-1.3.14-9.fc36.x86_64                        5/29 
  Verifying        : libX11-1.7.3.1-2.fc36.x86_64                          6/29 
  Verifying        : libX11-common-1.7.3.1-2.fc36.noarch                   7/29 
  Verifying        : libX11-xcb-1.7.3.1-2.fc36.x86_64                      8/29 
  Verifying        : libXau-1.0.9-8.fc36.x86_64                            9/29 
  Verifying        : libXext-1.3.4-8.fc36.x86_64                          10/29 
  Verifying        : libXfixes-6.0.0-3.fc36.x86_64                        11/29 
  Verifying        : libXrandr-1.5.2-8.fc36.x86_64                        12/29 
  Verifying        : libXrender-0.9.10-16.fc36.x86_64                     13/29 
  Verifying        : libXxf86vm-1.1.4-18.fc36.x86_64                      14/29 
  Verifying        : libogg-2:1.3.5-3.fc36.x86_64                         15/29 
  Verifying        : libpciaccess-0.16-6.fc36.x86_64                      16/29 
  Verifying        : libpng-2:1.6.37-12.fc36.x86_64                       17/29 
  Verifying        : libvorbis-1:1.3.7-5.fc36.x86_64                      18/29 
  Verifying        : libxcb-1.13.1-9.fc36.x86_64                          19/29 
  Verifying        : libxshmfence-1.3-10.fc36.x86_64                      20/29 
  Verifying        : openal-soft-1.21.1-2.fc36.x86_64                     21/29 
  Verifying        : freetype-2.12.1-2.fc36.x86_64                        22/29 
  Verifying        : harfbuzz-4.0.0-2.fc36.x86_64                         23/29 
  Verifying        : hwdata-0.368-1.fc36.noarch                           24/29 
  Verifying        : libdrm-2.4.114-1.fc36.x86_64                         25/29 
  Verifying        : libglvnd-1:1.4.0-4.fc36.x86_64                       26/29 
  Verifying        : libglvnd-glx-1:1.4.0-4.fc36.x86_64                   27/29 
  Verifying        : mesa-libGL-22.1.7-1.fc36.x86_64                      28/29 
  Verifying        : mesa-libglapi-22.1.7-1.fc36.x86_64                   29/29 

Installed:
  CSFML-2.5.1-4.fc36.x86_64             CSFML-devel-2.5.1-4.fc36.x86_64         
  SFML-2.5.1-10.fc36.x86_64             flac-libs-1.3.4-1.fc36.x86_64           
  freetype-2.12.1-2.fc36.x86_64         graphite2-1.3.14-9.fc36.x86_64          
  harfbuzz-4.0.0-2.fc36.x86_64          hwdata-0.368-1.fc36.noarch              
  libX11-1.7.3.1-2.fc36.x86_64          libX11-common-1.7.3.1-2.fc36.noarch     
  libX11-xcb-1.7.3.1-2.fc36.x86_64      libXau-1.0.9-8.fc36.x86_64              
  libXext-1.3.4-8.fc36.x86_64           libXfixes-6.0.0-3.fc36.x86_64           
  libXrandr-1.5.2-8.fc36.x86_64         libXrender-0.9.10-16.fc36.x86_64        
  libXxf86vm-1.1.4-18.fc36.x86_64       libdrm-2.4.114-1.fc36.x86_64            
  libglvnd-1:1.4.0-4.fc36.x86_64        libglvnd-glx-1:1.4.0-4.fc36.x86_64      
  libogg-2:1.3.5-3.fc36.x86_64          libpciaccess-0.16-6.fc36.x86_64         
  libpng-2:1.6.37-12.fc36.x86_64        libvorbis-1:1.3.7-5.fc36.x86_64         
  libxcb-1.13.1-9.fc36.x86_64           libxshmfence-1.3-10.fc36.x86_64         
  mesa-libGL-22.1.7-1.fc36.x86_64       mesa-libglapi-22.1.7-1.fc36.x86_64      
  openal-soft-1.21.1-2.fc36.x86_64     

Complete!
Note: Deploying asfml=2.5.1...
Note: Building pygamer_simulator/pygamer_simulator.gpr...
Setup
   [mkdir]        object directory for project ASFML
   [mkdir]        library directory for project ASFML
   [mkdir]        object directory for project HAL
   [mkdir]        library directory for project HAL
   [mkdir]        object directory for project PyGamer_Simulator
Compile
   [Ada]          hal-time.ads
   [Ada]          hal-filesystem.ads
   [Ada]          hal-touch_panel.ads
   [Ada]          hal-real_time_clock.ads
   [Ada]          hal.ads
   [Ada]          hal-uart.ads
   [Ada]          hal-sdmmc.adb
   [Ada]          hal-dsi.ads
   [Ada]          hal-spi.ads
   [Ada]          hal-framebuffer.ads
   [Ada]          hal-block_drivers.ads
   [Ada]          hal-bitmap.ads
   [Ada]          hal-audio.ads
   [Ada]          hal-gpio.ads
   [Ada]          hal-i2c.ads
   [Ada]          sf-graphics-vertex.ads
   [Ada]          sf-window-glu.ads
   [Ada]          sf-graphics.ads
   [Ada]          sf-window-gl.ads
   [Ada]          sf-window-windowhandle.ads
   [Ada]          sf-window-clipboard.adb
   [Ada]          sf-system-sleep.adb
   [Ada]          sf-system-vector3.ads
   [Ada]          sf-window-keyboard.ads
   [Ada]          sf-window-sensor.ads
   [Ada]          sf-graphics-vertexbuffer.ads
   [Ada]          sf-system-time.ads
   [Ada]          sf-window-cursor.ads
   [Ada]          sf-graphics-image.adb
   [Ada]          sf-graphics-glyph.ads
   [Ada]          sf-audio-soundbuffer.adb
   [Ada]          sf-window-window.adb
   [Ada]          sf-graphics-glsl.ads
   [Ada]          sf-network-packet.adb
   [Ada]          sf-system-clock.ads
   [Ada]          sf-audio-soundbufferrecorder.adb
   [Ada]          sf-graphics-text.adb
   [Ada]          sf-window.ads
   [Ada]          sf-graphics-blendmode.ads
   [Ada]          sf-graphics-rectangleshape.ads
   [Ada]          sf-system-vector2.ads
   [Ada]          sf-network-socketselector.ads
   [Ada]          sf-network-tcplistener.ads
   [Ada]          sf-graphics-view.ads
   [Ada]          sf-system-thread.ads
   [Ada]          sf-system-inputstream.ads
   [Ada]          sf-graphics-circleshape.ads
   [Ada]          sf-system.ads
   [Ada]          sf-graphics-sprite.ads
   [Ada]          sf-window-joystickidentification.ads
   [Ada]          sf-graphics-shader.ads
   [Ada]          sf-graphics-transformable.ads
   [Ada]          sf-graphics-shape.ads
   [Ada]          sf-audio-soundstream.ads
   [Ada]          sf-graphics-transform.ads
   [Ada]          sf-network-ipaddress.adb
   [Ada]          sf-graphics-color.ads
   [Ada]          sf-graphics-font.adb
   [Ada]          sf-graphics-texture.adb
   [Ada]          sf-window-videomode.ads
   [Ada]          sf-graphics-primitivetype.ads
   [Ada]          sf-window-joystick.ads
   [Ada]          sf-audio-soundrecorder.adb
   [Ada]          sf-audio-soundstatus.ads
   [Ada]          sf.ads
   [Ada]          sf-graphics-rect.ads
   [Ada]          sf-window-event.ads
   [Ada]          sf-network-udpsocket.ads
   [Ada]          sf-window-mouse.ads
   [Ada]          sf-graphics-renderstates.ads
   [Ada]          sf-network-http.adb
   [Ada]          sf-graphics-fontinfo.ads
   [Ada]          sf-graphics-rendertexture.ads
   [Ada]          sf-network.ads
   [Ada]          sf-graphics-convexshape.ads
   [Ada]          sf-window-context.ads
   [Ada]          sf-graphics-renderwindow.adb
   [Ada]          sf-audio-listener.ads
   [Ada]          sf-system-mutex.ads
   [Ada]          sf-audio.ads
   [Ada]          sf-graphics-vertexarray.ads
   [Ada]          sf-network-tcpsocket.ads
   [Ada]          sf-network-ftp.adb
   [Ada]          sf-audio-music.adb
   [Ada]          sf-network-socketstatus.ads
   [Ada]          sf-audio-sound.ads
   [Ada]          sf-window-touch.ads
   [Ada]          pygamer-time.adb
   [Ada]          pygamer-screen.adb
   [Ada]          pygamer-controls.adb
   [Ada]          simulator_assets.adb
   [Ada]          pygamer-audio.adb
   [Ada]          pygamer.adb
pygamer.adb:24:04: warning: possible aliasing problem for type "sfView_Ptr" [enabled by default]
pygamer.adb:24:04: warning: use -fno-strict-aliasing switch for references [enabled by default]
pygamer.adb:24:04: warning: or use "pragma No_Strict_Aliasing (sfView_Ptr);" [enabled by default]
Build Libraries
   [gprlib]       asfml.lexch
   [gprlib]       hal.lexch
   [archive]      libhal.a
   [archive]      libasfml.a
   [index]        libhal.a
   [index]        libasfml.a
Build finished successfully in 3.46 seconds.

pygamer_simulator=1.0.0 successfully retrieved and built.
Dependencies were solved as follows:

   + asfml    2.5.1 (new)         
   + hal      0.1.0 (new)         
   + libcsfml 2.5.1 (new,indirect)
Found declared GPR file: pygamer_simulator.gpr
