Test ran at 2022-06-05 13:09:03.872316+00:00

SOLUTION:
xml_ez_out=1.6.0: Creation of XML-formatted output from Ada programs
Origin: source archive alr-1.6.tar.gz at https://github.com/alire-project/xmlezout/archive/alr-1.6.tar.gz with hash sha512:c90d08dcdb96bf39f1e06def716ea9936b2aec25fec2ea4f3314c53a2befefa4ea84c037c35abe6d7675af1c91a8847f6ce4e5e8dd32da1008f2ba43ed79151b
Properties:
   Author: Marc A. Criley
   Description: Creation of XML-formatted output from Ada programs
   Executable: tmeztf
   Maintainer: alejandro@mosteo.com
   Maintainers_Logins: mosteo
   Name: xml_ez_out
   Version: 1.6.0
   Website: http://www.mckae.com/xmlEz.html


LOG:
Note: Deploying release xml_ez_out=1.6.0...
#=#=#                                                                         
##O#-#                                                                        
##O=#  #                                                                      
#=#=-#  #                                                                     
Compile
   [Ada]          tmeztf.adb
   [Ada]          mckae.ads
   [Ada]          mckae-xml.ads
   [Ada]          mckae-xml-ez_out.ads
   [Ada]          mckae-xml-ez_out-generic_medium.adb
   [Ada]          mckae-xml-ez_out-string_stream.adb
   [Ada]          mckae-xml-ez_out-text_file.ads
Bind
   [gprbind]      tmeztf.bexch
   [Ada]          tmeztf.ali
Link
   [link]         tmeztf.adb

xml_ez_out=1.6.0 successfully retrieved and built.
There are no dependencies.
