Test ran at 2024-05-29 01:12:32.434252+00:00

SOLUTION:
adabots=1.8.1: Learn Ada by programming Minecraft robots
Origin: commit d1ac6d8bdb748d7e5422d9e589cc5227ceae1308 from https://github.com/TamaMcGlinn/AdaBots.git
Properties:
   Author: Tama McGlinn
   Description: Learn Ada by programming Minecraft robots
   License: MIT
   Maintainer: Tama McGlinn <t.mcglinn@gmail.com>
   Maintainers_Logins: TamaMcGlinn
   Name: adabots
   Project_File: adabots.gpr
   Tag: learn
   Tag: ada
   Tag: minecraft
   Tag: computercraft
   Tag: robots
   Tag: teach
   Tag: children
   Version: 1.8.1
Dependencies (direct):
   json^5.0.3
   utilada_curl^2.5.0
Dependencies (solution):
   curl=8.6.0
   json=5.0.3
   utilada=2.6.0
   utilada_curl=2.5.0
Dependencies (graph):
   adabots=1.8.1      --> json=5.0.3 (^5.0.3)        
   adabots=1.8.1      --> utilada_curl=2.5.0 (^2.5.0)
   utilada_curl=2.5.0 --> curl=8.6.0 (*)             
   utilada_curl=2.5.0 --> utilada=2.6.0 (^2.5.0)     


LOG:
Note: Deploying adabots=1.8.1...
Note: Deploying curl=8.6.0...
Note: Deploying json=5.0.3...
Note: Deploying utilada=2.6.0...
Note: Deploying utilada_curl=2.5.0...
Note: Building json/json.gpr (1/2)...
Setup
   [mkdir]        object directory for project JSON
   [mkdir]        library directory for project JSON
Compile
   [Ada]          json-streams.adb
   [Ada]          json-types.adb
   [Ada]          json.ads
   [Ada]          json-parsers.adb
   [Ada]          json-tokenizers.adb
Build Libraries
   [gprlib]       json-ada.lexch
   [archive]      libjson-ada.a
   [index]        libjson-ada.a
Note: Building json/json_pretty_print.gpr (2/2)...
Setup
   [mkdir]        object directory for project JSON_Pretty_Print
   [mkdir]        exec directory for project JSON_Pretty_Print
Compile
   [Ada]          pretty_print.adb
Bind
   [gprbind]      pretty_print.bexch
   [Ada]          pretty_print.ali
Link
   [link]         pretty_print.adb
Note: Building adabots/adabots.gpr...
Setup
   [mkdir]        object directory for project UtilAda_Core
   [mkdir]        library directory for project UtilAda_Core
   [mkdir]        object directory for project UtilAda_Sys
   [mkdir]        library directory for project UtilAda_Sys
   [mkdir]        object directory for project UtilAda_Curl
   [mkdir]        library directory for project UtilAda_Curl
   [mkdir]        object directory for project Adabots
Compile
   [Ada]          util-systems-types.ads
   [Ada]          util-systems-constants.ads
   [Ada]          util-systems-os.ads
   [Ada]          util-systems-io.adb
   [Ada]          util-properties-basic.adb
   [Ada]          util-properties-bundles.adb
   [Ada]          util-properties-discrete.adb
   [Ada]          util-properties.adb
   [Ada]          util-log-appenders-formatter.adb
   [Ada]          util-log-appenders-files.adb
   [Ada]          util-log-appenders.adb
   [Ada]          util-log-appenders-consoles.adb
   [Ada]          util-log-loggers.adb
   [Ada]          util-log-locations.adb
   [Ada]          util-log-appenders-rolling_files.adb
   [Ada]          util-log-appenders-factories.adb
   [Ada]          util-log.adb
   [Ada]          util-files-rolling.adb
   [Ada]          util-files.adb
   [Ada]          util-events-timers.adb
   [Ada]          util-events-channels.adb
   [Ada]          util-events.adb
   [Ada]          util-dates-rfc7231.adb
   [Ada]          util-dates-formats.adb
   [Ada]          util-dates-simple_format.adb
   [Ada]          util-dates-iso8601.adb
   [Ada]          util-dates.adb
   [Ada]          util-commands.adb
   [Ada]          util-commands-drivers.adb
   [Ada]          util-commands-text_io.ads
   [Ada]          util-commands-parsers-gnat_parser.adb
   [Ada]          util-commands-consoles.adb
   [Ada]          util-commands-parsers.adb
   [Ada]          util-commands-consoles-text.adb
   [Ada]          util-commands-raw_io.ads
   [Ada]          util-beans-basic-ranges.adb
   [Ada]          util-beans-lists.ads
   [Ada]          util-beans-objects-iterators.adb
   [Ada]          util-beans-objects-datasets.adb
   [Ada]          util-beans-objects-enums.adb
   [Ada]          util-beans-objects-vectors.adb
   [Ada]          util-beans-objects.adb
   [Ada]          util-beans-objects-hash.adb
   [Ada]          util-beans-objects-pairs.adb
   [Ada]          util-beans-methods.ads
   [Ada]          util-beans-factory.adb
   [Ada]          util-beans.ads
   [Ada]          util-beans-objects-maps.adb
   [Ada]          util-beans-objects-to_access.adb
   [Ada]          util-beans-ranges.ads
   [Ada]          util-beans-objects-records.adb
   [Ada]          util-beans-lists-strings.adb
   [Ada]          util-beans-objects-time.adb
   [Ada]          util-beans-basic.ads
   [Ada]          util-beans-objects-lists.adb
   [Ada]          util-beans-basic-lists.adb
   [Ada]          util-systems.ads
   [Ada]          util-texts-builders.adb
   [Ada]          util-texts-formats.adb
   [Ada]          util-texts.ads
   [Ada]          util-texts-tokenizers.adb
   [Ada]          util-texts-transforms.adb
   [Ada]          util-strings-formats.adb
   [Ada]          util-strings-transforms.adb
   [Ada]          util-strings-sets.ads
   [Ada]          util-strings-maps_incensitive.ads
   [Ada]          util-strings-tokenizers.ads
   [Ada]          util-strings-builders.ads
   [Ada]          util-strings-vectors.ads
   [Ada]          util-strings.adb
   [Ada]          util-strings-builders-transforms.ads
   [Ada]          util-strings-maps.ads
   [Ada]          util-listeners-observers.adb
   [Ada]          util-listeners-lifecycles.adb
   [Ada]          util-listeners.ads
   [Ada]          util-concurrent-counters.adb
   [Ada]          util-concurrent-arrays.adb
   [Ada]          util-concurrent-fifos.adb
   [Ada]          util-concurrent-sequence_queues.adb
   [Ada]          util-concurrent-locks.adb
   [Ada]          util-concurrent.ads
   [Ada]          util-concurrent-pools.adb
   [Ada]          util-concurrent-copies.adb
   [Ada]          util-stacks.adb
   [Ada]          util-algorithms.ads
   [Ada]          util-blobs.adb
   [Ada]          util.ads
   [Ada]          util-executors.adb
   [Ada]          util-refs.adb
   [Ada]          util-locales.adb
   [Ada]          util-nullables.ads
   [Ada]          util-processes-os.adb
   [Ada]          util-streams-raw.adb
   [Ada]          util-systems-dlls.adb
   [Ada]          util-processes-tools.adb
   [Ada]          util-processes.adb
   [Ada]          util-http-headers.adb
   [Ada]          util-http.adb
   [Ada]          util-http-mimes.adb
   [Ada]          util-http-rest.adb
   [Ada]          util-http-tools.adb
   [Ada]          util-http-clients-mockups.adb
   [Ada]          util-http-rest-rest_get_vector.adb
   [Ada]          util-http-cookies.adb
   [Ada]          util-mail.adb
   [Ada]          util-http-parts.adb
   [Ada]          util-http-mockups.adb
   [Ada]          util-http-clients.adb
   [Ada]          util-encoders-quoted_printable.adb
   [Ada]          util-encoders-kdf.ads
   [Ada]          util-encoders.adb
   [Ada]          util-encoders-aes.adb
   [Ada]          util-encoders-base64.adb
   [Ada]          util-encoders-ecc.adb
   [Ada]          util-encoders-hmac.ads
   [Ada]          util-encoders-hmac-hotp.adb
   [Ada]          util-encoders-sha256.adb
   [Ada]          util-encoders-base16.adb
   [Ada]          util-encoders-base32.adb
   [Ada]          util-encoders-hmac-sha1.adb
   [Ada]          util-encoders-kdf-pbkdf2_hmac_sha256.ads
   [Ada]          util-encoders-uri.adb
   [Ada]          util-encoders-hmac-sha256.adb
   [Ada]          util-encoders-kdf-pbkdf2.adb
   [Ada]          util-encoders-sha1.adb
   [Ada]          util-measures.adb
   [Ada]          util-streams-base64.ads
   [Ada]          util-streams-base16.ads
   [Ada]          util-streams-buffered-encoders.adb
   [Ada]          util-streams-texts.adb
   [Ada]          util-streams-buffered-parts.adb
   [Ada]          util-streams-texts-tr.ads
   [Ada]          util-streams-buffered.adb
   [Ada]          util-streams-aes.adb
   [Ada]          util-streams-pipes.adb
   [Ada]          util-streams-sockets.adb
   [Ada]          util-streams.adb
   [Ada]          util-streams-texts-wtr.ads
   [Ada]          util-streams-files.adb
   [Ada]          util-serialize.ads
   [Ada]          util-serialize-tools.adb
   [Ada]          util-serialize-contexts.adb
   [Ada]          util-serialize-io-csv.adb
   [Ada]          util-beans-objects-readers.adb
   [Ada]          util-serialize-mappers-record_mapper.adb
   [Ada]          util-properties-form.adb
   [Ada]          util-serialize-io.adb
   [Ada]          util-properties-json.adb
   [Ada]          util-serialize-io-form.adb
   [Ada]          util-serialize-mappers.adb
   [Ada]          util-serialize-mappers-vector_mapper.adb
   [Ada]          util-serialize-io-json.adb
   [Ada]          util-http-clients-curl.adb
   [Ada]          util-http-clients-curl-constants.ads
   [Ada]          adabots.adb
   [Ada]          adabots_nodetypes.adb
   [Ada]          adabots_exceptions.ads
   [Ada]          adabots_lua_dispatcher.adb
Build Libraries
   [gprlib]       utilada_core.lexch
   [gprlib]       utilada_base.lexch
   [archive]      libutilada_core.a
   [index]        libutilada_core.a
   [gprlib]       utilada_sys.lexch
   [archive]      libutilada_base.a
   [index]        libutilada_base.a
   [gprlib]       utilada_curl.lexch
   [archive]      libutilada_sys.a
   [index]        libutilada_sys.a
   [archive]      libutilada_curl.a
   [index]        libutilada_curl.a
Build finished successfully in 20.87 seconds.

adabots=1.8.1 successfully retrieved and built.
Dependencies were solved as follows:

   + curl         8.6.0 (new,indirect)
   + json         5.0.3 (new)         
   + utilada      2.6.0 (new,indirect)
   + utilada_curl 2.5.0 (new)         
Found declared GPR file: adabots.gpr
