Test ran at 2022-05-29 15:54:06.402566+00:00

SOLUTION:
inotify=2.0.0: Ada 2012 library to monitor filesystem events using Linux' inotify API
Origin: commit 482c5dadef833b56ae07fdbd6562b62037d4accc from https://github.com/onox/inotify-ada.git
Available when: (case OS is Linux => True, others => False)
Properties:
   Author: onox
   Description: Ada 2012 library to monitor filesystem events using Linux' inotify API
   Executable: inotify-ada
   License: Apache-2.0
   Maintainer: onox <denkpadje@gmail.com>
   Maintainers_Logins: onox
   Name: inotify
   Project_File: inotify.gpr
   Project_File: monitor.gpr
   Tag: inotify
   Version: 2.0.0
   Website: https://github.com/onox/inotify-ada


LOG:
Note: Deploying release inotify=2.0.0...
Cloning into '/home/runner/work/alire-crates-ci/alire-crates-ci/test/4a2e4181-64a3-4ca5-9c97-11397897b0aa/alr-jjoq.tmp'...
remote: Enumerating objects: 164, done.        
remote: Counting objects:   1% (1/75)        
remote: Counting objects:   2% (2/75)        
remote: Counting objects:   4% (3/75)        
remote: Counting objects:   5% (4/75)        
remote: Counting objects:   6% (5/75)        
remote: Counting objects:   8% (6/75)        
remote: Counting objects:   9% (7/75)        
remote: Counting objects:  10% (8/75)        
remote: Counting objects:  12% (9/75)        
remote: Counting objects:  13% (10/75)        
remote: Counting objects:  14% (11/75)        
remote: Counting objects:  16% (12/75)        
remote: Counting objects:  17% (13/75)        
remote: Counting objects:  18% (14/75)        
remote: Counting objects:  20% (15/75)        
remote: Counting objects:  21% (16/75)        
remote: Counting objects:  22% (17/75)        
remote: Counting objects:  24% (18/75)        
remote: Counting objects:  25% (19/75)        
remote: Counting objects:  26% (20/75)        
remote: Counting objects:  28% (21/75)        
remote: Counting objects:  29% (22/75)        
remote: Counting objects:  30% (23/75)        
remote: Counting objects:  32% (24/75)        
remote: Counting objects:  33% (25/75)        
remote: Counting objects:  34% (26/75)        
remote: Counting objects:  36% (27/75)        
remote: Counting objects:  37% (28/75)        
remote: Counting objects:  38% (29/75)        
remote: Counting objects:  40% (30/75)        
remote: Counting objects:  41% (31/75)        
remote: Counting objects:  42% (32/75)        
remote: Counting objects:  44% (33/75)        
remote: Counting objects:  45% (34/75)        
remote: Counting objects:  46% (35/75)        
remote: Counting objects:  48% (36/75)        
remote: Counting objects:  49% (37/75)        
remote: Counting objects:  50% (38/75)        
remote: Counting objects:  52% (39/75)        
remote: Counting objects:  53% (40/75)        
remote: Counting objects:  54% (41/75)        
remote: Counting objects:  56% (42/75)        
remote: Counting objects:  57% (43/75)        
remote: Counting objects:  58% (44/75)        
remote: Counting objects:  60% (45/75)        
remote: Counting objects:  61% (46/75)        
remote: Counting objects:  62% (47/75)        
remote: Counting objects:  64% (48/75)        
remote: Counting objects:  65% (49/75)        
remote: Counting objects:  66% (50/75)        
remote: Counting objects:  68% (51/75)        
remote: Counting objects:  69% (52/75)        
remote: Counting objects:  70% (53/75)        
remote: Counting objects:  72% (54/75)        
remote: Counting objects:  73% (55/75)        
remote: Counting objects:  74% (56/75)        
remote: Counting objects:  76% (57/75)        
remote: Counting objects:  77% (58/75)        
remote: Counting objects:  78% (59/75)        
remote: Counting objects:  80% (60/75)        
remote: Counting objects:  81% (61/75)        
remote: Counting objects:  82% (62/75)        
remote: Counting objects:  84% (63/75)        
remote: Counting objects:  85% (64/75)        
remote: Counting objects:  86% (65/75)        
remote: Counting objects:  88% (66/75)        
remote: Counting objects:  89% (67/75)        
remote: Counting objects:  90% (68/75)        
remote: Counting objects:  92% (69/75)        
remote: Counting objects:  93% (70/75)        
remote: Counting objects:  94% (71/75)        
remote: Counting objects:  96% (72/75)        
remote: Counting objects:  97% (73/75)        
remote: Counting objects:  98% (74/75)        
remote: Counting objects: 100% (75/75)        
remote: Counting objects: 100% (75/75), done.        
remote: Compressing objects:   2% (1/46)        
remote: Compressing objects:   4% (2/46)        
remote: Compressing objects:   6% (3/46)        
remote: Compressing objects:   8% (4/46)        
remote: Compressing objects:  10% (5/46)        
remote: Compressing objects:  13% (6/46)        
remote: Compressing objects:  15% (7/46)        
remote: Compressing objects:  17% (8/46)        
remote: Compressing objects:  19% (9/46)        
remote: Compressing objects:  21% (10/46)        
remote: Compressing objects:  23% (11/46)        
remote: Compressing objects:  26% (12/46)        
remote: Compressing objects:  28% (13/46)        
remote: Compressing objects:  30% (14/46)        
remote: Compressing objects:  32% (15/46)        
remote: Compressing objects:  34% (16/46)        
remote: Compressing objects:  36% (17/46)        
remote: Compressing objects:  39% (18/46)        
remote: Compressing objects:  41% (19/46)        
remote: Compressing objects:  43% (20/46)        
remote: Compressing objects:  45% (21/46)        
remote: Compressing objects:  47% (22/46)        
remote: Compressing objects:  50% (23/46)        
remote: Compressing objects:  52% (24/46)        
remote: Compressing objects:  54% (25/46)        
remote: Compressing objects:  56% (26/46)        
remote: Compressing objects:  58% (27/46)        
remote: Compressing objects:  60% (28/46)        
remote: Compressing objects:  63% (29/46)        
remote: Compressing objects:  65% (30/46)        
remote: Compressing objects:  67% (31/46)        
remote: Compressing objects:  69% (32/46)        
remote: Compressing objects:  71% (33/46)        
remote: Compressing objects:  73% (34/46)        
remote: Compressing objects:  76% (35/46)        
remote: Compressing objects:  78% (36/46)        
remote: Compressing objects:  80% (37/46)        
remote: Compressing objects:  82% (38/46)        
remote: Compressing objects:  84% (39/46)        
remote: Compressing objects:  86% (40/46)        
remote: Compressing objects:  89% (41/46)        
remote: Compressing objects:  91% (42/46)        
remote: Compressing objects:  93% (43/46)        
remote: Compressing objects:  95% (44/46)        
remote: Compressing objects:  97% (45/46)        
remote: Compressing objects: 100% (46/46)        
remote: Compressing objects: 100% (46/46), done.        
Receiving objects:   0% (1/164)
Receiving objects:   1% (2/164)
Receiving objects:   2% (4/164)
Receiving objects:   3% (5/164)
Receiving objects:   4% (7/164)
Receiving objects:   5% (9/164)
Receiving objects:   6% (10/164)
Receiving objects:   7% (12/164)
Receiving objects:   8% (14/164)
Receiving objects:   9% (15/164)
Receiving objects:  10% (17/164)
Receiving objects:  11% (19/164)
Receiving objects:  12% (20/164)
Receiving objects:  13% (22/164)
Receiving objects:  14% (23/164)
Receiving objects:  15% (25/164)
Receiving objects:  16% (27/164)
Receiving objects:  17% (28/164)
Receiving objects:  18% (30/164)
Receiving objects:  19% (32/164)
Receiving objects:  20% (33/164)
Receiving objects:  21% (35/164)
Receiving objects:  22% (37/164)
Receiving objects:  23% (38/164)
Receiving objects:  24% (40/164)
Receiving objects:  25% (41/164)
Receiving objects:  26% (43/164)
Receiving objects:  27% (45/164)
Receiving objects:  28% (46/164)
Receiving objects:  29% (48/164)
Receiving objects:  30% (50/164)
Receiving objects:  31% (51/164)
Receiving objects:  32% (53/164)
Receiving objects:  33% (55/164)
Receiving objects:  34% (56/164)
Receiving objects:  35% (58/164)
Receiving objects:  36% (60/164)
Receiving objects:  37% (61/164)
Receiving objects:  38% (63/164)
Receiving objects:  39% (64/164)
Receiving objects:  40% (66/164)
Receiving objects:  41% (68/164)
Receiving objects:  42% (69/164)
Receiving objects:  43% (71/164)
Receiving objects:  44% (73/164)
Receiving objects:  45% (74/164)
Receiving objects:  46% (76/164)
Receiving objects:  47% (78/164)
Receiving objects:  48% (79/164)
Receiving objects:  49% (81/164)
Receiving objects:  50% (82/164)
Receiving objects:  51% (84/164)
Receiving objects:  52% (86/164)
Receiving objects:  53% (87/164)
Receiving objects:  54% (89/164)
Receiving objects:  55% (91/164)
Receiving objects:  56% (92/164)
Receiving objects:  57% (94/164)
remote: Total 164 (delta 35), reused 58 (delta 23), pack-reused 89        
Receiving objects:  58% (96/164)
Receiving objects:  59% (97/164)
Receiving objects:  60% (99/164)
Receiving objects:  61% (101/164)
Receiving objects:  62% (102/164)
Receiving objects:  63% (104/164)
Receiving objects:  64% (105/164)
Receiving objects:  65% (107/164)
Receiving objects:  66% (109/164)
Receiving objects:  67% (110/164)
Receiving objects:  68% (112/164)
Receiving objects:  69% (114/164)
Receiving objects:  70% (115/164)
Receiving objects:  71% (117/164)
Receiving objects:  72% (119/164)
Receiving objects:  73% (120/164)
Receiving objects:  74% (122/164)
Receiving objects:  75% (123/164)
Receiving objects:  76% (125/164)
Receiving objects:  77% (127/164)
Receiving objects:  78% (128/164)
Receiving objects:  79% (130/164)
Receiving objects:  80% (132/164)
Receiving objects:  81% (133/164)
Receiving objects:  82% (135/164)
Receiving objects:  83% (137/164)
Receiving objects:  84% (138/164)
Receiving objects:  85% (140/164)
Receiving objects:  86% (142/164)
Receiving objects:  87% (143/164)
Receiving objects:  88% (145/164)
Receiving objects:  89% (146/164)
Receiving objects:  90% (148/164)
Receiving objects:  91% (150/164)
Receiving objects:  92% (151/164)
Receiving objects:  93% (153/164)
Receiving objects:  94% (155/164)
Receiving objects:  95% (156/164)
Receiving objects:  96% (158/164)
Receiving objects:  97% (160/164)
Receiving objects:  98% (161/164)
Receiving objects:  99% (163/164)
Receiving objects: 100% (164/164)
Receiving objects: 100% (164/164), 69.51 KiB | 1.88 MiB/s, done.
Resolving deltas:   0% (0/81)
Resolving deltas:   4% (4/81)
Resolving deltas:   7% (6/81)
Resolving deltas:   8% (7/81)
Resolving deltas:  20% (17/81)
Resolving deltas:  24% (20/81)
Resolving deltas:  27% (22/81)
Resolving deltas:  44% (36/81)
Resolving deltas:  46% (38/81)
Resolving deltas:  48% (39/81)
Resolving deltas:  54% (44/81)
Resolving deltas:  55% (45/81)
Resolving deltas:  65% (53/81)
Resolving deltas:  83% (68/81)
Resolving deltas:  87% (71/81)
Resolving deltas:  90% (73/81)
Resolving deltas:  91% (74/81)
Resolving deltas:  93% (76/81)
Resolving deltas:  95% (77/81)
Resolving deltas:  98% (80/81)
Resolving deltas: 100% (81/81)
Resolving deltas: 100% (81/81), done.
Note: Migrating lockfile from /home/runner/work/alire-crates-ci/alire-crates-ci/test/4a2e4181-64a3-4ca5-9c97-11397897b0aa/inotify_2.0.0_482c5dad/alire.lock to /home/runner/work/alire-crates-ci/alire-crates-ci/test/4a2e4181-64a3-4ca5-9c97-11397897b0aa/inotify_2.0.0_482c5dad/alire/alire.lock
Setup
   [mkdir]        object directory for project Inotify
   [mkdir]        library directory for project Inotify
Compile
   [Ada]          inotify.adb
   [Ada]          inotify-recursive.adb
Build Libraries
   [gprlib]       inotify-ada.lexch
   [archive]      libinotify-ada.a
   [index]        libinotify-ada.a
Setup
   [mkdir]        exec directory for project Monitor
Compile
   [Ada]          monitor.adb
Bind
   [gprbind]      monitor.bexch
   [Ada]          monitor.ali
Link
   [link]         monitor.adb

inotify=2.0.0 successfully retrieved and built.
There are no dependencies.
