Test ran at 2024-04-02 00:48:37.008435+00:00

SOLUTION:
gnatprove=12.1.1: Automatic formal verification of SPARK code
Origin: (case OS is Linux => (case Host_Arch is X86_64 => binary archive gnatprove-x86_64-linux-12.1.0-1.tar.gz at https://github.com/alire-project/GNAT-FSF-builds/releases/download/gnatprove-12.1.0-1/gnatprove-x86_64-linux-12.1.0-1.tar.gz), Macos => (case Host_Arch is X86_64 => binary archive gnatprove-x86_64-darwin-12.1.0-1.tar.gz at https://github.com/alire-project/GNAT-FSF-builds/releases/download/gnatprove-12.1.0-1/gnatprove-x86_64-darwin-12.1.0-1.tar.gz), Windows => (case Host_Arch is X86_64 => binary archive gnatprove-x86_64-windows64-12.1.0-1.tar.gz at https://github.com/alire-project/GNAT-FSF-builds/releases/download/gnatprove-12.1.0-1/gnatprove-x86_64-windows64-12.1.0-1.tar.gz)) with hash sha256:eaf963490fc0b8c4467854b8f4a7659e4df39094699b014b90d9cd87b46cb987
Properties:
   Auto_Gpr_With: auto-gpr-with=false
   Configuration: no modifiers
   Description: Automatic formal verification of SPARK code
   Environment: PATH=${CRATE_ROOT}/bin:${PATH}
   License: GPL-3.0-or-later
   Maintainer: chouteau@adacore.com
   Maintainers_Logins: Fabien-Chouteau
   Name: gnatprove
   Version: 12.1.1


LOG:
Note: Deploying gnatprove=12.1.1...
#=#=#                                                                          
##O#-#                                                                         

                                                                           0.0%
#                                                                          1.8%
##                                                                         3.9%
####                                                                       5.8%
#####                                                                      7.7%
######                                                                     9.2%
#######                                                                   11.1%
########                                                                  12.2%
##########                                                                15.0%
############                                                              17.8%
###############                                                           22.0%
#################                                                         24.4%
###################                                                       26.4%
#####################                                                     29.9%
######################                                                    30.8%
######################                                                    31.0%
########################                                                  33.4%
#########################                                                 35.7%
###########################                                               37.6%
#############################                                             40.9%
###############################                                           43.6%
#################################                                         46.1%
##################################                                        48.6%
####################################                                      50.8%
######################################                                    53.4%
########################################                                  55.7%
#########################################                                 58.2%
###########################################                               60.6%
#############################################                             63.3%
###############################################                           65.5%
################################################                          67.8%
##################################################                        70.2%
####################################################                      72.9%
######################################################                    75.5%
########################################################                  78.3%
##########################################################                81.2%
############################################################              84.2%
##############################################################            86.5%
################################################################          89.3%
##################################################################        91.9%
####################################################################      94.9%
######################################################################    97.6%
######################################################################## 100.0%

gnatprove=12.1.1 successfully retrieved.
There are no dependencies.
Warning: Binary release does not contain default project file: gnatprove.gpr
