Test ran at 2024-06-11 01:18:53.663422+00:00

SOLUTION:
gnatdoc=23.0.0: GNAT Documentation Generation Tool (as `gnatdoc4` binary)
Origin: source archive gnatdoc-23.0.0.tar.gz at https://github.com/AdaCore/gnatdoc/archive/refs/tags/v23.0.0.tar.gz with hash sha512:0e9095ced08086a3be03e20b49ddb436d4efb396001e9d6877b0612adc3d8e2a08f1d5146d07c9acf5dc59a73418f7a3ec3231aba63c9644e6829c387703e6ae
Properties:
   Author: AdaCore
   Configuration: no modifiers
   Description: GNAT Documentation Generation Tool (as `gnatdoc4` binary)
   License: GPL-3.0-only WITH GCC-exception-3.1
   Maintainer: Vadim Godunko <vgodunko@gmail.com>
   Maintainer: Maxim Reznik <reznikmm@gmail.com>
   Maintainers_Logins: godunko
   Maintainers_Logins: reznikmm
   Name: gnatdoc
   Project_File: gnat/gnatdoc.gpr
   Tag: documentation
   Tag: tools
   Version: 23.0.0
   Website: https://github.com/AdaCore/gnatdoc
Dependencies (direct):
   gpr_unit_provider~23.0.0
   libadalang~23.0.0
   libgpr2~23.0.0
   markdown~23.0.0
   vss~23.0.0
Dependencies (solution):
   gnat=12.2.0 (gnat_external)
   gnatcoll=23.0.0
   gnatcoll_gmp=23.0.0
   gnatcoll_iconv=23.0.0
   gpr_unit_provider=23.0.0
   langkit_support=23.0.0
   libadalang=23.0.0
   libgpr=23.0.0
   libgpr2=23.0.0
   markdown=23.0.0
   vss=23.0.0
   xmlada=23.0.0
Dependencies (external):
   libgmp* (indirect,hinted)
Dependencies (graph):
   gnatcoll=23.0.0          --> libgpr=23.0.0 (~23.0.0)                    
   gnatcoll_gmp=23.0.0      --> gnatcoll=23.0.0 (~23.0.0)                  
   gnatcoll_gmp=23.0.0      --> libgmp*                                    
   gnatcoll_iconv=23.0.0    --> gnatcoll=23.0.0 (~23.0.0)                  
   gnatdoc=23.0.0           --> gpr_unit_provider=23.0.0 (~23.0.0)         
   gnatdoc=23.0.0           --> libadalang=23.0.0 (~23.0.0)                
   gnatdoc=23.0.0           --> libgpr2=23.0.0 (~23.0.0)                   
   gnatdoc=23.0.0           --> markdown=23.0.0 (~23.0.0)                  
   gnatdoc=23.0.0           --> vss=23.0.0 (~23.0.0)                       
   gpr_unit_provider=23.0.0 --> libadalang=23.0.0 (~23.0.0)                
   gpr_unit_provider=23.0.0 --> libgpr2=23.0.0 (~23.0.0)                   
   langkit_support=23.0.0   --> gnatcoll=23.0.0 (^23)                      
   langkit_support=23.0.0   --> gnatcoll_gmp=23.0.0 (^23)                  
   langkit_support=23.0.0   --> gnatcoll_iconv=23.0.0 (^23)                
   libadalang=23.0.0        --> gnatcoll=23.0.0 (^23)                      
   libadalang=23.0.0        --> gnatcoll_gmp=23.0.0 (^23)                  
   libadalang=23.0.0        --> gnatcoll_iconv=23.0.0 (^23)                
   libadalang=23.0.0        --> langkit_support=23.0.0 (^23)               
   libgpr=23.0.0            --> gnat=12.2.0 (gnat_external) (/=2020)       
   libgpr=23.0.0            --> xmlada=23.0.0 (~23.0.0)                    
   libgpr2=23.0.0           --> gnatcoll=23.0.0 (~23.0.0)                  
   libgpr2=23.0.0           --> gnatcoll_gmp=23.0.0 (~23.0.0)              
   libgpr2=23.0.0           --> gnatcoll_iconv=23.0.0 (~23.0.0)            
   markdown=23.0.0          --> vss=23.0.0 (>=23.0.0)                      
   vss=23.0.0               --> gnat=12.2.0 (gnat_external) (>=12 & <=2000)
   xmlada=23.0.0            --> gnat=12.2.0 (gnat_external) (>=11)         
Dependencies cannot be met


LOG:
