Test ran at 2025-02-05 12:42:31.087811+00:00

SOLUTION:
qmc5883=1.0.0: Driver for QMC5883L magnetic sensor
Origin: commit 1cf05eb4f5f83a1ef81c322ce89a4a4c8f18cde6 from https://github.com/reznikmm/qmc5883.git
Properties:
   Author: Max Reznik
   Build Switches: 
   Configuration: no modifiers
   Description: Driver for QMC5883L magnetic sensor
   License: Apache-2.0 WITH LLVM-exception
   Maintainer: Max Reznik <reznikmm@gmail.com>
   Maintainers_Logins: reznikmm
   Name: qmc5883
   Project_File: gnat/qmc5883.gpr
   Tag: sensor
   Tag: magnetometer
   Tag: driver
   Version: 1.0.0
   Website: https://github.com/reznikmm/qmc5883
Dependencies (direct):
   gnat>=11 & <2000
   hal~0.3.0
Dependencies (solution):
   gnat=13.2.2 (gnat_native)
   hal=0.3.1
Dependencies (graph):
   qmc5883=1.0.0 --> gnat=13.2.2 (gnat_native) (>=11 & <2000)
   qmc5883=1.0.0 --> hal=0.3.1 (~0.3.0)


LOG:
Spawning: alr -d -n get --build qmc5883=1.0.0
Note: Deploying qmc5883=1.0.0...
Note: Deploying hal=0.3.1...
Note: Building qmc5883=1.0.0/gnat/qmc5883.gpr...
Setup
   [mkdir]        object directory for project HAL
   [mkdir]        library directory for project HAL
   [mkdir]        object directory for project QMC5883
   [mkdir]        library directory for project QMC5883
Compile
   [Ada]          hal-touch_panel.ads
   [Ada]          hal-sdmmc.adb
   [Ada]          hal-uart.ads
   [Ada]          hal-filesystem.ads
   [Ada]          hal-audio.ads
   [Ada]          hal-block_drivers.ads
   [Ada]          hal-i2c.ads
   [Ada]          hal.ads
   [Ada]          hal-time.ads
   [Ada]          hal-real_time_clock.ads
   [Ada]          hal-bitmap.ads
   [Ada]          hal-dsi.ads
   [Ada]          hal-framebuffer.ads
   [Ada]          hal-gpio.ads
   [Ada]          hal-spi.ads
   [Ada]          hal-flash.ads
   [Ada]          qmc5883-sensors.adb
   [Ada]          qmc5883-sensor.adb
   [Ada]          qmc5883-internal.adb
   [Ada]          qmc5883.ads
Build Libraries
   [gprlib]       hal.lexch
   [gprlib]       qmc5883.lexch
   [archive]      libhal.a
   [index]        libhal.a
   [archive]      libqmc5883.a
   [index]        libqmc5883.a

qmc5883=1.0.0 successfully retrieved and built.
Dependencies were solved as follows:

   +b gnat 13.2.2 (new,gnat_native,binary)
   +  hal  0.3.1  (new)
Found declared GPR file: gnat/qmc5883.gpr
