Test ran at 2024-03-01 13:04:52.564903+00:00

SOLUTION:
gnat_arm_elf=12.2.1: The GNAT Ada compiler - ARM cross-compiler
Provides: gnat=12.2.1
Origin: (case OS is Linux => (case Host_Arch is X86_64 => binary archive gnat-arm-elf-linux64-12.2.0-1.tar.gz at https://github.com/alire-project/GNAT-FSF-builds/releases/download/gnat-12.2.0-1/gnat-arm-elf-linux64-12.2.0-1.tar.gz), Macos => (case Host_Arch is X86_64 => binary archive gnat-arm-elf-darwin-12.2.0-1.tar.gz at https://github.com/alire-project/GNAT-FSF-builds/releases/download/gnat-12.2.0-1/gnat-arm-elf-darwin-12.2.0-1.tar.gz), Windows => (case Host_Arch is X86_64 => binary archive gnat-arm-elf-windows64-12.2.0-1.tar.gz at https://github.com/alire-project/GNAT-FSF-builds/releases/download/gnat-12.2.0-1/gnat-arm-elf-windows64-12.2.0-1.tar.gz)) with hash sha256:351564ba5d651acc0290ec4b27679abffd757cd4f58bd07403f69d3ab94682d5
Properties:
   Auto_Gpr_With: auto-gpr-with=false
   Configuration: no modifiers
   Description: The GNAT Ada compiler - ARM cross-compiler
   Environment: PATH=${CRATE_ROOT}/bin:${PATH}
   License: GPL-3.0-or-later AND GPL-3.0-or-later WITH GCC-exception-3.1
   Maintainer: chouteau@adacore.com
   Maintainers_Logins: Fabien-Chouteau
   Name: gnat_arm_elf
   Version: 12.2.1


LOG:
Note: Deploying gnat_arm_elf=12.2.1...
#=#=#                                                                         
##O#-#                                                                        
##O=#  #                                                                      

                                                                           0.0%
                                                                           1.0%
                                                                           1.0%
#                                                                          2.7%
###                                                                        4.5%
####                                                                       6.1%
#####                                                                      8.0%
#######                                                                    9.7%
########                                                                  11.5%
#########                                                                 13.2%
##########                                                                15.0%
############                                                              17.1%
#############                                                             18.9%
##############                                                            20.6%
################                                                          22.5%
#################                                                         24.2%
##################                                                        25.9%
###################                                                       27.7%
#####################                                                     29.6%
######################                                                    31.3%
#######################                                                   33.1%
#########################                                                 35.0%
##########################                                                36.8%
###########################                                               38.5%
#############################                                             40.4%
##############################                                            42.2%
###############################                                           43.8%
################################                                          45.7%
##################################                                        47.6%
###################################                                       49.3%
####################################                                      50.9%
#####################################                                     52.2%
######################################                                    54.0%
########################################                                  55.8%
#########################################                                 57.6%
##########################################                                59.4%
###########################################                               61.0%
#############################################                             63.2%
##############################################                            65.0%
################################################                          66.8%
#################################################                         68.6%
##################################################                        70.3%
###################################################                       72.2%
#####################################################                     73.9%
######################################################                    75.7%
#######################################################                   77.6%
#########################################################                 79.3%
##########################################################                81.1%
###########################################################               82.9%
############################################################              84.7%
##############################################################            86.4%
###############################################################           88.2%
################################################################          90.0%
##################################################################        91.7%
###################################################################       93.6%
####################################################################      95.4%
#####################################################################     97.0%
#######################################################################   99.1%
######################################################################## 100.0%

gnat_arm_elf=12.2.1 successfully retrieved.
There are no dependencies.
Warning: Binary release does not contain default project file: gnat_arm_elf.gpr
