Test ran at 2024-03-15 12:42:30.684261+00:00

SOLUTION:
gnat_native=12.2.1: The GNAT Ada compiler - Native
Provides: gnat=12.2.1
Origin: (case OS is Linux => (case Host_Arch is X86_64 => binary archive gnat-x86_64-linux-12.2.0-1.tar.gz at https://github.com/alire-project/GNAT-FSF-builds/releases/download/gnat-12.2.0-1/gnat-x86_64-linux-12.2.0-1.tar.gz), Macos => (case Host_Arch is X86_64 => binary archive gnat-x86_64-darwin-12.2.0-1.tar.gz at https://github.com/alire-project/GNAT-FSF-builds/releases/download/gnat-12.2.0-1/gnat-x86_64-darwin-12.2.0-1.tar.gz), Windows => (case Host_Arch is X86_64 => binary archive gnat-x86_64-windows64-12.2.0-1.tar.gz at https://github.com/alire-project/GNAT-FSF-builds/releases/download/gnat-12.2.0-1/gnat-x86_64-windows64-12.2.0-1.tar.gz)) with hash sha256:77267eb19842059c10f6eaf417b75d0483c0f977fb2a2cba0fb1d785fc5bfb78
Properties:
   Auto_Gpr_With: auto-gpr-with=false
   Configuration: no modifiers
   Description: The GNAT Ada compiler - Native
   Environment: PATH=${CRATE_ROOT}/bin:${PATH}
   License: GPL-3.0-or-later AND GPL-3.0-or-later WITH GCC-exception-3.1
   Maintainer: chouteau@adacore.com
   Maintainers_Logins: Fabien-Chouteau
   Name: gnat_native
   Version: 12.2.1


LOG:
Note: Deploying gnat_native=12.2.1...
#=#=#                                                                          
##O#-#                                                                         

                                                                           0.0%
##                                                                         3.2%
#####                                                                      7.2%
#######                                                                   10.1%
#########                                                                 13.6%
###########                                                               16.0%
#############                                                             18.5%
###############                                                           21.0%
################                                                          22.8%
##################                                                        25.7%
#######################                                                   32.4%
################################                                          45.6%
####################################                                      50.5%
########################################                                  55.8%
##########################################                                59.3%
#############################################                             63.0%
###############################################                           66.5%
##################################################                        70.5%
######################################################                    75.1%
###########################################################               82.4%
#############################################################             84.9%
#################################################################         90.7%
###################################################################       94.4%
######################################################################    98.0%
######################################################################## 100.0%

gnat_native=12.2.1 successfully retrieved.
There are no dependencies.
Warning: Binary release does not contain default project file: gnat_native.gpr
