Test ran at 2024-12-17 01:02:15.506014+00:00

SOLUTION:
gnat_avr_elf=13.1.0: The GNAT Ada compiler - AVR cross-compiler
Provides: gnat=13.1.0
Origin: (case OS is Linux => (case Host_Arch is X86_64 => binary archive gnat-avr-elf-linux64-13.1.0-1.tar.gz at https://github.com/alire-project/GNAT-FSF-builds/releases/download/gnat-13.1.0-1/gnat-avr-elf-linux64-13.1.0-1.tar.gz), Macos => (case Host_Arch is X86_64 => binary archive gnat-avr-elf-darwin-13.1.0-1.tar.gz at https://github.com/alire-project/GNAT-FSF-builds/releases/download/gnat-13.1.0-1/gnat-avr-elf-darwin-13.1.0-1.tar.gz), Windows => (case Host_Arch is X86_64 => binary archive gnat-avr-elf-windows64-13.1.0-1.tar.gz at https://github.com/alire-project/GNAT-FSF-builds/releases/download/gnat-13.1.0-1/gnat-avr-elf-windows64-13.1.0-1.tar.gz)) with hash sha256:55d633b46c3220a31d2ffb12b409e929bfda0d05b31d8cf32d84b0a001d4d609
Properties:
   Auto_Gpr_With: auto-gpr-with=false
   Configuration: no modifiers
   Description: The GNAT Ada compiler - AVR cross-compiler
   Environment: PATH=${CRATE_ROOT}/bin:${PATH}
   License: GPL-3.0-or-later AND GPL-3.0-or-later WITH GCC-exception-3.1
   Maintainer: chouteau@adacore.com
   Maintainers_Logins: Fabien-Chouteau
   Name: gnat_avr_elf
   Version: 13.1.0


LOG:
Note: Deploying gnat_avr_elf=13.1.0...
#=#=#                                                                          

                                                                           0.0%
###                                                                        4.3%
######                                                                     8.5%
#########                                                                 12.9%
############                                                              17.1%
###############                                                           21.3%
##################                                                        25.6%
#####################                                                     29.9%
########################                                                  34.1%
############################                                              39.3%
##############################                                            42.7%
##################################                                        47.8%
####################################                                      51.2%
#######################################                                   55.5%
#########################################                                 57.3%
###########################################                               59.7%
##############################################                            64.0%
###############################################                           66.6%
###################################################                       71.9%
####################################################                      72.5%
#######################################################                   76.8%
##########################################################                81.9%
#############################################################             85.3%
################################################################          89.6%
###################################################################       93.9%
#######################################################################   98.8%
######################################################################## 100.0%

gnat_avr_elf=13.1.0 successfully retrieved.
There are no dependencies.
Warning: Binary release does not contain default project file: gnat_avr_elf.gpr
