Test ran at 2024-03-22 00:52:22.406371+00:00

SOLUTION:
system_random=1.0.0: Minimal library to retrieve random data from system sources
Origin: commit 3db7f76e04f09ade5811abd8c09686750bc733ae from https://github.com/AntonMeep/system_random.git
Properties:
   Author: Anton Fediushin
   Description: Minimal library to retrieve random data from system sources
   License: ISC
   Maintainer: Anton Fediushin <imantonmeep@gmail.com>
   Maintainers_Logins: AntonMeep
   Name: system_random
   Tag: system
   Tag: cryptography
   Tag: random
   Tag: security
   Version: 1.0.0
   Website: https://github.com/AntonMeep/system_random


LOG:
Spawning: alr -d -n get --build system_random=1.0.0
Note: Deploying system_random=1.0.0...
Note: Building system_random=1.0.0/system_random.gpr...
Setup
   [mkdir]        object directory for project System_Random
   [mkdir]        library directory for project System_Random
Compile
   [Ada]          system_random.adb
Build Libraries
   [gprlib]       system_random.lexch
   [archive]      libsystem_random.a
   [index]        libsystem_random.a

system_random=1.0.0 successfully retrieved and built.
There are no dependencies.
Found declared GPR file: system_random.gpr
