Test ran at 2024-08-29 12:56:39.686615+00:00

SOLUTION:
elogs=1.1.0: Embedded logging, proven absent of runtime errors
Origin: commit 2e627928c716f2df0f6427a138e8410749b0724f from https://github.com/kevlar700/elogs.git
Properties:
   Author: Kevin Chadwick
   Build Switches: 
   Config type: Device_ID_Length : Integer range -9223372036854775808 .. 9223372036854775807 default: '12'
   Config type: Max_Log_Count : Integer range -9223372036854775808 .. 9223372036854775807 default: '50'
   Config type: Max_Message_Length : Integer range -9223372036854775808 .. 9223372036854775807 default: '200'
   Config type: Version_Length : Integer range -9223372036854775808 .. 9223372036854775807 default: '8'
   Configuration: no modifiers
   Description: Embedded logging, proven absent of runtime errors
   License: ISC OR BSD-2-Clause
   Maintainer: Kevin Chadwick <kc-ada@elansys.co>
   Maintainers_Logins: kevlar700
   Name: elogs
   Tag: spark
   Tag: embedded
   Tag: zfp
   Tag: logging
   Tag: log
   Version: 1.1.0
   Website: https://github.com/kevlar700/elogs
Dependencies (direct):
   gnat(>=13 & <2000) | ^11 | >=2020
Dependencies (solution):
   gnat=13.2.0 (gnat_external) (installed)
Dependencies (graph):
   elogs=1.1.0 --> gnat=13.2.0 (gnat_external) ((>=13 & <2000) | ^11 | >=2020)


LOG:
Note: Deploying elogs=1.1.0...
Note: Building elogs/elogs.gpr...
Setup
   [mkdir]        object directory for project Elogs
   [mkdir]        library directory for project Elogs
Compile
   [Ada]          elogs_config.ads
   [Ada]          elogs.adb
   [Ada]          elogs_test.adb
elogs_test.adb:20:20: (style) "in" should be omitted
elogs_test.adb:108:20: (style) "in" should be omitted
elogs_test.adb:109:20: (style) "in" should be omitted
elogs_test.adb:141:20: (style) "in" should be omitted
elogs_test.adb:142:20: (style) "in" should be omitted
elogs_test.adb:174:20: (style) "in" should be omitted
elogs_test.adb:210:20: (style) "in" should be omitted
elogs_test.ads:25:20: (style) "in" should be omitted
elogs_test.ads:30:20: (style) "in" should be omitted
elogs_test.ads:31:20: (style) "in" should be omitted
elogs_test.ads:36:20: (style) "in" should be omitted
elogs_test.ads:37:20: (style) "in" should be omitted
elogs_test.ads:41:20: (style) "in" should be omitted
elogs_test.ads:45:20: (style) "in" should be omitted
elogs.adb:17:26: (style) "in" should be omitted
elogs.adb:18:26: (style) "in" should be omitted
elogs.adb:32:27: (style) "in" should be omitted
elogs.adb:33:27: (style) "in" should be omitted
elogs.adb:46:17: (style) "in" should be omitted
elogs.adb:47:17: (style) "in" should be omitted
elogs.adb:66:19: (style) "in" should be omitted
elogs.adb:67:19: (style) "in" should be omitted
elogs.adb:94:15: (style) "in" should be omitted
elogs.adb:127:20: (style) "in" should be omitted
elogs.adb:138:20: (style) "in" should be omitted
elogs.adb:145:43: (style) "in" should be omitted
elogs.adb:150:45: (style) "in" should be omitted
elogs.ads:85:26: (style) "in" should be omitted
elogs.ads:86:26: (style) "in" should be omitted
elogs.ads:99:17: (style) "in" should be omitted
elogs.ads:100:17: (style) "in" should be omitted
elogs.ads:106:19: (style) "in" should be omitted
elogs.ads:107:19: (style) "in" should be omitted
elogs.ads:156:20: (style) "in" should be omitted
elogs.ads:166:43: (style) "in" should be omitted
elogs.ads:169:45: (style) "in" should be omitted
elogs.ads:173:20: (style) "in" should be omitted
elogs.ads:212:15: (style) "in" should be omitted
elogs.ads:219:27: (style) "in" should be omitted
elogs.ads:220:27: (style) "in" should be omitted
Build Libraries
   [gprlib]       Elogs.lexch
   [archive]      libElogs.a
   [index]        libElogs.a
Build finished successfully in 0.51 seconds.

elogs=1.1.0 successfully retrieved and built.
Dependencies were solved as follows:

   +i gnat 13.2.0 (new,installed,gnat_external)
Found declared GPR file: elogs.gpr
