Test ran at 2024-03-24 12:55:01.062319+00:00

SOLUTION:
ajunitgen=1.0.1: Generator of JUnit-compatible XML reports
Origin: commit 080ca96388e12dd7b5863463acbad3dc862e06ee from https://github.com/mosteo/ajunitgen.git
Properties:
   Author: Alejandro R. Mosteo
   Description: Generator of JUnit-compatible XML reports
   License: LGPL-3.0-only
   Maintainer: alejandro@mosteo.com
   Maintainers_Logins: mosteo
   Name: ajunitgen
   Tag: junit
   Tag: xml
   Version: 1.0.1
Dependencies (direct):
   xml_ez_out^1.6
Dependencies (solution):
   xml_ez_out=1.6.0
Dependencies (graph):
   ajunitgen=1.0.1 --> xml_ez_out=1.6.0 (^1.6)


LOG:
Spawning: alr -d -n get --build ajunitgen=1.0.1
Note: Deploying ajunitgen=1.0.1...
Note: Deploying xml_ez_out=1.6.0...
#=#=#                                                                         
##O#-#                                                                        
##O=#  #                                                                      
Note: Building xml_ez_out=1.6.0/xml_ez_out.gpr...
Compile
   [Ada]          tmeztf.adb
   [Ada]          mckae.ads
   [Ada]          mckae-xml.ads
   [Ada]          mckae-xml-ez_out.ads
   [Ada]          mckae-xml-ez_out-generic_medium.adb
   [Ada]          mckae-xml-ez_out-string_stream.adb
   [Ada]          mckae-xml-ez_out-text_file.ads
Bind
   [gprbind]      tmeztf.bexch
   [Ada]          tmeztf.ali
Link
   [link]         tmeztf.adb
Note: Building ajunitgen=1.0.1/ajunitgen.gpr...
Setup
   [mkdir]        object directory for project Ajunitgen
Compile
   [Ada]          mckae-xml-ez_out-text_file.ads
   [Ada]          mckae-xml.ads
   [Ada]          mckae-xml-ez_out-generic_medium.adb
   [Ada]          mckae-xml-ez_out.ads
   [Ada]          mckae.ads
   [Ada]          mckae-xml-ez_out-string_stream.adb
   [Ada]          tmeztf.adb
   [Ada]          ajunitgen.adb

ajunitgen=1.0.1 successfully retrieved and built.
Dependencies were solved as follows:

   + xml_ez_out 1.6.0 (new)
Found declared GPR file: ajunitgen.gpr
