Test ran at 2024-04-26 13:42:02.283629+00:00

SOLUTION:
gnatprove=12.1.1: Automatic formal verification of SPARK code
Origin: (case OS is Linux => (case Host_Arch is X86_64 => binary archive gnatprove-x86_64-linux-12.1.0-1.tar.gz at https://github.com/alire-project/GNAT-FSF-builds/releases/download/gnatprove-12.1.0-1/gnatprove-x86_64-linux-12.1.0-1.tar.gz), Macos => (case Host_Arch is X86_64 => binary archive gnatprove-x86_64-darwin-12.1.0-1.tar.gz at https://github.com/alire-project/GNAT-FSF-builds/releases/download/gnatprove-12.1.0-1/gnatprove-x86_64-darwin-12.1.0-1.tar.gz), Windows => (case Host_Arch is X86_64 => binary archive gnatprove-x86_64-windows64-12.1.0-1.tar.gz at https://github.com/alire-project/GNAT-FSF-builds/releases/download/gnatprove-12.1.0-1/gnatprove-x86_64-windows64-12.1.0-1.tar.gz)) with hash sha256:eaf963490fc0b8c4467854b8f4a7659e4df39094699b014b90d9cd87b46cb987
Properties:
   Auto_Gpr_With: auto-gpr-with=false
   Configuration: no modifiers
   Description: Automatic formal verification of SPARK code
   Environment: PATH=${CRATE_ROOT}/bin:${PATH}
   License: GPL-3.0-or-later
   Maintainer: chouteau@adacore.com
   Maintainers_Logins: Fabien-Chouteau
   Name: gnatprove
   Version: 12.1.1


LOG:
Note: Deploying gnatprove=12.1.1...
#=#=#                                                                         
##O#-#                                                                        

#                                                                          1.5%
####                                                                       6.6%
########                                                                  11.3%
##########                                                                15.0%
#############                                                             18.8%
###############                                                           21.9%
##################                                                        25.0%
####################                                                      28.4%
#######################                                                   32.0%
#########################                                                 35.6%
############################                                              39.5%
##############################                                            42.2%
################################                                          45.3%
##################################                                        47.8%
####################################                                      51.1%
#######################################                                   54.6%
##########################################                                58.3%
############################################                              61.9%
###############################################                           65.6%
#################################################                         68.2%
##################################################                        70.5%
####################################################                      73.1%
######################################################                    76.4%
#########################################################                 80.3%
############################################################              84.0%
##############################################################            87.1%
#################################################################         90.4%
###################################################################       94.0%
######################################################################    97.7%
######################################################################## 100.0%

gnatprove=12.1.1 successfully retrieved.
There are no dependencies.
Warning: Binary release does not contain default project file: gnatprove.gpr
