Test ran at 2024-05-26 12:27:41.598368+00:00

SOLUTION:
rsfile=1.0.1: Randomly pick a file with probability proportional to its size
Origin: commit f3d684685a9f41a94a20f80ce114a33cca028475 from https://github.com/mosteo/rsfile.git
Properties:
   Author: Alejandro R. Mosteo
   Configuration: no modifiers
   Description: Randomly pick a file with probability proportional to its size
   Executable: rsfile
   License: GPL-3.0-only
   Maintainer: Alejandro R. Mosteo <alejandro@mosteo.com>
   Maintainers_Logins: mosteo
   Name: rsfile
   Tag: command-line
   Tag: tool
   Tag: random
   Tag: file-size
   Version: 1.0.1


LOG:
Note: Deploying rsfile=1.0.1...
Note: Building rsfile/rsfile.gpr...
Setup
   [mkdir]        object directory for project Rsfile
Compile
   [Ada]          rsfile.adb
Bind
   [gprbind]      rsfile.bexch
   [Ada]          rsfile.ali
Link
   [link]         rsfile.adb
-macosx_version_min has been renamed to -macos_version_min
ld: warning: ignoring duplicate libraries: '-lSystem'
0  0x1050e2f43  __assert_rtn + 64
1  0x104fe4f43  ld::AtomPlacement::findAtom(unsigned char, unsigned long long, ld::AtomPlacement::AtomLoc const*&, long long&) const + 1411
2  0x105001431  ld::InputFiles::SliceParser::parseObjectFile(mach_o::Header const*) const + 19745
3  0x105011b71  ld::InputFiles::parseAllFiles(void (ld::AtomFile const*) block_pointer)::$_7::operator()(unsigned long, ld::FileInfo const&) const + 657
4  0x7ff803d76def  _dispatch_client_callout2 + 8
5  0x7ff803d88547  _dispatch_apply_invoke3 + 431
6  0x7ff803d76dbc  _dispatch_client_callout + 8
7  0x7ff803d7804e  _dispatch_once_callout + 20
8  0x7ff803d88a9b  _dispatch_apply_invoke_and_wait + 278
9  0x7ff803d87cf8  _dispatch_apply_with_attr_f + 1225
10  0x7ff803d87eaf  dispatch_apply + 45
11  0x1050aa972  ld::AtomFileConsolidator::parseFiles(bool) + 370
12  0x105031d67  main + 12263
ld: Assertion failed: (resultIndex < sectData.atoms.size()), function findAtom, file Relocations.cpp, line 1336.
collect2: error: ld returned 1 exit status
gprbuild: link of rsfile.adb failed
gprbuild: failed command was: /users/runner/.config/alire/cache/dependencies/gnat_native_10.3.2_e112fd3f/bin/gcc rsfile.o b__rsfile.o -L/Users/runner/work/alire-crates-ci/alire-crates-ci/test/885b10f2-fa35-4c84-b0da-71bee8b31666/rsfile_1.0.1_f3d68468/obj/ -L/Users/runner/work/alire-crates-ci/alire-crates-ci/test/885b10f2-fa35-4c84-b0da-71bee8b31666/rsfile_1.0.1_f3d68468/obj/ -L/users/runner/.config/alire/cache/dependencies/gnat_native_10.3.2_e112fd3f/lib/gcc/x86_64-apple-darwin19.6.0/10.3.0/adalib/ -shared-libgcc -lgnat-10 -Wl,-rpath,@executable_path/ -Wl,-rpath,@executable_path/../../../../../../..//.config/alire/cache/dependencies/gnat_native_10.3.2_e112fd3f/lib/gcc/x86_64-apple-darwin19.6.0/10.3.0/adalib -Wl,-rpath,@executable_path/../../../../../../..//.config/alire/cache/dependencies/gnat_native_10.3.2_e112fd3f/lib -o rsfile
stderr: Command ["gprbuild", "-s", "-j0", "-p", "-P", "/Users/runner/work/alire-crates-ci/alire-crates-ci/test/885b10f2-fa35-4c84-b0da-71bee8b31666/rsfile_1.0.1_f3d68468/rsfile.gpr"] exited with code 4
ERROR: Command ["gprbuild", "-s", "-j0", "-p", "-P", "/Users/runner/work/alire-crates-ci/alire-crates-ci/test/885b10f2-fa35-4c84-b0da-71bee8b31666/rsfile_1.0.1_f3d68468/rsfile.gpr"] exited with code 4
stderr: ALIRE.CHECKED_ERROR
stderr: Command ["gprbuild", "-s", "-j0", "-p", "-P", "/Users/runner/work/alire-crates-ci/alire-crates-ci/test/885b10f2-fa35-4c84-b0da-71bee8b31666/rsfile_1.0.1_f3d68468/rsfile.gpr"] exited with code 4
stderr: raised ALIRE.CHECKED_ERROR : alire-stored-error:1
Load address: 0x100200000
Call stack traceback locations:
0x100b08415 0x1007dbe83 0x1009eedf9 0x1009ef581 0x10094fac3 0x10094df99 0x10096a873 0x1009b6dc1 0x1009b581a 0x10096a9b8 0x10094e349 0x10025f9c1 0x100270578 0x10027501c 0x1002fb05c 0x1003063b8 0x100201605 0x100204914


Warning: rsfile=1.0.1 successfully retrieved but its build failed.
There are no dependencies.
ERROR: Build ended with errors
