Test ran at 2023-01-08 01:18:36.809779+00:00

SOLUTION:
ada_voxel_space_demo=1.0.1: Voxel Space render engine demo in Ada
Origin: source archive ada_voxel_space_demo-1.0.1.zip at https://github.com/Fabien-Chouteau/ada-voxel-space-demo/releases/download/v1.0.1/ada_voxel_space_demo-1.0.1.zip with hash sha512:69740326ce512b57e15e311e82bbbd500bdbcb434290af598a379fbee8a157f9c6a18321d6b36164aae78687c0012f051bd7fcdb5eebd85ed6b2cec33a0b3917
Properties:
   Description: Voxel Space render engine demo in Ada
   Executable: main
   License: MIT
   Maintainer: fabien.chouteau@gmail.com
   Maintainers_Logins: Fabien-Chouteau
   Name: ada_voxel_space_demo
   Project_File: ada_voxel_space_demo.gpr
   Version: 1.0.1
Dependencies (direct):
   sdlada^2.3.1
Dependencies (solution):
   libsdl2=2.26.2
   libsdl2_image=2.6.2
   libsdl2_ttf=2.20.1
   make=4.3.0
   sdlada=2.5.4-1
Dependencies (graph):
   ada_voxel_space_demo=1.0.1 --> sdlada=2.5.4-1 (^2.3.1)   
   sdlada=2.5.4-1             --> libsdl2=2.26.2 (^2.0)     
   sdlada=2.5.4-1             --> libsdl2_image=2.6.2 (^2.0)
   sdlada=2.5.4-1             --> libsdl2_ttf=2.20.1 (^2.0) 
   sdlada=2.5.4-1             --> make=4.3.0 (*)            


LOG:
Note: Deploying ada_voxel_space_demo=1.0.1...
#=#=#                                                                         

####################################                                      50.7%
######################################################################## 100.0%
Note: Deploying libsdl2=2.26.2...
The system package 'sdl2' is about to be installed.
This action might require admin privileges and impact your system installation.
Do you want Alire to install this system package?
Using default: Yes
resolving dependencies...
looking for conflicting packages...
warning: dependency cycle detected:
warning: mesa will be installed before its libglvnd dependency

Package (28)             New Version              Net Change  Download Size

extra/default-cursors    2-1                        0.00 MiB       0.00 MiB
community/hidapi         0.13.0-1                   0.09 MiB       0.03 MiB
extra/libdrm             2.4.114-1                  1.18 MiB       0.32 MiB
core/libedit             20210910_3.1-2             0.27 MiB       0.11 MiB
extra/libglvnd           1.6.0-1                    3.70 MiB       0.35 MiB
extra/libomxil-bellagio  0.9.3-4                    0.58 MiB       0.12 MiB
extra/libpciaccess       0.17-1                     0.06 MiB       0.02 MiB
extra/libunwind          1.6.2-2                    0.25 MiB       0.11 MiB
core/libusb              1.0.26-1                   0.21 MiB       0.07 MiB
extra/libx11             1.8.3-5                   10.04 MiB       2.05 MiB
extra/libxau             1.0.11-1                   0.02 MiB       0.01 MiB
extra/libxcb             1.15-2                     3.78 MiB       0.98 MiB
extra/libxcursor         1.2.1-3                    0.06 MiB       0.03 MiB
extra/libxdamage         1.1.6-1                    0.02 MiB       0.01 MiB
extra/libxdmcp           1.1.4-1                    0.13 MiB       0.03 MiB
extra/libxext            1.3.5-1                    0.30 MiB       0.10 MiB
extra/libxfixes          6.0.0-2                    0.04 MiB       0.01 MiB
extra/libxrender         0.9.11-1                   0.10 MiB       0.03 MiB
extra/libxshmfence       1.3.2-1                    0.02 MiB       0.01 MiB
extra/libxxf86vm         1.1.5-1                    0.03 MiB       0.02 MiB
extra/llvm-libs          14.0.6-4                 112.48 MiB      27.56 MiB
extra/lm_sensors         1:3.6.0.r41.g31d1f125-2    0.47 MiB       0.13 MiB
extra/mesa               22.3.2-3                  75.46 MiB      10.49 MiB
extra/vulkan-icd-loader  1.3.235-1                  0.53 MiB       0.13 MiB
extra/wayland            1.21.0-2                   0.77 MiB       0.13 MiB
extra/xcb-proto          1.15.2-2                   0.88 MiB       0.11 MiB
extra/xorgproto          2022.2-1                   1.43 MiB       0.24 MiB
extra/sdl2               2.26.2-1                   4.43 MiB       0.96 MiB

Total Download Size:    44.15 MiB
Total Installed Size:  217.32 MiB

:: Proceed with installation? [Y/n] 
:: Retrieving packages...
 llvm-libs-14.0.6-4-x86_64 downloading...
 mesa-22.3.2-3-x86_64 downloading...
 libx11-1.8.3-5-x86_64 downloading...
 libxcb-1.15-2-x86_64 downloading...
 sdl2-2.26.2-1-x86_64 downloading...
 libglvnd-1.6.0-1-x86_64 downloading...
 libdrm-2.4.114-1-x86_64 downloading...
 xorgproto-2022.2-1-any downloading...
 wayland-1.21.0-2-x86_64 downloading...
 vulkan-icd-loader-1.3.235-1-x86_64 downloading...
 lm_sensors-1:3.6.0.r41.g31d1f125-2-x86_64 downloading...
 libomxil-bellagio-0.9.3-4-x86_64 downloading...
 xcb-proto-1.15.2-2-any downloading...
 libunwind-1.6.2-2-x86_64 downloading...
 libedit-20210910_3.1-2-x86_64 downloading...
 libxext-1.3.5-1-x86_64 downloading...
 libusb-1.0.26-1-x86_64 downloading...
 libxcursor-1.2.1-3-x86_64 downloading...
 hidapi-0.13.0-1-x86_64 downloading...
 libxrender-0.9.11-1-x86_64 downloading...
 libxdmcp-1.1.4-1-x86_64 downloading...
 libpciaccess-0.17-1-x86_64 downloading...
 libxxf86vm-1.1.5-1-x86_64 downloading...
 libxfixes-6.0.0-2-x86_64 downloading...
 libxau-1.0.11-1-x86_64 downloading...
 libxdamage-1.1.6-1-x86_64 downloading...
 libxshmfence-1.3.2-1-x86_64 downloading...
 default-cursors-2-1-any downloading...
checking keyring...
checking package integrity...
error: mesa: signature from "Frederik Schwan <frederik.schwan@linux.com>" is unknown trust
:: File /var/cache/pacman/pkg/mesa-22.3.2-3-x86_64.pkg.tar.zst is corrupted (invalid or corrupted package (PGP signature)).
Do you want to delete it? [Y/n] error: failed to commit transaction (invalid or corrupted package)

Errors occurred, no packages were upgraded.
stderr: Command ["pacman", "--needed", "--noconfirm", "-S", "sdl2"] exited with code 1
stderr: Generating Outcome_Failure with message: Command ["pacman", "--needed", "--noconfirm", "-S", "sdl2"] exited with code 1
stderr: Generating Outcome_Failure with call stack:
stderr: raised AAA.DEBUG.STACK_TRACE.DEBUG_EXCEPTION : aaa-debug.adb:44
[/usr/sbin/alr]
0xea0f9b aaa__debug__stack_trace at ???
0xd79643 Alire.Outcome_Failure at alire.adb:193
0x7f1442 Alire.Errors.Get at alire-errors.adb:101
0x97e6b5 Alire.Origins.Deployers.System.Pacman.Install at alire-origins-deployers-system-pacman.adb:124
0x986462 Alire.Origins.Deployers.System.Deploy at alire-origins-deployers-system.adb:32
0x98cff8 Alire.Origins.Deployers.Deploy_Steps at alire-origins-deployers.adb:123
0x98e3c4 Alire.Origins.Deployers.Deploy at alire-origins-deployers.adb:161
0xb9327f Alire.Releases.Deploy at alire-releases.adb:310
0xbc5765 Alire.Roots.Deploy_Dependencies.Deploy_Release at alire-roots.adb:405
0xbdb6d6 Alire.Roots.Traverse.Traverse_Wrap at alire-roots.adb:1364
0xc25803 Alire.Solutions.Traverse.Visit at alire-solutions.adb:1443
0xc23f72 Alire.Solutions.Traverse at alire-solutions.adb:1502
0xbdb824 Alire.Roots.Traverse at alire-roots.adb:1368
0xbc5b06 Alire.Roots.Deploy_Dependencies at alire-roots.adb:434
0x4b0337 Alr.Commands.Get.Retrieve at alr-commands-get.adb:173
0x4b4e77 Alr.Commands.Get.Execute at alr-commands-get.adb:348
0x53bb7e Alr.Commands.Sub_Cmd.Execute at clic-subcommand-instance.adb:742
0x54756f Alr.Commands.Execute at alr-commands.adb:492
0x43cb1a Alr.Main at alr-main.adb:10
0x43f3e7 Main at b__alr-main.adb:2132
[/usr/bin/..//lib/libc.so.6]
0x7fdafa30028e
0x7fdafa300348
[/usr/sbin/alr]
0x43c9f8 _start at ???
0xfffffffffffffffe

stderr: ALIRE.CHECKED_ERROR
stderr: Command ["pacman", "--needed", "--noconfirm", "-S", "sdl2"] exited with code 1
stderr: raised ALIRE.CHECKED_ERROR : alire-stored-error:2
[/usr/sbin/alr]
0xd77e79 Alire.Assert at alire.adb:129
0x98d00a Alire.Origins.Deployers.Deploy_Steps at alire-origins-deployers.adb:123
0x98e3c4 Alire.Origins.Deployers.Deploy at alire-origins-deployers.adb:161
0xb9327f Alire.Releases.Deploy at alire-releases.adb:310
0xbc5765 Alire.Roots.Deploy_Dependencies.Deploy_Release at alire-roots.adb:405
0xbdb6d6 Alire.Roots.Traverse.Traverse_Wrap at alire-roots.adb:1364
0xc25803 Alire.Solutions.Traverse.Visit at alire-solutions.adb:1443
0xc23f72 Alire.Solutions.Traverse at alire-solutions.adb:1502
0xbdb824 Alire.Roots.Traverse at alire-roots.adb:1368
0xbc5b06 Alire.Roots.Deploy_Dependencies at alire-roots.adb:434
0x4b0337 Alr.Commands.Get.Retrieve at alr-commands-get.adb:173
0x4b4e77 Alr.Commands.Get.Execute at alr-commands-get.adb:348
0x53bb7e Alr.Commands.Sub_Cmd.Execute at clic-subcommand-instance.adb:742
0x54756f Alr.Commands.Execute at alr-commands.adb:492
0x43cb1a Alr.Main at alr-main.adb:10
0x43f3e7 Main at b__alr-main.adb:2132
[/usr/bin/..//lib/libc.so.6]
0x7fdafa30028e
0x7fdafa300348
[/usr/sbin/alr]
0x43c9f8 _start at ???
0xfffffffffffffffe

stderr: Generating Outcome_Failure with message: Deployment of system package from platform software manager: sdl2 to /home/runner/work/alire-crates-ci/alire-crates-ci/test/2ebd9171-dd31-4edd-9b51-c61fa00a380a/ada_voxel_space_demo_1.0.1_69740326/alire/cache/dependencies/libsdl2_2.26.2_system failed
stderr: Generating Outcome_Failure with call stack:
stderr: raised AAA.DEBUG.STACK_TRACE.DEBUG_EXCEPTION : aaa-debug.adb:44
[/usr/sbin/alr]
0xea0f9b aaa__debug__stack_trace at ???
0xd79643 Alire.Outcome_Failure at alire.adb:193
0x98da24 Alire.Origins.Deployers.Deploy_Steps at alire-origins-deployers.adb:149
0x98e3c4 Alire.Origins.Deployers.Deploy at alire-origins-deployers.adb:161
0xb9327f Alire.Releases.Deploy at alire-releases.adb:310
0xbc5765 Alire.Roots.Deploy_Dependencies.Deploy_Release at alire-roots.adb:405
0xbdb6d6 Alire.Roots.Traverse.Traverse_Wrap at alire-roots.adb:1364
0xc25803 Alire.Solutions.Traverse.Visit at alire-solutions.adb:1443
0xc23f72 Alire.Solutions.Traverse at alire-solutions.adb:1502
0xbdb824 Alire.Roots.Traverse at alire-roots.adb:1368
0xbc5b06 Alire.Roots.Deploy_Dependencies at alire-roots.adb:434
0x4b0337 Alr.Commands.Get.Retrieve at alr-commands-get.adb:173
0x4b4e77 Alr.Commands.Get.Execute at alr-commands-get.adb:348
0x53bb7e Alr.Commands.Sub_Cmd.Execute at clic-subcommand-instance.adb:742
0x54756f Alr.Commands.Execute at alr-commands.adb:492
0x43cb1a Alr.Main at alr-main.adb:10
0x43f3e7 Main at b__alr-main.adb:2132
[/usr/bin/..//lib/libc.so.6]
0x7fdafa30028e
0x7fdafa300348
[/usr/sbin/alr]
0x43c9f8 _start at ???
0xfffffffffffffffe

stderr: ALIRE.CHECKED_ERROR
stderr: Deployment of system package from platform software manager: sdl2 to /home/runner/work/alire-crates-ci/alire-crates-ci/test/2ebd9171-dd31-4edd-9b51-c61fa00a380a/ada_voxel_space_demo_1.0.1_69740326/alire/cache/dependencies/libsdl2_2.26.2_system failed
stderr: raised ALIRE.CHECKED_ERROR : alire-stored-error:3
[/usr/sbin/alr]
0xd77e79 Alire.Assert at alire.adb:129
0xb93291 Alire.Releases.Deploy at alire-releases.adb:310
0xbc5765 Alire.Roots.Deploy_Dependencies.Deploy_Release at alire-roots.adb:405
0xbdb6d6 Alire.Roots.Traverse.Traverse_Wrap at alire-roots.adb:1364
0xc25803 Alire.Solutions.Traverse.Visit at alire-solutions.adb:1443
0xc23f72 Alire.Solutions.Traverse at alire-solutions.adb:1502
0xbdb824 Alire.Roots.Traverse at alire-roots.adb:1368
0xbc5b06 Alire.Roots.Deploy_Dependencies at alire-roots.adb:434
0x4b0337 Alr.Commands.Get.Retrieve at alr-commands-get.adb:173
0x4b4e77 Alr.Commands.Get.Execute at alr-commands-get.adb:348
0x53bb7e Alr.Commands.Sub_Cmd.Execute at clic-subcommand-instance.adb:742
0x54756f Alr.Commands.Execute at alr-commands.adb:492
0x43cb1a Alr.Main at alr-main.adb:10
0x43f3e7 Main at b__alr-main.adb:2132
[/usr/bin/..//lib/libc.so.6]
0x7fdafa30028e
0x7fdafa300348
[/usr/sbin/alr]
0x43c9f8 _start at ???
0xfffffffffffffffe

ERROR: Deployment of system package from platform software manager: sdl2 to /home/runner/work/alire-crates-ci/alire-crates-ci/test/2ebd9171-dd31-4edd-9b51-c61fa00a380a/ada_voxel_space_demo_1.0.1_69740326/alire/cache/dependencies/libsdl2_2.26.2_system failed
