Test ran at 2024-01-15 01:20:10.650874+00:00

SOLUTION:
remoteio=1.21527.1: Remote I/O Protocol Client Library for GNAT Ada
Origin: source archive remoteio-1.21527.1.tbz2 at http://repo.munts.com/alire/remoteio-1.21527.1.tbz2 with hashes sha256:983a2f2e0f2609677074cc4eac4590f999de440f6136c7accf468430a7bcc4a3, sha512:7c4ff792ef32dedd111ba84df0025951ccd12769217a63dadba510c175a7d62f6eded250546d3b8c292b54e3b21e141ffec458408326ee6701b18517b2234de0
Available when: (case OS is Linux => True, Macos => True, Windows => True, others => False)
Properties:
   case OS is
      when Linux => Post_Fetch run: ${CRATE_DIR}/./sh -c ./src/scripts/postfetch.linux
      when Macos => Post_Fetch run: ${CRATE_DIR}/./sh -c ./src/scripts/postfetch.macos
      when Windows => Post_Fetch run: ${CRATE_DIR}/./sh -c ./src/scripts/postfetch.windows
   Author: Philip Munts
   Description: Remote I/O Protocol Client Library for GNAT Ada
   License: BSD-1-Clause
   Maintainer: Philip Munts <phil@munts.net>
   Maintainers_Logins: pmunts
   Name: remoteio
   Project_File: remoteio.gpr
   Tag: embedded
   Tag: linux
   Tag: remoteio
   Tag: adc
   Tag: dac
   Tag: gpio
   Tag: i2c
   Tag: motor
   Tag: pwm
   Tag: sensor
   Tag: serial
   Tag: servo
   Tag: spi
   Tag: stepper
   Version: 1.21527.1
   Website: https://github.com/pmunts/libsimpleio
Dependencies (direct):
   case OS is
      when Linux => libhidapi*
   case OS is
      when Linux => libusb*
Dependencies (solution):
   libhidapi=0.11.2
   libusb=1.0.25
Dependencies (graph):
   remoteio=1.21527.1 --> libhidapi=0.11.2 (*)
   remoteio=1.21527.1 --> libusb=1.0.25 (*)   


LOG:
Note: Deploying remoteio=1.21527.1...
#=#=#                                                                         

###                                                                        5.0%
#############                                                             19.1%
#######################################                                   54.3%
######################################################################## 100.0%
Note: Deploying libhidapi=0.11.2...
The system package 'libhidapi-dev' is about to be installed.
This action might require admin privileges and impact your system installation.
Do you want Alire to install this system package?
Using default: Yes
debconf: delaying package configuration, since apt-utils is not installed
Selecting previously unselected package libusb-1.0-0:amd64.
(Reading database ... 
(Reading database ... 5%
(Reading database ... 10%
(Reading database ... 15%
(Reading database ... 20%
(Reading database ... 25%
(Reading database ... 30%
(Reading database ... 35%
(Reading database ... 40%
(Reading database ... 45%
(Reading database ... 50%
(Reading database ... 55%
(Reading database ... 60%
(Reading database ... 65%
(Reading database ... 70%
(Reading database ... 75%
(Reading database ... 80%
(Reading database ... 85%
(Reading database ... 90%
(Reading database ... 95%
(Reading database ... 100%
(Reading database ... 28111 files and directories currently installed.)
Preparing to unpack .../libusb-1.0-0_2%3a1.0.25-1ubuntu2_amd64.deb ...
Unpacking libusb-1.0-0:amd64 (2:1.0.25-1ubuntu2) ...
Selecting previously unselected package libhidapi-libusb0:amd64.
Preparing to unpack .../libhidapi-libusb0_0.11.2-1_amd64.deb ...
Unpacking libhidapi-libusb0:amd64 (0.11.2-1) ...
Selecting previously unselected package libhidapi-hidraw0:amd64.
Preparing to unpack .../libhidapi-hidraw0_0.11.2-1_amd64.deb ...
Unpacking libhidapi-hidraw0:amd64 (0.11.2-1) ...
Selecting previously unselected package libhidapi-dev:amd64.
Preparing to unpack .../libhidapi-dev_0.11.2-1_amd64.deb ...
Unpacking libhidapi-dev:amd64 (0.11.2-1) ...
Setting up libhidapi-hidraw0:amd64 (0.11.2-1) ...
Setting up libusb-1.0-0:amd64 (2:1.0.25-1ubuntu2) ...
Setting up libhidapi-libusb0:amd64 (0.11.2-1) ...
Setting up libhidapi-dev:amd64 (0.11.2-1) ...
Processing triggers for libc-bin (2.35-0ubuntu3.3) ...
Note: Deploying libusb=1.0.25...
The system package 'libusb-1.0-0-dev' is about to be installed.
This action might require admin privileges and impact your system installation.
Do you want Alire to install this system package?
Using default: Yes
debconf: delaying package configuration, since apt-utils is not installed
Selecting previously unselected package libusb-1.0-0-dev:amd64.
(Reading database ... 
(Reading database ... 5%
(Reading database ... 10%
(Reading database ... 15%
(Reading database ... 20%
(Reading database ... 25%
(Reading database ... 30%
(Reading database ... 35%
(Reading database ... 40%
(Reading database ... 45%
(Reading database ... 50%
(Reading database ... 55%
(Reading database ... 60%
(Reading database ... 65%
(Reading database ... 70%
(Reading database ... 75%
(Reading database ... 80%
(Reading database ... 85%
(Reading database ... 90%
(Reading database ... 95%
(Reading database ... 100%
(Reading database ... 28141 files and directories currently installed.)
Preparing to unpack .../libusb-1.0-0-dev_2%3a1.0.25-1ubuntu2_amd64.deb ...
Unpacking libusb-1.0-0-dev:amd64 (2:1.0.25-1ubuntu2) ...
Selecting previously unselected package libusb-1.0-doc.
Preparing to unpack .../libusb-1.0-doc_2%3a1.0.25-1ubuntu2_all.deb ...
Unpacking libusb-1.0-doc (2:1.0.25-1ubuntu2) ...
Setting up libusb-1.0-doc (2:1.0.25-1ubuntu2) ...
Setting up libusb-1.0-0-dev:amd64 (2:1.0.25-1ubuntu2) ...
Note: Running post_fetch actions for remoteio=1.21527.1...
Note: Building remoteio/remoteio.gpr...
Setup
   [mkdir]        object directory for project RemoteIO
   [mkdir]        library directory for project RemoteIO
Compile
   [Ada]          remoteio-beaglebone.ads
   [Ada]          remoteio-munts_0016.ads
   [Ada]          remoteio-munts_0018.ads
   [Ada]          adc-remoteio.adb
   [Ada]          remoteio-abstract_device.adb
   [Ada]          remoteio-client.adb
   [Ada]          remoteio-lpc1114.adb
   [Ada]          pwm-remoteio.adb
   [Ada]          remoteio-lpc1114-legorc.adb
   [Ada]          remoteio-client-stream.ads
   [Ada]          remoteio-arduino.ads
   [Ada]          remoteio-munts_0015.ads
   [Ada]          remoteio-pocketbeagle.ads
   [Ada]          remoteio-client-hidapi.ads
   [Ada]          remoteio-lpc1114-adc.adb
   [Ada]          i2c-remoteio.adb
   [Ada]          remoteio-client-serial.adb
   [Ada]          remoteio-raspberrypi.ads
   [Ada]          spi-remoteio.adb
   [Ada]          dac-remoteio.adb
   [Ada]          remoteio-munts_0009.ads
   [Ada]          remoteio-lpc1114-timers.adb
   [Ada]          remoteio-lpc1114-gpio.adb
   [Ada]          gpio-remoteio.adb
   [Ada]          remoteio-client-libusb.ads
   [Ada]          remoteio-lpc1114-pwm.adb
   [Ada]          remoteio-client-udp.ads
   [Ada]          remoteio-munts_0008.ads
   [Ada]          remoteio.ads
   [Ada]          clickboard-remoteio.adb
   [Ada]          clickboard-expand2-remoteio.adb
   [Ada]          clickboard-adc-remoteio.adb
   [Ada]          clickboard-relay-remoteio.adb
   [Ada]          clickboard-expand-remoteio.adb
   [Ada]          clickboard-thermo3-remoteio.adb
   [Ada]          clickboard-altitude-remoteio.adb
   [Ada]          clickboard-htu21d-remoteio.adb
   [Ada]          clickboard-pwm_click-remoteio.adb
   [Ada]          clickboard-sevensegment-remoteio.adb
   [Ada]          clickboard-servers.adb
   [Ada]          clickboard-thermo-remoteio.adb
   [Ada]          clickboard-leds_8x8-remoteio.adb
   [Ada]          clickboard-sevensegment.adb
   [Ada]          clickboard-htu21d.ads
   [Ada]          clickboard-adc.adb
   [Ada]          clickboard-template.ads
   [Ada]          clickboard-altitude.ads
   [Ada]          clickboard-thermo.ads
   [Ada]          clickboard.ads
   [Ada]          clickboard-pwm_click.ads
   [Ada]          clickboard-relay.ads
   [Ada]          clickboard-leds_8x8.adb
   [Ada]          clickboard-expand.adb
   [Ada]          clickboard-thermo3.ads
   [Ada]          clickboard-expand2.adb
   [Ada]          debug.adb
   [Ada]          message64-udp.ads
   [Ada]          servo-pwm.ads
   [Ada]          gpio-pwm.adb
   [Ada]          messaging-fixed-gnat_udp.adb
   [Ada]          motor-servo.adb
   [Ada]          messaging-fixed-ada_streams.adb
   [Ada]          thermistor.adb
   [Ada]          hid-libusb.adb
   [Ada]          motor-legorc.adb
   [Ada]          motor-pwm.adb
   [Ada]          stream_framing_protocol.adb
   [Ada]          hid-hidapi.adb
   [Ada]          message64-stream.ads
   [Ada]          temperature.ads
   [Ada]          motor.ads
   [Ada]          hid.adb
   [Ada]          messaging.adb
   [Ada]          truecolor.ads
   [Ada]          adc.adb
   [Ada]          analog.ads
   [Ada]          watchdog.ads
   [Ada]          messaging-text.ads
   [Ada]          angle.ads
   [Ada]          servo.ads
   [Ada]          stepper.ads
   [Ada]          magnetometer.ads
   [Ada]          pwm.ads
   [Ada]          spi.ads
   [Ada]          resistance.ads
   [Ada]          voltage.ads
   [Ada]          humidity.ads
   [Ada]          messaging-fixed.ads
   [Ada]          accelerometer.ads
   [Ada]          servo-pwm_template.adb
   [Ada]          io_interfaces.ads
   [Ada]          gpio.ads
   [Ada]          dac.adb
   [Ada]          legorc.ads
   [Ada]          i2c.adb
   [Ada]          message64.ads
   [Ada]          gyroscope.ads
   [Ada]          joystick.ads
   [Ada]          pressure.ads
   [Ada]          pca8574-gpio.adb
   [Ada]          ads1015.adb
   [Ada]          grove_tb6612-motor.adb
   [Ada]          hdc1080.adb
   [Ada]          pca9534-gpio.adb
   [Ada]          mcp23x17-gpio.adb
   [Ada]          mcp23x17-word.adb
   [Ada]          pca8574.adb
   [Ada]          mcp4822.adb
   [Ada]          mcp23x17.adb
   [Ada]          hts221.adb
   [Ada]          bmp280.adb
   [Ada]          max7219.adb
   [Ada]          grove_tb6612.adb
   [Ada]          mcp23x17-byte.adb
   [Ada]          tmp102.adb
   [Ada]          grove_tb6612-stepper.adb
   [Ada]          mpl3115a2.adb
   [Ada]          htu21d.adb
   [Ada]          adc121c021.adb
   [Ada]          grove_adc.ads
   [Ada]          mcp3208.adb
   [Ada]          mcp3204.adb
   [Ada]          tcs3472.adb
   [Ada]          th02.adb
   [Ada]          hid-munts.ads
   [Ada]          grove_temperature.adb
   [Ada]          pca9534.adb
   [Ada]          mcp3202.adb
   [Ada]          a4988.adb
   [Ada]          pca9685-pwm.adb
   [Ada]          max31855.adb
   [Ada]          tlc1543.adb
   [Ada]          lsm9ds1.adb
   [Ada]          pca9685.adb
   [Ada]          cytron_md13s.adb
   [Ada]          pca9685-gpio.adb
   [Ada]          lps25h.adb
   [Ada]          grove_temperature_humidity.ads
   [Ada]          errno.ads
lsm9ds1.adb:154:12: warning: function "ReadRegister" is not referenced
lsm9ds1.adb:250:16: warning: formal parameter "Self" is not referenced
   [Ada]          remoteio_config.ads
Build Libraries
   [gprlib]       remoteio.lexch
   [archive]      libremoteio.a
   [index]        libremoteio.a
Build finished successfully in 3.74 seconds.

remoteio=1.21527.1 successfully retrieved and built.
Dependencies were solved as follows:

   + libhidapi 0.11.2 (new)
   + libusb    1.0.25 (new)
Found declared GPR file: remoteio.gpr
