Test ran at 2022-06-25 12:42:51.428486+00:00

SOLUTION:
lvgl_ada=0.2.0: Bindings for the LVGL embedded GUI framework
Origin: commit ccf8da85aeafa38f4ae669b61298237424dc7e55 from https://github.com/Fabien-Chouteau/lvgl-ada.git
Properties:
   Config type: Builtin_Allocator_Size : Integer range 1 .. 1000000 default: '65536'
   Config type: Color_16_SWAP : Boolean default: 'FALSE'
   Config type: Density_Per_Inch : Integer range 1 .. 1000000
   Config type: Double_Buffering : Boolean default: 'FALSE'
   Config type: Horizontal_Resolution : Integer range 1 .. 1000000
   Config type: Log_Level : Enum (Trace, Info, Warn, Error) default: 'Warn'
   Config type: Log_With_Printf : Boolean default: 'FALSE'
   Config type: Pixel_Bit_Depth : Enum (Pix_1bit, Pix_8bit, Pix_16bit, Pix_32bit)
   Config type: Theme_Live_Update : Boolean default: 'FALSE'
   Config type: Use_Builtin_Allocator : Boolean default: 'TRUE'
   Config type: Vertical_Resolution : Integer range 1 .. 1000000
   Config type: Virtual_Display_Buffer_Size : Integer range 1 .. 1000000 default: '10240'
   Configuration: no modifiers
   Description: Bindings for the LVGL embedded GUI framework
   License: MIT
   Maintainer: fabien.chouteau@gmail.com
   Maintainers_Logins: Fabien-Chouteau
   Name: lvgl_ada
   Tag: embedded
   Tag: gui
   Tag: lvgl
   Tag: no-std
   Version: 0.2.0
   Website: https://github.com/Fabien-Chouteau/lvgl-ada


LOG:
Note: Deploying lvgl_ada=0.2.0...
stderr: Configuration variable 'lvgl_ada.density_per_inch not set and has no default value.
ERROR: Configuration variable 'lvgl_ada.density_per_inch not set and has no default value.
