Test ran at 2022-08-19 00:49:00.556165+00:00

SOLUTION:
dependency_graph_extractor=22.0.0: Extract dependency information from Ada projects
Origin: commit 992fc1c438fff2917f5cbdbfe6ca449933ee6fd5 from https://github.com/TNO/Dependency_Graph_Extractor-Ada.git
Properties:
   Author: Jeroen Ketema
   Author: Pierre van de Laar
   Description: Extract dependency information from Ada projects
   Executable: dependency_graph_extractor
   License: BSD-3-Clause
   Maintainer: Pierre van de Laar <pierre.van.de.laar@gmail.com>
   Maintainers_Logins: pjljvandelaar
   Name: dependency_graph_extractor
   Tag: extract
   Tag: dependency
   Tag: analysis
   Tag: graph
   Tag: graphml
   Version: 22.0.0
   Website: https://github.com/TNO/Dependency_Graph_Extractor-Ada
Dependencies (direct):
   libadalang^22.0.0
Dependencies (solution):
   gnat=11.2.4 (gnat_native) (installed)
   gnatcoll=22.0.0
   gnatcoll_gmp=22.0.0
   gnatcoll_iconv=22.0.0
   langkit_support=22.0.0
   libadalang=22.0.0
   libgmp=6.2.1
   libgpr=22.0.0
   xmlada=22.0.0
Dependencies (graph):
   dependency_graph_extractor=22.0.0 --> libadalang=22.0.0 (^22.0.0)       
   gnatcoll=22.0.0                   --> libgpr=22.0.0 (~22.0.0)           
   gnatcoll_gmp=22.0.0               --> gnatcoll=22.0.0 (~22.0.0)         
   gnatcoll_gmp=22.0.0               --> libgmp=6.2.1 (*)                  
   gnatcoll_iconv=22.0.0             --> gnatcoll=22.0.0 (~22.0.0)         
   langkit_support=22.0.0            --> gnatcoll=22.0.0 (^22)             
   langkit_support=22.0.0            --> gnatcoll_iconv=22.0.0 (^22)       
   libadalang=22.0.0                 --> gnatcoll=22.0.0 (^22)             
   libadalang=22.0.0                 --> gnatcoll_gmp=22.0.0 (^22)         
   libadalang=22.0.0                 --> gnatcoll_iconv=22.0.0 (^22)       
   libadalang=22.0.0                 --> langkit_support=22.0.0 (^22)      
   libgpr=22.0.0                     --> gnat=11.2.4 (gnat_native) (/=2020)
   libgpr=22.0.0                     --> xmlada=22.0.0 (~22.0.0)           
   xmlada=22.0.0                     --> gnat=11.2.4 (gnat_native) (>=11)  


LOG:
Note: Deploying dependency_graph_extractor=22.0.0...
Note: Deploying libgmp=6.2.1...
Note: Deploying xmlada=22.0.0...
#=#=#                                                                         
##O#-#                                                                        
##O=#  #                                                                      
#=#=-#  #                                                                     
 #=#=-#   #                                                                   
  #=#=- #   #                                                                 
   #=#=- #   #                                                                
Note: Running post_fetch actions for xmlada=22.0.0...
checking build system type... x86_64-apple-darwin20.6.0
checking host system type... x86_64-apple-darwin20.6.0
checking target system type... x86_64-apple-darwin20.6.0
checking whether gnat can build shared libs... yes
checking for a BSD-compatible install... /usr/bin/install -c
checking whether ln -s works... yes
configure: creating ./config.status
config.status: creating xmlada_shared.gpr
config.status: creating Makefile
config.status: creating tests/dom/default.gpr
Note: Deploying libgpr=22.0.0...
#=#=#                                                                         
##O#-#                                                                        
##O=#  #                                                                      
#=#=-#  #                                                                     
 #=#=-#   #                                                                   
  #=#=- #   #                                                                 
   #=#=- #   #                                                                
Note: Deploying gnatcoll=22.0.0...
#=#=#                                                                         
##O#-#                                                                        
##O=#  #                                                                      
#=#=-#  #                                                                     
 #=#=-#   #                                                                   
  #=#=- #   #                                                                 
   #=#=- #   #                                                                
Note: Deploying gnatcoll_gmp=22.0.0...
#=#=#                                                                         
##O#-#                                                                        
##O=#  #                                                                      
#=#=-#  #                                                                     
 #=#=-#   #                                                                   
  #=#=- #   #                                                                 
Note: Deploying gnatcoll_iconv=22.0.0...
#=#=#                                                                         
##O#-#                                                                        
##O=#  #                                                                      

###                                                                        5.5%
###########################                                               38.6%
######################################################################## 100.0%
Note: Deploying langkit_support=22.0.0...
#=#=#                                                                         
##O#-#                                                                        

###########                                                               15.6%
######################################################################## 100.0%
Note: Deploying libadalang=22.0.0...
#=#=#                                                                         
##O#-#                                                                        
##O=#  #                                                                      

######################################################################## 100.0%
Note: Building dependency_graph_extractor/dependency_graph_extractor.gpr...
gnatcoll.gpr:254:07: warning: value "windows" is not used as label
Setup
   [mkdir]        object directory for project XmlAda_Sax
   [mkdir]        library directory for project XmlAda_Sax
   [mkdir]        object directory for project XmlAda_Schema
   [mkdir]        object directory for project GPR
   [mkdir]        library directory for project GPR
   [mkdir]        object directory for project GnatColl
   [mkdir]        library directory for project GnatColl
   [mkdir]        object directory for project GnatColl_GMP
   [mkdir]        library directory for project GnatColl_GMP
   [mkdir]        object directory for project GnatColl_Iconv
   [mkdir]        library directory for project GnatColl_Iconv
   [mkdir]        object directory for project Langkit_Support
   [mkdir]        library directory for project Langkit_Support
   [mkdir]        object directory for project Libadalang
   [mkdir]        library directory for project Libadalang
   [mkdir]        object directory for project Dependency_Graph_Extractor
   [mkdir]        exec directory for project Dependency_Graph_Extractor
Compile
   [Ada]          dependency_graph_extractor.adb
   [Ada]          langkit_support-adalog-main_support.adb
   [Ada]          langkit_support-symbols.adb
   [Ada]          langkit_support-text.adb
   [Ada]          langkit_support-lexical_envs.ads
   [Ada]          langkit_support.ads
   [Ada]          langkit_support-internal.ads
   [Ada]          langkit_support-images.adb
   [Ada]          langkit_support-hashes.adb
   [Ada]          langkit_support-iterators.adb
   [Ada]          langkit_support-tree_traversal_iterator.adb
   [Ada]          langkit_support-diagnostics.adb
   [Ada]          langkit_support-adalog-logic_ref.adb
   [Ada]          langkit_support-errors.ads
   [Ada]          langkit_support-boxes.adb
   [Ada]          langkit_support-adalog-unify_lr.adb
   [Ada]          langkit_support-adalog-predicates.adb
   [Ada]          langkit_support-adalog-pure_relations.adb
   [Ada]          langkit_support-adalog-relations.adb
   [Ada]          langkit_support-symbols-precomputed.adb
   [Ada]          langkit_support-lexical_envs_impl.adb
   [Ada]          langkit_support-adalog-logic_var.ads
   [Ada]          langkit_support-types.ads
   [Ada]          langkit_support-diagnostics-output.adb
   [Ada]          langkit_support-relative_get.adb
   [Ada]          langkit_support-slocs.adb
   [Ada]          langkit_support-vectors.adb
   [Ada]          langkit_support-adalog-operations.adb
   [Ada]          langkit_support-bump_ptr.adb
   [Ada]          langkit_support-file_readers.adb
   [Ada]          langkit_support-adalog-eq_same.adb
   [Ada]          langkit_support-adalog-debug.adb
   [Ada]          langkit_support-packrat.adb
   [Ada]          langkit_support-generic_api-analysis.adb
   [Ada]          langkit_support-cheap_sets.adb
   [Ada]          langkit_support-generic_api.adb
   [Ada]          langkit_support-adalog.ads
   [Ada]          langkit_support-adalog-unify.adb
   [Ada]          langkit_support-bump_ptr-vectors.adb
   [Ada]          langkit_support-adalog-unify_one_side.adb
   [Ada]          langkit_support-array_utils.adb
   [Ada]          langkit_support-adalog-abstract_relation.adb
   [Ada]          langkit_support-token_data_handlers.adb
   [C]            iconv_support.c
   [Ada]          gnatcoll-iconv.adb
   [C]            gnatcoll-gmp-mpz_odd_p.c
/Users/runner/work/alire-crates-ci/alire-crates-ci/test/499b8a69-9436-4f94-8f32-87f2be67acd6/dependency_graph_extractor_22.0.0_992fc1c4/alire/cache/dependencies/gnatcoll_gmp_22.0.0_f3732e5d/gmp/gnatcoll-gmp-mpz_odd_p.c:20:10: fatal error: gmp.h: No such file or directory
   20 | #include <gmp.h>
      |          ^~~~~~~
compilation terminated.

   compilation of gnatcoll-gmp-mpz_odd_p.c failed

gprbuild: *** compilation phase failed
stderr: Command ["gprbuild", "-s", "-j0", "-p", "-P", "/Users/runner/work/alire-crates-ci/alire-crates-ci/test/499b8a69-9436-4f94-8f32-87f2be67acd6/dependency_graph_extractor_22.0.0_992fc1c4/dependency_graph_extractor.gpr"] exited with code 4
ERROR: Command ["gprbuild", "-s", "-j0", "-p", "-P", "/Users/runner/work/alire-crates-ci/alire-crates-ci/test/499b8a69-9436-4f94-8f32-87f2be67acd6/dependency_graph_extractor_22.0.0_992fc1c4/dependency_graph_extractor.gpr"] exited with code 4
stderr: ALIRE.CHECKED_ERROR
stderr: Command ["gprbuild", "-s", "-j0", "-p", "-P", "/Users/runner/work/alire-crates-ci/alire-crates-ci/test/499b8a69-9436-4f94-8f32-87f2be67acd6/dependency_graph_extractor_22.0.0_992fc1c4/dependency_graph_extractor.gpr"] exited with code 4
stderr: raised ALIRE.CHECKED_ERROR : alire-stored-error:1
Load address: 0x10175f000
Call stack traceback locations:
0x10206712d 0x101d3c867 0x101f4f0d9 0x101f4f861 0x101eafdc7 0x101eae29d 0x101ecab77 0x101f170a9 0x101f15b02 0x101ecacbc 0x101eae64d 0x1017c1f01 0x1017d2ab8 0x1017d755c 0x10185d59c 0x1018688f8 0x101763b45 0x101766e54


Warning: dependency_graph_extractor=22.0.0 successfully retrieved but its build failed.
Dependencies were solved as follows:

   +i gnat            11.2.4 (new,installed,gnat_native,indirect)
   +  gnatcoll        22.0.0 (new,indirect)                      
   +  gnatcoll_gmp    22.0.0 (new,indirect)                      
   +  gnatcoll_iconv  22.0.0 (new,indirect)                      
   +  langkit_support 22.0.0 (new,indirect)                      
   +  libadalang      22.0.0 (new)                               
   +  libgmp          6.2.1  (new,indirect)                      
   +  libgpr          22.0.0 (new,indirect)                      
   +  xmlada          22.0.0 (new,indirect)                      
ERROR: Build ended with errors
