Test ran at 2024-03-22 01:19:27.714754+00:00

SOLUTION:
gnat_avr_elf=13.2.1: The GNAT Ada compiler - AVR cross-compiler
Provides: gnat=13.2.1
Origin: (case OS is Linux => (case Host_Arch is X86_64 => binary archive gnat-avr-elf-linux64-13.2.0-1.tar.gz at https://github.com/alire-project/GNAT-FSF-builds/releases/download/gnat-13.2.0-1/gnat-avr-elf-linux64-13.2.0-1.tar.gz), Macos => (case Host_Arch is X86_64 => binary archive gnat-avr-elf-darwin-13.2.0-1.tar.gz at https://github.com/alire-project/GNAT-FSF-builds/releases/download/gnat-13.2.0-1/gnat-avr-elf-darwin-13.2.0-1.tar.gz), Windows => (case Host_Arch is X86_64 => binary archive gnat-avr-elf-windows64-13.2.0-1.tar.gz at https://github.com/alire-project/GNAT-FSF-builds/releases/download/gnat-13.2.0-1/gnat-avr-elf-windows64-13.2.0-1.tar.gz)) with hash sha256:e8e44bd7b64d33e006878e20a6fa6e29e0a816cbe6cf81d7301b9915df9b4cd2
Properties:
   Auto_Gpr_With: auto-gpr-with=false
   Configuration: no modifiers
   Description: The GNAT Ada compiler - AVR cross-compiler
   Environment: PATH=${CRATE_ROOT}/bin:${PATH}
   License: GPL-3.0-or-later AND GPL-3.0-or-later WITH GCC-exception-3.1
   Maintainer: chouteau@adacore.com
   Maintainers_Logins: Fabien-Chouteau
   Name: gnat_avr_elf
   Version: 13.2.1


LOG:
Spawning: alr -d -n get gnat_avr_elf=13.2.1
Note: Deploying gnat_avr_elf=13.2.1...
#=#=#                                                                          

##                                                                         3.1%
##                                                                         3.8%
######                                                                     8.5%
#############                                                             18.9%
###################                                                       27.3%
###########################                                               37.5%
############################                                              40.3%
##################################                                        48.4%
#######################################                                   54.6%
###########################################                               59.8%
#################################################                         68.2%
####################################################                      73.4%
#######################################################                   76.8%
#########################################################                 80.3%
#################################################################         90.4%
######################################################################    98.2%
######################################################################## 100.0%

gnat_avr_elf=13.2.1 successfully retrieved.
There are no dependencies.
