Test ran at 2023-05-12 12:32:23.403778+00:00

SOLUTION:
mage=0.5.0: Mini Ada Game Engine - A very simple game engine written in Ada
Origin: commit 62ceaf2d1ed185fa23dd54743d73d038a6f4b094 from https://gitlab.com/leogermond/mage.git
Properties:
   Author: Leo Germond
   Description: Mini Ada Game Engine - A very simple game engine written in Ada
   License: Apache-2.0
   Maintainer: Leo Germond <germond@adacore.com>
   Maintainers_Logins: leogermond
   Name: mage
   Tag: game
   Tag: engine
   Tag: sdl
   Version: 0.5.0
   Website: www.gitlab.com/leogermond/mage
Dependencies (direct):
   sdlada^2.5.4-1
Dependencies (solution):
   libsdl2=2.0.20
   libsdl2_image=2.0.5
   libsdl2_ttf=2.0.18
   make=4.3.0
   sdlada=2.5.5
Dependencies (graph):
   mage=0.5.0   --> sdlada=2.5.5 (^2.5.4-1)     
   sdlada=2.5.5 --> libsdl2=2.0.20 (^2.0.0)     
   sdlada=2.5.5 --> libsdl2_image=2.0.5 (^2.0.0)
   sdlada=2.5.5 --> libsdl2_ttf=2.0.18 (^2.0.0) 
   sdlada=2.5.5 --> make=4.3.0 (*)              


LOG:
Note: Deploying mage=0.5.0...
Note: Deploying libsdl2=2.0.20...
The system package 'libsdl2-dev' is about to be installed.
This action might require admin privileges and impact your system installation.
Do you want Alire to install this system package?
Using default: Yes
Selecting previously unselected package libibus-1.0-5:amd64.
(Reading database ... 
(Reading database ... 5%
(Reading database ... 10%
(Reading database ... 15%
(Reading database ... 20%
(Reading database ... 25%
(Reading database ... 30%
(Reading database ... 35%
(Reading database ... 40%
(Reading database ... 45%
(Reading database ... 50%
(Reading database ... 55%
(Reading database ... 60%
(Reading database ... 65%
(Reading database ... 70%
(Reading database ... 75%
(Reading database ... 80%
(Reading database ... 85%
(Reading database ... 90%
(Reading database ... 95%
(Reading database ... 100%
(Reading database ... 222944 files and directories currently installed.)
Preparing to unpack .../00-libibus-1.0-5_1.5.26-4_amd64.deb ...
Unpacking libibus-1.0-5:amd64 (1.5.26-4) ...
Selecting previously unselected package gir1.2-ibus-1.0:amd64.
Preparing to unpack .../01-gir1.2-ibus-1.0_1.5.26-4_amd64.deb ...
Unpacking gir1.2-ibus-1.0:amd64 (1.5.26-4) ...
Selecting previously unselected package libasound2-dev:amd64.
Preparing to unpack .../02-libasound2-dev_1.2.6.1-1ubuntu1_amd64.deb ...
Unpacking libasound2-dev:amd64 (1.2.6.1-1ubuntu1) ...
Selecting previously unselected package libasyncns0:amd64.
Preparing to unpack .../03-libasyncns0_0.8-6build2_amd64.deb ...
Unpacking libasyncns0:amd64 (0.8-6build2) ...
Selecting previously unselected package libdbus-1-dev:amd64.
Preparing to unpack .../04-libdbus-1-dev_1.12.20-2ubuntu4.1_amd64.deb ...
Unpacking libdbus-1-dev:amd64 (1.12.20-2ubuntu4.1) ...
Selecting previously unselected package libdecor-0-0:amd64.
Preparing to unpack .../05-libdecor-0-0_0.1.0-3build1_amd64.deb ...
Unpacking libdecor-0-0:amd64 (0.1.0-3build1) ...
Selecting previously unselected package libwayland-bin.
Preparing to unpack .../06-libwayland-bin_1.20.0-1ubuntu0.1_amd64.deb ...
Unpacking libwayland-bin (1.20.0-1ubuntu0.1) ...
Selecting previously unselected package libwayland-dev:amd64.
Preparing to unpack .../07-libwayland-dev_1.20.0-1ubuntu0.1_amd64.deb ...
Unpacking libwayland-dev:amd64 (1.20.0-1ubuntu0.1) ...
Selecting previously unselected package libdecor-0-dev:amd64.
Preparing to unpack .../08-libdecor-0-dev_0.1.0-3build1_amd64.deb ...
Unpacking libdecor-0-dev:amd64 (0.1.0-3build1) ...
Selecting previously unselected package libdecor-0-plugin-1-cairo:amd64.
Preparing to unpack .../09-libdecor-0-plugin-1-cairo_0.1.0-3build1_amd64.deb ...
Unpacking libdecor-0-plugin-1-cairo:amd64 (0.1.0-3build1) ...
Selecting previously unselected package libpciaccess0:amd64.
Preparing to unpack .../10-libpciaccess0_0.16-3_amd64.deb ...
Unpacking libpciaccess0:amd64 (0.16-3) ...
Selecting previously unselected package libdrm-intel1:amd64.
Preparing to unpack .../11-libdrm-intel1_2.4.113-2~ubuntu0.22.04.1_amd64.deb ...
Unpacking libdrm-intel1:amd64 (2.4.113-2~ubuntu0.22.04.1) ...
Selecting previously unselected package libpciaccess-dev:amd64.
Preparing to unpack .../12-libpciaccess-dev_0.16-3_amd64.deb ...
Unpacking libpciaccess-dev:amd64 (0.16-3) ...
Selecting previously unselected package libdrm-dev:amd64.
Preparing to unpack .../13-libdrm-dev_2.4.113-2~ubuntu0.22.04.1_amd64.deb ...
Unpacking libdrm-dev:amd64 (2.4.113-2~ubuntu0.22.04.1) ...
Selecting previously unselected package libegl-mesa0:amd64.
Preparing to unpack .../14-libegl-mesa0_22.2.5-0ubuntu0.1~22.04.1_amd64.deb ...
Unpacking libegl-mesa0:amd64 (22.2.5-0ubuntu0.1~22.04.1) ...
Selecting previously unselected package libegl1:amd64.
Preparing to unpack .../15-libegl1_1.4.0-1_amd64.deb ...
Unpacking libegl1:amd64 (1.4.0-1) ...
Selecting previously unselected package libglx-dev:amd64.
Preparing to unpack .../16-libglx-dev_1.4.0-1_amd64.deb ...
Unpacking libglx-dev:amd64 (1.4.0-1) ...
Selecting previously unselected package libgl-dev:amd64.
Preparing to unpack .../17-libgl-dev_1.4.0-1_amd64.deb ...
Unpacking libgl-dev:amd64 (1.4.0-1) ...
Selecting previously unselected package libegl-dev:amd64.
Preparing to unpack .../18-libegl-dev_1.4.0-1_amd64.deb ...
Unpacking libegl-dev:amd64 (1.4.0-1) ...
Selecting previously unselected package libglvnd-core-dev:amd64.
Preparing to unpack .../19-libglvnd-core-dev_1.4.0-1_amd64.deb ...
Unpacking libglvnd-core-dev:amd64 (1.4.0-1) ...
Selecting previously unselected package libgles1:amd64.
Preparing to unpack .../20-libgles1_1.4.0-1_amd64.deb ...
Unpacking libgles1:amd64 (1.4.0-1) ...
Selecting previously unselected package libgles2:amd64.
Preparing to unpack .../21-libgles2_1.4.0-1_amd64.deb ...
Unpacking libgles2:amd64 (1.4.0-1) ...
Selecting previously unselected package libgles-dev:amd64.
Preparing to unpack .../22-libgles-dev_1.4.0-1_amd64.deb ...
Unpacking libgles-dev:amd64 (1.4.0-1) ...
Selecting previously unselected package libopengl0:amd64.
Preparing to unpack .../23-libopengl0_1.4.0-1_amd64.deb ...
Unpacking libopengl0:amd64 (1.4.0-1) ...
Selecting previously unselected package libopengl-dev:amd64.
Preparing to unpack .../24-libopengl-dev_1.4.0-1_amd64.deb ...
Unpacking libopengl-dev:amd64 (1.4.0-1) ...
Selecting previously unselected package libglvnd-dev:amd64.
Preparing to unpack .../25-libglvnd-dev_1.4.0-1_amd64.deb ...
Unpacking libglvnd-dev:amd64 (1.4.0-1) ...
Selecting previously unselected package libegl1-mesa-dev:amd64.
Preparing to unpack .../26-libegl1-mesa-dev_22.2.5-0ubuntu0.1~22.04.1_amd64.deb ...
Unpacking libegl1-mesa-dev:amd64 (22.2.5-0ubuntu0.1~22.04.1) ...
Selecting previously unselected package libflac8:amd64.
Preparing to unpack .../27-libflac8_1.3.3-2ubuntu0.1_amd64.deb ...
Unpacking libflac8:amd64 (1.3.3-2ubuntu0.1) ...
Selecting previously unselected package libglu1-mesa:amd64.
Preparing to unpack .../28-libglu1-mesa_9.0.2-1_amd64.deb ...
Unpacking libglu1-mesa:amd64 (9.0.2-1) ...
Selecting previously unselected package libglu1-mesa-dev:amd64.
Preparing to unpack .../29-libglu1-mesa-dev_9.0.2-1_amd64.deb ...
Unpacking libglu1-mesa-dev:amd64 (9.0.2-1) ...
Selecting previously unselected package libibus-1.0-dev:amd64.
Preparing to unpack .../30-libibus-1.0-dev_1.5.26-4_amd64.deb ...
Unpacking libibus-1.0-dev:amd64 (1.5.26-4) ...
Selecting previously unselected package libopus0:amd64.
Preparing to unpack .../31-libopus0_1.3.1-0.1build2_amd64.deb ...
Unpacking libopus0:amd64 (1.3.1-0.1build2) ...
Selecting previously unselected package libvorbisenc2:amd64.
Preparing to unpack .../32-libvorbisenc2_1.3.7-1build2_amd64.deb ...
Unpacking libvorbisenc2:amd64 (1.3.7-1build2) ...
Selecting previously unselected package libsndfile1:amd64.
Preparing to unpack .../33-libsndfile1_1.0.31-2build1_amd64.deb ...
Unpacking libsndfile1:amd64 (1.0.31-2build1) ...
Selecting previously unselected package libpulse0:amd64.
Preparing to unpack .../34-libpulse0_1%3a15.99.1+dfsg1-1ubuntu2.1_amd64.deb ...
Unpacking libpulse0:amd64 (1:15.99.1+dfsg1-1ubuntu2.1) ...
Selecting previously unselected package libpulse-mainloop-glib0:amd64.
Preparing to unpack .../35-libpulse-mainloop-glib0_1%3a15.99.1+dfsg1-1ubuntu2.1_amd64.deb ...
Unpacking libpulse-mainloop-glib0:amd64 (1:15.99.1+dfsg1-1ubuntu2.1) ...
Selecting previously unselected package libpulse-dev:amd64.
Preparing to unpack .../36-libpulse-dev_1%3a15.99.1+dfsg1-1ubuntu2.1_amd64.deb ...
Unpacking libpulse-dev:amd64 (1:15.99.1+dfsg1-1ubuntu2.1) ...
Selecting previously unselected package libsdl2-2.0-0:amd64.
Preparing to unpack .../37-libsdl2-2.0-0_2.0.20+dfsg-2ubuntu1.22.04.1_amd64.deb ...
Unpacking libsdl2-2.0-0:amd64 (2.0.20+dfsg-2ubuntu1.22.04.1) ...
Selecting previously unselected package libsndio7.0:amd64.
Preparing to unpack .../38-libsndio7.0_1.8.1-1.1_amd64.deb ...
Unpacking libsndio7.0:amd64 (1.8.1-1.1) ...
Selecting previously unselected package libsndio-dev:amd64.
Preparing to unpack .../39-libsndio-dev_1.8.1-1.1_amd64.deb ...
Unpacking libsndio-dev:amd64 (1.8.1-1.1) ...
Selecting previously unselected package libudev-dev:amd64.
Preparing to unpack .../40-libudev-dev_249.11-0ubuntu3.9_amd64.deb ...
Unpacking libudev-dev:amd64 (249.11-0ubuntu3.9) ...
Selecting previously unselected package libxfixes-dev:amd64.
Preparing to unpack .../41-libxfixes-dev_1%3a6.0.0-1_amd64.deb ...
Unpacking libxfixes-dev:amd64 (1:6.0.0-1) ...
Selecting previously unselected package libxcursor-dev:amd64.
Preparing to unpack .../42-libxcursor-dev_1%3a1.2.0-2build4_amd64.deb ...
Unpacking libxcursor-dev:amd64 (1:1.2.0-2build4) ...
Selecting previously unselected package libxi-dev:amd64.
Preparing to unpack .../43-libxi-dev_2%3a1.8-1build1_amd64.deb ...
Unpacking libxi-dev:amd64 (2:1.8-1build1) ...
Selecting previously unselected package libxinerama-dev:amd64.
Preparing to unpack .../44-libxinerama-dev_2%3a1.1.4-3_amd64.deb ...
Unpacking libxinerama-dev:amd64 (2:1.1.4-3) ...
Selecting previously unselected package libxkbcommon-dev:amd64.
Preparing to unpack .../45-libxkbcommon-dev_1.4.0-1_amd64.deb ...
Unpacking libxkbcommon-dev:amd64 (1.4.0-1) ...
Selecting previously unselected package libxrandr-dev:amd64.
Preparing to unpack .../46-libxrandr-dev_2%3a1.5.2-1build1_amd64.deb ...
Unpacking libxrandr-dev:amd64 (2:1.5.2-1build1) ...
Selecting previously unselected package libxss-dev:amd64.
Preparing to unpack .../47-libxss-dev_1%3a1.2.3-1build2_amd64.deb ...
Unpacking libxss-dev:amd64 (1:1.2.3-1build2) ...
Selecting previously unselected package libxv1:amd64.
Preparing to unpack .../48-libxv1_2%3a1.0.11-1build2_amd64.deb ...
Unpacking libxv1:amd64 (2:1.0.11-1build2) ...
Selecting previously unselected package libxv-dev:amd64.
Preparing to unpack .../49-libxv-dev_2%3a1.0.11-1build2_amd64.deb ...
Unpacking libxv-dev:amd64 (2:1.0.11-1build2) ...
Selecting previously unselected package libxxf86vm-dev:amd64.
Preparing to unpack .../50-libxxf86vm-dev_1%3a1.1.4-1build3_amd64.deb ...
Unpacking libxxf86vm-dev:amd64 (1:1.1.4-1build3) ...
Selecting previously unselected package libsdl2-dev:amd64.
Preparing to unpack .../51-libsdl2-dev_2.0.20+dfsg-2ubuntu1.22.04.1_amd64.deb ...
Unpacking libsdl2-dev:amd64 (2.0.20+dfsg-2ubuntu1.22.04.1) ...
Setting up libpciaccess0:amd64 (0.16-3) ...
Setting up libpciaccess-dev:amd64 (0.16-3) ...
Setting up libglvnd-core-dev:amd64 (1.4.0-1) ...
Setting up libxxf86vm-dev:amd64 (1:1.1.4-1build3) ...
Setting up libxkbcommon-dev:amd64 (1.4.0-1) ...
Setting up libdrm-intel1:amd64 (2.4.113-2~ubuntu0.22.04.1) ...
Setting up libibus-1.0-5:amd64 (1.5.26-4) ...
Setting up libxss-dev:amd64 (1:1.2.3-1build2) ...
Setting up libopengl0:amd64 (1.4.0-1) ...
Setting up libflac8:amd64 (1.3.3-2ubuntu0.1) ...
Setting up libxfixes-dev:amd64 (1:6.0.0-1) ...
Setting up libwayland-bin (1.20.0-1ubuntu0.1) ...
Setting up libxrandr-dev:amd64 (2:1.5.2-1build1) ...
Setting up libegl-mesa0:amd64 (22.2.5-0ubuntu0.1~22.04.1) ...
Setting up libgles2:amd64 (1.4.0-1) ...
Setting up libdbus-1-dev:amd64 (1.12.20-2ubuntu4.1) ...
Setting up libgles1:amd64 (1.4.0-1) ...
Setting up libopus0:amd64 (1.3.1-0.1build2) ...
Setting up libxv1:amd64 (2:1.0.11-1build2) ...
Setting up libudev-dev:amd64 (249.11-0ubuntu3.9) ...
Setting up libxinerama-dev:amd64 (2:1.1.4-3) ...
Setting up libsndio7.0:amd64 (1.8.1-1.1) ...
Setting up libasyncns0:amd64 (0.8-6build2) ...
Setting up libegl1:amd64 (1.4.0-1) ...
Setting up libdecor-0-0:amd64 (0.1.0-3build1) ...
Setting up libglx-dev:amd64 (1.4.0-1) ...
Setting up libglu1-mesa:amd64 (9.0.2-1) ...
Setting up libopengl-dev:amd64 (1.4.0-1) ...
Setting up libxi-dev:amd64 (2:1.8-1build1) ...
Setting up libasound2-dev:amd64 (1.2.6.1-1ubuntu1) ...
Setting up gir1.2-ibus-1.0:amd64 (1.5.26-4) ...
Setting up libgl-dev:amd64 (1.4.0-1) ...
Setting up libvorbisenc2:amd64 (1.3.7-1build2) ...
Setting up libdrm-dev:amd64 (2.4.113-2~ubuntu0.22.04.1) ...
Setting up libsndio-dev:amd64 (1.8.1-1.1) ...
Setting up libegl-dev:amd64 (1.4.0-1) ...
Setting up libxcursor-dev:amd64 (1:1.2.0-2build4) ...
Setting up libwayland-dev:amd64 (1.20.0-1ubuntu0.1) ...
Setting up libibus-1.0-dev:amd64 (1.5.26-4) ...
Setting up libdecor-0-dev:amd64 (0.1.0-3build1) ...
Setting up libxv-dev:amd64 (2:1.0.11-1build2) ...
Setting up libglu1-mesa-dev:amd64 (9.0.2-1) ...
Setting up libdecor-0-plugin-1-cairo:amd64 (0.1.0-3build1) ...
Setting up libsndfile1:amd64 (1.0.31-2build1) ...
Setting up libgles-dev:amd64 (1.4.0-1) ...
Setting up libpulse0:amd64 (1:15.99.1+dfsg1-1ubuntu2.1) ...
Setting up libglvnd-dev:amd64 (1.4.0-1) ...
Setting up libpulse-mainloop-glib0:amd64 (1:15.99.1+dfsg1-1ubuntu2.1) ...
Setting up libpulse-dev:amd64 (1:15.99.1+dfsg1-1ubuntu2.1) ...
Setting up libsdl2-2.0-0:amd64 (2.0.20+dfsg-2ubuntu1.22.04.1) ...
Setting up libegl1-mesa-dev:amd64 (22.2.5-0ubuntu0.1~22.04.1) ...
Setting up libsdl2-dev:amd64 (2.0.20+dfsg-2ubuntu1.22.04.1) ...
Processing triggers for man-db (2.10.2-1) ...
Processing triggers for libc-bin (2.35-0ubuntu3.1) ...
NEEDRESTART-VER: 3.5
NEEDRESTART-KCUR: 5.15.0-1037-azure
NEEDRESTART-KEXP: 5.15.0-1037-azure
NEEDRESTART-KSTA: 1
NEEDRESTART-SVC: mono-xsp4.service
NEEDRESTART-SVC: packagekit.service
NEEDRESTART-SVC: php8.1-fpm.service
NEEDRESTART-SVC: ssh.service
NEEDRESTART-SVC: user@1001.service
Note: Deploying libsdl2_image=2.0.5...
The system package 'libsdl2-image-dev' is about to be installed.
This action might require admin privileges and impact your system installation.
Do you want Alire to install this system package?
Using default: Yes
Selecting previously unselected package libsdl2-image-2.0-0:amd64.
(Reading database ... 
(Reading database ... 5%
(Reading database ... 10%
(Reading database ... 15%
(Reading database ... 20%
(Reading database ... 25%
(Reading database ... 30%
(Reading database ... 35%
(Reading database ... 40%
(Reading database ... 45%
(Reading database ... 50%
(Reading database ... 55%
(Reading database ... 60%
(Reading database ... 65%
(Reading database ... 70%
(Reading database ... 75%
(Reading database ... 80%
(Reading database ... 85%
(Reading database ... 90%
(Reading database ... 95%
(Reading database ... 100%
(Reading database ... 224085 files and directories currently installed.)
Preparing to unpack .../libsdl2-image-2.0-0_2.0.5+dfsg1-3build1_amd64.deb ...
Unpacking libsdl2-image-2.0-0:amd64 (2.0.5+dfsg1-3build1) ...
Selecting previously unselected package libsdl2-image-dev:amd64.
Preparing to unpack .../libsdl2-image-dev_2.0.5+dfsg1-3build1_amd64.deb ...
Unpacking libsdl2-image-dev:amd64 (2.0.5+dfsg1-3build1) ...
Setting up libsdl2-image-2.0-0:amd64 (2.0.5+dfsg1-3build1) ...
Setting up libsdl2-image-dev:amd64 (2.0.5+dfsg1-3build1) ...
Processing triggers for libc-bin (2.35-0ubuntu3.1) ...
NEEDRESTART-VER: 3.5
NEEDRESTART-KCUR: 5.15.0-1037-azure
NEEDRESTART-KEXP: 5.15.0-1037-azure
NEEDRESTART-KSTA: 1
NEEDRESTART-SVC: mono-xsp4.service
NEEDRESTART-SVC: packagekit.service
NEEDRESTART-SVC: php8.1-fpm.service
NEEDRESTART-SVC: ssh.service
NEEDRESTART-SVC: user@1001.service
Note: Deploying libsdl2_ttf=2.0.18...
The system package 'libsdl2-ttf-dev' is about to be installed.
This action might require admin privileges and impact your system installation.
Do you want Alire to install this system package?
Using default: Yes
Selecting previously unselected package libsdl2-ttf-2.0-0:amd64.
(Reading database ... 
(Reading database ... 5%
(Reading database ... 10%
(Reading database ... 15%
(Reading database ... 20%
(Reading database ... 25%
(Reading database ... 30%
(Reading database ... 35%
(Reading database ... 40%
(Reading database ... 45%
(Reading database ... 50%
(Reading database ... 55%
(Reading database ... 60%
(Reading database ... 65%
(Reading database ... 70%
(Reading database ... 75%
(Reading database ... 80%
(Reading database ... 85%
(Reading database ... 90%
(Reading database ... 95%
(Reading database ... 100%
(Reading database ... 224101 files and directories currently installed.)
Preparing to unpack .../libsdl2-ttf-2.0-0_2.0.18+dfsg-2_amd64.deb ...
Unpacking libsdl2-ttf-2.0-0:amd64 (2.0.18+dfsg-2) ...
Selecting previously unselected package libsdl2-ttf-dev:amd64.
Preparing to unpack .../libsdl2-ttf-dev_2.0.18+dfsg-2_amd64.deb ...
Unpacking libsdl2-ttf-dev:amd64 (2.0.18+dfsg-2) ...
Setting up libsdl2-ttf-2.0-0:amd64 (2.0.18+dfsg-2) ...
Setting up libsdl2-ttf-dev:amd64 (2.0.18+dfsg-2) ...
Processing triggers for libc-bin (2.35-0ubuntu3.1) ...
NEEDRESTART-VER: 3.5
NEEDRESTART-KCUR: 5.15.0-1037-azure
NEEDRESTART-KEXP: 5.15.0-1037-azure
NEEDRESTART-KSTA: 1
NEEDRESTART-SVC: mono-xsp4.service
NEEDRESTART-SVC: packagekit.service
NEEDRESTART-SVC: php8.1-fpm.service
NEEDRESTART-SVC: ssh.service
NEEDRESTART-SVC: user@1001.service
Note: Deploying make=4.3.0...
Note: Deploying sdlada=2.5.5...
Note: Running pre_build actions for sdlada=2.5.5...
make: Entering directory '/home/runner/work/alire-crates-ci/alire-crates-ci/test/a6e64f13-dafc-46c1-a59f-d138c846db04/mage_0.5.0_62ceaf2d/alire/cache/dependencies/sdlada_2.5.5_429c594d/build/gnat'
mkdir -p gen/src/
gprbuild -p -gnat2012 -XSDL_MODE=debug -XSDL_PLATFORM=linux \
	-Ptools.gpr
Setup
   [mkdir]        object directory for project Tools
Compile
   [Ada]          gen_keyboard.adb
   [Ada]          scancodes.ads
   [Ada]          utils.adb
Bind
   [gprbind]      gen_keyboard.bexch
   [Ada]          gen_keyboard.ali
Link
   [link]         gen_keyboard.adb
./gen/debug/tools/gen_keyboard > gen/src/sdl-events-keyboards.ads
make: Leaving directory '/home/runner/work/alire-crates-ci/alire-crates-ci/test/a6e64f13-dafc-46c1-a59f-d138c846db04/mage_0.5.0_62ceaf2d/alire/cache/dependencies/sdlada_2.5.5_429c594d/build/gnat'
Note: Building mage/mage.gpr...
Setup
   [mkdir]        object directory for project SDLAda
   [mkdir]        object directory for project Mage
   [mkdir]        library directory for project Mage
Compile
   [C]            version_ttf.c
   [C]            version_images.c
   [C]            version.c
   [Ada]          sdl-ttfs-versions.adb
   [Ada]          sdl-ttfs-makers.adb
   [Ada]          sdl-ttfs.adb
   [Ada]          sdl-images-versions.adb
   [Ada]          sdl-images.adb
   [Ada]          sdl-images-io.adb
   [Ada]          sdl-hints.adb
   [Ada]          sdl-inputs-keyboards.adb
   [Ada]          sdl-c_pointers.ads
   [Ada]          sdl-error.adb
   [Ada]          sdl-inputs-mice.adb
   [Ada]          sdl-inputs-joysticks-game_controllers.adb
   [Ada]          sdl-cpus.adb
   [Ada]          sdl-power.adb
   [Ada]          sdl-events-touches.ads
   [Ada]          sdl-video-surfaces.adb
   [Ada]          sdl-video-palettes.adb
sdl-video-palettes.ads:59:42: warning: 8 bits of "RGB_Colour" unused [enabled by default]
   [Ada]          sdl-video-pixel_formats.adb
sdl-video-surfaces.ads:31:06: warning: unnecessary with of ancestor [-gnatwr]
sdl-video-surfaces.ads:212:57: warning: aggregate not fully initialized [-gnatwv]
   [Ada]          sdl-inputs-joysticks-game_controllers-makers.adb
   [Ada]          sdl-video-renderers.adb
   [Ada]          sdl-log.adb
   [Ada]          sdl-events.ads
   [Ada]          sdl-video-pixels.ads
   [Ada]          sdl-events-files.ads
   [Ada]          sdl-inputs-joysticks.adb
   [Ada]          sdl-inputs.ads
   [Ada]          sdl-timers.ads
   [Ada]          sdl-rwops-streams.adb
   [Ada]          sdl-video-gl.adb
   [Ada]          sdl-video-surfaces-makers.adb
   [Ada]          sdl-inputs-joysticks-makers.adb
   [Ada]          sdl-events-mice.ads
sdl-video-gl.adb:49:07: warning: literal "Attribute_Retained_Backing" is not referenced [-gnatwu]
   [Ada]          sdl-events-joysticks.adb
   [Ada]          sdl-events-windows.ads
   [Ada]          sdl-clipboard.adb
   [Ada]          sdl-video-textures-makers.adb
sdl-clipboard.adb:24:06: warning: unnecessary with of ancestor [-gnatwr]
   [Ada]          sdl-rwops.adb
   [Ada]          sdl-video-windows-makers.adb
   [Ada]          sdl.adb
   [Ada]          sdl-events-events.adb
   [Ada]          sdl-video-windows.adb
   [Ada]          sdl-events-joysticks-game_controllers.adb
   [Ada]          sdl-video.adb
   [Ada]          sdl-versions.adb
   [Ada]          sdl-video-displays.adb
   [Ada]          sdl-video-renderers-makers.adb
sdl-video-displays.adb:24:06: warning: unnecessary with of ancestor [-gnatwr]
   [Ada]          sdl-video-textures.adb
   [Ada]          sdl-inputs-mice-cursors.adb
   [Ada]          sdl-video-windows-manager.adb
   [Ada]          sdl-events-keyboards.adb
   [Ada]          sdl-platform.adb
   [Ada]          sdl-events-controllers.ads
   [Ada]          sdl-libraries.adb
   [Ada]          sdl-video-rectangles.adb
   [Ada]          mage_config.ads
   [Ada]          mage-model.ads
   [Ada]          mage-event.adb
   [Ada]          mage-log.adb
   [Ada]          mage-input.adb
   [Ada]          mage-draw.adb
mage-draw.adb:406:27: warning: formal parameter "Canvas" is not referenced [-gnatwu]
   [Ada]          mage.adb
   [Ada]          mage_config-hardware.No.ads
Build Libraries
   [gprlib]       sdlada.lexch
   [gprlib]       Mage.lexch
   [archive]      libsdlada.a
   [index]        libsdlada.a
   [archive]      libMage.a
   [index]        libMage.a
Build finished successfully in 10.04 seconds.

mage=0.5.0 successfully retrieved and built.
Dependencies were solved as follows:

   + libsdl2       2.0.20 (new,indirect)
   + libsdl2_image 2.0.5  (new,indirect)
   + libsdl2_ttf   2.0.18 (new,indirect)
   + make          4.3.0  (new,indirect)
   + sdlada        2.5.5  (new)         
Found declared GPR file: mage.gpr
