Test ran at 2022-06-27 00:36:40.492732+00:00

SOLUTION:
sdlada=2.5.4-1: Ada 2012 bindings to SDL 2
Origin: commit 7981bbd658fa7b0618f6fae689b3af634d2d8234 from https://github.com/alire-project/sdlada.git
Available when: (case OS is Linux => True, Macos => True, Windows => True, others => False)
Properties:
   case OS is
      when Linux => (Post_Fetch run: ${CRATE_DIR}/./make -C build/gnat SDL_PLATFORM=linux and Pre_Build run: ${CRATE_DIR}/./make -C build/gnat SDL_PLATFORM=linux)
      when Macos => Post_Fetch run: ${CRATE_DIR}/./make -C build/gnat SDL_PLATFORM=macosx
      when Windows => Post_Fetch run: ${CRATE_DIR}/./make -C build/gnat SDL_PLATFORM=windows
   Author: Luke A. Guest
   Description: Ada 2012 bindings to SDL 2
   case Distribution is
      when Msys2 => Environment: C_INCLUDE_PATH=${C_INCLUDE_PATH}:${DISTRIB_ROOT}/mingw64/include/SDL2
   GPR Scenario: SDL_MODE := debug | release
   GPR Scenario: SDL_PLATFORM := linux | bsd | windows | macosx | ios | android
   case OS is
      when Linux => GPR External: SDL_PLATFORM := linux
      when Macos => GPR External: SDL_PLATFORM := macosx
      when Windows => GPR External: SDL_PLATFORM := windows
   License: Zlib
   Maintainer: alejandro@mosteo.com
   Maintainers_Logins: mosteo
   Name: sdlada
   Project_File: build/gnat/sdlada.gpr
   Tag: sdl
   Tag: framework
   Version: 2.5.4-1
   Website: https://github.com/Lucretia/sdlada
Dependencies (direct):
   libsdl2^2.0
   libsdl2_image^2.0
   libsdl2_ttf^2.0
   make*
Dependencies (solution):
   libsdl2=2.0.10
   libsdl2_image=2.0.5
   libsdl2_ttf=2.0.15
   make=4.2.1
Dependencies (graph):
   sdlada=2.5.4-1 --> libsdl2=2.0.10 (^2.0)     
   sdlada=2.5.4-1 --> libsdl2_image=2.0.5 (^2.0)
   sdlada=2.5.4-1 --> libsdl2_ttf=2.0.15 (^2.0) 
   sdlada=2.5.4-1 --> make=4.2.1 (*)            


LOG:
Failed to locate log
