Test ran at 2024-12-30 01:50:49.164151+00:00

SOLUTION:
gnat_native=12.2.1: The GNAT Ada compiler - Native
Provides: gnat=12.2.1
Origin: (case OS is Linux => (case Host_Arch is X86_64 => binary archive gnat-x86_64-linux-12.2.0-1.tar.gz at https://github.com/alire-project/GNAT-FSF-builds/releases/download/gnat-12.2.0-1/gnat-x86_64-linux-12.2.0-1.tar.gz), Macos => (case Host_Arch is X86_64 => binary archive gnat-x86_64-darwin-12.2.0-1.tar.gz at https://github.com/alire-project/GNAT-FSF-builds/releases/download/gnat-12.2.0-1/gnat-x86_64-darwin-12.2.0-1.tar.gz), Windows => (case Host_Arch is X86_64 => binary archive gnat-x86_64-windows64-12.2.0-1.tar.gz at https://github.com/alire-project/GNAT-FSF-builds/releases/download/gnat-12.2.0-1/gnat-x86_64-windows64-12.2.0-1.tar.gz)) with hash sha256:77267eb19842059c10f6eaf417b75d0483c0f977fb2a2cba0fb1d785fc5bfb78
Properties:
   Auto_Gpr_With: auto-gpr-with=false
   Configuration: no modifiers
   Description: The GNAT Ada compiler - Native
   Environment: PATH=${CRATE_ROOT}/bin:${PATH}
   License: GPL-3.0-or-later AND GPL-3.0-or-later WITH GCC-exception-3.1
   Maintainer: chouteau@adacore.com
   Maintainers_Logins: Fabien-Chouteau
   Name: gnat_native
   Version: 12.2.1


LOG:
Note: Deploying gnat_native=12.2.1...
#=#=#                                                                          
##O#-#                                                                         

                                                                           0.0%
##                                                                         3.9%
######                                                                     9.2%
#######                                                                   10.2%
###########                                                               15.9%
#############                                                             18.1%
#############                                                             18.2%
#############                                                             19.4%
###############                                                           21.2%
###############                                                           21.7%
################                                                          22.2%
################                                                          22.8%
################                                                          23.4%
##################                                                        25.6%
###################                                                       27.3%
########################                                                  34.6%
###########################                                               37.9%
############################                                              40.2%
#############################                                             41.6%
################################                                          45.0%
################################                                          45.4%
#################################                                         46.9%
##################################                                        47.4%
##################################                                        47.5%
##################################                                        47.6%
##################################                                        47.8%
##################################                                        48.1%
###################################                                       48.8%
###################################                                       49.2%
###################################                                       49.7%
####################################                                      50.1%
####################################                                      50.6%
####################################                                      51.3%
######################################                                    53.2%
#######################################                                   54.7%
#######################################                                   55.0%
########################################                                  56.8%
#############################################                             63.8%
####################################################                      72.8%
######################################################                    75.8%
#########################################################                 80.2%
###########################################################               81.9%
##############################################################            86.4%
#################################################################         91.2%
#######################################################################   99.3%
######################################################################## 100.0%

gnat_native=12.2.1 successfully retrieved.
There are no dependencies.
Warning: Binary release does not contain default project file: gnat_native.gpr
