Test ran at 2024-05-17 12:31:56.411725+00:00

SOLUTION:
avrada_rts=2.0.1: Minimal run time system (RTS) for AVR 8bit controllers
Origin: commit 92a5f15aa224e5848fea1be3aa8694f256bae9b6 from https://github.com/RREE/AVRAda_RTS.git
Properties:
   Author: Adacore
   Author: Rolf Ebert
   Config type: AVR_MCU : String default: 'atmega328p'
   Config type: Clock_Frequency : Integer range 0 .. 9223372036854775807 default: '0'
   Config type: Sec_Stack_Size : Integer range 0 .. 1024 default: '63'
   Configuration: no modifiers
   Description: Minimal run time system (RTS) for AVR 8bit controllers
   License: GPL-2.0-or-later WITH GCC-exception-3.1
   Maintainer: Rolf Ebert <rolf.ebert@gcc.gmx.de>
   Maintainers_Logins: RREE
   Name: avrada_rts
   Tag: avr
   Tag: embedded
   Tag: rts
   Version: 2.0.1
   Website: https://sourceforge.net/projects/avr-ada/
Dependencies (direct):
   gnat_avr_elf^11 | ^12.2
Dependencies (solution):
   gnat_avr_elf=12.2.1 (installed)
Dependencies (graph):
   avrada_rts=2.0.1 --> gnat_avr_elf=12.2.1 (^11 | ^12.2)


LOG:
Note: Deploying avrada_rts=2.0.1...
Note: Deploying gnat_avr_elf=12.2.1...
#=#=#                                                                         
##O#-#                                                                        

                                                                           0.0%
#                                                                          1.9%
#                                                                          1.9%
###                                                                        4.9%
#####                                                                      7.9%
#######                                                                   10.9%
##########                                                                13.9%
############                                                              16.8%
##############                                                            19.9%
################                                                          22.7%
##################                                                        25.7%
####################                                                      28.7%
######################                                                    31.8%
########################                                                  34.6%
###########################                                               37.8%
#############################                                             40.7%
###############################                                           43.8%
#################################                                         46.7%
###################################                                       49.7%
######################################                                    52.9%
########################################                                  55.7%
##########################################                                58.9%
############################################                              61.9%
##############################################                            65.0%
###############################################                           66.2%
###################################################                       71.0%
#####################################################                     74.2%
#######################################################                   77.0%
#########################################################                 80.2%
###########################################################               83.1%
##############################################################            86.2%
################################################################          89.3%
##################################################################        92.2%
####################################################################      95.4%
######################################################################    98.4%
######################################################################## 100.0%
Note: gnat_avr_elf=12.2.1 installed successfully.
Note: Building avrada_rts/avrada_rts.gpr...
Setup
   [mkdir]        object directory for project AVRAda_RTS
   [mkdir]        library directory for project AVRAda_RTS
Compile
   [Asm_CPP]      ada_u32_img.S
   [Ada]          avrada_rts_config.ads
   [Ada]          gnat.ads
   [Ada]          a-uncdea.ads
   [Ada]          a-charac.ads
   [Ada]          machcode.ads
   [Ada]          s-gccbui.ads
   [Ada]          a-caldel.ads
   [Ada]          g-souinf.ads
   [Ada]          s-memory.adb
   [Ada]          s-assert.adb
   [Ada]          a-tags.adb
   [Ada]          a-chlat1.ads
   [Ada]          a-calend.ads
   [Ada]          i-c.ads
   [Ada]          system.ads
   [Ada]          unchdeal.ads
   [Ada]          a-unccon.ads
   [Ada]          s-unstyp.ads
   [Ada]          s-bitops.adb
   [Ada]          a-cgcaso.adb
   [Ada]          a-contai.ads
   [Ada]          s-maccod.ads
   [Ada]          s-parame.ads
   [Ada]          interfac.ads
   [Ada]          a-chlat9.ads
   [Ada]          ada.ads
   [Ada]          s-sssita.adb
   [Ada]          s-stoele.adb
   [Ada]          s-secsta.adb
   [Ada]          s-intimg.ads
   [Ada]          a-cgarso.adb
   [Ada]          a-except.adb
   [Ada]          s-stalib.ads
   [Ada]          unchconv.ads
Build Libraries
   [gprlib]       gnat.lexch
   [archive]      libgnat.a
   [index]        libgnat.a
Build finished successfully in 0.28 seconds.

avrada_rts=2.0.1 successfully retrieved and built.
Dependencies were solved as follows:

   +i gnat_avr_elf 12.2.1 (new,installed)
Found declared GPR file: avrada_rts.gpr
