Test ran at 2024-03-01 01:28:46.502867+00:00

SOLUTION:
awa_unit=2.4.0: Ada Web Application (Testing framework)
Origin: commit 59135a52aff7027f9295888775b9e1cc6cecdc22 from https://github.com/stcarrez/ada-awa.git
Properties:
   Author: Stephane.Carrez@gmail.com
   Description: Ada Web Application (Testing framework)
   GPR Scenario: AWA_BUILD := distrib | debug | optimize | profile | coverage
   GPR Scenario: AWA_LIBRARY_TYPE := relocatable | static | static-pic
   License: Apache-2.0
   Long_Description: [![Build Status](https://img.shields.io/jenkins/s/https/jenkins.vacs.fr/Bionic-AWA.svg)](https://jenkins.vacs.fr/job/Bionic-AWA/)
[![Test Status](https://img.shields.io/jenkins/t/https/jenkins.vacs.fr/Bionic-AWA.svg)](https://jenkins.vacs.fr/job/Bionic-AWA/)
[![codecov](https://codecov.io/gh/stcarrez/ada-awa/branch/master/graph/badge.svg)](https://codecov.io/gh/stcarrez/ada-awa)
[![Documentation Status](https://readthedocs.org/projects/ada-awa/badge/?version=latest)](https://ada-awa.readthedocs.io/en/latest/?badge=latest)

Ada Web Application is a framework to build a Web Application in Ada 2012.
The framework provides several ready to use and extendable modules that are common
to many web application.  This includes the login, authentication, users, permissions,
managing comments, tags, votes, documents, images.  It provides a complete blog,
question and answers and a wiki module.

This library provides a testing framework on top of AWA top help implementing
unit tests for AWA applications.


   Maintainer: Stephane.Carrez@gmail.com
   Maintainers_Logins: stcarrez
   Name: awa_unit
   Project_File: .alire/unit/awa_unit.gpr
   Tag: web
   Tag: users
   Tag: jobs
   Tag: framework
   Tag: testing
   Version: 2.4.0
   Website: https://gitlab.com/stcarrez/ada-awa
Dependencies (direct):
   awa^2.4.0
   serverfaces_unit^1.5.0
   servletada_unit^1.6.0
Dependencies (solution):
   ado=2.4.0
   awa=2.4.0
   aws=21.0.0
   elada=1.8.6
   gnat=13.2.1 (gnat_external) (installed)
   keystoreada=1.4.0
   make=4.4.1
   openssl=3.2.1
   security=1.5.0
   serverfaces=1.6.0
   serverfaces_unit=1.6.0
   servletada=1.7.0
   servletada_aws=1.6.0
   servletada_unit=1.7.0
   utilada=2.6.0
   utilada_aws=2.5.0
   utilada_unit=2.6.0
   utilada_xml=2.6.0
   wikiada=1.4.1
   xmlada=21.0.0
Dependencies (graph):
   ado=2.4.0              --> utilada=2.6.0 (^2.6.0)           
   ado=2.4.0              --> utilada_xml=2.6.0 (^2.6.0)       
   awa=2.4.0              --> ado=2.4.0 (^2.3.0)               
   awa=2.4.0              --> elada=1.8.6 (^1.8.5)             
   awa=2.4.0              --> keystoreada=1.4.0 (^1.3.3)       
   awa=2.4.0              --> security=1.5.0 (^1.4.1)          
   awa=2.4.0              --> serverfaces=1.6.0 (^1.5.0)       
   awa=2.4.0              --> servletada=1.7.0 (^1.6.0)        
   awa=2.4.0              --> servletada_aws=1.6.0 (^1.6.0)    
   awa=2.4.0              --> utilada=2.6.0 (^2.5.0)           
   awa=2.4.0              --> utilada_aws=2.5.0 (^2.5.0)       
   awa=2.4.0              --> utilada_xml=2.6.0 (^2.5.0)       
   awa=2.4.0              --> wikiada=1.4.1 (^1.4.0)           
   awa_unit=2.4.0         --> awa=2.4.0 (^2.4.0)               
   awa_unit=2.4.0         --> serverfaces_unit=1.6.0 (^1.5.0)  
   awa_unit=2.4.0         --> servletada_unit=1.7.0 (^1.6.0)   
   aws=21.0.0             --> gnat=13.2.1 (gnat_external) (>=9)
   aws=21.0.0             --> make=4.4.1 (*)                   
   aws=21.0.0             --> openssl=3.2.1 (*)                
   aws=21.0.0             --> xmlada=21.0.0 (~21.0.0)          
   elada=1.8.6            --> utilada=2.6.0 (^2.5.0)           
   keystoreada=1.4.0      --> utilada=2.6.0 (^2.6.0)           
   security=1.5.0         --> utilada=2.6.0 (^2.6.0)           
   security=1.5.0         --> utilada_xml=2.6.0 (^2.6.0)       
   serverfaces=1.6.0      --> security=1.5.0 (^1.5.0)          
   serverfaces=1.6.0      --> servletada=1.7.0 (^1.7.0)        
   serverfaces=1.6.0      --> utilada=2.6.0 (^2.6.0)           
   serverfaces_unit=1.6.0 --> security=1.5.0 (^1.5.0)          
   serverfaces_unit=1.6.0 --> serverfaces=1.6.0 (^1.6.0)       
   serverfaces_unit=1.6.0 --> servletada=1.7.0 (^1.7.0)        
   serverfaces_unit=1.6.0 --> servletada_unit=1.7.0 (^1.7.0)   
   serverfaces_unit=1.6.0 --> utilada=2.6.0 (^2.6.0)           
   serverfaces_unit=1.6.0 --> utilada_unit=2.6.0 (^2.6.0)      
   servletada=1.7.0       --> elada=1.8.6 (^1.8.5)             
   servletada=1.7.0       --> security=1.5.0 (^1.5.0)          
   servletada=1.7.0       --> utilada=2.6.0 (^2.6.0)           
   servletada_aws=1.6.0   --> servletada=1.7.0 (^1.6.0)        
   servletada_aws=1.6.0   --> utilada_aws=2.5.0 (^2.5.0)       
   servletada_unit=1.7.0  --> servletada=1.7.0 (^1.7.0)        
   servletada_unit=1.7.0  --> utilada=2.6.0 (^2.6.0)           
   servletada_unit=1.7.0  --> utilada_unit=2.6.0 (^2.6.0)      
   utilada_aws=2.5.0      --> aws=21.0.0 (~21.0)               
   utilada_aws=2.5.0      --> utilada=2.6.0 (^2.5.0)           
   utilada_unit=2.6.0     --> utilada=2.6.0 (^2.6.0)           
   utilada_xml=2.6.0      --> utilada=2.6.0 (^2.6.0)           
   utilada_xml=2.6.0      --> xmlada=21.0.0 (*)                
   wikiada=1.4.1          --> utilada=2.6.0 (^2.5.0)           


LOG:
Note: Deploying awa_unit=2.4.0...
Note: Deploying make=4.4.1...
Note: Deploying openssl=3.2.1...
Note: Deploying utilada=2.6.0...
Note: Deploying xmlada=21.0.0...
#=#=#                                                                          
##=#=#                                                                         
Note: Running post_fetch actions for xmlada=21.0.0...
checking build system type... x86_64-unknown-linux-gnu
checking host system type... x86_64-unknown-linux-gnu
checking target system type... x86_64-unknown-linux-gnu
checking whether gnat can build shared libs... yes
checking for a BSD-compatible install... /usr/bin/install -c
checking whether ln -s works... yes
configure: creating ./config.status
config.status: creating xmlada_shared.gpr
config.status: creating Makefile
config.status: creating tests/dom/default.gpr
Note: Deploying aws=21.0.0...
#=#=#                                                                          

######################################################################## 100.0%
Note: Running post_fetch actions for aws=21.0.0...
make[1]: Entering directory '/home/runner/work/alire-crates-ci/alire-crates-ci/test/0a6d8bb7-cd37-44a4-8754-d02dd2012d1e/awa_unit_2.4.0_59135a52/alire/cache/dependencies/aws_21.0.0_57fddf8f/config'
Bind
   [gprbind]      xoscons.bexch
   [Ada]          xoscons.ali
Link
   [link]         xoscons.adb
Setup OS specific definitions
make[1]: Leaving directory '/home/runner/work/alire-crates-ci/alire-crates-ci/test/0a6d8bb7-cd37-44a4-8754-d02dd2012d1e/awa_unit_2.4.0_59135a52/alire/cache/dependencies/aws_21.0.0_57fddf8f/config'
make[1]: Entering directory '/home/runner/work/alire-crates-ci/alire-crates-ci/test/0a6d8bb7-cd37-44a4-8754-d02dd2012d1e/awa_unit_2.4.0_59135a52/alire/cache/dependencies/aws_21.0.0_57fddf8f/regtests'
Can not generate system tags. The test are disabled
make[1]: Leaving directory '/home/runner/work/alire-crates-ci/alire-crates-ci/test/0a6d8bb7-cd37-44a4-8754-d02dd2012d1e/awa_unit_2.4.0_59135a52/alire/cache/dependencies/aws_21.0.0_57fddf8f/regtests'
make[1]: Entering directory '/home/runner/work/alire-crates-ci/alire-crates-ci/test/0a6d8bb7-cd37-44a4-8754-d02dd2012d1e/awa_unit_2.4.0_59135a52/alire/cache/dependencies/aws_21.0.0_57fddf8f/demos'
make[1]: Nothing to be done for 'setup'.
make[1]: Leaving directory '/home/runner/work/alire-crates-ci/alire-crates-ci/test/0a6d8bb7-cd37-44a4-8754-d02dd2012d1e/awa_unit_2.4.0_59135a52/alire/cache/dependencies/aws_21.0.0_57fddf8f/demos'
make[1]: Entering directory '/home/runner/work/alire-crates-ci/alire-crates-ci/test/0a6d8bb7-cd37-44a4-8754-d02dd2012d1e/awa_unit_2.4.0_59135a52/alire/cache/dependencies/aws_21.0.0_57fddf8f/templates_parser'
make[1]: which: No such file or directory
make[1]: Leaving directory '/home/runner/work/alire-crates-ci/alire-crates-ci/test/0a6d8bb7-cd37-44a4-8754-d02dd2012d1e/awa_unit_2.4.0_59135a52/alire/cache/dependencies/aws_21.0.0_57fddf8f/templates_parser'
make[1]: Entering directory '/home/runner/work/alire-crates-ci/alire-crates-ci/test/0a6d8bb7-cd37-44a4-8754-d02dd2012d1e/awa_unit_2.4.0_59135a52/alire/cache/dependencies/aws_21.0.0_57fddf8f/templates_parser'
make[1]: which: No such file or directory
make[1]: Leaving directory '/home/runner/work/alire-crates-ci/alire-crates-ci/test/0a6d8bb7-cd37-44a4-8754-d02dd2012d1e/awa_unit_2.4.0_59135a52/alire/cache/dependencies/aws_21.0.0_57fddf8f/templates_parser'
Setup
   [mkdir]        object directory for project Zlib
   [mkdir]        library directory for project Zlib
   [mkdir]        object directory for project Include
   [mkdir]        library directory for project Include
   [mkdir]        object directory for project SSL
   [mkdir]        library directory for project SSL
   [mkdir]        object directory for project Src
   [mkdir]        library directory for project Src
   [mkdir]        library directory for project AWS
   [mkdir]        object directory for project Tools
   [mkdir]        exec directory for project Tools
Compile
   [Ada]          awsres.adb
   [Ada]          aws_password.adb
   [Ada]          templates2ada.adb
   [Ada]          webxref.adb
   [Ada]          templatespp.adb
   [Ada]          zlib-thin.adb
   [Ada]          memory_streams.adb
   [Ada]          zlib.adb
   [Ada]          zlib-streams.adb
   [Ada]          aws-os_lib.ads
   [Ada]          templates_parser-utils.adb
   [Ada]          templates_parser-query.adb
   [Ada]          templates_parser-debug.adb
   [Ada]          templates_parser.adb
   [Ada]          aws-services-dispatchers-virtual_host.adb
   [Ada]          aws-services-web_block.ads
   [Ada]          aws-net-stream_io.adb
   [Ada]          aws-smtp-messages-set.adb
   [Ada]          aws-services-dispatchers-transient_pages.adb
   [Ada]          aws-services-split_pages-uniform-alpha.adb
   [Ada]          aws-services-split_pages.adb
   [Ada]          aws-smtp-messages.adb
   [Ada]          aws-client-hotplug.adb
   [Ada]          aws-services-split_pages-uniform-overlapping.adb
   [Ada]          aws-pop.adb
   [Ada]          aws-server-push.adb
   [Ada]          aws-services-split_pages-alpha-bounded.adb
   [Ada]          aws-net-sets.ads
   [Ada]          aws-smtp-client.adb
   [Ada]          aws-services-web_block-registry.adb
   [Ada]          aws-services-split_pages-alpha.adb
   [Ada]          aws-services-split_pages-shared.adb
   [Ada]          aws-services-dispatchers-timer.adb
   [Ada]          aws-smtp-authentication-plain.adb
   [Ada]          aws-status-translate_table.adb
   [Ada]          aws-cookie.adb
   [Ada]          aws-services-dispatchers-method.adb
   [Ada]          aws-smtp-authentication.ads
   [Ada]          aws-resources-streams-pipe.adb
   [Ada]          aws-communication-client.adb
   [Ada]          aws-communication-server.adb
   [Ada]          aws-services-dispatchers-linker.adb
   [Ada]          aws-services-web_block-context.adb
   [Ada]          aws-services-web_mail.adb
   [Ada]          aws-services-page_server.adb
   [Ada]          aws-smtp.adb
   [Ada]          aws-communication.adb
   [Ada]          aws-server-hotplug.adb
   [Ada]          aws-services-download.adb
   [Ada]          aws-smtp-server.adb
   [Ada]          aws-services-callbacks.adb
   [Ada]          aws-services-directory.adb
   [Ada]          aws-services-split_pages-uniform.adb
   [Ada]          aws-net-log-callbacks.adb
   [Ada]          aws-services-dispatchers-uri.adb
   [Ada]          aws-services-dispatchers.ads
   [Ada]          aws-server-status.adb
   [Ada]          aws-containers-memory_streams.ads
   [Ada]          aws-headers-set.adb
   [Ada]          aws-net-websocket.adb
   [Ada]          aws-resources.adb
   [Ada]          aws-net-websocket-registry-control.adb
   [Ada]          aws-config-set.adb
   [Ada]          aws-resources-embedded.adb
   [Ada]          aws-containers-tables.adb
   [Ada]          aws-net-acceptors.adb
   [Ada]          aws-url-set.adb
templates_parser.adb:2093:55: warning: aspect Unreferenced specified for "Next_Last" [enabled by default]
   [Ada]          aws-resources-streams-disk.adb
   [Ada]          aws-client.adb
   [Ada]          aws-templates.ads
   [Ada]          aws-server.adb
aws-net-acceptors.ads:36:06: warning: unnecessary with of ancestor [-gnatwr]
   [Ada]          aws-dispatchers.adb
   [Ada]          aws-resources-streams-memory.adb
   [Ada]          aws.ads
   [Ada]          aws-utils.adb
   [Ada]          aws-services-transient_pages.adb
   [Ada]          aws-services-transient_pages-control.adb
   [Ada]          aws-utils-streams.adb
   [Ada]          aws-config-utils.adb
aws-server.ads:540:30: warning: component "SERVER" of type access to "HTTP" is uninitialized
   [Ada]          aws-net-ssl-certificate.adb
   [Ada]          aws-net-websocket-registry-utils.adb
   [Ada]          aws-containers-string_vectors.ads
   [Ada]          aws-digest.adb
   [Ada]          aws-config.adb
   [Ada]          aws-parameters-set.adb
   [Ada]          aws-translator.adb
   [Ada]          aws-client-http_utils.adb
   [Ada]          aws-net-log.adb
   [Ada]          aws-resources-streams.adb
   [Ada]          aws-containers.ads
   [Ada]          aws-net-memory.adb
   [Ada]          aws-resources-streams-disk-once.adb
   [Ada]          aws-status.adb
   [Ada]          aws-default.ads
   [Ada]          aws-url-raise_url_error.adb
   [Ada]          aws-exceptions.ads
   [Ada]          aws-session.adb
   [Ada]          aws-net-ssl-rsa_dh_generators.adb
aws-client-http_utils.ads:32:06: warning: unnecessary with of ancestor [-gnatwr]
   [Ada]          aws-server-log.adb
   [Ada]          aws-net.adb
   [Ada]          aws-headers-values.adb
   [Ada]          aws-attachments.adb
   [Ada]          aws-dispatchers-callback.adb
   [Ada]          aws-net-websocket-handshake_error.adb
aws-dispatchers-callback.ads:34:06: warning: unnecessary with of ancestor [-gnatwr]
   [Ada]          aws-hotplug-get_status.adb
   [Ada]          aws-response.adb
   [Ada]          aws-status-translate_set.adb
   [Ada]          aws-net-websocket-protocol-draft76.adb
   [Ada]          aws-log.adb
   [Ada]          aws-net-poll_events.adb
   [Ada]          aws-parameters.adb
   [Ada]          aws-server-http_utils.adb
   [Ada]          aws-net-websocket-protocol.ads
   [Ada]          aws-net-websocket-registry.adb
   [Ada]          aws-resources-files.adb
   [Ada]          aws-headers.adb
   [Ada]          aws-session-control.adb
   [Ada]          aws-resources-streams-memory-zlib.adb
   [Ada]          aws-containers-tables-set.ads
   [Ada]          aws-net-buffered.adb
   [Ada]          aws-config-ini.adb
   [Ada]          aws-net-poll_events-g_poll.adb
   [Ada]          aws-server-get_status.adb
   [Ada]          aws-services.ads
   [Ada]          aws-mime.adb
   [Ada]          aws-messages.adb
   [Ada]          aws-containers-key_value.ads
   [Ada]          aws-hotplug.adb
   [Ada]          aws-resources-streams-zlib.adb
   [Ada]          aws-response-set.adb
   [Ada]          aws-net-generic_sets.adb
   [Ada]          aws-url.adb
   [Ada]          aws-status-set.adb
   [Ada]          aws-net-websocket-protocol-rfc6455.adb
   [Ada]          templates_parser-input__aws.adb
   [Ada]          templates_parser_tasking__standard_tasking.adb
   [Ada]          aws-net-std__gnat.adb
   [Ada]          aws-net-ssl__dummy.adb
   [Ada]          aws-net-ssl-certificate-impl__dummy.adb
   [Ada]          templates_parser-configuration__aws.ads
   [Ada]          ssl.ads
   [Ada]          ssl-thin__dummy.ads
   [C]            adler32.c
   [C]            gzclose.c
   [C]            uncompr.c
   [C]            gzread.c
   [C]            infback.c
   [C]            zutil.c
   [C]            gzlib.c
   [C]            inffast.c
   [C]            inftrees.c
   [C]            crc32.c
   [C]            trees.c
   [C]            compress.c
   [C]            gzwrite.c
   [C]            deflate.c
   [C]            inflate.c
aws-net-websocket-registry.adb:49:06: warning: unnecessary with of ancestor [-gnatwr]
Build Libraries
   [gprlib]       z.lexch
   [gprlib]       aws_ssl.lexch
   [archive]      libz.a
   [archive]      libaws_ssl.a
   [gprlib]       aws.lexch
   [index]        libaws_ssl.a
   [index]        libz.a
   [archive]      libaws.a
   [index]        libaws.a
Bind
   [gprbind]      awsres.bexch
   [gprbind]      aws_password.bexch
   [Ada]          awsres.ali
   [gprbind]      templates2ada.bexch
   [Ada]          aws_password.ali
   [gprbind]      webxref.bexch
   [Ada]          templates2ada.ali
   [Ada]          webxref.ali
   [gprbind]      templatespp.bexch
   [Ada]          templatespp.ali
Link
   [link]         awsres.adb
   [link]         aws_password.adb
   [link]         templates2ada.adb
   [link]         webxref.adb
   [link]         templatespp.adb
Setup
   [mkdir]        object directory for project Zlib
   [mkdir]        library directory for project Zlib
   [mkdir]        object directory for project Include
   [mkdir]        library directory for project Include
   [mkdir]        object directory for project SSL
   [mkdir]        library directory for project SSL
   [mkdir]        object directory for project Src
   [mkdir]        library directory for project Src
   [mkdir]        library directory for project AWS
Compile
   [Ada]          zlib-thin.adb
   [Ada]          memory_streams.adb
   [Ada]          zlib.adb
   [Ada]          zlib-streams.adb
   [Ada]          aws-os_lib.ads
   [Ada]          templates_parser-utils.adb
   [Ada]          templates_parser-query.adb
   [Ada]          templates_parser-debug.adb
   [Ada]          templates_parser.adb
   [Ada]          aws-services-dispatchers-virtual_host.adb
   [Ada]          aws-services-web_block.ads
   [Ada]          aws-net-stream_io.adb
   [Ada]          aws-smtp-messages-set.adb
   [Ada]          aws-services-dispatchers-transient_pages.adb
   [Ada]          aws-services-split_pages-uniform-alpha.adb
   [Ada]          aws-services-split_pages.adb
   [Ada]          aws-smtp-messages.adb
   [Ada]          aws-client-hotplug.adb
   [Ada]          aws-services-split_pages-uniform-overlapping.adb
   [Ada]          aws-pop.adb
   [Ada]          aws-server-push.adb
   [Ada]          aws-services-split_pages-alpha-bounded.adb
   [Ada]          aws-net-sets.ads
   [Ada]          aws-smtp-client.adb
   [Ada]          aws-services-web_block-registry.adb
   [Ada]          aws-services-split_pages-alpha.adb
   [Ada]          aws-services-split_pages-shared.adb
   [Ada]          aws-services-dispatchers-timer.adb
   [Ada]          aws-smtp-authentication-plain.adb
   [Ada]          aws-status-translate_table.adb
   [Ada]          aws-cookie.adb
   [Ada]          aws-services-dispatchers-method.adb
   [Ada]          aws-smtp-authentication.ads
   [Ada]          aws-resources-streams-pipe.adb
   [Ada]          aws-communication-client.adb
   [Ada]          aws-communication-server.adb
   [Ada]          aws-services-dispatchers-linker.adb
   [Ada]          aws-services-web_block-context.adb
   [Ada]          aws-services-web_mail.adb
   [Ada]          aws-services-page_server.adb
   [Ada]          aws-smtp.adb
   [Ada]          aws-communication.adb
   [Ada]          aws-server-hotplug.adb
   [Ada]          aws-services-download.adb
   [Ada]          aws-smtp-server.adb
   [Ada]          aws-services-callbacks.adb
   [Ada]          aws-services-directory.adb
   [Ada]          aws-services-split_pages-uniform.adb
   [Ada]          aws-net-log-callbacks.adb
   [Ada]          aws-services-dispatchers-uri.adb
   [Ada]          aws-services-dispatchers.ads
   [Ada]          aws-server-status.adb
   [Ada]          aws-containers-memory_streams.ads
   [Ada]          aws-headers-set.adb
   [Ada]          aws-net-websocket.adb
   [Ada]          aws-resources.adb
   [Ada]          aws-net-websocket-registry-control.adb
   [Ada]          aws-config-set.adb
   [Ada]          aws-resources-embedded.adb
   [Ada]          aws-containers-tables.adb
   [Ada]          aws-net-acceptors.adb
   [Ada]          aws-url-set.adb
aws-net-acceptors.ads:36:06: warning: unnecessary with of ancestor [-gnatwr]
   [Ada]          aws-resources-streams-disk.adb
   [Ada]          aws-client.adb
   [Ada]          aws-templates.ads
   [Ada]          aws-server.adb
   [Ada]          aws-dispatchers.adb
   [Ada]          aws-resources-streams-memory.adb
   [Ada]          aws.ads
   [Ada]          aws-utils.adb
   [Ada]          aws-services-transient_pages.adb
aws-server.ads:540:30: warning: component "SERVER" of type access to "HTTP" is uninitialized
   [Ada]          aws-services-transient_pages-control.adb
   [Ada]          aws-utils-streams.adb
templates_parser.adb:2093:55: warning: aspect Unreferenced specified for "Next_Last" [enabled by default]
   [Ada]          aws-config-utils.adb
   [Ada]          aws-net-ssl-certificate.adb
   [Ada]          aws-net-websocket-registry-utils.adb
   [Ada]          aws-containers-string_vectors.ads
   [Ada]          aws-digest.adb
   [Ada]          aws-config.adb
   [Ada]          aws-parameters-set.adb
   [Ada]          aws-translator.adb
   [Ada]          aws-client-http_utils.adb
   [Ada]          aws-net-log.adb
   [Ada]          aws-resources-streams.adb
   [Ada]          aws-containers.ads
   [Ada]          aws-net-memory.adb
   [Ada]          aws-resources-streams-disk-once.adb
   [Ada]          aws-status.adb
   [Ada]          aws-default.ads
   [Ada]          aws-url-raise_url_error.adb
   [Ada]          aws-exceptions.ads
   [Ada]          aws-session.adb
aws-client-http_utils.ads:32:06: warning: unnecessary with of ancestor [-gnatwr]
   [Ada]          aws-net-ssl-rsa_dh_generators.adb
   [Ada]          aws-server-log.adb
   [Ada]          aws-net.adb
   [Ada]          aws-headers-values.adb
   [Ada]          aws-attachments.adb
   [Ada]          aws-dispatchers-callback.adb
   [Ada]          aws-net-websocket-handshake_error.adb
aws-dispatchers-callback.ads:34:06: warning: unnecessary with of ancestor [-gnatwr]
   [Ada]          aws-hotplug-get_status.adb
   [Ada]          aws-response.adb
   [Ada]          aws-status-translate_set.adb
   [Ada]          aws-net-websocket-protocol-draft76.adb
   [Ada]          aws-log.adb
   [Ada]          aws-net-poll_events.adb
   [Ada]          aws-parameters.adb
   [Ada]          aws-server-http_utils.adb
   [Ada]          aws-net-websocket-protocol.ads
   [Ada]          aws-net-websocket-registry.adb
   [Ada]          aws-resources-files.adb
   [Ada]          aws-headers.adb
   [Ada]          aws-session-control.adb
   [Ada]          aws-resources-streams-memory-zlib.adb
   [Ada]          aws-containers-tables-set.ads
   [Ada]          aws-net-buffered.adb
   [Ada]          aws-config-ini.adb
   [Ada]          aws-net-poll_events-g_poll.adb
   [Ada]          aws-server-get_status.adb
   [Ada]          aws-services.ads
   [Ada]          aws-mime.adb
   [Ada]          aws-messages.adb
   [Ada]          aws-containers-key_value.ads
   [Ada]          aws-hotplug.adb
   [Ada]          aws-resources-streams-zlib.adb
   [Ada]          aws-response-set.adb
   [Ada]          aws-net-generic_sets.adb
   [Ada]          aws-url.adb
   [Ada]          aws-status-set.adb
   [Ada]          aws-net-websocket-protocol-rfc6455.adb
   [Ada]          templates_parser-input__aws.adb
   [Ada]          templates_parser_tasking__standard_tasking.adb
   [Ada]          aws-net-std__gnat.adb
   [Ada]          aws-net-ssl__dummy.adb
   [Ada]          aws-net-ssl-certificate-impl__dummy.adb
   [Ada]          templates_parser-configuration__aws.ads
   [Ada]          ssl.ads
   [Ada]          ssl-thin__dummy.ads
   [C]            adler32.c
   [C]            gzclose.c
   [C]            uncompr.c
   [C]            gzread.c
   [C]            infback.c
   [C]            zutil.c
   [C]            gzlib.c
   [C]            inffast.c
   [C]            inftrees.c
   [C]            crc32.c
   [C]            trees.c
   [C]            compress.c
   [C]            gzwrite.c
   [C]            deflate.c
   [C]            inflate.c
aws-net-websocket-registry.adb:49:06: warning: unnecessary with of ancestor [-gnatwr]
Build Libraries
   [gprlib]       z.lexch
   [gprlib]       aws_ssl.lexch
   [link library] libz.so
   [link library] libaws_ssl.so
   [gprlib]       aws.lexch
   [link library] libaws.so
Setup
   [mkdir]        object directory for project GPS_Support
   [mkdir]        exec directory for project GPS_Support
Compile
   [Ada]          gen_gps_ref.adb
Bind
   [gprbind]      gen_gps_ref.bexch
   [Ada]          gen_gps_ref.ali
Link
   [link]         gen_gps_ref.adb
make[1]: Entering directory '/home/runner/work/alire-crates-ci/alire-crates-ci/test/0a6d8bb7-cd37-44a4-8754-d02dd2012d1e/awa_unit_2.4.0_59135a52/alire/cache/dependencies/aws_21.0.0_57fddf8f/gps'
make[1]: Leaving directory '/home/runner/work/alire-crates-ci/alire-crates-ci/test/0a6d8bb7-cd37-44a4-8754-d02dd2012d1e/awa_unit_2.4.0_59135a52/alire/cache/dependencies/aws_21.0.0_57fddf8f/gps'
Install project AWS - static
warning: file does not exist '/home/runner/work/alire-crates-ci/alire-crates-ci/test/0a6d8bb7-cd37-44a4-8754-d02dd2012d1e/awa_unit_2.4.0_59135a52/alire/cache/dependencies/aws_21.0.0_57fddf8f/templates_parser/docs/build/latex/*.pdf'
warning: file does not exist '/home/runner/work/alire-crates-ci/alire-crates-ci/test/0a6d8bb7-cd37-44a4-8754-d02dd2012d1e/awa_unit_2.4.0_59135a52/alire/cache/dependencies/aws_21.0.0_57fddf8f/templates_parser/docs/build/html'
warning: file does not exist '/home/runner/work/alire-crates-ci/alire-crates-ci/test/0a6d8bb7-cd37-44a4-8754-d02dd2012d1e/awa_unit_2.4.0_59135a52/alire/cache/dependencies/aws_21.0.0_57fddf8f/docs/build/latex/*.pdf'
warning: file does not exist '/home/runner/work/alire-crates-ci/alire-crates-ci/test/0a6d8bb7-cd37-44a4-8754-d02dd2012d1e/awa_unit_2.4.0_59135a52/alire/cache/dependencies/aws_21.0.0_57fddf8f/docs/build/html'
Install project Tools - static
Install project AWS - relocatable
warning: file does not exist '/home/runner/work/alire-crates-ci/alire-crates-ci/test/0a6d8bb7-cd37-44a4-8754-d02dd2012d1e/awa_unit_2.4.0_59135a52/alire/cache/dependencies/aws_21.0.0_57fddf8f/templates_parser/docs/build/latex/*.pdf'
warning: file does not exist '/home/runner/work/alire-crates-ci/alire-crates-ci/test/0a6d8bb7-cd37-44a4-8754-d02dd2012d1e/awa_unit_2.4.0_59135a52/alire/cache/dependencies/aws_21.0.0_57fddf8f/templates_parser/docs/build/html'
warning: file does not exist '/home/runner/work/alire-crates-ci/alire-crates-ci/test/0a6d8bb7-cd37-44a4-8754-d02dd2012d1e/awa_unit_2.4.0_59135a52/alire/cache/dependencies/aws_21.0.0_57fddf8f/docs/build/latex/*.pdf'
warning: file does not exist '/home/runner/work/alire-crates-ci/alire-crates-ci/test/0a6d8bb7-cd37-44a4-8754-d02dd2012d1e/awa_unit_2.4.0_59135a52/alire/cache/dependencies/aws_21.0.0_57fddf8f/docs/build/html'
Note: Deploying elada=1.8.6...
Note: Deploying keystoreada=1.4.0...
Note: Deploying utilada_unit=2.6.0...
Note: Deploying wikiada=1.4.1...
Note: Deploying ado=2.4.0...
Note: Deploying security=1.5.0...
Note: Deploying utilada_aws=2.5.0...
Note: Deploying servletada=1.7.0...
Note: Deploying serverfaces=1.6.0...
Note: Deploying servletada_aws=1.6.0...
Note: Deploying servletada_unit=1.7.0...
Note: Deploying awa=2.4.0...
Note: Running post_fetch actions for awa=2.4.0...
Note: Deploying serverfaces_unit=1.6.0...
Note: Building awa_unit/.alire/unit/awa_unit.gpr...
Setup
   [mkdir]        object directory for project UtilAda_Core
   [mkdir]        library directory for project UtilAda_Core
   [mkdir]        object directory for project UtilAda_Sys
   [mkdir]        library directory for project UtilAda_Sys
   [mkdir]        object directory for project UtilAda_Unit
   [mkdir]        library directory for project UtilAda_Unit
   [mkdir]        object directory for project ElAda
   [mkdir]        library directory for project ElAda
   [mkdir]        object directory for project XmlAda_Sax
   [mkdir]        library directory for project XmlAda_Sax
   [mkdir]        object directory for project UtilAda_Xml
   [mkdir]        library directory for project UtilAda_Xml
   [mkdir]        object directory for project Security
   [mkdir]        library directory for project Security
   [mkdir]        object directory for project ServletAda
   [mkdir]        library directory for project ServletAda
   [mkdir]        object directory for project ServletAda_Unit
   [mkdir]        library directory for project ServletAda_Unit
   [mkdir]        object directory for project Asf
   [mkdir]        library directory for project Asf
   [mkdir]        object directory for project Asf_Unit
   [mkdir]        library directory for project Asf_Unit
   [mkdir]        object directory for project WikiAda
   [mkdir]        library directory for project WikiAda
   [mkdir]        object directory for project Ado
   [mkdir]        library directory for project Ado
   [mkdir]        object directory for project KeystoreAda
   [mkdir]        library directory for project KeystoreAda
   [mkdir]        object directory for project Awa
   [mkdir]        library directory for project Awa
   [mkdir]        object directory for project Awa_Unit
   [mkdir]        exec directory for project Awa_Unit
   [mkdir]        library directory for project Awa_Unit
Compile
   [Ada]          keystore-io-headers.adb
   [Ada]          keystore-passwords-gpg.adb
   [Ada]          keystore-marshallers.adb
   [Ada]          keystore-io-refs.adb
   [Ada]          keystore-tools.adb
   [Ada]          keystore-repository-entries.adb
   [Ada]          keystore-containers.adb
   [Ada]          keystore-logs.adb
   [Ada]          keystore-passwords-keys.adb
   [Ada]          keystore-passwords-input.adb
   [Ada]          keystore-repository-workers.adb
   [Ada]          keystore-repository-keys.adb
   [Ada]          keystore-passwords-unsafe.adb
   [Ada]          keystore-buffers.adb
   [Ada]          keystore-random.adb
   [Ada]          keystore-properties.adb
   [Ada]          keystore-keys.adb
   [Ada]          keystore-passwords-cmds.adb
   [Ada]          keystore.adb
   [Ada]          keystore-passwords-files.adb
   [Ada]          keystore-repository-data.adb
   [Ada]          keystore-io.adb
   [Ada]          keystore-files.adb
   [Ada]          keystore-io-files.adb
   [Ada]          keystore-gpg.adb
   [Ada]          keystore-repository.adb
keystore.ads:347:25: warning: redundant conversion, "Container" is of type "Wallet'Class" [-gnatwr]
   [Ada]          keystore-passwords.adb
   [Ada]          ado-model.adb
   [Ada]          ado-c.adb
   [Ada]          ado-caches.adb
   [Ada]          ado-schemas-entities.adb
   [Ada]          ado-utils.adb
   [Ada]          ado-schemas-databases.adb
   [Ada]          ado-configs.adb
   [Ada]          ado-objects.adb
   [Ada]          ado-sequences-hilo.adb
   [Ada]          ado-objects-cache.adb
   [Ada]          ado-sessions-factory.adb
   [Ada]          ado.adb
   [Ada]          ado-statements-create.adb
   [Ada]          ado-sql.adb
   [Ada]          ado-queries-loaders.adb
   [Ada]          ado-parameters.adb
   [Ada]          ado-queries.adb
   [Ada]          ado-statements.adb
   [Ada]          ado-sessions-entities.adb
   [Ada]          ado-sessions-sources.adb
   [Ada]          ado-schemas.adb
   [Ada]          ado-utils-serialize.adb
   [Ada]          ado-utils-streams.adb
   [Ada]          ado-sessions.adb
   [Ada]          ado-sequences.adb
   [Ada]          ado-dialects.adb
   [Ada]          ado-caches-discrete.adb
   [Ada]          ado-datasets.adb
   [Ada]          ado-audits.adb
   [Ada]          ado-connections.adb
   [Ada]          wiki-documents.adb
   [Ada]          wiki-parsers-textile.adb
   [Ada]          wiki-parsers-common.adb
   [Ada]          wiki-parsers-html.adb
   [Ada]          wiki-streams-html-text_io.ads
   [Ada]          wiki-render.adb
   [Ada]          wiki-filters-autolink.adb
   [Ada]          wiki-parsers-google.adb
   [Ada]          wiki-filters-toc.adb
   [Ada]          wiki-buffers.adb
   [Ada]          wiki-streams-builders.adb
   [Ada]          wiki-html_parser.adb
   [Ada]          wiki-render-links.adb
   [Ada]          wiki-parsers.adb
   [Ada]          wiki-parsers-creole.adb
   [Ada]          wiki-strings.adb
   [Ada]          wiki-nodes-dump.adb
   [Ada]          wiki-nodes-lists.adb
   [Ada]          wiki-plugins-variables.adb
   [Ada]          wiki-utils.adb
   [Ada]          wiki-streams.ads
   [Ada]          wiki-render-text.adb
   [Ada]          wiki-parsers-dotclear.adb
   [Ada]          wiki-helpers.adb
   [Ada]          wiki-streams-text_io.adb
   [Ada]          wiki-parsers-mediawiki.adb
   [Ada]          wiki-filters-variables.adb
   [Ada]          wiki-filters-html.adb
   [Ada]          wiki-filters-collectors.adb
   [Ada]          wiki-plugins-conditions.adb
   [Ada]          wiki-html_parser-entities.ads
   [Ada]          wiki.adb
   [Ada]          wiki-render-html.adb
   [Ada]          wiki-nodes.adb
   [Ada]          wiki-streams-html-stream.adb
   [Ada]          wiki-plugins.ads
   [Ada]          wiki-attributes.adb
   [Ada]          wiki-streams-html-builders.ads
   [Ada]          wiki-filters.adb
   [Ada]          wiki-render-wiki.adb
   [Ada]          wiki-parsers-markdown.adb
   [Ada]          wiki-streams-html.adb
   [Ada]          wiki-plugins-templates.adb
   [Ada]          wiki-helpers-parser.adb
   [Ada]          awa-users-models.adb
wiki-helpers-parser.adb:18:06: warning: unnecessary with of ancestor [-gnatwr]
   [Ada]          awa-events-models.adb
   [Ada]          awa-permissions-models.adb
   [Ada]          awa-commands-models.ads
   [Ada]          awa-oauth-models.adb
   [Ada]          awa-audits-models.adb
awa-commands.ads:150:04: error: missing actual "Element_Type"
awa-commands.ads:150:04: error: in instantiation of "Consoles" declared at util-commands-consoles.ads:24
awa-commands.ads:150:04: error: instantiation abandoned
awa-commands.ads:155:11: error: "Consoles" is not visible (more references follow)
awa-commands.ads:155:11: error: non-visible declaration at util-commands-consoles.ads:24
awa-commands.ads:160:27: error: "Text_Consoles" is undefined

   compilation of awa-commands-models.ads failed

gprbuild: *** compilation phase failed
stderr: Command ["gprbuild", "-s", "-j0", "-p", "-P", "/home/runner/work/alire-crates-ci/alire-crates-ci/test/0a6d8bb7-cd37-44a4-8754-d02dd2012d1e/awa_unit_2.4.0_59135a52/.alire/unit/awa_unit.gpr"] exited with code 4
ERROR: Command ["gprbuild", "-s", "-j0", "-p", "-P", "/home/runner/work/alire-crates-ci/alire-crates-ci/test/0a6d8bb7-cd37-44a4-8754-d02dd2012d1e/awa_unit_2.4.0_59135a52/.alire/unit/awa_unit.gpr"] exited with code 4
stderr: ALIRE.CHECKED_ERROR
stderr: Command ["gprbuild", "-s", "-j0", "-p", "-P", "/home/runner/work/alire-crates-ci/alire-crates-ci/test/0a6d8bb7-cd37-44a4-8754-d02dd2012d1e/awa_unit_2.4.0_59135a52/.alire/unit/awa_unit.gpr"] exited with code 4
stderr: raised ALIRE.CHECKED_ERROR : alire-stored-error:1
[/usr/sbin/alr]
0xd7ada2 Alire.Raise_Checked_Error at alire.adb:251
0xa423cf Alire.Os_Lib.Subprocess.Checked_Spawn at alire-os_lib-subprocess.adb:110
0xc5cdee Alire.Spawn.Command at alire-spawn.adb:21
0xc5d51c Alire.Spawn.Gprbuild at alire-spawn.adb:41
0xbc1550 Alire.Roots.Build.Build_Single_Release.Call_Gprbuild at alire-roots.adb:140
0xbbfbaf Alire.Roots.Build.Build_Single_Release at alire-roots.adb:171
0xbdb95e Alire.Roots.Traverse.Traverse_Wrap at alire-roots.adb:1364
0xc25a8b Alire.Solutions.Traverse.Visit at alire-solutions.adb:1443
0xc246a2 Alire.Solutions.Traverse at alire-solutions.adb:1518
0xbdbaac Alire.Roots.Traverse at alire-roots.adb:1368
0xbbff40 Alire.Roots.Build at alire-roots.adb:196
0x4a0334 Alr.Commands.Build.Execute at alr-commands-build.adb:58
0x4b065a Alr.Commands.Get.Retrieve at alr-commands-get.adb:187
0x4b4e77 Alr.Commands.Get.Execute at alr-commands-get.adb:348
0x53bb7e Alr.Commands.Sub_Cmd.Execute at clic-subcommand-instance.adb:742
0x54756f Alr.Commands.Execute at alr-commands.adb:492
0x43cb1a Alr.Main at alr-main.adb:10
0x43f3e7 Main at b__alr-main.adb:2132
[/usr/bin/..//lib/libc.so.6]
0x7f80552b4cce
0x7f80552b4d88
[/usr/sbin/alr]
0x43c9f8 _start at ???
0xfffffffffffffffe


Warning: awa_unit=2.4.0 successfully retrieved but its build failed.
Dependencies were solved as follows:

   +  ado              2.4.0  (new,indirect)                        
   +  awa              2.4.0  (new)                                 
   +  aws              21.0.0 (new,indirect)                        
   +  elada            1.8.6  (new,indirect)                        
   +i gnat             13.2.1 (new,installed,gnat_external,indirect)
   +  keystoreada      1.4.0  (new,indirect)                        
   +  make             4.4.1  (new,indirect)                        
   +  openssl          3.2.1  (new,indirect)                        
   +  security         1.5.0  (new,indirect)                        
   +  serverfaces      1.6.0  (new,indirect)                        
   +  serverfaces_unit 1.6.0  (new)                                 
   +  servletada       1.7.0  (new,indirect)                        
   +  servletada_aws   1.6.0  (new,indirect)                        
   +  servletada_unit  1.7.0  (new)                                 
   +  utilada          2.6.0  (new,indirect)                        
   +  utilada_aws      2.5.0  (new,indirect)                        
   +  utilada_unit     2.6.0  (new,indirect)                        
   +  utilada_xml      2.6.0  (new,indirect)                        
   +  wikiada          1.4.1  (new,indirect)                        
   +  xmlada           21.0.0 (new,indirect)                        
ERROR: Build ended with errors
