Test ran at 2024-05-02 13:04:28.674505+00:00

SOLUTION:
pygamer_simulator=1.0.0: SDL simulator of the AdaFruit PyGamer console
Origin: commit c0b428bdaf94de296ec3591a11f8ae79f48cc0d3 from https://github.com/Fabien-Chouteau/pygamer-simulator.git
Properties:
   Description: SDL simulator of the AdaFruit PyGamer console
   License: BSD-3-Clause
   Maintainer: fabien.chouteau@gmail.com
   Maintainers_Logins: Fabien-Chouteau
   Name: pygamer_simulator
   Project_File: pygamer_simulator.gpr
   Tag: pygamer
   Tag: adafruit
   Tag: game
   Tag: console
   Tag: simulator
   Version: 1.0.0
   Website: https://github.com/Fabien-Chouteau/pygamer-simulator
Dependencies (direct):
   asfml2.5.1
   hal~0.1.0
Dependencies (solution):
   asfml=2.5.1
   hal=0.1.0
   libcsfml=2.5.2
Dependencies (graph):
   asfml=2.5.1             --> libcsfml=2.5.2 (^2.5)
   pygamer_simulator=1.0.0 --> asfml=2.5.1 (2.5.1)  
   pygamer_simulator=1.0.0 --> hal=0.1.0 (~0.1.0)   


LOG:
Note: Deploying pygamer_simulator=1.0.0...
Note: Deploying hal=0.1.0...
#=#=#                                                                         

######################################################################## 100.0%
Note: Deploying libcsfml=2.5.2...
Note: Deploying asfml=2.5.1...
Note: Building pygamer_simulator/pygamer_simulator.gpr...
Setup
   [mkdir]        object directory for project ASFML
   [mkdir]        library directory for project ASFML
   [mkdir]        object directory for project HAL
   [mkdir]        library directory for project HAL
   [mkdir]        object directory for project PyGamer_Simulator
Compile
   [Ada]          hal-filesystem.ads
   [Ada]          hal.ads
   [Ada]          hal-block_drivers.ads
   [Ada]          hal-touch_panel.ads
   [Ada]          hal-spi.ads
   [Ada]          hal-time.ads
   [Ada]          hal-i2c.ads
   [Ada]          hal-bitmap.ads
   [Ada]          hal-real_time_clock.ads
   [Ada]          hal-gpio.ads
   [Ada]          hal-framebuffer.ads
   [Ada]          hal-dsi.ads
   [Ada]          hal-sdmmc.adb
   [Ada]          hal-audio.ads
   [Ada]          hal-uart.ads
   [Ada]          sf-graphics-rect.ads
   [Ada]          sf-graphics-text.adb
   [Ada]          sf-graphics-texture.adb
   [Ada]          sf-system-thread.ads
   [Ada]          sf-graphics-circleshape.ads
   [Ada]          sf-window-joystickidentification.ads
   [Ada]          sf-system.ads
   [Ada]          sf-system-vector2.ads
   [Ada]          sf-network.ads
   [Ada]          sf-window-clipboard.adb
   [Ada]          sf-graphics-image.adb
   [Ada]          sf-system-sleep.adb
   [Ada]          sf.ads
   [Ada]          sf-graphics-glyph.ads
   [Ada]          sf-graphics-shape.ads
   [Ada]          sf-graphics-rectangleshape.ads
   [Ada]          sf-window-glu.ads
   [Ada]          sf-graphics-renderwindow.adb
   [Ada]          sf-window-windowhandle.ads
   [Ada]          sf-network-ftp.adb
   [Ada]          sf-audio-soundstatus.ads
   [Ada]          sf-graphics-shader.ads
   [Ada]          sf-network-ipaddress.adb
   [Ada]          sf-window-touch.ads
   [Ada]          sf-audio.ads
   [Ada]          sf-graphics-vertexbuffer.ads
   [Ada]          sf-audio-soundbufferrecorder.adb
   [Ada]          sf-audio-listener.ads
   [Ada]          sf-window-cursor.ads
   [Ada]          sf-graphics-rendertexture.ads
   [Ada]          sf-network-socketstatus.ads
   [Ada]          sf-graphics-sprite.ads
   [Ada]          sf-window-gl.ads
   [Ada]          sf-network-http.adb
   [Ada]          sf-graphics-glsl.ads
   [Ada]          sf-graphics-convexshape.ads
   [Ada]          sf-network-udpsocket.ads
   [Ada]          sf-system-clock.ads
   [Ada]          sf-graphics-vertex.ads
   [Ada]          sf-graphics-transformable.ads
   [Ada]          sf-window.ads
   [Ada]          sf-network-tcpsocket.ads
   [Ada]          sf-window-context.ads
   [Ada]          sf-network-tcplistener.ads
   [Ada]          sf-network-packet.adb
   [Ada]          sf-audio-soundrecorder.adb
   [Ada]          sf-window-window.adb
   [Ada]          sf-window-keyboard.ads
   [Ada]          sf-system-time.ads
   [Ada]          sf-graphics-blendmode.ads
   [Ada]          sf-graphics-view.ads
   [Ada]          sf-audio-soundstream.ads
   [Ada]          sf-window-mouse.ads
   [Ada]          sf-graphics-primitivetype.ads
   [Ada]          sf-graphics-color.ads
   [Ada]          sf-graphics-fontinfo.ads
   [Ada]          sf-system-vector3.ads
   [Ada]          sf-window-videomode.ads
   [Ada]          sf-graphics-transform.ads
   [Ada]          sf-graphics.ads
   [Ada]          sf-window-event.ads
   [Ada]          sf-audio-music.adb
   [Ada]          sf-graphics-font.adb
   [Ada]          sf-window-sensor.ads
   [Ada]          sf-window-joystick.ads
   [Ada]          sf-audio-soundbuffer.adb
   [Ada]          sf-audio-sound.ads
   [Ada]          sf-graphics-renderstates.ads
   [Ada]          sf-system-inputstream.ads
   [Ada]          sf-system-mutex.ads
   [Ada]          sf-graphics-vertexarray.ads
   [Ada]          sf-network-socketselector.ads
   [Ada]          pygamer-audio.adb
   [Ada]          pygamer-controls.adb
   [Ada]          simulator_assets.adb
   [Ada]          pygamer-time.adb
   [Ada]          pygamer.adb
   [Ada]          pygamer-screen.adb
pygamer.adb:24:04: warning: possible aliasing problem for type "sfView_Ptr" [enabled by default]
pygamer.adb:24:04: warning: use -fno-strict-aliasing switch for references [enabled by default]
pygamer.adb:24:04: warning: or use "pragma No_Strict_Aliasing (sfView_Ptr);" [enabled by default]
Build Libraries
   [gprlib]       asfml.lexch
   [gprlib]       hal.lexch
   [archive]      libasfml.a
   [archive]      libhal.a
   [index]        libhal.a
   [index]        libasfml.a
Build finished successfully in 2.53 seconds.

pygamer_simulator=1.0.0 successfully retrieved and built.
Dependencies were solved as follows:

   + asfml    2.5.1 (new)         
   + hal      0.1.0 (new)         
   + libcsfml 2.5.2 (new,indirect)
Found declared GPR file: pygamer_simulator.gpr
