Test ran at 2024-05-31 01:28:33.805690+00:00

SOLUTION:
endianness=1.0.0: Convenience subprograms to convert between Big- and Little-endianness
Origin: commit 0fdb81cde626f68c726eaac5c1211a65e6a06a33 from https://github.com/AntonMeep/endianness.git
Properties:
   Author: Anton Fediushin
   Description: Convenience subprograms to convert between Big- and Little-endianness
   License: ISC
   Maintainer: Anton Fediushin <imantonmeep@gmail.com>
   Maintainers_Logins: AntonMeep
   Name: endianness
   Tag: spark
   Tag: endianness
   Tag: system
   Version: 1.0.0
   Website: https://github.com/AntonMeep/endianness


LOG:
Note: Deploying endianness=1.0.0...
Note: Building endianness/endianness.gpr...
Setup
   [mkdir]        object directory for project Endianness
   [mkdir]        library directory for project Endianness
Compile
   [Ada]          endianness-interfaces.ads
   [Ada]          endianness.adb
   [Ada]          endianness-standard.ads
Build Libraries
   [gprlib]       endianness.lexch
   [archive]      libendianness.a
   [index]        libendianness.a
Build finished successfully in 0.59 seconds.

endianness=1.0.0 successfully retrieved and built.
There are no dependencies.
Found declared GPR file: endianness.gpr
