Test ran at 2024-05-12 12:24:42.030473+00:00

SOLUTION:
uri_ada=2.0.0: Processing of URI strings
Origin: commit 02a0780d7757e9e79b3410c3a34960655cacea3d from https://github.com/mosteo/uri-ada.git
Properties:
   Author: Alejandro R. Mosteo
   Description: Processing of URI strings
   License: MIT
   Maintainer: Alejandro R. Mosteo <alejandro@mosteo.com>
   Maintainers_Logins: mosteo
   Name: uri_ada
   Tag: uri
   Tag: url
   Tag: utility
   Version: 2.0


LOG:
Note: Deploying uri_ada=2.0.0...
Note: Building uri_ada/uri_ada.gpr...
Setup
   [mkdir]        object directory for project URI_Ada
   [mkdir]        exec directory for project URI_Ada
Compile
   [Ada]          uri_ada-test.adb
   [Ada]          uri_ada.adb
Bind
   [gprbind]      uri_ada-test.bexch
   [Ada]          uri_ada-test.ali
Link
   [link]         uri_ada-test.adb
-macosx_version_min has been renamed to -macos_version_min
0  0x10291ff43  __assert_rtn + 64
1  0x102821f43  ld::AtomPlacement::findAtom(unsigned char, unsigned long long, ld::AtomPlacement::AtomLoc const*&, long long&) const + 1411
2  0x10283e431  ld::InputFiles::SliceParser::parseObjectFile(mach_o::Header const*) const + 19745
3  0x10284eb71  ld::InputFiles::parseAllFiles(void (ld::AtomFile const*) block_pointer)::$_7::operator()(unsigned long, ld::FileInfo const&) const + 657
4  0x7ff805046def  _dispatch_client_callout2 + 8
5  0x7ff805058547  _dispatch_apply_invoke3 + 431
6  0x7ff805046dbc  _dispatch_client_callout + 8
7  0x7ff80504804e  _dispatch_once_callout + 20
8  0x7ff805057740  _dispatch_apply_invoke + 184
9  0x7ff805046dbc  _dispatch_client_callout + 8
10  0x7ff8050562ca  _dispatch_root_queue_drain + 871
11  0x7ff80505684f  _dispatch_worker_thread2 + 152
12  0x7ff8051e4b43  _pthread_wqthread + 262
ld: Assertion failed: (resultIndex < sectData.atoms.size()), function findAtom, file Relocations.cpp, line 1336.
collect2: error: ld returned 1 exit status
gprbuild: link of uri_ada-test.adb failed
gprbuild: failed command was: /users/runner/.config/alire/cache/dependencies/gnat_native_13.1.0_071d715c/bin/gcc uri_ada-test.o b__uri_ada-test.o /Users/runner/work/alire-crates-ci/alire-crates-ci/test/1b7436cd-bc8d-46c6-88db-c24e3ed48546/uri_ada_2.0.0_02a0780d/obj/uri_ada.o -g -L/Users/runner/work/alire-crates-ci/alire-crates-ci/test/1b7436cd-bc8d-46c6-88db-c24e3ed48546/uri_ada_2.0.0_02a0780d/obj/ -L/Users/runner/work/alire-crates-ci/alire-crates-ci/test/1b7436cd-bc8d-46c6-88db-c24e3ed48546/uri_ada_2.0.0_02a0780d/obj/ -L/users/runner/.config/alire/cache/dependencies/gnat_native_13.1.0_071d715c/lib/gcc/x86_64-apple-darwin21.6.0/13.1.0/adalib/ /users/runner/.config/alire/cache/dependencies/gnat_native_13.1.0_071d715c/lib/gcc/x86_64-apple-darwin21.6.0/13.1.0/adalib/libgnat.a -Wl,-rpath,@executable_path/..//obj -Wl,-rpath,@executable_path/../../../../../../..//.config/alire/cache/dependencies/gnat_native_13.1.0_071d715c/lib/gcc/x86_64-apple-darwin21.6.0/13.1.0/adalib -o /Users/runner/work/alire-crates-ci/alire-crates-ci/test/1b7436cd-bc8d-46c6-88db-c24e3ed48546/uri_ada_2.0.0_02a0780d/bin//uri_ada-test
stderr: Command ["gprbuild", "-s", "-j0", "-p", "-P", "/Users/runner/work/alire-crates-ci/alire-crates-ci/test/1b7436cd-bc8d-46c6-88db-c24e3ed48546/uri_ada_2.0.0_02a0780d/uri_ada.gpr"] exited with code 4
ERROR: Command ["gprbuild", "-s", "-j0", "-p", "-P", "/Users/runner/work/alire-crates-ci/alire-crates-ci/test/1b7436cd-bc8d-46c6-88db-c24e3ed48546/uri_ada_2.0.0_02a0780d/uri_ada.gpr"] exited with code 4
stderr: ALIRE.CHECKED_ERROR
stderr: Command ["gprbuild", "-s", "-j0", "-p", "-P", "/Users/runner/work/alire-crates-ci/alire-crates-ci/test/1b7436cd-bc8d-46c6-88db-c24e3ed48546/uri_ada_2.0.0_02a0780d/uri_ada.gpr"] exited with code 4
stderr: raised ALIRE.CHECKED_ERROR : alire-stored-error:1
Load address: 0x100f70000
Call stack traceback locations:
0x101878415 0x10154be83 0x10175edf9 0x10175f581 0x1016bfac3 0x1016bdf99 0x1016da873 0x101726dc1 0x10172581a 0x1016da9b8 0x1016be349 0x100fcf9c1 0x100fe0578 0x100fe501c 0x10106b05c 0x1010763b8 0x100f71605 0x100f74914


Warning: uri_ada=2.0.0 successfully retrieved but its build failed.
There are no dependencies.
ERROR: Build ended with errors
