Test ran at 2024-03-11 00:47:38.125788+00:00

SOLUTION:
mage=0.5.0: Mini Ada Game Engine - A very simple game engine written in Ada
Origin: commit 62ceaf2d1ed185fa23dd54743d73d038a6f4b094 from https://gitlab.com/leogermond/mage.git
Properties:
   Author: Leo Germond
   Description: Mini Ada Game Engine - A very simple game engine written in Ada
   License: Apache-2.0
   Maintainer: Leo Germond <germond@adacore.com>
   Maintainers_Logins: leogermond
   Name: mage
   Tag: game
   Tag: engine
   Tag: sdl
   Version: 0.5.0
   Website: www.gitlab.com/leogermond/mage
Dependencies (direct):
   sdlada^2.5.4-1
Dependencies (solution):
   libsdl2=2.0.20
   libsdl2_image=2.0.5
   libsdl2_ttf=2.0.18
   make=4.3.0
   sdlada=2.5.5
Dependencies (graph):
   mage=0.5.0   --> sdlada=2.5.5 (^2.5.4-1)     
   sdlada=2.5.5 --> libsdl2=2.0.20 (^2.0.0)     
   sdlada=2.5.5 --> libsdl2_image=2.0.5 (^2.0.0)
   sdlada=2.5.5 --> libsdl2_ttf=2.0.18 (^2.0.0) 
   sdlada=2.5.5 --> make=4.3.0 (*)              


LOG:
Note: Deploying mage=0.5.0...
Note: Deploying libsdl2=2.0.20...
Note: Deploying libsdl2_image=2.0.5...
Note: Deploying libsdl2_ttf=2.0.18...
Note: Deploying make=4.3.0...
Note: Deploying sdlada=2.5.5...
Note: Running pre_build actions for sdlada=2.5.5...
make: Entering directory '/home/runner/work/alire-crates-ci/alire-crates-ci/test/103c74b0-a099-4390-8903-4f710f47f761/mage_0.5.0_62ceaf2d/alire/cache/dependencies/sdlada_2.5.5_429c594d/build/gnat'
mkdir -p gen/src/
gprbuild -p -gnat2012 -XSDL_MODE=debug -XSDL_PLATFORM=linux \
	-Ptools.gpr
Setup
   [mkdir]        object directory for project Tools
Compile
   [Ada]          gen_keyboard.adb
   [Ada]          scancodes.ads
   [Ada]          utils.adb
Bind
   [gprbind]      gen_keyboard.bexch
   [Ada]          gen_keyboard.ali
Link
   [link]         gen_keyboard.adb
./gen/debug/tools/gen_keyboard > gen/src/sdl-events-keyboards.ads
make: Leaving directory '/home/runner/work/alire-crates-ci/alire-crates-ci/test/103c74b0-a099-4390-8903-4f710f47f761/mage_0.5.0_62ceaf2d/alire/cache/dependencies/sdlada_2.5.5_429c594d/build/gnat'
Note: Building mage/mage.gpr...
Setup
   [mkdir]        object directory for project SDLAda
   [mkdir]        object directory for project Mage
   [mkdir]        library directory for project Mage
Compile
   [C]            version_ttf.c
   [C]            version_images.c
   [C]            version.c
   [Ada]          sdl-ttfs-versions.adb
   [Ada]          sdl-ttfs.adb
   [Ada]          sdl-ttfs-makers.adb
   [Ada]          sdl-images-io.adb
   [Ada]          sdl-images-versions.adb
   [Ada]          sdl-images.adb
   [Ada]          sdl-log.adb
   [Ada]          sdl-video-pixels.ads
   [Ada]          sdl-video-windows.adb
   [Ada]          sdl-video.adb
   [Ada]          sdl-video-palettes.adb
   [Ada]          sdl-video-gl.adb
   [Ada]          sdl-events-controllers.ads
   [Ada]          sdl-libraries.adb
   [Ada]          sdl-inputs.ads
   [Ada]          sdl-events-joysticks.adb
   [Ada]          sdl-video-windows-makers.adb
sdl-video-palettes.ads:59:42: warning: 8 bits of "RGB_Colour" unused
   [Ada]          sdl-video-textures.adb
   [Ada]          sdl-timers.ads
   [Ada]          sdl-inputs-joysticks.adb
   [Ada]          sdl-inputs-joysticks-makers.adb
sdl-video-gl.adb:49:07: warning: literal "Attribute_Retained_Backing" is not referenced
   [Ada]          sdl-inputs-joysticks-game_controllers-makers.adb
   [Ada]          sdl-events-files.ads
   [Ada]          sdl-power.adb
   [Ada]          sdl-events-mice.ads
   [Ada]          sdl-video-displays.adb
   [Ada]          sdl-error.adb
   [Ada]          sdl-events.ads
   [Ada]          sdl-hints.adb
   [Ada]          sdl-events-joysticks-game_controllers.adb
   [Ada]          sdl-events-touches.ads
   [Ada]          sdl-events-keyboards.adb
   [Ada]          sdl-video-surfaces.adb
   [Ada]          sdl-rwops.adb
   [Ada]          sdl-video-surfaces-makers.adb
   [Ada]          sdl-video-windows-manager.adb
   [Ada]          sdl-video-renderers-makers.adb
   [Ada]          sdl-events-windows.ads
sdl-video-surfaces.ads:212:57: warning: aggregate not fully initialized
   [Ada]          sdl-platform.adb
   [Ada]          sdl-versions.adb
   [Ada]          sdl-inputs-mice-cursors.adb
   [Ada]          sdl-video-rectangles.adb
   [Ada]          sdl-inputs-joysticks-game_controllers.adb
   [Ada]          sdl-clipboard.adb
   [Ada]          sdl.adb
   [Ada]          sdl-cpus.adb
   [Ada]          sdl-events-events.adb
   [Ada]          sdl-video-pixel_formats.adb
   [Ada]          sdl-inputs-mice.adb
   [Ada]          sdl-c_pointers.ads
   [Ada]          sdl-inputs-keyboards.adb
   [Ada]          sdl-video-renderers.adb
   [Ada]          sdl-rwops-streams.adb
   [Ada]          sdl-video-textures-makers.adb
   [Ada]          mage_config.ads
   [Ada]          mage-model.ads
   [Ada]          mage-input.adb
   [Ada]          mage-event.adb
   [Ada]          mage.adb
   [Ada]          mage-log.adb
   [Ada]          mage-draw.adb
   [Ada]          mage_config-hardware.No.ads
mage-draw.adb:406:27: warning: formal parameter "Canvas" is not referenced
Build Libraries
   [gprlib]       sdlada.lexch
   [gprlib]       Mage.lexch
   [archive]      libsdlada.a
   [index]        libsdlada.a
   [archive]      libMage.a
   [index]        libMage.a
Build finished successfully in 7.29 seconds.

mage=0.5.0 successfully retrieved and built.
Dependencies were solved as follows:

   + libsdl2       2.0.20 (new,indirect)
   + libsdl2_image 2.0.5  (new,indirect)
   + libsdl2_ttf   2.0.18 (new,indirect)
   + make          4.3.0  (new,indirect)
   + sdlada        2.5.5  (new)         
Found declared GPR file: mage.gpr
