Test ran at 2022-09-26 01:13:43.818998+00:00

SOLUTION:
matreshka_sql_oracle=21.0.0: Oracle DB binding for Ada
Origin: commit 642d7f2873eb626a335fe5a5e424f604ccb66726 from https://github.com/reznikmm/matreshka-alire
Properties:
   Author: Vadim Godunko
   Description: Oracle DB binding for Ada
   License: BSD-3-Clause
   Maintainer: Vadim Godunko <vgodunko@gmail.com>
   Maintainer: Maxim Reznik <reznikmm@gmail.com>
   Maintainers_Logins: godunko
   Maintainers_Logins: reznikmm
   Name: matreshka_sql_oracle
   Project_File: build_matreshka_sql_oracle.gpr
   Tag: sql
   Tag: database
   Tag: db
   Tag: oracle
   Version: 21.0.0
   Website: https://forge.ada-ru.org/matreshka
Dependencies (direct):
   libclntsh*
   matreshka_league21.0.0
   matreshka_sql21.0.0
warning: Index 'community' version (1.2.0) is older than the newest supported by alr (1.2.1)
warning: You can disable this warning with configuration key 'warning.old_index'
Note: If you experience any problems loading this index, you may need to reset the community index with 'alr index --reset-community'. Note that this operation will delete any local changes to the community index.
Dependencies (solution):
   make=4.2.1
   matreshka_league=21.0.0
   matreshka_sql=21.0.0
Dependencies (external):
   libclntsh* (direct,hinted)
      Hint: Please install Oracle Instant Client from the Oracle web site and set ORACLE_HOME environment variable
Dependencies (graph):
   matreshka_league=21.0.0     --> make=4.2.1 (*)                  
   matreshka_sql=21.0.0        --> matreshka_league=21.0.0 (21.0.0)
   matreshka_sql_oracle=21.0.0 --> libclntsh*                      
   matreshka_sql_oracle=21.0.0 --> matreshka_league=21.0.0 (21.0.0)
   matreshka_sql_oracle=21.0.0 --> matreshka_sql=21.0.0 (21.0.0)   
Dependencies cannot be met


LOG:
