Test ran at 2024-03-22 01:15:06.585339+00:00

SOLUTION:
mos6502_create_nop=1.5.0: Create NOP ROM
Origin: source archive mos6502_create_nop-1.5.0.tgz at https://sourceforge.net/projects/tutorial-6502/files/Alire/mos6502_create_nop-1.5.0.tgz with hashes sha256:2f050dc7aef683274067cac4e2998ed21f234712a1cb751642e393831a1c83f4, sha512:30d9fc5617deee9adc3ebddb7e5d9a3ff285e8535ce13308617920e1b0ab6dd434d947ddf3a4b4c986cef9c765db5280871de59e46c05c11c2ec00e9d68d9681
Properties:
   Test run: alr run (from ${CRATE_ROOT}/test)
   Author: Martin Krischik <krischik@users.sourceforge.net>
   Description: Create NOP ROM
   Executable: create_nop
   License: GPL-3.0-or-later
   Long_Description: This is a tool to create a rom image with NOP commands.

This program can be used to create a ROM immage for the MOS 6502 tutorial from Ben Eater.

Development versions available with:

```sh
alr index --add "git+https://github.com/krischik/alire-index.git#develop" --name krischik
``` 

Source code and testsuite available on [SourceForge](https://git.code.sf.net/p/tutorial-6502/git)

   Maintainer: Martin Krischik <krischik@users.sourceforge.net>
   Maintainers_Logins: krischik
   Name: mos6502_create_nop
   Tag: mos-6502
   Tag: tools
   Tag: retrocomputing
   Tag: ada2022
   Version: 1.5.0
   Website: https://sourceforge.net/projects/tutorial-6502
Dependencies (direct):
   gnat>=12 & <2000
Dependencies (solution):
   gnat=13.2.1 (gnat_external)
Dependencies (graph):
   mos6502_create_nop=1.5.0 --> gnat=13.2.1 (gnat_external) (>=12 & <2000)


LOG:
Spawning: alr -d -n get mos6502_create_nop=1.5.0
Note: Deploying mos6502_create_nop=1.5.0...
#=#=#                                                                         
##=#=#                                                                        
##-=#=-#                                                                      
# #-=#=-#                                                                     
 # #-=#=- #                                                                   

######################################################################## 100.0%  # #=O=#   #                                                                 

######################################################################## 100.0%

mos6502_create_nop=1.5.0 successfully retrieved.
Dependencies were solved as follows:

   +b gnat 13.2.1 (new,gnat_external,executable in path)
Note: Alire has selected automatically this toolchain:
   gprbuild=22.0.1
   gnat_native=13.2.1
You can select a different toolchain at any time with `alr toolchain --select`
Download will start now:
Press Enter to continue or Ctrl-C to abort
ERROR: a-tigeli.adb:96
ERROR: alr encountered an unexpected error, re-run with -d for details.
ERROR: error location: 0x105f59a Ada.Text_Io.Get_Line.Get_Chunk at a-tigeli.adb:96
