Test ran at 2024-05-24 01:42:22.303861+00:00

SOLUTION:
muntsos_raspberrypi1=2.0.0: MuntsOS Embedded Linux support for RaspberryPi1 targets
Origin: source archive muntsos_raspberrypi1-2.0.0.tbz2 at http://repo.munts.com/alire/muntsos_raspberrypi1-2.0.0.tbz2 with hashes sha256:d5a5acb97f3e3df5c4775722e0732a0c71c94f76e809eb3cf0b802cc7a7639d1, sha512:3a97be31a7b7858e8e973689b229e6afe9cc81e53bb5766cf6658d8ff28fb13f710fc4c315ec9a3c96b153a05baea4815dcf257a7b39ad4af016d9682c3be8b4
Available when: (case OS is Linux => True, others => False)
Properties:
   Post_Fetch run: ${CRATE_DIR}/./sh -c ./postfetch
   Author: Philip Munts
   Configuration: no modifiers
   Description: MuntsOS Embedded Linux support for RaspberryPi1 targets
   Maintainer: Philip Munts <phil@munts.net>
   Maintainers_Logins: pmunts
   Name: muntsos_raspberrypi1
   Project_File: aws.gpr
   Project_File: libsimpleio.gpr
   Tag: muntsos
   Tag: embedded
   Tag: linux
   Tag: arm
   Tag: raspberrypi1
   Version: 2.0.0
   Website: https://github.com/pmunts/muntsos
Dependencies (direct):
   muntsos_dev_raspberrypi1*
Dependencies (external):
   muntsos_dev_raspberrypi1* (direct,hinted)
      Hint: Available at http://repo.munts.com/debian11 or http://repo.munts.com/muntsos/rpms
Dependencies (graph):
   muntsos_raspberrypi1=2.0.0 --> muntsos_dev_raspberrypi1*
Dependencies cannot be met


LOG:
