Test ran at 2024-03-23 13:02:10.724055+00:00

SOLUTION:
honki_tonks_zivilisationen=0.5.5305: The Code of my 4X turn-based strategy game.
Origin: commit cfbe2104c22982d068d6fa63643b96750747d9a1 from https://github.com/HonkiTonk/Honki-Tonks-Zivilisationen.git
Properties:
   Author: Stefan Hild
   Description: The Code of my 4X turn-based strategy game.
   Executable: honki_tonks_zivilisationen
   License: GPL-3.0-or-later
   Long_Description: Der Code meines 4X-Rundenstrategiespiels. Geschrieben in Ada 2022 unter Verwendung der Ada Standardbibliothek, der ASFML 2.5.4, der CSFML 2.5.1 und der SFML 2.5.1. Nur unter Linux intensiv getestet, sollte aber auch unter anderen Betriebssystemen problemlos funktionieren.

The Code of my 4X turn-based strategy game. Written in Ada 2022 using the Ada standard library, the ASFML 2.5.4, the CSFML 2.5.1 and the SFML 2.5.1. Only intensively tested under Linux, but should also work without problems under other operating systems.

   Maintainer: Stefan Hild <krapfen@totalplanlos.de>
   Maintainers_Logins: HonkiTonk
   Name: honki_tonks_zivilisationen
   Tag: game
   Tag: sfml
   Tag: 4x
   Tag: roundbased
   Tag: strategy
   Tag: cross-platform
   Tag: multimedia
   Tag: 2d
   Version: 0.05.5305
   Website: https://github.com/HonkiTonk/Honki-Tonks-Zivilisationen
Dependencies (direct):
   asfml^2.5.3
   gnat>=12.0.0
Dependencies (solution):
   asfml=2.5.5
   gnat=13.2.1 (gnat_external)
   libcsfml=2.5.2
Dependencies (graph):
   asfml=2.5.5                         --> libcsfml=2.5.2 (^2.5.2)
   honki_tonks_zivilisationen=0.5.5305 --> asfml=2.5.5 (^2.5.3)
   honki_tonks_zivilisationen=0.5.5305 --> gnat=13.2.1 (gnat_external) (>=12.0.0)


LOG:
Spawning: alr -d -n get --build honki_tonks_zivilisationen=0.5.5305
Note: Deploying honki_tonks_zivilisationen=0.5.5305...
Note: Deploying libcsfml=2.5.2...
The system package 'CSFML-devel' is about to be installed.
This action might require admin privileges and impact your system installation.
Do you want Alire to install this system package?
Using default: Yes
Last metadata expiration check: 0:12:02 ago on Sat Mar 23 12:49:14 2024.
Dependencies resolved.
================================================================================
 Package                       Arch      Version               Repository  Size
================================================================================
Installing:
 CSFML-devel                   x86_64    2.5.2-2.fc39          fedora      86 k
Installing dependencies:
 CSFML                         x86_64    2.5.2-2.fc39          fedora      94 k
 SFML                          x86_64    2.5.1-15.fc39         fedora     290 k
 abattis-cantarell-vf-fonts    noarch    0.301-10.fc39         fedora     121 k
 cairo                         x86_64    1.18.0-1.fc39         fedora     710 k
 default-fonts-core-sans       noarch    4.0-9.fc39            fedora      32 k
 flac-libs                     x86_64    1.4.3-2.fc39          fedora     264 k
 fontconfig                    x86_64    2.14.2-6.fc39         updates    296 k
 fonts-filesystem              noarch    1:2.0.5-12.fc39       fedora     8.2 k
 freetype                      x86_64    2.13.1-2.fc39         fedora     414 k
 google-noto-fonts-common      noarch    20240101-1.fc39       updates     17 k
 google-noto-sans-vf-fonts     noarch    20240101-1.fc39       updates    593 k
 graphite2                     x86_64    1.3.14-12.fc39        fedora      95 k
 harfbuzz                      x86_64    8.2.1-2.fc39          fedora     975 k
 hwdata                        noarch    0.380-1.fc39          updates    1.6 M
 libX11                        x86_64    1.8.7-1.fc39          fedora     650 k
 libX11-common                 noarch    1.8.7-1.fc39          fedora     176 k
 libX11-xcb                    x86_64    1.8.7-1.fc39          fedora      12 k
 libXau                        x86_64    1.0.11-3.fc39         fedora      31 k
 libXext                       x86_64    1.3.5-3.fc39          fedora      39 k
 libXfixes                     x86_64    6.0.0-6.fc39          fedora      19 k
 libXrandr                     x86_64    1.5.4-1.fc39          updates     27 k
 libXrender                    x86_64    0.9.11-3.fc39         fedora      27 k
 libXxf86vm                    x86_64    1.1.5-3.fc39          fedora      18 k
 libdrm                        x86_64    2.4.120-1.fc39        updates    157 k
 libglvnd                      x86_64    1:1.7.0-1.fc39        fedora     133 k
 libglvnd-glx                  x86_64    1:1.7.0-1.fc39        fedora     142 k
 libogg                        x86_64    2:1.3.5-6.fc39        fedora      33 k
 libpciaccess                  x86_64    0.16-9.fc39           fedora      26 k
 libpng                        x86_64    2:1.6.37-15.fc39      fedora     119 k
 libvorbis                     x86_64    1:1.3.7-8.fc39        fedora     195 k
 libxcb                        x86_64    1.13.1-12.fc39        fedora     233 k
 libxshmfence                  x86_64    1.3-13.fc39           fedora      12 k
 llvm-libs                     x86_64    17.0.6-3.fc39         updates     27 M
 lm_sensors-libs               x86_64    3.6.0-14.fc39         fedora      41 k
 mesa-filesystem               x86_64    23.3.6-1.fc39         updates     19 k
 mesa-libGL                    x86_64    23.3.6-1.fc39         updates    176 k
 mesa-libglapi                 x86_64    23.3.6-1.fc39         updates     53 k
 openal-soft                   x86_64    1.23.1-2.fc39         fedora     586 k
 pixman                        x86_64    0.42.2-2.fc39         fedora     288 k
 xml-common                    noarch    0.6.3-61.fc39         fedora      31 k
Installing weak dependencies:
 mesa-dri-drivers              x86_64    23.3.6-1.fc39         updates     25 M
 mesa-va-drivers               x86_64    23.3.6-1.fc39         updates    3.9 M

Transaction Summary
================================================================================
Install  43 Packages

Total download size: 64 M
Installed size: 281 M
Downloading Packages:
(1/43): CSFML-devel-2.5.2-2.fc39.x86_64.rpm     183 kB/s |  86 kB     00:00    
(2/43): CSFML-2.5.2-2.fc39.x86_64.rpm           160 kB/s |  94 kB     00:00    
(3/43): abattis-cantarell-vf-fonts-0.301-10.fc3 528 kB/s | 121 kB     00:00    
(4/43): SFML-2.5.1-15.fc39.x86_64.rpm           416 kB/s | 290 kB     00:00    
(5/43): default-fonts-core-sans-4.0-9.fc39.noar 278 kB/s |  32 kB     00:00    
(6/43): fonts-filesystem-2.0.5-12.fc39.noarch.r  71 kB/s | 8.2 kB     00:00    
(7/43): flac-libs-1.4.3-2.fc39.x86_64.rpm       1.1 MB/s | 264 kB     00:00    
(8/43): graphite2-1.3.14-12.fc39.x86_64.rpm     822 kB/s |  95 kB     00:00    
(9/43): cairo-1.18.0-1.fc39.x86_64.rpm          1.5 MB/s | 710 kB     00:00    
(10/43): freetype-2.13.1-2.fc39.x86_64.rpm      1.8 MB/s | 414 kB     00:00    
(11/43): libX11-1.8.7-1.fc39.x86_64.rpm         5.2 MB/s | 650 kB     00:00    
(12/43): libX11-common-1.8.7-1.fc39.noarch.rpm  1.5 MB/s | 176 kB     00:00    
(13/43): harfbuzz-8.2.1-2.fc39.x86_64.rpm       4.1 MB/s | 975 kB     00:00    
(14/43): libX11-xcb-1.8.7-1.fc39.x86_64.rpm     101 kB/s |  12 kB     00:00    
(15/43): libXext-1.3.5-3.fc39.x86_64.rpm        336 kB/s |  39 kB     00:00    
(16/43): libXau-1.0.11-3.fc39.x86_64.rpm        262 kB/s |  31 kB     00:00    
(17/43): libXfixes-6.0.0-6.fc39.x86_64.rpm      160 kB/s |  19 kB     00:00    
(18/43): libXrender-0.9.11-3.fc39.x86_64.rpm    234 kB/s |  27 kB     00:00    
(19/43): libXxf86vm-1.1.5-3.fc39.x86_64.rpm     152 kB/s |  18 kB     00:00    
(20/43): libglvnd-1.7.0-1.fc39.x86_64.rpm       1.1 MB/s | 133 kB     00:00    
(21/43): libglvnd-glx-1.7.0-1.fc39.x86_64.rpm   1.2 MB/s | 142 kB     00:00    
(22/43): libogg-1.3.5-6.fc39.x86_64.rpm         282 kB/s |  33 kB     00:00    
(23/43): libpciaccess-0.16-9.fc39.x86_64.rpm    226 kB/s |  26 kB     00:00    
(24/43): libpng-1.6.37-15.fc39.x86_64.rpm       1.0 MB/s | 119 kB     00:00    
(25/43): libvorbis-1.3.7-8.fc39.x86_64.rpm      1.6 MB/s | 195 kB     00:00    
(26/43): libxcb-1.13.1-12.fc39.x86_64.rpm       1.9 MB/s | 233 kB     00:00    
(27/43): libxshmfence-1.3-13.fc39.x86_64.rpm    102 kB/s |  12 kB     00:00    
(28/43): lm_sensors-libs-3.6.0-14.fc39.x86_64.r 354 kB/s |  41 kB     00:00    
(29/43): openal-soft-1.23.1-2.fc39.x86_64.rpm   4.7 MB/s | 586 kB     00:00    
(30/43): pixman-0.42.2-2.fc39.x86_64.rpm        2.4 MB/s | 288 kB     00:00    
(31/43): xml-common-0.6.3-61.fc39.noarch.rpm    266 kB/s |  31 kB     00:00    
(32/43): google-noto-fonts-common-20240101-1.fc  53 kB/s |  17 kB     00:00    
(33/43): fontconfig-2.14.2-6.fc39.x86_64.rpm    444 kB/s | 296 kB     00:00    
(34/43): libXrandr-1.5.4-1.fc39.x86_64.rpm      253 kB/s |  27 kB     00:00    
(35/43): google-noto-sans-vf-fonts-20240101-1.f 775 kB/s | 593 kB     00:00    
(36/43): libdrm-2.4.120-1.fc39.x86_64.rpm       1.4 MB/s | 157 kB     00:00    
(37/43): hwdata-0.380-1.fc39.noarch.rpm         2.3 MB/s | 1.6 MB     00:00    
(38/43): mesa-filesystem-23.3.6-1.fc39.x86_64.r 173 kB/s |  19 kB     00:00    
(39/43): mesa-libGL-23.3.6-1.fc39.x86_64.rpm    1.5 MB/s | 176 kB     00:00    
(40/43): mesa-libglapi-23.3.6-1.fc39.x86_64.rpm 490 kB/s |  53 kB     00:00    
(41/43): mesa-va-drivers-23.3.6-1.fc39.x86_64.r  17 MB/s | 3.9 MB     00:00    
(42/43): mesa-dri-drivers-23.3.6-1.fc39.x86_64.  18 MB/s |  25 MB     00:01    
(43/43): llvm-libs-17.0.6-3.fc39.x86_64.rpm      18 MB/s |  27 MB     00:01    
--------------------------------------------------------------------------------
Total                                            14 MB/s |  64 MB     00:04     
Running transaction check
Transaction check succeeded.
Running transaction test
Transaction test succeeded.
Running transaction
  Preparing        :                                                        1/1 
  Installing       : libogg-2:1.3.5-6.fc39.x86_64                          1/43 
  Installing       : fonts-filesystem-1:2.0.5-12.fc39.noarch               2/43 
  Installing       : mesa-filesystem-23.3.6-1.fc39.x86_64                  3/43 
  Installing       : llvm-libs-17.0.6-3.fc39.x86_64                        4/43 
  Installing       : libxshmfence-1.3-13.fc39.x86_64                       5/43 
  Installing       : libpng-2:1.6.37-15.fc39.x86_64                        6/43 
  Installing       : libX11-xcb-1.8.7-1.fc39.x86_64                        7/43 
  Installing       : abattis-cantarell-vf-fonts-0.301-10.fc39.noarch       8/43 
  Installing       : flac-libs-1.4.3-2.fc39.x86_64                         9/43 
  Installing       : libvorbis-1:1.3.7-8.fc39.x86_64                      10/43 
  Installing       : hwdata-0.380-1.fc39.noarch                           11/43 
  Installing       : libpciaccess-0.16-9.fc39.x86_64                      12/43 
  Installing       : libdrm-2.4.120-1.fc39.x86_64                         13/43 
  Installing       : google-noto-fonts-common-20240101-1.fc39.noarch      14/43 
  Installing       : google-noto-sans-vf-fonts-20240101-1.fc39.noarch     15/43 
  Installing       : default-fonts-core-sans-4.0-9.fc39.noarch            16/43 
  Running scriptlet: xml-common-0.6.3-61.fc39.noarch                      17/43 
  Installing       : xml-common-0.6.3-61.fc39.noarch                      17/43 
  Installing       : pixman-0.42.2-2.fc39.x86_64                          18/43 
  Installing       : openal-soft-1.23.1-2.fc39.x86_64                     19/43 
  Installing       : lm_sensors-libs-3.6.0-14.fc39.x86_64                 20/43 
  Installing       : libglvnd-1:1.7.0-1.fc39.x86_64                       21/43 
  Installing       : libXau-1.0.11-3.fc39.x86_64                          22/43 
  Installing       : libxcb-1.13.1-12.fc39.x86_64                         23/43 
  Installing       : mesa-va-drivers-23.3.6-1.fc39.x86_64                 24/43 
  Installing       : mesa-libglapi-23.3.6-1.fc39.x86_64                   25/43 
  Installing       : mesa-dri-drivers-23.3.6-1.fc39.x86_64                26/43 
  Installing       : libX11-common-1.8.7-1.fc39.noarch                    27/43 
  Installing       : libX11-1.8.7-1.fc39.x86_64                           28/43 
  Installing       : libXext-1.3.5-3.fc39.x86_64                          29/43 
  Installing       : libXrender-0.9.11-3.fc39.x86_64                      30/43 
  Installing       : libXrandr-1.5.4-1.fc39.x86_64                        31/43 
  Installing       : libXxf86vm-1.1.5-3.fc39.x86_64                       32/43 
  Installing       : libXfixes-6.0.0-6.fc39.x86_64                        33/43 
  Installing       : libglvnd-glx-1:1.7.0-1.fc39.x86_64                   34/43 
  Installing       : mesa-libGL-23.3.6-1.fc39.x86_64                      35/43 
  Installing       : graphite2-1.3.14-12.fc39.x86_64                      36/43 
  Installing       : cairo-1.18.0-1.fc39.x86_64                           37/43 
  Installing       : harfbuzz-8.2.1-2.fc39.x86_64                         38/43 
  Installing       : freetype-2.13.1-2.fc39.x86_64                        39/43 
  Installing       : fontconfig-2.14.2-6.fc39.x86_64                      40/43 
  Running scriptlet: fontconfig-2.14.2-6.fc39.x86_64                      40/43 
  Installing       : SFML-2.5.1-15.fc39.x86_64                            41/43 
  Installing       : CSFML-2.5.2-2.fc39.x86_64                            42/43 
  Installing       : CSFML-devel-2.5.2-2.fc39.x86_64                      43/43 
  Running scriptlet: fontconfig-2.14.2-6.fc39.x86_64                      43/43 
  Running scriptlet: CSFML-devel-2.5.2-2.fc39.x86_64                      43/43 
  Verifying        : CSFML-2.5.2-2.fc39.x86_64                             1/43 
  Verifying        : CSFML-devel-2.5.2-2.fc39.x86_64                       2/43 
  Verifying        : SFML-2.5.1-15.fc39.x86_64                             3/43 
  Verifying        : abattis-cantarell-vf-fonts-0.301-10.fc39.noarch       4/43 
  Verifying        : cairo-1.18.0-1.fc39.x86_64                            5/43 
  Verifying        : default-fonts-core-sans-4.0-9.fc39.noarch             6/43 
  Verifying        : flac-libs-1.4.3-2.fc39.x86_64                         7/43 
  Verifying        : fonts-filesystem-1:2.0.5-12.fc39.noarch               8/43 
  Verifying        : freetype-2.13.1-2.fc39.x86_64                         9/43 
  Verifying        : graphite2-1.3.14-12.fc39.x86_64                      10/43 
  Verifying        : harfbuzz-8.2.1-2.fc39.x86_64                         11/43 
  Verifying        : libX11-1.8.7-1.fc39.x86_64                           12/43 
  Verifying        : libX11-common-1.8.7-1.fc39.noarch                    13/43 
  Verifying        : libX11-xcb-1.8.7-1.fc39.x86_64                       14/43 
  Verifying        : libXau-1.0.11-3.fc39.x86_64                          15/43 
  Verifying        : libXext-1.3.5-3.fc39.x86_64                          16/43 
  Verifying        : libXfixes-6.0.0-6.fc39.x86_64                        17/43 
  Verifying        : libXrender-0.9.11-3.fc39.x86_64                      18/43 
  Verifying        : libXxf86vm-1.1.5-3.fc39.x86_64                       19/43 
  Verifying        : libglvnd-1:1.7.0-1.fc39.x86_64                       20/43 
  Verifying        : libglvnd-glx-1:1.7.0-1.fc39.x86_64                   21/43 
  Verifying        : libogg-2:1.3.5-6.fc39.x86_64                         22/43 
  Verifying        : libpciaccess-0.16-9.fc39.x86_64                      23/43 
  Verifying        : libpng-2:1.6.37-15.fc39.x86_64                       24/43 
  Verifying        : libvorbis-1:1.3.7-8.fc39.x86_64                      25/43 
  Verifying        : libxcb-1.13.1-12.fc39.x86_64                         26/43 
  Verifying        : libxshmfence-1.3-13.fc39.x86_64                      27/43 
  Verifying        : lm_sensors-libs-3.6.0-14.fc39.x86_64                 28/43 
  Verifying        : openal-soft-1.23.1-2.fc39.x86_64                     29/43 
  Verifying        : pixman-0.42.2-2.fc39.x86_64                          30/43 
  Verifying        : xml-common-0.6.3-61.fc39.noarch                      31/43 
  Verifying        : fontconfig-2.14.2-6.fc39.x86_64                      32/43 
  Verifying        : google-noto-fonts-common-20240101-1.fc39.noarch      33/43 
  Verifying        : google-noto-sans-vf-fonts-20240101-1.fc39.noarch     34/43 
  Verifying        : hwdata-0.380-1.fc39.noarch                           35/43 
  Verifying        : libXrandr-1.5.4-1.fc39.x86_64                        36/43 
  Verifying        : libdrm-2.4.120-1.fc39.x86_64                         37/43 
  Verifying        : llvm-libs-17.0.6-3.fc39.x86_64                       38/43 
  Verifying        : mesa-dri-drivers-23.3.6-1.fc39.x86_64                39/43 
  Verifying        : mesa-filesystem-23.3.6-1.fc39.x86_64                 40/43 
  Verifying        : mesa-libGL-23.3.6-1.fc39.x86_64                      41/43 
  Verifying        : mesa-libglapi-23.3.6-1.fc39.x86_64                   42/43 
  Verifying        : mesa-va-drivers-23.3.6-1.fc39.x86_64                 43/43 

Installed:
  CSFML-2.5.2-2.fc39.x86_64                                                     
  CSFML-devel-2.5.2-2.fc39.x86_64                                               
  SFML-2.5.1-15.fc39.x86_64                                                     
  abattis-cantarell-vf-fonts-0.301-10.fc39.noarch                               
  cairo-1.18.0-1.fc39.x86_64                                                    
  default-fonts-core-sans-4.0-9.fc39.noarch                                     
  flac-libs-1.4.3-2.fc39.x86_64                                                 
  fontconfig-2.14.2-6.fc39.x86_64                                               
  fonts-filesystem-1:2.0.5-12.fc39.noarch                                       
  freetype-2.13.1-2.fc39.x86_64                                                 
  google-noto-fonts-common-20240101-1.fc39.noarch                               
  google-noto-sans-vf-fonts-20240101-1.fc39.noarch                              
  graphite2-1.3.14-12.fc39.x86_64                                               
  harfbuzz-8.2.1-2.fc39.x86_64                                                  
  hwdata-0.380-1.fc39.noarch                                                    
  libX11-1.8.7-1.fc39.x86_64                                                    
  libX11-common-1.8.7-1.fc39.noarch                                             
  libX11-xcb-1.8.7-1.fc39.x86_64                                                
  libXau-1.0.11-3.fc39.x86_64                                                   
  libXext-1.3.5-3.fc39.x86_64                                                   
  libXfixes-6.0.0-6.fc39.x86_64                                                 
  libXrandr-1.5.4-1.fc39.x86_64                                                 
  libXrender-0.9.11-3.fc39.x86_64                                               
  libXxf86vm-1.1.5-3.fc39.x86_64                                                
  libdrm-2.4.120-1.fc39.x86_64                                                  
  libglvnd-1:1.7.0-1.fc39.x86_64                                                
  libglvnd-glx-1:1.7.0-1.fc39.x86_64                                            
  libogg-2:1.3.5-6.fc39.x86_64                                                  
  libpciaccess-0.16-9.fc39.x86_64                                               
  libpng-2:1.6.37-15.fc39.x86_64                                                
  libvorbis-1:1.3.7-8.fc39.x86_64                                               
  libxcb-1.13.1-12.fc39.x86_64                                                  
  libxshmfence-1.3-13.fc39.x86_64                                               
  llvm-libs-17.0.6-3.fc39.x86_64                                                
  lm_sensors-libs-3.6.0-14.fc39.x86_64                                          
  mesa-dri-drivers-23.3.6-1.fc39.x86_64                                         
  mesa-filesystem-23.3.6-1.fc39.x86_64                                          
  mesa-libGL-23.3.6-1.fc39.x86_64                                               
  mesa-libglapi-23.3.6-1.fc39.x86_64                                            
  mesa-va-drivers-23.3.6-1.fc39.x86_64                                          
  openal-soft-1.23.1-2.fc39.x86_64                                              
  pixman-0.42.2-2.fc39.x86_64                                                   
  xml-common-0.6.3-61.fc39.noarch                                               

Complete!
Note: Deploying asfml=2.5.5...
Note: Building honki_tonks_zivilisationen=0.5.5305/honki_tonks_zivilisationen.gpr...
Setup
   [mkdir]        object directory for project ASFML
   [mkdir]        library directory for project ASFML
   [mkdir]        object directory for project Honki_Tonks_Zivilisationen
Compile
   [Ada]          HonkiTonksZivilisationen.adb
   [Ada]          sf-window-clipboard.adb
   [Ada]          sf-audio-soundstream.ads
   [Ada]          sf-system-sleep.adb
   [Ada]          sf-graphics-primitivetype.ads
   [Ada]          sf-graphics-rendertexture.ads
   [Ada]          sf-system-vector3.ads
   [Ada]          sf-graphics-font.adb
   [Ada]          sf-window-cursor.ads
   [Ada]          sf-window-keyboard.ads
   [Ada]          sf-network-tcpsocket.ads
   [Ada]          sf-graphics-convexshape.ads
   [Ada]          sf-window-gl.ads
   [Ada]          sf-graphics-sprite.ads
   [Ada]          sf-network-tcplistener.ads
   [Ada]          sf-window-window.adb
   [Ada]          sf-graphics-vertexarray.ads
   [Ada]          sf-audio-sound.ads
   [Ada]          sf-graphics-rectangleshape.ads
   [Ada]          sf-graphics-texture.adb
   [Ada]          sf-graphics-text.adb
   [Ada]          sf-graphics-blendmode.ads
   [Ada]          sf-audio-soundrecorder.adb
   [Ada]          sf-graphics-shape.ads
   [Ada]          sf-graphics-glsl.ads
   [Ada]          sf-window-mouse.ads
   [Ada]          sf-audio-music.adb
   [Ada]          sf-network-udpsocket.ads
   [Ada]          sf-system.ads
   [Ada]          sf-graphics-circleshape.ads
   [Ada]          sf-graphics.ads
   [Ada]          sf-graphics-renderstates.ads
   [Ada]          sf-window-sensor.ads
   [Ada]          sf-audio-soundbuffer.adb
   [Ada]          sf-window.ads
   [Ada]          sf-graphics-fontinfo.ads
   [Ada]          sf-graphics-image.adb
   [Ada]          sf-network-packet.adb
   [Ada]          sf-window-joystickidentification.ads
   [Ada]          sf-graphics-color.ads
   [Ada]          sf-window-joystick.ads
   [Ada]          sf-window-touch.ads
   [Ada]          sf-graphics-view.ads
   [Ada]          sf-system-vector2.ads
   [Ada]          sf-window-videomode.ads
   [Ada]          sf-window-event.ads
   [Ada]          sf-graphics-renderwindow.adb
   [Ada]          sf-graphics-vertexbuffer.ads
   [Ada]          sf-network.ads
   [Ada]          sf-window-glu.ads
   [Ada]          sf-system-clock.ads
   [Ada]          sf-system-mutex.ads
   [Ada]          sf-network-ipaddress.adb
   [Ada]          sf-network-socketstatus.ads
   [Ada]          sf-graphics-transform.ads
   [Ada]          sf-system-time.ads
   [Ada]          sf-audio-soundstatus.ads
   [Ada]          sf-network-socketselector.ads
   [Ada]          sf-network-ftp.adb
   [Ada]          sf-graphics-transformable.ads
   [Ada]          sf-graphics-vertex.ads
   [Ada]          sf-system-inputstream.ads
   [Ada]          sf-audio-soundbufferrecorder.adb
   [Ada]          sf-window-context.adb
   [Ada]          sf-graphics-glyph.ads
   [Ada]          sf-window-windowhandle.ads
   [Ada]          sf-system-thread.ads
   [Ada]          sf-audio-listener.ads
   [Ada]          sf-graphics-shader.adb
   [Ada]          sf-audio.ads
   [Ada]          sf.ads
   [Ada]          sf-network-http.adb
   [Ada]          sf-graphics-rect.ads
   [Ada]          FehlermeldungSchreiben.adb
   [Ada]          Grafik.adb
   [Ada]          LeseGrafiktask.adb
   [Ada]          Logik.adb
   [Ada]          Musik.adb
   [Ada]          Projekteinstellungen.ads
   [Ada]          SchreibenEinstellungenLogik.adb
   [Ada]          Sound.adb
   [Ada]          StartEndeSound.adb
   [Ada]          ZeitKonstanten.ads
   [Ada]          Grafiktask.adb
   [Ada]          EinheitenDatentypen.ads
   [Ada]          EinheitenRecords.ads
   [Ada]          GrafikDatentypen.ads
   [Ada]          KartenRecords.ads
   [Ada]          MenueDatentypen.ads
   [Ada]          SpeziesDatentypen.ads
   [Ada]          StadtDatentypen.ads
   [Ada]          TextnummernKonstanten.ads
   [Ada]          ZahlenDatentypen.ads
   [Ada]          AbspannGrafik.adb
   [Ada]          BauauswahlGrafik.adb
   [Ada]          BildrateAnzeigenGrafik.adb
   [Ada]          DiplomatieauswahlGrafik.adb
   [Ada]          EditorenGrafik.adb
   [Ada]          EingabenanzeigeGrafik.adb
   [Ada]          FensterGrafik.adb
   [Ada]          ForschungsauswahlGrafik.adb
   [Ada]          ForschungserfolgGrafik.adb
   [Ada]          IntroGrafik.adb
   [Ada]          KartenaufteilungGrafik.adb
   [Ada]          LadezeitenGrafik.adb
   [Ada]          LeseEinstellungenGrafik.adb
   [Ada]          MenueaufteilungGrafik.adb
   [Ada]          SchreibeGrafiktask.adb
   [Ada]          SchreibeLogiktask.adb
   [Ada]          SichtweitenGrafik.adb
   [Ada]          SpielmeldungenGrafik.adb
   [Ada]          SprachauswahlGrafik.adb
   [Ada]          SystemKonstanten.ads
   [Ada]          TasteneingabeGrafik.adb
   [Ada]          TextaccesseSetzenGrafik.adb
   [Ada]          TexteingabeGrafik.adb
   [Ada]          TexteinstellungenGrafik.adb
   [Ada]          UebergabeRecordErmittelnGrafik.adb
   [Ada]          VerkaufsauswahlGrafik.adb
   [Ada]          EinlesenEinstellungenLogik.adb
   [Ada]          EinlesenLogik.adb
   [Ada]          HauptmenueLogik.adb
   [Ada]          LeseLogiktask.adb
   [Ada]          SchreibeGesamttask.adb
   [Ada]          SchreibenVerzeichnisseLogik.adb
   [Ada]          TastenbelegungDatentypen.ads
   [Ada]          TasteneingabeLogik.adb
   [Ada]          IntroMusik.adb
   [Ada]          LeseGesamttask.adb
   [Ada]          LeseMusiktask.adb
   [Ada]          StarteinstellungenMusik.adb
   [Ada]          StartEndeMusik.adb
   [Ada]          TonDatentypen.ads
   [Ada]          SystemRecords.ads
   [Ada]          EingeleseneSounds.adb
   [Ada]          SchreibeSoundtask.adb
   [Ada]          LeseSoundtask.adb
   [Ada]          StarteinstellungenSound.adb
   [Ada]          AufgabenDatentypen.ads
   [Ada]          KampfDatentypen.ads
   [Ada]          KIDatentypen.ads
   [Ada]          ProduktionDatentypen.ads
   [Ada]          BewertungDatentypen.ads
   [Ada]          KartenartDatentypen.ads
   [Ada]          KartenDatentypen.ads
   [Ada]          KartenextraDatentypen.ads
   [Ada]          KartengrundDatentypen.ads
   [Ada]          AuswahlKonstanten.ads
   [Ada]          EinheitenKonstanten.ads
   [Ada]          KartenRecordKonstanten.adb
   [Ada]          SpeziesKonstanten.ads
   [Ada]          StadtKonstanten.adb
   [Ada]          TaskRecords.adb
   [Ada]          BefehleDatentypen.ads
   [Ada]          Fehlermeldungssystem.adb
   [Ada]          LeseEinstellungenTon.adb
   [Ada]          LeseOptionen.adb
   [Ada]          LeseTastenbelegungDatenbank.adb
   [Ada]          TextDatentypen.ads
   [Ada]          VerzeichnisKonstanten.ads
   [Ada]          GrafikKonstanten.adb
   [Ada]          HintergrundGrafik.adb
   [Ada]          TextaccessVariablen.adb
   [Ada]          TextaccessverwaltungssystemEinfachGrafik.adb
   [Ada]          TextberechnungenBreiteGrafik.adb
   [Ada]          TextberechnungenHoeheGrafik.adb
   [Ada]          Views.adb
   [Ada]          ViewsEinstellenGrafik.adb
   [Ada]          GrafikRecordKonstanten.adb
   [Ada]          KartengrundEditorGrafik.adb
   [Ada]          UmwandlungenAdaEigenes.adb
   [Ada]          AllgemeineViewsGrafik.adb
   [Ada]          BauauswahlEinheitenGrafik.adb
   [Ada]          BauauswahlGebaeudeGrafik.adb
   [Ada]          EinheitenbeschreibungenGrafik.adb
   [Ada]          GebaeudebeschreibungenGrafik.adb
   [Ada]          InteraktionAuswahl.adb
   [Ada]          Spieltexte.adb
   [Ada]          StandardtexteGrafik.adb
   [Ada]          TextaccessverwaltungssystemErweitertGrafik.adb
   [Ada]          TextfarbeGrafik.adb
   [Ada]          ViewKonstanten.ads
   [Ada]          LeseSpeziesbelegung.adb
   [Ada]          StadtGrafikRecords.ads
   [Ada]          StadtRecords.ads
   [Ada]          DiplomatieDatentypen.ads
   [Ada]          LeseDiplomatie.adb
   [Ada]          MenuestringsSetzenGrafik.adb
   [Ada]          TextKonstanten.adb
   [Ada]          SonstigesKonstanten.ads
   [Ada]          ForschungKonstanten.ads
   [Ada]          LeseWichtiges.adb
   [Ada]          ForschungenDatentypen.ads
   [Ada]          Sequenzentexte.adb
   [Ada]          ZeilenumbruchberechnungGrafik.adb
   [Ada]          LeseEinheitenGebaut.adb
   [Ada]          TextskalierungGrafik.adb
   [Ada]          EinheitenGrafikRecords.ads
   [Ada]          ForschungsbeschreibungenGrafik.adb
   [Ada]          LeseEinheitenDatenbank.adb
   [Ada]          LeseForschungenDatenbank.adb
   [Ada]          LeseGebaeudeDatenbank.adb
   [Ada]          EinstellungenGrafik.adb
   [Ada]          DoppelmenueGrafik.adb
   [Ada]          EinfachmenueGrafik.adb
   [Ada]          SpielstandmenueGrafik.adb
   [Ada]          SteuerungsmenueGrafik.adb
   [Ada]          CursorplatzierungAltGrafik.adb
   [Ada]          CursorplatzierungGrafik.adb
   [Ada]          SeitenleisteGrafik.adb
   [Ada]          StadtbefehleGrafik.adb
   [Ada]          StadtkarteGrafik.adb
   [Ada]          StadtseitenleisteGrafik.adb
   [Ada]          StadtumgebungGrafik.adb
   [Ada]          UmwandlungenGrafik.adb
   [Ada]          WeltkarteGrafik.adb
   [Ada]          WeltkartenbefehleGrafik.adb
   [Ada]          LeseGrenzen.adb
   [Ada]          LeseWeltkarteneinstellungen.adb
   [Ada]          Logiktask.adb
   [Ada]          CursorbewegungLogik.adb
   [Ada]          LeseCursor.adb
   [Ada]          LadezeitenDatentypen.ads
   [Ada]          LadezeitenLogik.adb
   [Ada]          SpeziesbeschreibungenGrafik.adb
   [Ada]          SystemDatentypen.ads
   [Ada]          TextaccesseSchriftfarbeGrafik.adb
   [Ada]          TextaccesseSchriftgroesseGrafik.adb
   [Ada]          TextaccesseSchriftstilGrafik.adb
   [Ada]          TextaccesseTextGrafik.adb
   [Ada]          KonvexverwaltungssystemGrafik.adb
   [Ada]          SprachauswahlLogik.adb
   [Ada]          TextArrays.ads
   [Ada]          LeseStadtGebaut.adb
   [Ada]          BetriebssystemKonstanten.adb
   [Ada]          SystemRecordKonstanten.adb
   [Ada]          EinlesenAllgemeinesLogik.adb
   [Ada]          TextaccesseSchriftartGrafik.adb
   [Ada]          EinlesenGrafikeinstellungenLogik.adb
   [Ada]          EinlesenNutzereinstellungenLogik.adb
   [Ada]          EinlesenSpielendeEinstellungenLogik.adb
   [Ada]          EinlesenTastatureinstellungenLogik.adb
   [Ada]          EinlesenToneinstellungenLogik.adb
   [Ada]          AuswahlaufteilungLogik.adb
   [Ada]          DatenbankeneditorenLogik.adb
   [Ada]          LadenLogik.adb
   [Ada]          OptionenLogik.adb
   [Ada]          SchreibeMusiktask.adb
   [Ada]          SpieleinstellungenLogik.adb
   [Ada]          SpielLogik.adb
   [Ada]          RueckgabeDatentypen.ads
   [Ada]          Gesamttask.ads
   [Ada]          Musiktask.ads
   [Ada]          EinlesenDatenbankenLogik.adb
   [Ada]          EinlesenMusikLogik.adb
   [Ada]          EinlesenSoundsLogik.adb
   [Ada]          EinlesenSpracheLogik.adb
   [Ada]          EinlesenTextLogik.adb
   [Ada]          EinlesenTexturenLogik.adb
   [Ada]          SchreibeOptionen.adb
   [Ada]          EingabeAllgemeinLogik.adb
   [Ada]          EingeleseneMusik.adb
   [Ada]          Soundtask.adb
   [Ada]          KartenKonstanten.ads
   [Ada]          EinstellungenTon.adb
   [Ada]          TonKonstanten.ads
   [Ada]          KartenverbesserungDatentypen.ads
   [Ada]          TastenbelegungDatenbank.adb
   [Ada]          OptionenVariablen.adb
   [Ada]          EingeleseneTexturenGrafik.adb
   [Ada]          ObjekteZeichnenGrafik.adb
   [Ada]          SpritesverwaltungssystemGrafik.adb
   [Ada]          TexturenSetzenSkalierenGrafik.adb
   [Ada]          MenueKonstanten.adb
   [Ada]          GrafikRecords.adb
   [Ada]          Speziestexte.adb
   [Ada]          StadtArrays.ads
   [Ada]          SpielVariablen.adb
   [Ada]          SpielRecords.ads
   [Ada]          KartengeneratorVariablenLogik.adb
   [Ada]          LeseAllgemeines.adb
   [Ada]          SpielDatentypen.ads
   [Ada]          PruefungenGrafik.adb
   [Ada]          Menuetexte.adb
   [Ada]          FehlermeldungssystemZusatzinformationen.adb
   [Ada]          GebautVariablen.adb
   [Ada]          ForschungenDatenbank.ads
   [Ada]          ProduktionKonstanten.ads
   [Ada]          EinheitenDatenbank.ads
   [Ada]          KampfKonstanten.ads
   [Ada]          GebaeudeDatenbank.ads
   [Ada]          KartenformmenueGrafik.adb
   [Ada]          ZusatztextaufteilungGrafik.adb
   [Ada]          SpielstandVariablen.adb
   [Ada]          KartenkoordinatenberechnungssystemLogik.adb
   [Ada]          SchreibeCursor.adb
   [Ada]          Vergleiche.adb
   [Ada]          SteuerungsauswahlLogik.adb
   [Ada]          TastenbelegungKonstanten.adb
   [Ada]          GeheZuGrafik.adb
   [Ada]          AllgemeinesSeitenleisteGrafik.adb
   [Ada]          EinheitenseitenleisteGrafik.adb
   [Ada]          EinheitSuchenLogik.adb
   [Ada]          LeseWeltkarte.adb
   [Ada]          StadtSuchenLogik.adb
   [Ada]          ViewbereicheBerechnenGrafik.adb
   [Ada]          WichtigesSeitenleisteGrafik.adb
   [Ada]          KartenspritesZeichnenGrafik.adb
   [Ada]          LeseGrafikVariablen.adb
   [Ada]          SchreibeGrafikVariablen.adb
   [Ada]          AllgemeineBerechnungen.adb
   [Ada]          KampfwerteStadtErmittelnLogik.adb
   [Ada]          FeldproduktionLogik.adb
   [Ada]          WeltkarteEinheitZeichnenGrafik.adb
   [Ada]          WeltkarteFeldZeichnenGrafik.adb
   [Ada]          WeltkarteZusatzZeichnenGrafik.adb
   [Ada]          TexturenberechnungenGrafik.adb
   [Ada]          Weltkarte.adb
   [Ada]          ZahleneingabeLogik.adb
   [Ada]          MausauswahlLogik.adb
   [Ada]          OftVerwendetSound.adb
   [Ada]          SchreibeEinstellungenGrafik.adb
   [Ada]          SchreibenDatenbankenLogik.adb
   [Ada]          StandardEinheitenDatenbank.adb
   [Ada]          StandardForschungenDatenbank.adb
   [Ada]          StandardGebaeudeDatenbank.adb
   [Ada]          StandardKartenDatenbank.adb
   [Ada]          StandardSpeziesDatenbank.adb
   [Ada]          StandardVerbesserungenDatenbank.adb
   [Ada]          SchreibeEinstellungenTon.adb
   [Ada]          MenueauswahlLogik.adb
   [Ada]          SchreibeTastenbelegungDatenbank.adb
   [Ada]          StandardTastenbelegungDatenbank.adb
   [Ada]          OptionenGrafikLogik.adb
   [Ada]          OptionenSonstigesLogik.adb
   [Ada]          OptionenSoundLogik.adb
   [Ada]          OptionenSteuerungLogik.adb
   [Ada]          KartengeneratorLogik.adb
   [Ada]          SchreibeWeltkarteneinstellungen.adb
   [Ada]          SpieleinstellungenKartenLogik.adb
   [Ada]          SpieleinstellungenSonstigesLogik.adb
   [Ada]          SpieleinstellungenSpeziesLogik.adb
   [Ada]          Spielertests.adb
   [Ada]          StandardSpielwerteSetzenLogik.adb
   [Ada]          BefehlsauswahlLogik.adb
   [Ada]          ForschungsauswahlLogik.adb
   [Ada]          JaNeinLogik.adb
   [Ada]          KILogik.adb
   [Ada]          RundenendeLogik.adb
   [Ada]          SchreibeAllgemeines.adb
   [Ada]          SpeziesEntfernenLogik.adb
   [Ada]          SpielmenueLogik.adb
   [Ada]          LadenKarteLogik.adb
   [Ada]          MeldungFestlegenLogik.adb
   [Ada]          SchreibeDiplomatie.adb
   [Ada]          SchreibeEinheitenGebaut.adb
   [Ada]          SchreibeGrenzen.adb
   [Ada]          SchreibeSpeziesbelegung.adb
   [Ada]          SchreibeStadtGebaut.adb
   [Ada]          SchreibeWichtiges.adb
   [Ada]          SpielstandlisteLogik.adb
   [Ada]          StandardEffekteDatenbank.adb
   [Ada]          EffekteDatenbank.ads
   [Ada]          ForschungRecordKonstanten.ads
   [Ada]          KartenDatenbank.ads
   [Ada]          SpeziesDatenbank.ads
   [Ada]          VerbesserungenDatenbank.ads
   [Ada]          TonRecords.ads
   [Ada]          Kartentexte.adb
   [Ada]          KartengeneratorRecordKonstanten.ads
   [Ada]          WichtigesRecordKonstanten.adb
   [Ada]          ForschungsdatenbankRecord.ads
   [Ada]          EinheitenRecordKonstanten.adb
   [Ada]          StadtRecordKonstanten.adb
   [Ada]          EinheitendatenbankRecord.ads
   [Ada]          GebaeudedatenbankRecord.ads
   [Ada]          ZusatztextDiplomatieGrafik.adb
   [Ada]          ZusatztextKartenformGrafik.adb
   [Ada]          ZusatztextKartengroesseGrafik.adb
   [Ada]          ZusatztextSpeziesmenueGrafik.adb
   [Ada]          KartenkoordinateEAchseBerechnenLogik.adb
   [Ada]          KartenkoordinatenWerteLogik.adb
   [Ada]          KartenkoordinateXAchseBerechnenLogik.adb
   [Ada]          KartenkoordinateYAchseBerechnenLogik.adb
   [Ada]          MenuerueckgabenLogik.adb
   [Ada]          AufgabenbeschreibungenGrafik.adb
   [Ada]          KartenbeschreibungenGrafik.adb
   [Ada]          TexteingabeLogik.adb
   [Ada]          WeltkarteRecords.adb
   [Ada]          DebuginformationenGrafik.adb
   [Ada]          KampfwerteEinheitErmittelnLogik.adb
   [Ada]          GrafikVariablen.ads
   [Ada]          FeldkampfStadtLogik.adb
   [Ada]          Kampfgrenzen.adb
   [Ada]          LeseEffekteDatenbank.adb
   [Ada]          LeseKartenDatenbanken.adb
   [Ada]          LeseVerbesserungenDatenbank.adb
   [Ada]          Produktionsgrenzen.adb
   [Ada]          EinheitenbewegungsbereichLogik.adb
   [Ada]          MausauswahlAllgemeinLogik.adb
   [Ada]          ForschungenAlary.adb
   [Ada]          ForschungenAspari2.adb
   [Ada]          ForschungenCarupex.adb
   [Ada]          ForschungenEkropa.adb
   [Ada]          ForschungenKasrodiah.adb
   [Ada]          ForschungenLamustra.adb
   [Ada]          ForschungenLarinosLotaris.adb
   [Ada]          ForschungenLasupin.adb
   [Ada]          ForschungenManuky.adb
   [Ada]          ForschungenMenschen.adb
   [Ada]          ForschungenMoruPhisihl.adb
   [Ada]          ForschungenNatriesZermanis.adb
   [Ada]          ForschungenPryolon.adb
   [Ada]          ForschungenSenelari.adb
   [Ada]          ForschungenSuroka.adb
   [Ada]          ForschungenTalbidahr.adb
   [Ada]          ForschungenTesorahn.adb
   [Ada]          ForschungenTridatus.adb
   [Ada]          SpeziesAlary.ads
   [Ada]          SpeziesAspari2.ads
   [Ada]          SpeziesCarupex.ads
   [Ada]          SpeziesEkropa.ads
   [Ada]          SpeziesKasrodiah.ads
   [Ada]          SpeziesLamustra.ads
   [Ada]          SpeziesLarinosLotaris.ads
   [Ada]          SpeziesLasupin.ads
   [Ada]          SpeziesManuky.ads
   [Ada]          SpeziesMenschen.ads
   [Ada]          SpeziesMoruPhisihl.ads
   [Ada]          SpeziesNatriesZermanis.ads
   [Ada]          SpeziesPryolon.ads
   [Ada]          SpeziesSenelari.ads
   [Ada]          SpeziesSuroka.ads
   [Ada]          SpeziesTalbidahr.ads
   [Ada]          SpeziesTesorahn.ads
   [Ada]          SpeziesTridatus.ads
   [Ada]          VerbesserungenStandard.ads
   [Ada]          WegeStandard.ads
   [Ada]          BasisgrundHimmel.ads
   [Ada]          BasisgrundKern.ads
   [Ada]          BasisgrundOberflaeche.ads
   [Ada]          BasisgrundSonstiges.ads
   [Ada]          BasisgrundUnterflaeche.ads
   [Ada]          BasisgrundWeltall.ads
   [Ada]          KartengrundFluss.ads
   [Ada]          Landressourcen.ads
   [Ada]          Wasserressourcen.ads
   [Ada]          ZusatzgrundOberflaeche.ads
   [Ada]          ZusatzgrundUnterflaeche.ads
   [Ada]          EinheitenAlary.adb
   [Ada]          EinheitenAspari2.adb
   [Ada]          EinheitenCarupex.adb
   [Ada]          EinheitenEkropa.adb
   [Ada]          EinheitenKasrodiah.adb
   [Ada]          EinheitenLamustra.adb
   [Ada]          EinheitenLarinosLotaris.adb
   [Ada]          EinheitenLasupin.adb
   [Ada]          EinheitenManuky.adb
   [Ada]          EinheitenMenschen.adb
   [Ada]          EinheitenMoruPhisihl.adb
   [Ada]          EinheitenNatriesZermanis.adb
   [Ada]          EinheitenPryolon.adb
   [Ada]          EinheitenSenelari.adb
   [Ada]          EinheitenSuroka.adb
   [Ada]          EinheitenTalbidahr.adb
   [Ada]          EinheitenTesorahn.adb
   [Ada]          EinheitenTridatus.adb
   [Ada]          KartengeneratorAllgemeinesLogik.adb
   [Ada]          KartengeneratorFlussLogik.adb
   [Ada]          KartengeneratorKuesteLogik.adb
   [Ada]          KartengeneratorLandschaftLogik.adb
   [Ada]          KartengeneratorRessourcenLogik.adb
   [Ada]          KartengeneratorUnterflaecheLogik.adb
   [Ada]          GebaeudeAlary.adb
   [Ada]          GebaeudeAspari2.adb
   [Ada]          GebaeudeCarupex.adb
   [Ada]          GebaeudeEkropa.adb
   [Ada]          GebaeudeKasrodiah.adb
   [Ada]          GebaeudeLamustra.adb
   [Ada]          GebaeudeLarinosLotaris.adb
   [Ada]          GebaeudeLasupin.adb
   [Ada]          GebaeudeManuky.adb
   [Ada]          GebaeudeMenschen.adb
   [Ada]          GebaeudeMoruPhisihl.adb
   [Ada]          GebaeudeNatriesZermanis.adb
   [Ada]          GebaeudePryolon.adb
   [Ada]          GebaeudeSenelari.adb
   [Ada]          GebaeudeSuroka.adb
   [Ada]          GebaeudeTalbidahr.adb
   [Ada]          GebaeudeTesorahn.adb
   [Ada]          GebaeudeTridatus.adb
   [Ada]          UmwandlungenDatentypen.adb
   [Ada]          ZufallsgeneratorenSpieleinstellungenLogik.adb
   [Ada]          EinheitenErzeugenEntfernenLogik.adb
   [Ada]          PassierbarkeitspruefungLogik.adb
   [Ada]          ZufallsgeneratorenStartkoordinatenLogik.adb
   [Ada]          KartentestsLogik.adb
   [Ada]          BefehlspruefungenLogik.adb
   [Ada]          DebugmenueLogik.adb
   [Ada]          DiplomatieLogik.adb
   [Ada]          NaechsteEinheitLogik.adb
   [Ada]          NaechsteStadtLogik.adb
   [Ada]          ForschungstestsLogik.adb
   [Ada]          SchreibeKIVariablen.adb
   [Ada]          SchreibeWeltkarte.adb
   [Ada]          Grenzpruefungen.adb
   [Ada]          KIDiplomatieLogik.adb
   [Ada]          KIEinheitLogik.adb
   [Ada]          KIForschungLogik.adb
   [Ada]          KIStadtLogik.adb
   [Ada]          AbspannLogik.adb
   [Ada]          EinheitenmodifizierungLogik.adb
   [Ada]          EinheitInUmgebungLogik.adb
   [Ada]          ForschungsfortschrittLogik.adb
   [Ada]          GlobalesWachstumLogik.adb
   [Ada]          KIRundenende.adb
   [Ada]          MeldungenSetzenLogik.adb
   [Ada]          SiegbedingungenLogik.adb
   [Ada]          SpeichernLogik.adb
   [Ada]          StadtbewohnerwachstumLogik.adb
   [Ada]          StadtmaterialwachstumLogik.adb
   [Ada]          StadtproduktionLogik.adb
   [Ada]          VerbesserungFertiggestelltLogik.adb
   [Ada]          WichtigesKonstanten.ads
   [Ada]          EffekteStandard.ads
   [Ada]          KartendatenbankRecord.ads
   [Ada]          SpeziesdatenbankRecord.ads
   [Ada]          SpielstandAllgemeinesLogik.adb
   [Ada]          SpielstandEntfernenLogik.adb
   [Ada]          EinheitenArrays.ads
   [Ada]          FeldkampfEinheitLogik.adb
   [Ada]          BewegungspunkteBerechnenLogik.adb
   [Ada]          EinheitenbewegungLogik.adb
   [Ada]          DebugobjekteLogik.adb
   [Ada]          KartengeneratorHimmelLogik.adb
   [Ada]          KartengeneratorPlanetenkernLogik.adb
   [Ada]          KartengeneratorPolregionLogik.adb
   [Ada]          KartengeneratorStandardLogik.adb
   [Ada]          KartengeneratorWeltraumLogik.adb
   [Ada]          PolbereicheBerechnenLogik.adb
   [Ada]          FlussplatzierungssystemLogik.adb
   [Ada]          ZufallsgeneratorenKartenLogik.adb
   [Ada]          Basisgrundplatzierungssystem.adb
   [Ada]          ZufallegeneratorenAllgemein.adb
   [Ada]          Zusatzgrundplatzierungssystem.adb
   [Ada]          KartengeneratorLandressourcenLogik.adb
   [Ada]          KartengeneratorUnterlandressourcenLogik.adb
   [Ada]          KartengeneratorUnterwasserressourcenLogik.adb
   [Ada]          KartengeneratorWasserressourcenLogik.adb
   [Ada]          KartengeneratorErdweltLogik.adb
   [Ada]          KartengeneratorWasserweltLogik.adb
   [Ada]          EinheitentransporterLogik.adb
   [Ada]          SichtbarkeitsberechnungssystemLogik.adb
   [Ada]          DebugmenueAllgemeinesLogik.adb
   [Ada]          AufgabeFestlegenLogik.adb
   [Ada]          AufgabenLogik.adb
   [Ada]          AuswahlStadtEinheitLogik.adb
   [Ada]          EinheitenkontrollsystemLogik.adb
   [Ada]          EinheitenSpielmeldungenLogik.adb
   [Ada]          StadtAllgemeinesLogik.adb
   [Ada]          StadtBauenLogik.adb
   [Ada]          StadtEntfernenLogik.adb
   [Ada]          StadtmenueLogik.adb
   [Ada]          TransporterSuchenLogik.adb
   [Ada]          DiplomatischerZustandAenderbarLogik.adb
   [Ada]          EinheitenverschiebungLogik.adb
   [Ada]          HandelnLogik.adb
   [Ada]          KIVariablen.adb
   [Ada]          KIKriegErmittelnLogik.adb
   [Ada]          KIEinheitAufgabenabbruchLogik.adb
   [Ada]          KIEinheitenAufgabenplanungLogik.adb
   [Ada]          KIEinheitenAufgabenumsetzungLogik.adb
   [Ada]          KIEinheitenbewegungLogik.adb
   [Ada]          KIEinheitHandlungstestsLogik.adb
   [Ada]          KIKonstanten.ads
   [Ada]          LeseKIVariablen.adb
   [Ada]          EinheitenanforderungenLogik.adb
   [Ada]          KIEinheitenBauenLogik.adb
   [Ada]          KIGebaeudeBauenLogik.adb
   [Ada]          KIRecords.ads
   [Ada]          StadtumgebungFestlegenLogik.adb
   [Ada]          KartenfeldereffekteLogik.adb
   [Ada]          KIStaedteverbindungssystemLogik.adb
   [Ada]          FelderbewirtschaftungLogik.adb
   [Ada]          StadtEinheitenBauenLogik.adb
   [Ada]          StadtGebaeudeBauenLogik.adb
   [Ada]          FeldeffektEntfernenLogik.adb
   [Ada]          RodenAnlegenLogik.adb
   [Ada]          VerbesserungAnlegenLogik.adb
   [Ada]          WaldAnlegenLogik.adb
   [Ada]          WegeplatzierungssystemLogik.adb
   [Ada]          SpeichernKarteLogik.adb
   [Ada]          DiplomatischerZustandLogik.adb
   [Ada]          KampfsystemEinheitenLogik.adb
   [Ada]          KampfsystemStadtLogik.adb
   [Ada]          TransporterBeladenEntladenLogik.adb
   [Ada]          BewegungsberechnungEinheitenLogik.adb
   [Ada]          QuadrantenberechnungenLogik.adb
   [Ada]          SichtbarkeitSetzenLogik.adb
   [Ada]          SichtbereicheErmittelnLogik.adb
   [Ada]          EinheitAufloesenLogik.adb
   [Ada]          EinheitHeilenLogik.adb
   [Ada]          EinheitVerbessernLogik.adb
   [Ada]          EinheitVerschanzenLogik.adb
   [Ada]          FarmErmittelnLogik.adb
   [Ada]          FeldeffektErmittelnLogik.adb
   [Ada]          FestungErmittelnLogik.adb
   [Ada]          MineErmittelnLogik.adb
   [Ada]          RodenErmittelnLogik.adb
   [Ada]          VerbesserungPluendernLogik.adb
   [Ada]          WaldErmittelnLogik.adb
   [Ada]          WegErmittelnLogik.adb
   [Ada]          BewegungsplanLogik.adb
   [Ada]          EffektberechnungenLogik.adb
   [Ada]          EinwohnersystemLogik.adb
   [Ada]          GebaeudeVerkaufenLogik.adb
   [Ada]          StadtbausystemLogik.adb
   [Ada]          KennenlernenLogik.adb
   [Ada]          KIGefahrErmittelnLogik.adb
   [Ada]          KIKampfaufgabenLogik.adb
   [Ada]          KIPZBAufgabenLogik.adb
   [Ada]          KISiedleraufgabenLogik.adb
   [Ada]          KIEinheitUmsetzenAngreifenLogik.adb
   [Ada]          KIEinheitUmsetzenAngriffskriegLogik.adb
   [Ada]          KIEinheitUmsetzenAufloesenLogik.adb
   [Ada]          KIEinheitUmsetzenBefestigenLogik.adb
   [Ada]          KIEinheitUmsetzenBewachenLogik.adb
   [Ada]          KIEinheitUmsetzenErkundenLogik.adb
   [Ada]          KIEinheitUmsetzenFliehenLogik.adb
   [Ada]          KIEinheitUmsetzenHeilenLogik.adb
   [Ada]          KIEinheitUmsetzenModernisierenLogik.adb
   [Ada]          KIEinheitUmsetzenPlatzMachenLogik.adb
   [Ada]          KIEinheitUmsetzenPluendernLogik.adb
   [Ada]          KIEinheitUmsetzenSiedelnLogik.adb
   [Ada]          KIEinheitUmsetzenTransporterLogik.adb
   [Ada]          KIEinheitUmsetzenVerbesserungenLogik.adb
   [Ada]          KIEinheitUmsetzenVerteidigenLogik.adb
   [Ada]          KIEinheitUmsetzenVerteidigungskriegLogik.adb
   [Ada]          KIBewegungAllgemeinLogik.adb
   [Ada]          KIBewegungsplanBerechnenLogik.adb
   [Ada]          KIBewegungsplanVereinfachenLogik.adb
   [Ada]          GebaeudeanforderungenLogik.adb
   [Ada]          KIStadtLaufendeBauprojekteLogik.adb
   [Ada]          GebaeudeAllgemeinLogik.adb
   [Ada]          StadtumgebungsbereichBerechnenLogik.adb
   [Ada]          KIAufgabenVerteiltLogik.adb
   [Ada]          KIBewegungsbewertungLogik.adb
   [Ada]          StadtfeldBewertenLogik.adb
   [Ada]          StadtumgebungErreichbarLogik.adb
   [Ada]          KampfberechnungenLogik.adb
   [Ada]          KampfRecordKonstanten.ads
   [Ada]          KampfRecords.ads
   [Ada]          TransporterLadungsverschiebungLogik.adb
   [Ada]          ArbeitszeitFarmLogik.ads
   [Ada]          ArbeitszeitFestungLogik.ads
   [Ada]          ArbeitszeitMineLogik.ads
   [Ada]          ArbeitszeitRodenLogik.ads
   [Ada]          BiologischeWaffeEingesetztLogik.adb
   [Ada]          ChemischeWaffeEingesetztLogik.adb
   [Ada]          PZBEingesetztLogik.adb
   [Ada]          StrahlungswaffeEingesetztLogik.adb
   [Ada]          VerschmutzendeWaffeEingesetztLogik.adb
   [Ada]          ArbeitszeitWaldLogik.ads
   [Ada]          ArbeitszeitWegLogik.ads
   [Ada]          KIEinheitFestlegenAngreifenLogik.adb
   [Ada]          KIEinheitFestlegenBewachenLogik.adb
   [Ada]          KIEinheitFestlegenErkundenLogik.adb
   [Ada]          KIEinheitFestlegenHeilenLogik.adb
   [Ada]          KIEinheitFestlegenModernisierenLogik.adb
   [Ada]          KIEinheitFestlegenNichtsLogik.adb
   [Ada]          KIEinheitFestlegenAufloesenLogik.adb
   [Ada]          KIEinheitFestlegenBefestigenLogik.adb
   [Ada]          KIEinheitFestlegenFliehenLogik.adb
   [Ada]          KIEinheitFestlegenSiedelnLogik.adb
   [Ada]          KIEinheitFestlegenVerbesserungenLogik.adb
   [Ada]          KIKartenfeldbewertungModifizierenLogik.adb
   [Ada]          KIEAchsenbewertung.adb
   [Ada]          KIXAchsenbewertung.adb
   [Ada]          KIYAchsenbewertung.adb
   [Ada]          ZufallsgeneratorenKampfLogik.adb
   [Ada]          SpeziesArrays.ads
   [Ada]          KIZielSuchenLogik.adb
   [Ada]          KIEinheitSuchenLogik.adb
   [Ada]          KIStadtSuchenLogik.adb
   [Ada]          LeseSpeziesDatenbank.adb
   [Ada]          KIEinheitAllgemeinePruefungenLogik.adb
   [Ada]          KIEinheitFestlegenWegeLogik.adb
   [Ada]          KIVerbesserungAnlegbarLogik.adb
Build Libraries
   [gprlib]       asfml.lexch
   [archive]      libasfml.a
   [index]        libasfml.a
Bind
   [gprbind]      HonkiTonksZivilisationen.bexch
   [Ada]          HonkiTonksZivilisationen.ali
Link
   [link]         HonkiTonksZivilisationen.adb

honki_tonks_zivilisationen=0.5.5305 successfully retrieved and built.
Dependencies were solved as follows:

   +  asfml    2.5.5  (new)
   +b gnat     13.2.1 (new,gnat_external,executable in path)
   +b libcsfml 2.5.2  (new,indirect,system package)
Found declared GPR file: honki_tonks_zivilisationen.gpr
FAIL: Declared executable not found after compilation: honki_tonks_zivilisationen
