Test ran at 2024-05-11 01:19:29.899990+00:00

SOLUTION:
umwi=0.1.0: Unicode Monospace Width Information
Origin: commit 34abe38402431ced3e2f2018acecc6dfa1ab860e from https://github.com/mosteo/umwi.git
Properties:
   Author: Alejandro R. Mosteo
   Description: Unicode Monospace Width Information
   License: LGPL-3.0-or-later
   Maintainer: Alejandro R. Mosteo <alejandro@mosteo.com>
   Maintainers_Logins: mosteo
   Name: umwi
   Tag: unicode
   Tag: emoji
   Tag: emoticon
   Tag: monospace
   Tag: east
   Tag: asian
   Tag: width
   Tag: grapheme
   Tag: cluster
   Tag: combining
   Version: 0.1.0
   Website: 


LOG:
Note: Deploying umwi=0.1.0...
Note: Building umwi/umwi.gpr...
Setup
   [mkdir]        object directory for project Umwi
   [mkdir]        library directory for project Umwi
Compile
   [Ada]          umwi_config.ads
   [Ada]          umwi-generated.ads
   [Ada]          umwi-properties.ads
   [Ada]          umwi.adb
Build Libraries
   [gprlib]       Umwi.lexch
   [archive]      libUmwi.a
   [index]        libUmwi.a
Build finished successfully in 0.65 seconds.

umwi=0.1.0 successfully retrieved and built.
There are no dependencies.
Found declared GPR file: umwi.gpr
