Test ran at 2022-06-18 12:59:55.274854+00:00

SOLUTION:
geste_examples=1.0.1: Example for the GESTE game engine
Origin: source archive GESTE_Examples-1.0.1.zip at https://github.com/Fabien-Chouteau/GESTE-examples/releases/download/v1.0.1/GESTE_Examples-1.0.1.zip with hash sha512:14248ed4296726bdd851acad9800320724f7d50d721336f48058d71eccfc670514cc841d0797af35b0d885bd13c7fa2af526419302f3912708d69e6df2694679
Properties:
   Author: Fabien Chouteau <fabien.chouteau@gmail.com>
   Description: Example for the GESTE game engine
   License: BSD-3-Clause
   Maintainer: fabien.chouteau@gmail.com
   Maintainers_Logins: Fabien-Chouteau
   Name: geste_examples
   Project_File: platformer/platformer.gpr
   Project_File: RPG/RPG.gpr
   Project_File: racing/racing.gpr
   Version: 1.0.1
   Website: https://github.com/Fabien-Chouteau/GESTE-examples
Dependencies (direct):
   geste^1.0.0
   sdlada^2.3.1
Dependencies (solution):
   geste=1.1.0
   libsdl2=2.0.22
   libsdl2_image=2.0.5
   libsdl2_ttf=2.0.18
   make=4.3.0
   sdlada=2.5.4-1
Dependencies (graph):
   geste_examples=1.0.1 --> geste=1.1.0 (^1.0.0)      
   geste_examples=1.0.1 --> sdlada=2.5.4-1 (^2.3.1)   
   sdlada=2.5.4-1       --> libsdl2=2.0.22 (^2.0)     
   sdlada=2.5.4-1       --> libsdl2_image=2.0.5 (^2.0)
   sdlada=2.5.4-1       --> libsdl2_ttf=2.0.18 (^2.0) 
   sdlada=2.5.4-1       --> make=4.3.0 (*)            


LOG:
Note: Deploying geste_examples=1.0.1...
#=#=#                                                                         
##O#-#                                                                        

#                                                                          1.6%
######################################################################## 100.0%
Note: Deploying geste=1.1.0...
#=#=#                                                                         
##O#-#                                                                        
##O=#  #                                                                      

##############################################################            86.7%
######################################################################## 100.0%
Note: Deploying libsdl2=2.0.22...
Note: Deploying libsdl2_image=2.0.5...
Note: Deploying libsdl2_ttf=2.0.18...
Note: Deploying make=4.3.0...
Note: Deploying sdlada=2.5.4-1...
Note: Running post_fetch actions for sdlada=2.5.4-1...
make: Entering directory '/home/runner/work/alire-crates-ci/alire-crates-ci/test/b1f8e43b-c71b-4361-941b-2c8aa2c0c8d3/geste_examples_1.0.1_14248ed4/alire/cache/dependencies/sdlada_2.5.4_7981bbd6/build/gnat'
gprbuild -p -gnat2012 -XSDL_MODE=debug -XSDL_PLATFORM=linux \
	-Ptools.gpr
Setup
   [mkdir]        object directory for project Tools
Compile
   [Ada]          gen_keyboard.adb
   [Ada]          scancodes.ads
   [Ada]          utils.adb
Bind
   [gprbind]      gen_keyboard.bexch
   [Ada]          gen_keyboard.ali
Link
   [link]         gen_keyboard.adb
./gen/debug/tools/gen_keyboard > gen/src/sdl-events-keyboards.ads
gprbuild -p -gnat2012 -XSDL_MODE=debug -XSDL_PLATFORM=linux \
	-Psdlada.gpr
Setup
   [mkdir]        object directory for project SDLAda
Compile
   [C]            version_ttf.c
   [C]            version_images.c
   [C]            version.c
   [Ada]          sdl-ttfs.adb
   [Ada]          sdl-ttfs-makers.adb
   [Ada]          sdl-ttfs-versions.adb
   [Ada]          sdl-images-versions.adb
   [Ada]          sdl-images.adb
   [Ada]          sdl-images-io.adb
   [Ada]          sdl-versions.adb
   [Ada]          sdl-c_pointers.ads
   [Ada]          sdl-inputs-joysticks-makers.adb
   [Ada]          sdl-video-surfaces.adb
sdl-video-surfaces.ads:212:57: warning: aggregate not fully initialized
   [Ada]          sdl-video-pixels.ads
   [Ada]          sdl-events-joysticks.adb
   [Ada]          sdl-video-palettes.adb
sdl-video-palettes.ads:59:42: warning: 8 bits of "RGB_Colour" unused
   [Ada]          sdl-log.adb
   [Ada]          sdl-video-textures-makers.adb
   [Ada]          sdl-error.adb
   [Ada]          sdl-events-keyboards.adb
   [Ada]          sdl-events.ads
   [Ada]          sdl.adb
   [Ada]          sdl-video-rectangles.adb
   [Ada]          sdl-inputs.ads
   [Ada]          sdl-cpus.adb
   [Ada]          sdl-video-windows.adb
   [Ada]          sdl-inputs-joysticks-game_controllers.adb
   [Ada]          sdl-inputs-keyboards.adb
   [Ada]          sdl-video-surfaces-makers.adb
   [Ada]          sdl-video-pixel_formats.adb
   [Ada]          sdl-events-windows.ads
   [Ada]          sdl-inputs-joysticks-game_controllers-makers.adb
   [Ada]          sdl-video-renderers.adb
   [Ada]          sdl-events-joysticks-game_controllers.adb
   [Ada]          sdl-libraries.adb
   [Ada]          sdl-rwops-streams.adb
   [Ada]          sdl-events-mice.ads
   [Ada]          sdl-events-files.ads
   [Ada]          sdl-video-windows-makers.adb
   [Ada]          sdl-inputs-mice-cursors.adb
   [Ada]          sdl-events-controllers.ads
   [Ada]          sdl-events-touches.ads
   [Ada]          sdl-video-displays.adb
   [Ada]          sdl-video-textures.adb
   [Ada]          sdl-power.adb
   [Ada]          sdl-clipboard.adb
   [Ada]          sdl-timers.ads
   [Ada]          sdl-rwops.adb
   [Ada]          sdl-inputs-joysticks.adb
   [Ada]          sdl-video.adb
   [Ada]          sdl-hints.adb
   [Ada]          sdl-platform.adb
   [Ada]          sdl-video-renderers-makers.adb
   [Ada]          sdl-video-windows-manager.adb
   [Ada]          sdl-inputs-mice.adb
   [Ada]          sdl-video-gl.adb
sdl-video-gl.adb:49:07: warning: literal "Attribute_Retained_Backing" is not referenced
   [Ada]          sdl-events-events.adb
Build Libraries
   [gprlib]       sdlada.lexch
   [archive]      libsdlada.a
   [index]        libsdlada.a
gprbuild -p -gnat2012 -XSDL_MODE=debug -XSDL_PLATFORM=linux \
	-Ptest_maths_build.gpr
Setup
   [mkdir]        object directory for project Test_Maths_Build
Compile
   [C]            maths_sub.c
   [Ada]          maths.adb
Build Libraries
   [gprlib]       testmaths.lexch
   [link library] libtestmaths.so
gprbuild -p -gnat2012 -XSDL_MODE=debug -XSDL_PLATFORM=linux \
	-Ptests.gpr -cargs `sdl2-config --cflags` -largs `sdl2-config --libs` -lSDL2_ttf -lSDL2_image
Compile
   [Ada]          test.adb
   [Ada]          version.adb
   [Ada]          platform.adb
platform.adb:19:34: warning: condition is always False
   [Ada]          error.adb
   [Ada]          libraries.adb
   [Ada]          clipboard.adb
   [Ada]          stream.adb
   [Ada]          stream2.adb
stream2.adb:180:16: warning: variable "Start_Time" is assigned but never read
stream2.adb:181:16: warning: variable "End_Time" is assigned but never read
   [Ada]          surface.adb
   [Ada]          rwops.adb
   [Ada]          timers.adb
   [Ada]          create_window.adb
   [Ada]          mouse.adb
   [Ada]          load_surface.adb
load_surface.adb:20:51: warning: equality should be parenthesized here
   [Ada]          ttf.adb
Bind
   [gprbind]      test.bexch
   [Ada]          test.ali
   [gprbind]      version.bexch
   [Ada]          version.ali
   [gprbind]      platform.bexch
   [Ada]          platform.ali
   [gprbind]      error.bexch
   [Ada]          error.ali
   [gprbind]      libraries.bexch
   [Ada]          libraries.ali
   [gprbind]      clipboard.bexch
   [Ada]          clipboard.ali
   [gprbind]      stream.bexch
   [Ada]          stream.ali
   [gprbind]      stream2.bexch
   [Ada]          stream2.ali
   [gprbind]      surface.bexch
   [Ada]          surface.ali
   [gprbind]      rwops.bexch
   [Ada]          rwops.ali
   [gprbind]      timers.bexch
   [Ada]          timers.ali
   [gprbind]      create_window.bexch
   [Ada]          create_window.ali
   [gprbind]      mouse.bexch
   [Ada]          mouse.ali
   [gprbind]      load_surface.bexch
   [Ada]          load_surface.ali
   [gprbind]      ttf.bexch
   [Ada]          ttf.ali
Link
   [link]         test.adb
/usr/sbin/ld: /usr/lib/libSDL2.so: undefined reference to `pthread_once@GLIBC_2.34'
/usr/sbin/ld: /usr/lib/libSDL2.so: undefined reference to `pthread_attr_setstacksize@GLIBC_2.34'
/usr/sbin/ld: /usr/lib/libSDL2.so: undefined reference to `dlclose@GLIBC_2.34'
/usr/sbin/ld: /usr/lib/libSDL2.so: undefined reference to `dlsym@GLIBC_2.34'
/usr/sbin/ld: /usr/lib/libSDL2.so: undefined reference to `sem_init@GLIBC_2.34'
/usr/sbin/ld: /usr/lib/libSDL2.so: undefined reference to `sem_getvalue@GLIBC_2.34'
/usr/sbin/ld: /usr/lib/libSDL2.so: undefined reference to `pthread_mutexattr_init@GLIBC_2.34'
/usr/sbin/ld: /usr/lib/libSDL2.so: undefined reference to `sem_destroy@GLIBC_2.34'
/usr/sbin/ld: /usr/lib/libSDL2.so: undefined reference to `sem_timedwait@GLIBC_2.34'
/usr/sbin/ld: /usr/lib/libSDL2.so: undefined reference to `pthread_setspecific@GLIBC_2.34'
/usr/sbin/ld: /usr/lib/libSDL2.so: undefined reference to `pthread_detach@GLIBC_2.34'
/usr/sbin/ld: /usr/lib/libSDL2.so: undefined reference to `pthread_create@GLIBC_2.34'
/usr/sbin/ld: /usr/lib/libSDL2.so: undefined reference to `pthread_join@GLIBC_2.34'
/usr/sbin/ld: /usr/lib/libSDL2.so: undefined reference to `pthread_getspecific@GLIBC_2.34'
/usr/sbin/ld: /usr/lib/libSDL2.so: undefined reference to `dlerror@GLIBC_2.34'
/usr/sbin/ld: /usr/lib/libSDL2.so: undefined reference to `sem_post@GLIBC_2.34'
/usr/sbin/ld: /usr/lib/libSDL2.so: undefined reference to `pthread_mutex_trylock@GLIBC_2.34'
/usr/sbin/ld: /usr/lib/libSDL2.so: undefined reference to `pthread_key_create@GLIBC_2.34'
/usr/sbin/ld: /usr/lib/libSDL2.so: undefined reference to `dlopen@GLIBC_2.34'
/usr/sbin/ld: /usr/lib/libSDL2.so: undefined reference to `pthread_mutexattr_settype@GLIBC_2.34'
/usr/sbin/ld: /usr/lib/libSDL2.so: undefined reference to `sem_wait@GLIBC_2.34'
/usr/sbin/ld: /usr/lib/libSDL2.so: undefined reference to `sem_trywait@GLIBC_2.34'
collect2: error: ld returned 1 exit status
gprbuild: link of test.adb failed
gprbuild: failed command was: /usr/bin/gcc test.o b__test.o /home/runner/work/alire-crates-ci/alire-crates-ci/test/b1f8e43b-c71b-4361-941b-2c8aa2c0c8d3/geste_examples_1.0.1_14248ed4/alire/cache/dependencies/sdlada_2.5.4_7981bbd6/build/gnat/gen/debug/lib/libsdlada.a -L/usr/lib -pthread -lSDL2 -lSDL2_ttf -lSDL2_image -L/home/runner/work/alire-crates-ci/alire-crates-ci/test/b1f8e43b-c71b-4361-941b-2c8aa2c0c8d3/geste_examples_1.0.1_14248ed4/alire/cache/dependencies/sdlada_2.5.4_7981bbd6/build/gnat/gen/debug/test/.obj/ -L/home/runner/work/alire-crates-ci/alire-crates-ci/test/b1f8e43b-c71b-4361-941b-2c8aa2c0c8d3/geste_examples_1.0.1_14248ed4/alire/cache/dependencies/sdlada_2.5.4_7981bbd6/build/gnat/gen/debug/test/.obj/ -L/home/runner/work/alire-crates-ci/alire-crates-ci/test/b1f8e43b-c71b-4361-941b-2c8aa2c0c8d3/geste_examples_1.0.1_14248ed4/alire/cache/dependencies/sdlada_2.5.4_7981bbd6/build/gnat/gen/debug/lib/ -L/usr/lib/gcc/x86_64-pc-linux-gnu/11.1.0/adalib/ -static-libgcc /usr/lib/gcc/x86_64-pc-linux-gnu/11.1.0/adalib/libgnarl.a /usr/lib/gcc/x86_64-pc-linux-gnu/11.1.0/adalib/libgnat.a -lrt -lpthread -ldl -Wl,-rpath-link,/usr/lib/gcc/x86_64-pc-linux-gnu/11.1.0//adalib -Wl,-z,origin,-rpath,/usr/lib:$ORIGIN//.obj:$ORIGIN/..//lib:/usr/lib/gcc/x86_64-pc-linux-gnu/11.1.0/adalib -o /home/runner/work/alire-crates-ci/alire-crates-ci/test/b1f8e43b-c71b-4361-941b-2c8aa2c0c8d3/geste_examples_1.0.1_14248ed4/alire/cache/dependencies/sdlada_2.5.4_7981bbd6/build/gnat/gen/debug/test//test
make: *** [makefile:87: tests.gpr] Error 4
make: Leaving directory '/home/runner/work/alire-crates-ci/alire-crates-ci/test/b1f8e43b-c71b-4361-941b-2c8aa2c0c8d3/geste_examples_1.0.1_14248ed4/alire/cache/dependencies/sdlada_2.5.4_7981bbd6/build/gnat'
stderr: Command ["make", "-C", "build/gnat", "SDL_PLATFORM=linux"] exited with code 2
stderr: ALIRE.CHECKED_ERROR
stderr: Command ["make", "-C", "build/gnat", "SDL_PLATFORM=linux"] exited with code 2
stderr: raised ALIRE.CHECKED_ERROR : alire-stored-error:1
[/usr/sbin/alr]
0xd65c78 Alire.Raise_Checked_Error at alire.adb:251
0xa2f08f Alire.Os_Lib.Subprocess.Checked_Spawn at alire-os_lib-subprocess.adb:110
0xa36cf9 Alire.Properties.Actions.Executor.Execute_Run at alire-properties-actions-executor.adb:40
0xa37cf3 Alire.Properties.Actions.Executor.Execute_Actions at alire-properties-actions-executor.adb:94
0xa372fd Alire.Properties.Actions.Executor.Execute_Actions at alire-properties-actions-executor.adb:58
0xbb1278 Alire.Roots.Deploy_Dependencies.Deploy_Release.Run_Post_Fetch at alire-roots.adb:346
0xbb1f58 Alire.Roots.Deploy_Dependencies.Deploy_Release at alire-roots.adb:418
0xbc7eaa Alire.Roots.Traverse.Traverse_Wrap at alire-roots.adb:1364
0xc11fbb Alire.Solutions.Traverse.Visit at alire-solutions.adb:1434
0xc1072a Alire.Solutions.Traverse at alire-solutions.adb:1493
0xbc7ff8 Alire.Roots.Traverse at alire-roots.adb:1368
0xbb22da Alire.Roots.Deploy_Dependencies at alire-roots.adb:434
0x49f1e7 Alr.Commands.Get.Retrieve at alr-commands-get.adb:173
0x4a3d27 Alr.Commands.Get.Execute at alr-commands-get.adb:348
0x52aa2e Alr.Commands.Sub_Cmd.Execute at clic-subcommand-instance.adb:742
0x53641f Alr.Commands.Execute at alr-commands.adb:492
0x42b9ca Alr.Main at alr-main.adb:10
0x42e297 Main at b__alr-main.adb:2132
[/usr/bin/..//lib/libc.so.6]
0x7f76348a6b23
[/usr/sbin/alr]
0x42b8a8 _start at ???
0xfffffffffffffffe

stderr: A post-fetch action failed, re-run with -vv -d for details
ERROR: A post-fetch action failed, re-run with -vv -d for details
