Test ran at 2024-09-25 01:40:45.526886+00:00

SOLUTION:
progress_indicators=0.0.1: Ways of displaying progress in command line tools.
Origin: commit 863e14c48ee885efeb6faab594455e632443278c from https://github.com/pyjarrett/progress_indicators.git
Properties:
   Author: the progress_indicators authors
   Description: Ways of displaying progress in command line tools.
   License: Apache-2.0
   Maintainer: Paul Jarrett <jarrett.paul.young@gmail.com>
   Maintainers_Logins: pyjarrett
   Name: progress_indicators
   Project_File: progress_indicators.gpr
   Tag: command-line
   Tag: console
   Tag: terminal
   Tag: progress
   Version: 0.0.1
   Website: https://github.com/pyjarrett/progress_indicators
Dependencies (direct):
   ansiada~0.1.0
Dependencies (solution):
   ansiada=0.1.0
Dependencies (graph):
   progress_indicators=0.0.1 --> ansiada=0.1.0 (~0.1.0)


LOG:
Note: Deploying progress_indicators=0.0.1...
Note: Migrating lockfile from /Users/runner/work/alire-crates-ci/alire-crates-ci/test/9d16385b-acf8-4568-b988-3cb910d3270e/progress_indicators_0.0.1_863e14c4/alire.lock to /Users/runner/work/alire-crates-ci/alire-crates-ci/test/9d16385b-acf8-4568-b988-3cb910d3270e/progress_indicators_0.0.1_863e14c4/alire/alire.lock
Note: Deploying ansiada=0.1.0...
Note: Building ansiada/ansi.gpr...
Setup
   [mkdir]        object directory for project ANSI
   [mkdir]        exec directory for project ANSI
Compile
   [Ada]          ansi-demo.adb
   [Ada]          ansi.ads
Bind
   [gprbind]      ansi-demo.bexch
   [Ada]          ansi-demo.ali
Link
   [link]         ansi-demo.adb
-macosx_version_min has been renamed to -macos_version_min
ld: warning: ignoring duplicate libraries: '-lSystem'
ld: warning: Support for dylib stub (MH_DYLIB_STUB) file '/Users/runner/.config/alire/cache/dependencies/gnat_native_10.3.2_e112fd3f/lib/libgcc_ext.10.5.dylib' is deprecated, text-based stubs should be used instead (with `GENERATE_TEXT_BASED_STUBS` build setting, or `tapi` tool)
ld: malformed mach-o missing relocations, LC_DYLD_INFO, or LC_DYLD_CHAINED_FIXUPS in '/Users/runner/.config/alire/cache/dependencies/gnat_native_10.3.2_e112fd3f/lib/libgcc_ext.10.5.dylib'
collect2: error: ld returned 1 exit status
gprbuild: link of ansi-demo.adb failed
gprbuild: failed command was: /users/runner/.config/alire/cache/dependencies/gnat_native_10.3.2_e112fd3f/bin/gcc ansi-demo.o b__ansi-demo.o /Users/runner/work/alire-crates-ci/alire-crates-ci/test/9d16385b-acf8-4568-b988-3cb910d3270e/progress_indicators_0.0.1_863e14c4/alire/cache/dependencies/ansiada_0.1.0_27a89150/obj/ansi.o -L/Users/runner/work/alire-crates-ci/alire-crates-ci/test/9d16385b-acf8-4568-b988-3cb910d3270e/progress_indicators_0.0.1_863e14c4/alire/cache/dependencies/ansiada_0.1.0_27a89150/obj/ -L/Users/runner/work/alire-crates-ci/alire-crates-ci/test/9d16385b-acf8-4568-b988-3cb910d3270e/progress_indicators_0.0.1_863e14c4/alire/cache/dependencies/ansiada_0.1.0_27a89150/obj/ -L/users/runner/.config/alire/cache/dependencies/gnat_native_10.3.2_e112fd3f/lib/gcc/x86_64-apple-darwin19.6.0/10.3.0/adalib/ /users/runner/.config/alire/cache/dependencies/gnat_native_10.3.2_e112fd3f/lib/gcc/x86_64-apple-darwin19.6.0/10.3.0/adalib/libgnat.a -Wl,-rpath,@executable_path/..//obj -Wl,-rpath,@executable_path/../../../../../../../../../../..//.config/alire/cache/dependencies/gnat_native_10.3.2_e112fd3f/lib/gcc/x86_64-apple-darwin19.6.0/10.3.0/adalib -o /Users/runner/work/alire-crates-ci/alire-crates-ci/test/9d16385b-acf8-4568-b988-3cb910d3270e/progress_indicators_0.0.1_863e14c4/alire/cache/dependencies/ansiada_0.1.0_27a89150/bin//ansi-demo
stderr: Command ["gprbuild", "-s", "-j0", "-p", "-P", "/Users/runner/work/alire-crates-ci/alire-crates-ci/test/9d16385b-acf8-4568-b988-3cb910d3270e/progress_indicators_0.0.1_863e14c4/alire/cache/dependencies/ansiada_0.1.0_27a89150/ansi.gpr"] exited with code 4
ERROR: Command ["gprbuild", "-s", "-j0", "-p", "-P", "/Users/runner/work/alire-crates-ci/alire-crates-ci/test/9d16385b-acf8-4568-b988-3cb910d3270e/progress_indicators_0.0.1_863e14c4/alire/cache/dependencies/ansiada_0.1.0_27a89150/ansi.gpr"] exited with code 4
stderr: ALIRE.CHECKED_ERROR
stderr: Command ["gprbuild", "-s", "-j0", "-p", "-P", "/Users/runner/work/alire-crates-ci/alire-crates-ci/test/9d16385b-acf8-4568-b988-3cb910d3270e/progress_indicators_0.0.1_863e14c4/alire/cache/dependencies/ansiada_0.1.0_27a89150/ansi.gpr"] exited with code 4
stderr: raised ALIRE.CHECKED_ERROR : alire-stored-error:1
Load address: 0x104a8f000
Call stack traceback locations:
0x105397415 0x10506ae83 0x10527ddf9 0x10527e581 0x1051deac3 0x1051dcf99 0x1051f9873 0x105245dc1 0x1052443c2 0x1051f99b8 0x1051dd349 0x104aee9c1 0x104aff578 0x104b0401c 0x104b8a05c 0x104b953b8 0x104a90605 0x104a93914


Warning: progress_indicators=0.0.1 successfully retrieved but its build failed.
Dependencies were solved as follows:

   + ansiada 0.1.0 (new)
ERROR: Build ended with errors
