Test ran at 2022-05-28 00:44:28.496766+00:00

SOLUTION:
gnatcov=22.0.1: Coverage Analysis Tool
Origin: (case OS is Linux => (case Word_Size is Bits_64 => binary archive gnatcov-x86_64-linux-22.0-1.tar.gz at https://github.com/alire-project/GNAT-FSF-builds/releases/download/gnatcov-22.0-1/gnatcov-x86_64-linux-22.0-1.tar.gz), Macos => (case Word_Size is Bits_64 => binary archive gnatcov-x86_64-darwin-22.0-1.tar.gz at https://github.com/alire-project/GNAT-FSF-builds/releases/download/gnatcov-22.0-1/gnatcov-x86_64-darwin-22.0-1.tar.gz), Windows => (case Word_Size is Bits_64 => binary archive gnatcov-x86_64-windows64-22.0-1.tar.gz at https://github.com/alire-project/GNAT-FSF-builds/releases/download/gnatcov-22.0-1/gnatcov-x86_64-windows64-22.0-1.tar.gz)) with hash sha256:eae687f0fb100524933ae37123a1de5ec26e5fca7fe2355cf2b267c9ccc0989a
Properties:
   Auto_Gpr_With: auto-gpr-with=false
   Configuration: no modifiers
   Description: Coverage Analysis Tool
   Environment: GPR_PROJECT_PATH=${GPR_PROJECT_PATH}:${CRATE_ROOT}/share/gnatcoverage/gnatcov_rts/
   Environment: PATH=${CRATE_ROOT}/bin:${PATH}
   Maintainer: chouteau@adacore.com
   Maintainers_Logins: Fabien-Chouteau
   Name: gnatcov
   Tag: coverage
   Tag: analysis
   Tag: test
   Version: 22.0.1


LOG:
Note: Deploying release gnatcov=22.0.1...
#=#=#                                                                         

                                                                           0.0%
##################                                                        25.4%
####################################                                      50.6%
######################################################################    98.2%
######################################################################## 100.0%
gprbuild: project file "gnatcov.gpr" not found in .::/home/runner/.config/alire/cache/dependencies/gnat_native_11.2.4_2f37a10b:/home/runner/.config/alire/cache/dependencies/gprbuild_22.0.1_24dfc1b5:/home/runner/work/alire-crates-ci/alire-crates-ci/test/79262236-8f2a-44ab-92ae-b51f70dea604/gnatcov_22.0.1_eae687f0:/home/runner/work/alire-crates-ci/alire-crates-ci/test/79262236-8f2a-44ab-92ae-b51f70dea604/gnatcov_22.0.1_eae687f0/share/gnatcoverage/gnatcov_rts
stderr: Command ["gprbuild", "-gnatwU", "-j0", "-p", "-P", "gnatcov.gpr"] exited with code 4
ERROR: Command ["gprbuild", "-gnatwU", "-j0", "-p", "-P", "gnatcov.gpr"] exited with code 4

Warning: gnatcov=22.0.1 successfully retrieved but its build failed.
There are no dependencies.
ERROR: Build ended with errors
