Test ran at 2024-10-03 13:08:45.746183+00:00

SOLUTION:
parallelize=1.0.0: Execute multiple commands in parallel
Origin: commit b5ceb7596673c4ffe96cfc54f67cc1e40c89d19c from https://github.com/simonjwright/parallelize.git
Properties:
   Author: Simon Wright
   Build Switches: 
   Description: Execute multiple commands in parallel
   Executable: parallelize
   License: Apache-2.0
   Maintainer: Simon Wright <simon@pushface.org>
   Maintainers_Logins: simonjwright
   Name: parallelize
   Tag: parallel
   Tag: execution
   Version: 1.0.0
   Website: 


LOG:
Note: Deploying parallelize=1.0.0...
Note: Building parallelize/parallelize.gpr...
Setup
   [mkdir]        object directory for project Parallelize
   [mkdir]        exec directory for project Parallelize
Compile
   [Ada]          parallelize.adb
   [Ada]          commands.adb
Bind
   [gprbind]      parallelize.bexch
   [Ada]          parallelize.ali
Link
   [link]         parallelize.adb
Build finished successfully in 1.93 seconds.

parallelize=1.0.0 successfully retrieved and built.
There are no dependencies.
Found declared GPR file: parallelize.gpr
