Test ran at 2022-07-14 00:42:41.958819+00:00

SOLUTION:
keystoreada=1.1.0: Ada Keystore
Origin: source archive 1.1.0.tar.gz at https://github.com/stcarrez/ada-keystore/archive/1.1.0.tar.gz with hash sha512:d28d822c2c2d459f3dd44b720cbd63d07996b0169e0f106817d4b1f93c9b46a670f5c240ded32aeb2863934790b4670698bdbaa44cf49bf5cab4d4cddd561af6
Properties:
   Post_Fetch run: ${CRATE_DIR}/./rm -f config.gpr
   Author: Stephane.Carrez@gmail.com
   Description: Ada Keystore
   GPR Scenario: BUILD := distrib | debug | optimize | profile | coverage
   GPR Scenario: KEYSTORE_LIBRARY_TYPE := relocatable | static | static-pic
   License: Apache-2.0
   Long_Description: 
[![Build Status](https://img.shields.io/jenkins/s/https/jenkins.vacs.fr/Bionic-Ada-Keystore.svg)](http://jenkins.vacs.fr/job/Bionic-Ada-Keystore/)
[![Test Status](https://img.shields.io/jenkins/t/https/jenkins.vacs.fr/Bionic-Ada-Keystore.svg)](http://jenkins.vacs.fr/job/Bionic-Ada-Keystore/)
[![codecov](https://codecov.io/gh/stcarrez/ada-keystore/branch/master/graph/badge.svg)](https://codecov.io/gh/stcarrez/ada-keystore)

# Overview

Ada Keystore is a tool and library to store information in secure wallets
and protect the stored information by encrypting the content.
It is necessary to know one of the wallet password to access its content.
Ada Keystore can be used to safely store passwords, credentials,
bank accounts and even documents.

Wallets are protected by a master key using AES-256 and the wallet
master key is protected by a user password.
The wallet defines up to 7 slots that identify
a password key that is able to unlock the master key.  To open a wallet,
it is necessary to unlock one of these 7 slots by providing the correct
password.  Wallet key slots are protected by the user's password
and the PBKDF2-HMAC-256 algorithm, a random salt, a random counter
and they are encrypted using AES-256.

Values stored in the wallet are protected by their own encryption keys
using AES-256.  A wallet can contain another wallet which is then
protected by its own encryption keys and passwords (with 7 independent slots).
Because the child wallet has its own master key, it is necessary to known
the primary password and the child password to unlock the parent wallet
first and then the child wallet.

## Documents

* [Ada Keystore Guide](https://ada-keystore.readthedocs.io/en/latest/) [PDF](https://github.com/stcarrez/ada-keystore/blob/master/docs/keystore-book.pdf)


   Maintainer: Stephane.Carrez@gmail.com
   Maintainers_Logins: stcarrez
   Name: keystoreada
   Project_File: .alire/keystoreada.gpr
   Tag: security
   Tag: storage
   Tag: nosql
   Version: 1.1.0
Dependencies (direct):
   utilada^2.1.0
Dependencies (solution):
   utilada=2.1.0
Dependencies (graph):
   keystoreada=1.1.0 --> utilada=2.1.0 (^2.1.0)


LOG:
Note: Deploying keystoreada=1.1.0...
#=#=#                                                                         
##O#- #                                                                       
##O=#  #                                                                      
#=#=-#  #                                                                     
 #=#=-#   #                                                                   
  #=#=- #   #                                                                 
Note: Deploying utilada=2.1.0...
#=#=#                                                                         
##O#- #                                                                       
##O=#  #                                                                      
#=#=-#  #                                                                     
 #=#=-#   #                                                                   
  #=#=- #   #                                                                 
Note: Running post_fetch actions for keystoreada=1.1.0...
Note: Building keystoreada/.alire/keystoreada.gpr...
Setup
   [mkdir]        object directory for project UtilAda_Core
   [mkdir]        library directory for project UtilAda_Core
   [mkdir]        object directory for project UtilAda_Sys
   [mkdir]        library directory for project UtilAda_Sys
   [mkdir]        object directory for project KeystoreAda
   [mkdir]        library directory for project KeystoreAda
Compile
   [Ada]          util-properties-bundles.adb
   [Ada]          util-properties-basic.adb
   [Ada]          util-properties-discrete.adb
   [Ada]          util-properties.adb
util-properties.adb:518:07: warning: variable "Old_Shared" is never read and never assigned
   [Ada]          util-log-loggers.adb
   [Ada]          util-log-locations.adb
   [Ada]          util-log.adb
   [Ada]          util-log-appenders.adb
   [Ada]          util-files.adb
   [Ada]          util-events-channels.adb
   [Ada]          util-events-timers.adb
   [Ada]          util-events.adb
   [Ada]          util-dates.adb
   [Ada]          util-dates-rfc7231.adb
   [Ada]          util-dates-formats.adb
   [Ada]          util-dates-iso8601.adb
   [Ada]          util-commands-parsers.adb
   [Ada]          util-commands-parsers-gnat_parser.adb
   [Ada]          util-commands.adb
   [Ada]          util-commands-consoles.adb
   [Ada]          util-commands-consoles-text.adb
   [Ada]          util-commands-drivers.adb
   [Ada]          util-beans-factory.adb
   [Ada]          util-beans-objects-enums.adb
   [Ada]          util-beans-objects-records.adb
   [Ada]          util-beans-basic.ads
   [Ada]          util-beans-basic-lists.adb
   [Ada]          util-beans-objects-maps.adb
   [Ada]          util-beans-objects-datasets.adb
   [Ada]          util-beans-lists-strings.adb
   [Ada]          util-beans-objects-to_access.adb
   [Ada]          util-beans-basic-ranges.adb
   [Ada]          util-beans.ads
   [Ada]          util-beans-objects-time.adb
   [Ada]          util-beans-methods.ads
   [Ada]          util-beans-objects.adb
   [Ada]          util-beans-objects-lists.adb
   [Ada]          util-beans-lists.ads
   [Ada]          util-beans-ranges.ads
   [Ada]          util-beans-objects-hash.adb
   [Ada]          util-beans-objects-pairs.adb
   [Ada]          util-beans-objects-vectors.adb
   [Ada]          util-texts-builders.adb
   [Ada]          util-texts-transforms.adb
   [Ada]          util-texts.ads
   [Ada]          util-texts-formats.adb
   [Ada]          util-texts-tokenizers.adb
   [Ada]          util-strings-maps.ads
   [Ada]          util-strings-transforms.adb
   [Ada]          util-strings-vectors.ads
   [Ada]          util-strings-builders.ads
   [Ada]          util-strings-tokenizers.ads
   [Ada]          util-strings.adb
   [Ada]          util-strings-builders-transforms.ads
   [Ada]          util-strings-sets.ads
   [Ada]          util-listeners.ads
   [Ada]          util-listeners-lifecycles.adb
   [Ada]          util-listeners-observers.adb
   [Ada]          util-concurrent-counters.adb
   [Ada]          util-concurrent-pools.adb
   [Ada]          util-concurrent.ads
   [Ada]          util-concurrent-locks.adb
   [Ada]          util-concurrent-fifos.adb
   [Ada]          util-concurrent-arrays.adb
   [Ada]          util-concurrent-copies.adb
   [Ada]          util-concurrent-sequence_queues.adb
   [Ada]          util.ads
   [Ada]          util-locales.adb
   [Ada]          util-nullables.ads
   [Ada]          util-executors.adb
   [Ada]          util-algorithms.ads
   [Ada]          util-refs.adb
   [Ada]          util-stacks.adb
   [Ada]          util-systems-types.ads
   [Ada]          util-systems-constants.ads
   [Ada]          util-systems-os.ads
   [Ada]          util-systems-dlls.adb
   [Ada]          util-processes-os.adb
   [Ada]          util-streams-raw.adb
   [Ada]          util-processes.adb
   [Ada]          util-processes-tools.adb
   [Ada]          util-http.adb
   [Ada]          util-mail.adb
   [Ada]          util-http-mockups.adb
   [Ada]          util-http-rest-rest_get_vector.adb
   [Ada]          util-http-tools.adb
   [Ada]          util-http-rest.adb
   [Ada]          util-http-parts.adb
   [Ada]          util-http-clients.adb
   [Ada]          util-http-clients-mockups.adb
   [Ada]          util-http-cookies.adb
   [Ada]          util-encoders-kdf-pbkdf2_hmac_sha256.ads
   [Ada]          util-encoders-hmac.ads
   [Ada]          util-encoders-kdf-pbkdf2.adb
   [Ada]          util-encoders-ecc.adb
   [Ada]          util-encoders-hmac-sha256.adb
   [Ada]          util-encoders-sha1.adb
   [Ada]          util-encoders-kdf.ads
   [Ada]          util-encoders-base64.adb
   [Ada]          util-encoders-sha256.adb
   [Ada]          util-encoders-hmac-sha1.adb
   [Ada]          util-encoders.adb
   [Ada]          util-encoders-base16.adb
   [Ada]          util-encoders-aes.adb
   [Ada]          util-measures.adb
   [Ada]          util-streams-sockets.adb
   [Ada]          util-streams-files.adb
   [Ada]          util-streams-buffered.adb
   [Ada]          util-streams-texts.adb
   [Ada]          util-streams-base16.ads
   [Ada]          util-streams-pipes.adb
   [Ada]          util-streams-texts-tr.ads
   [Ada]          util-streams-base64.ads
   [Ada]          util-streams.adb
   [Ada]          util-streams-aes.adb
   [Ada]          util-streams-buffered-encoders.adb
   [Ada]          util-streams-texts-wtr.ads
   [Ada]          util-properties-json.adb
   [Ada]          util-serialize-io-form.adb
   [Ada]          util-serialize-tools.adb
   [Ada]          util-serialize-contexts.adb
   [Ada]          util-serialize-io.adb
   [Ada]          util-serialize-mappers-vector_mapper.adb
   [Ada]          util-serialize-mappers.adb
   [Ada]          util-serialize.ads
   [Ada]          util-serialize-io-csv.adb
   [Ada]          util-beans-objects-readers.adb
   [Ada]          util-serialize-io-json.adb
   [Ada]          util-serialize-mappers-record_mapper.adb
   [Ada]          util-systems.ads
   [Ada]          keystore-containers.adb
keystore-buffers.ads:64:04: instantiation error at util-refs.adb:142
keystore-buffers.ads:64:04: access discriminant in return aggregate would be a dangling reference

   compilation of keystore-containers.adb failed

gprbuild: *** compilation phase failed
stderr: Command ["gprbuild", "-s", "-j0", "-p", "-P", "/home/runner/work/alire-crates-ci/alire-crates-ci/test/12d6c742-2ce6-4b2d-812a-00fccdfd01ad/keystoreada_1.1.0_d28d822c/.alire/keystoreada.gpr"] exited with code 4
ERROR: Command ["gprbuild", "-s", "-j0", "-p", "-P", "/home/runner/work/alire-crates-ci/alire-crates-ci/test/12d6c742-2ce6-4b2d-812a-00fccdfd01ad/keystoreada_1.1.0_d28d822c/.alire/keystoreada.gpr"] exited with code 4
stderr: ALIRE.CHECKED_ERROR
stderr: Command ["gprbuild", "-s", "-j0", "-p", "-P", "/home/runner/work/alire-crates-ci/alire-crates-ci/test/12d6c742-2ce6-4b2d-812a-00fccdfd01ad/keystoreada_1.1.0_d28d822c/.alire/keystoreada.gpr"] exited with code 4
stderr: raised ALIRE.CHECKED_ERROR : alire-stored-error:1
[/home/runner/work/alire-crates-ci/alire-crates-ci/alire_install/bin/alr]
0xd65c78 Alire.Raise_Checked_Error at alire.adb:251
0xa2f08f Alire.Os_Lib.Subprocess.Checked_Spawn at alire-os_lib-subprocess.adb:110
0xc49318 Alire.Spawn.Command at alire-spawn.adb:21
0xc49a46 Alire.Spawn.Gprbuild at alire-spawn.adb:41
0xbada9c Alire.Roots.Build.Build_Single_Release.Call_Gprbuild at alire-roots.adb:140
0xbac0fb Alire.Roots.Build.Build_Single_Release at alire-roots.adb:171
0xbc7eaa Alire.Roots.Traverse.Traverse_Wrap at alire-roots.adb:1364
0xc11fbb Alire.Solutions.Traverse.Visit at alire-solutions.adb:1434
0xc10bd2 Alire.Solutions.Traverse at alire-solutions.adb:1509
0xbc7ff8 Alire.Roots.Traverse at alire-roots.adb:1368
0xbac48c Alire.Roots.Build at alire-roots.adb:196
0x48f1e4 Alr.Commands.Build.Execute at alr-commands-build.adb:58
0x49f50a Alr.Commands.Get.Retrieve at alr-commands-get.adb:187
0x4a3d27 Alr.Commands.Get.Execute at alr-commands-get.adb:348
0x52aa2e Alr.Commands.Sub_Cmd.Execute at clic-subcommand-instance.adb:742
0x53641f Alr.Commands.Execute at alr-commands.adb:492
0x42b9ca Alr.Main at alr-main.adb:10
0x42e297 Main at b__alr-main.adb:2132
[/lib/x86_64-linux-gnu/libc.so.6]
0x7fbdff96b081
[/home/runner/work/alire-crates-ci/alire-crates-ci/alire_install/bin/alr]
0x42b8a8 _start at ???
0xfffffffffffffffe


Warning: keystoreada=1.1.0 successfully retrieved but its build failed.
Dependencies were solved as follows:

   + utilada 2.1.0 (new)
ERROR: Build ended with errors
