Test ran at 2024-05-10 13:33:53.559855+00:00

SOLUTION:
gid=10.0.0: Decoding a broad variety of image formats
Origin: source archive gid_010.zip at https://sourceforge.net/projects/gen-img-dec/files/gid_010.zip with hash sha512:ea4b473fc5020e8cd2248aa02e65a5d9d606994392130d5bd024e93e6c1de402e9a54f59adf0dbfa9c80163f1b61f300e3dce7d7e5544006073646e3c5dc00c3
Properties:
   Author: Gautier de Montmollin
   Description: Decoding a broad variety of image formats
   GPR Scenario: GID_Build_Mode := Debug | Fast_but_checked | Fast | Small | Smallest | Profiling
   License: MIT
   Maintainer: fabien.chouteau@gmail.com
   Maintainers_Logins: zertovitch
   Maintainers_Logins: Fabien-Chouteau
   Name: gid
   Project_File: gid.gpr
   Tag: image
   Tag: decoder
   Tag: bmp
   Tag: gif
   Tag: jpeg
   Tag: jpg
   Tag: png
   Tag: qoi
   Version: 10.0.0


LOG:
Note: Deploying gid=10.0.0...
#=#=#                                                                         
##=#=#                                                                        

######################################################################## 100.0%##-=#=-#                                                                      

######################################################################## 100.0%
Note: Building gid/gid.gpr...
Setup
   [mkdir]        object directory for project GID
Compile
   [Ada]          to_bmp.adb
   [Ada]          mini.adb
   [Ada]          all_rgb.adb
   [Ada]          is_opaque.adb
   [Ada]          recurve.adb
   [Ada]          steg.adb
   [Ada]          gid.adb
   [Ada]          gid-decoding_bmp.adb
   [Ada]          gid-decoding_gif.adb
   [Ada]          gid-decoding_jpg.adb
   [Ada]          gid-decoding_png.adb
   [Ada]          gid-decoding_pnm.adb
   [Ada]          gid-decoding_qoi.adb
   [Ada]          gid-decoding_tga.adb
   [Ada]          gid-headers.adb
   [Ada]          gid-buffering.adb
   [Ada]          gid-color_tables.adb
   [Ada]          gid-decoding_png-huffman.adb
Bind
   [gprbind]      to_bmp.bexch
   [gprbind]      mini.bexch
   [gprbind]      all_rgb.bexch
   [Ada]          to_bmp.ali
   [Ada]          all_rgb.ali
   [Ada]          mini.ali
   [gprbind]      is_opaque.bexch
   [gprbind]      recurve.bexch
   [gprbind]      steg.bexch
   [Ada]          is_opaque.ali
   [Ada]          recurve.ali
   [Ada]          steg.ali
Link
   [link]         to_bmp.adb
   [link]         mini.adb
   [link]         all_rgb.adb
-macosx_version_min has been renamed to -macos_version_min
-macosx_version_min has been renamed to -macos_version_min
-macosx_version_min has been renamed to -macos_version_min
ld: warning: ignoring duplicate libraries: '-lSystem'
ld: warning: ignoring duplicate libraries: '-lSystem'
ld: warning: ignoring duplicate libraries: '-lSystem'
0  0x102b50f43  __assert_rtn + 64
1  0x102a52f43  ld::AtomPlacement::findAtom(unsigned char, unsigned long long, ld::AtomPlacement::AtomLoc const*&, long long&) const + 1411
2  0x102a6f431  ld::InputFiles::SliceParser::parseObjectFile(mach_o::Header const*) const + 19745
3  0x102a7fb71  ld::InputFiles::parseAllFiles(void (ld::AtomFile const*) block_pointer)::$_7::operator()(unsigned long, ld::FileInfo const&) const + 657
4  0x7ff800d32def  _dispatch_client_callout2 + 8
5  0x7ff800d44547  _dispatch_apply_invoke3 + 431
6  0x7ff800d32dbc  _dispatch_client_callout + 8
7  0x7ff800d3404e  _dispatch_once_callout + 20
8  0x7ff800d43740  _dispatch_apply_invoke + 184
9  0x7ff800d32dbc  _dispatch_client_callout + 8
10  0x7ff800d422ca  _dispatch_root_queue_drain + 871
11  0x7ff800d4284f  _dispatch_worker_thread2 + 152
12  0x7ff800ed0b43  _pthread_wqthread + 262
ld: Assertion failed: (resultIndex < sectData.atoms.size()), function findAtom, file Relocations.cpp, line 1336.
0  0x102407f43  __assert_rtn + 64
0  0x10438af43  __assert_rtn + 64
1  0x10428cf43  ld::AtomPlacement::findAtom(unsigned char, unsigned long long, ld::AtomPlacement::AtomLoc const*&, long long&) const + 1411
2  0x1042a9431  ld::InputFiles::SliceParser::parseObjectFile(mach_o::Header const*) const + 19745
3  0x1042b9b71  ld::InputFiles::parseAllFiles(void (ld::AtomFile const*) block_pointer)::$_7::operator()(unsigned long, ld::FileInfo const&) const + 657
4  0x7ff800d32def  _dispatch_client_callout2 + 8
5  0x7ff800d44547  _dispatch_apply_invoke3 + 431
6  0x7ff800d32dbc  _dispatch_client_callout + 8
7  0x7ff800d3404e  _dispatch_once_callout + 20
8  0x7ff800d43740  _dispatch_apply_invoke + 184
9  0x7ff800d32dbc  _dispatch_client_callout + 8
10  0x7ff800d422ca  _dispatch_root_queue_drain + 871
11  0x7ff800d4284f  _dispatch_worker_thread2 + 152
12  0x7ff800ed0b43  _pthread_wqthread + 262
ld: Assertion failed: (resultIndex < sectData.atoms.size()), function findAtom, file Relocations.cpp, line 1336.
1  0x102309f43  ld::AtomPlacement::findAtom(unsigned char, unsigned long long, ld::AtomPlacement::AtomLoc const*&, long long&) const + 1411
2  0x102326431  ld::InputFiles::SliceParser::parseObjectFile(mach_o::Header const*) const + 19745
3  0x102336b71  ld::InputFiles::parseAllFiles(void (ld::AtomFile const*) block_pointer)::$_7::operator()(unsigned long, ld::FileInfo const&) const + 657
4  0x7ff800d32def  _dispatch_client_callout2 + 8
5  0x7ff800d44547  _dispatch_apply_invoke3 + 431
6  0x7ff800d32dbc  _dispatch_client_callout + 8
7  0x7ff800d3404e  _dispatch_once_callout + 20
8  0x7ff800d43740  _dispatch_apply_invoke + 184
9  0x7ff800d32dbc  _dispatch_client_callout + 8
10  0x7ff800d422ca  _dispatch_root_queue_drain + 871
11  0x7ff800d4284f  _dispatch_worker_thread2 + 152
12  0x7ff800ed0b43  _pthread_wqthread + 262
ld: Assertion failed: (resultIndex < sectData.atoms.size()), function findAtom, file Relocations.cpp, line 1336.
collect2: error: ld returned 1 exit status
collect2: error: ld returned 1 exit status
collect2: error: ld returned 1 exit status
   link of mini.adb failed
   failed command was: /users/runner/.config/alire/cache/dependencies/gnat_native_10.3.2_e112fd3f/bin/gcc mini.o b__mini.o /Users/runner/work/alire-crates-ci/alire-crates-ci/test/c84d66a9-8ccd-4ee7-9fe2-dc545fc47828/gid_10.0.0_ea4b473f/obj_debug/gid-buffering.o /Users/runner/work/alire-crates-ci/alire-crates-ci/test/c84d66a9-8ccd-4ee7-9fe2-dc545fc47828/gid_10.0.0_ea4b473f/obj_debug/gid-color_tables.o /Users/runner/work/alire-crates-ci/alire-crates-ci/test/c84d66a9-8ccd-4ee7-9fe2-dc545fc47828/gid_10.0.0_ea4b473f/obj_debug/gid-decoding_bmp.o /Users/runner/work/alire-crates-ci/alire-crates-ci/test/c84d66a9-8ccd-4ee7-9fe2-dc545fc47828/gid_10.0.0_ea4b473f/obj_debug/gid-decoding_gif.o /Users/runner/work/alire-crates-ci/alire-crates-ci/test/c84d66a9-8ccd-4ee7-9fe2-dc545fc47828/gid_10.0.0_ea4b473f/obj_debug/gid-decoding_jpg.o /Users/runner/work/alire-crates-ci/alire-crates-ci/test/c84d66a9-8ccd-4ee7-9fe2-dc545fc47828/gid_10.0.0_ea4b473f/obj_debug/gid-decoding_png-huffman.o /Users/runner/work/alire-crates-ci/alire-crates-ci/test/c84d66a9-8ccd-4ee7-9fe2-dc545fc47828/gid_10.0.0_ea4b473f/obj_debug/gid-decoding_png.o /Users/runner/work/alire-crates-ci/alire-crates-ci/test/c84d66a9-8ccd-4ee7-9fe2-dc545fc47828/gid_10.0.0_ea4b473f/obj_debug/gid-decoding_pnm.o /Users/runner/work/alire-crates-ci/alire-crates-ci/test/c84d66a9-8ccd-4ee7-9fe2-dc545fc47828/gid_10.0.0_ea4b473f/obj_debug/gid-decoding_qoi.o /Users/runner/work/alire-crates-ci/alire-crates-ci/test/c84d66a9-8ccd-4ee7-9fe2-dc545fc47828/gid_10.0.0_ea4b473f/obj_debug/gid-decoding_tga.o /Users/runner/work/alire-crates-ci/alire-crates-ci/test/c84d66a9-8ccd-4ee7-9fe2-dc545fc47828/gid_10.0.0_ea4b473f/obj_debug/gid-headers.o /Users/runner/work/alire-crates-ci/alire-crates-ci/test/c84d66a9-8ccd-4ee7-9fe2-dc545fc47828/gid_10.0.0_ea4b473f/obj_debug/gid.o -g -L/Users/runner/work/alire-crates-ci/alire-crates-ci/test/c84d66a9-8ccd-4ee7-9fe2-dc545fc47828/gid_10.0.0_ea4b473f/obj_debug/ -L/Users/runner/work/alire-crates-ci/alire-crates-ci/test/c84d66a9-8ccd-4ee7-9fe2-dc545fc47828/gid_10.0.0_ea4b473f/obj_debug/ -L/users/runner/.config/alire/cache/dependencies/gnat_native_10.3.2_e112fd3f/lib/gcc/x86_64-apple-darwin19.6.0/10.3.0/adalib/ /users/runner/.config/alire/cache/dependencies/gnat_native_10.3.2_e112fd3f/lib/gcc/x86_64-apple-darwin19.6.0/10.3.0/adalib/libgnat.a -Wl,-rpath,@executable_path/..//obj_debug -Wl,-rpath,@executable_path/../../../../../../..//.config/alire/cache/dependencies/gnat_native_10.3.2_e112fd3f/lib/gcc/x86_64-apple-darwin19.6.0/10.3.0/adalib -o /Users/runner/work/alire-crates-ci/alire-crates-ci/test/c84d66a9-8ccd-4ee7-9fe2-dc545fc47828/gid_10.0.0_ea4b473f/test//mini 
   link of to_bmp.adb failed
   failed command was: /users/runner/.config/alire/cache/dependencies/gnat_native_10.3.2_e112fd3f/bin/gcc to_bmp.o b__to_bmp.o /Users/runner/work/alire-crates-ci/alire-crates-ci/test/c84d66a9-8ccd-4ee7-9fe2-dc545fc47828/gid_10.0.0_ea4b473f/obj_debug/gid-buffering.o /Users/runner/work/alire-crates-ci/alire-crates-ci/test/c84d66a9-8ccd-4ee7-9fe2-dc545fc47828/gid_10.0.0_ea4b473f/obj_debug/gid-color_tables.o /Users/runner/work/alire-crates-ci/alire-crates-ci/test/c84d66a9-8ccd-4ee7-9fe2-dc545fc47828/gid_10.0.0_ea4b473f/obj_debug/gid-decoding_bmp.o /Users/runner/work/alire-crates-ci/alire-crates-ci/test/c84d66a9-8ccd-4ee7-9fe2-dc545fc47828/gid_10.0.0_ea4b473f/obj_debug/gid-decoding_gif.o /Users/runner/work/alire-crates-ci/alire-crates-ci/test/c84d66a9-8ccd-4ee7-9fe2-dc545fc47828/gid_10.0.0_ea4b473f/obj_debug/gid-decoding_jpg.o /Users/runner/work/alire-crates-ci/alire-crates-ci/test/c84d66a9-8ccd-4ee7-9fe2-dc545fc47828/gid_10.0.0_ea4b473f/obj_debug/gid-decoding_png-huffman.o /Users/runner/work/alire-crates-ci/alire-crates-ci/test/c84d66a9-8ccd-4ee7-9fe2-dc545fc47828/gid_10.0.0_ea4b473f/obj_debug/gid-decoding_png.o /Users/runner/work/alire-crates-ci/alire-crates-ci/test/c84d66a9-8ccd-4ee7-9fe2-dc545fc47828/gid_10.0.0_ea4b473f/obj_debug/gid-decoding_pnm.o /Users/runner/work/alire-crates-ci/alire-crates-ci/test/c84d66a9-8ccd-4ee7-9fe2-dc545fc47828/gid_10.0.0_ea4b473f/obj_debug/gid-decoding_qoi.o /Users/runner/work/alire-crates-ci/alire-crates-ci/test/c84d66a9-8ccd-4ee7-9fe2-dc545fc47828/gid_10.0.0_ea4b473f/obj_debug/gid-decoding_tga.o /Users/runner/work/alire-crates-ci/alire-crates-ci/test/c84d66a9-8ccd-4ee7-9fe2-dc545fc47828/gid_10.0.0_ea4b473f/obj_debug/gid-headers.o /Users/runner/work/alire-crates-ci/alire-crates-ci/test/c84d66a9-8ccd-4ee7-9fe2-dc545fc47828/gid_10.0.0_ea4b473f/obj_debug/gid.o -g -L/Users/runner/work/alire-crates-ci/alire-crates-ci/test/c84d66a9-8ccd-4ee7-9fe2-dc545fc47828/gid_10.0.0_ea4b473f/obj_debug/ -L/Users/runner/work/alire-crates-ci/alire-crates-ci/test/c84d66a9-8ccd-4ee7-9fe2-dc545fc47828/gid_10.0.0_ea4b473f/obj_debug/ -L/users/runner/.config/alire/cache/dependencies/gnat_native_10.3.2_e112fd3f/lib/gcc/x86_64-apple-darwin19.6.0/10.3.0/adalib/ /users/runner/.config/alire/cache/dependencies/gnat_native_10.3.2_e112fd3f/lib/gcc/x86_64-apple-darwin19.6.0/10.3.0/adalib/libgnat.a -Wl,-rpath,@executable_path/..//obj_debug -Wl,-rpath,@executable_path/../../../../../../..//.config/alire/cache/dependencies/gnat_native_10.3.2_e112fd3f/lib/gcc/x86_64-apple-darwin19.6.0/10.3.0/adalib -o /Users/runner/work/alire-crates-ci/alire-crates-ci/test/c84d66a9-8ccd-4ee7-9fe2-dc545fc47828/gid_10.0.0_ea4b473f/test//to_bmp 
   link of all_rgb.adb failed
   failed command was: /users/runner/.config/alire/cache/dependencies/gnat_native_10.3.2_e112fd3f/bin/gcc all_rgb.o b__all_rgb.o /Users/runner/work/alire-crates-ci/alire-crates-ci/test/c84d66a9-8ccd-4ee7-9fe2-dc545fc47828/gid_10.0.0_ea4b473f/obj_debug/gid-buffering.o /Users/runner/work/alire-crates-ci/alire-crates-ci/test/c84d66a9-8ccd-4ee7-9fe2-dc545fc47828/gid_10.0.0_ea4b473f/obj_debug/gid-color_tables.o /Users/runner/work/alire-crates-ci/alire-crates-ci/test/c84d66a9-8ccd-4ee7-9fe2-dc545fc47828/gid_10.0.0_ea4b473f/obj_debug/gid-decoding_bmp.o /Users/runner/work/alire-crates-ci/alire-crates-ci/test/c84d66a9-8ccd-4ee7-9fe2-dc545fc47828/gid_10.0.0_ea4b473f/obj_debug/gid-decoding_gif.o /Users/runner/work/alire-crates-ci/alire-crates-ci/test/c84d66a9-8ccd-4ee7-9fe2-dc545fc47828/gid_10.0.0_ea4b473f/obj_debug/gid-decoding_jpg.o /Users/runner/work/alire-crates-ci/alire-crates-ci/test/c84d66a9-8ccd-4ee7-9fe2-dc545fc47828/gid_10.0.0_ea4b473f/obj_debug/gid-decoding_png-huffman.o /Users/runner/work/alire-crates-ci/alire-crates-ci/test/c84d66a9-8ccd-4ee7-9fe2-dc545fc47828/gid_10.0.0_ea4b473f/obj_debug/gid-decoding_png.o /Users/runner/work/alire-crates-ci/alire-crates-ci/test/c84d66a9-8ccd-4ee7-9fe2-dc545fc47828/gid_10.0.0_ea4b473f/obj_debug/gid-decoding_pnm.o /Users/runner/work/alire-crates-ci/alire-crates-ci/test/c84d66a9-8ccd-4ee7-9fe2-dc545fc47828/gid_10.0.0_ea4b473f/obj_debug/gid-decoding_qoi.o /Users/runner/work/alire-crates-ci/alire-crates-ci/test/c84d66a9-8ccd-4ee7-9fe2-dc545fc47828/gid_10.0.0_ea4b473f/obj_debug/gid-decoding_tga.o /Users/runner/work/alire-crates-ci/alire-crates-ci/test/c84d66a9-8ccd-4ee7-9fe2-dc545fc47828/gid_10.0.0_ea4b473f/obj_debug/gid-headers.o /Users/runner/work/alire-crates-ci/alire-crates-ci/test/c84d66a9-8ccd-4ee7-9fe2-dc545fc47828/gid_10.0.0_ea4b473f/obj_debug/gid.o -g -L/Users/runner/work/alire-crates-ci/alire-crates-ci/test/c84d66a9-8ccd-4ee7-9fe2-dc545fc47828/gid_10.0.0_ea4b473f/obj_debug/ -L/Users/runner/work/alire-crates-ci/alire-crates-ci/test/c84d66a9-8ccd-4ee7-9fe2-dc545fc47828/gid_10.0.0_ea4b473f/obj_debug/ -L/users/runner/.config/alire/cache/dependencies/gnat_native_10.3.2_e112fd3f/lib/gcc/x86_64-apple-darwin19.6.0/10.3.0/adalib/ /users/runner/.config/alire/cache/dependencies/gnat_native_10.3.2_e112fd3f/lib/gcc/x86_64-apple-darwin19.6.0/10.3.0/adalib/libgnat.a -Wl,-rpath,@executable_path/..//obj_debug -Wl,-rpath,@executable_path/../../../../../../..//.config/alire/cache/dependencies/gnat_native_10.3.2_e112fd3f/lib/gcc/x86_64-apple-darwin19.6.0/10.3.0/adalib -o /Users/runner/work/alire-crates-ci/alire-crates-ci/test/c84d66a9-8ccd-4ee7-9fe2-dc545fc47828/gid_10.0.0_ea4b473f/test//all_rgb 
gprbuild: *** link phase failed
stderr: Command ["gprbuild", "-s", "-j0", "-p", "-P", "/Users/runner/work/alire-crates-ci/alire-crates-ci/test/c84d66a9-8ccd-4ee7-9fe2-dc545fc47828/gid_10.0.0_ea4b473f/gid.gpr"] exited with code 4
ERROR: Command ["gprbuild", "-s", "-j0", "-p", "-P", "/Users/runner/work/alire-crates-ci/alire-crates-ci/test/c84d66a9-8ccd-4ee7-9fe2-dc545fc47828/gid_10.0.0_ea4b473f/gid.gpr"] exited with code 4
stderr: ALIRE.CHECKED_ERROR
stderr: Command ["gprbuild", "-s", "-j0", "-p", "-P", "/Users/runner/work/alire-crates-ci/alire-crates-ci/test/c84d66a9-8ccd-4ee7-9fe2-dc545fc47828/gid_10.0.0_ea4b473f/gid.gpr"] exited with code 4
stderr: raised ALIRE.CHECKED_ERROR : alire-stored-error:1
Load address: 0x1020f6000
Call stack traceback locations:
0x1029fe415 0x1026d1e83 0x1028e4df9 0x1028e5581 0x102845ac3 0x102843f99 0x102860873 0x1028acdc1 0x1028ab81a 0x1028609b8 0x102844349 0x1021559c1 0x102166578 0x10216b01c 0x1021f105c 0x1021fc3b8 0x1020f7605 0x1020fa914


Warning: gid=10.0.0 successfully retrieved but its build failed.
There are no dependencies.
ERROR: Build ended with errors
