Test ran at 2024-02-27 01:19:57.560922+00:00

SOLUTION:
gnatcoll_zlib=24.0.0: GNAT Components Collection - zlib binding
Origin: source archive gnatcoll-bindings-24.0.0.zip at https://github.com/adacore/gnatcoll-bindings/archive/v24.0.0/gnatcoll-bindings-24.0.0.zip with hash sha512:e90c5b4d04d607f5628abccea2eb6daf52f7385a320ab2ccd1782c27e2f1aff51ae7e8896041533fd3d22f32679100439331034499fd08f8cda7e21f440508b2
Properties:
   Author: AdaCore
   Configuration: no modifiers
   Description: GNAT Components Collection - zlib binding
   GPR Scenario: GNATCOLL_BUILD_MODE := DEBUG | PROD
   GPR Scenario: LIBRARY_TYPE := static | relocatable | static-pic
   License: GPL-3.0-or-later WITH GCC-exception-3.1
   Maintainer: chouteau@adacore.com
   Maintainers_Logins: Fabien-Chouteau
   Name: gnatcoll_zlib
   Project_File: zlib/gnatcoll_zlib.gpr
   Tag: gnatcoll
   Tag: bindings
   Tag: zlib
   Tag: compression
   Tag: zip
   Tag: deflate
   Version: 24.0.0
   Website: https://github.com/adacore/gnatcoll-bindings
Dependencies (direct):
   gnatcoll~24.0.0
   zlib*
Dependencies (solution):
   gnat=13.1.1 (gnat_external) (installed)
   gnatcoll=24.0.0
   libgpr=24.0.0
   xmlada=24.0.0
Dependencies (external):
   zlib* (direct,hinted)
Dependencies (graph):
   gnatcoll=24.0.0      --> libgpr=24.0.0 (~24.0.0)             
   gnatcoll_zlib=24.0.0 --> gnatcoll=24.0.0 (~24.0.0)           
   gnatcoll_zlib=24.0.0 --> zlib*                               
   libgpr=24.0.0        --> gnat=13.1.1 (gnat_external) (/=2020)
   libgpr=24.0.0        --> xmlada=24.0.0 (~24.0.0)             
   xmlada=24.0.0        --> gnat=13.1.1 (gnat_external) (>=11)  
Dependencies cannot be met


LOG:
