Test ran at 2024-04-30 00:34:33.280361+00:00

SOLUTION:
labs_radar=0.2.0: Introductory Ada exercises based around a fake radar codebase
Origin: commit 75a4fda02b2e968dff1e3fb361a0b286f6358344 from https://github.com/adacore/training_labs_radar.git
Properties:
   Author: Léo Germond
   Description: Introductory Ada exercises based around a fake radar codebase
   License: Apache-2.0
   Maintainer: Léo Germond <germond@adacore.com>
   Maintainers_Logins: leogermond
   Name: labs_radar
   Tag: training
   Tag: labs
   Version: 0.2.0
   Website: https://github.com/adacore/training_labs_radar


LOG:
Note: Deploying labs_radar=0.2.0...
Note: Building labs_radar/labs_radar.gpr...
Setup
   [mkdir]        object directory for project Labs_Radar
Compile
   [Ada]          declarations_main.adb
Bind
   [gprbind]      declarations_main.bexch
   [Ada]          declarations_main.ali
Link
   [link]         declarations_main.adb
-macosx_version_min has been renamed to -macos_version_min
0  0x102ca7f43  __assert_rtn + 64
1  0x102ba9f43  ld::AtomPlacement::findAtom(unsigned char, unsigned long long, ld::AtomPlacement::AtomLoc const*&, long long&) const + 1411
2  0x102bc6431  ld::InputFiles::SliceParser::parseObjectFile(mach_o::Header const*) const + 19745
3  0x102bd6e44  ld::InputFiles::parseAllFiles(void (ld::AtomFile const*) block_pointer)::$_7::operator()(unsigned long, ld::FileInfo const&) const + 1380
4  0x7ff813c2adef  _dispatch_client_callout2 + 8
5  0x7ff813c3c547  _dispatch_apply_invoke3 + 431
6  0x7ff813c2adbc  _dispatch_client_callout + 8
7  0x7ff813c2c04e  _dispatch_once_callout + 20
8  0x7ff813c3b740  _dispatch_apply_invoke + 184
9  0x7ff813c2adbc  _dispatch_client_callout + 8
10  0x7ff813c3a2ca  _dispatch_root_queue_drain + 871
11  0x7ff813c3a84f  _dispatch_worker_thread2 + 152
12  0x7ff813dc8b43  _pthread_wqthread + 262
ld: Assertion failed: (resultIndex < sectData.atoms.size()), function findAtom, file Relocations.cpp, line 1336.
collect2: error: ld returned 1 exit status
gprbuild: link of declarations_main.adb failed
gprbuild: failed command was: /users/runner/.config/alire/cache/dependencies/gnat_native_13.1.0_071d715c/bin/gcc declarations_main.o b__declarations_main.o -L/Users/runner/work/alire-crates-ci/alire-crates-ci/test/bfd358e8-5151-4339-97dc-1c58b8f1eb92/labs_radar_0.2.0_75a4fda0/obj/development/ -L/Users/runner/work/alire-crates-ci/alire-crates-ci/test/bfd358e8-5151-4339-97dc-1c58b8f1eb92/labs_radar_0.2.0_75a4fda0/obj/development/ -L/users/runner/.config/alire/cache/dependencies/gnat_native_13.1.0_071d715c/lib/gcc/x86_64-apple-darwin21.6.0/13.1.0/adalib/ /users/runner/.config/alire/cache/dependencies/gnat_native_13.1.0_071d715c/lib/gcc/x86_64-apple-darwin21.6.0/13.1.0/adalib/libgnat.a -Wl,-rpath,@executable_path/ -Wl,-rpath,@executable_path/../../../../../../../..//.config/alire/cache/dependencies/gnat_native_13.1.0_071d715c/lib/gcc/x86_64-apple-darwin21.6.0/13.1.0/adalib -o declarations_main
stderr: Command ["gprbuild", "-s", "-j0", "-p", "-P", "/Users/runner/work/alire-crates-ci/alire-crates-ci/test/bfd358e8-5151-4339-97dc-1c58b8f1eb92/labs_radar_0.2.0_75a4fda0/labs_radar.gpr"] exited with code 4
ERROR: Command ["gprbuild", "-s", "-j0", "-p", "-P", "/Users/runner/work/alire-crates-ci/alire-crates-ci/test/bfd358e8-5151-4339-97dc-1c58b8f1eb92/labs_radar_0.2.0_75a4fda0/labs_radar.gpr"] exited with code 4
stderr: ALIRE.CHECKED_ERROR
stderr: Command ["gprbuild", "-s", "-j0", "-p", "-P", "/Users/runner/work/alire-crates-ci/alire-crates-ci/test/bfd358e8-5151-4339-97dc-1c58b8f1eb92/labs_radar_0.2.0_75a4fda0/labs_radar.gpr"] exited with code 4
stderr: raised ALIRE.CHECKED_ERROR : alire-stored-error:1
Load address: 0x100337000
Call stack traceback locations:
0x100c3f415 0x100912e83 0x100b25df9 0x100b26581 0x100a86ac3 0x100a84f99 0x100aa1873 0x100aeddc1 0x100aec81a 0x100aa19b8 0x100a85349 0x1003969c1 0x1003a7578 0x1003ac01c 0x10043205c 0x10043d3b8 0x100338605 0x10033b914


Warning: labs_radar=0.2.0 successfully retrieved but its build failed.
There are no dependencies.
ERROR: Build ended with errors
