Test ran at 2023-05-26 12:44:24.348588+00:00

SOLUTION:
zeromq_ada=4.1.5: An Ada-binding the ØMQ library
Origin: source archive 4.1.5-20200330.tar.gz at https://github.com/persan/zeromq-Ada/archive/4.1.5-20200330.tar.gz with hash sha512:b2a857f77a0d3173b0b57978c2525c99c577512bd80928c8443f8f11a00193c6c0a7301a9c4ee9199338a616c40860917b5194e79f42c90f4bd838cde3ff2222
Properties:
   Post_Fetch run: ${CRATE_DIR}/./cp libzmq.gpr.in libzmq.gpr
   Post_Fetch run: ${CRATE_DIR}/./cp libsodium.gpr.in libsodium.gpr
   Author: Per Sandberg <per.s.sandberg@bahnhof.se>
   Description: An Ada-binding the ØMQ library
   GPR Scenario: LIBRARY_TYPE := static | relocatable
   License: MIT AND GPL-2.0-only
   Maintainer: Per Sandberg <per.s.sandberg@bahnhof.se>
   Maintainer: Maxim Reznik <reznikmm@gmail.com>
   Maintainers_Logins: persan
   Maintainers_Logins: reznikmm
   Name: zeromq_ada
   Project_File: zmq.gpr
   Tag: network
   Tag: distributed
   Tag: messaging
   Tag: binding
   Version: 4.1.5
   Website: https://github.com/persan/zeromq-Ada
Dependencies (direct):
   libzmq*
Dependencies (solution):
   libzmq=4.3.4
Dependencies (graph):
   zeromq_ada=4.1.5 --> libzmq=4.3.4 (*)


LOG:
Note: Deploying zeromq_ada=4.1.5...
#=#=#                                                                         
##O#-#                                                                        
Note: Deploying libzmq=4.3.4...
The system package 'libzmq3-dev' is about to be installed.
This action might require admin privileges and impact your system installation.
Do you want Alire to install this system package?
Using default: Yes
(Reading database ... 
(Reading database ... 5%
(Reading database ... 10%
(Reading database ... 15%
(Reading database ... 20%
(Reading database ... 25%
(Reading database ... 30%
(Reading database ... 35%
(Reading database ... 40%
(Reading database ... 45%
(Reading database ... 50%
(Reading database ... 55%
(Reading database ... 60%
(Reading database ... 65%
(Reading database ... 70%
(Reading database ... 75%
(Reading database ... 80%
(Reading database ... 85%
(Reading database ... 90%
(Reading database ... 95%
(Reading database ... 100%
(Reading database ... 222195 files and directories currently installed.)
Preparing to unpack .../libk5crypto3_1.19.2-2ubuntu0.2_amd64.deb ...
Unpacking libk5crypto3:amd64 (1.19.2-2ubuntu0.2) over (1.19.2-2ubuntu0.1) ...
Setting up libk5crypto3:amd64 (1.19.2-2ubuntu0.2) ...
(Reading database ... 
(Reading database ... 5%
(Reading database ... 10%
(Reading database ... 15%
(Reading database ... 20%
(Reading database ... 25%
(Reading database ... 30%
(Reading database ... 35%
(Reading database ... 40%
(Reading database ... 45%
(Reading database ... 50%
(Reading database ... 55%
(Reading database ... 60%
(Reading database ... 65%
(Reading database ... 70%
(Reading database ... 75%
(Reading database ... 80%
(Reading database ... 85%
(Reading database ... 90%
(Reading database ... 95%
(Reading database ... 100%
(Reading database ... 222195 files and directories currently installed.)
Preparing to unpack .../libkrb5support0_1.19.2-2ubuntu0.2_amd64.deb ...
Unpacking libkrb5support0:amd64 (1.19.2-2ubuntu0.2) over (1.19.2-2ubuntu0.1) ...
Setting up libkrb5support0:amd64 (1.19.2-2ubuntu0.2) ...
(Reading database ... 
(Reading database ... 5%
(Reading database ... 10%
(Reading database ... 15%
(Reading database ... 20%
(Reading database ... 25%
(Reading database ... 30%
(Reading database ... 35%
(Reading database ... 40%
(Reading database ... 45%
(Reading database ... 50%
(Reading database ... 55%
(Reading database ... 60%
(Reading database ... 65%
(Reading database ... 70%
(Reading database ... 75%
(Reading database ... 80%
(Reading database ... 85%
(Reading database ... 90%
(Reading database ... 95%
(Reading database ... 100%
(Reading database ... 222195 files and directories currently installed.)
Preparing to unpack .../libkrb5-3_1.19.2-2ubuntu0.2_amd64.deb ...
Unpacking libkrb5-3:amd64 (1.19.2-2ubuntu0.2) over (1.19.2-2ubuntu0.1) ...
Setting up libkrb5-3:amd64 (1.19.2-2ubuntu0.2) ...
(Reading database ... 
(Reading database ... 5%
(Reading database ... 10%
(Reading database ... 15%
(Reading database ... 20%
(Reading database ... 25%
(Reading database ... 30%
(Reading database ... 35%
(Reading database ... 40%
(Reading database ... 45%
(Reading database ... 50%
(Reading database ... 55%
(Reading database ... 60%
(Reading database ... 65%
(Reading database ... 70%
(Reading database ... 75%
(Reading database ... 80%
(Reading database ... 85%
(Reading database ... 90%
(Reading database ... 95%
(Reading database ... 100%
(Reading database ... 222195 files and directories currently installed.)
Preparing to unpack .../libgssapi-krb5-2_1.19.2-2ubuntu0.2_amd64.deb ...
Unpacking libgssapi-krb5-2:amd64 (1.19.2-2ubuntu0.2) over (1.19.2-2ubuntu0.1) ...
Setting up libgssapi-krb5-2:amd64 (1.19.2-2ubuntu0.2) ...
Selecting previously unselected package libgssrpc4:amd64.
(Reading database ... 
(Reading database ... 5%
(Reading database ... 10%
(Reading database ... 15%
(Reading database ... 20%
(Reading database ... 25%
(Reading database ... 30%
(Reading database ... 35%
(Reading database ... 40%
(Reading database ... 45%
(Reading database ... 50%
(Reading database ... 55%
(Reading database ... 60%
(Reading database ... 65%
(Reading database ... 70%
(Reading database ... 75%
(Reading database ... 80%
(Reading database ... 85%
(Reading database ... 90%
(Reading database ... 95%
(Reading database ... 100%
(Reading database ... 222195 files and directories currently installed.)
Preparing to unpack .../00-libgssrpc4_1.19.2-2ubuntu0.2_amd64.deb ...
Unpacking libgssrpc4:amd64 (1.19.2-2ubuntu0.2) ...
Selecting previously unselected package libkdb5-10:amd64.
Preparing to unpack .../01-libkdb5-10_1.19.2-2ubuntu0.2_amd64.deb ...
Unpacking libkdb5-10:amd64 (1.19.2-2ubuntu0.2) ...
Selecting previously unselected package libkadm5srv-mit12:amd64.
Preparing to unpack .../02-libkadm5srv-mit12_1.19.2-2ubuntu0.2_amd64.deb ...
Unpacking libkadm5srv-mit12:amd64 (1.19.2-2ubuntu0.2) ...
Selecting previously unselected package libkadm5clnt-mit12:amd64.
Preparing to unpack .../03-libkadm5clnt-mit12_1.19.2-2ubuntu0.2_amd64.deb ...
Unpacking libkadm5clnt-mit12:amd64 (1.19.2-2ubuntu0.2) ...
Selecting previously unselected package comerr-dev:amd64.
Preparing to unpack .../04-comerr-dev_2.1-1.46.5-2ubuntu1.1_amd64.deb ...
Unpacking comerr-dev:amd64 (2.1-1.46.5-2ubuntu1.1) ...
Selecting previously unselected package krb5-multidev:amd64.
Preparing to unpack .../05-krb5-multidev_1.19.2-2ubuntu0.2_amd64.deb ...
Unpacking krb5-multidev:amd64 (1.19.2-2ubuntu0.2) ...
Selecting previously unselected package libmd-dev:amd64.
Preparing to unpack .../06-libmd-dev_1.0.4-1build1_amd64.deb ...
Unpacking libmd-dev:amd64 (1.0.4-1build1) ...
Selecting previously unselected package libbsd-dev:amd64.
Preparing to unpack .../07-libbsd-dev_0.11.5-1_amd64.deb ...
Unpacking libbsd-dev:amd64 (0.11.5-1) ...
Selecting previously unselected package libnorm-dev:amd64.
Preparing to unpack .../08-libnorm-dev_1.5.9+dfsg-2_amd64.deb ...
Unpacking libnorm-dev:amd64 (1.5.9+dfsg-2) ...
Selecting previously unselected package libpgm-dev:amd64.
Preparing to unpack .../09-libpgm-dev_5.3.128~dfsg-2_amd64.deb ...
Unpacking libpgm-dev:amd64 (5.3.128~dfsg-2) ...
Selecting previously unselected package libsodium-dev:amd64.
Preparing to unpack .../10-libsodium-dev_1.0.18-1build2_amd64.deb ...
Unpacking libsodium-dev:amd64 (1.0.18-1build2) ...
Selecting previously unselected package libkrb5-dev:amd64.
Preparing to unpack .../11-libkrb5-dev_1.19.2-2ubuntu0.2_amd64.deb ...
Unpacking libkrb5-dev:amd64 (1.19.2-2ubuntu0.2) ...
Selecting previously unselected package libzmq3-dev:amd64.
Preparing to unpack .../12-libzmq3-dev_4.3.4-2_amd64.deb ...
Unpacking libzmq3-dev:amd64 (4.3.4-2) ...
Setting up libnorm-dev:amd64 (1.5.9+dfsg-2) ...
Setting up libgssrpc4:amd64 (1.19.2-2ubuntu0.2) ...
Setting up libpgm-dev:amd64 (5.3.128~dfsg-2) ...
Setting up comerr-dev:amd64 (2.1-1.46.5-2ubuntu1.1) ...
Setting up libsodium-dev:amd64 (1.0.18-1build2) ...
Setting up libmd-dev:amd64 (1.0.4-1build1) ...
Setting up libbsd-dev:amd64 (0.11.5-1) ...
Setting up libkadm5clnt-mit12:amd64 (1.19.2-2ubuntu0.2) ...
Setting up libkdb5-10:amd64 (1.19.2-2ubuntu0.2) ...
Setting up libkadm5srv-mit12:amd64 (1.19.2-2ubuntu0.2) ...
Setting up krb5-multidev:amd64 (1.19.2-2ubuntu0.2) ...
Setting up libkrb5-dev:amd64 (1.19.2-2ubuntu0.2) ...
Setting up libzmq3-dev:amd64 (4.3.4-2) ...
Processing triggers for libc-bin (2.35-0ubuntu3.1) ...
Processing triggers for man-db (2.10.2-1) ...
Processing triggers for install-info (6.8-4build1) ...
NEEDRESTART-VER: 3.5
NEEDRESTART-KCUR: 5.15.0-1037-azure
NEEDRESTART-KEXP: 5.15.0-1037-azure
NEEDRESTART-KSTA: 1
NEEDRESTART-SVC: mono-xsp4.service
NEEDRESTART-SVC: packagekit.service
NEEDRESTART-SVC: php8.1-fpm.service
NEEDRESTART-SVC: ssh.service
NEEDRESTART-SVC: user@1001.service
Note: Running post_fetch actions for zeromq_ada=4.1.5...
Note: Building zeromq_ada/zmq.gpr...
Setup
   [mkdir]        object directory for project ZMQ
   [mkdir]        library directory for project ZMQ
Compile
   [Ada]          zmq-low_level.ads
   [Ada]          zmq-sockets-typed_generic.adb
   [Ada]          zmq.adb
   [Ada]          zmq-sockets.adb
   [Ada]          zmq-contexts.adb
   [Ada]          zmq-pollsets.adb
zmq-pollsets.adb:42:36: warning: append unimplemented [enabled by default]
zmq-pollsets.adb:54:36: warning: remove unimplemented [enabled by default]
zmq-pollsets.adb:69:36: warning: poll unimplemented [enabled by default]
   [Ada]          zmq-messages.adb
   [Ada]          zmq-utilities-stream_element_array_image.adb
   [Ada]          zmq-sockets-indefinite_typed_generic.adb
   [Ada]          zmq-proxys.adb
   [Ada]          zmq-utilities.ads
   [Ada]          zmq-utilities-memory_streams.adb
Build Libraries
   [gprlib]       zmqAda.lexch
   [archive]      libzmqAda.a
   [index]        libzmqAda.a
Build finished successfully in 7.87 seconds.

zeromq_ada=4.1.5 successfully retrieved and built.
Dependencies were solved as follows:

   + libzmq 4.3.4 (new)
Found declared GPR file: zmq.gpr
