Test ran at 2023-06-03 01:19:18.759204+00:00

SOLUTION:
labs_solar_system=0.1.1: A set of SDL-based exercises to learn Ada
Origin: commit ae86089f3437193a08347046a1fdfe4cf9848230 from https://github.com/AdaCore/training_labs_solar_system.git
Properties:
   Author: Léo Germond
   Description: A set of SDL-based exercises to learn Ada
   Executable: getting_started_main
   License: GPL-3.0-or-later
   Maintainer: Léo Germond <germond@adacore.com>
   Maintainers_Logins: leogermond
   Name: labs_solar_system
   Tag: training
   Tag: labs
   Tag: graphics
   Tag: windowed
   Version: 0.1.1
   Website: https://github.com/AdaCore/training_labs_solar_system/
Dependencies (direct):
   mage~0.5.0
Dependencies (solution):
   mage=0.5.0
   make=4.3.0
   sdlada=2.5.5
Dependencies (external):
   libsdl2^2.0.0 (indirect,hinted)
   libsdl2_image^2.0.0 (indirect,hinted)
   libsdl2_ttf^2.0.0 (indirect,hinted)
Dependencies (graph):
   labs_solar_system=0.1.1 --> mage=0.5.0 (~0.5.0)    
   mage=0.5.0              --> sdlada=2.5.5 (^2.5.4-1)
   sdlada=2.5.5            --> libsdl2^2.0.0          
   sdlada=2.5.5            --> libsdl2_image^2.0.0    
   sdlada=2.5.5            --> libsdl2_ttf^2.0.0      
   sdlada=2.5.5            --> make=4.3.0 (*)         
Dependencies cannot be met


LOG:
