Test ran at 2024-02-05 13:10:32.121772+00:00

SOLUTION:
gnatprove=13.2.1: Automatic formal verification of SPARK code
Origin: (case OS is Linux => (case Host_Arch is X86_64 => binary archive gnatprove-x86_64-linux-13.2.0-1.tar.gz at https://github.com/alire-project/GNAT-FSF-builds/releases/download/gnatprove-13.2.0-1/gnatprove-x86_64-linux-13.2.0-1.tar.gz), Macos => (case Host_Arch is X86_64 => binary archive gnatprove-x86_64-darwin-13.2.0-1.tar.gz at https://github.com/alire-project/GNAT-FSF-builds/releases/download/gnatprove-13.2.0-1/gnatprove-x86_64-darwin-13.2.0-1.tar.gz), Windows => (case Host_Arch is X86_64 => binary archive gnatprove-x86_64-windows64-13.2.0-1.tar.gz at https://github.com/alire-project/GNAT-FSF-builds/releases/download/gnatprove-13.2.0-1/gnatprove-x86_64-windows64-13.2.0-1.tar.gz)) with hash sha256:28fc3583d2364c1e10790fe258c408faffa42d7ff77bb81dc18d4907608f4017
Properties:
   Auto_Gpr_With: auto-gpr-with=false
   Configuration: no modifiers
   Description: Automatic formal verification of SPARK code
   Environment: GPR_PROJECT_PATH=${CRATE_ROOT}/lib/gnat:${GPR_PROJECT_PATH}
   Environment: PATH=${CRATE_ROOT}/bin:${PATH}
   License: GPL-3.0-or-later
   Maintainer: chouteau@adacore.com
   Maintainers_Logins: Fabien-Chouteau
   Name: gnatprove
   Version: 13.2.1


LOG:
Note: Deploying gnatprove=13.2.1...
#=#=#                                                                          

                                                                           0.0%
####                                                                       6.3%
#########                                                                 13.1%
##############                                                            19.8%
##################                                                        26.2%
#######################                                                   32.9%
############################                                              39.7%
#################################                                         46.5%
######################################                                    53.3%
###########################################                               60.2%
################################################                          66.9%
#####################################################                     73.7%
#########################################################                 80.5%
##############################################################            87.2%
###################################################################       93.9%
######################################################################## 100.0%

gnatprove=13.2.1 successfully retrieved.
There are no dependencies.
Warning: Binary release does not contain default project file: gnatprove.gpr
