Test ran at 2024-03-17 01:10:38.398782+00:00

SOLUTION:
cobs=1.1.0: Consistent Overhead Byte Stuffing (COBS) encoder/decoder
Origin: commit 8c35e29aee6387f158a086f6bbf4ca3612b2b2dd from https://github.com/damaki/cobs.git
Properties:
   Author: Daniel King
   Description: Consistent Overhead Byte Stuffing (COBS) encoder/decoder
   License: MIT
   Maintainer: Daniel King <damaki.gh@gmail.com>
   Maintainers_Logins: damaki
   Name: cobs
   Tag: cobs
   Tag: spark
   Tag: embedded
   Tag: nostd
   Version: 1.1.0
   Website: https://github.com/damaki/cobs
Dependencies (direct):
   gnat>=11.0.0
Dependencies (external):
   gnat>=11.0.0 (direct,hinted)
Dependencies (graph):
   cobs=1.1.0 --> gnat>=11.0.0
Dependencies cannot be met


LOG:
