Test ran at 2024-12-05 00:57:23.402854+00:00

SOLUTION:
labs_solar_system=1.0.0: A set of SDL-based exercises to learn Ada
Origin: commit 4f65063764bec456ebab8e4e5dc36bf25a5a166f from https://github.com/adacore/training_labs_solar_system.git
Properties:
   Author: Léo Germond
   Description: A set of SDL-based exercises to learn Ada
   Executable: getting_started_main
   License: GPL-3.0-or-later
   Maintainer: Léo Germond <germond@adacore.com>
   Maintainers_Logins: leogermond
   Name: labs_solar_system
   Tag: training
   Tag: labs
   Tag: graphics
   Tag: windowed
   Version: 1.0.0
   Website: https://public-training.adacore.com/doc/labs/solar_system/index.html
Dependencies (direct):
   mage~0.6.1
Dependencies (solution):
   libsdl2=2.0.20
   libsdl2_image=2.0.5
   libsdl2_ttf=2.0.18
   mage=0.6.1
   make=4.3.0
   sdlada=2.5.5
Dependencies (graph):
   labs_solar_system=1.0.0 --> mage=0.6.1 (~0.6.1)         
   mage=0.6.1              --> sdlada=2.5.5 (^2.5.4-1)     
   sdlada=2.5.5            --> libsdl2=2.0.20 (^2.0.0)     
   sdlada=2.5.5            --> libsdl2_image=2.0.5 (^2.0.0)
   sdlada=2.5.5            --> libsdl2_ttf=2.0.18 (^2.0.0) 
   sdlada=2.5.5            --> make=4.3.0 (*)              


LOG:
Note: Deploying labs_solar_system=1.0.0...
Note: Deploying libsdl2=2.0.20...
Note: Deploying libsdl2_image=2.0.5...
Note: Deploying libsdl2_ttf=2.0.18...
Note: Deploying make=4.3.0...
Note: Deploying sdlada=2.5.5...
Note: Deploying mage=0.6.1...
Note: Running pre_build actions for sdlada=2.5.5...
make: Entering directory '/home/runner/work/alire-crates-ci/alire-crates-ci/test/ec474768-12e6-42db-a061-33a5679bd8fa/labs_solar_system_1.0.0_4f650637/alire/cache/dependencies/sdlada_2.5.5_429c594d/build/gnat'
mkdir -p gen/src/
gprbuild -p -gnat2012 -XSDL_MODE=debug -XSDL_PLATFORM=linux \
	-Ptools.gpr
Setup
   [mkdir]        object directory for project Tools
Compile
   [Ada]          gen_keyboard.adb
   [Ada]          scancodes.ads
   [Ada]          utils.adb
Bind
   [gprbind]      gen_keyboard.bexch
   [Ada]          gen_keyboard.ali
Link
   [link]         gen_keyboard.adb
./gen/debug/tools/gen_keyboard > gen/src/sdl-events-keyboards.ads
make: Leaving directory '/home/runner/work/alire-crates-ci/alire-crates-ci/test/ec474768-12e6-42db-a061-33a5679bd8fa/labs_solar_system_1.0.0_4f650637/alire/cache/dependencies/sdlada_2.5.5_429c594d/build/gnat'
Note: Building labs_solar_system/labs_solar_system.gpr...
Setup
   [mkdir]        object directory for project SDLAda
   [mkdir]        object directory for project Mage
   [mkdir]        library directory for project Mage
   [mkdir]        object directory for project Labs_Solar_System
   [mkdir]        exec directory for project Labs_Solar_System
Compile
   [Ada]          getting_started_main.adb
   [C]            version_ttf.c
   [C]            version_images.c
   [C]            version.c
   [Ada]          sdl-ttfs.adb
   [Ada]          sdl-ttfs-versions.adb
   [Ada]          sdl-ttfs-makers.adb
   [Ada]          sdl-images-versions.adb
   [Ada]          sdl-images-io.adb
   [Ada]          sdl-images.adb
   [Ada]          sdl-inputs-mice.adb
   [Ada]          sdl-inputs.ads
   [Ada]          sdl-events-keyboards.adb
   [Ada]          sdl-video-surfaces-makers.adb
   [Ada]          sdl-inputs-joysticks-game_controllers-makers.adb
   [Ada]          sdl-cpus.adb
   [Ada]          sdl-video-textures.adb
   [Ada]          sdl-platform.adb
   [Ada]          sdl-events-windows.ads
   [Ada]          sdl-video-textures-makers.adb
   [Ada]          sdl-hints.adb
   [Ada]          sdl-events-touches.ads
   [Ada]          sdl-log.adb
sdl-video-textures.adb:25:09: warning: unit "Ada.Unchecked_Conversion" is not referenced [-gnatwu]
   [Ada]          sdl-video-displays.adb
   [Ada]          sdl-inputs-joysticks.adb
   [Ada]          sdl-events-mice.ads
   [Ada]          sdl-video.adb
sdl-video-displays.adb:24:06: warning: unnecessary with of ancestor [-gnatwr]
   [Ada]          sdl-video-pixel_formats.adb
   [Ada]          sdl-events-joysticks-game_controllers.adb
   [Ada]          sdl-events-events.adb
   [Ada]          sdl-video-pixels.ads
   [Ada]          sdl-inputs-mice-cursors.adb
sdl-video-pixels.ads:78:12: warning: type "Element_Array_2D" is not referenced [-gnatwu]
   [Ada]          sdl-video-windows.adb
sdl-video-pixel_formats.ads:28:09: warning: unit "Ada.Unchecked_Conversion" is not referenced [-gnatwu]
   [Ada]          sdl-video-renderers-makers.adb
   [Ada]          sdl-clipboard.adb
   [Ada]          sdl-video-rectangles.adb
sdl-video-rectangles.adb:23:09: warning: unit "Ada.Unchecked_Conversion" is not referenced [-gnatwu]
   [Ada]          sdl-events-files.ads
   [Ada]          sdl-events-joysticks.adb
   [Ada]          sdl-versions.adb
sdl-clipboard.adb:24:06: warning: unnecessary with of ancestor [-gnatwr]
   [Ada]          sdl-rwops.adb
   [Ada]          sdl-video-gl.adb
   [Ada]          sdl-inputs-joysticks-makers.adb
   [Ada]          sdl-timers.ads
   [Ada]          sdl-video-windows-makers.adb
   [Ada]          sdl-c_pointers.ads
   [Ada]          sdl.adb
   [Ada]          sdl-video-renderers.adb
   [Ada]          sdl-video-windows-manager.adb
   [Ada]          sdl-libraries.adb
   [Ada]          sdl-inputs-joysticks-game_controllers.adb
   [Ada]          sdl-video-surfaces.adb
sdl-video-gl.adb:49:07: warning: literal "Attribute_Retained_Backing" is not referenced [-gnatwu]
   [Ada]          sdl-error.adb
   [Ada]          sdl-rwops-streams.adb
   [Ada]          sdl-inputs-keyboards.adb
   [Ada]          sdl-events.ads
   [Ada]          sdl-events-controllers.ads
sdl-events.ads:31:09: warning: unit "Ada.Unchecked_Conversion" is not referenced [-gnatwu]
   [Ada]          sdl-video-palettes.adb
sdl-video-surfaces.ads:31:06: warning: unnecessary with of ancestor [-gnatwr]
sdl-video-surfaces.ads:212:57: warning: aggregate not fully initialized [-gnatwv]
   [Ada]          sdl-power.adb
   [Ada]          mage_config.ads
   [Ada]          mage-apps.ads
   [Ada]          mage-apps-simple_loop.adb
   [Ada]          mage-model.ads
   [Ada]          mage.adb
sdl-video-palettes.ads:59:42: warning: 8 bits of "RGB_Colour" unused [enabled by default]
   [Ada]          mage-input.adb
   [Ada]          mage-draw.adb
   [Ada]          mage-log.adb
   [Ada]          mage-event.adb
   [Ada]          mage_config-hardware.No.ads
Build Libraries
   [gprlib]       sdlada.lexch
   [gprlib]       Mage.lexch
   [archive]      libsdlada.a
   [index]        libsdlada.a
   [archive]      libMage.a
   [index]        libMage.a
Bind
   [gprbind]      getting_started_main.bexch
   [Ada]          getting_started_main.ali
Link
   [link]         getting_started_main.adb
Build finished successfully in 10.98 seconds.

labs_solar_system=1.0.0 successfully retrieved and built.
Dependencies were solved as follows:

   + libsdl2       2.0.20 (new,indirect)
   + libsdl2_image 2.0.5  (new,indirect)
   + libsdl2_ttf   2.0.18 (new,indirect)
   + mage          0.6.1  (new)         
   + make          4.3.0  (new,indirect)
   + sdlada        2.5.5  (new,indirect)
Found declared GPR file: labs_solar_system.gpr
