Test ran at 2022-07-07 12:24:41.279548+00:00

SOLUTION:
pico_examples=1.4.0: Examples for Ada on the Raspberry Pi Pico
Origin: commit 339bffa1f645422115f572639645b25d94f9ffc6 from https://github.com/JeremyGrosser/pico_examples.git
Properties:
   Author: Jeremy Grosser
   Auto_Gpr_With: auto-gpr-with=false
   Description: Examples for Ada on the Raspberry Pi Pico
   License: BSD-3-Clause
   Maintainer: Jeremy Grosser <jeremy@synack.me>
   Maintainers_Logins: JeremyGrosser
   Name: pico_examples
   Project_File: adc_continuous/adc_continuous.gpr
   Project_File: adc_hello/adc_hello.gpr
   Project_File: blink/blink.gpr
   Project_File: gpio_interrupts/gpio_interrupts.gpr
   Project_File: multicore/multicore.gpr
   Project_File: pimoroni_audio_pack/pimoroni_audio_pack.gpr
   Project_File: pimoroni_rgb_keypad/pimoroni_rgb_keypad.gpr
   Project_File: pimoroni_rgb_keypad_interrupt/pimoroni_rgb_keypad_interrupt.gpr
   Project_File: pio_assemble/pio_assemble.gpr
   Project_File: pio_blink/pio_blink.gpr
   Project_File: pwm/pwm.gpr
   Project_File: rtc/rtc.gpr
   Project_File: spi_loopback/spi_loopback.gpr
   Project_File: timer/timer.gpr
   Project_File: uart_echo/uart_echo.gpr
   Project_File: usb_echo/usb_echo.gpr
   Project_File: ws2812_demo/ws2812_demo.gpr
   Tag: embedded
   Tag: nostd
   Tag: pico
   Tag: rp2040
   Version: 1.4.0
   Website: https://pico-doc.synack.me/
Dependencies (direct):
   pico_bsp^1.4
Dependencies (solution):
   atomic=0.4.1
   bbqueue=0.3.0
   cortex_m=0.3.0
   gnat=11.2.4 (gnat_arm_elf) (installed)
   gnat_arm_elf=11.2.4 (installed)
   hal=0.1.0
   pico_bsp=1.6.0
   rp2040_hal=1.6.0
   usb_embedded=0.2.0
Dependencies (graph):
   bbqueue=0.3.0       --> atomic=0.4.1 (~0.4)              
   bbqueue=0.3.0       --> gnat=11.2.4 (gnat_arm_elf) (>=10)
   cortex_m=0.3.0      --> hal=0.1.0 (^0.1.0)               
   pico_bsp=1.6.0      --> hal=0.1.0 (~0.1)                 
   pico_bsp=1.6.0      --> rp2040_hal=1.6.0 (^1.6)          
   pico_examples=1.4.0 --> pico_bsp=1.6.0 (^1.4)            
   rp2040_hal=1.6.0    --> cortex_m=0.3.0 (~0.3)            
   rp2040_hal=1.6.0    --> gnat_arm_elf=11.2.4 (^11.2)      
   rp2040_hal=1.6.0    --> hal=0.1.0 (~0.1)                 
   rp2040_hal=1.6.0    --> usb_embedded=0.2.0 (~0.2)        
   usb_embedded=0.2.0  --> bbqueue=0.3.0 (~0.3.0)           
   usb_embedded=0.2.0  --> hal=0.1.0 (~0.1.0)               


LOG:
Note: Deploying pico_examples=1.4.0...
Note: Deploying gnat_arm_elf=11.2.4...
#=#=#                                                                         
##O#- #                                                                       

                                                                           0.0%
                                                                           1.2%
#                                                                          2.5%
##                                                                         3.6%
###                                                                        4.8%
####                                                                       6.2%
#####                                                                      7.3%
######                                                                     8.6%
#######                                                                    9.7%
#######                                                                   10.9%
########                                                                  12.1%
#########                                                                 13.4%
##########                                                                14.5%
###########                                                               15.8%
############                                                              17.0%
#############                                                             18.2%
##############                                                            19.4%
##############                                                            20.2%
##############                                                            20.7%
###############                                                           21.4%
###############                                                           21.8%
################                                                          22.6%
################                                                          23.0%
#################                                                         23.8%
#################                                                         24.2%
##################                                                        25.0%
##################                                                        25.5%
##################                                                        26.2%
###################                                                       26.7%
###################                                                       27.4%
####################                                                      27.9%
####################                                                      28.4%
####################                                                      28.9%
#####################                                                     29.3%
#####################                                                     29.8%
#####################                                                     30.3%
######################                                                    30.8%
######################                                                    31.3%
######################                                                    31.7%
#######################                                                   32.2%
#######################                                                   32.7%
#######################                                                   33.2%
########################                                                  33.8%
########################                                                  34.1%
########################                                                  34.7%
#########################                                                 35.1%
#########################                                                 35.7%
##########################                                                36.2%
##########################                                                36.4%
##########################                                                36.9%
##########################                                                37.5%
###########################                                               37.8%
###########################                                               38.3%
###########################                                               38.8%
############################                                              39.3%
############################                                              39.7%
############################                                              40.0%
#############################                                             40.4%
#############################                                             40.7%
#############################                                             41.1%
#############################                                             41.3%
##############################                                            41.8%
##############################                                            42.1%
##############################                                            42.4%
##############################                                            42.8%
###############################                                           43.2%
###############################                                           43.6%
###############################                                           44.0%
################################                                          44.5%
################################                                          44.8%
################################                                          45.2%
################################                                          45.7%
#################################                                         46.1%
#################################                                         46.5%
#################################                                         46.9%
#################################                                         47.2%
##################################                                        47.3%
##################################                                        47.7%
##################################                                        48.0%
##################################                                        48.2%
##################################                                        48.4%
##################################                                        48.5%
###################################                                       48.6%
###################################                                       48.8%
###################################                                       48.9%
###################################                                       49.1%
###################################                                       49.2%
###################################                                       49.4%
###################################                                       49.5%
###################################                                       49.7%
###################################                                       49.9%
###################################                                       50.0%
####################################                                      50.2%
####################################                                      50.3%
####################################                                      50.5%
####################################                                      50.7%
####################################                                      50.8%
####################################                                      50.9%
####################################                                      51.1%
####################################                                      51.3%
#####################################                                     51.5%
#####################################                                     51.7%
#####################################                                     51.8%
#####################################                                     52.0%
#####################################                                     52.1%
#####################################                                     52.3%
#####################################                                     52.5%
#####################################                                     52.6%
######################################                                    52.8%
######################################                                    53.0%
######################################                                    53.2%
######################################                                    53.4%
######################################                                    53.6%
######################################                                    53.7%
######################################                                    54.0%
#######################################                                   54.2%
#######################################                                   54.3%
#######################################                                   54.6%
#######################################                                   54.7%
#######################################                                   54.9%
#######################################                                   55.1%
#######################################                                   55.3%
#######################################                                   55.5%
########################################                                  55.7%
########################################                                  56.0%
########################################                                  56.1%
########################################                                  56.4%
########################################                                  56.6%
########################################                                  56.8%
#########################################                                 57.0%
#########################################                                 57.2%
#########################################                                 57.4%
#########################################                                 57.6%
#########################################                                 57.9%
#########################################                                 58.1%
#########################################                                 58.2%
##########################################                                58.5%
##########################################                                58.7%
##########################################                                58.9%
##########################################                                59.2%
##########################################                                59.4%
##########################################                                59.6%
###########################################                               59.9%
###########################################                               60.1%
###########################################                               60.4%
###########################################                               60.5%
###########################################                               60.7%
###########################################                               60.8%
###########################################                               61.0%
############################################                              61.2%
############################################                              61.4%
############################################                              61.6%
############################################                              61.8%
############################################                              62.0%
############################################                              62.2%
############################################                              62.4%
#############################################                             62.6%
#############################################                             62.9%
#############################################                             63.0%
#############################################                             63.2%
#############################################                             63.5%
#############################################                             63.7%
##############################################                            63.9%
##############################################                            64.2%
##############################################                            64.4%
##############################################                            64.6%
##############################################                            64.9%
##############################################                            65.1%
###############################################                           65.3%
###############################################                           65.4%
###############################################                           65.7%
###############################################                           65.9%
###############################################                           66.2%
###############################################                           66.4%
###############################################                           66.6%
################################################                          66.7%
################################################                          67.0%
################################################                          67.2%
################################################                          67.5%
################################################                          67.7%
################################################                          67.9%
#################################################                         68.1%
#################################################                         68.3%
#################################################                         68.6%
#################################################                         68.9%
#################################################                         69.1%
#################################################                         69.3%
##################################################                        69.6%
##################################################                        69.8%
##################################################                        70.1%
##################################################                        70.3%
##################################################                        70.5%
##################################################                        70.8%
###################################################                       71.0%
###################################################                       71.3%
###################################################                       71.5%
###################################################                       71.7%
###################################################                       72.0%
####################################################                      72.3%
####################################################                      72.6%
####################################################                      72.8%
####################################################                      73.1%
####################################################                      73.4%
#####################################################                     73.6%
#####################################################                     73.9%
#####################################################                     74.2%
#####################################################                     74.5%
#####################################################                     74.8%
######################################################                    75.0%
######################################################                    75.3%
######################################################                    75.5%
######################################################                    75.8%
######################################################                    76.1%
######################################################                    76.4%
#######################################################                   76.6%
#######################################################                   76.9%
#######################################################                   77.3%
#######################################################                   77.5%
########################################################                  77.8%
########################################################                  78.2%
########################################################                  78.5%
########################################################                  78.7%
########################################################                  79.1%
#########################################################                 79.4%
#########################################################                 79.7%
#########################################################                 80.0%
#########################################################                 80.3%
##########################################################                80.6%
##########################################################                80.8%
##########################################################                81.0%
##########################################################                81.2%
##########################################################                81.4%
##########################################################                81.7%
##########################################################                81.9%
###########################################################               82.2%
###########################################################               82.3%
###########################################################               82.5%
###########################################################               82.8%
###########################################################               83.1%
############################################################              83.4%
############################################################              83.6%
############################################################              83.9%
############################################################              84.2%
############################################################              84.5%
#############################################################             84.7%
#############################################################             84.9%
#############################################################             85.2%
#############################################################             85.5%
#############################################################             85.8%
#############################################################             86.0%
##############################################################            86.3%
##############################################################            86.6%
##############################################################            86.9%
##############################################################            87.2%
###############################################################           87.5%
###############################################################           87.9%
###############################################################           88.2%
###############################################################           88.4%
###############################################################           88.8%
################################################################          89.0%
################################################################          89.3%
################################################################          89.6%
################################################################          89.8%
################################################################          90.1%
#################################################################         90.4%
#################################################################         90.7%
#################################################################         90.9%
#################################################################         91.2%
#################################################################         91.5%
##################################################################        91.8%
##################################################################        92.1%
##################################################################        92.4%
##################################################################        92.7%
##################################################################        93.1%
###################################################################       93.3%
###################################################################       93.6%
###################################################################       93.9%
###################################################################       94.2%
####################################################################      94.5%
####################################################################      94.8%
####################################################################      95.1%
####################################################################      95.5%
####################################################################      95.7%
#####################################################################     96.0%
#####################################################################     96.4%
#####################################################################     96.7%
#####################################################################     96.9%
######################################################################    97.2%
######################################################################    97.6%
######################################################################    97.9%
######################################################################    98.2%
######################################################################    98.6%
#######################################################################   98.9%
#######################################################################   99.3%
#######################################################################   99.6%
#######################################################################   99.9%
######################################################################## 100.0%
Note: gnat_arm_elf=11.2.4 installed successfully.
Note: Deploying atomic=0.4.1...
Note: Deploying hal=0.1.0...
#=#=#                                                                         

##################                                                        25.7%
######################################################################## 100.0%
Note: Deploying bbqueue=0.3.0...
Note: Deploying cortex_m=0.3.0...
Note: Deploying usb_embedded=0.2.0...
Note: Deploying rp2040_hal=1.6.0...
Note: Deploying pico_bsp=1.6.0...
Note: Building pico_examples/adc_continuous/adc_continuous.gpr (1/17)...
Setup
   [mkdir]        object directory for project HAL
   [mkdir]        library directory for project HAL
   [mkdir]        object directory for project Atomic
   [mkdir]        library directory for project Atomic
   [mkdir]        object directory for project BBqueue
   [mkdir]        library directory for project BBqueue
   [mkdir]        object directory for project Usb_Embedded
   [mkdir]        library directory for project Usb_Embedded
   [mkdir]        object directory for project Cortex_M0
   [mkdir]        library directory for project Cortex_M0
   [mkdir]        object directory for project Rp2040_Hal
   [mkdir]        library directory for project Rp2040_Hal
   [mkdir]        object directory for project Pico_BSP
   [mkdir]        library directory for project Pico_BSP
   [mkdir]        object directory for project ADC_Continuous
Compile
   [Ada]          main.adb
   [Ada]          cortex_m-nvic.adb
   [Ada]          cortex_m-cache.adb
   [Ada]          cortex_m_svd-nvic.ads
   [Ada]          cortex_m_svd.ads
   [Ada]          cortex_m_svd-debug.ads
   [Ada]          cortex_m_svd-scb.ads
   [Ada]          cortex_m_svd-dwt.ads
   [Ada]          cortex_m_svd-systick.ads
   [Ada]          semihosting.adb
   [Ada]          cortex_m-dwt.adb
   [Ada]          cortex_m.ads
   [Ada]          cortex_m-systick.adb
   [Ada]          memory_barriers.adb
   [Ada]          cortex_m-debug.adb
   [Ada]          semihosting-filesystem.adb
   [Ada]          atomic-critical_section.adb
   [Ada]          atomic-signed.adb
   [Ada]          atomic-unsigned.adb
   [Ada]          atomic.adb
   [Ada]          atomic-unsigned_8.ads
   [Ada]          atomic-signed_32.ads
   [Ada]          atomic-unsigned_32.ads
   [Ada]          atomic-signed_16.ads
   [Ada]          atomic-unsigned_16.ads
   [Ada]          atomic-signed_8.ads
   [Ada]          bbqueue-buffers.adb
   [Ada]          bbqueue-buffers-framed.adb
   [Ada]          bbqueue.adb
   [Ada]          usb-device-hid-gamepad.adb
   [Ada]          usb-utils.adb
   [Ada]          usb-hal-device.ads
   [Ada]          usb-device-hid-mouse.adb
   [Ada]          usb-device-serial.adb
   [Ada]          usb-device-hid-joystick.adb
   [Ada]          usb-device.adb
   [Ada]          usb-device-hid-keyboard.adb
   [Ada]          usb-logging-device.adb
   [Ada]          usb-hal.ads
   [Ada]          usb-logging.ads
   [Ada]          usb.adb
   [Ada]          usb-device-control.adb
   [Ada]          usb-device-hid.adb
   [Ada]          usb-lang.ads
   [Ada]          usb-device-midi.adb
   [Asm_Cpp]      crt0.S
   [Ada]          rp-device.ads
   [Ada]          rp2040_svd-i2c.ads
   [Ada]          rp2040_svd-tbman.ads
   [Ada]          rp2040_svd-timer.ads
   [Ada]          rp2040_svd-pio.ads
   [Ada]          rp2040_svd-io_bank0.ads
   [Ada]          rp2040_svd-resets.ads
   [Ada]          rp2040_svd-sysinfo.ads
   [Ada]          rp2040_svd-rosc.ads
   [Ada]          rp2040_svd-pads_qspi.ads
   [Ada]          rp2040_svd-spi.ads
   [Ada]          rp2040_svd-clocks.ads
   [Ada]          rp2040_svd-xosc.ads
   [Ada]          rp2040_svd-vreg_and_chip_reset.ads
   [Ada]          rp2040_svd-pll.ads
   [Ada]          rp2040_svd-psm.ads
   [Ada]          rp2040_svd-busctrl.ads
   [Ada]          rp2040_svd-usbctrl_dpram.ads
   [Ada]          rp2040_svd-dma.ads
   [Ada]          rp2040_svd-adc.ads
   [Ada]          rp2040_svd-io_qspi.ads
   [Ada]          rp2040_svd-xip_ctrl.ads
   [Ada]          rp2040_svd-sio.ads
   [Ada]          rp2040_svd-usbctrl_regs.ads
   [Ada]          rp2040_svd-rtc.ads
   [Ada]          rp2040_svd-pads_bank0.ads
   [Ada]          rp2040_svd-xip_ssi.ads
   [Ada]          rp2040_svd.ads
   [Ada]          rp2040_svd-uart.ads
   [Ada]          rp2040_svd-syscfg.ads
   [Ada]          rp2040_svd-pwm.ads
   [Ada]          rp2040_svd-watchdog.ads
   [Ada]          rp2040_svd-ppb.ads
   [Ada]          rp2040_svd-interrupts.ads
   [Ada]          rp-pio-ws2812_pio.ads
   [Ada]          rp-pio-ws2812.adb
   [Ada]          rp-multicore-spinlocks.adb
   [Ada]          rp-clock.adb
   [Ada]          rp-i2c_master.adb
   [Ada]          rp-rom.adb
   [Ada]          rp-usb_device.adb
   [Ada]          rp-dma.adb
   [Ada]          rp-pio-audio_i2s.adb
   [Ada]          rp-rom-floating_point.adb
   [Ada]          rp-pio-encoding.ads
   [Ada]          rp-gpio.adb
   [Ada]          rp-watchdog.adb
   [Ada]          rp-uart.adb
   [Ada]          rp-multicore-fifo.adb
   [Ada]          rp-pio.adb
   [Ada]          rp-reset.adb
   [Ada]          rp-multicore.adb
   [Ada]          rp-timer.adb
   [Ada]          rp-flash-cache.adb
   [Ada]          rp-rtc.adb
   [Ada]          rp-flash.adb
   [Ada]          rp-interpolator.ads
   [Ada]          rp-pio-audio_i2s_pio.ads
   [Ada]          rp-pwm.adb
   [Ada]          rp-spi.adb
   [Ada]          rp-adc.adb
   [Ada]          rp.ads
   [Ada]          rp_interrupts.adb
   [Ada]          hal-bitmap.ads
   [Ada]          hal-touch_panel.ads
   [Ada]          hal-block_drivers.ads
   [Ada]          hal-dsi.ads
   [Ada]          hal-real_time_clock.ads
   [Ada]          hal-i2c.ads
   [Ada]          hal-gpio.ads
   [Ada]          hal-filesystem.ads
   [Ada]          hal-framebuffer.ads
   [Ada]          hal-uart.ads
   [Ada]          hal-audio.ads
   [Ada]          hal-sdmmc.adb
   [Ada]          hal-spi.ads
   [Ada]          hal.ads
   [Ada]          hal-time.ads
   [Ada]          pico-audio_i2s.ads
   [Ada]          pico-pimoroni-audio_pack.ads
   [Ada]          pico.ads
   [Ada]          pico-pimoroni.ads
   [Ada]          pico-pimoroni-rgb_keypad.adb
Build Libraries
   [gprlib]       hal.lexch
   [gprlib]       Atomic.lexch
   [gprlib]       Bbqueue.lexch
   [archive]      libhal.a
   [archive]      libAtomic.a
   [index]        libhal.a
   [index]        libAtomic.a
   [gprlib]       Usb_Embedded.lexch
   [archive]      libBbqueue.a
   [index]        libBbqueue.a
   [gprlib]       cortex_m0.lexch
   [gprlib]       rp2040_hal.lexch
   [archive]      libUsb_Embedded.a
   [archive]      libcortex_m0.a
   [index]        libUsb_Embedded.a
   [index]        libcortex_m0.a
   [gprlib]       pico_bsp.lexch
   [archive]      librp2040_hal.a
   [index]        librp2040_hal.a
   [archive]      libpico_bsp.a
   [index]        libpico_bsp.a
Bind
   [gprbind]      main.bexch
   [Ada]          main.ali
Link
   [link]         main.adb
Note: Building pico_examples/adc_hello/adc_hello.gpr (2/17)...
Setup
   [mkdir]        object directory for project ADC_Hello
Compile
   [Ada]          main.adb
main.adb:30:04: "SysTick" is undefined (more references follow)

   compilation of main.adb failed

gprbuild: *** compilation phase failed
stderr: Command ["gprbuild", "-s", "-j0", "-p", "-P", "/home/runner/work/alire-crates-ci/alire-crates-ci/test/cd6d7194-0591-4e6c-8ecc-a829f0e5ee0c/pico_examples_1.4.0_339bffa1/adc_hello/adc_hello.gpr"] exited with code 4
ERROR: Command ["gprbuild", "-s", "-j0", "-p", "-P", "/home/runner/work/alire-crates-ci/alire-crates-ci/test/cd6d7194-0591-4e6c-8ecc-a829f0e5ee0c/pico_examples_1.4.0_339bffa1/adc_hello/adc_hello.gpr"] exited with code 4
stderr: ALIRE.CHECKED_ERROR
stderr: Command ["gprbuild", "-s", "-j0", "-p", "-P", "/home/runner/work/alire-crates-ci/alire-crates-ci/test/cd6d7194-0591-4e6c-8ecc-a829f0e5ee0c/pico_examples_1.4.0_339bffa1/adc_hello/adc_hello.gpr"] exited with code 4
stderr: raised ALIRE.CHECKED_ERROR : alire-stored-error:1
[/home/runner/work/alire-crates-ci/alire-crates-ci/alire_install/bin/alr]
0xd65c78 Alire.Raise_Checked_Error at alire.adb:251
0xa2f08f Alire.Os_Lib.Subprocess.Checked_Spawn at alire-os_lib-subprocess.adb:110
0xc49318 Alire.Spawn.Command at alire-spawn.adb:21
0xc49a46 Alire.Spawn.Gprbuild at alire-spawn.adb:41
0xbada9c Alire.Roots.Build.Build_Single_Release.Call_Gprbuild at alire-roots.adb:140
0xbac0fb Alire.Roots.Build.Build_Single_Release at alire-roots.adb:171
0xbc7eaa Alire.Roots.Traverse.Traverse_Wrap at alire-roots.adb:1364
0xc11fbb Alire.Solutions.Traverse.Visit at alire-solutions.adb:1434
0xc10bd2 Alire.Solutions.Traverse at alire-solutions.adb:1509
0xbc7ff8 Alire.Roots.Traverse at alire-roots.adb:1368
0xbac48c Alire.Roots.Build at alire-roots.adb:196
0x48f1e4 Alr.Commands.Build.Execute at alr-commands-build.adb:58
0x49f50a Alr.Commands.Get.Retrieve at alr-commands-get.adb:187
0x4a3d27 Alr.Commands.Get.Execute at alr-commands-get.adb:348
0x52aa2e Alr.Commands.Sub_Cmd.Execute at clic-subcommand-instance.adb:742
0x53641f Alr.Commands.Execute at alr-commands.adb:492
0x42b9ca Alr.Main at alr-main.adb:10
0x42e297 Main at b__alr-main.adb:2132
[/lib/x86_64-linux-gnu/libc.so.6]
0x7efd7d3fe081
[/home/runner/work/alire-crates-ci/alire-crates-ci/alire_install/bin/alr]
0x42b8a8 _start at ???
0xfffffffffffffffe


Warning: pico_examples=1.4.0 successfully retrieved but its build failed.
Dependencies were solved as follows:

   +  atomic       0.4.1  (new,indirect)                       
   +  bbqueue      0.3.0  (new,indirect)                       
   +  cortex_m     0.3.0  (new,indirect)                       
   +i gnat         11.2.4 (new,installed,gnat_arm_elf,indirect)
   +i gnat_arm_elf 11.2.4 (new,installed,indirect)             
   +  hal          0.1.0  (new,indirect)                       
   +  pico_bsp     1.6.0  (new)                                
   +  rp2040_hal   1.6.0  (new,indirect)                       
   +  usb_embedded 0.2.0  (new,indirect)                       
ERROR: Build ended with errors
