Test ran at 2024-06-16 13:20:15.343358+00:00

SOLUTION:
langkit_support=24.0.0: Runtime support library for Langkit-generated libraries
Origin: source archive langkit_support-24.0.0.tar.gz at https://github.com/AdaCore/langkit/releases/download/v24.0.0/langkit_support-24.0.0.tar.gz with hash sha512:e7945e68de0f983ee5b97bf06ceaf1e057e39d277ca24a72c2df444ab9142516fb4363ddcf96c2b1348ca7bad4bc7ab198285cd3cb2fa29a19128b90bd7a904a
Properties:
   Author: AdaCore
   Description: Runtime support library for Langkit-generated libraries
   License: Apache-2.0 WITH LLVM-exception
   Maintainer: Pierre-Marie de Rodat <pmderodat@kawie.fr>
   Maintainer: chouteau@adacore.com
   Maintainers_Logins: pmderodat
   Maintainers_Logins: Fabien-Chouteau
   Name: langkit_support
   Version: 24.0.0
   Website: https://github.com/AdaCore/langkit
Dependencies (direct):
   adasat^24
   gnatcoll^24
   gnatcoll_gmp^24
   gnatcoll_iconv^24
Dependencies (solution):
   adasat=24.0.0
   gnatcoll=24.0.0
   gnatcoll_gmp=24.0.0
   gnatcoll_iconv=24.0.0
   libgmp=6.2.1
   libgpr=24.0.0
   xmlada=24.0.0
Dependencies (external):
   gnat(/=2020) & (>=11) (indirect,hinted)
Dependencies (graph):
   gnatcoll=24.0.0        --> libgpr=24.0.0 (~24.0.0)    
   gnatcoll_gmp=24.0.0    --> gnatcoll=24.0.0 (~24.0.0)  
   gnatcoll_gmp=24.0.0    --> libgmp=6.2.1 (*)           
   gnatcoll_iconv=24.0.0  --> gnatcoll=24.0.0 (~24.0.0)  
   langkit_support=24.0.0 --> adasat=24.0.0 (^24)        
   langkit_support=24.0.0 --> gnatcoll=24.0.0 (^24)      
   langkit_support=24.0.0 --> gnatcoll_gmp=24.0.0 (^24)  
   langkit_support=24.0.0 --> gnatcoll_iconv=24.0.0 (^24)
   libgpr=24.0.0          --> gnat/=2020                 
   libgpr=24.0.0          --> xmlada=24.0.0 (~24.0.0)    
   xmlada=24.0.0          --> gnat>=11                   
Dependencies cannot be met


LOG:
