Test ran at 2024-03-23 13:03:57.167563+00:00

SOLUTION:
lace_physics=0.1.0: Provides 2D/3D rigid body dynamics simulation.
Origin: source archive lace_physics-0.1.0.tgz at https://github.com/charlie5/lace-alire/releases/download/v0.1.0/lace_physics-0.1.0.tgz with hashes sha256:d1cb6621da314df578ad27c2c4ecfef1685191192f373da30c1acd9ed60fe4c9, sha512:44017b6e684204c65e7393cb5e06963ad21ba4be077dcc0f9c0332d06b1c861cdc2a2d926c23063f6e7ce1f5058b28fa30a04802fca6bd9521b1b5ba11aca511
Properties:
   Author: Rod Kay
   Description: Provides 2D/3D rigid body dynamics simulation.
   License: ISC
   Maintainer: Rod Kay <rodakay5@gmail.com>
   Maintainers_Logins: charlie5
   Name: lace_physics
   Project_File: library/physics.gpr
   Version: 0.1.0
Dependencies (direct):
   lace_box2d~0.1
   lace_bullet~0.1
   lace~0.1
Dependencies (solution):
   lace=0.1.0
   lace_box2d=0.1.0
   lace_bullet=0.1.0
   lace_c_math=0.1.0
   lace_math=0.1.0
   lace_shared=0.1.0
   lace_swig=0.1.0
   libbullet=3.6.0
Dependencies (graph):
   lace=0.1.0         --> lace_shared=0.1.0 (~0.1)
   lace_box2d=0.1.0   --> lace_c_math=0.1.0 (~0.1)
   lace_bullet=0.1.0  --> lace_c_math=0.1.0 (~0.1)
   lace_bullet=0.1.0  --> libbullet=3.6.0 (*)
   lace_c_math=0.1.0  --> lace_math=0.1.0 (~0.1)
   lace_c_math=0.1.0  --> lace_swig=0.1.0 (~0.1)
   lace_math=0.1.0    --> lace_shared=0.1.0 (~0.1)
   lace_physics=0.1.0 --> lace=0.1.0 (~0.1)
   lace_physics=0.1.0 --> lace_box2d=0.1.0 (~0.1)
   lace_physics=0.1.0 --> lace_bullet=0.1.0 (~0.1)


LOG:
Spawning: alr -d -n get --build lace_physics=0.1.0
Note: Deploying lace_physics=0.1.0...
#=#=#                                                                         
##O#-#                                                                        

##################################                                        47.5%
######################################################################## 100.0%
Note: Building lace_physics=0.1.0/library/physics.gpr...
Setup
   [mkdir]        object directory for project Physics
Compile
   [c++]          box2d-joint.cpp
   [Ada]          bullet_physics-shape.adb
   [Ada]          bullet_physics-space.adb
   [Ada]          bullet_physics-object.adb
   [Ada]          bullet_physics.ads
   [Ada]          bullet_physics-joint.adb
   [Ada]          box2d_physics.ads
   [Ada]          box2d_physics-space.adb
   [Ada]          box2d_physics-joint.adb
bullet_physics-joint.adb:76:38: warning: use of an anonymous access type allocator
bullet_physics-joint.adb:241:38: warning: use of an anonymous access type allocator
bullet_physics-joint.adb:406:46: warning: use of an anonymous access type allocator
bullet_physics-joint.adb:570:44: warning: use of an anonymous access type allocator
bullet_physics-joint.adb:736:39: warning: use of an anonymous access type allocator
bullet_physics-joint.adb:763:39: warning: use of an anonymous access type allocator
bullet_physics-joint.adb:854:07: warning: variable "c_Frame" is read but never assigned
bullet_physics-joint.adb:864:07: warning: variable "c_Frame" is read but never assigned
bullet_physics-joint.adb:907:07: warning: unreachable code
bullet_physics-joint.adb:919:07: warning: unreachable code
   [Ada]          box2d_physics-object.adb
bullet_physics-space.adb:222:07: warning: types for unchecked conversion have different sizes
bullet_physics-space.adb:491:07: warning: variable "the_Manifold" is read but never assigned
bullet_physics-space.adb:543:36: warning: others choice is redundant
bullet_physics-space.adb:543:36: warning: previous choices cover all components
   [Ada]          box2d_physics-shape.adb
box2d_physics-joint.adb:76:44: warning: use of an anonymous access type allocator
box2d_physics-joint.adb:79:07: warning: variable "c_Object_A" is not referenced
box2d_physics-joint.adb:80:07: warning: variable "c_Object_B" is not referenced
box2d_physics-joint.adb:82:07: warning: variable "c_Frame_A" is not referenced
box2d_physics-joint.adb:83:07: warning: variable "c_Frame_B" is not referenced
box2d_physics-joint.adb:236:46: warning: use of an anonymous access type allocator
box2d_physics-joint.adb:399:46: warning: use of an anonymous access type allocator
box2d_physics-joint.adb:562:50: warning: use of an anonymous access type allocator
box2d_physics-joint.adb:731:49: warning: use of an anonymous access type allocator
box2d_physics-joint.adb:773:39: warning: use of an anonymous access type allocator
box2d_physics-joint.adb:793:39: warning: use of an anonymous access type allocator
box2d_physics-joint.adb:898:07: warning: variable "c_Frame" is read but never assigned
box2d_physics-joint.adb:908:07: warning: variable "c_Frame" is read but never assigned
box2d_physics-joint.adb:951:07: warning: unreachable code
box2d_physics-joint.adb:963:07: warning: unreachable code
   [Ada]          physics-model.adb
   [Ada]          physics-joint-hinge.ads
   [Ada]          physics-shape.adb
   [Ada]          physics-joint-ball.ads
   [Ada]          physics-joint-cone_twist.ads
   [Ada]          physics-forge.adb
box2d_physics-space.adb:206:07: warning: types for unchecked conversion have different sizes
   [Ada]          physics-joint-dof6.ads
   [Ada]          physics-joint-slider.ads
   [Ada]          physics-remote.ads
   [Ada]          physics-object.adb
   [Ada]          physics.ads
   [Ada]          physics-space.adb
   [Ada]          physics-joint.ads
   [Ada]          physics-engine.adb
   [Ada]          physics-remote-model.ads
physics-engine.adb:51:07: warning: variable "max_joint_Force" is not referenced
physics-engine.adb:52:07: warning: variable "max_joint_Torque" is not referenced
physics-engine.adb:362:39: warning: static fixed-point value is not a multiple of Small
physics-engine.adb:485:49: warning: static fixed-point value is not a multiple of Small

lace_physics=0.1.0 successfully retrieved and built.
Dependencies were solved as follows:

   +  lace        0.1.0 (new)
   +  lace_box2d  0.1.0 (new)
   +  lace_bullet 0.1.0 (new)
   +  lace_c_math 0.1.0 (new,indirect)
   +  lace_math   0.1.0 (new,indirect)
   +  lace_shared 0.1.0 (new,indirect)
   +  lace_swig   0.1.0 (new,indirect)
   +b libbullet   3.6.0 (new,indirect,system package)
Found declared GPR file: library/physics.gpr
