Test ran at 2022-05-30 10:00:42.375854+00:00

SOLUTION:
audio_base=1.0.0: Basic Ada packages for audio applications
Origin: commit 8646d0adc2be09c57dd16952a329c4342e5ddb3b from https://github.com/Ada-Audio/audio_base.git
Properties:
   Author: Gustavo A. Hoffmann
   Description: Basic Ada packages for audio applications
   License: MIT
   Long_Description: # Audio Base
This crate contains basic Ada packages for audio applications.

   Maintainer: gusthoff@gusthoff.com
   Maintainers_Logins: gusthoff
   Name: audio_base
   Project_File: audio_base.gpr
   Tag: audio
   Tag: riff
   Version: 1.0.0
   Website: https://github.com/Ada-Audio/audio_base


LOG:
Note: Deploying release audio_base=1.0.0...
Cloning into '/home/runner/work/alire-crates-ci/alire-crates-ci/test/4879fe6f-73b9-429d-b3d5-4555c9cac96b/alr-lfoe.tmp'...
remote: Enumerating objects: 89, done.        
remote: Counting objects:   1% (1/89)        
remote: Counting objects:   2% (2/89)        
remote: Counting objects:   3% (3/89)        
remote: Counting objects:   4% (4/89)        
remote: Counting objects:   5% (5/89)        
remote: Counting objects:   6% (6/89)        
remote: Counting objects:   7% (7/89)        
remote: Counting objects:   8% (8/89)        
remote: Counting objects:  10% (9/89)        
remote: Counting objects:  11% (10/89)        
remote: Counting objects:  12% (11/89)        
remote: Counting objects:  13% (12/89)        
remote: Counting objects:  14% (13/89)        
remote: Counting objects:  15% (14/89)        
remote: Counting objects:  16% (15/89)        
remote: Counting objects:  17% (16/89)        
remote: Counting objects:  19% (17/89)        
remote: Counting objects:  20% (18/89)        
remote: Counting objects:  21% (19/89)        
remote: Counting objects:  22% (20/89)        
remote: Counting objects:  23% (21/89)        
remote: Counting objects:  24% (22/89)        
remote: Counting objects:  25% (23/89)        
remote: Counting objects:  26% (24/89)        
remote: Counting objects:  28% (25/89)        
remote: Counting objects:  29% (26/89)        
remote: Counting objects:  30% (27/89)        
remote: Counting objects:  31% (28/89)        
remote: Counting objects:  32% (29/89)        
remote: Counting objects:  33% (30/89)        
remote: Counting objects:  34% (31/89)        
remote: Counting objects:  35% (32/89)        
remote: Counting objects:  37% (33/89)        
remote: Counting objects:  38% (34/89)        
remote: Counting objects:  39% (35/89)        
remote: Counting objects:  40% (36/89)        
remote: Counting objects:  41% (37/89)        
remote: Counting objects:  42% (38/89)        
remote: Counting objects:  43% (39/89)        
remote: Counting objects:  44% (40/89)        
remote: Counting objects:  46% (41/89)        
remote: Counting objects:  47% (42/89)        
remote: Counting objects:  48% (43/89)        
remote: Counting objects:  49% (44/89)        
remote: Counting objects:  50% (45/89)        
remote: Counting objects:  51% (46/89)        
remote: Counting objects:  52% (47/89)        
remote: Counting objects:  53% (48/89)        
remote: Counting objects:  55% (49/89)        
remote: Counting objects:  56% (50/89)        
remote: Counting objects:  57% (51/89)        
remote: Counting objects:  58% (52/89)        
remote: Counting objects:  59% (53/89)        
remote: Counting objects:  60% (54/89)        
remote: Counting objects:  61% (55/89)        
remote: Counting objects:  62% (56/89)        
remote: Counting objects:  64% (57/89)        
remote: Counting objects:  65% (58/89)        
remote: Counting objects:  66% (59/89)        
remote: Counting objects:  67% (60/89)        
remote: Counting objects:  68% (61/89)        
remote: Counting objects:  69% (62/89)        
remote: Counting objects:  70% (63/89)        
remote: Counting objects:  71% (64/89)        
remote: Counting objects:  73% (65/89)        
remote: Counting objects:  74% (66/89)        
remote: Counting objects:  75% (67/89)        
remote: Counting objects:  76% (68/89)        
remote: Counting objects:  77% (69/89)        
remote: Counting objects:  78% (70/89)        
remote: Counting objects:  79% (71/89)        
remote: Counting objects:  80% (72/89)        
remote: Counting objects:  82% (73/89)        
remote: Counting objects:  83% (74/89)        
remote: Counting objects:  84% (75/89)        
remote: Counting objects:  85% (76/89)        
remote: Counting objects:  86% (77/89)        
remote: Counting objects:  87% (78/89)        
remote: Counting objects:  88% (79/89)        
remote: Counting objects:  89% (80/89)        
remote: Counting objects:  91% (81/89)        
remote: Counting objects:  92% (82/89)        
remote: Counting objects:  93% (83/89)        
remote: Counting objects:  94% (84/89)        
remote: Counting objects:  95% (85/89)        
remote: Counting objects:  96% (86/89)        
remote: Counting objects:  97% (87/89)        
remote: Counting objects:  98% (88/89)        
remote: Counting objects: 100% (89/89)        
remote: Counting objects: 100% (89/89), done.        
remote: Compressing objects:   2% (1/50)        
remote: Compressing objects:   4% (2/50)        
remote: Compressing objects:   6% (3/50)        
remote: Compressing objects:   8% (4/50)        
remote: Compressing objects:  10% (5/50)        
remote: Compressing objects:  12% (6/50)        
remote: Compressing objects:  14% (7/50)        
remote: Compressing objects:  16% (8/50)        
remote: Compressing objects:  18% (9/50)        
remote: Compressing objects:  20% (10/50)        
remote: Compressing objects:  22% (11/50)        
remote: Compressing objects:  24% (12/50)        
remote: Compressing objects:  26% (13/50)        
remote: Compressing objects:  28% (14/50)        
remote: Compressing objects:  30% (15/50)        
remote: Compressing objects:  32% (16/50)        
remote: Compressing objects:  34% (17/50)        
remote: Compressing objects:  36% (18/50)        
remote: Compressing objects:  38% (19/50)        
remote: Compressing objects:  40% (20/50)        
remote: Compressing objects:  42% (21/50)        
remote: Compressing objects:  44% (22/50)        
remote: Compressing objects:  46% (23/50)        
remote: Compressing objects:  48% (24/50)        
remote: Compressing objects:  50% (25/50)        
remote: Compressing objects:  52% (26/50)        
remote: Compressing objects:  54% (27/50)        
remote: Compressing objects:  56% (28/50)        
remote: Compressing objects:  58% (29/50)        
remote: Compressing objects:  60% (30/50)        
remote: Compressing objects:  62% (31/50)        
remote: Compressing objects:  64% (32/50)        
remote: Compressing objects:  66% (33/50)        
remote: Compressing objects:  68% (34/50)        
remote: Compressing objects:  70% (35/50)        
remote: Compressing objects:  72% (36/50)        
remote: Compressing objects:  74% (37/50)        
remote: Compressing objects:  76% (38/50)        
remote: Compressing objects:  78% (39/50)        
remote: Compressing objects:  80% (40/50)        
remote: Compressing objects:  82% (41/50)        
remote: Compressing objects:  84% (42/50)        
remote: Compressing objects:  86% (43/50)        
remote: Compressing objects:  88% (44/50)        
remote: Compressing objects:  90% (45/50)        
remote: Compressing objects:  92% (46/50)        
remote: Compressing objects:  94% (47/50)        
remote: Compressing objects:  96% (48/50)        
remote: Compressing objects:  98% (49/50)        
remote: Compressing objects: 100% (50/50)        
remote: Compressing objects: 100% (50/50), done.        
Receiving objects:   1% (1/89)
Receiving objects:   2% (2/89)
Receiving objects:   3% (3/89)
Receiving objects:   4% (4/89)
Receiving objects:   5% (5/89)
Receiving objects:   6% (6/89)
Receiving objects:   7% (7/89)
Receiving objects:   8% (8/89)
Receiving objects:  10% (9/89)
Receiving objects:  11% (10/89)
Receiving objects:  12% (11/89)
Receiving objects:  13% (12/89)
Receiving objects:  14% (13/89)
Receiving objects:  15% (14/89)
Receiving objects:  16% (15/89)
Receiving objects:  17% (16/89)
Receiving objects:  19% (17/89)
Receiving objects:  20% (18/89)
Receiving objects:  21% (19/89)
Receiving objects:  22% (20/89)
Receiving objects:  23% (21/89)
Receiving objects:  24% (22/89)
Receiving objects:  25% (23/89)
Receiving objects:  26% (24/89)
Receiving objects:  28% (25/89)
Receiving objects:  29% (26/89)
Receiving objects:  30% (27/89)
Receiving objects:  31% (28/89)
Receiving objects:  32% (29/89)
Receiving objects:  33% (30/89)
Receiving objects:  34% (31/89)
Receiving objects:  35% (32/89)
Receiving objects:  37% (33/89)
Receiving objects:  38% (34/89)
Receiving objects:  39% (35/89)
Receiving objects:  40% (36/89)
Receiving objects:  41% (37/89)
Receiving objects:  42% (38/89)
Receiving objects:  43% (39/89)
Receiving objects:  44% (40/89)
Receiving objects:  46% (41/89)
Receiving objects:  47% (42/89)
Receiving objects:  48% (43/89)
Receiving objects:  49% (44/89)
Receiving objects:  50% (45/89)
Receiving objects:  51% (46/89)
Receiving objects:  52% (47/89)
Receiving objects:  53% (48/89)
Receiving objects:  55% (49/89)
Receiving objects:  56% (50/89)
Receiving objects:  57% (51/89)
Receiving objects:  58% (52/89)
Receiving objects:  59% (53/89)
Receiving objects:  60% (54/89)
Receiving objects:  61% (55/89)
Receiving objects:  62% (56/89)
Receiving objects:  64% (57/89)
Receiving objects:  65% (58/89)
Receiving objects:  66% (59/89)
Receiving objects:  67% (60/89)
Receiving objects:  68% (61/89)
Receiving objects:  69% (62/89)
Receiving objects:  70% (63/89)
Receiving objects:  71% (64/89)
Receiving objects:  73% (65/89)
remote: Total 89 (delta 43), reused 80 (delta 37), pack-reused 0        
Receiving objects:  74% (66/89)
Receiving objects:  75% (67/89)
Receiving objects:  76% (68/89)
Receiving objects:  77% (69/89)
Receiving objects:  78% (70/89)
Receiving objects:  79% (71/89)
Receiving objects:  80% (72/89)
Receiving objects:  82% (73/89)
Receiving objects:  83% (74/89)
Receiving objects:  84% (75/89)
Receiving objects:  85% (76/89)
Receiving objects:  86% (77/89)
Receiving objects:  87% (78/89)
Receiving objects:  88% (79/89)
Receiving objects:  89% (80/89)
Receiving objects:  91% (81/89)
Receiving objects:  92% (82/89)
Receiving objects:  93% (83/89)
Receiving objects:  94% (84/89)
Receiving objects:  95% (85/89)
Receiving objects:  96% (86/89)
Receiving objects:  97% (87/89)
Receiving objects:  98% (88/89)
Receiving objects: 100% (89/89)
Receiving objects: 100% (89/89), 12.51 KiB | 711.00 KiB/s, done.
Resolving deltas:   0% (0/43)
Resolving deltas:   2% (1/43)
Resolving deltas:   4% (2/43)
Resolving deltas:   6% (3/43)
Resolving deltas:   9% (4/43)
Resolving deltas:  11% (5/43)
Resolving deltas:  13% (6/43)
Resolving deltas:  16% (7/43)
Resolving deltas:  18% (8/43)
Resolving deltas:  20% (9/43)
Resolving deltas:  23% (10/43)
Resolving deltas:  25% (11/43)
Resolving deltas:  27% (12/43)
Resolving deltas:  30% (13/43)
Resolving deltas:  32% (14/43)
Resolving deltas:  34% (15/43)
Resolving deltas:  37% (16/43)
Resolving deltas:  39% (17/43)
Resolving deltas:  41% (18/43)
Resolving deltas:  44% (19/43)
Resolving deltas:  46% (20/43)
Resolving deltas:  48% (21/43)
Resolving deltas:  51% (22/43)
Resolving deltas:  53% (23/43)
Resolving deltas:  55% (24/43)
Resolving deltas:  58% (25/43)
Resolving deltas:  60% (26/43)
Resolving deltas:  62% (27/43)
Resolving deltas:  65% (28/43)
Resolving deltas:  67% (29/43)
Resolving deltas:  69% (30/43)
Resolving deltas:  72% (31/43)
Resolving deltas:  74% (32/43)
Resolving deltas:  76% (33/43)
Resolving deltas:  79% (34/43)
Resolving deltas:  81% (35/43)
Resolving deltas:  83% (36/43)
Resolving deltas:  86% (37/43)
Resolving deltas:  88% (38/43)
Resolving deltas:  90% (39/43)
Resolving deltas:  93% (40/43)
Resolving deltas:  95% (41/43)
Resolving deltas:  97% (42/43)
Resolving deltas: 100% (43/43)
Resolving deltas: 100% (43/43), done.
Setup
   [mkdir]        object directory for project Audio_Base
   [mkdir]        library directory for project Audio_Base
Compile
   [Ada]          audio-riff.ads
   [Ada]          audio.ads
Build Libraries
   [gprlib]       Audio_Base.lexch
   [archive]      libAudio_Base.a
   [index]        libAudio_Base.a

audio_base=1.0.0 successfully retrieved and built.
There are no dependencies.
