Test ran at 2024-03-14 13:06:27.460118+00:00

SOLUTION:
mage_hat=0.3.0: A hat that jumps around and behaves magically
Origin: commit 255dc3724001a82c1b8f619f971663a8b67e5def from https://gitlab.com/leogermond/mage_hat.git
Properties:
   Author: Léo Germond
   Description: A hat that jumps around and behaves magically
   Executable: mage_hat
   License: Apache-2.0
   Maintainer: Léo Germond <germond@adacore.com>
   Maintainers_Logins: leogermond
   Name: mage_hat
   Tag: game
   Tag: demo
   Tag: magic
   Version: 0.3.0
   Website: https://gitlab.com/leogermond/mage_hat
Dependencies (direct):
   mage~0.6.0
Dependencies (solution):
   libsdl2=2.0.20
   libsdl2_image=2.0.5
   libsdl2_mixer=2.0.4
   libsdl2_ttf=2.0.18
   mage=0.6.1
   make=4.3.0
   sdlada=2.5.20
Dependencies (graph):
   mage=0.6.1     --> sdlada=2.5.20 (^2.5.4-1)    
   mage_hat=0.3.0 --> mage=0.6.1 (~0.6.0)         
   sdlada=2.5.20  --> libsdl2=2.0.20 (^2.0.0)     
   sdlada=2.5.20  --> libsdl2_image=2.0.5 (^2.0.0)
   sdlada=2.5.20  --> libsdl2_mixer=2.0.4 (^2.0.0)
   sdlada=2.5.20  --> libsdl2_ttf=2.0.18 (^2.0.0) 
   sdlada=2.5.20  --> make=4.3.0 (*)              


LOG:
Note: Deploying mage_hat=0.3.0...
Note: Deploying libsdl2=2.0.20...
The system package 'libsdl2-dev' is about to be installed.
This action might require admin privileges and impact your system installation.
Do you want Alire to install this system package?
Using default: Yes
debconf: delaying package configuration, since apt-utils is not installed
(Reading database ... 
(Reading database ... 5%
(Reading database ... 10%
(Reading database ... 15%
(Reading database ... 20%
(Reading database ... 25%
(Reading database ... 30%
(Reading database ... 35%
(Reading database ... 40%
(Reading database ... 45%
(Reading database ... 50%
(Reading database ... 55%
(Reading database ... 60%
(Reading database ... 65%
(Reading database ... 70%
(Reading database ... 75%
(Reading database ... 80%
(Reading database ... 85%
(Reading database ... 90%
(Reading database ... 95%
(Reading database ... 100%
(Reading database ... 43654 files and directories currently installed.)
Preparing to unpack .../libudev1_249.11-0ubuntu3.12_amd64.deb ...
Unpacking libudev1:amd64 (249.11-0ubuntu3.12) over (249.11-0ubuntu3.10) ...
Setting up libudev1:amd64 (249.11-0ubuntu3.12) ...
Selecting previously unselected package libibus-1.0-5:amd64.
(Reading database ... 
(Reading database ... 5%
(Reading database ... 10%
(Reading database ... 15%
(Reading database ... 20%
(Reading database ... 25%
(Reading database ... 30%
(Reading database ... 35%
(Reading database ... 40%
(Reading database ... 45%
(Reading database ... 50%
(Reading database ... 55%
(Reading database ... 60%
(Reading database ... 65%
(Reading database ... 70%
(Reading database ... 75%
(Reading database ... 80%
(Reading database ... 85%
(Reading database ... 90%
(Reading database ... 95%
(Reading database ... 100%
(Reading database ... 43654 files and directories currently installed.)
Preparing to unpack .../00-libibus-1.0-5_1.5.26-4_amd64.deb ...
Unpacking libibus-1.0-5:amd64 (1.5.26-4) ...
Selecting previously unselected package gir1.2-ibus-1.0:amd64.
Preparing to unpack .../01-gir1.2-ibus-1.0_1.5.26-4_amd64.deb ...
Unpacking gir1.2-ibus-1.0:amd64 (1.5.26-4) ...
Selecting previously unselected package libasound2-dev:amd64.
Preparing to unpack .../02-libasound2-dev_1.2.6.1-1ubuntu1_amd64.deb ...
Unpacking libasound2-dev:amd64 (1.2.6.1-1ubuntu1) ...
Selecting previously unselected package libdecor-0-0:amd64.
Preparing to unpack .../03-libdecor-0-0_0.1.0-3build1_amd64.deb ...
Unpacking libdecor-0-0:amd64 (0.1.0-3build1) ...
Selecting previously unselected package libdecor-0-dev:amd64.
Preparing to unpack .../04-libdecor-0-dev_0.1.0-3build1_amd64.deb ...
Unpacking libdecor-0-dev:amd64 (0.1.0-3build1) ...
Selecting previously unselected package libdecor-0-plugin-1-cairo:amd64.
Preparing to unpack .../05-libdecor-0-plugin-1-cairo_0.1.0-3build1_amd64.deb ...
Unpacking libdecor-0-plugin-1-cairo:amd64 (0.1.0-3build1) ...
Selecting previously unselected package libpciaccess-dev:amd64.
Preparing to unpack .../06-libpciaccess-dev_0.16-3_amd64.deb ...
Unpacking libpciaccess-dev:amd64 (0.16-3) ...
Selecting previously unselected package libdrm-dev:amd64.
Preparing to unpack .../07-libdrm-dev_2.4.113-2~ubuntu0.22.04.1_amd64.deb ...
Unpacking libdrm-dev:amd64 (2.4.113-2~ubuntu0.22.04.1) ...
Selecting previously unselected package libgbm-dev:amd64.
Preparing to unpack .../08-libgbm-dev_23.2.1-1ubuntu3.1~22.04.2_amd64.deb ...
Unpacking libgbm-dev:amd64 (23.2.1-1ubuntu3.1~22.04.2) ...
Selecting previously unselected package libibus-1.0-dev:amd64.
Preparing to unpack .../09-libibus-1.0-dev_1.5.26-4_amd64.deb ...
Unpacking libibus-1.0-dev:amd64 (1.5.26-4) ...
Selecting previously unselected package libpulse-mainloop-glib0:amd64.
Preparing to unpack .../10-libpulse-mainloop-glib0_1%3a15.99.1+dfsg1-1ubuntu2.1_amd64.deb ...
Unpacking libpulse-mainloop-glib0:amd64 (1:15.99.1+dfsg1-1ubuntu2.1) ...
Selecting previously unselected package libpulse-dev:amd64.
Preparing to unpack .../11-libpulse-dev_1%3a15.99.1+dfsg1-1ubuntu2.1_amd64.deb ...
Unpacking libpulse-dev:amd64 (1:15.99.1+dfsg1-1ubuntu2.1) ...
Selecting previously unselected package libxss1:amd64.
Preparing to unpack .../12-libxss1_1%3a1.2.3-1build2_amd64.deb ...
Unpacking libxss1:amd64 (1:1.2.3-1build2) ...
Selecting previously unselected package libsdl2-2.0-0:amd64.
Preparing to unpack .../13-libsdl2-2.0-0_2.0.20+dfsg-2ubuntu1.22.04.1_amd64.deb ...
Unpacking libsdl2-2.0-0:amd64 (2.0.20+dfsg-2ubuntu1.22.04.1) ...
Selecting previously unselected package libsndio-dev:amd64.
Preparing to unpack .../14-libsndio-dev_1.8.1-1.1_amd64.deb ...
Unpacking libsndio-dev:amd64 (1.8.1-1.1) ...
Selecting previously unselected package libudev-dev:amd64.
Preparing to unpack .../15-libudev-dev_249.11-0ubuntu3.12_amd64.deb ...
Unpacking libudev-dev:amd64 (249.11-0ubuntu3.12) ...
Selecting previously unselected package libxss-dev:amd64.
Preparing to unpack .../16-libxss-dev_1%3a1.2.3-1build2_amd64.deb ...
Unpacking libxss-dev:amd64 (1:1.2.3-1build2) ...
Selecting previously unselected package libxt6:amd64.
Preparing to unpack .../17-libxt6_1%3a1.2.1-1_amd64.deb ...
Unpacking libxt6:amd64 (1:1.2.1-1) ...
Selecting previously unselected package libxt-dev:amd64.
Preparing to unpack .../18-libxt-dev_1%3a1.2.1-1_amd64.deb ...
Unpacking libxt-dev:amd64 (1:1.2.1-1) ...
Selecting previously unselected package libxv1:amd64.
Preparing to unpack .../19-libxv1_2%3a1.0.11-1build2_amd64.deb ...
Unpacking libxv1:amd64 (2:1.0.11-1build2) ...
Selecting previously unselected package libxv-dev:amd64.
Preparing to unpack .../20-libxv-dev_2%3a1.0.11-1build2_amd64.deb ...
Unpacking libxv-dev:amd64 (2:1.0.11-1build2) ...
Selecting previously unselected package libxxf86vm-dev:amd64.
Preparing to unpack .../21-libxxf86vm-dev_1%3a1.1.4-1build3_amd64.deb ...
Unpacking libxxf86vm-dev:amd64 (1:1.1.4-1build3) ...
Selecting previously unselected package libsdl2-dev:amd64.
Preparing to unpack .../22-libsdl2-dev_2.0.20+dfsg-2ubuntu1.22.04.1_amd64.deb ...
Unpacking libsdl2-dev:amd64 (2.0.20+dfsg-2ubuntu1.22.04.1) ...
Setting up libsndio-dev:amd64 (1.8.1-1.1) ...
Setting up libpciaccess-dev:amd64 (0.16-3) ...
Setting up libxxf86vm-dev:amd64 (1:1.1.4-1build3) ...
Setting up libibus-1.0-5:amd64 (1.5.26-4) ...
Setting up libgbm-dev:amd64 (23.2.1-1ubuntu3.1~22.04.2) ...
Setting up libpulse-mainloop-glib0:amd64 (1:15.99.1+dfsg1-1ubuntu2.1) ...
Setting up libxv1:amd64 (2:1.0.11-1build2) ...
Setting up libudev-dev:amd64 (249.11-0ubuntu3.12) ...
Setting up libxt6:amd64 (1:1.2.1-1) ...
Setting up libpulse-dev:amd64 (1:15.99.1+dfsg1-1ubuntu2.1) ...
Setting up libdecor-0-0:amd64 (0.1.0-3build1) ...
Setting up libxss1:amd64 (1:1.2.3-1build2) ...
Setting up libasound2-dev:amd64 (1.2.6.1-1ubuntu1) ...
Setting up libsdl2-2.0-0:amd64 (2.0.20+dfsg-2ubuntu1.22.04.1) ...
Setting up gir1.2-ibus-1.0:amd64 (1.5.26-4) ...
Setting up libdrm-dev:amd64 (2.4.113-2~ubuntu0.22.04.1) ...
Setting up libxss-dev:amd64 (1:1.2.3-1build2) ...
Setting up libibus-1.0-dev:amd64 (1.5.26-4) ...
Setting up libdecor-0-dev:amd64 (0.1.0-3build1) ...
Setting up libxv-dev:amd64 (2:1.0.11-1build2) ...
Setting up libxt-dev:amd64 (1:1.2.1-1) ...
Setting up libdecor-0-plugin-1-cairo:amd64 (0.1.0-3build1) ...
Setting up libsdl2-dev:amd64 (2.0.20+dfsg-2ubuntu1.22.04.1) ...
Processing triggers for libc-bin (2.35-0ubuntu3.3) ...
Note: Deploying libsdl2_image=2.0.5...
The system package 'libsdl2-image-dev' is about to be installed.
This action might require admin privileges and impact your system installation.
Do you want Alire to install this system package?
Using default: Yes
debconf: delaying package configuration, since apt-utils is not installed
Selecting previously unselected package libsdl2-image-2.0-0:amd64.
(Reading database ... 
(Reading database ... 5%
(Reading database ... 10%
(Reading database ... 15%
(Reading database ... 20%
(Reading database ... 25%
(Reading database ... 30%
(Reading database ... 35%
(Reading database ... 40%
(Reading database ... 45%
(Reading database ... 50%
(Reading database ... 55%
(Reading database ... 60%
(Reading database ... 65%
(Reading database ... 70%
(Reading database ... 75%
(Reading database ... 80%
(Reading database ... 85%
(Reading database ... 90%
(Reading database ... 95%
(Reading database ... 100%
(Reading database ... 44674 files and directories currently installed.)
Preparing to unpack .../libsdl2-image-2.0-0_2.0.5+dfsg1-3build1_amd64.deb ...
Unpacking libsdl2-image-2.0-0:amd64 (2.0.5+dfsg1-3build1) ...
Selecting previously unselected package libsdl2-image-dev:amd64.
Preparing to unpack .../libsdl2-image-dev_2.0.5+dfsg1-3build1_amd64.deb ...
Unpacking libsdl2-image-dev:amd64 (2.0.5+dfsg1-3build1) ...
Setting up libsdl2-image-2.0-0:amd64 (2.0.5+dfsg1-3build1) ...
Setting up libsdl2-image-dev:amd64 (2.0.5+dfsg1-3build1) ...
Processing triggers for libc-bin (2.35-0ubuntu3.3) ...
Note: Deploying libsdl2_mixer=2.0.4...
The system package 'libsdl2-mixer-dev' is about to be installed.
This action might require admin privileges and impact your system installation.
Do you want Alire to install this system package?
Using default: Yes
debconf: delaying package configuration, since apt-utils is not installed
Selecting previously unselected package libinstpatch-1.0-2:amd64.
(Reading database ... 
(Reading database ... 5%
(Reading database ... 10%
(Reading database ... 15%
(Reading database ... 20%
(Reading database ... 25%
(Reading database ... 30%
(Reading database ... 35%
(Reading database ... 40%
(Reading database ... 45%
(Reading database ... 50%
(Reading database ... 55%
(Reading database ... 60%
(Reading database ... 65%
(Reading database ... 70%
(Reading database ... 75%
(Reading database ... 80%
(Reading database ... 85%
(Reading database ... 90%
(Reading database ... 95%
(Reading database ... 100%
(Reading database ... 44690 files and directories currently installed.)
Preparing to unpack .../0-libinstpatch-1.0-2_1.1.6-1_amd64.deb ...
Unpacking libinstpatch-1.0-2:amd64 (1.1.6-1) ...
Selecting previously unselected package libsamplerate0:amd64.
Preparing to unpack .../1-libsamplerate0_0.2.2-1build1_amd64.deb ...
Unpacking libsamplerate0:amd64 (0.2.2-1build1) ...
Selecting previously unselected package libjack-jackd2-0:amd64.
Preparing to unpack .../2-libjack-jackd2-0_1.9.20~dfsg-1_amd64.deb ...
Unpacking libjack-jackd2-0:amd64 (1.9.20~dfsg-1) ...
Selecting previously unselected package timgm6mb-soundfont.
Preparing to unpack .../3-timgm6mb-soundfont_1.3-5_all.deb ...
Unpacking timgm6mb-soundfont (1.3-5) ...
Selecting previously unselected package libfluidsynth3:amd64.
Preparing to unpack .../4-libfluidsynth3_2.2.5-1_amd64.deb ...
Unpacking libfluidsynth3:amd64 (2.2.5-1) ...
Selecting previously unselected package libmodplug1:amd64.
Preparing to unpack .../5-libmodplug1_1%3a0.8.9.0-3_amd64.deb ...
Unpacking libmodplug1:amd64 (1:0.8.9.0-3) ...
Selecting previously unselected package libmpg123-0:amd64.
Preparing to unpack .../6-libmpg123-0_1.29.3-1build1_amd64.deb ...
Unpacking libmpg123-0:amd64 (1.29.3-1build1) ...
Selecting previously unselected package libopusfile0.
Preparing to unpack .../7-libopusfile0_0.9+20170913-1.1build1_amd64.deb ...
Unpacking libopusfile0 (0.9+20170913-1.1build1) ...
Selecting previously unselected package libsdl2-mixer-2.0-0:amd64.
Preparing to unpack .../8-libsdl2-mixer-2.0-0_2.0.4+dfsg1-4build1_amd64.deb ...
Unpacking libsdl2-mixer-2.0-0:amd64 (2.0.4+dfsg1-4build1) ...
Selecting previously unselected package libsdl2-mixer-dev:amd64.
Preparing to unpack .../9-libsdl2-mixer-dev_2.0.4+dfsg1-4build1_amd64.deb ...
Unpacking libsdl2-mixer-dev:amd64 (2.0.4+dfsg1-4build1) ...
Setting up libmodplug1:amd64 (1:0.8.9.0-3) ...
Setting up libmpg123-0:amd64 (1.29.3-1build1) ...
Setting up libsamplerate0:amd64 (0.2.2-1build1) ...
Setting up timgm6mb-soundfont (1.3-5) ...
update-alternatives: using /usr/share/sounds/sf2/TimGM6mb.sf2 to provide /usr/share/sounds/sf2/default-GM.sf2 (default-GM.sf2) in auto mode
update-alternatives: using /usr/share/sounds/sf2/TimGM6mb.sf2 to provide /usr/share/sounds/sf3/default-GM.sf3 (default-GM.sf3) in auto mode
Setting up libopusfile0 (0.9+20170913-1.1build1) ...
Setting up libinstpatch-1.0-2:amd64 (1.1.6-1) ...
Setting up libjack-jackd2-0:amd64 (1.9.20~dfsg-1) ...
Setting up libfluidsynth3:amd64 (2.2.5-1) ...
Setting up libsdl2-mixer-2.0-0:amd64 (2.0.4+dfsg1-4build1) ...
Setting up libsdl2-mixer-dev:amd64 (2.0.4+dfsg1-4build1) ...
Processing triggers for libc-bin (2.35-0ubuntu3.3) ...
Note: Deploying libsdl2_ttf=2.0.18...
The system package 'libsdl2-ttf-dev' is about to be installed.
This action might require admin privileges and impact your system installation.
Do you want Alire to install this system package?
Using default: Yes
debconf: delaying package configuration, since apt-utils is not installed
Selecting previously unselected package libsdl2-ttf-2.0-0:amd64.
(Reading database ... 
(Reading database ... 5%
(Reading database ... 10%
(Reading database ... 15%
(Reading database ... 20%
(Reading database ... 25%
(Reading database ... 30%
(Reading database ... 35%
(Reading database ... 40%
(Reading database ... 45%
(Reading database ... 50%
(Reading database ... 55%
(Reading database ... 60%
(Reading database ... 65%
(Reading database ... 70%
(Reading database ... 75%
(Reading database ... 80%
(Reading database ... 85%
(Reading database ... 90%
(Reading database ... 95%
(Reading database ... 100%
(Reading database ... 44762 files and directories currently installed.)
Preparing to unpack .../libsdl2-ttf-2.0-0_2.0.18+dfsg-2_amd64.deb ...
Unpacking libsdl2-ttf-2.0-0:amd64 (2.0.18+dfsg-2) ...
Selecting previously unselected package libsdl2-ttf-dev:amd64.
Preparing to unpack .../libsdl2-ttf-dev_2.0.18+dfsg-2_amd64.deb ...
Unpacking libsdl2-ttf-dev:amd64 (2.0.18+dfsg-2) ...
Setting up libsdl2-ttf-2.0-0:amd64 (2.0.18+dfsg-2) ...
Setting up libsdl2-ttf-dev:amd64 (2.0.18+dfsg-2) ...
Processing triggers for libc-bin (2.35-0ubuntu3.3) ...
Note: Deploying make=4.3.0...
Note: Deploying sdlada=2.5.20...
Note: Deploying mage=0.6.1...
Note: Running pre_build actions for sdlada=2.5.20...
make: Entering directory '/home/runner/work/alire-crates-ci/alire-crates-ci/test/d93ecf0e-c2db-46d5-933d-ab4193413c30/mage_hat_0.3.0_255dc372/alire/cache/dependencies/sdlada_2.5.20_cd53c280/build/gnat'
mkdir -p gen/src/
gprbuild -p -gnat2012 -XSDL_MODE=debug -XSDL_PLATFORM=linux \
	-Ptools.gpr
Setup
   [mkdir]        object directory for project Tools
Compile
   [Ada]          gen_keyboard.adb
   [Ada]          scancodes.ads
   [Ada]          utils.adb
Bind
   [gprbind]      gen_keyboard.bexch
   [Ada]          gen_keyboard.ali
Link
   [link]         gen_keyboard.adb
./gen/debug/tools/gen_keyboard > gen/src/sdl-events-keyboards.ads
make: Leaving directory '/home/runner/work/alire-crates-ci/alire-crates-ci/test/d93ecf0e-c2db-46d5-933d-ab4193413c30/mage_hat_0.3.0_255dc372/alire/cache/dependencies/sdlada_2.5.20_cd53c280/build/gnat'
Note: Building mage_hat/mage_hat.gpr...
Setup
   [mkdir]        object directory for project SDLAda
   [mkdir]        object directory for project Mage
   [mkdir]        library directory for project Mage
   [mkdir]        object directory for project Mage_Hat
   [mkdir]        exec directory for project Mage_Hat
Compile
   [Ada]          mage_hat.adb
   [C]            version_ttf.c
   [C]            version_images.c
   [C]            version.c
   [Ada]          sdl-ttfs.adb
   [Ada]          sdl-ttfs-makers.adb
   [Ada]          sdl-ttfs-versions.adb
   [Ada]          sdl-images-io.adb
   [Ada]          sdl-images-versions.adb
   [Ada]          sdl-images.adb
   [Ada]          sdl-video-surfaces-makers.adb
   [Ada]          sdl-video-windows-makers.adb
   [Ada]          sdl-video-palettes.adb
   [Ada]          sdl-video-renderers.adb
   [Ada]          sdl-video-renderers-makers.adb
   [Ada]          sdl-video-gl.adb
   [Ada]          sdl-video-textures-makers.adb
   [Ada]          sdl-video.adb
   [Ada]          sdl-video-textures.adb
   [Ada]          sdl-video-windows.adb
   [Ada]          sdl-video-rectangles.adb
   [Ada]          sdl-video-pixel_formats.adb
   [Ada]          sdl-video-windows-manager.adb
   [Ada]          sdl-video-pixels.ads
   [Ada]          sdl-video-displays.adb
   [Ada]          sdl-video-surfaces.adb
   [Ada]          sdl-rwops-streams.adb
   [Ada]          sdl-rwops.adb
   [Ada]          sdl-inputs.ads
   [Ada]          sdl-inputs-joysticks-game_controllers-makers.adb
   [Ada]          sdl-inputs-keyboards.adb
   [Ada]          sdl-inputs-joysticks.adb
   [Ada]          sdl-inputs-mice.adb
   [Ada]          sdl-inputs-joysticks-makers.adb
   [Ada]          sdl-inputs-joysticks-game_controllers.adb
   [Ada]          sdl-inputs-mice-cursors.adb
   [Ada]          sdl-events-mice.ads
   [Ada]          sdl-events-events.adb
   [Ada]          sdl-events.ads
   [Ada]          sdl-events-touches.ads
   [Ada]          sdl-events-keyboards.adb
   [Ada]          sdl-events-files.ads
   [Ada]          sdl-events-joysticks-game_controllers.adb
   [Ada]          sdl-events-controllers.ads
   [Ada]          sdl-events-windows.ads
   [Ada]          sdl-events-joysticks.adb
   [Ada]          sdl-audio-devices.adb
   [Ada]          sdl-audio.adb
   [Ada]          sdl-audio-sample_formats.ads
   [Ada]          sdl-error.adb
   [Ada]          sdl-power.adb
   [Ada]          sdl.adb
   [Ada]          sdl-log.adb
   [Ada]          sdl-cpus.adb
   [Ada]          sdl-platform.adb
   [Ada]          sdl-c_pointers.ads
   [Ada]          sdl-clipboard.adb
   [Ada]          sdl-libraries.adb
   [Ada]          sdl-versions.adb
   [Ada]          sdl-hints.adb
   [Ada]          sdl-timers.ads
   [Ada]          mage_config.ads
   [Ada]          mage.adb
   [Ada]          mage-event.adb
   [Ada]          mage-log.adb
   [Ada]          mage-apps-simple_loop.adb
   [Ada]          mage-model.ads
   [Ada]          mage-apps.ads
   [Ada]          mage-input.adb
   [Ada]          mage-draw.adb
   [Ada]          mage_config-hardware.No.ads
Build Libraries
   [gprlib]       sdlada.lexch
   [gprlib]       Mage.lexch
   [archive]      libsdlada.a
   [index]        libsdlada.a
   [archive]      libMage.a
   [index]        libMage.a
Bind
   [gprbind]      mage_hat.bexch
   [Ada]          mage_hat.ali
Link
   [link]         mage_hat.adb
Build finished successfully in 8.27 seconds.

mage_hat=0.3.0 successfully retrieved and built.
Dependencies were solved as follows:

   + libsdl2       2.0.20 (new,indirect)
   + libsdl2_image 2.0.5  (new,indirect)
   + libsdl2_mixer 2.0.4  (new,indirect)
   + libsdl2_ttf   2.0.18 (new,indirect)
   + mage          0.6.1  (new)         
   + make          4.3.0  (new,indirect)
   + sdlada        2.5.20 (new,indirect)
Found declared GPR file: mage_hat.gpr
