Test ran at 2023-11-11 02:58:46.756921+00:00

SOLUTION:
gid=10.0.0: Decoding a broad variety of image formats
Origin: source archive gid_010.zip at https://sourceforge.net/projects/gen-img-dec/files/gid_010.zip with hash sha512:ea4b473fc5020e8cd2248aa02e65a5d9d606994392130d5bd024e93e6c1de402e9a54f59adf0dbfa9c80163f1b61f300e3dce7d7e5544006073646e3c5dc00c3
Properties:
   Author: Gautier de Montmollin
   Description: Decoding a broad variety of image formats
   Executable: to_bmp
   GPR Scenario: GID_Build_Mode := Debug | Fast_but_checked | Fast | Small | Smallest | Profiling
   License: MIT
   Maintainer: fabien.chouteau@gmail.com
   Maintainers_Logins: zertovitch
   Maintainers_Logins: Fabien-Chouteau
   Name: gid
   Project_File: gid.gpr
   Tag: image
   Tag: decoder
   Tag: bmp
   Tag: gif
   Tag: jpeg
   Tag: jpg
   Tag: pbm
   Tag: pgm
   Tag: png
   Tag: pnm
   Tag: ppm
   Tag: qoi
   Tag: tga
   Tag: targa
   Version: 10.0.0
   Website: https://gen-img-dec.sourceforge.io/


LOG:
Note: Deploying gid=10.0.0...

######################################################################## 100.0%
stderr: Generating Outcome_Failure with message: release integrity test failed: expected [sha512:ea4b473fc5020e8cd2248aa02e65a5d9d606994392130d5bd024e93e6c1de402e9a54f59adf0dbfa9c80163f1b61f300e3dce7d7e5544006073646e3c5dc00c3] but got [sha512:a8eebf86914595e2589c399062b4d91f64af8218fca48770264d7c426bc28bab462f8e3c673d24a5d818253019f38e41eff59efa331499f8a82cb06269c9ffca]
stderr: Generating Outcome_Failure with call stack:
stderr: raised AAA.DEBUG.STACK_TRACE.DEBUG_EXCEPTION : aaa-debug.adb:44
[/usr/bin/alr]
0xea121b aaa__debug__stack_trace at ???
0xd798cb Alire.Outcome_Failure at alire.adb:193
0x990017 Alire.Origins.Deployers.Verify_Hashes at alire-origins-deployers.adb:210
0x98d107 Alire.Origins.Deployers.Deploy_Steps at alire-origins-deployers.adb:117
0x98e678 Alire.Origins.Deployers.Deploy at alire-origins-deployers.adb:161
0xb93507 Alire.Releases.Deploy at alire-releases.adb:310
0xbc4361 Alire.Roots.Create_For_Release at alire-roots.adb:285
0x4aff6f Alr.Commands.Get.Retrieve at alr-commands-get.adb:133
0x4b4e77 Alr.Commands.Get.Execute at alr-commands-get.adb:348
0x53bb7e Alr.Commands.Sub_Cmd.Execute at clic-subcommand-instance.adb:742
0x54756f Alr.Commands.Execute at alr-commands.adb:492
0x43cb1a Alr.Main at alr-main.adb:10
0x43f3e7 Main at b__alr-main.adb:2132
[/lib/x86_64-linux-gnu/libc.so.6]
0x7f6427fe9188
0x7f6427fe9243
[/usr/bin/alr]
0x43c9f8 _start at ???
0xfffffffffffffffe

stderr: ALIRE.CHECKED_ERROR
stderr: release integrity test failed: expected [sha512:ea4b473fc5020e8cd2248aa02e65a5d9d606994392130d5bd024e93e6c1de402e9a54f59adf0dbfa9c80163f1b61f300e3dce7d7e5544006073646e3c5dc00c3] but got [sha512:a8eebf86914595e2589c399062b4d91f64af8218fca48770264d7c426bc28bab462f8e3c673d24a5d818253019f38e41eff59efa331499f8a82cb06269c9ffca]
stderr: raised ALIRE.CHECKED_ERROR : alire-stored-error:1
[/usr/bin/alr]
0xd78101 Alire.Assert at alire.adb:129
0xb93519 Alire.Releases.Deploy at alire-releases.adb:310
0xbc4361 Alire.Roots.Create_For_Release at alire-roots.adb:285
0x4aff6f Alr.Commands.Get.Retrieve at alr-commands-get.adb:133
0x4b4e77 Alr.Commands.Get.Execute at alr-commands-get.adb:348
0x53bb7e Alr.Commands.Sub_Cmd.Execute at clic-subcommand-instance.adb:742
0x54756f Alr.Commands.Execute at alr-commands.adb:492
0x43cb1a Alr.Main at alr-main.adb:10
0x43f3e7 Main at b__alr-main.adb:2132
[/lib/x86_64-linux-gnu/libc.so.6]
0x7f6427fe9188
0x7f6427fe9243
[/usr/bin/alr]
0x43c9f8 _start at ???
0xfffffffffffffffe

ERROR: release integrity test failed: expected [sha512:ea4b473fc5020e8cd2248aa02e65a5d9d606994392130d5bd024e93e6c1de402e9a54f59adf0dbfa9c80163f1b61f300e3dce7d7e5544006073646e3c5dc00c3] but got [sha512:a8eebf86914595e2589c399062b4d91f64af8218fca48770264d7c426bc28bab462f8e3c673d24a5d818253019f38e41eff59efa331499f8a82cb06269c9ffca]
