Test ran at 2022-06-19 00:34:08.495560+00:00

SOLUTION:
rsfile=1.0.0: Pick a file with probability proportional to its size
Origin: source archive v1.0.0.tar.gz at https://github.com/mosteo/rsfile/archive/v1.0.0.tar.gz with hash sha512:41a4d1bf04d1b06634d4c8b33a1b5ee2c9b9e3c6fd3570d306df16a5f960748efd819c72f7295f65c1ebe8e5b30df0366c5f292abffdee96835b95d311b68e2c
Properties:
   Author: alejandro@mosteo.com
   Description: Pick a file with probability proportional to its size
   Executable: rsfile
   License: GPL-3.0-only
   Maintainer: alejandro@mosteo.com
   Maintainers_Logins: mosteo
   Name: rsfile
   Version: 1.0.0


LOG:
Note: Deploying rsfile=1.0.0...
#=#=#                                                                         
Note: Building rsfile/rsfile.gpr...
Setup
   [mkdir]        object directory for project Rsfile
Compile
   [Ada]          rsfile.adb
Bind
   [gprbind]      rsfile.bexch
   [Ada]          rsfile.ali
Link
   [link]         rsfile.adb
ld: unknown option: --gc-sections
collect2: error: ld returned 1 exit status
gprbuild: link of rsfile.adb failed
gprbuild: failed command was: /users/runner/.config/alire/cache/dependencies/gnat_native_11.2.4_9800548d/bin/gcc rsfile.o b__rsfile.o -Wl,--gc-sections -L/Users/runner/work/alire-crates-ci/alire-crates-ci/test/a6669ca6-648f-4055-bc28-a86f97a9fd39/rsfile_1.0.0_41a4d1bf/obj/ -L/Users/runner/work/alire-crates-ci/alire-crates-ci/test/a6669ca6-648f-4055-bc28-a86f97a9fd39/rsfile_1.0.0_41a4d1bf/obj/ -L/users/runner/.config/alire/cache/dependencies/gnat_native_11.2.4_9800548d/lib/gcc/x86_64-apple-darwin19.6.0/11.2.0/adalib/ -shared-libgcc -lgnat-11 -Wl,-rpath,@executable_path/ -Wl,-rpath,@executable_path/../../../../../../..//.config/alire/cache/dependencies/gnat_native_11.2.4_9800548d/lib/gcc/x86_64-apple-darwin19.6.0/11.2.0/adalib -Wl,-rpath,@executable_path/../../../../../../..//.config/alire/cache/dependencies/gnat_native_11.2.4_9800548d/lib -o rsfile
stderr: Command ["gprbuild", "-s", "-j0", "-p", "-P", "/Users/runner/work/alire-crates-ci/alire-crates-ci/test/a6669ca6-648f-4055-bc28-a86f97a9fd39/rsfile_1.0.0_41a4d1bf/rsfile.gpr"] exited with code 4
ERROR: Command ["gprbuild", "-s", "-j0", "-p", "-P", "/Users/runner/work/alire-crates-ci/alire-crates-ci/test/a6669ca6-648f-4055-bc28-a86f97a9fd39/rsfile_1.0.0_41a4d1bf/rsfile.gpr"] exited with code 4
stderr: ALIRE.CHECKED_ERROR
stderr: Command ["gprbuild", "-s", "-j0", "-p", "-P", "/Users/runner/work/alire-crates-ci/alire-crates-ci/test/a6669ca6-648f-4055-bc28-a86f97a9fd39/rsfile_1.0.0_41a4d1bf/rsfile.gpr"] exited with code 4
stderr: raised ALIRE.CHECKED_ERROR : alire-stored-error:1
Load address: 0x104ea0000
Call stack traceback locations:
0x1057a812d 0x10547d867 0x1056900d9 0x105690861 0x1055f0dc7 0x1055ef29d 0x10560bb77 0x1056580a9 0x105656b02 0x10560bcbc 0x1055ef64d 0x104f02f01 0x104f13ab8 0x104f1855c 0x104f9e59c 0x104fa98f8 0x104ea4b45 0x104ea7e54


Warning: rsfile=1.0.0 successfully retrieved but its build failed.
There are no dependencies.
ERROR: Build ended with errors
