Test ran at 2024-03-20 12:28:48.902142+00:00

SOLUTION:
pygamer_bsp=1.0.0: Board Support Package for the AdaFruit PyGamer
Origin: commit 43d69885051ae88b57ba6a64b8ff7fc63eaad67d from https://github.com/Fabien-Chouteau/pygamer-bsp.git
Properties:
   Description: Board Support Package for the AdaFruit PyGamer
   License: BSD-3-Clause
   Maintainer: fabien.chouteau@gmail.com
   Maintainers_Logins: Fabien-Chouteau
   Name: pygamer_bsp
   Project_File: pygamer_bsp.gpr
   Tag: embedded
   Tag: nostd
   Tag: pygamer
   Tag: adafruit
   Tag: game
   Tag: console
   Tag: bsp
   Version: 1.0.0
Dependencies (direct):
   cortex_m~0.1.0
   samd51_hal~0.1.0
Dependencies (solution):
   cortex_m=0.1.0
   hal=0.3.0
   samd51_hal=0.1.0
Dependencies (graph):
   cortex_m=0.1.0    --> hal=0.3.0 (^0.1.0)       
   pygamer_bsp=1.0.0 --> cortex_m=0.1.0 (~0.1.0)  
   pygamer_bsp=1.0.0 --> samd51_hal=0.1.0 (~0.1.0)
   samd51_hal=0.1.0  --> cortex_m=0.1.0 (^0.1.0)  
   samd51_hal=0.1.0  --> hal=0.3.0 (^0.1.0)       


LOG:
Note: Deploying pygamer_bsp=1.0.0...
Note: Deploying hal=0.3.0...
Note: Deploying cortex_m=0.1.0...
#=#=#                                                                          
##O#-#                                                                         

###########                                                               15.4%
######################################################################## 100.0%
Note: Deploying samd51_hal=0.1.0...
#=#=#                                                                          
##O#-#                                                                         

######                                                                     8.8%
######################################################################## 100.0%
Note: Building pygamer_bsp/pygamer_bsp.gpr...
gprconfig: can't find a toolchain for the following configuration:
gprconfig: language 'ada', target 'arm-eabi', runtime 'zfp-cortex-m4f'
Setup
   [mkdir]        object directory for project HAL
   [mkdir]        library directory for project HAL
   [mkdir]        object directory for project Cortex_M4F
   [mkdir]        object directory for project ATSAMD51J19A
   [mkdir]        object directory for project PyGamer_BSP
hal.gpr:5:24: warning: libraries are not supported on this platform
ATSAMD51J19A.gpr:4:09: no compiler for language "Ada", cannot compile "sam-device.ads"
gprbuild: *** compilation phase failed
stderr: Command ["gprbuild", "-s", "-j0", "-p", "-P", "/Users/runner/work/alire-crates-ci/alire-crates-ci/test/2e0f551b-3cc5-444f-bead-ea7b68f053c3/pygamer_bsp_1.0.0_43d69885/pygamer_bsp.gpr"] exited with code 4
ERROR: Command ["gprbuild", "-s", "-j0", "-p", "-P", "/Users/runner/work/alire-crates-ci/alire-crates-ci/test/2e0f551b-3cc5-444f-bead-ea7b68f053c3/pygamer_bsp_1.0.0_43d69885/pygamer_bsp.gpr"] exited with code 4
stderr: ALIRE.CHECKED_ERROR
stderr: Command ["gprbuild", "-s", "-j0", "-p", "-P", "/Users/runner/work/alire-crates-ci/alire-crates-ci/test/2e0f551b-3cc5-444f-bead-ea7b68f053c3/pygamer_bsp_1.0.0_43d69885/pygamer_bsp.gpr"] exited with code 4
stderr: raised ALIRE.CHECKED_ERROR : alire-stored-error:1
Load address: 0x10c033000
Call stack traceback locations:
0x10c93b415 0x10c60ee83 0x10c821df9 0x10c822581 0x10c782ac3 0x10c780f99 0x10c79d873 0x10c7e9dc1 0x10c7e881a 0x10c79d9b8 0x10c781349 0x10c0929c1 0x10c0a3578 0x10c0a801c 0x10c12e05c 0x10c1393b8 0x10c034605 0x10c037914


Warning: pygamer_bsp=1.0.0 successfully retrieved but its build failed.
Dependencies were solved as follows:

   + cortex_m   0.1.0 (new)         
   + hal        0.3.0 (new,indirect)
   + samd51_hal 0.1.0 (new)         
ERROR: Build ended with errors
