Test ran at 2024-03-12 00:30:12.099896+00:00

SOLUTION:
avrada_mcu=2.2.0: Device (MCU) specific definitions for AVR microcontrollers
Origin: commit b6f5cf0d6b9e4981ce79c6ed7f3dd28600c08dbf from https://github.com/RREE/AVRAda_MCU.git
Properties:
   Author: Rolf Ebert
   Description: Device (MCU) specific definitions for AVR microcontrollers
   License: GPL-2.0-or-later WITH GCC-exception-3.1
   Maintainer: Rolf Ebert <rolf.ebert.gcc@gmx.de>
   Maintainers_Logins: RREE
   Name: avrada_mcu
   Tag: avr
   Tag: embedded
   Tag: rts
   Version: 2.2.0
   Website: https://sourceforge.net/projects/avr-ada/
Dependencies (direct):
   avrada_rts^2.0.1
   gnat_avr_elf^11 | ^12.2
Dependencies (solution):
   avrada_rts=2.0.1
   gnat_avr_elf=12.2.1 (installed)
Dependencies (graph):
   avrada_mcu=2.2.0 --> avrada_rts=2.0.1 (^2.0.1)        
   avrada_mcu=2.2.0 --> gnat_avr_elf=12.2.1 (^11 | ^12.2)
   avrada_rts=2.0.1 --> gnat_avr_elf=12.2.1 (^11 | ^12.2)


LOG:
Note: Deploying avrada_mcu=2.2.0...
Note: Deploying gnat_avr_elf=12.2.1...
#=#=#                                                                         
##O#-#                                                                        
##O=#  #                                                                      

                                                                           0.0%
##                                                                         3.5%
####                                                                       6.4%
######                                                                     9.4%
########                                                                  12.5%
###########                                                               15.5%
#############                                                             18.6%
###############                                                           21.5%
#################                                                         24.8%
####################                                                      27.8%
######################                                                    30.8%
########################                                                  34.0%
##########################                                                37.2%
############################                                              40.2%
###############################                                           43.3%
#################################                                         46.5%
###################################                                       49.5%
#####################################                                     52.5%
########################################                                  55.7%
##########################################                                58.8%
############################################                              61.8%
##############################################                            64.5%
#################################################                         68.2%
###################################################                       71.3%
#####################################################                     74.5%
#######################################################                   77.5%
##########################################################                80.6%
############################################################              83.8%
##############################################################            86.8%
################################################################          89.8%
###################################################################       93.2%
#####################################################################     96.3%
#######################################################################   99.4%
######################################################################## 100.0%
Note: gnat_avr_elf=12.2.1 installed successfully.
Note: Deploying avrada_rts=2.0.1...
Note: Building avrada_mcu/avrada_mcu.gpr...
Setup
   [mkdir]        object directory for project AVRAda_RTS
   [mkdir]        library directory for project AVRAda_RTS
   [mkdir]        object directory for project AVRAda_MCU
   [mkdir]        library directory for project AVRAda_MCU
Compile
   [Asm_CPP]      ada_u32_img.S
   [Ada]          avrada_rts_config.ads
   [Ada]          s-bitops.adb
   [Ada]          s-parame.ads
   [Ada]          s-maccod.ads
   [Ada]          a-cgcaso.adb
   [Ada]          s-unstyp.ads
   [Ada]          a-contai.ads
   [Ada]          s-stoele.adb
   [Ada]          a-except.adb
   [Ada]          s-intimg.ads
   [Ada]          i-c.ads
   [Ada]          system.ads
   [Ada]          a-chlat9.ads
   [Ada]          s-secsta.adb
   [Ada]          g-souinf.ads
   [Ada]          machcode.ads
   [Ada]          unchdeal.ads
   [Ada]          s-gccbui.ads
   [Ada]          a-unccon.ads
   [Ada]          a-cgarso.adb
   [Ada]          gnat.ads
   [Ada]          a-charac.ads
   [Ada]          s-sssita.adb
   [Ada]          a-uncdea.ads
   [Ada]          a-caldel.ads
   [Ada]          s-stalib.ads
   [Ada]          interfac.ads
   [Ada]          s-memory.adb
   [Ada]          a-chlat1.ads
   [Ada]          ada.ads
   [Ada]          a-tags.adb
   [Ada]          s-assert.adb
   [Ada]          unchconv.ads
   [Ada]          a-calend.ads
   [Ada]          avr-atmega328p-bootloader.ads
   [Ada]          avr-atmega328p.ads
   [Ada]          avr-mcu.ads
   [Ada]          avr.adb
Build Libraries
   [gprlib]       gnat.lexch
   [gprlib]       avrada_mcu.lexch
   [archive]      libgnat.a
   [index]        libgnat.a
   [archive]      libavrada_mcu.a
   [index]        libavrada_mcu.a
Build finished successfully in 0.35 seconds.

avrada_mcu=2.2.0 successfully retrieved and built.
Dependencies were solved as follows:

   +  avrada_rts   2.0.1  (new)          
   +i gnat_avr_elf 12.2.1 (new,installed)
Found declared GPR file: avrada_mcu.gpr
