Test ran at 2024-08-15 00:43:38.980435+00:00

SOLUTION:
matreshka_amf_utp=21.0.0: The UML Testing Profile for AMF
Origin: commit ecbb733e1e66e6d9a51501d148a1733e47da2fef from https://github.com/reznikmm/matreshka-alire
Properties:
   Author: Vadim Godunko
   Description: The UML Testing Profile for AMF
   License: BSD-3-Clause
   Maintainer: Vadim Godunko <vgodunko@gmail.com>
   Maintainer: Maxim Reznik <reznikmm@gmail.com>
   Maintainers_Logins: godunko
   Maintainers_Logins: reznikmm
   Name: matreshka_amf_utp
   Project_File: build_matreshka_amf_utp.gpr
   Tag: uml
   Tag: meta
   Tag: diagram
   Tag: testing
   Version: 21.0.0
   Website: https://github.com/godunko/matreshka
Dependencies (direct):
   matreshka_amf_uml21.0.0
   matreshka_league21.0.0
Dependencies (solution):
   gnat=10.3.2 (gnat_native) (installed)
   make=3.81.0
   matreshka_amf=21.0.0
   matreshka_amf_dd=21.0.0
   matreshka_amf_uml=21.0.0
   matreshka_league=21.0.0
   matreshka_xml=21.0.0
Dependencies (graph):
   matreshka_amf=21.0.0     --> matreshka_league=21.0.0 (21.0.0) 
   matreshka_amf=21.0.0     --> matreshka_xml=21.0.0 (21.0.0)    
   matreshka_amf_dd=21.0.0  --> matreshka_amf=21.0.0 (21.0.0)    
   matreshka_amf_dd=21.0.0  --> matreshka_league=21.0.0 (21.0.0) 
   matreshka_amf_uml=21.0.0 --> matreshka_amf_dd=21.0.0 (21.0.0) 
   matreshka_amf_uml=21.0.0 --> matreshka_league=21.0.0 (21.0.0) 
   matreshka_amf_utp=21.0.0 --> matreshka_amf_uml=21.0.0 (21.0.0)
   matreshka_amf_utp=21.0.0 --> matreshka_league=21.0.0 (21.0.0) 
   matreshka_league=21.0.0  --> gnat=10.3.2 (gnat_native) (<2000)
   matreshka_league=21.0.0  --> make=3.81.0 (*)                  
   matreshka_xml=21.0.0     --> matreshka_league=21.0.0 (21.0.0) 


LOG:
Note: Deploying matreshka_amf_utp=21.0.0...
Note: Deploying make=3.81.0...
Note: Deploying matreshka_league=21.0.0...
#=#=#                                                                          
##O#-#                                                                         

#######                                                                    9.9%
########################                                                  34.1%
#########################################                                 57.1%
#############################################################             85.1%
######################################################################## 100.0%
Note: Running post_fetch actions for matreshka_league=21.0.0...
gnatmake -p -j0  -Pgnat/tools_configure.gpr
Setup
   [mkdir]        object directory for project Tools_Configure
Compile
   [Ada]          configure-driver.adb
   [Ada]          configure.adb
   [Ada]          configure-architecture.adb
   [Ada]          configure-instantiate.adb
   [Ada]          configure-internals.adb
   [Ada]          configure-rtl_version.adb
   [Ada]          configure-tests.ads
   [Ada]          configure-tests-asis.adb
   [Ada]          configure-tests-aws.adb
   [Ada]          configure-tests-firebird.adb
   [Ada]          configure-tests-gprbuild.adb
   [Ada]          configure-tests-install.adb
   [Ada]          configure-tests-installation_directories.adb
   [Ada]          configure-tests-modules.ads
   [Ada]          configure-tests-modules-amf.adb
   [Ada]          configure-tests-mysql.adb
   [Ada]          configure-tests-oci.adb
   [Ada]          configure-tests-operating_system.adb
   [Ada]          configure-tests-postgresql.adb
   [Ada]          configure-tests-sqlite3.adb
   [Ada]          configure-tests-valgrind.adb
   [Ada]          configure-version.adb
   [Ada]          configure-builder.adb
   [Ada]          configure-abstract_tests.adb
   [Ada]          configure-pkg_config.adb
   [Ada]          configure-component_switches.adb
Bind
   [gprbind]      configure-driver.bexch
   [Ada]          configure-driver.ali
Link
   [link]         configure-driver.adb
-macosx_version_min has been renamed to -macos_version_min
ld: warning: ignoring duplicate libraries: '-lSystem'
ld: warning: Support for dylib stub (MH_DYLIB_STUB) file '/Users/runner/.config/alire/cache/dependencies/gnat_native_10.3.2_e112fd3f/lib/libgcc_ext.10.5.dylib' is deprecated, text-based stubs should be used instead (with `GENERATE_TEXT_BASED_STUBS` build setting, or `tapi` tool)
ld: malformed mach-o missing relocations, LC_DYLD_INFO, or LC_DYLD_CHAINED_FIXUPS in '/Users/runner/.config/alire/cache/dependencies/gnat_native_10.3.2_e112fd3f/lib/libgcc_ext.10.5.dylib'
collect2: error: ld returned 1 exit status
gprbuild: link of configure-driver.adb failed
gprbuild: failed command was: /users/runner/.config/alire/cache/dependencies/gnat_native_10.3.2_e112fd3f/bin/gcc configure-driver.o b__configure-driver.o /Users/runner/work/alire-crates-ci/alire-crates-ci/test/388beadf-9c22-47a2-be84-fe889aa87fe2/matreshka_amf_utp_21.0.0_ecbb733e/alire/cache/dependencies/matreshka_league_21.0.0_0c8f4d47/.objs/configure/configure.o /Users/runner/work/alire-crates-ci/alire-crates-ci/test/388beadf-9c22-47a2-be84-fe889aa87fe2/matreshka_amf_utp_21.0.0_ecbb733e/alire/cache/dependencies/matreshka_league_21.0.0_0c8f4d47/.objs/configure/configure-component_switches.o /Users/runner/work/alire-crates-ci/alire-crates-ci/test/388beadf-9c22-47a2-be84-fe889aa87fe2/matreshka_amf_utp_21.0.0_ecbb733e/alire/cache/dependencies/matreshka_league_21.0.0_0c8f4d47/.objs/configure/configure-instantiate.o /Users/runner/work/alire-crates-ci/alire-crates-ci/test/388beadf-9c22-47a2-be84-fe889aa87fe2/matreshka_amf_utp_21.0.0_ecbb733e/alire/cache/dependencies/matreshka_league_21.0.0_0c8f4d47/.objs/configure/configure-internals.o /Users/runner/work/alire-crates-ci/alire-crates-ci/test/388beadf-9c22-47a2-be84-fe889aa87fe2/matreshka_amf_utp_21.0.0_ecbb733e/alire/cache/dependencies/matreshka_league_21.0.0_0c8f4d47/.objs/configure/configure-abstract_tests.o /Users/runner/work/alire-crates-ci/alire-crates-ci/test/388beadf-9c22-47a2-be84-fe889aa87fe2/matreshka_amf_utp_21.0.0_ecbb733e/alire/cache/dependencies/matreshka_league_21.0.0_0c8f4d47/.objs/configure/configure-builder.o /Users/runner/work/alire-crates-ci/alire-crates-ci/test/388beadf-9c22-47a2-be84-fe889aa87fe2/matreshka_amf_utp_21.0.0_ecbb733e/alire/cache/dependencies/matreshka_league_21.0.0_0c8f4d47/.objs/configure/configure-architecture.o /Users/runner/work/alire-crates-ci/alire-crates-ci/test/388beadf-9c22-47a2-be84-fe889aa87fe2/matreshka_amf_utp_21.0.0_ecbb733e/alire/cache/dependencies/matreshka_league_21.0.0_0c8f4d47/.objs/configure/configure-pkg_config.o /Users/runner/work/alire-crates-ci/alire-crates-ci/test/388beadf-9c22-47a2-be84-fe889aa87fe2/matreshka_amf_utp_21.0.0_ecbb733e/alire/cache/dependencies/matreshka_league_21.0.0_0c8f4d47/.objs/configure/configure-rtl_version.o /Users/runner/work/alire-crates-ci/alire-crates-ci/test/388beadf-9c22-47a2-be84-fe889aa87fe2/matreshka_amf_utp_21.0.0_ecbb733e/alire/cache/dependencies/matreshka_league_21.0.0_0c8f4d47/.objs/configure/configure-tests.o /Users/runner/work/alire-crates-ci/alire-crates-ci/test/388beadf-9c22-47a2-be84-fe889aa87fe2/matreshka_amf_utp_21.0.0_ecbb733e/alire/cache/dependencies/matreshka_league_21.0.0_0c8f4d47/.objs/configure/configure-tests-asis.o /Users/runner/work/alire-crates-ci/alire-crates-ci/test/388beadf-9c22-47a2-be84-fe889aa87fe2/matreshka_amf_utp_21.0.0_ecbb733e/alire/cache/dependencies/matreshka_league_21.0.0_0c8f4d47/.objs/configure/configure-tests-aws.o /Users/runner/work/alire-crates-ci/alire-crates-ci/test/388beadf-9c22-47a2-be84-fe889aa87fe2/matreshka_amf_utp_21.0.0_ecbb733e/alire/cache/dependencies/matreshka_league_21.0.0_0c8f4d47/.objs/configure/configure-tests-firebird.o /Users/runner/work/alire-crates-ci/alire-crates-ci/test/388beadf-9c22-47a2-be84-fe889aa87fe2/matreshka_amf_utp_21.0.0_ecbb733e/alire/cache/dependencies/matreshka_league_21.0.0_0c8f4d47/.objs/configure/configure-tests-gprbuild.o /Users/runner/work/alire-crates-ci/alire-crates-ci/test/388beadf-9c22-47a2-be84-fe889aa87fe2/matreshka_amf_utp_21.0.0_ecbb733e/alire/cache/dependencies/matreshka_league_21.0.0_0c8f4d47/.objs/configure/configure-tests-install.o /Users/runner/work/alire-crates-ci/alire-crates-ci/test/388beadf-9c22-47a2-be84-fe889aa87fe2/matreshka_amf_utp_21.0.0_ecbb733e/alire/cache/dependencies/matreshka_league_21.0.0_0c8f4d47/.objs/configure/configure-tests-installation_directories.o /Users/runner/work/alire-crates-ci/alire-crates-ci/test/388beadf-9c22-47a2-be84-fe889aa87fe2/matreshka_amf_utp_21.0.0_ecbb733e/alire/cache/dependencies/matreshka_league_21.0.0_0c8f4d47/.objs/configure/configure-tests-modules.o /Users/runner/work/alire-crates-ci/alire-crates-ci/test/388beadf-9c22-47a2-be84-fe889aa87fe2/matreshka_amf_utp_21.0.0_ecbb733e/alire/cache/dependencies/matreshka_league_21.0.0_0c8f4d47/.objs/configure/configure-tests-mysql.o /Users/runner/work/alire-crates-ci/alire-crates-ci/test/388beadf-9c22-47a2-be84-fe889aa87fe2/matreshka_amf_utp_21.0.0_ecbb733e/alire/cache/dependencies/matreshka_league_21.0.0_0c8f4d47/.objs/configure/configure-tests-operating_system.o /Users/runner/work/alire-crates-ci/alire-crates-ci/test/388beadf-9c22-47a2-be84-fe889aa87fe2/matreshka_amf_utp_21.0.0_ecbb733e/alire/cache/dependencies/matreshka_league_21.0.0_0c8f4d47/.objs/configure/configure-tests-modules-amf.o /Users/runner/work/alire-crates-ci/alire-crates-ci/test/388beadf-9c22-47a2-be84-fe889aa87fe2/matreshka_amf_utp_21.0.0_ecbb733e/alire/cache/dependencies/matreshka_league_21.0.0_0c8f4d47/.objs/configure/configure-tests-oci.o /Users/runner/work/alire-crates-ci/alire-crates-ci/test/388beadf-9c22-47a2-be84-fe889aa87fe2/matreshka_amf_utp_21.0.0_ecbb733e/alire/cache/dependencies/matreshka_league_21.0.0_0c8f4d47/.objs/configure/configure-tests-postgresql.o /Users/runner/work/alire-crates-ci/alire-crates-ci/test/388beadf-9c22-47a2-be84-fe889aa87fe2/matreshka_amf_utp_21.0.0_ecbb733e/alire/cache/dependencies/matreshka_league_21.0.0_0c8f4d47/.objs/configure/configure-tests-sqlite3.o /Users/runner/work/alire-crates-ci/alire-crates-ci/test/388beadf-9c22-47a2-be84-fe889aa87fe2/matreshka_amf_utp_21.0.0_ecbb733e/alire/cache/dependencies/matreshka_league_21.0.0_0c8f4d47/.objs/configure/configure-tests-valgrind.o /Users/runner/work/alire-crates-ci/alire-crates-ci/test/388beadf-9c22-47a2-be84-fe889aa87fe2/matreshka_amf_utp_21.0.0_ecbb733e/alire/cache/dependencies/matreshka_league_21.0.0_0c8f4d47/.objs/configure/configure-version.o -L/Users/runner/work/alire-crates-ci/alire-crates-ci/test/388beadf-9c22-47a2-be84-fe889aa87fe2/matreshka_amf_utp_21.0.0_ecbb733e/alire/cache/dependencies/matreshka_league_21.0.0_0c8f4d47/.objs/configure/ -L/Users/runner/work/alire-crates-ci/alire-crates-ci/test/388beadf-9c22-47a2-be84-fe889aa87fe2/matreshka_amf_utp_21.0.0_ecbb733e/alire/cache/dependencies/matreshka_league_21.0.0_0c8f4d47/.objs/configure/ -L/users/runner/.config/alire/cache/dependencies/gnat_native_10.3.2_e112fd3f/lib/gcc/x86_64-apple-darwin19.6.0/10.3.0/adalib/ /users/runner/.config/alire/cache/dependencies/gnat_native_10.3.2_e112fd3f/lib/gcc/x86_64-apple-darwin19.6.0/10.3.0/adalib/libgnat.a -Wl,-rpath,@executable_path//.objs/configure -Wl,-rpath,@executable_path/../../../../../../../../../..//.config/alire/cache/dependencies/gnat_native_10.3.2_e112fd3f/lib/gcc/x86_64-apple-darwin19.6.0/10.3.0/adalib -o /Users/runner/work/alire-crates-ci/alire-crates-ci/test/388beadf-9c22-47a2-be84-fe889aa87fe2/matreshka_amf_utp_21.0.0_ecbb733e/alire/cache/dependencies/matreshka_league_21.0.0_0c8f4d47//configure
make: *** [config] Error 5
stderr: Command ["make", "reconfig"] exited with code 2
stderr: ALIRE.CHECKED_ERROR
stderr: Command ["make", "reconfig"] exited with code 2
stderr: raised ALIRE.CHECKED_ERROR : alire-stored-error:1
Load address: 0x1048d7000
Call stack traceback locations:
0x1051df415 0x104eb2e83 0x104eb8729 0x104eb9909 0x104eb8d1b 0x10502a299 0x10502afd4 0x105041873 0x10508ddc1 0x10508c3c2 0x1050419b8 0x10502b346 0x1049471cf 0x10494c01c 0x1049d205c 0x1049dd3b8 0x1048d8605 0x1048db914

stderr: A post-fetch action failed, re-run with -vv -d for details
ERROR: A post-fetch action failed, re-run with -vv -d for details
