Test ran at 2024-10-05 12:53:03.130323+00:00

SOLUTION:
gnat_native=12.2.1: The GNAT Ada compiler - Native
Provides: gnat=12.2.1
Origin: (case OS is Linux => (case Host_Arch is X86_64 => binary archive gnat-x86_64-linux-12.2.0-1.tar.gz at https://github.com/alire-project/GNAT-FSF-builds/releases/download/gnat-12.2.0-1/gnat-x86_64-linux-12.2.0-1.tar.gz), Macos => (case Host_Arch is X86_64 => binary archive gnat-x86_64-darwin-12.2.0-1.tar.gz at https://github.com/alire-project/GNAT-FSF-builds/releases/download/gnat-12.2.0-1/gnat-x86_64-darwin-12.2.0-1.tar.gz), Windows => (case Host_Arch is X86_64 => binary archive gnat-x86_64-windows64-12.2.0-1.tar.gz at https://github.com/alire-project/GNAT-FSF-builds/releases/download/gnat-12.2.0-1/gnat-x86_64-windows64-12.2.0-1.tar.gz)) with hash sha256:c210a02294df8521c13ca5d696285985336ddda8c70b555849f96c2ecfcaba86
Properties:
   Auto_Gpr_With: auto-gpr-with=false
   Configuration: no modifiers
   Description: The GNAT Ada compiler - Native
   Environment: PATH=${CRATE_ROOT}/bin:${PATH}
   License: GPL-3.0-or-later AND GPL-3.0-or-later WITH GCC-exception-3.1
   Maintainer: chouteau@adacore.com
   Maintainers_Logins: Fabien-Chouteau
   Name: gnat_native
   Version: 12.2.1


LOG:
Note: Deploying gnat_native=12.2.1...
#=#=#                                                                         
##O#-#                                                                        
##O=#  #                                                                      

                                                                           0.0%
#                                                                          1.7%
##                                                                         3.4%
###                                                                        5.5%
####                                                                       6.8%
#####                                                                      8.2%
######                                                                     9.6%
########                                                                  11.7%
#########                                                                 13.6%
############                                                              17.0%
#############                                                             18.5%
#############                                                             18.5%
##############                                                            20.4%
################                                                          23.2%
#################                                                         23.9%
#################                                                         25.0%
##################                                                        26.3%
###################                                                       27.3%
#####################                                                     29.8%
######################                                                    30.7%
########################                                                  34.1%
########################                                                  34.2%
########################                                                  34.6%
#########################                                                 35.7%
##########################                                                37.5%
#############################                                             40.9%
##############################                                            42.3%
##############################                                            42.4%
###############################                                           44.3%
#################################                                         47.1%
###################################                                       49.1%
####################################                                      51.1%
#####################################                                     52.5%
######################################                                    53.8%
#######################################                                   54.5%
#########################################                                 57.2%
##########################################                                58.4%
##########################################                                59.3%
##########################################                                59.3%
###########################################                               60.2%
############################################                              61.3%
##############################################                            64.4%
###############################################                           66.1%
#################################################                         68.1%
##################################################                        69.9%
###################################################                       71.5%
#####################################################                     74.3%
######################################################                    75.2%
######################################################                    76.3%
######################################################                    76.3%
########################################################                  78.4%
#########################################################                 80.2%
##########################################################                81.8%
#############################################################             84.8%
##############################################################            86.5%
###############################################################           87.9%
###############################################################           88.8%
#################################################################         90.7%
##################################################################        92.0%
####################################################################      94.9%
####################################################################      95.7%
#####################################################################     96.8%
#####################################################################     96.8%
######################################################################    97.7%
#######################################################################   98.8%
######################################################################## 100.0%

gnat_native=12.2.1 successfully retrieved.
There are no dependencies.
Warning: Binary release does not contain default project file: gnat_native.gpr
