Test ran at 2024-09-03 13:50:30.926726+00:00

SOLUTION:
emacs_wisi=4.2.0: Ada code for Emacs wisi ELPA package
Origin: source archive emacs_wisi-4.2.0.tgz at https://download.savannah.nongnu.org/releases/ada-mode/emacs_wisi-4.2.0.tgz with hashes sha256:7581bab286574272fbc7b75cdd37143abb8b20ef9b1e95f91774d731f64fac29, sha512:eea77ddea2e807efffd955569d88e7625b64848376544411004ec0b32e9b1715b420db71a42810047986b6c82749835bc34f75a7d125318bf8cdf15d5bcd047b
Properties:
   Author: Stephen Leake
   Description: Ada code for Emacs wisi ELPA package
   License: GPL-3.0-or-later
   Maintainer: Stephen Leake <stephen_leake@stephe-leake.org>
   Maintainers_Logins: stephe-ada-guru
   Name: emacs_wisi
   Project_File: wisi_alire.gpr
   Tag: emacs
   Tag: indent
   Tag: project
   Tag: compile
   Tag: xref
   Version: 4.2.0
   Website: https://elpa.gnu.org/packages/wisi.html
Dependencies (direct):
   gnat(>=11 & <2000) | >=2021
   stephes_ada_library~3.7.2
   wisitoken~4.1.0
Dependencies (solution):
   gnat=13.1.0 (gnat_native) (installed)
   gnatcoll=22.0.0
   libgpr=22.0.0
   stephes_ada_library=3.7.2
   wisitoken=4.1.0
   xmlada=22.0.0
Dependencies (graph):
   emacs_wisi=4.2.0          --> gnat=13.1.0 (gnat_native) ((>=11 & <2000) | >=2021)
   emacs_wisi=4.2.0          --> stephes_ada_library=3.7.2 (~3.7.2)                 
   emacs_wisi=4.2.0          --> wisitoken=4.1.0 (~4.1.0)                           
   gnatcoll=22.0.0           --> libgpr=22.0.0 (~22.0.0)                            
   libgpr=22.0.0             --> gnat=13.1.0 (gnat_native) (/=2020)                 
   libgpr=22.0.0             --> xmlada=22.0.0 (~22.0.0)                            
   stephes_ada_library=3.7.2 --> gnat=13.1.0 (gnat_native) ((>=11 & <2000) | >=2021)
   wisitoken=4.1.0           --> gnat=13.1.0 (gnat_native) ((>=11 & <2000) | >=2021)
   wisitoken=4.1.0           --> gnatcoll=22.0.0 (^22.0.0)                          
   wisitoken=4.1.0           --> stephes_ada_library=3.7.2 (~3.7.2)                 
   xmlada=22.0.0             --> gnat=13.1.0 (gnat_native) (>=11)                   


LOG:
Note: Deploying emacs_wisi=4.2.0...
#=#=#                                                                          
##O#-#                                                                         
##O=#  #                                                                       
#=#=-#  #                                                                      
-#O#- #   #                                                                    
-=#=#   #   #                                                                  
-=O#-#   #   #                                                                 
-=O=#  #   #   #                                                               
-=O=-#  #    #   #                                                             
-=O=- #   #   #    #                                                           
-=O=-   #   #   #     #                                                        
-=O=-    #   #    #     #                                                      
-=O=-      #   #     #    #                                                    
-=O=-        #   #     #    #                                                  
-=O=-         #    #     #     #                                               
-=O=-           #     #    #     #                                             
-=O=-             #     #     #     #                                          
-=O=-                #    #     #     #                                        
-=O=-                  #    #     #     #                                      
-=O=-                    #     #     #     #                                   
-=O=-                      #     #     #     #                                 
-=O=-                         #     #     #     #                              
-=O=-                           #     #     #     #                            
-=O=-                             #     #     #     #                          
-=O=-                                #     #     #    #                        
-=O=-                                  #     #     #     #                     
-=O=-                                     #     #    #     #                   
-=O=-                                       #     #    #     #                 
-=O=-                                         #     #     #    #               
-=O=-                                            #    #     #   #              
-=O=-                                              #     #    #   #            
-=O=-                                                #     #   #    #          
-=O=-                                                  #     #   #   #         
-=O=-                                                     #    #   #   #       
-=O=-                                                       #   #   #   #      
-=O=-                                                         #   #   #  #     
-=O=-                                                          #    #  #  #    
-=O=-                                                            #   #  #  #   
-=O=-                                                              #   # # #   
-=O=-                                                               #   # # #  
-=O=-                                                                 #  # ##  
-=O=-                                                                  #  # #  
-=O=-                                                                   #  ### 
-=O=-                                                                    # ##  
-=O=-                                                                     # #  
-=O=-                                                                      ##  
-=O=-                                                                      ##  
-=O=-                                                                      ### 
-=O=-                                                                     # #  
-=O=-                                                                    # ##  
-=O=-                                                                   # # #  
-=O=-                                                                  # # ##  
-=O=-                                                                #  #  ##  
-=O=-                                                               #  #  # #  
-=O=-                                                             #   #  # #   
-=O=-                                                           #   #   # #    
-=O=-                                                          #   #   # #     
-=O=-                                                        #   #   #  #      
-=O=-                                                      #   #    #  #       
-=O=-                                                    #    #   #   #        
-=O=-                                                 #     #   #   #          
-=O=-                                               #     #    #   #           
-=O=-                                             #    #     #   #             
-=O=-                                           #    #     #   #               
-=O=-                                        #     #     #    #                
-=O=-                                      #     #    #     #                  
-=O=-                                   #     #     #     #                    
-=O=-                                 #     #     #    #                       
-=O=-                               #     #     #    #                         
-=O=-                            #     #     #     #                           
-=O=-                          #     #     #     #                             
curl: (28) Failed to connect to download.savannah.nongnu.org port 443 after 75112 ms: Couldn't connect to server

stderr: Command ["curl", "https://download.savannah.nongnu.org/releases/ada-mode/emacs_wisi-4.2.0.tgz", "--location", "--progress-bar", "--output", "/Users/runner/work/alire-crates-ci/alire-crates-ci/test/eaaf1d88-669d-465b-b120-7a55f8021eb1/alr-pncr.tmp/emacs_wisi-4.2.0.tgz"] exited with code 28
stderr: Generating Outcome_Failure with message: Command ["curl", "https://download.savannah.nongnu.org/releases/ada-mode/emacs_wisi-4.2.0.tgz", "--location", "--progress-bar", "--output", "/Users/runner/work/alire-crates-ci/alire-crates-ci/test/eaaf1d88-669d-465b-b120-7a55f8021eb1/alr-pncr.tmp/emacs_wisi-4.2.0.tgz"] exited with code 28
stderr: Generating Outcome_Failure with call stack:
stderr: raised AAA.DEBUG.STACK_TRACE.DEBUG_EXCEPTION : aaa-debug.adb:44
Load address: 0x102f9b000
Call stack traceback locations:
0x1039cba80 0x1038a1e2a 0x1033383c3 0x1035759ed 0x1034adc86 0x1034c5991 0x1034c7170 0x1036bb8ed 0x1036ed8c7 0x10300ad98 0x10301001c 0x10309605c 0x1030a13b8 0x102f9c605 0x102f9f914

stderr: ALIRE.CHECKED_ERROR
stderr: Command ["curl", "https://download.savannah.nongnu.org/releases/ada-mode/emacs_wisi-4.2.0.tgz", "--location", "--progress-bar", "--output", "/Users/runner/work/alire-crates-ci/alire-crates-ci/test/eaaf1d88-669d-465b-b120-7a55f8021eb1/alr-pncr.tmp/emacs_wisi-4.2.0.tgz"] exited with code 28
stderr: raised ALIRE.CHECKED_ERROR : alire-stored-error:2
Load address: 0x102f9b000
Call stack traceback locations:
0x1038a0814 0x1036bb8ff 0x1036ed8c7 0x10300ad98 0x10301001c 0x10309605c 0x1030a13b8 0x102f9c605 0x102f9f914

ERROR: Command ["curl", "https://download.savannah.nongnu.org/releases/ada-mode/emacs_wisi-4.2.0.tgz", "--location", "--progress-bar", "--output", "/Users/runner/work/alire-crates-ci/alire-crates-ci/test/eaaf1d88-669d-465b-b120-7a55f8021eb1/alr-pncr.tmp/emacs_wisi-4.2.0.tgz"] exited with code 28
