Test ran at 2024-09-20 13:26:29.540397+00:00

SOLUTION:
dependency_graph_extractor=22.0.0: Extract dependency information from Ada projects
Origin: commit 992fc1c438fff2917f5cbdbfe6ca449933ee6fd5 from https://github.com/TNO/Dependency_Graph_Extractor-Ada.git
Properties:
   Author: Jeroen Ketema
   Author: Pierre van de Laar
   Description: Extract dependency information from Ada projects
   Executable: dependency_graph_extractor
   License: BSD-3-Clause
   Maintainer: Pierre van de Laar <pierre.van.de.laar@gmail.com>
   Maintainers_Logins: pjljvandelaar
   Name: dependency_graph_extractor
   Tag: extract
   Tag: dependency
   Tag: analysis
   Tag: graph
   Tag: graphml
   Version: 22.0.0
   Website: https://github.com/TNO/Dependency_Graph_Extractor-Ada
Dependencies (direct):
   libadalang^22.0.0
Dependencies (solution):
   gnat=14.1.1 (gnat_external) (installed)
   gnatcoll=22.0.0
   gnatcoll_gmp=22.0.0
   gnatcoll_iconv=22.0.0
   langkit_support=22.0.0
   libadalang=22.0.0
   libgmp=6.3.0
   libgpr=22.0.0
   xmlada=22.0.0
Dependencies (graph):
   dependency_graph_extractor=22.0.0 --> libadalang=22.0.0 (^22.0.0)         
   gnatcoll=22.0.0                   --> libgpr=22.0.0 (~22.0.0)             
   gnatcoll_gmp=22.0.0               --> gnatcoll=22.0.0 (~22.0.0)           
   gnatcoll_gmp=22.0.0               --> libgmp=6.3.0 (*)                    
   gnatcoll_iconv=22.0.0             --> gnatcoll=22.0.0 (~22.0.0)           
   langkit_support=22.0.0            --> gnatcoll=22.0.0 (^22)               
   langkit_support=22.0.0            --> gnatcoll_iconv=22.0.0 (^22)         
   libadalang=22.0.0                 --> gnatcoll=22.0.0 (^22)               
   libadalang=22.0.0                 --> gnatcoll_gmp=22.0.0 (^22)           
   libadalang=22.0.0                 --> gnatcoll_iconv=22.0.0 (^22)         
   libadalang=22.0.0                 --> langkit_support=22.0.0 (^22)        
   libgpr=22.0.0                     --> gnat=14.1.1 (gnat_external) (/=2020)
   libgpr=22.0.0                     --> xmlada=22.0.0 (~22.0.0)             
   xmlada=22.0.0                     --> gnat=14.1.1 (gnat_external) (>=11)  


LOG:
Note: Deploying dependency_graph_extractor=22.0.0...
Note: Deploying libgmp=6.3.0...
Note: Deploying xmlada=22.0.0...
#=#=#                                                                          
##=#=#                                                                         
Note: Running post_fetch actions for xmlada=22.0.0...
checking build system type... x86_64-unknown-linux-gnu
checking host system type... x86_64-unknown-linux-gnu
checking target system type... x86_64-unknown-linux-gnu
checking whether gnat can build shared libs... yes
checking for a BSD-compatible install... /usr/bin/install -c
checking whether ln -s works... yes
configure: creating ./config.status
config.status: creating xmlada_shared.gpr
config.status: creating Makefile
config.status: creating tests/dom/default.gpr
Note: Deploying libgpr=22.0.0...
#=#=#                                                                          
##O#-#                                                                         
##=O#- #                                                                       
Note: Deploying gnatcoll=22.0.0...
#=#=#                                                                          
##O#-#                                                                         
Note: Deploying gnatcoll_gmp=22.0.0...
#=#=#                                                                          
##O#-#                                                                         
Note: Deploying gnatcoll_iconv=22.0.0...
#=#=#                                                                          
Note: Deploying langkit_support=22.0.0...

#########################                                                 35.3%
######################################################################## 100.0%
Note: Deploying libadalang=22.0.0...
#=#=#                                                                          

######################################################################## 100.0%
Note: Building dependency_graph_extractor/dependency_graph_extractor.gpr...
gnatcoll.gpr:254:07: warning: value "windows" is not used as label
Setup
   [mkdir]        object directory for project XmlAda_Sax
   [mkdir]        library directory for project XmlAda_Sax
   [mkdir]        object directory for project XmlAda_Schema
   [mkdir]        object directory for project GPR
   [mkdir]        library directory for project GPR
   [mkdir]        object directory for project GnatColl
   [mkdir]        library directory for project GnatColl
   [mkdir]        object directory for project GnatColl_GMP
   [mkdir]        library directory for project GnatColl_GMP
   [mkdir]        object directory for project GnatColl_Iconv
   [mkdir]        library directory for project GnatColl_Iconv
   [mkdir]        object directory for project Langkit_Support
   [mkdir]        library directory for project Langkit_Support
   [mkdir]        object directory for project Libadalang
   [mkdir]        library directory for project Libadalang
   [mkdir]        object directory for project Dependency_Graph_Extractor
   [mkdir]        exec directory for project Dependency_Graph_Extractor
Compile
   [Ada]          dependency_graph_extractor.adb
   [Ada]          langkit_support-bump_ptr.adb
   [Ada]          langkit_support.ads
   [Ada]          langkit_support-internal.ads
   [Ada]          langkit_support-lexical_envs_impl.adb
   [Ada]          langkit_support-diagnostics-output.adb
   [Ada]          langkit_support-adalog-main_support.adb
   [Ada]          langkit_support-packrat.adb
   [Ada]          langkit_support-generic_api-analysis.adb
   [Ada]          langkit_support-adalog-predicates.adb
   [Ada]          langkit_support-boxes.adb
   [Ada]          langkit_support-iterators.adb
   [Ada]          langkit_support-errors.ads
   [Ada]          langkit_support-adalog-relations.adb
   [Ada]          langkit_support-types.ads
   [Ada]          langkit_support-symbols.adb
langkit_support-symbols.adb:24:09: warning: unit "Ada.Unchecked_Conversion" is not referenced [-gnatwu]

   compilation of langkit_support-symbols.adb failed

gprbuild: *** compilation phase failed
stderr: Command ["gprbuild", "-s", "-j0", "-p", "-P", "/home/runner/work/alire-crates-ci/alire-crates-ci/test/68ffbcd8-9f5a-4c4b-9a0c-b2c3ff32fde8/dependency_graph_extractor_22.0.0_992fc1c4/dependency_graph_extractor.gpr"] exited with code 4
ERROR: Command ["gprbuild", "-s", "-j0", "-p", "-P", "/home/runner/work/alire-crates-ci/alire-crates-ci/test/68ffbcd8-9f5a-4c4b-9a0c-b2c3ff32fde8/dependency_graph_extractor_22.0.0_992fc1c4/dependency_graph_extractor.gpr"] exited with code 4
stderr: ALIRE.CHECKED_ERROR
stderr: Command ["gprbuild", "-s", "-j0", "-p", "-P", "/home/runner/work/alire-crates-ci/alire-crates-ci/test/68ffbcd8-9f5a-4c4b-9a0c-b2c3ff32fde8/dependency_graph_extractor_22.0.0_992fc1c4/dependency_graph_extractor.gpr"] exited with code 4
stderr: raised ALIRE.CHECKED_ERROR : alire-stored-error:1
[/usr/sbin/alr]
0xd7ada2 Alire.Raise_Checked_Error at alire.adb:251
0xa423cf Alire.Os_Lib.Subprocess.Checked_Spawn at alire-os_lib-subprocess.adb:110
0xc5cdee Alire.Spawn.Command at alire-spawn.adb:21
0xc5d51c Alire.Spawn.Gprbuild at alire-spawn.adb:41
0xbc1550 Alire.Roots.Build.Build_Single_Release.Call_Gprbuild at alire-roots.adb:140
0xbbfbaf Alire.Roots.Build.Build_Single_Release at alire-roots.adb:171
0xbdb95e Alire.Roots.Traverse.Traverse_Wrap at alire-roots.adb:1364
0xc25a8b Alire.Solutions.Traverse.Visit at alire-solutions.adb:1443
0xc246a2 Alire.Solutions.Traverse at alire-solutions.adb:1518
0xbdbaac Alire.Roots.Traverse at alire-roots.adb:1368
0xbbff40 Alire.Roots.Build at alire-roots.adb:196
0x4a0334 Alr.Commands.Build.Execute at alr-commands-build.adb:58
0x4b065a Alr.Commands.Get.Retrieve at alr-commands-get.adb:187
0x4b4e77 Alr.Commands.Get.Execute at alr-commands-get.adb:348
0x53bb7e Alr.Commands.Sub_Cmd.Execute at clic-subcommand-instance.adb:742
0x54756f Alr.Commands.Execute at alr-commands.adb:492
0x43cb1a Alr.Main at alr-main.adb:10
0x43f3e7 Main at b__alr-main.adb:2132
[/usr/bin/..//lib/libc.so.6]
0x7f4681e94c86
0x7f4681e94d4a
[/usr/sbin/alr]
0x43c9f8 _start at ???
0xfffffffffffffffe


Warning: dependency_graph_extractor=22.0.0 successfully retrieved but its build failed.
Dependencies were solved as follows:

   +i gnat            14.1.1 (new,installed,gnat_external,indirect)
   +  gnatcoll        22.0.0 (new,indirect)                        
   +  gnatcoll_gmp    22.0.0 (new,indirect)                        
   +  gnatcoll_iconv  22.0.0 (new,indirect)                        
   +  langkit_support 22.0.0 (new,indirect)                        
   +  libadalang      22.0.0 (new)                                 
   +  libgmp          6.3.0  (new,indirect)                        
   +  libgpr          22.0.0 (new,indirect)                        
   +  xmlada          22.0.0 (new,indirect)                        
ERROR: Build ended with errors
