Test ran at 2024-08-18 12:43:28.987630+00:00

SOLUTION:
minisamd51_bsp=0.1.0: Board Support Package for the MiniSAM D51
Origin: commit 51bae74f582e016f0d4905c393eb677f71c32359 from https://github.com/Fabien-Chouteau/minisamd51_bsp.git
Properties:
   Description: Board Support Package for the MiniSAM D51
   License: BSD-3-Clause
   Maintainer: chouteau@adacore.com
   Maintainers_Logins: Fabien-Chouteau
   Name: minisamd51_bsp
   Tag: embedded
   Tag: nostd
   Tag: samd51
   Tag: minisam
   Version: 0.1.0
   Website: https://github.com/Fabien-Chouteau/minisamd51_bsp
Dependencies (direct):
   hal^0.1.0
   samd51_hal^0.2.0
Dependencies (solution):
   atomic=0.5.0
   bbqueue=0.3.1
   cortex_m=0.1.0
   gnat=11.2.4 (gnat_arm_elf) (installed)
   gnat_arm_elf=11.2.4 (installed)
   hal=0.1.0
   samd51_hal=0.3.0
   usb_embedded=0.2.0
Dependencies (graph):
   bbqueue=0.3.1        --> atomic=0.5.0 (~0.5)              
   bbqueue=0.3.1        --> gnat=11.2.4 (gnat_arm_elf) (>=10)
   cortex_m=0.1.0       --> hal=0.1.0 (^0.1.0)               
   minisamd51_bsp=0.1.0 --> hal=0.1.0 (^0.1.0)               
   minisamd51_bsp=0.1.0 --> samd51_hal=0.3.0 (^0.2.0)        
   samd51_hal=0.3.0     --> cortex_m=0.1.0 (~0.1)            
   samd51_hal=0.3.0     --> gnat_arm_elf=11.2.4 (^11.2.2)    
   samd51_hal=0.3.0     --> hal=0.1.0 (~0.1)                 
   samd51_hal=0.3.0     --> usb_embedded=0.2.0 (~0.2)        
   usb_embedded=0.2.0   --> bbqueue=0.3.1 (~0.3.0)           
   usb_embedded=0.2.0   --> hal=0.1.0 (~0.1.0)               


LOG:
Note: Deploying minisamd51_bsp=0.1.0...
Note: Deploying atomic=0.5.0...
Note: Deploying hal=0.1.0...
#=#=#                                                                         

######################################################################## 100.0%
Note: Deploying bbqueue=0.3.1...
Note: Deploying cortex_m=0.1.0...
#=#=#                                                                         

######################################################################## 100.0%
Note: Deploying usb_embedded=0.2.0...
Note: Deploying samd51_hal=0.3.0...
Warning: Possible tilde intended instead of caret for a 0.x version.
   Alire does not change the meaning of caret and tilde for pre/post-1.0 versions.
   The suspicious dependency is: hal^0.1.0
   You can disable this warning by setting the option warning.caret to false.
Note: Building minisamd51_bsp/minisamd51_bsp.gpr...
Setup
   [mkdir]        object directory for project HAL
   [mkdir]        library directory for project HAL
   [mkdir]        object directory for project Atomic
   [mkdir]        library directory for project Atomic
   [mkdir]        object directory for project BBqueue
   [mkdir]        library directory for project BBqueue
   [mkdir]        object directory for project Usb_Embedded
   [mkdir]        library directory for project Usb_Embedded
   [mkdir]        object directory for project Cortex_M4F
   [mkdir]        object directory for project ATSAMD51J19A
   [mkdir]        object directory for project Minisamd51_Bsp
   [mkdir]        library directory for project Minisamd51_Bsp
Compile
   [Ada]          cortex_m-nvic.adb
   [Ada]          cortex_m-cache.adb
   [Ada]          cortex_m-fpu.adb
   [Ada]          cortex_m_svd-dwt.ads
   [Ada]          cortex_m_svd-fpu.ads
   [Ada]          cortex_m_svd-nvic.ads
   [Ada]          cortex_m_svd-scb.ads
   [Ada]          cortex_m_svd.ads
   [Ada]          cortex_m_svd-systick.ads
   [Ada]          cortex_m_svd-mpu.ads
   [Ada]          cortex_m_svd-debug.ads
   [Ada]          cortex_m.ads
   [Ada]          cortex_m-dwt.adb
   [Ada]          semihosting.adb
   [Ada]          semihosting-filesystem.adb
   [Ada]          cortex_m-debug.adb
   [Ada]          memory_barriers.adb
   [Ada]          cortex_m-systick.adb
   [Ada]          atomic-unsigned.adb
   [Ada]          atomic-signed.adb
   [Ada]          atomic.adb
   [Ada]          atomic_config.ads
   [Ada]          atomic-signed_8.ads
   [Ada]          atomic-signed_32.ads
   [Ada]          atomic-unsigned_16.ads
   [Ada]          atomic-unsigned_8.ads
   [Ada]          atomic-signed_16.ads
   [Ada]          atomic-unsigned_32.ads
   [Ada]          bbqueue.adb
   [Ada]          bbqueue-buffers.adb
   [Ada]          bbqueue-buffers-framed.adb
   [Ada]          usb-device-control.adb
   [Ada]          usb-lang.ads
   [Ada]          usb-logging-device.adb
   [Ada]          usb-utils.adb
   [Ada]          usb-device-hid-keyboard.adb
   [Ada]          usb.adb
   [Ada]          usb-device-hid-mouse.adb
   [Ada]          usb-logging.ads
   [Ada]          usb-device-hid-gamepad.adb
   [Ada]          usb-device.adb
   [Ada]          usb-device-midi.adb
   [Ada]          usb-device-hid-joystick.adb
   [Ada]          usb-device-hid.adb
   [Ada]          usb-hal.ads
   [Ada]          usb-hal-device.ads
   [Ada]          usb-device-serial.adb
   [Ada]          hal-i2c.ads
   [Ada]          hal-touch_panel.ads
   [Ada]          hal-audio.ads
   [Ada]          hal-filesystem.ads
   [Ada]          hal-block_drivers.ads
   [Ada]          hal-gpio.ads
   [Ada]          hal-real_time_clock.ads
   [Ada]          hal.ads
   [Ada]          hal-time.ads
   [Ada]          hal-spi.ads
   [Ada]          hal-dsi.ads
   [Ada]          hal-bitmap.ads
   [Ada]          hal-uart.ads
   [Ada]          hal-framebuffer.ads
   [Ada]          hal-sdmmc.adb
   [Ada]          sam-clock_generator-ids.ads
   [Ada]          sam-main_clock.adb
   [Ada]          sam-device.ads
   [Ada]          sam-interrupt_names.ads
   [Ada]          sam-functions.ads
   [Ada]          sam_svd-adc.ads
   [Ada]          sam-adc.adb
   [Ada]          sam-oscillators_controller.adb
   [Ada]          sam_svd-oscctrl.ads
   [Ada]          sam_svd-dac.ads
   [Ada]          sam-dac.adb
   [Ada]          sam_svd-qspi.ads
   [Ada]          sam-qspi.adb
   [Ada]          sam_svd-usb.ads
   [Ada]          sam-usb.adb
   [Ada]          sam-dmac.adb
   [Ada]          sam-dmac-sources.ads
   [Ada]          sam_svd-dmac.ads
   [Ada]          sam_svd-eic.ads
   [Ada]          sam-eic.adb
   [Ada]          sam-port.adb
   [Ada]          sam-clock_setup_120mhz.adb
   [Ada]          sam_svd-cmcc.ads
   [Ada]          sam-cmcc.adb
   [Ada]          sam_svd-gclk.ads
   [Ada]          sam-clock_generator.adb
   [Ada]          sam-tc.adb
   [Ada]          sam_svd-tc.ads
   [Ada]          sam-sercom-usart.adb
   [Ada]          sam-sercom-spi.adb
   [Ada]          sam-sercom.adb
   [Ada]          sam-sercom-i2c.adb
   [Ada]          sam.ads
   [Ada]          sam_svd.ads
   [Ada]          minisamd51.adb
Build Libraries
   [gprlib]       hal.lexch
   [gprlib]       Atomic.lexch
   [gprlib]       Bbqueue.lexch
   [archive]      libhal.a
   [archive]      libAtomic.a
   [index]        libhal.a
   [index]        libAtomic.a
   [gprlib]       Usb_Embedded.lexch
   [archive]      libBbqueue.a
   [index]        libBbqueue.a
   [gprlib]       Minisamd51_Bsp.lexch
   [archive]      libUsb_Embedded.a
   [index]        libUsb_Embedded.a
   [archive]      libMinisamd51_Bsp.a
   [index]        libMinisamd51_Bsp.a
Build finished successfully in 2.99 seconds.

minisamd51_bsp=0.1.0 successfully retrieved and built.
Dependencies were solved as follows:

   +  atomic       0.5.0  (new,indirect)                       
   +  bbqueue      0.3.1  (new,indirect)                       
   +  cortex_m     0.1.0  (new,indirect)                       
   +i gnat         11.2.4 (new,installed,gnat_arm_elf,indirect)
   +i gnat_arm_elf 11.2.4 (new,installed,indirect)             
   +  hal          0.1.0  (new)                                
   +  samd51_hal   0.3.0  (new)                                
   +  usb_embedded 0.2.0  (new,indirect)                       
Found declared GPR file: minisamd51_bsp.gpr
