Test ran at 2024-03-25 01:19:17.425757+00:00

SOLUTION:
gnatcoll_sqlite=24.0.0: GNAT Components Collection - sqlite
Origin: source archive gnatcoll-db-24.0.0.zip at https://github.com/adacore/gnatcoll-db/archive/v24.0.0/gnatcoll-db-24.0.0.zip with hash sha512:4b44508a79296f29e9644e9d1fd10a65f4ca4e8b3c4c30a07085e7c97a3a5e724a0095e9874dd54707feb767ca9c6d456ba144c2c03d491dbd399e3613e7e625
Properties:
   Author: AdaCore
   Configuration: no modifiers
   Description: GNAT Components Collection - sqlite
   GPR Scenario: GNATCOLL_BUILD_MODE := DEBUG | PROD
   GPR Scenario: LIBRARY_TYPE := static | relocatable | static-pic
   License: GPL-3.0-or-later WITH GCC-exception-3.1
   Maintainer: chouteau@adacore.com
   Maintainers_Logins: Fabien-Chouteau
   Name: gnatcoll_sqlite
   Project_File: sqlite/gnatcoll_sqlite.gpr
   Tag: gnatcoll
   Tag: gnatcoll-db
   Tag: sqlite
   Tag: sql
   Tag: database
   Version: 24.0.0
   Website: https://github.com/adacore/gnatcoll-db
Dependencies (direct):
   gnatcoll_sql~24.0.0
   gnatcoll~24.0.0
Dependencies (solution):
   gnat=13.2.1 (gnat_external)
   gnatcoll=24.0.0
   gnatcoll_sql=24.0.0
   libgpr=24.0.0
   xmlada=24.0.0
Dependencies (graph):
   gnatcoll=24.0.0        --> libgpr=24.0.0 (~24.0.0)
   gnatcoll_sql=24.0.0    --> gnatcoll=24.0.0 (~24.0.0)
   gnatcoll_sqlite=24.0.0 --> gnatcoll=24.0.0 (~24.0.0)
   gnatcoll_sqlite=24.0.0 --> gnatcoll_sql=24.0.0 (~24.0.0)
   libgpr=24.0.0          --> gnat=13.2.1 (gnat_external) (/=2020)
   libgpr=24.0.0          --> xmlada=24.0.0 (~24.0.0)
   xmlada=24.0.0          --> gnat=13.2.1 (gnat_external) (>=11)


LOG:
Spawning: alr -d -n get --build gnatcoll_sqlite=24.0.0
Note: Deploying gnatcoll_sqlite=24.0.0...
#=#=#                                                                         
##O#-#                                                                        
##=O#- #                                                                      
Note: Deploying libgpr=24.0.0...
#=#=#                                                                         
##O#-#                                                                        
##=O#- #                                                                      
Note: Deploying gnatcoll=24.0.0...
#=#=#                                                                         
##O#-#                                                                        
##=O#- #                                                                      
Note: Deploying gnatcoll_sql=24.0.0...
#=#=#                                                                         
##O#-#                                                                        
##=O#- #                                                                      
Note: Building gnatcoll_sqlite=24.0.0/sqlite/gnatcoll_sqlite.gpr...
Setup
   [mkdir]        object directory for project XmlAda_Schema
   [mkdir]        object directory for project GPR
   [mkdir]        library directory for project GPR
   [mkdir]        object directory for project GnatColl
   [mkdir]        library directory for project GnatColl
   [mkdir]        object directory for project GnatColl_SQL
   [mkdir]        library directory for project GnatColl_SQL
   [mkdir]        object directory for project GnatColl_Sqlite
   [mkdir]        library directory for project GnatColl_Sqlite
Compile
   [Ada]          gnatcoll-sql-sessions.adb
   [Ada]          gnatcoll-sql-orm-impl.adb
   [Ada]          gnatcoll-sql-orm.adb
   [Ada]          gnatcoll-sql-exec-tasking.adb
   [Ada]          gnatcoll-sql_impl.adb
   [Ada]          gnatcoll-sql-inspect.adb
   [Ada]          gnatcoll-sql-exec.adb
   [Ada]          gnatcoll-sql.adb
   [Ada]          gnatcoll-sql_fields.adb
   [Ada]          gnatcoll-sql-exec_private.adb
   [Ada]          schema-date_time.adb
   [Ada]          schema-validators-xsd_grammar.adb
   [Ada]          schema-validators.adb
   [Ada]          schema-decimal.adb
   [Ada]          schema-readers.adb
   [Ada]          schema.adb
   [Ada]          schema-simple_types.adb
   [Ada]          schema-schema_readers.adb
   [Ada]          schema-dom_readers.adb
   [Ada]          dom-core-comments.ads
   [Ada]          dom-readers.adb
   [Ada]          dom-core-document_fragments.ads
   [Ada]          dom-core-entity_references.ads
   [Ada]          dom-core.adb
   [Ada]          dom-core-documents.adb
   [Ada]          dom-core-texts.adb
   [Ada]          dom-core-cdata_sections.ads
   [Ada]          dom-core-nodes.adb
   [Ada]          dom-core-notations.adb
   [Ada]          dom-core-document_types.adb
   [Ada]          dom-core-attrs.adb
   [Ada]          dom.ads
   [Ada]          dom-core-elements.adb
   [Ada]          dom-core-processing_instructions.ads
   [Ada]          dom-core-character_datas.adb
   [C]            gpr_imports.c
   [Ada]          gpr-attr-pm.adb
   [Ada]          gpr-script.adb
   [Ada]          gpr-util.adb
   [Ada]          gpr-snames.adb
   [Ada]          gpr-debug.adb
   [Ada]          gpr-erroutc.adb
   [Ada]          gpr-compilation-sync.adb
   [Ada]          gpr-osint.adb
   [Ada]          gpr-attr.adb
   [Ada]          gpr-tempdir.adb
   [Ada]          gpr-nmsc.adb
   [Ada]          gpr-util-aux.adb
   [Ada]          gpr-dect.adb
   [Ada]          gpr_build_util.adb
   [Ada]          gpr-strt.adb
   [Ada]          gpr-ali.adb
   [Ada]          gpr-part.adb
   [Ada]          gpr-knowledge.adb
   [Ada]          gpr-jobserver.adb
   [Ada]          gpr-pp.adb
   [Ada]          gpr-tree.adb
   [Ada]          gpr-err.adb
   [Ada]          gpr-version.adb
   [Ada]          gpr-compilation-protocol.adb
   [Ada]          gpr-scans.adb
   [Ada]          gpr.adb
   [Ada]          gpr-com.ads
   [Ada]          gpr-proc.adb
   [Ada]          gpr-names.adb
   [Ada]          gpr-cset.adb
   [Ada]          gpr-ext.adb
   [Ada]          gpr-output.adb
   [Ada]          gpr-compilation-process.adb
   [Ada]          gpr-env.adb
   [Ada]          gpr-compilation.adb
   [Ada]          gpr-compilation-process-waiter.adb
   [Ada]          gpr-sinput.adb
   [Ada]          gpr-conf.adb
   [Ada]          gpr-opt.ads
   [Ada]          gpr-sdefault.adb
   [Ada]          gpr-compilation-slave.adb
   [C]            libc-wrappers.c
   [C]            process-wrappers.c
   [C]            link_max.c
   [C]            gnatcoll_support.c
   [C]            executable_path.c
   [C]            run_path_option.c
   [C]            objlist_file.c
   [C]            getRSS.c
   [C]            update_path.c
   [C]            terminals.c
   [C]            set_std_prefix.c
   [C]            separate_run_path_option.c
   [Ada]          gnatcoll-os-libc-spawn.ads
   [Ada]          gnatcoll-os-libc-dirent.ads
   [Ada]          gnatcoll-os-libc.ads
   [Ada]          gnatcoll-os-libc-stat.ads
   [Ada]          gnatcoll-paragraph_filling-badnesses.adb
   [Ada]          gnatcoll-paragraph_filling-words.adb
   [Ada]          gnatcoll-paragraph_filling.adb
   [Ada]          gnatcoll-os-fs.adb
   [Ada]          gnatcoll-os-stat.adb
   [Ada]          gnatcoll-os-dir.adb
   [Ada]          gnatcoll-os-process.adb
   [Ada]          gnatcoll-os.ads
   [Ada]          gnatcoll-os-fsutil.adb
   [Ada]          gnatcoll-terminal.adb
   [Ada]          gnatcoll-wstring_builders.adb
   [Ada]          gnatcoll-refcount.adb
gnatcoll-refcount.ads:90:04: warning: in instantiation at gnatcoll-storage_pools-headers.adb:57 [enabled by default]
gnatcoll-refcount.ads:90:04: warning: possible aliasing problem for type "Header_Access" [enabled by default]
gnatcoll-refcount.ads:90:04: warning: use -fno-strict-aliasing switch for references [enabled by default]
gnatcoll-refcount.ads:90:04: warning: or use "pragma No_Strict_Aliasing (Header_Access);" [enabled by default]
   [Ada]          gnatcoll-email-utils.adb
   [Ada]          gnatcoll-damerau_levenshtein_distance.ads
   [Ada]          gnatcoll-scripts-shell.adb
   [Ada]          gnatcoll-remote.ads
   [Ada]          gnatcoll-projects.adb
   [Ada]          gnatcoll-strings_impl.adb
   [Ada]          gnatcoll-templates.adb
   [Ada]          gnatcoll.ads
   [Ada]          gnatcoll-remote-db.adb
   [Ada]          gnatcoll-storage_pools.ads
   [Ada]          gnatcoll-wstring_list_builders.adb
   [Ada]          gnatcoll-projects-aux.adb
   [Ada]          gnatcoll-scripts-projects.adb
   [Ada]          gnatcoll-tribooleans.adb
   [Ada]          gnatcoll-json.adb
   [Ada]          gnatcoll-projects-normalize.adb
   [Ada]          gnatcoll-damerau_levenshtein_generic.adb
   [Ada]          gnatcoll-coders-base64.adb
   [Ada]          gnatcoll-mmap.adb
   [Ada]          gnatcoll-email.adb
   [Ada]          gnatcoll-projects-krunch.adb
   [Ada]          gnatcoll-formatters.adb
   [Ada]          gnatcoll-asserts.adb
   [Ada]          gnatcoll-format_columns_vertical.ads
   [Ada]          gnatcoll-strings.ads
   [Ada]          gnatcoll-any_types.adb
   [Ada]          gnatcoll-atomic.adb
   [Ada]          gnatcoll-json-utility.adb
   [Ada]          gnatcoll-io-remote-unix.adb
   [Ada]          gnatcoll-memory.adb
   [Ada]          gnatcoll-scripts-files.adb
   [Ada]          gnatcoll-pools.adb
   [Ada]          gnatcoll-scripts.adb
   [Ada]          gnatcoll-promises.adb
   [Ada]          gnatcoll-io-remote-windows.adb
   [Ada]          gnatcoll-io.adb
   [Ada]          gnatcoll-boyer_moore.adb
   [Ada]          gnatcoll-email-mailboxes.adb
   [Ada]          gnatcoll-coders.adb
   [Ada]          gnatcoll-vfs.adb
   [Ada]          gnatcoll-refcount-weakref.adb
   [Ada]          gnatcoll-scripts-utils.adb
   [Ada]          gnatcoll-symbols.adb
   [Ada]          gnatcoll-io-remote.adb
   [Ada]          gnatcoll-file_paths.adb
   [Ada]          gnatcoll-scripts-impl.adb
   [Ada]          gnatcoll-vfs_types.ads
   [Ada]          gnatcoll-string_builders.adb
   [Ada]          gnatcoll-io-native.adb
   [Ada]          gnatcoll-string_list_builders.adb
   [Ada]          gnatcoll-storage_pools-headers.adb
   [Ada]          gnatcoll-traces.adb
   [Ada]          gnatcoll-path.adb
   [Ada]          gnatcoll-email-parser.adb
   [Ada]          gnatcoll-geometry.adb
   [Ada]          gnatcoll-locks.adb
   [Ada]          gnatcoll-opt_parse.adb
   [Ada]          gnatcoll-file_indexes.adb
   [Ada]          gnatcoll-utils.adb
   [Ada]          gnatcoll-coders-streams.adb
   [Ada]          gnatcoll-storage_pools-alignment.adb
   [Ada]          gnatcoll-arg_lists.adb
   [Ada]          gnatcoll-config.adb
   [Ada]          gnatcoll-vfs_utils.adb
   [Ada]          gnatcoll-mmap-system__unix.adb
   [Ada]          gnatcoll-plugins__unix.adb
   [Ada]          gnatcoll-os-process_types__unix.adb
   [Ada]          gnatcoll-os-constants__unix.ads
   [Ada]          gnatcoll-os-dir_types__unix.ads
   [Ada]          gnatcoll-os-libc_constants__linux.ads
   [C]            sqlite3.c
   [C]            shell.c
   [Ada]          gnatcoll-sql-sqlite-gnade.adb
   [Ada]          gnatcoll-sql-sqlite-builder.adb
   [Ada]          gnatcoll-sql-sqlite.adb
/home/runner/work/alire-crates-ci/alire-crates-ci/test/09635e32-96cc-43c7-acaa-605544da8c4b/gnatcoll_sqlite_24.0.0_4b44508a/sqlite/amalgamation/sqlite3.c: In function ‘sqlite3SelectNew’:
/home/runner/work/alire-crates-ci/alire-crates-ci/test/09635e32-96cc-43c7-acaa-605544da8c4b/gnatcoll_sqlite_24.0.0_4b44508a/sqlite/amalgamation/sqlite3.c:117842:10: warning: function may return address of local variable [-Wreturn-local-addr]
117842 |   return pNew;
       |          ^~~~
/home/runner/work/alire-crates-ci/alire-crates-ci/test/09635e32-96cc-43c7-acaa-605544da8c4b/gnatcoll_sqlite_24.0.0_4b44508a/sqlite/amalgamation/sqlite3.c:117801:10: note: declared here
117801 |   Select standin;
       |          ^~~~~~~
/home/runner/work/alire-crates-ci/alire-crates-ci/test/09635e32-96cc-43c7-acaa-605544da8c4b/gnatcoll_sqlite_24.0.0_4b44508a/sqlite/amalgamation/sqlite3.c:117801:10: note: declared here
Build Libraries
   [gprlib]       xmlada_dom.lexch
   [gprlib]       xmlada_schema.lexch
   [archive]      libxmlada_dom.a
   [index]        libxmlada_dom.a
   [gprlib]       gpr.lexch
   [archive]      libxmlada_schema.a
   [index]        libxmlada_schema.a
   [gprlib]       gnatcoll.lexch
   [archive]      libgpr.a
   [index]        libgpr.a
   [gprlib]       gnatcoll_sql.lexch
   [archive]      libgnatcoll.a
   [index]        libgnatcoll.a
   [gprlib]       gnatcoll_sqlite.lexch
   [archive]      libgnatcoll_sql.a
   [index]        libgnatcoll_sql.a
   [archive]      libgnatcoll_sqlite.a
   [index]        libgnatcoll_sqlite.a

gnatcoll_sqlite=24.0.0 successfully retrieved and built.
Dependencies were solved as follows:

   +b gnat         13.2.1 (new,gnat_external,indirect,executable in path)
   +  gnatcoll     24.0.0 (new)
   +  gnatcoll_sql 24.0.0 (new)
   +  libgpr       24.0.0 (new,indirect)
   +  xmlada       24.0.0 (new,indirect)
Found declared GPR file: sqlite/gnatcoll_sqlite.gpr
