Test ran at 2022-08-13 00:46:24.460642+00:00

SOLUTION:
minisamd51_bsp=0.1.0: Board Support Package for the MiniSAM D51
Origin: commit 51bae74f582e016f0d4905c393eb677f71c32359 from https://github.com/Fabien-Chouteau/minisamd51_bsp.git
Properties:
   Description: Board Support Package for the MiniSAM D51
   License: BSD-3-Clause
   Maintainer: chouteau@adacore.com
   Maintainers_Logins: Fabien-Chouteau
   Name: minisamd51_bsp
   Tag: embedded
   Tag: nostd
   Tag: samd51
   Tag: minisam
   Version: 0.1.0
   Website: https://github.com/Fabien-Chouteau/minisamd51_bsp
Dependencies (direct):
   hal^0.1.0
   samd51_hal^0.2.0
Dependencies (solution):
   cortex_m=0.4.0
   gnat_arm_elf=12.1.2 (installed)
   hal=0.3.0
   samd51_hal=0.2.0
Dependencies (graph):
   cortex_m=0.4.0       --> gnat_arm_elf=12.1.2 (>=11)
   cortex_m=0.4.0       --> hal=0.3.0 (~0.3)          
   minisamd51_bsp=0.1.0 --> hal=0.3.0 (^0.1.0)        
   minisamd51_bsp=0.1.0 --> samd51_hal=0.2.0 (^0.2.0) 
   samd51_hal=0.2.0     --> cortex_m=0.4.0 (^0.1.0)   
   samd51_hal=0.2.0     --> hal=0.3.0 (^0.1.0)        


LOG:
Note: Deploying minisamd51_bsp=0.1.0...
Note: Deploying gnat_arm_elf=12.1.2...
#=#=#                                                                         

                                                                           0.0%
#                                                                          2.6%
####                                                                       5.9%
######                                                                     8.5%
#######                                                                   10.7%
########                                                                  11.3%
#########                                                                 13.6%
###########                                                               15.8%
############                                                              16.9%
#############                                                             18.6%
###############                                                           21.2%
################                                                          22.7%
##################                                                        25.4%
#####################                                                     30.2%
######################                                                    31.7%
##########################                                                36.7%
############################                                              40.0%
###############################                                           44.0%
##################################                                        47.9%
#####################################                                     51.8%
#########################################                                 57.1%
############################################                              62.0%
###############################################                           66.3%
###################################################                       71.8%
######################################################                    75.8%
#######################################################                   76.7%
##########################################################                81.2%
#############################################################             84.9%
##############################################################            87.4%
################################################################          90.2%
##################################################################        92.2%
###################################################################       94.4%
#######################################################################   98.9%
######################################################################## 100.0%
Note: gnat_arm_elf=12.1.2 installed successfully.
Note: Deploying hal=0.3.0...
Note: Deploying cortex_m=0.4.0...
Note: Deploying samd51_hal=0.2.0...
stderr: Configuration variable 'cortex_m.core not set and has no default value.
ERROR: Configuration variable 'cortex_m.core not set and has no default value.
