Test ran at 2024-12-27 12:39:07.132537+00:00

SOLUTION:
hal=0.3.0: Hardware Abstraction Layer (HAL)
Origin: commit 095ae5140d55ba5bc3905295d1029e79e1f11d43 from https://github.com/Fabien-Chouteau/hal.git
Properties:
   Description: Hardware Abstraction Layer (HAL)
   License: BSD-3-Clause
   Long_Description: # hal

Hardware Abstraction Layer: interfaces definitions to abstract access to common
hardware devices and protocols

This crate is a snapshot of the `hal` in [Ada Drivers
Library](https://github.com/AdaCore/Ada_Drivers_Library/tree/master/hal/src).

Any bug report, issue, contribution must be adressed to the [Ada Drivers
Library](https://github.com/AdaCore/Ada_Drivers_Library/) repo.


   Maintainer: chouteau@adacore.com
   Maintainers_Logins: Fabien-Chouteau
   Name: hal
   Project_File: hal.gpr
   Tag: embedded
   Tag: hal
   Tag: nostd
   Version: 0.3.0


LOG:
Note: Deploying hal=0.3.0...
Note: Building hal/hal.gpr...
Setup
   [mkdir]        object directory for project HAL
   [mkdir]        library directory for project HAL
Compile
   [Ada]          hal-bitmap.ads
   [Ada]          hal-gpio.ads
   [Ada]          hal-sdmmc.adb
   [Ada]          hal-i2c.ads
   [Ada]          hal-audio.ads
   [Ada]          hal-touch_panel.ads
   [Ada]          hal-framebuffer.ads
   [Ada]          hal-filesystem.ads
   [Ada]          hal.ads
   [Ada]          hal-uart.ads
   [Ada]          hal-dsi.ads
   [Ada]          hal-block_drivers.ads
   [Ada]          hal-spi.ads
   [Ada]          hal-time.ads
   [Ada]          hal-real_time_clock.ads
Build Libraries
   [gprlib]       hal.lexch
   [archive]      libhal.a
   [index]        libhal.a
Build finished successfully in 3.03 seconds.

hal=0.3.0 successfully retrieved and built.
There are no dependencies.
Found declared GPR file: hal.gpr
