Test ran at 2022-06-16 01:21:32.341131+00:00

SOLUTION:
gnat_native=11.2.4: The GNAT Ada compiler - Native
Provides: gnat=11.2.4
Origin: (case OS is Linux => (case Word_Size is Bits_64 => binary archive gnat-x86_64-linux-11.2.0-4.tar.gz at https://github.com/alire-project/GNAT-FSF-builds/releases/download/gnat-11.2.0-4/gnat-x86_64-linux-11.2.0-4.tar.gz), Macos => (case Word_Size is Bits_64 => binary archive gnat-x86_64-darwin-11.2.0-4.tar.gz at https://github.com/alire-project/GNAT-FSF-builds/releases/download/gnat-11.2.0-4/gnat-x86_64-darwin-11.2.0-4.tar.gz), Windows => (case Word_Size is Bits_64 => binary archive gnat-x86_64-windows64-11.2.0-4.tar.gz at https://github.com/alire-project/GNAT-FSF-builds/releases/download/gnat-11.2.0-4/gnat-x86_64-windows64-11.2.0-4.tar.gz)) with hash sha256:2f37a10bd215a679b6a4af393b56b2a4fb6ccbedd293a34764e36fea635c58b0
Properties:
   Auto_Gpr_With: auto-gpr-with=false
   Configuration: no modifiers
   Description: The GNAT Ada compiler - Native
   Environment: PATH=${CRATE_ROOT}/bin:${PATH}
   License: GPL-3.0-or-later AND GPL-3.0-or-later WITH GCC-exception-3.1
   Maintainer: chouteau@adacore.com
   Maintainers_Logins: Fabien-Chouteau
   Name: gnat_native
   Version: 11.2.4


LOG:
Note: Deploying gnat_native=11.2.4...
#=#=#                                                                         

                                                                           0.0%
####                                                                       6.9%
###########                                                               15.5%
##############                                                            20.2%
####################                                                      28.5%
########################                                                  33.6%
#############################                                             41.0%
################################                                          45.3%
####################################                                      51.0%
#########################################                                 57.2%
###########################################                               60.6%
#################################################                         69.0%
#######################################################                   77.2%
###########################################################               83.3%
#################################################################         90.9%
###################################################################       94.2%
######################################################################## 100.0%
Note: Skipping build step for binary release gnat_native=11.2.4

gnat_native=11.2.4 successfully retrieved and deployed.
There are no dependencies.
