Test ran at 2023-03-13 13:09:03.913403+00:00

SOLUTION:
remoteio=1.20946.1: Remote I/O Protocol Client Library for GNAT Ada
Origin: source archive remoteio-1.20946.1.tbz2 at http://repo.munts.com/alire/remoteio-1.20946.1.tbz2 with hashes sha256:3465514d6bfe1b9d74c05eb4b545f92aaacba137f59d2ec0089a294be9d9db7d, sha512:658f6eb016124ac958a35a62cbc2dab1b09ee66ae472528e302a498354a0282b6ee70c350f1d2b7cf8f30309f2206105449ffed36fbcd76fbacca88f60ca54d2
Available when: (case OS is Linux => True, Macos => True, Windows => True, others => False)
Properties:
   case OS is
      when Linux => Post_Fetch run: ${CRATE_DIR}/./sh -c ./src/scripts/postfetch.linux
      when Macos => Post_Fetch run: ${CRATE_DIR}/./sh -c ./src/scripts/postfetch.macos
      when Windows => Post_Fetch run: ${CRATE_DIR}/./sh -c ./src/scripts/postfetch.windows
   Author: Philip Munts
   Description: Remote I/O Protocol Client Library for GNAT Ada
   License: BSD-1-Clause
   Maintainer: Philip Munts <phil@munts.net>
   Maintainers_Logins: pmunts
   Name: remoteio
   Project_File: remoteio.gpr
   Tag: embedded
   Tag: linux
   Tag: remoteio
   Tag: adc
   Tag: dac
   Tag: gpio
   Tag: i2c
   Tag: motor
   Tag: pwm
   Tag: sensor
   Tag: serial
   Tag: servo
   Tag: spi
   Tag: stepper
   Version: 1.20946.1
   Website: https://github.com/pmunts/libsimpleio
Dependencies (direct):
   case OS is
      when Linux => libhidapi*
   case OS is
      when Linux => libusb*
Dependencies (solution):
   libhidapi=0.10.1
   libusb=1.0.24
Dependencies (graph):
   remoteio=1.20946.1 --> libhidapi=0.10.1 (*)
   remoteio=1.20946.1 --> libusb=1.0.24 (*)   


LOG:
Note: Deploying remoteio=1.20946.1...
#=#=#                                                                         

#############                                                             18.1%
######################################################                    75.1%
######################################################################## 100.0%
Note: Deploying libhidapi=0.10.1...
The system package 'libhidapi-dev' is about to be installed.
This action might require admin privileges and impact your system installation.
Do you want Alire to install this system package?
Using default: Yes
debconf: delaying package configuration, since apt-utils is not installed
Selecting previously unselected package libusb-1.0-0:amd64.
(Reading database ... 
(Reading database ... 5%
(Reading database ... 10%
(Reading database ... 15%
(Reading database ... 20%
(Reading database ... 25%
(Reading database ... 30%
(Reading database ... 35%
(Reading database ... 40%
(Reading database ... 45%
(Reading database ... 50%
(Reading database ... 55%
(Reading database ... 60%
(Reading database ... 65%
(Reading database ... 70%
(Reading database ... 75%
(Reading database ... 80%
(Reading database ... 85%
(Reading database ... 90%
(Reading database ... 95%
(Reading database ... 100%
(Reading database ... 22419 files and directories currently installed.)
Preparing to unpack .../libusb-1.0-0_2%3a1.0.24-3_amd64.deb ...
Unpacking libusb-1.0-0:amd64 (2:1.0.24-3) ...
Selecting previously unselected package libhidapi-libusb0:amd64.
Preparing to unpack .../libhidapi-libusb0_0.10.1+dfsg-1_amd64.deb ...
Unpacking libhidapi-libusb0:amd64 (0.10.1+dfsg-1) ...
Selecting previously unselected package libhidapi-hidraw0:amd64.
Preparing to unpack .../libhidapi-hidraw0_0.10.1+dfsg-1_amd64.deb ...
Unpacking libhidapi-hidraw0:amd64 (0.10.1+dfsg-1) ...
Selecting previously unselected package libhidapi-dev:amd64.
Preparing to unpack .../libhidapi-dev_0.10.1+dfsg-1_amd64.deb ...
Unpacking libhidapi-dev:amd64 (0.10.1+dfsg-1) ...
Setting up libhidapi-hidraw0:amd64 (0.10.1+dfsg-1) ...
Setting up libusb-1.0-0:amd64 (2:1.0.24-3) ...
Setting up libhidapi-libusb0:amd64 (0.10.1+dfsg-1) ...
Setting up libhidapi-dev:amd64 (0.10.1+dfsg-1) ...
Processing triggers for libc-bin (2.31-13) ...
Note: Deploying libusb=1.0.24...
The system package 'libusb-1.0-0-dev' is about to be installed.
This action might require admin privileges and impact your system installation.
Do you want Alire to install this system package?
Using default: Yes
debconf: delaying package configuration, since apt-utils is not installed
Selecting previously unselected package libusb-1.0-0-dev:amd64.
(Reading database ... 
(Reading database ... 5%
(Reading database ... 10%
(Reading database ... 15%
(Reading database ... 20%
(Reading database ... 25%
(Reading database ... 30%
(Reading database ... 35%
(Reading database ... 40%
(Reading database ... 45%
(Reading database ... 50%
(Reading database ... 55%
(Reading database ... 60%
(Reading database ... 65%
(Reading database ... 70%
(Reading database ... 75%
(Reading database ... 80%
(Reading database ... 85%
(Reading database ... 90%
(Reading database ... 95%
(Reading database ... 100%
(Reading database ... 22449 files and directories currently installed.)
Preparing to unpack .../libusb-1.0-0-dev_2%3a1.0.24-3_amd64.deb ...
Unpacking libusb-1.0-0-dev:amd64 (2:1.0.24-3) ...
Selecting previously unselected package libusb-1.0-doc.
Preparing to unpack .../libusb-1.0-doc_2%3a1.0.24-3_all.deb ...
Unpacking libusb-1.0-doc (2:1.0.24-3) ...
Setting up libusb-1.0-doc (2:1.0.24-3) ...
Setting up libusb-1.0-0-dev:amd64 (2:1.0.24-3) ...
Note: Running post_fetch actions for remoteio=1.20946.1...
Note: Building remoteio/remoteio.gpr...
Setup
   [mkdir]        object directory for project RemoteIO
   [mkdir]        library directory for project RemoteIO
Compile
   [Ada]          clickboard-relay-remoteio.adb
   [Ada]          clickboard-expand-remoteio.adb
   [Ada]          clickboard-remoteio.adb
   [Ada]          clickboard-servers.adb
   [Ada]          clickboard-thermo-remoteio.adb
   [Ada]          clickboard-sevensegment-remoteio.adb
   [Ada]          clickboard-htu21d-remoteio.adb
   [Ada]          clickboard-expand2-remoteio.adb
   [Ada]          clickboard-thermo3-remoteio.adb
   [Ada]          clickboard-pwm_click-remoteio.adb
   [Ada]          clickboard-leds_8x8-remoteio.adb
   [Ada]          clickboard-adc-remoteio.adb
   [Ada]          clickboard-altitude-remoteio.adb
   [Ada]          clickboard-htu21d.ads
   [Ada]          clickboard-leds_8x8.adb
   [Ada]          clickboard-thermo.ads
   [Ada]          clickboard-template.ads
   [Ada]          clickboard-relay.ads
   [Ada]          clickboard.ads
   [Ada]          clickboard-pwm_click.ads
   [Ada]          clickboard-altitude.ads
   [Ada]          clickboard-sevensegment.adb
   [Ada]          clickboard-thermo3.ads
   [Ada]          clickboard-adc.adb
   [Ada]          clickboard-expand.adb
   [Ada]          clickboard-expand2.adb
   [Ada]          remoteio-client-udp.ads
   [Ada]          remoteio-munts_0008.ads
   [Ada]          remoteio-pocketbeagle.ads
   [Ada]          remoteio-lpc1114-adc.adb
   [Ada]          dac-remoteio.adb
   [Ada]          remoteio-lpc1114.adb
   [Ada]          remoteio-client-stream.ads
   [Ada]          remoteio-munts_0015.ads
   [Ada]          remoteio-munts_0009.ads
   [Ada]          remoteio-arduino.ads
   [Ada]          spi-remoteio.adb
   [Ada]          remoteio-munts_0016.ads
   [Ada]          remoteio-beaglebone.ads
   [Ada]          gpio-remoteio.adb
   [Ada]          remoteio-lpc1114-gpio.adb
   [Ada]          remoteio-abstract_device.adb
   [Ada]          remoteio-lpc1114-pwm.adb
   [Ada]          remoteio-munts_0018.ads
   [Ada]          remoteio-lpc1114-legorc.adb
   [Ada]          remoteio-raspberrypi.ads
   [Ada]          pwm-remoteio.adb
   [Ada]          remoteio-client-serial.adb
   [Ada]          remoteio-client-hidapi.ads
   [Ada]          adc-remoteio.adb
   [Ada]          remoteio-client-libusb.ads
   [Ada]          remoteio-client.adb
   [Ada]          remoteio-lpc1114-timers.adb
   [Ada]          i2c-remoteio.adb
   [Ada]          remoteio.ads
   [Ada]          hid-hidapi.adb
   [Ada]          motor-pwm.adb
   [Ada]          motor-servo.adb
   [Ada]          messaging-fixed-ada_streams.adb
   [Ada]          messaging-fixed-gnat_udp.adb
   [Ada]          hid-libusb.adb
   [Ada]          message64-udp.ads
   [Ada]          thermistor.adb
   [Ada]          reference_counted_table.adb
   [Ada]          gpio-pwm.adb
   [Ada]          debug.adb
   [Ada]          stream_framing_protocol.adb
   [Ada]          servo-pwm.ads
   [Ada]          message64-stream.ads
   [Ada]          motor-legorc.adb
   [Ada]          hid.adb
   [Ada]          io_interfaces.ads
   [Ada]          servo-pwm_template.adb
   [Ada]          messaging-text.ads
   [Ada]          analog.ads
   [Ada]          adc.adb
   [Ada]          accelerometer.ads
   [Ada]          stepper.ads
   [Ada]          truecolor.ads
   [Ada]          joystick.ads
   [Ada]          legorc.ads
   [Ada]          messaging.adb
   [Ada]          gpio.ads
   [Ada]          servo.ads
   [Ada]          magnetometer.ads
   [Ada]          i2c.adb
   [Ada]          voltage.ads
   [Ada]          humidity.ads
   [Ada]          logging.ads
   [Ada]          messaging-fixed.ads
   [Ada]          gyroscope.ads
   [Ada]          angle.ads
   [Ada]          spi.ads
   [Ada]          resistance.ads
   [Ada]          pwm.ads
   [Ada]          temperature.ads
   [Ada]          watchdog.ads
   [Ada]          message64.ads
   [Ada]          motor.ads
   [Ada]          pressure.ads
   [Ada]          dac.adb
   [Ada]          th02.adb
   [Ada]          ads1015.adb
   [Ada]          mcp3204.adb
   [Ada]          grove_adc.ads
   [Ada]          lps25h.adb
   [Ada]          grove_tb6612-motor.adb
   [Ada]          mcp23x17-byte.adb
   [Ada]          grove_tb6612-stepper.adb
   [Ada]          pca8574-gpio.adb
   [Ada]          mcp4822.adb
   [Ada]          tmp102.adb
   [Ada]          pca9685.adb
   [Ada]          pca9534-gpio.adb
   [Ada]          pca9685-pwm.adb
   [Ada]          pca9685-gpio.adb
   [Ada]          lsm9ds1.adb
   [Ada]          mcp3208.adb
lsm9ds1.adb:154:12: warning: function "ReadRegister" is not referenced
lsm9ds1.adb:250:16: warning: formal parameter "Self" is not referenced
   [Ada]          adc121c021.adb
   [Ada]          grove_temperature_humidity.ads
   [Ada]          mpl3115a2.adb
   [Ada]          mcp23x17-word.adb
   [Ada]          max7219.adb
   [Ada]          pca8574.adb
   [Ada]          tcs3472.adb
   [Ada]          hdc1080.adb
   [Ada]          hts221.adb
   [Ada]          hid-munts.ads
   [Ada]          htu21d.adb
   [Ada]          bmp280.adb
   [Ada]          mcp3202.adb
   [Ada]          grove_tb6612.adb
   [Ada]          cytron_md13s.adb
   [Ada]          mcp23x17.adb
   [Ada]          a4988.adb
   [Ada]          pca9534.adb
   [Ada]          grove_temperature.adb
   [Ada]          mcp23x17-gpio.adb
   [Ada]          tlc1543.adb
   [Ada]          max31855.adb
   [Ada]          errno.ads
   [Ada]          remoteio_config.ads
Build Libraries
   [gprlib]       remoteio.lexch
   [archive]      libremoteio.a
   [index]        libremoteio.a
Build finished successfully in 7.27 seconds.

remoteio=1.20946.1 successfully retrieved and built.
Dependencies were solved as follows:

   + libhidapi 0.10.1 (new)
   + libusb    1.0.24 (new)
Found declared GPR file: remoteio.gpr
