Test ran at 2022-05-27 05:33:01.074875+00:00

SOLUTION:
gnat_arm_elf=11.2.4: The GNAT Ada compiler - ARM cross-compiler
Provides: gnat=11.2.4
Origin: (case OS is Linux => (case Word_Size is Bits_64 => binary archive gnat-arm-elf-linux64-11.2.0-4.tar.gz at https://github.com/alire-project/GNAT-FSF-builds/releases/download/gnat-11.2.0-4/gnat-arm-elf-linux64-11.2.0-4.tar.gz), Macos => (case Word_Size is Bits_64 => binary archive gnat-arm-elf-darwin-11.2.0-4.tar.gz at https://github.com/alire-project/GNAT-FSF-builds/releases/download/gnat-11.2.0-4/gnat-arm-elf-darwin-11.2.0-4.tar.gz), Windows => (case Word_Size is Bits_64 => binary archive gnat-arm-elf-windows64-11.2.0-4.tar.gz at https://github.com/alire-project/GNAT-FSF-builds/releases/download/gnat-11.2.0-4/gnat-arm-elf-windows64-11.2.0-4.tar.gz)) with hash sha256:ba16d45c9d4a055e759e79692642cc50b537cd87de99dc6a845c92d8fe7380a3
Properties:
   Auto_Gpr_With: auto-gpr-with=false
   Configuration: no modifiers
   Description: The GNAT Ada compiler - ARM cross-compiler
   Environment: PATH=${CRATE_ROOT}/bin:${PATH}
   License: GPL-3.0-or-later AND GPL-3.0-or-later WITH GCC-exception-3.1
   Maintainer: chouteau@adacore.com
   Maintainers_Logins: Fabien-Chouteau
   Name: gnat_arm_elf
   Version: 11.2.4


LOG:
Note: Deploying release gnat_arm_elf=11.2.4...

                                                                           0.0%
##                                                                         3.6%
#####                                                                      7.4%
########                                                                  12.3%
##########                                                                14.6%
#############                                                             19.4%
###############                                                           21.9%
##################                                                        25.1%
####################                                                      29.1%
#####################                                                     30.3%
#######################                                                   32.7%
########################                                                  33.9%
#########################                                                 35.1%
############################                                              40.0%
#################################                                         45.9%
##################################                                        47.3%
####################################                                      50.9%
######################################                                    54.0%
#########################################                                 57.6%
##########################################                                59.4%
############################################                              61.8%
################################################                          67.8%
##################################################                        70.3%
######################################################                    75.1%
########################################################                  78.7%
###########################################################               83.2%
##############################################################            87.0%
##############################################################            87.2%
#################################################################         90.9%
####################################################################      95.7%
######################################################################## 100.0%
gprbuild: project file "gnat_arm_elf.gpr" not found in .::/home/runner/.config/alire/cache/dependencies/gnat_native_10.3.2_d7078088:/home/runner/.config/alire/cache/dependencies/gprbuild_22.0.1_24dfc1b5:/home/runner/work/alire-crates-ci/alire-crates-ci/test/754aebc3-f015-4580-a9ec-bd4b3a55277c/gnat_arm_elf_11.2.4_ba16d45c
stderr: Command ["gprbuild", "-gnatwU", "-j0", "-p", "-P", "gnat_arm_elf.gpr"] exited with code 4
ERROR: Command ["gprbuild", "-gnatwU", "-j0", "-p", "-P", "gnat_arm_elf.gpr"] exited with code 4

Warning: gnat_arm_elf=11.2.4 successfully retrieved but its build failed.
There are no dependencies.
ERROR: Build ended with errors
