Test ran at 2023-07-20 00:57:23.449856+00:00

SOLUTION:
gnat_arm_elf=12.2.1: The GNAT Ada compiler - ARM cross-compiler
Provides: gnat=12.2.1
Origin: (case OS is Linux => (case Host_Arch is X86_64 => binary archive gnat-arm-elf-linux64-12.2.0-1.tar.gz at https://github.com/alire-project/GNAT-FSF-builds/releases/download/gnat-12.2.0-1/gnat-arm-elf-linux64-12.2.0-1.tar.gz), Macos => (case Host_Arch is X86_64 => binary archive gnat-arm-elf-darwin-12.2.0-1.tar.gz at https://github.com/alire-project/GNAT-FSF-builds/releases/download/gnat-12.2.0-1/gnat-arm-elf-darwin-12.2.0-1.tar.gz), Windows => (case Host_Arch is X86_64 => binary archive gnat-arm-elf-windows64-12.2.0-1.tar.gz at https://github.com/alire-project/GNAT-FSF-builds/releases/download/gnat-12.2.0-1/gnat-arm-elf-windows64-12.2.0-1.tar.gz)) with hash sha256:9be2ca0ea66cda44cdbbd136f0ef24517c7e25139df80d104b304cad8712d189
Properties:
   Auto_Gpr_With: auto-gpr-with=false
   Configuration: no modifiers
   Description: The GNAT Ada compiler - ARM cross-compiler
   Environment: PATH=${CRATE_ROOT}/bin:${PATH}
   License: GPL-3.0-or-later AND GPL-3.0-or-later WITH GCC-exception-3.1
   Maintainer: chouteau@adacore.com
   Maintainers_Logins: Fabien-Chouteau
   Name: gnat_arm_elf
   Version: 12.2.1


LOG:
Note: Deploying gnat_arm_elf=12.2.1...
#=#=#                                                                         
##O#-#                                                                        
##O=#  #                                                                      
#=#=-#  #                                                                     

                                                                           0.0%
                                                                           1.0%
                                                                           1.1%
##                                                                         2.9%
###                                                                        4.6%
####                                                                       6.4%
#####                                                                      8.0%
#######                                                                   10.2%
########                                                                  12.0%
#########                                                                 13.8%
###########                                                               15.4%
############                                                              17.7%
##############                                                            19.5%
##############                                                            19.6%
###############                                                           22.0%
#################                                                         24.1%
#################                                                         24.6%
###################                                                       27.4%
#####################                                                     30.2%
#######################                                                   32.7%
########################                                                  34.4%
##########################                                                36.5%
###########################                                               38.3%
############################                                              40.1%
##############################                                            41.8%
###############################                                           43.6%
################################                                          45.4%
#################################                                         47.0%
###################################                                       49.2%
####################################                                      51.0%
#####################################                                     52.7%
#######################################                                   54.5%
########################################                                  56.2%
#########################################                                 57.9%
###########################################                               59.8%
############################################                              61.6%
#############################################                             63.3%
##############################################                            64.9%
################################################                          66.9%
#################################################                         68.5%
##################################################                        70.3%
###################################################                       72.1%
#####################################################                     73.9%
######################################################                    75.6%
#######################################################                   77.6%
#########################################################                 79.4%
##########################################################                81.1%
###########################################################               82.9%
############################################################              84.5%
##############################################################            86.4%
###############################################################           88.3%
################################################################          90.1%
##################################################################        91.8%
###################################################################       93.6%
####################################################################      95.5%
######################################################################    97.2%
#######################################################################   99.0%
######################################################################## 100.0%

gnat_arm_elf=12.2.1 successfully retrieved.
There are no dependencies.
Warning: Binary release does not contain default project file: gnat_arm_elf.gpr
