Test ran at 2024-07-24 01:58:15.163479+00:00

SOLUTION:
ayacc=1.4.0: An Ada LARL(1) parser generator
Origin: commit c06f997fee0272923568c413fa6a0bd78b2155fb from https://github.com/Ada-France/ayacc.git
Properties:
   Author: David Taback
   Author: Deepak Tolani
   Configuration: no modifiers
   Description: An Ada LARL(1) parser generator
   Environment: MANPATH=${CRATE_ROOT}/man:${MANPATH}
   Environment: PATH=${CRATE_ROOT}/bin:${PATH}
   Executable: ayacc
   GPR Scenario: AYACC_BUILD := distrib | debug | optimize | profile | coverage
   License: Unlicense
   Long_Description: Ayacc is an Ada parser generator in the style of yacc(1).

The first implementation was written by David Taback and Deepak Tolani
at the University of California, Irvine.  The last version that was released
appeared to be the Ayacc 1.1 released in 1994.

Ayacc was used and improved by P2Ada, the Pascal to Ada translator.
This version of Ayacc is derived from the P2Ada ayacc implementation
released in August 2010.

This version brings a number of improvements:

- Ayacc now uses more standard options to configure the code generation
- The parser was improved to configure the parser stack size and
  support Ada child packages.
- The grammar supports the %unit directive to control the Ada child packages.
- Several options provide a better control of the generated code.
- Ayacc can generate a reentrant parser.


   Maintainer: Stephane.Carrez@gmail.com
   Maintainers_Logins: stcarrez
   Name: ayacc
   Tag: parser
   Tag: generator
   Tag: grammar
   Version: 1.4.0
   Website: https://github.com/Ada-France/ayacc


LOG:
Note: Deploying ayacc=1.4.0...
Note: Building ayacc/ayacc.gpr...
Setup
   [mkdir]        object directory for project ayacc
   [mkdir]        exec directory for project ayacc
Compile
   [Ada]          ayacc.adb
ayacc.adb:60:114: warning: renamed predefined unit is an obsolescent feature (RM J.1) [-gnatwj]
   [Ada]          ayacc_file_names.adb
   [Ada]          error_report_file.adb
   [Ada]          options.adb
error_report_file.adb:1:24: warning: renamed predefined unit is an obsolescent feature (RM J.1) [-gnatwj]
   [Ada]          output_file.adb
   [Ada]          parse_table.adb
   [Ada]          parse_template_file.adb
   [Ada]          parser.adb
   [Ada]          rule_table.adb
parse_table.adb:44:63: warning: renamed predefined unit is an obsolescent feature (RM J.1) [-gnatwj]
   [Ada]          source_file.adb
   [Ada]          symbol_table.adb
parser.adb:49:06: warning: renamed predefined unit is an obsolescent feature (RM J.1) [-gnatwj]
   [Ada]          tokens_file.adb
source_file.adb:49:06: warning: renamed predefined unit is an obsolescent feature (RM J.1) [-gnatwj]
   [Ada]          str_pack.adb
   [Ada]          string_pkg.adb
   [Ada]          actions_file.adb
tokens_file.adb:55:51: warning: renamed predefined unit is an obsolescent feature (RM J.1) [-gnatwj]
   [Ada]          parse_template_file-templates.ads
   [Ada]          goto_file.adb
actions_file.adb:53:06: warning: renamed predefined unit is an obsolescent feature (RM J.1) [-gnatwj]
   [Ada]          lalr_symbol_info.adb
string_pkg.adb:13:06: warning: renamed predefined unit is an obsolescent feature (RM J.1) [-gnatwj]
string_pkg.adb:367:46: warning: null range [enabled by default]
   [Ada]          lr0_machine.adb
goto_file.adb:1:06: warning: renamed predefined unit is an obsolescent feature (RM J.1) [-gnatwj]
   [Ada]          shift_reduce_file.adb
lalr_symbol_info.adb:53:06: warning: renamed predefined unit is an obsolescent feature (RM J.1) [-gnatwj]
   [Ada]          symbol_info.adb
shift_reduce_file.adb:1:06: warning: renamed predefined unit is an obsolescent feature (RM J.1) [-gnatwj]
   [Ada]          verbose_file.adb
symbol_info.adb:44:06: warning: renamed predefined unit is an obsolescent feature (RM J.1) [-gnatwj]
   [Ada]          lexical_analyzer.adb
verbose_file.adb:49:06: warning: renamed predefined unit is an obsolescent feature (RM J.1) [-gnatwj]
   [Ada]          lists.adb
lists.adb:1:06: warning: renamed predefined unit is an obsolescent feature (RM J.1) [-gnatwj]
   [Ada]          stack_pkg.adb
stack_pkg.adb:13:06: warning: renamed predefined unit is an obsolescent feature (RM J.1) [-gnatwj]
   [Ada]          ragged.adb
lr0_machine.adb:44:19: warning: renamed predefined unit is an obsolescent feature (RM J.1) [-gnatwj]
   [Ada]          stack_pack.adb
ragged.adb:1:06: warning: renamed predefined unit is an obsolescent feature (RM J.1) [-gnatwj]
   [Ada]          set_pack.adb
stack_pack.adb:1:06: warning: renamed predefined unit is an obsolescent feature (RM J.1) [-gnatwj]
Bind
   [gprbind]      ayacc.bexch
   [Ada]          ayacc.ali
Link
   [link]         ayacc.adb
-macosx_version_min has been renamed to -macos_version_min
ld: warning: -s is obsolete
0  0x10497cf43  __assert_rtn + 64
1  0x10487ef43  ld::AtomPlacement::findAtom(unsigned char, unsigned long long, ld::AtomPlacement::AtomLoc const*&, long long&) const + 1411
2  0x10489b431  ld::InputFiles::SliceParser::parseObjectFile(mach_o::Header const*) const + 19745
3  0x1048abb71  ld::InputFiles::parseAllFiles(void (ld::AtomFile const*) block_pointer)::$_7::operator()(unsigned long, ld::FileInfo const&) const + 657
4  0x7ff80e04edef  _dispatch_client_callout2 + 8
5  0x7ff80e060547  _dispatch_apply_invoke3 + 431
6  0x7ff80e04edbc  _dispatch_client_callout + 8
7  0x7ff80e05004e  _dispatch_once_callout + 20
8  0x7ff80e05f740  _dispatch_apply_invoke + 184
9  0x7ff80e04edbc  _dispatch_client_callout + 8
10  0x7ff80e05e2ca  _dispatch_root_queue_drain + 871
11  0x7ff80e05e84f  _dispatch_worker_thread2 + 152
12  0x7ff80e1ecb43  _pthread_wqthread + 262
ld: Assertion failed: (resultIndex < sectData.atoms.size()), function findAtom, file Relocations.cpp, line 1336.
collect2: error: ld returned 1 exit status
gprbuild: link of ayacc.adb failed
gprbuild: failed command was: /users/runner/.config/alire/cache/dependencies/gnat_native_13.1.0_071d715c/bin/gcc ayacc.o b__ayacc.o /Users/runner/work/alire-crates-ci/alire-crates-ci/test/71daef66-ae4f-427d-a904-4da878260476/ayacc_1.4.0_c06f997f/obj/lists.o /Users/runner/work/alire-crates-ci/alire-crates-ci/test/71daef66-ae4f-427d-a904-4da878260476/ayacc_1.4.0_c06f997f/obj/ragged.o /Users/runner/work/alire-crates-ci/alire-crates-ci/test/71daef66-ae4f-427d-a904-4da878260476/ayacc_1.4.0_c06f997f/obj/set_pack.o /Users/runner/work/alire-crates-ci/alire-crates-ci/test/71daef66-ae4f-427d-a904-4da878260476/ayacc_1.4.0_c06f997f/obj/stack_pack.o /Users/runner/work/alire-crates-ci/alire-crates-ci/test/71daef66-ae4f-427d-a904-4da878260476/ayacc_1.4.0_c06f997f/obj/stack_pkg.o /Users/runner/work/alire-crates-ci/alire-crates-ci/test/71daef66-ae4f-427d-a904-4da878260476/ayacc_1.4.0_c06f997f/obj/str_pack.o /Users/runner/work/alire-crates-ci/alire-crates-ci/test/71daef66-ae4f-427d-a904-4da878260476/ayacc_1.4.0_c06f997f/obj/string_pkg.o /Users/runner/work/alire-crates-ci/alire-crates-ci/test/71daef66-ae4f-427d-a904-4da878260476/ayacc_1.4.0_c06f997f/obj/ayacc_file_names.o /Users/runner/work/alire-crates-ci/alire-crates-ci/test/71daef66-ae4f-427d-a904-4da878260476/ayacc_1.4.0_c06f997f/obj/actions_file.o /Users/runner/work/alire-crates-ci/alire-crates-ci/test/71daef66-ae4f-427d-a904-4da878260476/ayacc_1.4.0_c06f997f/obj/shift_reduce_file.o /Users/runner/work/alire-crates-ci/alire-crates-ci/test/71daef66-ae4f-427d-a904-4da878260476/ayacc_1.4.0_c06f997f/obj/source_file.o /Users/runner/work/alire-crates-ci/alire-crates-ci/test/71daef66-ae4f-427d-a904-4da878260476/ayacc_1.4.0_c06f997f/obj/error_report_file.o /Users/runner/work/alire-crates-ci/alire-crates-ci/test/71daef66-ae4f-427d-a904-4da878260476/ayacc_1.4.0_c06f997f/obj/lexical_analyzer.o /Users/runner/work/alire-crates-ci/alire-crates-ci/test/71daef66-ae4f-427d-a904-4da878260476/ayacc_1.4.0_c06f997f/obj/options.o /Users/runner/work/alire-crates-ci/alire-crates-ci/test/71daef66-ae4f-427d-a904-4da878260476/ayacc_1.4.0_c06f997f/obj/parse_template_file.o /Users/runner/work/alire-crates-ci/alire-crates-ci/test/71daef66-ae4f-427d-a904-4da878260476/ayacc_1.4.0_c06f997f/obj/parse_template_file-templates.o /Users/runner/work/alire-crates-ci/alire-crates-ci/test/71daef66-ae4f-427d-a904-4da878260476/ayacc_1.4.0_c06f997f/obj/output_file.o /Users/runner/work/alire-crates-ci/alire-crates-ci/test/71daef66-ae4f-427d-a904-4da878260476/ayacc_1.4.0_c06f997f/obj/symbol_table.o /Users/runner/work/alire-crates-ci/alire-crates-ci/test/71daef66-ae4f-427d-a904-4da878260476/ayacc_1.4.0_c06f997f/obj/rule_table.o /Users/runner/work/alire-crates-ci/alire-crates-ci/test/71daef66-ae4f-427d-a904-4da878260476/ayacc_1.4.0_c06f997f/obj/goto_file.o /Users/runner/work/alire-crates-ci/alire-crates-ci/test/71daef66-ae4f-427d-a904-4da878260476/ayacc_1.4.0_c06f997f/obj/symbol_info.o /Users/runner/work/alire-crates-ci/alire-crates-ci/test/71daef66-ae4f-427d-a904-4da878260476/ayacc_1.4.0_c06f997f/obj/lr0_machine.o /Users/runner/work/alire-crates-ci/alire-crates-ci/test/71daef66-ae4f-427d-a904-4da878260476/ayacc_1.4.0_c06f997f/obj/lalr_symbol_info.o /Users/runner/work/alire-crates-ci/alire-crates-ci/test/71daef66-ae4f-427d-a904-4da878260476/ayacc_1.4.0_c06f997f/obj/tokens_file.o /Users/runner/work/alire-crates-ci/alire-crates-ci/test/71daef66-ae4f-427d-a904-4da878260476/ayacc_1.4.0_c06f997f/obj/parser.o /Users/runner/work/alire-crates-ci/alire-crates-ci/test/71daef66-ae4f-427d-a904-4da878260476/ayacc_1.4.0_c06f997f/obj/verbose_file.o /Users/runner/work/alire-crates-ci/alire-crates-ci/test/71daef66-ae4f-427d-a904-4da878260476/ayacc_1.4.0_c06f997f/obj/parse_table.o -s -L/Users/runner/work/alire-crates-ci/alire-crates-ci/test/71daef66-ae4f-427d-a904-4da878260476/ayacc_1.4.0_c06f997f/obj/ -L/Users/runner/work/alire-crates-ci/alire-crates-ci/test/71daef66-ae4f-427d-a904-4da878260476/ayacc_1.4.0_c06f997f/obj/ -L/users/runner/.config/alire/cache/dependencies/gnat_native_13.1.0_071d715c/lib/gcc/x86_64-apple-darwin21.6.0/13.1.0/adalib/ /users/runner/.config/alire/cache/dependencies/gnat_native_13.1.0_071d715c/lib/gcc/x86_64-apple-darwin21.6.0/13.1.0/adalib/libgnat.a -Wl,-rpath,@executable_path/..//obj -Wl,-rpath,@executable_path/../../../../../../..//.config/alire/cache/dependencies/gnat_native_13.1.0_071d715c/lib/gcc/x86_64-apple-darwin21.6.0/13.1.0/adalib -o /Users/runner/work/alire-crates-ci/alire-crates-ci/test/71daef66-ae4f-427d-a904-4da878260476/ayacc_1.4.0_c06f997f/bin//ayacc
stderr: Command ["gprbuild", "-s", "-j0", "-p", "-P", "/Users/runner/work/alire-crates-ci/alire-crates-ci/test/71daef66-ae4f-427d-a904-4da878260476/ayacc_1.4.0_c06f997f/ayacc.gpr"] exited with code 4
ERROR: Command ["gprbuild", "-s", "-j0", "-p", "-P", "/Users/runner/work/alire-crates-ci/alire-crates-ci/test/71daef66-ae4f-427d-a904-4da878260476/ayacc_1.4.0_c06f997f/ayacc.gpr"] exited with code 4
stderr: ALIRE.CHECKED_ERROR
stderr: Command ["gprbuild", "-s", "-j0", "-p", "-P", "/Users/runner/work/alire-crates-ci/alire-crates-ci/test/71daef66-ae4f-427d-a904-4da878260476/ayacc_1.4.0_c06f997f/ayacc.gpr"] exited with code 4
stderr: raised ALIRE.CHECKED_ERROR : alire-stored-error:1
Load address: 0x10050a000
Call stack traceback locations:
0x100e12415 0x100ae5e83 0x100cf8df9 0x100cf9581 0x100c59ac3 0x100c57f99 0x100c74873 0x100cc0dc1 0x100cbf81a 0x100c749b8 0x100c58349 0x1005699c1 0x10057a578 0x10057f01c 0x10060505c 0x1006103b8 0x10050b605 0x10050e914


Warning: ayacc=1.4.0 successfully retrieved but its build failed.
There are no dependencies.
ERROR: Build ended with errors
