Test ran at 2022-08-01 12:38:17.768651+00:00

SOLUTION:
asfml=2.5.2: ASFML is an Ada binding to SFML, the Simple and Fast Multimedia Library
Origin: commit b775db19d2c33e6172da96267cafc1a1e7567bb3 from https://github.com/mgrojo/ASFML.git
Properties:
   Author: Manuel Gomez
   Author: Dan Lee Vazquez Garcia
   Description: ASFML is an Ada binding to SFML, the Simple and Fast Multimedia Library
   License: custom-zlib-acknowledgement
   Maintainer: Manuel Gomez <mgrojo@gmail.com>
   Maintainers_Logins: mgrojo
   Name: asfml
   Tag: audio
   Tag: games
   Tag: opengl
   Tag: cross-platform
   Tag: multimedia
   Tag: binding
   Tag: graphics
   Tag: sfml
   Version: 2.5.2
   Website: https://mgrojo.github.io/ASFML/
Dependencies (direct):
   libcsfml^2.5
Dependencies (solution):
   libcsfml=2.5.0
Dependencies (graph):
   asfml=2.5.2 --> libcsfml=2.5.0 (^2.5)


LOG:
Note: Deploying asfml=2.5.2...
Note: Deploying libcsfml=2.5.0...
The system package 'libcsfml-dev' is about to be installed.
This action might require admin privileges and impact your system installation.
Do you want Alire to install this system package?
Using default: Yes
Selecting previously unselected package libasyncns0:amd64.
(Reading database ... 
(Reading database ... 5%
(Reading database ... 10%
(Reading database ... 15%
(Reading database ... 20%
(Reading database ... 25%
(Reading database ... 30%
(Reading database ... 35%
(Reading database ... 40%
(Reading database ... 45%
(Reading database ... 50%
(Reading database ... 55%
(Reading database ... 60%
(Reading database ... 65%
(Reading database ... 70%
(Reading database ... 75%
(Reading database ... 80%
(Reading database ... 85%
(Reading database ... 90%
(Reading database ... 95%
(Reading database ... 100%
(Reading database ... 230604 files and directories currently installed.)
Preparing to unpack .../00-libasyncns0_0.8-6_amd64.deb ...
Unpacking libasyncns0:amd64 (0.8-6) ...
Selecting previously unselected package libflac8:amd64.
Preparing to unpack .../01-libflac8_1.3.3-1build1_amd64.deb ...
Unpacking libflac8:amd64 (1.3.3-1build1) ...
Selecting previously unselected package libopenal-data.
Preparing to unpack .../02-libopenal-data_1%3a1.19.1-1_all.deb ...
Unpacking libopenal-data (1:1.19.1-1) ...
Selecting previously unselected package libsndio7.0:amd64.
Preparing to unpack .../03-libsndio7.0_1.5.0-3_amd64.deb ...
Unpacking libsndio7.0:amd64 (1.5.0-3) ...
Selecting previously unselected package libopenal1:amd64.
Preparing to unpack .../04-libopenal1_1%3a1.19.1-1_amd64.deb ...
Unpacking libopenal1:amd64 (1:1.19.1-1) ...
Selecting previously unselected package libsfml-system2.5:amd64.
Preparing to unpack .../05-libsfml-system2.5_2.5.1+dfsg-1build1_amd64.deb ...
Unpacking libsfml-system2.5:amd64 (2.5.1+dfsg-1build1) ...
Selecting previously unselected package libvorbisenc2:amd64.
Preparing to unpack .../06-libvorbisenc2_1.3.6-2ubuntu1_amd64.deb ...
Unpacking libvorbisenc2:amd64 (1.3.6-2ubuntu1) ...
Selecting previously unselected package libsfml-audio2.5:amd64.
Preparing to unpack .../07-libsfml-audio2.5_2.5.1+dfsg-1build1_amd64.deb ...
Unpacking libsfml-audio2.5:amd64 (2.5.1+dfsg-1build1) ...
Selecting previously unselected package libcsfml-audio2.5:amd64.
Preparing to unpack .../08-libcsfml-audio2.5_2.5-1build1_amd64.deb ...
Unpacking libcsfml-audio2.5:amd64 (2.5-1build1) ...
Selecting previously unselected package libsfml-window2.5:amd64.
Preparing to unpack .../09-libsfml-window2.5_2.5.1+dfsg-1build1_amd64.deb ...
Unpacking libsfml-window2.5:amd64 (2.5.1+dfsg-1build1) ...
Selecting previously unselected package libsfml-graphics2.5:amd64.
Preparing to unpack .../10-libsfml-graphics2.5_2.5.1+dfsg-1build1_amd64.deb ...
Unpacking libsfml-graphics2.5:amd64 (2.5.1+dfsg-1build1) ...
Selecting previously unselected package libcsfml-graphics2.5:amd64.
Preparing to unpack .../11-libcsfml-graphics2.5_2.5-1build1_amd64.deb ...
Unpacking libcsfml-graphics2.5:amd64 (2.5-1build1) ...
Selecting previously unselected package libsfml-network2.5:amd64.
Preparing to unpack .../12-libsfml-network2.5_2.5.1+dfsg-1build1_amd64.deb ...
Unpacking libsfml-network2.5:amd64 (2.5.1+dfsg-1build1) ...
Selecting previously unselected package libcsfml-network2.5:amd64.
Preparing to unpack .../13-libcsfml-network2.5_2.5-1build1_amd64.deb ...
Unpacking libcsfml-network2.5:amd64 (2.5-1build1) ...
Selecting previously unselected package libcsfml-system2.5:amd64.
Preparing to unpack .../14-libcsfml-system2.5_2.5-1build1_amd64.deb ...
Unpacking libcsfml-system2.5:amd64 (2.5-1build1) ...
Selecting previously unselected package libcsfml-window2.5:amd64.
Preparing to unpack .../15-libcsfml-window2.5_2.5-1build1_amd64.deb ...
Unpacking libcsfml-window2.5:amd64 (2.5-1build1) ...
Selecting previously unselected package libegl-mesa0:amd64.
Preparing to unpack .../16-libegl-mesa0_21.2.6-0ubuntu0.1~20.04.2_amd64.deb ...
Unpacking libegl-mesa0:amd64 (21.2.6-0ubuntu0.1~20.04.2) ...
Selecting previously unselected package libegl1:amd64.
Preparing to unpack .../17-libegl1_1.3.2-1~ubuntu0.20.04.2_amd64.deb ...
Unpacking libegl1:amd64 (1.3.2-1~ubuntu0.20.04.2) ...
Selecting previously unselected package libglx-dev:amd64.
Preparing to unpack .../18-libglx-dev_1.3.2-1~ubuntu0.20.04.2_amd64.deb ...
Unpacking libglx-dev:amd64 (1.3.2-1~ubuntu0.20.04.2) ...
Selecting previously unselected package libgl-dev:amd64.
Preparing to unpack .../19-libgl-dev_1.3.2-1~ubuntu0.20.04.2_amd64.deb ...
Unpacking libgl-dev:amd64 (1.3.2-1~ubuntu0.20.04.2) ...
Selecting previously unselected package libegl-dev:amd64.
Preparing to unpack .../20-libegl-dev_1.3.2-1~ubuntu0.20.04.2_amd64.deb ...
Unpacking libegl-dev:amd64 (1.3.2-1~ubuntu0.20.04.2) ...
Selecting previously unselected package libgles1:amd64.
Preparing to unpack .../21-libgles1_1.3.2-1~ubuntu0.20.04.2_amd64.deb ...
Unpacking libgles1:amd64 (1.3.2-1~ubuntu0.20.04.2) ...
Selecting previously unselected package libgles2:amd64.
Preparing to unpack .../22-libgles2_1.3.2-1~ubuntu0.20.04.2_amd64.deb ...
Unpacking libgles2:amd64 (1.3.2-1~ubuntu0.20.04.2) ...
Selecting previously unselected package libgles-dev:amd64.
Preparing to unpack .../23-libgles-dev_1.3.2-1~ubuntu0.20.04.2_amd64.deb ...
Unpacking libgles-dev:amd64 (1.3.2-1~ubuntu0.20.04.2) ...
Selecting previously unselected package libglu1-mesa:amd64.
Preparing to unpack .../24-libglu1-mesa_9.0.1-1build1_amd64.deb ...
Unpacking libglu1-mesa:amd64 (9.0.1-1build1) ...
Selecting previously unselected package libopengl0:amd64.
Preparing to unpack .../25-libopengl0_1.3.2-1~ubuntu0.20.04.2_amd64.deb ...
Unpacking libopengl0:amd64 (1.3.2-1~ubuntu0.20.04.2) ...
Selecting previously unselected package libopengl-dev:amd64.
Preparing to unpack .../26-libopengl-dev_1.3.2-1~ubuntu0.20.04.2_amd64.deb ...
Unpacking libopengl-dev:amd64 (1.3.2-1~ubuntu0.20.04.2) ...
Selecting previously unselected package libglvnd-dev:amd64.
Preparing to unpack .../27-libglvnd-dev_1.3.2-1~ubuntu0.20.04.2_amd64.deb ...
Unpacking libglvnd-dev:amd64 (1.3.2-1~ubuntu0.20.04.2) ...
Selecting previously unselected package libgl1-mesa-dev:amd64.
Preparing to unpack .../28-libgl1-mesa-dev_21.2.6-0ubuntu0.1~20.04.2_amd64.deb ...
Unpacking libgl1-mesa-dev:amd64 (21.2.6-0ubuntu0.1~20.04.2) ...
Selecting previously unselected package libglu1-mesa-dev:amd64.
Preparing to unpack .../29-libglu1-mesa-dev_9.0.1-1build1_amd64.deb ...
Unpacking libglu1-mesa-dev:amd64 (9.0.1-1build1) ...
Selecting previously unselected package libsndfile1:amd64.
Preparing to unpack .../30-libsndfile1_1.0.28-7ubuntu0.1_amd64.deb ...
Unpacking libsndfile1:amd64 (1.0.28-7ubuntu0.1) ...
Selecting previously unselected package libpulse0:amd64.
Preparing to unpack .../31-libpulse0_1%3a13.99.1-1ubuntu3.13_amd64.deb ...
Unpacking libpulse0:amd64 (1:13.99.1-1ubuntu3.13) ...
Selecting previously unselected package libcsfml-dev:amd64.
Preparing to unpack .../32-libcsfml-dev_2.5-1build1_amd64.deb ...
Unpacking libcsfml-dev:amd64 (2.5-1build1) ...
Setting up libopengl0:amd64 (1.3.2-1~ubuntu0.20.04.2) ...
Setting up libflac8:amd64 (1.3.3-1build1) ...
Setting up libegl-mesa0:amd64 (21.2.6-0ubuntu0.1~20.04.2) ...
Setting up libgles2:amd64 (1.3.2-1~ubuntu0.20.04.2) ...
Setting up libgles1:amd64 (1.3.2-1~ubuntu0.20.04.2) ...
Setting up libsfml-system2.5:amd64 (2.5.1+dfsg-1build1) ...
Setting up libsndio7.0:amd64 (1.5.0-3) ...
Setting up libasyncns0:amd64 (0.8-6) ...
Setting up libegl1:amd64 (1.3.2-1~ubuntu0.20.04.2) ...
Setting up libglx-dev:amd64 (1.3.2-1~ubuntu0.20.04.2) ...
Setting up libopenal-data (1:1.19.1-1) ...
Setting up libglu1-mesa:amd64 (9.0.1-1build1) ...
Setting up libopengl-dev:amd64 (1.3.2-1~ubuntu0.20.04.2) ...
Setting up libcsfml-system2.5:amd64 (2.5-1build1) ...
Setting up libgl-dev:amd64 (1.3.2-1~ubuntu0.20.04.2) ...
Setting up libvorbisenc2:amd64 (1.3.6-2ubuntu1) ...
Setting up libsfml-network2.5:amd64 (2.5.1+dfsg-1build1) ...
Setting up libegl-dev:amd64 (1.3.2-1~ubuntu0.20.04.2) ...
Setting up libopenal1:amd64 (1:1.19.1-1) ...
Setting up libsfml-window2.5:amd64 (2.5.1+dfsg-1build1) ...
Setting up libglu1-mesa-dev:amd64 (9.0.1-1build1) ...
Setting up libcsfml-network2.5:amd64 (2.5-1build1) ...
Setting up libsfml-audio2.5:amd64 (2.5.1+dfsg-1build1) ...
Setting up libsndfile1:amd64 (1.0.28-7ubuntu0.1) ...
Setting up libgles-dev:amd64 (1.3.2-1~ubuntu0.20.04.2) ...
Setting up libcsfml-audio2.5:amd64 (2.5-1build1) ...
Setting up libcsfml-window2.5:amd64 (2.5-1build1) ...
Setting up libsfml-graphics2.5:amd64 (2.5.1+dfsg-1build1) ...
Setting up libpulse0:amd64 (1:13.99.1-1ubuntu3.13) ...
Setting up libglvnd-dev:amd64 (1.3.2-1~ubuntu0.20.04.2) ...
Setting up libcsfml-graphics2.5:amd64 (2.5-1build1) ...
Setting up libgl1-mesa-dev:amd64 (21.2.6-0ubuntu0.1~20.04.2) ...
Setting up libcsfml-dev:amd64 (2.5-1build1) ...
Processing triggers for libc-bin (2.31-0ubuntu9.9) ...
Note: Building asfml/asfml.gpr...
Setup
   [mkdir]        object directory for project ASFML
   [mkdir]        library directory for project ASFML
Compile
   [Ada]          sf-audio-listener.ads
   [Ada]          sf-network-tcplistener.ads
   [Ada]          sf-window-event.ads
   [Ada]          sf-graphics-glsl.ads
   [Ada]          sf-graphics-rect.ads
   [Ada]          sf-graphics-shader.ads
   [Ada]          sf-network-udpsocket.ads
   [Ada]          sf-system-inputstream.ads
   [Ada]          sf-network-socketselector.ads
   [Ada]          sf-graphics-circleshape.ads
   [Ada]          sf-network.ads
   [Ada]          sf-graphics.ads
   [Ada]          sf-graphics-transform.ads
   [Ada]          sf-system-clock.ads
   [Ada]          sf-window-glu.ads
   [Ada]          sf-graphics-texture.adb
   [Ada]          sf-window-sensor.ads
sf-graphics-texture.adb:48:07: warning: "R" is not modified, could be declared constant
   [Ada]          sf-window-window.adb
   [Ada]          sf-audio-soundbufferrecorder.adb
sf-window-window.adb:65:07: warning: "R" is not modified, could be declared constant
sf-window-window.adb:102:07: warning: "R" is not modified, could be declared constant
   [Ada]          sf-window-mouse.ads
sf-audio-soundbufferrecorder.adb:29:07: warning: "Result" is not modified, could be declared constant
   [Ada]          sf-audio-sound.ads
   [Ada]          sf-audio-music.adb
   [Ada]          sf-graphics-convexshape.ads
sf-audio-music.adb:49:07: warning: "R" is not modified, could be declared constant
   [Ada]          sf-graphics-shape.ads
   [Ada]          sf-graphics-blendmode.ads
   [Ada]          sf-window-keyboard.ads
   [Ada]          sf-graphics-vertexarray.ads
   [Ada]          sf-network-http.adb
   [Ada]          sf-audio-soundstatus.ads
   [Ada]          sf-graphics-vertex.ads
sf-network-http.adb:107:10: warning: "R" is not modified, could be declared constant
sf-network-http.adb:130:10: warning: "R" is not modified, could be declared constant
   [Ada]          sf-window-joystickidentification.ads
   [Ada]          sf-audio.ads
   [Ada]          sf-system-vector2.ads
   [Ada]          sf-window-videomode.ads
   [Ada]          sf-window-touch.ads
   [Ada]          sf-system.ads
   [Ada]          sf-graphics-transformable.ads
   [Ada]          sf-graphics-sprite.ads
   [Ada]          sf-graphics-renderwindow.adb
   [Ada]          sf-graphics-glyph.ads
sf-graphics-renderwindow.adb:32:08: warning: "Interfaces" is already use-visible through previous use_clause at sf.ads:136
sf-graphics-renderwindow.adb:59:07: warning: "R" is not modified, could be declared constant
   [Ada]          sf-graphics-rectangleshape.ads
   [Ada]          sf-window-windowhandle.ads
   [Ada]          sf.ads
   [Ada]          sf-system-vector3.ads
sf-system-vector3.ads:20:16: warning: no entities of "Interfaces.C" are referenced
   [Ada]          sf-network-socketstatus.ads
   [Ada]          sf-network-tcpsocket.ads
   [Ada]          sf-network-packet.adb
sf.ads:47:06: warning: unit "System" is not referenced
   [Ada]          sf-window-context.ads
   [Ada]          sf-graphics-color.ads
   [Ada]          sf-network-ftp.adb
   [Ada]          sf-graphics-rendertexture.ads
sf-network-ftp.adb:47:10: warning: "R" is not modified, could be declared constant
sf-network-ftp.adb:66:10: warning: "R" is not modified, could be declared constant
sf-network-ftp.adb:88:10: warning: "R" is not modified, could be declared constant
sf-network-ftp.adb:106:10: warning: "R" is not modified, could be declared constant
sf-network-ftp.adb:128:10: warning: "R" is not modified, could be declared constant
sf-network-ftp.adb:150:07: warning: "R" is not modified, could be declared constant
sf-network-ftp.adb:172:07: warning: "R" is not modified, could be declared constant
sf-network-ftp.adb:191:07: warning: "R" is not modified, could be declared constant
sf-network-ftp.adb:214:07: warning: "R" is not modified, could be declared constant
sf-network-ftp.adb:233:07: warning: "R" is not modified, could be declared constant
sf-network-ftp.adb:263:07: warning: "R" is not modified, could be declared constant
sf-network-ftp.adb:283:07: warning: "R" is not modified, could be declared constant
sf-network-ftp.adb:304:07: warning: "R" is not modified, could be declared constant
sf-network-ftp.adb:327:07: warning: "R" is not modified, could be declared constant
sf-network-ftp.adb:365:07: warning: "R" is not modified, could be declared constant
   [Ada]          sf-graphics-primitivetype.ads
   [Ada]          sf-graphics-fontinfo.ads
   [Ada]          sf-window.ads
   [Ada]          sf-system-sleep.adb
   [Ada]          sf-window-gl.ads
sf-system-sleep.adb:1:06: warning: redundant with clause in body
   [Ada]          sf-system-mutex.ads
   [Ada]          sf-window-cursor.ads
   [Ada]          sf-window-clipboard.adb
   [Ada]          sf-graphics-text.adb
sf-window-clipboard.adb:5:08: warning: "Interfaces" is already use-visible through previous use_clause at sf.ads:136
sf-window-clipboard.adb:12:07: warning: "Result" is not modified, could be declared constant
   [Ada]          sf-window-joystick.ads
sf-graphics-text.adb:32:08: warning: "Interfaces" is already use-visible through previous use_clause at sf.ads:136
sf-graphics-text.adb:78:07: warning: "Temp" is not modified, could be declared constant
sf-graphics-text.adb:79:07: warning: "Res" is not modified, could be declared constant
   [Ada]          sf-system-thread.ads
   [Ada]          sf-system-time.ads
   [Ada]          sf-graphics-vertexbuffer.ads
   [Ada]          sf-audio-soundbuffer.adb
   [Ada]          sf-graphics-image.adb
sf-audio-soundbuffer.adb:18:07: warning: "R" is not modified, could be declared constant
sf-audio-soundbuffer.adb:37:07: warning: "R" is not modified, could be declared constant
   [Ada]          sf-network-ipaddress.adb
sf-graphics-image.adb:45:07: warning: "R" is not modified, could be declared constant
sf-graphics-image.adb:64:07: warning: "R" is not modified, could be declared constant
   [Ada]          sf-graphics-view.ads
sf-network-ipaddress.adb:45:07: warning: "R" is not modified, could be declared constant
   [Ada]          sf-graphics-renderstates.ads
   [Ada]          sf-audio-soundrecorder.adb
   [Ada]          sf-graphics-font.adb
sf-graphics-font.adb:49:07: warning: "R" is not modified, could be declared constant
   [Ada]          sf-audio-soundstream.ads
sf-audio-soundrecorder.adb:28:06: warning: "result" is not modified, could be declared constant
sf-audio-soundrecorder.adb:91:07: warning: "Result" is not modified, could be declared constant
Build Libraries
   [gprlib]       asfml.lexch
   [archive]      libasfml.a
   [index]        libasfml.a
Build finished successfully in 3.01 seconds.

asfml=2.5.2 successfully retrieved and built.
Dependencies were solved as follows:

   + libcsfml 2.5.0 (new)
