Test ran at 2022-07-27 00:40:05.017150+00:00

SOLUTION:
gnat_avr_elf=11.2.4: The GNAT Ada compiler - AVR cross-compiler
Provides: gnat=11.2.4
Origin: (case OS is Linux => (case Word_Size is Bits_64 => binary archive gnat-avr-elf-linux64-11.2.0-4.tar.gz at https://github.com/alire-project/GNAT-FSF-builds/releases/download/gnat-11.2.0-4/gnat-avr-elf-linux64-11.2.0-4.tar.gz), Macos => (case Word_Size is Bits_64 => binary archive gnat-avr-elf-darwin-11.2.0-4.tar.gz at https://github.com/alire-project/GNAT-FSF-builds/releases/download/gnat-11.2.0-4/gnat-avr-elf-darwin-11.2.0-4.tar.gz), Windows => (case Word_Size is Bits_64 => binary archive gnat-avr-elf-windows64-11.2.0-4.tar.gz at https://github.com/alire-project/GNAT-FSF-builds/releases/download/gnat-11.2.0-4/gnat-avr-elf-windows64-11.2.0-4.tar.gz)) with hash sha256:c1a028004606fa01032026d91c66acc0215dad281af95095996827e81220145d
Properties:
   Auto_Gpr_With: auto-gpr-with=false
   Configuration: no modifiers
   Description: The GNAT Ada compiler - AVR cross-compiler
   Environment: PATH=${CRATE_ROOT}/bin:${PATH}
   License: GPL-3.0-or-later AND GPL-3.0-or-later WITH GCC-exception-3.1
   Maintainer: chouteau@adacore.com
   Maintainers_Logins: Fabien-Chouteau
   Name: gnat_avr_elf
   Version: 11.2.4


LOG:
Note: Deploying gnat_avr_elf=11.2.4...
#=#=#                                                                         

                                                                           0.0%
##                                                                         3.3%
####                                                                       5.7%
##########                                                                14.3%
###############                                                           21.5%
##################                                                        25.5%
########################                                                  33.8%
############################                                              38.9%
################################                                          45.7%
####################################                                      50.5%
#####################################                                     52.5%
#######################################                                   54.7%
###############################################                           65.9%
#####################################################                     74.3%
#########################################################                 79.6%
################################################################          89.0%
##################################################################        91.9%
######################################################################## 100.0%
Note: Skipping build step for binary release gnat_avr_elf=11.2.4

gnat_avr_elf=11.2.4 successfully retrieved and deployed.
There are no dependencies.
