Test ran at 2022-08-25 01:16:54.032839+00:00

SOLUTION:
embedded_components=0.1.0: Platform agnostic drivers to interface external components
Origin: commit 1f29afafd35156b8d288f5ebd66a6ff8a7d1b58e from https://github.com/Fabien-Chouteau/embedded-components.git
Properties:
   Author: AdaCore
   Description: Platform agnostic drivers to interface external components
   License: BSD-3-Clause
   Long_Description: # embedded-components

Platform agnostic drivers to interface external components.

This crate is a snapshot of the `components` of [Ada Drivers
Library](https://github.com/AdaCore/Ada_Drivers_Library/tree/master/components).

Any bug report, issue, contribution must be adressed to the [Ada Drivers
Library](https://github.com/AdaCore/Ada_Drivers_Library/) repo.


   Maintainer: chouteau@adacore.com
   Maintainers_Logins: Fabien-Chouteau
   Name: embedded_components
   Project_File: embedded_components.gpr
   Tag: embedded
   Tag: nostd
   Version: 0.1.0
   Website: https://github.com/AdaCore/Ada_Drivers_Library/
Dependencies (direct):
   adl_middleware^0.1.0
   hal^0.1.0
Dependencies (solution):
   adl_middleware=0.1.1
   hal=0.3.0
Dependencies (graph):
   adl_middleware=0.1.1      --> hal=0.3.0 (^0.1.0)           
   embedded_components=0.1.0 --> adl_middleware=0.1.1 (^0.1.0)
   embedded_components=0.1.0 --> hal=0.3.0 (^0.1.0)           


LOG:
Note: Deploying embedded_components=0.1.0...
Note: Deploying hal=0.3.0...
Note: Deploying adl_middleware=0.1.1...
Warning: Possible tilde intended instead of caret for a 0.x version.
   Alire does not change the meaning of caret and tilde for pre/post-1.0 versions.
   The suspicious dependency is: adl_middleware^0.1.0
   You can disable this warning by setting the option warning.caret to false.
Note: Building embedded_components/embedded_components.gpr...
Setup
   [mkdir]        object directory for project HAL
   [mkdir]        library directory for project HAL
   [mkdir]        object directory for project Adl_Middleware
   [mkdir]        library directory for project Adl_Middleware
   [mkdir]        object directory for project Embedded_Components
   [mkdir]        library directory for project Embedded_Components
Compile
   [Ada]          neopixel.adb
   [Ada]          soft_drawing_bitmap.adb
   [Ada]          memory_mapped_bitmap.adb
   [Ada]          bitmap_file_output.adb
   [Ada]          bitmap_color_conversion.adb
   [Ada]          monitor.ads
   [Ada]          monitor-block_drivers.adb
   [Ada]          hex_dump.adb
   [Ada]          logging.adb
   [Ada]          file_block_drivers.adb
   [Ada]          logging_with_priority.adb
   [Ada]          logging_with_categories.adb
   [Ada]          sdmmc_init.adb
   [Ada]          bluetooth_low_energy-packets.adb
   [Ada]          bluetooth_low_energy-beacon.adb
   [Ada]          bluetooth_low_energy.adb
   [Ada]          file_io.adb
   [Ada]          partitions.adb
   [Ada]          filesystem-fat-files.adb
   [Ada]          pathname_manipulation.adb
   [Ada]          filesystem-mbr.adb
   [Ada]          filesystem-fat-directories.adb
   [Ada]          filesystem.ads
   [Ada]          filesystem-fat.adb
   [Ada]          simple_synthesizer.adb
   [Ada]          command_line.adb
   [Ada]          command_line-filesystem-touch.adb
   [Ada]          command_line-filesystem-list_directory.adb
   [Ada]          command_line-filesystem-cat.adb
   [Ada]          command_line-filesystem-remove_directory.adb
   [Ada]          command_line-filesystem.adb
   [Ada]          adl_config.ads
   [Ada]          hal-touch_panel.ads
   [Ada]          hal-dsi.ads
   [Ada]          hal-bitmap.ads
   [Ada]          hal-i2c.ads
   [Ada]          hal-real_time_clock.ads
   [Ada]          hal-filesystem.ads
   [Ada]          hal-spi.ads
   [Ada]          hal-time.ads
   [Ada]          hal-gpio.ads
   [Ada]          hal-framebuffer.ads
   [Ada]          hal-uart.ads
   [Ada]          hal-sdmmc.adb
   [Ada]          hal-block_drivers.ads
   [Ada]          hal-audio.ads
   [Ada]          hal.ads
   [Ada]          ft6x06.adb
   [Ada]          ft5336.adb
ft6x06.adb:80:52: warning: pragma Unreferenced given for "Status" [enabled by default]
ft5336.adb:349:52: warning: pragma Unreferenced given for "Status" [enabled by default]

   compilation of ft5336.adb failed
   compilation of ft6x06.adb failed

gprbuild: *** compilation phase failed
stderr: Command ["gprbuild", "-s", "-j0", "-p", "-P", "/home/runner/work/alire-crates-ci/alire-crates-ci/test/2b7a08c6-008b-4576-924e-9a69aa0a1f3b/embedded_components_0.1.0_1f29afaf/embedded_components.gpr"] exited with code 4
ERROR: Command ["gprbuild", "-s", "-j0", "-p", "-P", "/home/runner/work/alire-crates-ci/alire-crates-ci/test/2b7a08c6-008b-4576-924e-9a69aa0a1f3b/embedded_components_0.1.0_1f29afaf/embedded_components.gpr"] exited with code 4
stderr: ALIRE.CHECKED_ERROR
stderr: Command ["gprbuild", "-s", "-j0", "-p", "-P", "/home/runner/work/alire-crates-ci/alire-crates-ci/test/2b7a08c6-008b-4576-924e-9a69aa0a1f3b/embedded_components_0.1.0_1f29afaf/embedded_components.gpr"] exited with code 4
stderr: raised ALIRE.CHECKED_ERROR : alire-stored-error:1
[/usr/sbin/alr]
0xd65c78 Alire.Raise_Checked_Error at alire.adb:251
0xa2f08f Alire.Os_Lib.Subprocess.Checked_Spawn at alire-os_lib-subprocess.adb:110
0xc49318 Alire.Spawn.Command at alire-spawn.adb:21
0xc49a46 Alire.Spawn.Gprbuild at alire-spawn.adb:41
0xbada9c Alire.Roots.Build.Build_Single_Release.Call_Gprbuild at alire-roots.adb:140
0xbac0fb Alire.Roots.Build.Build_Single_Release at alire-roots.adb:171
0xbc7eaa Alire.Roots.Traverse.Traverse_Wrap at alire-roots.adb:1364
0xc11fbb Alire.Solutions.Traverse.Visit at alire-solutions.adb:1434
0xc10bd2 Alire.Solutions.Traverse at alire-solutions.adb:1509
0xbc7ff8 Alire.Roots.Traverse at alire-roots.adb:1368
0xbac48c Alire.Roots.Build at alire-roots.adb:196
0x48f1e4 Alr.Commands.Build.Execute at alr-commands-build.adb:58
0x49f50a Alr.Commands.Get.Retrieve at alr-commands-get.adb:187
0x4a3d27 Alr.Commands.Get.Execute at alr-commands-get.adb:348
0x52aa2e Alr.Commands.Sub_Cmd.Execute at clic-subcommand-instance.adb:742
0x53641f Alr.Commands.Execute at alr-commands.adb:492
0x42b9ca Alr.Main at alr-main.adb:10
0x42e297 Main at b__alr-main.adb:2132
[/usr/bin/..//lib/libc.so.6]
0x7f5aae57128e
0x7f5aae571348
[/usr/sbin/alr]
0x42b8a8 _start at ???
0xfffffffffffffffe


Warning: embedded_components=0.1.0 successfully retrieved but its build failed.
Dependencies were solved as follows:

   + adl_middleware 0.1.1 (new)
   + hal            0.3.0 (new)
ERROR: Build ended with errors
