Test ran at 2023-06-10 01:23:10.654759+00:00

SOLUTION:
atari_atr_tools=1.1.1: Atari / SIO2PC tools for ATR-files
Origin: source archive atari_atr_tools-1.1.1.tgz at https://sourceforge.net/projects/tutorial-6502/files/Alire/atari_atr_tools-1.1.1.tgz with hashes sha256:e9f2be5c15332d483f505ac75824cef95bf49c9b54ecb7cf6521bf1558b9ef8b, sha512:bd4baeacce7679ae94f30c4f683e467983fa2f4df1eb33cec5d134c84d6c0ae19ad5d82ad4fd689df3849a05c13f9bb42f6dbe43bb7f81a83e796005968ab196
Properties:
   Author: Martin Krischik <krischik@users.sourceforge.net>
   Build Switches: 
   Description: Atari / SIO2PC tools for ATR-files
   Executable: atr_tools-main
   License: GPL-3.0-or-later
   Long_Description: This is a tool to analyse, create and convert ATR files.

ATR files are used by various Atari 8bit emulators and hardware add ons. Currently implemented

# Print Header

```sh
>atr_tools-main --print-header test-DD-DS-80.atr 
File name        : test-DD-DS-80.atr
Magic            :      16#296#
Paragraphs       :        46056
Sector size      :          256
Flags            :         2#1#
Bad Sectors      :            0
Unused           :        16#0#
Sectors          :         2880
Bytes            :       736896
Boot Sectors     : true        

Floppy disk double density, double sided, 80 track
```

# Create Floppy image

```sh
>atr_tools-main --verbose --format-floppy --density=DD --side=SS --track=80 test-DD-SS-80.atr
File created     : test-DD-SS-80.atr
Sector size      :          256
Sector per track :           18
Tracks per side  :           80
Sides per disk   :            1
```

Development versions available with:

```sh
alr index --add "git+https://github.com/krischik/alire-index.git#develop" --name krischik
```

Source code and testsuite available on [SourceForge](https://git.code.sf.net/p/tutorial-6502/git)

   Maintainer: Martin Krischik <krischik@users.sourceforge.net>
   Maintainers_Logins: krischik
   Name: atari_atr_tools
   Tag: atari
   Tag: tools
   Tag: retrocomputing
   Tag: ada2022
   Version: 1.1.1
   Website: https://sourceforge.net/projects/tutorial-6502
Dependencies (direct):
   adacl>=5.12.0
   gnat>=12 & <2000
Dependencies (solution):
   adacl=5.13.1
   gnat=12.2.1 (gnat_external) (installed)
Dependencies (graph):
   adacl=5.13.1          --> gnat=12.2.1 (gnat_external) (>=12 & <2000)
   atari_atr_tools=1.1.1 --> adacl=5.13.1 (>=5.12.0)                   
   atari_atr_tools=1.1.1 --> gnat=12.2.1 (gnat_external) (>=12 & <2000)


LOG:
Note: Deploying atari_atr_tools=1.1.1...
#=#=#                                                                         
##O#-#                                                                        
##O=#  #                                                                      
#=#=-#  #                                                                     
-#O#- #   #                                                                   

######################################################################## 100.0%-=#=#   #   #                                                                 

#################                                                         23.8%
######################################################################## 100.0%
Note: Deploying adacl=5.13.1...
#=#=#                                                                         
##O#-#                                                                        
##O=#  #                                                                      
#=#=-#  #                                                                     
-#O#- #   #                                                                   

######################################################################## 100.0%-=#=#   #   #                                                                 
 -=#=#   #   #                                                                

#######                                                                   10.6%
######################################################################## 100.0%
Note: Building atari_atr_tools/atari_atr_tools.gpr...
Setup
   [mkdir]        object directory for project AdaCL
   [mkdir]        library directory for project AdaCL
   [mkdir]        object directory for project Atari_Atr_Tools
   [mkdir]        exec directory for project Atari_Atr_Tools
Compile
   [Ada]          atr_tools-main.adb
   [Ada]          adacl_config.ads
   [Ada]          adacl-os-low_level.ads
   [Ada]          adacl-strings.adb
   [Ada]          adacl-pointer-shared_with_delete.adb
   [Ada]          adacl-pointer-unique_with_delete.adb
   [Ada]          adacl-limited_base.ads
   [Ada]          adacl-trace-assert.ads
   [Ada]          adacl.ads
   [Ada]          adacl-pointer.ads
   [Ada]          adacl-assert-discrete.adb
   [Ada]          adacl-trace.adb
   [Ada]          adacl-pointer-shared.ads
   [Ada]          adacl-pointer-holder.adb
   [Ada]          adacl-base.ads
   [Ada]          adacl-assert-pointer.adb
   [Ada]          adacl-command_line.ads
   [Ada]          adacl-os.ads
   [Ada]          adacl-command_line-getopt.adb
   [Ada]          adacl-pointer-element.adb
   [Ada]          adacl-assert.adb
   [Ada]          adacl-pointer-unique.ads
   [Ada]          atr_tools.ads
   [Ada]          atr_tools-commandline.adb
   [Ada]          atr_tools-create_floppy.adb
   [Ada]          atr_tools-print_header.adb
   [Ada]          atr_tools-file_body.adb
   [Ada]          atr_tools-byte_io.ads
   [Ada]          atr_tools-file_header.adb
   [Ada]          atr_tools-boolean_text_io.ads
   [Ada]          atr_tools-byte_text_io.ads
   [Ada]          atr_tools-double_word_text_io.ads
   [Ada]          atr_tools-word_text_io.ads
Build Libraries
   [gprlib]       AdaCL.lexch
   [archive]      libAdaCL.a
   [index]        libAdaCL.a
Bind
   [gprbind]      atr_tools-main.bexch
   [Ada]          atr_tools-main.ali
Link
   [link]         atr_tools-main.adb
Build finished successfully in 3.87 seconds.

atari_atr_tools=1.1.1 successfully retrieved and built.
Dependencies were solved as follows:

   +  adacl 5.13.1 (new)                        
   +i gnat  12.2.1 (new,installed,gnat_external)
Found declared GPR file: atari_atr_tools.gpr
