Test ran at 2022-08-25 01:30:13.295795+00:00

SOLUTION:
aicwl=3.24.1: Ada Industrial Control Widgets Library
Origin: commit 73939c9ed0be13a994728d1c362b945e5d131f19 from https://github.com/HeisenbugLtd/aicwl.git
Properties:
   Author: Dmitry A. Kazakov <mailbox@dmitry-kazakov.de>
   Description: Ada Industrial Control Widgets Library
   GPR Scenario: Development := Debug | Release | Profile
   GPR Scenario: Legacy := Ada95 | Ada2005 | Ada2012
   License: GPL-2.0-or-later WITH GCC-exception-2.0
   Long_Description: This crate provides a library for designing high-quality industrial control
widgets for Ada applications. The software is based on
[GtkAda](https://docs.adacore.com/live/wave/gtkada/html/gtkada_rm/index.html),
Ada bindings to [Gtk+](https://www.gtk.org/), and
[cairo](https://www.cairographics.org/manual/index.html).

The key features of the library are:

* Widgets composed of transparent layers drawn by cairo
* Fully scalable graphics
* Support of time controlled refresh policy for real-time and heavy-duty applications
* Caching graphical operations
* Stream I/O support for serialization and deserialization
* Ready-to-use gauge, meter, oscilloscope widgets
* Editor widget for WYSIWYG design of complex dashboards

For further information, visit the
[AICWL website](http://www.dmitry-kazakov.de/ada/aicwl.htm).

Maintainer's note:

This Alire crate is packaged in a rather minimalistic way to keep dependencies
on external libraries at a minimum. The crate's definition covers the core
functionality of AICWL, though, so it should be sufficient for most needs.

For example, the original distribution has references to
[Simple Components](http://www.dmitry-kazakov.de/ada/components.htm) which are
not strictly necessary for the core functionality of the library.

   Maintainer: Vinzent "Jellix" Saranen <vinzent@heisenbug.eu>
   Maintainers_Logins: Jellix
   Name: aicwl
   Project_File: sources/aicwl.gpr
   Project_File: sources/aicwl-editor.gpr
   Tag: widgets
   Tag: gauge
   Tag: graphics
   Tag: ui
   Tag: gtk
   Version: 3.24.1
   Website: http://www.dmitry-kazakov.de/ada/aicwl.htm
Dependencies (direct):
   gtkada>=17
Dependencies (solution):
   gtkada=21.0.0
   libgtk3=3.24.34
   make=4.3.0
   pkg_config=1.8.0
Dependencies (graph):
   aicwl=3.24.1  --> gtkada=21.0.0 (>=17)
   gtkada=21.0.0 --> libgtk3=3.24.34 (^3)
   gtkada=21.0.0 --> make=4.3.0 (*)      
   gtkada=21.0.0 --> pkg_config=1.8.0 (*)


LOG:
Note: Deploying aicwl=3.24.1...
Note: Migrating lockfile from /home/runner/work/alire-crates-ci/alire-crates-ci/test/b7b43d64-2e40-4177-bc30-8067395c0c8d/aicwl_3.24.1_73939c9e/alire.lock to /home/runner/work/alire-crates-ci/alire-crates-ci/test/b7b43d64-2e40-4177-bc30-8067395c0c8d/aicwl_3.24.1_73939c9e/alire/alire.lock
Note: Deploying libgtk3=3.24.34...
The system package 'gtk3' is about to be installed.
This action might require admin privileges and impact your system installation.
Do you want Alire to install this system package?
Using default: Yes
resolving dependencies...
looking for conflicting packages...
warning: dependency cycle detected:
warning: harfbuzz will be installed before its freetype2 dependency

Package (55)                       New Version                 Net Change  Download Size

extra/adobe-source-code-pro-fonts  2.038ro+1.058it+1.018var-1    1.86 MiB       0.92 MiB
extra/adwaita-icon-theme           42.0+r1+gc144c3d75-1         16.33 MiB       4.35 MiB
extra/at-spi2-atk                  2.38.0-1                      0.22 MiB       0.06 MiB
extra/at-spi2-core                 2.44.1-1                      2.21 MiB       0.26 MiB
extra/atk                          2.38.0-1                      3.60 MiB       0.38 MiB
extra/avahi                        0.8+22+gfd482a7-3             1.85 MiB       0.42 MiB
extra/cairo                        1.17.6-2                      3.43 MiB       0.74 MiB
extra/cantarell-fonts              1:0.303.1-1                   0.19 MiB       0.11 MiB
extra/dconf                        0.40.0-1                      0.44 MiB       0.10 MiB
extra/desktop-file-utils           0.26-2                        0.20 MiB       0.04 MiB
community/duktape                  2.7.0-4                       0.78 MiB       0.17 MiB
extra/fontconfig                   2:2.14.0-1                    1.06 MiB       0.35 MiB
extra/freetype2                    2.12.1-1                      1.63 MiB       0.49 MiB
extra/fribidi                      1.0.12-1                      0.22 MiB       0.04 MiB
extra/gdk-pixbuf2                  2.42.9-1                      2.96 MiB       0.50 MiB
extra/glib-networking              1:2.72.2-1                    0.61 MiB       0.13 MiB
extra/graphite                     1:1.3.14-2                    0.67 MiB       0.21 MiB
extra/gsettings-desktop-schemas    42.0-1                        4.63 MiB       0.65 MiB
extra/gtk-update-icon-cache        1:4.6.7-1                     0.04 MiB       0.02 MiB
extra/harfbuzz                     5.1.0-1                       6.05 MiB       1.02 MiB
extra/hicolor-icon-theme           0.17-2                        0.05 MiB       0.01 MiB
extra/iso-codes                    4.11.0-1                     18.16 MiB       3.16 MiB
extra/json-glib                    1.6.6-2                       0.95 MiB       0.16 MiB
extra/lcms2                        2.13.1-1                      0.65 MiB       0.21 MiB
extra/libcloudproviders            0.3.1-2                       0.47 MiB       0.06 MiB
extra/libcolord                    1.4.6-1                       1.25 MiB       0.18 MiB
extra/libcups                      1:2.4.2-3                     0.82 MiB       0.27 MiB
extra/libdaemon                    0.14-5                        0.06 MiB       0.02 MiB
extra/libdatrie                    0.2.13-1                      0.07 MiB       0.03 MiB
extra/libepoxy                     1.5.10-1                      2.79 MiB       0.32 MiB
extra/libjpeg-turbo                2.1.4-2                       1.89 MiB       0.44 MiB
extra/libpng                       1.6.37-3                      0.55 MiB       0.24 MiB
extra/libproxy                     0.4.18-1                      0.29 MiB       0.08 MiB
extra/librsvg                      2:2.54.4-1                   14.42 MiB       3.58 MiB
extra/libsoup                      2.74.2-2                      4.93 MiB       0.58 MiB
extra/libsoup3                     3.0.7-1                       3.60 MiB       0.46 MiB
extra/libstemmer                   2.2.0-2                       0.79 MiB       0.14 MiB
extra/libthai                      0.1.29-1                      0.65 MiB       0.17 MiB
extra/libtiff                      4.4.0-4                       2.86 MiB       0.86 MiB
core/libusb                        1.0.26-1                      0.21 MiB       0.07 MiB
extra/libxcomposite                0.4.5-4                       0.02 MiB       0.01 MiB
extra/libxcursor                   1.2.1-1                       0.06 MiB       0.03 MiB
extra/libxft                       2.3.4-1                       0.11 MiB       0.05 MiB
extra/libxi                        1.8-1                         0.48 MiB       0.15 MiB
extra/libxinerama                  1.1.4-4                       0.02 MiB       0.01 MiB
extra/libxrandr                    1.5.2-4                       0.07 MiB       0.03 MiB
extra/libxrender                   0.9.10-5                      0.08 MiB       0.03 MiB
extra/libxtst                      1.2.3-5                       0.11 MiB       0.03 MiB
core/lzo                           2.10-3                        0.39 MiB       0.08 MiB
extra/pango                        1:1.50.9-1                    2.27 MiB       0.39 MiB
extra/pixman                       0.40.0-2                      0.72 MiB       0.26 MiB
extra/rest                         0.8.1+r4+ge5ee6ef-1           0.83 MiB       0.09 MiB
extra/shared-mime-info             2.0+144+g13695c7-1            4.46 MiB       0.59 MiB
extra/tracker3                     3.3.3-1                       3.29 MiB       0.69 MiB
extra/gtk3                         1:3.24.34-1                  48.84 MiB       7.65 MiB

Total Download Size:    32.11 MiB
Total Installed Size:  166.19 MiB

:: Proceed with installation? [Y/n] 
:: Retrieving packages...
 gtk3-1:3.24.34-1-x86_64 downloading...
 adwaita-icon-theme-42.0+r1+gc144c3d75-1-any downloading...
 librsvg-2:2.54.4-1-x86_64 downloading...
 iso-codes-4.11.0-1-any downloading...
 harfbuzz-5.1.0-1-x86_64 downloading...
 adobe-source-code-pro-fonts-2.038ro+1.058it+1.018var-1-any downloading...
 libtiff-4.4.0-4-x86_64 downloading...
 cairo-1.17.6-2-x86_64 downloading...
 tracker3-3.3.3-1-x86_64 downloading...
 gsettings-desktop-schemas-42.0-1-any downloading...
 shared-mime-info-2.0+144+g13695c7-1-x86_64 downloading...
 libsoup-2.74.2-2-x86_64 downloading...
 gdk-pixbuf2-2.42.9-1-x86_64 downloading...
 freetype2-2.12.1-1-x86_64 downloading...
 libsoup3-3.0.7-1-x86_64 downloading...
 libjpeg-turbo-2.1.4-2-x86_64 downloading...
 avahi-0.8+22+gfd482a7-3-x86_64 downloading...
 pango-1:1.50.9-1-x86_64 downloading...
 atk-2.38.0-1-x86_64 downloading...
 fontconfig-2:2.14.0-1-x86_64 downloading...
 libepoxy-1.5.10-1-x86_64 downloading...
 libcups-1:2.4.2-3-x86_64 downloading...
 pixman-0.40.0-2-x86_64 downloading...
 at-spi2-core-2.44.1-1-x86_64 downloading...
 libpng-1.6.37-3-x86_64 downloading...
 graphite-1:1.3.14-2-x86_64 downloading...
 lcms2-2.13.1-1-x86_64 downloading...
 libcolord-1.4.6-1-x86_64 downloading...
 libthai-0.1.29-1-x86_64 downloading...
 duktape-2.7.0-4-x86_64 downloading...
 json-glib-1.6.6-2-x86_64 downloading...
 libxi-1.8-1-x86_64 downloading...
 libstemmer-2.2.0-2-x86_64 downloading...
 glib-networking-1:2.72.2-1-x86_64 downloading...
 cantarell-fonts-1:0.303.1-1-any downloading...
 dconf-0.40.0-1-x86_64 downloading...
 rest-0.8.1+r4+ge5ee6ef-1-x86_64 downloading...
 libproxy-0.4.18-1-x86_64 downloading...
 lzo-2.10-3-x86_64 downloading...
 libusb-1.0.26-1-x86_64 downloading...
 at-spi2-atk-2.38.0-1-x86_64 downloading...
 libcloudproviders-0.3.1-2-x86_64 downloading...
 libxft-2.3.4-1-x86_64 downloading...
 desktop-file-utils-0.26-2-x86_64 downloading...
 fribidi-1.0.12-1-x86_64 downloading...
 libxcursor-1.2.1-1-x86_64 downloading...
 libxtst-1.2.3-5-x86_64 downloading...
 libxrandr-1.5.2-4-x86_64 downloading...
 libxrender-0.9.10-5-x86_64 downloading...
 libdatrie-0.2.13-1-x86_64 downloading...
 libdaemon-0.14-5-x86_64 downloading...
 gtk-update-icon-cache-1:4.6.7-1-x86_64 downloading...
 libxcomposite-0.4.5-4-x86_64 downloading...
 hicolor-icon-theme-0.17-2-any downloading...
 libxinerama-1.1.4-4-x86_64 downloading...
checking keyring...
downloading required keys...
:: Import PGP key 139B09DA5BF0D338, "David Runge <dvzrv@archlinux.org>"? [Y/n] 
checking package integrity...
error: libtiff: signature from "David Runge <dvzrv@archlinux.org>" is marginal trust
:: File /var/cache/pacman/pkg/libtiff-4.4.0-4-x86_64.pkg.tar.zst is corrupted (invalid or corrupted package (PGP signature)).
Do you want to delete it? [Y/n] error: failed to commit transaction (invalid or corrupted package)

Errors occurred, no packages were upgraded.
stderr: Command ["pacman", "--needed", "--noconfirm", "-S", "gtk3"] exited with code 1
stderr: Generating Outcome_Failure with message: Command ["pacman", "--needed", "--noconfirm", "-S", "gtk3"] exited with code 1
stderr: Generating Outcome_Failure with call stack:
stderr: raised AAA.DEBUG.STACK_TRACE.DEBUG_EXCEPTION : aaa-debug.adb:44
[/usr/sbin/alr]
0xe8c166 Aaa.Debug.Stack_Trace at aaa-debug.adb:44
0xd647a1 Alire.Outcome_Failure at alire.adb:193
0x7df05e Alire.Errors.Get at alire-errors.adb:101
0x96b5e3 Alire.Origins.Deployers.System.Pacman.Install at alire-origins-deployers-system-pacman.adb:128
0x9733d6 Alire.Origins.Deployers.System.Deploy at alire-origins-deployers-system.adb:32
0x979f6c Alire.Origins.Deployers.Deploy_Steps at alire-origins-deployers.adb:123
0x97b338 Alire.Origins.Deployers.Deploy at alire-origins-deployers.adb:161
0xb7fa53 Alire.Releases.Deploy at alire-releases.adb:310
0xbb1f39 Alire.Roots.Deploy_Dependencies.Deploy_Release at alire-roots.adb:405
0xbc7eaa Alire.Roots.Traverse.Traverse_Wrap at alire-roots.adb:1364
0xc11fbb Alire.Solutions.Traverse.Visit at alire-solutions.adb:1434
0xc1072a Alire.Solutions.Traverse at alire-solutions.adb:1493
0xbc7ff8 Alire.Roots.Traverse at alire-roots.adb:1368
0xbb22da Alire.Roots.Deploy_Dependencies at alire-roots.adb:434
0x49f1e7 Alr.Commands.Get.Retrieve at alr-commands-get.adb:173
0x4a3d27 Alr.Commands.Get.Execute at alr-commands-get.adb:348
0x52aa2e Alr.Commands.Sub_Cmd.Execute at clic-subcommand-instance.adb:742
0x53641f Alr.Commands.Execute at alr-commands.adb:492
0x42b9ca Alr.Main at alr-main.adb:10
0x42e297 Main at b__alr-main.adb:2132
[/usr/bin/..//lib/libc.so.6]
0x7f40eb80328e
0x7f40eb803348
[/usr/sbin/alr]
0x42b8a8 _start at ???
0xfffffffffffffffe

stderr: ALIRE.CHECKED_ERROR
stderr: Command ["pacman", "--needed", "--noconfirm", "-S", "gtk3"] exited with code 1
stderr: raised ALIRE.CHECKED_ERROR : alire-stored-error:2
[/usr/sbin/alr]
0xd62fd7 Alire.Assert at alire.adb:129
0x979f7e Alire.Origins.Deployers.Deploy_Steps at alire-origins-deployers.adb:123
0x97b338 Alire.Origins.Deployers.Deploy at alire-origins-deployers.adb:161
0xb7fa53 Alire.Releases.Deploy at alire-releases.adb:310
0xbb1f39 Alire.Roots.Deploy_Dependencies.Deploy_Release at alire-roots.adb:405
0xbc7eaa Alire.Roots.Traverse.Traverse_Wrap at alire-roots.adb:1364
0xc11fbb Alire.Solutions.Traverse.Visit at alire-solutions.adb:1434
0xc1072a Alire.Solutions.Traverse at alire-solutions.adb:1493
0xbc7ff8 Alire.Roots.Traverse at alire-roots.adb:1368
0xbb22da Alire.Roots.Deploy_Dependencies at alire-roots.adb:434
0x49f1e7 Alr.Commands.Get.Retrieve at alr-commands-get.adb:173
0x4a3d27 Alr.Commands.Get.Execute at alr-commands-get.adb:348
0x52aa2e Alr.Commands.Sub_Cmd.Execute at clic-subcommand-instance.adb:742
0x53641f Alr.Commands.Execute at alr-commands.adb:492
0x42b9ca Alr.Main at alr-main.adb:10
0x42e297 Main at b__alr-main.adb:2132
[/usr/bin/..//lib/libc.so.6]
0x7f40eb80328e
0x7f40eb803348
[/usr/sbin/alr]
0x42b8a8 _start at ???
0xfffffffffffffffe

stderr: Generating Outcome_Failure with message: Deployment of system package from platform software manager: gtk3 to /home/runner/work/alire-crates-ci/alire-crates-ci/test/b7b43d64-2e40-4177-bc30-8067395c0c8d/aicwl_3.24.1_73939c9e/alire/cache/dependencies/libgtk3_3.24.34_system failed
stderr: Generating Outcome_Failure with call stack:
stderr: raised AAA.DEBUG.STACK_TRACE.DEBUG_EXCEPTION : aaa-debug.adb:44
[/usr/sbin/alr]
0xe8c166 Aaa.Debug.Stack_Trace at aaa-debug.adb:44
0xd647a1 Alire.Outcome_Failure at alire.adb:193
0x97a998 Alire.Origins.Deployers.Deploy_Steps at alire-origins-deployers.adb:149
0x97b338 Alire.Origins.Deployers.Deploy at alire-origins-deployers.adb:161
0xb7fa53 Alire.Releases.Deploy at alire-releases.adb:310
0xbb1f39 Alire.Roots.Deploy_Dependencies.Deploy_Release at alire-roots.adb:405
0xbc7eaa Alire.Roots.Traverse.Traverse_Wrap at alire-roots.adb:1364
0xc11fbb Alire.Solutions.Traverse.Visit at alire-solutions.adb:1434
0xc1072a Alire.Solutions.Traverse at alire-solutions.adb:1493
0xbc7ff8 Alire.Roots.Traverse at alire-roots.adb:1368
0xbb22da Alire.Roots.Deploy_Dependencies at alire-roots.adb:434
0x49f1e7 Alr.Commands.Get.Retrieve at alr-commands-get.adb:173
0x4a3d27 Alr.Commands.Get.Execute at alr-commands-get.adb:348
0x52aa2e Alr.Commands.Sub_Cmd.Execute at clic-subcommand-instance.adb:742
0x53641f Alr.Commands.Execute at alr-commands.adb:492
0x42b9ca Alr.Main at alr-main.adb:10
0x42e297 Main at b__alr-main.adb:2132
[/usr/bin/..//lib/libc.so.6]
0x7f40eb80328e
0x7f40eb803348
[/usr/sbin/alr]
0x42b8a8 _start at ???
0xfffffffffffffffe

stderr: ALIRE.CHECKED_ERROR
stderr: Deployment of system package from platform software manager: gtk3 to /home/runner/work/alire-crates-ci/alire-crates-ci/test/b7b43d64-2e40-4177-bc30-8067395c0c8d/aicwl_3.24.1_73939c9e/alire/cache/dependencies/libgtk3_3.24.34_system failed
stderr: raised ALIRE.CHECKED_ERROR : alire-stored-error:3
[/usr/sbin/alr]
0xd62fd7 Alire.Assert at alire.adb:129
0xb7fa65 Alire.Releases.Deploy at alire-releases.adb:310
0xbb1f39 Alire.Roots.Deploy_Dependencies.Deploy_Release at alire-roots.adb:405
0xbc7eaa Alire.Roots.Traverse.Traverse_Wrap at alire-roots.adb:1364
0xc11fbb Alire.Solutions.Traverse.Visit at alire-solutions.adb:1434
0xc1072a Alire.Solutions.Traverse at alire-solutions.adb:1493
0xbc7ff8 Alire.Roots.Traverse at alire-roots.adb:1368
0xbb22da Alire.Roots.Deploy_Dependencies at alire-roots.adb:434
0x49f1e7 Alr.Commands.Get.Retrieve at alr-commands-get.adb:173
0x4a3d27 Alr.Commands.Get.Execute at alr-commands-get.adb:348
0x52aa2e Alr.Commands.Sub_Cmd.Execute at clic-subcommand-instance.adb:742
0x53641f Alr.Commands.Execute at alr-commands.adb:492
0x42b9ca Alr.Main at alr-main.adb:10
0x42e297 Main at b__alr-main.adb:2132
[/usr/bin/..//lib/libc.so.6]
0x7f40eb80328e
0x7f40eb803348
[/usr/sbin/alr]
0x42b8a8 _start at ???
0xfffffffffffffffe

ERROR: Deployment of system package from platform software manager: gtk3 to /home/runner/work/alire-crates-ci/alire-crates-ci/test/b7b43d64-2e40-4177-bc30-8067395c0c8d/aicwl_3.24.1_73939c9e/alire/cache/dependencies/libgtk3_3.24.34_system failed
