Test ran at 2024-04-09 13:10:28.222858+00:00

SOLUTION:
gnat_arm_elf=13.2.1: The GNAT Ada compiler - ARM cross-compiler
Provides: gnat=13.2.1
Origin: (case OS is Linux => (case Host_Arch is X86_64 => binary archive gnat-arm-elf-linux64-13.2.0-1.tar.gz at https://github.com/alire-project/GNAT-FSF-builds/releases/download/gnat-13.2.0-1/gnat-arm-elf-linux64-13.2.0-1.tar.gz), Macos => (case Host_Arch is X86_64 => binary archive gnat-arm-elf-darwin-13.2.0-1.tar.gz at https://github.com/alire-project/GNAT-FSF-builds/releases/download/gnat-13.2.0-1/gnat-arm-elf-darwin-13.2.0-1.tar.gz), Windows => (case Host_Arch is X86_64 => binary archive gnat-arm-elf-windows64-13.2.0-1.tar.gz at https://github.com/alire-project/GNAT-FSF-builds/releases/download/gnat-13.2.0-1/gnat-arm-elf-windows64-13.2.0-1.tar.gz)) with hash sha256:db1e92839c4d987edc4108e2c4416e38d29e6a53df428338bdd814706f25435f
Properties:
   Auto_Gpr_With: auto-gpr-with=false
   Configuration: no modifiers
   Description: The GNAT Ada compiler - ARM cross-compiler
   Environment: PATH=${CRATE_ROOT}/bin:${PATH}
   License: GPL-3.0-or-later AND GPL-3.0-or-later WITH GCC-exception-3.1
   Maintainer: chouteau@adacore.com
   Maintainers_Logins: Fabien-Chouteau
   Name: gnat_arm_elf
   Version: 13.2.1


LOG:
Note: Deploying gnat_arm_elf=13.2.1...
#=#=#                                                                          

####                                                                       5.9%
#########                                                                 13.4%
################                                                          22.7%
######################                                                    31.1%
############################                                              39.5%
##################################                                        47.8%
########################################                                  55.7%
#############################################                             63.5%
###################################################                       71.6%
#########################################################                 79.7%
###############################################################           87.9%
#####################################################################     96.3%
######################################################################## 100.0%

gnat_arm_elf=13.2.1 successfully retrieved.
There are no dependencies.
Warning: Binary release does not contain default project file: gnat_arm_elf.gpr
