Test ran at 2023-05-22 01:16:10.254155+00:00

SOLUTION:
gtkada=23.0.0: An Ada graphical toolkit based on Gtk+
Origin: source archive gtkada-23.0.0.zip at https://github.com/AdaCore/gtkada/archive/v23.0.0/gtkada-23.0.0.zip with hash sha512:bac4d634733d53bb0b9578ec1eecc5886aacb3177265e220e32dfffe33dc8f6e833741cf0fb952ee557ca7f06dc4e33bc26f749fa05c77e3cb3c5039ff4e1ab7
Properties:
   Post_Fetch run: ${CRATE_DIR}/./bash -c PATH=${DISTRIB_ROOT}/mingw64/bin:${PATH} ./configure
   Post_Fetch run: ${CRATE_DIR}/./make src/gtkada-intl.adb
   Author: AdaCore
   Configuration: no modifiers
   Description: An Ada graphical toolkit based on Gtk+
   case OS is
      when Windows => Environment: PATH=${PATH}:${CRATE_ROOT}/src/obj/gtkada/relocatable
   GPR Scenario: LIBRARY_TYPE := static | static-pic | relocatable
   License: GPL-3.0-or-later WITH GCC-exception-3.1
   Long_Description: This crate requires Gtk3+ >= 3.24.24
   Maintainer: chouteau@adacore.com
   Maintainer: reznikmm@gmail.com
   Maintainers_Logins: Fabien-Chouteau
   Maintainers_Logins: reznikmm
   Name: gtkada
   Project_File: src/gtkada.gpr
   Tag: gtk
   Tag: gui
   Version: 23.0.0
   Website: https://github.com/adacore/gtkada
Dependencies (direct):
   libgtk3>=3.24.24
   make*
   pkg_config*
Dependencies (solution):
   libgtk3=3.24.24
   make=4.3.0
   pkg_config=0.29.2
Dependencies (graph):
   gtkada=23.0.0 --> libgtk3=3.24.24 (>=3.24.24)
   gtkada=23.0.0 --> make=4.3.0 (*)             
   gtkada=23.0.0 --> pkg_config=0.29.2 (*)      


LOG:
Note: Deploying gtkada=23.0.0...
#=#=#                                                                         
##O#-#                                                                        
##O=#  #                                                                      
#-#O=#  #                                                                     
 #-#O=#   #                                                                   
  #-#O=-#   #                                                                 
   #-#O=-#   #                                                                
    #-=#=- #   #                                                              
     #-=#=-  #   #                                                            
      #-=O#-  #    #                                                          
        #=O=#   #     #                                                       
Note: Deploying libgtk3=3.24.24...
The system package 'libgtk-3-dev' is about to be installed.
This action might require admin privileges and impact your system installation.
Do you want Alire to install this system package?
Using default: Yes
debconf: delaying package configuration, since apt-utils is not installed
(Reading database ... 
(Reading database ... 5%
(Reading database ... 10%
(Reading database ... 15%
(Reading database ... 20%
(Reading database ... 25%
(Reading database ... 30%
(Reading database ... 35%
(Reading database ... 40%
(Reading database ... 45%
(Reading database ... 50%
(Reading database ... 55%
(Reading database ... 60%
(Reading database ... 65%
(Reading database ... 70%
(Reading database ... 75%
(Reading database ... 80%
(Reading database ... 85%
(Reading database ... 90%
(Reading database ... 95%
(Reading database ... 100%
(Reading database ... 22722 files and directories currently installed.)
Preparing to unpack .../libsystemd0_247.3-7+deb11u2_amd64.deb ...
Unpacking libsystemd0:amd64 (247.3-7+deb11u2) over (247.3-6) ...
Setting up libsystemd0:amd64 (247.3-7+deb11u2) ...
Selecting previously unselected package libapparmor1:amd64.
(Reading database ... 
(Reading database ... 5%
(Reading database ... 10%
(Reading database ... 15%
(Reading database ... 20%
(Reading database ... 25%
(Reading database ... 30%
(Reading database ... 35%
(Reading database ... 40%
(Reading database ... 45%
(Reading database ... 50%
(Reading database ... 55%
(Reading database ... 60%
(Reading database ... 65%
(Reading database ... 70%
(Reading database ... 75%
(Reading database ... 80%
(Reading database ... 85%
(Reading database ... 90%
(Reading database ... 95%
(Reading database ... 100%
(Reading database ... 22722 files and directories currently installed.)
Preparing to unpack .../libapparmor1_2.13.6-10_amd64.deb ...
Unpacking libapparmor1:amd64 (2.13.6-10) ...
Selecting previously unselected package libcap2:amd64.
Preparing to unpack .../libcap2_1%3a2.44-1_amd64.deb ...
Unpacking libcap2:amd64 (1:2.44-1) ...
Selecting previously unselected package libargon2-1:amd64.
Preparing to unpack .../libargon2-1_0~20171227-0.2_amd64.deb ...
Unpacking libargon2-1:amd64 (0~20171227-0.2) ...
Preparing to unpack .../libblkid1_2.36.1-8+deb11u1_amd64.deb ...
Unpacking libblkid1:amd64 (2.36.1-8+deb11u1) over (2.36.1-8) ...
Setting up libblkid1:amd64 (2.36.1-8+deb11u1) ...
Selecting previously unselected package dmsetup.
(Reading database ... 
(Reading database ... 5%
(Reading database ... 10%
(Reading database ... 15%
(Reading database ... 20%
(Reading database ... 25%
(Reading database ... 30%
(Reading database ... 35%
(Reading database ... 40%
(Reading database ... 45%
(Reading database ... 50%
(Reading database ... 55%
(Reading database ... 60%
(Reading database ... 65%
(Reading database ... 70%
(Reading database ... 75%
(Reading database ... 80%
(Reading database ... 85%
(Reading database ... 90%
(Reading database ... 95%
(Reading database ... 100%
(Reading database ... 22738 files and directories currently installed.)
Preparing to unpack .../dmsetup_2%3a1.02.175-2.1_amd64.deb ...
Unpacking dmsetup (2:1.02.175-2.1) ...
Selecting previously unselected package libdevmapper1.02.1:amd64.
Preparing to unpack .../libdevmapper1.02.1_2%3a1.02.175-2.1_amd64.deb ...
Unpacking libdevmapper1.02.1:amd64 (2:1.02.175-2.1) ...
Selecting previously unselected package libjson-c5:amd64.
Preparing to unpack .../libjson-c5_0.15-2_amd64.deb ...
Unpacking libjson-c5:amd64 (0.15-2) ...
Preparing to unpack .../libuuid1_2.36.1-8+deb11u1_amd64.deb ...
Unpacking libuuid1:amd64 (2.36.1-8+deb11u1) over (2.36.1-8) ...
Setting up libuuid1:amd64 (2.36.1-8+deb11u1) ...
Selecting previously unselected package libcryptsetup12:amd64.
(Reading database ... 
(Reading database ... 5%
(Reading database ... 10%
(Reading database ... 15%
(Reading database ... 20%
(Reading database ... 25%
(Reading database ... 30%
(Reading database ... 35%
(Reading database ... 40%
(Reading database ... 45%
(Reading database ... 50%
(Reading database ... 55%
(Reading database ... 60%
(Reading database ... 65%
(Reading database ... 70%
(Reading database ... 75%
(Reading database ... 80%
(Reading database ... 85%
(Reading database ... 90%
(Reading database ... 95%
(Reading database ... 100%
(Reading database ... 22767 files and directories currently installed.)
Preparing to unpack .../libcryptsetup12_2%3a2.3.7-1+deb11u1_amd64.deb ...
Unpacking libcryptsetup12:amd64 (2:2.3.7-1+deb11u1) ...
Selecting previously unselected package libip4tc2:amd64.
Preparing to unpack .../libip4tc2_1.8.7-1_amd64.deb ...
Unpacking libip4tc2:amd64 (1.8.7-1) ...
Selecting previously unselected package libkmod2:amd64.
Preparing to unpack .../libkmod2_28-1_amd64.deb ...
Unpacking libkmod2:amd64 (28-1) ...
Preparing to unpack .../libmount1_2.36.1-8+deb11u1_amd64.deb ...
Unpacking libmount1:amd64 (2.36.1-8+deb11u1) over (2.36.1-8) ...
Setting up libmount1:amd64 (2.36.1-8+deb11u1) ...
Selecting previously unselected package systemd.
(Reading database ... 
(Reading database ... 5%
(Reading database ... 10%
(Reading database ... 15%
(Reading database ... 20%
(Reading database ... 25%
(Reading database ... 30%
(Reading database ... 35%
(Reading database ... 40%
(Reading database ... 45%
(Reading database ... 50%
(Reading database ... 55%
(Reading database ... 60%
(Reading database ... 65%
(Reading database ... 70%
(Reading database ... 75%
(Reading database ... 80%
(Reading database ... 85%
(Reading database ... 90%
(Reading database ... 95%
(Reading database ... 100%
(Reading database ... 22787 files and directories currently installed.)
Preparing to unpack .../systemd_247.3-7+deb11u2_amd64.deb ...
Unpacking systemd (247.3-7+deb11u2) ...
Setting up libapparmor1:amd64 (2.13.6-10) ...
Setting up libcap2:amd64 (1:2.44-1) ...
Setting up libargon2-1:amd64 (0~20171227-0.2) ...
Setting up libjson-c5:amd64 (0.15-2) ...
Setting up libip4tc2:amd64 (1.8.7-1) ...
Setting up libkmod2:amd64 (28-1) ...
Setting up libdevmapper1.02.1:amd64 (2:1.02.175-2.1) ...
Setting up libcryptsetup12:amd64 (2:2.3.7-1+deb11u1) ...
Setting up systemd (247.3-7+deb11u2) ...
Created symlink /etc/systemd/system/getty.target.wants/getty@tty1.service → /lib/systemd/system/getty@.service.
Created symlink /etc/systemd/system/multi-user.target.wants/remote-fs.target → /lib/systemd/system/remote-fs.target.
Created symlink /etc/systemd/system/sysinit.target.wants/systemd-pstore.service → /lib/systemd/system/systemd-pstore.service.
Setting up dmsetup (2:1.02.175-2.1) ...
Selecting previously unselected package systemd-sysv.
(Reading database ... 
(Reading database ... 5%
(Reading database ... 10%
(Reading database ... 15%
(Reading database ... 20%
(Reading database ... 25%
(Reading database ... 30%
(Reading database ... 35%
(Reading database ... 40%
(Reading database ... 45%
(Reading database ... 50%
(Reading database ... 55%
(Reading database ... 60%
(Reading database ... 65%
(Reading database ... 70%
(Reading database ... 75%
(Reading database ... 80%
(Reading database ... 85%
(Reading database ... 90%
(Reading database ... 95%
(Reading database ... 100%
(Reading database ... 23573 files and directories currently installed.)
Preparing to unpack .../systemd-sysv_247.3-7+deb11u2_amd64.deb ...
Unpacking systemd-sysv (247.3-7+deb11u2) ...
Selecting previously unselected package libdbus-1-3:amd64.
Preparing to unpack .../libdbus-1-3_1.12.24-0+deb11u1_amd64.deb ...
Unpacking libdbus-1-3:amd64 (1.12.24-0+deb11u1) ...
Selecting previously unselected package dbus.
Preparing to unpack .../dbus_1.12.24-0+deb11u1_amd64.deb ...
Unpacking dbus (1.12.24-0+deb11u1) ...
Preparing to unpack .../libpcre2-8-0_10.36-2+deb11u1_amd64.deb ...
Unpacking libpcre2-8-0:amd64 (10.36-2+deb11u1) over (10.36-2) ...
Setting up libpcre2-8-0:amd64 (10.36-2+deb11u1) ...
Selecting previously unselected package libnss-systemd:amd64.
(Reading database ... 
(Reading database ... 5%
(Reading database ... 10%
(Reading database ... 15%
(Reading database ... 20%
(Reading database ... 25%
(Reading database ... 30%
(Reading database ... 35%
(Reading database ... 40%
(Reading database ... 45%
(Reading database ... 50%
(Reading database ... 55%
(Reading database ... 60%
(Reading database ... 65%
(Reading database ... 70%
(Reading database ... 75%
(Reading database ... 80%
(Reading database ... 85%
(Reading database ... 90%
(Reading database ... 95%
(Reading database ... 100%
(Reading database ... 23641 files and directories currently installed.)
Preparing to unpack .../000-libnss-systemd_247.3-7+deb11u2_amd64.deb ...
Unpacking libnss-systemd:amd64 (247.3-7+deb11u2) ...
Selecting previously unselected package libpam-systemd:amd64.
Preparing to unpack .../001-libpam-systemd_247.3-7+deb11u2_amd64.deb ...
Unpacking libpam-systemd:amd64 (247.3-7+deb11u2) ...
Selecting previously unselected package systemd-timesyncd.
Preparing to unpack .../002-systemd-timesyncd_247.3-7+deb11u2_amd64.deb ...
Unpacking systemd-timesyncd (247.3-7+deb11u2) ...
Selecting previously unselected package hicolor-icon-theme.
Preparing to unpack .../003-hicolor-icon-theme_0.17-2_all.deb ...
Unpacking hicolor-icon-theme (0.17-2) ...
Selecting previously unselected package libgdk-pixbuf2.0-common.
Preparing to unpack .../004-libgdk-pixbuf2.0-common_2.42.2+dfsg-1+deb11u1_all.deb ...
Unpacking libgdk-pixbuf2.0-common (2.42.2+dfsg-1+deb11u1) ...
Selecting previously unselected package libglib2.0-0:amd64.
Preparing to unpack .../005-libglib2.0-0_2.66.8-1_amd64.deb ...
Unpacking libglib2.0-0:amd64 (2.66.8-1) ...
Selecting previously unselected package libicu67:amd64.
Preparing to unpack .../006-libicu67_67.1-7_amd64.deb ...
Unpacking libicu67:amd64 (67.1-7) ...
Selecting previously unselected package libxml2:amd64.
Preparing to unpack .../007-libxml2_2.9.10+dfsg-6.7+deb11u4_amd64.deb ...
Unpacking libxml2:amd64 (2.9.10+dfsg-6.7+deb11u4) ...
Selecting previously unselected package shared-mime-info.
Preparing to unpack .../008-shared-mime-info_2.0-1_amd64.deb ...
Unpacking shared-mime-info (2.0-1) ...
Selecting previously unselected package libgdk-pixbuf-2.0-0:amd64.
Preparing to unpack .../009-libgdk-pixbuf-2.0-0_2.42.2+dfsg-1+deb11u1_amd64.deb ...
Unpacking libgdk-pixbuf-2.0-0:amd64 (2.42.2+dfsg-1+deb11u1) ...
Selecting previously unselected package gtk-update-icon-cache.
Preparing to unpack .../010-gtk-update-icon-cache_3.24.24-4+deb11u3_amd64.deb ...
Unpacking gtk-update-icon-cache (3.24.24-4+deb11u3) ...
Selecting previously unselected package adwaita-icon-theme.
Preparing to unpack .../011-adwaita-icon-theme_3.38.0-1_all.deb ...
Unpacking adwaita-icon-theme (3.38.0-1) ...
Selecting previously unselected package libatspi2.0-0:amd64.
Preparing to unpack .../012-libatspi2.0-0_2.38.0-4+deb11u1_amd64.deb ...
Unpacking libatspi2.0-0:amd64 (2.38.0-4+deb11u1) ...
Selecting previously unselected package libxi6:amd64.
Preparing to unpack .../013-libxi6_2%3a1.7.10-1_amd64.deb ...
Unpacking libxi6:amd64 (2:1.7.10-1) ...
Selecting previously unselected package x11-common.
Preparing to unpack .../014-x11-common_1%3a7.7+22_all.deb ...
Unpacking x11-common (1:7.7+22) ...
Selecting previously unselected package libxtst6:amd64.
Preparing to unpack .../015-libxtst6_2%3a1.2.3-1_amd64.deb ...
Unpacking libxtst6:amd64 (2:1.2.3-1) ...
Selecting previously unselected package at-spi2-core.
Preparing to unpack .../016-at-spi2-core_2.38.0-4+deb11u1_amd64.deb ...
Unpacking at-spi2-core (2.38.0-4+deb11u1) ...
Selecting previously unselected package dbus-user-session.
Preparing to unpack .../017-dbus-user-session_1.12.24-0+deb11u1_amd64.deb ...
Unpacking dbus-user-session (1.12.24-0+deb11u1) ...
Selecting previously unselected package libdconf1:amd64.
Preparing to unpack .../018-libdconf1_0.38.0-2_amd64.deb ...
Unpacking libdconf1:amd64 (0.38.0-2) ...
Selecting previously unselected package dconf-service.
Preparing to unpack .../019-dconf-service_0.38.0-2_amd64.deb ...
Unpacking dconf-service (0.38.0-2) ...
Selecting previously unselected package dconf-gsettings-backend:amd64.
Preparing to unpack .../020-dconf-gsettings-backend_0.38.0-2_amd64.deb ...
Unpacking dconf-gsettings-backend:amd64 (0.38.0-2) ...
Preparing to unpack .../021-libfreetype6_2.10.4+dfsg-1+deb11u1_amd64.deb ...
Unpacking libfreetype6:amd64 (2.10.4+dfsg-1+deb11u1) over (2.10.4+dfsg-1) ...
Selecting previously unselected package fontconfig.
Preparing to unpack .../022-fontconfig_2.13.1-4.2_amd64.deb ...
Unpacking fontconfig (2.13.1-4.2) ...
Selecting previously unselected package libgirepository-1.0-1:amd64.
Preparing to unpack .../023-libgirepository-1.0-1_1.66.1-1+b1_amd64.deb ...
Unpacking libgirepository-1.0-1:amd64 (1.66.1-1+b1) ...
Selecting previously unselected package gir1.2-glib-2.0:amd64.
Preparing to unpack .../024-gir1.2-glib-2.0_1.66.1-1+b1_amd64.deb ...
Unpacking gir1.2-glib-2.0:amd64 (1.66.1-1+b1) ...
Selecting previously unselected package libatk1.0-data.
Preparing to unpack .../025-libatk1.0-data_2.36.0-2_all.deb ...
Unpacking libatk1.0-data (2.36.0-2) ...
Selecting previously unselected package libatk1.0-0:amd64.
Preparing to unpack .../026-libatk1.0-0_2.36.0-2_amd64.deb ...
Unpacking libatk1.0-0:amd64 (2.36.0-2) ...
Selecting previously unselected package gir1.2-atk-1.0:amd64.
Preparing to unpack .../027-gir1.2-atk-1.0_2.36.0-2_amd64.deb ...
Unpacking gir1.2-atk-1.0:amd64 (2.36.0-2) ...
Selecting previously unselected package gir1.2-freedesktop:amd64.
Preparing to unpack .../028-gir1.2-freedesktop_1.66.1-1+b1_amd64.deb ...
Unpacking gir1.2-freedesktop:amd64 (1.66.1-1+b1) ...
Selecting previously unselected package gir1.2-atspi-2.0:amd64.
Preparing to unpack .../029-gir1.2-atspi-2.0_2.38.0-4+deb11u1_amd64.deb ...
Unpacking gir1.2-atspi-2.0:amd64 (2.38.0-4+deb11u1) ...
Selecting previously unselected package gir1.2-gdkpixbuf-2.0:amd64.
Preparing to unpack .../030-gir1.2-gdkpixbuf-2.0_2.42.2+dfsg-1+deb11u1_amd64.deb ...
Unpacking gir1.2-gdkpixbuf-2.0:amd64 (2.42.2+dfsg-1+deb11u1) ...
Selecting previously unselected package libgraphite2-3:amd64.
Preparing to unpack .../031-libgraphite2-3_1.3.14-1_amd64.deb ...
Unpacking libgraphite2-3:amd64 (1.3.14-1) ...
Selecting previously unselected package libharfbuzz0b:amd64.
Preparing to unpack .../032-libharfbuzz0b_2.7.4-1_amd64.deb ...
Unpacking libharfbuzz0b:amd64 (2.7.4-1) ...
Selecting previously unselected package gir1.2-harfbuzz-0.0:amd64.
Preparing to unpack .../033-gir1.2-harfbuzz-0.0_2.7.4-1_amd64.deb ...
Unpacking gir1.2-harfbuzz-0.0:amd64 (2.7.4-1) ...
Selecting previously unselected package libfribidi0:amd64.
Preparing to unpack .../034-libfribidi0_1.0.8-2+deb11u1_amd64.deb ...
Unpacking libfribidi0:amd64 (1.0.8-2+deb11u1) ...
Selecting previously unselected package libthai-data.
Preparing to unpack .../035-libthai-data_0.1.28-3_all.deb ...
Unpacking libthai-data (0.1.28-3) ...
Selecting previously unselected package libdatrie1:amd64.
Preparing to unpack .../036-libdatrie1_0.2.13-1_amd64.deb ...
Unpacking libdatrie1:amd64 (0.2.13-1) ...
Selecting previously unselected package libthai0:amd64.
Preparing to unpack .../037-libthai0_0.1.28-3_amd64.deb ...
Unpacking libthai0:amd64 (0.1.28-3) ...
Selecting previously unselected package libpango-1.0-0:amd64.
Preparing to unpack .../038-libpango-1.0-0_1.46.2-3_amd64.deb ...
Unpacking libpango-1.0-0:amd64 (1.46.2-3) ...
Selecting previously unselected package libpixman-1-0:amd64.
Preparing to unpack .../039-libpixman-1-0_0.40.0-1.1~deb11u1_amd64.deb ...
Unpacking libpixman-1-0:amd64 (0.40.0-1.1~deb11u1) ...
Selecting previously unselected package libxcb-render0:amd64.
Preparing to unpack .../040-libxcb-render0_1.14-3_amd64.deb ...
Unpacking libxcb-render0:amd64 (1.14-3) ...
Selecting previously unselected package libxcb-shm0:amd64.
Preparing to unpack .../041-libxcb-shm0_1.14-3_amd64.deb ...
Unpacking libxcb-shm0:amd64 (1.14-3) ...
Selecting previously unselected package libxrender1:amd64.
Preparing to unpack .../042-libxrender1_1%3a0.9.10-1_amd64.deb ...
Unpacking libxrender1:amd64 (1:0.9.10-1) ...
Selecting previously unselected package libcairo2:amd64.
Preparing to unpack .../043-libcairo2_1.16.0-5_amd64.deb ...
Unpacking libcairo2:amd64 (1.16.0-5) ...
Selecting previously unselected package libpangoft2-1.0-0:amd64.
Preparing to unpack .../044-libpangoft2-1.0-0_1.46.2-3_amd64.deb ...
Unpacking libpangoft2-1.0-0:amd64 (1.46.2-3) ...
Selecting previously unselected package libpangocairo-1.0-0:amd64.
Preparing to unpack .../045-libpangocairo-1.0-0_1.46.2-3_amd64.deb ...
Unpacking libpangocairo-1.0-0:amd64 (1.46.2-3) ...
Selecting previously unselected package libxft2:amd64.
Preparing to unpack .../046-libxft2_2.3.2-2_amd64.deb ...
Unpacking libxft2:amd64 (2.3.2-2) ...
Selecting previously unselected package libpangoxft-1.0-0:amd64.
Preparing to unpack .../047-libpangoxft-1.0-0_1.46.2-3_amd64.deb ...
Unpacking libpangoxft-1.0-0:amd64 (1.46.2-3) ...
Selecting previously unselected package gir1.2-pango-1.0:amd64.
Preparing to unpack .../048-gir1.2-pango-1.0_1.46.2-3_amd64.deb ...
Unpacking gir1.2-pango-1.0:amd64 (1.46.2-3) ...
Selecting previously unselected package libatk-bridge2.0-0:amd64.
Preparing to unpack .../049-libatk-bridge2.0-0_2.38.0-1_amd64.deb ...
Unpacking libatk-bridge2.0-0:amd64 (2.38.0-1) ...
Selecting previously unselected package libcairo-gobject2:amd64.
Preparing to unpack .../050-libcairo-gobject2_1.16.0-5_amd64.deb ...
Unpacking libcairo-gobject2:amd64 (1.16.0-5) ...
Selecting previously unselected package liblcms2-2:amd64.
Preparing to unpack .../051-liblcms2-2_2.12~rc1-2_amd64.deb ...
Unpacking liblcms2-2:amd64 (2.12~rc1-2) ...
Selecting previously unselected package libcolord2:amd64.
Preparing to unpack .../052-libcolord2_1.4.5-3_amd64.deb ...
Unpacking libcolord2:amd64 (1.4.5-3) ...
Selecting previously unselected package libavahi-common-data:amd64.
Preparing to unpack .../053-libavahi-common-data_0.8-5+deb11u2_amd64.deb ...
Unpacking libavahi-common-data:amd64 (0.8-5+deb11u2) ...
Selecting previously unselected package libavahi-common3:amd64.
Preparing to unpack .../054-libavahi-common3_0.8-5+deb11u2_amd64.deb ...
Unpacking libavahi-common3:amd64 (0.8-5+deb11u2) ...
Selecting previously unselected package libavahi-client3:amd64.
Preparing to unpack .../055-libavahi-client3_0.8-5+deb11u2_amd64.deb ...
Unpacking libavahi-client3:amd64 (0.8-5+deb11u2) ...
Selecting previously unselected package libcups2:amd64.
Preparing to unpack .../056-libcups2_2.3.3op2-3+deb11u2_amd64.deb ...
Unpacking libcups2:amd64 (2.3.3op2-3+deb11u2) ...
Selecting previously unselected package libepoxy0:amd64.
Preparing to unpack .../057-libepoxy0_1.5.5-1_amd64.deb ...
Unpacking libepoxy0:amd64 (1.5.5-1) ...
Selecting previously unselected package libjson-glib-1.0-common.
Preparing to unpack .../058-libjson-glib-1.0-common_1.6.2-1_all.deb ...
Unpacking libjson-glib-1.0-common (1.6.2-1) ...
Selecting previously unselected package libjson-glib-1.0-0:amd64.
Preparing to unpack .../059-libjson-glib-1.0-0_1.6.2-1_amd64.deb ...
Unpacking libjson-glib-1.0-0:amd64 (1.6.2-1) ...
Selecting previously unselected package libproxy1v5:amd64.
Preparing to unpack .../060-libproxy1v5_0.4.17-1_amd64.deb ...
Unpacking libproxy1v5:amd64 (0.4.17-1) ...
Selecting previously unselected package glib-networking-common.
Preparing to unpack .../061-glib-networking-common_2.66.0-2_all.deb ...
Unpacking glib-networking-common (2.66.0-2) ...
Selecting previously unselected package glib-networking-services.
Preparing to unpack .../062-glib-networking-services_2.66.0-2_amd64.deb ...
Unpacking glib-networking-services (2.66.0-2) ...
Selecting previously unselected package gsettings-desktop-schemas.
Preparing to unpack .../063-gsettings-desktop-schemas_3.38.0-2_all.deb ...
Unpacking gsettings-desktop-schemas (3.38.0-2) ...
Selecting previously unselected package glib-networking:amd64.
Preparing to unpack .../064-glib-networking_2.66.0-2_amd64.deb ...
Unpacking glib-networking:amd64 (2.66.0-2) ...
Selecting previously unselected package libsoup2.4-1:amd64.
Preparing to unpack .../065-libsoup2.4-1_2.72.0-2_amd64.deb ...
Unpacking libsoup2.4-1:amd64 (2.72.0-2) ...
Selecting previously unselected package libsoup-gnome2.4-1:amd64.
Preparing to unpack .../066-libsoup-gnome2.4-1_2.72.0-2_amd64.deb ...
Unpacking libsoup-gnome2.4-1:amd64 (2.72.0-2) ...
Selecting previously unselected package librest-0.7-0:amd64.
Preparing to unpack .../067-librest-0.7-0_0.8.1-1.1_amd64.deb ...
Unpacking librest-0.7-0:amd64 (0.8.1-1.1) ...
Selecting previously unselected package libwayland-client0:amd64.
Preparing to unpack .../068-libwayland-client0_1.18.0-2~exp1.1_amd64.deb ...
Unpacking libwayland-client0:amd64 (1.18.0-2~exp1.1) ...
Selecting previously unselected package libwayland-cursor0:amd64.
Preparing to unpack .../069-libwayland-cursor0_1.18.0-2~exp1.1_amd64.deb ...
Unpacking libwayland-cursor0:amd64 (1.18.0-2~exp1.1) ...
Selecting previously unselected package libwayland-egl1:amd64.
Preparing to unpack .../070-libwayland-egl1_1.18.0-2~exp1.1_amd64.deb ...
Unpacking libwayland-egl1:amd64 (1.18.0-2~exp1.1) ...
Selecting previously unselected package libxcomposite1:amd64.
Preparing to unpack .../071-libxcomposite1_1%3a0.4.5-1_amd64.deb ...
Unpacking libxcomposite1:amd64 (1:0.4.5-1) ...
Selecting previously unselected package libxfixes3:amd64.
Preparing to unpack .../072-libxfixes3_1%3a5.0.3-2_amd64.deb ...
Unpacking libxfixes3:amd64 (1:5.0.3-2) ...
Selecting previously unselected package libxcursor1:amd64.
Preparing to unpack .../073-libxcursor1_1%3a1.2.0-2_amd64.deb ...
Unpacking libxcursor1:amd64 (1:1.2.0-2) ...
Selecting previously unselected package libxdamage1:amd64.
Preparing to unpack .../074-libxdamage1_1%3a1.1.5-2_amd64.deb ...
Unpacking libxdamage1:amd64 (1:1.1.5-2) ...
Selecting previously unselected package libxinerama1:amd64.
Preparing to unpack .../075-libxinerama1_2%3a1.1.4-2_amd64.deb ...
Unpacking libxinerama1:amd64 (2:1.1.4-2) ...
Selecting previously unselected package xkb-data.
Preparing to unpack .../076-xkb-data_2.29-2_all.deb ...
Unpacking xkb-data (2.29-2) ...
Selecting previously unselected package libxkbcommon0:amd64.
Preparing to unpack .../077-libxkbcommon0_1.0.3-2_amd64.deb ...
Unpacking libxkbcommon0:amd64 (1.0.3-2) ...
Selecting previously unselected package libxrandr2:amd64.
Preparing to unpack .../078-libxrandr2_2%3a1.5.1-1_amd64.deb ...
Unpacking libxrandr2:amd64 (2:1.5.1-1) ...
Selecting previously unselected package libgtk-3-common.
Preparing to unpack .../079-libgtk-3-common_3.24.24-4+deb11u3_all.deb ...
Unpacking libgtk-3-common (3.24.24-4+deb11u3) ...
Selecting previously unselected package libgtk-3-0:amd64.
Preparing to unpack .../080-libgtk-3-0_3.24.24-4+deb11u3_amd64.deb ...
Unpacking libgtk-3-0:amd64 (3.24.24-4+deb11u3) ...
Selecting previously unselected package gir1.2-gtk-3.0:amd64.
Preparing to unpack .../081-gir1.2-gtk-3.0_3.24.24-4+deb11u3_amd64.deb ...
Unpacking gir1.2-gtk-3.0:amd64 (3.24.24-4+deb11u3) ...
Selecting previously unselected package icu-devtools.
Preparing to unpack .../082-icu-devtools_67.1-7_amd64.deb ...
Unpacking icu-devtools (67.1-7) ...
Selecting previously unselected package pkg-config.
Preparing to unpack .../083-pkg-config_0.29.2-1_amd64.deb ...
Unpacking pkg-config (0.29.2-1) ...
Selecting previously unselected package libffi-dev:amd64.
Preparing to unpack .../084-libffi-dev_3.3-6_amd64.deb ...
Unpacking libffi-dev:amd64 (3.3-6) ...
Selecting previously unselected package libglib2.0-data.
Preparing to unpack .../085-libglib2.0-data_2.66.8-1_all.deb ...
Unpacking libglib2.0-data (2.66.8-1) ...
Selecting previously unselected package libelf1:amd64.
Preparing to unpack .../086-libelf1_0.183-1_amd64.deb ...
Unpacking libelf1:amd64 (0.183-1) ...
Selecting previously unselected package libglib2.0-bin.
Preparing to unpack .../087-libglib2.0-bin_2.66.8-1_amd64.deb ...
Unpacking libglib2.0-bin (2.66.8-1) ...
Selecting previously unselected package libglib2.0-dev-bin.
Preparing to unpack .../088-libglib2.0-dev-bin_2.66.8-1_amd64.deb ...
Unpacking libglib2.0-dev-bin (2.66.8-1) ...
Selecting previously unselected package uuid-dev:amd64.
Preparing to unpack .../089-uuid-dev_2.36.1-8+deb11u1_amd64.deb ...
Unpacking uuid-dev:amd64 (2.36.1-8+deb11u1) ...
Selecting previously unselected package libblkid-dev:amd64.
Preparing to unpack .../090-libblkid-dev_2.36.1-8+deb11u1_amd64.deb ...
Unpacking libblkid-dev:amd64 (2.36.1-8+deb11u1) ...
Selecting previously unselected package libsepol1-dev:amd64.
Preparing to unpack .../091-libsepol1-dev_3.1-1_amd64.deb ...
Unpacking libsepol1-dev:amd64 (3.1-1) ...
Selecting previously unselected package libpcre2-16-0:amd64.
Preparing to unpack .../092-libpcre2-16-0_10.36-2+deb11u1_amd64.deb ...
Unpacking libpcre2-16-0:amd64 (10.36-2+deb11u1) ...
Selecting previously unselected package libpcre2-32-0:amd64.
Preparing to unpack .../093-libpcre2-32-0_10.36-2+deb11u1_amd64.deb ...
Unpacking libpcre2-32-0:amd64 (10.36-2+deb11u1) ...
Selecting previously unselected package libpcre2-posix2:amd64.
Preparing to unpack .../094-libpcre2-posix2_10.36-2+deb11u1_amd64.deb ...
Unpacking libpcre2-posix2:amd64 (10.36-2+deb11u1) ...
Selecting previously unselected package libpcre2-dev:amd64.
Preparing to unpack .../095-libpcre2-dev_10.36-2+deb11u1_amd64.deb ...
Unpacking libpcre2-dev:amd64 (10.36-2+deb11u1) ...
Selecting previously unselected package libselinux1-dev:amd64.
Preparing to unpack .../096-libselinux1-dev_3.1-3_amd64.deb ...
Unpacking libselinux1-dev:amd64 (3.1-3) ...
Selecting previously unselected package libmount-dev:amd64.
Preparing to unpack .../097-libmount-dev_2.36.1-8+deb11u1_amd64.deb ...
Unpacking libmount-dev:amd64 (2.36.1-8+deb11u1) ...
Selecting previously unselected package libpcre16-3:amd64.
Preparing to unpack .../098-libpcre16-3_2%3a8.39-13_amd64.deb ...
Unpacking libpcre16-3:amd64 (2:8.39-13) ...
Selecting previously unselected package libpcre32-3:amd64.
Preparing to unpack .../099-libpcre32-3_2%3a8.39-13_amd64.deb ...
Unpacking libpcre32-3:amd64 (2:8.39-13) ...
Selecting previously unselected package libpcrecpp0v5:amd64.
Preparing to unpack .../100-libpcrecpp0v5_2%3a8.39-13_amd64.deb ...
Unpacking libpcrecpp0v5:amd64 (2:8.39-13) ...
Selecting previously unselected package libpcre3-dev:amd64.
Preparing to unpack .../101-libpcre3-dev_2%3a8.39-13_amd64.deb ...
Unpacking libpcre3-dev:amd64 (2:8.39-13) ...
Selecting previously unselected package libglib2.0-dev:amd64.
Preparing to unpack .../102-libglib2.0-dev_2.66.8-1_amd64.deb ...
Unpacking libglib2.0-dev:amd64 (2.66.8-1) ...
Selecting previously unselected package libatk1.0-dev:amd64.
Preparing to unpack .../103-libatk1.0-dev_2.36.0-2_amd64.deb ...
Unpacking libatk1.0-dev:amd64 (2.36.0-2) ...
Selecting previously unselected package libdbus-1-dev:amd64.
Preparing to unpack .../104-libdbus-1-dev_1.12.24-0+deb11u1_amd64.deb ...
Unpacking libdbus-1-dev:amd64 (1.12.24-0+deb11u1) ...
Selecting previously unselected package x11proto-xext-dev.
Preparing to unpack .../105-x11proto-xext-dev_2020.1-1_all.deb ...
Unpacking x11proto-xext-dev (2020.1-1) ...
Selecting previously unselected package libxext-dev:amd64.
Preparing to unpack .../106-libxext-dev_2%3a1.3.3-1.1_amd64.deb ...
Unpacking libxext-dev:amd64 (2:1.3.3-1.1) ...
Selecting previously unselected package libxfixes-dev:amd64.
Preparing to unpack .../107-libxfixes-dev_1%3a5.0.3-2_amd64.deb ...
Unpacking libxfixes-dev:amd64 (1:5.0.3-2) ...
Selecting previously unselected package x11proto-input-dev.
Preparing to unpack .../108-x11proto-input-dev_2020.1-1_all.deb ...
Unpacking x11proto-input-dev (2020.1-1) ...
Selecting previously unselected package libxi-dev:amd64.
Preparing to unpack .../109-libxi-dev_2%3a1.7.10-1_amd64.deb ...
Unpacking libxi-dev:amd64 (2:1.7.10-1) ...
Selecting previously unselected package x11proto-record-dev.
Preparing to unpack .../110-x11proto-record-dev_2020.1-1_all.deb ...
Unpacking x11proto-record-dev (2020.1-1) ...
Selecting previously unselected package libxtst-dev:amd64.
Preparing to unpack .../111-libxtst-dev_2%3a1.2.3-1_amd64.deb ...
Unpacking libxtst-dev:amd64 (2:1.2.3-1) ...
Selecting previously unselected package libatspi2.0-dev:amd64.
Preparing to unpack .../112-libatspi2.0-dev_2.38.0-4+deb11u1_amd64.deb ...
Unpacking libatspi2.0-dev:amd64 (2.38.0-4+deb11u1) ...
Selecting previously unselected package libatk-bridge2.0-dev:amd64.
Preparing to unpack .../113-libatk-bridge2.0-dev_2.38.0-1_amd64.deb ...
Unpacking libatk-bridge2.0-dev:amd64 (2.38.0-1) ...
Selecting previously unselected package libbrotli-dev:amd64.
Preparing to unpack .../114-libbrotli-dev_1.0.9-2+b2_amd64.deb ...
Unpacking libbrotli-dev:amd64 (1.0.9-2+b2) ...
Selecting previously unselected package liblzo2-2:amd64.
Preparing to unpack .../115-liblzo2-2_2.10-2_amd64.deb ...
Unpacking liblzo2-2:amd64 (2.10-2) ...
Selecting previously unselected package libcairo-script-interpreter2:amd64.
Preparing to unpack .../116-libcairo-script-interpreter2_1.16.0-5_amd64.deb ...
Unpacking libcairo-script-interpreter2:amd64 (1.16.0-5) ...
Selecting previously unselected package libpng-dev:amd64.
Preparing to unpack .../117-libpng-dev_1.6.37-3_amd64.deb ...
Unpacking libpng-dev:amd64 (1.6.37-3) ...
Selecting previously unselected package libfreetype-dev:amd64.
Preparing to unpack .../118-libfreetype-dev_2.10.4+dfsg-1+deb11u1_amd64.deb ...
Unpacking libfreetype-dev:amd64 (2.10.4+dfsg-1+deb11u1) ...
Selecting previously unselected package libfreetype6-dev:amd64.
Preparing to unpack .../119-libfreetype6-dev_2.10.4+dfsg-1+deb11u1_amd64.deb ...
Unpacking libfreetype6-dev:amd64 (2.10.4+dfsg-1+deb11u1) ...
Selecting previously unselected package libfontconfig-dev:amd64.
Preparing to unpack .../120-libfontconfig-dev_2.13.1-4.2_amd64.deb ...
Unpacking libfontconfig-dev:amd64 (2.13.1-4.2) ...
Selecting previously unselected package libfontconfig1-dev:amd64.
Preparing to unpack .../121-libfontconfig1-dev_2.13.1-4.2_amd64.deb ...
Unpacking libfontconfig1-dev:amd64 (2.13.1-4.2) ...
Selecting previously unselected package libxrender-dev:amd64.
Preparing to unpack .../122-libxrender-dev_1%3a0.9.10-1_amd64.deb ...
Unpacking libxrender-dev:amd64 (1:0.9.10-1) ...
Selecting previously unselected package libice6:amd64.
Preparing to unpack .../123-libice6_2%3a1.0.10-1_amd64.deb ...
Unpacking libice6:amd64 (2:1.0.10-1) ...
Selecting previously unselected package libsm6:amd64.
Preparing to unpack .../124-libsm6_2%3a1.2.3-1_amd64.deb ...
Unpacking libsm6:amd64 (2:1.2.3-1) ...
Selecting previously unselected package libice-dev:amd64.
Preparing to unpack .../125-libice-dev_2%3a1.0.10-1_amd64.deb ...
Unpacking libice-dev:amd64 (2:1.0.10-1) ...
Selecting previously unselected package libsm-dev:amd64.
Preparing to unpack .../126-libsm-dev_2%3a1.2.3-1_amd64.deb ...
Unpacking libsm-dev:amd64 (2:1.2.3-1) ...
Selecting previously unselected package libpixman-1-dev:amd64.
Preparing to unpack .../127-libpixman-1-dev_0.40.0-1.1~deb11u1_amd64.deb ...
Unpacking libpixman-1-dev:amd64 (0.40.0-1.1~deb11u1) ...
Selecting previously unselected package libxcb-render0-dev:amd64.
Preparing to unpack .../128-libxcb-render0-dev_1.14-3_amd64.deb ...
Unpacking libxcb-render0-dev:amd64 (1.14-3) ...
Selecting previously unselected package libxcb-shm0-dev:amd64.
Preparing to unpack .../129-libxcb-shm0-dev_1.14-3_amd64.deb ...
Unpacking libxcb-shm0-dev:amd64 (1.14-3) ...
Selecting previously unselected package libcairo2-dev:amd64.
Preparing to unpack .../130-libcairo2-dev_1.16.0-5_amd64.deb ...
Unpacking libcairo2-dev:amd64 (1.16.0-5) ...
Selecting previously unselected package libdatrie-dev:amd64.
Preparing to unpack .../131-libdatrie-dev_0.2.13-1_amd64.deb ...
Unpacking libdatrie-dev:amd64 (0.2.13-1) ...
Selecting previously unselected package libdrm-common.
Preparing to unpack .../132-libdrm-common_2.4.104-1_all.deb ...
Unpacking libdrm-common (2.4.104-1) ...
Selecting previously unselected package libdrm2:amd64.
Preparing to unpack .../133-libdrm2_2.4.104-1_amd64.deb ...
Unpacking libdrm2:amd64 (2.4.104-1) ...
Selecting previously unselected package libdrm-amdgpu1:amd64.
Preparing to unpack .../134-libdrm-amdgpu1_2.4.104-1_amd64.deb ...
Unpacking libdrm-amdgpu1:amd64 (2.4.104-1) ...
Selecting previously unselected package libpciaccess0:amd64.
Preparing to unpack .../135-libpciaccess0_0.16-1_amd64.deb ...
Unpacking libpciaccess0:amd64 (0.16-1) ...
Selecting previously unselected package libdrm-intel1:amd64.
Preparing to unpack .../136-libdrm-intel1_2.4.104-1_amd64.deb ...
Unpacking libdrm-intel1:amd64 (2.4.104-1) ...
Selecting previously unselected package libdrm-nouveau2:amd64.
Preparing to unpack .../137-libdrm-nouveau2_2.4.104-1_amd64.deb ...
Unpacking libdrm-nouveau2:amd64 (2.4.104-1) ...
Selecting previously unselected package libdrm-radeon1:amd64.
Preparing to unpack .../138-libdrm-radeon1_2.4.104-1_amd64.deb ...
Unpacking libdrm-radeon1:amd64 (2.4.104-1) ...
Selecting previously unselected package libglvnd0:amd64.
Preparing to unpack .../139-libglvnd0_1.3.2-1_amd64.deb ...
Unpacking libglvnd0:amd64 (1.3.2-1) ...
Selecting previously unselected package libwayland-server0:amd64.
Preparing to unpack .../140-libwayland-server0_1.18.0-2~exp1.1_amd64.deb ...
Unpacking libwayland-server0:amd64 (1.18.0-2~exp1.1) ...
Selecting previously unselected package libgbm1:amd64.
Preparing to unpack .../141-libgbm1_20.3.5-1_amd64.deb ...
Unpacking libgbm1:amd64 (20.3.5-1) ...
Selecting previously unselected package libglapi-mesa:amd64.
Preparing to unpack .../142-libglapi-mesa_20.3.5-1_amd64.deb ...
Unpacking libglapi-mesa:amd64 (20.3.5-1) ...
Selecting previously unselected package libx11-xcb1:amd64.
Preparing to unpack .../143-libx11-xcb1_2%3a1.7.2-1_amd64.deb ...
Unpacking libx11-xcb1:amd64 (2:1.7.2-1) ...
Selecting previously unselected package libxcb-dri2-0:amd64.
Preparing to unpack .../144-libxcb-dri2-0_1.14-3_amd64.deb ...
Unpacking libxcb-dri2-0:amd64 (1.14-3) ...
Selecting previously unselected package libxcb-dri3-0:amd64.
Preparing to unpack .../145-libxcb-dri3-0_1.14-3_amd64.deb ...
Unpacking libxcb-dri3-0:amd64 (1.14-3) ...
Selecting previously unselected package libxcb-present0:amd64.
Preparing to unpack .../146-libxcb-present0_1.14-3_amd64.deb ...
Unpacking libxcb-present0:amd64 (1.14-3) ...
Selecting previously unselected package libxcb-sync1:amd64.
Preparing to unpack .../147-libxcb-sync1_1.14-3_amd64.deb ...
Unpacking libxcb-sync1:amd64 (1.14-3) ...
Selecting previously unselected package libxcb-xfixes0:amd64.
Preparing to unpack .../148-libxcb-xfixes0_1.14-3_amd64.deb ...
Unpacking libxcb-xfixes0:amd64 (1.14-3) ...
Selecting previously unselected package libxshmfence1:amd64.
Preparing to unpack .../149-libxshmfence1_1.3-1_amd64.deb ...
Unpacking libxshmfence1:amd64 (1.3-1) ...
Selecting previously unselected package libegl-mesa0:amd64.
Preparing to unpack .../150-libegl-mesa0_20.3.5-1_amd64.deb ...
Unpacking libegl-mesa0:amd64 (20.3.5-1) ...
Selecting previously unselected package libegl1:amd64.
Preparing to unpack .../151-libegl1_1.3.2-1_amd64.deb ...
Unpacking libegl1:amd64 (1.3.2-1) ...
Selecting previously unselected package libxcb-glx0:amd64.
Preparing to unpack .../152-libxcb-glx0_1.14-3_amd64.deb ...
Unpacking libxcb-glx0:amd64 (1.14-3) ...
Selecting previously unselected package libxxf86vm1:amd64.
Preparing to unpack .../153-libxxf86vm1_1%3a1.1.4-1+b2_amd64.deb ...
Unpacking libxxf86vm1:amd64 (1:1.1.4-1+b2) ...
Selecting previously unselected package libz3-4:amd64.
Preparing to unpack .../154-libz3-4_4.8.10-1_amd64.deb ...
Unpacking libz3-4:amd64 (4.8.10-1) ...
Selecting previously unselected package libllvm11:amd64.
Preparing to unpack .../155-libllvm11_1%3a11.0.1-2_amd64.deb ...
Unpacking libllvm11:amd64 (1:11.0.1-2) ...
Selecting previously unselected package libsensors-config.
Preparing to unpack .../156-libsensors-config_1%3a3.6.0-7_all.deb ...
Unpacking libsensors-config (1:3.6.0-7) ...
Selecting previously unselected package libsensors5:amd64.
Preparing to unpack .../157-libsensors5_1%3a3.6.0-7_amd64.deb ...
Unpacking libsensors5:amd64 (1:3.6.0-7) ...
Selecting previously unselected package libvulkan1:amd64.
Preparing to unpack .../158-libvulkan1_1.2.162.0-1_amd64.deb ...
Unpacking libvulkan1:amd64 (1.2.162.0-1) ...
Selecting previously unselected package libgl1-mesa-dri:amd64.
Preparing to unpack .../159-libgl1-mesa-dri_20.3.5-1_amd64.deb ...
Unpacking libgl1-mesa-dri:amd64 (20.3.5-1) ...
Selecting previously unselected package libglx-mesa0:amd64.
Preparing to unpack .../160-libglx-mesa0_20.3.5-1_amd64.deb ...
Unpacking libglx-mesa0:amd64 (20.3.5-1) ...
Selecting previously unselected package libglx0:amd64.
Preparing to unpack .../161-libglx0_1.3.2-1_amd64.deb ...
Unpacking libglx0:amd64 (1.3.2-1) ...
Selecting previously unselected package libgl1:amd64.
Preparing to unpack .../162-libgl1_1.3.2-1_amd64.deb ...
Unpacking libgl1:amd64 (1.3.2-1) ...
Selecting previously unselected package libglx-dev:amd64.
Preparing to unpack .../163-libglx-dev_1.3.2-1_amd64.deb ...
Unpacking libglx-dev:amd64 (1.3.2-1) ...
Selecting previously unselected package libgl-dev:amd64.
Preparing to unpack .../164-libgl-dev_1.3.2-1_amd64.deb ...
Unpacking libgl-dev:amd64 (1.3.2-1) ...
Selecting previously unselected package libegl-dev:amd64.
Preparing to unpack .../165-libegl-dev_1.3.2-1_amd64.deb ...
Unpacking libegl-dev:amd64 (1.3.2-1) ...
Selecting previously unselected package libgles1:amd64.
Preparing to unpack .../166-libgles1_1.3.2-1_amd64.deb ...
Unpacking libgles1:amd64 (1.3.2-1) ...
Selecting previously unselected package libgles2:amd64.
Preparing to unpack .../167-libgles2_1.3.2-1_amd64.deb ...
Unpacking libgles2:amd64 (1.3.2-1) ...
Selecting previously unselected package libgles-dev:amd64.
Preparing to unpack .../168-libgles-dev_1.3.2-1_amd64.deb ...
Unpacking libgles-dev:amd64 (1.3.2-1) ...
Selecting previously unselected package libopengl0:amd64.
Preparing to unpack .../169-libopengl0_1.3.2-1_amd64.deb ...
Unpacking libopengl0:amd64 (1.3.2-1) ...
Selecting previously unselected package libopengl-dev:amd64.
Preparing to unpack .../170-libopengl-dev_1.3.2-1_amd64.deb ...
Unpacking libopengl-dev:amd64 (1.3.2-1) ...
Selecting previously unselected package libglvnd-dev:amd64.
Preparing to unpack .../171-libglvnd-dev_1.3.2-1_amd64.deb ...
Unpacking libglvnd-dev:amd64 (1.3.2-1) ...
Selecting previously unselected package libegl1-mesa-dev:amd64.
Preparing to unpack .../172-libegl1-mesa-dev_20.3.5-1_amd64.deb ...
Unpacking libegl1-mesa-dev:amd64 (20.3.5-1) ...
Selecting previously unselected package libepoxy-dev:amd64.
Preparing to unpack .../173-libepoxy-dev_1.5.5-1_amd64.deb ...
Unpacking libepoxy-dev:amd64 (1.5.5-1) ...
Selecting previously unselected package libfribidi-dev:amd64.
Preparing to unpack .../174-libfribidi-dev_1.0.8-2+deb11u1_amd64.deb ...
Unpacking libfribidi-dev:amd64 (1.0.8-2+deb11u1) ...
Selecting previously unselected package libgdk-pixbuf2.0-bin.
Preparing to unpack .../175-libgdk-pixbuf2.0-bin_2.42.2+dfsg-1+deb11u1_amd64.deb ...
Unpacking libgdk-pixbuf2.0-bin (2.42.2+dfsg-1+deb11u1) ...
Selecting previously unselected package libgdk-pixbuf-2.0-dev:amd64.
Preparing to unpack .../176-libgdk-pixbuf-2.0-dev_2.42.2+dfsg-1+deb11u1_amd64.deb ...
Unpacking libgdk-pixbuf-2.0-dev:amd64 (2.42.2+dfsg-1+deb11u1) ...
Selecting previously unselected package libgraphite2-dev:amd64.
Preparing to unpack .../177-libgraphite2-dev_1.3.14-1_amd64.deb ...
Unpacking libgraphite2-dev:amd64 (1.3.14-1) ...
Selecting previously unselected package libgtk-3-bin.
Preparing to unpack .../178-libgtk-3-bin_3.24.24-4+deb11u3_amd64.deb ...
Unpacking libgtk-3-bin (3.24.24-4+deb11u3) ...
Selecting previously unselected package libharfbuzz-icu0:amd64.
Preparing to unpack .../179-libharfbuzz-icu0_2.7.4-1_amd64.deb ...
Unpacking libharfbuzz-icu0:amd64 (2.7.4-1) ...
Selecting previously unselected package libharfbuzz-gobject0:amd64.
Preparing to unpack .../180-libharfbuzz-gobject0_2.7.4-1_amd64.deb ...
Unpacking libharfbuzz-gobject0:amd64 (2.7.4-1) ...
Selecting previously unselected package libicu-dev:amd64.
Preparing to unpack .../181-libicu-dev_67.1-7_amd64.deb ...
Unpacking libicu-dev:amd64 (67.1-7) ...
Selecting previously unselected package libharfbuzz-dev:amd64.
Preparing to unpack .../182-libharfbuzz-dev_2.7.4-1_amd64.deb ...
Unpacking libharfbuzz-dev:amd64 (2.7.4-1) ...
Selecting previously unselected package libthai-dev:amd64.
Preparing to unpack .../183-libthai-dev_0.1.28-3_amd64.deb ...
Unpacking libthai-dev:amd64 (0.1.28-3) ...
Selecting previously unselected package libxft-dev:amd64.
Preparing to unpack .../184-libxft-dev_2.3.2-2_amd64.deb ...
Unpacking libxft-dev:amd64 (2.3.2-2) ...
Selecting previously unselected package pango1.0-tools.
Preparing to unpack .../185-pango1.0-tools_1.46.2-3_amd64.deb ...
Unpacking pango1.0-tools (1.46.2-3) ...
Selecting previously unselected package libpango1.0-dev:amd64.
Preparing to unpack .../186-libpango1.0-dev_1.46.2-3_amd64.deb ...
Unpacking libpango1.0-dev:amd64 (1.46.2-3) ...
Selecting previously unselected package libwayland-bin.
Preparing to unpack .../187-libwayland-bin_1.18.0-2~exp1.1_amd64.deb ...
Unpacking libwayland-bin (1.18.0-2~exp1.1) ...
Selecting previously unselected package libwayland-dev:amd64.
Preparing to unpack .../188-libwayland-dev_1.18.0-2~exp1.1_amd64.deb ...
Unpacking libwayland-dev:amd64 (1.18.0-2~exp1.1) ...
Selecting previously unselected package libxcomposite-dev:amd64.
Preparing to unpack .../189-libxcomposite-dev_1%3a0.4.5-1_amd64.deb ...
Unpacking libxcomposite-dev:amd64 (1:0.4.5-1) ...
Selecting previously unselected package libxcursor-dev:amd64.
Preparing to unpack .../190-libxcursor-dev_1%3a1.2.0-2_amd64.deb ...
Unpacking libxcursor-dev:amd64 (1:1.2.0-2) ...
Selecting previously unselected package libxdamage-dev:amd64.
Preparing to unpack .../191-libxdamage-dev_1%3a1.1.5-2_amd64.deb ...
Unpacking libxdamage-dev:amd64 (1:1.1.5-2) ...
Selecting previously unselected package x11proto-xinerama-dev.
Preparing to unpack .../192-x11proto-xinerama-dev_2020.1-1_all.deb ...
Unpacking x11proto-xinerama-dev (2020.1-1) ...
Selecting previously unselected package libxinerama-dev:amd64.
Preparing to unpack .../193-libxinerama-dev_2%3a1.1.4-2_amd64.deb ...
Unpacking libxinerama-dev:amd64 (2:1.1.4-2) ...
Selecting previously unselected package libxkbcommon-dev:amd64.
Preparing to unpack .../194-libxkbcommon-dev_1.0.3-2_amd64.deb ...
Unpacking libxkbcommon-dev:amd64 (1.0.3-2) ...
Selecting previously unselected package x11proto-randr-dev.
Preparing to unpack .../195-x11proto-randr-dev_2020.1-1_all.deb ...
Unpacking x11proto-randr-dev (2020.1-1) ...
Selecting previously unselected package libxrandr-dev:amd64.
Preparing to unpack .../196-libxrandr-dev_2%3a1.5.1-1_amd64.deb ...
Unpacking libxrandr-dev:amd64 (2:1.5.1-1) ...
Selecting previously unselected package wayland-protocols.
Preparing to unpack .../197-wayland-protocols_1.20-1_all.deb ...
Unpacking wayland-protocols (1.20-1) ...
Selecting previously unselected package libgtk-3-dev:amd64.
Preparing to unpack .../198-libgtk-3-dev_3.24.24-4+deb11u3_amd64.deb ...
Unpacking libgtk-3-dev:amd64 (3.24.24-4+deb11u3) ...
Selecting previously unselected package libpng-tools.
Preparing to unpack .../199-libpng-tools_1.6.37-3_amd64.deb ...
Unpacking libpng-tools (1.6.37-3) ...
Selecting previously unselected package librsvg2-2:amd64.
Preparing to unpack .../200-librsvg2-2_2.50.3+dfsg-1_amd64.deb ...
Unpacking librsvg2-2:amd64 (2.50.3+dfsg-1) ...
Selecting previously unselected package librsvg2-common:amd64.
Preparing to unpack .../201-librsvg2-common_2.50.3+dfsg-1_amd64.deb ...
Unpacking librsvg2-common:amd64 (2.50.3+dfsg-1) ...
Selecting previously unselected package libxcb-randr0:amd64.
Preparing to unpack .../202-libxcb-randr0_1.14-3_amd64.deb ...
Unpacking libxcb-randr0:amd64 (1.14-3) ...
Selecting previously unselected package mesa-vulkan-drivers:amd64.
Preparing to unpack .../203-mesa-vulkan-drivers_20.3.5-1_amd64.deb ...
Unpacking mesa-vulkan-drivers:amd64 (20.3.5-1) ...
Selecting previously unselected package xdg-user-dirs.
Preparing to unpack .../204-xdg-user-dirs_0.17-2_amd64.deb ...
Unpacking xdg-user-dirs (0.17-2) ...
Setting up libpcrecpp0v5:amd64 (2:8.39-13) ...
Setting up libgraphite2-3:amd64 (1.3.14-1) ...
Setting up libxcb-dri3-0:amd64 (1.14-3) ...
Setting up liblcms2-2:amd64 (2.12~rc1-2) ...
Setting up libpixman-1-0:amd64 (0.40.0-1.1~deb11u1) ...
Setting up libwayland-server0:amd64 (1.18.0-2~exp1.1) ...
Setting up libx11-xcb1:amd64 (2:1.7.2-1) ...
Setting up libpciaccess0:amd64 (0.16-1) ...
Setting up systemd-sysv (247.3-7+deb11u2) ...
Setting up libproxy1v5:amd64 (0.4.17-1) ...
Setting up libpixman-1-dev:amd64 (0.40.0-1.1~deb11u1) ...
Setting up libxdamage1:amd64 (1:1.1.5-2) ...
Setting up libxcb-xfixes0:amd64 (1.14-3) ...
Setting up libpcre16-3:amd64 (2:8.39-13) ...
Setting up hicolor-icon-theme (0.17-2) ...
Setting up libxi6:amd64 (2:1.7.10-1) ...
Setting up libxrender1:amd64 (1:0.9.10-1) ...
Setting up libicu67:amd64 (67.1-7) ...
Setting up libdatrie1:amd64 (0.2.13-1) ...
Setting up xdg-user-dirs (0.17-2) ...
Setting up libpng-tools (1.6.37-3) ...
Setting up libxcb-render0:amd64 (1.14-3) ...
Setting up libglib2.0-0:amd64 (2.66.8-1) ...
Setting up libglvnd0:amd64 (1.3.2-1) ...
Setting up x11proto-randr-dev (2020.1-1) ...
Setting up libxcb-glx0:amd64 (1.14-3) ...
Setting up libgdk-pixbuf2.0-common (2.42.2+dfsg-1+deb11u1) ...
Setting up libpng-dev:amd64 (1.6.37-3) ...
Setting up x11-common (1:7.7+22) ...
debconf: unable to initialize frontend: Dialog
debconf: (Dialog frontend will not work on a dumb terminal, an emacs shell buffer, or without a controlling terminal.)
debconf: falling back to frontend: Readline
invoke-rc.d: could not determine current runlevel
invoke-rc.d: policy-rc.d denied execution of start.
Setting up libsensors-config (1:3.6.0-7) ...
Setting up libsepol1-dev:amd64 (3.1-1) ...
Setting up libnss-systemd:amd64 (247.3-7+deb11u2) ...
First installation detected...
Checking NSS setup...
Setting up xkb-data (2.29-2) ...
Setting up liblzo2-2:amd64 (2.10-2) ...
Setting up libxcb-shm0:amd64 (1.14-3) ...
Setting up libffi-dev:amd64 (3.3-6) ...
Setting up x11proto-xinerama-dev (2020.1-1) ...
Setting up libpcre2-16-0:amd64 (10.36-2+deb11u1) ...
Setting up libcolord2:amd64 (1.4.5-3) ...
Setting up libopengl0:amd64 (1.3.2-1) ...
Setting up libxxf86vm1:amd64 (1:1.1.4-1+b2) ...
Setting up libxcb-present0:amd64 (1.14-3) ...
Setting up libdconf1:amd64 (0.38.0-2) ...
Setting up libxcb-shm0-dev:amd64 (1.14-3) ...
Setting up libgraphite2-dev:amd64 (1.3.14-1) ...
Setting up libz3-4:amd64 (4.8.10-1) ...
Setting up libpcre2-32-0:amd64 (10.36-2+deb11u1) ...
Setting up libglib2.0-data (2.66.8-1) ...
Setting up libllvm11:amd64 (1:11.0.1-2) ...
Setting up libgles2:amd64 (1.3.2-1) ...
Setting up libfreetype6:amd64 (2.10.4+dfsg-1+deb11u1) ...
Setting up libepoxy0:amd64 (1.5.5-1) ...
Setting up libxfixes3:amd64 (1:5.0.3-2) ...
Setting up libxcb-sync1:amd64 (1.14-3) ...
Setting up uuid-dev:amd64 (2.36.1-8+deb11u1) ...
Setting up libavahi-common-data:amd64 (0.8-5+deb11u2) ...
Setting up libgles1:amd64 (1.3.2-1) ...
Setting up libdbus-1-3:amd64 (1.12.24-0+deb11u1) ...
Setting up dbus (1.12.24-0+deb11u1) ...
invoke-rc.d: could not determine current runlevel
invoke-rc.d: policy-rc.d denied execution of start.
Setting up libfribidi0:amd64 (1.0.8-2+deb11u1) ...
Setting up libxinerama1:amd64 (2:1.1.4-2) ...
Setting up libpcre32-3:amd64 (2:8.39-13) ...
Setting up systemd-timesyncd (247.3-7+deb11u2) ...
Created symlink /etc/systemd/system/dbus-org.freedesktop.timesync1.service → /lib/systemd/system/systemd-timesyncd.service.
Created symlink /etc/systemd/system/sysinit.target.wants/systemd-timesyncd.service → /lib/systemd/system/systemd-timesyncd.service.
Setting up x11proto-input-dev (2020.1-1) ...
Setting up libxrandr2:amd64 (2:1.5.1-1) ...
Setting up icu-devtools (67.1-7) ...
Setting up pkg-config (0.29.2-1) ...
Setting up libxcb-render0-dev:amd64 (1.14-3) ...
Setting up libpcre2-posix2:amd64 (10.36-2+deb11u1) ...
Setting up libsensors5:amd64 (1:3.6.0-7) ...
Setting up libglapi-mesa:amd64 (20.3.5-1) ...
Setting up libvulkan1:amd64 (1.2.162.0-1) ...
Setting up libxcb-dri2-0:amd64 (1.14-3) ...
Setting up libatk1.0-data (2.36.0-2) ...
Setting up x11proto-xext-dev (2020.1-1) ...
Setting up wayland-protocols (1.20-1) ...
Setting up libdatrie-dev:amd64 (0.2.13-1) ...
Setting up libxshmfence1:amd64 (1.3-1) ...
Setting up libxcb-randr0:amd64 (1.14-3) ...
Setting up libpam-systemd:amd64 (247.3-7+deb11u2) ...
debconf: unable to initialize frontend: Dialog
debconf: (Dialog frontend will not work on a dumb terminal, an emacs shell buffer, or without a controlling terminal.)
debconf: falling back to frontend: Readline
Setting up libharfbuzz0b:amd64 (2.7.4-1) ...
Setting up libthai-data (0.1.28-3) ...
Setting up libgirepository-1.0-1:amd64 (1.66.1-1+b1) ...
Setting up libjson-glib-1.0-common (1.6.2-1) ...
Setting up libatk1.0-0:amd64 (2.36.0-2) ...
Setting up libwayland-egl1:amd64 (1.18.0-2~exp1.1) ...
Setting up x11proto-record-dev (2020.1-1) ...
Setting up libopengl-dev:amd64 (1.3.2-1) ...
Setting up glib-networking-common (2.66.0-2) ...
Setting up libdrm-common (2.4.104-1) ...
Setting up libelf1:amd64 (0.183-1) ...
Setting up libxcomposite1:amd64 (1:0.4.5-1) ...
Setting up libxrender-dev:amd64 (1:0.9.10-1) ...
Setting up libicu-dev:amd64 (67.1-7) ...
Setting up libxml2:amd64 (2.9.10+dfsg-6.7+deb11u4) ...
Setting up libbrotli-dev:amd64 (1.0.9-2+b2) ...
Setting up libxkbcommon0:amd64 (1.0.3-2) ...
Setting up libwayland-client0:amd64 (1.18.0-2~exp1.1) ...
Setting up libglib2.0-dev-bin (2.66.8-1) ...
Setting up glib-networking-services (2.66.0-2) ...
Setting up libblkid-dev:amd64 (2.36.1-8+deb11u1) ...
Setting up libice6:amd64 (2:1.0.10-1) ...
Setting up fontconfig (2.13.1-4.2) ...
Regenerating fonts cache... done.
Setting up libxft2:amd64 (2.3.2-2) ...
Setting up libharfbuzz-icu0:amd64 (2.7.4-1) ...
Setting up libpcre2-dev:amd64 (10.36-2+deb11u1) ...
Setting up libice-dev:amd64 (2:1.0.10-1) ...
Setting up libselinux1-dev:amd64 (3.1-3) ...
Setting up libpcre3-dev:amd64 (2:8.39-13) ...
Setting up libxtst6:amd64 (2:1.2.3-1) ...
Setting up libfribidi-dev:amd64 (1.0.8-2+deb11u1) ...
Setting up libxkbcommon-dev:amd64 (1.0.3-2) ...
Setting up libxcursor1:amd64 (1:1.2.0-2) ...
Setting up libavahi-common3:amd64 (0.8-5+deb11u2) ...
Setting up libglib2.0-bin (2.66.8-1) ...
Setting up libharfbuzz-gobject0:amd64 (2.7.4-1) ...
Setting up libatspi2.0-0:amd64 (2.38.0-4+deb11u1) ...
Setting up libcairo2:amd64 (1.16.0-5) ...
Setting up libjson-glib-1.0-0:amd64 (1.6.2-1) ...
Setting up libfreetype-dev:amd64 (2.10.4+dfsg-1+deb11u1) ...
Setting up libxfixes-dev:amd64 (1:5.0.3-2) ...
Setting up libatk-bridge2.0-0:amd64 (2.38.0-1) ...
Setting up libthai0:amd64 (0.1.28-3) ...
Setting up dbus-user-session (1.12.24-0+deb11u1) ...
Setting up libwayland-bin (1.18.0-2~exp1.1) ...
Setting up libdbus-1-dev:amd64 (1.12.24-0+deb11u1) ...
Setting up shared-mime-info (2.0-1) ...
Setting up gir1.2-glib-2.0:amd64 (1.66.1-1+b1) ...
Setting up libxext-dev:amd64 (2:1.3.3-1.1) ...
Setting up libthai-dev:amd64 (0.1.28-3) ...
Setting up libdrm2:amd64 (2.4.104-1) ...
Setting up at-spi2-core (2.38.0-4+deb11u1) ...
Setting up libwayland-cursor0:amd64 (1.18.0-2~exp1.1) ...
Setting up libgdk-pixbuf-2.0-0:amd64 (2.42.2+dfsg-1+deb11u1) ...
Setting up libcairo-gobject2:amd64 (1.16.0-5) ...
Setting up libxi-dev:amd64 (2:1.7.10-1) ...
Setting up libsm6:amd64 (2:1.2.3-1) ...
Setting up libavahi-client3:amd64 (0.8-5+deb11u2) ...
Setting up libmount-dev:amd64 (2.36.1-8+deb11u1) ...
Setting up libdrm-amdgpu1:amd64 (2.4.104-1) ...
Setting up libxtst-dev:amd64 (2:1.2.3-1) ...
Setting up libxdamage-dev:amd64 (1:1.1.5-2) ...
Setting up libcairo-script-interpreter2:amd64 (1.16.0-5) ...
Setting up mesa-vulkan-drivers:amd64 (20.3.5-1) ...
Setting up gtk-update-icon-cache (3.24.24-4+deb11u3) ...
Setting up libdrm-nouveau2:amd64 (2.4.104-1) ...
Setting up gir1.2-freedesktop:amd64 (1.66.1-1+b1) ...
Setting up gir1.2-gdkpixbuf-2.0:amd64 (2.42.2+dfsg-1+deb11u1) ...
Setting up libgbm1:amd64 (20.3.5-1) ...
Setting up gir1.2-atk-1.0:amd64 (2.36.0-2) ...
Setting up libsm-dev:amd64 (2:1.2.3-1) ...
Setting up libdrm-radeon1:amd64 (2.4.104-1) ...
Setting up libxcomposite-dev:amd64 (1:0.4.5-1) ...
Setting up libxcursor-dev:amd64 (1:1.2.0-2) ...
Setting up libpango-1.0-0:amd64 (1.46.2-3) ...
Setting up libdrm-intel1:amd64 (2.4.104-1) ...
Setting up libgl1-mesa-dri:amd64 (20.3.5-1) ...
Setting up dconf-service (0.38.0-2) ...
Setting up gir1.2-atspi-2.0:amd64 (2.38.0-4+deb11u1) ...
Setting up libwayland-dev:amd64 (1.18.0-2~exp1.1) ...
Setting up gir1.2-harfbuzz-0.0:amd64 (2.7.4-1) ...
Setting up libfreetype6-dev:amd64 (2.10.4+dfsg-1+deb11u1) ...
Setting up libxrandr-dev:amd64 (2:1.5.1-1) ...
Setting up libegl-mesa0:amd64 (20.3.5-1) ...
Setting up libglib2.0-dev:amd64 (2.66.8-1) ...
Setting up adwaita-icon-theme (3.38.0-1) ...
update-alternatives: using /usr/share/icons/Adwaita/cursor.theme to provide /usr/share/icons/default/index.theme (x-cursor-theme) in auto mode
Setting up libxinerama-dev:amd64 (2:1.1.4-2) ...
Setting up libcups2:amd64 (2.3.3op2-3+deb11u2) ...
Setting up libgdk-pixbuf2.0-bin (2.42.2+dfsg-1+deb11u1) ...
Setting up libegl1:amd64 (1.3.2-1) ...
Setting up libpangoft2-1.0-0:amd64 (1.46.2-3) ...
Setting up libatk1.0-dev:amd64 (2.36.0-2) ...
Setting up libpangocairo-1.0-0:amd64 (1.46.2-3) ...
Setting up libgdk-pixbuf-2.0-dev:amd64 (2.42.2+dfsg-1+deb11u1) ...
Setting up libatspi2.0-dev:amd64 (2.38.0-4+deb11u1) ...
Setting up libharfbuzz-dev:amd64 (2.7.4-1) ...
Setting up libglx-mesa0:amd64 (20.3.5-1) ...
Setting up libpangoxft-1.0-0:amd64 (1.46.2-3) ...
Setting up libglx0:amd64 (1.3.2-1) ...
Setting up dconf-gsettings-backend:amd64 (0.38.0-2) ...
Setting up libfontconfig-dev:amd64 (2.13.1-4.2) ...
Setting up pango1.0-tools (1.46.2-3) ...
Setting up libatk-bridge2.0-dev:amd64 (2.38.0-1) ...
Setting up librsvg2-2:amd64 (2.50.3+dfsg-1) ...
Setting up gir1.2-pango-1.0:amd64 (1.46.2-3) ...
Setting up libgl1:amd64 (1.3.2-1) ...
Setting up librsvg2-common:amd64 (2.50.3+dfsg-1) ...
Setting up libglx-dev:amd64 (1.3.2-1) ...
Setting up libcairo2-dev:amd64 (1.16.0-5) ...
Setting up libgl-dev:amd64 (1.3.2-1) ...
Setting up libgtk-3-common (3.24.24-4+deb11u3) ...
Setting up libxft-dev:amd64 (2.3.2-2) ...
Setting up gsettings-desktop-schemas (3.38.0-2) ...
Setting up libfontconfig1-dev:amd64 (2.13.1-4.2) ...
Setting up libegl-dev:amd64 (1.3.2-1) ...
Setting up libepoxy-dev:amd64 (1.5.5-1) ...
Setting up libpango1.0-dev:amd64 (1.46.2-3) ...
Setting up glib-networking:amd64 (2.66.0-2) ...
Setting up libgles-dev:amd64 (1.3.2-1) ...
Setting up libsoup2.4-1:amd64 (2.72.0-2) ...
Setting up libglvnd-dev:amd64 (1.3.2-1) ...
Setting up libsoup-gnome2.4-1:amd64 (2.72.0-2) ...
Setting up libegl1-mesa-dev:amd64 (20.3.5-1) ...
Setting up librest-0.7-0:amd64 (0.8.1-1.1) ...
Setting up libgtk-3-0:amd64 (3.24.24-4+deb11u3) ...
Setting up gir1.2-gtk-3.0:amd64 (3.24.24-4+deb11u3) ...
Setting up libgtk-3-bin (3.24.24-4+deb11u3) ...
Setting up libgtk-3-dev:amd64 (3.24.24-4+deb11u3) ...
Processing triggers for libc-bin (2.31-13) ...
Processing triggers for libgdk-pixbuf-2.0-0:amd64 (2.42.2+dfsg-1+deb11u1) ...
Note: Deploying make=4.3.0...
Note: Deploying pkg_config=0.29.2...
Note: Running post_fetch actions for gtkada=23.0.0...
checking build system type... x86_64-pc-linux-gnu
checking host system type... x86_64-pc-linux-gnu
checking target system type... x86_64-pc-linux-gnu
checking for pkg-config... /usr/bin/pkg-config
checking pkg-config is at least version 0.9.0... yes
checking for gcc... gcc
checking whether the C compiler works... yes
checking for C compiler default output file name... a.out
checking for suffix of executables... 
checking whether we are cross compiling... no
checking for suffix of object files... o
checking whether we are using the GNU C compiler... yes
checking whether gcc accepts -g... yes
checking for gcc option to accept ISO C89... none needed
checking for gprbuild... /usr/bin/gprbuild
checking for gprinstall... /usr/bin/gprinstall
checking that your gnat compiler works with a simple example... yes
checking whether NLS is requested... yes
checking for gettext in libc... yes
checking for GTK... yes
checking for pkg-config... (cached) /usr/bin/pkg-config
checking pkg-config is at least version 0.16... yes
checking for GTK+ - version >= 3.24.24... yes (version 3.24.24)
checking for GMODULE... yes
checking for FONTCONFIG... yes
configure: creating ./config.status
config.status: creating Makefile
config.status: creating shared.gpr
config.status: creating po/Makefile
config.status: creating docs/gtkada_rm/html/static/index.html
configure: --------- Summary for Gtkada 18.0w -----------------
configure:   Shared libraries:       yes (default: static)
configure: --------------------------------------------
gnatprep -DGETTEXT_INTL=False -DHAVE_GETTEXT=True src/gtkada-intl.gpb src/gtkada-intl.adb
Note: Building gtkada/src/gtkada.gpr...
Setup
   [mkdir]        object directory for project GtkAda
   [mkdir]        library directory for project GtkAda
Compile
   [Ada]          gtkada-canvas.adb
   [Ada]          gdk-main.adb
   [Ada]          gtkada-application.adb
   [Ada]          pango.ads
   [Ada]          gtkada-pixmaps.ads
   [Ada]          gdk-window_attr.adb
   [Ada]          fontconfig.adb
   [Ada]          gdk-input.ads
   [Ada]          cairo-image_surface.adb
   [Ada]          gtkada-printing.adb
   [Ada]          glib-error.adb
   [Ada]          glib-main.adb
   [Ada]          gtkada-style.adb
   [Ada]          gtkada-canvas_view-astar.adb
   [Ada]          glib-gslist.adb
   [Ada]          gtkada-multi_paned.adb
   [Ada]          gtk-text_child.adb
   [Ada]          pango-cairo.adb
   [Ada]          gtkada-file_selection.adb
   [Ada]          gtkada-abstract_list_model.adb
   [Ada]          gdk-visual.adb
   [Ada]          glib-enums.ads
   [Ada]          cairo-pattern.ads
   [Ada]          glib-xml_int.ads
   [Ada]          gtk-handlers.adb
   [Ada]          gtkada-mdi.adb
   [Ada]          glib-graphs-layouts.adb
   [Ada]          gdk-threads.ads
   [Ada]          glib-properties-creation.adb
   [Ada]          glib-graphs.adb
   [Ada]          cairo-matrix.ads
   [Ada]          gtk.ads
   [Ada]          gtkada-canvas_view-models.adb
   [Ada]          cairo-scaled_font.ads
   [Ada]          glib-glist.adb
   [Ada]          cairo-surface.adb
   [Ada]          gtkada-types.adb
   [Ada]          gtkada-bindings.adb
   [Ada]          glib-messages.adb
   [Ada]          cairo-pdf.adb
   [Ada]          glib-properties.adb
   [Ada]          cairo-svg.adb
   [Ada]          glib-generic_properties.adb
   [Ada]          gdk-property.adb
   [Ada]          cairo.adb
   [Ada]          gdk-pixbuf.adb
   [Ada]          cairo-region.adb
   [Ada]          cairo-font_face.ads
   [Ada]          gtk-bindings.adb
   [Ada]          cairo-font_options.adb
   [Ada]          gtkada-canvas_view-links.adb
   [Ada]          gtkada.ads
   [Ada]          gtk-marshallers.adb
   [Ada]          gtkada-canvas_view.adb
   [Ada]          glib-type_conversion_hooks.adb
   [Ada]          gtk-dnd.adb
   [Ada]          gtk-type_conversion.adb
   [Ada]          glib-xml.adb
glib-xml.adb:661:28: warning: "Success" modified by call, but value might not be referenced
   [Ada]          gdk-cairo.adb
   [Ada]          gdk-color.adb
   [Ada]          glib-types.adb
   [Ada]          gtk-tree_model-utils.adb
   [Ada]          gdk-types.ads
   [Ada]          gdk-dnd.adb
   [Ada]          glib-key_file.adb
   [Ada]          glib-unicode.adb
   [Ada]          gdk-display_manager.adb
   [Ada]          glib-gnodes.adb
   [Ada]          gtkada-intl.adb
   [Ada]          gtk-rc.adb
   [Ada]          gtkada-canvas_view-rtrees.adb
   [Ada]          gdk-keyval.adb
   [Ada]          gdk.ads
   [Ada]          glib.adb
   [Ada]          gtkada-abstract_tree_model.adb
   [Ada]          gtkada-handlers.ads
   [Ada]          gdk-rectangle.adb
   [Ada]          gtkada-canvas_view-views.adb
   [Ada]          glib-module.adb
   [Ada]          gdk-types-keysyms.ads
   [Ada]          gtkada-c.adb
   [Ada]          gtkada-builder.adb
   [Ada]          cairo-png.adb
   [Ada]          glib-values.adb
   [Ada]          glib-object.adb
   [Ada]          gtkada-multiline_entry.adb
   [Ada]          gtkada-dialogs.adb
   [Ada]          gtk-arguments.adb
   [Ada]          gtkada-canvas_view-objects.adb
   [Ada]          glib-convert.adb
   [Ada]          gtkada-canvas_view-models-layers.adb
   [Ada]          pango-matrix.adb
   [Ada]          gtk-gesture_rotate.adb
   [Ada]          gtk-level_bar.adb
   [Ada]          gtk-expander.adb
   [Ada]          gtk-symbolic_color.adb
   [Ada]          glib-menu.adb
   [Ada]          gtk-entry_buffer.adb
   [Ada]          gtk-css_section.adb
   [Ada]          gtk-alignment.adb
   [Ada]          glib-utils.adb
   [Ada]          gtk-window.adb
   [Ada]          gtk-viewport.adb
   [Ada]          gtk-list_store.adb
   [Ada]          gtk-flow_box.adb
   [Ada]          gtk-main.adb
   [Ada]          gtk-action_bar.adb
   [Ada]          gtk-event_controller.adb
   [Ada]          gtk-cell_renderer_accel.adb
   [Ada]          gdk-monitor.adb
   [Ada]          gtk-box.adb
   [Ada]          gtk-tearoff_menu_item.adb
   [Ada]          gtk-separator_tool_item.adb
   [Ada]          gtk-stack_switcher.adb
   [Ada]          gtk-label.adb
   [Ada]          gtk-radio_action.adb
   [Ada]          gtk-cell_renderer_toggle.adb
   [Ada]          pango-fontset.adb
   [Ada]          gtk-tool_button.adb
   [Ada]          gtk-revealer.adb
   [Ada]          gtk-menu_button.adb
   [Ada]          gtk-settings.adb
   [Ada]          gtk-message_dialog.adb
   [Ada]          gtk-cell_renderer_pixbuf.adb
   [Ada]          gtk-search_entry.adb
   [Ada]          gtk-text_iter.adb
   [Ada]          gtk-color_selection_dialog.adb
   [Ada]          gtk-info_bar.adb
   [Ada]          gtk-file_chooser_widget.adb
   [Ada]          gtk-dialog.adb
   [Ada]          gtk-recent_manager.adb
   [Ada]          gtk-color_chooser_dialog.adb
   [Ada]          gtk-style.adb
   [Ada]          gdk-seat.adb
   [Ada]          glib-string.adb
   [Ada]          gtk-icon_view.adb
   [Ada]          gtk-cell_renderer.adb
   [Ada]          gtk-gesture_single.adb
   [Ada]          gtk-separator.adb
   [Ada]          gtk-file_chooser.adb
   [Ada]          gtk-menu_bar.adb
   [Ada]          gdk-cursor.adb
   [Ada]          gtk-icon_set.adb
   [Ada]          gtk-popover.adb
   [Ada]          gdk-rgba.adb
   [Ada]          gtk-overlay.adb
   [Ada]          pango-font_metrics.adb
   [Ada]          gtk-misc.adb
   [Ada]          gtk-gesture.adb
   [Ada]          gtk-image_menu_item.adb
   [Ada]          gtk-target_entry.adb
   [Ada]          gtk-paned.adb
   [Ada]          gtk-scrolled_window.adb
   [Ada]          gtk-image.adb
   [Ada]          gtk-event_box.adb
   [Ada]          glib-notification.adb
   [Ada]          gtk-print_settings.adb
   [Ada]          pango-context.adb
   [Ada]          gtk-progress_bar.adb
   [Ada]          gtk-text_child_anchor.adb
   [Ada]          glib-cancellable.adb
   [Ada]          gtk-gesture_multi_press.adb
   [Ada]          gtk-toggle_tool_button.adb
   [Ada]          gtk-color_chooser_widget.adb
   [Ada]          gtk-calendar.adb
   [Ada]          gtk-recent_filter.adb
   [Ada]          gdk-device.adb
   [Ada]          gtk-search_bar.adb
   [Ada]          gtk-accel_map.adb
   [Ada]          gtk-scale_button.adb
   [Ada]          gdk-drag_contexts.adb
   [Ada]          gtk-layout.adb
   [Ada]          gtk-style_properties.adb
   [Ada]          gtk-radio_button.adb
   [Ada]          glib-action_map.adb
   [Ada]          pango-coverage.adb
   [Ada]          gtk-grange.adb
   [Ada]          gtk-recent_action.adb
   [Ada]          glib-application.adb
   [Ada]          gtk-text_tag.adb
   [Ada]          gtk-tree_selection.adb
   [Ada]          gtk-im_context.adb
   [Ada]          pango-font_family.adb
   [Ada]          gtk-scrollbar.adb
   [Ada]          gtk-font_button.adb
   [Ada]          gtk-menu_item.adb
   [Ada]          gdk-window.adb
   [Ada]          gtk-table.adb
   [Ada]          gtk-gradient.adb
   [Ada]          gtk-builder.adb
   [Ada]          pango-font_map.adb
   [Ada]          gtk-cell_renderer_combo.adb
   [Ada]          gtk-list_box_row.adb
   [Ada]          pango-font_face.adb
   [Ada]          pango-language.adb
   [Ada]          pango-font.adb
   [Ada]          gtk-ui_manager.adb
   [Ada]          gtk-tree_store.adb
   [Ada]          gtk-container.adb
   [Ada]          pango-enums.adb
   [Ada]          glib-poll.adb
   [Ada]          gtk-bin.adb
   [Ada]          gtk-accel_group.adb
   [Ada]          gtk-stock.adb
   [Ada]          gtk-recent_chooser_dialog.adb
   [Ada]          gtk-enums.adb
   [Ada]          gtk-cell_renderer_spin.adb
   [Ada]          gdk-display.adb
   [Ada]          gtk-link_button.adb
   [Ada]          glib-menu_model.adb
   [Ada]          gtk-binding_set.adb
   [Ada]          gtk-frame.adb
   [Ada]          gtk-cell_renderer_text.adb
   [Ada]          gtk-assistant.adb
   [Ada]          gtk-radio_tool_button.adb
   [Ada]          gtk-separator_menu_item.adb
   [Ada]          gtk-target_list.adb
   [Ada]          gtk-shortcuts_window.adb
   [Ada]          glib-list_model.adb
   [Ada]          glib-simple_action.adb
   [Ada]          gtk-tree_view.adb
   [Ada]          gtk-css_provider.adb
   [Ada]          gtk-color_chooser.adb
   [Ada]          gtk-editable.adb
   [Ada]          gtk-theming_engine.adb
   [Ada]          gtk-tooltip.adb
   [Ada]          gdk-frame_clock.adb
   [Ada]          gtk-buildable.adb
   [Ada]          gtk-page_setup.adb
   [Ada]          gtk-color_button.adb
   [Ada]          gtk-application.adb
   [Ada]          gtk-drawing_area.adb
   [Ada]          gtk-cell_editable.adb
   [Ada]          gtk-tree_drag_source.adb
   [Ada]          gtk-tree_model_filter.adb
   [Ada]          gtk-combo_box.adb
   [Ada]          gtk-arrow.adb
   [Ada]          gtk-actionable.adb
   [Ada]          gtk-action.adb
   [Ada]          gtk-gesture_pan.adb
   [Ada]          gtk-icon_source.adb
   [Ada]          gtk-im_multi_context.adb
   [Ada]          glib-variant.adb
   [Ada]          gdk-drawing_context.adb
   [Ada]          gtk-print_operation_preview.adb
   [Ada]          gtk-aspect_frame.adb
   [Ada]          gtk-text_attributes.adb
   [Ada]          gtk-icon_factory.adb
   [Ada]          pango-attributes.adb
   [Ada]          pango-layout.adb
   [Ada]          gtk-menu_tool_button.adb
   [Ada]          gtk-tree_model_sort.adb
   [Ada]          gtk-grid.adb
   [Ada]          gtk-font_chooser_widget.adb
   [Ada]          gtk-file_chooser_dialog.adb
   [Ada]          gtk-text_mark.adb
   [Ada]          gtk-status_icon.adb
   [Ada]          gtk-cell_renderer_spinner.adb
   [Ada]          gtk-cell_layout.adb
   [Ada]          gtk-print_context.adb
   [Ada]          gtk-widget.adb
   [Ada]          gtk-about_dialog.adb
   [Ada]          gtk-scale.adb
   [Ada]          gtk-cell_view.adb
   [Ada]          gtk-color_selection.adb
   [Ada]          gtk-tool_shell.adb
   [Ada]          gtk-button_box.adb
   [Ada]          gtk-cell_area_context.adb
   [Ada]          gtk-spin_button.adb
   [Ada]          gtk-toolbar.adb
   [Ada]          gtk-action_group.adb
   [Ada]          glib-action.adb
   [Ada]          gtk-activatable.adb
   [Ada]          gtk-entry_completion.adb
   [Ada]          gtk-hsv.adb
   [Ada]          gtk-gentry.adb
   [Ada]          gtk-selection_data.adb
   [Ada]          gtk-recent_info.adb
   [Ada]          gtk-spinner.adb
   [Ada]          gtk-gesture_zoom.adb
   [Ada]          glib-g_icon.adb
   [Ada]          gtk-gesture_long_press.adb
   [Ada]          gtk-print_operation.adb
   [Ada]          gtk-application_window.adb
   [Ada]          gtk-handle_box.adb
   [Ada]          gtk-tool_item_group.adb
   [Ada]          gtk-notebook.adb
   [Ada]          gtk-list_box.adb
   [Ada]          gtk-font_selection.adb
   [Ada]          gtk-fixed.adb
   [Ada]          gtk-flow_box_child.adb
   [Ada]          gtk-cell_renderer_progress.adb
   [Ada]          gtk-style_context.adb
   [Ada]          gtk-file_filter.adb
   [Ada]          glib-spawn.adb
   [Ada]          gtk-tree_model.adb
   [Ada]          gdk-device_manager.adb
   [Ada]          gtk-im_context_simple.adb
   [Ada]          gtk-style_provider.adb
   [Ada]          gtk-orientable.adb
   [Ada]          gtk-button.adb
   [Ada]          gtk-text_view.adb
   [Ada]          gtk-tree_drag_dest.adb
   [Ada]          gtk-accel_label.adb
   [Ada]          gtk-check_menu_item.adb
   [Ada]          gtk-stack.adb
   [Ada]          gtk-paper_size.adb
   [Ada]          gtk-adjustment.adb
   [Ada]          gtk-font_chooser_dialog.adb
   [Ada]          gtk-font_chooser.adb
   [Ada]          gdk-screen.adb
   [Ada]          gtk-cell_area_box.adb
   [Ada]          gtk-gesture_swipe.adb
   [Ada]          gtk-icon_theme.adb
   [Ada]          gtk-glarea.adb
   [Ada]          glib-action_group.adb
   [Ada]          gtk-header_bar.adb
   [Ada]          pango-tabs.adb
   [Ada]          gtk-cell_area.adb
   [Ada]          gtk-tree_row_reference.adb
   [Ada]          glib-option.adb
   [Ada]          gdk-event.adb
   [Ada]          glib-simple_action_group.adb
   [Ada]          gtk-size_group.adb
   [Ada]          gtk-volume_button.adb
   [Ada]          gtk-file_chooser_button.adb
   [Ada]          glib-iochannel.adb
   [Ada]          gtk-tool_palette.adb
   [Ada]          gtk-check_button.adb
   [Ada]          gdk-device_tool.adb
   [Ada]          gtk-combo_box_text.adb
   [Ada]          gtk-recent_chooser_widget.adb
   [Ada]          gdk-glcontext.adb
   [Ada]          gtk-tool_item.adb
   [Ada]          gtk-clipboard.adb
   [Ada]          gtk-status_bar.adb
   [Ada]          gtk-toggle_action.adb
   [Ada]          gtk-recent_chooser.adb
   [Ada]          gtk-tree_view_column.adb
   [Ada]          gtk-offscreen_window.adb
   [Ada]          gtk-vbutton_box.adb
   [Ada]          gtk-invisible.adb
   [Ada]          gtk-menu_shell.adb
   [Ada]          gtk-switch.adb
   [Ada]          gtk-font_selection_dialog.adb
   [Ada]          gdk-frame_timings.adb
   [Ada]          gtk-recent_chooser_menu.adb
   [Ada]          gtk-text_buffer.adb
   [Ada]          gtk-gesture_drag.adb
   [Ada]          gtk-radio_menu_item.adb
   [Ada]          gtk-text_tag_table.adb
   [Ada]          gtk-tree_sortable.adb
   [Ada]          gtk-scrollable.adb
   [Ada]          gtk-hbutton_box.adb
   [Ada]          gtk-toggle_button.adb
   [Ada]          gtk-menu.adb
   [C]            misc_generated.c
   [C]            misc.c
Build Libraries
   [gprlib]       gtkada.lexch
   [archive]      libgtkada.a
   [index]        libgtkada.a
Build finished successfully in 91.12 seconds.

gtkada=23.0.0 successfully retrieved and built.
Dependencies were solved as follows:

   + libgtk3    3.24.24 (new)
   + make       4.3.0   (new)
   + pkg_config 0.29.2  (new)
Found declared GPR file: src/gtkada.gpr
