Test ran at 2024-05-01 00:47:54.439433+00:00

SOLUTION:
excel_writer=18.0.0: Produce Excel spreadsheets
Origin: source archive excel_writer_18.zip at https://sourceforge.net/projects/excel-writer/files/excel-writer/excel_writer_18.zip with hash sha512:ae0dcf496dbf106fd0928d45dad8a9c8967909a653ae7b08a74cef9e7cfcc3909f0af8726ecf61e34c0dc861fc972f7c575eb6c910a677e1f85c4cbcfa76d76b
Properties:
   Author: Gautier de Montmollin
   Description: Produce Excel spreadsheets
   Executable: excel_out_demo
   License: MIT
   Long_Description: Excel_Out is a standalone, portable Ada package for writing Excel spreadsheets with basic formattings, easily and programmatically.

Enables the automatic production of reports.

No interaction needed with Excel or MS Office. 

Includes a CSV parser with related tools.

   Maintainer: alejandro@mosteo.com
   Maintainers_Logins: mosteo
   Maintainers_Logins: zertovitch
   Name: excel_writer
   Project_File: excel_out_gnat.gpr
   Tag: excel
   Tag: spreadsheet
   Tag: xls
   Tag: csv
   Version: 18.0.0
   Website: https://excel-writer.sourceforge.io/


LOG:
Note: Deploying excel_writer=18.0.0...
#=#=#                                                                         
##=#=#                                                                        
##-=#=-#                                                                      

######################################################################## 100.0%# #-=#=-#                                                                     
 # #-=#=- #                                                                   

######################################################################## 100.0%
Note: Building excel_writer/excel_out_gnat.gpr...
Setup
   [mkdir]        object directory for project Excel_Out_Gnat
Compile
   [Ada]          excel_out_demo.adb
   [Ada]          biff_dump.adb
   [Ada]          spreadsheet_references_demo.adb
   [Ada]          csv2tex.adb
   [Ada]          csv2html.adb
   [Ada]          csv2xls.adb
   [Ada]          ew_test.adb
   [Ada]          spreadsheet_references.adb
   [Ada]          excel_out.adb
   [Ada]          csv.adb
   [Ada]          ieee_754.ads
   [Ada]          ieee_754-generic_double_precision.adb
Bind
   [gprbind]      excel_out_demo.bexch
   [gprbind]      biff_dump.bexch
   [gprbind]      spreadsheet_references_demo.bexch
   [Ada]          excel_out_demo.ali
   [Ada]          spreadsheet_references_demo.ali
   [Ada]          biff_dump.ali
   [gprbind]      csv2tex.bexch
   [gprbind]      csv2html.bexch
   [gprbind]      csv2xls.bexch
   [Ada]          csv2tex.ali
   [Ada]          csv2html.ali
   [Ada]          csv2xls.ali
   [gprbind]      ew_test.bexch
   [Ada]          ew_test.ali
Link
   [link]         excel_out_demo.adb
   [link]         biff_dump.adb
   [link]         spreadsheet_references_demo.adb
-macosx_version_min has been renamed to -macos_version_min
-macosx_version_min has been renamed to -macos_version_min
-macosx_version_min has been renamed to -macos_version_min
0  0x1027fff43  __assert_rtn + 64
1  0x102701f43  ld::AtomPlacement::findAtom(unsigned char, unsigned long long, ld::AtomPlacement::AtomLoc const*&, long long&) const + 1411
2  0x10271e431  ld::InputFiles::SliceParser::parseObjectFile(mach_o::Header const*) const + 19745
3  0x10272eb71  ld::InputFiles::parseAllFiles(void (ld::AtomFile const*) block_pointer)::$_7::operator()(unsigned long, ld::FileInfo const&) const + 657
4  0x7ff811312def  _dispatch_client_callout2 + 8
5  0x7ff811324547  _dispatch_apply_invoke3 + 431
6  0x7ff811312dbc  _dispatch_client_callout + 8
7  0x7ff81131404e  _dispatch_once_callout + 20
8  0x7ff811324a9b  _dispatch_apply_invoke_and_wait + 278
9  0x7ff811323cf8  _dispatch_apply_with_attr_f + 1225
10  0x7ff811323eaf  dispatch_apply + 45
11  0x1027c7972  ld::AtomFileConsolidator::parseFiles(bool) + 370
12  0x10274ed67  main + 12263
ld: Assertion failed: (resultIndex < sectData.atoms.size()), function findAtom, file Relocations.cpp, line 1336.
0  0x102753f43  __assert_rtn + 64
1  0x102655f43  ld::AtomPlacement::findAtom(unsigned char, unsigned long long, ld::AtomPlacement::AtomLoc const*&, long long&) const + 1411
2  0x102672431  ld::InputFiles::SliceParser::parseObjectFile(mach_o::Header const*) const + 19745
3  0x102682b71  ld::InputFiles::parseAllFiles(void (ld::AtomFile const*) block_pointer)::$_7::operator()(unsigned long, ld::FileInfo const&) const + 657
4  0x7ff811312def  _dispatch_client_callout2 + 8
5  0x7ff811324547  _dispatch_apply_invoke3 + 431
6  0x7ff811312dbc  _dispatch_client_callout + 8
7  0x7ff81131404e  _dispatch_once_callout + 20
8  0x7ff811324a9b  _dispatch_apply_invoke_and_wait + 278
9  0x7ff811323cf8  _dispatch_apply_with_attr_f + 1225
10  0x7ff811323eaf  dispatch_apply + 45
11  0x10271b972  ld::AtomFileConsolidator::parseFiles(bool) + 370
12  0x1026a2d67  main + 12263
ld: Assertion failed: (resultIndex < sectData.atoms.size()), function findAtom, file Relocations.cpp, line 1336.
0  0x1001fcf43  __assert_rtn + 64
1  0x1000fef43  ld::AtomPlacement::findAtom(unsigned char, unsigned long long, ld::AtomPlacement::AtomLoc const*&, long long&) const + 1411
2  0x10011b431  ld::InputFiles::SliceParser::parseObjectFile(mach_o::Header const*) const + 19745
3  0x10012bb71  ld::InputFiles::parseAllFiles(void (ld::AtomFile const*) block_pointer)::$_7::operator()(unsigned long, ld::FileInfo const&) const + 657
4  0x7ff811312def  _dispatch_client_callout2 + 8
5  0x7ff811324547  _dispatch_apply_invoke3 + 431
6  0x7ff811312dbc  _dispatch_client_callout + 8
7  0x7ff81131404e  _dispatch_once_callout + 20
8  0x7ff811324a9b  _dispatch_apply_invoke_and_wait + 278
9  0x7ff811323cf8  _dispatch_apply_with_attr_f + 1225
10  0x7ff811323eaf  dispatch_apply + 45
11  0x1001c4972  ld::AtomFileConsolidator::parseFiles(bool) + 370
12  0x10014bd67  main + 12263
ld: Assertion failed: (resultIndex < sectData.atoms.size()), function findAtom, file Relocations.cpp, line 1336.
collect2: error: ld returned 1 exit status
collect2: error: ld returned 1 exit status
collect2: error: ld returned 1 exit status
   link of spreadsheet_references_demo.adb failed
   failed command was: /users/runner/.config/alire/cache/dependencies/gnat_native_13.1.0_071d715c/bin/gcc spreadsheet_references_demo.o b__spreadsheet_references_demo.o /Users/runner/work/alire-crates-ci/alire-crates-ci/test/42b76ea5-0bce-4d45-9bcd-c7698a5c0d7c/excel_writer_18.0.0_ae0dcf49/obj_debug/spreadsheet_references.o -L/Users/runner/work/alire-crates-ci/alire-crates-ci/test/42b76ea5-0bce-4d45-9bcd-c7698a5c0d7c/excel_writer_18.0.0_ae0dcf49/obj_debug/ -L/Users/runner/work/alire-crates-ci/alire-crates-ci/test/42b76ea5-0bce-4d45-9bcd-c7698a5c0d7c/excel_writer_18.0.0_ae0dcf49/obj_debug/ -L/users/runner/.config/alire/cache/dependencies/gnat_native_13.1.0_071d715c/lib/gcc/x86_64-apple-darwin21.6.0/13.1.0/adalib/ /users/runner/.config/alire/cache/dependencies/gnat_native_13.1.0_071d715c/lib/gcc/x86_64-apple-darwin21.6.0/13.1.0/adalib/libgnat.a -Wl,-rpath,@executable_path//obj_debug -Wl,-rpath,@executable_path/../../../../../..//.config/alire/cache/dependencies/gnat_native_13.1.0_071d715c/lib/gcc/x86_64-apple-darwin21.6.0/13.1.0/adalib -o /Users/runner/work/alire-crates-ci/alire-crates-ci/test/42b76ea5-0bce-4d45-9bcd-c7698a5c0d7c/excel_writer_18.0.0_ae0dcf49//spreadsheet_references_demo 
   link of excel_out_demo.adb failed
   failed command was: /users/runner/.config/alire/cache/dependencies/gnat_native_13.1.0_071d715c/bin/gcc excel_out_demo.o b__excel_out_demo.o /Users/runner/work/alire-crates-ci/alire-crates-ci/test/42b76ea5-0bce-4d45-9bcd-c7698a5c0d7c/excel_writer_18.0.0_ae0dcf49/obj_debug/ieee_754.o /Users/runner/work/alire-crates-ci/alire-crates-ci/test/42b76ea5-0bce-4d45-9bcd-c7698a5c0d7c/excel_writer_18.0.0_ae0dcf49/obj_debug/ieee_754-generic_double_precision.o /Users/runner/work/alire-crates-ci/alire-crates-ci/test/42b76ea5-0bce-4d45-9bcd-c7698a5c0d7c/excel_writer_18.0.0_ae0dcf49/obj_debug/excel_out.o -L/Users/runner/work/alire-crates-ci/alire-crates-ci/test/42b76ea5-0bce-4d45-9bcd-c7698a5c0d7c/excel_writer_18.0.0_ae0dcf49/obj_debug/ -L/Users/runner/work/alire-crates-ci/alire-crates-ci/test/42b76ea5-0bce-4d45-9bcd-c7698a5c0d7c/excel_writer_18.0.0_ae0dcf49/obj_debug/ -L/users/runner/.config/alire/cache/dependencies/gnat_native_13.1.0_071d715c/lib/gcc/x86_64-apple-darwin21.6.0/13.1.0/adalib/ /users/runner/.config/alire/cache/dependencies/gnat_native_13.1.0_071d715c/lib/gcc/x86_64-apple-darwin21.6.0/13.1.0/adalib/libgnat.a -Wl,-rpath,@executable_path//obj_debug -Wl,-rpath,@executable_path/../../../../../..//.config/alire/cache/dependencies/gnat_native_13.1.0_071d715c/lib/gcc/x86_64-apple-darwin21.6.0/13.1.0/adalib -o /Users/runner/work/alire-crates-ci/alire-crates-ci/test/42b76ea5-0bce-4d45-9bcd-c7698a5c0d7c/excel_writer_18.0.0_ae0dcf49//excel_out_demo 
   link of biff_dump.adb failed
   failed command was: /users/runner/.config/alire/cache/dependencies/gnat_native_13.1.0_071d715c/bin/gcc biff_dump.o b__biff_dump.o /Users/runner/work/alire-crates-ci/alire-crates-ci/test/42b76ea5-0bce-4d45-9bcd-c7698a5c0d7c/excel_writer_18.0.0_ae0dcf49/obj_debug/ieee_754.o /Users/runner/work/alire-crates-ci/alire-crates-ci/test/42b76ea5-0bce-4d45-9bcd-c7698a5c0d7c/excel_writer_18.0.0_ae0dcf49/obj_debug/ieee_754-generic_double_precision.o /Users/runner/work/alire-crates-ci/alire-crates-ci/test/42b76ea5-0bce-4d45-9bcd-c7698a5c0d7c/excel_writer_18.0.0_ae0dcf49/obj_debug/excel_out.o -L/Users/runner/work/alire-crates-ci/alire-crates-ci/test/42b76ea5-0bce-4d45-9bcd-c7698a5c0d7c/excel_writer_18.0.0_ae0dcf49/obj_debug/ -L/Users/runner/work/alire-crates-ci/alire-crates-ci/test/42b76ea5-0bce-4d45-9bcd-c7698a5c0d7c/excel_writer_18.0.0_ae0dcf49/obj_debug/ -L/users/runner/.config/alire/cache/dependencies/gnat_native_13.1.0_071d715c/lib/gcc/x86_64-apple-darwin21.6.0/13.1.0/adalib/ /users/runner/.config/alire/cache/dependencies/gnat_native_13.1.0_071d715c/lib/gcc/x86_64-apple-darwin21.6.0/13.1.0/adalib/libgnat.a -Wl,-rpath,@executable_path//obj_debug -Wl,-rpath,@executable_path/../../../../../..//.config/alire/cache/dependencies/gnat_native_13.1.0_071d715c/lib/gcc/x86_64-apple-darwin21.6.0/13.1.0/adalib -o /Users/runner/work/alire-crates-ci/alire-crates-ci/test/42b76ea5-0bce-4d45-9bcd-c7698a5c0d7c/excel_writer_18.0.0_ae0dcf49//biff_dump 
gprbuild: *** link phase failed
stderr: Command ["gprbuild", "-s", "-j0", "-p", "-P", "/Users/runner/work/alire-crates-ci/alire-crates-ci/test/42b76ea5-0bce-4d45-9bcd-c7698a5c0d7c/excel_writer_18.0.0_ae0dcf49/excel_out_gnat.gpr"] exited with code 4
ERROR: Command ["gprbuild", "-s", "-j0", "-p", "-P", "/Users/runner/work/alire-crates-ci/alire-crates-ci/test/42b76ea5-0bce-4d45-9bcd-c7698a5c0d7c/excel_writer_18.0.0_ae0dcf49/excel_out_gnat.gpr"] exited with code 4
stderr: ALIRE.CHECKED_ERROR
stderr: Command ["gprbuild", "-s", "-j0", "-p", "-P", "/Users/runner/work/alire-crates-ci/alire-crates-ci/test/42b76ea5-0bce-4d45-9bcd-c7698a5c0d7c/excel_writer_18.0.0_ae0dcf49/excel_out_gnat.gpr"] exited with code 4
stderr: raised ALIRE.CHECKED_ERROR : alire-stored-error:1
Load address: 0x102114000
Call stack traceback locations:
0x102a1c415 0x1026efe83 0x102902df9 0x102903581 0x102863ac3 0x102861f99 0x10287e873 0x1028cadc1 0x1028c981a 0x10287e9b8 0x102862349 0x1021739c1 0x102184578 0x10218901c 0x10220f05c 0x10221a3b8 0x102115605 0x102118914


Warning: excel_writer=18.0.0 successfully retrieved but its build failed.
There are no dependencies.
ERROR: Build ended with errors
