Test ran at 2023-09-13 00:42:47.150378+00:00

SOLUTION:
spat=1.3.0: SPAT - SPARK Proof Analysis Tool
Origin: commit 4ad4ab14447ac8cbbedcb8d47f026a66a73551d7 from https://github.com/HeisenbugLtd/spat.git
Properties:
   Author: Vinzent "Jellix" Saranen
   Description: SPAT - SPARK Proof Analysis Tool
   Executable: run_spat
   License: WTFPL
   Long_Description: SPAT - SPARK Proof Analysis Tools

Helper tool to obtain, analyse, sort, and filter timing information about
`gnatprove` runs (`SPARK` tools).

   Maintainer: vinzent@heisenbug.eu
   Maintainers_Logins: Jellix
   Name: spat
   Project_File: spat.gpr
   Tag: spark
   Version: 1.3.0
   Website: https://github.heisenbug.eu/spat
Dependencies (direct):
   case Toolchain is
      when System => gnatcoll>=19
   si_units~0.2
Dependencies (solution):
   si_units=0.2.0
Dependencies (graph):
   spat=1.3.0 --> si_units=0.2.0 (~0.2)


LOG:
Note: Deploying spat=1.3.0...
Note: Migrating lockfile from /Users/runner/work/alire-crates-ci/alire-crates-ci/test/69a988f5-2c01-44b6-a14b-6e112d761e6e/spat_1.3.0_4ad4ab14/alire.lock to /Users/runner/work/alire-crates-ci/alire-crates-ci/test/69a988f5-2c01-44b6-a14b-6e112d761e6e/spat_1.3.0_4ad4ab14/alire/alire.lock
Note: Deploying si_units=0.2.0...
Note: Building spat/spat.gpr...
spat.gpr:1:06: imported project file "gnatcoll" not found
gprbuild: "/Users/runner/work/alire-crates-ci/alire-crates-ci/test/69a988f5-2c01-44b6-a14b-6e112d761e6e/spat_1.3.0_4ad4ab14/spat.gpr" processing failed
stderr: Command ["gprbuild", "-s", "-j0", "-p", "-P", "/Users/runner/work/alire-crates-ci/alire-crates-ci/test/69a988f5-2c01-44b6-a14b-6e112d761e6e/spat_1.3.0_4ad4ab14/spat.gpr"] exited with code 4
ERROR: Command ["gprbuild", "-s", "-j0", "-p", "-P", "/Users/runner/work/alire-crates-ci/alire-crates-ci/test/69a988f5-2c01-44b6-a14b-6e112d761e6e/spat_1.3.0_4ad4ab14/spat.gpr"] exited with code 4
stderr: ALIRE.CHECKED_ERROR
stderr: Command ["gprbuild", "-s", "-j0", "-p", "-P", "/Users/runner/work/alire-crates-ci/alire-crates-ci/test/69a988f5-2c01-44b6-a14b-6e112d761e6e/spat_1.3.0_4ad4ab14/spat.gpr"] exited with code 4
stderr: raised ALIRE.CHECKED_ERROR : alire-stored-error:1
Load address: 0x10350d000
Call stack traceback locations:
0x103e15415 0x103ae8e83 0x103cfbdf9 0x103cfc581 0x103c5cac3 0x103c5af99 0x103c77873 0x103cc3dc1 0x103cc281a 0x103c779b8 0x103c5b349 0x10356c9c1 0x10357d578 0x10358201c 0x10360805c 0x1036133b8 0x10350e605 0x103511914


Warning: spat=1.3.0 successfully retrieved but its build failed.
Dependencies were solved as follows:

   + si_units 0.2.0 (new)
ERROR: Build ended with errors
