Test ran at 2024-06-02 01:31:35.129651+00:00

SOLUTION:
hirtos=1.0.0: High-Integrity RTOS
Origin: commit e7372ec1e07fcafeb28af66e9a62e890dce8b9d1 from https://github.com/jgrivera67/HiRTOS.git
Properties:
   Author: J. German Rivera
   Config type: Separation_Kernel_Debug_Tracing_On : Boolean default: 'false'
   Configuration: no modifiers
   Description: High-Integrity RTOS
   License: Apache-2.0
   Maintainer: J. German Rivera <jgrivera67@gmail.com>
   Maintainers_Logins: jgrivera67
   Name: hirtos
   Tag: rtos
   Version: 1.0.0
   Website: https://github.com/jgrivera67/HiRTOS
Dependencies (direct):
   gnat_arm_elf^13.2.1
   gnatprove^13.2.1
Dependencies (solution):
   gnat_arm_elf=13.2.1 (installed)
   gnatprove=13.2.1 (installed)
Dependencies (graph):
   hirtos=1.0.0 --> gnat_arm_elf=13.2.1 (^13.2.1)
   hirtos=1.0.0 --> gnatprove=13.2.1 (^13.2.1)   


LOG:
Note: Deploying hirtos=1.0.0...
Note: Building hirtos/hirtos.gpr...
Setup
   [mkdir]        object directory for project Portable_Minimal_Ada_Rts
   [mkdir]        library directory for project Portable_Minimal_Ada_Rts
   [mkdir]        object directory for project HiRTOS
   [mkdir]        library directory for project HiRTOS
Compile
   [Ada]          a-assert.adb
   [Ada]          gnat.ads
   [Ada]          a-uncdea.ads
   [Ada]          s-atacco.adb
   [Ada]          g-souinf.ads
   [Ada]          s-assert.adb
   [Ada]          s-fatllf.ads
   [Ada]          system.ads
   [Ada]          a-unccon.ads
   [Ada]          s-unstyp.ads
   [Ada]          s-fatlfl.ads
   [Ada]          s-fatgen.adb
   [Ada]          s-maccod.ads
   [Ada]          i-c.adb
   [Ada]          s-parame.ads
   [Ada]          interfac.ads
   [Ada]          s-fatflt.ads
   [Ada]          ada.ads
   [Ada]          s-stoele.adb
   [Ada]          s-secsta.adb
   [Ada]          a-except.adb
   [Asm_Cpp]      hirtos_cpu_startup_asm.S
   [C]            mem_utils.c
   [Ada]          hirtos_config.ads
   [Ada]          hirtos_platform_parameters.ads
   [Ada]          hirtos_low_level_debug_interface.adb
   [Ada]          hirtos_cpu_arch_interface-interrupts.ads
   [Ada]          uart_driver.adb
   [Ada]          hirtos_cpu_arch_interface-interrupt_handling.adb
   [Ada]          hirtos_cpu_startup_interface.adb
   [Ada]          hirtos_cpu_arch_interface-system_registers.adb
/home/runner/work/alire-crates-ci/alire-crates-ci/test/effe7b44-6c92-4fef-9ef7-67b437d39081/hirtos_1.0.0_e7372ec1/src/porting_layer/platforms/arm_fvp/uart_driver.ads:495:08: (style) space not allowed
   [Ada]          hirtos_cpu_arch_interface-thread_context.adb
   [Ada]          hirtos_cpu_arch_interface.adb
/home/runner/work/alire-crates-ci/alire-crates-ci/test/effe7b44-6c92-4fef-9ef7-67b437d39081/hirtos_1.0.0_e7372ec1/src/porting_layer/cpu_architectures/armv8r_aarch32/hirtos_cpu_arch_interface-interrupt_handling.adb:111:07: warning: use clause for type "System.Storage_Elements.Integer_Address" has no effect [-gnatwu]
/home/runner/work/alire-crates-ci/alire-crates-ci/test/effe7b44-6c92-4fef-9ef7-67b437d39081/hirtos_1.0.0_e7372ec1/src/porting_layer/cpu_architectures/armv8r_aarch32/hirtos_cpu_arch_interface-interrupt_handling.adb:274:07: warning: use clause for type "System.Storage_Elements.Integer_Address" has no effect [-gnatwu]
   [Ada]          hirtos_cpu_arch_interface-interrupt_controller.adb
   [Ada]          hirtos_cpu_arch_interface-memory_protection-el1_mpu.adb
   [Ada]          hirtos_cpu_arch_interface-tick_timer.adb
/home/runner/work/alire-crates-ci/alire-crates-ci/test/effe7b44-6c92-4fef-9ef7-67b437d39081/hirtos_1.0.0_e7372ec1/src/porting_layer/cpu_architectures/hirtos_cpu_arch_interface.ads:49:05: warning: postcondition does not mention function result [-gnatw.t]
   [Ada]          hirtos_cpu_arch_parameters.ads
/home/runner/work/alire-crates-ci/alire-crates-ci/test/effe7b44-6c92-4fef-9ef7-67b437d39081/hirtos_1.0.0_e7372ec1/src/porting_layer/cpu_architectures/armv8r_aarch32/hirtos_cpu_arch_interface-thread_context.adb:32:55: (style) space not allowed
/home/runner/work/alire-crates-ci/alire-crates-ci/test/effe7b44-6c92-4fef-9ef7-67b437d39081/hirtos_1.0.0_e7372ec1/src/porting_layer/cpu_architectures/armv8r_aarch32/hirtos_cpu_arch_interface-thread_context.adb:32:68: (style) space not allowed
/home/runner/work/alire-crates-ci/alire-crates-ci/test/effe7b44-6c92-4fef-9ef7-67b437d39081/hirtos_1.0.0_e7372ec1/src/porting_layer/cpu_architectures/armv8r_aarch32/hirtos_cpu_arch_interface-thread_context.ads:49:72: (style) space not allowed
   [Ada]          hirtos_cpu_multi_core_interface.adb
   [Ada]          hirtos_cpu_arch_interface_private.ads
   [Ada]          hirtos_cpu_arch_interface-memory_protection.adb
   [Ada]          bit_sized_integer_types.ads
   [Ada]          memory_utils.adb
   [Ada]          hirtos_config_parameters.ads
   [Ada]          hirtos-memory_protection.adb
/home/runner/work/alire-crates-ci/alire-crates-ci/test/effe7b44-6c92-4fef-9ef7-67b437d39081/hirtos_1.0.0_e7372ec1/src/porting_layer/utils/memory_utils.adb:13:04: warning: use clause for type "System.Storage_Elements.Integer_Address" has no effect [-gnatwu]
   [Ada]          hirtos-condvar.adb
/home/runner/work/alire-crates-ci/alire-crates-ci/test/effe7b44-6c92-4fef-9ef7-67b437d39081/hirtos_1.0.0_e7372ec1/src/porting_layer/cpu_architectures/armv8r_aarch32/hirtos_cpu_arch_interface-interrupt_controller.adb:195:07: warning: use clause for type "Valid_Cpu_Core_Id_Type" defined at hirtos_cpu_multi_core_interface.ads:32 has no effect [-gnatwu]
   [Ada]          hirtos-thread_private.adb
/home/runner/work/alire-crates-ci/alire-crates-ci/test/effe7b44-6c92-4fef-9ef7-67b437d39081/hirtos_1.0.0_e7372ec1/src/hirtos-memory_protection.adb:37:64: warning: condition is always True [-gnatwc]
/home/runner/work/alire-crates-ci/alire-crates-ci/test/effe7b44-6c92-4fef-9ef7-67b437d39081/hirtos_1.0.0_e7372ec1/src/hirtos-memory_protection.adb:103:63: warning: condition is always False [-gnatwc]
   [Ada]          hirtos-memory_protection_private.adb
/home/runner/work/alire-crates-ci/alire-crates-ci/test/effe7b44-6c92-4fef-9ef7-67b437d39081/hirtos_1.0.0_e7372ec1/src/porting_layer/cpu_architectures/armv8r_aarch32/hirtos_cpu_arch_interface-memory_protection.ads:23:04: warning: use clause for type "System.Storage_Elements.Integer_Address" has no effect [-gnatwu]
/home/runner/work/alire-crates-ci/alire-crates-ci/test/effe7b44-6c92-4fef-9ef7-67b437d39081/hirtos_1.0.0_e7372ec1/src/porting_layer/cpu_architectures/armv8r_aarch32/hirtos_cpu_arch_interface-memory_protection.ads:516:08: (style) space not allowed
   [Ada]          hirtos-timer.adb
/home/runner/work/alire-crates-ci/alire-crates-ci/test/effe7b44-6c92-4fef-9ef7-67b437d39081/hirtos_1.0.0_e7372ec1/src/hirtos-memory_protection_private.adb:81:62: warning: condition is always True [-gnatwc]
/home/runner/work/alire-crates-ci/alire-crates-ci/test/effe7b44-6c92-4fef-9ef7-67b437d39081/hirtos_1.0.0_e7372ec1/src/hirtos-memory_protection_private.adb:96:62: warning: condition is always False [-gnatwc]
/home/runner/work/alire-crates-ci/alire-crates-ci/test/effe7b44-6c92-4fef-9ef7-67b437d39081/hirtos_1.0.0_e7372ec1/src/hirtos-memory_protection_private.adb:129:62: warning: condition is always False [-gnatwc]
/home/runner/work/alire-crates-ci/alire-crates-ci/test/effe7b44-6c92-4fef-9ef7-67b437d39081/hirtos_1.0.0_e7372ec1/src/hirtos-memory_protection_private.adb:132:62: warning: condition is always True [-gnatwc]
   [Ada]          hirtos-interrupt_handling_private.adb
   [Ada]          hirtos-debug.adb
   [Ada]          hirtos-mutex.adb
   [Ada]          hirtos-timer_private.adb
   [Ada]          hirtos-condvar_private.ads
   [Ada]          hirtos.adb
   [Ada]          hirtos-rtos_private.adb
   [Ada]          hirtos-mutex_private.adb
/home/runner/work/alire-crates-ci/alire-crates-ci/test/effe7b44-6c92-4fef-9ef7-67b437d39081/hirtos_1.0.0_e7372ec1/src/hirtos-timer_private.adb:93:70: warning: condition is always True [-gnatwc]
/home/runner/work/alire-crates-ci/alire-crates-ci/test/effe7b44-6c92-4fef-9ef7-67b437d39081/hirtos_1.0.0_e7372ec1/src/hirtos-timer_private.adb:146:76: warning: condition is always False [-gnatwc]
   [Ada]          generic_linked_list.adb
   [Ada]          hirtos-interrupt_handling.adb
   [Ada]          hirtos-thread.adb
   [Ada]          generic_execution_stack.ads
   [Ada]          number_conversion_utils.adb
/home/runner/work/alire-crates-ci/alire-crates-ci/test/effe7b44-6c92-4fef-9ef7-67b437d39081/hirtos_1.0.0_e7372ec1/src/hirtos.adb:79:20: (style) space required
/home/runner/work/alire-crates-ci/alire-crates-ci/test/effe7b44-6c92-4fef-9ef7-67b437d39081/hirtos_1.0.0_e7372ec1/src/hirtos.adb:208:61: (style) space not allowed
/home/runner/work/alire-crates-ci/alire-crates-ci/test/effe7b44-6c92-4fef-9ef7-67b437d39081/hirtos_1.0.0_e7372ec1/src/hirtos.ads:342:62: (style) space not allowed
Build Libraries
   [gprlib]       gnat.lexch
   [archive]      libgnat.a
   [gprlib]       HiRTOS.lexch
   [index]        libgnat.a
   [bind SAL]     HiRTOS
   [Ada]          b__HiRTOS.adb
   [objcopy]      b__HiRTOS.o
   [archive]      libHiRTOS.a
   [index]        libHiRTOS.a
Build finished successfully in 1.93 seconds.

hirtos=1.0.0 successfully retrieved and built.
Dependencies were solved as follows:

   +i gnat_arm_elf 13.2.1 (new,installed)
   +i gnatprove    13.2.1 (new,installed)
Found declared GPR file: hirtos.gpr
