Test ran at 2022-05-26 04:03:56.088375+00:00

SOLUTION:
gnat_riscv64_elf=11.2.4: The GNAT Ada compiler - RISC-V cross-compiler
Provides: gnat=11.2.4
Origin: (case OS is Linux => (case Word_Size is Bits_64 => binary archive gnat-riscv64-elf-linux64-11.2.0-4.tar.gz at https://github.com/alire-project/GNAT-FSF-builds/releases/download/gnat-11.2.0-4/gnat-riscv64-elf-linux64-11.2.0-4.tar.gz), Macos => (case Word_Size is Bits_64 => binary archive gnat-riscv64-elf-darwin-11.2.0-4.tar.gz at https://github.com/alire-project/GNAT-FSF-builds/releases/download/gnat-11.2.0-4/gnat-riscv64-elf-darwin-11.2.0-4.tar.gz), Windows => (case Word_Size is Bits_64 => binary archive gnat-riscv64-elf-windows64-11.2.0-4.tar.gz at https://github.com/alire-project/GNAT-FSF-builds/releases/download/gnat-11.2.0-4/gnat-riscv64-elf-windows64-11.2.0-4.tar.gz)) with hash sha256:f4a370b52e490ce7ed1e27be5ea70d1e75cc14f70439fa0f2207ea691c9d95dc
Properties:
   Auto_Gpr_With: auto-gpr-with=false
   Configuration: no modifiers
   Description: The GNAT Ada compiler - RISC-V cross-compiler
   Environment: PATH=${CRATE_ROOT}/bin:${PATH}
   License: GPL-3.0-or-later AND GPL-3.0-or-later WITH GCC-exception-3.1
   Maintainer: chouteau@adacore.com
   Maintainers_Logins: Fabien-Chouteau
   Name: gnat_riscv64_elf
   Version: 11.2.4


LOG:
Note: Deploying release gnat_riscv64_elf=11.2.4...
#=#=#                                                                         
##O#- #                                                                       
##O=#  #                                                                      

                                                                           0.0%
#                                                                          1.7%
##                                                                         3.5%
###                                                                        5.2%
######                                                                     8.6%
########                                                                  11.6%
#########                                                                 12.9%
##########                                                                14.6%
###########                                                               16.3%
############                                                              18.1%
##############                                                            19.8%
###############                                                           21.5%
################                                                          23.2%
#################                                                         24.9%
###################                                                       26.6%
####################                                                      28.3%
#####################                                                     30.0%
######################                                                    31.7%
########################                                                  33.5%
#########################                                                 35.2%
##########################                                                36.9%
###########################                                               38.6%
############################                                              39.5%
#############################                                             41.2%
##############################                                            42.9%
################################                                          44.6%
#################################                                         46.3%
##################################                                        48.1%
###################################                                       49.8%
####################################                                      50.8%
#####################################                                     51.5%
#####################################                                     52.4%
######################################                                    53.3%
######################################                                    54.1%
#######################################                                   54.9%
########################################                                  55.8%
########################################                                  56.7%
#########################################                                 57.5%
##########################################                                58.4%
##########################################                                59.2%
###########################################                               60.1%
###########################################                               60.9%
############################################                              61.8%
#############################################                             62.7%
#############################################                             63.5%
##############################################                            64.4%
##############################################                            65.3%
###############################################                           66.1%
################################################                          66.9%
################################################                          67.8%
#################################################                         68.6%
#################################################                         69.3%
##################################################                        70.0%
##################################################                        70.4%
###################################################                       71.0%
###################################################                       71.6%
###################################################                       72.1%
####################################################                      72.7%
####################################################                      73.4%
#####################################################                     73.8%
#####################################################                     74.4%
######################################################                    75.1%
######################################################                    75.5%
#######################################################                   76.4%
#######################################################                   76.8%
#######################################################                   77.2%
########################################################                  77.9%
########################################################                  78.6%
########################################################                  78.9%
#########################################################                 79.6%
#########################################################                 80.3%
##########################################################                80.7%
##########################################################                81.4%
###########################################################               82.0%
###########################################################               82.8%
############################################################              83.4%
############################################################              84.1%
#############################################################             84.8%
#############################################################             85.6%
##############################################################            86.2%
##############################################################            86.9%
###############################################################           87.5%
###############################################################           87.9%
###############################################################           88.4%
###############################################################           88.7%
################################################################          89.1%
################################################################          89.4%
################################################################          89.8%
################################################################          90.1%
#################################################################         90.5%
#################################################################         90.8%
#################################################################         91.1%
#################################################################         91.5%
##################################################################        91.8%
##################################################################        92.2%
##################################################################        92.6%
##################################################################        92.8%
###################################################################       93.2%
###################################################################       93.6%
###################################################################       94.0%
###################################################################       94.4%
####################################################################      94.6%
####################################################################      95.0%
####################################################################      95.4%
####################################################################      95.8%
#####################################################################     96.1%
#####################################################################     96.5%
#####################################################################     96.9%
######################################################################    97.3%
######################################################################    97.7%
######################################################################    98.0%
######################################################################    98.2%
#######################################################################   98.8%
#######################################################################   99.3%
#######################################################################   99.6%
#######################################################################   99.9%
######################################################################## 100.0%
gprbuild: project file "gnat_riscv64_elf.gpr" not found in .::/home/runner/work/alire-crates-ci/alire-crates-ci/test/2eddb0a3-7683-4801-a231-6b9c15b344a1/gnat_riscv64_elf_11.2.4_f4a370b5
stderr: Command ["gprbuild", "-gnatwU", "-j0", "-p", "-P", "gnat_riscv64_elf.gpr"] exited with code 4
ERROR: Command ["gprbuild", "-gnatwU", "-j0", "-p", "-P", "gnat_riscv64_elf.gpr"] exited with code 4

Warning: gnat_riscv64_elf=11.2.4 successfully retrieved but its build failed.
There are no dependencies.
ERROR: Build ended with errors
