Test ran at 2023-06-01 01:18:57.107020+00:00

SOLUTION:
gnoga=2.1.2: gnoga - The GNU Omnificent GUI for Ada
Origin: commit 5f127c56986a7a1a562b405d7934eabf8e624c25 from https://github.com/Blady-Com/gnoga.git
Properties:
   Author: David Botton
   Description: gnoga - The GNU Omnificent GUI for Ada
   case OS is
      when Linux => (GPR External: PRJ_TARGET := Linux and GPR External: Target_OS := Linux)
      when Macos => (GPR External: PRJ_TARGET := OSX and GPR External: Target_OS := OSX)
      when Windows => (GPR External: PRJ_TARGET := Windows and GPR External: Target_OS := Windows)
   License: GPL-3.0-only WITH GCC-exception-3.1
   Maintainer: Pascal Pignard <blady.net@orange.fr>
   Maintainers_Logins: Blady-Com
   Name: gnoga
   Project_File: lib_gnoga.gpr
   Tag: gui
   Tag: web
   Tag: server
   Tag: http
   Tag: https
   Tag: ssl
   Version: 2.1.2
   Website: https://github.com/Blady-Com/gnoga
Dependencies (direct):
   gnat>=2021 | (>=12 & <2000)
   simple_components^4.62.0
   uxstrings~0.4.0+alpha-20220803
Dependencies (solution):
   libgnutls=3.7.3
   simple_components=4.62.0
   unixodbc=2.3.9
   uxstrings=0.4.1+alpha-20230223
Dependencies (external):
   gnat>=2021 | (>=12 & <2000) (direct,hinted)
Dependencies (graph):
   gnoga=2.1.2                    --> gnat>=2021 | (>=12 & <2000)                           
   gnoga=2.1.2                    --> simple_components=4.62.0 (^4.62.0)                    
   gnoga=2.1.2                    --> uxstrings=0.4.1+alpha-20230223 (~0.4.0+alpha-20220803)
   simple_components=4.62.0       --> gnat>=2021 | (>=12 & <2000)                           
   simple_components=4.62.0       --> libgnutls=3.7.3 (^3.5.8)                              
   simple_components=4.62.0       --> unixodbc=2.3.9 (^2.3)                                 
   uxstrings=0.4.1+alpha-20230223 --> gnat>=2021 | (>=12 & <2000)                           
   uxstrings=0.4.1+alpha-20230223 --> simple_components=4.62.0 (^4.62.0)                    
Dependencies cannot be met


LOG:
