Test ran at 2022-06-16 01:17:04.723766+00:00

SOLUTION:
felix=0.2.0: X/Open Native Language System (NLS) for Ada
Origin: commit 7409bde64df3467f6d8b6aceb96eba2aac920014 from https://github.com/lkujaw/felix.git
Properties:
   Author: Lev Kujawski
   Description: X/Open Native Language System (NLS) for Ada
   case Distribution is
      when Msys2 => Environment: C_INCLUDE_PATH=${C_INCLUDE_PATH}:${DISTRIB_ROOT}/usr/include/
   case OS is
      when Windows => GPR External: SYSTEM_API := WIN32
      when others => GPR External: SYSTEM_API := POSIX
   License: MIT-0
   Maintainer: Lev Kujawski <int21h@mailbox.org>
   Maintainers_Logins: lkujaw
   Name: felix
   Tag: ada1995
   Tag: i18n
   Tag: nls
   Tag: localization
   Tag: localisation
   Tag: l10n
   Version: 0.2.0
   Website: https://github.com/lkujaw/felix
Dependencies (direct):
   case OS is
      when Windows => msys2_runtime>=3.0


LOG:
Note: Deploying felix=0.2.0...
Note: Building felix/felix.gpr...
Setup
   [mkdir]        object directory for project Felix
   [mkdir]        library directory for project Felix
Compile
   [C]            cio.c
   [C]            nls.c
   [Ada]          stantext.adb
   [Ada]          nalansys.adb
   [Ada]          cstandio.adb
Build Libraries
   [gprlib]       nlsa.lexch
   [archive]      libnlsa.a
   [index]        libnlsa.a
Build finished successfully in 1.16 seconds.

felix=0.2.0 successfully retrieved and built.
There are no dependencies.
