Test ran at 2024-10-24 13:24:34.097410+00:00

SOLUTION:
gnat_avr_elf=12.2.1: The GNAT Ada compiler - AVR cross-compiler
Provides: gnat=12.2.1
Origin: (case OS is Linux => (case Host_Arch is X86_64 => binary archive gnat-avr-elf-linux64-12.2.0-1.tar.gz at https://github.com/alire-project/GNAT-FSF-builds/releases/download/gnat-12.2.0-1/gnat-avr-elf-linux64-12.2.0-1.tar.gz), Macos => (case Host_Arch is X86_64 => binary archive gnat-avr-elf-darwin-12.2.0-1.tar.gz at https://github.com/alire-project/GNAT-FSF-builds/releases/download/gnat-12.2.0-1/gnat-avr-elf-darwin-12.2.0-1.tar.gz), Windows => (case Host_Arch is X86_64 => binary archive gnat-avr-elf-windows64-12.2.0-1.tar.gz at https://github.com/alire-project/GNAT-FSF-builds/releases/download/gnat-12.2.0-1/gnat-avr-elf-windows64-12.2.0-1.tar.gz)) with hash sha256:6bfaa0a85e79c070f2061a4dc20511a3f77ffe62e27843fb3bb96a556cd37c14
Properties:
   Auto_Gpr_With: auto-gpr-with=false
   Configuration: no modifiers
   Description: The GNAT Ada compiler - AVR cross-compiler
   Environment: PATH=${CRATE_ROOT}/bin:${PATH}
   License: GPL-3.0-or-later AND GPL-3.0-or-later WITH GCC-exception-3.1
   Maintainer: chouteau@adacore.com
   Maintainers_Logins: Fabien-Chouteau
   Name: gnat_avr_elf
   Version: 12.2.1


LOG:
Note: Deploying gnat_avr_elf=12.2.1...
#=#=#                                                                          
##O#-#                                                                         

                                                                           0.0%
####                                                                       6.3%
######                                                                     8.7%
###########                                                               15.6%
############                                                              17.4%
#################                                                         24.5%
###################                                                       26.9%
#######################                                                   33.2%
#########################                                                 34.9%
#############################                                             40.6%
###############################                                           43.6%
####################################                                      50.8%
#####################################                                     52.4%
########################################                                  56.2%
########################################                                  56.2%
###########################################                               61.1%
##############################################                            64.6%
###############################################                           65.8%
##################################################                        69.8%
######################################################                    75.9%
########################################################                  78.5%
############################################################              84.6%
##############################################################            87.2%
##################################################################        92.5%
#####################################################################     96.0%
#######################################################################   99.5%
#######################################################################   99.5%
######################################################################## 100.0%

gnat_avr_elf=12.2.1 successfully retrieved.
There are no dependencies.
Warning: Binary release does not contain default project file: gnat_avr_elf.gpr
