Test ran at 2024-05-28 13:27:31.237071+00:00

SOLUTION:
honki_tonks_zivilisationen=0.5.5305: The Code of my 4X turn-based strategy game.
Origin: commit cfbe2104c22982d068d6fa63643b96750747d9a1 from https://github.com/HonkiTonk/Honki-Tonks-Zivilisationen.git
Properties:
   Author: Stefan Hild
   Description: The Code of my 4X turn-based strategy game.
   Executable: honki_tonks_zivilisationen
   License: GPL-3.0-or-later
   Long_Description: Der Code meines 4X-Rundenstrategiespiels. Geschrieben in Ada 2022 unter Verwendung der Ada Standardbibliothek, der ASFML 2.5.4, der CSFML 2.5.1 und der SFML 2.5.1. Nur unter Linux intensiv getestet, sollte aber auch unter anderen Betriebssystemen problemlos funktionieren.

The Code of my 4X turn-based strategy game. Written in Ada 2022 using the Ada standard library, the ASFML 2.5.4, the CSFML 2.5.1 and the SFML 2.5.1. Only intensively tested under Linux, but should also work without problems under other operating systems.

   Maintainer: Stefan Hild <krapfen@totalplanlos.de>
   Maintainers_Logins: HonkiTonk
   Name: honki_tonks_zivilisationen
   Tag: game
   Tag: sfml
   Tag: 4x
   Tag: roundbased
   Tag: strategy
   Tag: cross-platform
   Tag: multimedia
   Tag: 2d
   Version: 0.05.5305
   Website: https://github.com/HonkiTonk/Honki-Tonks-Zivilisationen
Dependencies (direct):
   asfml^2.5.3
   gnat>=12.0.0
Dependencies (solution):
   asfml=2.5.4
   libcsfml=2.5.0
Dependencies (external):
   gnat>=12.0.0 (direct,hinted)
Dependencies (graph):
   asfml=2.5.4                         --> libcsfml=2.5.0 (^2.5)
   honki_tonks_zivilisationen=0.5.5305 --> asfml=2.5.4 (^2.5.3) 
   honki_tonks_zivilisationen=0.5.5305 --> gnat>=12.0.0         
Dependencies cannot be met


LOG:
