Test ran at 2025-02-04 22:44:11.325712+00:00

SOLUTION:
orka=1.0.0: OpenGL 4.6 rendering kernel written in Ada 2012
Origin: commit b455160b0b24a89af4ae6423b186dc826915d487 from https://github.com/onox/orka.git
Available when: (case OS is Linux => True, Windows => True, others => False)
Properties:
   Author: onox
   Build Switches: 
   Description: OpenGL 4.6 rendering kernel written in Ada 2012
   License: Apache-2.0
   Maintainer: onox <denkpadje@gmail.com>
   Maintainers_Logins: onox
   Name: orka
   case OS is
      when Linux => (Project_File: orka.gpr and Project_File: orka-egl.gpr)
      when Windows => Project_File: orka.gpr
   Tag: azdo
   Tag: egl
   Tag: opengl
   Tag: orka
   Tag: rendering
   Tag: graphics
   Tag: game
   Tag: engine
   Tag: ktx
   Tag: gltf
   Version: 1.0.0
   Website: https://github.com/onox/orka
Dependencies (direct):
   orka_egl~1.0.0
   orka_opengl~1.0.0
   orka_simd~1.0.0
   orka_transforms~1.0.0
   orka_types~1.0.0
Dependencies (solution):
   orka_simd=1.0.0
   orka_transforms=1.0.0
   orka_types=1.0.0
Dependencies (missing):
   orka_egl~1.0.0 (direct,missed:unavailable)
   orka_opengl~1.0.0 (direct,missed:unavailable)
Dependencies (graph):
   orka=1.0.0            --> orka_egl~1.0.0
   orka=1.0.0            --> orka_opengl~1.0.0
   orka=1.0.0            --> orka_simd=1.0.0 (~1.0.0)
   orka=1.0.0            --> orka_transforms=1.0.0 (~1.0.0)
   orka=1.0.0            --> orka_types=1.0.0 (~1.0.0)
   orka_simd=1.0.0       --> orka_types=1.0.0 (~1.0.0)
   orka_transforms=1.0.0 --> orka_simd=1.0.0 (~1.0.0)
   orka_transforms=1.0.0 --> orka_types=1.0.0 (~1.0.0)
Dependencies cannot be met


LOG:
Failed to locate log
