Test ran at 2024-06-30 12:38:55.310245+00:00

SOLUTION:
hello=1.0.2: 'Hello, world!' demonstration project
Origin: commit 5715870bf1637ac06c87a3db580d4efdfd5daeed from https://github.com/alire-project/hello.git
Properties:
   Author: Alejandro R. Mosteo
   Description: 'Hello, world!' demonstration project
   Executable: hello
   License: MIT
   Maintainer: Alejandro R. Mosteo <alejandro@mosteo.com>
   Maintainers_Logins: mosteo
   Name: hello
   Tag: hello
   Tag: demo
   Version: 1.0.2
   Website: https://github.com/alire-project/hello
Dependencies (direct):
   libhello^1.0
Dependencies (solution):
   libhello=1.0.1
Dependencies (graph):
   hello=1.0.2 --> libhello=1.0.1 (^1.0)


LOG:
Note: Deploying hello=1.0.2...
Note: Deploying libhello=1.0.1...
Note: Building hello/hello.gpr...
Setup
   [mkdir]        object directory for project Libhello
   [mkdir]        library directory for project Libhello
   [mkdir]        object directory for project Hello
   [mkdir]        exec directory for project Hello
Compile
   [Ada]          hello.adb
   [Ada]          libhello_config.ads
   [Ada]          libhello.adb
Build Libraries
   [gprlib]       Libhello.lexch
   [archive]      libLibhello.a
   [index]        libLibhello.a
Bind
   [gprbind]      hello.bexch
   [Ada]          hello.ali
Link
   [link]         hello.adb
-macosx_version_min has been renamed to -macos_version_min
ld: warning: ignoring duplicate libraries: '-lSystem'
0  0x10266ff43  __assert_rtn + 64
1  0x102571f43  ld::AtomPlacement::findAtom(unsigned char, unsigned long long, ld::AtomPlacement::AtomLoc const*&, long long&) const + 1411
2  0x10258e431  ld::InputFiles::SliceParser::parseObjectFile(mach_o::Header const*) const + 19745
3  0x10259ee44  ld::InputFiles::parseAllFiles(void (ld::AtomFile const*) block_pointer)::$_7::operator()(unsigned long, ld::FileInfo const&) const + 1380
4  0x7ff81523adef  _dispatch_client_callout2 + 8
5  0x7ff81524c547  _dispatch_apply_invoke3 + 431
6  0x7ff81523adbc  _dispatch_client_callout + 8
7  0x7ff81523c04e  _dispatch_once_callout + 20
8  0x7ff81524b740  _dispatch_apply_invoke + 184
9  0x7ff81523adbc  _dispatch_client_callout + 8
10  0x7ff81524a2ca  _dispatch_root_queue_drain + 871
11  0x7ff81524a84f  _dispatch_worker_thread2 + 152
12  0x7ff8153d8b43  _pthread_wqthread + 262
ld: Assertion failed: (resultIndex < sectData.atoms.size()), function findAtom, file Relocations.cpp, line 1336.
collect2: error: ld returned 1 exit status
gprbuild: link of hello.adb failed
gprbuild: failed command was: /users/runner/.config/alire/cache/dependencies/gnat_native_10.3.2_e112fd3f/bin/gcc hello.o b__hello.o /Users/runner/work/alire-crates-ci/alire-crates-ci/test/35b278fc-e691-4f02-9e03-46d6465a2fd4/hello_1.0.2_5715870b/alire/cache/dependencies/libhello_1.0.1_3c15bc7f/lib/libLibhello.a -L/Users/runner/work/alire-crates-ci/alire-crates-ci/test/35b278fc-e691-4f02-9e03-46d6465a2fd4/hello_1.0.2_5715870b/obj/development/ -L/Users/runner/work/alire-crates-ci/alire-crates-ci/test/35b278fc-e691-4f02-9e03-46d6465a2fd4/hello_1.0.2_5715870b/obj/development/ -L/Users/runner/work/alire-crates-ci/alire-crates-ci/test/35b278fc-e691-4f02-9e03-46d6465a2fd4/hello_1.0.2_5715870b/alire/cache/dependencies/libhello_1.0.1_3c15bc7f/lib/ -L/users/runner/.config/alire/cache/dependencies/gnat_native_10.3.2_e112fd3f/lib/gcc/x86_64-apple-darwin19.6.0/10.3.0/adalib/ /users/runner/.config/alire/cache/dependencies/gnat_native_10.3.2_e112fd3f/lib/gcc/x86_64-apple-darwin19.6.0/10.3.0/adalib/libgnat.a -Wl,-rpath,@executable_path/..//obj/development -Wl,-rpath,@executable_path/..//alire/cache/dependencies/libhello_1.0.1_3c15bc7f/lib -Wl,-rpath,@executable_path/../../../../../../..//.config/alire/cache/dependencies/gnat_native_10.3.2_e112fd3f/lib/gcc/x86_64-apple-darwin19.6.0/10.3.0/adalib -o /Users/runner/work/alire-crates-ci/alire-crates-ci/test/35b278fc-e691-4f02-9e03-46d6465a2fd4/hello_1.0.2_5715870b/bin//hello
stderr: Command ["gprbuild", "-s", "-j0", "-p", "-P", "/Users/runner/work/alire-crates-ci/alire-crates-ci/test/35b278fc-e691-4f02-9e03-46d6465a2fd4/hello_1.0.2_5715870b/hello.gpr"] exited with code 4
ERROR: Command ["gprbuild", "-s", "-j0", "-p", "-P", "/Users/runner/work/alire-crates-ci/alire-crates-ci/test/35b278fc-e691-4f02-9e03-46d6465a2fd4/hello_1.0.2_5715870b/hello.gpr"] exited with code 4
stderr: ALIRE.CHECKED_ERROR
stderr: Command ["gprbuild", "-s", "-j0", "-p", "-P", "/Users/runner/work/alire-crates-ci/alire-crates-ci/test/35b278fc-e691-4f02-9e03-46d6465a2fd4/hello_1.0.2_5715870b/hello.gpr"] exited with code 4
stderr: raised ALIRE.CHECKED_ERROR : alire-stored-error:1
Load address: 0x1021be000
Call stack traceback locations:
0x102ac6415 0x102799e83 0x1029acdf9 0x1029ad581 0x10290dac3 0x10290bf99 0x102928873 0x102974dc1 0x10297381a 0x1029289b8 0x10290c349 0x10221d9c1 0x10222e578 0x10223301c 0x1022b905c 0x1022c43b8 0x1021bf605 0x1021c2914


Warning: hello=1.0.2 successfully retrieved but its build failed.
Dependencies were solved as follows:

   + libhello 1.0.1 (new)
ERROR: Build ended with errors
