Test ran at 2022-09-24 13:05:36.707397+00:00

SOLUTION:
endianness=1.0.0: Convenience subprograms to convert between Big- and Little-endianness
Origin: commit 0fdb81cde626f68c726eaac5c1211a65e6a06a33 from https://github.com/AntonMeep/endianness.git
Properties:
   Author: Anton Fediushin
   Description: Convenience subprograms to convert between Big- and Little-endianness
   License: ISC
   Maintainer: Anton Fediushin <imantonmeep@gmail.com>
   Maintainers_Logins: AntonMeep
   Name: endianness
   Tag: spark
   Tag: endianness
   Tag: system
   Version: 1.0.0
   Website: https://github.com/AntonMeep/endianness
warning: Index 'community' version (1.2.0) is older than the newest supported by alr (1.2.1)
warning: You can disable this warning with configuration key 'warning.old_index'
Note: If you experience any problems loading this index, you may need to reset the community index with 'alr index --reset-community'. Note that this operation will delete any local changes to the community index.


LOG:
warning: Index 'community' version (1.2.0) is older than the newest supported by alr (1.2.1)
warning: You can disable this warning with configuration key 'warning.old_index'
Note: If you experience any problems loading this index, you may need to reset the community index with 'alr index --reset-community'. Note that this operation will delete any local changes to the community index.
Note: Deploying endianness=1.0.0...
Note: Building endianness/endianness.gpr...
Setup
   [mkdir]        object directory for project Endianness
   [mkdir]        library directory for project Endianness
Compile
   [Ada]          endianness-standard.ads
   [Ada]          endianness.adb
   [Ada]          endianness-interfaces.ads
Build Libraries
   [gprlib]       endianness.lexch
   [archive]      libendianness.a
   [index]        libendianness.a
Build finished successfully in 0.50 seconds.

endianness=1.0.0 successfully retrieved and built.
There are no dependencies.
Found declared GPR file: endianness.gpr
